12:25:02 __main__ INFO: Volume filter: fetching all tickers in one call...
12:25:04 __main__ INFO: Volume filter: 99/447 pairs pass $2M threshold
/root/.openclaw/workspace/projects/crypto-liquidity-hunter/main.py:292: DeprecationWarning: datetime.datetime.utcnow() is deprecated and scheduled for removal in a future version. Use timezone-aware objects to represent datetimes in UTC: datetime.datetime.now(datetime.UTC).
  scan_start = datetime.utcnow()   # for duration tracking
12:25:05 core.binance_connector INFO: BinanceConnector: connected [LIVE FUTURES MAINNET]
12:25:05 __main__ INFO: Auto-executor: account 'Liquiddbot1' mode=live exec=auto
12:25:07 core.sweep_detector INFO: SweepDetector v2: 0 raw â†’ 0 confirmed (volâ‰Ą2.5Ă— bodyâ‰Ą30%)
12:25:07 core.sweep_detector INFO: OrderBlocks: 10 detected, 5 unmitigated
12:25:07 core.sweep_detector INFO: FVGs: 12 detected, 7 unfilled
12:25:09 core.sweep_detector INFO: SweepDetector v2: 2 raw â†’ 2 confirmed (volâ‰Ą2.5Ă— bodyâ‰Ą30%)
12:25:09 core.sweep_detector INFO: OrderBlocks: 4 detected, 1 unmitigated
12:25:09 core.sweep_detector INFO: FVGs: 10 detected, 2 unfilled
12:25:10 core.sweep_detector INFO: SweepDetector v2: 2 raw â†’ 2 confirmed (volâ‰Ą2.5Ă— bodyâ‰Ą30%)
12:25:10 core.sweep_detector INFO: OrderBlocks: 3 detected, 1 unmitigated
12:25:10 core.sweep_detector INFO: FVGs: 7 detected, 3 unfilled
12:25:12 core.sweep_detector INFO: SweepDetector v2: 1 raw â†’ 1 confirmed (volâ‰Ą2.5Ă— bodyâ‰Ą30%)
12:25:12 core.sweep_detector INFO: OrderBlocks: 8 detected, 2 unmitigated
12:25:12 core.sweep_detector INFO: FVGs: 11 detected, 5 unfilled
12:25:14 core.sweep_detector INFO: SweepDetector v2: 2 raw â†’ 1 confirmed (volâ‰Ą2.5Ă— bodyâ‰Ą30%)
12:25:14 core.sweep_detector INFO: OrderBlocks: 4 detected, 1 unmitigated
12:25:14 core.sweep_detector INFO: FVGs: 6 detected, 2 unfilled
12:25:15 core.sweep_detector INFO: SweepDetector v2: 2 raw â†’ 2 confirmed (volâ‰Ą2.5Ă— bodyâ‰Ą30%)
12:25:15 core.sweep_detector INFO: OrderBlocks: 5 detected, 3 unmitigated
12:25:15 core.sweep_detector INFO: FVGs: 8 detected, 5 unfilled
12:25:17 core.sweep_detector INFO: SweepDetector v2: 3 raw â†’ 2 confirmed (volâ‰Ą2.5Ă— bodyâ‰Ą30%)
12:25:17 core.sweep_detector INFO: OrderBlocks: 7 detected, 0 unmitigated
12:25:17 core.sweep_detector INFO: FVGs: 10 detected, 0 unfilled
12:25:19 core.sweep_detector INFO: SweepDetector v2: 1 raw â†’ 0 confirmed (volâ‰Ą2.5Ă— bodyâ‰Ą30%)
12:25:19 core.sweep_detector INFO: OrderBlocks: 3 detected, 1 unmitigated
12:25:19 core.sweep_detector INFO: FVGs: 10 detected, 2 unfilled
12:25:20 core.sweep_detector INFO: SweepDetector v2: 0 raw â†’ 0 confirmed (volâ‰Ą2.5Ă— bodyâ‰Ą30%)
12:25:20 core.sweep_detector INFO: OrderBlocks: 2 detected, 1 unmitigated
12:25:20 core.sweep_detector INFO: FVGs: 14 detected, 3 unfilled
12:25:22 core.sweep_detector INFO: SweepDetector v2: 2 raw â†’ 1 confirmed (volâ‰Ą2.5Ă— bodyâ‰Ą30%)
12:25:22 core.sweep_detector INFO: OrderBlocks: 7 detected, 3 unmitigated
12:25:22 core.sweep_detector INFO: FVGs: 8 detected, 3 unfilled
12:25:23 core.sweep_detector INFO: SweepDetector v2: 1 raw â†’ 1 confirmed (volâ‰Ą2.5Ă— bodyâ‰Ą30%)
12:25:23 core.sweep_detector INFO: OrderBlocks: 3 detected, 1 unmitigated
12:25:23 core.sweep_detector INFO: FVGs: 9 detected, 1 unfilled
12:25:25 core.sweep_detector INFO: SweepDetector v2: 1 raw â†’ 1 confirmed (volâ‰Ą2.5Ă— bodyâ‰Ą30%)
12:25:25 core.sweep_detector INFO: OrderBlocks: 3 detected, 2 unmitigated
12:25:25 core.sweep_detector INFO: FVGs: 6 detected, 1 unfilled
12:25:27 core.sweep_detector INFO: SweepDetector v2: 2 raw â†’ 1 confirmed (volâ‰Ą2.5Ă— bodyâ‰Ą30%)
12:25:27 core.sweep_detector INFO: OrderBlocks: 5 detected, 3 unmitigated
12:25:27 core.sweep_detector INFO: FVGs: 11 detected, 5 unfilled
12:25:28 core.sweep_detector INFO: SweepDetector v2: 1 raw â†’ 1 confirmed (volâ‰Ą2.5Ă— bodyâ‰Ą30%)
12:25:28 core.sweep_detector INFO: OrderBlocks: 5 detected, 1 unmitigated
12:25:28 core.sweep_detector INFO: FVGs: 11 detected, 4 unfilled
12:25:30 core.sweep_detector INFO: SweepDetector v2: 3 raw â†’ 3 confirmed (volâ‰Ą2.5Ă— bodyâ‰Ą30%)
12:25:30 core.sweep_detector INFO: OrderBlocks: 1 detected, 0 unmitigated
12:25:30 core.sweep_detector INFO: FVGs: 11 detected, 6 unfilled
12:25:32 core.sweep_detector INFO: SweepDetector v2: 5 raw â†’ 5 confirmed (volâ‰Ą2.5Ă— bodyâ‰Ą30%)
12:25:32 core.sweep_detector INFO: OrderBlocks: 1 detected, 0 unmitigated
12:25:32 core.sweep_detector INFO: FVGs: 3 detected, 1 unfilled
12:25:33 core.sweep_detector INFO: SweepDetector v2: 2 raw â†’ 2 confirmed (volâ‰Ą2.5Ă— bodyâ‰Ą30%)
12:25:33 core.sweep_detector INFO: OrderBlocks: 5 detected, 1 unmitigated
12:25:33 core.sweep_detector INFO: FVGs: 2 detected, 1 unfilled
12:25:35 core.sweep_detector INFO: SweepDetector v2: 1 raw â†’ 1 confirmed (volâ‰Ą2.5Ă— bodyâ‰Ą30%)
12:25:35 core.sweep_detector INFO: OrderBlocks: 2 detected, 0 unmitigated
12:25:35 core.sweep_detector INFO: FVGs: 4 detected, 1 unfilled
12:25:37 core.sweep_detector INFO: SweepDetector v2: 2 raw â†’ 1 confirmed (volâ‰Ą2.5Ă— bodyâ‰Ą30%)
12:25:37 core.sweep_detector INFO: OrderBlocks: 7 detected, 3 unmitigated
12:25:37 core.sweep_detector INFO: FVGs: 9 detected, 4 unfilled
12:25:39 core.sweep_detector INFO: SweepDetector v2: 1 raw â†’ 0 confirmed (volâ‰Ą2.5Ă— bodyâ‰Ą30%)
12:25:39 core.sweep_detector INFO: OrderBlocks: 4 detected, 1 unmitigated
12:25:39 core.sweep_detector INFO: FVGs: 2 detected, 0 unfilled
12:25:40 core.sweep_detector INFO: SweepDetector v2: 2 raw â†’ 2 confirmed (volâ‰Ą2.5Ă— bodyâ‰Ą30%)
12:25:40 core.sweep_detector INFO: OrderBlocks: 5 detected, 2 unmitigated
12:25:40 core.sweep_detector INFO: FVGs: 11 detected, 4 unfilled
12:25:42 core.sweep_detector INFO: SweepDetector v2: 2 raw â†’ 2 confirmed (volâ‰Ą2.5Ă— bodyâ‰Ą30%)
12:25:42 core.sweep_detector INFO: OrderBlocks: 4 detected, 2 unmitigated
12:25:42 core.sweep_detector INFO: FVGs: 14 detected, 7 unfilled
12:25:43 core.sweep_detector INFO: SweepDetector v2: 1 raw â†’ 1 confirmed (volâ‰Ą2.5Ă— bodyâ‰Ą30%)
12:25:43 core.sweep_detector INFO: OrderBlocks: 5 detected, 2 unmitigated
12:25:43 core.sweep_detector INFO: FVGs: 9 detected, 4 unfilled
12:25:45 core.sweep_detector INFO: SweepDetector v2: 2 raw â†’ 2 confirmed (volâ‰Ą2.5Ă— bodyâ‰Ą30%)
12:25:45 core.sweep_detector INFO: OrderBlocks: 3 detected, 3 unmitigated
12:25:45 core.sweep_detector INFO: FVGs: 9 detected, 4 unfilled
12:25:47 core.sweep_detector INFO: SweepDetector v2: 2 raw â†’ 2 confirmed (volâ‰Ą2.5Ă— bodyâ‰Ą30%)
12:25:47 core.sweep_detector INFO: OrderBlocks: 6 detected, 0 unmitigated
12:25:47 core.sweep_detector INFO: FVGs: 4 detected, 0 unfilled
12:25:48 core.sweep_detector INFO: SweepDetector v2: 1 raw â†’ 1 confirmed (volâ‰Ą2.5Ă— bodyâ‰Ą30%)
12:25:48 core.sweep_detector INFO: OrderBlocks: 4 detected, 0 unmitigated
12:25:48 core.sweep_detector INFO: FVGs: 11 detected, 1 unfilled
12:25:50 core.sweep_detector INFO: SweepDetector v2: 1 raw â†’ 0 confirmed (volâ‰Ą2.5Ă— bodyâ‰Ą30%)
12:25:50 core.sweep_detector INFO: OrderBlocks: 2 detected, 0 unmitigated
12:25:50 core.sweep_detector INFO: FVGs: 7 detected, 0 unfilled
12:25:52 core.sweep_detector INFO: SweepDetector v2: 1 raw â†’ 1 confirmed (volâ‰Ą2.5Ă— bodyâ‰Ą30%)
12:25:52 core.sweep_detector INFO: OrderBlocks: 4 detected, 0 unmitigated
12:25:52 core.sweep_detector INFO: FVGs: 8 detected, 3 unfilled
12:25:54 core.sweep_detector INFO: SweepDetector v2: 0 raw â†’ 0 confirmed (volâ‰Ą2.5Ă— bodyâ‰Ą30%)
12:25:54 core.sweep_detector INFO: OrderBlocks: 3 detected, 3 unmitigated
12:25:54 core.sweep_detector INFO: FVGs: 7 detected, 4 unfilled
12:25:55 core.sweep_detector INFO: SweepDetector v2: 0 raw â†’ 0 confirmed (volâ‰Ą2.5Ă— bodyâ‰Ą30%)
12:25:55 core.sweep_detector INFO: OrderBlocks: 9 detected, 6 unmitigated
12:25:55 core.sweep_detector INFO: FVGs: 9 detected, 4 unfilled
12:25:57 core.sweep_detector INFO: SweepDetector v2: 4 raw â†’ 4 confirmed (volâ‰Ą2.5Ă— bodyâ‰Ą30%)
12:25:57 core.sweep_detector INFO: OrderBlocks: 2 detected, 2 unmitigated
12:25:57 core.sweep_detector INFO: FVGs: 12 detected, 3 unfilled
12:25:59 core.sweep_detector INFO: SweepDetector v2: 1 raw â†’ 1 confirmed (volâ‰Ą2.5Ă— bodyâ‰Ą30%)
12:25:59 core.sweep_detector INFO: OrderBlocks: 7 detected, 1 unmitigated
12:25:59 core.sweep_detector INFO: FVGs: 11 detected, 0 unfilled
12:26:00 core.sweep_detector INFO: SweepDetector v2: 2 raw â†’ 1 confirmed (volâ‰Ą2.5Ă— bodyâ‰Ą30%)
12:26:00 core.sweep_detector INFO: OrderBlocks: 8 detected, 4 unmitigated
12:26:00 core.sweep_detector INFO: FVGs: 10 detected, 4 unfilled
12:26:02 core.sweep_detector INFO: SweepDetector v2: 0 raw â†’ 0 confirmed (volâ‰Ą2.5Ă— bodyâ‰Ą30%)
12:26:02 core.sweep_detector INFO: OrderBlocks: 3 detected, 1 unmitigated
12:26:02 core.sweep_detector INFO: FVGs: 6 detected, 1 unfilled
12:26:04 core.sweep_detector INFO: SweepDetector v2: 3 raw â†’ 3 confirmed (volâ‰Ą2.5Ă— bodyâ‰Ą30%)
12:26:04 core.sweep_detector INFO: OrderBlocks: 1 detected, 1 unmitigated
12:26:04 core.sweep_detector INFO: FVGs: 5 detected, 2 unfilled
12:26:05 core.sweep_detector INFO: SweepDetector v2: 2 raw â†’ 2 confirmed (volâ‰Ą2.5Ă— bodyâ‰Ą30%)
12:26:05 core.sweep_detector INFO: OrderBlocks: 4 detected, 1 unmitigated
12:26:05 core.sweep_detector INFO: FVGs: 4 detected, 1 unfilled
12:26:07 core.sweep_detector INFO: SweepDetector v2: 0 raw â†’ 0 confirmed (volâ‰Ą2.5Ă— bodyâ‰Ą30%)
12:26:07 core.sweep_detector INFO: OrderBlocks: 0 detected, 0 unmitigated
12:26:07 core.sweep_detector INFO: FVGs: 0 detected, 0 unfilled
12:26:09 core.sweep_detector INFO: SweepDetector v2: 0 raw â†’ 0 confirmed (volâ‰Ą2.5Ă— bodyâ‰Ą30%)
12:26:09 core.sweep_detector INFO: OrderBlocks: 0 detected, 0 unmitigated
12:26:09 core.sweep_detector INFO: FVGs: 0 detected, 0 unfilled
12:26:10 core.sweep_detector INFO: SweepDetector v2: 0 raw â†’ 0 confirmed (volâ‰Ą2.5Ă— bodyâ‰Ą30%)
12:26:10 core.sweep_detector INFO: OrderBlocks: 0 detected, 0 unmitigated
12:26:10 core.sweep_detector INFO: FVGs: 0 detected, 0 unfilled
12:26:12 core.sweep_detector INFO: SweepDetector v2: 1 raw â†’ 1 confirmed (volâ‰Ą2.5Ă— bodyâ‰Ą30%)
12:26:12 core.sweep_detector INFO: OrderBlocks: 8 detected, 6 unmitigated
12:26:12 core.sweep_detector INFO: FVGs: 10 detected, 5 unfilled
12:26:14 core.sweep_detector INFO: SweepDetector v2: 1 raw â†’ 1 confirmed (volâ‰Ą2.5Ă— bodyâ‰Ą30%)
12:26:14 core.sweep_detector INFO: OrderBlocks: 5 detected, 1 unmitigated
12:26:14 core.sweep_detector INFO: FVGs: 5 detected, 1 unfilled
12:26:16 core.sweep_detector INFO: SweepDetector v2: 1 raw â†’ 1 confirmed (volâ‰Ą2.5Ă— bodyâ‰Ą30%)
12:26:16 core.sweep_detector INFO: OrderBlocks: 3 detected, 1 unmitigated
12:26:16 core.sweep_detector INFO: FVGs: 5 detected, 3 unfilled
12:26:18 core.sweep_detector INFO: SweepDetector v2: 1 raw â†’ 1 confirmed (volâ‰Ą2.5Ă— bodyâ‰Ą30%)
12:26:18 core.sweep_detector INFO: OrderBlocks: 7 detected, 2 unmitigated
12:26:18 core.sweep_detector INFO: FVGs: 7 detected, 3 unfilled
12:26:19 core.sweep_detector INFO: SweepDetector v2: 1 raw â†’ 1 confirmed (volâ‰Ą2.5Ă— bodyâ‰Ą30%)
12:26:19 core.sweep_detector INFO: OrderBlocks: 2 detected, 1 unmitigated
12:26:19 core.sweep_detector INFO: FVGs: 10 detected, 2 unfilled
12:26:21 core.sweep_detector INFO: SweepDetector v2: 1 raw â†’ 1 confirmed (volâ‰Ą2.5Ă— bodyâ‰Ą30%)
12:26:21 core.sweep_detector INFO: OrderBlocks: 3 detected, 0 unmitigated
12:26:21 core.sweep_detector INFO: FVGs: 8 detected, 4 unfilled
12:26:23 core.sweep_detector INFO: SweepDetector v2: 0 raw â†’ 0 confirmed (volâ‰Ą2.5Ă— bodyâ‰Ą30%)
12:26:23 core.sweep_detector INFO: OrderBlocks: 6 detected, 4 unmitigated
12:26:23 core.sweep_detector INFO: FVGs: 7 detected, 3 unfilled
12:26:25 core.sweep_detector INFO: SweepDetector v2: 2 raw â†’ 1 confirmed (volâ‰Ą2.5Ă— bodyâ‰Ą30%)
12:26:25 core.sweep_detector INFO: OrderBlocks: 2 detected, 0 unmitigated
12:26:25 core.sweep_detector INFO: FVGs: 10 detected, 2 unfilled
12:26:26 core.sweep_detector INFO: SweepDetector v2: 1 raw â†’ 1 confirmed (volâ‰Ą2.5Ă— bodyâ‰Ą30%)
12:26:26 core.sweep_detector INFO: OrderBlocks: 3 detected, 1 unmitigated
12:26:26 core.sweep_detector INFO: FVGs: 4 detected, 2 unfilled
12:26:28 core.sweep_detector INFO: SweepDetector v2: 7 raw â†’ 5 confirmed (volâ‰Ą2.5Ă— bodyâ‰Ą30%)
12:26:28 core.sweep_detector INFO: OrderBlocks: 4 detected, 2 unmitigated
12:26:28 core.sweep_detector INFO: FVGs: 10 detected, 4 unfilled
12:26:30 core.sweep_detector INFO: SweepDetector v2: 4 raw â†’ 2 confirmed (volâ‰Ą2.5Ă— bodyâ‰Ą30%)
12:26:30 core.sweep_detector INFO: OrderBlocks: 5 detected, 2 unmitigated
12:26:30 core.sweep_detector INFO: FVGs: 9 detected, 2 unfilled
12:26:31 core.sweep_detector INFO: SweepDetector v2: 0 raw â†’ 0 confirmed (volâ‰Ą2.5Ă— bodyâ‰Ą30%)
12:26:31 core.sweep_detector INFO: OrderBlocks: 4 detected, 2 unmitigated
12:26:31 core.sweep_detector INFO: FVGs: 8 detected, 3 unfilled
12:26:33 core.sweep_detector INFO: SweepDetector v2: 1 raw â†’ 1 confirmed (volâ‰Ą2.5Ă— bodyâ‰Ą30%)
12:26:33 core.sweep_detector INFO: OrderBlocks: 8 detected, 3 unmitigated
12:26:33 core.sweep_detector INFO: FVGs: 12 detected, 3 unfilled
12:26:35 core.sweep_detector INFO: SweepDetector v2: 2 raw â†’ 1 confirmed (volâ‰Ą2.5Ă— bodyâ‰Ą30%)
12:26:35 core.sweep_detector INFO: OrderBlocks: 7 detected, 0 unmitigated
12:26:35 core.sweep_detector INFO: FVGs: 7 detected, 3 unfilled
12:26:37 core.sweep_detector INFO: SweepDetector v2: 2 raw â†’ 2 confirmed (volâ‰Ą2.5Ă— bodyâ‰Ą30%)
12:26:37 core.sweep_detector INFO: OrderBlocks: 4 detected, 3 unmitigated
12:26:37 core.sweep_detector INFO: FVGs: 4 detected, 3 unfilled
12:26:39 core.sweep_detector INFO: SweepDetector v2: 0 raw â†’ 0 confirmed (volâ‰Ą2.5Ă— bodyâ‰Ą30%)
12:26:39 core.sweep_detector INFO: OrderBlocks: 6 detected, 3 unmitigated
12:26:39 core.sweep_detector INFO: FVGs: 5 detected, 4 unfilled
12:26:40 core.sweep_detector INFO: SweepDetector v2: 1 raw â†’ 1 confirmed (volâ‰Ą2.5Ă— bodyâ‰Ą30%)
12:26:40 core.sweep_detector INFO: OrderBlocks: 6 detected, 2 unmitigated
12:26:40 core.sweep_detector INFO: FVGs: 3 detected, 3 unfilled
12:26:42 core.sweep_detector INFO: SweepDetector v2: 1 raw â†’ 0 confirmed (volâ‰Ą2.5Ă— bodyâ‰Ą30%)
12:26:42 core.sweep_detector INFO: OrderBlocks: 7 detected, 2 unmitigated
12:26:42 core.sweep_detector INFO: FVGs: 8 detected, 4 unfilled
12:26:43 core.sweep_detector INFO: SweepDetector v2: 1 raw â†’ 0 confirmed (volâ‰Ą2.5Ă— bodyâ‰Ą30%)
12:26:44 core.sweep_detector INFO: OrderBlocks: 2 detected, 2 unmitigated
12:26:44 core.sweep_detector INFO: FVGs: 7 detected, 6 unfilled
12:26:46 core.sweep_detector INFO: SweepDetector v2: 1 raw â†’ 0 confirmed (volâ‰Ą2.5Ă— bodyâ‰Ą30%)
12:26:46 core.sweep_detector INFO: OrderBlocks: 6 detected, 3 unmitigated
12:26:46 core.sweep_detector INFO: FVGs: 6 detected, 4 unfilled
12:26:47 core.sweep_detector INFO: SweepDetector v2: 2 raw â†’ 1 confirmed (volâ‰Ą2.5Ă— bodyâ‰Ą30%)
12:26:47 core.sweep_detector INFO: OrderBlocks: 12 detected, 2 unmitigated
12:26:47 core.sweep_detector INFO: FVGs: 8 detected, 1 unfilled
12:26:49 core.sweep_detector INFO: SweepDetector v2: 0 raw â†’ 0 confirmed (volâ‰Ą2.5Ă— bodyâ‰Ą30%)
12:26:49 core.sweep_detector INFO: OrderBlocks: 6 detected, 2 unmitigated
12:26:49 core.sweep_detector INFO: FVGs: 11 detected, 7 unfilled
12:26:51 core.sweep_detector INFO: SweepDetector v2: 3 raw â†’ 2 confirmed (volâ‰Ą2.5Ă— bodyâ‰Ą30%)
12:26:51 core.sweep_detector INFO: OrderBlocks: 6 detected, 1 unmitigated
12:26:51 core.sweep_detector INFO: FVGs: 14 detected, 5 unfilled
12:26:53 core.sweep_detector INFO: SweepDetector v2: 0 raw â†’ 0 confirmed (volâ‰Ą2.5Ă— bodyâ‰Ą30%)
12:26:53 core.sweep_detector INFO: OrderBlocks: 5 detected, 2 unmitigated
12:26:53 core.sweep_detector INFO: FVGs: 7 detected, 3 unfilled
12:26:54 core.sweep_detector INFO: SweepDetector v2: 0 raw â†’ 0 confirmed (volâ‰Ą2.5Ă— bodyâ‰Ą30%)
12:26:54 core.sweep_detector INFO: OrderBlocks: 9 detected, 2 unmitigated
12:26:54 core.sweep_detector INFO: FVGs: 16 detected, 4 unfilled
12:26:57 core.sweep_detector INFO: SweepDetector v2: 3 raw â†’ 2 confirmed (volâ‰Ą2.5Ă— bodyâ‰Ą30%)
12:26:57 core.sweep_detector INFO: OrderBlocks: 3 detected, 1 unmitigated
12:26:57 core.sweep_detector INFO: FVGs: 11 detected, 3 unfilled
12:26:58 core.sweep_detector INFO: SweepDetector v2: 2 raw â†’ 2 confirmed (volâ‰Ą2.5Ă— bodyâ‰Ą30%)
12:26:58 core.sweep_detector INFO: OrderBlocks: 3 detected, 2 unmitigated
12:26:58 core.sweep_detector INFO: FVGs: 6 detected, 5 unfilled
12:27:00 core.sweep_detector INFO: SweepDetector v2: 4 raw â†’ 2 confirmed (volâ‰Ą2.5Ă— bodyâ‰Ą30%)
12:27:00 core.sweep_detector INFO: OrderBlocks: 5 detected, 2 unmitigated
12:27:00 core.sweep_detector INFO: FVGs: 10 detected, 3 unfilled
12:27:02 core.sweep_detector INFO: SweepDetector v2: 5 raw â†’ 4 confirmed (volâ‰Ą2.5Ă— bodyâ‰Ą30%)
12:27:02 core.sweep_detector INFO: OrderBlocks: 6 detected, 2 unmitigated
12:27:02 core.sweep_detector INFO: FVGs: 12 detected, 5 unfilled
12:27:04 core.sweep_detector INFO: SweepDetector v2: 3 raw â†’ 2 confirmed (volâ‰Ą2.5Ă— bodyâ‰Ą30%)
12:27:04 core.sweep_detector INFO: OrderBlocks: 9 detected, 6 unmitigated
12:27:04 core.sweep_detector INFO: FVGs: 13 detected, 10 unfilled
12:27:06 core.sweep_detector INFO: SweepDetector v2: 3 raw â†’ 2 confirmed (volâ‰Ą2.5Ă— bodyâ‰Ą30%)
12:27:06 core.sweep_detector INFO: OrderBlocks: 5 detected, 2 unmitigated
12:27:06 core.sweep_detector INFO: FVGs: 4 detected, 1 unfilled
12:27:07 core.sweep_detector INFO: SweepDetector v2: 2 raw â†’ 1 confirmed (volâ‰Ą2.5Ă— bodyâ‰Ą30%)
12:27:07 core.sweep_detector INFO: OrderBlocks: 4 detected, 0 unmitigated
12:27:07 core.sweep_detector INFO: FVGs: 9 detected, 2 unfilled
12:27:10 core.sweep_detector INFO: SweepDetector v2: 0 raw â†’ 0 confirmed (volâ‰Ą2.5Ă— bodyâ‰Ą30%)
12:27:10 core.sweep_detector INFO: OrderBlocks: 5 detected, 2 unmitigated
12:27:10 core.sweep_detector INFO: FVGs: 4 detected, 2 unfilled
12:27:12 core.sweep_detector INFO: SweepDetector v2: 1 raw â†’ 1 confirmed (volâ‰Ą2.5Ă— bodyâ‰Ą30%)
12:27:12 core.sweep_detector INFO: OrderBlocks: 8 detected, 1 unmitigated
12:27:12 core.sweep_detector INFO: FVGs: 8 detected, 2 unfilled
12:27:13 core.sweep_detector INFO: SweepDetector v2: 0 raw â†’ 0 confirmed (volâ‰Ą2.5Ă— bodyâ‰Ą30%)
12:27:13 core.sweep_detector INFO: OrderBlocks: 8 detected, 5 unmitigated
12:27:14 core.sweep_detector INFO: FVGs: 9 detected, 3 unfilled
12:27:15 core.sweep_detector INFO: SweepDetector v2: 0 raw â†’ 0 confirmed (volâ‰Ą2.5Ă— bodyâ‰Ą30%)
12:27:15 core.sweep_detector INFO: OrderBlocks: 6 detected, 2 unmitigated
12:27:15 core.sweep_detector INFO: FVGs: 12 detected, 5 unfilled
12:27:17 core.sweep_detector INFO: SweepDetector v2: 0 raw â†’ 0 confirmed (volâ‰Ą2.5Ă— bodyâ‰Ą30%)
12:27:17 core.sweep_detector INFO: OrderBlocks: 8 detected, 3 unmitigated
12:27:17 core.sweep_detector INFO: FVGs: 11 detected, 2 unfilled
12:27:19 core.sweep_detector INFO: SweepDetector v2: 4 raw â†’ 3 confirmed (volâ‰Ą2.5Ă— bodyâ‰Ą30%)
12:27:19 core.sweep_detector INFO: OrderBlocks: 3 detected, 1 unmitigated
12:27:19 core.sweep_detector INFO: FVGs: 11 detected, 1 unfilled
12:27:20 core.sweep_detector INFO: SweepDetector v2: 1 raw â†’ 1 confirmed (volâ‰Ą2.5Ă— bodyâ‰Ą30%)
12:27:20 core.sweep_detector INFO: OrderBlocks: 5 detected, 2 unmitigated
12:27:20 core.sweep_detector INFO: FVGs: 4 detected, 1 unfilled
12:27:22 core.sweep_detector INFO: SweepDetector v2: 1 raw â†’ 0 confirmed (volâ‰Ą2.5Ă— bodyâ‰Ą30%)
12:27:22 core.sweep_detector INFO: OrderBlocks: 4 detected, 1 unmitigated
12:27:22 core.sweep_detector INFO: FVGs: 9 detected, 2 unfilled
12:27:25 core.sweep_detector INFO: SweepDetector v2: 3 raw â†’ 3 confirmed (volâ‰Ą2.5Ă— bodyâ‰Ą30%)
12:27:25 core.sweep_detector INFO: OrderBlocks: 3 detected, 0 unmitigated
12:27:25 core.sweep_detector INFO: FVGs: 7 detected, 1 unfilled
12:27:27 core.sweep_detector INFO: SweepDetector v2: 2 raw â†’ 2 confirmed (volâ‰Ą2.5Ă— bodyâ‰Ą30%)
12:27:27 core.sweep_detector INFO: OrderBlocks: 5 detected, 1 unmitigated
12:27:27 core.sweep_detector INFO: FVGs: 8 detected, 3 unfilled
12:27:29 core.sweep_detector INFO: SweepDetector v2: 2 raw â†’ 2 confirmed (volâ‰Ą2.5Ă— bodyâ‰Ą30%)
12:27:29 core.sweep_detector INFO: OrderBlocks: 9 detected, 3 unmitigated
12:27:29 core.sweep_detector INFO: FVGs: 16 detected, 5 unfilled
12:27:30 core.sweep_detector INFO: SweepDetector v2: 1 raw â†’ 1 confirmed (volâ‰Ą2.5Ă— bodyâ‰Ą30%)
12:27:30 core.sweep_detector INFO: OrderBlocks: 9 detected, 3 unmitigated
12:27:30 core.sweep_detector INFO: FVGs: 10 detected, 4 unfilled
12:27:32 core.sweep_detector INFO: SweepDetector v2: 2 raw â†’ 2 confirmed (volâ‰Ą2.5Ă— bodyâ‰Ą30%)
12:27:32 core.sweep_detector INFO: OrderBlocks: 3 detected, 1 unmitigated
12:27:32 core.sweep_detector INFO: FVGs: 13 detected, 1 unfilled
12:27:34 core.sweep_detector INFO: SweepDetector v2: 1 raw â†’ 1 confirmed (volâ‰Ą2.5Ă— bodyâ‰Ą30%)
12:27:34 core.sweep_detector INFO: OrderBlocks: 5 detected, 3 unmitigated
12:27:34 core.sweep_detector INFO: FVGs: 11 detected, 3 unfilled
12:27:35 core.sweep_detector INFO: SweepDetector v2: 4 raw â†’ 3 confirmed (volâ‰Ą2.5Ă— bodyâ‰Ą30%)
12:27:35 core.sweep_detector INFO: OrderBlocks: 5 detected, 0 unmitigated
12:27:35 core.sweep_detector INFO: FVGs: 7 detected, 3 unfilled
12:27:37 core.sweep_detector INFO: SweepDetector v2: 5 raw â†’ 3 confirmed (volâ‰Ą2.5Ă— bodyâ‰Ą30%)
12:27:37 core.sweep_detector INFO: OrderBlocks: 0 detected, 0 unmitigated
12:27:37 core.sweep_detector INFO: FVGs: 6 detected, 2 unfilled
12:27:39 core.sweep_detector INFO: SweepDetector v2: 2 raw â†’ 1 confirmed (volâ‰Ą2.5Ă— bodyâ‰Ą30%)
12:27:39 core.sweep_detector INFO: OrderBlocks: 5 detected, 0 unmitigated
12:27:39 core.sweep_detector INFO: FVGs: 6 detected, 0 unfilled
12:27:40 core.sweep_detector INFO: SweepDetector v2: 1 raw â†’ 0 confirmed (volâ‰Ą2.5Ă— bodyâ‰Ą30%)
12:27:40 core.sweep_detector INFO: OrderBlocks: 4 detected, 2 unmitigated
12:27:40 core.sweep_detector INFO: FVGs: 9 detected, 0 unfilled
12:27:42 core.sweep_detector INFO: SweepDetector v2: 4 raw â†’ 2 confirmed (volâ‰Ą2.5Ă— bodyâ‰Ą30%)
12:27:42 core.sweep_detector INFO: OrderBlocks: 3 detected, 0 unmitigated
12:27:42 core.sweep_detector INFO: FVGs: 7 detected, 1 unfilled
12:27:44 core.sweep_detector INFO: SweepDetector v2: 2 raw â†’ 1 confirmed (volâ‰Ą2.5Ă— bodyâ‰Ą30%)
12:27:44 core.sweep_detector INFO: OrderBlocks: 5 detected, 1 unmitigated
12:27:44 core.sweep_detector INFO: FVGs: 8 detected, 4 unfilled
12:27:46 core.sweep_detector INFO: SweepDetector v2: 2 raw â†’ 2 confirmed (volâ‰Ą2.5Ă— bodyâ‰Ą30%)
12:27:46 core.sweep_detector INFO: OrderBlocks: 3 detected, 1 unmitigated
12:27:46 core.sweep_detector INFO: FVGs: 13 detected, 4 unfilled
12:27:47 core.sweep_detector INFO: SweepDetector v2: 1 raw â†’ 1 confirmed (volâ‰Ą2.5Ă— bodyâ‰Ą30%)
12:27:47 core.sweep_detector INFO: OrderBlocks: 4 detected, 1 unmitigated
12:27:47 core.sweep_detector INFO: FVGs: 14 detected, 7 unfilled
12:27:49 core.sweep_detector INFO: SweepDetector v2: 2 raw â†’ 1 confirmed (volâ‰Ą2.5Ă— bodyâ‰Ą30%)
12:27:49 core.sweep_detector INFO: OrderBlocks: 6 detected, 2 unmitigated
12:27:49 core.sweep_detector INFO: FVGs: 10 detected, 5 unfilled
12:27:51 core.sweep_detector INFO: SweepDetector v2: 3 raw â†’ 1 confirmed (volâ‰Ą2.5Ă— bodyâ‰Ą30%)
12:27:51 core.sweep_detector INFO: OrderBlocks: 4 detected, 1 unmitigated
12:27:51 core.sweep_detector INFO: FVGs: 11 detected, 3 unfilled
12:27:52 core.sweep_detector INFO: SweepDetector v2: 2 raw â†’ 2 confirmed (volâ‰Ą2.5Ă— bodyâ‰Ą30%)
12:27:52 core.sweep_detector INFO: OrderBlocks: 3 detected, 3 unmitigated
12:27:52 core.sweep_detector INFO: FVGs: 5 detected, 5 unfilled
12:27:54 core.sweep_detector INFO: SweepDetector v2: 0 raw â†’ 0 confirmed (volâ‰Ą2.5Ă— bodyâ‰Ą30%)
12:27:54 core.sweep_detector INFO: OrderBlocks: 2 detected, 2 unmitigated
12:27:54 core.sweep_detector INFO: FVGs: 11 detected, 6 unfilled
12:27:55 core.sweep_detector INFO: SweepDetector v2: 2 raw â†’ 2 confirmed (volâ‰Ą2.5Ă— bodyâ‰Ą30%)
12:27:55 core.sweep_detector INFO: OrderBlocks: 3 detected, 0 unmitigated
12:27:55 core.sweep_detector INFO: FVGs: 3 detected, 1 unfilled
12:27:57 core.sweep_detector INFO: SweepDetector v2: 1 raw â†’ 1 confirmed (volâ‰Ą2.5Ă— bodyâ‰Ą30%)
12:27:57 core.sweep_detector INFO: OrderBlocks: 2 detected, 0 unmitigated
12:27:57 core.sweep_detector INFO: FVGs: 11 detected, 4 unfilled
12:27:59 core.sweep_detector INFO: SweepDetector v2: 0 raw â†’ 0 confirmed (volâ‰Ą2.5Ă— bodyâ‰Ą30%)
12:27:59 core.sweep_detector INFO: OrderBlocks: 5 detected, 1 unmitigated
12:27:59 core.sweep_detector INFO: FVGs: 0 detected, 0 unfilled
12:28:01 core.sweep_detector INFO: SweepDetector v2: 0 raw â†’ 0 confirmed (volâ‰Ą2.5Ă— bodyâ‰Ą30%)
12:28:01 core.sweep_detector INFO: OrderBlocks: 4 detected, 1 unmitigated
12:28:01 core.sweep_detector INFO: FVGs: 1 detected, 1 unfilled
12:28:02 core.sweep_detector INFO: SweepDetector v2: 0 raw â†’ 0 confirmed (volâ‰Ą2.5Ă— bodyâ‰Ą30%)
12:28:02 core.sweep_detector INFO: OrderBlocks: 3 detected, 1 unmitigated
12:28:02 core.sweep_detector INFO: FVGs: 0 detected, 0 unfilled
12:28:04 core.sweep_detector INFO: SweepDetector v2: 0 raw â†’ 0 confirmed (volâ‰Ą2.5Ă— bodyâ‰Ą30%)
12:28:04 core.sweep_detector INFO: OrderBlocks: 0 detected, 0 unmitigated
12:28:04 core.sweep_detector INFO: FVGs: 0 detected, 0 unfilled
12:28:06 core.sweep_detector INFO: SweepDetector v2: 0 raw â†’ 0 confirmed (volâ‰Ą2.5Ă— bodyâ‰Ą30%)
12:28:06 core.sweep_detector INFO: OrderBlocks: 1 detected, 1 unmitigated
12:28:06 core.sweep_detector INFO: FVGs: 0 detected, 0 unfilled
12:28:07 core.sweep_detector INFO: SweepDetector v2: 0 raw â†’ 0 confirmed (volâ‰Ą2.5Ă— bodyâ‰Ą30%)
12:28:07 core.sweep_detector INFO: OrderBlocks: 0 detected, 0 unmitigated
12:28:07 core.sweep_detector INFO: FVGs: 0 detected, 0 unfilled
12:28:09 core.sweep_detector INFO: SweepDetector v2: 0 raw â†’ 0 confirmed (volâ‰Ą2.5Ă— bodyâ‰Ą30%)
12:28:09 core.sweep_detector INFO: OrderBlocks: 6 detected, 2 unmitigated
12:28:09 core.sweep_detector INFO: FVGs: 13 detected, 4 unfilled
12:28:11 core.sweep_detector INFO: SweepDetector v2: 1 raw â†’ 1 confirmed (volâ‰Ą2.5Ă— bodyâ‰Ą30%)
12:28:11 core.sweep_detector INFO: OrderBlocks: 3 detected, 1 unmitigated
12:28:11 core.sweep_detector INFO: FVGs: 11 detected, 3 unfilled
12:28:13 core.sweep_detector INFO: SweepDetector v2: 2 raw â†’ 2 confirmed (volâ‰Ą2.5Ă— bodyâ‰Ą30%)
12:28:13 core.sweep_detector INFO: OrderBlocks: 5 detected, 2 unmitigated
12:28:13 core.sweep_detector INFO: FVGs: 8 detected, 4 unfilled
12:28:14 core.sweep_detector INFO: SweepDetector v2: 0 raw â†’ 0 confirmed (volâ‰Ą2.5Ă— bodyâ‰Ą30%)
12:28:14 core.sweep_detector INFO: OrderBlocks: 8 detected, 4 unmitigated
12:28:14 core.sweep_detector INFO: FVGs: 10 detected, 5 unfilled
12:28:16 core.sweep_detector INFO: SweepDetector v2: 2 raw â†’ 1 confirmed (volâ‰Ą2.5Ă— bodyâ‰Ą30%)
12:28:16 core.sweep_detector INFO: OrderBlocks: 4 detected, 0 unmitigated
12:28:16 core.sweep_detector INFO: FVGs: 11 detected, 3 unfilled
12:28:18 core.sweep_detector INFO: SweepDetector v2: 2 raw â†’ 2 confirmed (volâ‰Ą2.5Ă— bodyâ‰Ą30%)
12:28:18 core.sweep_detector INFO: OrderBlocks: 2 detected, 0 unmitigated
12:28:18 core.sweep_detector INFO: FVGs: 11 detected, 6 unfilled
12:28:20 core.sweep_detector INFO: SweepDetector v2: 0 raw â†’ 0 confirmed (volâ‰Ą2.5Ă— bodyâ‰Ą30%)
12:28:20 core.sweep_detector INFO: OrderBlocks: 8 detected, 3 unmitigated
12:28:20 core.sweep_detector INFO: FVGs: 12 detected, 4 unfilled
12:28:21 core.sweep_detector INFO: SweepDetector v2: 1 raw â†’ 1 confirmed (volâ‰Ą2.5Ă— bodyâ‰Ą30%)
12:28:21 core.sweep_detector INFO: OrderBlocks: 8 detected, 1 unmitigated
12:28:21 core.sweep_detector INFO: FVGs: 12 detected, 3 unfilled
12:28:23 core.sweep_detector INFO: SweepDetector v2: 4 raw â†’ 3 confirmed (volâ‰Ą2.5Ă— bodyâ‰Ą30%)
12:28:23 core.sweep_detector INFO: OrderBlocks: 2 detected, 1 unmitigated
12:28:23 core.sweep_detector INFO: FVGs: 9 detected, 4 unfilled
12:28:25 core.sweep_detector INFO: SweepDetector v2: 2 raw â†’ 2 confirmed (volâ‰Ą2.5Ă— bodyâ‰Ą30%)
12:28:25 core.sweep_detector INFO: OrderBlocks: 6 detected, 0 unmitigated
12:28:25 core.sweep_detector INFO: FVGs: 4 detected, 0 unfilled
12:28:27 core.sweep_detector INFO: SweepDetector v2: 6 raw â†’ 6 confirmed (volâ‰Ą2.5Ă— bodyâ‰Ą30%)
12:28:27 core.sweep_detector INFO: OrderBlocks: 2 detected, 0 unmitigated
12:28:27 core.sweep_detector INFO: FVGs: 9 detected, 0 unfilled
12:28:28 core.sweep_detector INFO: SweepDetector v2: 5 raw â†’ 4 confirmed (volâ‰Ą2.5Ă— bodyâ‰Ą30%)
12:28:29 core.sweep_detector INFO: OrderBlocks: 0 detected, 0 unmitigated
12:28:29 core.sweep_detector INFO: FVGs: 2 detected, 1 unfilled
12:28:30 core.sweep_detector INFO: SweepDetector v2: 1 raw â†’ 1 confirmed (volâ‰Ą2.5Ă— bodyâ‰Ą30%)
12:28:30 core.sweep_detector INFO: OrderBlocks: 7 detected, 4 unmitigated
12:28:30 core.sweep_detector INFO: FVGs: 9 detected, 3 unfilled
12:28:32 core.sweep_detector INFO: SweepDetector v2: 1 raw â†’ 1 confirmed (volâ‰Ą2.5Ă— bodyâ‰Ą30%)
12:28:32 core.sweep_detector INFO: OrderBlocks: 3 detected, 1 unmitigated
12:28:32 core.sweep_detector INFO: FVGs: 6 detected, 2 unfilled
12:28:34 core.sweep_detector INFO: SweepDetector v2: 1 raw â†’ 1 confirmed (volâ‰Ą2.5Ă— bodyâ‰Ą30%)
12:28:34 core.sweep_detector INFO: OrderBlocks: 5 detected, 2 unmitigated
12:28:34 core.sweep_detector INFO: FVGs: 9 detected, 2 unfilled
12:28:35 core.sweep_detector INFO: SweepDetector v2: 3 raw â†’ 2 confirmed (volâ‰Ą2.5Ă— bodyâ‰Ą30%)
12:28:35 core.sweep_detector INFO: OrderBlocks: 7 detected, 3 unmitigated
12:28:35 core.sweep_detector INFO: FVGs: 14 detected, 3 unfilled
12:28:37 core.sweep_detector INFO: SweepDetector v2: 2 raw â†’ 0 confirmed (volâ‰Ą2.5Ă— bodyâ‰Ą30%)
12:28:37 core.sweep_detector INFO: OrderBlocks: 8 detected, 3 unmitigated
12:28:37 core.sweep_detector INFO: FVGs: 14 detected, 3 unfilled
12:28:40 core.sweep_detector INFO: SweepDetector v2: 3 raw â†’ 0 confirmed (volâ‰Ą2.5Ă— bodyâ‰Ą30%)
12:28:40 core.sweep_detector INFO: OrderBlocks: 10 detected, 3 unmitigated
12:28:40 core.sweep_detector INFO: FVGs: 11 detected, 3 unfilled
12:28:42 core.sweep_detector INFO: SweepDetector v2: 2 raw â†’ 2 confirmed (volâ‰Ą2.5Ă— bodyâ‰Ą30%)
12:28:42 core.sweep_detector INFO: OrderBlocks: 10 detected, 3 unmitigated
12:28:42 core.sweep_detector INFO: FVGs: 8 detected, 3 unfilled
12:28:43 core.sweep_detector INFO: SweepDetector v2: 1 raw â†’ 1 confirmed (volâ‰Ą2.5Ă— bodyâ‰Ą30%)
12:28:43 core.sweep_detector INFO: OrderBlocks: 2 detected, 0 unmitigated
12:28:43 core.sweep_detector INFO: FVGs: 10 detected, 3 unfilled
12:28:45 core.sweep_detector INFO: SweepDetector v2: 4 raw â†’ 3 confirmed (volâ‰Ą2.5Ă— bodyâ‰Ą30%)
12:28:45 core.sweep_detector INFO: OrderBlocks: 3 detected, 0 unmitigated
12:28:45 core.sweep_detector INFO: FVGs: 8 detected, 3 unfilled
12:28:47 core.sweep_detector INFO: SweepDetector v2: 1 raw â†’ 1 confirmed (volâ‰Ą2.5Ă— bodyâ‰Ą30%)
12:28:47 core.sweep_detector INFO: OrderBlocks: 7 detected, 2 unmitigated
12:28:47 core.sweep_detector INFO: FVGs: 9 detected, 4 unfilled
12:28:48 core.sweep_detector INFO: SweepDetector v2: 2 raw â†’ 2 confirmed (volâ‰Ą2.5Ă— bodyâ‰Ą30%)
12:28:48 core.sweep_detector INFO: OrderBlocks: 5 detected, 1 unmitigated
12:28:48 core.sweep_detector INFO: FVGs: 13 detected, 5 unfilled
12:28:50 core.sweep_detector INFO: SweepDetector v2: 3 raw â†’ 3 confirmed (volâ‰Ą2.5Ă— bodyâ‰Ą30%)
12:28:50 core.sweep_detector INFO: OrderBlocks: 4 detected, 1 unmitigated
12:28:50 core.sweep_detector INFO: FVGs: 10 detected, 7 unfilled
12:28:52 core.sweep_detector INFO: SweepDetector v2: 2 raw â†’ 1 confirmed (volâ‰Ą2.5Ă— bodyâ‰Ą30%)
12:28:52 core.sweep_detector INFO: OrderBlocks: 3 detected, 0 unmitigated
12:28:52 core.sweep_detector INFO: FVGs: 7 detected, 1 unfilled
12:28:54 core.sweep_detector INFO: SweepDetector v2: 0 raw â†’ 0 confirmed (volâ‰Ą2.5Ă— bodyâ‰Ą30%)
12:28:54 core.sweep_detector INFO: OrderBlocks: 10 detected, 4 unmitigated
12:28:54 core.sweep_detector INFO: FVGs: 8 detected, 3 unfilled
12:28:56 core.sweep_detector INFO: SweepDetector v2: 1 raw â†’ 1 confirmed (volâ‰Ą2.5Ă— bodyâ‰Ą30%)
12:28:56 core.sweep_detector INFO: OrderBlocks: 7 detected, 3 unmitigated
12:28:56 core.sweep_detector INFO: FVGs: 14 detected, 8 unfilled
12:28:58 core.sweep_detector INFO: SweepDetector v2: 0 raw â†’ 0 confirmed (volâ‰Ą2.5Ă— bodyâ‰Ą30%)
12:28:58 core.sweep_detector INFO: OrderBlocks: 2 detected, 1 unmitigated
12:28:58 core.sweep_detector INFO: FVGs: 11 detected, 2 unfilled
12:28:59 core.sweep_detector INFO: SweepDetector v2: 0 raw â†’ 0 confirmed (volâ‰Ą2.5Ă— bodyâ‰Ą30%)
12:28:59 core.sweep_detector INFO: OrderBlocks: 2 detected, 0 unmitigated
12:28:59 core.sweep_detector INFO: FVGs: 8 detected, 0 unfilled
12:29:01 core.sweep_detector INFO: SweepDetector v2: 2 raw â†’ 2 confirmed (volâ‰Ą2.5Ă— bodyâ‰Ą30%)
12:29:01 core.sweep_detector INFO: OrderBlocks: 4 detected, 0 unmitigated
12:29:01 core.sweep_detector INFO: FVGs: 6 detected, 0 unfilled
12:29:03 core.sweep_detector INFO: SweepDetector v2: 0 raw â†’ 0 confirmed (volâ‰Ą2.5Ă— bodyâ‰Ą30%)
12:29:03 core.sweep_detector INFO: OrderBlocks: 7 detected, 3 unmitigated
12:29:03 core.sweep_detector INFO: FVGs: 12 detected, 7 unfilled
12:29:04 core.sweep_detector INFO: SweepDetector v2: 1 raw â†’ 1 confirmed (volâ‰Ą2.5Ă— bodyâ‰Ą30%)
12:29:04 core.sweep_detector INFO: OrderBlocks: 3 detected, 2 unmitigated
12:29:04 core.sweep_detector INFO: FVGs: 11 detected, 2 unfilled
12:29:06 core.sweep_detector INFO: SweepDetector v2: 0 raw â†’ 0 confirmed (volâ‰Ą2.5Ă— bodyâ‰Ą30%)
12:29:06 core.sweep_detector INFO: OrderBlocks: 11 detected, 5 unmitigated
12:29:06 core.sweep_detector INFO: FVGs: 12 detected, 6 unfilled
12:29:08 core.sweep_detector INFO: SweepDetector v2: 1 raw â†’ 0 confirmed (volâ‰Ą2.5Ă— bodyâ‰Ą30%)
12:29:08 core.sweep_detector INFO: OrderBlocks: 9 detected, 3 unmitigated
12:29:08 core.sweep_detector INFO: FVGs: 8 detected, 2 unfilled
12:29:09 core.sweep_detector INFO: SweepDetector v2: 2 raw â†’ 1 confirmed (volâ‰Ą2.5Ă— bodyâ‰Ą30%)
12:29:09 core.sweep_detector INFO: OrderBlocks: 2 detected, 1 unmitigated
12:29:09 core.sweep_detector INFO: FVGs: 9 detected, 3 unfilled
12:29:11 core.sweep_detector INFO: SweepDetector v2: 0 raw â†’ 0 confirmed (volâ‰Ą2.5Ă— bodyâ‰Ą30%)
12:29:11 core.sweep_detector INFO: OrderBlocks: 6 detected, 2 unmitigated
12:29:11 core.sweep_detector INFO: FVGs: 8 detected, 5 unfilled
12:29:14 core.sweep_detector INFO: SweepDetector v2: 1 raw â†’ 1 confirmed (volâ‰Ą2.5Ă— bodyâ‰Ą30%)
12:29:14 core.sweep_detector INFO: OrderBlocks: 6 detected, 3 unmitigated
12:29:14 core.sweep_detector INFO: FVGs: 10 detected, 6 unfilled
12:29:15 core.sweep_detector INFO: SweepDetector v2: 3 raw â†’ 1 confirmed (volâ‰Ą2.5Ă— bodyâ‰Ą30%)
12:29:15 core.sweep_detector INFO: OrderBlocks: 6 detected, 3 unmitigated
12:29:15 core.sweep_detector INFO: FVGs: 9 detected, 4 unfilled
12:29:17 core.sweep_detector INFO: SweepDetector v2: 1 raw â†’ 1 confirmed (volâ‰Ą2.5Ă— bodyâ‰Ą30%)
12:29:17 core.sweep_detector INFO: OrderBlocks: 3 detected, 3 unmitigated
12:29:17 core.sweep_detector INFO: FVGs: 5 detected, 3 unfilled
12:29:19 core.sweep_detector INFO: SweepDetector v2: 0 raw â†’ 0 confirmed (volâ‰Ą2.5Ă— bodyâ‰Ą30%)
12:29:19 core.sweep_detector INFO: OrderBlocks: 6 detected, 2 unmitigated
12:29:19 core.sweep_detector INFO: FVGs: 3 detected, 2 unfilled
12:29:21 core.sweep_detector INFO: SweepDetector v2: 2 raw â†’ 2 confirmed (volâ‰Ą2.5Ă— bodyâ‰Ą30%)
12:29:21 core.sweep_detector INFO: OrderBlocks: 6 detected, 0 unmitigated
12:29:21 core.sweep_detector INFO: FVGs: 9 detected, 1 unfilled
12:29:23 core.sweep_detector INFO: SweepDetector v2: 1 raw â†’ 1 confirmed (volâ‰Ą2.5Ă— bodyâ‰Ą30%)
12:29:23 core.sweep_detector INFO: OrderBlocks: 2 detected, 0 unmitigated
12:29:23 core.sweep_detector INFO: FVGs: 7 detected, 0 unfilled
12:29:24 core.sweep_detector INFO: SweepDetector v2: 1 raw â†’ 1 confirmed (volâ‰Ą2.5Ă— bodyâ‰Ą30%)
12:29:24 core.sweep_detector INFO: OrderBlocks: 9 detected, 2 unmitigated
12:29:24 core.sweep_detector INFO: FVGs: 5 detected, 4 unfilled
12:29:26 core.sweep_detector INFO: SweepDetector v2: 3 raw â†’ 2 confirmed (volâ‰Ą2.5Ă— bodyâ‰Ą30%)
12:29:26 core.sweep_detector INFO: OrderBlocks: 4 detected, 1 unmitigated
12:29:26 core.sweep_detector INFO: FVGs: 6 detected, 2 unfilled
12:29:28 core.sweep_detector INFO: SweepDetector v2: 1 raw â†’ 1 confirmed (volâ‰Ą2.5Ă— bodyâ‰Ą30%)
12:29:28 core.sweep_detector INFO: OrderBlocks: 6 detected, 3 unmitigated
12:29:28 core.sweep_detector INFO: FVGs: 7 detected, 2 unfilled
12:29:30 core.sweep_detector INFO: SweepDetector v2: 0 raw â†’ 0 confirmed (volâ‰Ą2.5Ă— bodyâ‰Ą30%)
12:29:30 core.sweep_detector INFO: OrderBlocks: 4 detected, 2 unmitigated
12:29:30 core.sweep_detector INFO: FVGs: 14 detected, 5 unfilled
12:29:31 core.sweep_detector INFO: SweepDetector v2: 1 raw â†’ 1 confirmed (volâ‰Ą2.5Ă— bodyâ‰Ą30%)
12:29:31 core.sweep_detector INFO: OrderBlocks: 5 detected, 0 unmitigated
12:29:31 core.sweep_detector INFO: FVGs: 10 detected, 3 unfilled
12:29:33 core.sweep_detector INFO: SweepDetector v2: 2 raw â†’ 1 confirmed (volâ‰Ą2.5Ă— bodyâ‰Ą30%)
12:29:33 core.sweep_detector INFO: OrderBlocks: 4 detected, 2 unmitigated
12:29:33 core.sweep_detector INFO: FVGs: 8 detected, 3 unfilled
12:29:35 core.sweep_detector INFO: SweepDetector v2: 3 raw â†’ 2 confirmed (volâ‰Ą2.5Ă— bodyâ‰Ą30%)
12:29:35 core.sweep_detector INFO: OrderBlocks: 11 detected, 4 unmitigated
12:29:35 core.sweep_detector INFO: FVGs: 14 detected, 1 unfilled
12:29:36 core.sweep_detector INFO: SweepDetector v2: 3 raw â†’ 1 confirmed (volâ‰Ą2.5Ă— bodyâ‰Ą30%)
12:29:36 core.sweep_detector INFO: OrderBlocks: 5 detected, 0 unmitigated
12:29:36 core.sweep_detector INFO: FVGs: 12 detected, 4 unfilled
12:29:38 core.sweep_detector INFO: SweepDetector v2: 2 raw â†’ 2 confirmed (volâ‰Ą2.5Ă— bodyâ‰Ą30%)
12:29:38 core.sweep_detector INFO: OrderBlocks: 0 detected, 0 unmitigated
12:29:38 core.sweep_detector INFO: FVGs: 9 detected, 3 unfilled
12:29:40 core.sweep_detector INFO: SweepDetector v2: 2 raw â†’ 2 confirmed (volâ‰Ą2.5Ă— bodyâ‰Ą30%)
12:29:40 core.sweep_detector INFO: OrderBlocks: 3 detected, 1 unmitigated
12:29:40 core.sweep_detector INFO: FVGs: 7 detected, 2 unfilled
12:29:41 core.sweep_detector INFO: SweepDetector v2: 0 raw â†’ 0 confirmed (volâ‰Ą2.5Ă— bodyâ‰Ą30%)
12:29:41 core.sweep_detector INFO: OrderBlocks: 2 detected, 1 unmitigated
12:29:41 core.sweep_detector INFO: FVGs: 11 detected, 5 unfilled
12:29:43 core.sweep_detector INFO: SweepDetector v2: 1 raw â†’ 0 confirmed (volâ‰Ą2.5Ă— bodyâ‰Ą30%)
12:29:43 core.sweep_detector INFO: OrderBlocks: 1 detected, 0 unmitigated
12:29:43 core.sweep_detector INFO: FVGs: 7 detected, 3 unfilled
12:29:45 core.sweep_detector INFO: SweepDetector v2: 2 raw â†’ 2 confirmed (volâ‰Ą2.5Ă— bodyâ‰Ą30%)
12:29:45 core.sweep_detector INFO: OrderBlocks: 15 detected, 3 unmitigated
12:29:45 core.sweep_detector INFO: FVGs: 16 detected, 2 unfilled
12:29:47 core.sweep_detector INFO: SweepDetector v2: 3 raw â†’ 3 confirmed (volâ‰Ą2.5Ă— bodyâ‰Ą30%)
12:29:47 core.sweep_detector INFO: OrderBlocks: 5 detected, 2 unmitigated
12:29:47 core.sweep_detector INFO: FVGs: 8 detected, 1 unfilled
12:29:48 core.sweep_detector INFO: SweepDetector v2: 2 raw â†’ 1 confirmed (volâ‰Ą2.5Ă— bodyâ‰Ą30%)
12:29:48 core.sweep_detector INFO: OrderBlocks: 2 detected, 1 unmitigated
12:29:48 core.sweep_detector INFO: FVGs: 10 detected, 4 unfilled
12:29:50 core.sweep_detector INFO: SweepDetector v2: 6 raw â†’ 3 confirmed (volâ‰Ą2.5Ă— bodyâ‰Ą30%)
12:29:50 core.sweep_detector INFO: OrderBlocks: 6 detected, 4 unmitigated
12:29:50 core.sweep_detector INFO: FVGs: 10 detected, 5 unfilled
12:29:51 core.sweep_detector INFO: SweepDetector v2: 5 raw â†’ 4 confirmed (volâ‰Ą2.5Ă— bodyâ‰Ą30%)
12:29:52 core.sweep_detector INFO: OrderBlocks: 4 detected, 1 unmitigated
12:29:52 core.sweep_detector INFO: FVGs: 6 detected, 1 unfilled
12:29:53 core.sweep_detector INFO: SweepDetector v2: 1 raw â†’ 1 confirmed (volâ‰Ą2.5Ă— bodyâ‰Ą30%)
12:29:53 core.sweep_detector INFO: OrderBlocks: 1 detected, 0 unmitigated
12:29:53 core.sweep_detector INFO: FVGs: 7 detected, 3 unfilled
12:29:55 core.sweep_detector INFO: SweepDetector v2: 1 raw â†’ 1 confirmed (volâ‰Ą2.5Ă— bodyâ‰Ą30%)
12:29:55 core.sweep_detector INFO: OrderBlocks: 5 detected, 1 unmitigated
12:29:55 core.sweep_detector INFO: FVGs: 8 detected, 3 unfilled
12:29:57 core.sweep_detector INFO: SweepDetector v2: 3 raw â†’ 3 confirmed (volâ‰Ą2.5Ă— bodyâ‰Ą30%)
12:29:57 core.sweep_detector INFO: OrderBlocks: 6 detected, 1 unmitigated
12:29:57 core.sweep_detector INFO: FVGs: 9 detected, 3 unfilled
12:29:59 core.sweep_detector INFO: SweepDetector v2: 2 raw â†’ 2 confirmed (volâ‰Ą2.5Ă— bodyâ‰Ą30%)
12:29:59 core.sweep_detector INFO: OrderBlocks: 2 detected, 1 unmitigated
12:29:59 core.sweep_detector INFO: FVGs: 14 detected, 7 unfilled
12:30:01 core.sweep_detector INFO: SweepDetector v2: 1 raw â†’ 1 confirmed (volâ‰Ą2.5Ă— bodyâ‰Ą30%)
12:30:01 core.sweep_detector INFO: OrderBlocks: 5 detected, 1 unmitigated
12:30:01 core.sweep_detector INFO: FVGs: 12 detected, 5 unfilled
12:30:03 core.sweep_detector INFO: SweepDetector v2: 2 raw â†’ 0 confirmed (volâ‰Ą2.5Ă— bodyâ‰Ą30%)
12:30:03 core.sweep_detector INFO: OrderBlocks: 6 detected, 1 unmitigated
12:30:03 core.sweep_detector INFO: FVGs: 9 detected, 1 unfilled
12:30:05 core.sweep_detector INFO: SweepDetector v2: 1 raw â†’ 1 confirmed (volâ‰Ą2.5Ă— bodyâ‰Ą30%)
12:30:05 core.sweep_detector INFO: OrderBlocks: 4 detected, 2 unmitigated
12:30:05 core.sweep_detector INFO: FVGs: 4 detected, 2 unfilled
12:30:06 core.sweep_detector INFO: SweepDetector v2: 3 raw â†’ 2 confirmed (volâ‰Ą2.5Ă— bodyâ‰Ą30%)
12:30:06 core.sweep_detector INFO: OrderBlocks: 5 detected, 1 unmitigated
12:30:06 core.sweep_detector INFO: FVGs: 7 detected, 0 unfilled
12:30:08 core.sweep_detector INFO: SweepDetector v2: 2 raw â†’ 2 confirmed (volâ‰Ą2.5Ă— bodyâ‰Ą30%)
12:30:08 core.sweep_detector INFO: OrderBlocks: 5 detected, 1 unmitigated
12:30:08 core.sweep_detector INFO: FVGs: 6 detected, 3 unfilled
12:30:10 core.sweep_detector INFO: SweepDetector v2: 0 raw â†’ 0 confirmed (volâ‰Ą2.5Ă— bodyâ‰Ą30%)
12:30:10 core.sweep_detector INFO: OrderBlocks: 6 detected, 3 unmitigated
12:30:10 core.sweep_detector INFO: FVGs: 6 detected, 4 unfilled
12:30:11 core.sweep_detector INFO: SweepDetector v2: 0 raw â†’ 0 confirmed (volâ‰Ą2.5Ă— bodyâ‰Ą30%)
12:30:11 core.sweep_detector INFO: OrderBlocks: 8 detected, 4 unmitigated
12:30:11 core.sweep_detector INFO: FVGs: 10 detected, 4 unfilled
12:30:13 core.sweep_detector INFO: SweepDetector v2: 4 raw â†’ 3 confirmed (volâ‰Ą2.5Ă— bodyâ‰Ą30%)
12:30:13 core.sweep_detector INFO: OrderBlocks: 5 detected, 1 unmitigated
12:30:13 core.sweep_detector INFO: FVGs: 11 detected, 2 unfilled
12:30:15 core.sweep_detector INFO: SweepDetector v2: 2 raw â†’ 2 confirmed (volâ‰Ą2.5Ă— bodyâ‰Ą30%)
12:30:15 core.sweep_detector INFO: OrderBlocks: 2 detected, 1 unmitigated
12:30:15 core.sweep_detector INFO: FVGs: 9 detected, 4 unfilled
12:30:16 core.sweep_detector INFO: SweepDetector v2: 1 raw â†’ 1 confirmed (volâ‰Ą2.5Ă— bodyâ‰Ą30%)
12:30:16 core.sweep_detector INFO: OrderBlocks: 4 detected, 2 unmitigated
12:30:16 core.sweep_detector INFO: FVGs: 5 detected, 2 unfilled
12:30:18 core.sweep_detector INFO: SweepDetector v2: 3 raw â†’ 3 confirmed (volâ‰Ą2.5Ă— bodyâ‰Ą30%)
12:30:18 core.sweep_detector INFO: OrderBlocks: 4 detected, 0 unmitigated
12:30:18 core.sweep_detector INFO: FVGs: 4 detected, 1 unfilled
12:30:20 core.sweep_detector INFO: SweepDetector v2: 1 raw â†’ 1 confirmed (volâ‰Ą2.5Ă— bodyâ‰Ą30%)
12:30:20 core.sweep_detector INFO: OrderBlocks: 0 detected, 0 unmitigated
12:30:20 core.sweep_detector INFO: FVGs: 1 detected, 0 unfilled
12:30:21 core.sweep_detector INFO: SweepDetector v2: 2 raw â†’ 2 confirmed (volâ‰Ą2.5Ă— bodyâ‰Ą30%)
12:30:21 core.sweep_detector INFO: OrderBlocks: 10 detected, 4 unmitigated
12:30:21 core.sweep_detector INFO: FVGs: 10 detected, 4 unfilled
12:30:23 core.sweep_detector INFO: SweepDetector v2: 5 raw â†’ 3 confirmed (volâ‰Ą2.5Ă— bodyâ‰Ą30%)
12:30:23 core.sweep_detector INFO: OrderBlocks: 2 detected, 1 unmitigated
12:30:23 core.sweep_detector INFO: FVGs: 8 detected, 2 unfilled
12:30:25 core.sweep_detector INFO: SweepDetector v2: 2 raw â†’ 1 confirmed (volâ‰Ą2.5Ă— bodyâ‰Ą30%)
12:30:25 core.sweep_detector INFO: OrderBlocks: 2 detected, 0 unmitigated
12:30:25 core.sweep_detector INFO: FVGs: 10 detected, 3 unfilled
12:30:27 core.sweep_detector INFO: SweepDetector v2: 1 raw â†’ 0 confirmed (volâ‰Ą2.5Ă— bodyâ‰Ą30%)
12:30:27 core.sweep_detector INFO: OrderBlocks: 5 detected, 1 unmitigated
12:30:27 core.sweep_detector INFO: FVGs: 5 detected, 2 unfilled
12:30:30 core.sweep_detector INFO: SweepDetector v2: 4 raw â†’ 4 confirmed (volâ‰Ą2.5Ă— bodyâ‰Ą30%)
12:30:30 core.sweep_detector INFO: OrderBlocks: 2 detected, 0 unmitigated
12:30:30 core.sweep_detector INFO: FVGs: 8 detected, 1 unfilled
12:30:32 core.sweep_detector INFO: SweepDetector v2: 1 raw â†’ 1 confirmed (volâ‰Ą2.5Ă— bodyâ‰Ą30%)
12:30:32 core.sweep_detector INFO: OrderBlocks: 3 detected, 0 unmitigated
12:30:32 core.sweep_detector INFO: FVGs: 9 detected, 1 unfilled
12:30:34 core.sweep_detector INFO: SweepDetector v2: 3 raw â†’ 2 confirmed (volâ‰Ą2.5Ă— bodyâ‰Ą30%)
12:30:34 core.sweep_detector INFO: OrderBlocks: 1 detected, 0 unmitigated
12:30:34 core.sweep_detector INFO: FVGs: 4 detected, 0 unfilled
12:30:35 core.sweep_detector INFO: SweepDetector v2: 3 raw â†’ 3 confirmed (volâ‰Ą2.5Ă— bodyâ‰Ą30%)
12:30:35 core.sweep_detector INFO: OrderBlocks: 2 detected, 1 unmitigated
12:30:35 core.sweep_detector INFO: FVGs: 3 detected, 1 unfilled
12:30:37 core.sweep_detector INFO: SweepDetector v2: 1 raw â†’ 1 confirmed (volâ‰Ą2.5Ă— bodyâ‰Ą30%)
12:30:37 core.sweep_detector INFO: OrderBlocks: 2 detected, 0 unmitigated
12:30:37 core.sweep_detector INFO: FVGs: 9 detected, 2 unfilled
12:30:39 core.sweep_detector INFO: SweepDetector v2: 2 raw â†’ 2 confirmed (volâ‰Ą2.5Ă— bodyâ‰Ą30%)
12:30:39 core.sweep_detector INFO: OrderBlocks: 8 detected, 4 unmitigated
12:30:39 core.sweep_detector INFO: FVGs: 9 detected, 2 unfilled
12:30:41 core.sweep_detector INFO: SweepDetector v2: 2 raw â†’ 1 confirmed (volâ‰Ą2.5Ă— bodyâ‰Ą30%)
12:30:41 core.sweep_detector INFO: OrderBlocks: 4 detected, 1 unmitigated
12:30:41 core.sweep_detector INFO: FVGs: 7 detected, 3 unfilled
12:30:43 core.sweep_detector INFO: SweepDetector v2: 1 raw â†’ 1 confirmed (volâ‰Ą2.5Ă— bodyâ‰Ą30%)
12:30:43 core.sweep_detector INFO: OrderBlocks: 1 detected, 0 unmitigated
12:30:43 core.sweep_detector INFO: FVGs: 11 detected, 5 unfilled
12:30:44 core.sweep_detector INFO: SweepDetector v2: 0 raw â†’ 0 confirmed (volâ‰Ą2.5Ă— bodyâ‰Ą30%)
12:30:44 core.sweep_detector INFO: OrderBlocks: 1 detected, 0 unmitigated
12:30:44 core.sweep_detector INFO: FVGs: 0 detected, 0 unfilled
12:30:47 core.sweep_detector INFO: SweepDetector v2: 0 raw â†’ 0 confirmed (volâ‰Ą2.5Ă— bodyâ‰Ą30%)
12:30:47 core.sweep_detector INFO: OrderBlocks: 0 detected, 0 unmitigated
12:30:47 core.sweep_detector INFO: FVGs: 0 detected, 0 unfilled
12:30:49 core.sweep_detector INFO: SweepDetector v2: 0 raw â†’ 0 confirmed (volâ‰Ą2.5Ă— bodyâ‰Ą30%)
12:30:49 core.sweep_detector INFO: OrderBlocks: 0 detected, 0 unmitigated
12:30:49 core.sweep_detector INFO: FVGs: 0 detected, 0 unfilled
12:30:51 core.sweep_detector INFO: SweepDetector v2: 2 raw â†’ 2 confirmed (volâ‰Ą2.5Ă— bodyâ‰Ą30%)
12:30:51 core.sweep_detector INFO: OrderBlocks: 5 detected, 2 unmitigated
12:30:51 core.sweep_detector INFO: FVGs: 6 detected, 1 unfilled
12:30:54 core.sweep_detector INFO: SweepDetector v2: 3 raw â†’ 3 confirmed (volâ‰Ą2.5Ă— bodyâ‰Ą30%)
12:30:54 core.sweep_detector INFO: OrderBlocks: 4 detected, 0 unmitigated
12:30:54 core.sweep_detector INFO: FVGs: 10 detected, 2 unfilled
12:30:55 core.sweep_detector INFO: SweepDetector v2: 2 raw â†’ 2 confirmed (volâ‰Ą2.5Ă— bodyâ‰Ą30%)
12:30:55 core.sweep_detector INFO: OrderBlocks: 2 detected, 1 unmitigated
12:30:55 core.sweep_detector INFO: FVGs: 4 detected, 1 unfilled
12:30:59 core.sweep_detector INFO: SweepDetector v2: 0 raw â†’ 0 confirmed (volâ‰Ą2.5Ă— bodyâ‰Ą30%)
12:30:59 core.sweep_detector INFO: OrderBlocks: 4 detected, 2 unmitigated
12:30:59 core.sweep_detector INFO: FVGs: 11 detected, 7 unfilled
12:31:02 core.sweep_detector INFO: SweepDetector v2: 0 raw â†’ 0 confirmed (volâ‰Ą2.5Ă— bodyâ‰Ą30%)
12:31:02 core.sweep_detector INFO: OrderBlocks: 1 detected, 0 unmitigated
12:31:02 core.sweep_detector INFO: FVGs: 6 detected, 2 unfilled
12:31:04 core.sweep_detector INFO: SweepDetector v2: 2 raw â†’ 2 confirmed (volâ‰Ą2.5Ă— bodyâ‰Ą30%)
12:31:04 core.sweep_detector INFO: OrderBlocks: 1 detected, 0 unmitigated
12:31:04 core.sweep_detector INFO: FVGs: 10 detected, 1 unfilled
12:31:05 core.sweep_detector INFO: SweepDetector v2: 5 raw â†’ 3 confirmed (volâ‰Ą2.5Ă— bodyâ‰Ą30%)
12:31:05 core.sweep_detector INFO: OrderBlocks: 6 detected, 2 unmitigated
12:31:05 core.sweep_detector INFO: FVGs: 9 detected, 2 unfilled
12:31:07 core.sweep_detector INFO: SweepDetector v2: 2 raw â†’ 2 confirmed (volâ‰Ą2.5Ă— bodyâ‰Ą30%)
12:31:07 core.sweep_detector INFO: OrderBlocks: 3 detected, 2 unmitigated
12:31:07 core.sweep_detector INFO: FVGs: 13 detected, 2 unfilled
12:31:09 core.sweep_detector INFO: SweepDetector v2: 3 raw â†’ 3 confirmed (volâ‰Ą2.5Ă— bodyâ‰Ą30%)
12:31:09 core.sweep_detector INFO: OrderBlocks: 3 detected, 0 unmitigated
12:31:09 core.sweep_detector INFO: FVGs: 6 detected, 1 unfilled
12:31:11 core.sweep_detector INFO: SweepDetector v2: 0 raw â†’ 0 confirmed (volâ‰Ą2.5Ă— bodyâ‰Ą30%)
12:31:11 core.sweep_detector INFO: OrderBlocks: 7 detected, 2 unmitigated
12:31:11 core.sweep_detector INFO: FVGs: 9 detected, 2 unfilled
12:31:13 core.sweep_detector INFO: SweepDetector v2: 3 raw â†’ 3 confirmed (volâ‰Ą2.5Ă— bodyâ‰Ą30%)
12:31:13 core.sweep_detector INFO: OrderBlocks: 4 detected, 1 unmitigated
12:31:13 core.sweep_detector INFO: FVGs: 8 detected, 3 unfilled
12:31:15 core.sweep_detector INFO: SweepDetector v2: 2 raw â†’ 1 confirmed (volâ‰Ą2.5Ă— bodyâ‰Ą30%)
12:31:15 core.sweep_detector INFO: OrderBlocks: 5 detected, 2 unmitigated
12:31:15 core.sweep_detector INFO: FVGs: 8 detected, 4 unfilled
12:31:17 core.sweep_detector INFO: SweepDetector v2: 1 raw â†’ 1 confirmed (volâ‰Ą2.5Ă— bodyâ‰Ą30%)
12:31:17 core.sweep_detector INFO: OrderBlocks: 4 detected, 2 unmitigated
12:31:17 core.sweep_detector INFO: FVGs: 12 detected, 9 unfilled
12:31:19 core.sweep_detector INFO: SweepDetector v2: 1 raw â†’ 1 confirmed (volâ‰Ą2.5Ă— bodyâ‰Ą30%)
12:31:19 core.sweep_detector INFO: OrderBlocks: 3 detected, 2 unmitigated
12:31:19 core.sweep_detector INFO: FVGs: 2 detected, 1 unfilled
12:31:23 core.sweep_detector INFO: SweepDetector v2: 3 raw â†’ 3 confirmed (volâ‰Ą2.5Ă— bodyâ‰Ą30%)
12:31:23 core.sweep_detector INFO: OrderBlocks: 2 detected, 2 unmitigated
12:31:23 core.sweep_detector INFO: FVGs: 7 detected, 3 unfilled
12:31:25 core.sweep_detector INFO: SweepDetector v2: 1 raw â†’ 0 confirmed (volâ‰Ą2.5Ă— bodyâ‰Ą30%)
12:31:25 core.sweep_detector INFO: OrderBlocks: 9 detected, 3 unmitigated
12:31:25 core.sweep_detector INFO: FVGs: 8 detected, 4 unfilled
12:31:27 core.sweep_detector INFO: SweepDetector v2: 4 raw â†’ 1 confirmed (volâ‰Ą2.5Ă— bodyâ‰Ą30%)
12:31:27 core.sweep_detector INFO: OrderBlocks: 5 detected, 1 unmitigated
12:31:27 core.sweep_detector INFO: FVGs: 7 detected, 1 unfilled
12:31:29 core.sweep_detector INFO: SweepDetector v2: 1 raw â†’ 1 confirmed (volâ‰Ą2.5Ă— bodyâ‰Ą30%)
12:31:29 core.sweep_detector INFO: OrderBlocks: 1 detected, 0 unmitigated
12:31:29 core.sweep_detector INFO: FVGs: 2 detected, 1 unfilled
12:31:31 core.sweep_detector INFO: SweepDetector v2: 2 raw â†’ 2 confirmed (volâ‰Ą2.5Ă— bodyâ‰Ą30%)
12:31:31 core.sweep_detector INFO: OrderBlocks: 5 detected, 2 unmitigated
12:31:31 core.sweep_detector INFO: FVGs: 11 detected, 1 unfilled
12:31:33 core.sweep_detector INFO: SweepDetector v2: 1 raw â†’ 1 confirmed (volâ‰Ą2.5Ă— bodyâ‰Ą30%)
12:31:33 core.sweep_detector INFO: OrderBlocks: 4 detected, 1 unmitigated
12:31:33 core.sweep_detector INFO: FVGs: 14 detected, 5 unfilled
12:31:35 core.sweep_detector INFO: SweepDetector v2: 0 raw â†’ 0 confirmed (volâ‰Ą2.5Ă— bodyâ‰Ą30%)
12:31:35 core.sweep_detector INFO: OrderBlocks: 0 detected, 0 unmitigated
12:31:35 core.sweep_detector INFO: FVGs: 8 detected, 2 unfilled
12:31:38 core.sweep_detector INFO: SweepDetector v2: 7 raw â†’ 5 confirmed (volâ‰Ą2.5Ă— bodyâ‰Ą30%)
12:31:38 core.sweep_detector INFO: OrderBlocks: 5 detected, 5 unmitigated
12:31:38 core.sweep_detector INFO: FVGs: 13 detected, 8 unfilled
12:31:40 core.sweep_detector INFO: SweepDetector v2: 2 raw â†’ 1 confirmed (volâ‰Ą2.5Ă— bodyâ‰Ą30%)
12:31:40 core.sweep_detector INFO: OrderBlocks: 1 detected, 0 unmitigated
12:31:40 core.sweep_detector INFO: FVGs: 5 detected, 2 unfilled
12:31:42 core.sweep_detector INFO: SweepDetector v2: 3 raw â†’ 3 confirmed (volâ‰Ą2.5Ă— bodyâ‰Ą30%)
12:31:42 core.sweep_detector INFO: OrderBlocks: 5 detected, 1 unmitigated
12:31:42 core.sweep_detector INFO: FVGs: 12 detected, 3 unfilled
12:31:44 core.sweep_detector INFO: SweepDetector v2: 0 raw â†’ 0 confirmed (volâ‰Ą2.5Ă— bodyâ‰Ą30%)
12:31:45 core.sweep_detector INFO: OrderBlocks: 8 detected, 5 unmitigated
12:31:45 core.sweep_detector INFO: FVGs: 14 detected, 5 unfilled
12:31:46 core.sweep_detector INFO: SweepDetector v2: 3 raw â†’ 2 confirmed (volâ‰Ą2.5Ă— bodyâ‰Ą30%)
12:31:46 core.sweep_detector INFO: OrderBlocks: 4 detected, 1 unmitigated
12:31:46 core.sweep_detector INFO: FVGs: 9 detected, 3 unfilled
12:31:49 core.sweep_detector INFO: SweepDetector v2: 2 raw â†’ 1 confirmed (volâ‰Ą2.5Ă— bodyâ‰Ą30%)
12:31:49 core.sweep_detector INFO: OrderBlocks: 3 detected, 1 unmitigated
12:31:49 core.sweep_detector INFO: FVGs: 6 detected, 4 unfilled
12:31:51 core.sweep_detector INFO: SweepDetector v2: 3 raw â†’ 3 confirmed (volâ‰Ą2.5Ă— bodyâ‰Ą30%)
12:31:51 core.sweep_detector INFO: OrderBlocks: 3 detected, 1 unmitigated
12:31:51 core.sweep_detector INFO: FVGs: 4 detected, 1 unfilled
12:31:53 core.sweep_detector INFO: SweepDetector v2: 3 raw â†’ 2 confirmed (volâ‰Ą2.5Ă— bodyâ‰Ą30%)
12:31:53 core.sweep_detector INFO: OrderBlocks: 7 detected, 2 unmitigated
12:31:53 core.sweep_detector INFO: FVGs: 6 detected, 1 unfilled
12:31:55 core.sweep_detector INFO: SweepDetector v2: 1 raw â†’ 1 confirmed (volâ‰Ą2.5Ă— bodyâ‰Ą30%)
12:31:55 core.sweep_detector INFO: OrderBlocks: 1 detected, 1 unmitigated
12:31:55 core.sweep_detector INFO: FVGs: 8 detected, 3 unfilled
12:31:57 core.sweep_detector INFO: SweepDetector v2: 3 raw â†’ 2 confirmed (volâ‰Ą2.5Ă— bodyâ‰Ą30%)
12:31:57 core.sweep_detector INFO: OrderBlocks: 3 detected, 3 unmitigated
12:31:57 core.sweep_detector INFO: FVGs: 13 detected, 8 unfilled
12:32:00 core.sweep_detector INFO: SweepDetector v2: 2 raw â†’ 2 confirmed (volâ‰Ą2.5Ă— bodyâ‰Ą30%)
12:32:00 core.sweep_detector INFO: OrderBlocks: 3 detected, 2 unmitigated
12:32:00 core.sweep_detector INFO: FVGs: 9 detected, 3 unfilled
12:32:03 core.sweep_detector INFO: SweepDetector v2: 2 raw â†’ 1 confirmed (volâ‰Ą2.5Ă— bodyâ‰Ą30%)
12:32:03 core.sweep_detector INFO: OrderBlocks: 5 detected, 1 unmitigated
12:32:03 core.sweep_detector INFO: FVGs: 5 detected, 2 unfilled
12:32:05 core.sweep_detector INFO: SweepDetector v2: 1 raw â†’ 0 confirmed (volâ‰Ą2.5Ă— bodyâ‰Ą30%)
12:32:05 core.sweep_detector INFO: OrderBlocks: 4 detected, 0 unmitigated
12:32:05 core.sweep_detector INFO: FVGs: 14 detected, 5 unfilled
12:32:06 core.sweep_detector INFO: SweepDetector v2: 0 raw â†’ 0 confirmed (volâ‰Ą2.5Ă— bodyâ‰Ą30%)
12:32:06 core.sweep_detector INFO: OrderBlocks: 7 detected, 1 unmitigated
12:32:06 core.sweep_detector INFO: FVGs: 4 detected, 2 unfilled
12:32:08 core.sweep_detector INFO: SweepDetector v2: 2 raw â†’ 2 confirmed (volâ‰Ą2.5Ă— bodyâ‰Ą30%)
12:32:08 core.sweep_detector INFO: OrderBlocks: 2 detected, 1 unmitigated
12:32:08 core.sweep_detector INFO: FVGs: 6 detected, 2 unfilled
12:32:10 core.sweep_detector INFO: SweepDetector v2: 1 raw â†’ 0 confirmed (volâ‰Ą2.5Ă— bodyâ‰Ą30%)
12:32:10 core.sweep_detector INFO: OrderBlocks: 6 detected, 3 unmitigated
12:32:10 core.sweep_detector INFO: FVGs: 10 detected, 5 unfilled
12:32:12 core.sweep_detector INFO: SweepDetector v2: 2 raw â†’ 2 confirmed (volâ‰Ą2.5Ă— bodyâ‰Ą30%)
12:32:12 core.sweep_detector INFO: OrderBlocks: 3 detected, 1 unmitigated
12:32:12 core.sweep_detector INFO: FVGs: 15 detected, 4 unfilled
12:32:13 core.sweep_detector INFO: SweepDetector v2: 4 raw â†’ 3 confirmed (volâ‰Ą2.5Ă— bodyâ‰Ą30%)
12:32:13 core.sweep_detector INFO: OrderBlocks: 4 detected, 1 unmitigated
12:32:13 core.sweep_detector INFO: FVGs: 8 detected, 5 unfilled
12:32:15 core.sweep_detector INFO: SweepDetector v2: 0 raw â†’ 0 confirmed (volâ‰Ą2.5Ă— bodyâ‰Ą30%)
12:32:15 core.sweep_detector INFO: OrderBlocks: 9 detected, 3 unmitigated
12:32:15 core.sweep_detector INFO: FVGs: 11 detected, 2 unfilled
12:32:17 core.sweep_detector INFO: SweepDetector v2: 1 raw â†’ 1 confirmed (volâ‰Ą2.5Ă— bodyâ‰Ą30%)
12:32:17 core.sweep_detector INFO: OrderBlocks: 5 detected, 2 unmitigated
12:32:17 core.sweep_detector INFO: FVGs: 6 detected, 3 unfilled
12:32:18 core.sweep_detector INFO: SweepDetector v2: 0 raw â†’ 0 confirmed (volâ‰Ą2.5Ă— bodyâ‰Ą30%)
12:32:18 core.sweep_detector INFO: OrderBlocks: 4 detected, 2 unmitigated
12:32:18 core.sweep_detector INFO: FVGs: 3 detected, 1 unfilled
12:32:20 core.sweep_detector INFO: SweepDetector v2: 0 raw â†’ 0 confirmed (volâ‰Ą2.5Ă— bodyâ‰Ą30%)
12:32:20 core.sweep_detector INFO: OrderBlocks: 2 detected, 0 unmitigated
12:32:20 core.sweep_detector INFO: FVGs: 0 detected, 0 unfilled
12:32:21 core.sweep_detector INFO: SweepDetector v2: 0 raw â†’ 0 confirmed (volâ‰Ą2.5Ă— bodyâ‰Ą30%)
12:32:21 core.sweep_detector INFO: OrderBlocks: 0 detected, 0 unmitigated
12:32:21 core.sweep_detector INFO: FVGs: 0 detected, 0 unfilled
12:32:23 core.sweep_detector INFO: SweepDetector v2: 0 raw â†’ 0 confirmed (volâ‰Ą2.5Ă— bodyâ‰Ą30%)
12:32:23 core.sweep_detector INFO: OrderBlocks: 0 detected, 0 unmitigated
12:32:23 core.sweep_detector INFO: FVGs: 0 detected, 0 unfilled
12:32:25 core.sweep_detector INFO: SweepDetector v2: 1 raw â†’ 1 confirmed (volâ‰Ą2.5Ă— bodyâ‰Ą30%)
12:32:25 core.sweep_detector INFO: OrderBlocks: 6 detected, 1 unmitigated
12:32:25 core.sweep_detector INFO: FVGs: 9 detected, 5 unfilled
12:32:27 core.sweep_detector INFO: SweepDetector v2: 2 raw â†’ 2 confirmed (volâ‰Ą2.5Ă— bodyâ‰Ą30%)
12:32:27 core.sweep_detector INFO: OrderBlocks: 7 detected, 2 unmitigated
12:32:27 core.sweep_detector INFO: FVGs: 8 detected, 3 unfilled
12:32:28 core.sweep_detector INFO: SweepDetector v2: 2 raw â†’ 2 confirmed (volâ‰Ą2.5Ă— bodyâ‰Ą30%)
12:32:28 core.sweep_detector INFO: OrderBlocks: 3 detected, 2 unmitigated
12:32:28 core.sweep_detector INFO: FVGs: 12 detected, 5 unfilled
12:32:30 core.sweep_detector INFO: SweepDetector v2: 1 raw â†’ 1 confirmed (volâ‰Ą2.5Ă— bodyâ‰Ą30%)
12:32:30 core.sweep_detector INFO: OrderBlocks: 2 detected, 0 unmitigated
12:32:30 core.sweep_detector INFO: FVGs: 0 detected, 0 unfilled
12:32:31 core.sweep_detector INFO: SweepDetector v2: 0 raw â†’ 0 confirmed (volâ‰Ą2.5Ă— bodyâ‰Ą30%)
12:32:32 core.sweep_detector INFO: OrderBlocks: 1 detected, 0 unmitigated
12:32:32 core.sweep_detector INFO: FVGs: 0 detected, 0 unfilled
12:32:33 core.sweep_detector INFO: SweepDetector v2: 0 raw â†’ 0 confirmed (volâ‰Ą2.5Ă— bodyâ‰Ą30%)
12:32:33 core.sweep_detector INFO: OrderBlocks: 1 detected, 0 unmitigated
12:32:33 core.sweep_detector INFO: FVGs: 0 detected, 0 unfilled
12:32:35 core.sweep_detector INFO: SweepDetector v2: 0 raw â†’ 0 confirmed (volâ‰Ą2.5Ă— bodyâ‰Ą30%)
12:32:35 core.sweep_detector INFO: OrderBlocks: 3 detected, 0 unmitigated
12:32:35 core.sweep_detector INFO: FVGs: 0 detected, 0 unfilled
12:32:37 core.sweep_detector INFO: SweepDetector v2: 0 raw â†’ 0 confirmed (volâ‰Ą2.5Ă— bodyâ‰Ą30%)
12:32:37 core.sweep_detector INFO: OrderBlocks: 1 detected, 0 unmitigated
12:32:37 core.sweep_detector INFO: FVGs: 0 detected, 0 unfilled
12:32:39 core.sweep_detector INFO: SweepDetector v2: 0 raw â†’ 0 confirmed (volâ‰Ą2.5Ă— bodyâ‰Ą30%)
12:32:39 core.sweep_detector INFO: OrderBlocks: 2 detected, 0 unmitigated
12:32:39 core.sweep_detector INFO: FVGs: 0 detected, 0 unfilled
12:32:40 core.sweep_detector INFO: SweepDetector v2: 0 raw â†’ 0 confirmed (volâ‰Ą2.5Ă— bodyâ‰Ą30%)
12:32:40 core.sweep_detector INFO: OrderBlocks: 2 detected, 0 unmitigated
12:32:40 core.sweep_detector INFO: FVGs: 0 detected, 0 unfilled
12:32:42 core.sweep_detector INFO: SweepDetector v2: 0 raw â†’ 0 confirmed (volâ‰Ą2.5Ă— bodyâ‰Ą30%)
12:32:42 core.sweep_detector INFO: OrderBlocks: 0 detected, 0 unmitigated
12:32:42 core.sweep_detector INFO: FVGs: 0 detected, 0 unfilled
12:32:44 core.sweep_detector INFO: SweepDetector v2: 0 raw â†’ 0 confirmed (volâ‰Ą2.5Ă— bodyâ‰Ą30%)
12:32:44 core.sweep_detector INFO: OrderBlocks: 0 detected, 0 unmitigated
12:32:44 core.sweep_detector INFO: FVGs: 0 detected, 0 unfilled
12:32:46 core.sweep_detector INFO: SweepDetector v2: 3 raw â†’ 3 confirmed (volâ‰Ą2.5Ă— bodyâ‰Ą30%)
12:32:46 core.sweep_detector INFO: OrderBlocks: 4 detected, 1 unmitigated
12:32:46 core.sweep_detector INFO: FVGs: 8 detected, 3 unfilled
12:32:47 core.sweep_detector INFO: SweepDetector v2: 5 raw â†’ 4 confirmed (volâ‰Ą2.5Ă— bodyâ‰Ą30%)
12:32:47 core.sweep_detector INFO: OrderBlocks: 7 detected, 2 unmitigated
12:32:47 core.sweep_detector INFO: FVGs: 7 detected, 3 unfilled
12:32:49 core.sweep_detector INFO: SweepDetector v2: 2 raw â†’ 2 confirmed (volâ‰Ą2.5Ă— bodyâ‰Ą30%)
12:32:49 core.sweep_detector INFO: OrderBlocks: 5 detected, 2 unmitigated
12:32:49 core.sweep_detector INFO: FVGs: 8 detected, 4 unfilled
12:32:51 core.sweep_detector INFO: SweepDetector v2: 0 raw â†’ 0 confirmed (volâ‰Ą2.5Ă— bodyâ‰Ą30%)
12:32:51 core.sweep_detector INFO: OrderBlocks: 5 detected, 2 unmitigated
12:32:51 core.sweep_detector INFO: FVGs: 9 detected, 4 unfilled
12:32:53 core.sweep_detector INFO: SweepDetector v2: 1 raw â†’ 1 confirmed (volâ‰Ą2.5Ă— bodyâ‰Ą30%)
12:32:53 core.sweep_detector INFO: OrderBlocks: 1 detected, 1 unmitigated
12:32:53 core.sweep_detector INFO: FVGs: 8 detected, 2 unfilled
12:32:55 core.sweep_detector INFO: SweepDetector v2: 2 raw â†’ 2 confirmed (volâ‰Ą2.5Ă— bodyâ‰Ą30%)
12:32:55 core.sweep_detector INFO: OrderBlocks: 2 detected, 0 unmitigated
12:32:55 core.sweep_detector INFO: FVGs: 8 detected, 3 unfilled
12:32:57 core.sweep_detector INFO: SweepDetector v2: 1 raw â†’ 1 confirmed (volâ‰Ą2.5Ă— bodyâ‰Ą30%)
12:32:57 core.sweep_detector INFO: OrderBlocks: 6 detected, 4 unmitigated
12:32:57 core.sweep_detector INFO: FVGs: 8 detected, 3 unfilled
12:32:58 core.sweep_detector INFO: SweepDetector v2: 1 raw â†’ 1 confirmed (volâ‰Ą2.5Ă— bodyâ‰Ą30%)
12:32:58 core.sweep_detector INFO: OrderBlocks: 1 detected, 0 unmitigated
12:32:58 core.sweep_detector INFO: FVGs: 12 detected, 2 unfilled
12:33:00 core.sweep_detector INFO: SweepDetector v2: 2 raw â†’ 2 confirmed (volâ‰Ą2.5Ă— bodyâ‰Ą30%)
12:33:00 core.sweep_detector INFO: OrderBlocks: 4 detected, 2 unmitigated
12:33:00 core.sweep_detector INFO: FVGs: 7 detected, 4 unfilled
12:33:02 core.sweep_detector INFO: SweepDetector v2: 1 raw â†’ 1 confirmed (volâ‰Ą2.5Ă— bodyâ‰Ą30%)
12:33:02 core.sweep_detector INFO: OrderBlocks: 2 detected, 1 unmitigated
12:33:02 core.sweep_detector INFO: FVGs: 8 detected, 4 unfilled
12:33:03 core.sweep_detector INFO: SweepDetector v2: 2 raw â†’ 1 confirmed (volâ‰Ą2.5Ă— bodyâ‰Ą30%)
12:33:03 core.sweep_detector INFO: OrderBlocks: 1 detected, 0 unmitigated
12:33:03 core.sweep_detector INFO: FVGs: 6 detected, 0 unfilled
12:33:05 core.sweep_detector INFO: SweepDetector v2: 0 raw â†’ 0 confirmed (volâ‰Ą2.5Ă— bodyâ‰Ą30%)
12:33:05 core.sweep_detector INFO: OrderBlocks: 1 detected, 0 unmitigated
12:33:05 core.sweep_detector INFO: FVGs: 2 detected, 0 unfilled
12:33:07 core.sweep_detector INFO: SweepDetector v2: 2 raw â†’ 1 confirmed (volâ‰Ą2.5Ă— bodyâ‰Ą30%)
12:33:07 core.sweep_detector INFO: OrderBlocks: 6 detected, 4 unmitigated
12:33:07 core.sweep_detector INFO: FVGs: 13 detected, 6 unfilled
12:33:09 core.sweep_detector INFO: SweepDetector v2: 4 raw â†’ 4 confirmed (volâ‰Ą2.5Ă— bodyâ‰Ą30%)
12:33:09 core.sweep_detector INFO: OrderBlocks: 2 detected, 1 unmitigated
12:33:09 core.sweep_detector INFO: FVGs: 5 detected, 2 unfilled
12:33:10 core.sweep_detector INFO: SweepDetector v2: 1 raw â†’ 1 confirmed (volâ‰Ą2.5Ă— bodyâ‰Ą30%)
12:33:10 core.sweep_detector INFO: OrderBlocks: 4 detected, 1 unmitigated
12:33:10 core.sweep_detector INFO: FVGs: 6 detected, 1 unfilled
12:33:12 core.sweep_detector INFO: SweepDetector v2: 2 raw â†’ 1 confirmed (volâ‰Ą2.5Ă— bodyâ‰Ą30%)
12:33:12 core.sweep_detector INFO: OrderBlocks: 5 detected, 1 unmitigated
12:33:12 core.sweep_detector INFO: FVGs: 5 detected, 1 unfilled
12:33:13 core.sweep_detector INFO: SweepDetector v2: 1 raw â†’ 1 confirmed (volâ‰Ą2.5Ă— bodyâ‰Ą30%)
12:33:13 core.sweep_detector INFO: OrderBlocks: 5 detected, 0 unmitigated
12:33:13 core.sweep_detector INFO: FVGs: 9 detected, 1 unfilled
12:33:15 core.sweep_detector INFO: SweepDetector v2: 4 raw â†’ 3 confirmed (volâ‰Ą2.5Ă— bodyâ‰Ą30%)
12:33:15 core.sweep_detector INFO: OrderBlocks: 5 detected, 1 unmitigated
12:33:15 core.sweep_detector INFO: FVGs: 11 detected, 3 unfilled
12:33:17 core.sweep_detector INFO: SweepDetector v2: 0 raw â†’ 0 confirmed (volâ‰Ą2.5Ă— bodyâ‰Ą30%)
12:33:17 core.sweep_detector INFO: OrderBlocks: 1 detected, 1 unmitigated
12:33:17 core.sweep_detector INFO: FVGs: 4 detected, 1 unfilled
12:33:19 core.sweep_detector INFO: SweepDetector v2: 0 raw â†’ 0 confirmed (volâ‰Ą2.5Ă— bodyâ‰Ą30%)
12:33:19 core.sweep_detector INFO: OrderBlocks: 5 detected, 2 unmitigated
12:33:19 core.sweep_detector INFO: FVGs: 5 detected, 3 unfilled
12:33:20 core.sweep_detector INFO: SweepDetector v2: 0 raw â†’ 0 confirmed (volâ‰Ą2.5Ă— bodyâ‰Ą30%)
12:33:20 core.sweep_detector INFO: OrderBlocks: 6 detected, 5 unmitigated
12:33:20 core.sweep_detector INFO: FVGs: 7 detected, 5 unfilled
12:33:22 core.sweep_detector INFO: SweepDetector v2: 0 raw â†’ 0 confirmed (volâ‰Ą2.5Ă— bodyâ‰Ą30%)
12:33:22 core.sweep_detector INFO: OrderBlocks: 8 detected, 3 unmitigated
12:33:22 core.sweep_detector INFO: FVGs: 12 detected, 4 unfilled
12:33:24 core.sweep_detector INFO: SweepDetector v2: 1 raw â†’ 1 confirmed (volâ‰Ą2.5Ă— bodyâ‰Ą30%)
12:33:24 core.sweep_detector INFO: OrderBlocks: 5 detected, 2 unmitigated
12:33:24 core.sweep_detector INFO: FVGs: 9 detected, 4 unfilled
12:33:25 core.sweep_detector INFO: SweepDetector v2: 1 raw â†’ 1 confirmed (volâ‰Ą2.5Ă— bodyâ‰Ą30%)
12:33:25 core.sweep_detector INFO: OrderBlocks: 7 detected, 4 unmitigated
12:33:26 core.sweep_detector INFO: FVGs: 10 detected, 6 unfilled
12:33:27 core.sweep_detector INFO: SweepDetector v2: 0 raw â†’ 0 confirmed (volâ‰Ą2.5Ă— bodyâ‰Ą30%)
12:33:27 core.sweep_detector INFO: OrderBlocks: 10 detected, 3 unmitigated
12:33:27 core.sweep_detector INFO: FVGs: 10 detected, 3 unfilled
12:33:29 core.sweep_detector INFO: SweepDetector v2: 2 raw â†’ 2 confirmed (volâ‰Ą2.5Ă— bodyâ‰Ą30%)
12:33:29 core.sweep_detector INFO: OrderBlocks: 2 detected, 1 unmitigated
12:33:29 core.sweep_detector INFO: FVGs: 12 detected, 2 unfilled
12:33:30 core.sweep_detector INFO: SweepDetector v2: 3 raw â†’ 3 confirmed (volâ‰Ą2.5Ă— bodyâ‰Ą30%)
12:33:30 core.sweep_detector INFO: OrderBlocks: 1 detected, 0 unmitigated
12:33:30 core.sweep_detector INFO: FVGs: 15 detected, 4 unfilled
12:33:32 core.sweep_detector INFO: SweepDetector v2: 2 raw â†’ 2 confirmed (volâ‰Ą2.5Ă— bodyâ‰Ą30%)
12:33:32 core.sweep_detector INFO: OrderBlocks: 7 detected, 3 unmitigated
12:33:32 core.sweep_detector INFO: FVGs: 8 detected, 3 unfilled
12:33:34 core.sweep_detector INFO: SweepDetector v2: 2 raw â†’ 2 confirmed (volâ‰Ą2.5Ă— bodyâ‰Ą30%)
12:33:34 core.sweep_detector INFO: OrderBlocks: 5 detected, 1 unmitigated
12:33:34 core.sweep_detector INFO: FVGs: 5 detected, 1 unfilled
12:33:36 core.sweep_detector INFO: SweepDetector v2: 0 raw â†’ 0 confirmed (volâ‰Ą2.5Ă— bodyâ‰Ą30%)
12:33:36 core.sweep_detector INFO: OrderBlocks: 4 detected, 1 unmitigated
12:33:36 core.sweep_detector INFO: FVGs: 8 detected, 1 unfilled
12:33:38 core.sweep_detector INFO: SweepDetector v2: 0 raw â†’ 0 confirmed (volâ‰Ą2.5Ă— bodyâ‰Ą30%)
12:33:38 core.sweep_detector INFO: OrderBlocks: 1 detected, 1 unmitigated
12:33:38 core.sweep_detector INFO: FVGs: 0 detected, 0 unfilled
12:33:39 core.sweep_detector INFO: SweepDetector v2: 0 raw â†’ 0 confirmed (volâ‰Ą2.5Ă— bodyâ‰Ą30%)
12:33:39 core.sweep_detector INFO: OrderBlocks: 5 detected, 1 unmitigated
12:33:39 core.sweep_detector INFO: FVGs: 0 detected, 0 unfilled
12:33:41 core.sweep_detector INFO: SweepDetector v2: 0 raw â†’ 0 confirmed (volâ‰Ą2.5Ă— bodyâ‰Ą30%)
12:33:41 core.sweep_detector INFO: OrderBlocks: 0 detected, 0 unmitigated
12:33:41 core.sweep_detector INFO: FVGs: 0 detected, 0 unfilled
12:33:43 core.sweep_detector INFO: SweepDetector v2: 6 raw â†’ 3 confirmed (volâ‰Ą2.5Ă— bodyâ‰Ą30%)
12:33:43 core.sweep_detector INFO: OrderBlocks: 9 detected, 3 unmitigated
12:33:43 core.sweep_detector INFO: FVGs: 10 detected, 3 unfilled
12:33:45 core.sweep_detector INFO: SweepDetector v2: 1 raw â†’ 1 confirmed (volâ‰Ą2.5Ă— bodyâ‰Ą30%)
12:33:45 core.sweep_detector INFO: OrderBlocks: 6 detected, 1 unmitigated
12:33:45 core.sweep_detector INFO: FVGs: 10 detected, 2 unfilled
12:33:46 core.sweep_detector INFO: SweepDetector v2: 3 raw â†’ 2 confirmed (volâ‰Ą2.5Ă— bodyâ‰Ą30%)
12:33:46 core.sweep_detector INFO: OrderBlocks: 10 detected, 3 unmitigated
12:33:46 core.sweep_detector INFO: FVGs: 11 detected, 2 unfilled
12:33:48 core.sweep_detector INFO: SweepDetector v2: 1 raw â†’ 1 confirmed (volâ‰Ą2.5Ă— bodyâ‰Ą30%)
12:33:48 core.sweep_detector INFO: OrderBlocks: 7 detected, 2 unmitigated
12:33:48 core.sweep_detector INFO: FVGs: 7 detected, 2 unfilled
12:33:50 core.sweep_detector INFO: SweepDetector v2: 2 raw â†’ 1 confirmed (volâ‰Ą2.5Ă— bodyâ‰Ą30%)
12:33:50 core.sweep_detector INFO: OrderBlocks: 1 detected, 0 unmitigated
12:33:50 core.sweep_detector INFO: FVGs: 11 detected, 3 unfilled
12:33:52 core.sweep_detector INFO: SweepDetector v2: 0 raw â†’ 0 confirmed (volâ‰Ą2.5Ă— bodyâ‰Ą30%)
12:33:52 core.sweep_detector INFO: OrderBlocks: 5 detected, 0 unmitigated
12:33:52 core.sweep_detector INFO: FVGs: 5 detected, 2 unfilled
12:33:54 core.sweep_detector INFO: SweepDetector v2: 0 raw â†’ 0 confirmed (volâ‰Ą2.5Ă— bodyâ‰Ą30%)
12:33:54 core.sweep_detector INFO: OrderBlocks: 7 detected, 3 unmitigated
12:33:54 core.sweep_detector INFO: FVGs: 9 detected, 2 unfilled
12:33:55 core.sweep_detector INFO: SweepDetector v2: 0 raw â†’ 0 confirmed (volâ‰Ą2.5Ă— bodyâ‰Ą30%)
12:33:55 core.sweep_detector INFO: OrderBlocks: 11 detected, 0 unmitigated
12:33:55 core.sweep_detector INFO: FVGs: 6 detected, 0 unfilled
12:33:57 core.sweep_detector INFO: SweepDetector v2: 3 raw â†’ 2 confirmed (volâ‰Ą2.5Ă— bodyâ‰Ą30%)
12:33:57 core.sweep_detector INFO: OrderBlocks: 4 detected, 0 unmitigated
12:33:57 core.sweep_detector INFO: FVGs: 5 detected, 3 unfilled
12:33:59 core.sweep_detector INFO: SweepDetector v2: 2 raw â†’ 2 confirmed (volâ‰Ą2.5Ă— bodyâ‰Ą30%)
12:33:59 core.sweep_detector INFO: OrderBlocks: 5 detected, 1 unmitigated
12:33:59 core.sweep_detector INFO: FVGs: 5 detected, 3 unfilled
12:34:01 core.sweep_detector INFO: SweepDetector v2: 1 raw â†’ 1 confirmed (volâ‰Ą2.5Ă— bodyâ‰Ą30%)
12:34:01 core.sweep_detector INFO: OrderBlocks: 3 detected, 1 unmitigated
12:34:01 core.sweep_detector INFO: FVGs: 4 detected, 1 unfilled
12:34:03 core.sweep_detector INFO: SweepDetector v2: 2 raw â†’ 2 confirmed (volâ‰Ą2.5Ă— bodyâ‰Ą30%)
12:34:03 core.sweep_detector INFO: OrderBlocks: 4 detected, 0 unmitigated
12:34:03 core.sweep_detector INFO: FVGs: 5 detected, 0 unfilled
/root/.openclaw/workspace/projects/crypto-liquidity-hunter/main.py:555: DeprecationWarning: datetime.datetime.utcnow() is deprecated and scheduled for removal in a future version. Use timezone-aware objects to represent datetimes in UTC: datetime.datetime.now(datetime.UTC).
  scan_end     = datetime.utcnow()

=== SCAN ALL: 99 pairs, 3 timeframes ===
Total signals generated: 0
