08:15:01 __main__ INFO: Volume filter: fetching all tickers in one call...
08:15:03 __main__ INFO: Volume filter: 35/170 pairs pass $1M threshold
/root/.openclaw/workspace/projects/crypto-liquidity-hunter/main.py:292: DeprecationWarning: datetime.datetime.utcnow() is deprecated and scheduled for removal in a future version. Use timezone-aware objects to represent datetimes in UTC: datetime.datetime.now(datetime.UTC).
  scan_start = datetime.utcnow()   # for duration tracking
08:15:04 core.binance_connector INFO: BinanceConnector: connected [LIVE FUTURES]
08:15:04 __main__ INFO: Auto-executor: account 'Liquiddbot1' mode=live exec=pending
08:15:05 core.sweep_detector INFO: SweepDetector v2: 3 raw → 3 confirmed (vol≥1.5× body≥40%)
08:15:05 core.sweep_detector INFO: OrderBlocks: 8 detected, 0 unmitigated
08:15:05 core.sweep_detector INFO: FVGs: 12 detected, 2 unfilled
08:15:07 core.sweep_detector INFO: SweepDetector v2: 7 raw → 6 confirmed (vol≥1.5× body≥40%)
08:15:07 core.sweep_detector INFO: OrderBlocks: 3 detected, 2 unmitigated
08:15:07 core.sweep_detector INFO: FVGs: 14 detected, 6 unfilled
08:15:08 core.sweep_detector INFO: SweepDetector v2: 3 raw → 2 confirmed (vol≥1.5× body≥40%)
08:15:08 core.sweep_detector INFO: OrderBlocks: 4 detected, 2 unmitigated
08:15:08 core.sweep_detector INFO: FVGs: 7 detected, 3 unfilled
08:15:10 core.sweep_detector INFO: SweepDetector v2: 4 raw → 3 confirmed (vol≥1.5× body≥40%)
08:15:10 core.sweep_detector INFO: OrderBlocks: 10 detected, 4 unmitigated
08:15:10 core.sweep_detector INFO: FVGs: 11 detected, 6 unfilled
08:15:12 core.sweep_detector INFO: SweepDetector v2: 5 raw → 4 confirmed (vol≥1.5× body≥40%)
08:15:12 core.sweep_detector INFO: OrderBlocks: 3 detected, 1 unmitigated
08:15:12 core.sweep_detector INFO: FVGs: 7 detected, 4 unfilled
08:15:14 core.sweep_detector INFO: SweepDetector v2: 4 raw → 2 confirmed (vol≥1.5× body≥40%)
08:15:14 core.sweep_detector INFO: OrderBlocks: 5 detected, 2 unmitigated
08:15:14 core.sweep_detector INFO: FVGs: 7 detected, 3 unfilled
08:15:16 core.sweep_detector INFO: SweepDetector v2: 5 raw → 4 confirmed (vol≥1.5× body≥40%)
08:15:16 core.sweep_detector INFO: OrderBlocks: 7 detected, 0 unmitigated
08:15:16 core.sweep_detector INFO: FVGs: 10 detected, 4 unfilled
08:15:18 core.sweep_detector INFO: SweepDetector v2: 6 raw → 4 confirmed (vol≥1.5× body≥40%)
08:15:18 core.sweep_detector INFO: OrderBlocks: 3 detected, 2 unmitigated
08:15:18 core.sweep_detector INFO: FVGs: 5 detected, 3 unfilled
08:15:20 core.sweep_detector INFO: SweepDetector v2: 3 raw → 3 confirmed (vol≥1.5× body≥40%)
08:15:20 core.sweep_detector INFO: OrderBlocks: 5 detected, 3 unmitigated
08:15:20 core.sweep_detector INFO: FVGs: 4 detected, 3 unfilled
08:15:21 core.sweep_detector INFO: SweepDetector v2: 4 raw → 3 confirmed (vol≥1.5× body≥40%)
08:15:21 core.sweep_detector INFO: OrderBlocks: 2 detected, 1 unmitigated
08:15:21 core.sweep_detector INFO: FVGs: 3 detected, 2 unfilled
08:15:23 core.sweep_detector INFO: SweepDetector v2: 2 raw → 1 confirmed (vol≥1.5× body≥40%)
08:15:23 core.sweep_detector INFO: OrderBlocks: 3 detected, 0 unmitigated
08:15:23 core.sweep_detector INFO: FVGs: 8 detected, 2 unfilled
08:15:25 core.sweep_detector INFO: SweepDetector v2: 7 raw → 3 confirmed (vol≥1.5× body≥40%)
08:15:25 core.sweep_detector INFO: OrderBlocks: 0 detected, 0 unmitigated
08:15:25 core.sweep_detector INFO: FVGs: 4 detected, 2 unfilled
08:15:26 core.sweep_detector INFO: SweepDetector v2: 2 raw → 2 confirmed (vol≥1.5× body≥40%)
08:15:26 core.sweep_detector INFO: OrderBlocks: 5 detected, 0 unmitigated
08:15:26 core.sweep_detector INFO: FVGs: 5 detected, 1 unfilled
08:15:28 core.sweep_detector INFO: SweepDetector v2: 3 raw → 2 confirmed (vol≥1.5× body≥40%)
08:15:28 core.sweep_detector INFO: OrderBlocks: 6 detected, 3 unmitigated
08:15:28 core.sweep_detector INFO: FVGs: 5 detected, 1 unfilled
08:15:29 core.sweep_detector INFO: SweepDetector v2: 4 raw → 4 confirmed (vol≥1.5× body≥40%)
08:15:29 core.sweep_detector INFO: OrderBlocks: 4 detected, 1 unmitigated
08:15:29 core.sweep_detector INFO: FVGs: 8 detected, 4 unfilled
08:15:31 core.sweep_detector INFO: SweepDetector v2: 4 raw → 2 confirmed (vol≥1.5× body≥40%)
08:15:31 core.sweep_detector INFO: OrderBlocks: 6 detected, 2 unmitigated
08:15:31 core.sweep_detector INFO: FVGs: 9 detected, 2 unfilled
08:15:33 core.sweep_detector INFO: SweepDetector v2: 2 raw → 2 confirmed (vol≥1.5× body≥40%)
08:15:33 core.sweep_detector INFO: OrderBlocks: 3 detected, 2 unmitigated
08:15:33 core.sweep_detector INFO: FVGs: 5 detected, 3 unfilled
08:15:34 core.sweep_detector INFO: SweepDetector v2: 2 raw → 2 confirmed (vol≥1.5× body≥40%)
08:15:34 core.sweep_detector INFO: OrderBlocks: 2 detected, 1 unmitigated
08:15:34 core.sweep_detector INFO: FVGs: 9 detected, 5 unfilled
08:15:36 core.sweep_detector INFO: SweepDetector v2: 5 raw → 3 confirmed (vol≥1.5× body≥40%)
08:15:36 core.sweep_detector INFO: OrderBlocks: 7 detected, 2 unmitigated
08:15:36 core.sweep_detector INFO: FVGs: 8 detected, 2 unfilled
08:15:38 core.sweep_detector INFO: SweepDetector v2: 4 raw → 4 confirmed (vol≥1.5× body≥40%)
08:15:38 core.sweep_detector INFO: OrderBlocks: 2 detected, 1 unmitigated
08:15:38 core.sweep_detector INFO: FVGs: 10 detected, 4 unfilled
08:15:40 core.sweep_detector INFO: SweepDetector v2: 3 raw → 3 confirmed (vol≥1.5× body≥40%)
08:15:40 core.sweep_detector INFO: OrderBlocks: 3 detected, 0 unmitigated
08:15:40 core.sweep_detector INFO: FVGs: 8 detected, 2 unfilled
08:15:41 core.sweep_detector INFO: SweepDetector v2: 3 raw → 2 confirmed (vol≥1.5× body≥40%)
08:15:41 core.sweep_detector INFO: OrderBlocks: 4 detected, 2 unmitigated
08:15:41 core.sweep_detector INFO: FVGs: 5 detected, 1 unfilled
08:15:43 core.sweep_detector INFO: SweepDetector v2: 1 raw → 0 confirmed (vol≥1.5× body≥40%)
08:15:43 core.sweep_detector INFO: OrderBlocks: 1 detected, 0 unmitigated
08:15:43 core.sweep_detector INFO: FVGs: 5 detected, 1 unfilled
08:15:45 core.sweep_detector INFO: SweepDetector v2: 2 raw → 1 confirmed (vol≥1.5× body≥40%)
08:15:45 core.sweep_detector INFO: OrderBlocks: 1 detected, 0 unmitigated
08:15:45 core.sweep_detector INFO: FVGs: 6 detected, 1 unfilled
08:15:46 core.sweep_detector INFO: SweepDetector v2: 3 raw → 2 confirmed (vol≥1.5× body≥40%)
08:15:46 core.sweep_detector INFO: OrderBlocks: 5 detected, 3 unmitigated
08:15:46 core.sweep_detector INFO: FVGs: 9 detected, 4 unfilled
08:15:48 core.sweep_detector INFO: SweepDetector v2: 4 raw → 3 confirmed (vol≥1.5× body≥40%)
08:15:48 core.sweep_detector INFO: OrderBlocks: 3 detected, 2 unmitigated
08:15:48 core.sweep_detector INFO: FVGs: 6 detected, 4 unfilled
08:15:50 core.sweep_detector INFO: SweepDetector v2: 0 raw → 0 confirmed (vol≥1.5× body≥40%)
08:15:50 core.sweep_detector INFO: OrderBlocks: 3 detected, 1 unmitigated
08:15:50 core.sweep_detector INFO: FVGs: 7 detected, 2 unfilled
08:15:51 core.sweep_detector INFO: SweepDetector v2: 0 raw → 0 confirmed (vol≥1.5× body≥40%)
08:15:51 core.sweep_detector INFO: OrderBlocks: 2 detected, 0 unmitigated
08:15:51 core.sweep_detector INFO: FVGs: 2 detected, 1 unfilled
08:15:53 core.sweep_detector INFO: SweepDetector v2: 9 raw → 6 confirmed (vol≥1.5× body≥40%)
08:15:53 core.sweep_detector INFO: OrderBlocks: 1 detected, 1 unmitigated
08:15:53 core.sweep_detector INFO: FVGs: 1 detected, 0 unfilled
08:15:55 core.sweep_detector INFO: SweepDetector v2: 5 raw → 4 confirmed (vol≥1.5× body≥40%)
08:15:55 core.sweep_detector INFO: OrderBlocks: 0 detected, 0 unmitigated
08:15:55 core.sweep_detector INFO: FVGs: 1 detected, 1 unfilled
08:15:56 core.sweep_detector INFO: SweepDetector v2: 7 raw → 6 confirmed (vol≥1.5× body≥40%)
08:15:56 core.sweep_detector INFO: OrderBlocks: 7 detected, 1 unmitigated
08:15:56 core.sweep_detector INFO: FVGs: 9 detected, 2 unfilled
08:15:58 core.sweep_detector INFO: SweepDetector v2: 7 raw → 4 confirmed (vol≥1.5× body≥40%)
08:15:58 core.sweep_detector INFO: OrderBlocks: 6 detected, 2 unmitigated
08:15:58 core.sweep_detector INFO: FVGs: 7 detected, 5 unfilled
08:16:00 core.sweep_detector INFO: SweepDetector v2: 5 raw → 4 confirmed (vol≥1.5× body≥40%)
08:16:00 core.sweep_detector INFO: OrderBlocks: 5 detected, 3 unmitigated
08:16:00 core.sweep_detector INFO: FVGs: 10 detected, 2 unfilled
08:16:02 core.sweep_detector INFO: SweepDetector v2: 6 raw → 6 confirmed (vol≥1.5× body≥40%)
08:16:02 core.sweep_detector INFO: OrderBlocks: 1 detected, 0 unmitigated
08:16:02 core.sweep_detector INFO: FVGs: 3 detected, 0 unfilled
08:16:03 core.sweep_detector INFO: SweepDetector v2: 3 raw → 2 confirmed (vol≥1.5× body≥40%)
08:16:03 core.sweep_detector INFO: OrderBlocks: 4 detected, 0 unmitigated
08:16:03 core.sweep_detector INFO: FVGs: 2 detected, 0 unfilled
08:16:06 core.sweep_detector INFO: SweepDetector v2: 3 raw → 2 confirmed (vol≥1.5× body≥40%)
08:16:06 core.sweep_detector INFO: OrderBlocks: 2 detected, 0 unmitigated
08:16:06 core.sweep_detector INFO: FVGs: 4 detected, 1 unfilled
08:16:07 core.sweep_detector INFO: SweepDetector v2: 6 raw → 5 confirmed (vol≥1.5× body≥40%)
08:16:07 core.sweep_detector INFO: OrderBlocks: 7 detected, 2 unmitigated
08:16:07 core.sweep_detector INFO: FVGs: 8 detected, 4 unfilled
08:16:09 core.sweep_detector INFO: SweepDetector v2: 2 raw → 2 confirmed (vol≥1.5× body≥40%)
08:16:09 core.sweep_detector INFO: OrderBlocks: 5 detected, 1 unmitigated
08:16:09 core.sweep_detector INFO: FVGs: 6 detected, 3 unfilled
08:16:11 core.sweep_detector INFO: SweepDetector v2: 5 raw → 4 confirmed (vol≥1.5× body≥40%)
08:16:11 core.sweep_detector INFO: OrderBlocks: 6 detected, 3 unmitigated
08:16:11 core.sweep_detector INFO: FVGs: 8 detected, 2 unfilled
08:16:13 core.sweep_detector INFO: SweepDetector v2: 9 raw → 8 confirmed (vol≥1.5× body≥40%)
08:16:13 core.sweep_detector INFO: OrderBlocks: 3 detected, 1 unmitigated
08:16:13 core.sweep_detector INFO: FVGs: 12 detected, 6 unfilled
08:16:14 core.sweep_detector INFO: SweepDetector v2: 4 raw → 3 confirmed (vol≥1.5× body≥40%)
08:16:14 core.sweep_detector INFO: OrderBlocks: 2 detected, 1 unmitigated
08:16:14 core.sweep_detector INFO: FVGs: 6 detected, 2 unfilled
08:16:16 core.sweep_detector INFO: SweepDetector v2: 2 raw → 2 confirmed (vol≥1.5× body≥40%)
08:16:16 core.sweep_detector INFO: OrderBlocks: 1 detected, 0 unmitigated
08:16:16 core.sweep_detector INFO: FVGs: 2 detected, 2 unfilled
08:16:18 core.sweep_detector INFO: SweepDetector v2: 7 raw → 7 confirmed (vol≥1.5× body≥40%)
08:16:18 core.sweep_detector INFO: OrderBlocks: 6 detected, 1 unmitigated
08:16:18 core.sweep_detector INFO: FVGs: 12 detected, 2 unfilled
08:16:20 core.sweep_detector INFO: SweepDetector v2: 2 raw → 1 confirmed (vol≥1.5× body≥40%)
08:16:20 core.sweep_detector INFO: OrderBlocks: 1 detected, 1 unmitigated
08:16:20 core.sweep_detector INFO: FVGs: 10 detected, 4 unfilled
08:16:21 core.sweep_detector INFO: SweepDetector v2: 1 raw → 1 confirmed (vol≥1.5× body≥40%)
08:16:21 core.sweep_detector INFO: OrderBlocks: 9 detected, 3 unmitigated
08:16:21 core.sweep_detector INFO: FVGs: 8 detected, 4 unfilled
08:16:23 core.sweep_detector INFO: SweepDetector v2: 7 raw → 6 confirmed (vol≥1.5× body≥40%)
08:16:23 core.sweep_detector INFO: OrderBlocks: 6 detected, 3 unmitigated
08:16:23 core.sweep_detector INFO: FVGs: 8 detected, 3 unfilled
08:16:23 __main__ ERROR: Pending trigger error #4: cannot access local variable 'symbol' where it is not associated with a value
08:16:25 core.sweep_detector INFO: SweepDetector v2: 2 raw → 1 confirmed (vol≥1.5× body≥40%)
08:16:25 core.sweep_detector INFO: OrderBlocks: 4 detected, 3 unmitigated
08:16:25 core.sweep_detector INFO: FVGs: 7 detected, 3 unfilled
08:16:25 __main__ ERROR: Pending trigger error #4: cannot access local variable 'symbol' where it is not associated with a value
08:16:26 core.sweep_detector INFO: SweepDetector v2: 2 raw → 2 confirmed (vol≥1.5× body≥40%)
08:16:26 core.sweep_detector INFO: OrderBlocks: 3 detected, 0 unmitigated
08:16:26 core.sweep_detector INFO: FVGs: 6 detected, 0 unfilled
08:16:28 core.sweep_detector INFO: SweepDetector v2: 7 raw → 6 confirmed (vol≥1.5× body≥40%)
08:16:28 core.sweep_detector INFO: OrderBlocks: 2 detected, 2 unmitigated
08:16:28 core.sweep_detector INFO: FVGs: 17 detected, 6 unfilled
08:16:30 core.sweep_detector INFO: SweepDetector v2: 6 raw → 4 confirmed (vol≥1.5× body≥40%)
08:16:30 core.sweep_detector INFO: OrderBlocks: 9 detected, 2 unmitigated
08:16:30 core.sweep_detector INFO: FVGs: 16 detected, 7 unfilled
08:16:31 core.sweep_detector INFO: SweepDetector v2: 2 raw → 1 confirmed (vol≥1.5× body≥40%)
08:16:31 core.sweep_detector INFO: OrderBlocks: 8 detected, 3 unmitigated
08:16:31 core.sweep_detector INFO: FVGs: 11 detected, 3 unfilled
08:16:33 core.sweep_detector INFO: SweepDetector v2: 1 raw → 1 confirmed (vol≥1.5× body≥40%)
08:16:33 core.sweep_detector INFO: OrderBlocks: 2 detected, 1 unmitigated
08:16:33 core.sweep_detector INFO: FVGs: 4 detected, 0 unfilled
08:16:35 core.sweep_detector INFO: SweepDetector v2: 5 raw → 4 confirmed (vol≥1.5× body≥40%)
08:16:35 core.sweep_detector INFO: OrderBlocks: 1 detected, 0 unmitigated
08:16:35 core.sweep_detector INFO: FVGs: 6 detected, 2 unfilled
08:16:37 core.sweep_detector INFO: SweepDetector v2: 4 raw → 1 confirmed (vol≥1.5× body≥40%)
08:16:37 core.sweep_detector INFO: OrderBlocks: 6 detected, 0 unmitigated
08:16:37 core.sweep_detector INFO: FVGs: 1 detected, 0 unfilled
08:16:39 core.sweep_detector INFO: SweepDetector v2: 2 raw → 2 confirmed (vol≥1.5× body≥40%)
08:16:39 core.sweep_detector INFO: OrderBlocks: 7 detected, 3 unmitigated
08:16:39 core.sweep_detector INFO: FVGs: 5 detected, 4 unfilled
08:16:40 core.sweep_detector INFO: SweepDetector v2: 3 raw → 1 confirmed (vol≥1.5× body≥40%)
08:16:40 core.sweep_detector INFO: OrderBlocks: 3 detected, 2 unmitigated
08:16:40 core.sweep_detector INFO: FVGs: 3 detected, 3 unfilled
08:16:42 core.sweep_detector INFO: SweepDetector v2: 3 raw → 3 confirmed (vol≥1.5× body≥40%)
08:16:42 core.sweep_detector INFO: OrderBlocks: 1 detected, 0 unmitigated
08:16:42 core.sweep_detector INFO: FVGs: 5 detected, 2 unfilled
08:16:45 core.sweep_detector INFO: SweepDetector v2: 4 raw → 4 confirmed (vol≥1.5× body≥40%)
08:16:45 core.sweep_detector INFO: OrderBlocks: 7 detected, 4 unmitigated
08:16:45 core.sweep_detector INFO: FVGs: 10 detected, 4 unfilled
08:16:47 core.sweep_detector INFO: SweepDetector v2: 3 raw → 3 confirmed (vol≥1.5× body≥40%)
08:16:47 core.sweep_detector INFO: OrderBlocks: 4 detected, 2 unmitigated
08:16:47 core.sweep_detector INFO: FVGs: 6 detected, 2 unfilled
08:16:49 core.sweep_detector INFO: SweepDetector v2: 2 raw → 2 confirmed (vol≥1.5× body≥40%)
08:16:49 core.sweep_detector INFO: OrderBlocks: 5 detected, 3 unmitigated
08:16:49 core.sweep_detector INFO: FVGs: 2 detected, 1 unfilled
08:16:50 core.sweep_detector INFO: SweepDetector v2: 4 raw → 3 confirmed (vol≥1.5× body≥40%)
08:16:50 core.sweep_detector INFO: OrderBlocks: 4 detected, 2 unmitigated
08:16:50 core.sweep_detector INFO: FVGs: 7 detected, 2 unfilled
08:16:52 core.sweep_detector INFO: SweepDetector v2: 3 raw → 2 confirmed (vol≥1.5× body≥40%)
08:16:52 core.sweep_detector INFO: OrderBlocks: 2 detected, 0 unmitigated
08:16:52 core.sweep_detector INFO: FVGs: 7 detected, 2 unfilled
08:16:53 core.sweep_detector INFO: SweepDetector v2: 3 raw → 2 confirmed (vol≥1.5× body≥40%)
08:16:53 core.sweep_detector INFO: OrderBlocks: 9 detected, 1 unmitigated
08:16:53 core.sweep_detector INFO: FVGs: 4 detected, 0 unfilled
08:16:56 core.sweep_detector INFO: SweepDetector v2: 9 raw → 6 confirmed (vol≥1.5× body≥40%)
08:16:56 core.sweep_detector INFO: OrderBlocks: 4 detected, 2 unmitigated
08:16:56 core.sweep_detector INFO: FVGs: 9 detected, 3 unfilled
08:16:58 core.sweep_detector INFO: SweepDetector v2: 6 raw → 3 confirmed (vol≥1.5× body≥40%)
08:16:58 core.sweep_detector INFO: OrderBlocks: 3 detected, 1 unmitigated
08:16:58 core.sweep_detector INFO: FVGs: 6 detected, 1 unfilled
08:17:00 core.sweep_detector INFO: SweepDetector v2: 5 raw → 3 confirmed (vol≥1.5× body≥40%)
08:17:00 core.sweep_detector INFO: OrderBlocks: 5 detected, 1 unmitigated
08:17:00 core.sweep_detector INFO: FVGs: 15 detected, 3 unfilled
08:17:02 core.sweep_detector INFO: SweepDetector v2: 2 raw → 2 confirmed (vol≥1.5× body≥40%)
08:17:02 core.sweep_detector INFO: OrderBlocks: 7 detected, 2 unmitigated
08:17:02 core.sweep_detector INFO: FVGs: 9 detected, 2 unfilled
08:17:03 core.sweep_detector INFO: SweepDetector v2: 2 raw → 1 confirmed (vol≥1.5× body≥40%)
08:17:03 core.sweep_detector INFO: OrderBlocks: 4 detected, 3 unmitigated
08:17:03 core.sweep_detector INFO: FVGs: 6 detected, 2 unfilled
08:17:05 core.sweep_detector INFO: SweepDetector v2: 3 raw → 3 confirmed (vol≥1.5× body≥40%)
08:17:05 core.sweep_detector INFO: OrderBlocks: 3 detected, 1 unmitigated
08:17:05 core.sweep_detector INFO: FVGs: 4 detected, 0 unfilled
08:17:07 core.sweep_detector INFO: SweepDetector v2: 9 raw → 6 confirmed (vol≥1.5× body≥40%)
08:17:07 core.sweep_detector INFO: OrderBlocks: 8 detected, 0 unmitigated
08:17:07 core.sweep_detector INFO: FVGs: 9 detected, 3 unfilled
08:17:08 core.sweep_detector INFO: SweepDetector v2: 2 raw → 2 confirmed (vol≥1.5× body≥40%)
08:17:08 core.sweep_detector INFO: OrderBlocks: 6 detected, 2 unmitigated
08:17:08 core.sweep_detector INFO: FVGs: 15 detected, 4 unfilled
08:17:10 core.sweep_detector INFO: SweepDetector v2: 6 raw → 3 confirmed (vol≥1.5× body≥40%)
08:17:10 core.sweep_detector INFO: OrderBlocks: 5 detected, 1 unmitigated
08:17:10 core.sweep_detector INFO: FVGs: 12 detected, 4 unfilled
08:17:12 core.sweep_detector INFO: SweepDetector v2: 0 raw → 0 confirmed (vol≥1.5× body≥40%)
08:17:12 core.sweep_detector INFO: OrderBlocks: 4 detected, 1 unmitigated
08:17:12 core.sweep_detector INFO: FVGs: 7 detected, 2 unfilled
08:17:13 core.sweep_detector INFO: SweepDetector v2: 4 raw → 2 confirmed (vol≥1.5× body≥40%)
08:17:13 core.sweep_detector INFO: OrderBlocks: 4 detected, 3 unmitigated
08:17:13 core.sweep_detector INFO: FVGs: 5 detected, 2 unfilled
08:17:15 core.sweep_detector INFO: SweepDetector v2: 1 raw → 1 confirmed (vol≥1.5× body≥40%)
08:17:15 core.sweep_detector INFO: OrderBlocks: 6 detected, 1 unmitigated
08:17:15 core.sweep_detector INFO: FVGs: 7 detected, 1 unfilled
08:17:17 core.sweep_detector INFO: SweepDetector v2: 1 raw → 0 confirmed (vol≥1.5× body≥40%)
08:17:17 core.sweep_detector INFO: OrderBlocks: 1 detected, 1 unmitigated
08:17:17 core.sweep_detector INFO: FVGs: 6 detected, 4 unfilled
08:17:18 core.sweep_detector INFO: SweepDetector v2: 1 raw → 0 confirmed (vol≥1.5× body≥40%)
08:17:18 core.sweep_detector INFO: OrderBlocks: 7 detected, 3 unmitigated
08:17:18 core.sweep_detector INFO: FVGs: 4 detected, 2 unfilled
08:17:20 core.sweep_detector INFO: SweepDetector v2: 0 raw → 0 confirmed (vol≥1.5× body≥40%)
08:17:21 core.sweep_detector INFO: OrderBlocks: 11 detected, 4 unmitigated
08:17:21 core.sweep_detector INFO: FVGs: 8 detected, 3 unfilled
08:17:22 core.sweep_detector INFO: SweepDetector v2: 4 raw → 4 confirmed (vol≥1.5× body≥40%)
08:17:22 core.sweep_detector INFO: OrderBlocks: 6 detected, 1 unmitigated
08:17:22 core.sweep_detector INFO: FVGs: 9 detected, 4 unfilled
08:17:24 core.sweep_detector INFO: SweepDetector v2: 7 raw → 5 confirmed (vol≥1.5× body≥40%)
08:17:24 core.sweep_detector INFO: OrderBlocks: 6 detected, 3 unmitigated
08:17:24 core.sweep_detector INFO: FVGs: 12 detected, 6 unfilled
08:17:25 core.sweep_detector INFO: SweepDetector v2: 2 raw → 0 confirmed (vol≥1.5× body≥40%)
08:17:25 core.sweep_detector INFO: OrderBlocks: 9 detected, 3 unmitigated
08:17:25 core.sweep_detector INFO: FVGs: 8 detected, 1 unfilled
08:17:27 core.sweep_detector INFO: SweepDetector v2: 1 raw → 1 confirmed (vol≥1.5× body≥40%)
08:17:27 core.sweep_detector INFO: OrderBlocks: 9 detected, 2 unmitigated
08:17:27 core.sweep_detector INFO: FVGs: 15 detected, 3 unfilled
08:17:29 core.sweep_detector INFO: SweepDetector v2: 4 raw → 4 confirmed (vol≥1.5× body≥40%)
08:17:29 core.sweep_detector INFO: OrderBlocks: 4 detected, 1 unmitigated
08:17:29 core.sweep_detector INFO: FVGs: 10 detected, 5 unfilled
08:17:31 core.sweep_detector INFO: SweepDetector v2: 1 raw → 1 confirmed (vol≥1.5× body≥40%)
08:17:31 core.sweep_detector INFO: OrderBlocks: 10 detected, 3 unmitigated
08:17:31 core.sweep_detector INFO: FVGs: 9 detected, 5 unfilled
08:17:32 core.sweep_detector INFO: SweepDetector v2: 4 raw → 2 confirmed (vol≥1.5× body≥40%)
08:17:32 core.sweep_detector INFO: OrderBlocks: 8 detected, 1 unmitigated
08:17:32 core.sweep_detector INFO: FVGs: 6 detected, 1 unfilled
08:17:34 core.sweep_detector INFO: SweepDetector v2: 6 raw → 3 confirmed (vol≥1.5× body≥40%)
08:17:34 core.sweep_detector INFO: OrderBlocks: 4 detected, 1 unmitigated
08:17:34 core.sweep_detector INFO: FVGs: 10 detected, 3 unfilled
08:17:36 core.sweep_detector INFO: SweepDetector v2: 4 raw → 2 confirmed (vol≥1.5× body≥40%)
08:17:36 core.sweep_detector INFO: OrderBlocks: 6 detected, 1 unmitigated
08:17:36 core.sweep_detector INFO: FVGs: 7 detected, 3 unfilled
08:17:38 core.sweep_detector INFO: SweepDetector v2: 2 raw → 1 confirmed (vol≥1.5× body≥40%)
08:17:38 core.sweep_detector INFO: OrderBlocks: 1 detected, 0 unmitigated
08:17:38 core.sweep_detector INFO: FVGs: 6 detected, 2 unfilled
08:17:39 core.sweep_detector INFO: SweepDetector v2: 4 raw → 4 confirmed (vol≥1.5× body≥40%)
08:17:39 core.sweep_detector INFO: OrderBlocks: 6 detected, 1 unmitigated
08:17:39 core.sweep_detector INFO: FVGs: 10 detected, 2 unfilled
08:17:41 core.sweep_detector INFO: SweepDetector v2: 1 raw → 0 confirmed (vol≥1.5× body≥40%)
08:17:41 core.sweep_detector INFO: OrderBlocks: 5 detected, 2 unmitigated
08:17:41 core.sweep_detector INFO: FVGs: 9 detected, 4 unfilled
08:17:43 core.sweep_detector INFO: SweepDetector v2: 7 raw → 5 confirmed (vol≥1.5× body≥40%)
08:17:43 core.sweep_detector INFO: OrderBlocks: 8 detected, 3 unmitigated
08:17:43 core.sweep_detector INFO: FVGs: 7 detected, 3 unfilled
08:17:45 core.sweep_detector INFO: SweepDetector v2: 1 raw → 0 confirmed (vol≥1.5× body≥40%)
08:17:45 core.sweep_detector INFO: OrderBlocks: 5 detected, 1 unmitigated
08:17:45 core.sweep_detector INFO: FVGs: 7 detected, 3 unfilled
08:17:47 core.sweep_detector INFO: SweepDetector v2: 4 raw → 3 confirmed (vol≥1.5× body≥40%)
08:17:47 core.sweep_detector INFO: OrderBlocks: 7 detected, 2 unmitigated
08:17:47 core.sweep_detector INFO: FVGs: 7 detected, 1 unfilled
08:17:48 core.sweep_detector INFO: SweepDetector v2: 4 raw → 4 confirmed (vol≥1.5× body≥40%)
08:17:48 core.sweep_detector INFO: OrderBlocks: 7 detected, 1 unmitigated
08:17:48 core.sweep_detector INFO: FVGs: 11 detected, 2 unfilled
08:17:51 core.sweep_detector INFO: SweepDetector v2: 7 raw → 4 confirmed (vol≥1.5× body≥40%)
08:17:51 core.sweep_detector INFO: OrderBlocks: 3 detected, 1 unmitigated
08:17:51 core.sweep_detector INFO: FVGs: 8 detected, 3 unfilled
08:17:52 core.sweep_detector INFO: SweepDetector v2: 1 raw → 1 confirmed (vol≥1.5× body≥40%)
08:17:52 core.sweep_detector INFO: OrderBlocks: 5 detected, 1 unmitigated
08:17:52 core.sweep_detector INFO: FVGs: 2 detected, 0 unfilled
08:17:54 core.sweep_detector INFO: SweepDetector v2: 2 raw → 0 confirmed (vol≥1.5× body≥40%)
08:17:54 core.sweep_detector INFO: OrderBlocks: 4 detected, 1 unmitigated
08:17:54 core.sweep_detector INFO: FVGs: 9 detected, 3 unfilled
08:17:56 core.sweep_detector INFO: SweepDetector v2: 6 raw → 4 confirmed (vol≥1.5× body≥40%)
08:17:56 core.sweep_detector INFO: OrderBlocks: 4 detected, 3 unmitigated
08:17:56 core.sweep_detector INFO: FVGs: 7 detected, 2 unfilled
08:17:59 core.sweep_detector INFO: SweepDetector v2: 0 raw → 0 confirmed (vol≥1.5× body≥40%)
08:17:59 core.sweep_detector INFO: OrderBlocks: 5 detected, 4 unmitigated
08:17:59 core.sweep_detector INFO: FVGs: 4 detected, 4 unfilled
08:18:00 core.sweep_detector INFO: SweepDetector v2: 2 raw → 2 confirmed (vol≥1.5× body≥40%)
08:18:00 core.sweep_detector INFO: OrderBlocks: 8 detected, 4 unmitigated
08:18:00 core.sweep_detector INFO: FVGs: 13 detected, 5 unfilled
08:18:02 core.sweep_detector INFO: SweepDetector v2: 3 raw → 3 confirmed (vol≥1.5× body≥40%)
08:18:02 core.sweep_detector INFO: OrderBlocks: 6 detected, 0 unmitigated
08:18:02 core.sweep_detector INFO: FVGs: 16 detected, 3 unfilled
08:18:04 core.sweep_detector INFO: SweepDetector v2: 2 raw → 0 confirmed (vol≥1.5× body≥40%)
08:18:04 core.sweep_detector INFO: OrderBlocks: 2 detected, 2 unmitigated
08:18:04 core.sweep_detector INFO: FVGs: 6 detected, 6 unfilled
08:18:06 core.sweep_detector INFO: SweepDetector v2: 5 raw → 4 confirmed (vol≥1.5× body≥40%)
08:18:06 core.sweep_detector INFO: OrderBlocks: 8 detected, 2 unmitigated
08:18:06 core.sweep_detector INFO: FVGs: 16 detected, 4 unfilled
08:18:07 core.sweep_detector INFO: SweepDetector v2: 3 raw → 3 confirmed (vol≥1.5× body≥40%)
08:18:07 core.sweep_detector INFO: OrderBlocks: 8 detected, 2 unmitigated
08:18:07 core.sweep_detector INFO: FVGs: 13 detected, 4 unfilled
08:18:09 core.sweep_detector INFO: SweepDetector v2: 1 raw → 1 confirmed (vol≥1.5× body≥40%)
08:18:09 core.sweep_detector INFO: OrderBlocks: 4 detected, 1 unmitigated
08:18:09 core.sweep_detector INFO: FVGs: 11 detected, 4 unfilled
/root/.openclaw/workspace/projects/crypto-liquidity-hunter/main.py:555: DeprecationWarning: datetime.datetime.utcnow() is deprecated and scheduled for removal in a future version. Use timezone-aware objects to represent datetimes in UTC: datetime.datetime.now(datetime.UTC).
  scan_end     = datetime.utcnow()

=== SCAN ALL: 35 pairs, 3 timeframes ===
Total signals generated: 0
