04:45:02 __main__ INFO: Volume filter: fetching all tickers in one call...
04:45:03 __main__ INFO: Volume filter: 97/447 pairs pass $2M threshold
/root/.openclaw/workspace/projects/crypto-liquidity-hunter/main.py:292: DeprecationWarning: datetime.datetime.utcnow() is deprecated and scheduled for removal in a future version. Use timezone-aware objects to represent datetimes in UTC: datetime.datetime.now(datetime.UTC).
  scan_start = datetime.utcnow()   # for duration tracking
04:45:05 core.binance_connector INFO: BinanceConnector: connected [LIVE FUTURES MAINNET]
04:45:05 __main__ INFO: Auto-executor: account 'Liquiddbot1' mode=live exec=auto
04:45:06 core.sweep_detector INFO: SweepDetector v2: 2 raw → 1 confirmed (vol≥2.5× body≥30%)
04:45:06 core.sweep_detector INFO: OrderBlocks: 6 detected, 0 unmitigated
04:45:06 core.sweep_detector INFO: FVGs: 11 detected, 0 unfilled
04:45:09 core.sweep_detector INFO: SweepDetector v2: 3 raw → 2 confirmed (vol≥2.5× body≥30%)
04:45:09 core.sweep_detector INFO: OrderBlocks: 4 detected, 1 unmitigated
04:45:09 core.sweep_detector INFO: FVGs: 5 detected, 2 unfilled
04:45:13 core.sweep_detector INFO: SweepDetector v2: 0 raw → 0 confirmed (vol≥2.5× body≥30%)
04:45:13 core.sweep_detector INFO: OrderBlocks: 4 detected, 0 unmitigated
04:45:13 core.sweep_detector INFO: FVGs: 8 detected, 3 unfilled
04:45:15 core.sweep_detector INFO: SweepDetector v2: 0 raw → 0 confirmed (vol≥2.5× body≥30%)
04:45:15 core.sweep_detector INFO: OrderBlocks: 9 detected, 4 unmitigated
04:45:15 core.sweep_detector INFO: FVGs: 11 detected, 6 unfilled
04:45:16 core.sweep_detector INFO: SweepDetector v2: 2 raw → 2 confirmed (vol≥2.5× body≥30%)
04:45:16 core.sweep_detector INFO: OrderBlocks: 4 detected, 3 unmitigated
04:45:16 core.sweep_detector INFO: FVGs: 10 detected, 2 unfilled
04:45:18 core.sweep_detector INFO: SweepDetector v2: 2 raw → 2 confirmed (vol≥2.5× body≥30%)
04:45:18 core.sweep_detector INFO: OrderBlocks: 3 detected, 0 unmitigated
04:45:18 core.sweep_detector INFO: FVGs: 7 detected, 2 unfilled
04:45:20 core.sweep_detector INFO: SweepDetector v2: 1 raw → 1 confirmed (vol≥2.5× body≥30%)
04:45:20 core.sweep_detector INFO: OrderBlocks: 9 detected, 2 unmitigated
04:45:20 core.sweep_detector INFO: FVGs: 10 detected, 4 unfilled
04:45:21 core.sweep_detector INFO: SweepDetector v2: 1 raw → 1 confirmed (vol≥2.5× body≥30%)
04:45:21 core.sweep_detector INFO: OrderBlocks: 4 detected, 2 unmitigated
04:45:21 core.sweep_detector INFO: FVGs: 8 detected, 2 unfilled
04:45:23 core.sweep_detector INFO: SweepDetector v2: 2 raw → 2 confirmed (vol≥2.5× body≥30%)
04:45:23 core.sweep_detector INFO: OrderBlocks: 8 detected, 1 unmitigated
04:45:23 core.sweep_detector INFO: FVGs: 9 detected, 3 unfilled
04:45:25 core.sweep_detector INFO: SweepDetector v2: 5 raw → 5 confirmed (vol≥2.5× body≥30%)
04:45:25 core.sweep_detector INFO: OrderBlocks: 4 detected, 0 unmitigated
04:45:25 core.sweep_detector INFO: FVGs: 9 detected, 1 unfilled
04:45:27 core.sweep_detector INFO: SweepDetector v2: 3 raw → 3 confirmed (vol≥2.5× body≥30%)
04:45:27 core.sweep_detector INFO: OrderBlocks: 4 detected, 2 unmitigated
04:45:27 core.sweep_detector INFO: FVGs: 8 detected, 2 unfilled
04:45:29 core.sweep_detector INFO: SweepDetector v2: 1 raw → 1 confirmed (vol≥2.5× body≥30%)
04:45:29 core.sweep_detector INFO: OrderBlocks: 5 detected, 1 unmitigated
04:45:29 core.sweep_detector INFO: FVGs: 4 detected, 1 unfilled
04:45:31 core.sweep_detector INFO: SweepDetector v2: 3 raw → 2 confirmed (vol≥2.5× body≥30%)
04:45:31 core.sweep_detector INFO: OrderBlocks: 7 detected, 0 unmitigated
04:45:31 core.sweep_detector INFO: FVGs: 8 detected, 0 unfilled
04:45:33 core.sweep_detector INFO: SweepDetector v2: 1 raw → 0 confirmed (vol≥2.5× body≥30%)
04:45:33 core.sweep_detector INFO: OrderBlocks: 5 detected, 2 unmitigated
04:45:33 core.sweep_detector INFO: FVGs: 10 detected, 0 unfilled
04:45:35 core.sweep_detector INFO: SweepDetector v2: 1 raw → 1 confirmed (vol≥2.5× body≥30%)
04:45:35 core.sweep_detector INFO: OrderBlocks: 6 detected, 0 unmitigated
04:45:35 core.sweep_detector INFO: FVGs: 13 detected, 3 unfilled
04:45:37 core.sweep_detector INFO: SweepDetector v2: 2 raw → 1 confirmed (vol≥2.5× body≥30%)
04:45:37 core.sweep_detector INFO: OrderBlocks: 6 detected, 2 unmitigated
04:45:37 core.sweep_detector INFO: FVGs: 9 detected, 4 unfilled
04:45:40 core.sweep_detector INFO: SweepDetector v2: 1 raw → 1 confirmed (vol≥2.5× body≥30%)
04:45:40 core.sweep_detector INFO: OrderBlocks: 2 detected, 0 unmitigated
04:45:40 core.sweep_detector INFO: FVGs: 9 detected, 1 unfilled
04:45:43 core.sweep_detector INFO: SweepDetector v2: 2 raw → 1 confirmed (vol≥2.5× body≥30%)
04:45:43 core.sweep_detector INFO: OrderBlocks: 2 detected, 1 unmitigated
04:45:43 core.sweep_detector INFO: FVGs: 10 detected, 2 unfilled
04:45:45 core.sweep_detector INFO: SweepDetector v2: 2 raw → 1 confirmed (vol≥2.5× body≥30%)
04:45:45 core.sweep_detector INFO: OrderBlocks: 5 detected, 1 unmitigated
04:45:45 core.sweep_detector INFO: FVGs: 11 detected, 4 unfilled
04:45:46 core.sweep_detector INFO: SweepDetector v2: 1 raw → 1 confirmed (vol≥2.5× body≥30%)
04:45:46 core.sweep_detector INFO: OrderBlocks: 6 detected, 2 unmitigated
04:45:46 core.sweep_detector INFO: FVGs: 11 detected, 3 unfilled
04:45:48 core.sweep_detector INFO: SweepDetector v2: 3 raw → 3 confirmed (vol≥2.5× body≥30%)
04:45:48 core.sweep_detector INFO: OrderBlocks: 1 detected, 0 unmitigated
04:45:48 core.sweep_detector INFO: FVGs: 11 detected, 3 unfilled
04:45:50 core.sweep_detector INFO: SweepDetector v2: 5 raw → 5 confirmed (vol≥2.5× body≥30%)
04:45:50 core.sweep_detector INFO: OrderBlocks: 1 detected, 0 unmitigated
04:45:50 core.sweep_detector INFO: FVGs: 3 detected, 1 unfilled
04:45:51 core.sweep_detector INFO: SweepDetector v2: 2 raw → 2 confirmed (vol≥2.5× body≥30%)
04:45:51 core.sweep_detector INFO: OrderBlocks: 3 detected, 2 unmitigated
04:45:51 core.sweep_detector INFO: FVGs: 6 detected, 2 unfilled
04:45:53 core.sweep_detector INFO: SweepDetector v2: 2 raw → 2 confirmed (vol≥2.5× body≥30%)
04:45:53 core.sweep_detector INFO: OrderBlocks: 4 detected, 1 unmitigated
04:45:53 core.sweep_detector INFO: FVGs: 7 detected, 2 unfilled
04:45:55 core.sweep_detector INFO: SweepDetector v2: 2 raw → 2 confirmed (vol≥2.5× body≥30%)
04:45:55 core.sweep_detector INFO: OrderBlocks: 4 detected, 2 unmitigated
04:45:55 core.sweep_detector INFO: FVGs: 13 detected, 6 unfilled
04:45:57 core.sweep_detector INFO: SweepDetector v2: 1 raw → 1 confirmed (vol≥2.5× body≥30%)
04:45:57 core.sweep_detector INFO: OrderBlocks: 5 detected, 3 unmitigated
04:45:57 core.sweep_detector INFO: FVGs: 10 detected, 3 unfilled
04:45:58 core.sweep_detector INFO: SweepDetector v2: 2 raw → 2 confirmed (vol≥2.5× body≥30%)
04:45:58 core.sweep_detector INFO: OrderBlocks: 3 detected, 0 unmitigated
04:45:58 core.sweep_detector INFO: FVGs: 6 detected, 2 unfilled
04:46:00 core.sweep_detector INFO: SweepDetector v2: 1 raw → 1 confirmed (vol≥2.5× body≥30%)
04:46:00 core.sweep_detector INFO: OrderBlocks: 5 detected, 0 unmitigated
04:46:00 core.sweep_detector INFO: FVGs: 7 detected, 0 unfilled
04:46:02 core.sweep_detector INFO: SweepDetector v2: 0 raw → 0 confirmed (vol≥2.5× body≥30%)
04:46:02 core.sweep_detector INFO: OrderBlocks: 5 detected, 2 unmitigated
04:46:02 core.sweep_detector INFO: FVGs: 10 detected, 3 unfilled
04:46:03 core.sweep_detector INFO: SweepDetector v2: 0 raw → 0 confirmed (vol≥2.5× body≥30%)
04:46:03 core.sweep_detector INFO: OrderBlocks: 6 detected, 3 unmitigated
04:46:03 core.sweep_detector INFO: FVGs: 8 detected, 4 unfilled
04:46:05 core.sweep_detector INFO: SweepDetector v2: 4 raw → 4 confirmed (vol≥2.5× body≥30%)
04:46:05 core.sweep_detector INFO: OrderBlocks: 2 detected, 2 unmitigated
04:46:05 core.sweep_detector INFO: FVGs: 12 detected, 4 unfilled
04:46:14 core.sweep_detector INFO: SweepDetector v2: 1 raw → 1 confirmed (vol≥2.5× body≥30%)
04:46:14 core.sweep_detector INFO: OrderBlocks: 6 detected, 2 unmitigated
04:46:14 core.sweep_detector INFO: FVGs: 12 detected, 2 unfilled
04:46:16 core.sweep_detector INFO: SweepDetector v2: 2 raw → 1 confirmed (vol≥2.5× body≥30%)
04:46:16 core.sweep_detector INFO: OrderBlocks: 3 detected, 0 unmitigated
04:46:16 core.sweep_detector INFO: FVGs: 8 detected, 2 unfilled
04:46:18 core.sweep_detector INFO: SweepDetector v2: 0 raw → 0 confirmed (vol≥2.5× body≥30%)
04:46:18 core.sweep_detector INFO: OrderBlocks: 4 detected, 2 unmitigated
04:46:18 core.sweep_detector INFO: FVGs: 7 detected, 2 unfilled
04:46:19 core.sweep_detector INFO: SweepDetector v2: 2 raw → 2 confirmed (vol≥2.5× body≥30%)
04:46:19 core.sweep_detector INFO: OrderBlocks: 5 detected, 3 unmitigated
04:46:19 core.sweep_detector INFO: FVGs: 7 detected, 3 unfilled
04:46:21 core.sweep_detector INFO: SweepDetector v2: 2 raw → 2 confirmed (vol≥2.5× body≥30%)
04:46:21 core.sweep_detector INFO: OrderBlocks: 5 detected, 0 unmitigated
04:46:21 core.sweep_detector INFO: FVGs: 5 detected, 0 unfilled
04:46:22 core.sweep_detector INFO: SweepDetector v2: 1 raw → 1 confirmed (vol≥2.5× body≥30%)
04:46:22 core.sweep_detector INFO: OrderBlocks: 7 detected, 4 unmitigated
04:46:22 core.sweep_detector INFO: FVGs: 10 detected, 4 unfilled
04:46:24 core.sweep_detector INFO: SweepDetector v2: 1 raw → 1 confirmed (vol≥2.5× body≥30%)
04:46:24 core.sweep_detector INFO: OrderBlocks: 7 detected, 1 unmitigated
04:46:24 core.sweep_detector INFO: FVGs: 5 detected, 0 unfilled
04:46:26 core.sweep_detector INFO: SweepDetector v2: 2 raw → 2 confirmed (vol≥2.5× body≥30%)
04:46:26 core.sweep_detector INFO: OrderBlocks: 6 detected, 1 unmitigated
04:46:26 core.sweep_detector INFO: FVGs: 5 detected, 1 unfilled
04:46:26 __main__ INFO: Pending signal #74: binance:BNB/USDT short entry=618.045 current=612.36 dist=0.93% expires=2h
04:46:36 alerts.telegram INFO: Alert sent: binance:BNB/USDT short RR=3.36
04:46:38 core.sweep_detector INFO: SweepDetector v2: 1 raw → 1 confirmed (vol≥2.5× body≥30%)
04:46:38 core.sweep_detector INFO: OrderBlocks: 6 detected, 1 unmitigated
04:46:38 core.sweep_detector INFO: FVGs: 7 detected, 2 unfilled
04:46:39 core.sweep_detector INFO: SweepDetector v2: 1 raw → 1 confirmed (vol≥2.5× body≥30%)
04:46:39 core.sweep_detector INFO: OrderBlocks: 2 detected, 1 unmitigated
04:46:39 core.sweep_detector INFO: FVGs: 10 detected, 2 unfilled
04:46:41 core.sweep_detector INFO: SweepDetector v2: 2 raw → 2 confirmed (vol≥2.5× body≥30%)
04:46:41 core.sweep_detector INFO: OrderBlocks: 3 detected, 0 unmitigated
04:46:41 core.sweep_detector INFO: FVGs: 8 detected, 1 unfilled
04:46:43 core.sweep_detector INFO: SweepDetector v2: 0 raw → 0 confirmed (vol≥2.5× body≥30%)
04:46:43 core.sweep_detector INFO: OrderBlocks: 7 detected, 3 unmitigated
04:46:43 core.sweep_detector INFO: FVGs: 9 detected, 2 unfilled
04:46:44 core.sweep_detector INFO: SweepDetector v2: 2 raw → 1 confirmed (vol≥2.5× body≥30%)
04:46:44 core.sweep_detector INFO: OrderBlocks: 5 detected, 1 unmitigated
04:46:44 core.sweep_detector INFO: FVGs: 9 detected, 2 unfilled
04:46:46 core.sweep_detector INFO: SweepDetector v2: 1 raw → 1 confirmed (vol≥2.5× body≥30%)
04:46:46 core.sweep_detector INFO: OrderBlocks: 3 detected, 1 unmitigated
04:46:46 core.sweep_detector INFO: FVGs: 6 detected, 4 unfilled
04:46:48 core.sweep_detector INFO: SweepDetector v2: 7 raw → 5 confirmed (vol≥2.5× body≥30%)
04:46:48 core.sweep_detector INFO: OrderBlocks: 3 detected, 2 unmitigated
04:46:48 core.sweep_detector INFO: FVGs: 10 detected, 5 unfilled
04:46:49 core.sweep_detector INFO: SweepDetector v2: 3 raw → 1 confirmed (vol≥2.5× body≥30%)
04:46:49 core.sweep_detector INFO: OrderBlocks: 5 detected, 4 unmitigated
04:46:49 core.sweep_detector INFO: FVGs: 10 detected, 3 unfilled
04:46:51 core.sweep_detector INFO: SweepDetector v2: 0 raw → 0 confirmed (vol≥2.5× body≥30%)
04:46:51 core.sweep_detector INFO: OrderBlocks: 5 detected, 1 unmitigated
04:46:51 core.sweep_detector INFO: FVGs: 13 detected, 4 unfilled
04:46:53 core.sweep_detector INFO: SweepDetector v2: 1 raw → 1 confirmed (vol≥2.5× body≥30%)
04:46:53 core.sweep_detector INFO: OrderBlocks: 7 detected, 3 unmitigated
04:46:53 core.sweep_detector INFO: FVGs: 12 detected, 2 unfilled
04:46:55 core.sweep_detector INFO: SweepDetector v2: 2 raw → 1 confirmed (vol≥2.5× body≥30%)
04:46:55 core.sweep_detector INFO: OrderBlocks: 8 detected, 2 unmitigated
04:46:55 core.sweep_detector INFO: FVGs: 7 detected, 3 unfilled
04:46:57 core.sweep_detector INFO: SweepDetector v2: 2 raw → 2 confirmed (vol≥2.5× body≥30%)
04:46:57 core.sweep_detector INFO: OrderBlocks: 1 detected, 1 unmitigated
04:46:57 core.sweep_detector INFO: FVGs: 8 detected, 5 unfilled
04:46:59 core.sweep_detector INFO: SweepDetector v2: 5 raw → 4 confirmed (vol≥2.5× body≥30%)
04:46:59 core.sweep_detector INFO: OrderBlocks: 8 detected, 2 unmitigated
04:46:59 core.sweep_detector INFO: FVGs: 11 detected, 1 unfilled
04:47:01 core.sweep_detector INFO: SweepDetector v2: 1 raw → 0 confirmed (vol≥2.5× body≥30%)
04:47:01 core.sweep_detector INFO: OrderBlocks: 7 detected, 1 unmitigated
04:47:01 core.sweep_detector INFO: FVGs: 16 detected, 2 unfilled
04:47:03 core.sweep_detector INFO: SweepDetector v2: 0 raw → 0 confirmed (vol≥2.5× body≥30%)
04:47:03 core.sweep_detector INFO: OrderBlocks: 3 detected, 2 unmitigated
04:47:03 core.sweep_detector INFO: FVGs: 5 detected, 4 unfilled
04:47:04 core.sweep_detector INFO: SweepDetector v2: 0 raw → 0 confirmed (vol≥2.5× body≥30%)
04:47:04 core.sweep_detector INFO: OrderBlocks: 6 detected, 3 unmitigated
04:47:04 core.sweep_detector INFO: FVGs: 5 detected, 4 unfilled
04:47:06 core.sweep_detector INFO: SweepDetector v2: 0 raw → 0 confirmed (vol≥2.5× body≥30%)
04:47:06 core.sweep_detector INFO: OrderBlocks: 8 detected, 4 unmitigated
04:47:06 core.sweep_detector INFO: FVGs: 4 detected, 4 unfilled
04:47:08 core.sweep_detector INFO: SweepDetector v2: 1 raw → 0 confirmed (vol≥2.5× body≥30%)
04:47:08 core.sweep_detector INFO: OrderBlocks: 6 detected, 2 unmitigated
04:47:08 core.sweep_detector INFO: FVGs: 8 detected, 3 unfilled
04:47:10 core.sweep_detector INFO: SweepDetector v2: 0 raw → 0 confirmed (vol≥2.5× body≥30%)
04:47:10 core.sweep_detector INFO: OrderBlocks: 5 detected, 2 unmitigated
04:47:10 core.sweep_detector INFO: FVGs: 11 detected, 7 unfilled
04:47:11 core.sweep_detector INFO: SweepDetector v2: 3 raw → 2 confirmed (vol≥2.5× body≥30%)
04:47:11 core.sweep_detector INFO: OrderBlocks: 6 detected, 2 unmitigated
04:47:11 core.sweep_detector INFO: FVGs: 10 detected, 3 unfilled
04:47:13 core.sweep_detector INFO: SweepDetector v2: 1 raw → 0 confirmed (vol≥2.5× body≥30%)
04:47:13 core.sweep_detector INFO: OrderBlocks: 8 detected, 3 unmitigated
04:47:13 core.sweep_detector INFO: FVGs: 6 detected, 0 unfilled
04:47:15 core.sweep_detector INFO: SweepDetector v2: 0 raw → 0 confirmed (vol≥2.5× body≥30%)
04:47:15 core.sweep_detector INFO: OrderBlocks: 8 detected, 2 unmitigated
04:47:15 core.sweep_detector INFO: FVGs: 13 detected, 2 unfilled
04:47:16 core.sweep_detector INFO: SweepDetector v2: 2 raw → 2 confirmed (vol≥2.5× body≥30%)
04:47:16 core.sweep_detector INFO: OrderBlocks: 6 detected, 2 unmitigated
04:47:16 core.sweep_detector INFO: FVGs: 11 detected, 2 unfilled
04:47:18 core.sweep_detector INFO: SweepDetector v2: 3 raw → 3 confirmed (vol≥2.5× body≥30%)
04:47:18 core.sweep_detector INFO: OrderBlocks: 5 detected, 0 unmitigated
04:47:18 core.sweep_detector INFO: FVGs: 8 detected, 3 unfilled
04:47:20 core.sweep_detector INFO: SweepDetector v2: 4 raw → 2 confirmed (vol≥2.5× body≥30%)
04:47:20 core.sweep_detector INFO: OrderBlocks: 5 detected, 2 unmitigated
04:47:20 core.sweep_detector INFO: FVGs: 9 detected, 2 unfilled
04:47:22 core.sweep_detector INFO: SweepDetector v2: 5 raw → 4 confirmed (vol≥2.5× body≥30%)
04:47:22 core.sweep_detector INFO: OrderBlocks: 4 detected, 1 unmitigated
04:47:22 core.sweep_detector INFO: FVGs: 8 detected, 3 unfilled
04:47:23 core.sweep_detector INFO: SweepDetector v2: 3 raw → 2 confirmed (vol≥2.5× body≥30%)
04:47:23 core.sweep_detector INFO: OrderBlocks: 5 detected, 2 unmitigated
04:47:23 core.sweep_detector INFO: FVGs: 11 detected, 1 unfilled
04:47:25 core.sweep_detector INFO: SweepDetector v2: 3 raw → 2 confirmed (vol≥2.5× body≥30%)
04:47:25 core.sweep_detector INFO: OrderBlocks: 6 detected, 2 unmitigated
04:47:25 core.sweep_detector INFO: FVGs: 4 detected, 1 unfilled
04:47:27 core.sweep_detector INFO: SweepDetector v2: 2 raw → 1 confirmed (vol≥2.5× body≥30%)
04:47:27 core.sweep_detector INFO: OrderBlocks: 5 detected, 2 unmitigated
04:47:27 core.sweep_detector INFO: FVGs: 11 detected, 2 unfilled
04:47:29 core.sweep_detector INFO: SweepDetector v2: 0 raw → 0 confirmed (vol≥2.5× body≥30%)
04:47:29 core.sweep_detector INFO: OrderBlocks: 7 detected, 4 unmitigated
04:47:29 core.sweep_detector INFO: FVGs: 14 detected, 7 unfilled
04:47:30 core.sweep_detector INFO: SweepDetector v2: 1 raw → 1 confirmed (vol≥2.5× body≥30%)
04:47:30 core.sweep_detector INFO: OrderBlocks: 9 detected, 1 unmitigated
04:47:30 core.sweep_detector INFO: FVGs: 7 detected, 1 unfilled
04:47:32 core.sweep_detector INFO: SweepDetector v2: 0 raw → 0 confirmed (vol≥2.5× body≥30%)
04:47:32 core.sweep_detector INFO: OrderBlocks: 8 detected, 2 unmitigated
04:47:32 core.sweep_detector INFO: FVGs: 10 detected, 3 unfilled
04:47:34 core.sweep_detector INFO: SweepDetector v2: 1 raw → 1 confirmed (vol≥2.5× body≥30%)
04:47:34 core.sweep_detector INFO: OrderBlocks: 3 detected, 1 unmitigated
04:47:34 core.sweep_detector INFO: FVGs: 5 detected, 1 unfilled
04:47:35 core.sweep_detector INFO: SweepDetector v2: 0 raw → 0 confirmed (vol≥2.5× body≥30%)
04:47:35 core.sweep_detector INFO: OrderBlocks: 8 detected, 2 unmitigated
04:47:35 core.sweep_detector INFO: FVGs: 11 detected, 1 unfilled
04:47:37 core.sweep_detector INFO: SweepDetector v2: 4 raw → 3 confirmed (vol≥2.5× body≥30%)
04:47:37 core.sweep_detector INFO: OrderBlocks: 3 detected, 1 unmitigated
04:47:37 core.sweep_detector INFO: FVGs: 9 detected, 1 unfilled
04:47:39 core.sweep_detector INFO: SweepDetector v2: 2 raw → 2 confirmed (vol≥2.5× body≥30%)
04:47:39 core.sweep_detector INFO: OrderBlocks: 4 detected, 0 unmitigated
04:47:39 core.sweep_detector INFO: FVGs: 7 detected, 1 unfilled
04:47:41 core.sweep_detector INFO: SweepDetector v2: 1 raw → 0 confirmed (vol≥2.5× body≥30%)
04:47:41 core.sweep_detector INFO: OrderBlocks: 5 detected, 2 unmitigated
04:47:41 core.sweep_detector INFO: FVGs: 8 detected, 2 unfilled
04:47:42 core.sweep_detector INFO: SweepDetector v2: 3 raw → 3 confirmed (vol≥2.5× body≥30%)
04:47:42 core.sweep_detector INFO: OrderBlocks: 3 detected, 0 unmitigated
04:47:42 core.sweep_detector INFO: FVGs: 7 detected, 0 unfilled
04:47:45 core.sweep_detector INFO: SweepDetector v2: 2 raw → 2 confirmed (vol≥2.5× body≥30%)
04:47:45 core.sweep_detector INFO: OrderBlocks: 5 detected, 0 unmitigated
04:47:45 core.sweep_detector INFO: FVGs: 7 detected, 0 unfilled
04:47:47 core.sweep_detector INFO: SweepDetector v2: 2 raw → 2 confirmed (vol≥2.5× body≥30%)
04:47:47 core.sweep_detector INFO: OrderBlocks: 10 detected, 4 unmitigated
04:47:47 core.sweep_detector INFO: FVGs: 15 detected, 5 unfilled
04:47:48 core.sweep_detector INFO: SweepDetector v2: 2 raw → 2 confirmed (vol≥2.5× body≥30%)
04:47:48 core.sweep_detector INFO: OrderBlocks: 8 detected, 2 unmitigated
04:47:48 core.sweep_detector INFO: FVGs: 17 detected, 5 unfilled
04:47:50 core.sweep_detector INFO: SweepDetector v2: 3 raw → 2 confirmed (vol≥2.5× body≥30%)
04:47:50 core.sweep_detector INFO: OrderBlocks: 7 detected, 3 unmitigated
04:47:50 core.sweep_detector INFO: FVGs: 12 detected, 3 unfilled
04:47:52 core.sweep_detector INFO: SweepDetector v2: 1 raw → 1 confirmed (vol≥2.5× body≥30%)
04:47:52 core.sweep_detector INFO: OrderBlocks: 5 detected, 3 unmitigated
04:47:52 core.sweep_detector INFO: FVGs: 10 detected, 3 unfilled
04:47:53 core.sweep_detector INFO: SweepDetector v2: 4 raw → 3 confirmed (vol≥2.5× body≥30%)
04:47:53 core.sweep_detector INFO: OrderBlocks: 8 detected, 0 unmitigated
04:47:53 core.sweep_detector INFO: FVGs: 7 detected, 0 unfilled
04:47:55 core.sweep_detector INFO: SweepDetector v2: 6 raw → 4 confirmed (vol≥2.5× body≥30%)
04:47:55 core.sweep_detector INFO: OrderBlocks: 5 detected, 3 unmitigated
04:47:55 core.sweep_detector INFO: FVGs: 9 detected, 2 unfilled
04:47:55 __main__ INFO: Pending signal #73: binance:ENA/USDT short entry=0.0935 current=0.092 dist=1.63% expires=2h
04:48:07 alerts.telegram INFO: Alert sent: binance:ENA/USDT short RR=3.30
04:48:08 core.sweep_detector INFO: SweepDetector v2: 2 raw → 1 confirmed (vol≥2.5× body≥30%)
04:48:08 core.sweep_detector INFO: OrderBlocks: 5 detected, 1 unmitigated
04:48:08 core.sweep_detector INFO: FVGs: 9 detected, 4 unfilled
04:48:10 core.sweep_detector INFO: SweepDetector v2: 2 raw → 2 confirmed (vol≥2.5× body≥30%)
04:48:10 core.sweep_detector INFO: OrderBlocks: 4 detected, 2 unmitigated
04:48:10 core.sweep_detector INFO: FVGs: 12 detected, 3 unfilled
04:48:12 core.sweep_detector INFO: SweepDetector v2: 1 raw → 1 confirmed (vol≥2.5× body≥30%)
04:48:12 core.sweep_detector INFO: OrderBlocks: 7 detected, 1 unmitigated
04:48:12 core.sweep_detector INFO: FVGs: 11 detected, 3 unfilled
04:48:13 core.sweep_detector INFO: SweepDetector v2: 2 raw → 1 confirmed (vol≥2.5× body≥30%)
04:48:13 core.sweep_detector INFO: OrderBlocks: 6 detected, 2 unmitigated
04:48:13 core.sweep_detector INFO: FVGs: 11 detected, 5 unfilled
04:48:15 core.sweep_detector INFO: SweepDetector v2: 2 raw → 1 confirmed (vol≥2.5× body≥30%)
04:48:15 core.sweep_detector INFO: OrderBlocks: 6 detected, 3 unmitigated
04:48:15 core.sweep_detector INFO: FVGs: 9 detected, 2 unfilled
04:48:17 core.sweep_detector INFO: SweepDetector v2: 2 raw → 2 confirmed (vol≥2.5× body≥30%)
04:48:17 core.sweep_detector INFO: OrderBlocks: 7 detected, 1 unmitigated
04:48:17 core.sweep_detector INFO: FVGs: 8 detected, 2 unfilled
04:48:19 core.sweep_detector INFO: SweepDetector v2: 0 raw → 0 confirmed (vol≥2.5× body≥30%)
04:48:19 core.sweep_detector INFO: OrderBlocks: 2 detected, 2 unmitigated
04:48:19 core.sweep_detector INFO: FVGs: 11 detected, 5 unfilled
04:48:20 core.sweep_detector INFO: SweepDetector v2: 2 raw → 2 confirmed (vol≥2.5× body≥30%)
04:48:20 core.sweep_detector INFO: OrderBlocks: 2 detected, 1 unmitigated
04:48:20 core.sweep_detector INFO: FVGs: 7 detected, 2 unfilled
04:48:22 core.sweep_detector INFO: SweepDetector v2: 1 raw → 1 confirmed (vol≥2.5× body≥30%)
04:48:22 core.sweep_detector INFO: OrderBlocks: 6 detected, 3 unmitigated
04:48:22 core.sweep_detector INFO: FVGs: 10 detected, 4 unfilled
04:48:23 core.sweep_detector INFO: SweepDetector v2: 0 raw → 0 confirmed (vol≥2.5× body≥30%)
04:48:24 core.sweep_detector INFO: OrderBlocks: 5 detected, 0 unmitigated
04:48:24 core.sweep_detector INFO: FVGs: 1 detected, 0 unfilled
04:48:25 core.sweep_detector INFO: SweepDetector v2: 0 raw → 0 confirmed (vol≥2.5× body≥30%)
04:48:25 core.sweep_detector INFO: OrderBlocks: 6 detected, 3 unmitigated
04:48:25 core.sweep_detector INFO: FVGs: 2 detected, 2 unfilled
04:48:27 core.sweep_detector INFO: SweepDetector v2: 0 raw → 0 confirmed (vol≥2.5× body≥30%)
04:48:27 core.sweep_detector INFO: OrderBlocks: 2 detected, 1 unmitigated
04:48:27 core.sweep_detector INFO: FVGs: 0 detected, 0 unfilled
04:48:29 core.sweep_detector INFO: SweepDetector v2: 0 raw → 0 confirmed (vol≥2.5× body≥30%)
04:48:29 core.sweep_detector INFO: OrderBlocks: 0 detected, 0 unmitigated
04:48:29 core.sweep_detector INFO: FVGs: 0 detected, 0 unfilled
04:48:30 core.sweep_detector INFO: SweepDetector v2: 0 raw → 0 confirmed (vol≥2.5× body≥30%)
04:48:30 core.sweep_detector INFO: OrderBlocks: 0 detected, 0 unmitigated
04:48:30 core.sweep_detector INFO: FVGs: 0 detected, 0 unfilled
04:48:32 core.sweep_detector INFO: SweepDetector v2: 0 raw → 0 confirmed (vol≥2.5× body≥30%)
04:48:32 core.sweep_detector INFO: OrderBlocks: 0 detected, 0 unmitigated
04:48:32 core.sweep_detector INFO: FVGs: 0 detected, 0 unfilled
04:48:34 core.sweep_detector INFO: SweepDetector v2: 0 raw → 0 confirmed (vol≥2.5× body≥30%)
04:48:34 core.sweep_detector INFO: OrderBlocks: 6 detected, 1 unmitigated
04:48:34 core.sweep_detector INFO: FVGs: 14 detected, 3 unfilled
04:48:35 core.sweep_detector INFO: SweepDetector v2: 1 raw → 1 confirmed (vol≥2.5× body≥30%)
04:48:35 core.sweep_detector INFO: OrderBlocks: 5 detected, 2 unmitigated
04:48:35 core.sweep_detector INFO: FVGs: 11 detected, 2 unfilled
04:48:37 core.sweep_detector INFO: SweepDetector v2: 2 raw → 2 confirmed (vol≥2.5× body≥30%)
04:48:37 core.sweep_detector INFO: OrderBlocks: 5 detected, 2 unmitigated
04:48:37 core.sweep_detector INFO: FVGs: 4 detected, 1 unfilled
04:48:38 core.sweep_detector INFO: SweepDetector v2: 0 raw → 0 confirmed (vol≥2.5× body≥30%)
04:48:38 core.sweep_detector INFO: OrderBlocks: 7 detected, 2 unmitigated
04:48:38 core.sweep_detector INFO: FVGs: 12 detected, 5 unfilled
04:48:40 core.sweep_detector INFO: SweepDetector v2: 1 raw → 1 confirmed (vol≥2.5× body≥30%)
04:48:40 core.sweep_detector INFO: OrderBlocks: 2 detected, 0 unmitigated
04:48:40 core.sweep_detector INFO: FVGs: 13 detected, 2 unfilled
04:48:42 core.sweep_detector INFO: SweepDetector v2: 0 raw → 0 confirmed (vol≥2.5× body≥30%)
04:48:42 core.sweep_detector INFO: OrderBlocks: 3 detected, 0 unmitigated
04:48:42 core.sweep_detector INFO: FVGs: 12 detected, 2 unfilled
04:48:44 core.sweep_detector INFO: SweepDetector v2: 3 raw → 2 confirmed (vol≥2.5× body≥30%)
04:48:44 core.sweep_detector INFO: OrderBlocks: 8 detected, 3 unmitigated
04:48:44 core.sweep_detector INFO: FVGs: 9 detected, 1 unfilled
04:48:45 core.sweep_detector INFO: SweepDetector v2: 6 raw → 6 confirmed (vol≥2.5× body≥30%)
04:48:45 core.sweep_detector INFO: OrderBlocks: 9 detected, 3 unmitigated
04:48:45 core.sweep_detector INFO: FVGs: 11 detected, 2 unfilled
04:48:47 core.sweep_detector INFO: SweepDetector v2: 5 raw → 3 confirmed (vol≥2.5× body≥30%)
04:48:47 core.sweep_detector INFO: OrderBlocks: 7 detected, 2 unmitigated
04:48:47 core.sweep_detector INFO: FVGs: 8 detected, 6 unfilled
04:48:49 core.sweep_detector INFO: SweepDetector v2: 1 raw → 1 confirmed (vol≥2.5× body≥30%)
04:48:49 core.sweep_detector INFO: OrderBlocks: 8 detected, 3 unmitigated
04:48:49 core.sweep_detector INFO: FVGs: 9 detected, 2 unfilled
04:48:51 core.sweep_detector INFO: SweepDetector v2: 1 raw → 1 confirmed (vol≥2.5× body≥30%)
04:48:51 core.sweep_detector INFO: OrderBlocks: 4 detected, 1 unmitigated
04:48:51 core.sweep_detector INFO: FVGs: 9 detected, 2 unfilled
04:48:52 core.sweep_detector INFO: SweepDetector v2: 2 raw → 2 confirmed (vol≥2.5× body≥30%)
04:48:52 core.sweep_detector INFO: OrderBlocks: 5 detected, 2 unmitigated
04:48:52 core.sweep_detector INFO: FVGs: 8 detected, 2 unfilled
04:48:54 core.sweep_detector INFO: SweepDetector v2: 2 raw → 1 confirmed (vol≥2.5× body≥30%)
04:48:54 core.sweep_detector INFO: OrderBlocks: 8 detected, 3 unmitigated
04:48:54 core.sweep_detector INFO: FVGs: 14 detected, 3 unfilled
04:48:55 core.sweep_detector INFO: SweepDetector v2: 2 raw → 2 confirmed (vol≥2.5× body≥30%)
04:48:55 core.sweep_detector INFO: OrderBlocks: 4 detected, 2 unmitigated
04:48:55 core.sweep_detector INFO: FVGs: 13 detected, 5 unfilled
04:48:57 core.sweep_detector INFO: SweepDetector v2: 4 raw → 0 confirmed (vol≥2.5× body≥30%)
04:48:57 core.sweep_detector INFO: OrderBlocks: 3 detected, 2 unmitigated
04:48:57 core.sweep_detector INFO: FVGs: 14 detected, 7 unfilled
04:48:59 core.sweep_detector INFO: SweepDetector v2: 3 raw → 2 confirmed (vol≥2.5× body≥30%)
04:48:59 core.sweep_detector INFO: OrderBlocks: 6 detected, 2 unmitigated
04:48:59 core.sweep_detector INFO: FVGs: 13 detected, 2 unfilled
04:49:00 core.sweep_detector INFO: SweepDetector v2: 2 raw → 0 confirmed (vol≥2.5× body≥30%)
04:49:00 core.sweep_detector INFO: OrderBlocks: 7 detected, 2 unmitigated
04:49:00 core.sweep_detector INFO: FVGs: 15 detected, 5 unfilled
04:49:02 core.sweep_detector INFO: SweepDetector v2: 3 raw → 0 confirmed (vol≥2.5× body≥30%)
04:49:02 core.sweep_detector INFO: OrderBlocks: 5 detected, 1 unmitigated
04:49:02 core.sweep_detector INFO: FVGs: 7 detected, 3 unfilled
04:49:03 core.sweep_detector INFO: SweepDetector v2: 2 raw → 2 confirmed (vol≥2.5× body≥30%)
04:49:03 core.sweep_detector INFO: OrderBlocks: 8 detected, 1 unmitigated
04:49:03 core.sweep_detector INFO: FVGs: 8 detected, 3 unfilled
04:49:05 core.sweep_detector INFO: SweepDetector v2: 1 raw → 1 confirmed (vol≥2.5× body≥30%)
04:49:05 core.sweep_detector INFO: OrderBlocks: 2 detected, 0 unmitigated
04:49:05 core.sweep_detector INFO: FVGs: 12 detected, 3 unfilled
04:49:07 core.sweep_detector INFO: SweepDetector v2: 3 raw → 2 confirmed (vol≥2.5× body≥30%)
04:49:07 core.sweep_detector INFO: OrderBlocks: 6 detected, 1 unmitigated
04:49:07 core.sweep_detector INFO: FVGs: 8 detected, 0 unfilled
04:49:09 core.sweep_detector INFO: SweepDetector v2: 1 raw → 1 confirmed (vol≥2.5× body≥30%)
04:49:09 core.sweep_detector INFO: OrderBlocks: 7 detected, 2 unmitigated
04:49:09 core.sweep_detector INFO: FVGs: 9 detected, 3 unfilled
04:49:11 core.sweep_detector INFO: SweepDetector v2: 2 raw → 2 confirmed (vol≥2.5× body≥30%)
04:49:11 core.sweep_detector INFO: OrderBlocks: 4 detected, 2 unmitigated
04:49:11 core.sweep_detector INFO: FVGs: 12 detected, 2 unfilled
04:49:12 core.sweep_detector INFO: SweepDetector v2: 3 raw → 3 confirmed (vol≥2.5× body≥30%)
04:49:12 core.sweep_detector INFO: OrderBlocks: 3 detected, 0 unmitigated
04:49:12 core.sweep_detector INFO: FVGs: 9 detected, 2 unfilled
04:49:14 core.sweep_detector INFO: SweepDetector v2: 2 raw → 1 confirmed (vol≥2.5× body≥30%)
04:49:14 core.sweep_detector INFO: OrderBlocks: 2 detected, 0 unmitigated
04:49:14 core.sweep_detector INFO: FVGs: 8 detected, 0 unfilled
04:49:15 core.sweep_detector INFO: SweepDetector v2: 0 raw → 0 confirmed (vol≥2.5× body≥30%)
04:49:15 core.sweep_detector INFO: OrderBlocks: 9 detected, 3 unmitigated
04:49:15 core.sweep_detector INFO: FVGs: 12 detected, 3 unfilled
04:49:17 core.sweep_detector INFO: SweepDetector v2: 0 raw → 0 confirmed (vol≥2.5× body≥30%)
04:49:17 core.sweep_detector INFO: OrderBlocks: 9 detected, 4 unmitigated
04:49:17 core.sweep_detector INFO: FVGs: 11 detected, 2 unfilled
04:49:19 core.sweep_detector INFO: SweepDetector v2: 0 raw → 0 confirmed (vol≥2.5× body≥30%)
04:49:19 core.sweep_detector INFO: OrderBlocks: 2 detected, 0 unmitigated
04:49:19 core.sweep_detector INFO: FVGs: 11 detected, 3 unfilled
04:49:20 core.sweep_detector INFO: SweepDetector v2: 0 raw → 0 confirmed (vol≥2.5× body≥30%)
04:49:20 core.sweep_detector INFO: OrderBlocks: 2 detected, 1 unmitigated
04:49:20 core.sweep_detector INFO: FVGs: 5 detected, 3 unfilled
04:49:22 core.sweep_detector INFO: SweepDetector v2: 2 raw → 2 confirmed (vol≥2.5× body≥30%)
04:49:22 core.sweep_detector INFO: OrderBlocks: 5 detected, 0 unmitigated
04:49:22 core.sweep_detector INFO: FVGs: 9 detected, 3 unfilled
04:49:24 core.sweep_detector INFO: SweepDetector v2: 0 raw → 0 confirmed (vol≥2.5× body≥30%)
04:49:24 core.sweep_detector INFO: OrderBlocks: 7 detected, 4 unmitigated
04:49:24 core.sweep_detector INFO: FVGs: 13 detected, 7 unfilled
04:49:26 core.sweep_detector INFO: SweepDetector v2: 1 raw → 1 confirmed (vol≥2.5× body≥30%)
04:49:26 core.sweep_detector INFO: OrderBlocks: 4 detected, 0 unmitigated
04:49:26 core.sweep_detector INFO: FVGs: 12 detected, 4 unfilled
04:49:27 core.sweep_detector INFO: SweepDetector v2: 0 raw → 0 confirmed (vol≥2.5× body≥30%)
04:49:27 core.sweep_detector INFO: OrderBlocks: 5 detected, 3 unmitigated
04:49:27 core.sweep_detector INFO: FVGs: 14 detected, 7 unfilled
04:49:29 core.sweep_detector INFO: SweepDetector v2: 1 raw → 0 confirmed (vol≥2.5× body≥30%)
04:49:29 core.sweep_detector INFO: OrderBlocks: 10 detected, 5 unmitigated
04:49:29 core.sweep_detector INFO: FVGs: 9 detected, 2 unfilled
04:49:31 core.sweep_detector INFO: SweepDetector v2: 2 raw → 1 confirmed (vol≥2.5× body≥30%)
04:49:31 core.sweep_detector INFO: OrderBlocks: 3 detected, 2 unmitigated
04:49:31 core.sweep_detector INFO: FVGs: 9 detected, 4 unfilled
04:49:32 core.sweep_detector INFO: SweepDetector v2: 0 raw → 0 confirmed (vol≥2.5× body≥30%)
04:49:32 core.sweep_detector INFO: OrderBlocks: 2 detected, 1 unmitigated
04:49:32 core.sweep_detector INFO: FVGs: 10 detected, 4 unfilled
04:49:34 core.sweep_detector INFO: SweepDetector v2: 1 raw → 1 confirmed (vol≥2.5× body≥30%)
04:49:34 core.sweep_detector INFO: OrderBlocks: 5 detected, 3 unmitigated
04:49:34 core.sweep_detector INFO: FVGs: 11 detected, 4 unfilled
04:49:35 core.sweep_detector INFO: SweepDetector v2: 2 raw → 1 confirmed (vol≥2.5× body≥30%)
04:49:35 core.sweep_detector INFO: OrderBlocks: 7 detected, 3 unmitigated
04:49:35 core.sweep_detector INFO: FVGs: 8 detected, 2 unfilled
04:49:37 core.sweep_detector INFO: SweepDetector v2: 1 raw → 1 confirmed (vol≥2.5× body≥30%)
04:49:37 core.sweep_detector INFO: OrderBlocks: 1 detected, 0 unmitigated
04:49:37 core.sweep_detector INFO: FVGs: 4 detected, 1 unfilled
04:49:39 core.sweep_detector INFO: SweepDetector v2: 0 raw → 0 confirmed (vol≥2.5× body≥30%)
04:49:39 core.sweep_detector INFO: OrderBlocks: 5 detected, 2 unmitigated
04:49:39 core.sweep_detector INFO: FVGs: 3 detected, 2 unfilled
04:49:40 core.sweep_detector INFO: SweepDetector v2: 2 raw → 2 confirmed (vol≥2.5× body≥30%)
04:49:40 core.sweep_detector INFO: OrderBlocks: 8 detected, 1 unmitigated
04:49:40 core.sweep_detector INFO: FVGs: 9 detected, 0 unfilled
04:49:42 core.sweep_detector INFO: SweepDetector v2: 1 raw → 1 confirmed (vol≥2.5× body≥30%)
04:49:42 core.sweep_detector INFO: OrderBlocks: 4 detected, 1 unmitigated
04:49:42 core.sweep_detector INFO: FVGs: 4 detected, 1 unfilled
04:49:44 core.sweep_detector INFO: SweepDetector v2: 1 raw → 1 confirmed (vol≥2.5× body≥30%)
04:49:44 core.sweep_detector INFO: OrderBlocks: 9 detected, 0 unmitigated
04:49:44 core.sweep_detector INFO: FVGs: 8 detected, 3 unfilled
04:49:46 core.sweep_detector INFO: SweepDetector v2: 2 raw → 2 confirmed (vol≥2.5× body≥30%)
04:49:46 core.sweep_detector INFO: OrderBlocks: 6 detected, 2 unmitigated
04:49:46 core.sweep_detector INFO: FVGs: 10 detected, 2 unfilled
04:49:47 core.sweep_detector INFO: SweepDetector v2: 2 raw → 1 confirmed (vol≥2.5× body≥30%)
04:49:47 core.sweep_detector INFO: OrderBlocks: 4 detected, 2 unmitigated
04:49:47 core.sweep_detector INFO: FVGs: 7 detected, 3 unfilled
04:49:49 core.sweep_detector INFO: SweepDetector v2: 0 raw → 0 confirmed (vol≥2.5× body≥30%)
04:49:49 core.sweep_detector INFO: OrderBlocks: 5 detected, 3 unmitigated
04:49:49 core.sweep_detector INFO: FVGs: 16 detected, 3 unfilled
04:49:51 core.sweep_detector INFO: SweepDetector v2: 1 raw → 1 confirmed (vol≥2.5× body≥30%)
04:49:51 core.sweep_detector INFO: OrderBlocks: 6 detected, 1 unmitigated
04:49:51 core.sweep_detector INFO: FVGs: 13 detected, 5 unfilled
04:49:52 core.sweep_detector INFO: SweepDetector v2: 1 raw → 1 confirmed (vol≥2.5× body≥30%)
04:49:52 core.sweep_detector INFO: OrderBlocks: 3 detected, 0 unmitigated
04:49:52 core.sweep_detector INFO: FVGs: 11 detected, 4 unfilled
04:49:54 core.sweep_detector INFO: SweepDetector v2: 2 raw → 1 confirmed (vol≥2.5× body≥30%)
04:49:54 core.sweep_detector INFO: OrderBlocks: 10 detected, 4 unmitigated
04:49:54 core.sweep_detector INFO: FVGs: 12 detected, 1 unfilled
04:49:56 core.sweep_detector INFO: SweepDetector v2: 3 raw → 1 confirmed (vol≥2.5× body≥30%)
04:49:56 core.sweep_detector INFO: OrderBlocks: 0 detected, 0 unmitigated
04:49:56 core.sweep_detector INFO: FVGs: 9 detected, 3 unfilled
04:49:58 core.sweep_detector INFO: SweepDetector v2: 4 raw → 4 confirmed (vol≥2.5× body≥30%)
04:49:58 core.sweep_detector INFO: OrderBlocks: 3 detected, 0 unmitigated
04:49:58 core.sweep_detector INFO: FVGs: 3 detected, 1 unfilled
04:50:00 core.sweep_detector INFO: SweepDetector v2: 2 raw → 2 confirmed (vol≥2.5× body≥30%)
04:50:00 core.sweep_detector INFO: OrderBlocks: 14 detected, 0 unmitigated
04:50:00 core.sweep_detector INFO: FVGs: 15 detected, 1 unfilled
04:50:02 core.sweep_detector INFO: SweepDetector v2: 3 raw → 3 confirmed (vol≥2.5× body≥30%)
04:50:02 core.sweep_detector INFO: OrderBlocks: 6 detected, 1 unmitigated
04:50:02 core.sweep_detector INFO: FVGs: 10 detected, 3 unfilled
04:50:03 core.sweep_detector INFO: SweepDetector v2: 1 raw → 1 confirmed (vol≥2.5× body≥30%)
04:50:03 core.sweep_detector INFO: OrderBlocks: 10 detected, 3 unmitigated
04:50:03 core.sweep_detector INFO: FVGs: 11 detected, 2 unfilled
04:50:05 core.sweep_detector INFO: SweepDetector v2: 6 raw → 3 confirmed (vol≥2.5× body≥30%)
04:50:05 core.sweep_detector INFO: OrderBlocks: 7 detected, 5 unmitigated
04:50:05 core.sweep_detector INFO: FVGs: 13 detected, 7 unfilled
04:50:07 core.sweep_detector INFO: SweepDetector v2: 5 raw → 4 confirmed (vol≥2.5× body≥30%)
04:50:07 core.sweep_detector INFO: OrderBlocks: 6 detected, 3 unmitigated
04:50:07 core.sweep_detector INFO: FVGs: 9 detected, 3 unfilled
04:50:09 core.sweep_detector INFO: SweepDetector v2: 2 raw → 1 confirmed (vol≥2.5× body≥30%)
04:50:09 core.sweep_detector INFO: OrderBlocks: 4 detected, 2 unmitigated
04:50:09 core.sweep_detector INFO: FVGs: 11 detected, 2 unfilled
04:50:10 core.sweep_detector INFO: SweepDetector v2: 1 raw → 1 confirmed (vol≥2.5× body≥30%)
04:50:10 core.sweep_detector INFO: OrderBlocks: 4 detected, 1 unmitigated
04:50:10 core.sweep_detector INFO: FVGs: 8 detected, 3 unfilled
04:50:12 core.sweep_detector INFO: SweepDetector v2: 3 raw → 3 confirmed (vol≥2.5× body≥30%)
04:50:12 core.sweep_detector INFO: OrderBlocks: 9 detected, 3 unmitigated
04:50:12 core.sweep_detector INFO: FVGs: 9 detected, 2 unfilled
04:50:13 core.sweep_detector INFO: SweepDetector v2: 3 raw → 3 confirmed (vol≥2.5× body≥30%)
04:50:13 core.sweep_detector INFO: OrderBlocks: 7 detected, 1 unmitigated
04:50:13 core.sweep_detector INFO: FVGs: 6 detected, 2 unfilled
04:50:15 core.sweep_detector INFO: SweepDetector v2: 1 raw → 1 confirmed (vol≥2.5× body≥30%)
04:50:15 core.sweep_detector INFO: OrderBlocks: 5 detected, 2 unmitigated
04:50:15 core.sweep_detector INFO: FVGs: 13 detected, 6 unfilled
04:50:16 core.sweep_detector INFO: SweepDetector v2: 1 raw → 0 confirmed (vol≥2.5× body≥30%)
04:50:17 core.sweep_detector INFO: OrderBlocks: 6 detected, 2 unmitigated
04:50:17 core.sweep_detector INFO: FVGs: 10 detected, 4 unfilled
04:50:18 core.sweep_detector INFO: SweepDetector v2: 1 raw → 1 confirmed (vol≥2.5× body≥30%)
04:50:18 core.sweep_detector INFO: OrderBlocks: 6 detected, 2 unmitigated
04:50:18 core.sweep_detector INFO: FVGs: 13 detected, 2 unfilled
04:50:20 core.sweep_detector INFO: SweepDetector v2: 3 raw → 2 confirmed (vol≥2.5× body≥30%)
04:50:20 core.sweep_detector INFO: OrderBlocks: 4 detected, 0 unmitigated
04:50:20 core.sweep_detector INFO: FVGs: 7 detected, 1 unfilled
04:50:21 core.sweep_detector INFO: SweepDetector v2: 2 raw → 2 confirmed (vol≥2.5× body≥30%)
04:50:21 core.sweep_detector INFO: OrderBlocks: 8 detected, 2 unmitigated
04:50:21 core.sweep_detector INFO: FVGs: 10 detected, 2 unfilled
04:50:23 core.sweep_detector INFO: SweepDetector v2: 1 raw → 1 confirmed (vol≥2.5× body≥30%)
04:50:23 core.sweep_detector INFO: OrderBlocks: 9 detected, 4 unmitigated
04:50:23 core.sweep_detector INFO: FVGs: 5 detected, 2 unfilled
04:50:25 core.sweep_detector INFO: SweepDetector v2: 0 raw → 0 confirmed (vol≥2.5× body≥30%)
04:50:25 core.sweep_detector INFO: OrderBlocks: 7 detected, 3 unmitigated
04:50:25 core.sweep_detector INFO: FVGs: 10 detected, 3 unfilled
04:50:26 core.sweep_detector INFO: SweepDetector v2: 4 raw → 3 confirmed (vol≥2.5× body≥30%)
04:50:26 core.sweep_detector INFO: OrderBlocks: 6 detected, 2 unmitigated
04:50:26 core.sweep_detector INFO: FVGs: 12 detected, 3 unfilled
04:50:28 core.sweep_detector INFO: SweepDetector v2: 3 raw → 3 confirmed (vol≥2.5× body≥30%)
04:50:28 core.sweep_detector INFO: OrderBlocks: 4 detected, 0 unmitigated
04:50:28 core.sweep_detector INFO: FVGs: 7 detected, 1 unfilled
04:50:29 core.sweep_detector INFO: SweepDetector v2: 1 raw → 1 confirmed (vol≥2.5× body≥30%)
04:50:29 core.sweep_detector INFO: OrderBlocks: 5 detected, 1 unmitigated
04:50:29 core.sweep_detector INFO: FVGs: 5 detected, 1 unfilled
04:50:31 core.sweep_detector INFO: SweepDetector v2: 3 raw → 3 confirmed (vol≥2.5× body≥30%)
04:50:31 core.sweep_detector INFO: OrderBlocks: 4 detected, 0 unmitigated
04:50:31 core.sweep_detector INFO: FVGs: 4 detected, 0 unfilled
04:50:33 core.sweep_detector INFO: SweepDetector v2: 2 raw → 2 confirmed (vol≥2.5× body≥30%)
04:50:33 core.sweep_detector INFO: OrderBlocks: 1 detected, 0 unmitigated
04:50:33 core.sweep_detector INFO: FVGs: 2 detected, 1 unfilled
04:50:35 core.sweep_detector INFO: SweepDetector v2: 4 raw → 2 confirmed (vol≥2.5× body≥30%)
04:50:35 core.sweep_detector INFO: OrderBlocks: 3 detected, 1 unmitigated
04:50:35 core.sweep_detector INFO: FVGs: 9 detected, 2 unfilled
04:50:36 core.sweep_detector INFO: SweepDetector v2: 4 raw → 3 confirmed (vol≥2.5× body≥30%)
04:50:36 core.sweep_detector INFO: OrderBlocks: 7 detected, 1 unmitigated
04:50:36 core.sweep_detector INFO: FVGs: 12 detected, 2 unfilled
04:50:38 core.sweep_detector INFO: SweepDetector v2: 2 raw → 2 confirmed (vol≥2.5× body≥30%)
04:50:38 core.sweep_detector INFO: OrderBlocks: 4 detected, 0 unmitigated
04:50:38 core.sweep_detector INFO: FVGs: 15 detected, 3 unfilled
04:50:40 core.sweep_detector INFO: SweepDetector v2: 2 raw → 2 confirmed (vol≥2.5× body≥30%)
04:50:40 core.sweep_detector INFO: OrderBlocks: 10 detected, 2 unmitigated
04:50:40 core.sweep_detector INFO: FVGs: 12 detected, 3 unfilled
04:50:44 core.sweep_detector INFO: SweepDetector v2: 4 raw → 3 confirmed (vol≥2.5× body≥30%)
04:50:44 core.sweep_detector INFO: OrderBlocks: 6 detected, 2 unmitigated
04:50:44 core.sweep_detector INFO: FVGs: 12 detected, 3 unfilled
04:50:45 core.sweep_detector INFO: SweepDetector v2: 2 raw → 1 confirmed (vol≥2.5× body≥30%)
04:50:45 core.sweep_detector INFO: OrderBlocks: 3 detected, 1 unmitigated
04:50:45 core.sweep_detector INFO: FVGs: 7 detected, 3 unfilled
04:50:47 core.sweep_detector INFO: SweepDetector v2: 1 raw → 0 confirmed (vol≥2.5× body≥30%)
04:50:47 core.sweep_detector INFO: OrderBlocks: 4 detected, 1 unmitigated
04:50:47 core.sweep_detector INFO: FVGs: 5 detected, 2 unfilled
04:50:49 core.sweep_detector INFO: SweepDetector v2: 4 raw → 4 confirmed (vol≥2.5× body≥30%)
04:50:49 core.sweep_detector INFO: OrderBlocks: 5 detected, 1 unmitigated
04:50:49 core.sweep_detector INFO: FVGs: 10 detected, 2 unfilled
04:50:51 core.sweep_detector INFO: SweepDetector v2: 1 raw → 1 confirmed (vol≥2.5× body≥30%)
04:50:51 core.sweep_detector INFO: OrderBlocks: 6 detected, 1 unmitigated
04:50:51 core.sweep_detector INFO: FVGs: 12 detected, 3 unfilled
04:50:53 core.sweep_detector INFO: SweepDetector v2: 2 raw → 2 confirmed (vol≥2.5× body≥30%)
04:50:53 core.sweep_detector INFO: OrderBlocks: 8 detected, 2 unmitigated
04:50:53 core.sweep_detector INFO: FVGs: 9 detected, 1 unfilled
04:50:55 core.sweep_detector INFO: SweepDetector v2: 2 raw → 1 confirmed (vol≥2.5× body≥30%)
04:50:55 core.sweep_detector INFO: OrderBlocks: 4 detected, 1 unmitigated
04:50:55 core.sweep_detector INFO: FVGs: 8 detected, 3 unfilled
04:50:57 core.sweep_detector INFO: SweepDetector v2: 1 raw → 1 confirmed (vol≥2.5× body≥30%)
04:50:57 core.sweep_detector INFO: OrderBlocks: 5 detected, 1 unmitigated
04:50:57 core.sweep_detector INFO: FVGs: 9 detected, 0 unfilled
04:50:58 core.sweep_detector INFO: SweepDetector v2: 0 raw → 0 confirmed (vol≥2.5× body≥30%)
04:50:58 core.sweep_detector INFO: OrderBlocks: 1 detected, 0 unmitigated
04:50:58 core.sweep_detector INFO: FVGs: 0 detected, 0 unfilled
04:51:00 core.sweep_detector INFO: SweepDetector v2: 0 raw → 0 confirmed (vol≥2.5× body≥30%)
04:51:00 core.sweep_detector INFO: OrderBlocks: 0 detected, 0 unmitigated
04:51:00 core.sweep_detector INFO: FVGs: 0 detected, 0 unfilled
04:51:02 core.sweep_detector INFO: SweepDetector v2: 0 raw → 0 confirmed (vol≥2.5× body≥30%)
04:51:02 core.sweep_detector INFO: OrderBlocks: 0 detected, 0 unmitigated
04:51:02 core.sweep_detector INFO: FVGs: 0 detected, 0 unfilled
04:51:04 core.sweep_detector INFO: SweepDetector v2: 2 raw → 2 confirmed (vol≥2.5× body≥30%)
04:51:04 core.sweep_detector INFO: OrderBlocks: 5 detected, 2 unmitigated
04:51:04 core.sweep_detector INFO: FVGs: 5 detected, 1 unfilled
04:51:05 core.sweep_detector INFO: SweepDetector v2: 2 raw → 2 confirmed (vol≥2.5× body≥30%)
04:51:05 core.sweep_detector INFO: OrderBlocks: 4 detected, 0 unmitigated
04:51:05 core.sweep_detector INFO: FVGs: 6 detected, 2 unfilled
04:51:07 core.sweep_detector INFO: SweepDetector v2: 2 raw → 2 confirmed (vol≥2.5× body≥30%)
04:51:07 core.sweep_detector INFO: OrderBlocks: 4 detected, 0 unmitigated
04:51:07 core.sweep_detector INFO: FVGs: 9 detected, 0 unfilled
04:51:09 core.sweep_detector INFO: SweepDetector v2: 0 raw → 0 confirmed (vol≥2.5× body≥30%)
04:51:09 core.sweep_detector INFO: OrderBlocks: 3 detected, 2 unmitigated
04:51:09 core.sweep_detector INFO: FVGs: 12 detected, 7 unfilled
04:51:10 core.sweep_detector INFO: SweepDetector v2: 0 raw → 0 confirmed (vol≥2.5× body≥30%)
04:51:10 core.sweep_detector INFO: OrderBlocks: 2 detected, 0 unmitigated
04:51:10 core.sweep_detector INFO: FVGs: 9 detected, 0 unfilled
04:51:12 core.sweep_detector INFO: SweepDetector v2: 3 raw → 3 confirmed (vol≥2.5× body≥30%)
04:51:12 core.sweep_detector INFO: OrderBlocks: 3 detected, 0 unmitigated
04:51:12 core.sweep_detector INFO: FVGs: 10 detected, 1 unfilled
04:51:12 __main__ INFO: Pending signal #72: binance:SEI/USDT short entry=0.0524 current=0.0517 dist=1.35% expires=2h
04:51:12 alerts.telegram INFO: Alert suppressed (binance:SEI/USDT short): conf 0.70 < threshold 0.80
04:51:14 core.sweep_detector INFO: SweepDetector v2: 5 raw → 3 confirmed (vol≥2.5× body≥30%)
04:51:14 core.sweep_detector INFO: OrderBlocks: 5 detected, 2 unmitigated
04:51:14 core.sweep_detector INFO: FVGs: 9 detected, 3 unfilled
04:51:16 core.sweep_detector INFO: SweepDetector v2: 2 raw → 2 confirmed (vol≥2.5× body≥30%)
04:51:16 core.sweep_detector INFO: OrderBlocks: 3 detected, 2 unmitigated
04:51:16 core.sweep_detector INFO: FVGs: 8 detected, 2 unfilled
04:51:18 core.sweep_detector INFO: SweepDetector v2: 4 raw → 4 confirmed (vol≥2.5× body≥30%)
04:51:18 core.sweep_detector INFO: OrderBlocks: 4 detected, 1 unmitigated
04:51:18 core.sweep_detector INFO: FVGs: 7 detected, 1 unfilled
04:51:20 core.sweep_detector INFO: SweepDetector v2: 0 raw → 0 confirmed (vol≥2.5× body≥30%)
04:51:20 core.sweep_detector INFO: OrderBlocks: 7 detected, 3 unmitigated
04:51:20 core.sweep_detector INFO: FVGs: 8 detected, 1 unfilled
04:51:22 core.sweep_detector INFO: SweepDetector v2: 3 raw → 3 confirmed (vol≥2.5× body≥30%)
04:51:22 core.sweep_detector INFO: OrderBlocks: 3 detected, 3 unmitigated
04:51:22 core.sweep_detector INFO: FVGs: 9 detected, 4 unfilled
04:51:24 core.sweep_detector INFO: SweepDetector v2: 2 raw → 1 confirmed (vol≥2.5× body≥30%)
04:51:24 core.sweep_detector INFO: OrderBlocks: 3 detected, 2 unmitigated
04:51:24 core.sweep_detector INFO: FVGs: 6 detected, 2 unfilled
04:51:26 core.sweep_detector INFO: SweepDetector v2: 1 raw → 1 confirmed (vol≥2.5× body≥30%)
04:51:26 core.sweep_detector INFO: OrderBlocks: 4 detected, 2 unmitigated
04:51:26 core.sweep_detector INFO: FVGs: 11 detected, 8 unfilled
04:51:27 core.sweep_detector INFO: SweepDetector v2: 1 raw → 1 confirmed (vol≥2.5× body≥30%)
04:51:27 core.sweep_detector INFO: OrderBlocks: 3 detected, 2 unmitigated
04:51:27 core.sweep_detector INFO: FVGs: 2 detected, 1 unfilled
04:51:29 core.sweep_detector INFO: SweepDetector v2: 2 raw → 2 confirmed (vol≥2.5× body≥30%)
04:51:29 core.sweep_detector INFO: OrderBlocks: 8 detected, 0 unmitigated
04:51:29 core.sweep_detector INFO: FVGs: 8 detected, 0 unfilled
04:51:31 core.sweep_detector INFO: SweepDetector v2: 2 raw → 2 confirmed (vol≥2.5× body≥30%)
04:51:31 core.sweep_detector INFO: OrderBlocks: 7 detected, 3 unmitigated
04:51:31 core.sweep_detector INFO: FVGs: 9 detected, 2 unfilled
04:51:34 core.sweep_detector INFO: SweepDetector v2: 3 raw → 0 confirmed (vol≥2.5× body≥30%)
04:51:34 core.sweep_detector INFO: OrderBlocks: 7 detected, 2 unmitigated
04:51:34 core.sweep_detector INFO: FVGs: 8 detected, 2 unfilled
04:51:36 core.sweep_detector INFO: SweepDetector v2: 1 raw → 0 confirmed (vol≥2.5× body≥30%)
04:51:36 core.sweep_detector INFO: OrderBlocks: 8 detected, 6 unmitigated
04:51:36 core.sweep_detector INFO: FVGs: 11 detected, 3 unfilled
04:51:38 core.sweep_detector INFO: SweepDetector v2: 1 raw → 0 confirmed (vol≥2.5× body≥30%)
04:51:38 core.sweep_detector INFO: OrderBlocks: 8 detected, 1 unmitigated
04:51:38 core.sweep_detector INFO: FVGs: 8 detected, 3 unfilled
04:51:40 core.sweep_detector INFO: SweepDetector v2: 4 raw → 1 confirmed (vol≥2.5× body≥30%)
04:51:40 core.sweep_detector INFO: OrderBlocks: 5 detected, 1 unmitigated
04:51:40 core.sweep_detector INFO: FVGs: 6 detected, 2 unfilled
04:51:42 core.sweep_detector INFO: SweepDetector v2: 2 raw → 2 confirmed (vol≥2.5× body≥30%)
04:51:42 core.sweep_detector INFO: OrderBlocks: 5 detected, 0 unmitigated
04:51:42 core.sweep_detector INFO: FVGs: 6 detected, 1 unfilled
04:51:44 core.sweep_detector INFO: SweepDetector v2: 2 raw → 0 confirmed (vol≥2.5× body≥30%)
04:51:44 core.sweep_detector INFO: OrderBlocks: 6 detected, 2 unmitigated
04:51:44 core.sweep_detector INFO: FVGs: 12 detected, 5 unfilled
04:51:46 core.sweep_detector INFO: SweepDetector v2: 4 raw → 3 confirmed (vol≥2.5× body≥30%)
04:51:46 core.sweep_detector INFO: OrderBlocks: 2 detected, 2 unmitigated
04:51:46 core.sweep_detector INFO: FVGs: 3 detected, 1 unfilled
04:51:48 core.sweep_detector INFO: SweepDetector v2: 1 raw → 1 confirmed (vol≥2.5× body≥30%)
04:51:48 core.sweep_detector INFO: OrderBlocks: 3 detected, 0 unmitigated
04:51:48 core.sweep_detector INFO: FVGs: 8 detected, 0 unfilled
04:51:50 core.sweep_detector INFO: SweepDetector v2: 7 raw → 5 confirmed (vol≥2.5× body≥30%)
04:51:50 core.sweep_detector INFO: OrderBlocks: 6 detected, 6 unmitigated
04:51:50 core.sweep_detector INFO: FVGs: 13 detected, 9 unfilled
04:51:52 core.sweep_detector INFO: SweepDetector v2: 2 raw → 1 confirmed (vol≥2.5× body≥30%)
04:51:52 core.sweep_detector INFO: OrderBlocks: 3 detected, 2 unmitigated
04:51:52 core.sweep_detector INFO: FVGs: 7 detected, 2 unfilled
04:51:54 core.sweep_detector INFO: SweepDetector v2: 4 raw → 4 confirmed (vol≥2.5× body≥30%)
04:51:54 core.sweep_detector INFO: OrderBlocks: 4 detected, 2 unmitigated
04:51:54 core.sweep_detector INFO: FVGs: 7 detected, 5 unfilled
04:51:57 core.sweep_detector INFO: SweepDetector v2: 0 raw → 0 confirmed (vol≥2.5× body≥30%)
04:51:57 core.sweep_detector INFO: OrderBlocks: 8 detected, 4 unmitigated
04:51:57 core.sweep_detector INFO: FVGs: 13 detected, 4 unfilled
04:52:00 core.sweep_detector INFO: SweepDetector v2: 3 raw → 2 confirmed (vol≥2.5× body≥30%)
04:52:00 core.sweep_detector INFO: OrderBlocks: 5 detected, 2 unmitigated
04:52:00 core.sweep_detector INFO: FVGs: 10 detected, 1 unfilled
04:52:03 core.sweep_detector INFO: SweepDetector v2: 3 raw → 2 confirmed (vol≥2.5× body≥30%)
04:52:03 core.sweep_detector INFO: OrderBlocks: 4 detected, 0 unmitigated
04:52:03 core.sweep_detector INFO: FVGs: 8 detected, 2 unfilled
04:52:05 core.sweep_detector INFO: SweepDetector v2: 3 raw → 3 confirmed (vol≥2.5× body≥30%)
04:52:05 core.sweep_detector INFO: OrderBlocks: 2 detected, 0 unmitigated
04:52:05 core.sweep_detector INFO: FVGs: 5 detected, 1 unfilled
04:52:07 core.sweep_detector INFO: SweepDetector v2: 3 raw → 2 confirmed (vol≥2.5× body≥30%)
04:52:07 core.sweep_detector INFO: OrderBlocks: 5 detected, 2 unmitigated
04:52:07 core.sweep_detector INFO: FVGs: 10 detected, 2 unfilled
04:52:09 core.sweep_detector INFO: SweepDetector v2: 1 raw → 1 confirmed (vol≥2.5× body≥30%)
04:52:09 core.sweep_detector INFO: OrderBlocks: 8 detected, 1 unmitigated
04:52:09 core.sweep_detector INFO: FVGs: 8 detected, 0 unfilled
04:52:11 core.sweep_detector INFO: SweepDetector v2: 3 raw → 2 confirmed (vol≥2.5× body≥30%)
04:52:11 core.sweep_detector INFO: OrderBlocks: 3 detected, 3 unmitigated
04:52:11 core.sweep_detector INFO: FVGs: 13 detected, 8 unfilled
04:52:13 core.sweep_detector INFO: SweepDetector v2: 2 raw → 2 confirmed (vol≥2.5× body≥30%)
04:52:13 core.sweep_detector INFO: OrderBlocks: 4 detected, 1 unmitigated
04:52:13 core.sweep_detector INFO: FVGs: 8 detected, 3 unfilled
04:52:15 core.sweep_detector INFO: SweepDetector v2: 2 raw → 1 confirmed (vol≥2.5× body≥30%)
04:52:15 core.sweep_detector INFO: OrderBlocks: 4 detected, 2 unmitigated
04:52:15 core.sweep_detector INFO: FVGs: 5 detected, 3 unfilled
04:52:17 core.sweep_detector INFO: SweepDetector v2: 1 raw → 0 confirmed (vol≥2.5× body≥30%)
04:52:18 core.sweep_detector INFO: OrderBlocks: 4 detected, 0 unmitigated
04:52:18 core.sweep_detector INFO: FVGs: 15 detected, 5 unfilled
04:52:19 core.sweep_detector INFO: SweepDetector v2: 0 raw → 0 confirmed (vol≥2.5× body≥30%)
04:52:19 core.sweep_detector INFO: OrderBlocks: 7 detected, 1 unmitigated
04:52:19 core.sweep_detector INFO: FVGs: 5 detected, 1 unfilled
04:52:22 core.sweep_detector INFO: SweepDetector v2: 2 raw → 2 confirmed (vol≥2.5× body≥30%)
04:52:22 core.sweep_detector INFO: OrderBlocks: 7 detected, 4 unmitigated
04:52:22 core.sweep_detector INFO: FVGs: 5 detected, 2 unfilled
04:52:24 core.sweep_detector INFO: SweepDetector v2: 1 raw → 0 confirmed (vol≥2.5× body≥30%)
04:52:24 core.sweep_detector INFO: OrderBlocks: 7 detected, 4 unmitigated
04:52:24 core.sweep_detector INFO: FVGs: 10 detected, 6 unfilled
04:52:25 core.sweep_detector INFO: SweepDetector v2: 2 raw → 2 confirmed (vol≥2.5× body≥30%)
04:52:25 core.sweep_detector INFO: OrderBlocks: 5 detected, 3 unmitigated
04:52:25 core.sweep_detector INFO: FVGs: 14 detected, 3 unfilled
04:52:27 core.sweep_detector INFO: SweepDetector v2: 4 raw → 3 confirmed (vol≥2.5× body≥30%)
04:52:27 core.sweep_detector INFO: OrderBlocks: 6 detected, 1 unmitigated
04:52:27 core.sweep_detector INFO: FVGs: 9 detected, 3 unfilled
04:52:29 core.sweep_detector INFO: SweepDetector v2: 0 raw → 0 confirmed (vol≥2.5× body≥30%)
04:52:29 core.sweep_detector INFO: OrderBlocks: 9 detected, 2 unmitigated
04:52:29 core.sweep_detector INFO: FVGs: 9 detected, 2 unfilled
04:52:31 core.sweep_detector INFO: SweepDetector v2: 1 raw → 1 confirmed (vol≥2.5× body≥30%)
04:52:31 core.sweep_detector INFO: OrderBlocks: 5 detected, 2 unmitigated
04:52:31 core.sweep_detector INFO: FVGs: 5 detected, 1 unfilled
04:52:33 core.sweep_detector INFO: SweepDetector v2: 1 raw → 1 confirmed (vol≥2.5× body≥30%)
04:52:33 core.sweep_detector INFO: OrderBlocks: 3 detected, 1 unmitigated
04:52:33 core.sweep_detector INFO: FVGs: 2 detected, 0 unfilled
04:52:35 core.sweep_detector INFO: SweepDetector v2: 0 raw → 0 confirmed (vol≥2.5× body≥30%)
04:52:35 core.sweep_detector INFO: OrderBlocks: 0 detected, 0 unmitigated
04:52:35 core.sweep_detector INFO: FVGs: 0 detected, 0 unfilled
04:52:36 core.sweep_detector INFO: SweepDetector v2: 0 raw → 0 confirmed (vol≥2.5× body≥30%)
04:52:36 core.sweep_detector INFO: OrderBlocks: 1 detected, 0 unmitigated
04:52:36 core.sweep_detector INFO: FVGs: 0 detected, 0 unfilled
04:52:38 core.sweep_detector INFO: SweepDetector v2: 0 raw → 0 confirmed (vol≥2.5× body≥30%)
04:52:38 core.sweep_detector INFO: OrderBlocks: 1 detected, 0 unmitigated
04:52:38 core.sweep_detector INFO: FVGs: 0 detected, 0 unfilled
04:52:40 core.sweep_detector INFO: SweepDetector v2: 1 raw → 1 confirmed (vol≥2.5× body≥30%)
04:52:40 core.sweep_detector INFO: OrderBlocks: 6 detected, 1 unmitigated
04:52:40 core.sweep_detector INFO: FVGs: 9 detected, 4 unfilled
04:52:42 core.sweep_detector INFO: SweepDetector v2: 2 raw → 2 confirmed (vol≥2.5× body≥30%)
04:52:42 core.sweep_detector INFO: OrderBlocks: 6 detected, 2 unmitigated
04:52:42 core.sweep_detector INFO: FVGs: 9 detected, 4 unfilled
04:52:44 core.sweep_detector INFO: SweepDetector v2: 2 raw → 2 confirmed (vol≥2.5× body≥30%)
04:52:44 core.sweep_detector INFO: OrderBlocks: 5 detected, 2 unmitigated
04:52:44 core.sweep_detector INFO: FVGs: 6 detected, 3 unfilled
04:52:46 core.sweep_detector INFO: SweepDetector v2: 1 raw → 1 confirmed (vol≥2.5× body≥30%)
04:52:46 core.sweep_detector INFO: OrderBlocks: 2 detected, 0 unmitigated
04:52:46 core.sweep_detector INFO: FVGs: 0 detected, 0 unfilled
04:52:47 core.sweep_detector INFO: SweepDetector v2: 0 raw → 0 confirmed (vol≥2.5× body≥30%)
04:52:48 core.sweep_detector INFO: OrderBlocks: 2 detected, 0 unmitigated
04:52:48 core.sweep_detector INFO: FVGs: 0 detected, 0 unfilled
04:52:49 core.sweep_detector INFO: SweepDetector v2: 0 raw → 0 confirmed (vol≥2.5× body≥30%)
04:52:49 core.sweep_detector INFO: OrderBlocks: 1 detected, 0 unmitigated
04:52:49 core.sweep_detector INFO: FVGs: 0 detected, 0 unfilled
04:52:51 core.sweep_detector INFO: SweepDetector v2: 0 raw → 0 confirmed (vol≥2.5× body≥30%)
04:52:51 core.sweep_detector INFO: OrderBlocks: 3 detected, 0 unmitigated
04:52:51 core.sweep_detector INFO: FVGs: 0 detected, 0 unfilled
04:52:53 core.sweep_detector INFO: SweepDetector v2: 0 raw → 0 confirmed (vol≥2.5× body≥30%)
04:52:53 core.sweep_detector INFO: OrderBlocks: 1 detected, 0 unmitigated
04:52:53 core.sweep_detector INFO: FVGs: 0 detected, 0 unfilled
04:52:55 core.sweep_detector INFO: SweepDetector v2: 0 raw → 0 confirmed (vol≥2.5× body≥30%)
04:52:55 core.sweep_detector INFO: OrderBlocks: 1 detected, 0 unmitigated
04:52:55 core.sweep_detector INFO: FVGs: 0 detected, 0 unfilled
04:52:57 core.sweep_detector INFO: SweepDetector v2: 0 raw → 0 confirmed (vol≥2.5× body≥30%)
04:52:57 core.sweep_detector INFO: OrderBlocks: 1 detected, 0 unmitigated
04:52:57 core.sweep_detector INFO: FVGs: 0 detected, 0 unfilled
04:52:59 core.sweep_detector INFO: SweepDetector v2: 0 raw → 0 confirmed (vol≥2.5× body≥30%)
04:52:59 core.sweep_detector INFO: OrderBlocks: 0 detected, 0 unmitigated
04:52:59 core.sweep_detector INFO: FVGs: 0 detected, 0 unfilled
04:53:01 core.sweep_detector INFO: SweepDetector v2: 0 raw → 0 confirmed (vol≥2.5× body≥30%)
04:53:01 core.sweep_detector INFO: OrderBlocks: 2 detected, 2 unmitigated
04:53:01 core.sweep_detector INFO: FVGs: 0 detected, 0 unfilled
04:53:02 core.sweep_detector INFO: SweepDetector v2: 3 raw → 3 confirmed (vol≥2.5× body≥30%)
04:53:02 core.sweep_detector INFO: OrderBlocks: 5 detected, 1 unmitigated
04:53:02 core.sweep_detector INFO: FVGs: 10 detected, 3 unfilled
04:53:04 core.sweep_detector INFO: SweepDetector v2: 5 raw → 4 confirmed (vol≥2.5× body≥30%)
04:53:04 core.sweep_detector INFO: OrderBlocks: 7 detected, 3 unmitigated
04:53:04 core.sweep_detector INFO: FVGs: 9 detected, 4 unfilled
04:53:06 core.sweep_detector INFO: SweepDetector v2: 1 raw → 1 confirmed (vol≥2.5× body≥30%)
04:53:06 core.sweep_detector INFO: OrderBlocks: 5 detected, 3 unmitigated
04:53:06 core.sweep_detector INFO: FVGs: 4 detected, 2 unfilled
04:53:08 core.sweep_detector INFO: SweepDetector v2: 0 raw → 0 confirmed (vol≥2.5× body≥30%)
04:53:08 core.sweep_detector INFO: OrderBlocks: 6 detected, 1 unmitigated
04:53:08 core.sweep_detector INFO: FVGs: 11 detected, 4 unfilled
04:53:10 core.sweep_detector INFO: SweepDetector v2: 1 raw → 1 confirmed (vol≥2.5× body≥30%)
04:53:10 core.sweep_detector INFO: OrderBlocks: 3 detected, 1 unmitigated
04:53:10 core.sweep_detector INFO: FVGs: 9 detected, 2 unfilled
04:53:12 core.sweep_detector INFO: SweepDetector v2: 3 raw → 3 confirmed (vol≥2.5× body≥30%)
04:53:12 core.sweep_detector INFO: OrderBlocks: 5 detected, 1 unmitigated
04:53:12 core.sweep_detector INFO: FVGs: 8 detected, 1 unfilled
04:53:14 core.sweep_detector INFO: SweepDetector v2: 1 raw → 1 confirmed (vol≥2.5× body≥30%)
04:53:14 core.sweep_detector INFO: OrderBlocks: 8 detected, 2 unmitigated
04:53:14 core.sweep_detector INFO: FVGs: 10 detected, 2 unfilled
04:53:16 core.sweep_detector INFO: SweepDetector v2: 1 raw → 1 confirmed (vol≥2.5× body≥30%)
04:53:16 core.sweep_detector INFO: OrderBlocks: 3 detected, 1 unmitigated
04:53:16 core.sweep_detector INFO: FVGs: 9 detected, 2 unfilled
04:53:18 core.sweep_detector INFO: SweepDetector v2: 2 raw → 2 confirmed (vol≥2.5× body≥30%)
04:53:18 core.sweep_detector INFO: OrderBlocks: 6 detected, 1 unmitigated
04:53:18 core.sweep_detector INFO: FVGs: 8 detected, 4 unfilled
04:53:19 core.sweep_detector INFO: SweepDetector v2: 1 raw → 1 confirmed (vol≥2.5× body≥30%)
04:53:19 core.sweep_detector INFO: OrderBlocks: 2 detected, 1 unmitigated
04:53:19 core.sweep_detector INFO: FVGs: 8 detected, 3 unfilled
04:53:21 core.sweep_detector INFO: SweepDetector v2: 2 raw → 1 confirmed (vol≥2.5× body≥30%)
04:53:21 core.sweep_detector INFO: OrderBlocks: 2 detected, 0 unmitigated
04:53:21 core.sweep_detector INFO: FVGs: 6 detected, 0 unfilled
04:53:23 core.sweep_detector INFO: SweepDetector v2: 0 raw → 0 confirmed (vol≥2.5× body≥30%)
04:53:23 core.sweep_detector INFO: OrderBlocks: 2 detected, 0 unmitigated
04:53:23 core.sweep_detector INFO: FVGs: 3 detected, 1 unfilled
04:53:25 core.sweep_detector INFO: SweepDetector v2: 2 raw → 1 confirmed (vol≥2.5× body≥30%)
04:53:25 core.sweep_detector INFO: OrderBlocks: 6 detected, 4 unmitigated
04:53:25 core.sweep_detector INFO: FVGs: 13 detected, 6 unfilled
04:53:27 core.sweep_detector INFO: SweepDetector v2: 4 raw → 4 confirmed (vol≥2.5× body≥30%)
04:53:27 core.sweep_detector INFO: OrderBlocks: 3 detected, 0 unmitigated
04:53:27 core.sweep_detector INFO: FVGs: 6 detected, 1 unfilled
04:53:29 core.sweep_detector INFO: SweepDetector v2: 1 raw → 1 confirmed (vol≥2.5× body≥30%)
04:53:29 core.sweep_detector INFO: OrderBlocks: 7 detected, 2 unmitigated
04:53:29 core.sweep_detector INFO: FVGs: 11 detected, 3 unfilled
04:53:30 core.sweep_detector INFO: SweepDetector v2: 2 raw → 1 confirmed (vol≥2.5× body≥30%)
04:53:30 core.sweep_detector INFO: OrderBlocks: 5 detected, 1 unmitigated
04:53:30 core.sweep_detector INFO: FVGs: 6 detected, 2 unfilled
04:53:32 core.sweep_detector INFO: SweepDetector v2: 1 raw → 1 confirmed (vol≥2.5× body≥30%)
04:53:32 core.sweep_detector INFO: OrderBlocks: 5 detected, 1 unmitigated
04:53:32 core.sweep_detector INFO: FVGs: 8 detected, 1 unfilled
04:53:34 core.sweep_detector INFO: SweepDetector v2: 3 raw → 2 confirmed (vol≥2.5× body≥30%)
04:53:34 core.sweep_detector INFO: OrderBlocks: 5 detected, 1 unmitigated
04:53:34 core.sweep_detector INFO: FVGs: 7 detected, 2 unfilled
04:53:37 core.sweep_detector INFO: SweepDetector v2: 0 raw → 0 confirmed (vol≥2.5× body≥30%)
04:53:37 core.sweep_detector INFO: OrderBlocks: 1 detected, 0 unmitigated
04:53:37 core.sweep_detector INFO: FVGs: 5 detected, 1 unfilled
04:53:38 core.sweep_detector INFO: SweepDetector v2: 0 raw → 0 confirmed (vol≥2.5× body≥30%)
04:53:38 core.sweep_detector INFO: OrderBlocks: 7 detected, 2 unmitigated
04:53:38 core.sweep_detector INFO: FVGs: 9 detected, 3 unfilled
04:53:40 core.sweep_detector INFO: SweepDetector v2: 1 raw → 1 confirmed (vol≥2.5× body≥30%)
04:53:40 core.sweep_detector INFO: OrderBlocks: 7 detected, 2 unmitigated
04:53:40 core.sweep_detector INFO: FVGs: 5 detected, 1 unfilled
04:53:42 core.sweep_detector INFO: SweepDetector v2: 0 raw → 0 confirmed (vol≥2.5× body≥30%)
04:53:42 core.sweep_detector INFO: OrderBlocks: 8 detected, 1 unmitigated
04:53:42 core.sweep_detector INFO: FVGs: 10 detected, 2 unfilled
04:53:43 core.sweep_detector INFO: SweepDetector v2: 1 raw → 1 confirmed (vol≥2.5× body≥30%)
04:53:43 core.sweep_detector INFO: OrderBlocks: 6 detected, 1 unmitigated
04:53:43 core.sweep_detector INFO: FVGs: 10 detected, 1 unfilled
04:53:45 core.sweep_detector INFO: SweepDetector v2: 2 raw → 1 confirmed (vol≥2.5× body≥30%)
04:53:45 core.sweep_detector INFO: OrderBlocks: 5 detected, 1 unmitigated
04:53:45 core.sweep_detector INFO: FVGs: 8 detected, 2 unfilled
04:53:46 core.sweep_detector INFO: SweepDetector v2: 0 raw → 0 confirmed (vol≥2.5× body≥30%)
04:53:46 core.sweep_detector INFO: OrderBlocks: 9 detected, 1 unmitigated
04:53:46 core.sweep_detector INFO: FVGs: 10 detected, 2 unfilled
04:53:48 core.sweep_detector INFO: SweepDetector v2: 2 raw → 2 confirmed (vol≥2.5× body≥30%)
04:53:48 core.sweep_detector INFO: OrderBlocks: 5 detected, 1 unmitigated
04:53:48 core.sweep_detector INFO: FVGs: 11 detected, 1 unfilled
04:53:50 core.sweep_detector INFO: SweepDetector v2: 4 raw → 4 confirmed (vol≥2.5× body≥30%)
04:53:50 core.sweep_detector INFO: OrderBlocks: 6 detected, 2 unmitigated
04:53:50 core.sweep_detector INFO: FVGs: 14 detected, 5 unfilled
04:53:53 core.sweep_detector INFO: SweepDetector v2: 2 raw → 2 confirmed (vol≥2.5× body≥30%)
04:53:53 core.sweep_detector INFO: OrderBlocks: 8 detected, 1 unmitigated
04:53:53 core.sweep_detector INFO: FVGs: 8 detected, 2 unfilled
04:53:55 core.sweep_detector INFO: SweepDetector v2: 2 raw → 2 confirmed (vol≥2.5× body≥30%)
04:53:55 core.sweep_detector INFO: OrderBlocks: 5 detected, 0 unmitigated
04:53:55 core.sweep_detector INFO: FVGs: 6 detected, 1 unfilled
04:53:57 core.sweep_detector INFO: SweepDetector v2: 1 raw → 1 confirmed (vol≥2.5× body≥30%)
04:53:57 core.sweep_detector INFO: OrderBlocks: 4 detected, 0 unmitigated
04:53:57 core.sweep_detector INFO: FVGs: 7 detected, 2 unfilled
04:53:59 core.sweep_detector INFO: SweepDetector v2: 0 raw → 0 confirmed (vol≥2.5× body≥30%)
04:53:59 core.sweep_detector INFO: OrderBlocks: 1 detected, 0 unmitigated
04:53:59 core.sweep_detector INFO: FVGs: 0 detected, 0 unfilled
04:54:01 core.sweep_detector INFO: SweepDetector v2: 0 raw → 0 confirmed (vol≥2.5× body≥30%)
04:54:01 core.sweep_detector INFO: OrderBlocks: 5 detected, 0 unmitigated
04:54:01 core.sweep_detector INFO: FVGs: 0 detected, 0 unfilled
04:54:03 core.sweep_detector INFO: SweepDetector v2: 0 raw → 0 confirmed (vol≥2.5× body≥30%)
04:54:03 core.sweep_detector INFO: OrderBlocks: 0 detected, 0 unmitigated
04:54:03 core.sweep_detector INFO: FVGs: 0 detected, 0 unfilled
04:54:05 core.sweep_detector INFO: SweepDetector v2: 6 raw → 3 confirmed (vol≥2.5× body≥30%)
04:54:05 core.sweep_detector INFO: OrderBlocks: 7 detected, 3 unmitigated
04:54:05 core.sweep_detector INFO: FVGs: 11 detected, 3 unfilled
04:54:06 core.sweep_detector INFO: SweepDetector v2: 1 raw → 1 confirmed (vol≥2.5× body≥30%)
04:54:06 core.sweep_detector INFO: OrderBlocks: 5 detected, 3 unmitigated
04:54:06 core.sweep_detector INFO: FVGs: 11 detected, 2 unfilled
04:54:08 core.sweep_detector INFO: SweepDetector v2: 2 raw → 1 confirmed (vol≥2.5× body≥30%)
04:54:08 core.sweep_detector INFO: OrderBlocks: 1 detected, 0 unmitigated
04:54:08 core.sweep_detector INFO: FVGs: 10 detected, 2 unfilled
04:54:10 core.sweep_detector INFO: SweepDetector v2: 1 raw → 1 confirmed (vol≥2.5× body≥30%)
04:54:10 core.sweep_detector INFO: OrderBlocks: 7 detected, 2 unmitigated
04:54:10 core.sweep_detector INFO: FVGs: 7 detected, 1 unfilled
04:54:11 core.sweep_detector INFO: SweepDetector v2: 3 raw → 2 confirmed (vol≥2.5× body≥30%)
04:54:11 core.sweep_detector INFO: OrderBlocks: 3 detected, 1 unmitigated
04:54:11 core.sweep_detector INFO: FVGs: 11 detected, 3 unfilled
04:54:13 core.sweep_detector INFO: SweepDetector v2: 1 raw → 1 confirmed (vol≥2.5× body≥30%)
04:54:13 core.sweep_detector INFO: OrderBlocks: 5 detected, 0 unmitigated
04:54:13 core.sweep_detector INFO: FVGs: 7 detected, 1 unfilled
04:54:15 core.sweep_detector INFO: SweepDetector v2: 0 raw → 0 confirmed (vol≥2.5× body≥30%)
04:54:15 core.sweep_detector INFO: OrderBlocks: 7 detected, 4 unmitigated
04:54:15 core.sweep_detector INFO: FVGs: 11 detected, 4 unfilled
04:54:17 core.sweep_detector INFO: SweepDetector v2: 0 raw → 0 confirmed (vol≥2.5× body≥30%)
04:54:17 core.sweep_detector INFO: OrderBlocks: 10 detected, 3 unmitigated
04:54:17 core.sweep_detector INFO: FVGs: 8 detected, 3 unfilled
04:54:19 core.sweep_detector INFO: SweepDetector v2: 4 raw → 3 confirmed (vol≥2.5× body≥30%)
04:54:19 core.sweep_detector INFO: OrderBlocks: 7 detected, 4 unmitigated
04:54:19 core.sweep_detector INFO: FVGs: 11 detected, 6 unfilled
04:54:21 core.sweep_detector INFO: SweepDetector v2: 2 raw → 2 confirmed (vol≥2.5× body≥30%)
04:54:21 core.sweep_detector INFO: OrderBlocks: 4 detected, 1 unmitigated
04:54:21 core.sweep_detector INFO: FVGs: 5 detected, 3 unfilled
04:54:22 core.sweep_detector INFO: SweepDetector v2: 1 raw → 1 confirmed (vol≥2.5× body≥30%)
04:54:22 core.sweep_detector INFO: OrderBlocks: 4 detected, 1 unmitigated
04:54:22 core.sweep_detector INFO: FVGs: 8 detected, 3 unfilled
04:54:24 core.sweep_detector INFO: SweepDetector v2: 2 raw → 2 confirmed (vol≥2.5× body≥30%)
04:54:24 core.sweep_detector INFO: OrderBlocks: 4 detected, 2 unmitigated
04:54:24 core.sweep_detector INFO: FVGs: 10 detected, 2 unfilled
/root/.openclaw/workspace/projects/crypto-liquidity-hunter/main.py:555: DeprecationWarning: datetime.datetime.utcnow() is deprecated and scheduled for removal in a future version. Use timezone-aware objects to represent datetimes in UTC: datetime.datetime.now(datetime.UTC).
  scan_end     = datetime.utcnow()

=== SCAN ALL: 97 pairs, 3 timeframes ===
Total signals generated: 3
  binance:BNB/USDT 15m SHORT Entry=618.04 SL=621.00 TP=608.11 R:R=3.36
  binance:ENA/USDT 15m SHORT Entry=0.09 SL=0.09 TP=0.09 R:R=3.30
  binance:SEI/USDT 15m SHORT Entry=0.05 SL=0.05 TP=0.05 R:R=3.70
