17:10:02 __main__ INFO: Volume filter: fetching all tickers in one call...
17:10:03 __main__ INFO: Volume filter: 101/447 pairs pass $2M threshold
/root/.openclaw/workspace/projects/crypto-liquidity-hunter/main.py:292: DeprecationWarning: datetime.datetime.utcnow() is deprecated and scheduled for removal in a future version. Use timezone-aware objects to represent datetimes in UTC: datetime.datetime.now(datetime.UTC).
  scan_start = datetime.utcnow()   # for duration tracking
17:10:05 core.binance_connector INFO: BinanceConnector: connected [LIVE FUTURES MAINNET]
17:10:05 __main__ INFO: Auto-executor: account 'Liquiddbot1' mode=live exec=auto
17:10:06 core.sweep_detector INFO: SweepDetector v2: 0 raw â†’ 0 confirmed (volâ‰Ą2.5Ă— bodyâ‰Ą30%)
17:10:06 core.sweep_detector INFO: OrderBlocks: 10 detected, 5 unmitigated
17:10:06 core.sweep_detector INFO: FVGs: 11 detected, 6 unfilled
17:10:08 core.sweep_detector INFO: SweepDetector v2: 2 raw â†’ 2 confirmed (volâ‰Ą2.5Ă— bodyâ‰Ą30%)
17:10:08 core.sweep_detector INFO: OrderBlocks: 2 detected, 1 unmitigated
17:10:08 core.sweep_detector INFO: FVGs: 9 detected, 1 unfilled
17:10:10 core.sweep_detector INFO: SweepDetector v2: 2 raw â†’ 2 confirmed (volâ‰Ą2.5Ă— bodyâ‰Ą30%)
17:10:10 core.sweep_detector INFO: OrderBlocks: 3 detected, 0 unmitigated
17:10:10 core.sweep_detector INFO: FVGs: 5 detected, 0 unfilled
17:10:11 core.sweep_detector INFO: SweepDetector v2: 1 raw â†’ 1 confirmed (volâ‰Ą2.5Ă— bodyâ‰Ą30%)
17:10:11 core.sweep_detector INFO: OrderBlocks: 8 detected, 2 unmitigated
17:10:11 core.sweep_detector INFO: FVGs: 10 detected, 4 unfilled
17:10:13 core.sweep_detector INFO: SweepDetector v2: 2 raw â†’ 1 confirmed (volâ‰Ą2.5Ă— bodyâ‰Ą30%)
17:10:13 core.sweep_detector INFO: OrderBlocks: 3 detected, 1 unmitigated
17:10:13 core.sweep_detector INFO: FVGs: 6 detected, 1 unfilled
17:10:14 core.sweep_detector INFO: SweepDetector v2: 2 raw â†’ 2 confirmed (volâ‰Ą2.5Ă— bodyâ‰Ą30%)
17:10:14 core.sweep_detector INFO: OrderBlocks: 5 detected, 1 unmitigated
17:10:14 core.sweep_detector INFO: FVGs: 5 detected, 1 unfilled
17:10:16 core.sweep_detector INFO: SweepDetector v2: 5 raw â†’ 5 confirmed (volâ‰Ą2.5Ă— bodyâ‰Ą30%)
17:10:16 core.sweep_detector INFO: OrderBlocks: 5 detected, 0 unmitigated
17:10:16 core.sweep_detector INFO: FVGs: 10 detected, 1 unfilled
17:10:18 core.sweep_detector INFO: SweepDetector v2: 3 raw â†’ 3 confirmed (volâ‰Ą2.5Ă— bodyâ‰Ą30%)
17:10:18 core.sweep_detector INFO: OrderBlocks: 3 detected, 1 unmitigated
17:10:18 core.sweep_detector INFO: FVGs: 9 detected, 1 unfilled
17:10:19 core.sweep_detector INFO: SweepDetector v2: 1 raw â†’ 1 confirmed (volâ‰Ą2.5Ă— bodyâ‰Ą30%)
17:10:19 core.sweep_detector INFO: OrderBlocks: 6 detected, 2 unmitigated
17:10:19 core.sweep_detector INFO: FVGs: 6 detected, 4 unfilled
17:10:21 core.sweep_detector INFO: SweepDetector v2: 3 raw â†’ 2 confirmed (volâ‰Ą2.5Ă— bodyâ‰Ą30%)
17:10:21 core.sweep_detector INFO: OrderBlocks: 7 detected, 0 unmitigated
17:10:21 core.sweep_detector INFO: FVGs: 10 detected, 0 unfilled
17:10:23 core.sweep_detector INFO: SweepDetector v2: 1 raw â†’ 0 confirmed (volâ‰Ą2.5Ă— bodyâ‰Ą30%)
17:10:23 core.sweep_detector INFO: OrderBlocks: 3 detected, 1 unmitigated
17:10:23 core.sweep_detector INFO: FVGs: 11 detected, 3 unfilled
17:10:24 core.sweep_detector INFO: SweepDetector v2: 0 raw â†’ 0 confirmed (volâ‰Ą2.5Ă— bodyâ‰Ą30%)
17:10:24 core.sweep_detector INFO: OrderBlocks: 4 detected, 2 unmitigated
17:10:24 core.sweep_detector INFO: FVGs: 8 detected, 2 unfilled
17:10:26 core.sweep_detector INFO: SweepDetector v2: 2 raw â†’ 1 confirmed (volâ‰Ą2.5Ă— bodyâ‰Ą30%)
17:10:26 core.sweep_detector INFO: OrderBlocks: 7 detected, 2 unmitigated
17:10:26 core.sweep_detector INFO: FVGs: 8 detected, 3 unfilled
17:10:28 core.sweep_detector INFO: SweepDetector v2: 1 raw â†’ 1 confirmed (volâ‰Ą2.5Ă— bodyâ‰Ą30%)
17:10:28 core.sweep_detector INFO: OrderBlocks: 3 detected, 0 unmitigated
17:10:28 core.sweep_detector INFO: FVGs: 10 detected, 1 unfilled
17:10:30 core.sweep_detector INFO: SweepDetector v2: 1 raw â†’ 1 confirmed (volâ‰Ą2.5Ă— bodyâ‰Ą30%)
17:10:30 core.sweep_detector INFO: OrderBlocks: 4 detected, 2 unmitigated
17:10:30 core.sweep_detector INFO: FVGs: 8 detected, 3 unfilled
17:10:32 core.sweep_detector INFO: SweepDetector v2: 2 raw â†’ 1 confirmed (volâ‰Ą2.5Ă— bodyâ‰Ą30%)
17:10:32 core.sweep_detector INFO: OrderBlocks: 5 detected, 1 unmitigated
17:10:32 core.sweep_detector INFO: FVGs: 10 detected, 3 unfilled
17:10:33 core.sweep_detector INFO: SweepDetector v2: 1 raw â†’ 1 confirmed (volâ‰Ą2.5Ă— bodyâ‰Ą30%)
17:10:33 core.sweep_detector INFO: OrderBlocks: 6 detected, 2 unmitigated
17:10:33 core.sweep_detector INFO: FVGs: 10 detected, 2 unfilled
17:10:35 core.sweep_detector INFO: SweepDetector v2: 3 raw â†’ 3 confirmed (volâ‰Ą2.5Ă— bodyâ‰Ą30%)
17:10:35 core.sweep_detector INFO: OrderBlocks: 2 detected, 1 unmitigated
17:10:35 core.sweep_detector INFO: FVGs: 6 detected, 2 unfilled
17:10:37 core.sweep_detector INFO: SweepDetector v2: 5 raw â†’ 5 confirmed (volâ‰Ą2.5Ă— bodyâ‰Ą30%)
17:10:37 core.sweep_detector INFO: OrderBlocks: 1 detected, 0 unmitigated
17:10:37 core.sweep_detector INFO: FVGs: 4 detected, 2 unfilled
17:10:38 core.sweep_detector INFO: SweepDetector v2: 2 raw â†’ 2 confirmed (volâ‰Ą2.5Ă— bodyâ‰Ą30%)
17:10:38 core.sweep_detector INFO: OrderBlocks: 4 detected, 2 unmitigated
17:10:38 core.sweep_detector INFO: FVGs: 3 detected, 2 unfilled
17:10:41 core.sweep_detector INFO: SweepDetector v2: 2 raw â†’ 2 confirmed (volâ‰Ą2.5Ă— bodyâ‰Ą30%)
17:10:41 core.sweep_detector INFO: OrderBlocks: 3 detected, 1 unmitigated
17:10:41 core.sweep_detector INFO: FVGs: 5 detected, 2 unfilled
17:10:42 core.sweep_detector INFO: SweepDetector v2: 2 raw â†’ 1 confirmed (volâ‰Ą2.5Ă— bodyâ‰Ą30%)
17:10:42 core.sweep_detector INFO: OrderBlocks: 7 detected, 3 unmitigated
17:10:42 core.sweep_detector INFO: FVGs: 9 detected, 4 unfilled
17:10:44 core.sweep_detector INFO: SweepDetector v2: 1 raw â†’ 0 confirmed (volâ‰Ą2.5Ă— bodyâ‰Ą30%)
17:10:44 core.sweep_detector INFO: OrderBlocks: 2 detected, 1 unmitigated
17:10:44 core.sweep_detector INFO: FVGs: 2 detected, 0 unfilled
17:10:46 core.sweep_detector INFO: SweepDetector v2: 2 raw â†’ 2 confirmed (volâ‰Ą2.5Ă— bodyâ‰Ą30%)
17:10:46 core.sweep_detector INFO: OrderBlocks: 9 detected, 3 unmitigated
17:10:46 core.sweep_detector INFO: FVGs: 7 detected, 2 unfilled
17:10:48 core.sweep_detector INFO: SweepDetector v2: 2 raw â†’ 2 confirmed (volâ‰Ą2.5Ă— bodyâ‰Ą30%)
17:10:48 core.sweep_detector INFO: OrderBlocks: 4 detected, 2 unmitigated
17:10:48 core.sweep_detector INFO: FVGs: 12 detected, 6 unfilled
17:10:49 core.sweep_detector INFO: SweepDetector v2: 1 raw â†’ 1 confirmed (volâ‰Ą2.5Ă— bodyâ‰Ą30%)
17:10:49 core.sweep_detector INFO: OrderBlocks: 4 detected, 2 unmitigated
17:10:49 core.sweep_detector INFO: FVGs: 8 detected, 3 unfilled
17:10:51 core.sweep_detector INFO: SweepDetector v2: 2 raw â†’ 2 confirmed (volâ‰Ą2.5Ă— bodyâ‰Ą30%)
17:10:51 core.sweep_detector INFO: OrderBlocks: 2 detected, 1 unmitigated
17:10:51 core.sweep_detector INFO: FVGs: 8 detected, 1 unfilled
17:10:53 core.sweep_detector INFO: SweepDetector v2: 2 raw â†’ 2 confirmed (volâ‰Ą2.5Ă— bodyâ‰Ą30%)
17:10:53 core.sweep_detector INFO: OrderBlocks: 5 detected, 0 unmitigated
17:10:53 core.sweep_detector INFO: FVGs: 4 detected, 0 unfilled
17:10:55 core.sweep_detector INFO: SweepDetector v2: 1 raw â†’ 1 confirmed (volâ‰Ą2.5Ă— bodyâ‰Ą30%)
17:10:55 core.sweep_detector INFO: OrderBlocks: 4 detected, 0 unmitigated
17:10:55 core.sweep_detector INFO: FVGs: 11 detected, 1 unfilled
17:10:57 core.sweep_detector INFO: SweepDetector v2: 1 raw â†’ 0 confirmed (volâ‰Ą2.5Ă— bodyâ‰Ą30%)
17:10:57 core.sweep_detector INFO: OrderBlocks: 1 detected, 0 unmitigated
17:10:57 core.sweep_detector INFO: FVGs: 5 detected, 0 unfilled
17:10:59 core.sweep_detector INFO: SweepDetector v2: 1 raw â†’ 1 confirmed (volâ‰Ą2.5Ă— bodyâ‰Ą30%)
17:10:59 core.sweep_detector INFO: OrderBlocks: 4 detected, 0 unmitigated
17:10:59 core.sweep_detector INFO: FVGs: 8 detected, 1 unfilled
17:11:00 core.sweep_detector INFO: SweepDetector v2: 0 raw â†’ 0 confirmed (volâ‰Ą2.5Ă— bodyâ‰Ą30%)
17:11:00 core.sweep_detector INFO: OrderBlocks: 4 detected, 2 unmitigated
17:11:00 core.sweep_detector INFO: FVGs: 9 detected, 2 unfilled
17:11:02 core.sweep_detector INFO: SweepDetector v2: 0 raw â†’ 0 confirmed (volâ‰Ą2.5Ă— bodyâ‰Ą30%)
17:11:02 core.sweep_detector INFO: OrderBlocks: 9 detected, 5 unmitigated
17:11:02 core.sweep_detector INFO: FVGs: 11 detected, 4 unfilled
17:11:04 core.sweep_detector INFO: SweepDetector v2: 4 raw â†’ 4 confirmed (volâ‰Ą2.5Ă— bodyâ‰Ą30%)
17:11:04 core.sweep_detector INFO: OrderBlocks: 2 detected, 2 unmitigated
17:11:04 core.sweep_detector INFO: FVGs: 12 detected, 3 unfilled
17:11:05 core.sweep_detector INFO: SweepDetector v2: 1 raw â†’ 1 confirmed (volâ‰Ą2.5Ă— bodyâ‰Ą30%)
17:11:05 core.sweep_detector INFO: OrderBlocks: 6 detected, 1 unmitigated
17:11:05 core.sweep_detector INFO: FVGs: 10 detected, 0 unfilled
17:11:07 core.sweep_detector INFO: SweepDetector v2: 2 raw â†’ 1 confirmed (volâ‰Ą2.5Ă— bodyâ‰Ą30%)
17:11:07 core.sweep_detector INFO: OrderBlocks: 2 detected, 0 unmitigated
17:11:07 core.sweep_detector INFO: FVGs: 4 detected, 0 unfilled
17:11:09 core.sweep_detector INFO: SweepDetector v2: 0 raw â†’ 0 confirmed (volâ‰Ą2.5Ă— bodyâ‰Ą30%)
17:11:09 core.sweep_detector INFO: OrderBlocks: 4 detected, 2 unmitigated
17:11:09 core.sweep_detector INFO: FVGs: 7 detected, 2 unfilled
17:11:11 core.sweep_detector INFO: SweepDetector v2: 3 raw â†’ 3 confirmed (volâ‰Ą2.5Ă— bodyâ‰Ą30%)
17:11:11 core.sweep_detector INFO: OrderBlocks: 2 detected, 2 unmitigated
17:11:11 core.sweep_detector INFO: FVGs: 6 detected, 3 unfilled
17:11:12 core.sweep_detector INFO: SweepDetector v2: 2 raw â†’ 2 confirmed (volâ‰Ą2.5Ă— bodyâ‰Ą30%)
17:11:12 core.sweep_detector INFO: OrderBlocks: 5 detected, 3 unmitigated
17:11:12 core.sweep_detector INFO: FVGs: 6 detected, 3 unfilled
17:11:14 core.sweep_detector INFO: SweepDetector v2: 0 raw â†’ 0 confirmed (volâ‰Ą2.5Ă— bodyâ‰Ą30%)
17:11:14 core.sweep_detector INFO: OrderBlocks: 0 detected, 0 unmitigated
17:11:14 core.sweep_detector INFO: FVGs: 0 detected, 0 unfilled
17:11:16 core.sweep_detector INFO: SweepDetector v2: 0 raw â†’ 0 confirmed (volâ‰Ą2.5Ă— bodyâ‰Ą30%)
17:11:16 core.sweep_detector INFO: OrderBlocks: 0 detected, 0 unmitigated
17:11:16 core.sweep_detector INFO: FVGs: 0 detected, 0 unfilled
17:11:17 core.sweep_detector INFO: SweepDetector v2: 0 raw â†’ 0 confirmed (volâ‰Ą2.5Ă— bodyâ‰Ą30%)
17:11:17 core.sweep_detector INFO: OrderBlocks: 0 detected, 0 unmitigated
17:11:17 core.sweep_detector INFO: FVGs: 0 detected, 0 unfilled
17:11:19 core.sweep_detector INFO: SweepDetector v2: 1 raw â†’ 1 confirmed (volâ‰Ą2.5Ă— bodyâ‰Ą30%)
17:11:19 core.sweep_detector INFO: OrderBlocks: 8 detected, 6 unmitigated
17:11:19 core.sweep_detector INFO: FVGs: 10 detected, 5 unfilled
17:11:20 core.sweep_detector INFO: SweepDetector v2: 1 raw â†’ 1 confirmed (volâ‰Ą2.5Ă— bodyâ‰Ą30%)
17:11:20 core.sweep_detector INFO: OrderBlocks: 4 detected, 1 unmitigated
17:11:20 core.sweep_detector INFO: FVGs: 4 detected, 1 unfilled
17:11:22 core.sweep_detector INFO: SweepDetector v2: 1 raw â†’ 1 confirmed (volâ‰Ą2.5Ă— bodyâ‰Ą30%)
17:11:22 core.sweep_detector INFO: OrderBlocks: 4 detected, 0 unmitigated
17:11:22 core.sweep_detector INFO: FVGs: 6 detected, 1 unfilled
17:11:24 core.sweep_detector INFO: SweepDetector v2: 1 raw â†’ 1 confirmed (volâ‰Ą2.5Ă— bodyâ‰Ą30%)
17:11:24 core.sweep_detector INFO: OrderBlocks: 7 detected, 2 unmitigated
17:11:24 core.sweep_detector INFO: FVGs: 7 detected, 3 unfilled
17:11:25 core.sweep_detector INFO: SweepDetector v2: 1 raw â†’ 1 confirmed (volâ‰Ą2.5Ă— bodyâ‰Ą30%)
17:11:25 core.sweep_detector INFO: OrderBlocks: 1 detected, 1 unmitigated
17:11:25 core.sweep_detector INFO: FVGs: 9 detected, 1 unfilled
17:11:27 core.sweep_detector INFO: SweepDetector v2: 1 raw â†’ 1 confirmed (volâ‰Ą2.5Ă— bodyâ‰Ą30%)
17:11:27 core.sweep_detector INFO: OrderBlocks: 3 detected, 0 unmitigated
17:11:27 core.sweep_detector INFO: FVGs: 5 detected, 0 unfilled
17:11:29 core.sweep_detector INFO: SweepDetector v2: 0 raw â†’ 0 confirmed (volâ‰Ą2.5Ă— bodyâ‰Ą30%)
17:11:29 core.sweep_detector INFO: OrderBlocks: 6 detected, 4 unmitigated
17:11:29 core.sweep_detector INFO: FVGs: 7 detected, 3 unfilled
17:11:30 core.sweep_detector INFO: SweepDetector v2: 2 raw â†’ 1 confirmed (volâ‰Ą2.5Ă— bodyâ‰Ą30%)
17:11:30 core.sweep_detector INFO: OrderBlocks: 4 detected, 1 unmitigated
17:11:30 core.sweep_detector INFO: FVGs: 9 detected, 1 unfilled
17:11:32 core.sweep_detector INFO: SweepDetector v2: 1 raw â†’ 1 confirmed (volâ‰Ą2.5Ă— bodyâ‰Ą30%)
17:11:32 core.sweep_detector INFO: OrderBlocks: 3 detected, 0 unmitigated
17:11:32 core.sweep_detector INFO: FVGs: 4 detected, 1 unfilled
17:11:34 core.sweep_detector INFO: SweepDetector v2: 7 raw â†’ 5 confirmed (volâ‰Ą2.5Ă— bodyâ‰Ą30%)
17:11:34 core.sweep_detector INFO: OrderBlocks: 4 detected, 2 unmitigated
17:11:34 core.sweep_detector INFO: FVGs: 9 detected, 4 unfilled
17:11:36 core.sweep_detector INFO: SweepDetector v2: 3 raw â†’ 1 confirmed (volâ‰Ą2.5Ă— bodyâ‰Ą30%)
17:11:36 core.sweep_detector INFO: OrderBlocks: 5 detected, 2 unmitigated
17:11:36 core.sweep_detector INFO: FVGs: 11 detected, 3 unfilled
17:11:38 core.sweep_detector INFO: SweepDetector v2: 0 raw â†’ 0 confirmed (volâ‰Ą2.5Ă— bodyâ‰Ą30%)
17:11:38 core.sweep_detector INFO: OrderBlocks: 4 detected, 3 unmitigated
17:11:38 core.sweep_detector INFO: FVGs: 11 detected, 5 unfilled
17:11:40 core.sweep_detector INFO: SweepDetector v2: 1 raw â†’ 1 confirmed (volâ‰Ą2.5Ă— bodyâ‰Ą30%)
17:11:40 core.sweep_detector INFO: OrderBlocks: 7 detected, 3 unmitigated
17:11:40 core.sweep_detector INFO: FVGs: 12 detected, 3 unfilled
17:11:42 core.sweep_detector INFO: SweepDetector v2: 2 raw â†’ 1 confirmed (volâ‰Ą2.5Ă— bodyâ‰Ą30%)
17:11:42 core.sweep_detector INFO: OrderBlocks: 8 detected, 0 unmitigated
17:11:42 core.sweep_detector INFO: FVGs: 6 detected, 2 unfilled
17:11:44 core.sweep_detector INFO: SweepDetector v2: 2 raw â†’ 2 confirmed (volâ‰Ą2.5Ă— bodyâ‰Ą30%)
17:11:45 core.sweep_detector INFO: OrderBlocks: 3 detected, 0 unmitigated
17:11:45 core.sweep_detector INFO: FVGs: 2 detected, 0 unfilled
17:11:46 core.sweep_detector INFO: SweepDetector v2: 5 raw â†’ 4 confirmed (volâ‰Ą2.5Ă— bodyâ‰Ą30%)
17:11:46 core.sweep_detector INFO: OrderBlocks: 8 detected, 1 unmitigated
17:11:46 core.sweep_detector INFO: FVGs: 12 detected, 4 unfilled
17:11:49 core.sweep_detector INFO: SweepDetector v2: 1 raw â†’ 0 confirmed (volâ‰Ą2.5Ă— bodyâ‰Ą30%)
17:11:49 core.sweep_detector INFO: OrderBlocks: 6 detected, 1 unmitigated
17:11:49 core.sweep_detector INFO: FVGs: 18 detected, 4 unfilled
17:11:51 core.sweep_detector INFO: SweepDetector v2: 1 raw â†’ 0 confirmed (volâ‰Ą2.5Ă— bodyâ‰Ą30%)
17:11:51 core.sweep_detector INFO: OrderBlocks: 4 detected, 2 unmitigated
17:11:51 core.sweep_detector INFO: FVGs: 12 detected, 9 unfilled
17:11:53 core.sweep_detector INFO: SweepDetector v2: 0 raw â†’ 0 confirmed (volâ‰Ą2.5Ă— bodyâ‰Ą30%)
17:11:53 core.sweep_detector INFO: OrderBlocks: 6 detected, 3 unmitigated
17:11:53 core.sweep_detector INFO: FVGs: 4 detected, 3 unfilled
17:11:55 core.sweep_detector INFO: SweepDetector v2: 1 raw â†’ 1 confirmed (volâ‰Ą2.5Ă— bodyâ‰Ą30%)
17:11:55 core.sweep_detector INFO: OrderBlocks: 6 detected, 2 unmitigated
17:11:55 core.sweep_detector INFO: FVGs: 3 detected, 3 unfilled
17:11:57 core.sweep_detector INFO: SweepDetector v2: 1 raw â†’ 0 confirmed (volâ‰Ą2.5Ă— bodyâ‰Ą30%)
17:11:57 core.sweep_detector INFO: OrderBlocks: 6 detected, 0 unmitigated
17:11:57 core.sweep_detector INFO: FVGs: 8 detected, 1 unfilled
17:12:00 core.sweep_detector INFO: SweepDetector v2: 1 raw â†’ 0 confirmed (volâ‰Ą2.5Ă— bodyâ‰Ą30%)
17:12:00 core.sweep_detector INFO: OrderBlocks: 2 detected, 2 unmitigated
17:12:00 core.sweep_detector INFO: FVGs: 7 detected, 6 unfilled
17:12:02 core.sweep_detector INFO: SweepDetector v2: 1 raw â†’ 0 confirmed (volâ‰Ą2.5Ă— bodyâ‰Ą30%)
17:12:02 core.sweep_detector INFO: OrderBlocks: 4 detected, 3 unmitigated
17:12:02 core.sweep_detector INFO: FVGs: 6 detected, 4 unfilled
17:12:03 core.sweep_detector INFO: SweepDetector v2: 2 raw â†’ 1 confirmed (volâ‰Ą2.5Ă— bodyâ‰Ą30%)
17:12:03 core.sweep_detector INFO: OrderBlocks: 12 detected, 0 unmitigated
17:12:03 core.sweep_detector INFO: FVGs: 7 detected, 0 unfilled
17:12:06 core.sweep_detector INFO: SweepDetector v2: 0 raw â†’ 0 confirmed (volâ‰Ą2.5Ă— bodyâ‰Ą30%)
17:12:06 core.sweep_detector INFO: OrderBlocks: 6 detected, 2 unmitigated
17:12:06 core.sweep_detector INFO: FVGs: 11 detected, 7 unfilled
17:12:08 core.sweep_detector INFO: SweepDetector v2: 3 raw â†’ 2 confirmed (volâ‰Ą2.5Ă— bodyâ‰Ą30%)
17:12:08 core.sweep_detector INFO: OrderBlocks: 6 detected, 1 unmitigated
17:12:08 core.sweep_detector INFO: FVGs: 11 detected, 2 unfilled
17:12:10 core.sweep_detector INFO: SweepDetector v2: 0 raw â†’ 0 confirmed (volâ‰Ą2.5Ă— bodyâ‰Ą30%)
17:12:10 core.sweep_detector INFO: OrderBlocks: 6 detected, 0 unmitigated
17:12:10 core.sweep_detector INFO: FVGs: 7 detected, 2 unfilled
17:12:13 core.sweep_detector INFO: SweepDetector v2: 0 raw â†’ 0 confirmed (volâ‰Ą2.5Ă— bodyâ‰Ą30%)
17:12:13 core.sweep_detector INFO: OrderBlocks: 9 detected, 2 unmitigated
17:12:13 core.sweep_detector INFO: FVGs: 14 detected, 3 unfilled
17:12:15 core.sweep_detector INFO: SweepDetector v2: 3 raw â†’ 2 confirmed (volâ‰Ą2.5Ă— bodyâ‰Ą30%)
17:12:15 core.sweep_detector INFO: OrderBlocks: 3 detected, 2 unmitigated
17:12:15 core.sweep_detector INFO: FVGs: 12 detected, 2 unfilled
17:12:17 core.sweep_detector INFO: SweepDetector v2: 2 raw â†’ 2 confirmed (volâ‰Ą2.5Ă— bodyâ‰Ą30%)
17:12:17 core.sweep_detector INFO: OrderBlocks: 6 detected, 1 unmitigated
17:12:17 core.sweep_detector INFO: FVGs: 5 detected, 2 unfilled
17:12:19 core.sweep_detector INFO: SweepDetector v2: 4 raw â†’ 2 confirmed (volâ‰Ą2.5Ă— bodyâ‰Ą30%)
17:12:19 core.sweep_detector INFO: OrderBlocks: 5 detected, 2 unmitigated
17:12:19 core.sweep_detector INFO: FVGs: 9 detected, 2 unfilled
17:12:21 core.sweep_detector INFO: SweepDetector v2: 5 raw â†’ 4 confirmed (volâ‰Ą2.5Ă— bodyâ‰Ą30%)
17:12:21 core.sweep_detector INFO: OrderBlocks: 6 detected, 2 unmitigated
17:12:21 core.sweep_detector INFO: FVGs: 10 detected, 4 unfilled
17:12:23 core.sweep_detector INFO: SweepDetector v2: 3 raw â†’ 2 confirmed (volâ‰Ą2.5Ă— bodyâ‰Ą30%)
17:12:23 core.sweep_detector INFO: OrderBlocks: 6 detected, 3 unmitigated
17:12:23 core.sweep_detector INFO: FVGs: 12 detected, 7 unfilled
17:12:25 core.sweep_detector INFO: SweepDetector v2: 3 raw â†’ 2 confirmed (volâ‰Ą2.5Ă— bodyâ‰Ą30%)
17:12:25 core.sweep_detector INFO: OrderBlocks: 5 detected, 2 unmitigated
17:12:25 core.sweep_detector INFO: FVGs: 5 detected, 2 unfilled
17:12:27 core.sweep_detector INFO: SweepDetector v2: 2 raw â†’ 1 confirmed (volâ‰Ą2.5Ă— bodyâ‰Ą30%)
17:12:27 core.sweep_detector INFO: OrderBlocks: 3 detected, 0 unmitigated
17:12:27 core.sweep_detector INFO: FVGs: 10 detected, 2 unfilled
17:12:29 core.sweep_detector INFO: SweepDetector v2: 0 raw â†’ 0 confirmed (volâ‰Ą2.5Ă— bodyâ‰Ą30%)
17:12:29 core.sweep_detector INFO: OrderBlocks: 6 detected, 2 unmitigated
17:12:29 core.sweep_detector INFO: FVGs: 4 detected, 1 unfilled
17:12:31 core.sweep_detector INFO: SweepDetector v2: 1 raw â†’ 1 confirmed (volâ‰Ą2.5Ă— bodyâ‰Ą30%)
17:12:31 core.sweep_detector INFO: OrderBlocks: 9 detected, 2 unmitigated
17:12:31 core.sweep_detector INFO: FVGs: 7 detected, 1 unfilled
17:12:33 core.sweep_detector INFO: SweepDetector v2: 0 raw â†’ 0 confirmed (volâ‰Ą2.5Ă— bodyâ‰Ą30%)
17:12:33 core.sweep_detector INFO: OrderBlocks: 8 detected, 2 unmitigated
17:12:33 core.sweep_detector INFO: FVGs: 9 detected, 2 unfilled
17:12:34 core.sweep_detector INFO: SweepDetector v2: 1 raw â†’ 1 confirmed (volâ‰Ą2.5Ă— bodyâ‰Ą30%)
17:12:34 core.sweep_detector INFO: OrderBlocks: 3 detected, 0 unmitigated
17:12:34 core.sweep_detector INFO: FVGs: 9 detected, 2 unfilled
17:12:36 core.sweep_detector INFO: SweepDetector v2: 0 raw â†’ 0 confirmed (volâ‰Ą2.5Ă— bodyâ‰Ą30%)
17:12:36 core.sweep_detector INFO: OrderBlocks: 8 detected, 3 unmitigated
17:12:36 core.sweep_detector INFO: FVGs: 11 detected, 2 unfilled
17:12:38 core.sweep_detector INFO: SweepDetector v2: 4 raw â†’ 3 confirmed (volâ‰Ą2.5Ă— bodyâ‰Ą30%)
17:12:38 core.sweep_detector INFO: OrderBlocks: 1 detected, 1 unmitigated
17:12:38 core.sweep_detector INFO: FVGs: 9 detected, 1 unfilled
17:12:40 core.sweep_detector INFO: SweepDetector v2: 1 raw â†’ 1 confirmed (volâ‰Ą2.5Ă— bodyâ‰Ą30%)
17:12:40 core.sweep_detector INFO: OrderBlocks: 3 detected, 0 unmitigated
17:12:40 core.sweep_detector INFO: FVGs: 3 detected, 0 unfilled
17:12:41 core.sweep_detector INFO: SweepDetector v2: 1 raw â†’ 0 confirmed (volâ‰Ą2.5Ă— bodyâ‰Ą30%)
17:12:41 core.sweep_detector INFO: OrderBlocks: 4 detected, 1 unmitigated
17:12:41 core.sweep_detector INFO: FVGs: 8 detected, 2 unfilled
17:12:43 core.sweep_detector INFO: SweepDetector v2: 3 raw â†’ 3 confirmed (volâ‰Ą2.5Ă— bodyâ‰Ą30%)
17:12:43 core.sweep_detector INFO: OrderBlocks: 4 detected, 0 unmitigated
17:12:43 core.sweep_detector INFO: FVGs: 6 detected, 0 unfilled
17:12:44 core.sweep_detector INFO: SweepDetector v2: 2 raw â†’ 2 confirmed (volâ‰Ą2.5Ă— bodyâ‰Ą30%)
17:12:44 core.sweep_detector INFO: OrderBlocks: 6 detected, 1 unmitigated
17:12:44 core.sweep_detector INFO: FVGs: 9 detected, 1 unfilled
17:12:46 core.sweep_detector INFO: SweepDetector v2: 2 raw â†’ 2 confirmed (volâ‰Ą2.5Ă— bodyâ‰Ą30%)
17:12:46 core.sweep_detector INFO: OrderBlocks: 9 detected, 3 unmitigated
17:12:46 core.sweep_detector INFO: FVGs: 15 detected, 5 unfilled
17:12:48 core.sweep_detector INFO: SweepDetector v2: 2 raw â†’ 2 confirmed (volâ‰Ą2.5Ă— bodyâ‰Ą30%)
17:12:48 core.sweep_detector INFO: OrderBlocks: 7 detected, 2 unmitigated
17:12:48 core.sweep_detector INFO: FVGs: 11 detected, 3 unfilled
17:12:49 core.sweep_detector INFO: SweepDetector v2: 2 raw â†’ 2 confirmed (volâ‰Ą2.5Ă— bodyâ‰Ą30%)
17:12:49 core.sweep_detector INFO: OrderBlocks: 6 detected, 3 unmitigated
17:12:49 core.sweep_detector INFO: FVGs: 10 detected, 3 unfilled
17:12:51 core.sweep_detector INFO: SweepDetector v2: 1 raw â†’ 1 confirmed (volâ‰Ą2.5Ă— bodyâ‰Ą30%)
17:12:51 core.sweep_detector INFO: OrderBlocks: 5 detected, 3 unmitigated
17:12:51 core.sweep_detector INFO: FVGs: 11 detected, 3 unfilled
17:12:53 core.sweep_detector INFO: SweepDetector v2: 4 raw â†’ 3 confirmed (volâ‰Ą2.5Ă— bodyâ‰Ą30%)
17:12:53 core.sweep_detector INFO: OrderBlocks: 3 detected, 0 unmitigated
17:12:53 core.sweep_detector INFO: FVGs: 6 detected, 2 unfilled
17:12:54 core.sweep_detector INFO: SweepDetector v2: 5 raw â†’ 3 confirmed (volâ‰Ą2.5Ă— bodyâ‰Ą30%)
17:12:54 core.sweep_detector INFO: OrderBlocks: 1 detected, 1 unmitigated
17:12:54 core.sweep_detector INFO: FVGs: 6 detected, 1 unfilled
17:12:56 core.sweep_detector INFO: SweepDetector v2: 2 raw â†’ 1 confirmed (volâ‰Ą2.5Ă— bodyâ‰Ą30%)
17:12:56 core.sweep_detector INFO: OrderBlocks: 5 detected, 0 unmitigated
17:12:56 core.sweep_detector INFO: FVGs: 6 detected, 0 unfilled
17:12:58 core.sweep_detector INFO: SweepDetector v2: 1 raw â†’ 0 confirmed (volâ‰Ą2.5Ă— bodyâ‰Ą30%)
17:12:58 core.sweep_detector INFO: OrderBlocks: 4 detected, 2 unmitigated
17:12:58 core.sweep_detector INFO: FVGs: 10 detected, 1 unfilled
17:13:00 core.sweep_detector INFO: SweepDetector v2: 3 raw â†’ 2 confirmed (volâ‰Ą2.5Ă— bodyâ‰Ą30%)
17:13:00 core.sweep_detector INFO: OrderBlocks: 6 detected, 2 unmitigated
17:13:00 core.sweep_detector INFO: FVGs: 8 detected, 2 unfilled
17:13:02 core.sweep_detector INFO: SweepDetector v2: 2 raw â†’ 1 confirmed (volâ‰Ą2.5Ă— bodyâ‰Ą30%)
17:13:02 core.sweep_detector INFO: OrderBlocks: 5 detected, 1 unmitigated
17:13:02 core.sweep_detector INFO: FVGs: 8 detected, 4 unfilled
17:13:05 core.sweep_detector INFO: SweepDetector v2: 2 raw â†’ 2 confirmed (volâ‰Ą2.5Ă— bodyâ‰Ą30%)
17:13:05 core.sweep_detector INFO: OrderBlocks: 2 detected, 1 unmitigated
17:13:05 core.sweep_detector INFO: FVGs: 12 detected, 3 unfilled
17:13:06 core.sweep_detector INFO: SweepDetector v2: 1 raw â†’ 1 confirmed (volâ‰Ą2.5Ă— bodyâ‰Ą30%)
17:13:06 core.sweep_detector INFO: OrderBlocks: 6 detected, 1 unmitigated
17:13:06 core.sweep_detector INFO: FVGs: 11 detected, 2 unfilled
17:13:08 core.sweep_detector INFO: SweepDetector v2: 2 raw â†’ 1 confirmed (volâ‰Ą2.5Ă— bodyâ‰Ą30%)
17:13:08 core.sweep_detector INFO: OrderBlocks: 6 detected, 2 unmitigated
17:13:08 core.sweep_detector INFO: FVGs: 10 detected, 5 unfilled
17:13:09 core.sweep_detector INFO: SweepDetector v2: 3 raw â†’ 1 confirmed (volâ‰Ą2.5Ă— bodyâ‰Ą30%)
17:13:09 core.sweep_detector INFO: OrderBlocks: 4 detected, 1 unmitigated
17:13:09 core.sweep_detector INFO: FVGs: 10 detected, 2 unfilled
17:13:12 core.sweep_detector INFO: SweepDetector v2: 2 raw â†’ 2 confirmed (volâ‰Ą2.5Ă— bodyâ‰Ą30%)
17:13:12 core.sweep_detector INFO: OrderBlocks: 5 detected, 0 unmitigated
17:13:12 core.sweep_detector INFO: FVGs: 4 detected, 0 unfilled
17:13:14 core.sweep_detector INFO: SweepDetector v2: 0 raw â†’ 0 confirmed (volâ‰Ą2.5Ă— bodyâ‰Ą30%)
17:13:14 core.sweep_detector INFO: OrderBlocks: 2 detected, 2 unmitigated
17:13:14 core.sweep_detector INFO: FVGs: 10 detected, 4 unfilled
17:13:16 core.sweep_detector INFO: SweepDetector v2: 2 raw â†’ 2 confirmed (volâ‰Ą2.5Ă— bodyâ‰Ą30%)
17:13:16 core.sweep_detector INFO: OrderBlocks: 3 detected, 0 unmitigated
17:13:16 core.sweep_detector INFO: FVGs: 4 detected, 2 unfilled
17:13:17 core.sweep_detector INFO: SweepDetector v2: 1 raw â†’ 1 confirmed (volâ‰Ą2.5Ă— bodyâ‰Ą30%)
17:13:17 core.sweep_detector INFO: OrderBlocks: 2 detected, 0 unmitigated
17:13:17 core.sweep_detector INFO: FVGs: 11 detected, 1 unfilled
17:13:19 core.sweep_detector INFO: SweepDetector v2: 0 raw â†’ 0 confirmed (volâ‰Ą2.5Ă— bodyâ‰Ą30%)
17:13:19 core.sweep_detector INFO: OrderBlocks: 5 detected, 1 unmitigated
17:13:19 core.sweep_detector INFO: FVGs: 1 detected, 1 unfilled
17:13:21 core.sweep_detector INFO: SweepDetector v2: 0 raw â†’ 0 confirmed (volâ‰Ą2.5Ă— bodyâ‰Ą30%)
17:13:21 core.sweep_detector INFO: OrderBlocks: 4 detected, 1 unmitigated
17:13:21 core.sweep_detector INFO: FVGs: 1 detected, 1 unfilled
17:13:22 core.sweep_detector INFO: SweepDetector v2: 0 raw â†’ 0 confirmed (volâ‰Ą2.5Ă— bodyâ‰Ą30%)
17:13:22 core.sweep_detector INFO: OrderBlocks: 4 detected, 2 unmitigated
17:13:22 core.sweep_detector INFO: FVGs: 0 detected, 0 unfilled
17:13:24 core.sweep_detector INFO: SweepDetector v2: 0 raw â†’ 0 confirmed (volâ‰Ą2.5Ă— bodyâ‰Ą30%)
17:13:24 core.sweep_detector INFO: OrderBlocks: 0 detected, 0 unmitigated
17:13:24 core.sweep_detector INFO: FVGs: 0 detected, 0 unfilled
17:13:25 core.sweep_detector INFO: SweepDetector v2: 0 raw â†’ 0 confirmed (volâ‰Ą2.5Ă— bodyâ‰Ą30%)
17:13:25 core.sweep_detector INFO: OrderBlocks: 0 detected, 0 unmitigated
17:13:25 core.sweep_detector INFO: FVGs: 0 detected, 0 unfilled
17:13:27 core.sweep_detector INFO: SweepDetector v2: 0 raw â†’ 0 confirmed (volâ‰Ą2.5Ă— bodyâ‰Ą30%)
17:13:27 core.sweep_detector INFO: OrderBlocks: 0 detected, 0 unmitigated
17:13:27 core.sweep_detector INFO: FVGs: 0 detected, 0 unfilled
17:13:29 core.sweep_detector INFO: SweepDetector v2: 0 raw â†’ 0 confirmed (volâ‰Ą2.5Ă— bodyâ‰Ą30%)
17:13:29 core.sweep_detector INFO: OrderBlocks: 6 detected, 1 unmitigated
17:13:29 core.sweep_detector INFO: FVGs: 13 detected, 3 unfilled
17:13:30 core.sweep_detector INFO: SweepDetector v2: 1 raw â†’ 1 confirmed (volâ‰Ą2.5Ă— bodyâ‰Ą30%)
17:13:30 core.sweep_detector INFO: OrderBlocks: 5 detected, 2 unmitigated
17:13:30 core.sweep_detector INFO: FVGs: 11 detected, 2 unfilled
17:13:32 core.sweep_detector INFO: SweepDetector v2: 2 raw â†’ 2 confirmed (volâ‰Ą2.5Ă— bodyâ‰Ą30%)
17:13:32 core.sweep_detector INFO: OrderBlocks: 6 detected, 3 unmitigated
17:13:32 core.sweep_detector INFO: FVGs: 7 detected, 3 unfilled
17:13:34 core.sweep_detector INFO: SweepDetector v2: 0 raw â†’ 0 confirmed (volâ‰Ą2.5Ă— bodyâ‰Ą30%)
17:13:34 core.sweep_detector INFO: OrderBlocks: 8 detected, 4 unmitigated
17:13:34 core.sweep_detector INFO: FVGs: 11 detected, 5 unfilled
17:13:36 core.sweep_detector INFO: SweepDetector v2: 2 raw â†’ 1 confirmed (volâ‰Ą2.5Ă— bodyâ‰Ą30%)
17:13:36 core.sweep_detector INFO: OrderBlocks: 4 detected, 0 unmitigated
17:13:36 core.sweep_detector INFO: FVGs: 11 detected, 2 unfilled
17:13:38 core.sweep_detector INFO: SweepDetector v2: 2 raw â†’ 2 confirmed (volâ‰Ą2.5Ă— bodyâ‰Ą30%)
17:13:38 core.sweep_detector INFO: OrderBlocks: 1 detected, 0 unmitigated
17:13:38 core.sweep_detector INFO: FVGs: 7 detected, 0 unfilled
17:13:40 core.sweep_detector INFO: SweepDetector v2: 0 raw â†’ 0 confirmed (volâ‰Ą2.5Ă— bodyâ‰Ą30%)
17:13:40 core.sweep_detector INFO: OrderBlocks: 8 detected, 3 unmitigated
17:13:40 core.sweep_detector INFO: FVGs: 12 detected, 3 unfilled
17:13:41 core.sweep_detector INFO: SweepDetector v2: 1 raw â†’ 1 confirmed (volâ‰Ą2.5Ă— bodyâ‰Ą30%)
17:13:41 core.sweep_detector INFO: OrderBlocks: 5 detected, 0 unmitigated
17:13:41 core.sweep_detector INFO: FVGs: 12 detected, 2 unfilled
17:13:43 core.sweep_detector INFO: SweepDetector v2: 4 raw â†’ 3 confirmed (volâ‰Ą2.5Ă— bodyâ‰Ą30%)
17:13:43 core.sweep_detector INFO: OrderBlocks: 2 detected, 0 unmitigated
17:13:43 core.sweep_detector INFO: FVGs: 8 detected, 0 unfilled
17:13:45 core.sweep_detector INFO: SweepDetector v2: 1 raw â†’ 1 confirmed (volâ‰Ą2.5Ă— bodyâ‰Ą30%)
17:13:45 core.sweep_detector INFO: OrderBlocks: 7 detected, 2 unmitigated
17:13:45 core.sweep_detector INFO: FVGs: 9 detected, 2 unfilled
17:13:46 core.sweep_detector INFO: SweepDetector v2: 1 raw â†’ 1 confirmed (volâ‰Ą2.5Ă— bodyâ‰Ą30%)
17:13:46 core.sweep_detector INFO: OrderBlocks: 3 detected, 0 unmitigated
17:13:46 core.sweep_detector INFO: FVGs: 6 detected, 1 unfilled
17:13:48 core.sweep_detector INFO: SweepDetector v2: 1 raw â†’ 1 confirmed (volâ‰Ą2.5Ă— bodyâ‰Ą30%)
17:13:48 core.sweep_detector INFO: OrderBlocks: 6 detected, 0 unmitigated
17:13:48 core.sweep_detector INFO: FVGs: 8 detected, 0 unfilled
17:13:50 core.sweep_detector INFO: SweepDetector v2: 3 raw â†’ 2 confirmed (volâ‰Ą2.5Ă— bodyâ‰Ą30%)
17:13:50 core.sweep_detector INFO: OrderBlocks: 7 detected, 2 unmitigated
17:13:50 core.sweep_detector INFO: FVGs: 13 detected, 2 unfilled
17:13:51 core.sweep_detector INFO: SweepDetector v2: 2 raw â†’ 0 confirmed (volâ‰Ą2.5Ă— bodyâ‰Ą30%)
17:13:51 core.sweep_detector INFO: OrderBlocks: 7 detected, 2 unmitigated
17:13:51 core.sweep_detector INFO: FVGs: 13 detected, 3 unfilled
17:13:53 core.sweep_detector INFO: SweepDetector v2: 4 raw â†’ 0 confirmed (volâ‰Ą2.5Ă— bodyâ‰Ą30%)
17:13:53 core.sweep_detector INFO: OrderBlocks: 7 detected, 2 unmitigated
17:13:53 core.sweep_detector INFO: FVGs: 10 detected, 5 unfilled
17:13:55 core.sweep_detector INFO: SweepDetector v2: 2 raw â†’ 2 confirmed (volâ‰Ą2.5Ă— bodyâ‰Ą30%)
17:13:55 core.sweep_detector INFO: OrderBlocks: 10 detected, 2 unmitigated
17:13:55 core.sweep_detector INFO: FVGs: 8 detected, 2 unfilled
17:13:56 core.sweep_detector INFO: SweepDetector v2: 1 raw â†’ 1 confirmed (volâ‰Ą2.5Ă— bodyâ‰Ą30%)
17:13:56 core.sweep_detector INFO: OrderBlocks: 1 detected, 0 unmitigated
17:13:56 core.sweep_detector INFO: FVGs: 10 detected, 3 unfilled
17:13:58 core.sweep_detector INFO: SweepDetector v2: 4 raw â†’ 3 confirmed (volâ‰Ą2.5Ă— bodyâ‰Ą30%)
17:13:58 core.sweep_detector INFO: OrderBlocks: 6 detected, 2 unmitigated
17:13:58 core.sweep_detector INFO: FVGs: 9 detected, 1 unfilled
17:14:00 core.sweep_detector INFO: SweepDetector v2: 1 raw â†’ 1 confirmed (volâ‰Ą2.5Ă— bodyâ‰Ą30%)
17:14:00 core.sweep_detector INFO: OrderBlocks: 7 detected, 2 unmitigated
17:14:00 core.sweep_detector INFO: FVGs: 8 detected, 4 unfilled
17:14:01 core.sweep_detector INFO: SweepDetector v2: 2 raw â†’ 2 confirmed (volâ‰Ą2.5Ă— bodyâ‰Ą30%)
17:14:01 core.sweep_detector INFO: OrderBlocks: 3 detected, 1 unmitigated
17:14:01 core.sweep_detector INFO: FVGs: 12 detected, 4 unfilled
17:14:03 core.sweep_detector INFO: SweepDetector v2: 3 raw â†’ 3 confirmed (volâ‰Ą2.5Ă— bodyâ‰Ą30%)
17:14:03 core.sweep_detector INFO: OrderBlocks: 5 detected, 0 unmitigated
17:14:03 core.sweep_detector INFO: FVGs: 5 detected, 0 unfilled
17:14:06 core.sweep_detector INFO: SweepDetector v2: 2 raw â†’ 1 confirmed (volâ‰Ą2.5Ă— bodyâ‰Ą30%)
17:14:06 core.sweep_detector INFO: OrderBlocks: 4 detected, 1 unmitigated
17:14:06 core.sweep_detector INFO: FVGs: 8 detected, 1 unfilled
17:14:08 core.sweep_detector INFO: SweepDetector v2: 0 raw â†’ 0 confirmed (volâ‰Ą2.5Ă— bodyâ‰Ą30%)
17:14:08 core.sweep_detector INFO: OrderBlocks: 7 detected, 1 unmitigated
17:14:08 core.sweep_detector INFO: FVGs: 10 detected, 6 unfilled
17:14:10 core.sweep_detector INFO: SweepDetector v2: 1 raw â†’ 1 confirmed (volâ‰Ą2.5Ă— bodyâ‰Ą30%)
17:14:10 core.sweep_detector INFO: OrderBlocks: 5 detected, 2 unmitigated
17:14:10 core.sweep_detector INFO: FVGs: 12 detected, 7 unfilled
17:14:12 core.sweep_detector INFO: SweepDetector v2: 0 raw â†’ 0 confirmed (volâ‰Ą2.5Ă— bodyâ‰Ą30%)
17:14:12 core.sweep_detector INFO: OrderBlocks: 2 detected, 1 unmitigated
17:14:12 core.sweep_detector INFO: FVGs: 11 detected, 3 unfilled
17:14:13 core.sweep_detector INFO: SweepDetector v2: 0 raw â†’ 0 confirmed (volâ‰Ą2.5Ă— bodyâ‰Ą30%)
17:14:13 core.sweep_detector INFO: OrderBlocks: 2 detected, 0 unmitigated
17:14:13 core.sweep_detector INFO: FVGs: 8 detected, 1 unfilled
17:14:15 core.sweep_detector INFO: SweepDetector v2: 2 raw â†’ 2 confirmed (volâ‰Ą2.5Ă— bodyâ‰Ą30%)
17:14:15 core.sweep_detector INFO: OrderBlocks: 4 detected, 2 unmitigated
17:14:15 core.sweep_detector INFO: FVGs: 7 detected, 3 unfilled
17:14:17 core.sweep_detector INFO: SweepDetector v2: 0 raw â†’ 0 confirmed (volâ‰Ą2.5Ă— bodyâ‰Ą30%)
17:14:17 core.sweep_detector INFO: OrderBlocks: 7 detected, 3 unmitigated
17:14:17 core.sweep_detector INFO: FVGs: 12 detected, 7 unfilled
17:14:18 core.sweep_detector INFO: SweepDetector v2: 1 raw â†’ 1 confirmed (volâ‰Ą2.5Ă— bodyâ‰Ą30%)
17:14:18 core.sweep_detector INFO: OrderBlocks: 5 detected, 2 unmitigated
17:14:18 core.sweep_detector INFO: FVGs: 12 detected, 2 unfilled
17:14:20 core.sweep_detector INFO: SweepDetector v2: 0 raw â†’ 0 confirmed (volâ‰Ą2.5Ă— bodyâ‰Ą30%)
17:14:20 core.sweep_detector INFO: OrderBlocks: 8 detected, 3 unmitigated
17:14:20 core.sweep_detector INFO: FVGs: 12 detected, 6 unfilled
17:14:21 core.sweep_detector INFO: SweepDetector v2: 1 raw â†’ 0 confirmed (volâ‰Ą2.5Ă— bodyâ‰Ą30%)
17:14:21 core.sweep_detector INFO: OrderBlocks: 9 detected, 3 unmitigated
17:14:21 core.sweep_detector INFO: FVGs: 8 detected, 2 unfilled
17:14:23 core.sweep_detector INFO: SweepDetector v2: 2 raw â†’ 1 confirmed (volâ‰Ą2.5Ă— bodyâ‰Ą30%)
17:14:23 core.sweep_detector INFO: OrderBlocks: 1 detected, 0 unmitigated
17:14:23 core.sweep_detector INFO: FVGs: 8 detected, 3 unfilled
17:14:25 core.sweep_detector INFO: SweepDetector v2: 0 raw â†’ 0 confirmed (volâ‰Ą2.5Ă— bodyâ‰Ą30%)
17:14:25 core.sweep_detector INFO: OrderBlocks: 7 detected, 2 unmitigated
17:14:25 core.sweep_detector INFO: FVGs: 4 detected, 2 unfilled
17:14:27 core.sweep_detector INFO: SweepDetector v2: 1 raw â†’ 1 confirmed (volâ‰Ą2.5Ă— bodyâ‰Ą30%)
17:14:27 core.sweep_detector INFO: OrderBlocks: 6 detected, 3 unmitigated
17:14:27 core.sweep_detector INFO: FVGs: 10 detected, 6 unfilled
17:14:28 core.sweep_detector INFO: SweepDetector v2: 3 raw â†’ 1 confirmed (volâ‰Ą2.5Ă— bodyâ‰Ą30%)
17:14:28 core.sweep_detector INFO: OrderBlocks: 4 detected, 2 unmitigated
17:14:28 core.sweep_detector INFO: FVGs: 8 detected, 3 unfilled
17:14:30 core.sweep_detector INFO: SweepDetector v2: 1 raw â†’ 1 confirmed (volâ‰Ą2.5Ă— bodyâ‰Ą30%)
17:14:30 core.sweep_detector INFO: OrderBlocks: 3 detected, 1 unmitigated
17:14:30 core.sweep_detector INFO: FVGs: 3 detected, 1 unfilled
17:14:31 core.sweep_detector INFO: SweepDetector v2: 0 raw â†’ 0 confirmed (volâ‰Ą2.5Ă— bodyâ‰Ą30%)
17:14:31 core.sweep_detector INFO: OrderBlocks: 6 detected, 2 unmitigated
17:14:31 core.sweep_detector INFO: FVGs: 3 detected, 2 unfilled
17:14:33 core.sweep_detector INFO: SweepDetector v2: 2 raw â†’ 2 confirmed (volâ‰Ą2.5Ă— bodyâ‰Ą30%)
17:14:33 core.sweep_detector INFO: OrderBlocks: 6 detected, 0 unmitigated
17:14:33 core.sweep_detector INFO: FVGs: 8 detected, 1 unfilled
17:14:35 core.sweep_detector INFO: SweepDetector v2: 1 raw â†’ 1 confirmed (volâ‰Ą2.5Ă— bodyâ‰Ą30%)
17:14:35 core.sweep_detector INFO: OrderBlocks: 4 detected, 1 unmitigated
17:14:35 core.sweep_detector INFO: FVGs: 6 detected, 0 unfilled
17:14:36 core.sweep_detector INFO: SweepDetector v2: 1 raw â†’ 1 confirmed (volâ‰Ą2.5Ă— bodyâ‰Ą30%)
17:14:36 core.sweep_detector INFO: OrderBlocks: 10 detected, 3 unmitigated
17:14:36 core.sweep_detector INFO: FVGs: 6 detected, 4 unfilled
17:14:38 core.sweep_detector INFO: SweepDetector v2: 3 raw â†’ 2 confirmed (volâ‰Ą2.5Ă— bodyâ‰Ą30%)
17:14:38 core.sweep_detector INFO: OrderBlocks: 4 detected, 1 unmitigated
17:14:38 core.sweep_detector INFO: FVGs: 8 detected, 2 unfilled
17:14:39 core.sweep_detector INFO: SweepDetector v2: 1 raw â†’ 1 confirmed (volâ‰Ą2.5Ă— bodyâ‰Ą30%)
17:14:39 core.sweep_detector INFO: OrderBlocks: 6 detected, 3 unmitigated
17:14:39 core.sweep_detector INFO: FVGs: 8 detected, 4 unfilled
17:14:41 core.sweep_detector INFO: SweepDetector v2: 0 raw â†’ 0 confirmed (volâ‰Ą2.5Ă— bodyâ‰Ą30%)
17:14:41 core.sweep_detector INFO: OrderBlocks: 4 detected, 2 unmitigated
17:14:41 core.sweep_detector INFO: FVGs: 14 detected, 4 unfilled
17:14:43 core.sweep_detector INFO: SweepDetector v2: 1 raw â†’ 1 confirmed (volâ‰Ą2.5Ă— bodyâ‰Ą30%)
17:14:43 core.sweep_detector INFO: OrderBlocks: 7 detected, 2 unmitigated
17:14:43 core.sweep_detector INFO: FVGs: 11 detected, 6 unfilled
17:14:45 core.sweep_detector INFO: SweepDetector v2: 2 raw â†’ 1 confirmed (volâ‰Ą2.5Ă— bodyâ‰Ą30%)
17:14:45 core.sweep_detector INFO: OrderBlocks: 6 detected, 4 unmitigated
17:14:45 core.sweep_detector INFO: FVGs: 12 detected, 7 unfilled
17:14:48 core.sweep_detector INFO: SweepDetector v2: 2 raw â†’ 1 confirmed (volâ‰Ą2.5Ă— bodyâ‰Ą30%)
17:14:48 core.sweep_detector INFO: OrderBlocks: 11 detected, 4 unmitigated
17:14:48 core.sweep_detector INFO: FVGs: 13 detected, 1 unfilled
17:14:50 core.sweep_detector INFO: SweepDetector v2: 3 raw â†’ 1 confirmed (volâ‰Ą2.5Ă— bodyâ‰Ą30%)
17:14:50 core.sweep_detector INFO: OrderBlocks: 3 detected, 0 unmitigated
17:14:50 core.sweep_detector INFO: FVGs: 10 detected, 2 unfilled
17:14:52 core.sweep_detector INFO: SweepDetector v2: 3 raw â†’ 3 confirmed (volâ‰Ą2.5Ă— bodyâ‰Ą30%)
17:14:52 core.sweep_detector INFO: OrderBlocks: 5 detected, 0 unmitigated
17:14:52 core.sweep_detector INFO: FVGs: 6 detected, 0 unfilled
17:14:54 core.sweep_detector INFO: SweepDetector v2: 2 raw â†’ 2 confirmed (volâ‰Ą2.5Ă— bodyâ‰Ą30%)
17:14:54 core.sweep_detector INFO: OrderBlocks: 4 detected, 2 unmitigated
17:14:54 core.sweep_detector INFO: FVGs: 7 detected, 2 unfilled
17:14:56 core.sweep_detector INFO: SweepDetector v2: 0 raw â†’ 0 confirmed (volâ‰Ą2.5Ă— bodyâ‰Ą30%)
17:14:56 core.sweep_detector INFO: OrderBlocks: 2 detected, 1 unmitigated
17:14:56 core.sweep_detector INFO: FVGs: 11 detected, 5 unfilled
17:14:59 core.sweep_detector INFO: SweepDetector v2: 1 raw â†’ 0 confirmed (volâ‰Ą2.5Ă— bodyâ‰Ą30%)
17:14:59 core.sweep_detector INFO: OrderBlocks: 3 detected, 0 unmitigated
17:15:00 core.sweep_detector INFO: FVGs: 6 detected, 3 unfilled
17:15:03 core.sweep_detector INFO: SweepDetector v2: 2 raw â†’ 2 confirmed (volâ‰Ą2.5Ă— bodyâ‰Ą30%)
17:15:03 core.sweep_detector INFO: OrderBlocks: 15 detected, 3 unmitigated
17:15:03 core.sweep_detector INFO: FVGs: 15 detected, 2 unfilled
17:15:05 core.sweep_detector INFO: SweepDetector v2: 3 raw â†’ 3 confirmed (volâ‰Ą2.5Ă— bodyâ‰Ą30%)
17:15:05 core.sweep_detector INFO: OrderBlocks: 6 detected, 2 unmitigated
17:15:05 core.sweep_detector INFO: FVGs: 7 detected, 1 unfilled
17:15:07 core.sweep_detector INFO: SweepDetector v2: 2 raw â†’ 1 confirmed (volâ‰Ą2.5Ă— bodyâ‰Ą30%)
17:15:07 core.sweep_detector INFO: OrderBlocks: 5 detected, 1 unmitigated
17:15:07 core.sweep_detector INFO: FVGs: 7 detected, 1 unfilled
17:15:09 core.sweep_detector INFO: SweepDetector v2: 6 raw â†’ 3 confirmed (volâ‰Ą2.5Ă— bodyâ‰Ą30%)
17:15:09 core.sweep_detector INFO: OrderBlocks: 7 detected, 5 unmitigated
17:15:09 core.sweep_detector INFO: FVGs: 11 detected, 6 unfilled
17:15:11 core.sweep_detector INFO: SweepDetector v2: 5 raw â†’ 4 confirmed (volâ‰Ą2.5Ă— bodyâ‰Ą30%)
17:15:11 core.sweep_detector INFO: OrderBlocks: 5 detected, 2 unmitigated
17:15:11 core.sweep_detector INFO: FVGs: 8 detected, 3 unfilled
17:15:14 core.sweep_detector INFO: SweepDetector v2: 1 raw â†’ 1 confirmed (volâ‰Ą2.5Ă— bodyâ‰Ą30%)
17:15:14 core.sweep_detector INFO: OrderBlocks: 4 detected, 3 unmitigated
17:15:14 core.sweep_detector INFO: FVGs: 11 detected, 8 unfilled
17:15:16 core.sweep_detector INFO: SweepDetector v2: 1 raw â†’ 1 confirmed (volâ‰Ą2.5Ă— bodyâ‰Ą30%)
17:15:16 core.sweep_detector INFO: OrderBlocks: 5 detected, 1 unmitigated
17:15:16 core.sweep_detector INFO: FVGs: 7 detected, 3 unfilled
17:15:18 core.sweep_detector INFO: SweepDetector v2: 3 raw â†’ 3 confirmed (volâ‰Ą2.5Ă— bodyâ‰Ą30%)
17:15:18 core.sweep_detector INFO: OrderBlocks: 8 detected, 2 unmitigated
17:15:18 core.sweep_detector INFO: FVGs: 10 detected, 3 unfilled
17:15:20 core.sweep_detector INFO: SweepDetector v2: 3 raw â†’ 3 confirmed (volâ‰Ą2.5Ă— bodyâ‰Ą30%)
17:15:20 core.sweep_detector INFO: OrderBlocks: 3 detected, 0 unmitigated
17:15:20 core.sweep_detector INFO: FVGs: 10 detected, 2 unfilled
17:15:23 core.sweep_detector INFO: SweepDetector v2: 1 raw â†’ 1 confirmed (volâ‰Ą2.5Ă— bodyâ‰Ą30%)
17:15:23 core.sweep_detector INFO: OrderBlocks: 7 detected, 3 unmitigated
17:15:23 core.sweep_detector INFO: FVGs: 12 detected, 6 unfilled
17:15:25 core.sweep_detector INFO: SweepDetector v2: 2 raw â†’ 0 confirmed (volâ‰Ą2.5Ă— bodyâ‰Ą30%)
17:15:25 core.sweep_detector INFO: OrderBlocks: 5 detected, 1 unmitigated
17:15:25 core.sweep_detector INFO: FVGs: 12 detected, 4 unfilled
17:15:28 core.sweep_detector INFO: SweepDetector v2: 1 raw â†’ 1 confirmed (volâ‰Ą2.5Ă— bodyâ‰Ą30%)
17:15:28 core.sweep_detector INFO: OrderBlocks: 6 detected, 4 unmitigated
17:15:28 core.sweep_detector INFO: FVGs: 7 detected, 4 unfilled
17:15:30 core.sweep_detector INFO: SweepDetector v2: 3 raw â†’ 2 confirmed (volâ‰Ą2.5Ă— bodyâ‰Ą30%)
17:15:30 core.sweep_detector INFO: OrderBlocks: 5 detected, 0 unmitigated
17:15:30 core.sweep_detector INFO: FVGs: 6 detected, 0 unfilled
17:15:32 core.sweep_detector INFO: SweepDetector v2: 2 raw â†’ 2 confirmed (volâ‰Ą2.5Ă— bodyâ‰Ą30%)
17:15:32 core.sweep_detector INFO: OrderBlocks: 6 detected, 1 unmitigated
17:15:32 core.sweep_detector INFO: FVGs: 7 detected, 2 unfilled
17:15:34 core.sweep_detector INFO: SweepDetector v2: 0 raw â†’ 0 confirmed (volâ‰Ą2.5Ă— bodyâ‰Ą30%)
17:15:34 core.sweep_detector INFO: OrderBlocks: 6 detected, 2 unmitigated
17:15:34 core.sweep_detector INFO: FVGs: 6 detected, 3 unfilled
17:15:36 core.sweep_detector INFO: SweepDetector v2: 0 raw â†’ 0 confirmed (volâ‰Ą2.5Ă— bodyâ‰Ą30%)
17:15:36 core.sweep_detector INFO: OrderBlocks: 8 detected, 4 unmitigated
17:15:36 core.sweep_detector INFO: FVGs: 10 detected, 4 unfilled
17:15:37 core.sweep_detector INFO: SweepDetector v2: 4 raw â†’ 3 confirmed (volâ‰Ą2.5Ă— bodyâ‰Ą30%)
17:15:37 core.sweep_detector INFO: OrderBlocks: 5 detected, 1 unmitigated
17:15:37 core.sweep_detector INFO: FVGs: 10 detected, 2 unfilled
17:15:39 core.sweep_detector INFO: SweepDetector v2: 2 raw â†’ 2 confirmed (volâ‰Ą2.5Ă— bodyâ‰Ą30%)
17:15:39 core.sweep_detector INFO: OrderBlocks: 3 detected, 0 unmitigated
17:15:39 core.sweep_detector INFO: FVGs: 5 detected, 0 unfilled
17:15:41 core.sweep_detector INFO: SweepDetector v2: 1 raw â†’ 1 confirmed (volâ‰Ą2.5Ă— bodyâ‰Ą30%)
17:15:41 core.sweep_detector INFO: OrderBlocks: 4 detected, 2 unmitigated
17:15:41 core.sweep_detector INFO: FVGs: 5 detected, 2 unfilled
17:15:43 core.sweep_detector INFO: SweepDetector v2: 3 raw â†’ 3 confirmed (volâ‰Ą2.5Ă— bodyâ‰Ą30%)
17:15:43 core.sweep_detector INFO: OrderBlocks: 3 detected, 0 unmitigated
17:15:43 core.sweep_detector INFO: FVGs: 4 detected, 1 unfilled
17:15:45 core.sweep_detector INFO: SweepDetector v2: 1 raw â†’ 1 confirmed (volâ‰Ą2.5Ă— bodyâ‰Ą30%)
17:15:45 core.sweep_detector INFO: OrderBlocks: 1 detected, 0 unmitigated
17:15:45 core.sweep_detector INFO: FVGs: 1 detected, 0 unfilled
17:15:47 core.sweep_detector INFO: SweepDetector v2: 2 raw â†’ 2 confirmed (volâ‰Ą2.5Ă— bodyâ‰Ą30%)
17:15:47 core.sweep_detector INFO: OrderBlocks: 11 detected, 3 unmitigated
17:15:47 core.sweep_detector INFO: FVGs: 11 detected, 3 unfilled
17:15:48 core.sweep_detector INFO: SweepDetector v2: 5 raw â†’ 3 confirmed (volâ‰Ą2.5Ă— bodyâ‰Ą30%)
17:15:48 core.sweep_detector INFO: OrderBlocks: 4 detected, 2 unmitigated
17:15:48 core.sweep_detector INFO: FVGs: 10 detected, 4 unfilled
17:15:50 core.sweep_detector INFO: SweepDetector v2: 2 raw â†’ 1 confirmed (volâ‰Ą2.5Ă— bodyâ‰Ą30%)
17:15:50 core.sweep_detector INFO: OrderBlocks: 4 detected, 2 unmitigated
17:15:50 core.sweep_detector INFO: FVGs: 8 detected, 3 unfilled
17:15:52 core.sweep_detector INFO: SweepDetector v2: 1 raw â†’ 0 confirmed (volâ‰Ą2.5Ă— bodyâ‰Ą30%)
17:15:52 core.sweep_detector INFO: OrderBlocks: 5 detected, 1 unmitigated
17:15:52 core.sweep_detector INFO: FVGs: 4 detected, 2 unfilled
17:15:54 core.sweep_detector INFO: SweepDetector v2: 4 raw â†’ 4 confirmed (volâ‰Ą2.5Ă— bodyâ‰Ą30%)
17:15:54 core.sweep_detector INFO: OrderBlocks: 2 detected, 1 unmitigated
17:15:54 core.sweep_detector INFO: FVGs: 8 detected, 1 unfilled
17:15:55 core.sweep_detector INFO: SweepDetector v2: 1 raw â†’ 1 confirmed (volâ‰Ą2.5Ă— bodyâ‰Ą30%)
17:15:55 core.sweep_detector INFO: OrderBlocks: 5 detected, 1 unmitigated
17:15:55 core.sweep_detector INFO: FVGs: 12 detected, 2 unfilled
17:15:58 core.sweep_detector INFO: SweepDetector v2: 2 raw â†’ 2 confirmed (volâ‰Ą2.5Ă— bodyâ‰Ą30%)
17:15:58 core.sweep_detector INFO: OrderBlocks: 8 detected, 4 unmitigated
17:15:58 core.sweep_detector INFO: FVGs: 9 detected, 2 unfilled
17:15:59 core.sweep_detector INFO: SweepDetector v2: 2 raw â†’ 1 confirmed (volâ‰Ą2.5Ă— bodyâ‰Ą30%)
17:15:59 core.sweep_detector INFO: OrderBlocks: 4 detected, 2 unmitigated
17:15:59 core.sweep_detector INFO: FVGs: 7 detected, 3 unfilled
17:16:01 core.sweep_detector INFO: SweepDetector v2: 1 raw â†’ 1 confirmed (volâ‰Ą2.5Ă— bodyâ‰Ą30%)
17:16:01 core.sweep_detector INFO: OrderBlocks: 2 detected, 1 unmitigated
17:16:01 core.sweep_detector INFO: FVGs: 9 detected, 0 unfilled
17:16:03 core.sweep_detector INFO: SweepDetector v2: 0 raw â†’ 0 confirmed (volâ‰Ą2.5Ă— bodyâ‰Ą30%)
17:16:03 core.sweep_detector INFO: OrderBlocks: 1 detected, 0 unmitigated
17:16:03 core.sweep_detector INFO: FVGs: 0 detected, 0 unfilled
17:16:04 core.sweep_detector INFO: SweepDetector v2: 0 raw â†’ 0 confirmed (volâ‰Ą2.5Ă— bodyâ‰Ą30%)
17:16:04 core.sweep_detector INFO: OrderBlocks: 0 detected, 0 unmitigated
17:16:04 core.sweep_detector INFO: FVGs: 0 detected, 0 unfilled
17:16:06 core.sweep_detector INFO: SweepDetector v2: 0 raw â†’ 0 confirmed (volâ‰Ą2.5Ă— bodyâ‰Ą30%)
17:16:06 core.sweep_detector INFO: OrderBlocks: 0 detected, 0 unmitigated
17:16:06 core.sweep_detector INFO: FVGs: 0 detected, 0 unfilled
17:16:08 core.sweep_detector INFO: SweepDetector v2: 2 raw â†’ 2 confirmed (volâ‰Ą2.5Ă— bodyâ‰Ą30%)
17:16:08 core.sweep_detector INFO: OrderBlocks: 5 detected, 2 unmitigated
17:16:08 core.sweep_detector INFO: FVGs: 6 detected, 1 unfilled
17:16:10 core.sweep_detector INFO: SweepDetector v2: 3 raw â†’ 3 confirmed (volâ‰Ą2.5Ă— bodyâ‰Ą30%)
17:16:10 core.sweep_detector INFO: OrderBlocks: 4 detected, 1 unmitigated
17:16:10 core.sweep_detector INFO: FVGs: 8 detected, 2 unfilled
17:16:11 core.sweep_detector INFO: SweepDetector v2: 2 raw â†’ 2 confirmed (volâ‰Ą2.5Ă— bodyâ‰Ą30%)
17:16:11 core.sweep_detector INFO: OrderBlocks: 5 detected, 2 unmitigated
17:16:11 core.sweep_detector INFO: FVGs: 6 detected, 4 unfilled
17:16:13 core.sweep_detector INFO: SweepDetector v2: 0 raw â†’ 0 confirmed (volâ‰Ą2.5Ă— bodyâ‰Ą30%)
17:16:13 core.sweep_detector INFO: OrderBlocks: 4 detected, 2 unmitigated
17:16:13 core.sweep_detector INFO: FVGs: 11 detected, 7 unfilled
17:16:15 core.sweep_detector INFO: SweepDetector v2: 0 raw â†’ 0 confirmed (volâ‰Ą2.5Ă— bodyâ‰Ą30%)
17:16:15 core.sweep_detector INFO: OrderBlocks: 1 detected, 0 unmitigated
17:16:15 core.sweep_detector INFO: FVGs: 7 detected, 2 unfilled
17:16:17 core.sweep_detector INFO: SweepDetector v2: 2 raw â†’ 2 confirmed (volâ‰Ą2.5Ă— bodyâ‰Ą30%)
17:16:17 core.sweep_detector INFO: OrderBlocks: 3 detected, 1 unmitigated
17:16:17 core.sweep_detector INFO: FVGs: 11 detected, 2 unfilled
17:16:18 core.sweep_detector INFO: SweepDetector v2: 5 raw â†’ 3 confirmed (volâ‰Ą2.5Ă— bodyâ‰Ą30%)
17:16:18 core.sweep_detector INFO: OrderBlocks: 6 detected, 2 unmitigated
17:16:18 core.sweep_detector INFO: FVGs: 9 detected, 2 unfilled
17:16:20 core.sweep_detector INFO: SweepDetector v2: 2 raw â†’ 2 confirmed (volâ‰Ą2.5Ă— bodyâ‰Ą30%)
17:16:20 core.sweep_detector INFO: OrderBlocks: 3 detected, 2 unmitigated
17:16:20 core.sweep_detector INFO: FVGs: 13 detected, 3 unfilled
17:16:22 core.sweep_detector INFO: SweepDetector v2: 3 raw â†’ 3 confirmed (volâ‰Ą2.5Ă— bodyâ‰Ą30%)
17:16:22 core.sweep_detector INFO: OrderBlocks: 3 detected, 0 unmitigated
17:16:22 core.sweep_detector INFO: FVGs: 4 detected, 1 unfilled
17:16:24 core.sweep_detector INFO: SweepDetector v2: 0 raw â†’ 0 confirmed (volâ‰Ą2.5Ă— bodyâ‰Ą30%)
17:16:24 core.sweep_detector INFO: OrderBlocks: 7 detected, 2 unmitigated
17:16:24 core.sweep_detector INFO: FVGs: 9 detected, 2 unfilled
17:16:26 core.sweep_detector INFO: SweepDetector v2: 3 raw â†’ 3 confirmed (volâ‰Ą2.5Ă— bodyâ‰Ą30%)
17:16:26 core.sweep_detector INFO: OrderBlocks: 3 detected, 1 unmitigated
17:16:26 core.sweep_detector INFO: FVGs: 8 detected, 2 unfilled
17:16:27 core.sweep_detector INFO: SweepDetector v2: 2 raw â†’ 1 confirmed (volâ‰Ą2.5Ă— bodyâ‰Ą30%)
17:16:27 core.sweep_detector INFO: OrderBlocks: 6 detected, 2 unmitigated
17:16:27 core.sweep_detector INFO: FVGs: 5 detected, 0 unfilled
17:16:29 core.sweep_detector INFO: SweepDetector v2: 1 raw â†’ 1 confirmed (volâ‰Ą2.5Ă— bodyâ‰Ą30%)
17:16:29 core.sweep_detector INFO: OrderBlocks: 4 detected, 2 unmitigated
17:16:29 core.sweep_detector INFO: FVGs: 11 detected, 9 unfilled
17:16:31 core.sweep_detector INFO: SweepDetector v2: 1 raw â†’ 1 confirmed (volâ‰Ą2.5Ă— bodyâ‰Ą30%)
17:16:31 core.sweep_detector INFO: OrderBlocks: 3 detected, 2 unmitigated
17:16:31 core.sweep_detector INFO: FVGs: 2 detected, 1 unfilled
17:16:32 core.sweep_detector INFO: SweepDetector v2: 3 raw â†’ 3 confirmed (volâ‰Ą2.5Ă— bodyâ‰Ą30%)
17:16:32 core.sweep_detector INFO: OrderBlocks: 1 detected, 0 unmitigated
17:16:32 core.sweep_detector INFO: FVGs: 4 detected, 1 unfilled
17:16:34 core.sweep_detector INFO: SweepDetector v2: 2 raw â†’ 2 confirmed (volâ‰Ą2.5Ă— bodyâ‰Ą30%)
17:16:34 core.sweep_detector INFO: OrderBlocks: 7 detected, 3 unmitigated
17:16:34 core.sweep_detector INFO: FVGs: 8 detected, 2 unfilled
17:16:36 core.sweep_detector INFO: SweepDetector v2: 3 raw â†’ 0 confirmed (volâ‰Ą2.5Ă— bodyâ‰Ą30%)
17:16:36 core.sweep_detector INFO: OrderBlocks: 5 detected, 2 unmitigated
17:16:36 core.sweep_detector INFO: FVGs: 7 detected, 4 unfilled
17:16:38 core.sweep_detector INFO: SweepDetector v2: 1 raw â†’ 0 confirmed (volâ‰Ą2.5Ă— bodyâ‰Ą30%)
17:16:38 core.sweep_detector INFO: OrderBlocks: 10 detected, 4 unmitigated
17:16:38 core.sweep_detector INFO: FVGs: 10 detected, 5 unfilled
17:16:39 core.sweep_detector INFO: SweepDetector v2: 1 raw â†’ 0 confirmed (volâ‰Ą2.5Ă— bodyâ‰Ą30%)
17:16:39 core.sweep_detector INFO: OrderBlocks: 9 detected, 3 unmitigated
17:16:39 core.sweep_detector INFO: FVGs: 8 detected, 4 unfilled
17:16:41 core.sweep_detector INFO: SweepDetector v2: 4 raw â†’ 1 confirmed (volâ‰Ą2.5Ă— bodyâ‰Ą30%)
17:16:41 core.sweep_detector INFO: OrderBlocks: 4 detected, 1 unmitigated
17:16:41 core.sweep_detector INFO: FVGs: 7 detected, 1 unfilled
17:16:43 core.sweep_detector INFO: SweepDetector v2: 1 raw â†’ 1 confirmed (volâ‰Ą2.5Ă— bodyâ‰Ą30%)
17:16:43 core.sweep_detector INFO: OrderBlocks: 3 detected, 0 unmitigated
17:16:43 core.sweep_detector INFO: FVGs: 4 detected, 1 unfilled
17:16:44 core.sweep_detector INFO: SweepDetector v2: 2 raw â†’ 2 confirmed (volâ‰Ą2.5Ă— bodyâ‰Ą30%)
17:16:44 core.sweep_detector INFO: OrderBlocks: 5 detected, 2 unmitigated
17:16:44 core.sweep_detector INFO: FVGs: 11 detected, 1 unfilled
17:16:46 core.sweep_detector INFO: SweepDetector v2: 1 raw â†’ 1 confirmed (volâ‰Ą2.5Ă— bodyâ‰Ą30%)
17:16:46 core.sweep_detector INFO: OrderBlocks: 2 detected, 1 unmitigated
17:16:46 core.sweep_detector INFO: FVGs: 12 detected, 5 unfilled
17:16:48 core.sweep_detector INFO: SweepDetector v2: 0 raw â†’ 0 confirmed (volâ‰Ą2.5Ă— bodyâ‰Ą30%)
17:16:48 core.sweep_detector INFO: OrderBlocks: 3 detected, 0 unmitigated
17:16:48 core.sweep_detector INFO: FVGs: 5 detected, 1 unfilled
17:16:50 core.sweep_detector INFO: SweepDetector v2: 7 raw â†’ 5 confirmed (volâ‰Ą2.5Ă— bodyâ‰Ą30%)
17:16:50 core.sweep_detector INFO: OrderBlocks: 5 detected, 5 unmitigated
17:16:50 core.sweep_detector INFO: FVGs: 13 detected, 8 unfilled
17:16:51 core.sweep_detector INFO: SweepDetector v2: 2 raw â†’ 1 confirmed (volâ‰Ą2.5Ă— bodyâ‰Ą30%)
17:16:51 core.sweep_detector INFO: OrderBlocks: 1 detected, 0 unmitigated
17:16:51 core.sweep_detector INFO: FVGs: 5 detected, 2 unfilled
17:16:53 core.sweep_detector INFO: SweepDetector v2: 4 raw â†’ 4 confirmed (volâ‰Ą2.5Ă— bodyâ‰Ą30%)
17:16:53 core.sweep_detector INFO: OrderBlocks: 6 detected, 1 unmitigated
17:16:53 core.sweep_detector INFO: FVGs: 9 detected, 1 unfilled
17:16:55 core.sweep_detector INFO: SweepDetector v2: 0 raw â†’ 0 confirmed (volâ‰Ą2.5Ă— bodyâ‰Ą30%)
17:16:55 core.sweep_detector INFO: OrderBlocks: 8 detected, 5 unmitigated
17:16:55 core.sweep_detector INFO: FVGs: 13 detected, 4 unfilled
17:16:56 core.sweep_detector INFO: SweepDetector v2: 3 raw â†’ 2 confirmed (volâ‰Ą2.5Ă— bodyâ‰Ą30%)
17:16:56 core.sweep_detector INFO: OrderBlocks: 4 detected, 1 unmitigated
17:16:56 core.sweep_detector INFO: FVGs: 9 detected, 2 unfilled
17:16:58 core.sweep_detector INFO: SweepDetector v2: 2 raw â†’ 1 confirmed (volâ‰Ą2.5Ă— bodyâ‰Ą30%)
17:16:58 core.sweep_detector INFO: OrderBlocks: 4 detected, 0 unmitigated
17:16:58 core.sweep_detector INFO: FVGs: 5 detected, 0 unfilled
17:17:00 core.sweep_detector INFO: SweepDetector v2: 3 raw â†’ 3 confirmed (volâ‰Ą2.5Ă— bodyâ‰Ą30%)
17:17:00 core.sweep_detector INFO: OrderBlocks: 3 detected, 1 unmitigated
17:17:00 core.sweep_detector INFO: FVGs: 5 detected, 2 unfilled
17:17:02 core.sweep_detector INFO: SweepDetector v2: 3 raw â†’ 2 confirmed (volâ‰Ą2.5Ă— bodyâ‰Ą30%)
17:17:02 core.sweep_detector INFO: OrderBlocks: 7 detected, 2 unmitigated
17:17:02 core.sweep_detector INFO: FVGs: 6 detected, 2 unfilled
17:17:03 core.sweep_detector INFO: SweepDetector v2: 1 raw â†’ 1 confirmed (volâ‰Ą2.5Ă— bodyâ‰Ą30%)
17:17:03 core.sweep_detector INFO: OrderBlocks: 4 detected, 1 unmitigated
17:17:03 core.sweep_detector INFO: FVGs: 6 detected, 3 unfilled
17:17:05 core.sweep_detector INFO: SweepDetector v2: 3 raw â†’ 2 confirmed (volâ‰Ą2.5Ă— bodyâ‰Ą30%)
17:17:05 core.sweep_detector INFO: OrderBlocks: 3 detected, 3 unmitigated
17:17:05 core.sweep_detector INFO: FVGs: 13 detected, 8 unfilled
17:17:07 core.sweep_detector INFO: SweepDetector v2: 2 raw â†’ 2 confirmed (volâ‰Ą2.5Ă— bodyâ‰Ą30%)
17:17:07 core.sweep_detector INFO: OrderBlocks: 4 detected, 1 unmitigated
17:17:07 core.sweep_detector INFO: FVGs: 9 detected, 3 unfilled
17:17:08 core.sweep_detector INFO: SweepDetector v2: 2 raw â†’ 1 confirmed (volâ‰Ą2.5Ă— bodyâ‰Ą30%)
17:17:08 core.sweep_detector INFO: OrderBlocks: 5 detected, 1 unmitigated
17:17:08 core.sweep_detector INFO: FVGs: 5 detected, 1 unfilled
17:17:10 core.sweep_detector INFO: SweepDetector v2: 1 raw â†’ 0 confirmed (volâ‰Ą2.5Ă— bodyâ‰Ą30%)
17:17:10 core.sweep_detector INFO: OrderBlocks: 4 detected, 0 unmitigated
17:17:10 core.sweep_detector INFO: FVGs: 14 detected, 5 unfilled
17:17:12 core.sweep_detector INFO: SweepDetector v2: 0 raw â†’ 0 confirmed (volâ‰Ą2.5Ă— bodyâ‰Ą30%)
17:17:12 core.sweep_detector INFO: OrderBlocks: 8 detected, 1 unmitigated
17:17:12 core.sweep_detector INFO: FVGs: 4 detected, 2 unfilled
17:17:14 core.sweep_detector INFO: SweepDetector v2: 2 raw â†’ 2 confirmed (volâ‰Ą2.5Ă— bodyâ‰Ą30%)
17:17:14 core.sweep_detector INFO: OrderBlocks: 1 detected, 1 unmitigated
17:17:14 core.sweep_detector INFO: FVGs: 3 detected, 2 unfilled
17:17:15 core.sweep_detector INFO: SweepDetector v2: 1 raw â†’ 0 confirmed (volâ‰Ą2.5Ă— bodyâ‰Ą30%)
17:17:15 core.sweep_detector INFO: OrderBlocks: 6 detected, 3 unmitigated
17:17:15 core.sweep_detector INFO: FVGs: 9 detected, 5 unfilled
17:17:17 core.sweep_detector INFO: SweepDetector v2: 2 raw â†’ 2 confirmed (volâ‰Ą2.5Ă— bodyâ‰Ą30%)
17:17:17 core.sweep_detector INFO: OrderBlocks: 3 detected, 1 unmitigated
17:17:17 core.sweep_detector INFO: FVGs: 13 detected, 3 unfilled
17:17:18 core.sweep_detector INFO: SweepDetector v2: 4 raw â†’ 3 confirmed (volâ‰Ą2.5Ă— bodyâ‰Ą30%)
17:17:19 core.sweep_detector INFO: OrderBlocks: 5 detected, 0 unmitigated
17:17:19 core.sweep_detector INFO: FVGs: 6 detected, 0 unfilled
17:17:20 core.sweep_detector INFO: SweepDetector v2: 0 raw â†’ 0 confirmed (volâ‰Ą2.5Ă— bodyâ‰Ą30%)
17:17:20 core.sweep_detector INFO: OrderBlocks: 10 detected, 2 unmitigated
17:17:20 core.sweep_detector INFO: FVGs: 12 detected, 3 unfilled
17:17:23 core.sweep_detector INFO: SweepDetector v2: 1 raw â†’ 1 confirmed (volâ‰Ą2.5Ă— bodyâ‰Ą30%)
17:17:23 core.sweep_detector INFO: OrderBlocks: 5 detected, 2 unmitigated
17:17:23 core.sweep_detector INFO: FVGs: 6 detected, 1 unfilled
17:17:25 core.sweep_detector INFO: SweepDetector v2: 1 raw â†’ 1 confirmed (volâ‰Ą2.5Ă— bodyâ‰Ą30%)
17:17:25 core.sweep_detector INFO: OrderBlocks: 5 detected, 2 unmitigated
17:17:25 core.sweep_detector INFO: FVGs: 5 detected, 3 unfilled
17:17:28 core.sweep_detector INFO: SweepDetector v2: 0 raw â†’ 0 confirmed (volâ‰Ą2.5Ă— bodyâ‰Ą30%)
17:17:28 core.sweep_detector INFO: OrderBlocks: 2 detected, 0 unmitigated
17:17:28 core.sweep_detector INFO: FVGs: 0 detected, 0 unfilled
17:17:29 core.sweep_detector INFO: SweepDetector v2: 0 raw â†’ 0 confirmed (volâ‰Ą2.5Ă— bodyâ‰Ą30%)
17:17:29 core.sweep_detector INFO: OrderBlocks: 0 detected, 0 unmitigated
17:17:29 core.sweep_detector INFO: FVGs: 0 detected, 0 unfilled
17:17:31 core.sweep_detector INFO: SweepDetector v2: 0 raw â†’ 0 confirmed (volâ‰Ą2.5Ă— bodyâ‰Ą30%)
17:17:31 core.sweep_detector INFO: OrderBlocks: 1 detected, 0 unmitigated
17:17:31 core.sweep_detector INFO: FVGs: 0 detected, 0 unfilled
17:17:33 core.sweep_detector INFO: SweepDetector v2: 1 raw â†’ 1 confirmed (volâ‰Ą2.5Ă— bodyâ‰Ą30%)
17:17:33 core.sweep_detector INFO: OrderBlocks: 6 detected, 1 unmitigated
17:17:33 core.sweep_detector INFO: FVGs: 9 detected, 5 unfilled
17:17:34 core.sweep_detector INFO: SweepDetector v2: 2 raw â†’ 2 confirmed (volâ‰Ą2.5Ă— bodyâ‰Ą30%)
17:17:34 core.sweep_detector INFO: OrderBlocks: 6 detected, 2 unmitigated
17:17:34 core.sweep_detector INFO: FVGs: 8 detected, 3 unfilled
17:17:36 core.sweep_detector INFO: SweepDetector v2: 1 raw â†’ 1 confirmed (volâ‰Ą2.5Ă— bodyâ‰Ą30%)
17:17:36 core.sweep_detector INFO: OrderBlocks: 6 detected, 1 unmitigated
17:17:36 core.sweep_detector INFO: FVGs: 10 detected, 2 unfilled
17:17:38 core.sweep_detector INFO: SweepDetector v2: 1 raw â†’ 1 confirmed (volâ‰Ą2.5Ă— bodyâ‰Ą30%)
17:17:38 core.sweep_detector INFO: OrderBlocks: 2 detected, 0 unmitigated
17:17:38 core.sweep_detector INFO: FVGs: 0 detected, 0 unfilled
17:17:39 core.sweep_detector INFO: SweepDetector v2: 0 raw â†’ 0 confirmed (volâ‰Ą2.5Ă— bodyâ‰Ą30%)
17:17:39 core.sweep_detector INFO: OrderBlocks: 1 detected, 0 unmitigated
17:17:39 core.sweep_detector INFO: FVGs: 0 detected, 0 unfilled
17:17:41 core.sweep_detector INFO: SweepDetector v2: 0 raw â†’ 0 confirmed (volâ‰Ą2.5Ă— bodyâ‰Ą30%)
17:17:41 core.sweep_detector INFO: OrderBlocks: 0 detected, 0 unmitigated
17:17:41 core.sweep_detector INFO: FVGs: 0 detected, 0 unfilled
17:17:43 core.sweep_detector INFO: SweepDetector v2: 0 raw â†’ 0 confirmed (volâ‰Ą2.5Ă— bodyâ‰Ą30%)
17:17:43 core.sweep_detector INFO: OrderBlocks: 3 detected, 0 unmitigated
17:17:43 core.sweep_detector INFO: FVGs: 0 detected, 0 unfilled
17:17:45 core.sweep_detector INFO: SweepDetector v2: 0 raw â†’ 0 confirmed (volâ‰Ą2.5Ă— bodyâ‰Ą30%)
17:17:45 core.sweep_detector INFO: OrderBlocks: 1 detected, 0 unmitigated
17:17:45 core.sweep_detector INFO: FVGs: 0 detected, 0 unfilled
17:17:46 core.sweep_detector INFO: SweepDetector v2: 0 raw â†’ 0 confirmed (volâ‰Ą2.5Ă— bodyâ‰Ą30%)
17:17:46 core.sweep_detector INFO: OrderBlocks: 2 detected, 1 unmitigated
17:17:46 core.sweep_detector INFO: FVGs: 0 detected, 0 unfilled
17:17:48 core.sweep_detector INFO: SweepDetector v2: 0 raw â†’ 0 confirmed (volâ‰Ą2.5Ă— bodyâ‰Ą30%)
17:17:48 core.sweep_detector INFO: OrderBlocks: 1 detected, 0 unmitigated
17:17:48 core.sweep_detector INFO: FVGs: 0 detected, 0 unfilled
17:17:50 core.sweep_detector INFO: SweepDetector v2: 0 raw â†’ 0 confirmed (volâ‰Ą2.5Ă— bodyâ‰Ą30%)
17:17:50 core.sweep_detector INFO: OrderBlocks: 0 detected, 0 unmitigated
17:17:50 core.sweep_detector INFO: FVGs: 0 detected, 0 unfilled
17:17:52 core.sweep_detector INFO: SweepDetector v2: 0 raw â†’ 0 confirmed (volâ‰Ą2.5Ă— bodyâ‰Ą30%)
17:17:52 core.sweep_detector INFO: OrderBlocks: 0 detected, 0 unmitigated
17:17:52 core.sweep_detector INFO: FVGs: 0 detected, 0 unfilled
17:17:54 core.sweep_detector INFO: SweepDetector v2: 3 raw â†’ 3 confirmed (volâ‰Ą2.5Ă— bodyâ‰Ą30%)
17:17:54 core.sweep_detector INFO: OrderBlocks: 4 detected, 1 unmitigated
17:17:54 core.sweep_detector INFO: FVGs: 9 detected, 3 unfilled
17:17:56 core.sweep_detector INFO: SweepDetector v2: 5 raw â†’ 4 confirmed (volâ‰Ą2.5Ă— bodyâ‰Ą30%)
17:17:56 core.sweep_detector INFO: OrderBlocks: 9 detected, 3 unmitigated
17:17:56 core.sweep_detector INFO: FVGs: 9 detected, 3 unfilled
17:17:58 core.sweep_detector INFO: SweepDetector v2: 2 raw â†’ 2 confirmed (volâ‰Ą2.5Ă— bodyâ‰Ą30%)
17:17:58 core.sweep_detector INFO: OrderBlocks: 5 detected, 0 unmitigated
17:17:58 core.sweep_detector INFO: FVGs: 9 detected, 4 unfilled
17:18:00 core.sweep_detector INFO: SweepDetector v2: 0 raw â†’ 0 confirmed (volâ‰Ą2.5Ă— bodyâ‰Ą30%)
17:18:00 core.sweep_detector INFO: OrderBlocks: 5 detected, 1 unmitigated
17:18:00 core.sweep_detector INFO: FVGs: 10 detected, 4 unfilled
17:18:01 core.sweep_detector INFO: SweepDetector v2: 1 raw â†’ 1 confirmed (volâ‰Ą2.5Ă— bodyâ‰Ą30%)
17:18:01 core.sweep_detector INFO: OrderBlocks: 1 detected, 0 unmitigated
17:18:01 core.sweep_detector INFO: FVGs: 8 detected, 2 unfilled
17:18:03 core.sweep_detector INFO: SweepDetector v2: 2 raw â†’ 2 confirmed (volâ‰Ą2.5Ă— bodyâ‰Ą30%)
17:18:03 core.sweep_detector INFO: OrderBlocks: 5 detected, 2 unmitigated
17:18:03 core.sweep_detector INFO: FVGs: 10 detected, 3 unfilled
17:18:05 core.sweep_detector INFO: SweepDetector v2: 1 raw â†’ 1 confirmed (volâ‰Ą2.5Ă— bodyâ‰Ą30%)
17:18:05 core.sweep_detector INFO: OrderBlocks: 6 detected, 4 unmitigated
17:18:05 core.sweep_detector INFO: FVGs: 8 detected, 3 unfilled
17:18:06 core.sweep_detector INFO: SweepDetector v2: 1 raw â†’ 1 confirmed (volâ‰Ą2.5Ă— bodyâ‰Ą30%)
17:18:06 core.sweep_detector INFO: OrderBlocks: 2 detected, 1 unmitigated
17:18:06 core.sweep_detector INFO: FVGs: 10 detected, 1 unfilled
17:18:08 core.sweep_detector INFO: SweepDetector v2: 2 raw â†’ 2 confirmed (volâ‰Ą2.5Ă— bodyâ‰Ą30%)
17:18:08 core.sweep_detector INFO: OrderBlocks: 5 detected, 0 unmitigated
17:18:08 core.sweep_detector INFO: FVGs: 8 detected, 1 unfilled
17:18:10 core.sweep_detector INFO: SweepDetector v2: 1 raw â†’ 1 confirmed (volâ‰Ą2.5Ă— bodyâ‰Ą30%)
17:18:10 core.sweep_detector INFO: OrderBlocks: 2 detected, 1 unmitigated
17:18:10 core.sweep_detector INFO: FVGs: 8 detected, 4 unfilled
17:18:12 core.sweep_detector INFO: SweepDetector v2: 2 raw â†’ 1 confirmed (volâ‰Ą2.5Ă— bodyâ‰Ą30%)
17:18:12 core.sweep_detector INFO: OrderBlocks: 1 detected, 0 unmitigated
17:18:12 core.sweep_detector INFO: FVGs: 5 detected, 0 unfilled
17:18:13 core.sweep_detector INFO: SweepDetector v2: 0 raw â†’ 0 confirmed (volâ‰Ą2.5Ă— bodyâ‰Ą30%)
17:18:13 core.sweep_detector INFO: OrderBlocks: 2 detected, 0 unmitigated
17:18:13 core.sweep_detector INFO: FVGs: 2 detected, 0 unfilled
17:18:15 core.sweep_detector INFO: SweepDetector v2: 2 raw â†’ 1 confirmed (volâ‰Ą2.5Ă— bodyâ‰Ą30%)
17:18:15 core.sweep_detector INFO: OrderBlocks: 6 detected, 4 unmitigated
17:18:15 core.sweep_detector INFO: FVGs: 14 detected, 6 unfilled
17:18:17 core.sweep_detector INFO: SweepDetector v2: 4 raw â†’ 4 confirmed (volâ‰Ą2.5Ă— bodyâ‰Ą30%)
17:18:17 core.sweep_detector INFO: OrderBlocks: 2 detected, 1 unmitigated
17:18:17 core.sweep_detector INFO: FVGs: 6 detected, 2 unfilled
17:18:18 core.sweep_detector INFO: SweepDetector v2: 1 raw â†’ 1 confirmed (volâ‰Ą2.5Ă— bodyâ‰Ą30%)
17:18:18 core.sweep_detector INFO: OrderBlocks: 3 detected, 2 unmitigated
17:18:18 core.sweep_detector INFO: FVGs: 7 detected, 2 unfilled
17:18:20 core.sweep_detector INFO: SweepDetector v2: 2 raw â†’ 1 confirmed (volâ‰Ą2.5Ă— bodyâ‰Ą30%)
17:18:20 core.sweep_detector INFO: OrderBlocks: 5 detected, 1 unmitigated
17:18:20 core.sweep_detector INFO: FVGs: 5 detected, 1 unfilled
17:18:22 core.sweep_detector INFO: SweepDetector v2: 1 raw â†’ 1 confirmed (volâ‰Ą2.5Ă— bodyâ‰Ą30%)
17:18:22 core.sweep_detector INFO: OrderBlocks: 4 detected, 0 unmitigated
17:18:22 core.sweep_detector INFO: FVGs: 10 detected, 1 unfilled
17:18:23 core.sweep_detector INFO: SweepDetector v2: 4 raw â†’ 3 confirmed (volâ‰Ą2.5Ă— bodyâ‰Ą30%)
17:18:23 core.sweep_detector INFO: OrderBlocks: 6 detected, 2 unmitigated
17:18:23 core.sweep_detector INFO: FVGs: 9 detected, 1 unfilled
17:18:25 core.sweep_detector INFO: SweepDetector v2: 0 raw â†’ 0 confirmed (volâ‰Ą2.5Ă— bodyâ‰Ą30%)
17:18:25 core.sweep_detector INFO: OrderBlocks: 1 detected, 0 unmitigated
17:18:25 core.sweep_detector INFO: FVGs: 4 detected, 0 unfilled
17:18:27 core.sweep_detector INFO: SweepDetector v2: 0 raw â†’ 0 confirmed (volâ‰Ą2.5Ă— bodyâ‰Ą30%)
17:18:27 core.sweep_detector INFO: OrderBlocks: 5 detected, 1 unmitigated
17:18:27 core.sweep_detector INFO: FVGs: 6 detected, 2 unfilled
17:18:29 core.sweep_detector INFO: SweepDetector v2: 0 raw â†’ 0 confirmed (volâ‰Ą2.5Ă— bodyâ‰Ą30%)
17:18:29 core.sweep_detector INFO: OrderBlocks: 7 detected, 2 unmitigated
17:18:29 core.sweep_detector INFO: FVGs: 7 detected, 3 unfilled
17:18:30 core.sweep_detector INFO: SweepDetector v2: 0 raw â†’ 0 confirmed (volâ‰Ą2.5Ă— bodyâ‰Ą30%)
17:18:30 core.sweep_detector INFO: OrderBlocks: 8 detected, 3 unmitigated
17:18:30 core.sweep_detector INFO: FVGs: 11 detected, 3 unfilled
17:18:32 core.sweep_detector INFO: SweepDetector v2: 1 raw â†’ 1 confirmed (volâ‰Ą2.5Ă— bodyâ‰Ą30%)
17:18:32 core.sweep_detector INFO: OrderBlocks: 4 detected, 1 unmitigated
17:18:32 core.sweep_detector INFO: FVGs: 7 detected, 3 unfilled
17:18:35 core.sweep_detector INFO: SweepDetector v2: 1 raw â†’ 1 confirmed (volâ‰Ą2.5Ă— bodyâ‰Ą30%)
17:18:35 core.sweep_detector INFO: OrderBlocks: 7 detected, 0 unmitigated
17:18:35 core.sweep_detector INFO: FVGs: 9 detected, 1 unfilled
17:18:36 core.sweep_detector INFO: SweepDetector v2: 0 raw â†’ 0 confirmed (volâ‰Ą2.5Ă— bodyâ‰Ą30%)
17:18:36 core.sweep_detector INFO: OrderBlocks: 10 detected, 3 unmitigated
17:18:36 core.sweep_detector INFO: FVGs: 10 detected, 3 unfilled
17:18:38 core.sweep_detector INFO: SweepDetector v2: 2 raw â†’ 2 confirmed (volâ‰Ą2.5Ă— bodyâ‰Ą30%)
17:18:38 core.sweep_detector INFO: OrderBlocks: 3 detected, 1 unmitigated
17:18:38 core.sweep_detector INFO: FVGs: 11 detected, 1 unfilled
17:18:40 core.sweep_detector INFO: SweepDetector v2: 3 raw â†’ 3 confirmed (volâ‰Ą2.5Ă— bodyâ‰Ą30%)
17:18:40 core.sweep_detector INFO: OrderBlocks: 4 detected, 2 unmitigated
17:18:40 core.sweep_detector INFO: FVGs: 13 detected, 1 unfilled
17:18:41 core.sweep_detector INFO: SweepDetector v2: 2 raw â†’ 2 confirmed (volâ‰Ą2.5Ă— bodyâ‰Ą30%)
17:18:41 core.sweep_detector INFO: OrderBlocks: 7 detected, 2 unmitigated
17:18:41 core.sweep_detector INFO: FVGs: 8 detected, 3 unfilled
17:18:43 core.sweep_detector INFO: SweepDetector v2: 2 raw â†’ 2 confirmed (volâ‰Ą2.5Ă— bodyâ‰Ą30%)
17:18:43 core.sweep_detector INFO: OrderBlocks: 4 detected, 1 unmitigated
17:18:43 core.sweep_detector INFO: FVGs: 4 detected, 0 unfilled
17:18:45 core.sweep_detector INFO: SweepDetector v2: 0 raw â†’ 0 confirmed (volâ‰Ą2.5Ă— bodyâ‰Ą30%)
17:18:45 core.sweep_detector INFO: OrderBlocks: 6 detected, 1 unmitigated
17:18:45 core.sweep_detector INFO: FVGs: 8 detected, 0 unfilled
17:18:47 core.sweep_detector INFO: SweepDetector v2: 0 raw â†’ 0 confirmed (volâ‰Ą2.5Ă— bodyâ‰Ą30%)
17:18:47 core.sweep_detector INFO: OrderBlocks: 2 detected, 1 unmitigated
17:18:47 core.sweep_detector INFO: FVGs: 0 detected, 0 unfilled
17:18:49 core.sweep_detector INFO: SweepDetector v2: 0 raw â†’ 0 confirmed (volâ‰Ą2.5Ă— bodyâ‰Ą30%)
17:18:49 core.sweep_detector INFO: OrderBlocks: 6 detected, 1 unmitigated
17:18:49 core.sweep_detector INFO: FVGs: 0 detected, 0 unfilled
17:18:51 core.sweep_detector INFO: SweepDetector v2: 0 raw â†’ 0 confirmed (volâ‰Ą2.5Ă— bodyâ‰Ą30%)
17:18:51 core.sweep_detector INFO: OrderBlocks: 0 detected, 0 unmitigated
17:18:51 core.sweep_detector INFO: FVGs: 0 detected, 0 unfilled
17:18:53 core.sweep_detector INFO: SweepDetector v2: 2 raw â†’ 0 confirmed (volâ‰Ą2.5Ă— bodyâ‰Ą30%)
17:18:53 core.sweep_detector INFO: OrderBlocks: 7 detected, 2 unmitigated
17:18:53 core.sweep_detector INFO: FVGs: 6 detected, 1 unfilled
17:18:55 core.sweep_detector INFO: SweepDetector v2: 1 raw â†’ 1 confirmed (volâ‰Ą2.5Ă— bodyâ‰Ą30%)
17:18:55 core.sweep_detector INFO: OrderBlocks: 10 detected, 4 unmitigated
17:18:55 core.sweep_detector INFO: FVGs: 9 detected, 2 unfilled
17:18:56 core.sweep_detector INFO: SweepDetector v2: 4 raw â†’ 4 confirmed (volâ‰Ą2.5Ă— bodyâ‰Ą30%)
17:18:56 core.sweep_detector INFO: OrderBlocks: 4 detected, 0 unmitigated
17:18:56 core.sweep_detector INFO: FVGs: 8 detected, 4 unfilled
17:18:58 core.sweep_detector INFO: SweepDetector v2: 6 raw â†’ 3 confirmed (volâ‰Ą2.5Ă— bodyâ‰Ą30%)
17:18:58 core.sweep_detector INFO: OrderBlocks: 9 detected, 3 unmitigated
17:18:58 core.sweep_detector INFO: FVGs: 11 detected, 4 unfilled
17:19:00 core.sweep_detector INFO: SweepDetector v2: 1 raw â†’ 1 confirmed (volâ‰Ą2.5Ă— bodyâ‰Ą30%)
17:19:00 core.sweep_detector INFO: OrderBlocks: 6 detected, 2 unmitigated
17:19:00 core.sweep_detector INFO: FVGs: 11 detected, 3 unfilled
17:19:02 core.sweep_detector INFO: SweepDetector v2: 3 raw â†’ 2 confirmed (volâ‰Ą2.5Ă— bodyâ‰Ą30%)
17:19:02 core.sweep_detector INFO: OrderBlocks: 8 detected, 4 unmitigated
17:19:02 core.sweep_detector INFO: FVGs: 13 detected, 5 unfilled
17:19:04 core.sweep_detector INFO: SweepDetector v2: 1 raw â†’ 1 confirmed (volâ‰Ą2.5Ă— bodyâ‰Ą30%)
17:19:04 core.sweep_detector INFO: OrderBlocks: 7 detected, 2 unmitigated
17:19:04 core.sweep_detector INFO: FVGs: 7 detected, 1 unfilled
17:19:05 core.sweep_detector INFO: SweepDetector v2: 2 raw â†’ 1 confirmed (volâ‰Ą2.5Ă— bodyâ‰Ą30%)
17:19:05 core.sweep_detector INFO: OrderBlocks: 1 detected, 0 unmitigated
17:19:05 core.sweep_detector INFO: FVGs: 12 detected, 3 unfilled
17:19:07 core.sweep_detector INFO: SweepDetector v2: 0 raw â†’ 0 confirmed (volâ‰Ą2.5Ă— bodyâ‰Ą30%)
17:19:07 core.sweep_detector INFO: OrderBlocks: 6 detected, 1 unmitigated
17:19:07 core.sweep_detector INFO: FVGs: 6 detected, 1 unfilled
17:19:09 core.sweep_detector INFO: SweepDetector v2: 0 raw â†’ 0 confirmed (volâ‰Ą2.5Ă— bodyâ‰Ą30%)
17:19:09 core.sweep_detector INFO: OrderBlocks: 7 detected, 3 unmitigated
17:19:09 core.sweep_detector INFO: FVGs: 10 detected, 3 unfilled
17:19:11 core.sweep_detector INFO: SweepDetector v2: 0 raw â†’ 0 confirmed (volâ‰Ą2.5Ă— bodyâ‰Ą30%)
17:19:11 core.sweep_detector INFO: OrderBlocks: 10 detected, 2 unmitigated
17:19:11 core.sweep_detector INFO: FVGs: 7 detected, 1 unfilled
17:19:13 core.sweep_detector INFO: SweepDetector v2: 4 raw â†’ 3 confirmed (volâ‰Ą2.5Ă— bodyâ‰Ą30%)
17:19:13 core.sweep_detector INFO: OrderBlocks: 5 detected, 3 unmitigated
17:19:13 core.sweep_detector INFO: FVGs: 5 detected, 2 unfilled
17:19:15 core.sweep_detector INFO: SweepDetector v2: 2 raw â†’ 2 confirmed (volâ‰Ą2.5Ă— bodyâ‰Ą30%)
17:19:15 core.sweep_detector INFO: OrderBlocks: 5 detected, 1 unmitigated
17:19:15 core.sweep_detector INFO: FVGs: 6 detected, 4 unfilled
17:19:17 core.sweep_detector INFO: SweepDetector v2: 1 raw â†’ 1 confirmed (volâ‰Ą2.5Ă— bodyâ‰Ą30%)
17:19:17 core.sweep_detector INFO: OrderBlocks: 5 detected, 3 unmitigated
17:19:17 core.sweep_detector INFO: FVGs: 5 detected, 2 unfilled
17:19:19 core.sweep_detector INFO: SweepDetector v2: 2 raw â†’ 2 confirmed (volâ‰Ą2.5Ă— bodyâ‰Ą30%)
17:19:19 core.sweep_detector INFO: OrderBlocks: 7 detected, 3 unmitigated
17:19:19 core.sweep_detector INFO: FVGs: 5 detected, 2 unfilled
/root/.openclaw/workspace/projects/crypto-liquidity-hunter/main.py:555: DeprecationWarning: datetime.datetime.utcnow() is deprecated and scheduled for removal in a future version. Use timezone-aware objects to represent datetimes in UTC: datetime.datetime.now(datetime.UTC).
  scan_end     = datetime.utcnow()

=== SCAN ALL: 101 pairs, 3 timeframes ===
Total signals generated: 0
