08:50:02 __main__ INFO: Volume filter: fetching all tickers in one call...
08:50:04 __main__ INFO: Volume filter: 101/447 pairs pass $2M threshold
/root/.openclaw/workspace/projects/crypto-liquidity-hunter/main.py:292: DeprecationWarning: datetime.datetime.utcnow() is deprecated and scheduled for removal in a future version. Use timezone-aware objects to represent datetimes in UTC: datetime.datetime.now(datetime.UTC).
  scan_start = datetime.utcnow()   # for duration tracking
08:50:05 core.binance_connector INFO: BinanceConnector: connected [LIVE FUTURES MAINNET]
08:50:05 __main__ INFO: Auto-executor: account 'Liquiddbot1' mode=live exec=auto
08:50:07 core.sweep_detector INFO: SweepDetector v2: 0 raw â†’ 0 confirmed (volâ‰Ą2.5Ă— bodyâ‰Ą30%)
08:50:07 core.sweep_detector INFO: OrderBlocks: 10 detected, 5 unmitigated
08:50:07 core.sweep_detector INFO: FVGs: 12 detected, 7 unfilled
08:50:09 core.sweep_detector INFO: SweepDetector v2: 2 raw â†’ 2 confirmed (volâ‰Ą2.5Ă— bodyâ‰Ą30%)
08:50:09 core.sweep_detector INFO: OrderBlocks: 4 detected, 1 unmitigated
08:50:09 core.sweep_detector INFO: FVGs: 8 detected, 2 unfilled
08:50:12 core.sweep_detector INFO: SweepDetector v2: 2 raw â†’ 2 confirmed (volâ‰Ą2.5Ă— bodyâ‰Ą30%)
08:50:12 core.sweep_detector INFO: OrderBlocks: 4 detected, 2 unmitigated
08:50:12 core.sweep_detector INFO: FVGs: 10 detected, 6 unfilled
08:50:14 core.sweep_detector INFO: SweepDetector v2: 1 raw â†’ 1 confirmed (volâ‰Ą2.5Ă— bodyâ‰Ą30%)
08:50:14 core.sweep_detector INFO: OrderBlocks: 8 detected, 2 unmitigated
08:50:14 core.sweep_detector INFO: FVGs: 11 detected, 5 unfilled
08:50:16 core.sweep_detector INFO: SweepDetector v2: 2 raw â†’ 1 confirmed (volâ‰Ą2.5Ă— bodyâ‰Ą30%)
08:50:16 core.sweep_detector INFO: OrderBlocks: 4 detected, 1 unmitigated
08:50:16 core.sweep_detector INFO: FVGs: 6 detected, 2 unfilled
08:50:18 core.sweep_detector INFO: SweepDetector v2: 1 raw â†’ 1 confirmed (volâ‰Ą2.5Ă— bodyâ‰Ą30%)
08:50:18 core.sweep_detector INFO: OrderBlocks: 4 detected, 3 unmitigated
08:50:18 core.sweep_detector INFO: FVGs: 6 detected, 4 unfilled
08:50:20 core.sweep_detector INFO: SweepDetector v2: 3 raw â†’ 2 confirmed (volâ‰Ą2.5Ă— bodyâ‰Ą30%)
08:50:20 core.sweep_detector INFO: OrderBlocks: 7 detected, 0 unmitigated
08:50:20 core.sweep_detector INFO: FVGs: 10 detected, 1 unfilled
08:50:22 core.sweep_detector INFO: SweepDetector v2: 1 raw â†’ 0 confirmed (volâ‰Ą2.5Ă— bodyâ‰Ą30%)
08:50:22 core.sweep_detector INFO: OrderBlocks: 3 detected, 1 unmitigated
08:50:22 core.sweep_detector INFO: FVGs: 8 detected, 1 unfilled
08:50:24 core.sweep_detector INFO: SweepDetector v2: 0 raw â†’ 0 confirmed (volâ‰Ą2.5Ă— bodyâ‰Ą30%)
08:50:24 core.sweep_detector INFO: OrderBlocks: 2 detected, 0 unmitigated
08:50:24 core.sweep_detector INFO: FVGs: 10 detected, 4 unfilled
08:50:26 core.sweep_detector INFO: SweepDetector v2: 2 raw â†’ 1 confirmed (volâ‰Ą2.5Ă— bodyâ‰Ą30%)
08:50:26 core.sweep_detector INFO: OrderBlocks: 7 detected, 3 unmitigated
08:50:26 core.sweep_detector INFO: FVGs: 8 detected, 3 unfilled
08:50:28 core.sweep_detector INFO: SweepDetector v2: 1 raw â†’ 1 confirmed (volâ‰Ą2.5Ă— bodyâ‰Ą30%)
08:50:28 core.sweep_detector INFO: OrderBlocks: 3 detected, 1 unmitigated
08:50:28 core.sweep_detector INFO: FVGs: 8 detected, 1 unfilled
08:50:30 core.sweep_detector INFO: SweepDetector v2: 1 raw â†’ 1 confirmed (volâ‰Ą2.5Ă— bodyâ‰Ą30%)
08:50:30 core.sweep_detector INFO: OrderBlocks: 5 detected, 1 unmitigated
08:50:30 core.sweep_detector INFO: FVGs: 6 detected, 1 unfilled
08:50:31 core.sweep_detector INFO: SweepDetector v2: 2 raw â†’ 1 confirmed (volâ‰Ą2.5Ă— bodyâ‰Ą30%)
08:50:31 core.sweep_detector INFO: OrderBlocks: 5 detected, 3 unmitigated
08:50:31 core.sweep_detector INFO: FVGs: 11 detected, 5 unfilled
08:50:33 core.sweep_detector INFO: SweepDetector v2: 1 raw â†’ 1 confirmed (volâ‰Ą2.5Ă— bodyâ‰Ą30%)
08:50:33 core.sweep_detector INFO: OrderBlocks: 5 detected, 2 unmitigated
08:50:33 core.sweep_detector INFO: FVGs: 9 detected, 3 unfilled
08:50:35 core.sweep_detector INFO: SweepDetector v2: 2 raw â†’ 2 confirmed (volâ‰Ą2.5Ă— bodyâ‰Ą30%)
08:50:35 core.sweep_detector INFO: OrderBlocks: 1 detected, 0 unmitigated
08:50:35 core.sweep_detector INFO: FVGs: 12 detected, 6 unfilled
08:50:36 core.sweep_detector INFO: SweepDetector v2: 5 raw â†’ 5 confirmed (volâ‰Ą2.5Ă— bodyâ‰Ą30%)
08:50:36 core.sweep_detector INFO: OrderBlocks: 1 detected, 0 unmitigated
08:50:36 core.sweep_detector INFO: FVGs: 3 detected, 1 unfilled
08:50:38 core.sweep_detector INFO: SweepDetector v2: 2 raw â†’ 2 confirmed (volâ‰Ą2.5Ă— bodyâ‰Ą30%)
08:50:38 core.sweep_detector INFO: OrderBlocks: 5 detected, 1 unmitigated
08:50:38 core.sweep_detector INFO: FVGs: 2 detected, 1 unfilled
08:50:40 core.sweep_detector INFO: SweepDetector v2: 1 raw â†’ 1 confirmed (volâ‰Ą2.5Ă— bodyâ‰Ą30%)
08:50:40 core.sweep_detector INFO: OrderBlocks: 1 detected, 0 unmitigated
08:50:40 core.sweep_detector INFO: FVGs: 4 detected, 1 unfilled
08:50:41 core.sweep_detector INFO: SweepDetector v2: 2 raw â†’ 1 confirmed (volâ‰Ą2.5Ă— bodyâ‰Ą30%)
08:50:41 core.sweep_detector INFO: OrderBlocks: 7 detected, 3 unmitigated
08:50:41 core.sweep_detector INFO: FVGs: 10 detected, 5 unfilled
08:50:43 core.sweep_detector INFO: SweepDetector v2: 1 raw â†’ 0 confirmed (volâ‰Ą2.5Ă— bodyâ‰Ą30%)
08:50:43 core.sweep_detector INFO: OrderBlocks: 5 detected, 2 unmitigated
08:50:43 core.sweep_detector INFO: FVGs: 3 detected, 1 unfilled
08:50:46 core.sweep_detector INFO: SweepDetector v2: 1 raw â†’ 1 confirmed (volâ‰Ą2.5Ă— bodyâ‰Ą30%)
08:50:46 core.sweep_detector INFO: OrderBlocks: 5 detected, 3 unmitigated
08:50:46 core.sweep_detector INFO: FVGs: 9 detected, 5 unfilled
08:50:48 core.sweep_detector INFO: SweepDetector v2: 2 raw â†’ 2 confirmed (volâ‰Ą2.5Ă— bodyâ‰Ą30%)
08:50:48 core.sweep_detector INFO: OrderBlocks: 4 detected, 2 unmitigated
08:50:48 core.sweep_detector INFO: FVGs: 13 detected, 6 unfilled
08:50:50 core.sweep_detector INFO: SweepDetector v2: 1 raw â†’ 1 confirmed (volâ‰Ą2.5Ă— bodyâ‰Ą30%)
08:50:50 core.sweep_detector INFO: OrderBlocks: 4 detected, 2 unmitigated
08:50:50 core.sweep_detector INFO: FVGs: 8 detected, 3 unfilled
08:50:52 core.sweep_detector INFO: SweepDetector v2: 2 raw â†’ 2 confirmed (volâ‰Ą2.5Ă— bodyâ‰Ą30%)
08:50:52 core.sweep_detector INFO: OrderBlocks: 4 detected, 2 unmitigated
08:50:52 core.sweep_detector INFO: FVGs: 6 detected, 4 unfilled
08:50:53 core.sweep_detector INFO: SweepDetector v2: 2 raw â†’ 2 confirmed (volâ‰Ą2.5Ă— bodyâ‰Ą30%)
08:50:53 core.sweep_detector INFO: OrderBlocks: 6 detected, 0 unmitigated
08:50:53 core.sweep_detector INFO: FVGs: 4 detected, 0 unfilled
08:50:55 core.sweep_detector INFO: SweepDetector v2: 1 raw â†’ 1 confirmed (volâ‰Ą2.5Ă— bodyâ‰Ą30%)
08:50:55 core.sweep_detector INFO: OrderBlocks: 5 detected, 0 unmitigated
08:50:55 core.sweep_detector INFO: FVGs: 12 detected, 2 unfilled
08:50:57 core.sweep_detector INFO: SweepDetector v2: 1 raw â†’ 0 confirmed (volâ‰Ą2.5Ă— bodyâ‰Ą30%)
08:50:57 core.sweep_detector INFO: OrderBlocks: 2 detected, 1 unmitigated
08:50:57 core.sweep_detector INFO: FVGs: 10 detected, 4 unfilled
08:50:59 core.sweep_detector INFO: SweepDetector v2: 1 raw â†’ 1 confirmed (volâ‰Ą2.5Ă— bodyâ‰Ą30%)
08:50:59 core.sweep_detector INFO: OrderBlocks: 4 detected, 0 unmitigated
08:50:59 core.sweep_detector INFO: FVGs: 9 detected, 4 unfilled
08:51:00 core.sweep_detector INFO: SweepDetector v2: 0 raw â†’ 0 confirmed (volâ‰Ą2.5Ă— bodyâ‰Ą30%)
08:51:00 core.sweep_detector INFO: OrderBlocks: 4 detected, 3 unmitigated
08:51:00 core.sweep_detector INFO: FVGs: 7 detected, 4 unfilled
08:51:02 core.sweep_detector INFO: SweepDetector v2: 0 raw â†’ 0 confirmed (volâ‰Ą2.5Ă— bodyâ‰Ą30%)
08:51:02 core.sweep_detector INFO: OrderBlocks: 9 detected, 4 unmitigated
08:51:02 core.sweep_detector INFO: FVGs: 8 detected, 3 unfilled
08:51:04 core.sweep_detector INFO: SweepDetector v2: 4 raw â†’ 4 confirmed (volâ‰Ą2.5Ă— bodyâ‰Ą30%)
08:51:04 core.sweep_detector INFO: OrderBlocks: 2 detected, 2 unmitigated
08:51:04 core.sweep_detector INFO: FVGs: 12 detected, 3 unfilled
08:51:05 core.sweep_detector INFO: SweepDetector v2: 1 raw â†’ 1 confirmed (volâ‰Ą2.5Ă— bodyâ‰Ą30%)
08:51:05 core.sweep_detector INFO: OrderBlocks: 8 detected, 2 unmitigated
08:51:05 core.sweep_detector INFO: FVGs: 12 detected, 0 unfilled
08:51:07 core.sweep_detector INFO: SweepDetector v2: 2 raw â†’ 1 confirmed (volâ‰Ą2.5Ă— bodyâ‰Ą30%)
08:51:07 core.sweep_detector INFO: OrderBlocks: 10 detected, 3 unmitigated
08:51:07 core.sweep_detector INFO: FVGs: 13 detected, 4 unfilled
08:51:09 core.sweep_detector INFO: SweepDetector v2: 0 raw â†’ 0 confirmed (volâ‰Ą2.5Ă— bodyâ‰Ą30%)
08:51:09 core.sweep_detector INFO: OrderBlocks: 3 detected, 1 unmitigated
08:51:09 core.sweep_detector INFO: FVGs: 6 detected, 1 unfilled
08:51:10 core.sweep_detector INFO: SweepDetector v2: 3 raw â†’ 3 confirmed (volâ‰Ą2.5Ă— bodyâ‰Ą30%)
08:51:10 core.sweep_detector INFO: OrderBlocks: 1 detected, 1 unmitigated
08:51:10 core.sweep_detector INFO: FVGs: 5 detected, 2 unfilled
08:51:12 core.sweep_detector INFO: SweepDetector v2: 2 raw â†’ 2 confirmed (volâ‰Ą2.5Ă— bodyâ‰Ą30%)
08:51:12 core.sweep_detector INFO: OrderBlocks: 6 detected, 1 unmitigated
08:51:12 core.sweep_detector INFO: FVGs: 4 detected, 2 unfilled
08:51:14 core.sweep_detector INFO: SweepDetector v2: 0 raw â†’ 0 confirmed (volâ‰Ą2.5Ă— bodyâ‰Ą30%)
08:51:14 core.sweep_detector INFO: OrderBlocks: 0 detected, 0 unmitigated
08:51:14 core.sweep_detector INFO: FVGs: 0 detected, 0 unfilled
08:51:15 core.sweep_detector INFO: SweepDetector v2: 0 raw â†’ 0 confirmed (volâ‰Ą2.5Ă— bodyâ‰Ą30%)
08:51:15 core.sweep_detector INFO: OrderBlocks: 0 detected, 0 unmitigated
08:51:15 core.sweep_detector INFO: FVGs: 0 detected, 0 unfilled
08:51:17 core.sweep_detector INFO: SweepDetector v2: 0 raw â†’ 0 confirmed (volâ‰Ą2.5Ă— bodyâ‰Ą30%)
08:51:17 core.sweep_detector INFO: OrderBlocks: 0 detected, 0 unmitigated
08:51:17 core.sweep_detector INFO: FVGs: 0 detected, 0 unfilled
08:51:19 core.sweep_detector INFO: SweepDetector v2: 1 raw â†’ 1 confirmed (volâ‰Ą2.5Ă— bodyâ‰Ą30%)
08:51:19 core.sweep_detector INFO: OrderBlocks: 8 detected, 6 unmitigated
08:51:19 core.sweep_detector INFO: FVGs: 10 detected, 5 unfilled
08:51:20 core.sweep_detector INFO: SweepDetector v2: 1 raw â†’ 1 confirmed (volâ‰Ą2.5Ă— bodyâ‰Ą30%)
08:51:20 core.sweep_detector INFO: OrderBlocks: 6 detected, 2 unmitigated
08:51:20 core.sweep_detector INFO: FVGs: 5 detected, 1 unfilled
08:51:22 core.sweep_detector INFO: SweepDetector v2: 1 raw â†’ 1 confirmed (volâ‰Ą2.5Ă— bodyâ‰Ą30%)
08:51:22 core.sweep_detector INFO: OrderBlocks: 3 detected, 2 unmitigated
08:51:22 core.sweep_detector INFO: FVGs: 6 detected, 3 unfilled
08:51:24 core.sweep_detector INFO: SweepDetector v2: 1 raw â†’ 1 confirmed (volâ‰Ą2.5Ă— bodyâ‰Ą30%)
08:51:24 core.sweep_detector INFO: OrderBlocks: 7 detected, 2 unmitigated
08:51:24 core.sweep_detector INFO: FVGs: 8 detected, 4 unfilled
08:51:25 core.sweep_detector INFO: SweepDetector v2: 1 raw â†’ 1 confirmed (volâ‰Ą2.5Ă— bodyâ‰Ą30%)
08:51:25 core.sweep_detector INFO: OrderBlocks: 2 detected, 1 unmitigated
08:51:25 core.sweep_detector INFO: FVGs: 10 detected, 3 unfilled
08:51:27 core.sweep_detector INFO: SweepDetector v2: 1 raw â†’ 1 confirmed (volâ‰Ą2.5Ă— bodyâ‰Ą30%)
08:51:27 core.sweep_detector INFO: OrderBlocks: 4 detected, 2 unmitigated
08:51:27 core.sweep_detector INFO: FVGs: 8 detected, 4 unfilled
08:51:29 core.sweep_detector INFO: SweepDetector v2: 0 raw â†’ 0 confirmed (volâ‰Ą2.5Ă— bodyâ‰Ą30%)
08:51:29 core.sweep_detector INFO: OrderBlocks: 6 detected, 4 unmitigated
08:51:29 core.sweep_detector INFO: FVGs: 8 detected, 4 unfilled
08:51:30 core.sweep_detector INFO: SweepDetector v2: 2 raw â†’ 1 confirmed (volâ‰Ą2.5Ă— bodyâ‰Ą30%)
08:51:30 core.sweep_detector INFO: OrderBlocks: 3 detected, 0 unmitigated
08:51:30 core.sweep_detector INFO: FVGs: 8 detected, 1 unfilled
08:51:32 core.sweep_detector INFO: SweepDetector v2: 1 raw â†’ 1 confirmed (volâ‰Ą2.5Ă— bodyâ‰Ą30%)
08:51:32 core.sweep_detector INFO: OrderBlocks: 4 detected, 2 unmitigated
08:51:32 core.sweep_detector INFO: FVGs: 6 detected, 4 unfilled
08:51:34 core.sweep_detector INFO: SweepDetector v2: 7 raw â†’ 5 confirmed (volâ‰Ą2.5Ă— bodyâ‰Ą30%)
08:51:34 core.sweep_detector INFO: OrderBlocks: 4 detected, 2 unmitigated
08:51:34 core.sweep_detector INFO: FVGs: 10 detected, 5 unfilled
08:51:35 core.sweep_detector INFO: SweepDetector v2: 5 raw â†’ 2 confirmed (volâ‰Ą2.5Ă— bodyâ‰Ą30%)
08:51:35 core.sweep_detector INFO: OrderBlocks: 5 detected, 3 unmitigated
08:51:35 core.sweep_detector INFO: FVGs: 9 detected, 3 unfilled
08:51:37 core.sweep_detector INFO: SweepDetector v2: 1 raw â†’ 1 confirmed (volâ‰Ą2.5Ă— bodyâ‰Ą30%)
08:51:37 core.sweep_detector INFO: OrderBlocks: 5 detected, 1 unmitigated
08:51:37 core.sweep_detector INFO: FVGs: 11 detected, 4 unfilled
08:51:39 core.sweep_detector INFO: SweepDetector v2: 1 raw â†’ 1 confirmed (volâ‰Ą2.5Ă— bodyâ‰Ą30%)
08:51:39 core.sweep_detector INFO: OrderBlocks: 9 detected, 3 unmitigated
08:51:39 core.sweep_detector INFO: FVGs: 12 detected, 3 unfilled
08:51:41 core.sweep_detector INFO: SweepDetector v2: 2 raw â†’ 1 confirmed (volâ‰Ą2.5Ă— bodyâ‰Ą30%)
08:51:41 core.sweep_detector INFO: OrderBlocks: 7 detected, 0 unmitigated
08:51:41 core.sweep_detector INFO: FVGs: 7 detected, 3 unfilled
08:51:43 core.sweep_detector INFO: SweepDetector v2: 2 raw â†’ 2 confirmed (volâ‰Ą2.5Ă— bodyâ‰Ą30%)
08:51:43 core.sweep_detector INFO: OrderBlocks: 6 detected, 4 unmitigated
08:51:43 core.sweep_detector INFO: FVGs: 5 detected, 4 unfilled
08:51:45 core.sweep_detector INFO: SweepDetector v2: 0 raw â†’ 0 confirmed (volâ‰Ą2.5Ă— bodyâ‰Ą30%)
08:51:45 core.sweep_detector INFO: OrderBlocks: 6 detected, 3 unmitigated
08:51:45 core.sweep_detector INFO: FVGs: 4 detected, 3 unfilled
08:51:47 core.sweep_detector INFO: SweepDetector v2: 1 raw â†’ 1 confirmed (volâ‰Ą2.5Ă— bodyâ‰Ą30%)
08:51:47 core.sweep_detector INFO: OrderBlocks: 6 detected, 2 unmitigated
08:51:47 core.sweep_detector INFO: FVGs: 4 detected, 3 unfilled
08:51:48 core.sweep_detector INFO: SweepDetector v2: 1 raw â†’ 0 confirmed (volâ‰Ą2.5Ă— bodyâ‰Ą30%)
08:51:48 core.sweep_detector INFO: OrderBlocks: 4 detected, 1 unmitigated
08:51:48 core.sweep_detector INFO: FVGs: 7 detected, 3 unfilled
08:51:50 core.sweep_detector INFO: SweepDetector v2: 1 raw â†’ 0 confirmed (volâ‰Ą2.5Ă— bodyâ‰Ą30%)
08:51:50 core.sweep_detector INFO: OrderBlocks: 2 detected, 2 unmitigated
08:51:50 core.sweep_detector INFO: FVGs: 7 detected, 6 unfilled
08:51:52 core.sweep_detector INFO: SweepDetector v2: 1 raw â†’ 0 confirmed (volâ‰Ą2.5Ă— bodyâ‰Ą30%)
08:51:52 core.sweep_detector INFO: OrderBlocks: 7 detected, 3 unmitigated
08:51:52 core.sweep_detector INFO: FVGs: 6 detected, 4 unfilled
08:51:53 core.sweep_detector INFO: SweepDetector v2: 2 raw â†’ 1 confirmed (volâ‰Ą2.5Ă— bodyâ‰Ą30%)
08:51:53 core.sweep_detector INFO: OrderBlocks: 13 detected, 4 unmitigated
08:51:53 core.sweep_detector INFO: FVGs: 8 detected, 3 unfilled
08:51:55 core.sweep_detector INFO: SweepDetector v2: 0 raw â†’ 0 confirmed (volâ‰Ą2.5Ă— bodyâ‰Ą30%)
08:51:55 core.sweep_detector INFO: OrderBlocks: 6 detected, 2 unmitigated
08:51:55 core.sweep_detector INFO: FVGs: 11 detected, 7 unfilled
08:51:57 core.sweep_detector INFO: SweepDetector v2: 3 raw â†’ 2 confirmed (volâ‰Ą2.5Ă— bodyâ‰Ą30%)
08:51:57 core.sweep_detector INFO: OrderBlocks: 7 detected, 3 unmitigated
08:51:57 core.sweep_detector INFO: FVGs: 15 detected, 8 unfilled
08:51:58 core.sweep_detector INFO: SweepDetector v2: 0 raw â†’ 0 confirmed (volâ‰Ą2.5Ă— bodyâ‰Ą30%)
08:51:58 core.sweep_detector INFO: OrderBlocks: 4 detected, 2 unmitigated
08:51:58 core.sweep_detector INFO: FVGs: 7 detected, 3 unfilled
08:52:01 core.sweep_detector INFO: SweepDetector v2: 0 raw â†’ 0 confirmed (volâ‰Ą2.5Ă— bodyâ‰Ą30%)
08:52:01 core.sweep_detector INFO: OrderBlocks: 9 detected, 4 unmitigated
08:52:01 core.sweep_detector INFO: FVGs: 15 detected, 4 unfilled
08:52:02 core.sweep_detector INFO: SweepDetector v2: 3 raw â†’ 2 confirmed (volâ‰Ą2.5Ă— bodyâ‰Ą30%)
08:52:02 core.sweep_detector INFO: OrderBlocks: 4 detected, 1 unmitigated
08:52:02 core.sweep_detector INFO: FVGs: 10 detected, 2 unfilled
08:52:04 core.sweep_detector INFO: SweepDetector v2: 1 raw â†’ 1 confirmed (volâ‰Ą2.5Ă— bodyâ‰Ą30%)
08:52:04 core.sweep_detector INFO: OrderBlocks: 4 detected, 2 unmitigated
08:52:04 core.sweep_detector INFO: FVGs: 8 detected, 4 unfilled
08:52:06 core.sweep_detector INFO: SweepDetector v2: 4 raw â†’ 2 confirmed (volâ‰Ą2.5Ă— bodyâ‰Ą30%)
08:52:06 core.sweep_detector INFO: OrderBlocks: 5 detected, 2 unmitigated
08:52:06 core.sweep_detector INFO: FVGs: 9 detected, 2 unfilled
08:52:07 core.sweep_detector INFO: SweepDetector v2: 5 raw â†’ 4 confirmed (volâ‰Ą2.5Ă— bodyâ‰Ą30%)
08:52:07 core.sweep_detector INFO: OrderBlocks: 4 detected, 1 unmitigated
08:52:07 core.sweep_detector INFO: FVGs: 10 detected, 3 unfilled
08:52:09 core.sweep_detector INFO: SweepDetector v2: 4 raw â†’ 3 confirmed (volâ‰Ą2.5Ă— bodyâ‰Ą30%)
08:52:09 core.sweep_detector INFO: OrderBlocks: 7 detected, 2 unmitigated
08:52:09 core.sweep_detector INFO: FVGs: 10 detected, 7 unfilled
08:52:11 core.sweep_detector INFO: SweepDetector v2: 3 raw â†’ 2 confirmed (volâ‰Ą2.5Ă— bodyâ‰Ą30%)
08:52:11 core.sweep_detector INFO: OrderBlocks: 6 detected, 2 unmitigated
08:52:11 core.sweep_detector INFO: FVGs: 5 detected, 2 unfilled
08:52:13 core.sweep_detector INFO: SweepDetector v2: 2 raw â†’ 1 confirmed (volâ‰Ą2.5Ă— bodyâ‰Ą30%)
08:52:13 core.sweep_detector INFO: OrderBlocks: 4 detected, 0 unmitigated
08:52:13 core.sweep_detector INFO: FVGs: 10 detected, 2 unfilled
08:52:14 core.sweep_detector INFO: SweepDetector v2: 0 raw â†’ 0 confirmed (volâ‰Ą2.5Ă— bodyâ‰Ą30%)
08:52:14 core.sweep_detector INFO: OrderBlocks: 8 detected, 3 unmitigated
08:52:14 core.sweep_detector INFO: FVGs: 7 detected, 3 unfilled
08:52:16 core.sweep_detector INFO: SweepDetector v2: 1 raw â†’ 1 confirmed (volâ‰Ą2.5Ă— bodyâ‰Ą30%)
08:52:16 core.sweep_detector INFO: OrderBlocks: 9 detected, 3 unmitigated
08:52:16 core.sweep_detector INFO: FVGs: 7 detected, 2 unfilled
08:52:18 core.sweep_detector INFO: SweepDetector v2: 0 raw â†’ 0 confirmed (volâ‰Ą2.5Ă— bodyâ‰Ą30%)
08:52:18 core.sweep_detector INFO: OrderBlocks: 6 detected, 3 unmitigated
08:52:18 core.sweep_detector INFO: FVGs: 6 detected, 2 unfilled
08:52:20 core.sweep_detector INFO: SweepDetector v2: 0 raw â†’ 0 confirmed (volâ‰Ą2.5Ă— bodyâ‰Ą30%)
08:52:20 core.sweep_detector INFO: OrderBlocks: 6 detected, 3 unmitigated
08:52:20 core.sweep_detector INFO: FVGs: 9 detected, 5 unfilled
08:52:22 core.sweep_detector INFO: SweepDetector v2: 0 raw â†’ 0 confirmed (volâ‰Ą2.5Ă— bodyâ‰Ą30%)
08:52:22 core.sweep_detector INFO: OrderBlocks: 8 detected, 3 unmitigated
08:52:22 core.sweep_detector INFO: FVGs: 12 detected, 3 unfilled
08:52:23 core.sweep_detector INFO: SweepDetector v2: 4 raw â†’ 3 confirmed (volâ‰Ą2.5Ă— bodyâ‰Ą30%)
08:52:23 core.sweep_detector INFO: OrderBlocks: 3 detected, 1 unmitigated
08:52:23 core.sweep_detector INFO: FVGs: 11 detected, 1 unfilled
08:52:25 core.sweep_detector INFO: SweepDetector v2: 1 raw â†’ 1 confirmed (volâ‰Ą2.5Ă— bodyâ‰Ą30%)
08:52:25 core.sweep_detector INFO: OrderBlocks: 6 detected, 2 unmitigated
08:52:25 core.sweep_detector INFO: FVGs: 4 detected, 2 unfilled
08:52:26 core.sweep_detector INFO: SweepDetector v2: 1 raw â†’ 0 confirmed (volâ‰Ą2.5Ă— bodyâ‰Ą30%)
08:52:26 core.sweep_detector INFO: OrderBlocks: 4 detected, 1 unmitigated
08:52:26 core.sweep_detector INFO: FVGs: 9 detected, 2 unfilled
08:52:28 core.sweep_detector INFO: SweepDetector v2: 3 raw â†’ 3 confirmed (volâ‰Ą2.5Ă— bodyâ‰Ą30%)
08:52:28 core.sweep_detector INFO: OrderBlocks: 5 detected, 1 unmitigated
08:52:28 core.sweep_detector INFO: FVGs: 6 detected, 1 unfilled
08:52:30 core.sweep_detector INFO: SweepDetector v2: 1 raw â†’ 1 confirmed (volâ‰Ą2.5Ă— bodyâ‰Ą30%)
08:52:30 core.sweep_detector INFO: OrderBlocks: 4 detected, 2 unmitigated
08:52:30 core.sweep_detector INFO: FVGs: 7 detected, 3 unfilled
08:52:32 core.sweep_detector INFO: SweepDetector v2: 1 raw â†’ 1 confirmed (volâ‰Ą2.5Ă— bodyâ‰Ą30%)
08:52:32 core.sweep_detector INFO: OrderBlocks: 5 detected, 3 unmitigated
08:52:32 core.sweep_detector INFO: FVGs: 11 detected, 3 unfilled
08:52:33 core.sweep_detector INFO: SweepDetector v2: 4 raw â†’ 3 confirmed (volâ‰Ą2.5Ă— bodyâ‰Ą30%)
08:52:33 core.sweep_detector INFO: OrderBlocks: 5 detected, 0 unmitigated
08:52:33 core.sweep_detector INFO: FVGs: 7 detected, 2 unfilled
08:52:35 core.sweep_detector INFO: SweepDetector v2: 3 raw â†’ 2 confirmed (volâ‰Ą2.5Ă— bodyâ‰Ą30%)
08:52:35 core.sweep_detector INFO: OrderBlocks: 1 detected, 0 unmitigated
08:52:35 core.sweep_detector INFO: FVGs: 7 detected, 2 unfilled
08:52:37 core.sweep_detector INFO: SweepDetector v2: 2 raw â†’ 1 confirmed (volâ‰Ą2.5Ă— bodyâ‰Ą30%)
08:52:37 core.sweep_detector INFO: OrderBlocks: 5 detected, 0 unmitigated
08:52:37 core.sweep_detector INFO: FVGs: 6 detected, 0 unfilled
08:52:38 core.sweep_detector INFO: SweepDetector v2: 1 raw â†’ 0 confirmed (volâ‰Ą2.5Ă— bodyâ‰Ą30%)
08:52:38 core.sweep_detector INFO: OrderBlocks: 4 detected, 2 unmitigated
08:52:38 core.sweep_detector INFO: FVGs: 10 detected, 0 unfilled
08:52:40 core.sweep_detector INFO: SweepDetector v2: 4 raw â†’ 2 confirmed (volâ‰Ą2.5Ă— bodyâ‰Ą30%)
08:52:40 core.sweep_detector INFO: OrderBlocks: 1 detected, 1 unmitigated
08:52:40 core.sweep_detector INFO: FVGs: 3 detected, 1 unfilled
08:52:42 core.sweep_detector INFO: SweepDetector v2: 2 raw â†’ 1 confirmed (volâ‰Ą2.5Ă— bodyâ‰Ą30%)
08:52:42 core.sweep_detector INFO: OrderBlocks: 5 detected, 1 unmitigated
08:52:42 core.sweep_detector INFO: FVGs: 9 detected, 5 unfilled
08:52:43 core.sweep_detector INFO: SweepDetector v2: 2 raw â†’ 2 confirmed (volâ‰Ą2.5Ă— bodyâ‰Ą30%)
08:52:43 core.sweep_detector INFO: OrderBlocks: 4 detected, 2 unmitigated
08:52:43 core.sweep_detector INFO: FVGs: 12 detected, 5 unfilled
08:52:46 core.sweep_detector INFO: SweepDetector v2: 1 raw â†’ 1 confirmed (volâ‰Ą2.5Ă— bodyâ‰Ą30%)
08:52:46 core.sweep_detector INFO: OrderBlocks: 5 detected, 3 unmitigated
08:52:46 core.sweep_detector INFO: FVGs: 8 detected, 6 unfilled
08:52:47 core.sweep_detector INFO: SweepDetector v2: 2 raw â†’ 1 confirmed (volâ‰Ą2.5Ă— bodyâ‰Ą30%)
08:52:47 core.sweep_detector INFO: OrderBlocks: 6 detected, 2 unmitigated
08:52:47 core.sweep_detector INFO: FVGs: 10 detected, 5 unfilled
08:52:49 core.sweep_detector INFO: SweepDetector v2: 3 raw â†’ 1 confirmed (volâ‰Ą2.5Ă— bodyâ‰Ą30%)
08:52:49 core.sweep_detector INFO: OrderBlocks: 6 detected, 2 unmitigated
08:52:49 core.sweep_detector INFO: FVGs: 10 detected, 3 unfilled
08:52:51 core.sweep_detector INFO: SweepDetector v2: 1 raw â†’ 1 confirmed (volâ‰Ą2.5Ă— bodyâ‰Ą30%)
08:52:51 core.sweep_detector INFO: OrderBlocks: 3 detected, 2 unmitigated
08:52:51 core.sweep_detector INFO: FVGs: 6 detected, 3 unfilled
08:52:52 core.sweep_detector INFO: SweepDetector v2: 0 raw â†’ 0 confirmed (volâ‰Ą2.5Ă— bodyâ‰Ą30%)
08:52:52 core.sweep_detector INFO: OrderBlocks: 3 detected, 3 unmitigated
08:52:52 core.sweep_detector INFO: FVGs: 12 detected, 7 unfilled
08:52:54 core.sweep_detector INFO: SweepDetector v2: 2 raw â†’ 2 confirmed (volâ‰Ą2.5Ă— bodyâ‰Ą30%)
08:52:54 core.sweep_detector INFO: OrderBlocks: 3 detected, 0 unmitigated
08:52:54 core.sweep_detector INFO: FVGs: 5 detected, 2 unfilled
08:52:56 core.sweep_detector INFO: SweepDetector v2: 1 raw â†’ 1 confirmed (volâ‰Ą2.5Ă— bodyâ‰Ą30%)
08:52:56 core.sweep_detector INFO: OrderBlocks: 1 detected, 0 unmitigated
08:52:56 core.sweep_detector INFO: FVGs: 9 detected, 4 unfilled
08:52:58 core.sweep_detector INFO: SweepDetector v2: 0 raw â†’ 0 confirmed (volâ‰Ą2.5Ă— bodyâ‰Ą30%)
08:52:58 core.sweep_detector INFO: OrderBlocks: 4 detected, 0 unmitigated
08:52:58 core.sweep_detector INFO: FVGs: 0 detected, 0 unfilled
08:52:59 core.sweep_detector INFO: SweepDetector v2: 0 raw â†’ 0 confirmed (volâ‰Ą2.5Ă— bodyâ‰Ą30%)
08:52:59 core.sweep_detector INFO: OrderBlocks: 4 detected, 1 unmitigated
08:52:59 core.sweep_detector INFO: FVGs: 1 detected, 1 unfilled
08:53:01 core.sweep_detector INFO: SweepDetector v2: 0 raw â†’ 0 confirmed (volâ‰Ą2.5Ă— bodyâ‰Ą30%)
08:53:01 core.sweep_detector INFO: OrderBlocks: 5 detected, 1 unmitigated
08:53:01 core.sweep_detector INFO: FVGs: 0 detected, 0 unfilled
08:53:03 core.sweep_detector INFO: SweepDetector v2: 1 raw â†’ 1 confirmed (volâ‰Ą2.5Ă— bodyâ‰Ą30%)
08:53:03 core.sweep_detector INFO: OrderBlocks: 5 detected, 0 unmitigated
08:53:03 core.sweep_detector INFO: FVGs: 0 detected, 0 unfilled
08:53:04 core.sweep_detector INFO: SweepDetector v2: 0 raw â†’ 0 confirmed (volâ‰Ą2.5Ă— bodyâ‰Ą30%)
08:53:04 core.sweep_detector INFO: OrderBlocks: 6 detected, 0 unmitigated
08:53:04 core.sweep_detector INFO: FVGs: 0 detected, 0 unfilled
08:53:06 core.sweep_detector INFO: SweepDetector v2: 0 raw â†’ 0 confirmed (volâ‰Ą2.5Ă— bodyâ‰Ą30%)
08:53:06 core.sweep_detector INFO: OrderBlocks: 6 detected, 2 unmitigated
08:53:06 core.sweep_detector INFO: FVGs: 0 detected, 0 unfilled
08:53:08 core.sweep_detector INFO: SweepDetector v2: 0 raw â†’ 0 confirmed (volâ‰Ą2.5Ă— bodyâ‰Ą30%)
08:53:08 core.sweep_detector INFO: OrderBlocks: 0 detected, 0 unmitigated
08:53:08 core.sweep_detector INFO: FVGs: 0 detected, 0 unfilled
08:53:10 core.sweep_detector INFO: SweepDetector v2: 0 raw â†’ 0 confirmed (volâ‰Ą2.5Ă— bodyâ‰Ą30%)
08:53:10 core.sweep_detector INFO: OrderBlocks: 0 detected, 0 unmitigated
08:53:10 core.sweep_detector INFO: FVGs: 0 detected, 0 unfilled
08:53:11 core.sweep_detector INFO: SweepDetector v2: 0 raw â†’ 0 confirmed (volâ‰Ą2.5Ă— bodyâ‰Ą30%)
08:53:11 core.sweep_detector INFO: OrderBlocks: 0 detected, 0 unmitigated
08:53:11 core.sweep_detector INFO: FVGs: 0 detected, 0 unfilled
08:53:13 core.sweep_detector INFO: SweepDetector v2: 0 raw â†’ 0 confirmed (volâ‰Ą2.5Ă— bodyâ‰Ą30%)
08:53:13 core.sweep_detector INFO: OrderBlocks: 6 detected, 2 unmitigated
08:53:13 core.sweep_detector INFO: FVGs: 13 detected, 4 unfilled
08:53:15 core.sweep_detector INFO: SweepDetector v2: 1 raw â†’ 1 confirmed (volâ‰Ą2.5Ă— bodyâ‰Ą30%)
08:53:15 core.sweep_detector INFO: OrderBlocks: 4 detected, 1 unmitigated
08:53:15 core.sweep_detector INFO: FVGs: 12 detected, 3 unfilled
08:53:16 core.sweep_detector INFO: SweepDetector v2: 2 raw â†’ 2 confirmed (volâ‰Ą2.5Ă— bodyâ‰Ą30%)
08:53:16 core.sweep_detector INFO: OrderBlocks: 8 detected, 4 unmitigated
08:53:16 core.sweep_detector INFO: FVGs: 7 detected, 5 unfilled
08:53:18 core.sweep_detector INFO: SweepDetector v2: 0 raw â†’ 0 confirmed (volâ‰Ą2.5Ă— bodyâ‰Ą30%)
08:53:18 core.sweep_detector INFO: OrderBlocks: 8 detected, 4 unmitigated
08:53:18 core.sweep_detector INFO: FVGs: 10 detected, 5 unfilled
08:53:20 core.sweep_detector INFO: SweepDetector v2: 2 raw â†’ 1 confirmed (volâ‰Ą2.5Ă— bodyâ‰Ą30%)
08:53:20 core.sweep_detector INFO: OrderBlocks: 4 detected, 0 unmitigated
08:53:20 core.sweep_detector INFO: FVGs: 12 detected, 4 unfilled
08:53:21 core.sweep_detector INFO: SweepDetector v2: 2 raw â†’ 2 confirmed (volâ‰Ą2.5Ă— bodyâ‰Ą30%)
08:53:21 core.sweep_detector INFO: OrderBlocks: 4 detected, 1 unmitigated
08:53:21 core.sweep_detector INFO: FVGs: 12 detected, 8 unfilled
08:53:23 core.sweep_detector INFO: SweepDetector v2: 0 raw â†’ 0 confirmed (volâ‰Ą2.5Ă— bodyâ‰Ą30%)
08:53:23 core.sweep_detector INFO: OrderBlocks: 8 detected, 3 unmitigated
08:53:23 core.sweep_detector INFO: FVGs: 12 detected, 4 unfilled
08:53:25 core.sweep_detector INFO: SweepDetector v2: 1 raw â†’ 1 confirmed (volâ‰Ą2.5Ă— bodyâ‰Ą30%)
08:53:25 core.sweep_detector INFO: OrderBlocks: 8 detected, 1 unmitigated
08:53:25 core.sweep_detector INFO: FVGs: 11 detected, 3 unfilled
08:53:26 core.sweep_detector INFO: SweepDetector v2: 3 raw â†’ 2 confirmed (volâ‰Ą2.5Ă— bodyâ‰Ą30%)
08:53:26 core.sweep_detector INFO: OrderBlocks: 2 detected, 0 unmitigated
08:53:26 core.sweep_detector INFO: FVGs: 7 detected, 4 unfilled
08:53:28 core.sweep_detector INFO: SweepDetector v2: 2 raw â†’ 2 confirmed (volâ‰Ą2.5Ă— bodyâ‰Ą30%)
08:53:28 core.sweep_detector INFO: OrderBlocks: 6 detected, 0 unmitigated
08:53:28 core.sweep_detector INFO: FVGs: 5 detected, 0 unfilled
08:53:30 core.sweep_detector INFO: SweepDetector v2: 6 raw â†’ 6 confirmed (volâ‰Ą2.5Ă— bodyâ‰Ą30%)
08:53:30 core.sweep_detector INFO: OrderBlocks: 2 detected, 0 unmitigated
08:53:30 core.sweep_detector INFO: FVGs: 8 detected, 1 unfilled
08:53:32 core.sweep_detector INFO: SweepDetector v2: 4 raw â†’ 3 confirmed (volâ‰Ą2.5Ă— bodyâ‰Ą30%)
08:53:32 core.sweep_detector INFO: OrderBlocks: 3 detected, 1 unmitigated
08:53:32 core.sweep_detector INFO: FVGs: 7 detected, 3 unfilled
08:53:33 core.sweep_detector INFO: SweepDetector v2: 1 raw â†’ 1 confirmed (volâ‰Ą2.5Ă— bodyâ‰Ą30%)
08:53:33 core.sweep_detector INFO: OrderBlocks: 7 detected, 4 unmitigated
08:53:33 core.sweep_detector INFO: FVGs: 10 detected, 4 unfilled
08:53:35 core.sweep_detector INFO: SweepDetector v2: 1 raw â†’ 1 confirmed (volâ‰Ą2.5Ă— bodyâ‰Ą30%)
08:53:35 core.sweep_detector INFO: OrderBlocks: 4 detected, 2 unmitigated
08:53:35 core.sweep_detector INFO: FVGs: 7 detected, 3 unfilled
08:53:37 core.sweep_detector INFO: SweepDetector v2: 1 raw â†’ 1 confirmed (volâ‰Ą2.5Ă— bodyâ‰Ą30%)
08:53:37 core.sweep_detector INFO: OrderBlocks: 4 detected, 3 unmitigated
08:53:37 core.sweep_detector INFO: FVGs: 6 detected, 3 unfilled
08:53:39 core.sweep_detector INFO: SweepDetector v2: 2 raw â†’ 1 confirmed (volâ‰Ą2.5Ă— bodyâ‰Ą30%)
08:53:39 core.sweep_detector INFO: OrderBlocks: 8 detected, 2 unmitigated
08:53:39 core.sweep_detector INFO: FVGs: 13 detected, 4 unfilled
08:53:40 core.sweep_detector INFO: SweepDetector v2: 3 raw â†’ 3 confirmed (volâ‰Ą2.5Ă— bodyâ‰Ą30%)
08:53:40 core.sweep_detector INFO: OrderBlocks: 5 detected, 1 unmitigated
08:53:40 core.sweep_detector INFO: FVGs: 17 detected, 5 unfilled
08:53:42 core.sweep_detector INFO: SweepDetector v2: 2 raw â†’ 0 confirmed (volâ‰Ą2.5Ă— bodyâ‰Ą30%)
08:53:42 core.sweep_detector INFO: OrderBlocks: 5 detected, 0 unmitigated
08:53:42 core.sweep_detector INFO: FVGs: 16 detected, 5 unfilled
08:53:44 core.sweep_detector INFO: SweepDetector v2: 3 raw â†’ 2 confirmed (volâ‰Ą2.5Ă— bodyâ‰Ą30%)
08:53:44 core.sweep_detector INFO: OrderBlocks: 6 detected, 2 unmitigated
08:53:44 core.sweep_detector INFO: FVGs: 13 detected, 2 unfilled
08:53:45 core.sweep_detector INFO: SweepDetector v2: 2 raw â†’ 0 confirmed (volâ‰Ą2.5Ă— bodyâ‰Ą30%)
08:53:46 core.sweep_detector INFO: OrderBlocks: 10 detected, 3 unmitigated
08:53:46 core.sweep_detector INFO: FVGs: 13 detected, 2 unfilled
08:53:47 core.sweep_detector INFO: SweepDetector v2: 2 raw â†’ 0 confirmed (volâ‰Ą2.5Ă— bodyâ‰Ą30%)
08:53:47 core.sweep_detector INFO: OrderBlocks: 12 detected, 3 unmitigated
08:53:47 core.sweep_detector INFO: FVGs: 13 detected, 3 unfilled
08:53:50 core.sweep_detector INFO: SweepDetector v2: 2 raw â†’ 2 confirmed (volâ‰Ą2.5Ă— bodyâ‰Ą30%)
08:53:50 core.sweep_detector INFO: OrderBlocks: 10 detected, 3 unmitigated
08:53:50 core.sweep_detector INFO: FVGs: 9 detected, 4 unfilled
08:53:51 core.sweep_detector INFO: SweepDetector v2: 1 raw â†’ 1 confirmed (volâ‰Ą2.5Ă— bodyâ‰Ą30%)
08:53:51 core.sweep_detector INFO: OrderBlocks: 3 detected, 0 unmitigated
08:53:51 core.sweep_detector INFO: FVGs: 10 detected, 3 unfilled
08:53:54 core.sweep_detector INFO: SweepDetector v2: 3 raw â†’ 2 confirmed (volâ‰Ą2.5Ă— bodyâ‰Ą30%)
08:53:54 core.sweep_detector INFO: OrderBlocks: 5 detected, 3 unmitigated
08:53:54 core.sweep_detector INFO: FVGs: 7 detected, 3 unfilled
08:53:55 core.sweep_detector INFO: SweepDetector v2: 1 raw â†’ 1 confirmed (volâ‰Ą2.5Ă— bodyâ‰Ą30%)
08:53:55 core.sweep_detector INFO: OrderBlocks: 7 detected, 4 unmitigated
08:53:55 core.sweep_detector INFO: FVGs: 9 detected, 5 unfilled
08:53:57 core.sweep_detector INFO: SweepDetector v2: 2 raw â†’ 2 confirmed (volâ‰Ą2.5Ă— bodyâ‰Ą30%)
08:53:57 core.sweep_detector INFO: OrderBlocks: 5 detected, 1 unmitigated
08:53:57 core.sweep_detector INFO: FVGs: 12 detected, 5 unfilled
08:53:59 core.sweep_detector INFO: SweepDetector v2: 2 raw â†’ 2 confirmed (volâ‰Ą2.5Ă— bodyâ‰Ą30%)
08:53:59 core.sweep_detector INFO: OrderBlocks: 3 detected, 1 unmitigated
08:53:59 core.sweep_detector INFO: FVGs: 11 detected, 8 unfilled
08:54:02 core.sweep_detector INFO: SweepDetector v2: 2 raw â†’ 1 confirmed (volâ‰Ą2.5Ă— bodyâ‰Ą30%)
08:54:02 core.sweep_detector INFO: OrderBlocks: 3 detected, 0 unmitigated
08:54:02 core.sweep_detector INFO: FVGs: 7 detected, 1 unfilled
08:54:03 core.sweep_detector INFO: SweepDetector v2: 0 raw â†’ 0 confirmed (volâ‰Ą2.5Ă— bodyâ‰Ą30%)
08:54:03 core.sweep_detector INFO: OrderBlocks: 8 detected, 3 unmitigated
08:54:03 core.sweep_detector INFO: FVGs: 7 detected, 3 unfilled
08:54:05 core.sweep_detector INFO: SweepDetector v2: 1 raw â†’ 1 confirmed (volâ‰Ą2.5Ă— bodyâ‰Ą30%)
08:54:05 core.sweep_detector INFO: OrderBlocks: 8 detected, 3 unmitigated
08:54:05 core.sweep_detector INFO: FVGs: 10 detected, 3 unfilled
08:54:06 core.sweep_detector INFO: SweepDetector v2: 0 raw â†’ 0 confirmed (volâ‰Ą2.5Ă— bodyâ‰Ą30%)
08:54:06 core.sweep_detector INFO: OrderBlocks: 2 detected, 1 unmitigated
08:54:06 core.sweep_detector INFO: FVGs: 12 detected, 2 unfilled
08:54:08 core.sweep_detector INFO: SweepDetector v2: 0 raw â†’ 0 confirmed (volâ‰Ą2.5Ă— bodyâ‰Ą30%)
08:54:08 core.sweep_detector INFO: OrderBlocks: 2 detected, 0 unmitigated
08:54:08 core.sweep_detector INFO: FVGs: 8 detected, 0 unfilled
08:54:10 core.sweep_detector INFO: SweepDetector v2: 2 raw â†’ 2 confirmed (volâ‰Ą2.5Ă— bodyâ‰Ą30%)
08:54:10 core.sweep_detector INFO: OrderBlocks: 4 detected, 0 unmitigated
08:54:10 core.sweep_detector INFO: FVGs: 7 detected, 0 unfilled
08:54:11 core.sweep_detector INFO: SweepDetector v2: 0 raw â†’ 0 confirmed (volâ‰Ą2.5Ă— bodyâ‰Ą30%)
08:54:11 core.sweep_detector INFO: OrderBlocks: 8 detected, 4 unmitigated
08:54:11 core.sweep_detector INFO: FVGs: 12 detected, 7 unfilled
08:54:13 core.sweep_detector INFO: SweepDetector v2: 0 raw â†’ 0 confirmed (volâ‰Ą2.5Ă— bodyâ‰Ą30%)
08:54:13 core.sweep_detector INFO: OrderBlocks: 3 detected, 2 unmitigated
08:54:13 core.sweep_detector INFO: FVGs: 10 detected, 2 unfilled
08:54:15 core.sweep_detector INFO: SweepDetector v2: 1 raw â†’ 1 confirmed (volâ‰Ą2.5Ă— bodyâ‰Ą30%)
08:54:15 core.sweep_detector INFO: OrderBlocks: 10 detected, 4 unmitigated
08:54:15 core.sweep_detector INFO: FVGs: 14 detected, 4 unfilled
08:54:17 core.sweep_detector INFO: SweepDetector v2: 1 raw â†’ 0 confirmed (volâ‰Ą2.5Ă— bodyâ‰Ą30%)
08:54:17 core.sweep_detector INFO: OrderBlocks: 9 detected, 3 unmitigated
08:54:17 core.sweep_detector INFO: FVGs: 8 detected, 2 unfilled
08:54:19 core.sweep_detector INFO: SweepDetector v2: 2 raw â†’ 1 confirmed (volâ‰Ą2.5Ă— bodyâ‰Ą30%)
08:54:19 core.sweep_detector INFO: OrderBlocks: 2 detected, 1 unmitigated
08:54:19 core.sweep_detector INFO: FVGs: 9 detected, 4 unfilled
08:54:20 core.sweep_detector INFO: SweepDetector v2: 0 raw â†’ 0 confirmed (volâ‰Ą2.5Ă— bodyâ‰Ą30%)
08:54:20 core.sweep_detector INFO: OrderBlocks: 7 detected, 4 unmitigated
08:54:20 core.sweep_detector INFO: FVGs: 8 detected, 6 unfilled
08:54:22 core.sweep_detector INFO: SweepDetector v2: 1 raw â†’ 1 confirmed (volâ‰Ą2.5Ă— bodyâ‰Ą30%)
08:54:22 core.sweep_detector INFO: OrderBlocks: 6 detected, 3 unmitigated
08:54:22 core.sweep_detector INFO: FVGs: 9 detected, 6 unfilled
08:54:24 core.sweep_detector INFO: SweepDetector v2: 3 raw â†’ 1 confirmed (volâ‰Ą2.5Ă— bodyâ‰Ą30%)
08:54:24 core.sweep_detector INFO: OrderBlocks: 6 detected, 2 unmitigated
08:54:24 core.sweep_detector INFO: FVGs: 8 detected, 3 unfilled
08:54:25 core.sweep_detector INFO: SweepDetector v2: 1 raw â†’ 1 confirmed (volâ‰Ą2.5Ă— bodyâ‰Ą30%)
08:54:25 core.sweep_detector INFO: OrderBlocks: 4 detected, 2 unmitigated
08:54:25 core.sweep_detector INFO: FVGs: 6 detected, 3 unfilled
08:54:27 core.sweep_detector INFO: SweepDetector v2: 0 raw â†’ 0 confirmed (volâ‰Ą2.5Ă— bodyâ‰Ą30%)
08:54:27 core.sweep_detector INFO: OrderBlocks: 6 detected, 2 unmitigated
08:54:27 core.sweep_detector INFO: FVGs: 3 detected, 2 unfilled
08:54:28 core.sweep_detector INFO: SweepDetector v2: 2 raw â†’ 2 confirmed (volâ‰Ą2.5Ă— bodyâ‰Ą30%)
08:54:28 core.sweep_detector INFO: OrderBlocks: 6 detected, 1 unmitigated
08:54:28 core.sweep_detector INFO: FVGs: 9 detected, 2 unfilled
08:54:32 core.sweep_detector INFO: SweepDetector v2: 1 raw â†’ 1 confirmed (volâ‰Ą2.5Ă— bodyâ‰Ą30%)
08:54:32 core.sweep_detector INFO: OrderBlocks: 3 detected, 0 unmitigated
08:54:32 core.sweep_detector INFO: FVGs: 7 detected, 3 unfilled
08:54:35 core.sweep_detector INFO: SweepDetector v2: 1 raw â†’ 1 confirmed (volâ‰Ą2.5Ă— bodyâ‰Ą30%)
08:54:35 core.sweep_detector INFO: OrderBlocks: 9 detected, 2 unmitigated
08:54:35 core.sweep_detector INFO: FVGs: 6 detected, 5 unfilled
08:54:41 core.sweep_detector INFO: SweepDetector v2: 3 raw â†’ 2 confirmed (volâ‰Ą2.5Ă— bodyâ‰Ą30%)
08:54:41 core.sweep_detector INFO: OrderBlocks: 4 detected, 2 unmitigated
08:54:41 core.sweep_detector INFO: FVGs: 7 detected, 2 unfilled
08:54:46 core.sweep_detector INFO: SweepDetector v2: 1 raw â†’ 1 confirmed (volâ‰Ą2.5Ă— bodyâ‰Ą30%)
08:54:46 core.sweep_detector INFO: OrderBlocks: 6 detected, 2 unmitigated
08:54:46 core.sweep_detector INFO: FVGs: 8 detected, 5 unfilled
08:54:48 core.sweep_detector INFO: SweepDetector v2: 0 raw â†’ 0 confirmed (volâ‰Ą2.5Ă— bodyâ‰Ą30%)
08:54:48 core.sweep_detector INFO: OrderBlocks: 3 detected, 1 unmitigated
08:54:48 core.sweep_detector INFO: FVGs: 13 detected, 5 unfilled
08:54:49 core.sweep_detector INFO: SweepDetector v2: 1 raw â†’ 1 confirmed (volâ‰Ą2.5Ă— bodyâ‰Ą30%)
08:54:49 core.sweep_detector INFO: OrderBlocks: 6 detected, 0 unmitigated
08:54:49 core.sweep_detector INFO: FVGs: 9 detected, 2 unfilled
08:54:51 core.sweep_detector INFO: SweepDetector v2: 2 raw â†’ 1 confirmed (volâ‰Ą2.5Ă— bodyâ‰Ą30%)
08:54:51 core.sweep_detector INFO: OrderBlocks: 7 detected, 1 unmitigated
08:54:51 core.sweep_detector INFO: FVGs: 5 detected, 1 unfilled
08:54:52 core.sweep_detector INFO: SweepDetector v2: 3 raw â†’ 2 confirmed (volâ‰Ą2.5Ă— bodyâ‰Ą30%)
08:54:52 core.sweep_detector INFO: OrderBlocks: 11 detected, 4 unmitigated
08:54:52 core.sweep_detector INFO: FVGs: 14 detected, 2 unfilled
08:54:54 core.sweep_detector INFO: SweepDetector v2: 3 raw â†’ 1 confirmed (volâ‰Ą2.5Ă— bodyâ‰Ą30%)
08:54:54 core.sweep_detector INFO: OrderBlocks: 5 detected, 0 unmitigated
08:54:54 core.sweep_detector INFO: FVGs: 11 detected, 3 unfilled
08:54:56 core.sweep_detector INFO: SweepDetector v2: 2 raw â†’ 2 confirmed (volâ‰Ą2.5Ă— bodyâ‰Ą30%)
08:54:56 core.sweep_detector INFO: OrderBlocks: 3 detected, 2 unmitigated
08:54:56 core.sweep_detector INFO: FVGs: 9 detected, 4 unfilled
08:54:58 core.sweep_detector INFO: SweepDetector v2: 2 raw â†’ 2 confirmed (volâ‰Ą2.5Ă— bodyâ‰Ą30%)
08:54:58 core.sweep_detector INFO: OrderBlocks: 3 detected, 1 unmitigated
08:54:58 core.sweep_detector INFO: FVGs: 6 detected, 1 unfilled
08:55:00 core.sweep_detector INFO: SweepDetector v2: 0 raw â†’ 0 confirmed (volâ‰Ą2.5Ă— bodyâ‰Ą30%)
08:55:00 core.sweep_detector INFO: OrderBlocks: 2 detected, 1 unmitigated
08:55:00 core.sweep_detector INFO: FVGs: 11 detected, 5 unfilled
08:55:02 core.sweep_detector INFO: SweepDetector v2: 1 raw â†’ 0 confirmed (volâ‰Ą2.5Ă— bodyâ‰Ą30%)
08:55:02 core.sweep_detector INFO: OrderBlocks: 1 detected, 1 unmitigated
08:55:02 core.sweep_detector INFO: FVGs: 10 detected, 5 unfilled
08:55:04 core.sweep_detector INFO: SweepDetector v2: 2 raw â†’ 2 confirmed (volâ‰Ą2.5Ă— bodyâ‰Ą30%)
08:55:04 core.sweep_detector INFO: OrderBlocks: 14 detected, 2 unmitigated
08:55:04 core.sweep_detector INFO: FVGs: 16 detected, 2 unfilled
08:55:05 core.sweep_detector INFO: SweepDetector v2: 3 raw â†’ 3 confirmed (volâ‰Ą2.5Ă— bodyâ‰Ą30%)
08:55:05 core.sweep_detector INFO: OrderBlocks: 5 detected, 2 unmitigated
08:55:05 core.sweep_detector INFO: FVGs: 7 detected, 2 unfilled
08:55:07 core.sweep_detector INFO: SweepDetector v2: 2 raw â†’ 1 confirmed (volâ‰Ą2.5Ă— bodyâ‰Ą30%)
08:55:07 core.sweep_detector INFO: OrderBlocks: 4 detected, 2 unmitigated
08:55:07 core.sweep_detector INFO: FVGs: 8 detected, 5 unfilled
08:55:10 core.sweep_detector INFO: SweepDetector v2: 6 raw â†’ 3 confirmed (volâ‰Ą2.5Ă— bodyâ‰Ą30%)
08:55:10 core.sweep_detector INFO: OrderBlocks: 6 detected, 4 unmitigated
08:55:10 core.sweep_detector INFO: FVGs: 10 detected, 5 unfilled
08:55:11 core.sweep_detector INFO: SweepDetector v2: 5 raw â†’ 4 confirmed (volâ‰Ą2.5Ă— bodyâ‰Ą30%)
08:55:11 core.sweep_detector INFO: OrderBlocks: 6 detected, 1 unmitigated
08:55:11 core.sweep_detector INFO: FVGs: 6 detected, 1 unfilled
08:55:13 core.sweep_detector INFO: SweepDetector v2: 1 raw â†’ 1 confirmed (volâ‰Ą2.5Ă— bodyâ‰Ą30%)
08:55:13 core.sweep_detector INFO: OrderBlocks: 1 detected, 0 unmitigated
08:55:13 core.sweep_detector INFO: FVGs: 8 detected, 4 unfilled
08:55:16 core.sweep_detector INFO: SweepDetector v2: 1 raw â†’ 1 confirmed (volâ‰Ą2.5Ă— bodyâ‰Ą30%)
08:55:16 core.sweep_detector INFO: OrderBlocks: 5 detected, 1 unmitigated
08:55:16 core.sweep_detector INFO: FVGs: 8 detected, 3 unfilled
08:55:17 core.sweep_detector INFO: SweepDetector v2: 3 raw â†’ 3 confirmed (volâ‰Ą2.5Ă— bodyâ‰Ą30%)
08:55:17 core.sweep_detector INFO: OrderBlocks: 4 detected, 1 unmitigated
08:55:17 core.sweep_detector INFO: FVGs: 8 detected, 2 unfilled
08:55:19 core.sweep_detector INFO: SweepDetector v2: 2 raw â†’ 2 confirmed (volâ‰Ą2.5Ă— bodyâ‰Ą30%)
08:55:19 core.sweep_detector INFO: OrderBlocks: 2 detected, 0 unmitigated
08:55:19 core.sweep_detector INFO: FVGs: 11 detected, 7 unfilled
08:55:21 core.sweep_detector INFO: SweepDetector v2: 1 raw â†’ 1 confirmed (volâ‰Ą2.5Ă— bodyâ‰Ą30%)
08:55:21 core.sweep_detector INFO: OrderBlocks: 5 detected, 1 unmitigated
08:55:21 core.sweep_detector INFO: FVGs: 11 detected, 5 unfilled
08:55:22 core.sweep_detector INFO: SweepDetector v2: 2 raw â†’ 0 confirmed (volâ‰Ą2.5Ă— bodyâ‰Ą30%)
08:55:22 core.sweep_detector INFO: OrderBlocks: 5 detected, 1 unmitigated
08:55:22 core.sweep_detector INFO: FVGs: 8 detected, 1 unfilled
08:55:24 core.sweep_detector INFO: SweepDetector v2: 1 raw â†’ 1 confirmed (volâ‰Ą2.5Ă— bodyâ‰Ą30%)
08:55:24 core.sweep_detector INFO: OrderBlocks: 7 detected, 2 unmitigated
08:55:24 core.sweep_detector INFO: FVGs: 6 detected, 1 unfilled
08:55:26 core.sweep_detector INFO: SweepDetector v2: 3 raw â†’ 2 confirmed (volâ‰Ą2.5Ă— bodyâ‰Ą30%)
08:55:26 core.sweep_detector INFO: OrderBlocks: 5 detected, 1 unmitigated
08:55:26 core.sweep_detector INFO: FVGs: 8 detected, 1 unfilled
08:55:27 core.sweep_detector INFO: SweepDetector v2: 2 raw â†’ 2 confirmed (volâ‰Ą2.5Ă— bodyâ‰Ą30%)
08:55:28 core.sweep_detector INFO: OrderBlocks: 5 detected, 1 unmitigated
08:55:28 core.sweep_detector INFO: FVGs: 5 detected, 2 unfilled
08:55:30 core.sweep_detector INFO: SweepDetector v2: 0 raw â†’ 0 confirmed (volâ‰Ą2.5Ă— bodyâ‰Ą30%)
08:55:30 core.sweep_detector INFO: OrderBlocks: 10 detected, 3 unmitigated
08:55:30 core.sweep_detector INFO: FVGs: 6 detected, 4 unfilled
08:55:31 core.sweep_detector INFO: SweepDetector v2: 0 raw â†’ 0 confirmed (volâ‰Ą2.5Ă— bodyâ‰Ą30%)
08:55:31 core.sweep_detector INFO: OrderBlocks: 8 detected, 4 unmitigated
08:55:31 core.sweep_detector INFO: FVGs: 11 detected, 5 unfilled
08:55:33 core.sweep_detector INFO: SweepDetector v2: 4 raw â†’ 3 confirmed (volâ‰Ą2.5Ă— bodyâ‰Ą30%)
08:55:33 core.sweep_detector INFO: OrderBlocks: 4 detected, 1 unmitigated
08:55:33 core.sweep_detector INFO: FVGs: 10 detected, 3 unfilled
08:55:35 core.sweep_detector INFO: SweepDetector v2: 2 raw â†’ 2 confirmed (volâ‰Ą2.5Ă— bodyâ‰Ą30%)
08:55:35 core.sweep_detector INFO: OrderBlocks: 2 detected, 0 unmitigated
08:55:35 core.sweep_detector INFO: FVGs: 8 detected, 5 unfilled
08:55:36 core.sweep_detector INFO: SweepDetector v2: 1 raw â†’ 1 confirmed (volâ‰Ą2.5Ă— bodyâ‰Ą30%)
08:55:36 core.sweep_detector INFO: OrderBlocks: 4 detected, 2 unmitigated
08:55:36 core.sweep_detector INFO: FVGs: 5 detected, 2 unfilled
08:55:38 core.sweep_detector INFO: SweepDetector v2: 3 raw â†’ 3 confirmed (volâ‰Ą2.5Ă— bodyâ‰Ą30%)
08:55:38 core.sweep_detector INFO: OrderBlocks: 3 detected, 0 unmitigated
08:55:38 core.sweep_detector INFO: FVGs: 4 detected, 1 unfilled
08:55:40 core.sweep_detector INFO: SweepDetector v2: 1 raw â†’ 1 confirmed (volâ‰Ą2.5Ă— bodyâ‰Ą30%)
08:55:40 core.sweep_detector INFO: OrderBlocks: 2 detected, 0 unmitigated
08:55:40 core.sweep_detector INFO: FVGs: 2 detected, 0 unfilled
08:55:42 core.sweep_detector INFO: SweepDetector v2: 2 raw â†’ 2 confirmed (volâ‰Ą2.5Ă— bodyâ‰Ą30%)
08:55:42 core.sweep_detector INFO: OrderBlocks: 10 detected, 4 unmitigated
08:55:42 core.sweep_detector INFO: FVGs: 10 detected, 4 unfilled
08:55:44 core.sweep_detector INFO: SweepDetector v2: 4 raw â†’ 2 confirmed (volâ‰Ą2.5Ă— bodyâ‰Ą30%)
08:55:44 core.sweep_detector INFO: OrderBlocks: 3 detected, 1 unmitigated
08:55:44 core.sweep_detector INFO: FVGs: 9 detected, 2 unfilled
08:55:46 core.sweep_detector INFO: SweepDetector v2: 2 raw â†’ 1 confirmed (volâ‰Ą2.5Ă— bodyâ‰Ą30%)
08:55:46 core.sweep_detector INFO: OrderBlocks: 1 detected, 0 unmitigated
08:55:46 core.sweep_detector INFO: FVGs: 9 detected, 4 unfilled
08:55:47 core.sweep_detector INFO: SweepDetector v2: 1 raw â†’ 0 confirmed (volâ‰Ą2.5Ă— bodyâ‰Ą30%)
08:55:47 core.sweep_detector INFO: OrderBlocks: 5 detected, 1 unmitigated
08:55:47 core.sweep_detector INFO: FVGs: 5 detected, 2 unfilled
08:55:49 core.sweep_detector INFO: SweepDetector v2: 4 raw â†’ 4 confirmed (volâ‰Ą2.5Ă— bodyâ‰Ą30%)
08:55:49 core.sweep_detector INFO: OrderBlocks: 2 detected, 0 unmitigated
08:55:49 core.sweep_detector INFO: FVGs: 8 detected, 1 unfilled
08:55:51 core.sweep_detector INFO: SweepDetector v2: 1 raw â†’ 1 confirmed (volâ‰Ą2.5Ă— bodyâ‰Ą30%)
08:55:51 core.sweep_detector INFO: OrderBlocks: 4 detected, 2 unmitigated
08:55:51 core.sweep_detector INFO: FVGs: 7 detected, 2 unfilled
08:55:52 core.sweep_detector INFO: SweepDetector v2: 3 raw â†’ 2 confirmed (volâ‰Ą2.5Ă— bodyâ‰Ą30%)
08:55:52 core.sweep_detector INFO: OrderBlocks: 2 detected, 0 unmitigated
08:55:52 core.sweep_detector INFO: FVGs: 4 detected, 0 unfilled
08:55:54 core.sweep_detector INFO: SweepDetector v2: 3 raw â†’ 3 confirmed (volâ‰Ą2.5Ă— bodyâ‰Ą30%)
08:55:54 core.sweep_detector INFO: OrderBlocks: 1 detected, 0 unmitigated
08:55:54 core.sweep_detector INFO: FVGs: 6 detected, 1 unfilled
08:55:56 core.sweep_detector INFO: SweepDetector v2: 2 raw â†’ 2 confirmed (volâ‰Ą2.5Ă— bodyâ‰Ą30%)
08:55:56 core.sweep_detector INFO: OrderBlocks: 1 detected, 1 unmitigated
08:55:56 core.sweep_detector INFO: FVGs: 9 detected, 2 unfilled
08:55:58 core.sweep_detector INFO: SweepDetector v2: 2 raw â†’ 2 confirmed (volâ‰Ą2.5Ă— bodyâ‰Ą30%)
08:55:58 core.sweep_detector INFO: OrderBlocks: 8 detected, 4 unmitigated
08:55:58 core.sweep_detector INFO: FVGs: 10 detected, 3 unfilled
08:56:00 core.sweep_detector INFO: SweepDetector v2: 1 raw â†’ 1 confirmed (volâ‰Ą2.5Ă— bodyâ‰Ą30%)
08:56:00 core.sweep_detector INFO: OrderBlocks: 6 detected, 2 unmitigated
08:56:00 core.sweep_detector INFO: FVGs: 8 detected, 3 unfilled
08:56:01 core.sweep_detector INFO: SweepDetector v2: 1 raw â†’ 1 confirmed (volâ‰Ą2.5Ă— bodyâ‰Ą30%)
08:56:01 core.sweep_detector INFO: OrderBlocks: 4 detected, 2 unmitigated
08:56:01 core.sweep_detector INFO: FVGs: 12 detected, 7 unfilled
08:56:03 core.sweep_detector INFO: SweepDetector v2: 0 raw â†’ 0 confirmed (volâ‰Ą2.5Ă— bodyâ‰Ą30%)
08:56:03 core.sweep_detector INFO: OrderBlocks: 1 detected, 0 unmitigated
08:56:03 core.sweep_detector INFO: FVGs: 0 detected, 0 unfilled
08:56:05 core.sweep_detector INFO: SweepDetector v2: 0 raw â†’ 0 confirmed (volâ‰Ą2.5Ă— bodyâ‰Ą30%)
08:56:05 core.sweep_detector INFO: OrderBlocks: 0 detected, 0 unmitigated
08:56:05 core.sweep_detector INFO: FVGs: 0 detected, 0 unfilled
08:56:07 core.sweep_detector INFO: SweepDetector v2: 0 raw â†’ 0 confirmed (volâ‰Ą2.5Ă— bodyâ‰Ą30%)
08:56:07 core.sweep_detector INFO: OrderBlocks: 0 detected, 0 unmitigated
08:56:07 core.sweep_detector INFO: FVGs: 0 detected, 0 unfilled
08:56:09 core.sweep_detector INFO: SweepDetector v2: 2 raw â†’ 2 confirmed (volâ‰Ą2.5Ă— bodyâ‰Ą30%)
08:56:09 core.sweep_detector INFO: OrderBlocks: 5 detected, 2 unmitigated
08:56:09 core.sweep_detector INFO: FVGs: 6 detected, 1 unfilled
08:56:11 core.sweep_detector INFO: SweepDetector v2: 3 raw â†’ 3 confirmed (volâ‰Ą2.5Ă— bodyâ‰Ą30%)
08:56:11 core.sweep_detector INFO: OrderBlocks: 4 detected, 0 unmitigated
08:56:11 core.sweep_detector INFO: FVGs: 10 detected, 2 unfilled
08:56:13 core.sweep_detector INFO: SweepDetector v2: 2 raw â†’ 2 confirmed (volâ‰Ą2.5Ă— bodyâ‰Ą30%)
08:56:13 core.sweep_detector INFO: OrderBlocks: 4 detected, 3 unmitigated
08:56:13 core.sweep_detector INFO: FVGs: 7 detected, 3 unfilled
08:56:14 core.sweep_detector INFO: SweepDetector v2: 0 raw â†’ 0 confirmed (volâ‰Ą2.5Ă— bodyâ‰Ą30%)
08:56:14 core.sweep_detector INFO: OrderBlocks: 4 detected, 2 unmitigated
08:56:14 core.sweep_detector INFO: FVGs: 11 detected, 7 unfilled
08:56:16 core.sweep_detector INFO: SweepDetector v2: 0 raw â†’ 0 confirmed (volâ‰Ą2.5Ă— bodyâ‰Ą30%)
08:56:16 core.sweep_detector INFO: OrderBlocks: 2 detected, 0 unmitigated
08:56:16 core.sweep_detector INFO: FVGs: 6 detected, 3 unfilled
08:56:18 core.sweep_detector INFO: SweepDetector v2: 2 raw â†’ 2 confirmed (volâ‰Ą2.5Ă— bodyâ‰Ą30%)
08:56:18 core.sweep_detector INFO: OrderBlocks: 2 detected, 0 unmitigated
08:56:18 core.sweep_detector INFO: FVGs: 8 detected, 3 unfilled
08:56:19 core.sweep_detector INFO: SweepDetector v2: 5 raw â†’ 3 confirmed (volâ‰Ą2.5Ă— bodyâ‰Ą30%)
08:56:19 core.sweep_detector INFO: OrderBlocks: 6 detected, 2 unmitigated
08:56:19 core.sweep_detector INFO: FVGs: 9 detected, 2 unfilled
08:56:21 core.sweep_detector INFO: SweepDetector v2: 2 raw â†’ 2 confirmed (volâ‰Ą2.5Ă— bodyâ‰Ą30%)
08:56:21 core.sweep_detector INFO: OrderBlocks: 3 detected, 2 unmitigated
08:56:21 core.sweep_detector INFO: FVGs: 15 detected, 2 unfilled
08:56:23 core.sweep_detector INFO: SweepDetector v2: 2 raw â†’ 2 confirmed (volâ‰Ą2.5Ă— bodyâ‰Ą30%)
08:56:23 core.sweep_detector INFO: OrderBlocks: 4 detected, 0 unmitigated
08:56:23 core.sweep_detector INFO: FVGs: 7 detected, 1 unfilled
08:56:25 core.sweep_detector INFO: SweepDetector v2: 0 raw â†’ 0 confirmed (volâ‰Ą2.5Ă— bodyâ‰Ą30%)
08:56:25 core.sweep_detector INFO: OrderBlocks: 7 detected, 2 unmitigated
08:56:25 core.sweep_detector INFO: FVGs: 9 detected, 2 unfilled
08:56:28 core.sweep_detector INFO: SweepDetector v2: 3 raw â†’ 3 confirmed (volâ‰Ą2.5Ă— bodyâ‰Ą30%)
08:56:28 core.sweep_detector INFO: OrderBlocks: 4 detected, 1 unmitigated
08:56:28 core.sweep_detector INFO: FVGs: 8 detected, 3 unfilled
08:56:29 core.sweep_detector INFO: SweepDetector v2: 2 raw â†’ 1 confirmed (volâ‰Ą2.5Ă— bodyâ‰Ą30%)
08:56:29 core.sweep_detector INFO: OrderBlocks: 5 detected, 3 unmitigated
08:56:29 core.sweep_detector INFO: FVGs: 7 detected, 5 unfilled
08:56:31 core.sweep_detector INFO: SweepDetector v2: 1 raw â†’ 1 confirmed (volâ‰Ą2.5Ă— bodyâ‰Ą30%)
08:56:31 core.sweep_detector INFO: OrderBlocks: 4 detected, 2 unmitigated
08:56:31 core.sweep_detector INFO: FVGs: 12 detected, 9 unfilled
08:56:32 core.sweep_detector INFO: SweepDetector v2: 1 raw â†’ 1 confirmed (volâ‰Ą2.5Ă— bodyâ‰Ą30%)
08:56:32 core.sweep_detector INFO: OrderBlocks: 3 detected, 2 unmitigated
08:56:32 core.sweep_detector INFO: FVGs: 2 detected, 1 unfilled
08:56:34 core.sweep_detector INFO: SweepDetector v2: 3 raw â†’ 3 confirmed (volâ‰Ą2.5Ă— bodyâ‰Ą30%)
08:56:34 core.sweep_detector INFO: OrderBlocks: 6 detected, 2 unmitigated
08:56:34 core.sweep_detector INFO: FVGs: 9 detected, 3 unfilled
08:56:36 core.sweep_detector INFO: SweepDetector v2: 1 raw â†’ 0 confirmed (volâ‰Ą2.5Ă— bodyâ‰Ą30%)
08:56:36 core.sweep_detector INFO: OrderBlocks: 9 detected, 3 unmitigated
08:56:36 core.sweep_detector INFO: FVGs: 8 detected, 4 unfilled
08:56:38 core.sweep_detector INFO: SweepDetector v2: 4 raw â†’ 1 confirmed (volâ‰Ą2.5Ă— bodyâ‰Ą30%)
08:56:38 core.sweep_detector INFO: OrderBlocks: 4 detected, 1 unmitigated
08:56:38 core.sweep_detector INFO: FVGs: 8 detected, 2 unfilled
08:56:39 core.sweep_detector INFO: SweepDetector v2: 1 raw â†’ 1 confirmed (volâ‰Ą2.5Ă— bodyâ‰Ą30%)
08:56:39 core.sweep_detector INFO: OrderBlocks: 3 detected, 2 unmitigated
08:56:39 core.sweep_detector INFO: FVGs: 5 detected, 3 unfilled
08:56:41 core.sweep_detector INFO: SweepDetector v2: 2 raw â†’ 2 confirmed (volâ‰Ą2.5Ă— bodyâ‰Ą30%)
08:56:41 core.sweep_detector INFO: OrderBlocks: 5 detected, 2 unmitigated
08:56:41 core.sweep_detector INFO: FVGs: 11 detected, 1 unfilled
08:56:43 core.sweep_detector INFO: SweepDetector v2: 1 raw â†’ 1 confirmed (volâ‰Ą2.5Ă— bodyâ‰Ą30%)
08:56:43 core.sweep_detector INFO: OrderBlocks: 4 detected, 1 unmitigated
08:56:43 core.sweep_detector INFO: FVGs: 13 detected, 5 unfilled
08:56:45 core.sweep_detector INFO: SweepDetector v2: 0 raw â†’ 0 confirmed (volâ‰Ą2.5Ă— bodyâ‰Ą30%)
08:56:45 core.sweep_detector INFO: OrderBlocks: 0 detected, 0 unmitigated
08:56:45 core.sweep_detector INFO: FVGs: 9 detected, 2 unfilled
08:56:47 core.sweep_detector INFO: SweepDetector v2: 7 raw â†’ 5 confirmed (volâ‰Ą2.5Ă— bodyâ‰Ą30%)
08:56:47 core.sweep_detector INFO: OrderBlocks: 6 detected, 5 unmitigated
08:56:47 core.sweep_detector INFO: FVGs: 14 detected, 9 unfilled
08:56:49 core.sweep_detector INFO: SweepDetector v2: 2 raw â†’ 1 confirmed (volâ‰Ą2.5Ă— bodyâ‰Ą30%)
08:56:49 core.sweep_detector INFO: OrderBlocks: 1 detected, 0 unmitigated
08:56:49 core.sweep_detector INFO: FVGs: 6 detected, 2 unfilled
08:56:51 core.sweep_detector INFO: SweepDetector v2: 3 raw â†’ 3 confirmed (volâ‰Ą2.5Ă— bodyâ‰Ą30%)
08:56:51 core.sweep_detector INFO: OrderBlocks: 4 detected, 2 unmitigated
08:56:51 core.sweep_detector INFO: FVGs: 9 detected, 2 unfilled
08:56:53 core.sweep_detector INFO: SweepDetector v2: 0 raw â†’ 0 confirmed (volâ‰Ą2.5Ă— bodyâ‰Ą30%)
08:56:53 core.sweep_detector INFO: OrderBlocks: 8 detected, 5 unmitigated
08:56:53 core.sweep_detector INFO: FVGs: 14 detected, 5 unfilled
08:56:55 core.sweep_detector INFO: SweepDetector v2: 3 raw â†’ 2 confirmed (volâ‰Ą2.5Ă— bodyâ‰Ą30%)
08:56:55 core.sweep_detector INFO: OrderBlocks: 4 detected, 1 unmitigated
08:56:55 core.sweep_detector INFO: FVGs: 9 detected, 3 unfilled
08:56:57 core.sweep_detector INFO: SweepDetector v2: 2 raw â†’ 1 confirmed (volâ‰Ą2.5Ă— bodyâ‰Ą30%)
08:56:57 core.sweep_detector INFO: OrderBlocks: 4 detected, 2 unmitigated
08:56:57 core.sweep_detector INFO: FVGs: 4 detected, 2 unfilled
08:57:00 core.sweep_detector INFO: SweepDetector v2: 3 raw â†’ 3 confirmed (volâ‰Ą2.5Ă— bodyâ‰Ą30%)
08:57:00 core.sweep_detector INFO: OrderBlocks: 3 detected, 1 unmitigated
08:57:00 core.sweep_detector INFO: FVGs: 4 detected, 1 unfilled
08:57:02 core.sweep_detector INFO: SweepDetector v2: 3 raw â†’ 2 confirmed (volâ‰Ą2.5Ă— bodyâ‰Ą30%)
08:57:02 core.sweep_detector INFO: OrderBlocks: 7 detected, 2 unmitigated
08:57:02 core.sweep_detector INFO: FVGs: 7 detected, 1 unfilled
08:57:04 core.sweep_detector INFO: SweepDetector v2: 1 raw â†’ 1 confirmed (volâ‰Ą2.5Ă— bodyâ‰Ą30%)
08:57:04 core.sweep_detector INFO: OrderBlocks: 3 detected, 0 unmitigated
08:57:04 core.sweep_detector INFO: FVGs: 10 detected, 2 unfilled
08:57:06 core.sweep_detector INFO: SweepDetector v2: 3 raw â†’ 2 confirmed (volâ‰Ą2.5Ă— bodyâ‰Ą30%)
08:57:06 core.sweep_detector INFO: OrderBlocks: 2 detected, 2 unmitigated
08:57:06 core.sweep_detector INFO: FVGs: 12 detected, 7 unfilled
08:57:07 core.sweep_detector INFO: SweepDetector v2: 2 raw â†’ 2 confirmed (volâ‰Ą2.5Ă— bodyâ‰Ą30%)
08:57:07 core.sweep_detector INFO: OrderBlocks: 4 detected, 1 unmitigated
08:57:07 core.sweep_detector INFO: FVGs: 9 detected, 2 unfilled
08:57:10 core.sweep_detector INFO: SweepDetector v2: 2 raw â†’ 1 confirmed (volâ‰Ą2.5Ă— bodyâ‰Ą30%)
08:57:10 core.sweep_detector INFO: OrderBlocks: 3 detected, 1 unmitigated
08:57:10 core.sweep_detector INFO: FVGs: 8 detected, 2 unfilled
08:57:12 core.sweep_detector INFO: SweepDetector v2: 0 raw â†’ 0 confirmed (volâ‰Ą2.5Ă— bodyâ‰Ą30%)
08:57:12 core.sweep_detector INFO: OrderBlocks: 7 detected, 4 unmitigated
08:57:12 core.sweep_detector INFO: FVGs: 8 detected, 5 unfilled
08:57:14 core.sweep_detector INFO: SweepDetector v2: 3 raw â†’ 3 confirmed (volâ‰Ą2.5Ă— bodyâ‰Ą30%)
08:57:14 core.sweep_detector INFO: OrderBlocks: 5 detected, 1 unmitigated
08:57:14 core.sweep_detector INFO: FVGs: 7 detected, 3 unfilled
08:57:16 core.sweep_detector INFO: SweepDetector v2: 2 raw â†’ 2 confirmed (volâ‰Ą2.5Ă— bodyâ‰Ą30%)
08:57:16 core.sweep_detector INFO: OrderBlocks: 2 detected, 1 unmitigated
08:57:16 core.sweep_detector INFO: FVGs: 7 detected, 4 unfilled
08:57:18 core.sweep_detector INFO: SweepDetector v2: 1 raw â†’ 0 confirmed (volâ‰Ą2.5Ă— bodyâ‰Ą30%)
08:57:18 core.sweep_detector INFO: OrderBlocks: 5 detected, 2 unmitigated
08:57:18 core.sweep_detector INFO: FVGs: 13 detected, 5 unfilled
08:57:20 core.sweep_detector INFO: SweepDetector v2: 0 raw â†’ 0 confirmed (volâ‰Ą2.5Ă— bodyâ‰Ą30%)
08:57:20 core.sweep_detector INFO: OrderBlocks: 6 detected, 1 unmitigated
08:57:20 core.sweep_detector INFO: FVGs: 2 detected, 0 unfilled
08:57:22 core.sweep_detector INFO: SweepDetector v2: 2 raw â†’ 2 confirmed (volâ‰Ą2.5Ă— bodyâ‰Ą30%)
08:57:22 core.sweep_detector INFO: OrderBlocks: 3 detected, 2 unmitigated
08:57:22 core.sweep_detector INFO: FVGs: 5 detected, 2 unfilled
08:57:24 core.sweep_detector INFO: SweepDetector v2: 1 raw â†’ 0 confirmed (volâ‰Ą2.5Ă— bodyâ‰Ą30%)
08:57:24 core.sweep_detector INFO: OrderBlocks: 6 detected, 3 unmitigated
08:57:24 core.sweep_detector INFO: FVGs: 11 detected, 6 unfilled
08:57:26 core.sweep_detector INFO: SweepDetector v2: 2 raw â†’ 2 confirmed (volâ‰Ą2.5Ă— bodyâ‰Ą30%)
08:57:26 core.sweep_detector INFO: OrderBlocks: 4 detected, 1 unmitigated
08:57:26 core.sweep_detector INFO: FVGs: 14 detected, 3 unfilled
08:57:28 core.sweep_detector INFO: SweepDetector v2: 4 raw â†’ 3 confirmed (volâ‰Ą2.5Ă— bodyâ‰Ą30%)
08:57:28 core.sweep_detector INFO: OrderBlocks: 5 detected, 3 unmitigated
08:57:28 core.sweep_detector INFO: FVGs: 8 detected, 4 unfilled
08:57:31 core.sweep_detector INFO: SweepDetector v2: 0 raw â†’ 0 confirmed (volâ‰Ą2.5Ă— bodyâ‰Ą30%)
08:57:31 core.sweep_detector INFO: OrderBlocks: 10 detected, 3 unmitigated
08:57:31 core.sweep_detector INFO: FVGs: 11 detected, 2 unfilled
08:57:33 core.sweep_detector INFO: SweepDetector v2: 1 raw â†’ 1 confirmed (volâ‰Ą2.5Ă— bodyâ‰Ą30%)
08:57:33 core.sweep_detector INFO: OrderBlocks: 7 detected, 4 unmitigated
08:57:33 core.sweep_detector INFO: FVGs: 6 detected, 3 unfilled
08:57:34 core.sweep_detector INFO: SweepDetector v2: 0 raw â†’ 0 confirmed (volâ‰Ą2.5Ă— bodyâ‰Ą30%)
08:57:34 core.sweep_detector INFO: OrderBlocks: 4 detected, 1 unmitigated
08:57:34 core.sweep_detector INFO: FVGs: 3 detected, 1 unfilled
08:57:36 core.sweep_detector INFO: SweepDetector v2: 0 raw â†’ 0 confirmed (volâ‰Ą2.5Ă— bodyâ‰Ą30%)
08:57:36 core.sweep_detector INFO: OrderBlocks: 3 detected, 0 unmitigated
08:57:36 core.sweep_detector INFO: FVGs: 0 detected, 0 unfilled
08:57:38 core.sweep_detector INFO: SweepDetector v2: 0 raw â†’ 0 confirmed (volâ‰Ą2.5Ă— bodyâ‰Ą30%)
08:57:38 core.sweep_detector INFO: OrderBlocks: 0 detected, 0 unmitigated
08:57:38 core.sweep_detector INFO: FVGs: 0 detected, 0 unfilled
08:57:40 core.sweep_detector INFO: SweepDetector v2: 0 raw â†’ 0 confirmed (volâ‰Ą2.5Ă— bodyâ‰Ą30%)
08:57:40 core.sweep_detector INFO: OrderBlocks: 0 detected, 0 unmitigated
08:57:40 core.sweep_detector INFO: FVGs: 0 detected, 0 unfilled
08:57:41 core.sweep_detector INFO: SweepDetector v2: 1 raw â†’ 1 confirmed (volâ‰Ą2.5Ă— bodyâ‰Ą30%)
08:57:41 core.sweep_detector INFO: OrderBlocks: 6 detected, 1 unmitigated
08:57:41 core.sweep_detector INFO: FVGs: 9 detected, 5 unfilled
08:57:43 core.sweep_detector INFO: SweepDetector v2: 2 raw â†’ 2 confirmed (volâ‰Ą2.5Ă— bodyâ‰Ą30%)
08:57:43 core.sweep_detector INFO: OrderBlocks: 7 detected, 2 unmitigated
08:57:43 core.sweep_detector INFO: FVGs: 8 detected, 3 unfilled
08:57:45 core.sweep_detector INFO: SweepDetector v2: 2 raw â†’ 2 confirmed (volâ‰Ą2.5Ă— bodyâ‰Ą30%)
08:57:45 core.sweep_detector INFO: OrderBlocks: 4 detected, 1 unmitigated
08:57:45 core.sweep_detector INFO: FVGs: 11 detected, 5 unfilled
08:57:47 core.sweep_detector INFO: SweepDetector v2: 1 raw â†’ 1 confirmed (volâ‰Ą2.5Ă— bodyâ‰Ą30%)
08:57:47 core.sweep_detector INFO: OrderBlocks: 2 detected, 0 unmitigated
08:57:47 core.sweep_detector INFO: FVGs: 0 detected, 0 unfilled
08:57:49 core.sweep_detector INFO: SweepDetector v2: 0 raw â†’ 0 confirmed (volâ‰Ą2.5Ă— bodyâ‰Ą30%)
08:57:49 core.sweep_detector INFO: OrderBlocks: 1 detected, 0 unmitigated
08:57:49 core.sweep_detector INFO: FVGs: 0 detected, 0 unfilled
08:57:50 core.sweep_detector INFO: SweepDetector v2: 0 raw â†’ 0 confirmed (volâ‰Ą2.5Ă— bodyâ‰Ą30%)
08:57:50 core.sweep_detector INFO: OrderBlocks: 1 detected, 0 unmitigated
08:57:50 core.sweep_detector INFO: FVGs: 0 detected, 0 unfilled
08:57:54 core.sweep_detector INFO: SweepDetector v2: 0 raw â†’ 0 confirmed (volâ‰Ą2.5Ă— bodyâ‰Ą30%)
08:57:54 core.sweep_detector INFO: OrderBlocks: 3 detected, 0 unmitigated
08:57:54 core.sweep_detector INFO: FVGs: 0 detected, 0 unfilled
08:57:56 core.sweep_detector INFO: SweepDetector v2: 0 raw â†’ 0 confirmed (volâ‰Ą2.5Ă— bodyâ‰Ą30%)
08:57:56 core.sweep_detector INFO: OrderBlocks: 1 detected, 0 unmitigated
08:57:56 core.sweep_detector INFO: FVGs: 0 detected, 0 unfilled
08:57:58 core.sweep_detector INFO: SweepDetector v2: 0 raw â†’ 0 confirmed (volâ‰Ą2.5Ă— bodyâ‰Ą30%)
08:57:58 core.sweep_detector INFO: OrderBlocks: 2 detected, 0 unmitigated
08:57:58 core.sweep_detector INFO: FVGs: 0 detected, 0 unfilled
08:57:59 core.sweep_detector INFO: SweepDetector v2: 0 raw â†’ 0 confirmed (volâ‰Ą2.5Ă— bodyâ‰Ą30%)
08:57:59 core.sweep_detector INFO: OrderBlocks: 2 detected, 0 unmitigated
08:57:59 core.sweep_detector INFO: FVGs: 0 detected, 0 unfilled
08:58:01 core.sweep_detector INFO: SweepDetector v2: 0 raw â†’ 0 confirmed (volâ‰Ą2.5Ă— bodyâ‰Ą30%)
08:58:01 core.sweep_detector INFO: OrderBlocks: 0 detected, 0 unmitigated
08:58:01 core.sweep_detector INFO: FVGs: 0 detected, 0 unfilled
08:58:03 core.sweep_detector INFO: SweepDetector v2: 0 raw â†’ 0 confirmed (volâ‰Ą2.5Ă— bodyâ‰Ą30%)
08:58:03 core.sweep_detector INFO: OrderBlocks: 0 detected, 0 unmitigated
08:58:03 core.sweep_detector INFO: FVGs: 0 detected, 0 unfilled
08:58:04 core.sweep_detector INFO: SweepDetector v2: 2 raw â†’ 2 confirmed (volâ‰Ą2.5Ă— bodyâ‰Ą30%)
08:58:04 core.sweep_detector INFO: OrderBlocks: 4 detected, 1 unmitigated
08:58:04 core.sweep_detector INFO: FVGs: 8 detected, 3 unfilled
08:58:06 core.sweep_detector INFO: SweepDetector v2: 4 raw â†’ 3 confirmed (volâ‰Ą2.5Ă— bodyâ‰Ą30%)
08:58:06 core.sweep_detector INFO: OrderBlocks: 7 detected, 2 unmitigated
08:58:06 core.sweep_detector INFO: FVGs: 7 detected, 3 unfilled
08:58:08 core.sweep_detector INFO: SweepDetector v2: 2 raw â†’ 2 confirmed (volâ‰Ą2.5Ă— bodyâ‰Ą30%)
08:58:08 core.sweep_detector INFO: OrderBlocks: 5 detected, 2 unmitigated
08:58:08 core.sweep_detector INFO: FVGs: 7 detected, 5 unfilled
08:58:10 core.sweep_detector INFO: SweepDetector v2: 0 raw â†’ 0 confirmed (volâ‰Ą2.5Ă— bodyâ‰Ą30%)
08:58:10 core.sweep_detector INFO: OrderBlocks: 5 detected, 2 unmitigated
08:58:10 core.sweep_detector INFO: FVGs: 9 detected, 4 unfilled
08:58:12 core.sweep_detector INFO: SweepDetector v2: 1 raw â†’ 1 confirmed (volâ‰Ą2.5Ă— bodyâ‰Ą30%)
08:58:12 core.sweep_detector INFO: OrderBlocks: 2 detected, 1 unmitigated
08:58:12 core.sweep_detector INFO: FVGs: 8 detected, 2 unfilled
08:58:14 core.sweep_detector INFO: SweepDetector v2: 1 raw â†’ 1 confirmed (volâ‰Ą2.5Ă— bodyâ‰Ą30%)
08:58:14 core.sweep_detector INFO: OrderBlocks: 3 detected, 1 unmitigated
08:58:14 core.sweep_detector INFO: FVGs: 7 detected, 3 unfilled
08:58:16 core.sweep_detector INFO: SweepDetector v2: 1 raw â†’ 1 confirmed (volâ‰Ą2.5Ă— bodyâ‰Ą30%)
08:58:16 core.sweep_detector INFO: OrderBlocks: 6 detected, 4 unmitigated
08:58:16 core.sweep_detector INFO: FVGs: 8 detected, 3 unfilled
08:58:18 core.sweep_detector INFO: SweepDetector v2: 1 raw â†’ 1 confirmed (volâ‰Ą2.5Ă— bodyâ‰Ą30%)
08:58:18 core.sweep_detector INFO: OrderBlocks: 2 detected, 0 unmitigated
08:58:18 core.sweep_detector INFO: FVGs: 10 detected, 1 unfilled
08:58:20 core.sweep_detector INFO: SweepDetector v2: 2 raw â†’ 1 confirmed (volâ‰Ą2.5Ă— bodyâ‰Ą30%)
08:58:20 core.sweep_detector INFO: OrderBlocks: 6 detected, 3 unmitigated
08:58:20 core.sweep_detector INFO: FVGs: 7 detected, 4 unfilled
08:58:22 core.sweep_detector INFO: SweepDetector v2: 1 raw â†’ 1 confirmed (volâ‰Ą2.5Ă— bodyâ‰Ą30%)
08:58:22 core.sweep_detector INFO: OrderBlocks: 2 detected, 1 unmitigated
08:58:22 core.sweep_detector INFO: FVGs: 9 detected, 5 unfilled
08:58:23 core.sweep_detector INFO: SweepDetector v2: 2 raw â†’ 1 confirmed (volâ‰Ą2.5Ă— bodyâ‰Ą30%)
08:58:23 core.sweep_detector INFO: OrderBlocks: 0 detected, 0 unmitigated
08:58:23 core.sweep_detector INFO: FVGs: 6 detected, 1 unfilled
08:58:25 core.sweep_detector INFO: SweepDetector v2: 0 raw â†’ 0 confirmed (volâ‰Ą2.5Ă— bodyâ‰Ą30%)
08:58:25 core.sweep_detector INFO: OrderBlocks: 1 detected, 0 unmitigated
08:58:25 core.sweep_detector INFO: FVGs: 2 detected, 0 unfilled
08:58:28 core.sweep_detector INFO: SweepDetector v2: 2 raw â†’ 1 confirmed (volâ‰Ą2.5Ă— bodyâ‰Ą30%)
08:58:28 core.sweep_detector INFO: OrderBlocks: 6 detected, 4 unmitigated
08:58:28 core.sweep_detector INFO: FVGs: 13 detected, 6 unfilled
08:58:30 core.sweep_detector INFO: SweepDetector v2: 4 raw â†’ 4 confirmed (volâ‰Ą2.5Ă— bodyâ‰Ą30%)
08:58:30 core.sweep_detector INFO: OrderBlocks: 2 detected, 1 unmitigated
08:58:30 core.sweep_detector INFO: FVGs: 6 detected, 3 unfilled
08:58:31 core.sweep_detector INFO: SweepDetector v2: 1 raw â†’ 1 confirmed (volâ‰Ą2.5Ă— bodyâ‰Ą30%)
08:58:31 core.sweep_detector INFO: OrderBlocks: 6 detected, 1 unmitigated
08:58:31 core.sweep_detector INFO: FVGs: 7 detected, 2 unfilled
08:58:33 core.sweep_detector INFO: SweepDetector v2: 2 raw â†’ 1 confirmed (volâ‰Ą2.5Ă— bodyâ‰Ą30%)
08:58:33 core.sweep_detector INFO: OrderBlocks: 5 detected, 1 unmitigated
08:58:33 core.sweep_detector INFO: FVGs: 5 detected, 1 unfilled
08:58:34 core.sweep_detector INFO: SweepDetector v2: 1 raw â†’ 1 confirmed (volâ‰Ą2.5Ă— bodyâ‰Ą30%)
08:58:34 core.sweep_detector INFO: OrderBlocks: 5 detected, 0 unmitigated
08:58:34 core.sweep_detector INFO: FVGs: 9 detected, 0 unfilled
08:58:36 core.sweep_detector INFO: SweepDetector v2: 3 raw â†’ 2 confirmed (volâ‰Ą2.5Ă— bodyâ‰Ą30%)
08:58:36 core.sweep_detector INFO: OrderBlocks: 3 detected, 1 unmitigated
08:58:36 core.sweep_detector INFO: FVGs: 11 detected, 2 unfilled
08:58:37 core.sweep_detector INFO: SweepDetector v2: 0 raw â†’ 0 confirmed (volâ‰Ą2.5Ă— bodyâ‰Ą30%)
08:58:37 core.sweep_detector INFO: OrderBlocks: 1 detected, 1 unmitigated
08:58:37 core.sweep_detector INFO: FVGs: 4 detected, 1 unfilled
08:58:39 core.sweep_detector INFO: SweepDetector v2: 0 raw â†’ 0 confirmed (volâ‰Ą2.5Ă— bodyâ‰Ą30%)
08:58:39 core.sweep_detector INFO: OrderBlocks: 4 detected, 1 unmitigated
08:58:39 core.sweep_detector INFO: FVGs: 4 detected, 2 unfilled
08:58:41 core.sweep_detector INFO: SweepDetector v2: 0 raw â†’ 0 confirmed (volâ‰Ą2.5Ă— bodyâ‰Ą30%)
08:58:41 core.sweep_detector INFO: OrderBlocks: 8 detected, 4 unmitigated
08:58:41 core.sweep_detector INFO: FVGs: 8 detected, 5 unfilled
08:58:45 core.sweep_detector INFO: SweepDetector v2: 0 raw â†’ 0 confirmed (volâ‰Ą2.5Ă— bodyâ‰Ą30%)
08:58:45 core.sweep_detector INFO: OrderBlocks: 8 detected, 3 unmitigated
08:58:45 core.sweep_detector INFO: FVGs: 11 detected, 3 unfilled
08:58:47 core.sweep_detector INFO: SweepDetector v2: 1 raw â†’ 1 confirmed (volâ‰Ą2.5Ă— bodyâ‰Ą30%)
08:58:47 core.sweep_detector INFO: OrderBlocks: 5 detected, 1 unmitigated
08:58:47 core.sweep_detector INFO: FVGs: 8 detected, 3 unfilled
08:58:49 core.sweep_detector INFO: SweepDetector v2: 1 raw â†’ 1 confirmed (volâ‰Ą2.5Ă— bodyâ‰Ą30%)
08:58:49 core.sweep_detector INFO: OrderBlocks: 2 detected, 2 unmitigated
08:58:50 core.sweep_detector INFO: FVGs: 6 detected, 5 unfilled
08:58:52 core.sweep_detector INFO: SweepDetector v2: 0 raw â†’ 0 confirmed (volâ‰Ą2.5Ă— bodyâ‰Ą30%)
08:58:52 core.sweep_detector INFO: OrderBlocks: 10 detected, 3 unmitigated
08:58:52 core.sweep_detector INFO: FVGs: 11 detected, 4 unfilled
08:58:53 core.sweep_detector INFO: SweepDetector v2: 2 raw â†’ 2 confirmed (volâ‰Ą2.5Ă— bodyâ‰Ą30%)
08:58:53 core.sweep_detector INFO: OrderBlocks: 2 detected, 1 unmitigated
08:58:53 core.sweep_detector INFO: FVGs: 12 detected, 3 unfilled
08:58:56 core.sweep_detector INFO: SweepDetector v2: 2 raw â†’ 2 confirmed (volâ‰Ą2.5Ă— bodyâ‰Ą30%)
08:58:56 core.sweep_detector INFO: OrderBlocks: 4 detected, 2 unmitigated
08:58:56 core.sweep_detector INFO: FVGs: 13 detected, 5 unfilled
08:58:59 core.sweep_detector INFO: SweepDetector v2: 2 raw â†’ 2 confirmed (volâ‰Ą2.5Ă— bodyâ‰Ą30%)
08:58:59 core.sweep_detector INFO: OrderBlocks: 7 detected, 3 unmitigated
08:58:59 core.sweep_detector INFO: FVGs: 9 detected, 4 unfilled
08:59:00 core.sweep_detector INFO: SweepDetector v2: 2 raw â†’ 2 confirmed (volâ‰Ą2.5Ă— bodyâ‰Ą30%)
08:59:00 core.sweep_detector INFO: OrderBlocks: 4 detected, 1 unmitigated
08:59:00 core.sweep_detector INFO: FVGs: 4 detected, 1 unfilled
08:59:02 core.sweep_detector INFO: SweepDetector v2: 0 raw â†’ 0 confirmed (volâ‰Ą2.5Ă— bodyâ‰Ą30%)
08:59:02 core.sweep_detector INFO: OrderBlocks: 5 detected, 4 unmitigated
08:59:02 core.sweep_detector INFO: FVGs: 5 detected, 3 unfilled
08:59:05 core.sweep_detector INFO: SweepDetector v2: 0 raw â†’ 0 confirmed (volâ‰Ą2.5Ă— bodyâ‰Ą30%)
08:59:05 core.sweep_detector INFO: OrderBlocks: 0 detected, 0 unmitigated
08:59:05 core.sweep_detector INFO: FVGs: 0 detected, 0 unfilled
08:59:06 core.sweep_detector INFO: SweepDetector v2: 0 raw â†’ 0 confirmed (volâ‰Ą2.5Ă— bodyâ‰Ą30%)
08:59:06 core.sweep_detector INFO: OrderBlocks: 4 detected, 0 unmitigated
08:59:06 core.sweep_detector INFO: FVGs: 0 detected, 0 unfilled
08:59:08 core.sweep_detector INFO: SweepDetector v2: 0 raw â†’ 0 confirmed (volâ‰Ą2.5Ă— bodyâ‰Ą30%)
08:59:08 core.sweep_detector INFO: OrderBlocks: 0 detected, 0 unmitigated
08:59:08 core.sweep_detector INFO: FVGs: 0 detected, 0 unfilled
08:59:10 core.sweep_detector INFO: SweepDetector v2: 6 raw â†’ 3 confirmed (volâ‰Ą2.5Ă— bodyâ‰Ą30%)
08:59:10 core.sweep_detector INFO: OrderBlocks: 9 detected, 3 unmitigated
08:59:10 core.sweep_detector INFO: FVGs: 9 detected, 2 unfilled
08:59:12 core.sweep_detector INFO: SweepDetector v2: 1 raw â†’ 1 confirmed (volâ‰Ą2.5Ă— bodyâ‰Ą30%)
08:59:12 core.sweep_detector INFO: OrderBlocks: 6 detected, 1 unmitigated
08:59:12 core.sweep_detector INFO: FVGs: 10 detected, 1 unfilled
08:59:14 core.sweep_detector INFO: SweepDetector v2: 3 raw â†’ 2 confirmed (volâ‰Ą2.5Ă— bodyâ‰Ą30%)
08:59:14 core.sweep_detector INFO: OrderBlocks: 8 detected, 1 unmitigated
08:59:14 core.sweep_detector INFO: FVGs: 10 detected, 1 unfilled
08:59:16 core.sweep_detector INFO: SweepDetector v2: 1 raw â†’ 1 confirmed (volâ‰Ą2.5Ă— bodyâ‰Ą30%)
08:59:16 core.sweep_detector INFO: OrderBlocks: 7 detected, 2 unmitigated
08:59:16 core.sweep_detector INFO: FVGs: 7 detected, 2 unfilled
08:59:18 core.sweep_detector INFO: SweepDetector v2: 2 raw â†’ 1 confirmed (volâ‰Ą2.5Ă— bodyâ‰Ą30%)
08:59:18 core.sweep_detector INFO: OrderBlocks: 1 detected, 0 unmitigated
08:59:18 core.sweep_detector INFO: FVGs: 10 detected, 4 unfilled
08:59:20 core.sweep_detector INFO: SweepDetector v2: 0 raw â†’ 0 confirmed (volâ‰Ą2.5Ă— bodyâ‰Ą30%)
08:59:20 core.sweep_detector INFO: OrderBlocks: 7 detected, 3 unmitigated
08:59:20 core.sweep_detector INFO: FVGs: 5 detected, 3 unfilled
08:59:23 core.sweep_detector INFO: SweepDetector v2: 0 raw â†’ 0 confirmed (volâ‰Ą2.5Ă— bodyâ‰Ą30%)
08:59:23 core.sweep_detector INFO: OrderBlocks: 7 detected, 3 unmitigated
08:59:23 core.sweep_detector INFO: FVGs: 9 detected, 2 unfilled
08:59:25 core.sweep_detector INFO: SweepDetector v2: 0 raw â†’ 0 confirmed (volâ‰Ą2.5Ă— bodyâ‰Ą30%)
08:59:25 core.sweep_detector INFO: OrderBlocks: 12 detected, 0 unmitigated
08:59:25 core.sweep_detector INFO: FVGs: 6 detected, 0 unfilled
08:59:27 core.sweep_detector INFO: SweepDetector v2: 2 raw â†’ 2 confirmed (volâ‰Ą2.5Ă— bodyâ‰Ą30%)
08:59:27 core.sweep_detector INFO: OrderBlocks: 6 detected, 1 unmitigated
08:59:27 core.sweep_detector INFO: FVGs: 7 detected, 3 unfilled
08:59:29 core.sweep_detector INFO: SweepDetector v2: 2 raw â†’ 2 confirmed (volâ‰Ą2.5Ă— bodyâ‰Ą30%)
08:59:29 core.sweep_detector INFO: OrderBlocks: 5 detected, 1 unmitigated
08:59:29 core.sweep_detector INFO: FVGs: 6 detected, 3 unfilled
08:59:31 core.sweep_detector INFO: SweepDetector v2: 1 raw â†’ 1 confirmed (volâ‰Ą2.5Ă— bodyâ‰Ą30%)
08:59:31 core.sweep_detector INFO: OrderBlocks: 4 detected, 1 unmitigated
08:59:31 core.sweep_detector INFO: FVGs: 5 detected, 1 unfilled
08:59:33 core.sweep_detector INFO: SweepDetector v2: 2 raw â†’ 2 confirmed (volâ‰Ą2.5Ă— bodyâ‰Ą30%)
08:59:33 core.sweep_detector INFO: OrderBlocks: 3 detected, 1 unmitigated
08:59:33 core.sweep_detector INFO: FVGs: 8 detected, 0 unfilled
/root/.openclaw/workspace/projects/crypto-liquidity-hunter/main.py:555: DeprecationWarning: datetime.datetime.utcnow() is deprecated and scheduled for removal in a future version. Use timezone-aware objects to represent datetimes in UTC: datetime.datetime.now(datetime.UTC).
  scan_end     = datetime.utcnow()

=== SCAN ALL: 101 pairs, 3 timeframes ===
Total signals generated: 0
