18:55:02 __main__ INFO: Volume filter: fetching all tickers in one call...
18:55:04 __main__ INFO: Volume filter: 80/447 pairs pass $2M threshold
/root/.openclaw/workspace/projects/crypto-liquidity-hunter/main.py:292: DeprecationWarning: datetime.datetime.utcnow() is deprecated and scheduled for removal in a future version. Use timezone-aware objects to represent datetimes in UTC: datetime.datetime.now(datetime.UTC).
  scan_start = datetime.utcnow()   # for duration tracking
18:55:05 core.binance_connector INFO: BinanceConnector: connected [LIVE FUTURES MAINNET]
18:55:05 __main__ INFO: Auto-executor: account 'Liquiddbot1' mode=live exec=auto
18:55:06 core.sweep_detector INFO: SweepDetector v2: 0 raw → 0 confirmed (vol≥2.5× body≥30%)
18:55:06 core.sweep_detector INFO: OrderBlocks: 9 detected, 4 unmitigated
18:55:06 core.sweep_detector INFO: FVGs: 12 detected, 7 unfilled
18:55:08 core.sweep_detector INFO: SweepDetector v2: 1 raw → 1 confirmed (vol≥2.5× body≥30%)
18:55:08 core.sweep_detector INFO: OrderBlocks: 2 detected, 0 unmitigated
18:55:08 core.sweep_detector INFO: FVGs: 6 detected, 3 unfilled
18:55:10 core.sweep_detector INFO: SweepDetector v2: 1 raw → 1 confirmed (vol≥2.5× body≥30%)
18:55:10 core.sweep_detector INFO: OrderBlocks: 7 detected, 1 unmitigated
18:55:10 core.sweep_detector INFO: FVGs: 6 detected, 1 unfilled
18:55:11 core.sweep_detector INFO: SweepDetector v2: 1 raw → 1 confirmed (vol≥2.5× body≥30%)
18:55:11 core.sweep_detector INFO: OrderBlocks: 7 detected, 0 unmitigated
18:55:11 core.sweep_detector INFO: FVGs: 10 detected, 4 unfilled
18:55:13 core.sweep_detector INFO: SweepDetector v2: 2 raw → 1 confirmed (vol≥2.5× body≥30%)
18:55:13 core.sweep_detector INFO: OrderBlocks: 3 detected, 2 unmitigated
18:55:13 core.sweep_detector INFO: FVGs: 4 detected, 2 unfilled
18:55:15 core.sweep_detector INFO: SweepDetector v2: 0 raw → 0 confirmed (vol≥2.5× body≥30%)
18:55:15 core.sweep_detector INFO: OrderBlocks: 6 detected, 1 unmitigated
18:55:15 core.sweep_detector INFO: FVGs: 4 detected, 1 unfilled
18:55:16 core.sweep_detector INFO: SweepDetector v2: 3 raw → 2 confirmed (vol≥2.5× body≥30%)
18:55:16 core.sweep_detector INFO: OrderBlocks: 6 detected, 2 unmitigated
18:55:16 core.sweep_detector INFO: FVGs: 8 detected, 1 unfilled
18:55:18 core.sweep_detector INFO: SweepDetector v2: 1 raw → 0 confirmed (vol≥2.5× body≥30%)
18:55:18 core.sweep_detector INFO: OrderBlocks: 4 detected, 2 unmitigated
18:55:18 core.sweep_detector INFO: FVGs: 8 detected, 4 unfilled
18:55:19 core.sweep_detector INFO: SweepDetector v2: 2 raw → 2 confirmed (vol≥2.5× body≥30%)
18:55:19 core.sweep_detector INFO: OrderBlocks: 3 detected, 2 unmitigated
18:55:19 core.sweep_detector INFO: FVGs: 7 detected, 5 unfilled
18:55:22 core.sweep_detector INFO: SweepDetector v2: 2 raw → 1 confirmed (vol≥2.5× body≥30%)
18:55:22 core.sweep_detector INFO: OrderBlocks: 7 detected, 2 unmitigated
18:55:22 core.sweep_detector INFO: FVGs: 8 detected, 2 unfilled
18:55:23 core.sweep_detector INFO: SweepDetector v2: 0 raw → 0 confirmed (vol≥2.5× body≥30%)
18:55:23 core.sweep_detector INFO: OrderBlocks: 1 detected, 0 unmitigated
18:55:23 core.sweep_detector INFO: FVGs: 9 detected, 4 unfilled
18:55:25 core.sweep_detector INFO: SweepDetector v2: 2 raw → 1 confirmed (vol≥2.5× body≥30%)
18:55:25 core.sweep_detector INFO: OrderBlocks: 1 detected, 0 unmitigated
18:55:25 core.sweep_detector INFO: FVGs: 4 detected, 1 unfilled
18:55:27 core.sweep_detector INFO: SweepDetector v2: 2 raw → 1 confirmed (vol≥2.5× body≥30%)
18:55:27 core.sweep_detector INFO: OrderBlocks: 5 detected, 3 unmitigated
18:55:27 core.sweep_detector INFO: FVGs: 10 detected, 5 unfilled
18:55:28 core.sweep_detector INFO: SweepDetector v2: 1 raw → 1 confirmed (vol≥2.5× body≥30%)
18:55:28 core.sweep_detector INFO: OrderBlocks: 3 detected, 1 unmitigated
18:55:28 core.sweep_detector INFO: FVGs: 4 detected, 1 unfilled
18:55:30 core.sweep_detector INFO: SweepDetector v2: 1 raw → 1 confirmed (vol≥2.5× body≥30%)
18:55:30 core.sweep_detector INFO: OrderBlocks: 3 detected, 1 unmitigated
18:55:30 core.sweep_detector INFO: FVGs: 9 detected, 2 unfilled
18:55:32 core.sweep_detector INFO: SweepDetector v2: 5 raw → 5 confirmed (vol≥2.5× body≥30%)
18:55:32 core.sweep_detector INFO: OrderBlocks: 1 detected, 0 unmitigated
18:55:32 core.sweep_detector INFO: FVGs: 3 detected, 0 unfilled
18:55:33 core.sweep_detector INFO: SweepDetector v2: 1 raw → 1 confirmed (vol≥2.5× body≥30%)
18:55:33 core.sweep_detector INFO: OrderBlocks: 4 detected, 0 unmitigated
18:55:33 core.sweep_detector INFO: FVGs: 1 detected, 0 unfilled
18:55:36 core.sweep_detector INFO: SweepDetector v2: 0 raw → 0 confirmed (vol≥2.5× body≥30%)
18:55:36 core.sweep_detector INFO: OrderBlocks: 1 detected, 0 unmitigated
18:55:36 core.sweep_detector INFO: FVGs: 1 detected, 0 unfilled
18:55:37 core.sweep_detector INFO: SweepDetector v2: 2 raw → 2 confirmed (vol≥2.5× body≥30%)
18:55:37 core.sweep_detector INFO: OrderBlocks: 3 detected, 1 unmitigated
18:55:37 core.sweep_detector INFO: FVGs: 12 detected, 6 unfilled
18:55:39 core.sweep_detector INFO: SweepDetector v2: 1 raw → 1 confirmed (vol≥2.5× body≥30%)
18:55:39 core.sweep_detector INFO: OrderBlocks: 2 detected, 1 unmitigated
18:55:39 core.sweep_detector INFO: FVGs: 5 detected, 1 unfilled
18:55:41 core.sweep_detector INFO: SweepDetector v2: 1 raw → 1 confirmed (vol≥2.5× body≥30%)
18:55:41 core.sweep_detector INFO: OrderBlocks: 5 detected, 1 unmitigated
18:55:41 core.sweep_detector INFO: FVGs: 3 detected, 0 unfilled
18:55:42 core.sweep_detector INFO: SweepDetector v2: 4 raw → 4 confirmed (vol≥2.5× body≥30%)
18:55:42 core.sweep_detector INFO: OrderBlocks: 2 detected, 2 unmitigated
18:55:42 core.sweep_detector INFO: FVGs: 14 detected, 3 unfilled
18:55:44 core.sweep_detector INFO: SweepDetector v2: 2 raw → 1 confirmed (vol≥2.5× body≥30%)
18:55:44 core.sweep_detector INFO: OrderBlocks: 8 detected, 1 unmitigated
18:55:44 core.sweep_detector INFO: FVGs: 13 detected, 2 unfilled
18:55:45 core.sweep_detector INFO: SweepDetector v2: 1 raw → 0 confirmed (vol≥2.5× body≥30%)
18:55:45 core.sweep_detector INFO: OrderBlocks: 1 detected, 1 unmitigated
18:55:46 core.sweep_detector INFO: FVGs: 9 detected, 4 unfilled
18:55:48 core.sweep_detector INFO: SweepDetector v2: 0 raw → 0 confirmed (vol≥2.5× body≥30%)
18:55:48 core.sweep_detector INFO: OrderBlocks: 3 detected, 1 unmitigated
18:55:48 core.sweep_detector INFO: FVGs: 5 detected, 1 unfilled
18:55:49 core.sweep_detector INFO: SweepDetector v2: 3 raw → 3 confirmed (vol≥2.5× body≥30%)
18:55:49 core.sweep_detector INFO: OrderBlocks: 1 detected, 1 unmitigated
18:55:49 core.sweep_detector INFO: FVGs: 7 detected, 3 unfilled
18:55:51 core.sweep_detector INFO: SweepDetector v2: 1 raw → 1 confirmed (vol≥2.5× body≥30%)
18:55:51 core.sweep_detector INFO: OrderBlocks: 5 detected, 3 unmitigated
18:55:51 core.sweep_detector INFO: FVGs: 8 detected, 6 unfilled
18:55:53 core.sweep_detector INFO: SweepDetector v2: 0 raw → 0 confirmed (vol≥2.5× body≥30%)
18:55:53 core.sweep_detector INFO: OrderBlocks: 0 detected, 0 unmitigated
18:55:53 core.sweep_detector INFO: FVGs: 0 detected, 0 unfilled
18:55:55 core.sweep_detector INFO: SweepDetector v2: 0 raw → 0 confirmed (vol≥2.5× body≥30%)
18:55:55 core.sweep_detector INFO: OrderBlocks: 1 detected, 0 unmitigated
18:55:55 core.sweep_detector INFO: FVGs: 0 detected, 0 unfilled
18:55:56 core.sweep_detector INFO: SweepDetector v2: 0 raw → 0 confirmed (vol≥2.5× body≥30%)
18:55:56 core.sweep_detector INFO: OrderBlocks: 0 detected, 0 unmitigated
18:55:56 core.sweep_detector INFO: FVGs: 0 detected, 0 unfilled
18:55:58 core.sweep_detector INFO: SweepDetector v2: 1 raw → 1 confirmed (vol≥2.5× body≥30%)
18:55:58 core.sweep_detector INFO: OrderBlocks: 6 detected, 4 unmitigated
18:55:58 core.sweep_detector INFO: FVGs: 10 detected, 4 unfilled
18:56:00 core.sweep_detector INFO: SweepDetector v2: 1 raw → 1 confirmed (vol≥2.5× body≥30%)
18:56:00 core.sweep_detector INFO: OrderBlocks: 4 detected, 2 unmitigated
18:56:00 core.sweep_detector INFO: FVGs: 4 detected, 0 unfilled
18:56:02 core.sweep_detector INFO: SweepDetector v2: 0 raw → 0 confirmed (vol≥2.5× body≥30%)
18:56:02 core.sweep_detector INFO: OrderBlocks: 9 detected, 1 unmitigated
18:56:02 core.sweep_detector INFO: FVGs: 1 detected, 1 unfilled
18:56:04 core.sweep_detector INFO: SweepDetector v2: 1 raw → 1 confirmed (vol≥2.5× body≥30%)
18:56:04 core.sweep_detector INFO: OrderBlocks: 6 detected, 0 unmitigated
18:56:04 core.sweep_detector INFO: FVGs: 7 detected, 3 unfilled
18:56:05 core.sweep_detector INFO: SweepDetector v2: 1 raw → 1 confirmed (vol≥2.5× body≥30%)
18:56:05 core.sweep_detector INFO: OrderBlocks: 2 detected, 0 unmitigated
18:56:05 core.sweep_detector INFO: FVGs: 6 detected, 1 unfilled
18:56:07 core.sweep_detector INFO: SweepDetector v2: 0 raw → 0 confirmed (vol≥2.5× body≥30%)
18:56:07 core.sweep_detector INFO: OrderBlocks: 7 detected, 0 unmitigated
18:56:07 core.sweep_detector INFO: FVGs: 4 detected, 0 unfilled
18:56:08 core.sweep_detector INFO: SweepDetector v2: 0 raw → 0 confirmed (vol≥2.5× body≥30%)
18:56:08 core.sweep_detector INFO: OrderBlocks: 4 detected, 2 unmitigated
18:56:08 core.sweep_detector INFO: FVGs: 7 detected, 2 unfilled
18:56:10 core.sweep_detector INFO: SweepDetector v2: 1 raw → 1 confirmed (vol≥2.5× body≥30%)
18:56:10 core.sweep_detector INFO: OrderBlocks: 3 detected, 0 unmitigated
18:56:10 core.sweep_detector INFO: FVGs: 6 detected, 0 unfilled
18:56:12 core.sweep_detector INFO: SweepDetector v2: 0 raw → 0 confirmed (vol≥2.5× body≥30%)
18:56:12 core.sweep_detector INFO: OrderBlocks: 6 detected, 0 unmitigated
18:56:12 core.sweep_detector INFO: FVGs: 1 detected, 0 unfilled
18:56:13 core.sweep_detector INFO: SweepDetector v2: 7 raw → 5 confirmed (vol≥2.5× body≥30%)
18:56:13 core.sweep_detector INFO: OrderBlocks: 5 detected, 3 unmitigated
18:56:13 core.sweep_detector INFO: FVGs: 9 detected, 3 unfilled
18:56:15 core.sweep_detector INFO: SweepDetector v2: 5 raw → 2 confirmed (vol≥2.5× body≥30%)
18:56:15 core.sweep_detector INFO: OrderBlocks: 3 detected, 1 unmitigated
18:56:15 core.sweep_detector INFO: FVGs: 8 detected, 1 unfilled
18:56:17 core.sweep_detector INFO: SweepDetector v2: 2 raw → 1 confirmed (vol≥2.5× body≥30%)
18:56:17 core.sweep_detector INFO: OrderBlocks: 4 detected, 0 unmitigated
18:56:17 core.sweep_detector INFO: FVGs: 8 detected, 3 unfilled
18:56:18 core.sweep_detector INFO: SweepDetector v2: 0 raw → 0 confirmed (vol≥2.5× body≥30%)
18:56:18 core.sweep_detector INFO: OrderBlocks: 6 detected, 3 unmitigated
18:56:18 core.sweep_detector INFO: FVGs: 6 detected, 3 unfilled
18:56:20 core.sweep_detector INFO: SweepDetector v2: 1 raw → 1 confirmed (vol≥2.5× body≥30%)
18:56:20 core.sweep_detector INFO: OrderBlocks: 7 detected, 5 unmitigated
18:56:20 core.sweep_detector INFO: FVGs: 6 detected, 3 unfilled
18:56:22 core.sweep_detector INFO: SweepDetector v2: 0 raw → 0 confirmed (vol≥2.5× body≥30%)
18:56:22 core.sweep_detector INFO: OrderBlocks: 8 detected, 3 unmitigated
18:56:22 core.sweep_detector INFO: FVGs: 9 detected, 5 unfilled
18:56:23 core.sweep_detector INFO: SweepDetector v2: 1 raw → 0 confirmed (vol≥2.5× body≥30%)
18:56:23 core.sweep_detector INFO: OrderBlocks: 2 detected, 2 unmitigated
18:56:23 core.sweep_detector INFO: FVGs: 8 detected, 6 unfilled
18:56:25 core.sweep_detector INFO: SweepDetector v2: 1 raw → 0 confirmed (vol≥2.5× body≥30%)
18:56:25 core.sweep_detector INFO: OrderBlocks: 5 detected, 2 unmitigated
18:56:25 core.sweep_detector INFO: FVGs: 5 detected, 4 unfilled
18:56:26 core.sweep_detector INFO: SweepDetector v2: 1 raw → 0 confirmed (vol≥2.5× body≥30%)
18:56:26 core.sweep_detector INFO: OrderBlocks: 4 detected, 3 unmitigated
18:56:26 core.sweep_detector INFO: FVGs: 5 detected, 4 unfilled
18:56:28 core.sweep_detector INFO: SweepDetector v2: 0 raw → 0 confirmed (vol≥2.5× body≥30%)
18:56:28 core.sweep_detector INFO: OrderBlocks: 6 detected, 1 unmitigated
18:56:28 core.sweep_detector INFO: FVGs: 9 detected, 4 unfilled
18:56:30 core.sweep_detector INFO: SweepDetector v2: 3 raw → 2 confirmed (vol≥2.5× body≥30%)
18:56:30 core.sweep_detector INFO: OrderBlocks: 7 detected, 5 unmitigated
18:56:30 core.sweep_detector INFO: FVGs: 14 detected, 7 unfilled
18:56:31 core.sweep_detector INFO: SweepDetector v2: 0 raw → 0 confirmed (vol≥2.5× body≥30%)
18:56:31 core.sweep_detector INFO: OrderBlocks: 7 detected, 3 unmitigated
18:56:31 core.sweep_detector INFO: FVGs: 10 detected, 6 unfilled
18:56:33 core.sweep_detector INFO: SweepDetector v2: 0 raw → 0 confirmed (vol≥2.5× body≥30%)
18:56:33 core.sweep_detector INFO: OrderBlocks: 9 detected, 2 unmitigated
18:56:33 core.sweep_detector INFO: FVGs: 14 detected, 3 unfilled
18:56:35 core.sweep_detector INFO: SweepDetector v2: 2 raw → 1 confirmed (vol≥2.5× body≥30%)
18:56:35 core.sweep_detector INFO: OrderBlocks: 4 detected, 0 unmitigated
18:56:35 core.sweep_detector INFO: FVGs: 8 detected, 2 unfilled
18:56:36 core.sweep_detector INFO: SweepDetector v2: 0 raw → 0 confirmed (vol≥2.5× body≥30%)
18:56:36 core.sweep_detector INFO: OrderBlocks: 7 detected, 2 unmitigated
18:56:36 core.sweep_detector INFO: FVGs: 6 detected, 4 unfilled
18:56:38 core.sweep_detector INFO: SweepDetector v2: 0 raw → 0 confirmed (vol≥2.5× body≥30%)
18:56:38 core.sweep_detector INFO: OrderBlocks: 7 detected, 1 unmitigated
18:56:38 core.sweep_detector INFO: FVGs: 11 detected, 2 unfilled
18:56:40 core.sweep_detector INFO: SweepDetector v2: 3 raw → 2 confirmed (vol≥2.5× body≥30%)
18:56:40 core.sweep_detector INFO: OrderBlocks: 2 detected, 1 unmitigated
18:56:40 core.sweep_detector INFO: FVGs: 8 detected, 2 unfilled
18:56:41 core.sweep_detector INFO: SweepDetector v2: 0 raw → 0 confirmed (vol≥2.5× body≥30%)
18:56:41 core.sweep_detector INFO: OrderBlocks: 7 detected, 0 unmitigated
18:56:41 core.sweep_detector INFO: FVGs: 2 detected, 0 unfilled
18:56:43 core.sweep_detector INFO: SweepDetector v2: 1 raw → 0 confirmed (vol≥2.5× body≥30%)
18:56:43 core.sweep_detector INFO: OrderBlocks: 4 detected, 1 unmitigated
18:56:43 core.sweep_detector INFO: FVGs: 10 detected, 3 unfilled
18:56:44 core.sweep_detector INFO: SweepDetector v2: 2 raw → 2 confirmed (vol≥2.5× body≥30%)
18:56:44 core.sweep_detector INFO: OrderBlocks: 3 detected, 2 unmitigated
18:56:44 core.sweep_detector INFO: FVGs: 4 detected, 1 unfilled
18:56:46 core.sweep_detector INFO: SweepDetector v2: 0 raw → 0 confirmed (vol≥2.5× body≥30%)
18:56:46 core.sweep_detector INFO: OrderBlocks: 2 detected, 0 unmitigated
18:56:46 core.sweep_detector INFO: FVGs: 4 detected, 1 unfilled
18:56:48 core.sweep_detector INFO: SweepDetector v2: 1 raw → 1 confirmed (vol≥2.5× body≥30%)
18:56:48 core.sweep_detector INFO: OrderBlocks: 5 detected, 3 unmitigated
18:56:48 core.sweep_detector INFO: FVGs: 12 detected, 4 unfilled
18:56:50 core.sweep_detector INFO: SweepDetector v2: 4 raw → 3 confirmed (vol≥2.5× body≥30%)
18:56:50 core.sweep_detector INFO: OrderBlocks: 3 detected, 0 unmitigated
18:56:50 core.sweep_detector INFO: FVGs: 6 detected, 1 unfilled
18:56:51 core.sweep_detector INFO: SweepDetector v2: 2 raw → 1 confirmed (vol≥2.5× body≥30%)
18:56:51 core.sweep_detector INFO: OrderBlocks: 5 detected, 2 unmitigated
18:56:51 core.sweep_detector INFO: FVGs: 8 detected, 2 unfilled
18:56:53 core.sweep_detector INFO: SweepDetector v2: 2 raw → 1 confirmed (vol≥2.5× body≥30%)
18:56:53 core.sweep_detector INFO: OrderBlocks: 5 detected, 1 unmitigated
18:56:53 core.sweep_detector INFO: FVGs: 7 detected, 0 unfilled
18:56:55 core.sweep_detector INFO: SweepDetector v2: 2 raw → 0 confirmed (vol≥2.5× body≥30%)
18:56:55 core.sweep_detector INFO: OrderBlocks: 8 detected, 2 unmitigated
18:56:55 core.sweep_detector INFO: FVGs: 14 detected, 0 unfilled
18:56:57 core.sweep_detector INFO: SweepDetector v2: 3 raw → 1 confirmed (vol≥2.5× body≥30%)
18:56:57 core.sweep_detector INFO: OrderBlocks: 7 detected, 2 unmitigated
18:56:57 core.sweep_detector INFO: FVGs: 7 detected, 2 unfilled
18:57:00 core.sweep_detector INFO: SweepDetector v2: 2 raw → 1 confirmed (vol≥2.5× body≥30%)
18:57:00 core.sweep_detector INFO: OrderBlocks: 4 detected, 1 unmitigated
18:57:00 core.sweep_detector INFO: FVGs: 9 detected, 3 unfilled
18:57:01 core.sweep_detector INFO: SweepDetector v2: 3 raw → 1 confirmed (vol≥2.5× body≥30%)
18:57:01 core.sweep_detector INFO: OrderBlocks: 4 detected, 2 unmitigated
18:57:01 core.sweep_detector INFO: FVGs: 7 detected, 1 unfilled
18:57:03 core.sweep_detector INFO: SweepDetector v2: 0 raw → 0 confirmed (vol≥2.5× body≥30%)
18:57:03 core.sweep_detector INFO: OrderBlocks: 4 detected, 0 unmitigated
18:57:03 core.sweep_detector INFO: FVGs: 5 detected, 0 unfilled
18:57:05 core.sweep_detector INFO: SweepDetector v2: 0 raw → 0 confirmed (vol≥2.5× body≥30%)
18:57:05 core.sweep_detector INFO: OrderBlocks: 3 detected, 0 unmitigated
18:57:05 core.sweep_detector INFO: FVGs: 0 detected, 0 unfilled
18:57:06 core.sweep_detector INFO: SweepDetector v2: 0 raw → 0 confirmed (vol≥2.5× body≥30%)
18:57:06 core.sweep_detector INFO: OrderBlocks: 0 detected, 0 unmitigated
18:57:06 core.sweep_detector INFO: FVGs: 0 detected, 0 unfilled
18:57:08 core.sweep_detector INFO: SweepDetector v2: 0 raw → 0 confirmed (vol≥2.5× body≥30%)
18:57:08 core.sweep_detector INFO: OrderBlocks: 3 detected, 0 unmitigated
18:57:08 core.sweep_detector INFO: FVGs: 0 detected, 0 unfilled
18:57:10 core.sweep_detector INFO: SweepDetector v2: 0 raw → 0 confirmed (vol≥2.5× body≥30%)
18:57:10 core.sweep_detector INFO: OrderBlocks: 0 detected, 0 unmitigated
18:57:10 core.sweep_detector INFO: FVGs: 0 detected, 0 unfilled
18:57:11 core.sweep_detector INFO: SweepDetector v2: 0 raw → 0 confirmed (vol≥2.5× body≥30%)
18:57:11 core.sweep_detector INFO: OrderBlocks: 0 detected, 0 unmitigated
18:57:11 core.sweep_detector INFO: FVGs: 0 detected, 0 unfilled
18:57:13 core.sweep_detector INFO: SweepDetector v2: 0 raw → 0 confirmed (vol≥2.5× body≥30%)
18:57:13 core.sweep_detector INFO: OrderBlocks: 1 detected, 0 unmitigated
18:57:13 core.sweep_detector INFO: FVGs: 0 detected, 0 unfilled
18:57:15 core.sweep_detector INFO: SweepDetector v2: 0 raw → 0 confirmed (vol≥2.5× body≥30%)
18:57:15 core.sweep_detector INFO: OrderBlocks: 5 detected, 1 unmitigated
18:57:15 core.sweep_detector INFO: FVGs: 12 detected, 3 unfilled
18:57:16 core.sweep_detector INFO: SweepDetector v2: 1 raw → 1 confirmed (vol≥2.5× body≥30%)
18:57:16 core.sweep_detector INFO: OrderBlocks: 3 detected, 1 unmitigated
18:57:16 core.sweep_detector INFO: FVGs: 9 detected, 3 unfilled
18:57:18 core.sweep_detector INFO: SweepDetector v2: 0 raw → 0 confirmed (vol≥2.5× body≥30%)
18:57:18 core.sweep_detector INFO: OrderBlocks: 6 detected, 2 unmitigated
18:57:18 core.sweep_detector INFO: FVGs: 9 detected, 5 unfilled
18:57:20 core.sweep_detector INFO: SweepDetector v2: 0 raw → 0 confirmed (vol≥2.5× body≥30%)
18:57:20 core.sweep_detector INFO: OrderBlocks: 7 detected, 3 unmitigated
18:57:20 core.sweep_detector INFO: FVGs: 10 detected, 3 unfilled
18:57:21 core.sweep_detector INFO: SweepDetector v2: 1 raw → 0 confirmed (vol≥2.5× body≥30%)
18:57:21 core.sweep_detector INFO: OrderBlocks: 3 detected, 3 unmitigated
18:57:21 core.sweep_detector INFO: FVGs: 8 detected, 2 unfilled
18:57:23 core.sweep_detector INFO: SweepDetector v2: 2 raw → 2 confirmed (vol≥2.5× body≥30%)
18:57:23 core.sweep_detector INFO: OrderBlocks: 3 detected, 0 unmitigated
18:57:23 core.sweep_detector INFO: FVGs: 9 detected, 1 unfilled
18:57:25 core.sweep_detector INFO: SweepDetector v2: 2 raw → 2 confirmed (vol≥2.5× body≥30%)
18:57:25 core.sweep_detector INFO: OrderBlocks: 7 detected, 0 unmitigated
18:57:25 core.sweep_detector INFO: FVGs: 7 detected, 0 unfilled
18:57:26 core.sweep_detector INFO: SweepDetector v2: 6 raw → 6 confirmed (vol≥2.5× body≥30%)
18:57:26 core.sweep_detector INFO: OrderBlocks: 2 detected, 1 unmitigated
18:57:26 core.sweep_detector INFO: FVGs: 9 detected, 1 unfilled
18:57:28 core.sweep_detector INFO: SweepDetector v2: 5 raw → 4 confirmed (vol≥2.5× body≥30%)
18:57:28 core.sweep_detector INFO: OrderBlocks: 6 detected, 2 unmitigated
18:57:28 core.sweep_detector INFO: FVGs: 8 detected, 2 unfilled
18:57:31 core.sweep_detector INFO: SweepDetector v2: 1 raw → 1 confirmed (vol≥2.5× body≥30%)
18:57:31 core.sweep_detector INFO: OrderBlocks: 6 detected, 2 unmitigated
18:57:31 core.sweep_detector INFO: FVGs: 9 detected, 3 unfilled
18:57:34 core.sweep_detector INFO: SweepDetector v2: 1 raw → 1 confirmed (vol≥2.5× body≥30%)
18:57:34 core.sweep_detector INFO: OrderBlocks: 2 detected, 1 unmitigated
18:57:34 core.sweep_detector INFO: FVGs: 6 detected, 1 unfilled
18:57:36 core.sweep_detector INFO: SweepDetector v2: 0 raw → 0 confirmed (vol≥2.5× body≥30%)
18:57:36 core.sweep_detector INFO: OrderBlocks: 8 detected, 3 unmitigated
18:57:36 core.sweep_detector INFO: FVGs: 3 detected, 0 unfilled
18:57:37 core.sweep_detector INFO: SweepDetector v2: 2 raw → 1 confirmed (vol≥2.5× body≥30%)
18:57:37 core.sweep_detector INFO: OrderBlocks: 9 detected, 3 unmitigated
18:57:37 core.sweep_detector INFO: FVGs: 12 detected, 5 unfilled
18:57:39 core.sweep_detector INFO: SweepDetector v2: 3 raw → 3 confirmed (vol≥2.5× body≥30%)
18:57:39 core.sweep_detector INFO: OrderBlocks: 5 detected, 2 unmitigated
18:57:39 core.sweep_detector INFO: FVGs: 18 detected, 4 unfilled
18:57:41 core.sweep_detector INFO: SweepDetector v2: 2 raw → 0 confirmed (vol≥2.5× body≥30%)
18:57:41 core.sweep_detector INFO: OrderBlocks: 8 detected, 3 unmitigated
18:57:41 core.sweep_detector INFO: FVGs: 11 detected, 3 unfilled
18:57:42 core.sweep_detector INFO: SweepDetector v2: 3 raw → 2 confirmed (vol≥2.5× body≥30%)
18:57:42 core.sweep_detector INFO: OrderBlocks: 6 detected, 3 unmitigated
18:57:42 core.sweep_detector INFO: FVGs: 15 detected, 4 unfilled
18:57:44 core.sweep_detector INFO: SweepDetector v2: 2 raw → 0 confirmed (vol≥2.5× body≥30%)
18:57:44 core.sweep_detector INFO: OrderBlocks: 10 detected, 4 unmitigated
18:57:44 core.sweep_detector INFO: FVGs: 15 detected, 4 unfilled
18:57:45 core.sweep_detector INFO: SweepDetector v2: 2 raw → 1 confirmed (vol≥2.5× body≥30%)
18:57:45 core.sweep_detector INFO: OrderBlocks: 3 detected, 2 unmitigated
18:57:45 core.sweep_detector INFO: FVGs: 13 detected, 8 unfilled
18:57:47 core.sweep_detector INFO: SweepDetector v2: 2 raw → 2 confirmed (vol≥2.5× body≥30%)
18:57:47 core.sweep_detector INFO: OrderBlocks: 9 detected, 3 unmitigated
18:57:47 core.sweep_detector INFO: FVGs: 8 detected, 4 unfilled
18:57:49 core.sweep_detector INFO: SweepDetector v2: 1 raw → 1 confirmed (vol≥2.5× body≥30%)
18:57:49 core.sweep_detector INFO: OrderBlocks: 3 detected, 1 unmitigated
18:57:49 core.sweep_detector INFO: FVGs: 5 detected, 2 unfilled
18:57:50 core.sweep_detector INFO: SweepDetector v2: 2 raw → 1 confirmed (vol≥2.5× body≥30%)
18:57:50 core.sweep_detector INFO: OrderBlocks: 7 detected, 0 unmitigated
18:57:50 core.sweep_detector INFO: FVGs: 5 detected, 1 unfilled
18:57:52 core.sweep_detector INFO: SweepDetector v2: 0 raw → 0 confirmed (vol≥2.5× body≥30%)
18:57:52 core.sweep_detector INFO: OrderBlocks: 3 detected, 1 unmitigated
18:57:52 core.sweep_detector INFO: FVGs: 12 detected, 2 unfilled
18:57:53 core.sweep_detector INFO: SweepDetector v2: 0 raw → 0 confirmed (vol≥2.5× body≥30%)
18:57:53 core.sweep_detector INFO: OrderBlocks: 4 detected, 0 unmitigated
18:57:53 core.sweep_detector INFO: FVGs: 8 detected, 1 unfilled
18:57:55 core.sweep_detector INFO: SweepDetector v2: 1 raw → 1 confirmed (vol≥2.5× body≥30%)
18:57:55 core.sweep_detector INFO: OrderBlocks: 4 detected, 2 unmitigated
18:57:55 core.sweep_detector INFO: FVGs: 7 detected, 2 unfilled
18:57:56 core.sweep_detector INFO: SweepDetector v2: 0 raw → 0 confirmed (vol≥2.5× body≥30%)
18:57:56 core.sweep_detector INFO: OrderBlocks: 7 detected, 3 unmitigated
18:57:56 core.sweep_detector INFO: FVGs: 11 detected, 6 unfilled
18:57:58 core.sweep_detector INFO: SweepDetector v2: 0 raw → 0 confirmed (vol≥2.5× body≥30%)
18:57:58 core.sweep_detector INFO: OrderBlocks: 2 detected, 1 unmitigated
18:57:58 core.sweep_detector INFO: FVGs: 12 detected, 3 unfilled
18:58:00 core.sweep_detector INFO: SweepDetector v2: 2 raw → 1 confirmed (vol≥2.5× body≥30%)
18:58:00 core.sweep_detector INFO: OrderBlocks: 10 detected, 3 unmitigated
18:58:00 core.sweep_detector INFO: FVGs: 8 detected, 2 unfilled
18:58:02 core.sweep_detector INFO: SweepDetector v2: 9 raw → 6 confirmed (vol≥2.5× body≥30%)
18:58:02 core.sweep_detector INFO: OrderBlocks: 7 detected, 2 unmitigated
18:58:02 core.sweep_detector INFO: FVGs: 10 detected, 7 unfilled
18:58:04 core.sweep_detector INFO: SweepDetector v2: 4 raw → 3 confirmed (vol≥2.5× body≥30%)
18:58:04 core.sweep_detector INFO: OrderBlocks: 7 detected, 2 unmitigated
18:58:04 core.sweep_detector INFO: FVGs: 8 detected, 3 unfilled
18:58:05 core.sweep_detector INFO: SweepDetector v2: 1 raw → 0 confirmed (vol≥2.5× body≥30%)
18:58:05 core.sweep_detector INFO: OrderBlocks: 7 detected, 2 unmitigated
18:58:05 core.sweep_detector INFO: FVGs: 8 detected, 3 unfilled
18:58:07 core.sweep_detector INFO: SweepDetector v2: 1 raw → 1 confirmed (vol≥2.5× body≥30%)
18:58:07 core.sweep_detector INFO: OrderBlocks: 4 detected, 2 unmitigated
18:58:07 core.sweep_detector INFO: FVGs: 8 detected, 4 unfilled
18:58:09 core.sweep_detector INFO: SweepDetector v2: 2 raw → 1 confirmed (vol≥2.5× body≥30%)
18:58:09 core.sweep_detector INFO: OrderBlocks: 4 detected, 0 unmitigated
18:58:09 core.sweep_detector INFO: FVGs: 5 detected, 1 unfilled
18:58:11 core.sweep_detector INFO: SweepDetector v2: 0 raw → 0 confirmed (vol≥2.5× body≥30%)
18:58:11 core.sweep_detector INFO: OrderBlocks: 4 detected, 0 unmitigated
18:58:11 core.sweep_detector INFO: FVGs: 3 detected, 0 unfilled
18:58:12 core.sweep_detector INFO: SweepDetector v2: 0 raw → 0 confirmed (vol≥2.5× body≥30%)
18:58:12 core.sweep_detector INFO: OrderBlocks: 7 detected, 2 unmitigated
18:58:12 core.sweep_detector INFO: FVGs: 4 detected, 2 unfilled
18:58:14 core.sweep_detector INFO: SweepDetector v2: 1 raw → 1 confirmed (vol≥2.5× body≥30%)
18:58:14 core.sweep_detector INFO: OrderBlocks: 2 detected, 2 unmitigated
18:58:14 core.sweep_detector INFO: FVGs: 5 detected, 1 unfilled
18:58:16 core.sweep_detector INFO: SweepDetector v2: 0 raw → 0 confirmed (vol≥2.5× body≥30%)
18:58:16 core.sweep_detector INFO: OrderBlocks: 8 detected, 0 unmitigated
18:58:16 core.sweep_detector INFO: FVGs: 3 detected, 0 unfilled
18:58:17 core.sweep_detector INFO: SweepDetector v2: 1 raw → 1 confirmed (vol≥2.5× body≥30%)
18:58:17 core.sweep_detector INFO: OrderBlocks: 8 detected, 2 unmitigated
18:58:17 core.sweep_detector INFO: FVGs: 4 detected, 3 unfilled
18:58:19 core.sweep_detector INFO: SweepDetector v2: 2 raw → 1 confirmed (vol≥2.5× body≥30%)
18:58:19 core.sweep_detector INFO: OrderBlocks: 2 detected, 0 unmitigated
18:58:19 core.sweep_detector INFO: FVGs: 3 detected, 2 unfilled
18:58:20 core.sweep_detector INFO: SweepDetector v2: 0 raw → 0 confirmed (vol≥2.5× body≥30%)
18:58:21 core.sweep_detector INFO: OrderBlocks: 6 detected, 1 unmitigated
18:58:21 core.sweep_detector INFO: FVGs: 3 detected, 1 unfilled
18:58:22 core.sweep_detector INFO: SweepDetector v2: 0 raw → 0 confirmed (vol≥2.5× body≥30%)
18:58:22 core.sweep_detector INFO: OrderBlocks: 3 detected, 1 unmitigated
18:58:22 core.sweep_detector INFO: FVGs: 12 detected, 4 unfilled
18:58:24 core.sweep_detector INFO: SweepDetector v2: 1 raw → 1 confirmed (vol≥2.5× body≥30%)
18:58:24 core.sweep_detector INFO: OrderBlocks: 8 detected, 2 unmitigated
18:58:24 core.sweep_detector INFO: FVGs: 12 detected, 5 unfilled
18:58:25 core.sweep_detector INFO: SweepDetector v2: 2 raw → 0 confirmed (vol≥2.5× body≥30%)
18:58:25 core.sweep_detector INFO: OrderBlocks: 3 detected, 0 unmitigated
18:58:25 core.sweep_detector INFO: FVGs: 8 detected, 2 unfilled
18:58:27 core.sweep_detector INFO: SweepDetector v2: 3 raw → 2 confirmed (vol≥2.5× body≥30%)
18:58:27 core.sweep_detector INFO: OrderBlocks: 10 detected, 2 unmitigated
18:58:27 core.sweep_detector INFO: FVGs: 13 detected, 2 unfilled
18:58:29 core.sweep_detector INFO: SweepDetector v2: 2 raw → 1 confirmed (vol≥2.5× body≥30%)
18:58:29 core.sweep_detector INFO: OrderBlocks: 6 detected, 0 unmitigated
18:58:29 core.sweep_detector INFO: FVGs: 10 detected, 2 unfilled
18:58:31 core.sweep_detector INFO: SweepDetector v2: 1 raw → 1 confirmed (vol≥2.5× body≥30%)
18:58:31 core.sweep_detector INFO: OrderBlocks: 3 detected, 0 unmitigated
18:58:31 core.sweep_detector INFO: FVGs: 8 detected, 2 unfilled
18:58:32 core.sweep_detector INFO: SweepDetector v2: 2 raw → 2 confirmed (vol≥2.5× body≥30%)
18:58:32 core.sweep_detector INFO: OrderBlocks: 14 detected, 2 unmitigated
18:58:32 core.sweep_detector INFO: FVGs: 15 detected, 2 unfilled
18:58:34 core.sweep_detector INFO: SweepDetector v2: 3 raw → 3 confirmed (vol≥2.5× body≥30%)
18:58:34 core.sweep_detector INFO: OrderBlocks: 4 detected, 2 unmitigated
18:58:34 core.sweep_detector INFO: FVGs: 6 detected, 2 unfilled
18:58:36 core.sweep_detector INFO: SweepDetector v2: 2 raw → 1 confirmed (vol≥2.5× body≥30%)
18:58:36 core.sweep_detector INFO: OrderBlocks: 3 detected, 1 unmitigated
18:58:36 core.sweep_detector INFO: FVGs: 4 detected, 2 unfilled
18:58:38 core.sweep_detector INFO: SweepDetector v2: 6 raw → 3 confirmed (vol≥2.5× body≥30%)
18:58:38 core.sweep_detector INFO: OrderBlocks: 6 detected, 4 unmitigated
18:58:38 core.sweep_detector INFO: FVGs: 10 detected, 4 unfilled
18:58:40 core.sweep_detector INFO: SweepDetector v2: 5 raw → 4 confirmed (vol≥2.5× body≥30%)
18:58:40 core.sweep_detector INFO: OrderBlocks: 5 detected, 1 unmitigated
18:58:40 core.sweep_detector INFO: FVGs: 9 detected, 4 unfilled
18:58:41 core.sweep_detector INFO: SweepDetector v2: 1 raw → 1 confirmed (vol≥2.5× body≥30%)
18:58:41 core.sweep_detector INFO: OrderBlocks: 7 detected, 2 unmitigated
18:58:41 core.sweep_detector INFO: FVGs: 7 detected, 2 unfilled
18:58:43 core.sweep_detector INFO: SweepDetector v2: 1 raw → 1 confirmed (vol≥2.5× body≥30%)
18:58:43 core.sweep_detector INFO: OrderBlocks: 5 detected, 2 unmitigated
18:58:43 core.sweep_detector INFO: FVGs: 10 detected, 5 unfilled
18:58:44 core.sweep_detector INFO: SweepDetector v2: 2 raw → 0 confirmed (vol≥2.5× body≥30%)
18:58:44 core.sweep_detector INFO: OrderBlocks: 4 detected, 0 unmitigated
18:58:44 core.sweep_detector INFO: FVGs: 13 detected, 1 unfilled
18:58:46 core.sweep_detector INFO: SweepDetector v2: 1 raw → 1 confirmed (vol≥2.5× body≥30%)
18:58:46 core.sweep_detector INFO: OrderBlocks: 8 detected, 3 unmitigated
18:58:46 core.sweep_detector INFO: FVGs: 5 detected, 1 unfilled
18:58:48 core.sweep_detector INFO: SweepDetector v2: 3 raw → 2 confirmed (vol≥2.5× body≥30%)
18:58:48 core.sweep_detector INFO: OrderBlocks: 4 detected, 0 unmitigated
18:58:48 core.sweep_detector INFO: FVGs: 7 detected, 2 unfilled
18:58:50 core.sweep_detector INFO: SweepDetector v2: 3 raw → 3 confirmed (vol≥2.5× body≥30%)
18:58:50 core.sweep_detector INFO: OrderBlocks: 2 detected, 2 unmitigated
18:58:50 core.sweep_detector INFO: FVGs: 3 detected, 1 unfilled
18:58:51 core.sweep_detector INFO: SweepDetector v2: 0 raw → 0 confirmed (vol≥2.5× body≥30%)
18:58:51 core.sweep_detector INFO: OrderBlocks: 9 detected, 3 unmitigated
18:58:51 core.sweep_detector INFO: FVGs: 1 detected, 1 unfilled
18:58:53 core.sweep_detector INFO: SweepDetector v2: 0 raw → 0 confirmed (vol≥2.5× body≥30%)
18:58:53 core.sweep_detector INFO: OrderBlocks: 7 detected, 3 unmitigated
18:58:53 core.sweep_detector INFO: FVGs: 10 detected, 5 unfilled
18:58:54 core.sweep_detector INFO: SweepDetector v2: 4 raw → 3 confirmed (vol≥2.5× body≥30%)
18:58:54 core.sweep_detector INFO: OrderBlocks: 3 detected, 1 unmitigated
18:58:54 core.sweep_detector INFO: FVGs: 4 detected, 2 unfilled
18:58:56 core.sweep_detector INFO: SweepDetector v2: 1 raw → 1 confirmed (vol≥2.5× body≥30%)
18:58:56 core.sweep_detector INFO: OrderBlocks: 4 detected, 1 unmitigated
18:58:56 core.sweep_detector INFO: FVGs: 5 detected, 2 unfilled
18:58:58 core.sweep_detector INFO: SweepDetector v2: 1 raw → 1 confirmed (vol≥2.5× body≥30%)
18:58:58 core.sweep_detector INFO: OrderBlocks: 4 detected, 1 unmitigated
18:58:58 core.sweep_detector INFO: FVGs: 5 detected, 1 unfilled
18:59:00 core.sweep_detector INFO: SweepDetector v2: 2 raw → 2 confirmed (vol≥2.5× body≥30%)
18:59:00 core.sweep_detector INFO: OrderBlocks: 2 detected, 0 unmitigated
18:59:00 core.sweep_detector INFO: FVGs: 3 detected, 1 unfilled
18:59:02 core.sweep_detector INFO: SweepDetector v2: 1 raw → 1 confirmed (vol≥2.5× body≥30%)
18:59:02 core.sweep_detector INFO: OrderBlocks: 0 detected, 0 unmitigated
18:59:02 core.sweep_detector INFO: FVGs: 0 detected, 0 unfilled
18:59:03 core.sweep_detector INFO: SweepDetector v2: 2 raw → 2 confirmed (vol≥2.5× body≥30%)
18:59:03 core.sweep_detector INFO: OrderBlocks: 8 detected, 3 unmitigated
18:59:03 core.sweep_detector INFO: FVGs: 9 detected, 3 unfilled
18:59:05 core.sweep_detector INFO: SweepDetector v2: 4 raw → 2 confirmed (vol≥2.5× body≥30%)
18:59:05 core.sweep_detector INFO: OrderBlocks: 1 detected, 0 unmitigated
18:59:05 core.sweep_detector INFO: FVGs: 7 detected, 2 unfilled
18:59:07 core.sweep_detector INFO: SweepDetector v2: 2 raw → 0 confirmed (vol≥2.5× body≥30%)
18:59:07 core.sweep_detector INFO: OrderBlocks: 6 detected, 0 unmitigated
18:59:07 core.sweep_detector INFO: FVGs: 3 detected, 0 unfilled
18:59:09 core.sweep_detector INFO: SweepDetector v2: 1 raw → 0 confirmed (vol≥2.5× body≥30%)
18:59:09 core.sweep_detector INFO: OrderBlocks: 5 detected, 1 unmitigated
18:59:09 core.sweep_detector INFO: FVGs: 5 detected, 2 unfilled
18:59:10 core.sweep_detector INFO: SweepDetector v2: 4 raw → 4 confirmed (vol≥2.5× body≥30%)
18:59:10 core.sweep_detector INFO: OrderBlocks: 1 detected, 0 unmitigated
18:59:10 core.sweep_detector INFO: FVGs: 6 detected, 1 unfilled
18:59:12 core.sweep_detector INFO: SweepDetector v2: 0 raw → 0 confirmed (vol≥2.5× body≥30%)
18:59:12 core.sweep_detector INFO: OrderBlocks: 4 detected, 0 unmitigated
18:59:12 core.sweep_detector INFO: FVGs: 5 detected, 0 unfilled
18:59:13 core.sweep_detector INFO: SweepDetector v2: 2 raw → 2 confirmed (vol≥2.5× body≥30%)
18:59:13 core.sweep_detector INFO: OrderBlocks: 7 detected, 3 unmitigated
18:59:13 core.sweep_detector INFO: FVGs: 9 detected, 2 unfilled
18:59:15 core.sweep_detector INFO: SweepDetector v2: 1 raw → 1 confirmed (vol≥2.5× body≥30%)
18:59:15 core.sweep_detector INFO: OrderBlocks: 4 detected, 1 unmitigated
18:59:15 core.sweep_detector INFO: FVGs: 6 detected, 1 unfilled
18:59:17 core.sweep_detector INFO: SweepDetector v2: 1 raw → 1 confirmed (vol≥2.5× body≥30%)
18:59:17 core.sweep_detector INFO: OrderBlocks: 7 detected, 2 unmitigated
18:59:17 core.sweep_detector INFO: FVGs: 9 detected, 2 unfilled
18:59:19 core.sweep_detector INFO: SweepDetector v2: 0 raw → 0 confirmed (vol≥2.5× body≥30%)
18:59:19 core.sweep_detector INFO: OrderBlocks: 1 detected, 0 unmitigated
18:59:19 core.sweep_detector INFO: FVGs: 0 detected, 0 unfilled
18:59:21 core.sweep_detector INFO: SweepDetector v2: 0 raw → 0 confirmed (vol≥2.5× body≥30%)
18:59:21 core.sweep_detector INFO: OrderBlocks: 0 detected, 0 unmitigated
18:59:21 core.sweep_detector INFO: FVGs: 0 detected, 0 unfilled
18:59:23 core.sweep_detector INFO: SweepDetector v2: 0 raw → 0 confirmed (vol≥2.5× body≥30%)
18:59:23 core.sweep_detector INFO: OrderBlocks: 0 detected, 0 unmitigated
18:59:23 core.sweep_detector INFO: FVGs: 0 detected, 0 unfilled
18:59:24 core.sweep_detector INFO: SweepDetector v2: 2 raw → 2 confirmed (vol≥2.5× body≥30%)
18:59:24 core.sweep_detector INFO: OrderBlocks: 5 detected, 2 unmitigated
18:59:24 core.sweep_detector INFO: FVGs: 6 detected, 1 unfilled
18:59:26 core.sweep_detector INFO: SweepDetector v2: 3 raw → 3 confirmed (vol≥2.5× body≥30%)
18:59:26 core.sweep_detector INFO: OrderBlocks: 4 detected, 0 unmitigated
18:59:26 core.sweep_detector INFO: FVGs: 9 detected, 0 unfilled
18:59:28 core.sweep_detector INFO: SweepDetector v2: 1 raw → 1 confirmed (vol≥2.5× body≥30%)
18:59:28 core.sweep_detector INFO: OrderBlocks: 7 detected, 1 unmitigated
18:59:28 core.sweep_detector INFO: FVGs: 8 detected, 1 unfilled
18:59:30 core.sweep_detector INFO: SweepDetector v2: 2 raw → 1 confirmed (vol≥2.5× body≥30%)
18:59:30 core.sweep_detector INFO: OrderBlocks: 6 detected, 1 unmitigated
18:59:30 core.sweep_detector INFO: FVGs: 11 detected, 1 unfilled
18:59:31 core.sweep_detector INFO: SweepDetector v2: 1 raw → 0 confirmed (vol≥2.5× body≥30%)
18:59:31 core.sweep_detector INFO: OrderBlocks: 0 detected, 0 unmitigated
18:59:31 core.sweep_detector INFO: FVGs: 5 detected, 3 unfilled
18:59:33 core.sweep_detector INFO: SweepDetector v2: 1 raw → 0 confirmed (vol≥2.5× body≥30%)
18:59:33 core.sweep_detector INFO: OrderBlocks: 4 detected, 0 unmitigated
18:59:33 core.sweep_detector INFO: FVGs: 4 detected, 1 unfilled
18:59:35 core.sweep_detector INFO: SweepDetector v2: 0 raw → 0 confirmed (vol≥2.5× body≥30%)
18:59:35 core.sweep_detector INFO: OrderBlocks: 4 detected, 2 unmitigated
18:59:35 core.sweep_detector INFO: FVGs: 10 detected, 7 unfilled
18:59:36 core.sweep_detector INFO: SweepDetector v2: 0 raw → 0 confirmed (vol≥2.5× body≥30%)
18:59:36 core.sweep_detector INFO: OrderBlocks: 2 detected, 0 unmitigated
18:59:36 core.sweep_detector INFO: FVGs: 5 detected, 1 unfilled
18:59:38 core.sweep_detector INFO: SweepDetector v2: 1 raw → 1 confirmed (vol≥2.5× body≥30%)
18:59:38 core.sweep_detector INFO: OrderBlocks: 5 detected, 0 unmitigated
18:59:38 core.sweep_detector INFO: FVGs: 3 detected, 0 unfilled
18:59:40 core.sweep_detector INFO: SweepDetector v2: 5 raw → 3 confirmed (vol≥2.5× body≥30%)
18:59:40 core.sweep_detector INFO: OrderBlocks: 8 detected, 2 unmitigated
18:59:40 core.sweep_detector INFO: FVGs: 9 detected, 2 unfilled
18:59:42 core.sweep_detector INFO: SweepDetector v2: 2 raw → 2 confirmed (vol≥2.5× body≥30%)
18:59:42 core.sweep_detector INFO: OrderBlocks: 6 detected, 4 unmitigated
18:59:42 core.sweep_detector INFO: FVGs: 15 detected, 4 unfilled
18:59:44 core.sweep_detector INFO: SweepDetector v2: 1 raw → 1 confirmed (vol≥2.5× body≥30%)
18:59:44 core.sweep_detector INFO: OrderBlocks: 7 detected, 3 unmitigated
18:59:44 core.sweep_detector INFO: FVGs: 11 detected, 9 unfilled
18:59:46 core.sweep_detector INFO: SweepDetector v2: 0 raw → 0 confirmed (vol≥2.5× body≥30%)
18:59:46 core.sweep_detector INFO: OrderBlocks: 5 detected, 1 unmitigated
18:59:46 core.sweep_detector INFO: FVGs: 8 detected, 3 unfilled
18:59:48 core.sweep_detector INFO: SweepDetector v2: 2 raw → 2 confirmed (vol≥2.5× body≥30%)
18:59:48 core.sweep_detector INFO: OrderBlocks: 3 detected, 2 unmitigated
18:59:48 core.sweep_detector INFO: FVGs: 4 detected, 1 unfilled
18:59:49 core.sweep_detector INFO: SweepDetector v2: 0 raw → 0 confirmed (vol≥2.5× body≥30%)
18:59:49 core.sweep_detector INFO: OrderBlocks: 0 detected, 0 unmitigated
18:59:49 core.sweep_detector INFO: FVGs: 0 detected, 0 unfilled
18:59:51 core.sweep_detector INFO: SweepDetector v2: 1 raw → 1 confirmed (vol≥2.5× body≥30%)
18:59:51 core.sweep_detector INFO: OrderBlocks: 3 detected, 2 unmitigated
18:59:51 core.sweep_detector INFO: FVGs: 12 detected, 8 unfilled
18:59:53 core.sweep_detector INFO: SweepDetector v2: 1 raw → 1 confirmed (vol≥2.5× body≥30%)
18:59:53 core.sweep_detector INFO: OrderBlocks: 0 detected, 0 unmitigated
18:59:53 core.sweep_detector INFO: FVGs: 0 detected, 0 unfilled
18:59:54 core.sweep_detector INFO: SweepDetector v2: 3 raw → 3 confirmed (vol≥2.5× body≥30%)
18:59:54 core.sweep_detector INFO: OrderBlocks: 5 detected, 0 unmitigated
18:59:54 core.sweep_detector INFO: FVGs: 4 detected, 1 unfilled
18:59:56 core.sweep_detector INFO: SweepDetector v2: 1 raw → 0 confirmed (vol≥2.5× body≥30%)
18:59:56 core.sweep_detector INFO: OrderBlocks: 7 detected, 1 unmitigated
18:59:56 core.sweep_detector INFO: FVGs: 8 detected, 3 unfilled
18:59:58 core.sweep_detector INFO: SweepDetector v2: 3 raw → 1 confirmed (vol≥2.5× body≥30%)
18:59:58 core.sweep_detector INFO: OrderBlocks: 3 detected, 2 unmitigated
18:59:58 core.sweep_detector INFO: FVGs: 6 detected, 1 unfilled
19:00:02 core.sweep_detector INFO: SweepDetector v2: 0 raw → 0 confirmed (vol≥2.5× body≥30%)
19:00:02 core.sweep_detector INFO: OrderBlocks: 7 detected, 0 unmitigated
19:00:02 core.sweep_detector INFO: FVGs: 4 detected, 1 unfilled
19:00:04 core.sweep_detector INFO: SweepDetector v2: 4 raw → 3 confirmed (vol≥2.5× body≥30%)
19:00:04 core.sweep_detector INFO: OrderBlocks: 7 detected, 2 unmitigated
19:00:04 core.sweep_detector INFO: FVGs: 10 detected, 2 unfilled
19:00:06 core.sweep_detector INFO: SweepDetector v2: 2 raw → 1 confirmed (vol≥2.5× body≥30%)
19:00:06 core.sweep_detector INFO: OrderBlocks: 4 detected, 2 unmitigated
19:00:06 core.sweep_detector INFO: FVGs: 15 detected, 7 unfilled
19:00:08 core.sweep_detector INFO: SweepDetector v2: 2 raw → 1 confirmed (vol≥2.5× body≥30%)
19:00:08 core.sweep_detector INFO: OrderBlocks: 5 detected, 2 unmitigated
19:00:08 core.sweep_detector INFO: FVGs: 8 detected, 3 unfilled
19:00:10 core.sweep_detector INFO: SweepDetector v2: 7 raw → 5 confirmed (vol≥2.5× body≥30%)
19:00:10 core.sweep_detector INFO: OrderBlocks: 6 detected, 5 unmitigated
19:00:10 core.sweep_detector INFO: FVGs: 14 detected, 8 unfilled
19:00:12 core.sweep_detector INFO: SweepDetector v2: 2 raw → 1 confirmed (vol≥2.5× body≥30%)
19:00:12 core.sweep_detector INFO: OrderBlocks: 3 detected, 2 unmitigated
19:00:12 core.sweep_detector INFO: FVGs: 7 detected, 3 unfilled
19:00:14 core.sweep_detector INFO: SweepDetector v2: 3 raw → 3 confirmed (vol≥2.5× body≥30%)
19:00:14 core.sweep_detector INFO: OrderBlocks: 2 detected, 1 unmitigated
19:00:14 core.sweep_detector INFO: FVGs: 7 detected, 2 unfilled
19:00:15 core.sweep_detector INFO: SweepDetector v2: 0 raw → 0 confirmed (vol≥2.5× body≥30%)
19:00:16 core.sweep_detector INFO: OrderBlocks: 7 detected, 4 unmitigated
19:00:16 core.sweep_detector INFO: FVGs: 13 detected, 6 unfilled
19:00:17 core.sweep_detector INFO: SweepDetector v2: 2 raw → 1 confirmed (vol≥2.5× body≥30%)
19:00:17 core.sweep_detector INFO: OrderBlocks: 3 detected, 3 unmitigated
19:00:17 core.sweep_detector INFO: FVGs: 7 detected, 4 unfilled
19:00:19 core.sweep_detector INFO: SweepDetector v2: 1 raw → 0 confirmed (vol≥2.5× body≥30%)
19:00:19 core.sweep_detector INFO: OrderBlocks: 8 detected, 2 unmitigated
19:00:19 core.sweep_detector INFO: FVGs: 3 detected, 2 unfilled
19:00:20 core.sweep_detector INFO: SweepDetector v2: 3 raw → 3 confirmed (vol≥2.5× body≥30%)
19:00:20 core.sweep_detector INFO: OrderBlocks: 3 detected, 1 unmitigated
19:00:20 core.sweep_detector INFO: FVGs: 4 detected, 1 unfilled
19:00:22 core.sweep_detector INFO: SweepDetector v2: 2 raw → 1 confirmed (vol≥2.5× body≥30%)
19:00:22 core.sweep_detector INFO: OrderBlocks: 5 detected, 0 unmitigated
19:00:22 core.sweep_detector INFO: FVGs: 6 detected, 0 unfilled
19:00:23 core.sweep_detector INFO: SweepDetector v2: 1 raw → 1 confirmed (vol≥2.5× body≥30%)
19:00:23 core.sweep_detector INFO: OrderBlocks: 6 detected, 2 unmitigated
19:00:23 core.sweep_detector INFO: FVGs: 6 detected, 2 unfilled
19:00:25 core.sweep_detector INFO: SweepDetector v2: 1 raw → 0 confirmed (vol≥2.5× body≥30%)
19:00:25 core.sweep_detector INFO: OrderBlocks: 3 detected, 0 unmitigated
19:00:25 core.sweep_detector INFO: FVGs: 12 detected, 5 unfilled
19:00:27 core.sweep_detector INFO: SweepDetector v2: 1 raw → 1 confirmed (vol≥2.5× body≥30%)
19:00:27 core.sweep_detector INFO: OrderBlocks: 2 detected, 0 unmitigated
19:00:27 core.sweep_detector INFO: FVGs: 3 detected, 1 unfilled
19:00:29 core.sweep_detector INFO: SweepDetector v2: 1 raw → 1 confirmed (vol≥2.5× body≥30%)
19:00:29 core.sweep_detector INFO: OrderBlocks: 3 detected, 0 unmitigated
19:00:29 core.sweep_detector INFO: FVGs: 5 detected, 1 unfilled
19:00:30 core.sweep_detector INFO: SweepDetector v2: 1 raw → 0 confirmed (vol≥2.5× body≥30%)
19:00:30 core.sweep_detector INFO: OrderBlocks: 6 detected, 3 unmitigated
19:00:30 core.sweep_detector INFO: FVGs: 10 detected, 6 unfilled
19:00:32 core.sweep_detector INFO: SweepDetector v2: 1 raw → 1 confirmed (vol≥2.5× body≥30%)
19:00:32 core.sweep_detector INFO: OrderBlocks: 4 detected, 2 unmitigated
19:00:32 core.sweep_detector INFO: FVGs: 9 detected, 3 unfilled
19:00:34 core.sweep_detector INFO: SweepDetector v2: 2 raw → 1 confirmed (vol≥2.5× body≥30%)
19:00:34 core.sweep_detector INFO: OrderBlocks: 6 detected, 1 unmitigated
19:00:34 core.sweep_detector INFO: FVGs: 5 detected, 2 unfilled
19:00:35 core.sweep_detector INFO: SweepDetector v2: 0 raw → 0 confirmed (vol≥2.5× body≥30%)
19:00:35 core.sweep_detector INFO: OrderBlocks: 10 detected, 2 unmitigated
19:00:35 core.sweep_detector INFO: FVGs: 11 detected, 2 unfilled
19:00:37 core.sweep_detector INFO: SweepDetector v2: 1 raw → 1 confirmed (vol≥2.5× body≥30%)
19:00:37 core.sweep_detector INFO: OrderBlocks: 5 detected, 4 unmitigated
19:00:37 core.sweep_detector INFO: FVGs: 5 detected, 2 unfilled
19:00:38 core.sweep_detector INFO: SweepDetector v2: 0 raw → 0 confirmed (vol≥2.5× body≥30%)
19:00:38 core.sweep_detector INFO: OrderBlocks: 4 detected, 2 unmitigated
19:00:38 core.sweep_detector INFO: FVGs: 6 detected, 2 unfilled
19:00:40 core.sweep_detector INFO: SweepDetector v2: 0 raw → 0 confirmed (vol≥2.5× body≥30%)
19:00:40 core.sweep_detector INFO: OrderBlocks: 3 detected, 0 unmitigated
19:00:40 core.sweep_detector INFO: FVGs: 0 detected, 0 unfilled
19:00:42 core.sweep_detector INFO: SweepDetector v2: 0 raw → 0 confirmed (vol≥2.5× body≥30%)
19:00:42 core.sweep_detector INFO: OrderBlocks: 0 detected, 0 unmitigated
19:00:42 core.sweep_detector INFO: FVGs: 0 detected, 0 unfilled
19:00:43 core.sweep_detector INFO: SweepDetector v2: 0 raw → 0 confirmed (vol≥2.5× body≥30%)
19:00:43 core.sweep_detector INFO: OrderBlocks: 0 detected, 0 unmitigated
19:00:43 core.sweep_detector INFO: FVGs: 0 detected, 0 unfilled
19:00:45 core.sweep_detector INFO: SweepDetector v2: 1 raw → 1 confirmed (vol≥2.5× body≥30%)
19:00:45 core.sweep_detector INFO: OrderBlocks: 6 detected, 3 unmitigated
19:00:45 core.sweep_detector INFO: FVGs: 8 detected, 4 unfilled
19:00:47 core.sweep_detector INFO: SweepDetector v2: 1 raw → 1 confirmed (vol≥2.5× body≥30%)
19:00:47 core.sweep_detector INFO: OrderBlocks: 4 detected, 0 unmitigated
19:00:47 core.sweep_detector INFO: FVGs: 6 detected, 1 unfilled
19:00:49 core.sweep_detector INFO: SweepDetector v2: 1 raw → 1 confirmed (vol≥2.5× body≥30%)
19:00:49 core.sweep_detector INFO: OrderBlocks: 4 detected, 1 unmitigated
19:00:49 core.sweep_detector INFO: FVGs: 4 detected, 1 unfilled
19:00:51 core.sweep_detector INFO: SweepDetector v2: 1 raw → 1 confirmed (vol≥2.5× body≥30%)
19:00:51 core.sweep_detector INFO: OrderBlocks: 2 detected, 0 unmitigated
19:00:51 core.sweep_detector INFO: FVGs: 0 detected, 0 unfilled
19:00:52 core.sweep_detector INFO: SweepDetector v2: 0 raw → 0 confirmed (vol≥2.5× body≥30%)
19:00:52 core.sweep_detector INFO: OrderBlocks: 0 detected, 0 unmitigated
19:00:52 core.sweep_detector INFO: FVGs: 0 detected, 0 unfilled
19:00:54 core.sweep_detector INFO: SweepDetector v2: 0 raw → 0 confirmed (vol≥2.5× body≥30%)
19:00:54 core.sweep_detector INFO: OrderBlocks: 0 detected, 0 unmitigated
19:00:54 core.sweep_detector INFO: FVGs: 0 detected, 0 unfilled
19:00:55 core.sweep_detector INFO: SweepDetector v2: 0 raw → 0 confirmed (vol≥2.5× body≥30%)
19:00:55 core.sweep_detector INFO: OrderBlocks: 3 detected, 0 unmitigated
19:00:55 core.sweep_detector INFO: FVGs: 0 detected, 0 unfilled
19:00:57 core.sweep_detector INFO: SweepDetector v2: 0 raw → 0 confirmed (vol≥2.5× body≥30%)
19:00:57 core.sweep_detector INFO: OrderBlocks: 0 detected, 0 unmitigated
19:00:57 core.sweep_detector INFO: FVGs: 0 detected, 0 unfilled
19:00:59 core.sweep_detector INFO: SweepDetector v2: 0 raw → 0 confirmed (vol≥2.5× body≥30%)
19:00:59 core.sweep_detector INFO: OrderBlocks: 0 detected, 0 unmitigated
19:00:59 core.sweep_detector INFO: FVGs: 0 detected, 0 unfilled
19:01:01 core.sweep_detector INFO: SweepDetector v2: 0 raw → 0 confirmed (vol≥2.5× body≥30%)
19:01:01 core.sweep_detector INFO: OrderBlocks: 8 detected, 1 unmitigated
19:01:01 core.sweep_detector INFO: FVGs: 6 detected, 3 unfilled
19:01:03 core.sweep_detector INFO: SweepDetector v2: 2 raw → 2 confirmed (vol≥2.5× body≥30%)
19:01:03 core.sweep_detector INFO: OrderBlocks: 5 detected, 2 unmitigated
19:01:03 core.sweep_detector INFO: FVGs: 14 detected, 5 unfilled
19:01:05 core.sweep_detector INFO: SweepDetector v2: 1 raw → 1 confirmed (vol≥2.5× body≥30%)
19:01:05 core.sweep_detector INFO: OrderBlocks: 3 detected, 1 unmitigated
19:01:05 core.sweep_detector INFO: FVGs: 6 detected, 2 unfilled
19:01:06 core.sweep_detector INFO: SweepDetector v2: 0 raw → 0 confirmed (vol≥2.5× body≥30%)
19:01:06 core.sweep_detector INFO: OrderBlocks: 4 detected, 0 unmitigated
19:01:06 core.sweep_detector INFO: FVGs: 9 detected, 4 unfilled
19:01:08 core.sweep_detector INFO: SweepDetector v2: 1 raw → 1 confirmed (vol≥2.5× body≥30%)
19:01:08 core.sweep_detector INFO: OrderBlocks: 1 detected, 0 unmitigated
19:01:08 core.sweep_detector INFO: FVGs: 5 detected, 1 unfilled
19:01:10 core.sweep_detector INFO: SweepDetector v2: 0 raw → 0 confirmed (vol≥2.5× body≥30%)
19:01:10 core.sweep_detector INFO: OrderBlocks: 5 detected, 1 unmitigated
19:01:10 core.sweep_detector INFO: FVGs: 2 detected, 0 unfilled
19:01:11 core.sweep_detector INFO: SweepDetector v2: 2 raw → 1 confirmed (vol≥2.5× body≥30%)
19:01:11 core.sweep_detector INFO: OrderBlocks: 6 detected, 5 unmitigated
19:01:11 core.sweep_detector INFO: FVGs: 12 detected, 6 unfilled
19:01:13 core.sweep_detector INFO: SweepDetector v2: 3 raw → 3 confirmed (vol≥2.5× body≥30%)
19:01:13 core.sweep_detector INFO: OrderBlocks: 1 detected, 0 unmitigated
19:01:13 core.sweep_detector INFO: FVGs: 8 detected, 3 unfilled
19:01:14 core.sweep_detector INFO: SweepDetector v2: 0 raw → 0 confirmed (vol≥2.5× body≥30%)
19:01:14 core.sweep_detector INFO: OrderBlocks: 10 detected, 1 unmitigated
19:01:14 core.sweep_detector INFO: FVGs: 8 detected, 1 unfilled
19:01:16 core.sweep_detector INFO: SweepDetector v2: 2 raw → 1 confirmed (vol≥2.5× body≥30%)
19:01:16 core.sweep_detector INFO: OrderBlocks: 6 detected, 1 unmitigated
19:01:16 core.sweep_detector INFO: FVGs: 5 detected, 2 unfilled
19:01:19 core.sweep_detector INFO: SweepDetector v2: 1 raw → 1 confirmed (vol≥2.5× body≥30%)
19:01:19 core.sweep_detector INFO: OrderBlocks: 2 detected, 0 unmitigated
19:01:19 core.sweep_detector INFO: FVGs: 6 detected, 4 unfilled
19:01:21 core.sweep_detector INFO: SweepDetector v2: 3 raw → 2 confirmed (vol≥2.5× body≥30%)
19:01:21 core.sweep_detector INFO: OrderBlocks: 2 detected, 0 unmitigated
19:01:21 core.sweep_detector INFO: FVGs: 4 detected, 0 unfilled
19:01:23 core.sweep_detector INFO: SweepDetector v2: 0 raw → 0 confirmed (vol≥2.5× body≥30%)
19:01:23 core.sweep_detector INFO: OrderBlocks: 0 detected, 0 unmitigated
19:01:23 core.sweep_detector INFO: FVGs: 3 detected, 2 unfilled
19:01:25 core.sweep_detector INFO: SweepDetector v2: 0 raw → 0 confirmed (vol≥2.5× body≥30%)
19:01:25 core.sweep_detector INFO: OrderBlocks: 2 detected, 2 unmitigated
19:01:25 core.sweep_detector INFO: FVGs: 5 detected, 3 unfilled
19:01:26 core.sweep_detector INFO: SweepDetector v2: 0 raw → 0 confirmed (vol≥2.5× body≥30%)
19:01:26 core.sweep_detector INFO: OrderBlocks: 7 detected, 3 unmitigated
19:01:26 core.sweep_detector INFO: FVGs: 1 detected, 1 unfilled
19:01:28 core.sweep_detector INFO: SweepDetector v2: 0 raw → 0 confirmed (vol≥2.5× body≥30%)
19:01:28 core.sweep_detector INFO: OrderBlocks: 7 detected, 3 unmitigated
19:01:28 core.sweep_detector INFO: FVGs: 10 detected, 5 unfilled
19:01:29 core.sweep_detector INFO: SweepDetector v2: 1 raw → 1 confirmed (vol≥2.5× body≥30%)
19:01:29 core.sweep_detector INFO: OrderBlocks: 4 detected, 2 unmitigated
19:01:29 core.sweep_detector INFO: FVGs: 6 detected, 2 unfilled
19:01:31 core.sweep_detector INFO: SweepDetector v2: 0 raw → 0 confirmed (vol≥2.5× body≥30%)
19:01:31 core.sweep_detector INFO: OrderBlocks: 10 detected, 2 unmitigated
19:01:31 core.sweep_detector INFO: FVGs: 7 detected, 1 unfilled
19:01:32 core.sweep_detector INFO: SweepDetector v2: 0 raw → 0 confirmed (vol≥2.5× body≥30%)
19:01:32 core.sweep_detector INFO: OrderBlocks: 8 detected, 1 unmitigated
19:01:32 core.sweep_detector INFO: FVGs: 10 detected, 4 unfilled
19:01:34 core.sweep_detector INFO: SweepDetector v2: 2 raw → 2 confirmed (vol≥2.5× body≥30%)
19:01:34 core.sweep_detector INFO: OrderBlocks: 1 detected, 0 unmitigated
19:01:34 core.sweep_detector INFO: FVGs: 10 detected, 3 unfilled
19:01:36 core.sweep_detector INFO: SweepDetector v2: 1 raw → 1 confirmed (vol≥2.5× body≥30%)
19:01:36 core.sweep_detector INFO: OrderBlocks: 2 detected, 0 unmitigated
19:01:36 core.sweep_detector INFO: FVGs: 7 detected, 2 unfilled
19:01:38 core.sweep_detector INFO: SweepDetector v2: 2 raw → 2 confirmed (vol≥2.5× body≥30%)
19:01:38 core.sweep_detector INFO: OrderBlocks: 4 detected, 1 unmitigated
19:01:38 core.sweep_detector INFO: FVGs: 8 detected, 2 unfilled
19:01:40 core.sweep_detector INFO: SweepDetector v2: 1 raw → 1 confirmed (vol≥2.5× body≥30%)
19:01:40 core.sweep_detector INFO: OrderBlocks: 3 detected, 2 unmitigated
19:01:40 core.sweep_detector INFO: FVGs: 4 detected, 1 unfilled
19:01:42 core.sweep_detector INFO: SweepDetector v2: 0 raw → 0 confirmed (vol≥2.5× body≥30%)
19:01:42 core.sweep_detector INFO: OrderBlocks: 5 detected, 2 unmitigated
19:01:42 core.sweep_detector INFO: FVGs: 3 detected, 1 unfilled
19:01:44 core.sweep_detector INFO: SweepDetector v2: 0 raw → 0 confirmed (vol≥2.5× body≥30%)
19:01:44 core.sweep_detector INFO: OrderBlocks: 0 detected, 0 unmitigated
19:01:44 core.sweep_detector INFO: FVGs: 0 detected, 0 unfilled
19:01:45 core.sweep_detector INFO: SweepDetector v2: 0 raw → 0 confirmed (vol≥2.5× body≥30%)
19:01:45 core.sweep_detector INFO: OrderBlocks: 3 detected, 0 unmitigated
19:01:45 core.sweep_detector INFO: FVGs: 0 detected, 0 unfilled
19:01:47 core.sweep_detector INFO: SweepDetector v2: 0 raw → 0 confirmed (vol≥2.5× body≥30%)
19:01:47 core.sweep_detector INFO: OrderBlocks: 0 detected, 0 unmitigated
19:01:47 core.sweep_detector INFO: FVGs: 0 detected, 0 unfilled
19:01:49 core.sweep_detector INFO: SweepDetector v2: 7 raw → 3 confirmed (vol≥2.5× body≥30%)
19:01:49 core.sweep_detector INFO: OrderBlocks: 11 detected, 3 unmitigated
19:01:49 core.sweep_detector INFO: FVGs: 10 detected, 2 unfilled
19:01:51 core.sweep_detector INFO: SweepDetector v2: 1 raw → 1 confirmed (vol≥2.5× body≥30%)
19:01:51 core.sweep_detector INFO: OrderBlocks: 7 detected, 2 unmitigated
19:01:51 core.sweep_detector INFO: FVGs: 17 detected, 4 unfilled
19:01:52 core.sweep_detector INFO: SweepDetector v2: 3 raw → 2 confirmed (vol≥2.5× body≥30%)
19:01:53 core.sweep_detector INFO: OrderBlocks: 10 detected, 2 unmitigated
19:01:53 core.sweep_detector INFO: FVGs: 10 detected, 2 unfilled
19:01:54 core.sweep_detector INFO: SweepDetector v2: 1 raw → 1 confirmed (vol≥2.5× body≥30%)
19:01:54 core.sweep_detector INFO: OrderBlocks: 5 detected, 0 unmitigated
19:01:54 core.sweep_detector INFO: FVGs: 6 detected, 1 unfilled
19:01:56 core.sweep_detector INFO: SweepDetector v2: 2 raw → 1 confirmed (vol≥2.5× body≥30%)
19:01:56 core.sweep_detector INFO: OrderBlocks: 2 detected, 1 unmitigated
19:01:56 core.sweep_detector INFO: FVGs: 6 detected, 1 unfilled
19:01:58 core.sweep_detector INFO: SweepDetector v2: 0 raw → 0 confirmed (vol≥2.5× body≥30%)
19:01:58 core.sweep_detector INFO: OrderBlocks: 6 detected, 0 unmitigated
19:01:58 core.sweep_detector INFO: FVGs: 7 detected, 1 unfilled
19:02:00 core.sweep_detector INFO: SweepDetector v2: 2 raw → 2 confirmed (vol≥2.5× body≥30%)
19:02:00 core.sweep_detector INFO: OrderBlocks: 7 detected, 1 unmitigated
19:02:00 core.sweep_detector INFO: FVGs: 7 detected, 3 unfilled
19:02:02 core.sweep_detector INFO: SweepDetector v2: 2 raw → 2 confirmed (vol≥2.5× body≥30%)
19:02:02 core.sweep_detector INFO: OrderBlocks: 4 detected, 1 unmitigated
19:02:02 core.sweep_detector INFO: FVGs: 7 detected, 1 unfilled
19:02:04 core.sweep_detector INFO: SweepDetector v2: 2 raw → 2 confirmed (vol≥2.5× body≥30%)
19:02:04 core.sweep_detector INFO: OrderBlocks: 1 detected, 0 unmitigated
19:02:04 core.sweep_detector INFO: FVGs: 8 detected, 3 unfilled
19:02:05 __main__ INFO: Checking 1 open trades for exit conditions
/root/.openclaw/workspace/projects/crypto-liquidity-hunter/main.py:555: DeprecationWarning: datetime.datetime.utcnow() is deprecated and scheduled for removal in a future version. Use timezone-aware objects to represent datetimes in UTC: datetime.datetime.now(datetime.UTC).
  scan_end     = datetime.utcnow()

=== SCAN ALL: 80 pairs, 3 timeframes ===
Total signals generated: 0
