17:00:11 core.signal_engine INFO: Signal rejected: R:R too low 0.25 < 1.5
17:00:15 core.signal_engine INFO: Signal rejected: R:R too low 1.10 < 1.5
17:00:19 core.signal_engine INFO: Signal rejected: R:R too low 0.31 < 1.5
17:00:25 core.signal_engine INFO: Signal rejected: R:R too low 0.35 < 1.5
17:00:31 core.signal_engine INFO: Signal rejected: R:R too low 0.08 < 1.5
17:00:34 core.signal_engine INFO: Signal rejected: R:R too low 0.64 < 1.5
17:00:49 core.signal_engine INFO: Signal rejected: R:R too low 0.07 < 1.5
17:00:51 core.signal_engine INFO: Signal rejected: R:R too low 0.51 < 1.5
17:00:51 core.signal_engine INFO: Signal rejected: R:R too low 0.62 < 1.5
17:01:02 core.signal_engine INFO: Signal rejected: R:R too low 1.16 < 1.5
17:01:05 core.signal_engine INFO: Signal rejected: R:R too low 0.54 < 1.5
17:01:13 core.signal_engine INFO: Signal rejected: R:R too low 0.01 < 1.5
17:01:20 core.signal_engine INFO: Signal rejected: R:R too low 0.93 < 1.5
17:01:23 core.signal_engine INFO: Signal rejected: R:R too low 0.78 < 1.5
17:01:36 core.signal_engine INFO: Signal rejected: R:R too low 0.13 < 1.5

=== SCAN ALL: 20 pairs, 3 timeframes ===
Total signals generated: 34
  binance:SUI/USDT 15m LONG Entry=0.96 SL=0.96 TP=0.98 R:R=9.01
  binance:SEI/USDT 1h LONG Entry=0.07 SL=0.07 TP=0.08 R:R=7.78
  binance:SEI/USDT 15m SHORT Entry=0.07 SL=0.07 TP=0.07 R:R=2.32
  binance:SEI/USDT 15m LONG Entry=0.06 SL=0.06 TP=0.07 R:R=29.16
  binance:WIF/USDT 4h SHORT Entry=0.22 SL=0.23 TP=0.20 R:R=2.99
  binance:WIF/USDT 15m LONG Entry=0.18 SL=0.18 TP=0.19 R:R=31.57
  binance:WIF/USDT 15m SHORT Entry=0.18 SL=0.18 TP=0.16 R:R=100.00
  binance:WIF/USDT 15m LONG Entry=0.18 SL=0.18 TP=0.19 R:R=27.89
  binance:WIF/USDT 15m LONG Entry=0.18 SL=0.18 TP=0.19 R:R=26.06
  binance:WIF/USDT 15m SHORT Entry=0.18 SL=0.18 TP=0.16 R:R=100.00
