08:10:01 __main__ INFO: Volume filter: fetching all tickers in one call...
08:10:03 __main__ INFO: Volume filter: 35/170 pairs pass $1M threshold
/root/.openclaw/workspace/projects/crypto-liquidity-hunter/main.py:292: DeprecationWarning: datetime.datetime.utcnow() is deprecated and scheduled for removal in a future version. Use timezone-aware objects to represent datetimes in UTC: datetime.datetime.now(datetime.UTC).
  scan_start = datetime.utcnow()   # for duration tracking
08:10:04 core.binance_connector INFO: BinanceConnector: connected [LIVE FUTURES]
08:10:04 __main__ INFO: Auto-executor: account 'Liquiddbot1' mode=live exec=pending
08:10:06 core.sweep_detector INFO: SweepDetector v2: 3 raw â†’ 3 confirmed (volâ‰Ą1.5Ă— bodyâ‰Ą40%)
08:10:06 core.sweep_detector INFO: OrderBlocks: 8 detected, 0 unmitigated
08:10:06 core.sweep_detector INFO: FVGs: 12 detected, 2 unfilled
08:10:07 core.sweep_detector INFO: SweepDetector v2: 7 raw â†’ 6 confirmed (volâ‰Ą1.5Ă— bodyâ‰Ą40%)
08:10:07 core.sweep_detector INFO: OrderBlocks: 3 detected, 2 unmitigated
08:10:07 core.sweep_detector INFO: FVGs: 14 detected, 6 unfilled
08:10:09 core.sweep_detector INFO: SweepDetector v2: 2 raw â†’ 1 confirmed (volâ‰Ą1.5Ă— bodyâ‰Ą40%)
08:10:09 core.sweep_detector INFO: OrderBlocks: 4 detected, 2 unmitigated
08:10:09 core.sweep_detector INFO: FVGs: 8 detected, 4 unfilled
08:10:11 core.sweep_detector INFO: SweepDetector v2: 4 raw â†’ 3 confirmed (volâ‰Ą1.5Ă— bodyâ‰Ą40%)
08:10:11 core.sweep_detector INFO: OrderBlocks: 10 detected, 4 unmitigated
08:10:11 core.sweep_detector INFO: FVGs: 11 detected, 6 unfilled
08:10:12 core.sweep_detector INFO: SweepDetector v2: 5 raw â†’ 4 confirmed (volâ‰Ą1.5Ă— bodyâ‰Ą40%)
08:10:12 core.sweep_detector INFO: OrderBlocks: 3 detected, 1 unmitigated
08:10:12 core.sweep_detector INFO: FVGs: 7 detected, 4 unfilled
08:10:14 core.sweep_detector INFO: SweepDetector v2: 4 raw â†’ 2 confirmed (volâ‰Ą1.5Ă— bodyâ‰Ą40%)
08:10:14 core.sweep_detector INFO: OrderBlocks: 5 detected, 2 unmitigated
08:10:14 core.sweep_detector INFO: FVGs: 7 detected, 3 unfilled
08:10:16 core.sweep_detector INFO: SweepDetector v2: 5 raw â†’ 4 confirmed (volâ‰Ą1.5Ă— bodyâ‰Ą40%)
08:10:16 core.sweep_detector INFO: OrderBlocks: 7 detected, 0 unmitigated
08:10:16 core.sweep_detector INFO: FVGs: 10 detected, 4 unfilled
08:10:17 core.sweep_detector INFO: SweepDetector v2: 6 raw â†’ 4 confirmed (volâ‰Ą1.5Ă— bodyâ‰Ą40%)
08:10:17 core.sweep_detector INFO: OrderBlocks: 3 detected, 2 unmitigated
08:10:17 core.sweep_detector INFO: FVGs: 5 detected, 3 unfilled
08:10:19 core.sweep_detector INFO: SweepDetector v2: 3 raw â†’ 3 confirmed (volâ‰Ą1.5Ă— bodyâ‰Ą40%)
08:10:19 core.sweep_detector INFO: OrderBlocks: 5 detected, 3 unmitigated
08:10:19 core.sweep_detector INFO: FVGs: 4 detected, 3 unfilled
08:10:21 core.sweep_detector INFO: SweepDetector v2: 4 raw â†’ 3 confirmed (volâ‰Ą1.5Ă— bodyâ‰Ą40%)
08:10:21 core.sweep_detector INFO: OrderBlocks: 2 detected, 1 unmitigated
08:10:21 core.sweep_detector INFO: FVGs: 3 detected, 2 unfilled
08:10:22 core.sweep_detector INFO: SweepDetector v2: 2 raw â†’ 1 confirmed (volâ‰Ą1.5Ă— bodyâ‰Ą40%)
08:10:22 core.sweep_detector INFO: OrderBlocks: 3 detected, 0 unmitigated
08:10:22 core.sweep_detector INFO: FVGs: 8 detected, 2 unfilled
08:10:24 core.sweep_detector INFO: SweepDetector v2: 7 raw â†’ 3 confirmed (volâ‰Ą1.5Ă— bodyâ‰Ą40%)
08:10:24 core.sweep_detector INFO: OrderBlocks: 1 detected, 1 unmitigated
08:10:24 core.sweep_detector INFO: FVGs: 4 detected, 2 unfilled
08:10:26 core.sweep_detector INFO: SweepDetector v2: 2 raw â†’ 2 confirmed (volâ‰Ą1.5Ă— bodyâ‰Ą40%)
08:10:26 core.sweep_detector INFO: OrderBlocks: 5 detected, 0 unmitigated
08:10:26 core.sweep_detector INFO: FVGs: 5 detected, 1 unfilled
08:10:27 core.sweep_detector INFO: SweepDetector v2: 3 raw â†’ 2 confirmed (volâ‰Ą1.5Ă— bodyâ‰Ą40%)
08:10:27 core.sweep_detector INFO: OrderBlocks: 6 detected, 3 unmitigated
08:10:27 core.sweep_detector INFO: FVGs: 5 detected, 1 unfilled
08:10:29 core.sweep_detector INFO: SweepDetector v2: 4 raw â†’ 4 confirmed (volâ‰Ą1.5Ă— bodyâ‰Ą40%)
08:10:29 core.sweep_detector INFO: OrderBlocks: 4 detected, 1 unmitigated
08:10:29 core.sweep_detector INFO: FVGs: 8 detected, 3 unfilled
08:10:31 core.sweep_detector INFO: SweepDetector v2: 4 raw â†’ 2 confirmed (volâ‰Ą1.5Ă— bodyâ‰Ą40%)
08:10:31 core.sweep_detector INFO: OrderBlocks: 6 detected, 2 unmitigated
08:10:31 core.sweep_detector INFO: FVGs: 9 detected, 2 unfilled
08:10:33 core.sweep_detector INFO: SweepDetector v2: 2 raw â†’ 2 confirmed (volâ‰Ą1.5Ă— bodyâ‰Ą40%)
08:10:33 core.sweep_detector INFO: OrderBlocks: 3 detected, 2 unmitigated
08:10:33 core.sweep_detector INFO: FVGs: 5 detected, 3 unfilled
08:10:35 core.sweep_detector INFO: SweepDetector v2: 2 raw â†’ 2 confirmed (volâ‰Ą1.5Ă— bodyâ‰Ą40%)
08:10:35 core.sweep_detector INFO: OrderBlocks: 2 detected, 1 unmitigated
08:10:35 core.sweep_detector INFO: FVGs: 9 detected, 4 unfilled
08:10:36 core.sweep_detector INFO: SweepDetector v2: 5 raw â†’ 3 confirmed (volâ‰Ą1.5Ă— bodyâ‰Ą40%)
08:10:36 core.sweep_detector INFO: OrderBlocks: 7 detected, 2 unmitigated
08:10:36 core.sweep_detector INFO: FVGs: 8 detected, 2 unfilled
08:10:38 core.sweep_detector INFO: SweepDetector v2: 4 raw â†’ 4 confirmed (volâ‰Ą1.5Ă— bodyâ‰Ą40%)
08:10:38 core.sweep_detector INFO: OrderBlocks: 2 detected, 1 unmitigated
08:10:38 core.sweep_detector INFO: FVGs: 10 detected, 4 unfilled
08:10:40 core.sweep_detector INFO: SweepDetector v2: 3 raw â†’ 3 confirmed (volâ‰Ą1.5Ă— bodyâ‰Ą40%)
08:10:40 core.sweep_detector INFO: OrderBlocks: 3 detected, 0 unmitigated
08:10:40 core.sweep_detector INFO: FVGs: 9 detected, 2 unfilled
08:10:41 core.sweep_detector INFO: SweepDetector v2: 3 raw â†’ 2 confirmed (volâ‰Ą1.5Ă— bodyâ‰Ą40%)
08:10:41 core.sweep_detector INFO: OrderBlocks: 4 detected, 2 unmitigated
08:10:41 core.sweep_detector INFO: FVGs: 5 detected, 1 unfilled
08:10:43 core.sweep_detector INFO: SweepDetector v2: 1 raw â†’ 0 confirmed (volâ‰Ą1.5Ă— bodyâ‰Ą40%)
08:10:43 core.sweep_detector INFO: OrderBlocks: 1 detected, 0 unmitigated
08:10:43 core.sweep_detector INFO: FVGs: 5 detected, 1 unfilled
08:10:44 core.sweep_detector INFO: SweepDetector v2: 2 raw â†’ 1 confirmed (volâ‰Ą1.5Ă— bodyâ‰Ą40%)
08:10:44 core.sweep_detector INFO: OrderBlocks: 1 detected, 0 unmitigated
08:10:44 core.sweep_detector INFO: FVGs: 6 detected, 1 unfilled
08:10:46 core.sweep_detector INFO: SweepDetector v2: 3 raw â†’ 2 confirmed (volâ‰Ą1.5Ă— bodyâ‰Ą40%)
08:10:46 core.sweep_detector INFO: OrderBlocks: 5 detected, 3 unmitigated
08:10:46 core.sweep_detector INFO: FVGs: 9 detected, 4 unfilled
08:10:48 core.sweep_detector INFO: SweepDetector v2: 4 raw â†’ 3 confirmed (volâ‰Ą1.5Ă— bodyâ‰Ą40%)
08:10:48 core.sweep_detector INFO: OrderBlocks: 3 detected, 2 unmitigated
08:10:48 core.sweep_detector INFO: FVGs: 6 detected, 4 unfilled
08:10:50 core.sweep_detector INFO: SweepDetector v2: 0 raw â†’ 0 confirmed (volâ‰Ą1.5Ă— bodyâ‰Ą40%)
08:10:50 core.sweep_detector INFO: OrderBlocks: 3 detected, 1 unmitigated
08:10:50 core.sweep_detector INFO: FVGs: 7 detected, 2 unfilled
08:10:51 core.sweep_detector INFO: SweepDetector v2: 0 raw â†’ 0 confirmed (volâ‰Ą1.5Ă— bodyâ‰Ą40%)
08:10:51 core.sweep_detector INFO: OrderBlocks: 2 detected, 0 unmitigated
08:10:51 core.sweep_detector INFO: FVGs: 2 detected, 1 unfilled
08:10:53 core.sweep_detector INFO: SweepDetector v2: 9 raw â†’ 6 confirmed (volâ‰Ą1.5Ă— bodyâ‰Ą40%)
08:10:53 core.sweep_detector INFO: OrderBlocks: 1 detected, 1 unmitigated
08:10:53 core.sweep_detector INFO: FVGs: 1 detected, 0 unfilled
08:10:54 core.sweep_detector INFO: SweepDetector v2: 5 raw â†’ 4 confirmed (volâ‰Ą1.5Ă— bodyâ‰Ą40%)
08:10:54 core.sweep_detector INFO: OrderBlocks: 0 detected, 0 unmitigated
08:10:54 core.sweep_detector INFO: FVGs: 0 detected, 0 unfilled
08:10:56 core.sweep_detector INFO: SweepDetector v2: 7 raw â†’ 6 confirmed (volâ‰Ą1.5Ă— bodyâ‰Ą40%)
08:10:56 core.sweep_detector INFO: OrderBlocks: 7 detected, 1 unmitigated
08:10:56 core.sweep_detector INFO: FVGs: 9 detected, 2 unfilled
08:10:58 core.sweep_detector INFO: SweepDetector v2: 7 raw â†’ 4 confirmed (volâ‰Ą1.5Ă— bodyâ‰Ą40%)
08:10:58 core.sweep_detector INFO: OrderBlocks: 6 detected, 2 unmitigated
08:10:58 core.sweep_detector INFO: FVGs: 7 detected, 5 unfilled
08:10:59 core.sweep_detector INFO: SweepDetector v2: 5 raw â†’ 4 confirmed (volâ‰Ą1.5Ă— bodyâ‰Ą40%)
08:10:59 core.sweep_detector INFO: OrderBlocks: 5 detected, 3 unmitigated
08:10:59 core.sweep_detector INFO: FVGs: 10 detected, 2 unfilled
08:11:01 core.sweep_detector INFO: SweepDetector v2: 6 raw â†’ 6 confirmed (volâ‰Ą1.5Ă— bodyâ‰Ą40%)
08:11:01 core.sweep_detector INFO: OrderBlocks: 1 detected, 0 unmitigated
08:11:01 core.sweep_detector INFO: FVGs: 3 detected, 0 unfilled
08:11:02 core.sweep_detector INFO: SweepDetector v2: 3 raw â†’ 2 confirmed (volâ‰Ą1.5Ă— bodyâ‰Ą40%)
08:11:02 core.sweep_detector INFO: OrderBlocks: 4 detected, 0 unmitigated
08:11:02 core.sweep_detector INFO: FVGs: 2 detected, 0 unfilled
08:11:04 core.sweep_detector INFO: SweepDetector v2: 3 raw â†’ 2 confirmed (volâ‰Ą1.5Ă— bodyâ‰Ą40%)
08:11:04 core.sweep_detector INFO: OrderBlocks: 2 detected, 0 unmitigated
08:11:04 core.sweep_detector INFO: FVGs: 4 detected, 1 unfilled
08:11:06 core.sweep_detector INFO: SweepDetector v2: 6 raw â†’ 5 confirmed (volâ‰Ą1.5Ă— bodyâ‰Ą40%)
08:11:06 core.sweep_detector INFO: OrderBlocks: 7 detected, 2 unmitigated
08:11:06 core.sweep_detector INFO: FVGs: 8 detected, 4 unfilled
08:11:08 core.sweep_detector INFO: SweepDetector v2: 2 raw â†’ 2 confirmed (volâ‰Ą1.5Ă— bodyâ‰Ą40%)
08:11:08 core.sweep_detector INFO: OrderBlocks: 5 detected, 1 unmitigated
08:11:08 core.sweep_detector INFO: FVGs: 6 detected, 3 unfilled
08:11:10 core.sweep_detector INFO: SweepDetector v2: 5 raw â†’ 4 confirmed (volâ‰Ą1.5Ă— bodyâ‰Ą40%)
08:11:10 core.sweep_detector INFO: OrderBlocks: 6 detected, 3 unmitigated
08:11:10 core.sweep_detector INFO: FVGs: 8 detected, 2 unfilled
08:11:11 core.sweep_detector INFO: SweepDetector v2: 9 raw â†’ 8 confirmed (volâ‰Ą1.5Ă— bodyâ‰Ą40%)
08:11:11 core.sweep_detector INFO: OrderBlocks: 3 detected, 1 unmitigated
08:11:11 core.sweep_detector INFO: FVGs: 12 detected, 6 unfilled
08:11:13 core.sweep_detector INFO: SweepDetector v2: 4 raw â†’ 3 confirmed (volâ‰Ą1.5Ă— bodyâ‰Ą40%)
08:11:13 core.sweep_detector INFO: OrderBlocks: 2 detected, 1 unmitigated
08:11:13 core.sweep_detector INFO: FVGs: 6 detected, 2 unfilled
08:11:15 core.sweep_detector INFO: SweepDetector v2: 2 raw â†’ 2 confirmed (volâ‰Ą1.5Ă— bodyâ‰Ą40%)
08:11:15 core.sweep_detector INFO: OrderBlocks: 1 detected, 0 unmitigated
08:11:15 core.sweep_detector INFO: FVGs: 2 detected, 2 unfilled
08:11:17 core.sweep_detector INFO: SweepDetector v2: 7 raw â†’ 7 confirmed (volâ‰Ą1.5Ă— bodyâ‰Ą40%)
08:11:17 core.sweep_detector INFO: OrderBlocks: 6 detected, 1 unmitigated
08:11:17 core.sweep_detector INFO: FVGs: 12 detected, 2 unfilled
08:11:18 core.sweep_detector INFO: SweepDetector v2: 2 raw â†’ 1 confirmed (volâ‰Ą1.5Ă— bodyâ‰Ą40%)
08:11:18 core.sweep_detector INFO: OrderBlocks: 1 detected, 1 unmitigated
08:11:18 core.sweep_detector INFO: FVGs: 10 detected, 4 unfilled
08:11:20 core.sweep_detector INFO: SweepDetector v2: 1 raw â†’ 1 confirmed (volâ‰Ą1.5Ă— bodyâ‰Ą40%)
08:11:20 core.sweep_detector INFO: OrderBlocks: 9 detected, 3 unmitigated
08:11:20 core.sweep_detector INFO: FVGs: 8 detected, 4 unfilled
08:11:22 core.sweep_detector INFO: SweepDetector v2: 7 raw â†’ 6 confirmed (volâ‰Ą1.5Ă— bodyâ‰Ą40%)
08:11:22 core.sweep_detector INFO: OrderBlocks: 6 detected, 3 unmitigated
08:11:22 core.sweep_detector INFO: FVGs: 8 detected, 3 unfilled
08:11:22 __main__ ERROR: Pending trigger error #4: cannot access local variable 'symbol' where it is not associated with a value
08:11:23 core.sweep_detector INFO: SweepDetector v2: 2 raw â†’ 1 confirmed (volâ‰Ą1.5Ă— bodyâ‰Ą40%)
08:11:23 core.sweep_detector INFO: OrderBlocks: 4 detected, 3 unmitigated
08:11:23 core.sweep_detector INFO: FVGs: 7 detected, 3 unfilled
08:11:23 __main__ ERROR: Pending trigger error #4: cannot access local variable 'symbol' where it is not associated with a value
08:11:25 core.sweep_detector INFO: SweepDetector v2: 2 raw â†’ 2 confirmed (volâ‰Ą1.5Ă— bodyâ‰Ą40%)
08:11:25 core.sweep_detector INFO: OrderBlocks: 3 detected, 0 unmitigated
08:11:25 core.sweep_detector INFO: FVGs: 6 detected, 0 unfilled
08:11:25 __main__ ERROR: Pending trigger error #4: cannot access local variable 'symbol' where it is not associated with a value
08:11:26 core.sweep_detector INFO: SweepDetector v2: 7 raw â†’ 6 confirmed (volâ‰Ą1.5Ă— bodyâ‰Ą40%)
08:11:26 core.sweep_detector INFO: OrderBlocks: 2 detected, 2 unmitigated
08:11:26 core.sweep_detector INFO: FVGs: 17 detected, 6 unfilled
08:11:29 core.sweep_detector INFO: SweepDetector v2: 6 raw â†’ 4 confirmed (volâ‰Ą1.5Ă— bodyâ‰Ą40%)
08:11:29 core.sweep_detector INFO: OrderBlocks: 9 detected, 2 unmitigated
08:11:29 core.sweep_detector INFO: FVGs: 16 detected, 7 unfilled
08:11:31 core.sweep_detector INFO: SweepDetector v2: 2 raw â†’ 1 confirmed (volâ‰Ą1.5Ă— bodyâ‰Ą40%)
08:11:31 core.sweep_detector INFO: OrderBlocks: 8 detected, 3 unmitigated
08:11:31 core.sweep_detector INFO: FVGs: 12 detected, 3 unfilled
08:11:33 core.sweep_detector INFO: SweepDetector v2: 1 raw â†’ 1 confirmed (volâ‰Ą1.5Ă— bodyâ‰Ą40%)
08:11:33 core.sweep_detector INFO: OrderBlocks: 2 detected, 1 unmitigated
08:11:33 core.sweep_detector INFO: FVGs: 4 detected, 0 unfilled
08:11:34 core.sweep_detector INFO: SweepDetector v2: 5 raw â†’ 4 confirmed (volâ‰Ą1.5Ă— bodyâ‰Ą40%)
08:11:34 core.sweep_detector INFO: OrderBlocks: 1 detected, 0 unmitigated
08:11:34 core.sweep_detector INFO: FVGs: 6 detected, 2 unfilled
08:11:36 core.sweep_detector INFO: SweepDetector v2: 4 raw â†’ 1 confirmed (volâ‰Ą1.5Ă— bodyâ‰Ą40%)
08:11:36 core.sweep_detector INFO: OrderBlocks: 6 detected, 0 unmitigated
08:11:36 core.sweep_detector INFO: FVGs: 1 detected, 0 unfilled
08:11:39 core.sweep_detector INFO: SweepDetector v2: 2 raw â†’ 2 confirmed (volâ‰Ą1.5Ă— bodyâ‰Ą40%)
08:11:39 core.sweep_detector INFO: OrderBlocks: 7 detected, 3 unmitigated
08:11:39 core.sweep_detector INFO: FVGs: 5 detected, 4 unfilled
08:11:40 core.sweep_detector INFO: SweepDetector v2: 3 raw â†’ 1 confirmed (volâ‰Ą1.5Ă— bodyâ‰Ą40%)
08:11:40 core.sweep_detector INFO: OrderBlocks: 3 detected, 2 unmitigated
08:11:40 core.sweep_detector INFO: FVGs: 3 detected, 3 unfilled
08:11:42 core.sweep_detector INFO: SweepDetector v2: 3 raw â†’ 3 confirmed (volâ‰Ą1.5Ă— bodyâ‰Ą40%)
08:11:42 core.sweep_detector INFO: OrderBlocks: 1 detected, 0 unmitigated
08:11:42 core.sweep_detector INFO: FVGs: 5 detected, 2 unfilled
08:11:44 core.sweep_detector INFO: SweepDetector v2: 4 raw â†’ 4 confirmed (volâ‰Ą1.5Ă— bodyâ‰Ą40%)
08:11:44 core.sweep_detector INFO: OrderBlocks: 7 detected, 4 unmitigated
08:11:44 core.sweep_detector INFO: FVGs: 10 detected, 4 unfilled
08:11:45 core.sweep_detector INFO: SweepDetector v2: 3 raw â†’ 3 confirmed (volâ‰Ą1.5Ă— bodyâ‰Ą40%)
08:11:45 core.sweep_detector INFO: OrderBlocks: 4 detected, 2 unmitigated
08:11:45 core.sweep_detector INFO: FVGs: 6 detected, 2 unfilled
08:11:47 core.sweep_detector INFO: SweepDetector v2: 2 raw â†’ 2 confirmed (volâ‰Ą1.5Ă— bodyâ‰Ą40%)
08:11:47 core.sweep_detector INFO: OrderBlocks: 5 detected, 3 unmitigated
08:11:47 core.sweep_detector INFO: FVGs: 2 detected, 1 unfilled
08:11:49 core.sweep_detector INFO: SweepDetector v2: 4 raw â†’ 3 confirmed (volâ‰Ą1.5Ă— bodyâ‰Ą40%)
08:11:49 core.sweep_detector INFO: OrderBlocks: 4 detected, 2 unmitigated
08:11:49 core.sweep_detector INFO: FVGs: 7 detected, 2 unfilled
08:11:51 core.sweep_detector INFO: SweepDetector v2: 3 raw â†’ 2 confirmed (volâ‰Ą1.5Ă— bodyâ‰Ą40%)
08:11:51 core.sweep_detector INFO: OrderBlocks: 2 detected, 0 unmitigated
08:11:51 core.sweep_detector INFO: FVGs: 7 detected, 2 unfilled
08:11:53 core.sweep_detector INFO: SweepDetector v2: 3 raw â†’ 2 confirmed (volâ‰Ą1.5Ă— bodyâ‰Ą40%)
08:11:53 core.sweep_detector INFO: OrderBlocks: 9 detected, 1 unmitigated
08:11:53 core.sweep_detector INFO: FVGs: 4 detected, 0 unfilled
08:11:54 core.sweep_detector INFO: SweepDetector v2: 9 raw â†’ 6 confirmed (volâ‰Ą1.5Ă— bodyâ‰Ą40%)
08:11:54 core.sweep_detector INFO: OrderBlocks: 4 detected, 2 unmitigated
08:11:54 core.sweep_detector INFO: FVGs: 10 detected, 4 unfilled
08:11:56 core.sweep_detector INFO: SweepDetector v2: 6 raw â†’ 3 confirmed (volâ‰Ą1.5Ă— bodyâ‰Ą40%)
08:11:56 core.sweep_detector INFO: OrderBlocks: 3 detected, 1 unmitigated
08:11:56 core.sweep_detector INFO: FVGs: 6 detected, 1 unfilled
08:11:58 core.sweep_detector INFO: SweepDetector v2: 5 raw â†’ 3 confirmed (volâ‰Ą1.5Ă— bodyâ‰Ą40%)
08:11:58 core.sweep_detector INFO: OrderBlocks: 5 detected, 2 unmitigated
08:11:58 core.sweep_detector INFO: FVGs: 15 detected, 4 unfilled
08:12:00 core.sweep_detector INFO: SweepDetector v2: 2 raw â†’ 2 confirmed (volâ‰Ą1.5Ă— bodyâ‰Ą40%)
08:12:00 core.sweep_detector INFO: OrderBlocks: 7 detected, 2 unmitigated
08:12:00 core.sweep_detector INFO: FVGs: 9 detected, 2 unfilled
08:12:02 core.sweep_detector INFO: SweepDetector v2: 2 raw â†’ 1 confirmed (volâ‰Ą1.5Ă— bodyâ‰Ą40%)
08:12:02 core.sweep_detector INFO: OrderBlocks: 4 detected, 3 unmitigated
08:12:02 core.sweep_detector INFO: FVGs: 6 detected, 2 unfilled
08:12:04 core.sweep_detector INFO: SweepDetector v2: 3 raw â†’ 3 confirmed (volâ‰Ą1.5Ă— bodyâ‰Ą40%)
08:12:04 core.sweep_detector INFO: OrderBlocks: 3 detected, 1 unmitigated
08:12:04 core.sweep_detector INFO: FVGs: 4 detected, 0 unfilled
08:12:05 core.sweep_detector INFO: SweepDetector v2: 9 raw â†’ 6 confirmed (volâ‰Ą1.5Ă— bodyâ‰Ą40%)
08:12:05 core.sweep_detector INFO: OrderBlocks: 8 detected, 0 unmitigated
08:12:05 core.sweep_detector INFO: FVGs: 9 detected, 3 unfilled
08:12:07 core.sweep_detector INFO: SweepDetector v2: 2 raw â†’ 2 confirmed (volâ‰Ą1.5Ă— bodyâ‰Ą40%)
08:12:07 core.sweep_detector INFO: OrderBlocks: 6 detected, 2 unmitigated
08:12:07 core.sweep_detector INFO: FVGs: 15 detected, 4 unfilled
08:12:08 core.sweep_detector INFO: SweepDetector v2: 6 raw â†’ 3 confirmed (volâ‰Ą1.5Ă— bodyâ‰Ą40%)
08:12:08 core.sweep_detector INFO: OrderBlocks: 6 detected, 1 unmitigated
08:12:08 core.sweep_detector INFO: FVGs: 11 detected, 3 unfilled
08:12:10 core.sweep_detector INFO: SweepDetector v2: 0 raw â†’ 0 confirmed (volâ‰Ą1.5Ă— bodyâ‰Ą40%)
08:12:10 core.sweep_detector INFO: OrderBlocks: 4 detected, 1 unmitigated
08:12:10 core.sweep_detector INFO: FVGs: 7 detected, 2 unfilled
08:12:12 core.sweep_detector INFO: SweepDetector v2: 4 raw â†’ 2 confirmed (volâ‰Ą1.5Ă— bodyâ‰Ą40%)
08:12:12 core.sweep_detector INFO: OrderBlocks: 3 detected, 2 unmitigated
08:12:12 core.sweep_detector INFO: FVGs: 5 detected, 2 unfilled
08:12:13 core.sweep_detector INFO: SweepDetector v2: 1 raw â†’ 1 confirmed (volâ‰Ą1.5Ă— bodyâ‰Ą40%)
08:12:13 core.sweep_detector INFO: OrderBlocks: 5 detected, 0 unmitigated
08:12:13 core.sweep_detector INFO: FVGs: 6 detected, 1 unfilled
08:12:20 core.sweep_detector INFO: SweepDetector v2: 1 raw â†’ 0 confirmed (volâ‰Ą1.5Ă— bodyâ‰Ą40%)
08:12:20 core.sweep_detector INFO: OrderBlocks: 1 detected, 1 unmitigated
08:12:20 core.sweep_detector INFO: FVGs: 6 detected, 4 unfilled
08:12:21 core.sweep_detector INFO: SweepDetector v2: 1 raw â†’ 0 confirmed (volâ‰Ą1.5Ă— bodyâ‰Ą40%)
08:12:21 core.sweep_detector INFO: OrderBlocks: 7 detected, 3 unmitigated
08:12:21 core.sweep_detector INFO: FVGs: 4 detected, 2 unfilled
08:12:23 core.sweep_detector INFO: SweepDetector v2: 0 raw â†’ 0 confirmed (volâ‰Ą1.5Ă— bodyâ‰Ą40%)
08:12:23 core.sweep_detector INFO: OrderBlocks: 11 detected, 4 unmitigated
08:12:23 core.sweep_detector INFO: FVGs: 7 detected, 2 unfilled
08:12:25 core.sweep_detector INFO: SweepDetector v2: 4 raw â†’ 4 confirmed (volâ‰Ą1.5Ă— bodyâ‰Ą40%)
08:12:25 core.sweep_detector INFO: OrderBlocks: 6 detected, 1 unmitigated
08:12:25 core.sweep_detector INFO: FVGs: 9 detected, 4 unfilled
08:12:27 core.sweep_detector INFO: SweepDetector v2: 7 raw â†’ 5 confirmed (volâ‰Ą1.5Ă— bodyâ‰Ą40%)
08:12:27 core.sweep_detector INFO: OrderBlocks: 6 detected, 3 unmitigated
08:12:27 core.sweep_detector INFO: FVGs: 12 detected, 6 unfilled
08:12:30 core.sweep_detector INFO: SweepDetector v2: 2 raw â†’ 0 confirmed (volâ‰Ą1.5Ă— bodyâ‰Ą40%)
08:12:30 core.sweep_detector INFO: OrderBlocks: 9 detected, 3 unmitigated
08:12:30 core.sweep_detector INFO: FVGs: 8 detected, 1 unfilled
08:12:32 core.sweep_detector INFO: SweepDetector v2: 1 raw â†’ 1 confirmed (volâ‰Ą1.5Ă— bodyâ‰Ą40%)
08:12:32 core.sweep_detector INFO: OrderBlocks: 9 detected, 2 unmitigated
08:12:32 core.sweep_detector INFO: FVGs: 15 detected, 3 unfilled
08:12:33 core.sweep_detector INFO: SweepDetector v2: 4 raw â†’ 4 confirmed (volâ‰Ą1.5Ă— bodyâ‰Ą40%)
08:12:33 core.sweep_detector INFO: OrderBlocks: 4 detected, 1 unmitigated
08:12:33 core.sweep_detector INFO: FVGs: 10 detected, 5 unfilled
08:12:36 core.sweep_detector INFO: SweepDetector v2: 1 raw â†’ 1 confirmed (volâ‰Ą1.5Ă— bodyâ‰Ą40%)
08:12:36 core.sweep_detector INFO: OrderBlocks: 11 detected, 4 unmitigated
08:12:36 core.sweep_detector INFO: FVGs: 8 detected, 4 unfilled
08:12:38 core.sweep_detector INFO: SweepDetector v2: 4 raw â†’ 2 confirmed (volâ‰Ą1.5Ă— bodyâ‰Ą40%)
08:12:38 core.sweep_detector INFO: OrderBlocks: 8 detected, 1 unmitigated
08:12:38 core.sweep_detector INFO: FVGs: 6 detected, 1 unfilled
08:12:40 core.sweep_detector INFO: SweepDetector v2: 6 raw â†’ 3 confirmed (volâ‰Ą1.5Ă— bodyâ‰Ą40%)
08:12:40 core.sweep_detector INFO: OrderBlocks: 4 detected, 1 unmitigated
08:12:40 core.sweep_detector INFO: FVGs: 10 detected, 3 unfilled
08:12:42 core.sweep_detector INFO: SweepDetector v2: 4 raw â†’ 2 confirmed (volâ‰Ą1.5Ă— bodyâ‰Ą40%)
08:12:42 core.sweep_detector INFO: OrderBlocks: 6 detected, 1 unmitigated
08:12:42 core.sweep_detector INFO: FVGs: 7 detected, 3 unfilled
08:12:44 core.sweep_detector INFO: SweepDetector v2: 2 raw â†’ 1 confirmed (volâ‰Ą1.5Ă— bodyâ‰Ą40%)
08:12:44 core.sweep_detector INFO: OrderBlocks: 1 detected, 0 unmitigated
08:12:44 core.sweep_detector INFO: FVGs: 6 detected, 2 unfilled
08:12:46 core.sweep_detector INFO: SweepDetector v2: 4 raw â†’ 4 confirmed (volâ‰Ą1.5Ă— bodyâ‰Ą40%)
08:12:46 core.sweep_detector INFO: OrderBlocks: 6 detected, 1 unmitigated
08:12:46 core.sweep_detector INFO: FVGs: 10 detected, 2 unfilled
08:12:48 core.sweep_detector INFO: SweepDetector v2: 1 raw â†’ 0 confirmed (volâ‰Ą1.5Ă— bodyâ‰Ą40%)
08:12:48 core.sweep_detector INFO: OrderBlocks: 5 detected, 2 unmitigated
08:12:48 core.sweep_detector INFO: FVGs: 9 detected, 4 unfilled
08:12:50 core.sweep_detector INFO: SweepDetector v2: 7 raw â†’ 5 confirmed (volâ‰Ą1.5Ă— bodyâ‰Ą40%)
08:12:50 core.sweep_detector INFO: OrderBlocks: 8 detected, 3 unmitigated
08:12:50 core.sweep_detector INFO: FVGs: 7 detected, 3 unfilled
08:12:52 core.sweep_detector INFO: SweepDetector v2: 1 raw â†’ 0 confirmed (volâ‰Ą1.5Ă— bodyâ‰Ą40%)
08:12:52 core.sweep_detector INFO: OrderBlocks: 5 detected, 1 unmitigated
08:12:52 core.sweep_detector INFO: FVGs: 7 detected, 3 unfilled
08:12:54 core.sweep_detector INFO: SweepDetector v2: 4 raw â†’ 3 confirmed (volâ‰Ą1.5Ă— bodyâ‰Ą40%)
08:12:54 core.sweep_detector INFO: OrderBlocks: 7 detected, 2 unmitigated
08:12:54 core.sweep_detector INFO: FVGs: 7 detected, 1 unfilled
08:12:56 core.sweep_detector INFO: SweepDetector v2: 4 raw â†’ 4 confirmed (volâ‰Ą1.5Ă— bodyâ‰Ą40%)
08:12:56 core.sweep_detector INFO: OrderBlocks: 7 detected, 1 unmitigated
08:12:56 core.sweep_detector INFO: FVGs: 11 detected, 2 unfilled
08:12:58 core.sweep_detector INFO: SweepDetector v2: 7 raw â†’ 4 confirmed (volâ‰Ą1.5Ă— bodyâ‰Ą40%)
08:12:58 core.sweep_detector INFO: OrderBlocks: 3 detected, 1 unmitigated
08:12:58 core.sweep_detector INFO: FVGs: 8 detected, 3 unfilled
08:13:00 core.sweep_detector INFO: SweepDetector v2: 1 raw â†’ 1 confirmed (volâ‰Ą1.5Ă— bodyâ‰Ą40%)
08:13:00 core.sweep_detector INFO: OrderBlocks: 5 detected, 1 unmitigated
08:13:00 core.sweep_detector INFO: FVGs: 2 detected, 0 unfilled
08:13:03 core.sweep_detector INFO: SweepDetector v2: 2 raw â†’ 0 confirmed (volâ‰Ą1.5Ă— bodyâ‰Ą40%)
08:13:03 core.sweep_detector INFO: OrderBlocks: 4 detected, 1 unmitigated
08:13:03 core.sweep_detector INFO: FVGs: 9 detected, 3 unfilled
08:13:05 core.sweep_detector INFO: SweepDetector v2: 6 raw â†’ 4 confirmed (volâ‰Ą1.5Ă— bodyâ‰Ą40%)
08:13:05 core.sweep_detector INFO: OrderBlocks: 4 detected, 3 unmitigated
08:13:05 core.sweep_detector INFO: FVGs: 7 detected, 2 unfilled
08:13:07 core.sweep_detector INFO: SweepDetector v2: 0 raw â†’ 0 confirmed (volâ‰Ą1.5Ă— bodyâ‰Ą40%)
08:13:07 core.sweep_detector INFO: OrderBlocks: 5 detected, 4 unmitigated
08:13:07 core.sweep_detector INFO: FVGs: 4 detected, 4 unfilled
08:13:09 core.sweep_detector INFO: SweepDetector v2: 2 raw â†’ 2 confirmed (volâ‰Ą1.5Ă— bodyâ‰Ą40%)
08:13:09 core.sweep_detector INFO: OrderBlocks: 8 detected, 4 unmitigated
08:13:09 core.sweep_detector INFO: FVGs: 13 detected, 5 unfilled
08:13:11 core.sweep_detector INFO: SweepDetector v2: 3 raw â†’ 3 confirmed (volâ‰Ą1.5Ă— bodyâ‰Ą40%)
08:13:11 core.sweep_detector INFO: OrderBlocks: 6 detected, 0 unmitigated
08:13:11 core.sweep_detector INFO: FVGs: 16 detected, 3 unfilled
08:13:13 core.sweep_detector INFO: SweepDetector v2: 2 raw â†’ 0 confirmed (volâ‰Ą1.5Ă— bodyâ‰Ą40%)
08:13:13 core.sweep_detector INFO: OrderBlocks: 2 detected, 2 unmitigated
08:13:13 core.sweep_detector INFO: FVGs: 6 detected, 6 unfilled
08:13:15 core.sweep_detector INFO: SweepDetector v2: 5 raw â†’ 4 confirmed (volâ‰Ą1.5Ă— bodyâ‰Ą40%)
08:13:15 core.sweep_detector INFO: OrderBlocks: 8 detected, 2 unmitigated
08:13:15 core.sweep_detector INFO: FVGs: 16 detected, 4 unfilled
08:13:17 core.sweep_detector INFO: SweepDetector v2: 3 raw â†’ 3 confirmed (volâ‰Ą1.5Ă— bodyâ‰Ą40%)
08:13:17 core.sweep_detector INFO: OrderBlocks: 8 detected, 2 unmitigated
08:13:17 core.sweep_detector INFO: FVGs: 13 detected, 4 unfilled
08:13:18 core.sweep_detector INFO: SweepDetector v2: 1 raw â†’ 1 confirmed (volâ‰Ą1.5Ă— bodyâ‰Ą40%)
08:13:18 core.sweep_detector INFO: OrderBlocks: 4 detected, 1 unmitigated
08:13:18 core.sweep_detector INFO: FVGs: 12 detected, 4 unfilled
/root/.openclaw/workspace/projects/crypto-liquidity-hunter/main.py:555: DeprecationWarning: datetime.datetime.utcnow() is deprecated and scheduled for removal in a future version. Use timezone-aware objects to represent datetimes in UTC: datetime.datetime.now(datetime.UTC).
  scan_end     = datetime.utcnow()

=== SCAN ALL: 35 pairs, 3 timeframes ===
Total signals generated: 0
