15:55:02 __main__ INFO: Volume filter: fetching all tickers in one call...
15:55:04 __main__ INFO: Volume filter: 102/447 pairs pass $2M threshold
/root/.openclaw/workspace/projects/crypto-liquidity-hunter/main.py:292: DeprecationWarning: datetime.datetime.utcnow() is deprecated and scheduled for removal in a future version. Use timezone-aware objects to represent datetimes in UTC: datetime.datetime.now(datetime.UTC).
  scan_start = datetime.utcnow()   # for duration tracking
15:55:05 core.binance_connector INFO: BinanceConnector: connected [LIVE FUTURES MAINNET]
15:55:05 __main__ INFO: Auto-executor: account 'Liquiddbot1' mode=live exec=auto
15:55:06 core.sweep_detector INFO: SweepDetector v2: 0 raw → 0 confirmed (vol≥2.5× body≥30%)
15:55:06 core.sweep_detector INFO: OrderBlocks: 10 detected, 5 unmitigated
15:55:06 core.sweep_detector INFO: FVGs: 12 detected, 6 unfilled
15:55:08 core.sweep_detector INFO: SweepDetector v2: 2 raw → 2 confirmed (vol≥2.5× body≥30%)
15:55:08 core.sweep_detector INFO: OrderBlocks: 3 detected, 1 unmitigated
15:55:08 core.sweep_detector INFO: FVGs: 10 detected, 1 unfilled
15:55:09 core.sweep_detector INFO: SweepDetector v2: 2 raw → 2 confirmed (vol≥2.5× body≥30%)
15:55:09 core.sweep_detector INFO: OrderBlocks: 3 detected, 0 unmitigated
15:55:09 core.sweep_detector INFO: FVGs: 5 detected, 0 unfilled
15:55:11 core.sweep_detector INFO: SweepDetector v2: 1 raw → 1 confirmed (vol≥2.5× body≥30%)
15:55:11 core.sweep_detector INFO: OrderBlocks: 8 detected, 2 unmitigated
15:55:11 core.sweep_detector INFO: FVGs: 10 detected, 4 unfilled
15:55:12 core.sweep_detector INFO: SweepDetector v2: 2 raw → 1 confirmed (vol≥2.5× body≥30%)
15:55:12 core.sweep_detector INFO: OrderBlocks: 3 detected, 1 unmitigated
15:55:12 core.sweep_detector INFO: FVGs: 6 detected, 1 unfilled
15:55:14 core.sweep_detector INFO: SweepDetector v2: 2 raw → 2 confirmed (vol≥2.5× body≥30%)
15:55:14 core.sweep_detector INFO: OrderBlocks: 5 detected, 1 unmitigated
15:55:14 core.sweep_detector INFO: FVGs: 7 detected, 2 unfilled
15:55:15 core.sweep_detector INFO: SweepDetector v2: 5 raw → 5 confirmed (vol≥2.5× body≥30%)
15:55:15 core.sweep_detector INFO: OrderBlocks: 5 detected, 0 unmitigated
15:55:15 core.sweep_detector INFO: FVGs: 9 detected, 0 unfilled
15:55:17 core.sweep_detector INFO: SweepDetector v2: 3 raw → 3 confirmed (vol≥2.5× body≥30%)
15:55:17 core.sweep_detector INFO: OrderBlocks: 3 detected, 0 unmitigated
15:55:17 core.sweep_detector INFO: FVGs: 8 detected, 0 unfilled
15:55:18 core.sweep_detector INFO: SweepDetector v2: 1 raw → 1 confirmed (vol≥2.5× body≥30%)
15:55:18 core.sweep_detector INFO: OrderBlocks: 5 detected, 2 unmitigated
15:55:18 core.sweep_detector INFO: FVGs: 6 detected, 4 unfilled
15:55:20 core.sweep_detector INFO: SweepDetector v2: 3 raw → 2 confirmed (vol≥2.5× body≥30%)
15:55:20 core.sweep_detector INFO: OrderBlocks: 7 detected, 0 unmitigated
15:55:20 core.sweep_detector INFO: FVGs: 10 detected, 0 unfilled
15:55:22 core.sweep_detector INFO: SweepDetector v2: 1 raw → 0 confirmed (vol≥2.5× body≥30%)
15:55:22 core.sweep_detector INFO: OrderBlocks: 3 detected, 1 unmitigated
15:55:22 core.sweep_detector INFO: FVGs: 9 detected, 1 unfilled
15:55:23 core.sweep_detector INFO: SweepDetector v2: 0 raw → 0 confirmed (vol≥2.5× body≥30%)
15:55:23 core.sweep_detector INFO: OrderBlocks: 2 detected, 1 unmitigated
15:55:23 core.sweep_detector INFO: FVGs: 7 detected, 1 unfilled
15:55:25 core.sweep_detector INFO: SweepDetector v2: 2 raw → 1 confirmed (vol≥2.5× body≥30%)
15:55:25 core.sweep_detector INFO: OrderBlocks: 7 detected, 2 unmitigated
15:55:25 core.sweep_detector INFO: FVGs: 8 detected, 2 unfilled
15:55:27 core.sweep_detector INFO: SweepDetector v2: 1 raw → 1 confirmed (vol≥2.5× body≥30%)
15:55:27 core.sweep_detector INFO: OrderBlocks: 3 detected, 0 unmitigated
15:55:27 core.sweep_detector INFO: FVGs: 9 detected, 0 unfilled
15:55:28 core.sweep_detector INFO: SweepDetector v2: 1 raw → 1 confirmed (vol≥2.5× body≥30%)
15:55:28 core.sweep_detector INFO: OrderBlocks: 4 detected, 2 unmitigated
15:55:28 core.sweep_detector INFO: FVGs: 7 detected, 2 unfilled
15:55:30 core.sweep_detector INFO: SweepDetector v2: 2 raw → 1 confirmed (vol≥2.5× body≥30%)
15:55:30 core.sweep_detector INFO: OrderBlocks: 5 detected, 1 unmitigated
15:55:30 core.sweep_detector INFO: FVGs: 11 detected, 3 unfilled
15:55:32 core.sweep_detector INFO: SweepDetector v2: 1 raw → 1 confirmed (vol≥2.5× body≥30%)
15:55:32 core.sweep_detector INFO: OrderBlocks: 5 detected, 1 unmitigated
15:55:32 core.sweep_detector INFO: FVGs: 10 detected, 3 unfilled
15:55:33 core.sweep_detector INFO: SweepDetector v2: 3 raw → 3 confirmed (vol≥2.5× body≥30%)
15:55:33 core.sweep_detector INFO: OrderBlocks: 2 detected, 1 unmitigated
15:55:33 core.sweep_detector INFO: FVGs: 8 detected, 3 unfilled
15:55:35 core.sweep_detector INFO: SweepDetector v2: 5 raw → 5 confirmed (vol≥2.5× body≥30%)
15:55:35 core.sweep_detector INFO: OrderBlocks: 1 detected, 0 unmitigated
15:55:35 core.sweep_detector INFO: FVGs: 3 detected, 1 unfilled
15:55:36 core.sweep_detector INFO: SweepDetector v2: 2 raw → 2 confirmed (vol≥2.5× body≥30%)
15:55:36 core.sweep_detector INFO: OrderBlocks: 5 detected, 2 unmitigated
15:55:36 core.sweep_detector INFO: FVGs: 3 detected, 2 unfilled
15:55:38 core.sweep_detector INFO: SweepDetector v2: 2 raw → 2 confirmed (vol≥2.5× body≥30%)
15:55:38 core.sweep_detector INFO: OrderBlocks: 4 detected, 2 unmitigated
15:55:38 core.sweep_detector INFO: FVGs: 6 detected, 2 unfilled
15:55:40 core.sweep_detector INFO: SweepDetector v2: 2 raw → 1 confirmed (vol≥2.5× body≥30%)
15:55:40 core.sweep_detector INFO: OrderBlocks: 7 detected, 3 unmitigated
15:55:40 core.sweep_detector INFO: FVGs: 9 detected, 4 unfilled
15:55:41 core.sweep_detector INFO: SweepDetector v2: 1 raw → 0 confirmed (vol≥2.5× body≥30%)
15:55:41 core.sweep_detector INFO: OrderBlocks: 2 detected, 1 unmitigated
15:55:41 core.sweep_detector INFO: FVGs: 2 detected, 0 unfilled
15:55:43 core.sweep_detector INFO: SweepDetector v2: 2 raw → 2 confirmed (vol≥2.5× body≥30%)
15:55:43 core.sweep_detector INFO: OrderBlocks: 8 detected, 3 unmitigated
15:55:43 core.sweep_detector INFO: FVGs: 8 detected, 2 unfilled
15:55:45 core.sweep_detector INFO: SweepDetector v2: 2 raw → 2 confirmed (vol≥2.5× body≥30%)
15:55:45 core.sweep_detector INFO: OrderBlocks: 4 detected, 2 unmitigated
15:55:45 core.sweep_detector INFO: FVGs: 13 detected, 6 unfilled
15:55:47 core.sweep_detector INFO: SweepDetector v2: 1 raw → 1 confirmed (vol≥2.5× body≥30%)
15:55:47 core.sweep_detector INFO: OrderBlocks: 4 detected, 2 unmitigated
15:55:47 core.sweep_detector INFO: FVGs: 8 detected, 3 unfilled
15:55:49 core.sweep_detector INFO: SweepDetector v2: 2 raw → 2 confirmed (vol≥2.5× body≥30%)
15:55:49 core.sweep_detector INFO: OrderBlocks: 2 detected, 1 unmitigated
15:55:49 core.sweep_detector INFO: FVGs: 8 detected, 1 unfilled
15:55:50 core.sweep_detector INFO: SweepDetector v2: 2 raw → 2 confirmed (vol≥2.5× body≥30%)
15:55:50 core.sweep_detector INFO: OrderBlocks: 6 detected, 0 unmitigated
15:55:50 core.sweep_detector INFO: FVGs: 4 detected, 0 unfilled
15:55:52 core.sweep_detector INFO: SweepDetector v2: 1 raw → 1 confirmed (vol≥2.5× body≥30%)
15:55:52 core.sweep_detector INFO: OrderBlocks: 4 detected, 0 unmitigated
15:55:52 core.sweep_detector INFO: FVGs: 11 detected, 1 unfilled
15:55:54 core.sweep_detector INFO: SweepDetector v2: 1 raw → 0 confirmed (vol≥2.5× body≥30%)
15:55:54 core.sweep_detector INFO: OrderBlocks: 2 detected, 0 unmitigated
15:55:54 core.sweep_detector INFO: FVGs: 4 detected, 0 unfilled
15:55:56 core.sweep_detector INFO: SweepDetector v2: 1 raw → 1 confirmed (vol≥2.5× body≥30%)
15:55:56 core.sweep_detector INFO: OrderBlocks: 4 detected, 0 unmitigated
15:55:56 core.sweep_detector INFO: FVGs: 8 detected, 1 unfilled
15:55:57 core.sweep_detector INFO: SweepDetector v2: 0 raw → 0 confirmed (vol≥2.5× body≥30%)
15:55:57 core.sweep_detector INFO: OrderBlocks: 4 detected, 2 unmitigated
15:55:57 core.sweep_detector INFO: FVGs: 8 detected, 2 unfilled
15:55:59 core.sweep_detector INFO: SweepDetector v2: 0 raw → 0 confirmed (vol≥2.5× body≥30%)
15:55:59 core.sweep_detector INFO: OrderBlocks: 9 detected, 4 unmitigated
15:55:59 core.sweep_detector INFO: FVGs: 13 detected, 4 unfilled
15:56:01 core.sweep_detector INFO: SweepDetector v2: 4 raw → 4 confirmed (vol≥2.5× body≥30%)
15:56:01 core.sweep_detector INFO: OrderBlocks: 2 detected, 2 unmitigated
15:56:01 core.sweep_detector INFO: FVGs: 12 detected, 3 unfilled
15:56:03 core.sweep_detector INFO: SweepDetector v2: 1 raw → 1 confirmed (vol≥2.5× body≥30%)
15:56:03 core.sweep_detector INFO: OrderBlocks: 6 detected, 1 unmitigated
15:56:03 core.sweep_detector INFO: FVGs: 11 detected, 0 unfilled
15:56:04 core.sweep_detector INFO: SweepDetector v2: 2 raw → 1 confirmed (vol≥2.5× body≥30%)
15:56:04 core.sweep_detector INFO: OrderBlocks: 3 detected, 0 unmitigated
15:56:04 core.sweep_detector INFO: FVGs: 6 detected, 0 unfilled
15:56:07 core.sweep_detector INFO: SweepDetector v2: 0 raw → 0 confirmed (vol≥2.5× body≥30%)
15:56:07 core.sweep_detector INFO: OrderBlocks: 3 detected, 1 unmitigated
15:56:07 core.sweep_detector INFO: FVGs: 6 detected, 1 unfilled
15:56:08 core.sweep_detector INFO: SweepDetector v2: 3 raw → 3 confirmed (vol≥2.5× body≥30%)
15:56:08 core.sweep_detector INFO: OrderBlocks: 1 detected, 1 unmitigated
15:56:08 core.sweep_detector INFO: FVGs: 5 detected, 2 unfilled
15:56:10 core.sweep_detector INFO: SweepDetector v2: 2 raw → 2 confirmed (vol≥2.5× body≥30%)
15:56:10 core.sweep_detector INFO: OrderBlocks: 5 detected, 3 unmitigated
15:56:10 core.sweep_detector INFO: FVGs: 7 detected, 3 unfilled
15:56:12 core.sweep_detector INFO: SweepDetector v2: 0 raw → 0 confirmed (vol≥2.5× body≥30%)
15:56:12 core.sweep_detector INFO: OrderBlocks: 0 detected, 0 unmitigated
15:56:12 core.sweep_detector INFO: FVGs: 0 detected, 0 unfilled
15:56:14 core.sweep_detector INFO: SweepDetector v2: 0 raw → 0 confirmed (vol≥2.5× body≥30%)
15:56:14 core.sweep_detector INFO: OrderBlocks: 0 detected, 0 unmitigated
15:56:14 core.sweep_detector INFO: FVGs: 0 detected, 0 unfilled
15:56:15 core.sweep_detector INFO: SweepDetector v2: 0 raw → 0 confirmed (vol≥2.5× body≥30%)
15:56:15 core.sweep_detector INFO: OrderBlocks: 0 detected, 0 unmitigated
15:56:15 core.sweep_detector INFO: FVGs: 0 detected, 0 unfilled
15:56:17 core.sweep_detector INFO: SweepDetector v2: 1 raw → 1 confirmed (vol≥2.5× body≥30%)
15:56:17 core.sweep_detector INFO: OrderBlocks: 8 detected, 6 unmitigated
15:56:17 core.sweep_detector INFO: FVGs: 10 detected, 5 unfilled
15:56:19 core.sweep_detector INFO: SweepDetector v2: 1 raw → 1 confirmed (vol≥2.5× body≥30%)
15:56:19 core.sweep_detector INFO: OrderBlocks: 4 detected, 1 unmitigated
15:56:19 core.sweep_detector INFO: FVGs: 4 detected, 1 unfilled
15:56:21 core.sweep_detector INFO: SweepDetector v2: 1 raw → 1 confirmed (vol≥2.5× body≥30%)
15:56:21 core.sweep_detector INFO: OrderBlocks: 4 detected, 2 unmitigated
15:56:21 core.sweep_detector INFO: FVGs: 5 detected, 1 unfilled
15:56:23 core.sweep_detector INFO: SweepDetector v2: 1 raw → 1 confirmed (vol≥2.5× body≥30%)
15:56:23 core.sweep_detector INFO: OrderBlocks: 7 detected, 2 unmitigated
15:56:23 core.sweep_detector INFO: FVGs: 7 detected, 3 unfilled
15:56:24 core.sweep_detector INFO: SweepDetector v2: 1 raw → 1 confirmed (vol≥2.5× body≥30%)
15:56:24 core.sweep_detector INFO: OrderBlocks: 1 detected, 1 unmitigated
15:56:24 core.sweep_detector INFO: FVGs: 9 detected, 1 unfilled
15:56:26 core.sweep_detector INFO: SweepDetector v2: 1 raw → 1 confirmed (vol≥2.5× body≥30%)
15:56:26 core.sweep_detector INFO: OrderBlocks: 3 detected, 0 unmitigated
15:56:26 core.sweep_detector INFO: FVGs: 7 detected, 2 unfilled
15:56:27 core.sweep_detector INFO: SweepDetector v2: 0 raw → 0 confirmed (vol≥2.5× body≥30%)
15:56:27 core.sweep_detector INFO: OrderBlocks: 6 detected, 4 unmitigated
15:56:27 core.sweep_detector INFO: FVGs: 7 detected, 3 unfilled
15:56:29 core.sweep_detector INFO: SweepDetector v2: 2 raw → 1 confirmed (vol≥2.5× body≥30%)
15:56:29 core.sweep_detector INFO: OrderBlocks: 4 detected, 1 unmitigated
15:56:29 core.sweep_detector INFO: FVGs: 9 detected, 1 unfilled
15:56:31 core.sweep_detector INFO: SweepDetector v2: 1 raw → 1 confirmed (vol≥2.5× body≥30%)
15:56:31 core.sweep_detector INFO: OrderBlocks: 3 detected, 0 unmitigated
15:56:31 core.sweep_detector INFO: FVGs: 3 detected, 1 unfilled
15:56:33 core.sweep_detector INFO: SweepDetector v2: 7 raw → 5 confirmed (vol≥2.5× body≥30%)
15:56:33 core.sweep_detector INFO: OrderBlocks: 4 detected, 2 unmitigated
15:56:33 core.sweep_detector INFO: FVGs: 10 detected, 4 unfilled
15:56:34 core.sweep_detector INFO: SweepDetector v2: 3 raw → 1 confirmed (vol≥2.5× body≥30%)
15:56:34 core.sweep_detector INFO: OrderBlocks: 5 detected, 2 unmitigated
15:56:34 core.sweep_detector INFO: FVGs: 11 detected, 4 unfilled
15:56:36 core.sweep_detector INFO: SweepDetector v2: 0 raw → 0 confirmed (vol≥2.5× body≥30%)
15:56:36 core.sweep_detector INFO: OrderBlocks: 5 detected, 3 unmitigated
15:56:36 core.sweep_detector INFO: FVGs: 9 detected, 5 unfilled
15:56:37 core.sweep_detector INFO: SweepDetector v2: 1 raw → 1 confirmed (vol≥2.5× body≥30%)
15:56:37 core.sweep_detector INFO: OrderBlocks: 8 detected, 3 unmitigated
15:56:37 core.sweep_detector INFO: FVGs: 12 detected, 3 unfilled
15:56:39 core.sweep_detector INFO: SweepDetector v2: 2 raw → 1 confirmed (vol≥2.5× body≥30%)
15:56:39 core.sweep_detector INFO: OrderBlocks: 8 detected, 0 unmitigated
15:56:39 core.sweep_detector INFO: FVGs: 6 detected, 2 unfilled
15:56:40 core.sweep_detector INFO: SweepDetector v2: 2 raw → 2 confirmed (vol≥2.5× body≥30%)
15:56:40 core.sweep_detector INFO: OrderBlocks: 5 detected, 3 unmitigated
15:56:40 core.sweep_detector INFO: FVGs: 3 detected, 1 unfilled
15:56:42 core.sweep_detector INFO: SweepDetector v2: 5 raw → 4 confirmed (vol≥2.5× body≥30%)
15:56:42 core.sweep_detector INFO: OrderBlocks: 7 detected, 0 unmitigated
15:56:42 core.sweep_detector INFO: FVGs: 11 detected, 3 unfilled
15:56:43 core.sweep_detector INFO: SweepDetector v2: 1 raw → 0 confirmed (vol≥2.5× body≥30%)
15:56:43 core.sweep_detector INFO: OrderBlocks: 7 detected, 1 unmitigated
15:56:43 core.sweep_detector INFO: FVGs: 19 detected, 4 unfilled
15:56:45 core.sweep_detector INFO: SweepDetector v2: 1 raw → 0 confirmed (vol≥2.5× body≥30%)
15:56:45 core.sweep_detector INFO: OrderBlocks: 6 detected, 2 unmitigated
15:56:45 core.sweep_detector INFO: FVGs: 13 detected, 8 unfilled
15:56:47 core.sweep_detector INFO: SweepDetector v2: 0 raw → 0 confirmed (vol≥2.5× body≥30%)
15:56:47 core.sweep_detector INFO: OrderBlocks: 6 detected, 3 unmitigated
15:56:47 core.sweep_detector INFO: FVGs: 4 detected, 3 unfilled
15:56:48 core.sweep_detector INFO: SweepDetector v2: 1 raw → 1 confirmed (vol≥2.5× body≥30%)
15:56:48 core.sweep_detector INFO: OrderBlocks: 6 detected, 2 unmitigated
15:56:48 core.sweep_detector INFO: FVGs: 3 detected, 3 unfilled
15:56:50 core.sweep_detector INFO: SweepDetector v2: 1 raw → 0 confirmed (vol≥2.5× body≥30%)
15:56:50 core.sweep_detector INFO: OrderBlocks: 6 detected, 0 unmitigated
15:56:50 core.sweep_detector INFO: FVGs: 8 detected, 2 unfilled
15:56:52 core.sweep_detector INFO: SweepDetector v2: 1 raw → 0 confirmed (vol≥2.5× body≥30%)
15:56:52 core.sweep_detector INFO: OrderBlocks: 2 detected, 2 unmitigated
15:56:52 core.sweep_detector INFO: FVGs: 7 detected, 6 unfilled
15:56:53 core.sweep_detector INFO: SweepDetector v2: 1 raw → 0 confirmed (vol≥2.5× body≥30%)
15:56:53 core.sweep_detector INFO: OrderBlocks: 5 detected, 3 unmitigated
15:56:53 core.sweep_detector INFO: FVGs: 6 detected, 4 unfilled
15:56:55 core.sweep_detector INFO: SweepDetector v2: 2 raw → 1 confirmed (vol≥2.5× body≥30%)
15:56:55 core.sweep_detector INFO: OrderBlocks: 13 detected, 0 unmitigated
15:56:55 core.sweep_detector INFO: FVGs: 8 detected, 1 unfilled
15:56:57 core.sweep_detector INFO: SweepDetector v2: 0 raw → 0 confirmed (vol≥2.5× body≥30%)
15:56:57 core.sweep_detector INFO: OrderBlocks: 6 detected, 2 unmitigated
15:56:57 core.sweep_detector INFO: FVGs: 11 detected, 7 unfilled
15:56:58 core.sweep_detector INFO: SweepDetector v2: 3 raw → 2 confirmed (vol≥2.5× body≥30%)
15:56:58 core.sweep_detector INFO: OrderBlocks: 6 detected, 1 unmitigated
15:56:58 core.sweep_detector INFO: FVGs: 12 detected, 3 unfilled
15:57:00 core.sweep_detector INFO: SweepDetector v2: 0 raw → 0 confirmed (vol≥2.5× body≥30%)
15:57:00 core.sweep_detector INFO: OrderBlocks: 7 detected, 1 unmitigated
15:57:00 core.sweep_detector INFO: FVGs: 7 detected, 2 unfilled
15:57:01 core.sweep_detector INFO: SweepDetector v2: 0 raw → 0 confirmed (vol≥2.5× body≥30%)
15:57:01 core.sweep_detector INFO: OrderBlocks: 9 detected, 2 unmitigated
15:57:01 core.sweep_detector INFO: FVGs: 15 detected, 3 unfilled
15:57:03 core.sweep_detector INFO: SweepDetector v2: 3 raw → 2 confirmed (vol≥2.5× body≥30%)
15:57:03 core.sweep_detector INFO: OrderBlocks: 2 detected, 1 unmitigated
15:57:03 core.sweep_detector INFO: FVGs: 12 detected, 2 unfilled
15:57:05 core.sweep_detector INFO: SweepDetector v2: 2 raw → 2 confirmed (vol≥2.5× body≥30%)
15:57:05 core.sweep_detector INFO: OrderBlocks: 6 detected, 2 unmitigated
15:57:05 core.sweep_detector INFO: FVGs: 7 detected, 3 unfilled
15:57:07 core.sweep_detector INFO: SweepDetector v2: 4 raw → 2 confirmed (vol≥2.5× body≥30%)
15:57:07 core.sweep_detector INFO: OrderBlocks: 5 detected, 2 unmitigated
15:57:07 core.sweep_detector INFO: FVGs: 9 detected, 2 unfilled
15:57:08 core.sweep_detector INFO: SweepDetector v2: 5 raw → 4 confirmed (vol≥2.5× body≥30%)
15:57:08 core.sweep_detector INFO: OrderBlocks: 6 detected, 2 unmitigated
15:57:08 core.sweep_detector INFO: FVGs: 10 detected, 4 unfilled
15:57:10 core.sweep_detector INFO: SweepDetector v2: 3 raw → 2 confirmed (vol≥2.5× body≥30%)
15:57:10 core.sweep_detector INFO: OrderBlocks: 7 detected, 3 unmitigated
15:57:10 core.sweep_detector INFO: FVGs: 12 detected, 7 unfilled
15:57:12 core.sweep_detector INFO: SweepDetector v2: 3 raw → 2 confirmed (vol≥2.5× body≥30%)
15:57:12 core.sweep_detector INFO: OrderBlocks: 5 detected, 2 unmitigated
15:57:12 core.sweep_detector INFO: FVGs: 4 detected, 1 unfilled
15:57:13 core.sweep_detector INFO: SweepDetector v2: 2 raw → 1 confirmed (vol≥2.5× body≥30%)
15:57:13 core.sweep_detector INFO: OrderBlocks: 3 detected, 0 unmitigated
15:57:13 core.sweep_detector INFO: FVGs: 10 detected, 2 unfilled
15:57:15 core.sweep_detector INFO: SweepDetector v2: 0 raw → 0 confirmed (vol≥2.5× body≥30%)
15:57:15 core.sweep_detector INFO: OrderBlocks: 6 detected, 2 unmitigated
15:57:15 core.sweep_detector INFO: FVGs: 4 detected, 2 unfilled
15:57:17 core.sweep_detector INFO: SweepDetector v2: 1 raw → 1 confirmed (vol≥2.5× body≥30%)
15:57:17 core.sweep_detector INFO: OrderBlocks: 8 detected, 1 unmitigated
15:57:17 core.sweep_detector INFO: FVGs: 7 detected, 1 unfilled
15:57:19 core.sweep_detector INFO: SweepDetector v2: 0 raw → 0 confirmed (vol≥2.5× body≥30%)
15:57:19 core.sweep_detector INFO: OrderBlocks: 8 detected, 2 unmitigated
15:57:19 core.sweep_detector INFO: FVGs: 9 detected, 2 unfilled
15:57:20 core.sweep_detector INFO: SweepDetector v2: 1 raw → 1 confirmed (vol≥2.5× body≥30%)
15:57:20 core.sweep_detector INFO: OrderBlocks: 4 detected, 0 unmitigated
15:57:20 core.sweep_detector INFO: FVGs: 10 detected, 2 unfilled
15:57:22 core.sweep_detector INFO: SweepDetector v2: 0 raw → 0 confirmed (vol≥2.5× body≥30%)
15:57:22 core.sweep_detector INFO: OrderBlocks: 8 detected, 3 unmitigated
15:57:22 core.sweep_detector INFO: FVGs: 11 detected, 2 unfilled
15:57:23 core.sweep_detector INFO: SweepDetector v2: 4 raw → 3 confirmed (vol≥2.5× body≥30%)
15:57:23 core.sweep_detector INFO: OrderBlocks: 2 detected, 1 unmitigated
15:57:23 core.sweep_detector INFO: FVGs: 10 detected, 1 unfilled
15:57:25 core.sweep_detector INFO: SweepDetector v2: 1 raw → 1 confirmed (vol≥2.5× body≥30%)
15:57:25 core.sweep_detector INFO: OrderBlocks: 3 detected, 0 unmitigated
15:57:25 core.sweep_detector INFO: FVGs: 3 detected, 0 unfilled
15:57:28 core.sweep_detector INFO: SweepDetector v2: 1 raw → 0 confirmed (vol≥2.5× body≥30%)
15:57:28 core.sweep_detector INFO: OrderBlocks: 4 detected, 1 unmitigated
15:57:28 core.sweep_detector INFO: FVGs: 9 detected, 2 unfilled
15:57:29 core.sweep_detector INFO: SweepDetector v2: 3 raw → 3 confirmed (vol≥2.5× body≥30%)
15:57:29 core.sweep_detector INFO: OrderBlocks: 4 detected, 0 unmitigated
15:57:29 core.sweep_detector INFO: FVGs: 6 detected, 0 unfilled
15:57:31 core.sweep_detector INFO: SweepDetector v2: 2 raw → 2 confirmed (vol≥2.5× body≥30%)
15:57:31 core.sweep_detector INFO: OrderBlocks: 6 detected, 1 unmitigated
15:57:31 core.sweep_detector INFO: FVGs: 9 detected, 1 unfilled
15:57:33 core.sweep_detector INFO: SweepDetector v2: 2 raw → 2 confirmed (vol≥2.5× body≥30%)
15:57:33 core.sweep_detector INFO: OrderBlocks: 9 detected, 3 unmitigated
15:57:33 core.sweep_detector INFO: FVGs: 16 detected, 5 unfilled
15:57:35 core.sweep_detector INFO: SweepDetector v2: 2 raw → 2 confirmed (vol≥2.5× body≥30%)
15:57:35 core.sweep_detector INFO: OrderBlocks: 8 detected, 2 unmitigated
15:57:35 core.sweep_detector INFO: FVGs: 11 detected, 3 unfilled
15:57:37 core.sweep_detector INFO: SweepDetector v2: 2 raw → 2 confirmed (vol≥2.5× body≥30%)
15:57:37 core.sweep_detector INFO: OrderBlocks: 6 detected, 3 unmitigated
15:57:37 core.sweep_detector INFO: FVGs: 11 detected, 2 unfilled
15:57:39 core.sweep_detector INFO: SweepDetector v2: 1 raw → 1 confirmed (vol≥2.5× body≥30%)
15:57:39 core.sweep_detector INFO: OrderBlocks: 5 detected, 3 unmitigated
15:57:39 core.sweep_detector INFO: FVGs: 11 detected, 3 unfilled
15:57:40 core.sweep_detector INFO: SweepDetector v2: 4 raw → 3 confirmed (vol≥2.5× body≥30%)
15:57:40 core.sweep_detector INFO: OrderBlocks: 4 detected, 0 unmitigated
15:57:40 core.sweep_detector INFO: FVGs: 7 detected, 2 unfilled
15:57:42 core.sweep_detector INFO: SweepDetector v2: 5 raw → 3 confirmed (vol≥2.5× body≥30%)
15:57:42 core.sweep_detector INFO: OrderBlocks: 1 detected, 1 unmitigated
15:57:42 core.sweep_detector INFO: FVGs: 6 detected, 2 unfilled
15:57:43 core.sweep_detector INFO: SweepDetector v2: 2 raw → 1 confirmed (vol≥2.5× body≥30%)
15:57:43 core.sweep_detector INFO: OrderBlocks: 5 detected, 0 unmitigated
15:57:43 core.sweep_detector INFO: FVGs: 6 detected, 0 unfilled
15:57:46 core.sweep_detector INFO: SweepDetector v2: 1 raw → 0 confirmed (vol≥2.5× body≥30%)
15:57:46 core.sweep_detector INFO: OrderBlocks: 4 detected, 2 unmitigated
15:57:46 core.sweep_detector INFO: FVGs: 10 detected, 1 unfilled
15:57:47 core.sweep_detector INFO: SweepDetector v2: 3 raw → 2 confirmed (vol≥2.5× body≥30%)
15:57:47 core.sweep_detector INFO: OrderBlocks: 6 detected, 2 unmitigated
15:57:47 core.sweep_detector INFO: FVGs: 8 detected, 3 unfilled
15:57:49 core.sweep_detector INFO: SweepDetector v2: 2 raw → 1 confirmed (vol≥2.5× body≥30%)
15:57:49 core.sweep_detector INFO: OrderBlocks: 5 detected, 1 unmitigated
15:57:49 core.sweep_detector INFO: FVGs: 8 detected, 4 unfilled
15:57:51 core.sweep_detector INFO: SweepDetector v2: 2 raw → 2 confirmed (vol≥2.5× body≥30%)
15:57:51 core.sweep_detector INFO: OrderBlocks: 2 detected, 1 unmitigated
15:57:51 core.sweep_detector INFO: FVGs: 12 detected, 3 unfilled
15:57:53 core.sweep_detector INFO: SweepDetector v2: 1 raw → 1 confirmed (vol≥2.5× body≥30%)
15:57:53 core.sweep_detector INFO: OrderBlocks: 4 detected, 0 unmitigated
15:57:53 core.sweep_detector INFO: FVGs: 11 detected, 1 unfilled
15:57:54 core.sweep_detector INFO: SweepDetector v2: 2 raw → 1 confirmed (vol≥2.5× body≥30%)
15:57:54 core.sweep_detector INFO: OrderBlocks: 6 detected, 2 unmitigated
15:57:54 core.sweep_detector INFO: FVGs: 10 detected, 5 unfilled
15:57:56 core.sweep_detector INFO: SweepDetector v2: 3 raw → 1 confirmed (vol≥2.5× body≥30%)
15:57:56 core.sweep_detector INFO: OrderBlocks: 4 detected, 1 unmitigated
15:57:56 core.sweep_detector INFO: FVGs: 10 detected, 2 unfilled
15:57:58 core.sweep_detector INFO: SweepDetector v2: 2 raw → 2 confirmed (vol≥2.5× body≥30%)
15:57:58 core.sweep_detector INFO: OrderBlocks: 5 detected, 1 unmitigated
15:57:58 core.sweep_detector INFO: FVGs: 4 detected, 1 unfilled
15:57:59 core.sweep_detector INFO: SweepDetector v2: 0 raw → 0 confirmed (vol≥2.5× body≥30%)
15:57:59 core.sweep_detector INFO: OrderBlocks: 2 detected, 2 unmitigated
15:57:59 core.sweep_detector INFO: FVGs: 11 detected, 6 unfilled
15:58:01 core.sweep_detector INFO: SweepDetector v2: 2 raw → 2 confirmed (vol≥2.5× body≥30%)
15:58:01 core.sweep_detector INFO: OrderBlocks: 3 detected, 0 unmitigated
15:58:01 core.sweep_detector INFO: FVGs: 3 detected, 1 unfilled
15:58:03 core.sweep_detector INFO: SweepDetector v2: 1 raw → 1 confirmed (vol≥2.5× body≥30%)
15:58:03 core.sweep_detector INFO: OrderBlocks: 2 detected, 0 unmitigated
15:58:03 core.sweep_detector INFO: FVGs: 10 detected, 1 unfilled
15:58:04 core.sweep_detector INFO: SweepDetector v2: 0 raw → 0 confirmed (vol≥2.5× body≥30%)
15:58:04 core.sweep_detector INFO: OrderBlocks: 5 detected, 1 unmitigated
15:58:04 core.sweep_detector INFO: FVGs: 0 detected, 0 unfilled
15:58:06 core.sweep_detector INFO: SweepDetector v2: 0 raw → 0 confirmed (vol≥2.5× body≥30%)
15:58:06 core.sweep_detector INFO: OrderBlocks: 4 detected, 1 unmitigated
15:58:06 core.sweep_detector INFO: FVGs: 1 detected, 1 unfilled
15:58:08 core.sweep_detector INFO: SweepDetector v2: 0 raw → 0 confirmed (vol≥2.5× body≥30%)
15:58:08 core.sweep_detector INFO: OrderBlocks: 4 detected, 2 unmitigated
15:58:08 core.sweep_detector INFO: FVGs: 0 detected, 0 unfilled
15:58:09 core.sweep_detector INFO: SweepDetector v2: 0 raw → 0 confirmed (vol≥2.5× body≥30%)
15:58:09 core.sweep_detector INFO: OrderBlocks: 0 detected, 0 unmitigated
15:58:09 core.sweep_detector INFO: FVGs: 0 detected, 0 unfilled
15:58:11 core.sweep_detector INFO: SweepDetector v2: 0 raw → 0 confirmed (vol≥2.5× body≥30%)
15:58:11 core.sweep_detector INFO: OrderBlocks: 0 detected, 0 unmitigated
15:58:11 core.sweep_detector INFO: FVGs: 0 detected, 0 unfilled
15:58:13 core.sweep_detector INFO: SweepDetector v2: 0 raw → 0 confirmed (vol≥2.5× body≥30%)
15:58:13 core.sweep_detector INFO: OrderBlocks: 0 detected, 0 unmitigated
15:58:13 core.sweep_detector INFO: FVGs: 0 detected, 0 unfilled
15:58:14 core.sweep_detector INFO: SweepDetector v2: 0 raw → 0 confirmed (vol≥2.5× body≥30%)
15:58:14 core.sweep_detector INFO: OrderBlocks: 6 detected, 1 unmitigated
15:58:14 core.sweep_detector INFO: FVGs: 13 detected, 2 unfilled
15:58:16 core.sweep_detector INFO: SweepDetector v2: 1 raw → 1 confirmed (vol≥2.5× body≥30%)
15:58:16 core.sweep_detector INFO: OrderBlocks: 4 detected, 1 unmitigated
15:58:16 core.sweep_detector INFO: FVGs: 10 detected, 2 unfilled
15:58:18 core.sweep_detector INFO: SweepDetector v2: 2 raw → 2 confirmed (vol≥2.5× body≥30%)
15:58:18 core.sweep_detector INFO: OrderBlocks: 7 detected, 3 unmitigated
15:58:18 core.sweep_detector INFO: FVGs: 8 detected, 2 unfilled
15:58:19 core.sweep_detector INFO: SweepDetector v2: 0 raw → 0 confirmed (vol≥2.5× body≥30%)
15:58:19 core.sweep_detector INFO: OrderBlocks: 8 detected, 4 unmitigated
15:58:19 core.sweep_detector INFO: FVGs: 10 detected, 4 unfilled
15:58:21 core.sweep_detector INFO: SweepDetector v2: 2 raw → 1 confirmed (vol≥2.5× body≥30%)
15:58:21 core.sweep_detector INFO: OrderBlocks: 4 detected, 0 unmitigated
15:58:21 core.sweep_detector INFO: FVGs: 11 detected, 2 unfilled
15:58:23 core.sweep_detector INFO: SweepDetector v2: 2 raw → 2 confirmed (vol≥2.5× body≥30%)
15:58:23 core.sweep_detector INFO: OrderBlocks: 2 detected, 0 unmitigated
15:58:23 core.sweep_detector INFO: FVGs: 10 detected, 2 unfilled
15:58:26 core.sweep_detector INFO: SweepDetector v2: 0 raw → 0 confirmed (vol≥2.5× body≥30%)
15:58:26 core.sweep_detector INFO: OrderBlocks: 8 detected, 3 unmitigated
15:58:26 core.sweep_detector INFO: FVGs: 12 detected, 3 unfilled
15:58:27 core.sweep_detector INFO: SweepDetector v2: 1 raw → 1 confirmed (vol≥2.5× body≥30%)
15:58:27 core.sweep_detector INFO: OrderBlocks: 7 detected, 0 unmitigated
15:58:27 core.sweep_detector INFO: FVGs: 12 detected, 2 unfilled
15:58:30 core.sweep_detector INFO: SweepDetector v2: 4 raw → 3 confirmed (vol≥2.5× body≥30%)
15:58:30 core.sweep_detector INFO: OrderBlocks: 2 detected, 0 unmitigated
15:58:30 core.sweep_detector INFO: FVGs: 8 detected, 0 unfilled
15:58:32 core.sweep_detector INFO: SweepDetector v2: 2 raw → 2 confirmed (vol≥2.5× body≥30%)
15:58:32 core.sweep_detector INFO: OrderBlocks: 6 detected, 0 unmitigated
15:58:32 core.sweep_detector INFO: FVGs: 4 detected, 0 unfilled
15:58:33 core.sweep_detector INFO: SweepDetector v2: 6 raw → 6 confirmed (vol≥2.5× body≥30%)
15:58:33 core.sweep_detector INFO: OrderBlocks: 2 detected, 0 unmitigated
15:58:33 core.sweep_detector INFO: FVGs: 9 detected, 0 unfilled
15:58:35 core.sweep_detector INFO: SweepDetector v2: 5 raw → 4 confirmed (vol≥2.5× body≥30%)
15:58:35 core.sweep_detector INFO: OrderBlocks: 3 detected, 2 unmitigated
15:58:35 core.sweep_detector INFO: FVGs: 1 detected, 1 unfilled
15:58:38 core.sweep_detector INFO: SweepDetector v2: 1 raw → 1 confirmed (vol≥2.5× body≥30%)
15:58:38 core.sweep_detector INFO: OrderBlocks: 7 detected, 2 unmitigated
15:58:38 core.sweep_detector INFO: FVGs: 9 detected, 2 unfilled
15:58:40 core.sweep_detector INFO: SweepDetector v2: 1 raw → 1 confirmed (vol≥2.5× body≥30%)
15:58:40 core.sweep_detector INFO: OrderBlocks: 3 detected, 0 unmitigated
15:58:40 core.sweep_detector INFO: FVGs: 6 detected, 1 unfilled
15:58:41 core.sweep_detector INFO: SweepDetector v2: 1 raw → 1 confirmed (vol≥2.5× body≥30%)
15:58:41 core.sweep_detector INFO: OrderBlocks: 6 detected, 0 unmitigated
15:58:41 core.sweep_detector INFO: FVGs: 9 detected, 0 unfilled
15:58:43 core.sweep_detector INFO: SweepDetector v2: 3 raw → 2 confirmed (vol≥2.5× body≥30%)
15:58:43 core.sweep_detector INFO: OrderBlocks: 7 detected, 3 unmitigated
15:58:43 core.sweep_detector INFO: FVGs: 13 detected, 2 unfilled
15:58:45 core.sweep_detector INFO: SweepDetector v2: 2 raw → 0 confirmed (vol≥2.5× body≥30%)
15:58:45 core.sweep_detector INFO: OrderBlocks: 8 detected, 3 unmitigated
15:58:45 core.sweep_detector INFO: FVGs: 13 detected, 2 unfilled
15:58:47 core.sweep_detector INFO: SweepDetector v2: 3 raw → 0 confirmed (vol≥2.5× body≥30%)
15:58:47 core.sweep_detector INFO: OrderBlocks: 7 detected, 4 unmitigated
15:58:47 core.sweep_detector INFO: FVGs: 8 detected, 4 unfilled
15:58:49 core.sweep_detector INFO: SweepDetector v2: 2 raw → 2 confirmed (vol≥2.5× body≥30%)
15:58:49 core.sweep_detector INFO: OrderBlocks: 10 detected, 2 unmitigated
15:58:50 core.sweep_detector INFO: FVGs: 8 detected, 2 unfilled
15:58:51 core.sweep_detector INFO: SweepDetector v2: 1 raw → 1 confirmed (vol≥2.5× body≥30%)
15:58:51 core.sweep_detector INFO: OrderBlocks: 1 detected, 0 unmitigated
15:58:51 core.sweep_detector INFO: FVGs: 9 detected, 2 unfilled
15:58:53 core.sweep_detector INFO: SweepDetector v2: 4 raw → 3 confirmed (vol≥2.5× body≥30%)
15:58:53 core.sweep_detector INFO: OrderBlocks: 6 detected, 2 unmitigated
15:58:53 core.sweep_detector INFO: FVGs: 9 detected, 1 unfilled
15:58:54 core.sweep_detector INFO: SweepDetector v2: 1 raw → 1 confirmed (vol≥2.5× body≥30%)
15:58:54 core.sweep_detector INFO: OrderBlocks: 7 detected, 2 unmitigated
15:58:54 core.sweep_detector INFO: FVGs: 9 detected, 4 unfilled
15:58:56 core.sweep_detector INFO: SweepDetector v2: 2 raw → 2 confirmed (vol≥2.5× body≥30%)
15:58:56 core.sweep_detector INFO: OrderBlocks: 3 detected, 1 unmitigated
15:58:56 core.sweep_detector INFO: FVGs: 12 detected, 4 unfilled
15:58:58 core.sweep_detector INFO: SweepDetector v2: 3 raw → 3 confirmed (vol≥2.5× body≥30%)
15:58:58 core.sweep_detector INFO: OrderBlocks: 5 detected, 0 unmitigated
15:58:58 core.sweep_detector INFO: FVGs: 7 detected, 2 unfilled
15:58:59 core.sweep_detector INFO: SweepDetector v2: 2 raw → 1 confirmed (vol≥2.5× body≥30%)
15:58:59 core.sweep_detector INFO: OrderBlocks: 4 detected, 1 unmitigated
15:58:59 core.sweep_detector INFO: FVGs: 7 detected, 0 unfilled
15:59:01 core.sweep_detector INFO: SweepDetector v2: 0 raw → 0 confirmed (vol≥2.5× body≥30%)
15:59:01 core.sweep_detector INFO: OrderBlocks: 7 detected, 1 unmitigated
15:59:01 core.sweep_detector INFO: FVGs: 9 detected, 4 unfilled
15:59:03 core.sweep_detector INFO: SweepDetector v2: 1 raw → 1 confirmed (vol≥2.5× body≥30%)
15:59:03 core.sweep_detector INFO: OrderBlocks: 7 detected, 4 unmitigated
15:59:03 core.sweep_detector INFO: FVGs: 11 detected, 6 unfilled
15:59:04 core.sweep_detector INFO: SweepDetector v2: 0 raw → 0 confirmed (vol≥2.5× body≥30%)
15:59:04 core.sweep_detector INFO: OrderBlocks: 2 detected, 1 unmitigated
15:59:04 core.sweep_detector INFO: FVGs: 11 detected, 2 unfilled
15:59:06 core.sweep_detector INFO: SweepDetector v2: 0 raw → 0 confirmed (vol≥2.5× body≥30%)
15:59:06 core.sweep_detector INFO: OrderBlocks: 2 detected, 0 unmitigated
15:59:06 core.sweep_detector INFO: FVGs: 7 detected, 0 unfilled
15:59:08 core.sweep_detector INFO: SweepDetector v2: 2 raw → 2 confirmed (vol≥2.5× body≥30%)
15:59:08 core.sweep_detector INFO: OrderBlocks: 4 detected, 2 unmitigated
15:59:08 core.sweep_detector INFO: FVGs: 5 detected, 2 unfilled
15:59:10 core.sweep_detector INFO: SweepDetector v2: 0 raw → 0 confirmed (vol≥2.5× body≥30%)
15:59:10 core.sweep_detector INFO: OrderBlocks: 7 detected, 3 unmitigated
15:59:10 core.sweep_detector INFO: FVGs: 12 detected, 7 unfilled
15:59:11 core.sweep_detector INFO: SweepDetector v2: 1 raw → 1 confirmed (vol≥2.5× body≥30%)
15:59:11 core.sweep_detector INFO: OrderBlocks: 5 detected, 3 unmitigated
15:59:11 core.sweep_detector INFO: FVGs: 12 detected, 3 unfilled
15:59:13 core.sweep_detector INFO: SweepDetector v2: 0 raw → 0 confirmed (vol≥2.5× body≥30%)
15:59:13 core.sweep_detector INFO: OrderBlocks: 9 detected, 3 unmitigated
15:59:13 core.sweep_detector INFO: FVGs: 12 detected, 6 unfilled
15:59:14 core.sweep_detector INFO: SweepDetector v2: 1 raw → 0 confirmed (vol≥2.5× body≥30%)
15:59:14 core.sweep_detector INFO: OrderBlocks: 9 detected, 3 unmitigated
15:59:14 core.sweep_detector INFO: FVGs: 8 detected, 2 unfilled
15:59:16 core.sweep_detector INFO: SweepDetector v2: 2 raw → 1 confirmed (vol≥2.5× body≥30%)
15:59:16 core.sweep_detector INFO: OrderBlocks: 1 detected, 0 unmitigated
15:59:16 core.sweep_detector INFO: FVGs: 8 detected, 3 unfilled
15:59:18 core.sweep_detector INFO: SweepDetector v2: 0 raw → 0 confirmed (vol≥2.5× body≥30%)
15:59:18 core.sweep_detector INFO: OrderBlocks: 7 detected, 2 unmitigated
15:59:18 core.sweep_detector INFO: FVGs: 5 detected, 3 unfilled
15:59:19 core.sweep_detector INFO: SweepDetector v2: 1 raw → 1 confirmed (vol≥2.5× body≥30%)
15:59:19 core.sweep_detector INFO: OrderBlocks: 6 detected, 3 unmitigated
15:59:19 core.sweep_detector INFO: FVGs: 10 detected, 6 unfilled
15:59:21 core.sweep_detector INFO: SweepDetector v2: 3 raw → 1 confirmed (vol≥2.5× body≥30%)
15:59:21 core.sweep_detector INFO: OrderBlocks: 4 detected, 2 unmitigated
15:59:21 core.sweep_detector INFO: FVGs: 8 detected, 3 unfilled
15:59:23 core.sweep_detector INFO: SweepDetector v2: 1 raw → 1 confirmed (vol≥2.5× body≥30%)
15:59:23 core.sweep_detector INFO: OrderBlocks: 3 detected, 1 unmitigated
15:59:23 core.sweep_detector INFO: FVGs: 3 detected, 1 unfilled
15:59:25 core.sweep_detector INFO: SweepDetector v2: 0 raw → 0 confirmed (vol≥2.5× body≥30%)
15:59:25 core.sweep_detector INFO: OrderBlocks: 6 detected, 2 unmitigated
15:59:25 core.sweep_detector INFO: FVGs: 3 detected, 2 unfilled
15:59:26 core.sweep_detector INFO: SweepDetector v2: 2 raw → 2 confirmed (vol≥2.5× body≥30%)
15:59:26 core.sweep_detector INFO: OrderBlocks: 6 detected, 0 unmitigated
15:59:26 core.sweep_detector INFO: FVGs: 8 detected, 1 unfilled
15:59:28 core.sweep_detector INFO: SweepDetector v2: 1 raw → 1 confirmed (vol≥2.5× body≥30%)
15:59:28 core.sweep_detector INFO: OrderBlocks: 3 detected, 1 unmitigated
15:59:28 core.sweep_detector INFO: FVGs: 6 detected, 0 unfilled
15:59:30 core.sweep_detector INFO: SweepDetector v2: 1 raw → 1 confirmed (vol≥2.5× body≥30%)
15:59:30 core.sweep_detector INFO: OrderBlocks: 9 detected, 2 unmitigated
15:59:30 core.sweep_detector INFO: FVGs: 5 detected, 3 unfilled
15:59:32 core.sweep_detector INFO: SweepDetector v2: 3 raw → 2 confirmed (vol≥2.5× body≥30%)
15:59:32 core.sweep_detector INFO: OrderBlocks: 4 detected, 2 unmitigated
15:59:32 core.sweep_detector INFO: FVGs: 8 detected, 3 unfilled
15:59:34 core.sweep_detector INFO: SweepDetector v2: 1 raw → 1 confirmed (vol≥2.5× body≥30%)
15:59:34 core.sweep_detector INFO: OrderBlocks: 6 detected, 3 unmitigated
15:59:34 core.sweep_detector INFO: FVGs: 8 detected, 3 unfilled
15:59:35 core.sweep_detector INFO: SweepDetector v2: 0 raw → 0 confirmed (vol≥2.5× body≥30%)
15:59:35 core.sweep_detector INFO: OrderBlocks: 4 detected, 2 unmitigated
15:59:35 core.sweep_detector INFO: FVGs: 13 detected, 3 unfilled
15:59:37 core.sweep_detector INFO: SweepDetector v2: 1 raw → 1 confirmed (vol≥2.5× body≥30%)
15:59:37 core.sweep_detector INFO: OrderBlocks: 7 detected, 2 unmitigated
15:59:37 core.sweep_detector INFO: FVGs: 10 detected, 5 unfilled
15:59:38 core.sweep_detector INFO: SweepDetector v2: 2 raw → 1 confirmed (vol≥2.5× body≥30%)
15:59:38 core.sweep_detector INFO: OrderBlocks: 5 detected, 3 unmitigated
15:59:38 core.sweep_detector INFO: FVGs: 11 detected, 6 unfilled
15:59:40 core.sweep_detector INFO: SweepDetector v2: 3 raw → 2 confirmed (vol≥2.5× body≥30%)
15:59:40 core.sweep_detector INFO: OrderBlocks: 11 detected, 4 unmitigated
15:59:40 core.sweep_detector INFO: FVGs: 14 detected, 1 unfilled
15:59:42 core.sweep_detector INFO: SweepDetector v2: 3 raw → 1 confirmed (vol≥2.5× body≥30%)
15:59:42 core.sweep_detector INFO: OrderBlocks: 4 detected, 0 unmitigated
15:59:42 core.sweep_detector INFO: FVGs: 11 detected, 2 unfilled
15:59:43 core.sweep_detector INFO: SweepDetector v2: 3 raw → 3 confirmed (vol≥2.5× body≥30%)
15:59:43 core.sweep_detector INFO: OrderBlocks: 4 detected, 0 unmitigated
15:59:43 core.sweep_detector INFO: FVGs: 7 detected, 1 unfilled
15:59:45 core.sweep_detector INFO: SweepDetector v2: 2 raw → 2 confirmed (vol≥2.5× body≥30%)
15:59:45 core.sweep_detector INFO: OrderBlocks: 3 detected, 1 unmitigated
15:59:45 core.sweep_detector INFO: FVGs: 7 detected, 2 unfilled
15:59:47 core.sweep_detector INFO: SweepDetector v2: 0 raw → 0 confirmed (vol≥2.5× body≥30%)
15:59:47 core.sweep_detector INFO: OrderBlocks: 2 detected, 1 unmitigated
15:59:47 core.sweep_detector INFO: FVGs: 11 detected, 5 unfilled
15:59:49 core.sweep_detector INFO: SweepDetector v2: 1 raw → 0 confirmed (vol≥2.5× body≥30%)
15:59:49 core.sweep_detector INFO: OrderBlocks: 2 detected, 0 unmitigated
15:59:49 core.sweep_detector INFO: FVGs: 6 detected, 3 unfilled
15:59:51 core.sweep_detector INFO: SweepDetector v2: 2 raw → 2 confirmed (vol≥2.5× body≥30%)
15:59:51 core.sweep_detector INFO: OrderBlocks: 15 detected, 3 unmitigated
15:59:51 core.sweep_detector INFO: FVGs: 16 detected, 2 unfilled
15:59:53 core.sweep_detector INFO: SweepDetector v2: 3 raw → 3 confirmed (vol≥2.5× body≥30%)
15:59:53 core.sweep_detector INFO: OrderBlocks: 5 detected, 3 unmitigated
15:59:53 core.sweep_detector INFO: FVGs: 7 detected, 1 unfilled
15:59:55 core.sweep_detector INFO: SweepDetector v2: 2 raw → 1 confirmed (vol≥2.5× body≥30%)
15:59:55 core.sweep_detector INFO: OrderBlocks: 5 detected, 2 unmitigated
15:59:55 core.sweep_detector INFO: FVGs: 7 detected, 2 unfilled
15:59:57 core.sweep_detector INFO: SweepDetector v2: 6 raw → 3 confirmed (vol≥2.5× body≥30%)
15:59:57 core.sweep_detector INFO: OrderBlocks: 6 detected, 4 unmitigated
15:59:57 core.sweep_detector INFO: FVGs: 10 detected, 5 unfilled
16:00:00 core.sweep_detector INFO: SweepDetector v2: 5 raw → 4 confirmed (vol≥2.5× body≥30%)
16:00:00 core.sweep_detector INFO: OrderBlocks: 5 detected, 2 unmitigated
16:00:00 core.sweep_detector INFO: FVGs: 7 detected, 2 unfilled
16:00:03 core.sweep_detector INFO: SweepDetector v2: 1 raw → 1 confirmed (vol≥2.5× body≥30%)
16:00:03 core.sweep_detector INFO: OrderBlocks: 4 detected, 3 unmitigated
16:00:03 core.sweep_detector INFO: FVGs: 9 detected, 4 unfilled
16:00:05 core.sweep_detector INFO: SweepDetector v2: 1 raw → 1 confirmed (vol≥2.5× body≥30%)
16:00:05 core.sweep_detector INFO: OrderBlocks: 5 detected, 1 unmitigated
16:00:05 core.sweep_detector INFO: FVGs: 7 detected, 3 unfilled
16:00:07 core.sweep_detector INFO: SweepDetector v2: 3 raw → 3 confirmed (vol≥2.5× body≥30%)
16:00:07 core.sweep_detector INFO: OrderBlocks: 8 detected, 2 unmitigated
16:00:07 core.sweep_detector INFO: FVGs: 10 detected, 3 unfilled
16:00:09 core.sweep_detector INFO: SweepDetector v2: 3 raw → 3 confirmed (vol≥2.5× body≥30%)
16:00:09 core.sweep_detector INFO: OrderBlocks: 3 detected, 0 unmitigated
16:00:09 core.sweep_detector INFO: FVGs: 12 detected, 4 unfilled
16:00:11 core.sweep_detector INFO: SweepDetector v2: 1 raw → 1 confirmed (vol≥2.5× body≥30%)
16:00:11 core.sweep_detector INFO: OrderBlocks: 6 detected, 2 unmitigated
16:00:11 core.sweep_detector INFO: FVGs: 12 detected, 6 unfilled
16:00:13 core.sweep_detector INFO: SweepDetector v2: 2 raw → 0 confirmed (vol≥2.5× body≥30%)
16:00:13 core.sweep_detector INFO: OrderBlocks: 5 detected, 1 unmitigated
16:00:13 core.sweep_detector INFO: FVGs: 11 detected, 3 unfilled
16:00:15 core.sweep_detector INFO: SweepDetector v2: 1 raw → 1 confirmed (vol≥2.5× body≥30%)
16:00:15 core.sweep_detector INFO: OrderBlocks: 5 detected, 3 unmitigated
16:00:15 core.sweep_detector INFO: FVGs: 5 detected, 2 unfilled
16:00:16 core.sweep_detector INFO: SweepDetector v2: 3 raw → 2 confirmed (vol≥2.5× body≥30%)
16:00:16 core.sweep_detector INFO: OrderBlocks: 5 detected, 0 unmitigated
16:00:16 core.sweep_detector INFO: FVGs: 6 detected, 0 unfilled
16:00:18 core.sweep_detector INFO: SweepDetector v2: 2 raw → 2 confirmed (vol≥2.5× body≥30%)
16:00:18 core.sweep_detector INFO: OrderBlocks: 6 detected, 1 unmitigated
16:00:18 core.sweep_detector INFO: FVGs: 8 detected, 3 unfilled
16:00:20 core.sweep_detector INFO: SweepDetector v2: 0 raw → 0 confirmed (vol≥2.5× body≥30%)
16:00:20 core.sweep_detector INFO: OrderBlocks: 6 detected, 2 unmitigated
16:00:20 core.sweep_detector INFO: FVGs: 6 detected, 4 unfilled
16:00:22 core.sweep_detector INFO: SweepDetector v2: 0 raw → 0 confirmed (vol≥2.5× body≥30%)
16:00:22 core.sweep_detector INFO: OrderBlocks: 8 detected, 4 unmitigated
16:00:22 core.sweep_detector INFO: FVGs: 10 detected, 4 unfilled
16:00:23 core.sweep_detector INFO: SweepDetector v2: 4 raw → 3 confirmed (vol≥2.5× body≥30%)
16:00:23 core.sweep_detector INFO: OrderBlocks: 5 detected, 1 unmitigated
16:00:23 core.sweep_detector INFO: FVGs: 10 detected, 2 unfilled
16:00:25 core.sweep_detector INFO: SweepDetector v2: 2 raw → 2 confirmed (vol≥2.5× body≥30%)
16:00:25 core.sweep_detector INFO: OrderBlocks: 4 detected, 0 unmitigated
16:00:25 core.sweep_detector INFO: FVGs: 5 detected, 0 unfilled
16:00:27 core.sweep_detector INFO: SweepDetector v2: 1 raw → 1 confirmed (vol≥2.5× body≥30%)
16:00:27 core.sweep_detector INFO: OrderBlocks: 4 detected, 2 unmitigated
16:00:27 core.sweep_detector INFO: FVGs: 5 detected, 2 unfilled
16:00:28 core.sweep_detector INFO: SweepDetector v2: 3 raw → 3 confirmed (vol≥2.5× body≥30%)
16:00:29 core.sweep_detector INFO: OrderBlocks: 3 detected, 0 unmitigated
16:00:29 core.sweep_detector INFO: FVGs: 4 detected, 1 unfilled
16:00:30 core.sweep_detector INFO: SweepDetector v2: 1 raw → 1 confirmed (vol≥2.5× body≥30%)
16:00:30 core.sweep_detector INFO: OrderBlocks: 1 detected, 0 unmitigated
16:00:30 core.sweep_detector INFO: FVGs: 1 detected, 0 unfilled
16:00:32 core.sweep_detector INFO: SweepDetector v2: 2 raw → 2 confirmed (vol≥2.5× body≥30%)
16:00:32 core.sweep_detector INFO: OrderBlocks: 10 detected, 2 unmitigated
16:00:32 core.sweep_detector INFO: FVGs: 11 detected, 3 unfilled
16:00:33 core.sweep_detector INFO: SweepDetector v2: 5 raw → 3 confirmed (vol≥2.5× body≥30%)
16:00:33 core.sweep_detector INFO: OrderBlocks: 4 detected, 3 unmitigated
16:00:33 core.sweep_detector INFO: FVGs: 9 detected, 3 unfilled
16:00:35 core.sweep_detector INFO: SweepDetector v2: 2 raw → 1 confirmed (vol≥2.5× body≥30%)
16:00:35 core.sweep_detector INFO: OrderBlocks: 3 detected, 1 unmitigated
16:00:35 core.sweep_detector INFO: FVGs: 8 detected, 2 unfilled
16:00:37 core.sweep_detector INFO: SweepDetector v2: 1 raw → 0 confirmed (vol≥2.5× body≥30%)
16:00:37 core.sweep_detector INFO: OrderBlocks: 5 detected, 1 unmitigated
16:00:37 core.sweep_detector INFO: FVGs: 4 detected, 2 unfilled
16:00:38 core.sweep_detector INFO: SweepDetector v2: 4 raw → 4 confirmed (vol≥2.5× body≥30%)
16:00:39 core.sweep_detector INFO: OrderBlocks: 2 detected, 1 unmitigated
16:00:39 core.sweep_detector INFO: FVGs: 7 detected, 1 unfilled
16:00:40 core.sweep_detector INFO: SweepDetector v2: 1 raw → 1 confirmed (vol≥2.5× body≥30%)
16:00:40 core.sweep_detector INFO: OrderBlocks: 4 detected, 0 unmitigated
16:00:40 core.sweep_detector INFO: FVGs: 11 detected, 1 unfilled
16:00:42 core.sweep_detector INFO: SweepDetector v2: 2 raw → 2 confirmed (vol≥2.5× body≥30%)
16:00:42 core.sweep_detector INFO: OrderBlocks: 8 detected, 4 unmitigated
16:00:42 core.sweep_detector INFO: FVGs: 10 detected, 3 unfilled
16:00:45 core.sweep_detector INFO: SweepDetector v2: 2 raw → 1 confirmed (vol≥2.5× body≥30%)
16:00:45 core.sweep_detector INFO: OrderBlocks: 4 detected, 2 unmitigated
16:00:45 core.sweep_detector INFO: FVGs: 7 detected, 3 unfilled
16:00:47 core.sweep_detector INFO: SweepDetector v2: 1 raw → 1 confirmed (vol≥2.5× body≥30%)
16:00:47 core.sweep_detector INFO: OrderBlocks: 2 detected, 2 unmitigated
16:00:47 core.sweep_detector INFO: FVGs: 11 detected, 1 unfilled
16:00:50 core.sweep_detector INFO: SweepDetector v2: 0 raw → 0 confirmed (vol≥2.5× body≥30%)
16:00:50 core.sweep_detector INFO: OrderBlocks: 1 detected, 0 unmitigated
16:00:50 core.sweep_detector INFO: FVGs: 0 detected, 0 unfilled
16:00:52 core.sweep_detector INFO: SweepDetector v2: 0 raw → 0 confirmed (vol≥2.5× body≥30%)
16:00:52 core.sweep_detector INFO: OrderBlocks: 0 detected, 0 unmitigated
16:00:52 core.sweep_detector INFO: FVGs: 0 detected, 0 unfilled
16:00:55 core.sweep_detector INFO: SweepDetector v2: 0 raw → 0 confirmed (vol≥2.5× body≥30%)
16:00:55 core.sweep_detector INFO: OrderBlocks: 0 detected, 0 unmitigated
16:00:55 core.sweep_detector INFO: FVGs: 0 detected, 0 unfilled
16:00:57 core.sweep_detector INFO: SweepDetector v2: 2 raw → 2 confirmed (vol≥2.5× body≥30%)
16:00:57 core.sweep_detector INFO: OrderBlocks: 5 detected, 2 unmitigated
16:00:57 core.sweep_detector INFO: FVGs: 7 detected, 2 unfilled
16:00:59 core.sweep_detector INFO: SweepDetector v2: 3 raw → 3 confirmed (vol≥2.5× body≥30%)
16:00:59 core.sweep_detector INFO: OrderBlocks: 3 detected, 0 unmitigated
16:00:59 core.sweep_detector INFO: FVGs: 8 detected, 2 unfilled
16:01:01 core.sweep_detector INFO: SweepDetector v2: 2 raw → 2 confirmed (vol≥2.5× body≥30%)
16:01:01 core.sweep_detector INFO: OrderBlocks: 2 detected, 1 unmitigated
16:01:01 core.sweep_detector INFO: FVGs: 4 detected, 2 unfilled
16:01:03 core.sweep_detector INFO: SweepDetector v2: 0 raw → 0 confirmed (vol≥2.5× body≥30%)
16:01:03 core.sweep_detector INFO: OrderBlocks: 4 detected, 2 unmitigated
16:01:03 core.sweep_detector INFO: FVGs: 11 detected, 7 unfilled
16:01:05 core.sweep_detector INFO: SweepDetector v2: 0 raw → 0 confirmed (vol≥2.5× body≥30%)
16:01:05 core.sweep_detector INFO: OrderBlocks: 1 detected, 0 unmitigated
16:01:05 core.sweep_detector INFO: FVGs: 6 detected, 2 unfilled
16:01:07 core.sweep_detector INFO: SweepDetector v2: 2 raw → 2 confirmed (vol≥2.5× body≥30%)
16:01:07 core.sweep_detector INFO: OrderBlocks: 3 detected, 1 unmitigated
16:01:07 core.sweep_detector INFO: FVGs: 10 detected, 1 unfilled
16:01:10 core.sweep_detector INFO: SweepDetector v2: 5 raw → 3 confirmed (vol≥2.5× body≥30%)
16:01:10 core.sweep_detector INFO: OrderBlocks: 6 detected, 2 unmitigated
16:01:10 core.sweep_detector INFO: FVGs: 9 detected, 2 unfilled
16:01:12 core.sweep_detector INFO: SweepDetector v2: 2 raw → 2 confirmed (vol≥2.5× body≥30%)
16:01:12 core.sweep_detector INFO: OrderBlocks: 3 detected, 2 unmitigated
16:01:12 core.sweep_detector INFO: FVGs: 12 detected, 2 unfilled
16:01:14 core.sweep_detector INFO: SweepDetector v2: 3 raw → 3 confirmed (vol≥2.5× body≥30%)
16:01:14 core.sweep_detector INFO: OrderBlocks: 2 detected, 0 unmitigated
16:01:14 core.sweep_detector INFO: FVGs: 5 detected, 1 unfilled
16:01:16 core.sweep_detector INFO: SweepDetector v2: 0 raw → 0 confirmed (vol≥2.5× body≥30%)
16:01:16 core.sweep_detector INFO: OrderBlocks: 7 detected, 2 unmitigated
16:01:16 core.sweep_detector INFO: FVGs: 9 detected, 2 unfilled
16:01:18 core.sweep_detector INFO: SweepDetector v2: 3 raw → 3 confirmed (vol≥2.5× body≥30%)
16:01:18 core.sweep_detector INFO: OrderBlocks: 3 detected, 1 unmitigated
16:01:18 core.sweep_detector INFO: FVGs: 9 detected, 3 unfilled
16:01:20 core.sweep_detector INFO: SweepDetector v2: 2 raw → 1 confirmed (vol≥2.5× body≥30%)
16:01:20 core.sweep_detector INFO: OrderBlocks: 6 detected, 2 unmitigated
16:01:20 core.sweep_detector INFO: FVGs: 7 detected, 2 unfilled
16:01:22 core.sweep_detector INFO: SweepDetector v2: 1 raw → 1 confirmed (vol≥2.5× body≥30%)
16:01:22 core.sweep_detector INFO: OrderBlocks: 4 detected, 2 unmitigated
16:01:22 core.sweep_detector INFO: FVGs: 11 detected, 9 unfilled
16:01:25 core.sweep_detector INFO: SweepDetector v2: 1 raw → 1 confirmed (vol≥2.5× body≥30%)
16:01:25 core.sweep_detector INFO: OrderBlocks: 3 detected, 2 unmitigated
16:01:25 core.sweep_detector INFO: FVGs: 2 detected, 1 unfilled
16:01:27 core.sweep_detector INFO: SweepDetector v2: 3 raw → 3 confirmed (vol≥2.5× body≥30%)
16:01:27 core.sweep_detector INFO: OrderBlocks: 1 detected, 1 unmitigated
16:01:27 core.sweep_detector INFO: FVGs: 6 detected, 2 unfilled
16:01:29 core.sweep_detector INFO: SweepDetector v2: 2 raw → 2 confirmed (vol≥2.5× body≥30%)
16:01:29 core.sweep_detector INFO: OrderBlocks: 7 detected, 3 unmitigated
16:01:29 core.sweep_detector INFO: FVGs: 9 detected, 3 unfilled
16:01:31 core.sweep_detector INFO: SweepDetector v2: 3 raw → 0 confirmed (vol≥2.5× body≥30%)
16:01:31 core.sweep_detector INFO: OrderBlocks: 5 detected, 2 unmitigated
16:01:31 core.sweep_detector INFO: FVGs: 7 detected, 4 unfilled
16:01:32 core.sweep_detector INFO: SweepDetector v2: 1 raw → 0 confirmed (vol≥2.5× body≥30%)
16:01:32 core.sweep_detector INFO: OrderBlocks: 8 detected, 4 unmitigated
16:01:32 core.sweep_detector INFO: FVGs: 9 detected, 4 unfilled
16:01:34 core.sweep_detector INFO: SweepDetector v2: 1 raw → 0 confirmed (vol≥2.5× body≥30%)
16:01:34 core.sweep_detector INFO: OrderBlocks: 9 detected, 3 unmitigated
16:01:34 core.sweep_detector INFO: FVGs: 8 detected, 4 unfilled
16:01:36 core.sweep_detector INFO: SweepDetector v2: 4 raw → 1 confirmed (vol≥2.5× body≥30%)
16:01:36 core.sweep_detector INFO: OrderBlocks: 4 detected, 1 unmitigated
16:01:36 core.sweep_detector INFO: FVGs: 7 detected, 1 unfilled
16:01:37 core.sweep_detector INFO: SweepDetector v2: 1 raw → 1 confirmed (vol≥2.5× body≥30%)
16:01:37 core.sweep_detector INFO: OrderBlocks: 3 detected, 0 unmitigated
16:01:37 core.sweep_detector INFO: FVGs: 3 detected, 1 unfilled
16:01:39 core.sweep_detector INFO: SweepDetector v2: 2 raw → 2 confirmed (vol≥2.5× body≥30%)
16:01:39 core.sweep_detector INFO: OrderBlocks: 5 detected, 2 unmitigated
16:01:39 core.sweep_detector INFO: FVGs: 11 detected, 1 unfilled
16:01:41 core.sweep_detector INFO: SweepDetector v2: 1 raw → 1 confirmed (vol≥2.5× body≥30%)
16:01:41 core.sweep_detector INFO: OrderBlocks: 2 detected, 1 unmitigated
16:01:41 core.sweep_detector INFO: FVGs: 12 detected, 5 unfilled
16:01:42 core.sweep_detector INFO: SweepDetector v2: 0 raw → 0 confirmed (vol≥2.5× body≥30%)
16:01:42 core.sweep_detector INFO: OrderBlocks: 1 detected, 0 unmitigated
16:01:42 core.sweep_detector INFO: FVGs: 6 detected, 2 unfilled
16:01:44 core.sweep_detector INFO: SweepDetector v2: 7 raw → 5 confirmed (vol≥2.5× body≥30%)
16:01:44 core.sweep_detector INFO: OrderBlocks: 5 detected, 5 unmitigated
16:01:44 core.sweep_detector INFO: FVGs: 13 detected, 8 unfilled
16:01:46 core.sweep_detector INFO: SweepDetector v2: 2 raw → 1 confirmed (vol≥2.5× body≥30%)
16:01:46 core.sweep_detector INFO: OrderBlocks: 1 detected, 0 unmitigated
16:01:46 core.sweep_detector INFO: FVGs: 6 detected, 3 unfilled
16:01:48 core.sweep_detector INFO: SweepDetector v2: 4 raw → 4 confirmed (vol≥2.5× body≥30%)
16:01:48 core.sweep_detector INFO: OrderBlocks: 5 detected, 0 unmitigated
16:01:48 core.sweep_detector INFO: FVGs: 10 detected, 2 unfilled
16:01:49 core.sweep_detector INFO: SweepDetector v2: 0 raw → 0 confirmed (vol≥2.5× body≥30%)
16:01:49 core.sweep_detector INFO: OrderBlocks: 8 detected, 5 unmitigated
16:01:49 core.sweep_detector INFO: FVGs: 13 detected, 4 unfilled
16:01:51 core.sweep_detector INFO: SweepDetector v2: 3 raw → 2 confirmed (vol≥2.5× body≥30%)
16:01:51 core.sweep_detector INFO: OrderBlocks: 4 detected, 1 unmitigated
16:01:51 core.sweep_detector INFO: FVGs: 9 detected, 2 unfilled
16:01:53 core.sweep_detector INFO: SweepDetector v2: 2 raw → 1 confirmed (vol≥2.5× body≥30%)
16:01:53 core.sweep_detector INFO: OrderBlocks: 4 detected, 0 unmitigated
16:01:53 core.sweep_detector INFO: FVGs: 5 detected, 0 unfilled
16:01:55 core.sweep_detector INFO: SweepDetector v2: 3 raw → 3 confirmed (vol≥2.5× body≥30%)
16:01:55 core.sweep_detector INFO: OrderBlocks: 3 detected, 1 unmitigated
16:01:55 core.sweep_detector INFO: FVGs: 5 detected, 2 unfilled
16:01:57 core.sweep_detector INFO: SweepDetector v2: 3 raw → 2 confirmed (vol≥2.5× body≥30%)
16:01:57 core.sweep_detector INFO: OrderBlocks: 7 detected, 2 unmitigated
16:01:57 core.sweep_detector INFO: FVGs: 6 detected, 2 unfilled
16:01:59 core.sweep_detector INFO: SweepDetector v2: 1 raw → 1 confirmed (vol≥2.5× body≥30%)
16:01:59 core.sweep_detector INFO: OrderBlocks: 4 detected, 2 unmitigated
16:01:59 core.sweep_detector INFO: FVGs: 6 detected, 4 unfilled
16:02:01 core.sweep_detector INFO: SweepDetector v2: 3 raw → 2 confirmed (vol≥2.5× body≥30%)
16:02:01 core.sweep_detector INFO: OrderBlocks: 3 detected, 3 unmitigated
16:02:01 core.sweep_detector INFO: FVGs: 13 detected, 8 unfilled
16:02:02 core.sweep_detector INFO: SweepDetector v2: 2 raw → 2 confirmed (vol≥2.5× body≥30%)
16:02:02 core.sweep_detector INFO: OrderBlocks: 4 detected, 2 unmitigated
16:02:02 core.sweep_detector INFO: FVGs: 9 detected, 3 unfilled
16:02:04 core.sweep_detector INFO: SweepDetector v2: 2 raw → 1 confirmed (vol≥2.5× body≥30%)
16:02:04 core.sweep_detector INFO: OrderBlocks: 5 detected, 1 unmitigated
16:02:04 core.sweep_detector INFO: FVGs: 6 detected, 2 unfilled
16:02:06 core.sweep_detector INFO: SweepDetector v2: 1 raw → 0 confirmed (vol≥2.5× body≥30%)
16:02:06 core.sweep_detector INFO: OrderBlocks: 4 detected, 0 unmitigated
16:02:06 core.sweep_detector INFO: FVGs: 14 detected, 5 unfilled
16:02:08 core.sweep_detector INFO: SweepDetector v2: 0 raw → 0 confirmed (vol≥2.5× body≥30%)
16:02:08 core.sweep_detector INFO: OrderBlocks: 8 detected, 1 unmitigated
16:02:08 core.sweep_detector INFO: FVGs: 4 detected, 2 unfilled
16:02:09 core.sweep_detector INFO: SweepDetector v2: 2 raw → 2 confirmed (vol≥2.5× body≥30%)
16:02:09 core.sweep_detector INFO: OrderBlocks: 1 detected, 1 unmitigated
16:02:09 core.sweep_detector INFO: FVGs: 3 detected, 2 unfilled
16:02:11 core.sweep_detector INFO: SweepDetector v2: 1 raw → 0 confirmed (vol≥2.5× body≥30%)
16:02:11 core.sweep_detector INFO: OrderBlocks: 6 detected, 3 unmitigated
16:02:11 core.sweep_detector INFO: FVGs: 9 detected, 5 unfilled
16:02:13 core.sweep_detector INFO: SweepDetector v2: 2 raw → 2 confirmed (vol≥2.5× body≥30%)
16:02:13 core.sweep_detector INFO: OrderBlocks: 3 detected, 1 unmitigated
16:02:13 core.sweep_detector INFO: FVGs: 13 detected, 3 unfilled
16:02:15 core.sweep_detector INFO: SweepDetector v2: 4 raw → 3 confirmed (vol≥2.5× body≥30%)
16:02:15 core.sweep_detector INFO: OrderBlocks: 5 detected, 0 unmitigated
16:02:15 core.sweep_detector INFO: FVGs: 6 detected, 1 unfilled
16:02:17 core.sweep_detector INFO: SweepDetector v2: 0 raw → 0 confirmed (vol≥2.5× body≥30%)
16:02:17 core.sweep_detector INFO: OrderBlocks: 10 detected, 2 unmitigated
16:02:17 core.sweep_detector INFO: FVGs: 12 detected, 3 unfilled
16:02:18 core.sweep_detector INFO: SweepDetector v2: 1 raw → 1 confirmed (vol≥2.5× body≥30%)
16:02:19 core.sweep_detector INFO: OrderBlocks: 6 detected, 2 unmitigated
16:02:19 core.sweep_detector INFO: FVGs: 6 detected, 1 unfilled
16:02:20 core.sweep_detector INFO: SweepDetector v2: 1 raw → 1 confirmed (vol≥2.5× body≥30%)
16:02:20 core.sweep_detector INFO: OrderBlocks: 6 detected, 2 unmitigated
16:02:20 core.sweep_detector INFO: FVGs: 6 detected, 4 unfilled
16:02:22 core.sweep_detector INFO: SweepDetector v2: 0 raw → 0 confirmed (vol≥2.5× body≥30%)
16:02:22 core.sweep_detector INFO: OrderBlocks: 2 detected, 0 unmitigated
16:02:22 core.sweep_detector INFO: FVGs: 0 detected, 0 unfilled
16:02:24 core.sweep_detector INFO: SweepDetector v2: 0 raw → 0 confirmed (vol≥2.5× body≥30%)
16:02:24 core.sweep_detector INFO: OrderBlocks: 0 detected, 0 unmitigated
16:02:24 core.sweep_detector INFO: FVGs: 0 detected, 0 unfilled
16:02:26 core.sweep_detector INFO: SweepDetector v2: 0 raw → 0 confirmed (vol≥2.5× body≥30%)
16:02:26 core.sweep_detector INFO: OrderBlocks: 0 detected, 0 unmitigated
16:02:26 core.sweep_detector INFO: FVGs: 0 detected, 0 unfilled
16:02:28 core.sweep_detector INFO: SweepDetector v2: 1 raw → 1 confirmed (vol≥2.5× body≥30%)
16:02:28 core.sweep_detector INFO: OrderBlocks: 6 detected, 1 unmitigated
16:02:28 core.sweep_detector INFO: FVGs: 9 detected, 5 unfilled
16:02:29 core.sweep_detector INFO: SweepDetector v2: 2 raw → 2 confirmed (vol≥2.5× body≥30%)
16:02:29 core.sweep_detector INFO: OrderBlocks: 6 detected, 2 unmitigated
16:02:29 core.sweep_detector INFO: FVGs: 8 detected, 3 unfilled
16:02:31 core.sweep_detector INFO: SweepDetector v2: 1 raw → 1 confirmed (vol≥2.5× body≥30%)
16:02:31 core.sweep_detector INFO: OrderBlocks: 5 detected, 2 unmitigated
16:02:31 core.sweep_detector INFO: FVGs: 11 detected, 2 unfilled
16:02:33 core.sweep_detector INFO: SweepDetector v2: 1 raw → 1 confirmed (vol≥2.5× body≥30%)
16:02:33 core.sweep_detector INFO: OrderBlocks: 2 detected, 0 unmitigated
16:02:33 core.sweep_detector INFO: FVGs: 0 detected, 0 unfilled
16:02:34 core.sweep_detector INFO: SweepDetector v2: 0 raw → 0 confirmed (vol≥2.5× body≥30%)
16:02:34 core.sweep_detector INFO: OrderBlocks: 1 detected, 0 unmitigated
16:02:34 core.sweep_detector INFO: FVGs: 0 detected, 0 unfilled
16:02:36 core.sweep_detector INFO: SweepDetector v2: 0 raw → 0 confirmed (vol≥2.5× body≥30%)
16:02:36 core.sweep_detector INFO: OrderBlocks: 1 detected, 0 unmitigated
16:02:36 core.sweep_detector INFO: FVGs: 0 detected, 0 unfilled
16:02:38 core.sweep_detector INFO: SweepDetector v2: 0 raw → 0 confirmed (vol≥2.5× body≥30%)
16:02:38 core.sweep_detector INFO: OrderBlocks: 3 detected, 0 unmitigated
16:02:38 core.sweep_detector INFO: FVGs: 0 detected, 0 unfilled
16:02:40 core.sweep_detector INFO: SweepDetector v2: 0 raw → 0 confirmed (vol≥2.5× body≥30%)
16:02:40 core.sweep_detector INFO: OrderBlocks: 1 detected, 0 unmitigated
16:02:40 core.sweep_detector INFO: FVGs: 0 detected, 0 unfilled
16:02:42 core.sweep_detector INFO: SweepDetector v2: 0 raw → 0 confirmed (vol≥2.5× body≥30%)
16:02:42 core.sweep_detector INFO: OrderBlocks: 1 detected, 0 unmitigated
16:02:42 core.sweep_detector INFO: FVGs: 0 detected, 0 unfilled
16:02:43 core.sweep_detector INFO: SweepDetector v2: 0 raw → 0 confirmed (vol≥2.5× body≥30%)
16:02:43 core.sweep_detector INFO: OrderBlocks: 1 detected, 0 unmitigated
16:02:43 core.sweep_detector INFO: FVGs: 0 detected, 0 unfilled
16:02:45 core.sweep_detector INFO: SweepDetector v2: 0 raw → 0 confirmed (vol≥2.5× body≥30%)
16:02:45 core.sweep_detector INFO: OrderBlocks: 0 detected, 0 unmitigated
16:02:45 core.sweep_detector INFO: FVGs: 0 detected, 0 unfilled
16:02:47 core.sweep_detector INFO: SweepDetector v2: 0 raw → 0 confirmed (vol≥2.5× body≥30%)
16:02:47 core.sweep_detector INFO: OrderBlocks: 0 detected, 0 unmitigated
16:02:47 core.sweep_detector INFO: FVGs: 0 detected, 0 unfilled
16:02:49 core.sweep_detector INFO: SweepDetector v2: 3 raw → 3 confirmed (vol≥2.5× body≥30%)
16:02:49 core.sweep_detector INFO: OrderBlocks: 4 detected, 1 unmitigated
16:02:49 core.sweep_detector INFO: FVGs: 9 detected, 4 unfilled
16:02:50 core.sweep_detector INFO: SweepDetector v2: 5 raw → 4 confirmed (vol≥2.5× body≥30%)
16:02:50 core.sweep_detector INFO: OrderBlocks: 9 detected, 4 unmitigated
16:02:50 core.sweep_detector INFO: FVGs: 9 detected, 3 unfilled
16:02:52 core.sweep_detector INFO: SweepDetector v2: 2 raw → 2 confirmed (vol≥2.5× body≥30%)
16:02:52 core.sweep_detector INFO: OrderBlocks: 5 detected, 0 unmitigated
16:02:52 core.sweep_detector INFO: FVGs: 9 detected, 4 unfilled
16:02:54 core.sweep_detector INFO: SweepDetector v2: 0 raw → 0 confirmed (vol≥2.5× body≥30%)
16:02:54 core.sweep_detector INFO: OrderBlocks: 5 detected, 1 unmitigated
16:02:54 core.sweep_detector INFO: FVGs: 10 detected, 4 unfilled
16:02:56 core.sweep_detector INFO: SweepDetector v2: 1 raw → 1 confirmed (vol≥2.5× body≥30%)
16:02:56 core.sweep_detector INFO: OrderBlocks: 1 detected, 0 unmitigated
16:02:56 core.sweep_detector INFO: FVGs: 8 detected, 2 unfilled
16:02:58 core.sweep_detector INFO: SweepDetector v2: 2 raw → 2 confirmed (vol≥2.5× body≥30%)
16:02:58 core.sweep_detector INFO: OrderBlocks: 5 detected, 2 unmitigated
16:02:58 core.sweep_detector INFO: FVGs: 9 detected, 3 unfilled
16:03:00 core.sweep_detector INFO: SweepDetector v2: 1 raw → 1 confirmed (vol≥2.5× body≥30%)
16:03:00 core.sweep_detector INFO: OrderBlocks: 6 detected, 4 unmitigated
16:03:00 core.sweep_detector INFO: FVGs: 8 detected, 3 unfilled
16:03:01 core.sweep_detector INFO: SweepDetector v2: 1 raw → 1 confirmed (vol≥2.5× body≥30%)
16:03:01 core.sweep_detector INFO: OrderBlocks: 2 detected, 1 unmitigated
16:03:01 core.sweep_detector INFO: FVGs: 10 detected, 1 unfilled
16:03:03 core.sweep_detector INFO: SweepDetector v2: 2 raw → 2 confirmed (vol≥2.5× body≥30%)
16:03:03 core.sweep_detector INFO: OrderBlocks: 5 detected, 1 unmitigated
16:03:03 core.sweep_detector INFO: FVGs: 9 detected, 2 unfilled
16:03:05 core.sweep_detector INFO: SweepDetector v2: 1 raw → 1 confirmed (vol≥2.5× body≥30%)
16:03:05 core.sweep_detector INFO: OrderBlocks: 2 detected, 1 unmitigated
16:03:05 core.sweep_detector INFO: FVGs: 8 detected, 4 unfilled
16:03:06 core.sweep_detector INFO: SweepDetector v2: 2 raw → 1 confirmed (vol≥2.5× body≥30%)
16:03:06 core.sweep_detector INFO: OrderBlocks: 1 detected, 0 unmitigated
16:03:06 core.sweep_detector INFO: FVGs: 5 detected, 0 unfilled
16:03:08 core.sweep_detector INFO: SweepDetector v2: 0 raw → 0 confirmed (vol≥2.5× body≥30%)
16:03:08 core.sweep_detector INFO: OrderBlocks: 3 detected, 0 unmitigated
16:03:08 core.sweep_detector INFO: FVGs: 2 detected, 0 unfilled
16:03:10 core.sweep_detector INFO: SweepDetector v2: 2 raw → 1 confirmed (vol≥2.5× body≥30%)
16:03:10 core.sweep_detector INFO: OrderBlocks: 6 detected, 4 unmitigated
16:03:10 core.sweep_detector INFO: FVGs: 14 detected, 6 unfilled
16:03:12 core.sweep_detector INFO: SweepDetector v2: 4 raw → 4 confirmed (vol≥2.5× body≥30%)
16:03:12 core.sweep_detector INFO: OrderBlocks: 2 detected, 1 unmitigated
16:03:12 core.sweep_detector INFO: FVGs: 6 detected, 2 unfilled
16:03:14 core.sweep_detector INFO: SweepDetector v2: 1 raw → 1 confirmed (vol≥2.5× body≥30%)
16:03:14 core.sweep_detector INFO: OrderBlocks: 4 detected, 2 unmitigated
16:03:14 core.sweep_detector INFO: FVGs: 6 detected, 1 unfilled
16:03:16 core.sweep_detector INFO: SweepDetector v2: 2 raw → 1 confirmed (vol≥2.5× body≥30%)
16:03:16 core.sweep_detector INFO: OrderBlocks: 5 detected, 1 unmitigated
16:03:16 core.sweep_detector INFO: FVGs: 5 detected, 1 unfilled
16:03:17 core.sweep_detector INFO: SweepDetector v2: 1 raw → 1 confirmed (vol≥2.5× body≥30%)
16:03:17 core.sweep_detector INFO: OrderBlocks: 4 detected, 0 unmitigated
16:03:17 core.sweep_detector INFO: FVGs: 10 detected, 1 unfilled
16:03:20 core.sweep_detector INFO: SweepDetector v2: 4 raw → 3 confirmed (vol≥2.5× body≥30%)
16:03:20 core.sweep_detector INFO: OrderBlocks: 7 detected, 2 unmitigated
16:03:20 core.sweep_detector INFO: FVGs: 9 detected, 0 unfilled
16:03:21 core.sweep_detector INFO: SweepDetector v2: 0 raw → 0 confirmed (vol≥2.5× body≥30%)
16:03:21 core.sweep_detector INFO: OrderBlocks: 1 detected, 0 unmitigated
16:03:21 core.sweep_detector INFO: FVGs: 4 detected, 0 unfilled
16:03:23 core.sweep_detector INFO: SweepDetector v2: 0 raw → 0 confirmed (vol≥2.5× body≥30%)
16:03:23 core.sweep_detector INFO: OrderBlocks: 5 detected, 1 unmitigated
16:03:23 core.sweep_detector INFO: FVGs: 6 detected, 2 unfilled
16:03:26 core.sweep_detector INFO: SweepDetector v2: 0 raw → 0 confirmed (vol≥2.5× body≥30%)
16:03:26 core.sweep_detector INFO: OrderBlocks: 6 detected, 1 unmitigated
16:03:26 core.sweep_detector INFO: FVGs: 7 detected, 4 unfilled
16:03:28 core.sweep_detector INFO: SweepDetector v2: 0 raw → 0 confirmed (vol≥2.5× body≥30%)
16:03:28 core.sweep_detector INFO: OrderBlocks: 8 detected, 3 unmitigated
16:03:28 core.sweep_detector INFO: FVGs: 11 detected, 3 unfilled
16:03:30 core.sweep_detector INFO: SweepDetector v2: 1 raw → 1 confirmed (vol≥2.5× body≥30%)
16:03:30 core.sweep_detector INFO: OrderBlocks: 4 detected, 1 unmitigated
16:03:30 core.sweep_detector INFO: FVGs: 7 detected, 3 unfilled
16:03:31 core.sweep_detector INFO: SweepDetector v2: 1 raw → 1 confirmed (vol≥2.5× body≥30%)
16:03:31 core.sweep_detector INFO: OrderBlocks: 7 detected, 0 unmitigated
16:03:31 core.sweep_detector INFO: FVGs: 10 detected, 2 unfilled
16:03:33 core.sweep_detector INFO: SweepDetector v2: 0 raw → 0 confirmed (vol≥2.5× body≥30%)
16:03:33 core.sweep_detector INFO: OrderBlocks: 10 detected, 3 unmitigated
16:03:33 core.sweep_detector INFO: FVGs: 10 detected, 3 unfilled
16:03:34 core.sweep_detector INFO: SweepDetector v2: 2 raw → 2 confirmed (vol≥2.5× body≥30%)
16:03:34 core.sweep_detector INFO: OrderBlocks: 3 detected, 2 unmitigated
16:03:34 core.sweep_detector INFO: FVGs: 11 detected, 2 unfilled
16:03:37 core.sweep_detector INFO: SweepDetector v2: 3 raw → 3 confirmed (vol≥2.5× body≥30%)
16:03:37 core.sweep_detector INFO: OrderBlocks: 1 detected, 0 unmitigated
16:03:37 core.sweep_detector INFO: FVGs: 13 detected, 1 unfilled
16:03:39 core.sweep_detector INFO: SweepDetector v2: 2 raw → 2 confirmed (vol≥2.5× body≥30%)
16:03:39 core.sweep_detector INFO: OrderBlocks: 7 detected, 2 unmitigated
16:03:39 core.sweep_detector INFO: FVGs: 8 detected, 3 unfilled
16:03:40 core.sweep_detector INFO: SweepDetector v2: 2 raw → 2 confirmed (vol≥2.5× body≥30%)
16:03:40 core.sweep_detector INFO: OrderBlocks: 4 detected, 1 unmitigated
16:03:40 core.sweep_detector INFO: FVGs: 4 detected, 0 unfilled
16:03:42 core.sweep_detector INFO: SweepDetector v2: 0 raw → 0 confirmed (vol≥2.5× body≥30%)
16:03:42 core.sweep_detector INFO: OrderBlocks: 6 detected, 1 unmitigated
16:03:42 core.sweep_detector INFO: FVGs: 8 detected, 0 unfilled
16:03:44 core.sweep_detector INFO: SweepDetector v2: 0 raw → 0 confirmed (vol≥2.5× body≥30%)
16:03:44 core.sweep_detector INFO: OrderBlocks: 2 detected, 1 unmitigated
16:03:44 core.sweep_detector INFO: FVGs: 0 detected, 0 unfilled
16:03:45 core.sweep_detector INFO: SweepDetector v2: 0 raw → 0 confirmed (vol≥2.5× body≥30%)
16:03:45 core.sweep_detector INFO: OrderBlocks: 5 detected, 0 unmitigated
16:03:45 core.sweep_detector INFO: FVGs: 0 detected, 0 unfilled
16:03:47 core.sweep_detector INFO: SweepDetector v2: 0 raw → 0 confirmed (vol≥2.5× body≥30%)
16:03:47 core.sweep_detector INFO: OrderBlocks: 0 detected, 0 unmitigated
16:03:47 core.sweep_detector INFO: FVGs: 0 detected, 0 unfilled
16:03:48 core.sweep_detector INFO: SweepDetector v2: 2 raw → 0 confirmed (vol≥2.5× body≥30%)
16:03:49 core.sweep_detector INFO: OrderBlocks: 7 detected, 3 unmitigated
16:03:49 core.sweep_detector INFO: FVGs: 6 detected, 1 unfilled
16:03:50 core.sweep_detector INFO: SweepDetector v2: 1 raw → 1 confirmed (vol≥2.5× body≥30%)
16:03:50 core.sweep_detector INFO: OrderBlocks: 10 detected, 4 unmitigated
16:03:50 core.sweep_detector INFO: FVGs: 9 detected, 2 unfilled
16:03:52 core.sweep_detector INFO: SweepDetector v2: 4 raw → 4 confirmed (vol≥2.5× body≥30%)
16:03:52 core.sweep_detector INFO: OrderBlocks: 4 detected, 0 unmitigated
16:03:52 core.sweep_detector INFO: FVGs: 8 detected, 4 unfilled
16:03:54 core.sweep_detector INFO: SweepDetector v2: 6 raw → 3 confirmed (vol≥2.5× body≥30%)
16:03:54 core.sweep_detector INFO: OrderBlocks: 9 detected, 3 unmitigated
16:03:54 core.sweep_detector INFO: FVGs: 11 detected, 4 unfilled
16:03:55 core.sweep_detector INFO: SweepDetector v2: 1 raw → 1 confirmed (vol≥2.5× body≥30%)
16:03:55 core.sweep_detector INFO: OrderBlocks: 5 detected, 1 unmitigated
16:03:55 core.sweep_detector INFO: FVGs: 10 detected, 2 unfilled
16:03:57 core.sweep_detector INFO: SweepDetector v2: 3 raw → 2 confirmed (vol≥2.5× body≥30%)
16:03:57 core.sweep_detector INFO: OrderBlocks: 8 detected, 3 unmitigated
16:03:57 core.sweep_detector INFO: FVGs: 10 detected, 3 unfilled
16:03:59 core.sweep_detector INFO: SweepDetector v2: 1 raw → 1 confirmed (vol≥2.5× body≥30%)
16:03:59 core.sweep_detector INFO: OrderBlocks: 7 detected, 2 unmitigated
16:03:59 core.sweep_detector INFO: FVGs: 7 detected, 1 unfilled
16:04:01 core.sweep_detector INFO: SweepDetector v2: 2 raw → 1 confirmed (vol≥2.5× body≥30%)
16:04:01 core.sweep_detector INFO: OrderBlocks: 1 detected, 0 unmitigated
16:04:01 core.sweep_detector INFO: FVGs: 12 detected, 3 unfilled
16:04:03 core.sweep_detector INFO: SweepDetector v2: 0 raw → 0 confirmed (vol≥2.5× body≥30%)
16:04:03 core.sweep_detector INFO: OrderBlocks: 6 detected, 1 unmitigated
16:04:03 core.sweep_detector INFO: FVGs: 7 detected, 2 unfilled
16:04:05 core.sweep_detector INFO: SweepDetector v2: 0 raw → 0 confirmed (vol≥2.5× body≥30%)
16:04:05 core.sweep_detector INFO: OrderBlocks: 7 detected, 3 unmitigated
16:04:05 core.sweep_detector INFO: FVGs: 10 detected, 3 unfilled
16:04:07 core.sweep_detector INFO: SweepDetector v2: 0 raw → 0 confirmed (vol≥2.5× body≥30%)
16:04:07 core.sweep_detector INFO: OrderBlocks: 11 detected, 2 unmitigated
16:04:07 core.sweep_detector INFO: FVGs: 7 detected, 1 unfilled
16:04:09 core.sweep_detector INFO: SweepDetector v2: 4 raw → 3 confirmed (vol≥2.5× body≥30%)
16:04:09 core.sweep_detector INFO: OrderBlocks: 6 detected, 3 unmitigated
16:04:09 core.sweep_detector INFO: FVGs: 4 detected, 2 unfilled
16:04:10 core.sweep_detector INFO: SweepDetector v2: 2 raw → 2 confirmed (vol≥2.5× body≥30%)
16:04:10 core.sweep_detector INFO: OrderBlocks: 5 detected, 1 unmitigated
16:04:10 core.sweep_detector INFO: FVGs: 6 detected, 4 unfilled
16:04:12 core.sweep_detector INFO: SweepDetector v2: 1 raw → 1 confirmed (vol≥2.5× body≥30%)
16:04:12 core.sweep_detector INFO: OrderBlocks: 5 detected, 3 unmitigated
16:04:12 core.sweep_detector INFO: FVGs: 5 detected, 2 unfilled
16:04:14 core.sweep_detector INFO: SweepDetector v2: 2 raw → 2 confirmed (vol≥2.5× body≥30%)
16:04:14 core.sweep_detector INFO: OrderBlocks: 5 detected, 1 unmitigated
16:04:14 core.sweep_detector INFO: FVGs: 5 detected, 2 unfilled
/root/.openclaw/workspace/projects/crypto-liquidity-hunter/main.py:555: DeprecationWarning: datetime.datetime.utcnow() is deprecated and scheduled for removal in a future version. Use timezone-aware objects to represent datetimes in UTC: datetime.datetime.now(datetime.UTC).
  scan_end     = datetime.utcnow()

=== SCAN ALL: 102 pairs, 3 timeframes ===
Total signals generated: 0
