16:15:01 __main__ INFO: Volume filter: fetching all tickers in one call...
16:15:03 __main__ INFO: Volume filter: 102/447 pairs pass $2M threshold
/root/.openclaw/workspace/projects/crypto-liquidity-hunter/main.py:292: DeprecationWarning: datetime.datetime.utcnow() is deprecated and scheduled for removal in a future version. Use timezone-aware objects to represent datetimes in UTC: datetime.datetime.now(datetime.UTC).
  scan_start = datetime.utcnow()   # for duration tracking
16:15:05 core.binance_connector INFO: BinanceConnector: connected [LIVE FUTURES MAINNET]
16:15:05 __main__ INFO: Auto-executor: account 'Liquiddbot1' mode=live exec=auto
16:15:07 core.sweep_detector INFO: SweepDetector v2: 0 raw → 0 confirmed (vol≥2.5× body≥30%)
16:15:07 core.sweep_detector INFO: OrderBlocks: 10 detected, 5 unmitigated
16:15:07 core.sweep_detector INFO: FVGs: 11 detected, 6 unfilled
16:15:09 core.sweep_detector INFO: SweepDetector v2: 2 raw → 2 confirmed (vol≥2.5× body≥30%)
16:15:09 core.sweep_detector INFO: OrderBlocks: 2 detected, 1 unmitigated
16:15:09 core.sweep_detector INFO: FVGs: 10 detected, 1 unfilled
16:15:11 core.sweep_detector INFO: SweepDetector v2: 2 raw → 2 confirmed (vol≥2.5× body≥30%)
16:15:11 core.sweep_detector INFO: OrderBlocks: 3 detected, 0 unmitigated
16:15:11 core.sweep_detector INFO: FVGs: 6 detected, 1 unfilled
16:15:13 core.sweep_detector INFO: SweepDetector v2: 1 raw → 1 confirmed (vol≥2.5× body≥30%)
16:15:13 core.sweep_detector INFO: OrderBlocks: 8 detected, 2 unmitigated
16:15:13 core.sweep_detector INFO: FVGs: 10 detected, 4 unfilled
16:15:15 core.sweep_detector INFO: SweepDetector v2: 2 raw → 1 confirmed (vol≥2.5× body≥30%)
16:15:16 core.sweep_detector INFO: OrderBlocks: 3 detected, 1 unmitigated
16:15:16 core.sweep_detector INFO: FVGs: 6 detected, 1 unfilled
16:15:17 core.sweep_detector INFO: SweepDetector v2: 2 raw → 2 confirmed (vol≥2.5× body≥30%)
16:15:17 core.sweep_detector INFO: OrderBlocks: 5 detected, 1 unmitigated
16:15:17 core.sweep_detector INFO: FVGs: 5 detected, 1 unfilled
16:15:19 core.sweep_detector INFO: SweepDetector v2: 5 raw → 5 confirmed (vol≥2.5× body≥30%)
16:15:19 core.sweep_detector INFO: OrderBlocks: 5 detected, 0 unmitigated
16:15:19 core.sweep_detector INFO: FVGs: 10 detected, 1 unfilled
16:15:21 core.sweep_detector INFO: SweepDetector v2: 3 raw → 3 confirmed (vol≥2.5× body≥30%)
16:15:21 core.sweep_detector INFO: OrderBlocks: 4 detected, 1 unmitigated
16:15:21 core.sweep_detector INFO: FVGs: 9 detected, 1 unfilled
16:15:23 core.sweep_detector INFO: SweepDetector v2: 1 raw → 1 confirmed (vol≥2.5× body≥30%)
16:15:24 core.sweep_detector INFO: OrderBlocks: 5 detected, 2 unmitigated
16:15:24 core.sweep_detector INFO: FVGs: 6 detected, 4 unfilled
16:15:26 core.sweep_detector INFO: SweepDetector v2: 3 raw → 2 confirmed (vol≥2.5× body≥30%)
16:15:26 core.sweep_detector INFO: OrderBlocks: 7 detected, 0 unmitigated
16:15:26 core.sweep_detector INFO: FVGs: 10 detected, 0 unfilled
16:15:28 core.sweep_detector INFO: SweepDetector v2: 1 raw → 0 confirmed (vol≥2.5× body≥30%)
16:15:28 core.sweep_detector INFO: OrderBlocks: 3 detected, 1 unmitigated
16:15:28 core.sweep_detector INFO: FVGs: 10 detected, 2 unfilled
16:15:30 core.sweep_detector INFO: SweepDetector v2: 0 raw → 0 confirmed (vol≥2.5× body≥30%)
16:15:30 core.sweep_detector INFO: OrderBlocks: 2 detected, 0 unmitigated
16:15:30 core.sweep_detector INFO: FVGs: 8 detected, 1 unfilled
16:15:32 core.sweep_detector INFO: SweepDetector v2: 2 raw → 1 confirmed (vol≥2.5× body≥30%)
16:15:32 core.sweep_detector INFO: OrderBlocks: 7 detected, 2 unmitigated
16:15:32 core.sweep_detector INFO: FVGs: 8 detected, 3 unfilled
16:15:34 core.sweep_detector INFO: SweepDetector v2: 1 raw → 1 confirmed (vol≥2.5× body≥30%)
16:15:34 core.sweep_detector INFO: OrderBlocks: 3 detected, 0 unmitigated
16:15:34 core.sweep_detector INFO: FVGs: 10 detected, 1 unfilled
16:15:36 core.sweep_detector INFO: SweepDetector v2: 1 raw → 1 confirmed (vol≥2.5× body≥30%)
16:15:36 core.sweep_detector INFO: OrderBlocks: 4 detected, 2 unmitigated
16:15:36 core.sweep_detector INFO: FVGs: 8 detected, 3 unfilled
16:15:38 core.sweep_detector INFO: SweepDetector v2: 2 raw → 1 confirmed (vol≥2.5× body≥30%)
16:15:38 core.sweep_detector INFO: OrderBlocks: 5 detected, 1 unmitigated
16:15:38 core.sweep_detector INFO: FVGs: 10 detected, 3 unfilled
16:15:40 core.sweep_detector INFO: SweepDetector v2: 1 raw → 1 confirmed (vol≥2.5× body≥30%)
16:15:40 core.sweep_detector INFO: OrderBlocks: 6 detected, 2 unmitigated
16:15:40 core.sweep_detector INFO: FVGs: 10 detected, 3 unfilled
16:15:42 core.sweep_detector INFO: SweepDetector v2: 3 raw → 3 confirmed (vol≥2.5× body≥30%)
16:15:42 core.sweep_detector INFO: OrderBlocks: 2 detected, 1 unmitigated
16:15:42 core.sweep_detector INFO: FVGs: 7 detected, 2 unfilled
16:15:43 core.sweep_detector INFO: SweepDetector v2: 5 raw → 5 confirmed (vol≥2.5× body≥30%)
16:15:43 core.sweep_detector INFO: OrderBlocks: 1 detected, 0 unmitigated
16:15:43 core.sweep_detector INFO: FVGs: 4 detected, 2 unfilled
16:15:45 core.sweep_detector INFO: SweepDetector v2: 2 raw → 2 confirmed (vol≥2.5× body≥30%)
16:15:45 core.sweep_detector INFO: OrderBlocks: 4 detected, 2 unmitigated
16:15:45 core.sweep_detector INFO: FVGs: 3 detected, 2 unfilled
16:15:47 core.sweep_detector INFO: SweepDetector v2: 2 raw → 2 confirmed (vol≥2.5× body≥30%)
16:15:47 core.sweep_detector INFO: OrderBlocks: 3 detected, 2 unmitigated
16:15:47 core.sweep_detector INFO: FVGs: 7 detected, 3 unfilled
16:15:49 core.sweep_detector INFO: SweepDetector v2: 2 raw → 1 confirmed (vol≥2.5× body≥30%)
16:15:49 core.sweep_detector INFO: OrderBlocks: 7 detected, 3 unmitigated
16:15:49 core.sweep_detector INFO: FVGs: 9 detected, 4 unfilled
16:15:51 core.sweep_detector INFO: SweepDetector v2: 1 raw → 0 confirmed (vol≥2.5× body≥30%)
16:15:51 core.sweep_detector INFO: OrderBlocks: 2 detected, 1 unmitigated
16:15:51 core.sweep_detector INFO: FVGs: 3 detected, 1 unfilled
16:15:53 core.sweep_detector INFO: SweepDetector v2: 2 raw → 2 confirmed (vol≥2.5× body≥30%)
16:15:53 core.sweep_detector INFO: OrderBlocks: 8 detected, 3 unmitigated
16:15:53 core.sweep_detector INFO: FVGs: 7 detected, 1 unfilled
16:15:55 core.sweep_detector INFO: SweepDetector v2: 2 raw → 2 confirmed (vol≥2.5× body≥30%)
16:15:55 core.sweep_detector INFO: OrderBlocks: 4 detected, 2 unmitigated
16:15:55 core.sweep_detector INFO: FVGs: 12 detected, 6 unfilled
16:15:57 core.sweep_detector INFO: SweepDetector v2: 1 raw → 1 confirmed (vol≥2.5× body≥30%)
16:15:57 core.sweep_detector INFO: OrderBlocks: 4 detected, 2 unmitigated
16:15:57 core.sweep_detector INFO: FVGs: 8 detected, 3 unfilled
16:15:59 core.sweep_detector INFO: SweepDetector v2: 2 raw → 2 confirmed (vol≥2.5× body≥30%)
16:15:59 core.sweep_detector INFO: OrderBlocks: 2 detected, 1 unmitigated
16:15:59 core.sweep_detector INFO: FVGs: 8 detected, 1 unfilled
16:16:01 core.sweep_detector INFO: SweepDetector v2: 2 raw → 2 confirmed (vol≥2.5× body≥30%)
16:16:01 core.sweep_detector INFO: OrderBlocks: 5 detected, 0 unmitigated
16:16:01 core.sweep_detector INFO: FVGs: 4 detected, 0 unfilled
16:16:03 core.sweep_detector INFO: SweepDetector v2: 1 raw → 1 confirmed (vol≥2.5× body≥30%)
16:16:03 core.sweep_detector INFO: OrderBlocks: 4 detected, 0 unmitigated
16:16:03 core.sweep_detector INFO: FVGs: 11 detected, 1 unfilled
16:16:05 core.sweep_detector INFO: SweepDetector v2: 1 raw → 0 confirmed (vol≥2.5× body≥30%)
16:16:05 core.sweep_detector INFO: OrderBlocks: 1 detected, 0 unmitigated
16:16:05 core.sweep_detector INFO: FVGs: 4 detected, 0 unfilled
16:16:07 core.sweep_detector INFO: SweepDetector v2: 1 raw → 1 confirmed (vol≥2.5× body≥30%)
16:16:07 core.sweep_detector INFO: OrderBlocks: 5 detected, 1 unmitigated
16:16:07 core.sweep_detector INFO: FVGs: 8 detected, 1 unfilled
16:16:09 core.sweep_detector INFO: SweepDetector v2: 0 raw → 0 confirmed (vol≥2.5× body≥30%)
16:16:09 core.sweep_detector INFO: OrderBlocks: 4 detected, 2 unmitigated
16:16:09 core.sweep_detector INFO: FVGs: 8 detected, 2 unfilled
16:16:11 core.sweep_detector INFO: SweepDetector v2: 0 raw → 0 confirmed (vol≥2.5× body≥30%)
16:16:11 core.sweep_detector INFO: OrderBlocks: 9 detected, 4 unmitigated
16:16:11 core.sweep_detector INFO: FVGs: 12 detected, 4 unfilled
16:16:13 core.sweep_detector INFO: SweepDetector v2: 4 raw → 4 confirmed (vol≥2.5× body≥30%)
16:16:13 core.sweep_detector INFO: OrderBlocks: 2 detected, 2 unmitigated
16:16:13 core.sweep_detector INFO: FVGs: 12 detected, 3 unfilled
16:16:15 core.sweep_detector INFO: SweepDetector v2: 1 raw → 1 confirmed (vol≥2.5× body≥30%)
16:16:15 core.sweep_detector INFO: OrderBlocks: 6 detected, 1 unmitigated
16:16:15 core.sweep_detector INFO: FVGs: 11 detected, 0 unfilled
16:16:17 core.sweep_detector INFO: SweepDetector v2: 2 raw → 1 confirmed (vol≥2.5× body≥30%)
16:16:17 core.sweep_detector INFO: OrderBlocks: 2 detected, 0 unmitigated
16:16:17 core.sweep_detector INFO: FVGs: 6 detected, 0 unfilled
16:16:19 core.sweep_detector INFO: SweepDetector v2: 0 raw → 0 confirmed (vol≥2.5× body≥30%)
16:16:19 core.sweep_detector INFO: OrderBlocks: 3 detected, 1 unmitigated
16:16:19 core.sweep_detector INFO: FVGs: 7 detected, 2 unfilled
16:16:21 core.sweep_detector INFO: SweepDetector v2: 3 raw → 3 confirmed (vol≥2.5× body≥30%)
16:16:21 core.sweep_detector INFO: OrderBlocks: 2 detected, 2 unmitigated
16:16:21 core.sweep_detector INFO: FVGs: 6 detected, 3 unfilled
16:16:23 core.sweep_detector INFO: SweepDetector v2: 2 raw → 2 confirmed (vol≥2.5× body≥30%)
16:16:23 core.sweep_detector INFO: OrderBlocks: 5 detected, 3 unmitigated
16:16:23 core.sweep_detector INFO: FVGs: 7 detected, 3 unfilled
16:16:26 core.sweep_detector INFO: SweepDetector v2: 0 raw → 0 confirmed (vol≥2.5× body≥30%)
16:16:26 core.sweep_detector INFO: OrderBlocks: 0 detected, 0 unmitigated
16:16:26 core.sweep_detector INFO: FVGs: 0 detected, 0 unfilled
16:16:28 core.sweep_detector INFO: SweepDetector v2: 0 raw → 0 confirmed (vol≥2.5× body≥30%)
16:16:28 core.sweep_detector INFO: OrderBlocks: 0 detected, 0 unmitigated
16:16:28 core.sweep_detector INFO: FVGs: 0 detected, 0 unfilled
16:16:30 core.sweep_detector INFO: SweepDetector v2: 0 raw → 0 confirmed (vol≥2.5× body≥30%)
16:16:30 core.sweep_detector INFO: OrderBlocks: 0 detected, 0 unmitigated
16:16:30 core.sweep_detector INFO: FVGs: 0 detected, 0 unfilled
16:16:32 core.sweep_detector INFO: SweepDetector v2: 1 raw → 1 confirmed (vol≥2.5× body≥30%)
16:16:32 core.sweep_detector INFO: OrderBlocks: 8 detected, 6 unmitigated
16:16:32 core.sweep_detector INFO: FVGs: 10 detected, 5 unfilled
16:16:34 core.sweep_detector INFO: SweepDetector v2: 1 raw → 1 confirmed (vol≥2.5× body≥30%)
16:16:34 core.sweep_detector INFO: OrderBlocks: 4 detected, 1 unmitigated
16:16:34 core.sweep_detector INFO: FVGs: 4 detected, 1 unfilled
16:16:36 core.sweep_detector INFO: SweepDetector v2: 1 raw → 1 confirmed (vol≥2.5× body≥30%)
16:16:36 core.sweep_detector INFO: OrderBlocks: 4 detected, 1 unmitigated
16:16:36 core.sweep_detector INFO: FVGs: 6 detected, 1 unfilled
16:16:39 core.sweep_detector INFO: SweepDetector v2: 1 raw → 1 confirmed (vol≥2.5× body≥30%)
16:16:39 core.sweep_detector INFO: OrderBlocks: 7 detected, 2 unmitigated
16:16:39 core.sweep_detector INFO: FVGs: 7 detected, 3 unfilled
16:16:40 core.sweep_detector INFO: SweepDetector v2: 1 raw → 1 confirmed (vol≥2.5× body≥30%)
16:16:40 core.sweep_detector INFO: OrderBlocks: 1 detected, 1 unmitigated
16:16:40 core.sweep_detector INFO: FVGs: 9 detected, 1 unfilled
16:16:42 core.sweep_detector INFO: SweepDetector v2: 1 raw → 1 confirmed (vol≥2.5× body≥30%)
16:16:42 core.sweep_detector INFO: OrderBlocks: 3 detected, 0 unmitigated
16:16:42 core.sweep_detector INFO: FVGs: 5 detected, 0 unfilled
16:16:44 core.sweep_detector INFO: SweepDetector v2: 0 raw → 0 confirmed (vol≥2.5× body≥30%)
16:16:44 core.sweep_detector INFO: OrderBlocks: 6 detected, 4 unmitigated
16:16:44 core.sweep_detector INFO: FVGs: 7 detected, 3 unfilled
16:16:45 core.sweep_detector INFO: SweepDetector v2: 2 raw → 1 confirmed (vol≥2.5× body≥30%)
16:16:45 core.sweep_detector INFO: OrderBlocks: 4 detected, 1 unmitigated
16:16:45 core.sweep_detector INFO: FVGs: 9 detected, 1 unfilled
16:16:47 core.sweep_detector INFO: SweepDetector v2: 1 raw → 1 confirmed (vol≥2.5× body≥30%)
16:16:47 core.sweep_detector INFO: OrderBlocks: 3 detected, 0 unmitigated
16:16:47 core.sweep_detector INFO: FVGs: 4 detected, 1 unfilled
16:16:49 core.sweep_detector INFO: SweepDetector v2: 7 raw → 5 confirmed (vol≥2.5× body≥30%)
16:16:49 core.sweep_detector INFO: OrderBlocks: 4 detected, 2 unmitigated
16:16:49 core.sweep_detector INFO: FVGs: 10 detected, 5 unfilled
16:16:51 core.sweep_detector INFO: SweepDetector v2: 3 raw → 1 confirmed (vol≥2.5× body≥30%)
16:16:51 core.sweep_detector INFO: OrderBlocks: 5 detected, 2 unmitigated
16:16:51 core.sweep_detector INFO: FVGs: 10 detected, 4 unfilled
16:16:52 core.sweep_detector INFO: SweepDetector v2: 0 raw → 0 confirmed (vol≥2.5× body≥30%)
16:16:52 core.sweep_detector INFO: OrderBlocks: 4 detected, 3 unmitigated
16:16:52 core.sweep_detector INFO: FVGs: 10 detected, 5 unfilled
16:16:55 core.sweep_detector INFO: SweepDetector v2: 1 raw → 1 confirmed (vol≥2.5× body≥30%)
16:16:55 core.sweep_detector INFO: OrderBlocks: 7 detected, 3 unmitigated
16:16:55 core.sweep_detector INFO: FVGs: 12 detected, 3 unfilled
16:16:56 core.sweep_detector INFO: SweepDetector v2: 2 raw → 1 confirmed (vol≥2.5× body≥30%)
16:16:56 core.sweep_detector INFO: OrderBlocks: 8 detected, 0 unmitigated
16:16:56 core.sweep_detector INFO: FVGs: 6 detected, 2 unfilled
16:16:58 core.sweep_detector INFO: SweepDetector v2: 2 raw → 2 confirmed (vol≥2.5× body≥30%)
16:16:58 core.sweep_detector INFO: OrderBlocks: 3 detected, 0 unmitigated
16:16:58 core.sweep_detector INFO: FVGs: 4 detected, 2 unfilled
16:16:59 core.sweep_detector INFO: SweepDetector v2: 5 raw → 4 confirmed (vol≥2.5× body≥30%)
16:16:59 core.sweep_detector INFO: OrderBlocks: 8 detected, 1 unmitigated
16:16:59 core.sweep_detector INFO: FVGs: 12 detected, 4 unfilled
16:17:01 core.sweep_detector INFO: SweepDetector v2: 1 raw → 0 confirmed (vol≥2.5× body≥30%)
16:17:01 core.sweep_detector INFO: OrderBlocks: 6 detected, 1 unmitigated
16:17:01 core.sweep_detector INFO: FVGs: 19 detected, 4 unfilled
16:17:03 core.sweep_detector INFO: SweepDetector v2: 1 raw → 0 confirmed (vol≥2.5× body≥30%)
16:17:03 core.sweep_detector INFO: OrderBlocks: 5 detected, 2 unmitigated
16:17:03 core.sweep_detector INFO: FVGs: 13 detected, 9 unfilled
16:17:04 core.sweep_detector INFO: SweepDetector v2: 0 raw → 0 confirmed (vol≥2.5× body≥30%)
16:17:04 core.sweep_detector INFO: OrderBlocks: 6 detected, 3 unmitigated
16:17:04 core.sweep_detector INFO: FVGs: 4 detected, 3 unfilled
16:17:07 core.sweep_detector INFO: SweepDetector v2: 1 raw → 1 confirmed (vol≥2.5× body≥30%)
16:17:07 core.sweep_detector INFO: OrderBlocks: 6 detected, 2 unmitigated
16:17:07 core.sweep_detector INFO: FVGs: 3 detected, 3 unfilled
16:17:09 core.sweep_detector INFO: SweepDetector v2: 1 raw → 0 confirmed (vol≥2.5× body≥30%)
16:17:09 core.sweep_detector INFO: OrderBlocks: 6 detected, 0 unmitigated
16:17:09 core.sweep_detector INFO: FVGs: 8 detected, 1 unfilled
16:17:11 core.sweep_detector INFO: SweepDetector v2: 1 raw → 0 confirmed (vol≥2.5× body≥30%)
16:17:11 core.sweep_detector INFO: OrderBlocks: 2 detected, 2 unmitigated
16:17:11 core.sweep_detector INFO: FVGs: 7 detected, 6 unfilled
16:17:12 core.sweep_detector INFO: SweepDetector v2: 1 raw → 0 confirmed (vol≥2.5× body≥30%)
16:17:13 core.sweep_detector INFO: OrderBlocks: 4 detected, 3 unmitigated
16:17:13 core.sweep_detector INFO: FVGs: 6 detected, 4 unfilled
16:17:14 core.sweep_detector INFO: SweepDetector v2: 2 raw → 1 confirmed (vol≥2.5× body≥30%)
16:17:14 core.sweep_detector INFO: OrderBlocks: 13 detected, 1 unmitigated
16:17:14 core.sweep_detector INFO: FVGs: 7 detected, 0 unfilled
16:17:16 core.sweep_detector INFO: SweepDetector v2: 0 raw → 0 confirmed (vol≥2.5× body≥30%)
16:17:16 core.sweep_detector INFO: OrderBlocks: 6 detected, 2 unmitigated
16:17:16 core.sweep_detector INFO: FVGs: 11 detected, 7 unfilled
16:17:18 core.sweep_detector INFO: SweepDetector v2: 3 raw → 2 confirmed (vol≥2.5× body≥30%)
16:17:18 core.sweep_detector INFO: OrderBlocks: 6 detected, 1 unmitigated
16:17:18 core.sweep_detector INFO: FVGs: 12 detected, 3 unfilled
16:17:20 core.sweep_detector INFO: SweepDetector v2: 0 raw → 0 confirmed (vol≥2.5× body≥30%)
16:17:20 core.sweep_detector INFO: OrderBlocks: 6 detected, 0 unmitigated
16:17:20 core.sweep_detector INFO: FVGs: 7 detected, 2 unfilled
16:17:22 core.sweep_detector INFO: SweepDetector v2: 0 raw → 0 confirmed (vol≥2.5× body≥30%)
16:17:22 core.sweep_detector INFO: OrderBlocks: 9 detected, 2 unmitigated
16:17:22 core.sweep_detector INFO: FVGs: 14 detected, 3 unfilled
16:17:24 core.sweep_detector INFO: SweepDetector v2: 3 raw → 2 confirmed (vol≥2.5× body≥30%)
16:17:24 core.sweep_detector INFO: OrderBlocks: 3 detected, 2 unmitigated
16:17:24 core.sweep_detector INFO: FVGs: 12 detected, 2 unfilled
16:17:26 core.sweep_detector INFO: SweepDetector v2: 2 raw → 2 confirmed (vol≥2.5× body≥30%)
16:17:26 core.sweep_detector INFO: OrderBlocks: 6 detected, 2 unmitigated
16:17:26 core.sweep_detector INFO: FVGs: 6 detected, 2 unfilled
16:17:28 core.sweep_detector INFO: SweepDetector v2: 4 raw → 2 confirmed (vol≥2.5× body≥30%)
16:17:28 core.sweep_detector INFO: OrderBlocks: 5 detected, 2 unmitigated
16:17:28 core.sweep_detector INFO: FVGs: 9 detected, 2 unfilled
16:17:30 core.sweep_detector INFO: SweepDetector v2: 5 raw → 4 confirmed (vol≥2.5× body≥30%)
16:17:30 core.sweep_detector INFO: OrderBlocks: 6 detected, 2 unmitigated
16:17:30 core.sweep_detector INFO: FVGs: 10 detected, 4 unfilled
16:17:31 core.sweep_detector INFO: SweepDetector v2: 3 raw → 2 confirmed (vol≥2.5× body≥30%)
16:17:31 core.sweep_detector INFO: OrderBlocks: 6 detected, 3 unmitigated
16:17:31 core.sweep_detector INFO: FVGs: 12 detected, 7 unfilled
16:17:33 core.sweep_detector INFO: SweepDetector v2: 3 raw → 2 confirmed (vol≥2.5× body≥30%)
16:17:33 core.sweep_detector INFO: OrderBlocks: 5 detected, 2 unmitigated
16:17:33 core.sweep_detector INFO: FVGs: 5 detected, 2 unfilled
16:17:35 core.sweep_detector INFO: SweepDetector v2: 2 raw → 1 confirmed (vol≥2.5× body≥30%)
16:17:35 core.sweep_detector INFO: OrderBlocks: 3 detected, 0 unmitigated
16:17:35 core.sweep_detector INFO: FVGs: 10 detected, 2 unfilled
16:17:36 core.sweep_detector INFO: SweepDetector v2: 0 raw → 0 confirmed (vol≥2.5× body≥30%)
16:17:36 core.sweep_detector INFO: OrderBlocks: 6 detected, 2 unmitigated
16:17:36 core.sweep_detector INFO: FVGs: 4 detected, 1 unfilled
16:17:38 core.sweep_detector INFO: SweepDetector v2: 1 raw → 1 confirmed (vol≥2.5× body≥30%)
16:17:38 core.sweep_detector INFO: OrderBlocks: 9 detected, 2 unmitigated
16:17:38 core.sweep_detector INFO: FVGs: 7 detected, 1 unfilled
16:17:39 core.sweep_detector INFO: SweepDetector v2: 0 raw → 0 confirmed (vol≥2.5× body≥30%)
16:17:40 core.sweep_detector INFO: OrderBlocks: 8 detected, 2 unmitigated
16:17:40 core.sweep_detector INFO: FVGs: 10 detected, 3 unfilled
16:17:42 core.sweep_detector INFO: SweepDetector v2: 1 raw → 1 confirmed (vol≥2.5× body≥30%)
16:17:42 core.sweep_detector INFO: OrderBlocks: 4 detected, 0 unmitigated
16:17:42 core.sweep_detector INFO: FVGs: 9 detected, 2 unfilled
16:17:43 core.sweep_detector INFO: SweepDetector v2: 0 raw → 0 confirmed (vol≥2.5× body≥30%)
16:17:43 core.sweep_detector INFO: OrderBlocks: 8 detected, 3 unmitigated
16:17:43 core.sweep_detector INFO: FVGs: 11 detected, 2 unfilled
16:17:45 core.sweep_detector INFO: SweepDetector v2: 4 raw → 3 confirmed (vol≥2.5× body≥30%)
16:17:45 core.sweep_detector INFO: OrderBlocks: 2 detected, 1 unmitigated
16:17:45 core.sweep_detector INFO: FVGs: 9 detected, 1 unfilled
16:17:47 core.sweep_detector INFO: SweepDetector v2: 1 raw → 1 confirmed (vol≥2.5× body≥30%)
16:17:47 core.sweep_detector INFO: OrderBlocks: 3 detected, 0 unmitigated
16:17:47 core.sweep_detector INFO: FVGs: 3 detected, 0 unfilled
16:17:49 core.sweep_detector INFO: SweepDetector v2: 1 raw → 0 confirmed (vol≥2.5× body≥30%)
16:17:49 core.sweep_detector INFO: OrderBlocks: 4 detected, 1 unmitigated
16:17:49 core.sweep_detector INFO: FVGs: 8 detected, 2 unfilled
16:17:51 core.sweep_detector INFO: SweepDetector v2: 3 raw → 3 confirmed (vol≥2.5× body≥30%)
16:17:51 core.sweep_detector INFO: OrderBlocks: 4 detected, 0 unmitigated
16:17:51 core.sweep_detector INFO: FVGs: 6 detected, 0 unfilled
16:17:52 core.sweep_detector INFO: SweepDetector v2: 2 raw → 2 confirmed (vol≥2.5× body≥30%)
16:17:52 core.sweep_detector INFO: OrderBlocks: 6 detected, 1 unmitigated
16:17:52 core.sweep_detector INFO: FVGs: 9 detected, 1 unfilled
16:17:54 core.sweep_detector INFO: SweepDetector v2: 2 raw → 2 confirmed (vol≥2.5× body≥30%)
16:17:54 core.sweep_detector INFO: OrderBlocks: 9 detected, 3 unmitigated
16:17:54 core.sweep_detector INFO: FVGs: 15 detected, 5 unfilled
16:17:56 core.sweep_detector INFO: SweepDetector v2: 2 raw → 2 confirmed (vol≥2.5× body≥30%)
16:17:56 core.sweep_detector INFO: OrderBlocks: 8 detected, 2 unmitigated
16:17:56 core.sweep_detector INFO: FVGs: 11 detected, 3 unfilled
16:17:58 core.sweep_detector INFO: SweepDetector v2: 2 raw → 2 confirmed (vol≥2.5× body≥30%)
16:17:58 core.sweep_detector INFO: OrderBlocks: 6 detected, 3 unmitigated
16:17:58 core.sweep_detector INFO: FVGs: 11 detected, 2 unfilled
16:17:59 core.sweep_detector INFO: SweepDetector v2: 1 raw → 1 confirmed (vol≥2.5× body≥30%)
16:17:59 core.sweep_detector INFO: OrderBlocks: 5 detected, 3 unmitigated
16:17:59 core.sweep_detector INFO: FVGs: 11 detected, 3 unfilled
16:18:01 core.sweep_detector INFO: SweepDetector v2: 4 raw → 3 confirmed (vol≥2.5× body≥30%)
16:18:01 core.sweep_detector INFO: OrderBlocks: 3 detected, 0 unmitigated
16:18:01 core.sweep_detector INFO: FVGs: 7 detected, 2 unfilled
16:18:03 core.sweep_detector INFO: SweepDetector v2: 5 raw → 3 confirmed (vol≥2.5× body≥30%)
16:18:03 core.sweep_detector INFO: OrderBlocks: 1 detected, 1 unmitigated
16:18:03 core.sweep_detector INFO: FVGs: 6 detected, 1 unfilled
16:18:05 core.sweep_detector INFO: SweepDetector v2: 2 raw → 1 confirmed (vol≥2.5× body≥30%)
16:18:05 core.sweep_detector INFO: OrderBlocks: 5 detected, 0 unmitigated
16:18:05 core.sweep_detector INFO: FVGs: 7 detected, 1 unfilled
16:18:07 core.sweep_detector INFO: SweepDetector v2: 1 raw → 0 confirmed (vol≥2.5× body≥30%)
16:18:07 core.sweep_detector INFO: OrderBlocks: 4 detected, 2 unmitigated
16:18:07 core.sweep_detector INFO: FVGs: 10 detected, 1 unfilled
16:18:09 core.sweep_detector INFO: SweepDetector v2: 3 raw → 2 confirmed (vol≥2.5× body≥30%)
16:18:09 core.sweep_detector INFO: OrderBlocks: 6 detected, 2 unmitigated
16:18:09 core.sweep_detector INFO: FVGs: 8 detected, 3 unfilled
16:18:10 core.sweep_detector INFO: SweepDetector v2: 2 raw → 1 confirmed (vol≥2.5× body≥30%)
16:18:10 core.sweep_detector INFO: OrderBlocks: 5 detected, 1 unmitigated
16:18:10 core.sweep_detector INFO: FVGs: 8 detected, 4 unfilled
16:18:12 core.sweep_detector INFO: SweepDetector v2: 2 raw → 2 confirmed (vol≥2.5× body≥30%)
16:18:12 core.sweep_detector INFO: OrderBlocks: 2 detected, 1 unmitigated
16:18:12 core.sweep_detector INFO: FVGs: 12 detected, 3 unfilled
16:18:13 core.sweep_detector INFO: SweepDetector v2: 1 raw → 1 confirmed (vol≥2.5× body≥30%)
16:18:14 core.sweep_detector INFO: OrderBlocks: 4 detected, 0 unmitigated
16:18:14 core.sweep_detector INFO: FVGs: 11 detected, 1 unfilled
16:18:15 core.sweep_detector INFO: SweepDetector v2: 2 raw → 1 confirmed (vol≥2.5× body≥30%)
16:18:15 core.sweep_detector INFO: OrderBlocks: 6 detected, 2 unmitigated
16:18:15 core.sweep_detector INFO: FVGs: 10 detected, 5 unfilled
16:18:17 core.sweep_detector INFO: SweepDetector v2: 3 raw → 1 confirmed (vol≥2.5× body≥30%)
16:18:17 core.sweep_detector INFO: OrderBlocks: 4 detected, 1 unmitigated
16:18:17 core.sweep_detector INFO: FVGs: 10 detected, 2 unfilled
16:18:18 core.sweep_detector INFO: SweepDetector v2: 2 raw → 2 confirmed (vol≥2.5× body≥30%)
16:18:18 core.sweep_detector INFO: OrderBlocks: 5 detected, 1 unmitigated
16:18:18 core.sweep_detector INFO: FVGs: 4 detected, 1 unfilled
16:18:21 core.sweep_detector INFO: SweepDetector v2: 0 raw → 0 confirmed (vol≥2.5× body≥30%)
16:18:21 core.sweep_detector INFO: OrderBlocks: 2 detected, 2 unmitigated
16:18:21 core.sweep_detector INFO: FVGs: 10 detected, 5 unfilled
16:18:23 core.sweep_detector INFO: SweepDetector v2: 2 raw → 2 confirmed (vol≥2.5× body≥30%)
16:18:23 core.sweep_detector INFO: OrderBlocks: 3 detected, 0 unmitigated
16:18:23 core.sweep_detector INFO: FVGs: 3 detected, 1 unfilled
16:18:24 core.sweep_detector INFO: SweepDetector v2: 1 raw → 1 confirmed (vol≥2.5× body≥30%)
16:18:24 core.sweep_detector INFO: OrderBlocks: 2 detected, 0 unmitigated
16:18:24 core.sweep_detector INFO: FVGs: 11 detected, 2 unfilled
16:18:26 core.sweep_detector INFO: SweepDetector v2: 0 raw → 0 confirmed (vol≥2.5× body≥30%)
16:18:26 core.sweep_detector INFO: OrderBlocks: 5 detected, 1 unmitigated
16:18:26 core.sweep_detector INFO: FVGs: 1 detected, 1 unfilled
16:18:28 core.sweep_detector INFO: SweepDetector v2: 0 raw → 0 confirmed (vol≥2.5× body≥30%)
16:18:28 core.sweep_detector INFO: OrderBlocks: 4 detected, 1 unmitigated
16:18:28 core.sweep_detector INFO: FVGs: 1 detected, 1 unfilled
16:18:29 core.sweep_detector INFO: SweepDetector v2: 0 raw → 0 confirmed (vol≥2.5× body≥30%)
16:18:29 core.sweep_detector INFO: OrderBlocks: 4 detected, 2 unmitigated
16:18:29 core.sweep_detector INFO: FVGs: 0 detected, 0 unfilled
16:18:31 core.sweep_detector INFO: SweepDetector v2: 0 raw → 0 confirmed (vol≥2.5× body≥30%)
16:18:31 core.sweep_detector INFO: OrderBlocks: 0 detected, 0 unmitigated
16:18:31 core.sweep_detector INFO: FVGs: 0 detected, 0 unfilled
16:18:32 core.sweep_detector INFO: SweepDetector v2: 0 raw → 0 confirmed (vol≥2.5× body≥30%)
16:18:32 core.sweep_detector INFO: OrderBlocks: 0 detected, 0 unmitigated
16:18:32 core.sweep_detector INFO: FVGs: 0 detected, 0 unfilled
16:18:35 core.sweep_detector INFO: SweepDetector v2: 0 raw → 0 confirmed (vol≥2.5× body≥30%)
16:18:35 core.sweep_detector INFO: OrderBlocks: 0 detected, 0 unmitigated
16:18:35 core.sweep_detector INFO: FVGs: 0 detected, 0 unfilled
16:18:36 core.sweep_detector INFO: SweepDetector v2: 0 raw → 0 confirmed (vol≥2.5× body≥30%)
16:18:36 core.sweep_detector INFO: OrderBlocks: 6 detected, 1 unmitigated
16:18:36 core.sweep_detector INFO: FVGs: 13 detected, 3 unfilled
16:18:38 core.sweep_detector INFO: SweepDetector v2: 1 raw → 1 confirmed (vol≥2.5× body≥30%)
16:18:38 core.sweep_detector INFO: OrderBlocks: 4 detected, 1 unmitigated
16:18:38 core.sweep_detector INFO: FVGs: 10 detected, 2 unfilled
16:18:40 core.sweep_detector INFO: SweepDetector v2: 2 raw → 2 confirmed (vol≥2.5× body≥30%)
16:18:40 core.sweep_detector INFO: OrderBlocks: 6 detected, 3 unmitigated
16:18:40 core.sweep_detector INFO: FVGs: 8 detected, 2 unfilled
16:18:41 core.sweep_detector INFO: SweepDetector v2: 0 raw → 0 confirmed (vol≥2.5× body≥30%)
16:18:41 core.sweep_detector INFO: OrderBlocks: 8 detected, 4 unmitigated
16:18:41 core.sweep_detector INFO: FVGs: 11 detected, 5 unfilled
16:18:45 core.sweep_detector INFO: SweepDetector v2: 2 raw → 1 confirmed (vol≥2.5× body≥30%)
16:18:45 core.sweep_detector INFO: OrderBlocks: 4 detected, 0 unmitigated
16:18:45 core.sweep_detector INFO: FVGs: 11 detected, 2 unfilled
16:18:47 core.sweep_detector INFO: SweepDetector v2: 2 raw → 2 confirmed (vol≥2.5× body≥30%)
16:18:47 core.sweep_detector INFO: OrderBlocks: 2 detected, 0 unmitigated
16:18:47 core.sweep_detector INFO: FVGs: 8 detected, 0 unfilled
16:18:48 core.sweep_detector INFO: SweepDetector v2: 0 raw → 0 confirmed (vol≥2.5× body≥30%)
16:18:48 core.sweep_detector INFO: OrderBlocks: 8 detected, 3 unmitigated
16:18:48 core.sweep_detector INFO: FVGs: 12 detected, 3 unfilled
16:18:50 core.sweep_detector INFO: SweepDetector v2: 1 raw → 1 confirmed (vol≥2.5× body≥30%)
16:18:50 core.sweep_detector INFO: OrderBlocks: 6 detected, 0 unmitigated
16:18:50 core.sweep_detector INFO: FVGs: 12 detected, 2 unfilled
16:18:51 core.sweep_detector INFO: SweepDetector v2: 4 raw → 3 confirmed (vol≥2.5× body≥30%)
16:18:51 core.sweep_detector INFO: OrderBlocks: 2 detected, 0 unmitigated
16:18:51 core.sweep_detector INFO: FVGs: 9 detected, 1 unfilled
16:18:54 core.sweep_detector INFO: SweepDetector v2: 2 raw → 2 confirmed (vol≥2.5× body≥30%)
16:18:54 core.sweep_detector INFO: OrderBlocks: 6 detected, 0 unmitigated
16:18:54 core.sweep_detector INFO: FVGs: 4 detected, 0 unfilled
16:18:55 core.sweep_detector INFO: SweepDetector v2: 6 raw → 6 confirmed (vol≥2.5× body≥30%)
16:18:55 core.sweep_detector INFO: OrderBlocks: 2 detected, 0 unmitigated
16:18:55 core.sweep_detector INFO: FVGs: 9 detected, 0 unfilled
16:18:57 core.sweep_detector INFO: SweepDetector v2: 5 raw → 4 confirmed (vol≥2.5× body≥30%)
16:18:57 core.sweep_detector INFO: OrderBlocks: 3 detected, 2 unmitigated
16:18:57 core.sweep_detector INFO: FVGs: 1 detected, 1 unfilled
16:18:59 core.sweep_detector INFO: SweepDetector v2: 1 raw → 1 confirmed (vol≥2.5× body≥30%)
16:18:59 core.sweep_detector INFO: OrderBlocks: 7 detected, 2 unmitigated
16:18:59 core.sweep_detector INFO: FVGs: 9 detected, 2 unfilled
16:19:01 core.sweep_detector INFO: SweepDetector v2: 1 raw → 1 confirmed (vol≥2.5× body≥30%)
16:19:01 core.sweep_detector INFO: OrderBlocks: 3 detected, 0 unmitigated
16:19:01 core.sweep_detector INFO: FVGs: 6 detected, 1 unfilled
16:19:02 core.sweep_detector INFO: SweepDetector v2: 1 raw → 1 confirmed (vol≥2.5× body≥30%)
16:19:02 core.sweep_detector INFO: OrderBlocks: 6 detected, 0 unmitigated
16:19:02 core.sweep_detector INFO: FVGs: 9 detected, 0 unfilled
16:19:04 core.sweep_detector INFO: SweepDetector v2: 3 raw → 2 confirmed (vol≥2.5× body≥30%)
16:19:04 core.sweep_detector INFO: OrderBlocks: 7 detected, 3 unmitigated
16:19:04 core.sweep_detector INFO: FVGs: 13 detected, 2 unfilled
16:19:05 core.sweep_detector INFO: SweepDetector v2: 2 raw → 0 confirmed (vol≥2.5× body≥30%)
16:19:05 core.sweep_detector INFO: OrderBlocks: 7 detected, 3 unmitigated
16:19:05 core.sweep_detector INFO: FVGs: 13 detected, 2 unfilled
16:19:07 core.sweep_detector INFO: SweepDetector v2: 3 raw → 0 confirmed (vol≥2.5× body≥30%)
16:19:07 core.sweep_detector INFO: OrderBlocks: 7 detected, 4 unmitigated
16:19:07 core.sweep_detector INFO: FVGs: 8 detected, 4 unfilled
16:19:09 core.sweep_detector INFO: SweepDetector v2: 2 raw → 2 confirmed (vol≥2.5× body≥30%)
16:19:09 core.sweep_detector INFO: OrderBlocks: 10 detected, 2 unmitigated
16:19:09 core.sweep_detector INFO: FVGs: 8 detected, 2 unfilled
16:19:11 core.sweep_detector INFO: SweepDetector v2: 1 raw → 1 confirmed (vol≥2.5× body≥30%)
16:19:11 core.sweep_detector INFO: OrderBlocks: 1 detected, 0 unmitigated
16:19:11 core.sweep_detector INFO: FVGs: 10 detected, 3 unfilled
16:19:13 core.sweep_detector INFO: SweepDetector v2: 4 raw → 3 confirmed (vol≥2.5× body≥30%)
16:19:13 core.sweep_detector INFO: OrderBlocks: 6 detected, 2 unmitigated
16:19:13 core.sweep_detector INFO: FVGs: 9 detected, 1 unfilled
16:19:14 core.sweep_detector INFO: SweepDetector v2: 1 raw → 1 confirmed (vol≥2.5× body≥30%)
16:19:14 core.sweep_detector INFO: OrderBlocks: 7 detected, 2 unmitigated
16:19:14 core.sweep_detector INFO: FVGs: 8 detected, 4 unfilled
16:19:16 core.sweep_detector INFO: SweepDetector v2: 2 raw → 2 confirmed (vol≥2.5× body≥30%)
16:19:16 core.sweep_detector INFO: OrderBlocks: 3 detected, 1 unmitigated
16:19:16 core.sweep_detector INFO: FVGs: 12 detected, 4 unfilled
16:19:18 core.sweep_detector INFO: SweepDetector v2: 3 raw → 3 confirmed (vol≥2.5× body≥30%)
16:19:18 core.sweep_detector INFO: OrderBlocks: 5 detected, 0 unmitigated
16:19:18 core.sweep_detector INFO: FVGs: 6 detected, 1 unfilled
16:19:20 core.sweep_detector INFO: SweepDetector v2: 2 raw → 1 confirmed (vol≥2.5× body≥30%)
16:19:20 core.sweep_detector INFO: OrderBlocks: 4 detected, 1 unmitigated
16:19:20 core.sweep_detector INFO: FVGs: 8 detected, 1 unfilled
16:19:21 core.sweep_detector INFO: SweepDetector v2: 0 raw → 0 confirmed (vol≥2.5× body≥30%)
16:19:21 core.sweep_detector INFO: OrderBlocks: 7 detected, 1 unmitigated
16:19:21 core.sweep_detector INFO: FVGs: 9 detected, 5 unfilled
16:19:23 core.sweep_detector INFO: SweepDetector v2: 1 raw → 1 confirmed (vol≥2.5× body≥30%)
16:19:23 core.sweep_detector INFO: OrderBlocks: 7 detected, 4 unmitigated
16:19:23 core.sweep_detector INFO: FVGs: 11 detected, 6 unfilled
16:19:25 core.sweep_detector INFO: SweepDetector v2: 0 raw → 0 confirmed (vol≥2.5× body≥30%)
16:19:25 core.sweep_detector INFO: OrderBlocks: 2 detected, 1 unmitigated
16:19:25 core.sweep_detector INFO: FVGs: 11 detected, 3 unfilled
16:19:26 core.sweep_detector INFO: SweepDetector v2: 0 raw → 0 confirmed (vol≥2.5× body≥30%)
16:19:26 core.sweep_detector INFO: OrderBlocks: 3 detected, 1 unmitigated
16:19:26 core.sweep_detector INFO: FVGs: 8 detected, 1 unfilled
16:19:28 core.sweep_detector INFO: SweepDetector v2: 2 raw → 2 confirmed (vol≥2.5× body≥30%)
16:19:28 core.sweep_detector INFO: OrderBlocks: 4 detected, 2 unmitigated
16:19:28 core.sweep_detector INFO: FVGs: 6 detected, 3 unfilled
16:19:30 core.sweep_detector INFO: SweepDetector v2: 0 raw → 0 confirmed (vol≥2.5× body≥30%)
16:19:30 core.sweep_detector INFO: OrderBlocks: 7 detected, 3 unmitigated
16:19:30 core.sweep_detector INFO: FVGs: 12 detected, 7 unfilled
16:19:32 core.sweep_detector INFO: SweepDetector v2: 1 raw → 1 confirmed (vol≥2.5× body≥30%)
16:19:32 core.sweep_detector INFO: OrderBlocks: 5 detected, 3 unmitigated
16:19:32 core.sweep_detector INFO: FVGs: 12 detected, 3 unfilled
16:19:33 core.sweep_detector INFO: SweepDetector v2: 0 raw → 0 confirmed (vol≥2.5× body≥30%)
16:19:33 core.sweep_detector INFO: OrderBlocks: 9 detected, 3 unmitigated
16:19:33 core.sweep_detector INFO: FVGs: 12 detected, 6 unfilled
16:19:35 core.sweep_detector INFO: SweepDetector v2: 1 raw → 0 confirmed (vol≥2.5× body≥30%)
16:19:35 core.sweep_detector INFO: OrderBlocks: 9 detected, 3 unmitigated
16:19:35 core.sweep_detector INFO: FVGs: 8 detected, 2 unfilled
16:19:37 core.sweep_detector INFO: SweepDetector v2: 2 raw → 1 confirmed (vol≥2.5× body≥30%)
16:19:37 core.sweep_detector INFO: OrderBlocks: 1 detected, 0 unmitigated
16:19:37 core.sweep_detector INFO: FVGs: 8 detected, 3 unfilled
16:19:39 core.sweep_detector INFO: SweepDetector v2: 0 raw → 0 confirmed (vol≥2.5× body≥30%)
16:19:39 core.sweep_detector INFO: OrderBlocks: 7 detected, 2 unmitigated
16:19:39 core.sweep_detector INFO: FVGs: 5 detected, 3 unfilled
16:19:40 core.sweep_detector INFO: SweepDetector v2: 1 raw → 1 confirmed (vol≥2.5× body≥30%)
16:19:40 core.sweep_detector INFO: OrderBlocks: 6 detected, 3 unmitigated
16:19:40 core.sweep_detector INFO: FVGs: 10 detected, 6 unfilled
16:19:42 core.sweep_detector INFO: SweepDetector v2: 3 raw → 1 confirmed (vol≥2.5× body≥30%)
16:19:42 core.sweep_detector INFO: OrderBlocks: 4 detected, 2 unmitigated
16:19:42 core.sweep_detector INFO: FVGs: 8 detected, 3 unfilled
16:19:43 core.sweep_detector INFO: SweepDetector v2: 1 raw → 1 confirmed (vol≥2.5× body≥30%)
16:19:44 core.sweep_detector INFO: OrderBlocks: 3 detected, 1 unmitigated
16:19:44 core.sweep_detector INFO: FVGs: 3 detected, 1 unfilled
16:19:45 core.sweep_detector INFO: SweepDetector v2: 0 raw → 0 confirmed (vol≥2.5× body≥30%)
16:19:45 core.sweep_detector INFO: OrderBlocks: 6 detected, 2 unmitigated
16:19:45 core.sweep_detector INFO: FVGs: 3 detected, 2 unfilled
16:19:47 core.sweep_detector INFO: SweepDetector v2: 2 raw → 2 confirmed (vol≥2.5× body≥30%)
16:19:47 core.sweep_detector INFO: OrderBlocks: 6 detected, 0 unmitigated
16:19:47 core.sweep_detector INFO: FVGs: 8 detected, 1 unfilled
16:19:49 core.sweep_detector INFO: SweepDetector v2: 1 raw → 1 confirmed (vol≥2.5× body≥30%)
16:19:49 core.sweep_detector INFO: OrderBlocks: 3 detected, 0 unmitigated
16:19:49 core.sweep_detector INFO: FVGs: 6 detected, 0 unfilled
16:19:51 core.sweep_detector INFO: SweepDetector v2: 1 raw → 1 confirmed (vol≥2.5× body≥30%)
16:19:51 core.sweep_detector INFO: OrderBlocks: 9 detected, 2 unmitigated
16:19:51 core.sweep_detector INFO: FVGs: 6 detected, 4 unfilled
16:19:55 core.sweep_detector INFO: SweepDetector v2: 3 raw → 2 confirmed (vol≥2.5× body≥30%)
16:19:55 core.sweep_detector INFO: OrderBlocks: 4 detected, 2 unmitigated
16:19:55 core.sweep_detector INFO: FVGs: 8 detected, 3 unfilled
16:19:58 core.sweep_detector INFO: SweepDetector v2: 1 raw → 1 confirmed (vol≥2.5× body≥30%)
16:19:58 core.sweep_detector INFO: OrderBlocks: 6 detected, 3 unmitigated
16:19:58 core.sweep_detector INFO: FVGs: 8 detected, 3 unfilled
16:20:01 core.sweep_detector INFO: SweepDetector v2: 0 raw → 0 confirmed (vol≥2.5× body≥30%)
16:20:01 core.sweep_detector INFO: OrderBlocks: 4 detected, 2 unmitigated
16:20:01 core.sweep_detector INFO: FVGs: 14 detected, 4 unfilled
16:20:02 core.sweep_detector INFO: SweepDetector v2: 1 raw → 1 confirmed (vol≥2.5× body≥30%)
16:20:02 core.sweep_detector INFO: OrderBlocks: 7 detected, 2 unmitigated
16:20:02 core.sweep_detector INFO: FVGs: 10 detected, 5 unfilled
16:20:04 core.sweep_detector INFO: SweepDetector v2: 2 raw → 1 confirmed (vol≥2.5× body≥30%)
16:20:04 core.sweep_detector INFO: OrderBlocks: 6 detected, 4 unmitigated
16:20:04 core.sweep_detector INFO: FVGs: 12 detected, 7 unfilled
16:20:06 core.sweep_detector INFO: SweepDetector v2: 2 raw → 1 confirmed (vol≥2.5× body≥30%)
16:20:06 core.sweep_detector INFO: OrderBlocks: 11 detected, 4 unmitigated
16:20:06 core.sweep_detector INFO: FVGs: 13 detected, 1 unfilled
16:20:07 core.sweep_detector INFO: SweepDetector v2: 3 raw → 1 confirmed (vol≥2.5× body≥30%)
16:20:07 core.sweep_detector INFO: OrderBlocks: 3 detected, 0 unmitigated
16:20:07 core.sweep_detector INFO: FVGs: 11 detected, 2 unfilled
16:20:09 core.sweep_detector INFO: SweepDetector v2: 3 raw → 3 confirmed (vol≥2.5× body≥30%)
16:20:09 core.sweep_detector INFO: OrderBlocks: 5 detected, 1 unmitigated
16:20:09 core.sweep_detector INFO: FVGs: 7 detected, 1 unfilled
16:20:11 core.sweep_detector INFO: SweepDetector v2: 2 raw → 2 confirmed (vol≥2.5× body≥30%)
16:20:11 core.sweep_detector INFO: OrderBlocks: 4 detected, 2 unmitigated
16:20:11 core.sweep_detector INFO: FVGs: 7 detected, 2 unfilled
16:20:12 core.sweep_detector INFO: SweepDetector v2: 0 raw → 0 confirmed (vol≥2.5× body≥30%)
16:20:12 core.sweep_detector INFO: OrderBlocks: 2 detected, 1 unmitigated
16:20:12 core.sweep_detector INFO: FVGs: 11 detected, 5 unfilled
16:20:14 core.sweep_detector INFO: SweepDetector v2: 1 raw → 0 confirmed (vol≥2.5× body≥30%)
16:20:14 core.sweep_detector INFO: OrderBlocks: 2 detected, 0 unmitigated
16:20:14 core.sweep_detector INFO: FVGs: 5 detected, 3 unfilled
16:20:16 core.sweep_detector INFO: SweepDetector v2: 2 raw → 2 confirmed (vol≥2.5× body≥30%)
16:20:16 core.sweep_detector INFO: OrderBlocks: 15 detected, 3 unmitigated
16:20:16 core.sweep_detector INFO: FVGs: 15 detected, 2 unfilled
16:20:18 core.sweep_detector INFO: SweepDetector v2: 3 raw → 3 confirmed (vol≥2.5× body≥30%)
16:20:18 core.sweep_detector INFO: OrderBlocks: 5 detected, 3 unmitigated
16:20:18 core.sweep_detector INFO: FVGs: 8 detected, 2 unfilled
16:20:19 core.sweep_detector INFO: SweepDetector v2: 2 raw → 1 confirmed (vol≥2.5× body≥30%)
16:20:19 core.sweep_detector INFO: OrderBlocks: 5 detected, 2 unmitigated
16:20:19 core.sweep_detector INFO: FVGs: 7 detected, 2 unfilled
16:20:21 core.sweep_detector INFO: SweepDetector v2: 6 raw → 3 confirmed (vol≥2.5× body≥30%)
16:20:21 core.sweep_detector INFO: OrderBlocks: 7 detected, 5 unmitigated
16:20:21 core.sweep_detector INFO: FVGs: 11 detected, 6 unfilled
16:20:23 core.sweep_detector INFO: SweepDetector v2: 5 raw → 4 confirmed (vol≥2.5× body≥30%)
16:20:23 core.sweep_detector INFO: OrderBlocks: 5 detected, 2 unmitigated
16:20:23 core.sweep_detector INFO: FVGs: 7 detected, 2 unfilled
16:20:25 core.sweep_detector INFO: SweepDetector v2: 1 raw → 1 confirmed (vol≥2.5× body≥30%)
16:20:25 core.sweep_detector INFO: OrderBlocks: 4 detected, 3 unmitigated
16:20:25 core.sweep_detector INFO: FVGs: 10 detected, 5 unfilled
16:20:26 core.sweep_detector INFO: SweepDetector v2: 1 raw → 1 confirmed (vol≥2.5× body≥30%)
16:20:26 core.sweep_detector INFO: OrderBlocks: 5 detected, 1 unmitigated
16:20:26 core.sweep_detector INFO: FVGs: 7 detected, 3 unfilled
16:20:28 core.sweep_detector INFO: SweepDetector v2: 3 raw → 3 confirmed (vol≥2.5× body≥30%)
16:20:28 core.sweep_detector INFO: OrderBlocks: 8 detected, 2 unmitigated
16:20:28 core.sweep_detector INFO: FVGs: 10 detected, 3 unfilled
16:20:30 core.sweep_detector INFO: SweepDetector v2: 3 raw → 3 confirmed (vol≥2.5× body≥30%)
16:20:30 core.sweep_detector INFO: OrderBlocks: 3 detected, 0 unmitigated
16:20:30 core.sweep_detector INFO: FVGs: 12 detected, 3 unfilled
16:20:32 core.sweep_detector INFO: SweepDetector v2: 1 raw → 1 confirmed (vol≥2.5× body≥30%)
16:20:32 core.sweep_detector INFO: OrderBlocks: 6 detected, 2 unmitigated
16:20:32 core.sweep_detector INFO: FVGs: 12 detected, 6 unfilled
16:20:33 core.sweep_detector INFO: SweepDetector v2: 2 raw → 0 confirmed (vol≥2.5× body≥30%)
16:20:33 core.sweep_detector INFO: OrderBlocks: 5 detected, 1 unmitigated
16:20:33 core.sweep_detector INFO: FVGs: 11 detected, 3 unfilled
16:20:35 core.sweep_detector INFO: SweepDetector v2: 1 raw → 1 confirmed (vol≥2.5× body≥30%)
16:20:35 core.sweep_detector INFO: OrderBlocks: 5 detected, 3 unmitigated
16:20:35 core.sweep_detector INFO: FVGs: 5 detected, 2 unfilled
16:20:37 core.sweep_detector INFO: SweepDetector v2: 3 raw → 2 confirmed (vol≥2.5× body≥30%)
16:20:37 core.sweep_detector INFO: OrderBlocks: 5 detected, 0 unmitigated
16:20:37 core.sweep_detector INFO: FVGs: 6 detected, 0 unfilled
16:20:38 core.sweep_detector INFO: SweepDetector v2: 2 raw → 2 confirmed (vol≥2.5× body≥30%)
16:20:38 core.sweep_detector INFO: OrderBlocks: 6 detected, 1 unmitigated
16:20:38 core.sweep_detector INFO: FVGs: 7 detected, 2 unfilled
16:20:40 core.sweep_detector INFO: SweepDetector v2: 0 raw → 0 confirmed (vol≥2.5× body≥30%)
16:20:40 core.sweep_detector INFO: OrderBlocks: 5 detected, 1 unmitigated
16:20:40 core.sweep_detector INFO: FVGs: 6 detected, 4 unfilled
16:20:43 core.sweep_detector INFO: SweepDetector v2: 0 raw → 0 confirmed (vol≥2.5× body≥30%)
16:20:43 core.sweep_detector INFO: OrderBlocks: 8 detected, 4 unmitigated
16:20:43 core.sweep_detector INFO: FVGs: 10 detected, 4 unfilled
16:20:44 core.sweep_detector INFO: SweepDetector v2: 4 raw → 3 confirmed (vol≥2.5× body≥30%)
16:20:44 core.sweep_detector INFO: OrderBlocks: 5 detected, 1 unmitigated
16:20:44 core.sweep_detector INFO: FVGs: 10 detected, 2 unfilled
16:20:47 core.sweep_detector INFO: SweepDetector v2: 2 raw → 2 confirmed (vol≥2.5× body≥30%)
16:20:47 core.sweep_detector INFO: OrderBlocks: 4 detected, 0 unmitigated
16:20:47 core.sweep_detector INFO: FVGs: 5 detected, 0 unfilled
16:20:49 core.sweep_detector INFO: SweepDetector v2: 1 raw → 1 confirmed (vol≥2.5× body≥30%)
16:20:49 core.sweep_detector INFO: OrderBlocks: 4 detected, 2 unmitigated
16:20:49 core.sweep_detector INFO: FVGs: 5 detected, 2 unfilled
16:20:51 core.sweep_detector INFO: SweepDetector v2: 3 raw → 3 confirmed (vol≥2.5× body≥30%)
16:20:51 core.sweep_detector INFO: OrderBlocks: 3 detected, 0 unmitigated
16:20:51 core.sweep_detector INFO: FVGs: 4 detected, 1 unfilled
16:20:53 core.sweep_detector INFO: SweepDetector v2: 1 raw → 1 confirmed (vol≥2.5× body≥30%)
16:20:53 core.sweep_detector INFO: OrderBlocks: 1 detected, 0 unmitigated
16:20:53 core.sweep_detector INFO: FVGs: 1 detected, 0 unfilled
16:20:55 core.sweep_detector INFO: SweepDetector v2: 2 raw → 2 confirmed (vol≥2.5× body≥30%)
16:20:55 core.sweep_detector INFO: OrderBlocks: 10 detected, 2 unmitigated
16:20:55 core.sweep_detector INFO: FVGs: 11 detected, 3 unfilled
16:20:58 core.sweep_detector INFO: SweepDetector v2: 5 raw → 3 confirmed (vol≥2.5× body≥30%)
16:20:58 core.sweep_detector INFO: OrderBlocks: 4 detected, 3 unmitigated
16:20:58 core.sweep_detector INFO: FVGs: 9 detected, 3 unfilled
16:21:00 core.sweep_detector INFO: SweepDetector v2: 2 raw → 1 confirmed (vol≥2.5× body≥30%)
16:21:00 core.sweep_detector INFO: OrderBlocks: 3 detected, 1 unmitigated
16:21:00 core.sweep_detector INFO: FVGs: 8 detected, 2 unfilled
16:21:02 core.sweep_detector INFO: SweepDetector v2: 1 raw → 0 confirmed (vol≥2.5× body≥30%)
16:21:02 core.sweep_detector INFO: OrderBlocks: 5 detected, 1 unmitigated
16:21:02 core.sweep_detector INFO: FVGs: 4 detected, 2 unfilled
16:21:04 core.sweep_detector INFO: SweepDetector v2: 4 raw → 4 confirmed (vol≥2.5× body≥30%)
16:21:04 core.sweep_detector INFO: OrderBlocks: 2 detected, 1 unmitigated
16:21:04 core.sweep_detector INFO: FVGs: 7 detected, 0 unfilled
16:21:06 core.sweep_detector INFO: SweepDetector v2: 1 raw → 1 confirmed (vol≥2.5× body≥30%)
16:21:06 core.sweep_detector INFO: OrderBlocks: 4 detected, 0 unmitigated
16:21:06 core.sweep_detector INFO: FVGs: 12 detected, 2 unfilled
16:21:08 core.sweep_detector INFO: SweepDetector v2: 2 raw → 2 confirmed (vol≥2.5× body≥30%)
16:21:08 core.sweep_detector INFO: OrderBlocks: 8 detected, 4 unmitigated
16:21:08 core.sweep_detector INFO: FVGs: 9 detected, 2 unfilled
16:21:10 core.sweep_detector INFO: SweepDetector v2: 2 raw → 1 confirmed (vol≥2.5× body≥30%)
16:21:10 core.sweep_detector INFO: OrderBlocks: 4 detected, 2 unmitigated
16:21:10 core.sweep_detector INFO: FVGs: 7 detected, 3 unfilled
16:21:12 core.sweep_detector INFO: SweepDetector v2: 1 raw → 1 confirmed (vol≥2.5× body≥30%)
16:21:12 core.sweep_detector INFO: OrderBlocks: 2 detected, 2 unmitigated
16:21:12 core.sweep_detector INFO: FVGs: 10 detected, 1 unfilled
16:21:14 core.sweep_detector INFO: SweepDetector v2: 0 raw → 0 confirmed (vol≥2.5× body≥30%)
16:21:14 core.sweep_detector INFO: OrderBlocks: 1 detected, 0 unmitigated
16:21:14 core.sweep_detector INFO: FVGs: 0 detected, 0 unfilled
16:21:16 core.sweep_detector INFO: SweepDetector v2: 0 raw → 0 confirmed (vol≥2.5× body≥30%)
16:21:16 core.sweep_detector INFO: OrderBlocks: 0 detected, 0 unmitigated
16:21:16 core.sweep_detector INFO: FVGs: 0 detected, 0 unfilled
16:21:18 core.sweep_detector INFO: SweepDetector v2: 0 raw → 0 confirmed (vol≥2.5× body≥30%)
16:21:18 core.sweep_detector INFO: OrderBlocks: 0 detected, 0 unmitigated
16:21:18 core.sweep_detector INFO: FVGs: 0 detected, 0 unfilled
16:21:21 core.sweep_detector INFO: SweepDetector v2: 2 raw → 2 confirmed (vol≥2.5× body≥30%)
16:21:21 core.sweep_detector INFO: OrderBlocks: 5 detected, 2 unmitigated
16:21:21 core.sweep_detector INFO: FVGs: 7 detected, 2 unfilled
16:21:23 core.sweep_detector INFO: SweepDetector v2: 3 raw → 3 confirmed (vol≥2.5× body≥30%)
16:21:23 core.sweep_detector INFO: OrderBlocks: 3 detected, 0 unmitigated
16:21:23 core.sweep_detector INFO: FVGs: 8 detected, 2 unfilled
16:21:25 core.sweep_detector INFO: SweepDetector v2: 2 raw → 2 confirmed (vol≥2.5× body≥30%)
16:21:25 core.sweep_detector INFO: OrderBlocks: 4 detected, 2 unmitigated
16:21:25 core.sweep_detector INFO: FVGs: 4 detected, 2 unfilled
16:21:27 core.sweep_detector INFO: SweepDetector v2: 0 raw → 0 confirmed (vol≥2.5× body≥30%)
16:21:27 core.sweep_detector INFO: OrderBlocks: 4 detected, 2 unmitigated
16:21:27 core.sweep_detector INFO: FVGs: 11 detected, 7 unfilled
16:21:29 core.sweep_detector INFO: SweepDetector v2: 0 raw → 0 confirmed (vol≥2.5× body≥30%)
16:21:29 core.sweep_detector INFO: OrderBlocks: 1 detected, 0 unmitigated
16:21:29 core.sweep_detector INFO: FVGs: 6 detected, 2 unfilled
16:21:31 core.sweep_detector INFO: SweepDetector v2: 2 raw → 2 confirmed (vol≥2.5× body≥30%)
16:21:31 core.sweep_detector INFO: OrderBlocks: 3 detected, 1 unmitigated
16:21:31 core.sweep_detector INFO: FVGs: 10 detected, 1 unfilled
16:21:32 core.sweep_detector INFO: SweepDetector v2: 5 raw → 3 confirmed (vol≥2.5× body≥30%)
16:21:32 core.sweep_detector INFO: OrderBlocks: 6 detected, 2 unmitigated
16:21:32 core.sweep_detector INFO: FVGs: 9 detected, 2 unfilled
16:21:34 core.sweep_detector INFO: SweepDetector v2: 2 raw → 2 confirmed (vol≥2.5× body≥30%)
16:21:34 core.sweep_detector INFO: OrderBlocks: 3 detected, 2 unmitigated
16:21:34 core.sweep_detector INFO: FVGs: 12 detected, 2 unfilled
16:21:35 core.sweep_detector INFO: SweepDetector v2: 3 raw → 3 confirmed (vol≥2.5× body≥30%)
16:21:35 core.sweep_detector INFO: OrderBlocks: 2 detected, 0 unmitigated
16:21:35 core.sweep_detector INFO: FVGs: 5 detected, 1 unfilled
16:21:37 core.sweep_detector INFO: SweepDetector v2: 0 raw → 0 confirmed (vol≥2.5× body≥30%)
16:21:37 core.sweep_detector INFO: OrderBlocks: 7 detected, 2 unmitigated
16:21:37 core.sweep_detector INFO: FVGs: 9 detected, 2 unfilled
16:21:39 core.sweep_detector INFO: SweepDetector v2: 3 raw → 3 confirmed (vol≥2.5× body≥30%)
16:21:39 core.sweep_detector INFO: OrderBlocks: 3 detected, 1 unmitigated
16:21:39 core.sweep_detector INFO: FVGs: 9 detected, 3 unfilled
16:21:41 core.sweep_detector INFO: SweepDetector v2: 2 raw → 1 confirmed (vol≥2.5× body≥30%)
16:21:41 core.sweep_detector INFO: OrderBlocks: 6 detected, 2 unmitigated
16:21:41 core.sweep_detector INFO: FVGs: 7 detected, 2 unfilled
16:21:43 core.sweep_detector INFO: SweepDetector v2: 1 raw → 1 confirmed (vol≥2.5× body≥30%)
16:21:43 core.sweep_detector INFO: OrderBlocks: 4 detected, 2 unmitigated
16:21:43 core.sweep_detector INFO: FVGs: 11 detected, 9 unfilled
16:21:44 core.sweep_detector INFO: SweepDetector v2: 1 raw → 1 confirmed (vol≥2.5× body≥30%)
16:21:44 core.sweep_detector INFO: OrderBlocks: 3 detected, 2 unmitigated
16:21:44 core.sweep_detector INFO: FVGs: 2 detected, 1 unfilled
16:21:46 core.sweep_detector INFO: SweepDetector v2: 3 raw → 3 confirmed (vol≥2.5× body≥30%)
16:21:46 core.sweep_detector INFO: OrderBlocks: 2 detected, 1 unmitigated
16:21:46 core.sweep_detector INFO: FVGs: 6 detected, 1 unfilled
16:21:48 core.sweep_detector INFO: SweepDetector v2: 2 raw → 2 confirmed (vol≥2.5× body≥30%)
16:21:48 core.sweep_detector INFO: OrderBlocks: 7 detected, 3 unmitigated
16:21:48 core.sweep_detector INFO: FVGs: 9 detected, 3 unfilled
16:21:49 core.sweep_detector INFO: SweepDetector v2: 3 raw → 0 confirmed (vol≥2.5× body≥30%)
16:21:49 core.sweep_detector INFO: OrderBlocks: 4 detected, 1 unmitigated
16:21:49 core.sweep_detector INFO: FVGs: 6 detected, 3 unfilled
16:21:51 core.sweep_detector INFO: SweepDetector v2: 1 raw → 0 confirmed (vol≥2.5× body≥30%)
16:21:51 core.sweep_detector INFO: OrderBlocks: 9 detected, 4 unmitigated
16:21:51 core.sweep_detector INFO: FVGs: 9 detected, 4 unfilled
16:21:54 core.sweep_detector INFO: SweepDetector v2: 1 raw → 0 confirmed (vol≥2.5× body≥30%)
16:21:54 core.sweep_detector INFO: OrderBlocks: 9 detected, 3 unmitigated
16:21:54 core.sweep_detector INFO: FVGs: 8 detected, 4 unfilled
16:21:55 core.sweep_detector INFO: SweepDetector v2: 4 raw → 1 confirmed (vol≥2.5× body≥30%)
16:21:55 core.sweep_detector INFO: OrderBlocks: 4 detected, 1 unmitigated
16:21:55 core.sweep_detector INFO: FVGs: 7 detected, 1 unfilled
16:21:57 core.sweep_detector INFO: SweepDetector v2: 1 raw → 1 confirmed (vol≥2.5× body≥30%)
16:21:57 core.sweep_detector INFO: OrderBlocks: 3 detected, 0 unmitigated
16:21:57 core.sweep_detector INFO: FVGs: 4 detected, 1 unfilled
16:21:59 core.sweep_detector INFO: SweepDetector v2: 2 raw → 2 confirmed (vol≥2.5× body≥30%)
16:21:59 core.sweep_detector INFO: OrderBlocks: 5 detected, 2 unmitigated
16:21:59 core.sweep_detector INFO: FVGs: 11 detected, 1 unfilled
16:22:00 core.sweep_detector INFO: SweepDetector v2: 1 raw → 1 confirmed (vol≥2.5× body≥30%)
16:22:00 core.sweep_detector INFO: OrderBlocks: 2 detected, 1 unmitigated
16:22:00 core.sweep_detector INFO: FVGs: 12 detected, 5 unfilled
16:22:02 core.sweep_detector INFO: SweepDetector v2: 0 raw → 0 confirmed (vol≥2.5× body≥30%)
16:22:02 core.sweep_detector INFO: OrderBlocks: 1 detected, 0 unmitigated
16:22:02 core.sweep_detector INFO: FVGs: 5 detected, 1 unfilled
16:22:04 core.sweep_detector INFO: SweepDetector v2: 7 raw → 5 confirmed (vol≥2.5× body≥30%)
16:22:04 core.sweep_detector INFO: OrderBlocks: 5 detected, 5 unmitigated
16:22:04 core.sweep_detector INFO: FVGs: 13 detected, 8 unfilled
16:22:05 core.sweep_detector INFO: SweepDetector v2: 2 raw → 1 confirmed (vol≥2.5× body≥30%)
16:22:05 core.sweep_detector INFO: OrderBlocks: 1 detected, 0 unmitigated
16:22:05 core.sweep_detector INFO: FVGs: 5 detected, 2 unfilled
16:22:07 core.sweep_detector INFO: SweepDetector v2: 4 raw → 4 confirmed (vol≥2.5× body≥30%)
16:22:07 core.sweep_detector INFO: OrderBlocks: 5 detected, 0 unmitigated
16:22:07 core.sweep_detector INFO: FVGs: 10 detected, 2 unfilled
16:22:09 core.sweep_detector INFO: SweepDetector v2: 0 raw → 0 confirmed (vol≥2.5× body≥30%)
16:22:09 core.sweep_detector INFO: OrderBlocks: 8 detected, 5 unmitigated
16:22:09 core.sweep_detector INFO: FVGs: 13 detected, 4 unfilled
16:22:11 core.sweep_detector INFO: SweepDetector v2: 3 raw → 2 confirmed (vol≥2.5× body≥30%)
16:22:11 core.sweep_detector INFO: OrderBlocks: 4 detected, 1 unmitigated
16:22:11 core.sweep_detector INFO: FVGs: 9 detected, 2 unfilled
16:22:13 core.sweep_detector INFO: SweepDetector v2: 2 raw → 1 confirmed (vol≥2.5× body≥30%)
16:22:13 core.sweep_detector INFO: OrderBlocks: 4 detected, 0 unmitigated
16:22:13 core.sweep_detector INFO: FVGs: 5 detected, 0 unfilled
16:22:15 core.sweep_detector INFO: SweepDetector v2: 3 raw → 3 confirmed (vol≥2.5× body≥30%)
16:22:15 core.sweep_detector INFO: OrderBlocks: 3 detected, 1 unmitigated
16:22:15 core.sweep_detector INFO: FVGs: 5 detected, 2 unfilled
16:22:16 core.sweep_detector INFO: SweepDetector v2: 3 raw → 2 confirmed (vol≥2.5× body≥30%)
16:22:16 core.sweep_detector INFO: OrderBlocks: 7 detected, 2 unmitigated
16:22:16 core.sweep_detector INFO: FVGs: 6 detected, 2 unfilled
16:22:18 core.sweep_detector INFO: SweepDetector v2: 1 raw → 1 confirmed (vol≥2.5× body≥30%)
16:22:18 core.sweep_detector INFO: OrderBlocks: 4 detected, 2 unmitigated
16:22:18 core.sweep_detector INFO: FVGs: 6 detected, 3 unfilled
16:22:20 core.sweep_detector INFO: SweepDetector v2: 3 raw → 2 confirmed (vol≥2.5× body≥30%)
16:22:20 core.sweep_detector INFO: OrderBlocks: 3 detected, 3 unmitigated
16:22:20 core.sweep_detector INFO: FVGs: 13 detected, 8 unfilled
16:22:21 core.sweep_detector INFO: SweepDetector v2: 2 raw → 2 confirmed (vol≥2.5× body≥30%)
16:22:21 core.sweep_detector INFO: OrderBlocks: 4 detected, 1 unmitigated
16:22:21 core.sweep_detector INFO: FVGs: 9 detected, 3 unfilled
16:22:23 core.sweep_detector INFO: SweepDetector v2: 2 raw → 1 confirmed (vol≥2.5× body≥30%)
16:22:23 core.sweep_detector INFO: OrderBlocks: 5 detected, 1 unmitigated
16:22:23 core.sweep_detector INFO: FVGs: 6 detected, 1 unfilled
16:22:25 core.sweep_detector INFO: SweepDetector v2: 1 raw → 0 confirmed (vol≥2.5× body≥30%)
16:22:25 core.sweep_detector INFO: OrderBlocks: 4 detected, 0 unmitigated
16:22:25 core.sweep_detector INFO: FVGs: 14 detected, 5 unfilled
16:22:27 core.sweep_detector INFO: SweepDetector v2: 0 raw → 0 confirmed (vol≥2.5× body≥30%)
16:22:27 core.sweep_detector INFO: OrderBlocks: 8 detected, 1 unmitigated
16:22:27 core.sweep_detector INFO: FVGs: 4 detected, 2 unfilled
16:22:28 core.sweep_detector INFO: SweepDetector v2: 2 raw → 2 confirmed (vol≥2.5× body≥30%)
16:22:28 core.sweep_detector INFO: OrderBlocks: 1 detected, 1 unmitigated
16:22:28 core.sweep_detector INFO: FVGs: 3 detected, 2 unfilled
16:22:30 core.sweep_detector INFO: SweepDetector v2: 1 raw → 0 confirmed (vol≥2.5× body≥30%)
16:22:30 core.sweep_detector INFO: OrderBlocks: 6 detected, 3 unmitigated
16:22:30 core.sweep_detector INFO: FVGs: 9 detected, 5 unfilled
16:22:32 core.sweep_detector INFO: SweepDetector v2: 2 raw → 2 confirmed (vol≥2.5× body≥30%)
16:22:32 core.sweep_detector INFO: OrderBlocks: 3 detected, 1 unmitigated
16:22:32 core.sweep_detector INFO: FVGs: 13 detected, 3 unfilled
16:22:34 core.sweep_detector INFO: SweepDetector v2: 4 raw → 3 confirmed (vol≥2.5× body≥30%)
16:22:34 core.sweep_detector INFO: OrderBlocks: 5 detected, 0 unmitigated
16:22:34 core.sweep_detector INFO: FVGs: 6 detected, 1 unfilled
16:22:36 core.sweep_detector INFO: SweepDetector v2: 0 raw → 0 confirmed (vol≥2.5× body≥30%)
16:22:36 core.sweep_detector INFO: OrderBlocks: 10 detected, 2 unmitigated
16:22:36 core.sweep_detector INFO: FVGs: 12 detected, 3 unfilled
16:22:38 core.sweep_detector INFO: SweepDetector v2: 1 raw → 1 confirmed (vol≥2.5× body≥30%)
16:22:38 core.sweep_detector INFO: OrderBlocks: 6 detected, 2 unmitigated
16:22:38 core.sweep_detector INFO: FVGs: 6 detected, 1 unfilled
16:22:40 core.sweep_detector INFO: SweepDetector v2: 1 raw → 1 confirmed (vol≥2.5× body≥30%)
16:22:40 core.sweep_detector INFO: OrderBlocks: 6 detected, 2 unmitigated
16:22:40 core.sweep_detector INFO: FVGs: 6 detected, 3 unfilled
16:22:41 core.sweep_detector INFO: SweepDetector v2: 0 raw → 0 confirmed (vol≥2.5× body≥30%)
16:22:41 core.sweep_detector INFO: OrderBlocks: 2 detected, 0 unmitigated
16:22:41 core.sweep_detector INFO: FVGs: 0 detected, 0 unfilled
16:22:43 core.sweep_detector INFO: SweepDetector v2: 0 raw → 0 confirmed (vol≥2.5× body≥30%)
16:22:43 core.sweep_detector INFO: OrderBlocks: 0 detected, 0 unmitigated
16:22:43 core.sweep_detector INFO: FVGs: 0 detected, 0 unfilled
16:22:45 core.sweep_detector INFO: SweepDetector v2: 0 raw → 0 confirmed (vol≥2.5× body≥30%)
16:22:45 core.sweep_detector INFO: OrderBlocks: 0 detected, 0 unmitigated
16:22:45 core.sweep_detector INFO: FVGs: 0 detected, 0 unfilled
16:22:47 core.sweep_detector INFO: SweepDetector v2: 1 raw → 1 confirmed (vol≥2.5× body≥30%)
16:22:47 core.sweep_detector INFO: OrderBlocks: 6 detected, 1 unmitigated
16:22:47 core.sweep_detector INFO: FVGs: 9 detected, 5 unfilled
16:22:49 core.sweep_detector INFO: SweepDetector v2: 2 raw → 2 confirmed (vol≥2.5× body≥30%)
16:22:49 core.sweep_detector INFO: OrderBlocks: 6 detected, 2 unmitigated
16:22:49 core.sweep_detector INFO: FVGs: 8 detected, 3 unfilled
16:22:50 core.sweep_detector INFO: SweepDetector v2: 1 raw → 1 confirmed (vol≥2.5× body≥30%)
16:22:50 core.sweep_detector INFO: OrderBlocks: 5 detected, 1 unmitigated
16:22:50 core.sweep_detector INFO: FVGs: 10 detected, 1 unfilled
16:22:52 core.sweep_detector INFO: SweepDetector v2: 1 raw → 1 confirmed (vol≥2.5× body≥30%)
16:22:52 core.sweep_detector INFO: OrderBlocks: 2 detected, 0 unmitigated
16:22:52 core.sweep_detector INFO: FVGs: 0 detected, 0 unfilled
16:22:54 core.sweep_detector INFO: SweepDetector v2: 0 raw → 0 confirmed (vol≥2.5× body≥30%)
16:22:54 core.sweep_detector INFO: OrderBlocks: 1 detected, 0 unmitigated
16:22:54 core.sweep_detector INFO: FVGs: 0 detected, 0 unfilled
16:22:55 core.sweep_detector INFO: SweepDetector v2: 0 raw → 0 confirmed (vol≥2.5× body≥30%)
16:22:55 core.sweep_detector INFO: OrderBlocks: 1 detected, 0 unmitigated
16:22:55 core.sweep_detector INFO: FVGs: 0 detected, 0 unfilled
16:22:57 core.sweep_detector INFO: SweepDetector v2: 0 raw → 0 confirmed (vol≥2.5× body≥30%)
16:22:57 core.sweep_detector INFO: OrderBlocks: 3 detected, 0 unmitigated
16:22:57 core.sweep_detector INFO: FVGs: 0 detected, 0 unfilled
16:22:59 core.sweep_detector INFO: SweepDetector v2: 0 raw → 0 confirmed (vol≥2.5× body≥30%)
16:22:59 core.sweep_detector INFO: OrderBlocks: 1 detected, 0 unmitigated
16:22:59 core.sweep_detector INFO: FVGs: 0 detected, 0 unfilled
16:23:01 core.sweep_detector INFO: SweepDetector v2: 0 raw → 0 confirmed (vol≥2.5× body≥30%)
16:23:01 core.sweep_detector INFO: OrderBlocks: 1 detected, 0 unmitigated
16:23:01 core.sweep_detector INFO: FVGs: 0 detected, 0 unfilled
16:23:03 core.sweep_detector INFO: SweepDetector v2: 0 raw → 0 confirmed (vol≥2.5× body≥30%)
16:23:03 core.sweep_detector INFO: OrderBlocks: 1 detected, 0 unmitigated
16:23:03 core.sweep_detector INFO: FVGs: 0 detected, 0 unfilled
16:23:05 core.sweep_detector INFO: SweepDetector v2: 0 raw → 0 confirmed (vol≥2.5× body≥30%)
16:23:05 core.sweep_detector INFO: OrderBlocks: 0 detected, 0 unmitigated
16:23:05 core.sweep_detector INFO: FVGs: 0 detected, 0 unfilled
16:23:06 core.sweep_detector INFO: SweepDetector v2: 0 raw → 0 confirmed (vol≥2.5× body≥30%)
16:23:06 core.sweep_detector INFO: OrderBlocks: 0 detected, 0 unmitigated
16:23:06 core.sweep_detector INFO: FVGs: 0 detected, 0 unfilled
16:23:08 core.sweep_detector INFO: SweepDetector v2: 3 raw → 3 confirmed (vol≥2.5× body≥30%)
16:23:08 core.sweep_detector INFO: OrderBlocks: 4 detected, 1 unmitigated
16:23:08 core.sweep_detector INFO: FVGs: 9 detected, 3 unfilled
16:23:10 core.sweep_detector INFO: SweepDetector v2: 5 raw → 4 confirmed (vol≥2.5× body≥30%)
16:23:10 core.sweep_detector INFO: OrderBlocks: 9 detected, 3 unmitigated
16:23:10 core.sweep_detector INFO: FVGs: 9 detected, 3 unfilled
16:23:12 core.sweep_detector INFO: SweepDetector v2: 2 raw → 2 confirmed (vol≥2.5× body≥30%)
16:23:12 core.sweep_detector INFO: OrderBlocks: 5 detected, 0 unmitigated
16:23:12 core.sweep_detector INFO: FVGs: 10 detected, 5 unfilled
16:23:13 core.sweep_detector INFO: SweepDetector v2: 0 raw → 0 confirmed (vol≥2.5× body≥30%)
16:23:13 core.sweep_detector INFO: OrderBlocks: 5 detected, 1 unmitigated
16:23:13 core.sweep_detector INFO: FVGs: 10 detected, 4 unfilled
16:23:15 core.sweep_detector INFO: SweepDetector v2: 1 raw → 1 confirmed (vol≥2.5× body≥30%)
16:23:15 core.sweep_detector INFO: OrderBlocks: 1 detected, 0 unmitigated
16:23:15 core.sweep_detector INFO: FVGs: 8 detected, 2 unfilled
16:23:17 core.sweep_detector INFO: SweepDetector v2: 2 raw → 2 confirmed (vol≥2.5× body≥30%)
16:23:17 core.sweep_detector INFO: OrderBlocks: 5 detected, 2 unmitigated
16:23:17 core.sweep_detector INFO: FVGs: 9 detected, 2 unfilled
16:23:19 core.sweep_detector INFO: SweepDetector v2: 1 raw → 1 confirmed (vol≥2.5× body≥30%)
16:23:19 core.sweep_detector INFO: OrderBlocks: 6 detected, 4 unmitigated
16:23:19 core.sweep_detector INFO: FVGs: 8 detected, 3 unfilled
16:23:21 core.sweep_detector INFO: SweepDetector v2: 1 raw → 1 confirmed (vol≥2.5× body≥30%)
16:23:21 core.sweep_detector INFO: OrderBlocks: 2 detected, 1 unmitigated
16:23:21 core.sweep_detector INFO: FVGs: 10 detected, 1 unfilled
16:23:23 core.sweep_detector INFO: SweepDetector v2: 2 raw → 2 confirmed (vol≥2.5× body≥30%)
16:23:23 core.sweep_detector INFO: OrderBlocks: 5 detected, 0 unmitigated
16:23:23 core.sweep_detector INFO: FVGs: 10 detected, 1 unfilled
16:23:25 core.sweep_detector INFO: SweepDetector v2: 1 raw → 1 confirmed (vol≥2.5× body≥30%)
16:23:25 core.sweep_detector INFO: OrderBlocks: 2 detected, 1 unmitigated
16:23:25 core.sweep_detector INFO: FVGs: 8 detected, 4 unfilled
16:23:27 core.sweep_detector INFO: SweepDetector v2: 2 raw → 1 confirmed (vol≥2.5× body≥30%)
16:23:27 core.sweep_detector INFO: OrderBlocks: 1 detected, 0 unmitigated
16:23:27 core.sweep_detector INFO: FVGs: 5 detected, 0 unfilled
16:23:28 core.sweep_detector INFO: SweepDetector v2: 0 raw → 0 confirmed (vol≥2.5× body≥30%)
16:23:28 core.sweep_detector INFO: OrderBlocks: 2 detected, 0 unmitigated
16:23:28 core.sweep_detector INFO: FVGs: 2 detected, 0 unfilled
16:23:30 core.sweep_detector INFO: SweepDetector v2: 2 raw → 1 confirmed (vol≥2.5× body≥30%)
16:23:30 core.sweep_detector INFO: OrderBlocks: 6 detected, 4 unmitigated
16:23:30 core.sweep_detector INFO: FVGs: 14 detected, 6 unfilled
16:23:32 core.sweep_detector INFO: SweepDetector v2: 4 raw → 4 confirmed (vol≥2.5× body≥30%)
16:23:32 core.sweep_detector INFO: OrderBlocks: 2 detected, 1 unmitigated
16:23:32 core.sweep_detector INFO: FVGs: 6 detected, 2 unfilled
16:23:33 core.sweep_detector INFO: SweepDetector v2: 1 raw → 1 confirmed (vol≥2.5× body≥30%)
16:23:33 core.sweep_detector INFO: OrderBlocks: 4 detected, 2 unmitigated
16:23:33 core.sweep_detector INFO: FVGs: 6 detected, 1 unfilled
16:23:35 core.sweep_detector INFO: SweepDetector v2: 2 raw → 1 confirmed (vol≥2.5× body≥30%)
16:23:35 core.sweep_detector INFO: OrderBlocks: 5 detected, 1 unmitigated
16:23:35 core.sweep_detector INFO: FVGs: 5 detected, 1 unfilled
16:23:37 core.sweep_detector INFO: SweepDetector v2: 1 raw → 1 confirmed (vol≥2.5× body≥30%)
16:23:37 core.sweep_detector INFO: OrderBlocks: 4 detected, 0 unmitigated
16:23:37 core.sweep_detector INFO: FVGs: 10 detected, 1 unfilled
16:23:39 core.sweep_detector INFO: SweepDetector v2: 4 raw → 3 confirmed (vol≥2.5× body≥30%)
16:23:39 core.sweep_detector INFO: OrderBlocks: 7 detected, 2 unmitigated
16:23:39 core.sweep_detector INFO: FVGs: 8 detected, 0 unfilled
16:23:40 core.sweep_detector INFO: SweepDetector v2: 0 raw → 0 confirmed (vol≥2.5× body≥30%)
16:23:40 core.sweep_detector INFO: OrderBlocks: 1 detected, 0 unmitigated
16:23:40 core.sweep_detector INFO: FVGs: 4 detected, 0 unfilled
16:23:42 core.sweep_detector INFO: SweepDetector v2: 0 raw → 0 confirmed (vol≥2.5× body≥30%)
16:23:42 core.sweep_detector INFO: OrderBlocks: 5 detected, 1 unmitigated
16:23:42 core.sweep_detector INFO: FVGs: 6 detected, 2 unfilled
16:23:44 core.sweep_detector INFO: SweepDetector v2: 0 raw → 0 confirmed (vol≥2.5× body≥30%)
16:23:44 core.sweep_detector INFO: OrderBlocks: 6 detected, 1 unmitigated
16:23:44 core.sweep_detector INFO: FVGs: 7 detected, 4 unfilled
16:23:46 core.sweep_detector INFO: SweepDetector v2: 0 raw → 0 confirmed (vol≥2.5× body≥30%)
16:23:46 core.sweep_detector INFO: OrderBlocks: 8 detected, 3 unmitigated
16:23:46 core.sweep_detector INFO: FVGs: 11 detected, 3 unfilled
16:23:48 core.sweep_detector INFO: SweepDetector v2: 1 raw → 1 confirmed (vol≥2.5× body≥30%)
16:23:48 core.sweep_detector INFO: OrderBlocks: 4 detected, 1 unmitigated
16:23:48 core.sweep_detector INFO: FVGs: 7 detected, 3 unfilled
16:23:49 core.sweep_detector INFO: SweepDetector v2: 1 raw → 1 confirmed (vol≥2.5× body≥30%)
16:23:49 core.sweep_detector INFO: OrderBlocks: 7 detected, 0 unmitigated
16:23:49 core.sweep_detector INFO: FVGs: 9 detected, 1 unfilled
16:23:53 core.sweep_detector INFO: SweepDetector v2: 0 raw → 0 confirmed (vol≥2.5× body≥30%)
16:23:53 core.sweep_detector INFO: OrderBlocks: 10 detected, 3 unmitigated
16:23:53 core.sweep_detector INFO: FVGs: 10 detected, 3 unfilled
16:23:55 core.sweep_detector INFO: SweepDetector v2: 2 raw → 2 confirmed (vol≥2.5× body≥30%)
16:23:55 core.sweep_detector INFO: OrderBlocks: 3 detected, 2 unmitigated
16:23:55 core.sweep_detector INFO: FVGs: 11 detected, 2 unfilled
16:23:57 core.sweep_detector INFO: SweepDetector v2: 3 raw → 3 confirmed (vol≥2.5× body≥30%)
16:23:57 core.sweep_detector INFO: OrderBlocks: 1 detected, 0 unmitigated
16:23:57 core.sweep_detector INFO: FVGs: 12 detected, 1 unfilled
16:23:59 core.sweep_detector INFO: SweepDetector v2: 2 raw → 2 confirmed (vol≥2.5× body≥30%)
16:23:59 core.sweep_detector INFO: OrderBlocks: 7 detected, 2 unmitigated
16:23:59 core.sweep_detector INFO: FVGs: 8 detected, 3 unfilled
16:24:01 core.sweep_detector INFO: SweepDetector v2: 2 raw → 2 confirmed (vol≥2.5× body≥30%)
16:24:01 core.sweep_detector INFO: OrderBlocks: 4 detected, 1 unmitigated
16:24:01 core.sweep_detector INFO: FVGs: 4 detected, 0 unfilled
16:24:02 core.sweep_detector INFO: SweepDetector v2: 0 raw → 0 confirmed (vol≥2.5× body≥30%)
16:24:02 core.sweep_detector INFO: OrderBlocks: 6 detected, 1 unmitigated
16:24:02 core.sweep_detector INFO: FVGs: 8 detected, 0 unfilled
16:24:04 core.sweep_detector INFO: SweepDetector v2: 0 raw → 0 confirmed (vol≥2.5× body≥30%)
16:24:04 core.sweep_detector INFO: OrderBlocks: 2 detected, 1 unmitigated
16:24:04 core.sweep_detector INFO: FVGs: 0 detected, 0 unfilled
16:24:06 core.sweep_detector INFO: SweepDetector v2: 0 raw → 0 confirmed (vol≥2.5× body≥30%)
16:24:06 core.sweep_detector INFO: OrderBlocks: 5 detected, 0 unmitigated
16:24:06 core.sweep_detector INFO: FVGs: 0 detected, 0 unfilled
16:24:08 core.sweep_detector INFO: SweepDetector v2: 0 raw → 0 confirmed (vol≥2.5× body≥30%)
16:24:08 core.sweep_detector INFO: OrderBlocks: 0 detected, 0 unmitigated
16:24:08 core.sweep_detector INFO: FVGs: 0 detected, 0 unfilled
16:24:10 core.sweep_detector INFO: SweepDetector v2: 2 raw → 0 confirmed (vol≥2.5× body≥30%)
16:24:10 core.sweep_detector INFO: OrderBlocks: 7 detected, 3 unmitigated
16:24:10 core.sweep_detector INFO: FVGs: 6 detected, 1 unfilled
16:24:11 core.sweep_detector INFO: SweepDetector v2: 1 raw → 1 confirmed (vol≥2.5× body≥30%)
16:24:11 core.sweep_detector INFO: OrderBlocks: 10 detected, 4 unmitigated
16:24:11 core.sweep_detector INFO: FVGs: 9 detected, 2 unfilled
16:24:13 core.sweep_detector INFO: SweepDetector v2: 4 raw → 4 confirmed (vol≥2.5× body≥30%)
16:24:13 core.sweep_detector INFO: OrderBlocks: 4 detected, 0 unmitigated
16:24:13 core.sweep_detector INFO: FVGs: 8 detected, 4 unfilled
16:24:15 core.sweep_detector INFO: SweepDetector v2: 6 raw → 3 confirmed (vol≥2.5× body≥30%)
16:24:15 core.sweep_detector INFO: OrderBlocks: 9 detected, 3 unmitigated
16:24:15 core.sweep_detector INFO: FVGs: 11 detected, 4 unfilled
16:24:16 core.sweep_detector INFO: SweepDetector v2: 1 raw → 1 confirmed (vol≥2.5× body≥30%)
16:24:16 core.sweep_detector INFO: OrderBlocks: 5 detected, 1 unmitigated
16:24:16 core.sweep_detector INFO: FVGs: 10 detected, 2 unfilled
16:24:18 core.sweep_detector INFO: SweepDetector v2: 3 raw → 2 confirmed (vol≥2.5× body≥30%)
16:24:18 core.sweep_detector INFO: OrderBlocks: 8 detected, 3 unmitigated
16:24:18 core.sweep_detector INFO: FVGs: 11 detected, 4 unfilled
16:24:20 core.sweep_detector INFO: SweepDetector v2: 1 raw → 1 confirmed (vol≥2.5× body≥30%)
16:24:20 core.sweep_detector INFO: OrderBlocks: 7 detected, 2 unmitigated
16:24:20 core.sweep_detector INFO: FVGs: 7 detected, 1 unfilled
16:24:21 core.sweep_detector INFO: SweepDetector v2: 2 raw → 1 confirmed (vol≥2.5× body≥30%)
16:24:21 core.sweep_detector INFO: OrderBlocks: 1 detected, 0 unmitigated
16:24:21 core.sweep_detector INFO: FVGs: 12 detected, 3 unfilled
16:24:23 core.sweep_detector INFO: SweepDetector v2: 0 raw → 0 confirmed (vol≥2.5× body≥30%)
16:24:23 core.sweep_detector INFO: OrderBlocks: 6 detected, 1 unmitigated
16:24:23 core.sweep_detector INFO: FVGs: 7 detected, 2 unfilled
16:24:25 core.sweep_detector INFO: SweepDetector v2: 0 raw → 0 confirmed (vol≥2.5× body≥30%)
16:24:25 core.sweep_detector INFO: OrderBlocks: 7 detected, 3 unmitigated
16:24:25 core.sweep_detector INFO: FVGs: 10 detected, 3 unfilled
16:24:26 core.sweep_detector INFO: SweepDetector v2: 0 raw → 0 confirmed (vol≥2.5× body≥30%)
16:24:26 core.sweep_detector INFO: OrderBlocks: 11 detected, 2 unmitigated
16:24:26 core.sweep_detector INFO: FVGs: 7 detected, 1 unfilled
16:24:28 core.sweep_detector INFO: SweepDetector v2: 4 raw → 3 confirmed (vol≥2.5× body≥30%)
16:24:28 core.sweep_detector INFO: OrderBlocks: 5 detected, 3 unmitigated
16:24:28 core.sweep_detector INFO: FVGs: 5 detected, 3 unfilled
16:24:31 core.sweep_detector INFO: SweepDetector v2: 2 raw → 2 confirmed (vol≥2.5× body≥30%)
16:24:31 core.sweep_detector INFO: OrderBlocks: 5 detected, 1 unmitigated
16:24:31 core.sweep_detector INFO: FVGs: 6 detected, 4 unfilled
16:24:33 core.sweep_detector INFO: SweepDetector v2: 1 raw → 1 confirmed (vol≥2.5× body≥30%)
16:24:33 core.sweep_detector INFO: OrderBlocks: 5 detected, 3 unmitigated
16:24:33 core.sweep_detector INFO: FVGs: 5 detected, 2 unfilled
16:24:35 core.sweep_detector INFO: SweepDetector v2: 2 raw → 2 confirmed (vol≥2.5× body≥30%)
16:24:35 core.sweep_detector INFO: OrderBlocks: 5 detected, 1 unmitigated
16:24:35 core.sweep_detector INFO: FVGs: 5 detected, 2 unfilled
/root/.openclaw/workspace/projects/crypto-liquidity-hunter/main.py:555: DeprecationWarning: datetime.datetime.utcnow() is deprecated and scheduled for removal in a future version. Use timezone-aware objects to represent datetimes in UTC: datetime.datetime.now(datetime.UTC).
  scan_end     = datetime.utcnow()

=== SCAN ALL: 102 pairs, 3 timeframes ===
Total signals generated: 0
