17:45:02 __main__ INFO: Volume filter: fetching all tickers in one call...
17:45:03 __main__ INFO: Volume filter: 79/447 pairs pass $2M threshold
/root/.openclaw/workspace/projects/crypto-liquidity-hunter/main.py:292: DeprecationWarning: datetime.datetime.utcnow() is deprecated and scheduled for removal in a future version. Use timezone-aware objects to represent datetimes in UTC: datetime.datetime.now(datetime.UTC).
  scan_start = datetime.utcnow()   # for duration tracking
17:45:04 core.binance_connector INFO: BinanceConnector: connected [LIVE FUTURES MAINNET]
17:45:04 __main__ INFO: Auto-executor: account 'Liquiddbot1' mode=live exec=auto
17:45:06 core.sweep_detector INFO: SweepDetector v2: 0 raw → 0 confirmed (vol≥2.5× body≥30%)
17:45:06 core.sweep_detector INFO: OrderBlocks: 9 detected, 4 unmitigated
17:45:06 core.sweep_detector INFO: FVGs: 12 detected, 7 unfilled
17:45:08 core.sweep_detector INFO: SweepDetector v2: 1 raw → 1 confirmed (vol≥2.5× body≥30%)
17:45:08 core.sweep_detector INFO: OrderBlocks: 2 detected, 0 unmitigated
17:45:08 core.sweep_detector INFO: FVGs: 6 detected, 3 unfilled
17:45:10 core.sweep_detector INFO: SweepDetector v2: 1 raw → 1 confirmed (vol≥2.5× body≥30%)
17:45:10 core.sweep_detector INFO: OrderBlocks: 9 detected, 3 unmitigated
17:45:10 core.sweep_detector INFO: FVGs: 7 detected, 4 unfilled
17:45:12 core.sweep_detector INFO: SweepDetector v2: 1 raw → 1 confirmed (vol≥2.5× body≥30%)
17:45:12 core.sweep_detector INFO: OrderBlocks: 7 detected, 0 unmitigated
17:45:12 core.sweep_detector INFO: FVGs: 10 detected, 4 unfilled
17:45:14 core.sweep_detector INFO: SweepDetector v2: 2 raw → 1 confirmed (vol≥2.5× body≥30%)
17:45:14 core.sweep_detector INFO: OrderBlocks: 3 detected, 2 unmitigated
17:45:14 core.sweep_detector INFO: FVGs: 4 detected, 2 unfilled
17:45:16 core.sweep_detector INFO: SweepDetector v2: 0 raw → 0 confirmed (vol≥2.5× body≥30%)
17:45:16 core.sweep_detector INFO: OrderBlocks: 6 detected, 2 unmitigated
17:45:16 core.sweep_detector INFO: FVGs: 4 detected, 2 unfilled
17:45:18 core.sweep_detector INFO: SweepDetector v2: 3 raw → 2 confirmed (vol≥2.5× body≥30%)
17:45:18 core.sweep_detector INFO: OrderBlocks: 6 detected, 2 unmitigated
17:45:18 core.sweep_detector INFO: FVGs: 8 detected, 1 unfilled
17:45:20 core.sweep_detector INFO: SweepDetector v2: 1 raw → 0 confirmed (vol≥2.5× body≥30%)
17:45:20 core.sweep_detector INFO: OrderBlocks: 4 detected, 2 unmitigated
17:45:20 core.sweep_detector INFO: FVGs: 7 detected, 3 unfilled
17:45:22 core.sweep_detector INFO: SweepDetector v2: 2 raw → 2 confirmed (vol≥2.5× body≥30%)
17:45:22 core.sweep_detector INFO: OrderBlocks: 3 detected, 2 unmitigated
17:45:22 core.sweep_detector INFO: FVGs: 10 detected, 6 unfilled
17:45:23 core.sweep_detector INFO: SweepDetector v2: 2 raw → 1 confirmed (vol≥2.5× body≥30%)
17:45:23 core.sweep_detector INFO: OrderBlocks: 7 detected, 2 unmitigated
17:45:23 core.sweep_detector INFO: FVGs: 8 detected, 2 unfilled
17:45:25 core.sweep_detector INFO: SweepDetector v2: 0 raw → 0 confirmed (vol≥2.5× body≥30%)
17:45:25 core.sweep_detector INFO: OrderBlocks: 1 detected, 0 unmitigated
17:45:25 core.sweep_detector INFO: FVGs: 9 detected, 4 unfilled
17:45:26 core.sweep_detector INFO: SweepDetector v2: 2 raw → 1 confirmed (vol≥2.5× body≥30%)
17:45:26 core.sweep_detector INFO: OrderBlocks: 1 detected, 0 unmitigated
17:45:26 core.sweep_detector INFO: FVGs: 5 detected, 1 unfilled
17:45:28 core.sweep_detector INFO: SweepDetector v2: 2 raw → 1 confirmed (vol≥2.5× body≥30%)
17:45:28 core.sweep_detector INFO: OrderBlocks: 5 detected, 3 unmitigated
17:45:28 core.sweep_detector INFO: FVGs: 10 detected, 5 unfilled
17:45:30 core.sweep_detector INFO: SweepDetector v2: 1 raw → 1 confirmed (vol≥2.5× body≥30%)
17:45:30 core.sweep_detector INFO: OrderBlocks: 3 detected, 1 unmitigated
17:45:30 core.sweep_detector INFO: FVGs: 4 detected, 1 unfilled
17:45:31 core.sweep_detector INFO: SweepDetector v2: 1 raw → 1 confirmed (vol≥2.5× body≥30%)
17:45:31 core.sweep_detector INFO: OrderBlocks: 2 detected, 2 unmitigated
17:45:31 core.sweep_detector INFO: FVGs: 10 detected, 3 unfilled
17:45:33 core.sweep_detector INFO: SweepDetector v2: 5 raw → 5 confirmed (vol≥2.5× body≥30%)
17:45:33 core.sweep_detector INFO: OrderBlocks: 1 detected, 0 unmitigated
17:45:33 core.sweep_detector INFO: FVGs: 3 detected, 0 unfilled
17:45:35 core.sweep_detector INFO: SweepDetector v2: 1 raw → 1 confirmed (vol≥2.5× body≥30%)
17:45:35 core.sweep_detector INFO: OrderBlocks: 4 detected, 0 unmitigated
17:45:35 core.sweep_detector INFO: FVGs: 1 detected, 0 unfilled
17:45:36 core.sweep_detector INFO: SweepDetector v2: 0 raw → 0 confirmed (vol≥2.5× body≥30%)
17:45:36 core.sweep_detector INFO: OrderBlocks: 1 detected, 0 unmitigated
17:45:36 core.sweep_detector INFO: FVGs: 1 detected, 0 unfilled
17:45:38 core.sweep_detector INFO: SweepDetector v2: 2 raw → 2 confirmed (vol≥2.5× body≥30%)
17:45:38 core.sweep_detector INFO: OrderBlocks: 3 detected, 1 unmitigated
17:45:38 core.sweep_detector INFO: FVGs: 12 detected, 6 unfilled
17:45:40 core.sweep_detector INFO: SweepDetector v2: 1 raw → 1 confirmed (vol≥2.5× body≥30%)
17:45:40 core.sweep_detector INFO: OrderBlocks: 2 detected, 1 unmitigated
17:45:40 core.sweep_detector INFO: FVGs: 5 detected, 1 unfilled
17:45:43 core.sweep_detector INFO: SweepDetector v2: 1 raw → 1 confirmed (vol≥2.5× body≥30%)
17:45:43 core.sweep_detector INFO: OrderBlocks: 5 detected, 1 unmitigated
17:45:43 core.sweep_detector INFO: FVGs: 3 detected, 0 unfilled
17:45:44 core.sweep_detector INFO: SweepDetector v2: 1 raw → 1 confirmed (vol≥2.5× body≥30%)
17:45:44 core.sweep_detector INFO: OrderBlocks: 6 detected, 3 unmitigated
17:45:44 core.sweep_detector INFO: FVGs: 7 detected, 3 unfilled
17:45:46 core.sweep_detector INFO: SweepDetector v2: 0 raw → 0 confirmed (vol≥2.5× body≥30%)
17:45:46 core.sweep_detector INFO: OrderBlocks: 3 detected, 1 unmitigated
17:45:46 core.sweep_detector INFO: FVGs: 6 detected, 1 unfilled
17:45:48 core.sweep_detector INFO: SweepDetector v2: 1 raw → 1 confirmed (vol≥2.5× body≥30%)
17:45:48 core.sweep_detector INFO: OrderBlocks: 6 detected, 0 unmitigated
17:45:48 core.sweep_detector INFO: FVGs: 4 detected, 1 unfilled
17:45:50 core.sweep_detector INFO: SweepDetector v2: 4 raw → 4 confirmed (vol≥2.5× body≥30%)
17:45:50 core.sweep_detector INFO: OrderBlocks: 2 detected, 2 unmitigated
17:45:50 core.sweep_detector INFO: FVGs: 14 detected, 3 unfilled
17:45:52 core.sweep_detector INFO: SweepDetector v2: 2 raw → 1 confirmed (vol≥2.5× body≥30%)
17:45:52 core.sweep_detector INFO: OrderBlocks: 8 detected, 2 unmitigated
17:45:52 core.sweep_detector INFO: FVGs: 13 detected, 2 unfilled
17:45:53 core.sweep_detector INFO: SweepDetector v2: 1 raw → 0 confirmed (vol≥2.5× body≥30%)
17:45:53 core.sweep_detector INFO: OrderBlocks: 3 detected, 2 unmitigated
17:45:53 core.sweep_detector INFO: FVGs: 10 detected, 4 unfilled
17:45:55 core.sweep_detector INFO: SweepDetector v2: 0 raw → 0 confirmed (vol≥2.5× body≥30%)
17:45:55 core.sweep_detector INFO: OrderBlocks: 3 detected, 1 unmitigated
17:45:55 core.sweep_detector INFO: FVGs: 5 detected, 1 unfilled
17:45:57 core.sweep_detector INFO: SweepDetector v2: 3 raw → 3 confirmed (vol≥2.5× body≥30%)
17:45:57 core.sweep_detector INFO: OrderBlocks: 1 detected, 1 unmitigated
17:45:57 core.sweep_detector INFO: FVGs: 7 detected, 3 unfilled
17:45:59 core.sweep_detector INFO: SweepDetector v2: 1 raw → 1 confirmed (vol≥2.5× body≥30%)
17:45:59 core.sweep_detector INFO: OrderBlocks: 6 detected, 4 unmitigated
17:45:59 core.sweep_detector INFO: FVGs: 8 detected, 7 unfilled
17:46:01 core.sweep_detector INFO: SweepDetector v2: 0 raw → 0 confirmed (vol≥2.5× body≥30%)
17:46:01 core.sweep_detector INFO: OrderBlocks: 0 detected, 0 unmitigated
17:46:01 core.sweep_detector INFO: FVGs: 0 detected, 0 unfilled
17:46:03 core.sweep_detector INFO: SweepDetector v2: 0 raw → 0 confirmed (vol≥2.5× body≥30%)
17:46:03 core.sweep_detector INFO: OrderBlocks: 1 detected, 0 unmitigated
17:46:03 core.sweep_detector INFO: FVGs: 0 detected, 0 unfilled
17:46:05 core.sweep_detector INFO: SweepDetector v2: 0 raw → 0 confirmed (vol≥2.5× body≥30%)
17:46:05 core.sweep_detector INFO: OrderBlocks: 0 detected, 0 unmitigated
17:46:05 core.sweep_detector INFO: FVGs: 0 detected, 0 unfilled
17:46:07 core.sweep_detector INFO: SweepDetector v2: 1 raw → 1 confirmed (vol≥2.5× body≥30%)
17:46:07 core.sweep_detector INFO: OrderBlocks: 6 detected, 4 unmitigated
17:46:07 core.sweep_detector INFO: FVGs: 10 detected, 4 unfilled
17:46:09 core.sweep_detector INFO: SweepDetector v2: 1 raw → 1 confirmed (vol≥2.5× body≥30%)
17:46:09 core.sweep_detector INFO: OrderBlocks: 4 detected, 2 unmitigated
17:46:09 core.sweep_detector INFO: FVGs: 4 detected, 0 unfilled
17:46:11 core.sweep_detector INFO: SweepDetector v2: 0 raw → 0 confirmed (vol≥2.5× body≥30%)
17:46:11 core.sweep_detector INFO: OrderBlocks: 9 detected, 1 unmitigated
17:46:11 core.sweep_detector INFO: FVGs: 1 detected, 1 unfilled
17:46:13 core.sweep_detector INFO: SweepDetector v2: 1 raw → 1 confirmed (vol≥2.5× body≥30%)
17:46:13 core.sweep_detector INFO: OrderBlocks: 6 detected, 0 unmitigated
17:46:13 core.sweep_detector INFO: FVGs: 7 detected, 3 unfilled
17:46:15 core.sweep_detector INFO: SweepDetector v2: 2 raw → 2 confirmed (vol≥2.5× body≥30%)
17:46:15 core.sweep_detector INFO: OrderBlocks: 2 detected, 0 unmitigated
17:46:15 core.sweep_detector INFO: FVGs: 6 detected, 1 unfilled
17:46:17 core.sweep_detector INFO: SweepDetector v2: 0 raw → 0 confirmed (vol≥2.5× body≥30%)
17:46:17 core.sweep_detector INFO: OrderBlocks: 7 detected, 0 unmitigated
17:46:17 core.sweep_detector INFO: FVGs: 4 detected, 0 unfilled
17:46:18 core.sweep_detector INFO: SweepDetector v2: 0 raw → 0 confirmed (vol≥2.5× body≥30%)
17:46:18 core.sweep_detector INFO: OrderBlocks: 4 detected, 2 unmitigated
17:46:18 core.sweep_detector INFO: FVGs: 7 detected, 2 unfilled
17:46:20 core.sweep_detector INFO: SweepDetector v2: 1 raw → 1 confirmed (vol≥2.5× body≥30%)
17:46:20 core.sweep_detector INFO: OrderBlocks: 3 detected, 0 unmitigated
17:46:20 core.sweep_detector INFO: FVGs: 6 detected, 0 unfilled
17:46:22 core.sweep_detector INFO: SweepDetector v2: 0 raw → 0 confirmed (vol≥2.5× body≥30%)
17:46:22 core.sweep_detector INFO: OrderBlocks: 7 detected, 0 unmitigated
17:46:22 core.sweep_detector INFO: FVGs: 2 detected, 0 unfilled
17:46:24 core.sweep_detector INFO: SweepDetector v2: 7 raw → 5 confirmed (vol≥2.5× body≥30%)
17:46:24 core.sweep_detector INFO: OrderBlocks: 5 detected, 3 unmitigated
17:46:24 core.sweep_detector INFO: FVGs: 9 detected, 3 unfilled
17:46:25 core.sweep_detector INFO: SweepDetector v2: 5 raw → 2 confirmed (vol≥2.5× body≥30%)
17:46:25 core.sweep_detector INFO: OrderBlocks: 3 detected, 1 unmitigated
17:46:25 core.sweep_detector INFO: FVGs: 8 detected, 1 unfilled
17:46:27 core.sweep_detector INFO: SweepDetector v2: 2 raw → 1 confirmed (vol≥2.5× body≥30%)
17:46:27 core.sweep_detector INFO: OrderBlocks: 3 detected, 0 unmitigated
17:46:27 core.sweep_detector INFO: FVGs: 7 detected, 4 unfilled
17:46:29 core.sweep_detector INFO: SweepDetector v2: 0 raw → 0 confirmed (vol≥2.5× body≥30%)
17:46:29 core.sweep_detector INFO: OrderBlocks: 6 detected, 3 unmitigated
17:46:29 core.sweep_detector INFO: FVGs: 6 detected, 3 unfilled
17:46:31 core.sweep_detector INFO: SweepDetector v2: 1 raw → 1 confirmed (vol≥2.5× body≥30%)
17:46:31 core.sweep_detector INFO: OrderBlocks: 6 detected, 4 unmitigated
17:46:31 core.sweep_detector INFO: FVGs: 6 detected, 3 unfilled
17:46:32 core.sweep_detector INFO: SweepDetector v2: 0 raw → 0 confirmed (vol≥2.5× body≥30%)
17:46:32 core.sweep_detector INFO: OrderBlocks: 8 detected, 3 unmitigated
17:46:32 core.sweep_detector INFO: FVGs: 8 detected, 3 unfilled
17:46:34 core.sweep_detector INFO: SweepDetector v2: 0 raw → 0 confirmed (vol≥2.5× body≥30%)
17:46:34 core.sweep_detector INFO: OrderBlocks: 6 detected, 1 unmitigated
17:46:34 core.sweep_detector INFO: FVGs: 9 detected, 4 unfilled
17:46:36 core.sweep_detector INFO: SweepDetector v2: 3 raw → 2 confirmed (vol≥2.5× body≥30%)
17:46:36 core.sweep_detector INFO: OrderBlocks: 7 detected, 5 unmitigated
17:46:36 core.sweep_detector INFO: FVGs: 14 detected, 8 unfilled
17:46:37 core.sweep_detector INFO: SweepDetector v2: 0 raw → 0 confirmed (vol≥2.5× body≥30%)
17:46:37 core.sweep_detector INFO: OrderBlocks: 8 detected, 4 unmitigated
17:46:37 core.sweep_detector INFO: FVGs: 9 detected, 5 unfilled
17:46:39 core.sweep_detector INFO: SweepDetector v2: 0 raw → 0 confirmed (vol≥2.5× body≥30%)
17:46:39 core.sweep_detector INFO: OrderBlocks: 9 detected, 2 unmitigated
17:46:39 core.sweep_detector INFO: FVGs: 14 detected, 3 unfilled
17:46:41 core.sweep_detector INFO: SweepDetector v2: 2 raw → 1 confirmed (vol≥2.5× body≥30%)
17:46:41 core.sweep_detector INFO: OrderBlocks: 4 detected, 1 unmitigated
17:46:41 core.sweep_detector INFO: FVGs: 8 detected, 2 unfilled
17:46:42 core.sweep_detector INFO: SweepDetector v2: 0 raw → 0 confirmed (vol≥2.5× body≥30%)
17:46:42 core.sweep_detector INFO: OrderBlocks: 8 detected, 2 unmitigated
17:46:42 core.sweep_detector INFO: FVGs: 6 detected, 3 unfilled
17:46:44 core.sweep_detector INFO: SweepDetector v2: 0 raw → 0 confirmed (vol≥2.5× body≥30%)
17:46:44 core.sweep_detector INFO: OrderBlocks: 7 detected, 1 unmitigated
17:46:44 core.sweep_detector INFO: FVGs: 11 detected, 2 unfilled
17:46:46 core.sweep_detector INFO: SweepDetector v2: 3 raw → 2 confirmed (vol≥2.5× body≥30%)
17:46:46 core.sweep_detector INFO: OrderBlocks: 2 detected, 1 unmitigated
17:46:46 core.sweep_detector INFO: FVGs: 8 detected, 2 unfilled
17:46:48 core.sweep_detector INFO: SweepDetector v2: 0 raw → 0 confirmed (vol≥2.5× body≥30%)
17:46:48 core.sweep_detector INFO: OrderBlocks: 7 detected, 0 unmitigated
17:46:48 core.sweep_detector INFO: FVGs: 2 detected, 0 unfilled
17:46:50 core.sweep_detector INFO: SweepDetector v2: 1 raw → 0 confirmed (vol≥2.5× body≥30%)
17:46:50 core.sweep_detector INFO: OrderBlocks: 4 detected, 1 unmitigated
17:46:50 core.sweep_detector INFO: FVGs: 10 detected, 3 unfilled
17:46:52 core.sweep_detector INFO: SweepDetector v2: 2 raw → 2 confirmed (vol≥2.5× body≥30%)
17:46:52 core.sweep_detector INFO: OrderBlocks: 3 detected, 2 unmitigated
17:46:52 core.sweep_detector INFO: FVGs: 4 detected, 1 unfilled
17:46:54 core.sweep_detector INFO: SweepDetector v2: 0 raw → 0 confirmed (vol≥2.5× body≥30%)
17:46:54 core.sweep_detector INFO: OrderBlocks: 2 detected, 0 unmitigated
17:46:54 core.sweep_detector INFO: FVGs: 4 detected, 1 unfilled
17:46:55 core.sweep_detector INFO: SweepDetector v2: 1 raw → 1 confirmed (vol≥2.5× body≥30%)
17:46:55 core.sweep_detector INFO: OrderBlocks: 5 detected, 3 unmitigated
17:46:55 core.sweep_detector INFO: FVGs: 12 detected, 4 unfilled
17:46:57 core.sweep_detector INFO: SweepDetector v2: 4 raw → 3 confirmed (vol≥2.5× body≥30%)
17:46:57 core.sweep_detector INFO: OrderBlocks: 3 detected, 0 unmitigated
17:46:57 core.sweep_detector INFO: FVGs: 6 detected, 1 unfilled
17:46:59 core.sweep_detector INFO: SweepDetector v2: 2 raw → 1 confirmed (vol≥2.5× body≥30%)
17:46:59 core.sweep_detector INFO: OrderBlocks: 5 detected, 3 unmitigated
17:46:59 core.sweep_detector INFO: FVGs: 7 detected, 2 unfilled
17:47:00 core.sweep_detector INFO: SweepDetector v2: 2 raw → 1 confirmed (vol≥2.5× body≥30%)
17:47:00 core.sweep_detector INFO: OrderBlocks: 4 detected, 0 unmitigated
17:47:00 core.sweep_detector INFO: FVGs: 7 detected, 0 unfilled
17:47:02 core.sweep_detector INFO: SweepDetector v2: 2 raw → 0 confirmed (vol≥2.5× body≥30%)
17:47:02 core.sweep_detector INFO: OrderBlocks: 8 detected, 2 unmitigated
17:47:02 core.sweep_detector INFO: FVGs: 14 detected, 0 unfilled
17:47:04 core.sweep_detector INFO: SweepDetector v2: 3 raw → 1 confirmed (vol≥2.5× body≥30%)
17:47:04 core.sweep_detector INFO: OrderBlocks: 7 detected, 2 unmitigated
17:47:04 core.sweep_detector INFO: FVGs: 6 detected, 1 unfilled
17:47:05 core.sweep_detector INFO: SweepDetector v2: 2 raw → 1 confirmed (vol≥2.5× body≥30%)
17:47:05 core.sweep_detector INFO: OrderBlocks: 4 detected, 1 unmitigated
17:47:05 core.sweep_detector INFO: FVGs: 9 detected, 3 unfilled
17:47:07 core.sweep_detector INFO: SweepDetector v2: 3 raw → 1 confirmed (vol≥2.5× body≥30%)
17:47:07 core.sweep_detector INFO: OrderBlocks: 4 detected, 2 unmitigated
17:47:07 core.sweep_detector INFO: FVGs: 7 detected, 1 unfilled
17:47:09 core.sweep_detector INFO: SweepDetector v2: 0 raw → 0 confirmed (vol≥2.5× body≥30%)
17:47:09 core.sweep_detector INFO: OrderBlocks: 4 detected, 0 unmitigated
17:47:09 core.sweep_detector INFO: FVGs: 6 detected, 0 unfilled
17:47:11 core.sweep_detector INFO: SweepDetector v2: 0 raw → 0 confirmed (vol≥2.5× body≥30%)
17:47:11 core.sweep_detector INFO: OrderBlocks: 3 detected, 0 unmitigated
17:47:11 core.sweep_detector INFO: FVGs: 0 detected, 0 unfilled
17:47:12 core.sweep_detector INFO: SweepDetector v2: 0 raw → 0 confirmed (vol≥2.5× body≥30%)
17:47:12 core.sweep_detector INFO: OrderBlocks: 0 detected, 0 unmitigated
17:47:12 core.sweep_detector INFO: FVGs: 0 detected, 0 unfilled
17:47:14 core.sweep_detector INFO: SweepDetector v2: 0 raw → 0 confirmed (vol≥2.5× body≥30%)
17:47:14 core.sweep_detector INFO: OrderBlocks: 3 detected, 1 unmitigated
17:47:14 core.sweep_detector INFO: FVGs: 0 detected, 0 unfilled
17:47:16 core.sweep_detector INFO: SweepDetector v2: 0 raw → 0 confirmed (vol≥2.5× body≥30%)
17:47:16 core.sweep_detector INFO: OrderBlocks: 0 detected, 0 unmitigated
17:47:16 core.sweep_detector INFO: FVGs: 0 detected, 0 unfilled
17:47:18 core.sweep_detector INFO: SweepDetector v2: 0 raw → 0 confirmed (vol≥2.5× body≥30%)
17:47:18 core.sweep_detector INFO: OrderBlocks: 0 detected, 0 unmitigated
17:47:18 core.sweep_detector INFO: FVGs: 0 detected, 0 unfilled
17:47:20 core.sweep_detector INFO: SweepDetector v2: 0 raw → 0 confirmed (vol≥2.5× body≥30%)
17:47:20 core.sweep_detector INFO: OrderBlocks: 1 detected, 0 unmitigated
17:47:20 core.sweep_detector INFO: FVGs: 0 detected, 0 unfilled
17:47:22 core.sweep_detector INFO: SweepDetector v2: 0 raw → 0 confirmed (vol≥2.5× body≥30%)
17:47:22 core.sweep_detector INFO: OrderBlocks: 5 detected, 1 unmitigated
17:47:22 core.sweep_detector INFO: FVGs: 12 detected, 3 unfilled
17:47:24 core.sweep_detector INFO: SweepDetector v2: 1 raw → 1 confirmed (vol≥2.5× body≥30%)
17:47:24 core.sweep_detector INFO: OrderBlocks: 3 detected, 1 unmitigated
17:47:24 core.sweep_detector INFO: FVGs: 8 detected, 2 unfilled
17:47:25 core.sweep_detector INFO: SweepDetector v2: 0 raw → 0 confirmed (vol≥2.5× body≥30%)
17:47:25 core.sweep_detector INFO: OrderBlocks: 6 detected, 2 unmitigated
17:47:25 core.sweep_detector INFO: FVGs: 10 detected, 5 unfilled
17:47:27 core.sweep_detector INFO: SweepDetector v2: 0 raw → 0 confirmed (vol≥2.5× body≥30%)
17:47:27 core.sweep_detector INFO: OrderBlocks: 7 detected, 3 unmitigated
17:47:27 core.sweep_detector INFO: FVGs: 10 detected, 3 unfilled
17:47:29 core.sweep_detector INFO: SweepDetector v2: 1 raw → 0 confirmed (vol≥2.5× body≥30%)
17:47:29 core.sweep_detector INFO: OrderBlocks: 3 detected, 3 unmitigated
17:47:29 core.sweep_detector INFO: FVGs: 8 detected, 2 unfilled
17:47:31 core.sweep_detector INFO: SweepDetector v2: 2 raw → 2 confirmed (vol≥2.5× body≥30%)
17:47:31 core.sweep_detector INFO: OrderBlocks: 3 detected, 0 unmitigated
17:47:31 core.sweep_detector INFO: FVGs: 11 detected, 2 unfilled
17:47:32 core.sweep_detector INFO: SweepDetector v2: 2 raw → 2 confirmed (vol≥2.5× body≥30%)
17:47:32 core.sweep_detector INFO: OrderBlocks: 7 detected, 0 unmitigated
17:47:32 core.sweep_detector INFO: FVGs: 7 detected, 0 unfilled
17:47:34 core.sweep_detector INFO: SweepDetector v2: 6 raw → 6 confirmed (vol≥2.5× body≥30%)
17:47:34 core.sweep_detector INFO: OrderBlocks: 2 detected, 1 unmitigated
17:47:34 core.sweep_detector INFO: FVGs: 9 detected, 1 unfilled
17:47:36 core.sweep_detector INFO: SweepDetector v2: 5 raw → 4 confirmed (vol≥2.5× body≥30%)
17:47:36 core.sweep_detector INFO: OrderBlocks: 7 detected, 2 unmitigated
17:47:36 core.sweep_detector INFO: FVGs: 9 detected, 2 unfilled
17:47:38 core.sweep_detector INFO: SweepDetector v2: 1 raw → 1 confirmed (vol≥2.5× body≥30%)
17:47:38 core.sweep_detector INFO: OrderBlocks: 6 detected, 2 unmitigated
17:47:38 core.sweep_detector INFO: FVGs: 9 detected, 3 unfilled
17:47:39 core.sweep_detector INFO: SweepDetector v2: 1 raw → 1 confirmed (vol≥2.5× body≥30%)
17:47:39 core.sweep_detector INFO: OrderBlocks: 2 detected, 1 unmitigated
17:47:39 core.sweep_detector INFO: FVGs: 6 detected, 1 unfilled
17:47:41 core.sweep_detector INFO: SweepDetector v2: 0 raw → 0 confirmed (vol≥2.5× body≥30%)
17:47:41 core.sweep_detector INFO: OrderBlocks: 8 detected, 3 unmitigated
17:47:41 core.sweep_detector INFO: FVGs: 3 detected, 0 unfilled
17:47:43 core.sweep_detector INFO: SweepDetector v2: 2 raw → 1 confirmed (vol≥2.5× body≥30%)
17:47:43 core.sweep_detector INFO: OrderBlocks: 9 detected, 3 unmitigated
17:47:43 core.sweep_detector INFO: FVGs: 12 detected, 5 unfilled
17:47:45 core.sweep_detector INFO: SweepDetector v2: 3 raw → 3 confirmed (vol≥2.5× body≥30%)
17:47:45 core.sweep_detector INFO: OrderBlocks: 5 detected, 2 unmitigated
17:47:45 core.sweep_detector INFO: FVGs: 18 detected, 4 unfilled
17:47:47 core.sweep_detector INFO: SweepDetector v2: 2 raw → 0 confirmed (vol≥2.5× body≥30%)
17:47:47 core.sweep_detector INFO: OrderBlocks: 8 detected, 2 unmitigated
17:47:47 core.sweep_detector INFO: FVGs: 11 detected, 3 unfilled
17:47:49 core.sweep_detector INFO: SweepDetector v2: 3 raw → 2 confirmed (vol≥2.5× body≥30%)
17:47:49 core.sweep_detector INFO: OrderBlocks: 6 detected, 3 unmitigated
17:47:49 core.sweep_detector INFO: FVGs: 15 detected, 4 unfilled
17:47:51 core.sweep_detector INFO: SweepDetector v2: 2 raw → 0 confirmed (vol≥2.5× body≥30%)
17:47:51 core.sweep_detector INFO: OrderBlocks: 10 detected, 4 unmitigated
17:47:51 core.sweep_detector INFO: FVGs: 15 detected, 4 unfilled
17:47:54 core.sweep_detector INFO: SweepDetector v2: 2 raw → 1 confirmed (vol≥2.5× body≥30%)
17:47:54 core.sweep_detector INFO: OrderBlocks: 4 detected, 3 unmitigated
17:47:54 core.sweep_detector INFO: FVGs: 13 detected, 10 unfilled
17:47:56 core.sweep_detector INFO: SweepDetector v2: 2 raw → 2 confirmed (vol≥2.5× body≥30%)
17:47:56 core.sweep_detector INFO: OrderBlocks: 9 detected, 3 unmitigated
17:47:56 core.sweep_detector INFO: FVGs: 8 detected, 4 unfilled
17:47:58 core.sweep_detector INFO: SweepDetector v2: 1 raw → 1 confirmed (vol≥2.5× body≥30%)
17:47:58 core.sweep_detector INFO: OrderBlocks: 3 detected, 1 unmitigated
17:47:58 core.sweep_detector INFO: FVGs: 5 detected, 2 unfilled
17:48:00 core.sweep_detector INFO: SweepDetector v2: 2 raw → 1 confirmed (vol≥2.5× body≥30%)
17:48:00 core.sweep_detector INFO: OrderBlocks: 8 detected, 1 unmitigated
17:48:00 core.sweep_detector INFO: FVGs: 5 detected, 1 unfilled
17:48:02 core.sweep_detector INFO: SweepDetector v2: 0 raw → 0 confirmed (vol≥2.5× body≥30%)
17:48:02 core.sweep_detector INFO: OrderBlocks: 3 detected, 1 unmitigated
17:48:02 core.sweep_detector INFO: FVGs: 12 detected, 2 unfilled
17:48:03 core.sweep_detector INFO: SweepDetector v2: 0 raw → 0 confirmed (vol≥2.5× body≥30%)
17:48:03 core.sweep_detector INFO: OrderBlocks: 4 detected, 0 unmitigated
17:48:03 core.sweep_detector INFO: FVGs: 8 detected, 1 unfilled
17:48:05 core.sweep_detector INFO: SweepDetector v2: 1 raw → 1 confirmed (vol≥2.5× body≥30%)
17:48:05 core.sweep_detector INFO: OrderBlocks: 4 detected, 2 unmitigated
17:48:05 core.sweep_detector INFO: FVGs: 7 detected, 3 unfilled
17:48:06 core.sweep_detector INFO: SweepDetector v2: 0 raw → 0 confirmed (vol≥2.5× body≥30%)
17:48:06 core.sweep_detector INFO: OrderBlocks: 7 detected, 3 unmitigated
17:48:06 core.sweep_detector INFO: FVGs: 11 detected, 6 unfilled
17:48:08 core.sweep_detector INFO: SweepDetector v2: 0 raw → 0 confirmed (vol≥2.5× body≥30%)
17:48:08 core.sweep_detector INFO: OrderBlocks: 2 detected, 1 unmitigated
17:48:08 core.sweep_detector INFO: FVGs: 13 detected, 4 unfilled
17:48:10 core.sweep_detector INFO: SweepDetector v2: 2 raw → 1 confirmed (vol≥2.5× body≥30%)
17:48:10 core.sweep_detector INFO: OrderBlocks: 10 detected, 2 unmitigated
17:48:10 core.sweep_detector INFO: FVGs: 9 detected, 2 unfilled
17:48:12 core.sweep_detector INFO: SweepDetector v2: 1 raw → 0 confirmed (vol≥2.5× body≥30%)
17:48:12 core.sweep_detector INFO: OrderBlocks: 8 detected, 2 unmitigated
17:48:12 core.sweep_detector INFO: FVGs: 7 detected, 0 unfilled
17:48:14 core.sweep_detector INFO: SweepDetector v2: 2 raw → 1 confirmed (vol≥2.5× body≥30%)
17:48:14 core.sweep_detector INFO: OrderBlocks: 2 detected, 1 unmitigated
17:48:14 core.sweep_detector INFO: FVGs: 6 detected, 1 unfilled
17:48:16 core.sweep_detector INFO: SweepDetector v2: 1 raw → 1 confirmed (vol≥2.5× body≥30%)
17:48:16 core.sweep_detector INFO: OrderBlocks: 6 detected, 0 unmitigated
17:48:16 core.sweep_detector INFO: FVGs: 5 detected, 1 unfilled
17:48:17 core.sweep_detector INFO: SweepDetector v2: 1 raw → 1 confirmed (vol≥2.5× body≥30%)
17:48:17 core.sweep_detector INFO: OrderBlocks: 4 detected, 2 unmitigated
17:48:17 core.sweep_detector INFO: FVGs: 8 detected, 4 unfilled
17:48:19 core.sweep_detector INFO: SweepDetector v2: 2 raw → 1 confirmed (vol≥2.5× body≥30%)
17:48:19 core.sweep_detector INFO: OrderBlocks: 4 detected, 0 unmitigated
17:48:19 core.sweep_detector INFO: FVGs: 5 detected, 1 unfilled
17:48:21 core.sweep_detector INFO: SweepDetector v2: 0 raw → 0 confirmed (vol≥2.5× body≥30%)
17:48:21 core.sweep_detector INFO: OrderBlocks: 4 detected, 0 unmitigated
17:48:21 core.sweep_detector INFO: FVGs: 3 detected, 0 unfilled
17:48:22 core.sweep_detector INFO: SweepDetector v2: 0 raw → 0 confirmed (vol≥2.5× body≥30%)
17:48:22 core.sweep_detector INFO: OrderBlocks: 7 detected, 2 unmitigated
17:48:22 core.sweep_detector INFO: FVGs: 4 detected, 2 unfilled
17:48:24 core.sweep_detector INFO: SweepDetector v2: 1 raw → 1 confirmed (vol≥2.5× body≥30%)
17:48:24 core.sweep_detector INFO: OrderBlocks: 2 detected, 2 unmitigated
17:48:24 core.sweep_detector INFO: FVGs: 5 detected, 1 unfilled
17:48:25 core.sweep_detector INFO: SweepDetector v2: 0 raw → 0 confirmed (vol≥2.5× body≥30%)
17:48:25 core.sweep_detector INFO: OrderBlocks: 8 detected, 1 unmitigated
17:48:25 core.sweep_detector INFO: FVGs: 3 detected, 1 unfilled
17:48:27 core.sweep_detector INFO: SweepDetector v2: 1 raw → 1 confirmed (vol≥2.5× body≥30%)
17:48:27 core.sweep_detector INFO: OrderBlocks: 8 detected, 2 unmitigated
17:48:27 core.sweep_detector INFO: FVGs: 4 detected, 3 unfilled
17:48:29 core.sweep_detector INFO: SweepDetector v2: 2 raw → 1 confirmed (vol≥2.5× body≥30%)
17:48:29 core.sweep_detector INFO: OrderBlocks: 2 detected, 0 unmitigated
17:48:29 core.sweep_detector INFO: FVGs: 3 detected, 2 unfilled
17:48:31 core.sweep_detector INFO: SweepDetector v2: 0 raw → 0 confirmed (vol≥2.5× body≥30%)
17:48:31 core.sweep_detector INFO: OrderBlocks: 6 detected, 1 unmitigated
17:48:31 core.sweep_detector INFO: FVGs: 3 detected, 1 unfilled
17:48:32 core.sweep_detector INFO: SweepDetector v2: 0 raw → 0 confirmed (vol≥2.5× body≥30%)
17:48:32 core.sweep_detector INFO: OrderBlocks: 3 detected, 1 unmitigated
17:48:32 core.sweep_detector INFO: FVGs: 12 detected, 4 unfilled
17:48:34 core.sweep_detector INFO: SweepDetector v2: 1 raw → 1 confirmed (vol≥2.5× body≥30%)
17:48:34 core.sweep_detector INFO: OrderBlocks: 8 detected, 2 unmitigated
17:48:34 core.sweep_detector INFO: FVGs: 12 detected, 5 unfilled
17:48:36 core.sweep_detector INFO: SweepDetector v2: 2 raw → 0 confirmed (vol≥2.5× body≥30%)
17:48:36 core.sweep_detector INFO: OrderBlocks: 4 detected, 2 unmitigated
17:48:36 core.sweep_detector INFO: FVGs: 8 detected, 3 unfilled
17:48:38 core.sweep_detector INFO: SweepDetector v2: 3 raw → 2 confirmed (vol≥2.5× body≥30%)
17:48:38 core.sweep_detector INFO: OrderBlocks: 10 detected, 2 unmitigated
17:48:38 core.sweep_detector INFO: FVGs: 13 detected, 2 unfilled
17:48:39 core.sweep_detector INFO: SweepDetector v2: 2 raw → 1 confirmed (vol≥2.5× body≥30%)
17:48:39 core.sweep_detector INFO: OrderBlocks: 7 detected, 0 unmitigated
17:48:39 core.sweep_detector INFO: FVGs: 10 detected, 2 unfilled
17:48:41 core.sweep_detector INFO: SweepDetector v2: 1 raw → 1 confirmed (vol≥2.5× body≥30%)
17:48:41 core.sweep_detector INFO: OrderBlocks: 3 detected, 0 unmitigated
17:48:41 core.sweep_detector INFO: FVGs: 10 detected, 2 unfilled
17:48:43 core.sweep_detector INFO: SweepDetector v2: 2 raw → 2 confirmed (vol≥2.5× body≥30%)
17:48:43 core.sweep_detector INFO: OrderBlocks: 14 detected, 2 unmitigated
17:48:43 core.sweep_detector INFO: FVGs: 15 detected, 2 unfilled
17:48:44 core.sweep_detector INFO: SweepDetector v2: 3 raw → 3 confirmed (vol≥2.5× body≥30%)
17:48:44 core.sweep_detector INFO: OrderBlocks: 4 detected, 2 unmitigated
17:48:44 core.sweep_detector INFO: FVGs: 6 detected, 2 unfilled
17:48:46 core.sweep_detector INFO: SweepDetector v2: 2 raw → 1 confirmed (vol≥2.5× body≥30%)
17:48:46 core.sweep_detector INFO: OrderBlocks: 3 detected, 1 unmitigated
17:48:46 core.sweep_detector INFO: FVGs: 5 detected, 2 unfilled
17:48:48 core.sweep_detector INFO: SweepDetector v2: 6 raw → 3 confirmed (vol≥2.5× body≥30%)
17:48:48 core.sweep_detector INFO: OrderBlocks: 6 detected, 4 unmitigated
17:48:48 core.sweep_detector INFO: FVGs: 10 detected, 4 unfilled
17:48:49 core.sweep_detector INFO: SweepDetector v2: 5 raw → 4 confirmed (vol≥2.5× body≥30%)
17:48:49 core.sweep_detector INFO: OrderBlocks: 5 detected, 1 unmitigated
17:48:49 core.sweep_detector INFO: FVGs: 9 detected, 5 unfilled
17:48:51 core.sweep_detector INFO: SweepDetector v2: 1 raw → 1 confirmed (vol≥2.5× body≥30%)
17:48:51 core.sweep_detector INFO: OrderBlocks: 6 detected, 1 unmitigated
17:48:51 core.sweep_detector INFO: FVGs: 6 detected, 2 unfilled
17:48:52 core.sweep_detector INFO: SweepDetector v2: 1 raw → 1 confirmed (vol≥2.5× body≥30%)
17:48:52 core.sweep_detector INFO: OrderBlocks: 5 detected, 2 unmitigated
17:48:52 core.sweep_detector INFO: FVGs: 10 detected, 5 unfilled
17:48:54 core.sweep_detector INFO: SweepDetector v2: 2 raw → 0 confirmed (vol≥2.5× body≥30%)
17:48:54 core.sweep_detector INFO: OrderBlocks: 4 detected, 0 unmitigated
17:48:54 core.sweep_detector INFO: FVGs: 13 detected, 1 unfilled
17:48:56 core.sweep_detector INFO: SweepDetector v2: 1 raw → 1 confirmed (vol≥2.5× body≥30%)
17:48:56 core.sweep_detector INFO: OrderBlocks: 6 detected, 2 unmitigated
17:48:56 core.sweep_detector INFO: FVGs: 4 detected, 0 unfilled
17:48:57 core.sweep_detector INFO: SweepDetector v2: 3 raw → 2 confirmed (vol≥2.5× body≥30%)
17:48:57 core.sweep_detector INFO: OrderBlocks: 4 detected, 0 unmitigated
17:48:57 core.sweep_detector INFO: FVGs: 7 detected, 2 unfilled
17:48:59 core.sweep_detector INFO: SweepDetector v2: 3 raw → 3 confirmed (vol≥2.5× body≥30%)
17:48:59 core.sweep_detector INFO: OrderBlocks: 2 detected, 2 unmitigated
17:48:59 core.sweep_detector INFO: FVGs: 3 detected, 1 unfilled
17:49:01 core.sweep_detector INFO: SweepDetector v2: 0 raw → 0 confirmed (vol≥2.5× body≥30%)
17:49:01 core.sweep_detector INFO: OrderBlocks: 9 detected, 3 unmitigated
17:49:01 core.sweep_detector INFO: FVGs: 1 detected, 1 unfilled
17:49:02 core.sweep_detector INFO: SweepDetector v2: 0 raw → 0 confirmed (vol≥2.5× body≥30%)
17:49:02 core.sweep_detector INFO: OrderBlocks: 7 detected, 3 unmitigated
17:49:02 core.sweep_detector INFO: FVGs: 10 detected, 5 unfilled
17:49:04 core.sweep_detector INFO: SweepDetector v2: 4 raw → 3 confirmed (vol≥2.5× body≥30%)
17:49:04 core.sweep_detector INFO: OrderBlocks: 3 detected, 1 unmitigated
17:49:04 core.sweep_detector INFO: FVGs: 4 detected, 2 unfilled
17:49:05 core.sweep_detector INFO: SweepDetector v2: 1 raw → 1 confirmed (vol≥2.5× body≥30%)
17:49:05 core.sweep_detector INFO: OrderBlocks: 4 detected, 1 unmitigated
17:49:05 core.sweep_detector INFO: FVGs: 4 detected, 1 unfilled
17:49:07 core.sweep_detector INFO: SweepDetector v2: 1 raw → 1 confirmed (vol≥2.5× body≥30%)
17:49:07 core.sweep_detector INFO: OrderBlocks: 4 detected, 1 unmitigated
17:49:07 core.sweep_detector INFO: FVGs: 5 detected, 1 unfilled
17:49:09 core.sweep_detector INFO: SweepDetector v2: 2 raw → 2 confirmed (vol≥2.5× body≥30%)
17:49:09 core.sweep_detector INFO: OrderBlocks: 2 detected, 0 unmitigated
17:49:09 core.sweep_detector INFO: FVGs: 3 detected, 1 unfilled
17:49:10 core.sweep_detector INFO: SweepDetector v2: 1 raw → 1 confirmed (vol≥2.5× body≥30%)
17:49:10 core.sweep_detector INFO: OrderBlocks: 0 detected, 0 unmitigated
17:49:10 core.sweep_detector INFO: FVGs: 0 detected, 0 unfilled
17:49:12 core.sweep_detector INFO: SweepDetector v2: 2 raw → 2 confirmed (vol≥2.5× body≥30%)
17:49:12 core.sweep_detector INFO: OrderBlocks: 8 detected, 3 unmitigated
17:49:12 core.sweep_detector INFO: FVGs: 9 detected, 3 unfilled
17:49:14 core.sweep_detector INFO: SweepDetector v2: 4 raw → 2 confirmed (vol≥2.5× body≥30%)
17:49:14 core.sweep_detector INFO: OrderBlocks: 1 detected, 0 unmitigated
17:49:14 core.sweep_detector INFO: FVGs: 7 detected, 2 unfilled
17:49:15 core.sweep_detector INFO: SweepDetector v2: 2 raw → 0 confirmed (vol≥2.5× body≥30%)
17:49:15 core.sweep_detector INFO: OrderBlocks: 6 detected, 0 unmitigated
17:49:15 core.sweep_detector INFO: FVGs: 3 detected, 0 unfilled
17:49:17 core.sweep_detector INFO: SweepDetector v2: 1 raw → 0 confirmed (vol≥2.5× body≥30%)
17:49:17 core.sweep_detector INFO: OrderBlocks: 5 detected, 1 unmitigated
17:49:17 core.sweep_detector INFO: FVGs: 5 detected, 2 unfilled
17:49:18 core.sweep_detector INFO: SweepDetector v2: 4 raw → 4 confirmed (vol≥2.5× body≥30%)
17:49:18 core.sweep_detector INFO: OrderBlocks: 1 detected, 0 unmitigated
17:49:18 core.sweep_detector INFO: FVGs: 6 detected, 1 unfilled
17:49:20 core.sweep_detector INFO: SweepDetector v2: 0 raw → 0 confirmed (vol≥2.5× body≥30%)
17:49:20 core.sweep_detector INFO: OrderBlocks: 4 detected, 0 unmitigated
17:49:20 core.sweep_detector INFO: FVGs: 5 detected, 0 unfilled
17:49:22 core.sweep_detector INFO: SweepDetector v2: 2 raw → 2 confirmed (vol≥2.5× body≥30%)
17:49:22 core.sweep_detector INFO: OrderBlocks: 7 detected, 3 unmitigated
17:49:22 core.sweep_detector INFO: FVGs: 9 detected, 2 unfilled
17:49:23 core.sweep_detector INFO: SweepDetector v2: 1 raw → 1 confirmed (vol≥2.5× body≥30%)
17:49:23 core.sweep_detector INFO: OrderBlocks: 4 detected, 1 unmitigated
17:49:23 core.sweep_detector INFO: FVGs: 6 detected, 1 unfilled
17:49:25 core.sweep_detector INFO: SweepDetector v2: 1 raw → 1 confirmed (vol≥2.5× body≥30%)
17:49:25 core.sweep_detector INFO: OrderBlocks: 7 detected, 2 unmitigated
17:49:25 core.sweep_detector INFO: FVGs: 9 detected, 3 unfilled
17:49:27 core.sweep_detector INFO: SweepDetector v2: 0 raw → 0 confirmed (vol≥2.5× body≥30%)
17:49:27 core.sweep_detector INFO: OrderBlocks: 1 detected, 0 unmitigated
17:49:27 core.sweep_detector INFO: FVGs: 0 detected, 0 unfilled
17:49:29 core.sweep_detector INFO: SweepDetector v2: 0 raw → 0 confirmed (vol≥2.5× body≥30%)
17:49:29 core.sweep_detector INFO: OrderBlocks: 0 detected, 0 unmitigated
17:49:29 core.sweep_detector INFO: FVGs: 0 detected, 0 unfilled
17:49:31 core.sweep_detector INFO: SweepDetector v2: 0 raw → 0 confirmed (vol≥2.5× body≥30%)
17:49:31 core.sweep_detector INFO: OrderBlocks: 0 detected, 0 unmitigated
17:49:31 core.sweep_detector INFO: FVGs: 0 detected, 0 unfilled
17:49:33 core.sweep_detector INFO: SweepDetector v2: 2 raw → 2 confirmed (vol≥2.5× body≥30%)
17:49:33 core.sweep_detector INFO: OrderBlocks: 5 detected, 2 unmitigated
17:49:33 core.sweep_detector INFO: FVGs: 6 detected, 1 unfilled
17:49:34 core.sweep_detector INFO: SweepDetector v2: 3 raw → 3 confirmed (vol≥2.5× body≥30%)
17:49:34 core.sweep_detector INFO: OrderBlocks: 4 detected, 1 unmitigated
17:49:34 core.sweep_detector INFO: FVGs: 10 detected, 0 unfilled
17:49:36 core.sweep_detector INFO: SweepDetector v2: 1 raw → 1 confirmed (vol≥2.5× body≥30%)
17:49:36 core.sweep_detector INFO: OrderBlocks: 8 detected, 2 unmitigated
17:49:36 core.sweep_detector INFO: FVGs: 7 detected, 2 unfilled
17:49:38 core.sweep_detector INFO: SweepDetector v2: 2 raw → 1 confirmed (vol≥2.5× body≥30%)
17:49:38 core.sweep_detector INFO: OrderBlocks: 6 detected, 1 unmitigated
17:49:38 core.sweep_detector INFO: FVGs: 11 detected, 1 unfilled
17:49:39 core.sweep_detector INFO: SweepDetector v2: 1 raw → 0 confirmed (vol≥2.5× body≥30%)
17:49:39 core.sweep_detector INFO: OrderBlocks: 0 detected, 0 unmitigated
17:49:39 core.sweep_detector INFO: FVGs: 5 detected, 3 unfilled
17:49:41 core.sweep_detector INFO: SweepDetector v2: 1 raw → 0 confirmed (vol≥2.5× body≥30%)
17:49:41 core.sweep_detector INFO: OrderBlocks: 4 detected, 0 unmitigated
17:49:41 core.sweep_detector INFO: FVGs: 4 detected, 1 unfilled
17:49:43 core.sweep_detector INFO: SweepDetector v2: 5 raw → 3 confirmed (vol≥2.5× body≥30%)
17:49:43 core.sweep_detector INFO: OrderBlocks: 8 detected, 2 unmitigated
17:49:43 core.sweep_detector INFO: FVGs: 9 detected, 2 unfilled
17:49:44 core.sweep_detector INFO: SweepDetector v2: 2 raw → 2 confirmed (vol≥2.5× body≥30%)
17:49:44 core.sweep_detector INFO: OrderBlocks: 6 detected, 4 unmitigated
17:49:44 core.sweep_detector INFO: FVGs: 15 detected, 4 unfilled
17:49:46 core.sweep_detector INFO: SweepDetector v2: 1 raw → 1 confirmed (vol≥2.5× body≥30%)
17:49:46 core.sweep_detector INFO: OrderBlocks: 7 detected, 3 unmitigated
17:49:46 core.sweep_detector INFO: FVGs: 11 detected, 9 unfilled
17:49:48 core.sweep_detector INFO: SweepDetector v2: 0 raw → 0 confirmed (vol≥2.5× body≥30%)
17:49:48 core.sweep_detector INFO: OrderBlocks: 5 detected, 1 unmitigated
17:49:48 core.sweep_detector INFO: FVGs: 8 detected, 3 unfilled
17:49:49 core.sweep_detector INFO: SweepDetector v2: 2 raw → 2 confirmed (vol≥2.5× body≥30%)
17:49:49 core.sweep_detector INFO: OrderBlocks: 3 detected, 2 unmitigated
17:49:49 core.sweep_detector INFO: FVGs: 4 detected, 1 unfilled
17:49:51 core.sweep_detector INFO: SweepDetector v2: 0 raw → 0 confirmed (vol≥2.5× body≥30%)
17:49:51 core.sweep_detector INFO: OrderBlocks: 0 detected, 0 unmitigated
17:49:51 core.sweep_detector INFO: FVGs: 0 detected, 0 unfilled
17:49:53 core.sweep_detector INFO: SweepDetector v2: 1 raw → 1 confirmed (vol≥2.5× body≥30%)
17:49:53 core.sweep_detector INFO: OrderBlocks: 3 detected, 2 unmitigated
17:49:53 core.sweep_detector INFO: FVGs: 12 detected, 8 unfilled
17:49:54 core.sweep_detector INFO: SweepDetector v2: 1 raw → 1 confirmed (vol≥2.5× body≥30%)
17:49:54 core.sweep_detector INFO: OrderBlocks: 0 detected, 0 unmitigated
17:49:54 core.sweep_detector INFO: FVGs: 0 detected, 0 unfilled
17:49:56 core.sweep_detector INFO: SweepDetector v2: 3 raw → 3 confirmed (vol≥2.5× body≥30%)
17:49:56 core.sweep_detector INFO: OrderBlocks: 5 detected, 0 unmitigated
17:49:56 core.sweep_detector INFO: FVGs: 3 detected, 0 unfilled
17:49:59 core.sweep_detector INFO: SweepDetector v2: 1 raw → 0 confirmed (vol≥2.5× body≥30%)
17:49:59 core.sweep_detector INFO: OrderBlocks: 7 detected, 1 unmitigated
17:49:59 core.sweep_detector INFO: FVGs: 8 detected, 3 unfilled
17:50:00 core.sweep_detector INFO: SweepDetector v2: 3 raw → 1 confirmed (vol≥2.5× body≥30%)
17:50:00 core.sweep_detector INFO: OrderBlocks: 3 detected, 2 unmitigated
17:50:00 core.sweep_detector INFO: FVGs: 7 detected, 1 unfilled
17:50:02 core.sweep_detector INFO: SweepDetector v2: 0 raw → 0 confirmed (vol≥2.5× body≥30%)
17:50:02 core.sweep_detector INFO: OrderBlocks: 9 detected, 1 unmitigated
17:50:02 core.sweep_detector INFO: FVGs: 5 detected, 1 unfilled
17:50:04 core.sweep_detector INFO: SweepDetector v2: 4 raw → 3 confirmed (vol≥2.5× body≥30%)
17:50:04 core.sweep_detector INFO: OrderBlocks: 7 detected, 2 unmitigated
17:50:04 core.sweep_detector INFO: FVGs: 10 detected, 2 unfilled
17:50:05 core.sweep_detector INFO: SweepDetector v2: 2 raw → 1 confirmed (vol≥2.5× body≥30%)
17:50:05 core.sweep_detector INFO: OrderBlocks: 4 detected, 2 unmitigated
17:50:05 core.sweep_detector INFO: FVGs: 14 detected, 6 unfilled
17:50:07 core.sweep_detector INFO: SweepDetector v2: 2 raw → 1 confirmed (vol≥2.5× body≥30%)
17:50:07 core.sweep_detector INFO: OrderBlocks: 5 detected, 2 unmitigated
17:50:07 core.sweep_detector INFO: FVGs: 9 detected, 5 unfilled
17:50:09 core.sweep_detector INFO: SweepDetector v2: 7 raw → 5 confirmed (vol≥2.5× body≥30%)
17:50:09 core.sweep_detector INFO: OrderBlocks: 6 detected, 5 unmitigated
17:50:09 core.sweep_detector INFO: FVGs: 14 detected, 8 unfilled
17:50:11 core.sweep_detector INFO: SweepDetector v2: 2 raw → 1 confirmed (vol≥2.5× body≥30%)
17:50:11 core.sweep_detector INFO: OrderBlocks: 3 detected, 2 unmitigated
17:50:11 core.sweep_detector INFO: FVGs: 6 detected, 2 unfilled
17:50:13 core.sweep_detector INFO: SweepDetector v2: 3 raw → 3 confirmed (vol≥2.5× body≥30%)
17:50:13 core.sweep_detector INFO: OrderBlocks: 3 detected, 2 unmitigated
17:50:13 core.sweep_detector INFO: FVGs: 7 detected, 2 unfilled
17:50:14 core.sweep_detector INFO: SweepDetector v2: 0 raw → 0 confirmed (vol≥2.5× body≥30%)
17:50:14 core.sweep_detector INFO: OrderBlocks: 7 detected, 4 unmitigated
17:50:14 core.sweep_detector INFO: FVGs: 13 detected, 6 unfilled
17:50:16 core.sweep_detector INFO: SweepDetector v2: 2 raw → 1 confirmed (vol≥2.5× body≥30%)
17:50:16 core.sweep_detector INFO: OrderBlocks: 3 detected, 3 unmitigated
17:50:16 core.sweep_detector INFO: FVGs: 7 detected, 4 unfilled
17:50:18 core.sweep_detector INFO: SweepDetector v2: 1 raw → 0 confirmed (vol≥2.5× body≥30%)
17:50:18 core.sweep_detector INFO: OrderBlocks: 8 detected, 3 unmitigated
17:50:18 core.sweep_detector INFO: FVGs: 3 detected, 2 unfilled
17:50:19 core.sweep_detector INFO: SweepDetector v2: 3 raw → 3 confirmed (vol≥2.5× body≥30%)
17:50:19 core.sweep_detector INFO: OrderBlocks: 3 detected, 1 unmitigated
17:50:19 core.sweep_detector INFO: FVGs: 4 detected, 1 unfilled
17:50:21 core.sweep_detector INFO: SweepDetector v2: 2 raw → 1 confirmed (vol≥2.5× body≥30%)
17:50:21 core.sweep_detector INFO: OrderBlocks: 5 detected, 0 unmitigated
17:50:21 core.sweep_detector INFO: FVGs: 6 detected, 0 unfilled
17:50:23 core.sweep_detector INFO: SweepDetector v2: 1 raw → 1 confirmed (vol≥2.5× body≥30%)
17:50:23 core.sweep_detector INFO: OrderBlocks: 7 detected, 2 unmitigated
17:50:23 core.sweep_detector INFO: FVGs: 6 detected, 1 unfilled
17:50:24 core.sweep_detector INFO: SweepDetector v2: 1 raw → 0 confirmed (vol≥2.5× body≥30%)
17:50:24 core.sweep_detector INFO: OrderBlocks: 3 detected, 0 unmitigated
17:50:24 core.sweep_detector INFO: FVGs: 12 detected, 5 unfilled
17:50:26 core.sweep_detector INFO: SweepDetector v2: 1 raw → 1 confirmed (vol≥2.5× body≥30%)
17:50:26 core.sweep_detector INFO: OrderBlocks: 2 detected, 0 unmitigated
17:50:26 core.sweep_detector INFO: FVGs: 3 detected, 1 unfilled
17:50:28 core.sweep_detector INFO: SweepDetector v2: 1 raw → 1 confirmed (vol≥2.5× body≥30%)
17:50:28 core.sweep_detector INFO: OrderBlocks: 2 detected, 0 unmitigated
17:50:28 core.sweep_detector INFO: FVGs: 5 detected, 2 unfilled
17:50:29 core.sweep_detector INFO: SweepDetector v2: 1 raw → 0 confirmed (vol≥2.5× body≥30%)
17:50:29 core.sweep_detector INFO: OrderBlocks: 6 detected, 3 unmitigated
17:50:29 core.sweep_detector INFO: FVGs: 10 detected, 6 unfilled
17:50:31 core.sweep_detector INFO: SweepDetector v2: 1 raw → 1 confirmed (vol≥2.5× body≥30%)
17:50:31 core.sweep_detector INFO: OrderBlocks: 4 detected, 2 unmitigated
17:50:31 core.sweep_detector INFO: FVGs: 9 detected, 4 unfilled
17:50:33 core.sweep_detector INFO: SweepDetector v2: 2 raw → 1 confirmed (vol≥2.5× body≥30%)
17:50:33 core.sweep_detector INFO: OrderBlocks: 7 detected, 2 unmitigated
17:50:33 core.sweep_detector INFO: FVGs: 6 detected, 3 unfilled
17:50:34 core.sweep_detector INFO: SweepDetector v2: 0 raw → 0 confirmed (vol≥2.5× body≥30%)
17:50:34 core.sweep_detector INFO: OrderBlocks: 10 detected, 2 unmitigated
17:50:34 core.sweep_detector INFO: FVGs: 11 detected, 2 unfilled
17:50:36 core.sweep_detector INFO: SweepDetector v2: 1 raw → 1 confirmed (vol≥2.5× body≥30%)
17:50:36 core.sweep_detector INFO: OrderBlocks: 5 detected, 4 unmitigated
17:50:36 core.sweep_detector INFO: FVGs: 5 detected, 2 unfilled
17:50:38 core.sweep_detector INFO: SweepDetector v2: 0 raw → 0 confirmed (vol≥2.5× body≥30%)
17:50:38 core.sweep_detector INFO: OrderBlocks: 5 detected, 2 unmitigated
17:50:38 core.sweep_detector INFO: FVGs: 5 detected, 1 unfilled
17:50:40 core.sweep_detector INFO: SweepDetector v2: 0 raw → 0 confirmed (vol≥2.5× body≥30%)
17:50:40 core.sweep_detector INFO: OrderBlocks: 3 detected, 0 unmitigated
17:50:40 core.sweep_detector INFO: FVGs: 0 detected, 0 unfilled
17:50:42 core.sweep_detector INFO: SweepDetector v2: 0 raw → 0 confirmed (vol≥2.5× body≥30%)
17:50:42 core.sweep_detector INFO: OrderBlocks: 1 detected, 0 unmitigated
17:50:42 core.sweep_detector INFO: FVGs: 0 detected, 0 unfilled
17:50:43 core.sweep_detector INFO: SweepDetector v2: 0 raw → 0 confirmed (vol≥2.5× body≥30%)
17:50:43 core.sweep_detector INFO: OrderBlocks: 0 detected, 0 unmitigated
17:50:43 core.sweep_detector INFO: FVGs: 0 detected, 0 unfilled
17:50:45 core.sweep_detector INFO: SweepDetector v2: 1 raw → 1 confirmed (vol≥2.5× body≥30%)
17:50:45 core.sweep_detector INFO: OrderBlocks: 6 detected, 3 unmitigated
17:50:45 core.sweep_detector INFO: FVGs: 8 detected, 4 unfilled
17:50:47 core.sweep_detector INFO: SweepDetector v2: 1 raw → 1 confirmed (vol≥2.5× body≥30%)
17:50:47 core.sweep_detector INFO: OrderBlocks: 4 detected, 0 unmitigated
17:50:47 core.sweep_detector INFO: FVGs: 6 detected, 1 unfilled
17:50:49 core.sweep_detector INFO: SweepDetector v2: 1 raw → 1 confirmed (vol≥2.5× body≥30%)
17:50:49 core.sweep_detector INFO: OrderBlocks: 4 detected, 1 unmitigated
17:50:49 core.sweep_detector INFO: FVGs: 4 detected, 1 unfilled
17:50:51 core.sweep_detector INFO: SweepDetector v2: 1 raw → 1 confirmed (vol≥2.5× body≥30%)
17:50:51 core.sweep_detector INFO: OrderBlocks: 2 detected, 0 unmitigated
17:50:51 core.sweep_detector INFO: FVGs: 0 detected, 0 unfilled
17:50:53 core.sweep_detector INFO: SweepDetector v2: 0 raw → 0 confirmed (vol≥2.5× body≥30%)
17:50:53 core.sweep_detector INFO: OrderBlocks: 0 detected, 0 unmitigated
17:50:53 core.sweep_detector INFO: FVGs: 0 detected, 0 unfilled
17:50:54 core.sweep_detector INFO: SweepDetector v2: 0 raw → 0 confirmed (vol≥2.5× body≥30%)
17:50:54 core.sweep_detector INFO: OrderBlocks: 0 detected, 0 unmitigated
17:50:54 core.sweep_detector INFO: FVGs: 0 detected, 0 unfilled
17:50:56 core.sweep_detector INFO: SweepDetector v2: 0 raw → 0 confirmed (vol≥2.5× body≥30%)
17:50:56 core.sweep_detector INFO: OrderBlocks: 3 detected, 0 unmitigated
17:50:56 core.sweep_detector INFO: FVGs: 0 detected, 0 unfilled
17:50:58 core.sweep_detector INFO: SweepDetector v2: 0 raw → 0 confirmed (vol≥2.5× body≥30%)
17:50:58 core.sweep_detector INFO: OrderBlocks: 0 detected, 0 unmitigated
17:50:58 core.sweep_detector INFO: FVGs: 0 detected, 0 unfilled
17:50:59 core.sweep_detector INFO: SweepDetector v2: 0 raw → 0 confirmed (vol≥2.5× body≥30%)
17:50:59 core.sweep_detector INFO: OrderBlocks: 0 detected, 0 unmitigated
17:50:59 core.sweep_detector INFO: FVGs: 0 detected, 0 unfilled
17:51:01 core.sweep_detector INFO: SweepDetector v2: 0 raw → 0 confirmed (vol≥2.5× body≥30%)
17:51:01 core.sweep_detector INFO: OrderBlocks: 8 detected, 1 unmitigated
17:51:01 core.sweep_detector INFO: FVGs: 7 detected, 4 unfilled
17:51:03 core.sweep_detector INFO: SweepDetector v2: 2 raw → 2 confirmed (vol≥2.5× body≥30%)
17:51:03 core.sweep_detector INFO: OrderBlocks: 5 detected, 2 unmitigated
17:51:03 core.sweep_detector INFO: FVGs: 13 detected, 5 unfilled
17:51:04 core.sweep_detector INFO: SweepDetector v2: 1 raw → 1 confirmed (vol≥2.5× body≥30%)
17:51:04 core.sweep_detector INFO: OrderBlocks: 3 detected, 2 unmitigated
17:51:04 core.sweep_detector INFO: FVGs: 8 detected, 6 unfilled
17:51:06 core.sweep_detector INFO: SweepDetector v2: 0 raw → 0 confirmed (vol≥2.5× body≥30%)
17:51:06 core.sweep_detector INFO: OrderBlocks: 4 detected, 0 unmitigated
17:51:06 core.sweep_detector INFO: FVGs: 9 detected, 4 unfilled
17:51:08 core.sweep_detector INFO: SweepDetector v2: 1 raw → 1 confirmed (vol≥2.5× body≥30%)
17:51:08 core.sweep_detector INFO: OrderBlocks: 1 detected, 0 unmitigated
17:51:08 core.sweep_detector INFO: FVGs: 5 detected, 1 unfilled
17:51:09 core.sweep_detector INFO: SweepDetector v2: 0 raw → 0 confirmed (vol≥2.5× body≥30%)
17:51:09 core.sweep_detector INFO: OrderBlocks: 5 detected, 1 unmitigated
17:51:09 core.sweep_detector INFO: FVGs: 3 detected, 0 unfilled
17:51:11 core.sweep_detector INFO: SweepDetector v2: 2 raw → 1 confirmed (vol≥2.5× body≥30%)
17:51:11 core.sweep_detector INFO: OrderBlocks: 6 detected, 5 unmitigated
17:51:11 core.sweep_detector INFO: FVGs: 12 detected, 6 unfilled
17:51:12 core.sweep_detector INFO: SweepDetector v2: 3 raw → 3 confirmed (vol≥2.5× body≥30%)
17:51:12 core.sweep_detector INFO: OrderBlocks: 1 detected, 0 unmitigated
17:51:12 core.sweep_detector INFO: FVGs: 7 detected, 2 unfilled
17:51:14 core.sweep_detector INFO: SweepDetector v2: 0 raw → 0 confirmed (vol≥2.5× body≥30%)
17:51:14 core.sweep_detector INFO: OrderBlocks: 10 detected, 1 unmitigated
17:51:14 core.sweep_detector INFO: FVGs: 7 detected, 1 unfilled
17:51:16 core.sweep_detector INFO: SweepDetector v2: 2 raw → 1 confirmed (vol≥2.5× body≥30%)
17:51:16 core.sweep_detector INFO: OrderBlocks: 6 detected, 1 unmitigated
17:51:16 core.sweep_detector INFO: FVGs: 5 detected, 2 unfilled
17:51:18 core.sweep_detector INFO: SweepDetector v2: 1 raw → 1 confirmed (vol≥2.5× body≥30%)
17:51:18 core.sweep_detector INFO: OrderBlocks: 2 detected, 0 unmitigated
17:51:18 core.sweep_detector INFO: FVGs: 5 detected, 3 unfilled
17:51:20 core.sweep_detector INFO: SweepDetector v2: 3 raw → 2 confirmed (vol≥2.5× body≥30%)
17:51:20 core.sweep_detector INFO: OrderBlocks: 2 detected, 0 unmitigated
17:51:20 core.sweep_detector INFO: FVGs: 5 detected, 1 unfilled
17:51:21 core.sweep_detector INFO: SweepDetector v2: 0 raw → 0 confirmed (vol≥2.5× body≥30%)
17:51:21 core.sweep_detector INFO: OrderBlocks: 0 detected, 0 unmitigated
17:51:21 core.sweep_detector INFO: FVGs: 3 detected, 2 unfilled
17:51:23 core.sweep_detector INFO: SweepDetector v2: 0 raw → 0 confirmed (vol≥2.5× body≥30%)
17:51:23 core.sweep_detector INFO: OrderBlocks: 2 detected, 2 unmitigated
17:51:23 core.sweep_detector INFO: FVGs: 4 detected, 2 unfilled
17:51:25 core.sweep_detector INFO: SweepDetector v2: 0 raw → 0 confirmed (vol≥2.5× body≥30%)
17:51:25 core.sweep_detector INFO: OrderBlocks: 9 detected, 3 unmitigated
17:51:25 core.sweep_detector INFO: FVGs: 1 detected, 1 unfilled
17:51:26 core.sweep_detector INFO: SweepDetector v2: 0 raw → 0 confirmed (vol≥2.5× body≥30%)
17:51:26 core.sweep_detector INFO: OrderBlocks: 7 detected, 3 unmitigated
17:51:26 core.sweep_detector INFO: FVGs: 10 detected, 5 unfilled
17:51:28 core.sweep_detector INFO: SweepDetector v2: 1 raw → 1 confirmed (vol≥2.5× body≥30%)
17:51:28 core.sweep_detector INFO: OrderBlocks: 4 detected, 2 unmitigated
17:51:28 core.sweep_detector INFO: FVGs: 6 detected, 2 unfilled
17:51:29 core.sweep_detector INFO: SweepDetector v2: 0 raw → 0 confirmed (vol≥2.5× body≥30%)
17:51:30 core.sweep_detector INFO: OrderBlocks: 10 detected, 2 unmitigated
17:51:30 core.sweep_detector INFO: FVGs: 7 detected, 1 unfilled
17:51:31 core.sweep_detector INFO: SweepDetector v2: 0 raw → 0 confirmed (vol≥2.5× body≥30%)
17:51:31 core.sweep_detector INFO: OrderBlocks: 8 detected, 1 unmitigated
17:51:31 core.sweep_detector INFO: FVGs: 10 detected, 4 unfilled
17:51:33 core.sweep_detector INFO: SweepDetector v2: 2 raw → 2 confirmed (vol≥2.5× body≥30%)
17:51:33 core.sweep_detector INFO: OrderBlocks: 1 detected, 0 unmitigated
17:51:33 core.sweep_detector INFO: FVGs: 12 detected, 3 unfilled
17:51:35 core.sweep_detector INFO: SweepDetector v2: 1 raw → 1 confirmed (vol≥2.5× body≥30%)
17:51:35 core.sweep_detector INFO: OrderBlocks: 2 detected, 0 unmitigated
17:51:35 core.sweep_detector INFO: FVGs: 6 detected, 3 unfilled
17:51:36 core.sweep_detector INFO: SweepDetector v2: 2 raw → 2 confirmed (vol≥2.5× body≥30%)
17:51:36 core.sweep_detector INFO: OrderBlocks: 4 detected, 1 unmitigated
17:51:36 core.sweep_detector INFO: FVGs: 8 detected, 2 unfilled
17:51:38 core.sweep_detector INFO: SweepDetector v2: 1 raw → 1 confirmed (vol≥2.5× body≥30%)
17:51:38 core.sweep_detector INFO: OrderBlocks: 3 detected, 2 unmitigated
17:51:38 core.sweep_detector INFO: FVGs: 5 detected, 1 unfilled
17:51:40 core.sweep_detector INFO: SweepDetector v2: 0 raw → 0 confirmed (vol≥2.5× body≥30%)
17:51:40 core.sweep_detector INFO: OrderBlocks: 8 detected, 2 unmitigated
17:51:40 core.sweep_detector INFO: FVGs: 5 detected, 1 unfilled
17:51:41 core.sweep_detector INFO: SweepDetector v2: 0 raw → 0 confirmed (vol≥2.5× body≥30%)
17:51:41 core.sweep_detector INFO: OrderBlocks: 0 detected, 0 unmitigated
17:51:41 core.sweep_detector INFO: FVGs: 0 detected, 0 unfilled
17:51:43 core.sweep_detector INFO: SweepDetector v2: 0 raw → 0 confirmed (vol≥2.5× body≥30%)
17:51:43 core.sweep_detector INFO: OrderBlocks: 3 detected, 0 unmitigated
17:51:43 core.sweep_detector INFO: FVGs: 0 detected, 0 unfilled
17:51:45 core.sweep_detector INFO: SweepDetector v2: 0 raw → 0 confirmed (vol≥2.5× body≥30%)
17:51:45 core.sweep_detector INFO: OrderBlocks: 0 detected, 0 unmitigated
17:51:45 core.sweep_detector INFO: FVGs: 0 detected, 0 unfilled
17:51:47 core.sweep_detector INFO: SweepDetector v2: 7 raw → 3 confirmed (vol≥2.5× body≥30%)
17:51:47 core.sweep_detector INFO: OrderBlocks: 11 detected, 3 unmitigated
17:51:47 core.sweep_detector INFO: FVGs: 10 detected, 2 unfilled
17:51:48 core.sweep_detector INFO: SweepDetector v2: 1 raw → 1 confirmed (vol≥2.5× body≥30%)
17:51:48 core.sweep_detector INFO: OrderBlocks: 8 detected, 2 unmitigated
17:51:48 core.sweep_detector INFO: FVGs: 16 detected, 4 unfilled
17:51:50 core.sweep_detector INFO: SweepDetector v2: 3 raw → 2 confirmed (vol≥2.5× body≥30%)
17:51:50 core.sweep_detector INFO: OrderBlocks: 9 detected, 1 unmitigated
17:51:50 core.sweep_detector INFO: FVGs: 10 detected, 2 unfilled
17:51:52 core.sweep_detector INFO: SweepDetector v2: 1 raw → 1 confirmed (vol≥2.5× body≥30%)
17:51:52 core.sweep_detector INFO: OrderBlocks: 5 detected, 0 unmitigated
17:51:52 core.sweep_detector INFO: FVGs: 6 detected, 1 unfilled
17:51:53 core.sweep_detector INFO: SweepDetector v2: 2 raw → 1 confirmed (vol≥2.5× body≥30%)
17:51:53 core.sweep_detector INFO: OrderBlocks: 1 detected, 0 unmitigated
17:51:53 core.sweep_detector INFO: FVGs: 6 detected, 1 unfilled
17:51:55 core.sweep_detector INFO: SweepDetector v2: 0 raw → 0 confirmed (vol≥2.5× body≥30%)
17:51:55 core.sweep_detector INFO: OrderBlocks: 6 detected, 1 unmitigated
17:51:55 core.sweep_detector INFO: FVGs: 7 detected, 1 unfilled
17:51:57 core.sweep_detector INFO: SweepDetector v2: 2 raw → 2 confirmed (vol≥2.5× body≥30%)
17:51:57 core.sweep_detector INFO: OrderBlocks: 7 detected, 1 unmitigated
17:51:57 core.sweep_detector INFO: FVGs: 7 detected, 3 unfilled
17:51:59 core.sweep_detector INFO: SweepDetector v2: 2 raw → 2 confirmed (vol≥2.5× body≥30%)
17:51:59 core.sweep_detector INFO: OrderBlocks: 6 detected, 1 unmitigated
17:51:59 core.sweep_detector INFO: FVGs: 7 detected, 1 unfilled
17:52:01 core.sweep_detector INFO: SweepDetector v2: 2 raw → 2 confirmed (vol≥2.5× body≥30%)
17:52:01 core.sweep_detector INFO: OrderBlocks: 3 detected, 2 unmitigated
17:52:01 core.sweep_detector INFO: FVGs: 8 detected, 3 unfilled
17:52:01 __main__ INFO: Checking 1 open trades for exit conditions
/root/.openclaw/workspace/projects/crypto-liquidity-hunter/main.py:555: DeprecationWarning: datetime.datetime.utcnow() is deprecated and scheduled for removal in a future version. Use timezone-aware objects to represent datetimes in UTC: datetime.datetime.now(datetime.UTC).
  scan_end     = datetime.utcnow()

=== SCAN ALL: 79 pairs, 3 timeframes ===
Total signals generated: 0
