22:05:02 __main__ INFO: Volume filter: fetching all tickers in one call...
22:05:04 __main__ INFO: Volume filter: 82/447 pairs pass $2M threshold
/root/.openclaw/workspace/projects/crypto-liquidity-hunter/main.py:292: DeprecationWarning: datetime.datetime.utcnow() is deprecated and scheduled for removal in a future version. Use timezone-aware objects to represent datetimes in UTC: datetime.datetime.now(datetime.UTC).
  scan_start = datetime.utcnow()   # for duration tracking
22:05:05 core.binance_connector INFO: BinanceConnector: connected [LIVE FUTURES MAINNET]
22:05:05 __main__ INFO: Auto-executor: account 'Liquiddbot1' mode=live exec=auto
22:05:06 core.sweep_detector INFO: SweepDetector v2: 0 raw â†’ 0 confirmed (volâ‰Ą2.5Ă— bodyâ‰Ą30%)
22:05:06 core.sweep_detector INFO: OrderBlocks: 8 detected, 4 unmitigated
22:05:06 core.sweep_detector INFO: FVGs: 12 detected, 7 unfilled
22:05:08 core.sweep_detector INFO: SweepDetector v2: 1 raw â†’ 1 confirmed (volâ‰Ą2.5Ă— bodyâ‰Ą30%)
22:05:08 core.sweep_detector INFO: OrderBlocks: 4 detected, 1 unmitigated
22:05:08 core.sweep_detector INFO: FVGs: 5 detected, 2 unfilled
22:05:10 core.sweep_detector INFO: SweepDetector v2: 1 raw â†’ 1 confirmed (volâ‰Ą2.5Ă— bodyâ‰Ą30%)
22:05:10 core.sweep_detector INFO: OrderBlocks: 6 detected, 1 unmitigated
22:05:10 core.sweep_detector INFO: FVGs: 5 detected, 0 unfilled
22:05:12 core.sweep_detector INFO: SweepDetector v2: 1 raw â†’ 1 confirmed (volâ‰Ą2.5Ă— bodyâ‰Ą30%)
22:05:12 core.sweep_detector INFO: OrderBlocks: 6 detected, 0 unmitigated
22:05:12 core.sweep_detector INFO: FVGs: 10 detected, 4 unfilled
22:05:13 core.sweep_detector INFO: SweepDetector v2: 2 raw â†’ 1 confirmed (volâ‰Ą2.5Ă— bodyâ‰Ą30%)
22:05:13 core.sweep_detector INFO: OrderBlocks: 3 detected, 2 unmitigated
22:05:13 core.sweep_detector INFO: FVGs: 4 detected, 2 unfilled
22:05:15 core.sweep_detector INFO: SweepDetector v2: 0 raw â†’ 0 confirmed (volâ‰Ą2.5Ă— bodyâ‰Ą30%)
22:05:15 core.sweep_detector INFO: OrderBlocks: 7 detected, 1 unmitigated
22:05:15 core.sweep_detector INFO: FVGs: 4 detected, 1 unfilled
22:05:16 core.sweep_detector INFO: SweepDetector v2: 3 raw â†’ 2 confirmed (volâ‰Ą2.5Ă— bodyâ‰Ą30%)
22:05:16 core.sweep_detector INFO: OrderBlocks: 7 detected, 2 unmitigated
22:05:16 core.sweep_detector INFO: FVGs: 9 detected, 2 unfilled
22:05:18 core.sweep_detector INFO: SweepDetector v2: 1 raw â†’ 0 confirmed (volâ‰Ą2.5Ă— bodyâ‰Ą30%)
22:05:18 core.sweep_detector INFO: OrderBlocks: 4 detected, 2 unmitigated
22:05:18 core.sweep_detector INFO: FVGs: 7 detected, 4 unfilled
22:05:21 core.sweep_detector INFO: SweepDetector v2: 2 raw â†’ 2 confirmed (volâ‰Ą2.5Ă— bodyâ‰Ą30%)
22:05:21 core.sweep_detector INFO: OrderBlocks: 1 detected, 0 unmitigated
22:05:21 core.sweep_detector INFO: FVGs: 4 detected, 2 unfilled
22:05:23 core.sweep_detector INFO: SweepDetector v2: 2 raw â†’ 1 confirmed (volâ‰Ą2.5Ă— bodyâ‰Ą30%)
22:05:23 core.sweep_detector INFO: OrderBlocks: 7 detected, 2 unmitigated
22:05:23 core.sweep_detector INFO: FVGs: 8 detected, 2 unfilled
22:05:24 core.sweep_detector INFO: SweepDetector v2: 0 raw â†’ 0 confirmed (volâ‰Ą2.5Ă— bodyâ‰Ą30%)
22:05:24 core.sweep_detector INFO: OrderBlocks: 2 detected, 1 unmitigated
22:05:24 core.sweep_detector INFO: FVGs: 7 detected, 4 unfilled
22:05:27 core.sweep_detector INFO: SweepDetector v2: 2 raw â†’ 1 confirmed (volâ‰Ą2.5Ă— bodyâ‰Ą30%)
22:05:27 core.sweep_detector INFO: OrderBlocks: 4 detected, 2 unmitigated
22:05:27 core.sweep_detector INFO: FVGs: 5 detected, 1 unfilled
22:05:29 core.sweep_detector INFO: SweepDetector v2: 2 raw â†’ 1 confirmed (volâ‰Ą2.5Ă— bodyâ‰Ą30%)
22:05:29 core.sweep_detector INFO: OrderBlocks: 4 detected, 3 unmitigated
22:05:29 core.sweep_detector INFO: FVGs: 10 detected, 4 unfilled
22:05:31 core.sweep_detector INFO: SweepDetector v2: 1 raw â†’ 1 confirmed (volâ‰Ą2.5Ă— bodyâ‰Ą30%)
22:05:31 core.sweep_detector INFO: OrderBlocks: 4 detected, 2 unmitigated
22:05:31 core.sweep_detector INFO: FVGs: 5 detected, 2 unfilled
22:05:32 core.sweep_detector INFO: SweepDetector v2: 1 raw â†’ 1 confirmed (volâ‰Ą2.5Ă— bodyâ‰Ą30%)
22:05:32 core.sweep_detector INFO: OrderBlocks: 4 detected, 1 unmitigated
22:05:32 core.sweep_detector INFO: FVGs: 9 detected, 1 unfilled
22:05:34 core.sweep_detector INFO: SweepDetector v2: 5 raw â†’ 5 confirmed (volâ‰Ą2.5Ă— bodyâ‰Ą30%)
22:05:34 core.sweep_detector INFO: OrderBlocks: 1 detected, 0 unmitigated
22:05:34 core.sweep_detector INFO: FVGs: 3 detected, 0 unfilled
22:05:36 core.sweep_detector INFO: SweepDetector v2: 1 raw â†’ 1 confirmed (volâ‰Ą2.5Ă— bodyâ‰Ą30%)
22:05:36 core.sweep_detector INFO: OrderBlocks: 4 detected, 0 unmitigated
22:05:36 core.sweep_detector INFO: FVGs: 1 detected, 0 unfilled
22:05:37 core.sweep_detector INFO: SweepDetector v2: 0 raw â†’ 0 confirmed (volâ‰Ą2.5Ă— bodyâ‰Ą30%)
22:05:37 core.sweep_detector INFO: OrderBlocks: 0 detected, 0 unmitigated
22:05:37 core.sweep_detector INFO: FVGs: 1 detected, 0 unfilled
22:05:40 core.sweep_detector INFO: SweepDetector v2: 2 raw â†’ 2 confirmed (volâ‰Ą2.5Ă— bodyâ‰Ą30%)
22:05:40 core.sweep_detector INFO: OrderBlocks: 2 detected, 1 unmitigated
22:05:40 core.sweep_detector INFO: FVGs: 12 detected, 6 unfilled
22:05:41 core.sweep_detector INFO: SweepDetector v2: 1 raw â†’ 1 confirmed (volâ‰Ą2.5Ă— bodyâ‰Ą30%)
22:05:41 core.sweep_detector INFO: OrderBlocks: 2 detected, 1 unmitigated
22:05:41 core.sweep_detector INFO: FVGs: 4 detected, 1 unfilled
22:05:43 core.sweep_detector INFO: SweepDetector v2: 1 raw â†’ 1 confirmed (volâ‰Ą2.5Ă— bodyâ‰Ą30%)
22:05:43 core.sweep_detector INFO: OrderBlocks: 6 detected, 1 unmitigated
22:05:43 core.sweep_detector INFO: FVGs: 3 detected, 0 unfilled
22:05:45 core.sweep_detector INFO: SweepDetector v2: 1 raw â†’ 1 confirmed (volâ‰Ą2.5Ă— bodyâ‰Ą30%)
22:05:45 core.sweep_detector INFO: OrderBlocks: 6 detected, 3 unmitigated
22:05:45 core.sweep_detector INFO: FVGs: 7 detected, 3 unfilled
22:05:46 core.sweep_detector INFO: SweepDetector v2: 0 raw â†’ 0 confirmed (volâ‰Ą2.5Ă— bodyâ‰Ą30%)
22:05:46 core.sweep_detector INFO: OrderBlocks: 4 detected, 2 unmitigated
22:05:46 core.sweep_detector INFO: FVGs: 8 detected, 3 unfilled
22:05:48 core.sweep_detector INFO: SweepDetector v2: 1 raw â†’ 1 confirmed (volâ‰Ą2.5Ă— bodyâ‰Ą30%)
22:05:48 core.sweep_detector INFO: OrderBlocks: 7 detected, 1 unmitigated
22:05:48 core.sweep_detector INFO: FVGs: 8 detected, 4 unfilled
22:05:50 core.sweep_detector INFO: SweepDetector v2: 4 raw â†’ 4 confirmed (volâ‰Ą2.5Ă— bodyâ‰Ą30%)
22:05:50 core.sweep_detector INFO: OrderBlocks: 2 detected, 2 unmitigated
22:05:50 core.sweep_detector INFO: FVGs: 14 detected, 3 unfilled
22:05:52 core.sweep_detector INFO: SweepDetector v2: 2 raw â†’ 1 confirmed (volâ‰Ą2.5Ă— bodyâ‰Ą30%)
22:05:52 core.sweep_detector INFO: OrderBlocks: 7 detected, 1 unmitigated
22:05:52 core.sweep_detector INFO: FVGs: 14 detected, 4 unfilled
22:05:53 core.sweep_detector INFO: SweepDetector v2: 1 raw â†’ 0 confirmed (volâ‰Ą2.5Ă— bodyâ‰Ą30%)
22:05:53 core.sweep_detector INFO: OrderBlocks: 2 detected, 1 unmitigated
22:05:53 core.sweep_detector INFO: FVGs: 7 detected, 4 unfilled
22:05:56 core.sweep_detector INFO: SweepDetector v2: 0 raw â†’ 0 confirmed (volâ‰Ą2.5Ă— bodyâ‰Ą30%)
22:05:56 core.sweep_detector INFO: OrderBlocks: 3 detected, 1 unmitigated
22:05:56 core.sweep_detector INFO: FVGs: 6 detected, 2 unfilled
22:05:58 core.sweep_detector INFO: SweepDetector v2: 3 raw â†’ 3 confirmed (volâ‰Ą2.5Ă— bodyâ‰Ą30%)
22:05:58 core.sweep_detector INFO: OrderBlocks: 1 detected, 1 unmitigated
22:05:58 core.sweep_detector INFO: FVGs: 6 detected, 3 unfilled
22:06:00 core.sweep_detector INFO: SweepDetector v2: 1 raw â†’ 1 confirmed (volâ‰Ą2.5Ă— bodyâ‰Ą30%)
22:06:00 core.sweep_detector INFO: OrderBlocks: 3 detected, 3 unmitigated
22:06:00 core.sweep_detector INFO: FVGs: 8 detected, 6 unfilled
22:06:01 core.sweep_detector INFO: SweepDetector v2: 0 raw â†’ 0 confirmed (volâ‰Ą2.5Ă— bodyâ‰Ą30%)
22:06:01 core.sweep_detector INFO: OrderBlocks: 0 detected, 0 unmitigated
22:06:01 core.sweep_detector INFO: FVGs: 0 detected, 0 unfilled
22:06:03 core.sweep_detector INFO: SweepDetector v2: 0 raw â†’ 0 confirmed (volâ‰Ą2.5Ă— bodyâ‰Ą30%)
22:06:03 core.sweep_detector INFO: OrderBlocks: 1 detected, 0 unmitigated
22:06:03 core.sweep_detector INFO: FVGs: 0 detected, 0 unfilled
22:06:05 core.sweep_detector INFO: SweepDetector v2: 0 raw â†’ 0 confirmed (volâ‰Ą2.5Ă— bodyâ‰Ą30%)
22:06:05 core.sweep_detector INFO: OrderBlocks: 0 detected, 0 unmitigated
22:06:05 core.sweep_detector INFO: FVGs: 0 detected, 0 unfilled
22:06:06 core.sweep_detector INFO: SweepDetector v2: 1 raw â†’ 1 confirmed (volâ‰Ą2.5Ă— bodyâ‰Ą30%)
22:06:06 core.sweep_detector INFO: OrderBlocks: 6 detected, 4 unmitigated
22:06:06 core.sweep_detector INFO: FVGs: 10 detected, 4 unfilled
22:06:08 core.sweep_detector INFO: SweepDetector v2: 1 raw â†’ 1 confirmed (volâ‰Ą2.5Ă— bodyâ‰Ą30%)
22:06:08 core.sweep_detector INFO: OrderBlocks: 4 detected, 1 unmitigated
22:06:08 core.sweep_detector INFO: FVGs: 4 detected, 0 unfilled
22:06:09 core.sweep_detector INFO: SweepDetector v2: 0 raw â†’ 0 confirmed (volâ‰Ą2.5Ă— bodyâ‰Ą30%)
22:06:09 core.sweep_detector INFO: OrderBlocks: 10 detected, 1 unmitigated
22:06:09 core.sweep_detector INFO: FVGs: 3 detected, 1 unfilled
22:06:11 core.sweep_detector INFO: SweepDetector v2: 1 raw â†’ 1 confirmed (volâ‰Ą2.5Ă— bodyâ‰Ą30%)
22:06:11 core.sweep_detector INFO: OrderBlocks: 5 detected, 0 unmitigated
22:06:11 core.sweep_detector INFO: FVGs: 7 detected, 3 unfilled
22:06:13 core.sweep_detector INFO: SweepDetector v2: 1 raw â†’ 1 confirmed (volâ‰Ą2.5Ă— bodyâ‰Ą30%)
22:06:13 core.sweep_detector INFO: OrderBlocks: 2 detected, 0 unmitigated
22:06:13 core.sweep_detector INFO: FVGs: 7 detected, 1 unfilled
22:06:14 core.sweep_detector INFO: SweepDetector v2: 0 raw â†’ 0 confirmed (volâ‰Ą2.5Ă— bodyâ‰Ą30%)
22:06:14 core.sweep_detector INFO: OrderBlocks: 8 detected, 1 unmitigated
22:06:14 core.sweep_detector INFO: FVGs: 5 detected, 1 unfilled
22:06:16 core.sweep_detector INFO: SweepDetector v2: 0 raw â†’ 0 confirmed (volâ‰Ą2.5Ă— bodyâ‰Ą30%)
22:06:16 core.sweep_detector INFO: OrderBlocks: 4 detected, 2 unmitigated
22:06:16 core.sweep_detector INFO: FVGs: 7 detected, 2 unfilled
22:06:17 core.sweep_detector INFO: SweepDetector v2: 1 raw â†’ 1 confirmed (volâ‰Ą2.5Ă— bodyâ‰Ą30%)
22:06:17 core.sweep_detector INFO: OrderBlocks: 3 detected, 0 unmitigated
22:06:17 core.sweep_detector INFO: FVGs: 6 detected, 0 unfilled
22:06:19 core.sweep_detector INFO: SweepDetector v2: 0 raw â†’ 0 confirmed (volâ‰Ą2.5Ă— bodyâ‰Ą30%)
22:06:19 core.sweep_detector INFO: OrderBlocks: 8 detected, 1 unmitigated
22:06:19 core.sweep_detector INFO: FVGs: 2 detected, 0 unfilled
22:06:21 core.sweep_detector INFO: SweepDetector v2: 7 raw â†’ 5 confirmed (volâ‰Ą2.5Ă— bodyâ‰Ą30%)
22:06:21 core.sweep_detector INFO: OrderBlocks: 5 detected, 3 unmitigated
22:06:21 core.sweep_detector INFO: FVGs: 10 detected, 4 unfilled
22:06:22 core.sweep_detector INFO: SweepDetector v2: 5 raw â†’ 2 confirmed (volâ‰Ą2.5Ă— bodyâ‰Ą30%)
22:06:22 core.sweep_detector INFO: OrderBlocks: 3 detected, 1 unmitigated
22:06:22 core.sweep_detector INFO: FVGs: 10 detected, 2 unfilled
22:06:24 core.sweep_detector INFO: SweepDetector v2: 2 raw â†’ 1 confirmed (volâ‰Ą2.5Ă— bodyâ‰Ą30%)
22:06:24 core.sweep_detector INFO: OrderBlocks: 4 detected, 2 unmitigated
22:06:24 core.sweep_detector INFO: FVGs: 10 detected, 5 unfilled
22:06:26 core.sweep_detector INFO: SweepDetector v2: 0 raw â†’ 0 confirmed (volâ‰Ą2.5Ă— bodyâ‰Ą30%)
22:06:26 core.sweep_detector INFO: OrderBlocks: 6 detected, 3 unmitigated
22:06:26 core.sweep_detector INFO: FVGs: 6 detected, 3 unfilled
22:06:28 core.sweep_detector INFO: SweepDetector v2: 1 raw â†’ 1 confirmed (volâ‰Ą2.5Ă— bodyâ‰Ą30%)
22:06:28 core.sweep_detector INFO: OrderBlocks: 8 detected, 4 unmitigated
22:06:28 core.sweep_detector INFO: FVGs: 6 detected, 4 unfilled
22:06:29 core.sweep_detector INFO: SweepDetector v2: 0 raw â†’ 0 confirmed (volâ‰Ą2.5Ă— bodyâ‰Ą30%)
22:06:29 core.sweep_detector INFO: OrderBlocks: 6 detected, 2 unmitigated
22:06:29 core.sweep_detector INFO: FVGs: 9 detected, 2 unfilled
22:06:31 core.sweep_detector INFO: SweepDetector v2: 1 raw â†’ 0 confirmed (volâ‰Ą2.5Ă— bodyâ‰Ą30%)
22:06:31 core.sweep_detector INFO: OrderBlocks: 2 detected, 2 unmitigated
22:06:31 core.sweep_detector INFO: FVGs: 8 detected, 6 unfilled
22:06:33 core.sweep_detector INFO: SweepDetector v2: 1 raw â†’ 0 confirmed (volâ‰Ą2.5Ă— bodyâ‰Ą30%)
22:06:33 core.sweep_detector INFO: OrderBlocks: 5 detected, 2 unmitigated
22:06:33 core.sweep_detector INFO: FVGs: 5 detected, 4 unfilled
22:06:35 core.sweep_detector INFO: SweepDetector v2: 1 raw â†’ 0 confirmed (volâ‰Ą2.5Ă— bodyâ‰Ą30%)
22:06:35 core.sweep_detector INFO: OrderBlocks: 4 detected, 2 unmitigated
22:06:35 core.sweep_detector INFO: FVGs: 5 detected, 4 unfilled
22:06:36 core.sweep_detector INFO: SweepDetector v2: 0 raw â†’ 0 confirmed (volâ‰Ą2.5Ă— bodyâ‰Ą30%)
22:06:36 core.sweep_detector INFO: OrderBlocks: 5 detected, 1 unmitigated
22:06:36 core.sweep_detector INFO: FVGs: 9 detected, 4 unfilled
22:06:38 core.sweep_detector INFO: SweepDetector v2: 3 raw â†’ 2 confirmed (volâ‰Ą2.5Ă— bodyâ‰Ą30%)
22:06:38 core.sweep_detector INFO: OrderBlocks: 6 detected, 4 unmitigated
22:06:38 core.sweep_detector INFO: FVGs: 13 detected, 6 unfilled
22:06:40 core.sweep_detector INFO: SweepDetector v2: 0 raw â†’ 0 confirmed (volâ‰Ą2.5Ă— bodyâ‰Ą30%)
22:06:40 core.sweep_detector INFO: OrderBlocks: 4 detected, 2 unmitigated
22:06:40 core.sweep_detector INFO: FVGs: 10 detected, 4 unfilled
22:06:41 core.sweep_detector INFO: SweepDetector v2: 0 raw â†’ 0 confirmed (volâ‰Ą2.5Ă— bodyâ‰Ą30%)
22:06:41 core.sweep_detector INFO: OrderBlocks: 8 detected, 2 unmitigated
22:06:41 core.sweep_detector INFO: FVGs: 14 detected, 3 unfilled
22:06:43 core.sweep_detector INFO: SweepDetector v2: 2 raw â†’ 1 confirmed (volâ‰Ą2.5Ă— bodyâ‰Ą30%)
22:06:43 core.sweep_detector INFO: OrderBlocks: 5 detected, 1 unmitigated
22:06:43 core.sweep_detector INFO: FVGs: 9 detected, 3 unfilled
22:06:44 core.sweep_detector INFO: SweepDetector v2: 0 raw â†’ 0 confirmed (volâ‰Ą2.5Ă— bodyâ‰Ą30%)
22:06:44 core.sweep_detector INFO: OrderBlocks: 5 detected, 0 unmitigated
22:06:44 core.sweep_detector INFO: FVGs: 8 detected, 3 unfilled
22:06:46 core.sweep_detector INFO: SweepDetector v2: 0 raw â†’ 0 confirmed (volâ‰Ą2.5Ă— bodyâ‰Ą30%)
22:06:46 core.sweep_detector INFO: OrderBlocks: 6 detected, 1 unmitigated
22:06:46 core.sweep_detector INFO: FVGs: 11 detected, 2 unfilled
22:06:48 core.sweep_detector INFO: SweepDetector v2: 3 raw â†’ 2 confirmed (volâ‰Ą2.5Ă— bodyâ‰Ą30%)
22:06:48 core.sweep_detector INFO: OrderBlocks: 2 detected, 1 unmitigated
22:06:48 core.sweep_detector INFO: FVGs: 9 detected, 2 unfilled
22:06:49 core.sweep_detector INFO: SweepDetector v2: 0 raw â†’ 0 confirmed (volâ‰Ą2.5Ă— bodyâ‰Ą30%)
22:06:49 core.sweep_detector INFO: OrderBlocks: 8 detected, 1 unmitigated
22:06:49 core.sweep_detector INFO: FVGs: 4 detected, 0 unfilled
22:06:51 core.sweep_detector INFO: SweepDetector v2: 1 raw â†’ 0 confirmed (volâ‰Ą2.5Ă— bodyâ‰Ą30%)
22:06:51 core.sweep_detector INFO: OrderBlocks: 4 detected, 1 unmitigated
22:06:51 core.sweep_detector INFO: FVGs: 10 detected, 2 unfilled
22:06:53 core.sweep_detector INFO: SweepDetector v2: 2 raw â†’ 2 confirmed (volâ‰Ą2.5Ă— bodyâ‰Ą30%)
22:06:53 core.sweep_detector INFO: OrderBlocks: 4 detected, 3 unmitigated
22:06:53 core.sweep_detector INFO: FVGs: 5 detected, 2 unfilled
22:06:55 core.sweep_detector INFO: SweepDetector v2: 0 raw â†’ 0 confirmed (volâ‰Ą2.5Ă— bodyâ‰Ą30%)
22:06:55 core.sweep_detector INFO: OrderBlocks: 3 detected, 1 unmitigated
22:06:55 core.sweep_detector INFO: FVGs: 6 detected, 2 unfilled
22:06:57 core.sweep_detector INFO: SweepDetector v2: 1 raw â†’ 1 confirmed (volâ‰Ą2.5Ă— bodyâ‰Ą30%)
22:06:57 core.sweep_detector INFO: OrderBlocks: 5 detected, 3 unmitigated
22:06:57 core.sweep_detector INFO: FVGs: 12 detected, 4 unfilled
22:06:58 core.sweep_detector INFO: SweepDetector v2: 4 raw â†’ 3 confirmed (volâ‰Ą2.5Ă— bodyâ‰Ą30%)
22:06:58 core.sweep_detector INFO: OrderBlocks: 3 detected, 0 unmitigated
22:06:58 core.sweep_detector INFO: FVGs: 5 detected, 1 unfilled
22:07:00 core.sweep_detector INFO: SweepDetector v2: 2 raw â†’ 1 confirmed (volâ‰Ą2.5Ă— bodyâ‰Ą30%)
22:07:00 core.sweep_detector INFO: OrderBlocks: 7 detected, 1 unmitigated
22:07:00 core.sweep_detector INFO: FVGs: 9 detected, 0 unfilled
22:07:01 core.sweep_detector INFO: SweepDetector v2: 2 raw â†’ 1 confirmed (volâ‰Ą2.5Ă— bodyâ‰Ą30%)
22:07:01 core.sweep_detector INFO: OrderBlocks: 5 detected, 0 unmitigated
22:07:01 core.sweep_detector INFO: FVGs: 7 detected, 0 unfilled
22:07:04 core.sweep_detector INFO: SweepDetector v2: 1 raw â†’ 0 confirmed (volâ‰Ą2.5Ă— bodyâ‰Ą30%)
22:07:04 core.sweep_detector INFO: OrderBlocks: 8 detected, 2 unmitigated
22:07:04 core.sweep_detector INFO: FVGs: 14 detected, 1 unfilled
22:07:05 core.sweep_detector INFO: SweepDetector v2: 4 raw â†’ 2 confirmed (volâ‰Ą2.5Ă— bodyâ‰Ą30%)
22:07:05 core.sweep_detector INFO: OrderBlocks: 7 detected, 3 unmitigated
22:07:05 core.sweep_detector INFO: FVGs: 8 detected, 1 unfilled
22:07:07 core.sweep_detector INFO: SweepDetector v2: 2 raw â†’ 1 confirmed (volâ‰Ą2.5Ă— bodyâ‰Ą30%)
22:07:07 core.sweep_detector INFO: OrderBlocks: 4 detected, 1 unmitigated
22:07:07 core.sweep_detector INFO: FVGs: 9 detected, 3 unfilled
22:07:08 core.sweep_detector INFO: SweepDetector v2: 3 raw â†’ 1 confirmed (volâ‰Ą2.5Ă— bodyâ‰Ą30%)
22:07:08 core.sweep_detector INFO: OrderBlocks: 4 detected, 2 unmitigated
22:07:08 core.sweep_detector INFO: FVGs: 7 detected, 1 unfilled
22:07:10 core.sweep_detector INFO: SweepDetector v2: 0 raw â†’ 0 confirmed (volâ‰Ą2.5Ă— bodyâ‰Ą30%)
22:07:10 core.sweep_detector INFO: OrderBlocks: 5 detected, 0 unmitigated
22:07:10 core.sweep_detector INFO: FVGs: 6 detected, 0 unfilled
22:07:12 core.sweep_detector INFO: SweepDetector v2: 0 raw â†’ 0 confirmed (volâ‰Ą2.5Ă— bodyâ‰Ą30%)
22:07:12 core.sweep_detector INFO: OrderBlocks: 3 detected, 0 unmitigated
22:07:12 core.sweep_detector INFO: FVGs: 0 detected, 0 unfilled
22:07:14 core.sweep_detector INFO: SweepDetector v2: 0 raw â†’ 0 confirmed (volâ‰Ą2.5Ă— bodyâ‰Ą30%)
22:07:14 core.sweep_detector INFO: OrderBlocks: 0 detected, 0 unmitigated
22:07:14 core.sweep_detector INFO: FVGs: 0 detected, 0 unfilled
22:07:15 core.sweep_detector INFO: SweepDetector v2: 0 raw â†’ 0 confirmed (volâ‰Ą2.5Ă— bodyâ‰Ą30%)
22:07:15 core.sweep_detector INFO: OrderBlocks: 6 detected, 3 unmitigated
22:07:15 core.sweep_detector INFO: FVGs: 0 detected, 0 unfilled
22:07:17 core.sweep_detector INFO: SweepDetector v2: 0 raw â†’ 0 confirmed (volâ‰Ą2.5Ă— bodyâ‰Ą30%)
22:07:17 core.sweep_detector INFO: OrderBlocks: 0 detected, 0 unmitigated
22:07:17 core.sweep_detector INFO: FVGs: 0 detected, 0 unfilled
22:07:18 core.sweep_detector INFO: SweepDetector v2: 0 raw â†’ 0 confirmed (volâ‰Ą2.5Ă— bodyâ‰Ą30%)
22:07:18 core.sweep_detector INFO: OrderBlocks: 0 detected, 0 unmitigated
22:07:18 core.sweep_detector INFO: FVGs: 0 detected, 0 unfilled
22:07:21 core.sweep_detector INFO: SweepDetector v2: 0 raw â†’ 0 confirmed (volâ‰Ą2.5Ă— bodyâ‰Ą30%)
22:07:21 core.sweep_detector INFO: OrderBlocks: 1 detected, 0 unmitigated
22:07:21 core.sweep_detector INFO: FVGs: 0 detected, 0 unfilled
22:07:23 core.sweep_detector INFO: SweepDetector v2: 0 raw â†’ 0 confirmed (volâ‰Ą2.5Ă— bodyâ‰Ą30%)
22:07:23 core.sweep_detector INFO: OrderBlocks: 6 detected, 2 unmitigated
22:07:23 core.sweep_detector INFO: FVGs: 12 detected, 3 unfilled
22:07:25 core.sweep_detector INFO: SweepDetector v2: 1 raw â†’ 1 confirmed (volâ‰Ą2.5Ă— bodyâ‰Ą30%)
22:07:25 core.sweep_detector INFO: OrderBlocks: 3 detected, 1 unmitigated
22:07:25 core.sweep_detector INFO: FVGs: 9 detected, 2 unfilled
22:07:27 core.sweep_detector INFO: SweepDetector v2: 0 raw â†’ 0 confirmed (volâ‰Ą2.5Ă— bodyâ‰Ą30%)
22:07:27 core.sweep_detector INFO: OrderBlocks: 7 detected, 1 unmitigated
22:07:27 core.sweep_detector INFO: FVGs: 8 detected, 4 unfilled
22:07:29 core.sweep_detector INFO: SweepDetector v2: 0 raw â†’ 0 confirmed (volâ‰Ą2.5Ă— bodyâ‰Ą30%)
22:07:29 core.sweep_detector INFO: OrderBlocks: 6 detected, 3 unmitigated
22:07:29 core.sweep_detector INFO: FVGs: 9 detected, 3 unfilled
22:07:30 core.sweep_detector INFO: SweepDetector v2: 1 raw â†’ 0 confirmed (volâ‰Ą2.5Ă— bodyâ‰Ą30%)
22:07:30 core.sweep_detector INFO: OrderBlocks: 3 detected, 2 unmitigated
22:07:30 core.sweep_detector INFO: FVGs: 9 detected, 2 unfilled
22:07:32 core.sweep_detector INFO: SweepDetector v2: 2 raw â†’ 2 confirmed (volâ‰Ą2.5Ă— bodyâ‰Ą30%)
22:07:32 core.sweep_detector INFO: OrderBlocks: 1 detected, 0 unmitigated
22:07:32 core.sweep_detector INFO: FVGs: 8 detected, 0 unfilled
22:07:34 core.sweep_detector INFO: SweepDetector v2: 2 raw â†’ 2 confirmed (volâ‰Ą2.5Ă— bodyâ‰Ą30%)
22:07:34 core.sweep_detector INFO: OrderBlocks: 6 detected, 0 unmitigated
22:07:34 core.sweep_detector INFO: FVGs: 7 detected, 0 unfilled
22:07:36 core.sweep_detector INFO: SweepDetector v2: 6 raw â†’ 6 confirmed (volâ‰Ą2.5Ă— bodyâ‰Ą30%)
22:07:36 core.sweep_detector INFO: OrderBlocks: 2 detected, 1 unmitigated
22:07:36 core.sweep_detector INFO: FVGs: 8 detected, 1 unfilled
22:07:37 core.sweep_detector INFO: SweepDetector v2: 5 raw â†’ 4 confirmed (volâ‰Ą2.5Ă— bodyâ‰Ą30%)
22:07:38 core.sweep_detector INFO: OrderBlocks: 5 detected, 2 unmitigated
22:07:38 core.sweep_detector INFO: FVGs: 7 detected, 2 unfilled
22:07:39 core.sweep_detector INFO: SweepDetector v2: 1 raw â†’ 1 confirmed (volâ‰Ą2.5Ă— bodyâ‰Ą30%)
22:07:39 core.sweep_detector INFO: OrderBlocks: 6 detected, 2 unmitigated
22:07:39 core.sweep_detector INFO: FVGs: 9 detected, 3 unfilled
22:07:41 core.sweep_detector INFO: SweepDetector v2: 1 raw â†’ 1 confirmed (volâ‰Ą2.5Ă— bodyâ‰Ą30%)
22:07:41 core.sweep_detector INFO: OrderBlocks: 2 detected, 1 unmitigated
22:07:41 core.sweep_detector INFO: FVGs: 6 detected, 1 unfilled
22:07:42 core.sweep_detector INFO: SweepDetector v2: 0 raw â†’ 0 confirmed (volâ‰Ą2.5Ă— bodyâ‰Ą30%)
22:07:43 core.sweep_detector INFO: OrderBlocks: 9 detected, 2 unmitigated
22:07:43 core.sweep_detector INFO: FVGs: 2 detected, 0 unfilled
22:07:44 core.sweep_detector INFO: SweepDetector v2: 2 raw â†’ 1 confirmed (volâ‰Ą2.5Ă— bodyâ‰Ą30%)
22:07:44 core.sweep_detector INFO: OrderBlocks: 8 detected, 2 unmitigated
22:07:44 core.sweep_detector INFO: FVGs: 13 detected, 5 unfilled
22:07:46 core.sweep_detector INFO: SweepDetector v2: 3 raw â†’ 3 confirmed (volâ‰Ą2.5Ă— bodyâ‰Ą30%)
22:07:46 core.sweep_detector INFO: OrderBlocks: 5 detected, 2 unmitigated
22:07:46 core.sweep_detector INFO: FVGs: 17 detected, 5 unfilled
22:07:48 core.sweep_detector INFO: SweepDetector v2: 2 raw â†’ 0 confirmed (volâ‰Ą2.5Ă— bodyâ‰Ą30%)
22:07:48 core.sweep_detector INFO: OrderBlocks: 6 detected, 2 unmitigated
22:07:48 core.sweep_detector INFO: FVGs: 13 detected, 4 unfilled
22:07:50 core.sweep_detector INFO: SweepDetector v2: 3 raw â†’ 2 confirmed (volâ‰Ą2.5Ă— bodyâ‰Ą30%)
22:07:50 core.sweep_detector INFO: OrderBlocks: 6 detected, 3 unmitigated
22:07:50 core.sweep_detector INFO: FVGs: 14 detected, 4 unfilled
22:07:51 core.sweep_detector INFO: SweepDetector v2: 2 raw â†’ 0 confirmed (volâ‰Ą2.5Ă— bodyâ‰Ą30%)
22:07:51 core.sweep_detector INFO: OrderBlocks: 10 detected, 4 unmitigated
22:07:51 core.sweep_detector INFO: FVGs: 16 detected, 5 unfilled
22:07:53 core.sweep_detector INFO: SweepDetector v2: 2 raw â†’ 1 confirmed (volâ‰Ą2.5Ă— bodyâ‰Ą30%)
22:07:53 core.sweep_detector INFO: OrderBlocks: 2 detected, 1 unmitigated
22:07:53 core.sweep_detector INFO: FVGs: 10 detected, 5 unfilled
22:07:55 core.sweep_detector INFO: SweepDetector v2: 2 raw â†’ 2 confirmed (volâ‰Ą2.5Ă— bodyâ‰Ą30%)
22:07:55 core.sweep_detector INFO: OrderBlocks: 8 detected, 2 unmitigated
22:07:55 core.sweep_detector INFO: FVGs: 8 detected, 4 unfilled
22:07:56 core.sweep_detector INFO: SweepDetector v2: 1 raw â†’ 1 confirmed (volâ‰Ą2.5Ă— bodyâ‰Ą30%)
22:07:56 core.sweep_detector INFO: OrderBlocks: 3 detected, 1 unmitigated
22:07:56 core.sweep_detector INFO: FVGs: 6 detected, 2 unfilled
22:07:58 core.sweep_detector INFO: SweepDetector v2: 2 raw â†’ 1 confirmed (volâ‰Ą2.5Ă— bodyâ‰Ą30%)
22:07:58 core.sweep_detector INFO: OrderBlocks: 9 detected, 1 unmitigated
22:07:58 core.sweep_detector INFO: FVGs: 5 detected, 0 unfilled
22:07:59 core.sweep_detector INFO: SweepDetector v2: 0 raw â†’ 0 confirmed (volâ‰Ą2.5Ă— bodyâ‰Ą30%)
22:07:59 core.sweep_detector INFO: OrderBlocks: 3 detected, 1 unmitigated
22:07:59 core.sweep_detector INFO: FVGs: 12 detected, 2 unfilled
22:08:02 core.sweep_detector INFO: SweepDetector v2: 0 raw â†’ 0 confirmed (volâ‰Ą2.5Ă— bodyâ‰Ą30%)
22:08:02 core.sweep_detector INFO: OrderBlocks: 4 detected, 0 unmitigated
22:08:02 core.sweep_detector INFO: FVGs: 8 detected, 1 unfilled
22:08:04 core.sweep_detector INFO: SweepDetector v2: 1 raw â†’ 1 confirmed (volâ‰Ą2.5Ă— bodyâ‰Ą30%)
22:08:04 core.sweep_detector INFO: OrderBlocks: 3 detected, 1 unmitigated
22:08:04 core.sweep_detector INFO: FVGs: 8 detected, 1 unfilled
22:08:06 core.sweep_detector INFO: SweepDetector v2: 0 raw â†’ 0 confirmed (volâ‰Ą2.5Ă— bodyâ‰Ą30%)
22:08:06 core.sweep_detector INFO: OrderBlocks: 7 detected, 3 unmitigated
22:08:06 core.sweep_detector INFO: FVGs: 11 detected, 6 unfilled
22:08:08 core.sweep_detector INFO: SweepDetector v2: 0 raw â†’ 0 confirmed (volâ‰Ą2.5Ă— bodyâ‰Ą30%)
22:08:08 core.sweep_detector INFO: OrderBlocks: 2 detected, 1 unmitigated
22:08:08 core.sweep_detector INFO: FVGs: 10 detected, 3 unfilled
22:08:09 core.sweep_detector INFO: SweepDetector v2: 1 raw â†’ 1 confirmed (volâ‰Ą2.5Ă— bodyâ‰Ą30%)
22:08:09 core.sweep_detector INFO: OrderBlocks: 6 detected, 2 unmitigated
22:08:09 core.sweep_detector INFO: FVGs: 9 detected, 3 unfilled
22:08:11 core.sweep_detector INFO: SweepDetector v2: 9 raw â†’ 6 confirmed (volâ‰Ą2.5Ă— bodyâ‰Ą30%)
22:08:11 core.sweep_detector INFO: OrderBlocks: 7 detected, 2 unmitigated
22:08:11 core.sweep_detector INFO: FVGs: 10 detected, 7 unfilled
22:08:12 core.sweep_detector INFO: SweepDetector v2: 4 raw â†’ 3 confirmed (volâ‰Ą2.5Ă— bodyâ‰Ą30%)
22:08:12 core.sweep_detector INFO: OrderBlocks: 5 detected, 1 unmitigated
22:08:12 core.sweep_detector INFO: FVGs: 8 detected, 3 unfilled
22:08:14 core.sweep_detector INFO: SweepDetector v2: 1 raw â†’ 0 confirmed (volâ‰Ą2.5Ă— bodyâ‰Ą30%)
22:08:14 core.sweep_detector INFO: OrderBlocks: 5 detected, 2 unmitigated
22:08:14 core.sweep_detector INFO: FVGs: 6 detected, 1 unfilled
22:08:16 core.sweep_detector INFO: SweepDetector v2: 1 raw â†’ 1 confirmed (volâ‰Ą2.5Ă— bodyâ‰Ą30%)
22:08:16 core.sweep_detector INFO: OrderBlocks: 4 detected, 2 unmitigated
22:08:16 core.sweep_detector INFO: FVGs: 8 detected, 4 unfilled
22:08:18 core.sweep_detector INFO: SweepDetector v2: 2 raw â†’ 1 confirmed (volâ‰Ą2.5Ă— bodyâ‰Ą30%)
22:08:18 core.sweep_detector INFO: OrderBlocks: 4 detected, 0 unmitigated
22:08:18 core.sweep_detector INFO: FVGs: 5 detected, 1 unfilled
22:08:19 core.sweep_detector INFO: SweepDetector v2: 0 raw â†’ 0 confirmed (volâ‰Ą2.5Ă— bodyâ‰Ą30%)
22:08:19 core.sweep_detector INFO: OrderBlocks: 4 detected, 1 unmitigated
22:08:19 core.sweep_detector INFO: FVGs: 4 detected, 0 unfilled
22:08:21 core.sweep_detector INFO: SweepDetector v2: 0 raw â†’ 0 confirmed (volâ‰Ą2.5Ă— bodyâ‰Ą30%)
22:08:21 core.sweep_detector INFO: OrderBlocks: 7 detected, 2 unmitigated
22:08:21 core.sweep_detector INFO: FVGs: 4 detected, 2 unfilled
22:08:22 core.sweep_detector INFO: SweepDetector v2: 1 raw â†’ 1 confirmed (volâ‰Ą2.5Ă— bodyâ‰Ą30%)
22:08:22 core.sweep_detector INFO: OrderBlocks: 4 detected, 2 unmitigated
22:08:22 core.sweep_detector INFO: FVGs: 6 detected, 2 unfilled
22:08:24 core.sweep_detector INFO: SweepDetector v2: 0 raw â†’ 0 confirmed (volâ‰Ą2.5Ă— bodyâ‰Ą30%)
22:08:24 core.sweep_detector INFO: OrderBlocks: 9 detected, 2 unmitigated
22:08:24 core.sweep_detector INFO: FVGs: 4 detected, 1 unfilled
22:08:26 core.sweep_detector INFO: SweepDetector v2: 1 raw â†’ 1 confirmed (volâ‰Ą2.5Ă— bodyâ‰Ą30%)
22:08:26 core.sweep_detector INFO: OrderBlocks: 7 detected, 2 unmitigated
22:08:26 core.sweep_detector INFO: FVGs: 4 detected, 3 unfilled
22:08:28 core.sweep_detector INFO: SweepDetector v2: 2 raw â†’ 1 confirmed (volâ‰Ą2.5Ă— bodyâ‰Ą30%)
22:08:28 core.sweep_detector INFO: OrderBlocks: 2 detected, 0 unmitigated
22:08:28 core.sweep_detector INFO: FVGs: 4 detected, 2 unfilled
22:08:29 core.sweep_detector INFO: SweepDetector v2: 0 raw â†’ 0 confirmed (volâ‰Ą2.5Ă— bodyâ‰Ą30%)
22:08:29 core.sweep_detector INFO: OrderBlocks: 6 detected, 1 unmitigated
22:08:29 core.sweep_detector INFO: FVGs: 4 detected, 2 unfilled
22:08:31 core.sweep_detector INFO: SweepDetector v2: 0 raw â†’ 0 confirmed (volâ‰Ą2.5Ă— bodyâ‰Ą30%)
22:08:31 core.sweep_detector INFO: OrderBlocks: 3 detected, 1 unmitigated
22:08:31 core.sweep_detector INFO: FVGs: 12 detected, 4 unfilled
22:08:33 core.sweep_detector INFO: SweepDetector v2: 1 raw â†’ 1 confirmed (volâ‰Ą2.5Ă— bodyâ‰Ą30%)
22:08:33 core.sweep_detector INFO: OrderBlocks: 8 detected, 2 unmitigated
22:08:33 core.sweep_detector INFO: FVGs: 11 detected, 5 unfilled
22:08:36 core.sweep_detector INFO: SweepDetector v2: 2 raw â†’ 0 confirmed (volâ‰Ą2.5Ă— bodyâ‰Ą30%)
22:08:36 core.sweep_detector INFO: OrderBlocks: 4 detected, 0 unmitigated
22:08:36 core.sweep_detector INFO: FVGs: 5 detected, 1 unfilled
22:08:37 core.sweep_detector INFO: SweepDetector v2: 3 raw â†’ 2 confirmed (volâ‰Ą2.5Ă— bodyâ‰Ą30%)
22:08:37 core.sweep_detector INFO: OrderBlocks: 10 detected, 2 unmitigated
22:08:37 core.sweep_detector INFO: FVGs: 13 detected, 2 unfilled
22:08:39 core.sweep_detector INFO: SweepDetector v2: 2 raw â†’ 1 confirmed (volâ‰Ą2.5Ă— bodyâ‰Ą30%)
22:08:39 core.sweep_detector INFO: OrderBlocks: 6 detected, 0 unmitigated
22:08:39 core.sweep_detector INFO: FVGs: 10 detected, 3 unfilled
22:08:40 core.sweep_detector INFO: SweepDetector v2: 1 raw â†’ 1 confirmed (volâ‰Ą2.5Ă— bodyâ‰Ą30%)
22:08:40 core.sweep_detector INFO: OrderBlocks: 3 detected, 1 unmitigated
22:08:40 core.sweep_detector INFO: FVGs: 7 detected, 3 unfilled
22:08:42 core.sweep_detector INFO: SweepDetector v2: 2 raw â†’ 2 confirmed (volâ‰Ą2.5Ă— bodyâ‰Ą30%)
22:08:42 core.sweep_detector INFO: OrderBlocks: 13 detected, 2 unmitigated
22:08:42 core.sweep_detector INFO: FVGs: 16 detected, 3 unfilled
22:08:44 core.sweep_detector INFO: SweepDetector v2: 3 raw â†’ 3 confirmed (volâ‰Ą2.5Ă— bodyâ‰Ą30%)
22:08:44 core.sweep_detector INFO: OrderBlocks: 4 detected, 2 unmitigated
22:08:44 core.sweep_detector INFO: FVGs: 5 detected, 2 unfilled
22:08:45 core.sweep_detector INFO: SweepDetector v2: 2 raw â†’ 1 confirmed (volâ‰Ą2.5Ă— bodyâ‰Ą30%)
22:08:45 core.sweep_detector INFO: OrderBlocks: 5 detected, 1 unmitigated
22:08:45 core.sweep_detector INFO: FVGs: 4 detected, 2 unfilled
22:08:47 core.sweep_detector INFO: SweepDetector v2: 6 raw â†’ 3 confirmed (volâ‰Ą2.5Ă— bodyâ‰Ą30%)
22:08:47 core.sweep_detector INFO: OrderBlocks: 6 detected, 4 unmitigated
22:08:47 core.sweep_detector INFO: FVGs: 10 detected, 4 unfilled
22:08:50 core.sweep_detector INFO: SweepDetector v2: 5 raw â†’ 4 confirmed (volâ‰Ą2.5Ă— bodyâ‰Ą30%)
22:08:50 core.sweep_detector INFO: OrderBlocks: 5 detected, 1 unmitigated
22:08:50 core.sweep_detector INFO: FVGs: 8 detected, 4 unfilled
22:08:51 core.sweep_detector INFO: SweepDetector v2: 0 raw â†’ 0 confirmed (volâ‰Ą2.5Ă— bodyâ‰Ą30%)
22:08:51 core.sweep_detector INFO: OrderBlocks: 6 detected, 1 unmitigated
22:08:51 core.sweep_detector INFO: FVGs: 7 detected, 1 unfilled
22:08:54 core.sweep_detector INFO: SweepDetector v2: 1 raw â†’ 1 confirmed (volâ‰Ą2.5Ă— bodyâ‰Ą30%)
22:08:54 core.sweep_detector INFO: OrderBlocks: 6 detected, 3 unmitigated
22:08:54 core.sweep_detector INFO: FVGs: 11 detected, 6 unfilled
22:08:55 core.sweep_detector INFO: SweepDetector v2: 2 raw â†’ 0 confirmed (volâ‰Ą2.5Ă— bodyâ‰Ą30%)
22:08:55 core.sweep_detector INFO: OrderBlocks: 5 detected, 0 unmitigated
22:08:55 core.sweep_detector INFO: FVGs: 12 detected, 1 unfilled
22:08:57 core.sweep_detector INFO: SweepDetector v2: 1 raw â†’ 1 confirmed (volâ‰Ą2.5Ă— bodyâ‰Ą30%)
22:08:57 core.sweep_detector INFO: OrderBlocks: 8 detected, 4 unmitigated
22:08:57 core.sweep_detector INFO: FVGs: 5 detected, 1 unfilled
22:08:59 core.sweep_detector INFO: SweepDetector v2: 3 raw â†’ 2 confirmed (volâ‰Ą2.5Ă— bodyâ‰Ą30%)
22:08:59 core.sweep_detector INFO: OrderBlocks: 4 detected, 0 unmitigated
22:08:59 core.sweep_detector INFO: FVGs: 7 detected, 1 unfilled
22:09:00 core.trade_executor INFO: [Executor] Placing entry+SL atomically: long PAXG/USDT qty=0.088 sl=4470.25158 tp=4575.02
22:09:00 core.binance_connector INFO: [Batch] Atomic entry+SL+TP: PAXG/USDT entry=4101696583 sl=4101696589 tp=4101696584 fill=0.0
22:09:00 core.trade_executor INFO: [Executor] Entry+SL result: fill=4495.47 sl_order=4101696589 method=batch_atomic
22:09:00 core.position_monitor INFO: [PositionMonitor] Started (account=2, interval=10s)
22:09:00 __main__ INFO: Triggered pending #32: binance:PAXG/USDT long @ 4494.42 (entry was 4492.86) trade_id=13 mode=live
22:09:00 core.binance_connector INFO: get_positions: 0 active positions
22:09:00 core.binance_connector WARNING: stop_market blocked (binanceusdm {"code":-4045,"msg":"Reach max stop order limit."}), SL will be enforced by price-watch monitor
22:09:00 core.binance_connector WARNING: take_profit_market blocked, falling back to LIMIT TP
22:09:01 core.binance_connector ERROR: TP limit fallback error: binanceusdm {"code":-2022,"msg":"ReduceOnly Order is rejected."}
22:09:01 core.binance_connector INFO: set_sl_tp complete for VANA/USDT:USDT: {'sl_price': 1.264, 'tp_price': 1.201, 'sl_order_id': 'price_watch', 'tp_order_id': 'error:binanceusdm {"code":-2022,"msg":"ReduceOnly Order is rejected."}'}
22:09:01 core.position_monitor INFO: [Monitor] Bracket placed trade 12: SL=1.264 TP=1.201
22:09:01 core.binance_connector WARNING: stop_market blocked (binanceusdm {"code":-4045,"msg":"Reach max stop order limit."}), SL will be enforced by price-watch monitor
22:09:01 core.binance_connector WARNING: take_profit_market blocked, falling back to LIMIT TP
22:09:01 core.binance_connector ERROR: TP limit fallback error: binanceusdm {"code":-2022,"msg":"ReduceOnly Order is rejected."}
22:09:01 core.binance_connector INFO: set_sl_tp complete for SYRUP/USDT:USDT: {'sl_price': 0.20591, 'tp_price': 0.20013, 'sl_order_id': 'price_watch', 'tp_order_id': 'error:binanceusdm {"code":-2022,"msg":"ReduceOnly Order is rejected."}'}
22:09:01 core.position_monitor INFO: [Monitor] Bracket placed trade 7: SL=0.20591 TP=0.20013
22:09:01 core.sweep_detector INFO: SweepDetector v2: 3 raw â†’ 3 confirmed (volâ‰Ą2.5Ă— bodyâ‰Ą30%)
22:09:01 core.sweep_detector INFO: OrderBlocks: 2 detected, 0 unmitigated
22:09:01 core.sweep_detector INFO: FVGs: 3 detected, 0 unfilled
22:09:03 core.sweep_detector INFO: SweepDetector v2: 0 raw â†’ 0 confirmed (volâ‰Ą2.5Ă— bodyâ‰Ą30%)
22:09:03 core.sweep_detector INFO: OrderBlocks: 7 detected, 1 unmitigated
22:09:03 core.sweep_detector INFO: FVGs: 1 detected, 0 unfilled
22:09:04 core.sweep_detector INFO: SweepDetector v2: 0 raw â†’ 0 confirmed (volâ‰Ą2.5Ă— bodyâ‰Ą30%)
22:09:04 core.sweep_detector INFO: OrderBlocks: 6 detected, 3 unmitigated
22:09:04 core.sweep_detector INFO: FVGs: 10 detected, 4 unfilled
22:09:06 core.sweep_detector INFO: SweepDetector v2: 3 raw â†’ 2 confirmed (volâ‰Ą2.5Ă— bodyâ‰Ą30%)
22:09:06 core.sweep_detector INFO: OrderBlocks: 4 detected, 1 unmitigated
22:09:06 core.sweep_detector INFO: FVGs: 5 detected, 2 unfilled
22:09:08 core.sweep_detector INFO: SweepDetector v2: 1 raw â†’ 1 confirmed (volâ‰Ą2.5Ă— bodyâ‰Ą30%)
22:09:08 core.sweep_detector INFO: OrderBlocks: 4 detected, 1 unmitigated
22:09:08 core.sweep_detector INFO: FVGs: 7 detected, 1 unfilled
22:09:09 core.sweep_detector INFO: SweepDetector v2: 1 raw â†’ 1 confirmed (volâ‰Ą2.5Ă— bodyâ‰Ą30%)
22:09:09 core.sweep_detector INFO: OrderBlocks: 3 detected, 1 unmitigated
22:09:09 core.sweep_detector INFO: FVGs: 5 detected, 1 unfilled
22:09:11 core.sweep_detector INFO: SweepDetector v2: 2 raw â†’ 2 confirmed (volâ‰Ą2.5Ă— bodyâ‰Ą30%)
22:09:11 core.sweep_detector INFO: OrderBlocks: 2 detected, 0 unmitigated
22:09:11 core.sweep_detector INFO: FVGs: 4 detected, 2 unfilled
22:09:11 core.binance_connector INFO: get_positions: 0 active positions
22:09:12 core.sweep_detector INFO: SweepDetector v2: 1 raw â†’ 1 confirmed (volâ‰Ą2.5Ă— bodyâ‰Ą30%)
22:09:12 core.sweep_detector INFO: OrderBlocks: 0 detected, 0 unmitigated
22:09:12 core.sweep_detector INFO: FVGs: 1 detected, 0 unfilled
22:09:14 core.sweep_detector INFO: SweepDetector v2: 2 raw â†’ 2 confirmed (volâ‰Ą2.5Ă— bodyâ‰Ą30%)
22:09:14 core.sweep_detector INFO: OrderBlocks: 8 detected, 3 unmitigated
22:09:14 core.sweep_detector INFO: FVGs: 9 detected, 3 unfilled
22:09:15 core.sweep_detector INFO: SweepDetector v2: 4 raw â†’ 2 confirmed (volâ‰Ą2.5Ă— bodyâ‰Ą30%)
22:09:15 core.sweep_detector INFO: OrderBlocks: 1 detected, 0 unmitigated
22:09:15 core.sweep_detector INFO: FVGs: 8 detected, 3 unfilled
22:09:17 core.sweep_detector INFO: SweepDetector v2: 2 raw â†’ 0 confirmed (volâ‰Ą2.5Ă— bodyâ‰Ą30%)
22:09:17 core.sweep_detector INFO: OrderBlocks: 7 detected, 0 unmitigated
22:09:17 core.sweep_detector INFO: FVGs: 5 detected, 0 unfilled
22:09:19 core.sweep_detector INFO: SweepDetector v2: 1 raw â†’ 0 confirmed (volâ‰Ą2.5Ă— bodyâ‰Ą30%)
22:09:19 core.sweep_detector INFO: OrderBlocks: 5 detected, 1 unmitigated
22:09:19 core.sweep_detector INFO: FVGs: 5 detected, 2 unfilled
22:09:20 core.sweep_detector INFO: SweepDetector v2: 4 raw â†’ 4 confirmed (volâ‰Ą2.5Ă— bodyâ‰Ą30%)
22:09:20 core.sweep_detector INFO: OrderBlocks: 1 detected, 0 unmitigated
22:09:20 core.sweep_detector INFO: FVGs: 7 detected, 1 unfilled
22:09:22 core.binance_connector INFO: get_positions: 0 active positions
22:09:22 core.sweep_detector INFO: SweepDetector v2: 0 raw â†’ 0 confirmed (volâ‰Ą2.5Ă— bodyâ‰Ą30%)
22:09:22 core.sweep_detector INFO: OrderBlocks: 4 detected, 0 unmitigated
22:09:22 core.sweep_detector INFO: FVGs: 8 detected, 1 unfilled
22:09:24 core.sweep_detector INFO: SweepDetector v2: 2 raw â†’ 2 confirmed (volâ‰Ą2.5Ă— bodyâ‰Ą30%)
22:09:24 core.sweep_detector INFO: OrderBlocks: 6 detected, 3 unmitigated
22:09:24 core.sweep_detector INFO: FVGs: 9 detected, 2 unfilled
22:09:25 core.sweep_detector INFO: SweepDetector v2: 1 raw â†’ 1 confirmed (volâ‰Ą2.5Ă— bodyâ‰Ą30%)
22:09:25 core.sweep_detector INFO: OrderBlocks: 4 detected, 1 unmitigated
22:09:25 core.sweep_detector INFO: FVGs: 6 detected, 1 unfilled
22:09:28 core.sweep_detector INFO: SweepDetector v2: 0 raw â†’ 0 confirmed (volâ‰Ą2.5Ă— bodyâ‰Ą30%)
22:09:28 core.sweep_detector INFO: OrderBlocks: 8 detected, 2 unmitigated
22:09:28 core.sweep_detector INFO: FVGs: 7 detected, 2 unfilled
22:09:30 core.sweep_detector INFO: SweepDetector v2: 0 raw â†’ 0 confirmed (volâ‰Ą2.5Ă— bodyâ‰Ą30%)
22:09:30 core.sweep_detector INFO: OrderBlocks: 1 detected, 0 unmitigated
22:09:30 core.sweep_detector INFO: FVGs: 0 detected, 0 unfilled
22:09:31 core.sweep_detector INFO: SweepDetector v2: 0 raw â†’ 0 confirmed (volâ‰Ą2.5Ă— bodyâ‰Ą30%)
22:09:31 core.sweep_detector INFO: OrderBlocks: 0 detected, 0 unmitigated
22:09:31 core.sweep_detector INFO: FVGs: 0 detected, 0 unfilled
22:09:32 core.binance_connector INFO: get_positions: 0 active positions
22:09:33 core.sweep_detector INFO: SweepDetector v2: 0 raw â†’ 0 confirmed (volâ‰Ą2.5Ă— bodyâ‰Ą30%)
22:09:33 core.sweep_detector INFO: OrderBlocks: 0 detected, 0 unmitigated
22:09:33 core.sweep_detector INFO: FVGs: 0 detected, 0 unfilled
22:09:34 core.sweep_detector INFO: SweepDetector v2: 2 raw â†’ 2 confirmed (volâ‰Ą2.5Ă— bodyâ‰Ą30%)
22:09:34 core.sweep_detector INFO: OrderBlocks: 5 detected, 2 unmitigated
22:09:34 core.sweep_detector INFO: FVGs: 6 detected, 1 unfilled
22:09:36 core.sweep_detector INFO: SweepDetector v2: 3 raw â†’ 3 confirmed (volâ‰Ą2.5Ă— bodyâ‰Ą30%)
22:09:36 core.sweep_detector INFO: OrderBlocks: 4 detected, 0 unmitigated
22:09:36 core.sweep_detector INFO: FVGs: 8 detected, 0 unfilled
22:09:38 core.sweep_detector INFO: SweepDetector v2: 1 raw â†’ 1 confirmed (volâ‰Ą2.5Ă— bodyâ‰Ą30%)
22:09:38 core.sweep_detector INFO: OrderBlocks: 7 detected, 2 unmitigated
22:09:38 core.sweep_detector INFO: FVGs: 6 detected, 1 unfilled
22:09:39 core.sweep_detector INFO: SweepDetector v2: 2 raw â†’ 1 confirmed (volâ‰Ą2.5Ă— bodyâ‰Ą30%)
22:09:39 core.sweep_detector INFO: OrderBlocks: 6 detected, 1 unmitigated
22:09:39 core.sweep_detector INFO: FVGs: 12 detected, 2 unfilled
22:09:41 core.sweep_detector INFO: SweepDetector v2: 1 raw â†’ 0 confirmed (volâ‰Ą2.5Ă— bodyâ‰Ą30%)
22:09:41 core.sweep_detector INFO: OrderBlocks: 1 detected, 1 unmitigated
22:09:41 core.sweep_detector INFO: FVGs: 8 detected, 6 unfilled
22:09:42 core.sweep_detector INFO: SweepDetector v2: 1 raw â†’ 0 confirmed (volâ‰Ą2.5Ă— bodyâ‰Ą30%)
22:09:42 core.sweep_detector INFO: OrderBlocks: 5 detected, 3 unmitigated
22:09:42 core.sweep_detector INFO: FVGs: 9 detected, 4 unfilled
22:09:42 core.binance_connector INFO: get_positions: 0 active positions
22:09:44 core.sweep_detector INFO: SweepDetector v2: 0 raw â†’ 0 confirmed (volâ‰Ą2.5Ă— bodyâ‰Ą30%)
22:09:44 core.sweep_detector INFO: OrderBlocks: 4 detected, 2 unmitigated
22:09:44 core.sweep_detector INFO: FVGs: 11 detected, 8 unfilled
22:09:46 core.sweep_detector INFO: SweepDetector v2: 0 raw â†’ 0 confirmed (volâ‰Ą2.5Ă— bodyâ‰Ą30%)
22:09:46 core.sweep_detector INFO: OrderBlocks: 2 detected, 0 unmitigated
22:09:46 core.sweep_detector INFO: FVGs: 5 detected, 1 unfilled
22:09:47 core.sweep_detector INFO: SweepDetector v2: 2 raw â†’ 2 confirmed (volâ‰Ą2.5Ă— bodyâ‰Ą30%)
22:09:47 core.sweep_detector INFO: OrderBlocks: 5 detected, 1 unmitigated
22:09:47 core.sweep_detector INFO: FVGs: 2 detected, 0 unfilled
22:09:49 core.sweep_detector INFO: SweepDetector v2: 5 raw â†’ 3 confirmed (volâ‰Ą2.5Ă— bodyâ‰Ą30%)
22:09:49 core.sweep_detector INFO: OrderBlocks: 8 detected, 2 unmitigated
22:09:49 core.sweep_detector INFO: FVGs: 9 detected, 2 unfilled
22:09:51 core.sweep_detector INFO: SweepDetector v2: 2 raw â†’ 2 confirmed (volâ‰Ą2.5Ă— bodyâ‰Ą30%)
22:09:51 core.sweep_detector INFO: OrderBlocks: 6 detected, 3 unmitigated
22:09:51 core.sweep_detector INFO: FVGs: 16 detected, 4 unfilled
22:09:52 core.sweep_detector INFO: SweepDetector v2: 1 raw â†’ 1 confirmed (volâ‰Ą2.5Ă— bodyâ‰Ą30%)
22:09:52 core.sweep_detector INFO: OrderBlocks: 3 detected, 0 unmitigated
22:09:52 core.sweep_detector INFO: FVGs: 9 detected, 5 unfilled
22:09:53 core.binance_connector INFO: get_positions: 0 active positions
22:09:54 core.sweep_detector INFO: SweepDetector v2: 0 raw â†’ 0 confirmed (volâ‰Ą2.5Ă— bodyâ‰Ą30%)
22:09:54 core.sweep_detector INFO: OrderBlocks: 5 detected, 1 unmitigated
22:09:54 core.sweep_detector INFO: FVGs: 8 detected, 3 unfilled
22:09:56 core.sweep_detector INFO: SweepDetector v2: 2 raw â†’ 2 confirmed (volâ‰Ą2.5Ă— bodyâ‰Ą30%)
22:09:56 core.sweep_detector INFO: OrderBlocks: 4 detected, 3 unmitigated
22:09:56 core.sweep_detector INFO: FVGs: 5 detected, 2 unfilled
22:09:58 core.sweep_detector INFO: SweepDetector v2: 0 raw â†’ 0 confirmed (volâ‰Ą2.5Ă— bodyâ‰Ą30%)
22:09:58 core.sweep_detector INFO: OrderBlocks: 1 detected, 1 unmitigated
22:09:58 core.sweep_detector INFO: FVGs: 1 detected, 1 unfilled
22:10:00 core.sweep_detector INFO: SweepDetector v2: 1 raw â†’ 1 confirmed (volâ‰Ą2.5Ă— bodyâ‰Ą30%)
22:10:00 core.sweep_detector INFO: OrderBlocks: 3 detected, 2 unmitigated
22:10:00 core.sweep_detector INFO: FVGs: 12 detected, 8 unfilled
22:10:02 core.sweep_detector INFO: SweepDetector v2: 1 raw â†’ 1 confirmed (volâ‰Ą2.5Ă— bodyâ‰Ą30%)
22:10:02 core.sweep_detector INFO: OrderBlocks: 0 detected, 0 unmitigated
22:10:02 core.sweep_detector INFO: FVGs: 1 detected, 1 unfilled
22:10:04 core.binance_connector INFO: get_positions: 0 active positions
22:10:04 core.sweep_detector INFO: SweepDetector v2: 3 raw â†’ 3 confirmed (volâ‰Ą2.5Ă— bodyâ‰Ą30%)
22:10:04 core.sweep_detector INFO: OrderBlocks: 7 detected, 1 unmitigated
22:10:04 core.sweep_detector INFO: FVGs: 9 detected, 5 unfilled
22:10:06 core.sweep_detector INFO: SweepDetector v2: 1 raw â†’ 0 confirmed (volâ‰Ą2.5Ă— bodyâ‰Ą30%)
22:10:06 core.sweep_detector INFO: OrderBlocks: 7 detected, 1 unmitigated
22:10:06 core.sweep_detector INFO: FVGs: 8 detected, 3 unfilled
22:10:08 core.sweep_detector INFO: SweepDetector v2: 3 raw â†’ 1 confirmed (volâ‰Ą2.5Ă— bodyâ‰Ą30%)
22:10:08 core.sweep_detector INFO: OrderBlocks: 3 detected, 2 unmitigated
22:10:08 core.sweep_detector INFO: FVGs: 6 detected, 1 unfilled
22:10:10 core.sweep_detector INFO: SweepDetector v2: 1 raw â†’ 1 confirmed (volâ‰Ą2.5Ă— bodyâ‰Ą30%)
22:10:10 core.sweep_detector INFO: OrderBlocks: 9 detected, 0 unmitigated
22:10:10 core.sweep_detector INFO: FVGs: 4 detected, 1 unfilled
22:10:12 core.sweep_detector INFO: SweepDetector v2: 4 raw â†’ 3 confirmed (volâ‰Ą2.5Ă— bodyâ‰Ą30%)
22:10:12 core.sweep_detector INFO: OrderBlocks: 7 detected, 2 unmitigated
22:10:12 core.sweep_detector INFO: FVGs: 9 detected, 2 unfilled
22:10:13 core.sweep_detector INFO: SweepDetector v2: 2 raw â†’ 1 confirmed (volâ‰Ą2.5Ă— bodyâ‰Ą30%)
22:10:13 core.sweep_detector INFO: OrderBlocks: 4 detected, 2 unmitigated
22:10:13 core.sweep_detector INFO: FVGs: 15 detected, 6 unfilled
22:10:14 core.binance_connector INFO: get_positions: 0 active positions
22:10:15 core.sweep_detector INFO: SweepDetector v2: 2 raw â†’ 1 confirmed (volâ‰Ą2.5Ă— bodyâ‰Ą30%)
22:10:15 core.sweep_detector INFO: OrderBlocks: 5 detected, 1 unmitigated
22:10:15 core.sweep_detector INFO: FVGs: 7 detected, 2 unfilled
22:10:17 core.sweep_detector INFO: SweepDetector v2: 7 raw â†’ 5 confirmed (volâ‰Ą2.5Ă— bodyâ‰Ą30%)
22:10:17 core.sweep_detector INFO: OrderBlocks: 6 detected, 5 unmitigated
22:10:17 core.sweep_detector INFO: FVGs: 13 detected, 8 unfilled
22:10:18 core.sweep_detector INFO: SweepDetector v2: 2 raw â†’ 1 confirmed (volâ‰Ą2.5Ă— bodyâ‰Ą30%)
22:10:18 core.sweep_detector INFO: OrderBlocks: 2 detected, 1 unmitigated
22:10:18 core.sweep_detector INFO: FVGs: 6 detected, 2 unfilled
22:10:20 core.sweep_detector INFO: SweepDetector v2: 3 raw â†’ 3 confirmed (volâ‰Ą2.5Ă— bodyâ‰Ą30%)
22:10:20 core.sweep_detector INFO: OrderBlocks: 3 detected, 1 unmitigated
22:10:20 core.sweep_detector INFO: FVGs: 6 detected, 1 unfilled
22:10:22 core.sweep_detector INFO: SweepDetector v2: 0 raw â†’ 0 confirmed (volâ‰Ą2.5Ă— bodyâ‰Ą30%)
22:10:22 core.sweep_detector INFO: OrderBlocks: 6 detected, 4 unmitigated
22:10:22 core.sweep_detector INFO: FVGs: 13 detected, 6 unfilled
22:10:23 core.sweep_detector INFO: SweepDetector v2: 2 raw â†’ 1 confirmed (volâ‰Ą2.5Ă— bodyâ‰Ą30%)
22:10:23 core.sweep_detector INFO: OrderBlocks: 3 detected, 3 unmitigated
22:10:23 core.sweep_detector INFO: FVGs: 6 detected, 4 unfilled
22:10:25 core.binance_connector INFO: get_positions: 0 active positions
22:10:25 core.sweep_detector INFO: SweepDetector v2: 1 raw â†’ 0 confirmed (volâ‰Ą2.5Ă— bodyâ‰Ą30%)
22:10:25 core.sweep_detector INFO: OrderBlocks: 9 detected, 2 unmitigated
22:10:25 core.sweep_detector INFO: FVGs: 6 detected, 2 unfilled
22:10:27 core.sweep_detector INFO: SweepDetector v2: 3 raw â†’ 3 confirmed (volâ‰Ą2.5Ă— bodyâ‰Ą30%)
22:10:27 core.sweep_detector INFO: OrderBlocks: 3 detected, 1 unmitigated
22:10:27 core.sweep_detector INFO: FVGs: 4 detected, 1 unfilled
22:10:28 core.sweep_detector INFO: SweepDetector v2: 2 raw â†’ 1 confirmed (volâ‰Ą2.5Ă— bodyâ‰Ą30%)
22:10:29 core.sweep_detector INFO: OrderBlocks: 5 detected, 0 unmitigated
22:10:29 core.sweep_detector INFO: FVGs: 5 detected, 0 unfilled
22:10:30 core.sweep_detector INFO: SweepDetector v2: 1 raw â†’ 1 confirmed (volâ‰Ą2.5Ă— bodyâ‰Ą30%)
22:10:30 core.sweep_detector INFO: OrderBlocks: 7 detected, 3 unmitigated
22:10:30 core.sweep_detector INFO: FVGs: 7 detected, 1 unfilled
22:10:32 core.sweep_detector INFO: SweepDetector v2: 3 raw â†’ 2 confirmed (volâ‰Ą2.5Ă— bodyâ‰Ą30%)
22:10:32 core.sweep_detector INFO: OrderBlocks: 1 detected, 1 unmitigated
22:10:32 core.sweep_detector INFO: FVGs: 12 detected, 8 unfilled
22:10:33 core.sweep_detector INFO: SweepDetector v2: 2 raw â†’ 2 confirmed (volâ‰Ą2.5Ă— bodyâ‰Ą30%)
22:10:34 core.sweep_detector INFO: OrderBlocks: 4 detected, 1 unmitigated
22:10:34 core.sweep_detector INFO: FVGs: 10 detected, 4 unfilled
22:10:35 core.sweep_detector INFO: SweepDetector v2: 2 raw â†’ 1 confirmed (volâ‰Ą2.5Ă— bodyâ‰Ą30%)
22:10:35 core.sweep_detector INFO: OrderBlocks: 5 detected, 2 unmitigated
22:10:35 core.sweep_detector INFO: FVGs: 8 detected, 6 unfilled
22:10:35 core.binance_connector INFO: get_positions: 0 active positions
22:10:37 core.sweep_detector INFO: SweepDetector v2: 1 raw â†’ 0 confirmed (volâ‰Ą2.5Ă— bodyâ‰Ą30%)
22:10:37 core.sweep_detector INFO: OrderBlocks: 3 detected, 0 unmitigated
22:10:37 core.sweep_detector INFO: FVGs: 12 detected, 5 unfilled
22:10:38 core.sweep_detector INFO: SweepDetector v2: 1 raw â†’ 1 confirmed (volâ‰Ą2.5Ă— bodyâ‰Ą30%)
22:10:38 core.sweep_detector INFO: OrderBlocks: 2 detected, 0 unmitigated
22:10:38 core.sweep_detector INFO: FVGs: 3 detected, 1 unfilled
22:10:40 core.sweep_detector INFO: SweepDetector v2: 1 raw â†’ 1 confirmed (volâ‰Ą2.5Ă— bodyâ‰Ą30%)
22:10:40 core.sweep_detector INFO: OrderBlocks: 1 detected, 0 unmitigated
22:10:40 core.sweep_detector INFO: FVGs: 3 detected, 1 unfilled
22:10:42 core.sweep_detector INFO: SweepDetector v2: 1 raw â†’ 0 confirmed (volâ‰Ą2.5Ă— bodyâ‰Ą30%)
22:10:42 core.sweep_detector INFO: OrderBlocks: 5 detected, 3 unmitigated
22:10:42 core.sweep_detector INFO: FVGs: 10 detected, 6 unfilled
22:10:44 core.sweep_detector INFO: SweepDetector v2: 1 raw â†’ 1 confirmed (volâ‰Ą2.5Ă— bodyâ‰Ą30%)
22:10:44 core.sweep_detector INFO: OrderBlocks: 4 detected, 2 unmitigated
22:10:44 core.sweep_detector INFO: FVGs: 10 detected, 4 unfilled
22:10:46 core.sweep_detector INFO: SweepDetector v2: 2 raw â†’ 1 confirmed (volâ‰Ą2.5Ă— bodyâ‰Ą30%)
22:10:46 core.sweep_detector INFO: OrderBlocks: 6 detected, 1 unmitigated
22:10:46 core.sweep_detector INFO: FVGs: 3 detected, 0 unfilled
22:10:46 core.binance_connector INFO: get_positions: 0 active positions
22:10:47 core.sweep_detector INFO: SweepDetector v2: 0 raw â†’ 0 confirmed (volâ‰Ą2.5Ă— bodyâ‰Ą30%)
22:10:47 core.sweep_detector INFO: OrderBlocks: 10 detected, 2 unmitigated
22:10:47 core.sweep_detector INFO: FVGs: 11 detected, 2 unfilled
22:10:49 core.sweep_detector INFO: SweepDetector v2: 1 raw â†’ 1 confirmed (volâ‰Ą2.5Ă— bodyâ‰Ą30%)
22:10:49 core.sweep_detector INFO: OrderBlocks: 5 detected, 4 unmitigated
22:10:49 core.sweep_detector INFO: FVGs: 7 detected, 4 unfilled
22:10:50 core.sweep_detector INFO: SweepDetector v2: 0 raw â†’ 0 confirmed (volâ‰Ą2.5Ă— bodyâ‰Ą30%)
22:10:50 core.sweep_detector INFO: OrderBlocks: 3 detected, 1 unmitigated
22:10:50 core.sweep_detector INFO: FVGs: 5 detected, 2 unfilled
22:10:52 core.sweep_detector INFO: SweepDetector v2: 0 raw â†’ 0 confirmed (volâ‰Ą2.5Ă— bodyâ‰Ą30%)
22:10:52 core.sweep_detector INFO: OrderBlocks: 3 detected, 0 unmitigated
22:10:52 core.sweep_detector INFO: FVGs: 0 detected, 0 unfilled
22:10:54 core.sweep_detector INFO: SweepDetector v2: 0 raw â†’ 0 confirmed (volâ‰Ą2.5Ă— bodyâ‰Ą30%)
22:10:54 core.sweep_detector INFO: OrderBlocks: 0 detected, 0 unmitigated
22:10:54 core.sweep_detector INFO: FVGs: 0 detected, 0 unfilled
22:10:55 core.sweep_detector INFO: SweepDetector v2: 0 raw â†’ 0 confirmed (volâ‰Ą2.5Ă— bodyâ‰Ą30%)
22:10:55 core.sweep_detector INFO: OrderBlocks: 0 detected, 0 unmitigated
22:10:55 core.sweep_detector INFO: FVGs: 0 detected, 0 unfilled
22:10:56 core.binance_connector INFO: get_positions: 0 active positions
22:10:57 core.sweep_detector INFO: SweepDetector v2: 1 raw â†’ 1 confirmed (volâ‰Ą2.5Ă— bodyâ‰Ą30%)
22:10:57 core.sweep_detector INFO: OrderBlocks: 5 detected, 2 unmitigated
22:10:57 core.sweep_detector INFO: FVGs: 8 detected, 4 unfilled
22:10:59 core.sweep_detector INFO: SweepDetector v2: 1 raw â†’ 1 confirmed (volâ‰Ą2.5Ă— bodyâ‰Ą30%)
22:10:59 core.sweep_detector INFO: OrderBlocks: 5 detected, 0 unmitigated
22:10:59 core.sweep_detector INFO: FVGs: 6 detected, 1 unfilled
22:11:00 core.sweep_detector INFO: SweepDetector v2: 1 raw â†’ 1 confirmed (volâ‰Ą2.5Ă— bodyâ‰Ą30%)
22:11:00 core.sweep_detector INFO: OrderBlocks: 6 detected, 3 unmitigated
22:11:00 core.sweep_detector INFO: FVGs: 5 detected, 1 unfilled
22:11:02 core.sweep_detector INFO: SweepDetector v2: 1 raw â†’ 1 confirmed (volâ‰Ą2.5Ă— bodyâ‰Ą30%)
22:11:02 core.sweep_detector INFO: OrderBlocks: 2 detected, 0 unmitigated
22:11:02 core.sweep_detector INFO: FVGs: 0 detected, 0 unfilled
22:11:04 core.sweep_detector INFO: SweepDetector v2: 0 raw â†’ 0 confirmed (volâ‰Ą2.5Ă— bodyâ‰Ą30%)
22:11:04 core.sweep_detector INFO: OrderBlocks: 0 detected, 0 unmitigated
22:11:04 core.sweep_detector INFO: FVGs: 0 detected, 0 unfilled
22:11:05 core.sweep_detector INFO: SweepDetector v2: 0 raw â†’ 0 confirmed (volâ‰Ą2.5Ă— bodyâ‰Ą30%)
22:11:06 core.sweep_detector INFO: OrderBlocks: 0 detected, 0 unmitigated
22:11:06 core.sweep_detector INFO: FVGs: 0 detected, 0 unfilled
22:11:07 core.binance_connector INFO: get_positions: 0 active positions
22:11:07 core.sweep_detector INFO: SweepDetector v2: 0 raw â†’ 0 confirmed (volâ‰Ą2.5Ă— bodyâ‰Ą30%)
22:11:07 core.sweep_detector INFO: OrderBlocks: 3 detected, 0 unmitigated
22:11:07 core.sweep_detector INFO: FVGs: 0 detected, 0 unfilled
22:11:09 core.sweep_detector INFO: SweepDetector v2: 0 raw â†’ 0 confirmed (volâ‰Ą2.5Ă— bodyâ‰Ą30%)
22:11:09 core.sweep_detector INFO: OrderBlocks: 0 detected, 0 unmitigated
22:11:09 core.sweep_detector INFO: FVGs: 0 detected, 0 unfilled
22:11:10 core.sweep_detector INFO: SweepDetector v2: 0 raw â†’ 0 confirmed (volâ‰Ą2.5Ă— bodyâ‰Ą30%)
22:11:10 core.sweep_detector INFO: OrderBlocks: 0 detected, 0 unmitigated
22:11:10 core.sweep_detector INFO: FVGs: 0 detected, 0 unfilled
22:11:12 core.sweep_detector INFO: SweepDetector v2: 0 raw â†’ 0 confirmed (volâ‰Ą2.5Ă— bodyâ‰Ą30%)
22:11:12 core.sweep_detector INFO: OrderBlocks: 8 detected, 1 unmitigated
22:11:12 core.sweep_detector INFO: FVGs: 6 detected, 3 unfilled
22:11:14 core.sweep_detector INFO: SweepDetector v2: 2 raw â†’ 2 confirmed (volâ‰Ą2.5Ă— bodyâ‰Ą30%)
22:11:14 core.sweep_detector INFO: OrderBlocks: 5 detected, 2 unmitigated
22:11:14 core.sweep_detector INFO: FVGs: 14 detected, 4 unfilled
22:11:16 core.sweep_detector INFO: SweepDetector v2: 2 raw â†’ 2 confirmed (volâ‰Ą2.5Ă— bodyâ‰Ą30%)
22:11:16 core.sweep_detector INFO: OrderBlocks: 4 detected, 0 unmitigated
22:11:16 core.sweep_detector INFO: FVGs: 7 detected, 2 unfilled
22:11:17 core.binance_connector INFO: get_positions: 0 active positions
22:11:18 core.sweep_detector INFO: SweepDetector v2: 0 raw â†’ 0 confirmed (volâ‰Ą2.5Ă— bodyâ‰Ą30%)
22:11:18 core.sweep_detector INFO: OrderBlocks: 3 detected, 0 unmitigated
22:11:18 core.sweep_detector INFO: FVGs: 9 detected, 4 unfilled
22:11:19 core.sweep_detector INFO: SweepDetector v2: 1 raw â†’ 1 confirmed (volâ‰Ą2.5Ă— bodyâ‰Ą30%)
22:11:19 core.sweep_detector INFO: OrderBlocks: 2 detected, 1 unmitigated
22:11:19 core.sweep_detector INFO: FVGs: 6 detected, 2 unfilled
22:11:21 core.sweep_detector INFO: SweepDetector v2: 0 raw â†’ 0 confirmed (volâ‰Ą2.5Ă— bodyâ‰Ą30%)
22:11:21 core.sweep_detector INFO: OrderBlocks: 5 detected, 1 unmitigated
22:11:21 core.sweep_detector INFO: FVGs: 3 detected, 1 unfilled
22:11:23 core.sweep_detector INFO: SweepDetector v2: 2 raw â†’ 1 confirmed (volâ‰Ą2.5Ă— bodyâ‰Ą30%)
22:11:23 core.sweep_detector INFO: OrderBlocks: 6 detected, 5 unmitigated
22:11:23 core.sweep_detector INFO: FVGs: 12 detected, 6 unfilled
22:11:25 core.sweep_detector INFO: SweepDetector v2: 3 raw â†’ 3 confirmed (volâ‰Ą2.5Ă— bodyâ‰Ą30%)
22:11:25 core.sweep_detector INFO: OrderBlocks: 1 detected, 0 unmitigated
22:11:25 core.sweep_detector INFO: FVGs: 6 detected, 2 unfilled
22:11:27 core.sweep_detector INFO: SweepDetector v2: 0 raw â†’ 0 confirmed (volâ‰Ą2.5Ă— bodyâ‰Ą30%)
22:11:27 core.sweep_detector INFO: OrderBlocks: 6 detected, 0 unmitigated
22:11:27 core.sweep_detector INFO: FVGs: 7 detected, 0 unfilled
22:11:28 core.binance_connector INFO: get_positions: 0 active positions
22:11:29 core.sweep_detector INFO: SweepDetector v2: 2 raw â†’ 1 confirmed (volâ‰Ą2.5Ă— bodyâ‰Ą30%)
22:11:29 core.sweep_detector INFO: OrderBlocks: 6 detected, 1 unmitigated
22:11:29 core.sweep_detector INFO: FVGs: 5 detected, 1 unfilled
22:11:30 core.sweep_detector INFO: SweepDetector v2: 1 raw â†’ 1 confirmed (volâ‰Ą2.5Ă— bodyâ‰Ą30%)
22:11:30 core.sweep_detector INFO: OrderBlocks: 3 detected, 1 unmitigated
22:11:30 core.sweep_detector INFO: FVGs: 7 detected, 1 unfilled
22:11:32 core.sweep_detector INFO: SweepDetector v2: 3 raw â†’ 2 confirmed (volâ‰Ą2.5Ă— bodyâ‰Ą30%)
22:11:32 core.sweep_detector INFO: OrderBlocks: 2 detected, 1 unmitigated
22:11:32 core.sweep_detector INFO: FVGs: 7 detected, 1 unfilled
22:11:34 core.sweep_detector INFO: SweepDetector v2: 0 raw â†’ 0 confirmed (volâ‰Ą2.5Ă— bodyâ‰Ą30%)
22:11:34 core.sweep_detector INFO: OrderBlocks: 0 detected, 0 unmitigated
22:11:34 core.sweep_detector INFO: FVGs: 3 detected, 1 unfilled
22:11:35 core.sweep_detector INFO: SweepDetector v2: 0 raw â†’ 0 confirmed (volâ‰Ą2.5Ă— bodyâ‰Ą30%)
22:11:35 core.sweep_detector INFO: OrderBlocks: 2 detected, 0 unmitigated
22:11:35 core.sweep_detector INFO: FVGs: 3 detected, 0 unfilled
22:11:37 core.sweep_detector INFO: SweepDetector v2: 0 raw â†’ 0 confirmed (volâ‰Ą2.5Ă— bodyâ‰Ą30%)
22:11:37 core.sweep_detector INFO: OrderBlocks: 8 detected, 1 unmitigated
22:11:37 core.sweep_detector INFO: FVGs: 2 detected, 0 unfilled
22:11:38 core.binance_connector INFO: get_positions: 0 active positions
22:11:38 core.sweep_detector INFO: SweepDetector v2: 0 raw â†’ 0 confirmed (volâ‰Ą2.5Ă— bodyâ‰Ą30%)
22:11:38 core.sweep_detector INFO: OrderBlocks: 7 detected, 3 unmitigated
22:11:38 core.sweep_detector INFO: FVGs: 10 detected, 5 unfilled
22:11:40 core.sweep_detector INFO: SweepDetector v2: 1 raw â†’ 1 confirmed (volâ‰Ą2.5Ă— bodyâ‰Ą30%)
22:11:40 core.sweep_detector INFO: OrderBlocks: 4 detected, 2 unmitigated
22:11:40 core.sweep_detector INFO: FVGs: 6 detected, 2 unfilled
22:11:42 core.sweep_detector INFO: SweepDetector v2: 0 raw â†’ 0 confirmed (volâ‰Ą2.5Ă— bodyâ‰Ą30%)
22:11:42 core.sweep_detector INFO: OrderBlocks: 9 detected, 3 unmitigated
22:11:42 core.sweep_detector INFO: FVGs: 8 detected, 1 unfilled
22:11:44 core.sweep_detector INFO: SweepDetector v2: 0 raw â†’ 0 confirmed (volâ‰Ą2.5Ă— bodyâ‰Ą30%)
22:11:44 core.sweep_detector INFO: OrderBlocks: 8 detected, 1 unmitigated
22:11:44 core.sweep_detector INFO: FVGs: 9 detected, 4 unfilled
22:11:46 core.sweep_detector INFO: SweepDetector v2: 2 raw â†’ 2 confirmed (volâ‰Ą2.5Ă— bodyâ‰Ą30%)
22:11:46 core.sweep_detector INFO: OrderBlocks: 1 detected, 0 unmitigated
22:11:46 core.sweep_detector INFO: FVGs: 11 detected, 3 unfilled
22:11:47 core.sweep_detector INFO: SweepDetector v2: 1 raw â†’ 1 confirmed (volâ‰Ą2.5Ă— bodyâ‰Ą30%)
22:11:48 core.sweep_detector INFO: OrderBlocks: 5 detected, 2 unmitigated
22:11:48 core.sweep_detector INFO: FVGs: 11 detected, 2 unfilled
22:11:48 core.binance_connector INFO: get_positions: 0 active positions
22:11:51 core.sweep_detector INFO: SweepDetector v2: 2 raw â†’ 2 confirmed (volâ‰Ą2.5Ă— bodyâ‰Ą30%)
22:11:51 core.sweep_detector INFO: OrderBlocks: 4 detected, 1 unmitigated
22:11:51 core.sweep_detector INFO: FVGs: 8 detected, 2 unfilled
22:11:53 core.sweep_detector INFO: SweepDetector v2: 1 raw â†’ 1 confirmed (volâ‰Ą2.5Ă— bodyâ‰Ą30%)
22:11:53 core.sweep_detector INFO: OrderBlocks: 3 detected, 2 unmitigated
22:11:53 core.sweep_detector INFO: FVGs: 4 detected, 1 unfilled
22:11:55 core.sweep_detector INFO: SweepDetector v2: 0 raw â†’ 0 confirmed (volâ‰Ą2.5Ă— bodyâ‰Ą30%)
22:11:55 core.sweep_detector INFO: OrderBlocks: 5 detected, 2 unmitigated
22:11:55 core.sweep_detector INFO: FVGs: 3 detected, 1 unfilled
22:11:57 core.sweep_detector INFO: SweepDetector v2: 0 raw â†’ 0 confirmed (volâ‰Ą2.5Ă— bodyâ‰Ą30%)
22:11:57 core.sweep_detector INFO: OrderBlocks: 0 detected, 0 unmitigated
22:11:57 core.sweep_detector INFO: FVGs: 0 detected, 0 unfilled
22:12:00 core.binance_connector INFO: get_positions: 0 active positions
22:12:00 core.sweep_detector INFO: SweepDetector v2: 0 raw â†’ 0 confirmed (volâ‰Ą2.5Ă— bodyâ‰Ą30%)
22:12:00 core.sweep_detector INFO: OrderBlocks: 3 detected, 0 unmitigated
22:12:00 core.sweep_detector INFO: FVGs: 0 detected, 0 unfilled
22:12:02 core.sweep_detector INFO: SweepDetector v2: 0 raw â†’ 0 confirmed (volâ‰Ą2.5Ă— bodyâ‰Ą30%)
22:12:02 core.sweep_detector INFO: OrderBlocks: 0 detected, 0 unmitigated
22:12:02 core.sweep_detector INFO: FVGs: 0 detected, 0 unfilled
22:12:06 core.sweep_detector INFO: SweepDetector v2: 7 raw â†’ 3 confirmed (volâ‰Ą2.5Ă— bodyâ‰Ą30%)
22:12:06 core.sweep_detector INFO: OrderBlocks: 10 detected, 3 unmitigated
22:12:06 core.sweep_detector INFO: FVGs: 10 detected, 2 unfilled
22:12:07 core.sweep_detector INFO: SweepDetector v2: 1 raw â†’ 1 confirmed (volâ‰Ą2.5Ă— bodyâ‰Ą30%)
22:12:07 core.sweep_detector INFO: OrderBlocks: 7 detected, 2 unmitigated
22:12:07 core.sweep_detector INFO: FVGs: 16 detected, 4 unfilled
22:12:09 core.sweep_detector INFO: SweepDetector v2: 3 raw â†’ 2 confirmed (volâ‰Ą2.5Ă— bodyâ‰Ą30%)
22:12:09 core.sweep_detector INFO: OrderBlocks: 6 detected, 1 unmitigated
22:12:09 core.sweep_detector INFO: FVGs: 10 detected, 2 unfilled
22:12:11 core.binance_connector INFO: get_positions: 0 active positions
22:12:11 core.sweep_detector INFO: SweepDetector v2: 1 raw â†’ 1 confirmed (volâ‰Ą2.5Ă— bodyâ‰Ą30%)
22:12:11 core.sweep_detector INFO: OrderBlocks: 5 detected, 0 unmitigated
22:12:11 core.sweep_detector INFO: FVGs: 7 detected, 2 unfilled
22:12:13 core.sweep_detector INFO: SweepDetector v2: 2 raw â†’ 1 confirmed (volâ‰Ą2.5Ă— bodyâ‰Ą30%)
22:12:13 core.sweep_detector INFO: OrderBlocks: 2 detected, 0 unmitigated
22:12:13 core.sweep_detector INFO: FVGs: 7 detected, 1 unfilled
22:12:14 core.sweep_detector INFO: SweepDetector v2: 0 raw â†’ 0 confirmed (volâ‰Ą2.5Ă— bodyâ‰Ą30%)
22:12:14 core.sweep_detector INFO: OrderBlocks: 5 detected, 1 unmitigated
22:12:14 core.sweep_detector INFO: FVGs: 7 detected, 1 unfilled
22:12:16 core.sweep_detector INFO: SweepDetector v2: 2 raw â†’ 2 confirmed (volâ‰Ą2.5Ă— bodyâ‰Ą30%)
22:12:16 core.sweep_detector INFO: OrderBlocks: 6 detected, 1 unmitigated
22:12:16 core.sweep_detector INFO: FVGs: 7 detected, 3 unfilled
22:12:18 core.sweep_detector INFO: SweepDetector v2: 2 raw â†’ 2 confirmed (volâ‰Ą2.5Ă— bodyâ‰Ą30%)
22:12:18 core.sweep_detector INFO: OrderBlocks: 4 detected, 1 unmitigated
22:12:18 core.sweep_detector INFO: FVGs: 7 detected, 1 unfilled
22:12:20 core.sweep_detector INFO: SweepDetector v2: 2 raw â†’ 2 confirmed (volâ‰Ą2.5Ă— bodyâ‰Ą30%)
22:12:20 core.sweep_detector INFO: OrderBlocks: 0 detected, 0 unmitigated
22:12:20 core.sweep_detector INFO: FVGs: 7 detected, 3 unfilled
22:12:20 __main__ INFO: Checking 2 open trades for exit conditions
/root/.openclaw/workspace/projects/crypto-liquidity-hunter/main.py:555: DeprecationWarning: datetime.datetime.utcnow() is deprecated and scheduled for removal in a future version. Use timezone-aware objects to represent datetimes in UTC: datetime.datetime.now(datetime.UTC).
  scan_end     = datetime.utcnow()

=== SCAN ALL: 82 pairs, 3 timeframes ===
Total signals generated: 0
