14:15:02 __main__ INFO: Volume filter: fetching all tickers in one call...
14:15:04 __main__ INFO: Volume filter: 98/447 pairs pass $2M threshold
/root/.openclaw/workspace/projects/crypto-liquidity-hunter/main.py:292: DeprecationWarning: datetime.datetime.utcnow() is deprecated and scheduled for removal in a future version. Use timezone-aware objects to represent datetimes in UTC: datetime.datetime.now(datetime.UTC).
  scan_start = datetime.utcnow()   # for duration tracking
14:15:05 core.binance_connector INFO: BinanceConnector: connected [LIVE FUTURES MAINNET]
14:15:05 __main__ INFO: Auto-executor: account 'Liquiddbot1' mode=live exec=auto
14:15:07 core.sweep_detector INFO: SweepDetector v2: 0 raw → 0 confirmed (vol≥2.5× body≥30%)
14:15:07 core.sweep_detector INFO: OrderBlocks: 10 detected, 5 unmitigated
14:15:07 core.sweep_detector INFO: FVGs: 12 detected, 6 unfilled
14:15:09 core.sweep_detector INFO: SweepDetector v2: 2 raw → 2 confirmed (vol≥2.5× body≥30%)
14:15:09 core.sweep_detector INFO: OrderBlocks: 3 detected, 1 unmitigated
14:15:09 core.sweep_detector INFO: FVGs: 11 detected, 3 unfilled
14:15:11 core.sweep_detector INFO: SweepDetector v2: 2 raw → 2 confirmed (vol≥2.5× body≥30%)
14:15:11 core.sweep_detector INFO: OrderBlocks: 3 detected, 1 unmitigated
14:15:11 core.sweep_detector INFO: FVGs: 6 detected, 1 unfilled
14:15:13 core.sweep_detector INFO: SweepDetector v2: 1 raw → 1 confirmed (vol≥2.5× body≥30%)
14:15:13 core.sweep_detector INFO: OrderBlocks: 8 detected, 2 unmitigated
14:15:13 core.sweep_detector INFO: FVGs: 10 detected, 4 unfilled
14:15:15 core.sweep_detector INFO: SweepDetector v2: 2 raw → 1 confirmed (vol≥2.5× body≥30%)
14:15:15 core.sweep_detector INFO: OrderBlocks: 3 detected, 1 unmitigated
14:15:15 core.sweep_detector INFO: FVGs: 6 detected, 1 unfilled
14:15:17 core.sweep_detector INFO: SweepDetector v2: 2 raw → 2 confirmed (vol≥2.5× body≥30%)
14:15:17 core.sweep_detector INFO: OrderBlocks: 5 detected, 3 unmitigated
14:15:17 core.sweep_detector INFO: FVGs: 6 detected, 2 unfilled
14:15:18 core.sweep_detector INFO: SweepDetector v2: 3 raw → 2 confirmed (vol≥2.5× body≥30%)
14:15:18 core.sweep_detector INFO: OrderBlocks: 7 detected, 0 unmitigated
14:15:18 core.sweep_detector INFO: FVGs: 10 detected, 0 unfilled
14:15:20 core.sweep_detector INFO: SweepDetector v2: 1 raw → 0 confirmed (vol≥2.5× body≥30%)
14:15:20 core.sweep_detector INFO: OrderBlocks: 3 detected, 1 unmitigated
14:15:20 core.sweep_detector INFO: FVGs: 9 detected, 1 unfilled
14:15:22 core.sweep_detector INFO: SweepDetector v2: 0 raw → 0 confirmed (vol≥2.5× body≥30%)
14:15:22 core.sweep_detector INFO: OrderBlocks: 2 detected, 1 unmitigated
14:15:22 core.sweep_detector INFO: FVGs: 11 detected, 4 unfilled
14:15:23 core.sweep_detector INFO: SweepDetector v2: 2 raw → 1 confirmed (vol≥2.5× body≥30%)
14:15:23 core.sweep_detector INFO: OrderBlocks: 7 detected, 3 unmitigated
14:15:23 core.sweep_detector INFO: FVGs: 8 detected, 2 unfilled
14:15:25 core.sweep_detector INFO: SweepDetector v2: 1 raw → 1 confirmed (vol≥2.5× body≥30%)
14:15:25 core.sweep_detector INFO: OrderBlocks: 3 detected, 1 unmitigated
14:15:25 core.sweep_detector INFO: FVGs: 9 detected, 1 unfilled
14:15:26 core.sweep_detector INFO: SweepDetector v2: 1 raw → 1 confirmed (vol≥2.5× body≥30%)
14:15:26 core.sweep_detector INFO: OrderBlocks: 2 detected, 1 unmitigated
14:15:26 core.sweep_detector INFO: FVGs: 6 detected, 1 unfilled
14:15:28 core.sweep_detector INFO: SweepDetector v2: 2 raw → 1 confirmed (vol≥2.5× body≥30%)
14:15:28 core.sweep_detector INFO: OrderBlocks: 5 detected, 1 unmitigated
14:15:28 core.sweep_detector INFO: FVGs: 11 detected, 4 unfilled
14:15:30 core.sweep_detector INFO: SweepDetector v2: 1 raw → 1 confirmed (vol≥2.5× body≥30%)
14:15:30 core.sweep_detector INFO: OrderBlocks: 5 detected, 1 unmitigated
14:15:30 core.sweep_detector INFO: FVGs: 11 detected, 3 unfilled
14:15:31 core.sweep_detector INFO: SweepDetector v2: 3 raw → 3 confirmed (vol≥2.5× body≥30%)
14:15:31 core.sweep_detector INFO: OrderBlocks: 2 detected, 1 unmitigated
14:15:31 core.sweep_detector INFO: FVGs: 8 detected, 3 unfilled
14:15:33 core.sweep_detector INFO: SweepDetector v2: 5 raw → 5 confirmed (vol≥2.5× body≥30%)
14:15:33 core.sweep_detector INFO: OrderBlocks: 1 detected, 0 unmitigated
14:15:33 core.sweep_detector INFO: FVGs: 3 detected, 1 unfilled
14:15:35 core.sweep_detector INFO: SweepDetector v2: 2 raw → 2 confirmed (vol≥2.5× body≥30%)
14:15:35 core.sweep_detector INFO: OrderBlocks: 4 detected, 1 unmitigated
14:15:35 core.sweep_detector INFO: FVGs: 3 detected, 2 unfilled
14:15:37 core.sweep_detector INFO: SweepDetector v2: 2 raw → 2 confirmed (vol≥2.5× body≥30%)
14:15:37 core.sweep_detector INFO: OrderBlocks: 4 detected, 2 unmitigated
14:15:37 core.sweep_detector INFO: FVGs: 6 detected, 3 unfilled
14:15:39 core.sweep_detector INFO: SweepDetector v2: 2 raw → 1 confirmed (vol≥2.5× body≥30%)
14:15:39 core.sweep_detector INFO: OrderBlocks: 7 detected, 3 unmitigated
14:15:39 core.sweep_detector INFO: FVGs: 9 detected, 4 unfilled
14:15:40 core.sweep_detector INFO: SweepDetector v2: 1 raw → 0 confirmed (vol≥2.5× body≥30%)
14:15:40 core.sweep_detector INFO: OrderBlocks: 2 detected, 1 unmitigated
14:15:40 core.sweep_detector INFO: FVGs: 2 detected, 0 unfilled
14:15:42 core.sweep_detector INFO: SweepDetector v2: 2 raw → 2 confirmed (vol≥2.5× body≥30%)
14:15:42 core.sweep_detector INFO: OrderBlocks: 6 detected, 1 unmitigated
14:15:42 core.sweep_detector INFO: FVGs: 8 detected, 2 unfilled
14:15:44 core.sweep_detector INFO: SweepDetector v2: 2 raw → 2 confirmed (vol≥2.5× body≥30%)
14:15:44 core.sweep_detector INFO: OrderBlocks: 4 detected, 2 unmitigated
14:15:44 core.sweep_detector INFO: FVGs: 14 detected, 7 unfilled
14:15:45 core.sweep_detector INFO: SweepDetector v2: 1 raw → 1 confirmed (vol≥2.5× body≥30%)
14:15:45 core.sweep_detector INFO: OrderBlocks: 4 detected, 2 unmitigated
14:15:45 core.sweep_detector INFO: FVGs: 9 detected, 3 unfilled
14:15:47 core.sweep_detector INFO: SweepDetector v2: 2 raw → 2 confirmed (vol≥2.5× body≥30%)
14:15:47 core.sweep_detector INFO: OrderBlocks: 2 detected, 2 unmitigated
14:15:47 core.sweep_detector INFO: FVGs: 8 detected, 2 unfilled
14:15:49 core.sweep_detector INFO: SweepDetector v2: 2 raw → 2 confirmed (vol≥2.5× body≥30%)
14:15:49 core.sweep_detector INFO: OrderBlocks: 6 detected, 0 unmitigated
14:15:49 core.sweep_detector INFO: FVGs: 4 detected, 0 unfilled
14:15:51 core.sweep_detector INFO: SweepDetector v2: 1 raw → 1 confirmed (vol≥2.5× body≥30%)
14:15:51 core.sweep_detector INFO: OrderBlocks: 4 detected, 0 unmitigated
14:15:51 core.sweep_detector INFO: FVGs: 11 detected, 1 unfilled
14:15:54 core.sweep_detector INFO: SweepDetector v2: 1 raw → 0 confirmed (vol≥2.5× body≥30%)
14:15:54 core.sweep_detector INFO: OrderBlocks: 2 detected, 0 unmitigated
14:15:54 core.sweep_detector INFO: FVGs: 5 detected, 0 unfilled
14:15:57 core.sweep_detector INFO: SweepDetector v2: 1 raw → 1 confirmed (vol≥2.5× body≥30%)
14:15:58 core.sweep_detector INFO: OrderBlocks: 4 detected, 0 unmitigated
14:15:58 core.sweep_detector INFO: FVGs: 8 detected, 1 unfilled
14:16:02 core.sweep_detector INFO: SweepDetector v2: 0 raw → 0 confirmed (vol≥2.5× body≥30%)
14:16:02 core.sweep_detector INFO: OrderBlocks: 3 detected, 1 unmitigated
14:16:02 core.sweep_detector INFO: FVGs: 7 detected, 1 unfilled
14:16:03 core.sweep_detector INFO: SweepDetector v2: 0 raw → 0 confirmed (vol≥2.5× body≥30%)
14:16:03 core.sweep_detector INFO: OrderBlocks: 10 detected, 4 unmitigated
14:16:03 core.sweep_detector INFO: FVGs: 13 detected, 4 unfilled
14:16:05 core.sweep_detector INFO: SweepDetector v2: 4 raw → 4 confirmed (vol≥2.5× body≥30%)
14:16:05 core.sweep_detector INFO: OrderBlocks: 2 detected, 2 unmitigated
14:16:05 core.sweep_detector INFO: FVGs: 12 detected, 3 unfilled
14:16:06 core.sweep_detector INFO: SweepDetector v2: 1 raw → 1 confirmed (vol≥2.5× body≥30%)
14:16:06 core.sweep_detector INFO: OrderBlocks: 6 detected, 1 unmitigated
14:16:06 core.sweep_detector INFO: FVGs: 11 detected, 0 unfilled
14:16:08 core.sweep_detector INFO: SweepDetector v2: 2 raw → 1 confirmed (vol≥2.5× body≥30%)
14:16:08 core.sweep_detector INFO: OrderBlocks: 4 detected, 1 unmitigated
14:16:08 core.sweep_detector INFO: FVGs: 8 detected, 1 unfilled
14:16:11 core.sweep_detector INFO: SweepDetector v2: 0 raw → 0 confirmed (vol≥2.5× body≥30%)
14:16:11 core.sweep_detector INFO: OrderBlocks: 3 detected, 1 unmitigated
14:16:11 core.sweep_detector INFO: FVGs: 6 detected, 1 unfilled
14:16:12 core.sweep_detector INFO: SweepDetector v2: 3 raw → 3 confirmed (vol≥2.5× body≥30%)
14:16:12 core.sweep_detector INFO: OrderBlocks: 1 detected, 1 unmitigated
14:16:12 core.sweep_detector INFO: FVGs: 5 detected, 2 unfilled
14:16:14 core.sweep_detector INFO: SweepDetector v2: 2 raw → 2 confirmed (vol≥2.5× body≥30%)
14:16:14 core.sweep_detector INFO: OrderBlocks: 3 detected, 1 unmitigated
14:16:14 core.sweep_detector INFO: FVGs: 5 detected, 1 unfilled
14:16:16 core.sweep_detector INFO: SweepDetector v2: 0 raw → 0 confirmed (vol≥2.5× body≥30%)
14:16:16 core.sweep_detector INFO: OrderBlocks: 0 detected, 0 unmitigated
14:16:16 core.sweep_detector INFO: FVGs: 0 detected, 0 unfilled
14:16:18 core.sweep_detector INFO: SweepDetector v2: 0 raw → 0 confirmed (vol≥2.5× body≥30%)
14:16:18 core.sweep_detector INFO: OrderBlocks: 0 detected, 0 unmitigated
14:16:18 core.sweep_detector INFO: FVGs: 0 detected, 0 unfilled
14:16:19 core.sweep_detector INFO: SweepDetector v2: 0 raw → 0 confirmed (vol≥2.5× body≥30%)
14:16:19 core.sweep_detector INFO: OrderBlocks: 0 detected, 0 unmitigated
14:16:19 core.sweep_detector INFO: FVGs: 0 detected, 0 unfilled
14:16:21 core.sweep_detector INFO: SweepDetector v2: 1 raw → 1 confirmed (vol≥2.5× body≥30%)
14:16:21 core.sweep_detector INFO: OrderBlocks: 8 detected, 6 unmitigated
14:16:21 core.sweep_detector INFO: FVGs: 10 detected, 5 unfilled
14:16:23 core.sweep_detector INFO: SweepDetector v2: 1 raw → 1 confirmed (vol≥2.5× body≥30%)
14:16:23 core.sweep_detector INFO: OrderBlocks: 4 detected, 1 unmitigated
14:16:23 core.sweep_detector INFO: FVGs: 5 detected, 1 unfilled
14:16:24 core.sweep_detector INFO: SweepDetector v2: 1 raw → 1 confirmed (vol≥2.5× body≥30%)
14:16:24 core.sweep_detector INFO: OrderBlocks: 2 detected, 0 unmitigated
14:16:24 core.sweep_detector INFO: FVGs: 3 detected, 0 unfilled
14:16:26 core.sweep_detector INFO: SweepDetector v2: 1 raw → 1 confirmed (vol≥2.5× body≥30%)
14:16:26 core.sweep_detector INFO: OrderBlocks: 7 detected, 2 unmitigated
14:16:26 core.sweep_detector INFO: FVGs: 7 detected, 3 unfilled
14:16:28 core.sweep_detector INFO: SweepDetector v2: 1 raw → 1 confirmed (vol≥2.5× body≥30%)
14:16:28 core.sweep_detector INFO: OrderBlocks: 1 detected, 1 unmitigated
14:16:28 core.sweep_detector INFO: FVGs: 10 detected, 1 unfilled
14:16:29 core.sweep_detector INFO: SweepDetector v2: 1 raw → 1 confirmed (vol≥2.5× body≥30%)
14:16:29 core.sweep_detector INFO: OrderBlocks: 2 detected, 0 unmitigated
14:16:29 core.sweep_detector INFO: FVGs: 7 detected, 2 unfilled
14:16:31 core.sweep_detector INFO: SweepDetector v2: 0 raw → 0 confirmed (vol≥2.5× body≥30%)
14:16:31 core.sweep_detector INFO: OrderBlocks: 6 detected, 4 unmitigated
14:16:31 core.sweep_detector INFO: FVGs: 7 detected, 3 unfilled
14:16:33 core.sweep_detector INFO: SweepDetector v2: 2 raw → 1 confirmed (vol≥2.5× body≥30%)
14:16:33 core.sweep_detector INFO: OrderBlocks: 3 detected, 0 unmitigated
14:16:33 core.sweep_detector INFO: FVGs: 10 detected, 1 unfilled
14:16:35 core.sweep_detector INFO: SweepDetector v2: 1 raw → 1 confirmed (vol≥2.5× body≥30%)
14:16:35 core.sweep_detector INFO: OrderBlocks: 3 detected, 1 unmitigated
14:16:35 core.sweep_detector INFO: FVGs: 3 detected, 1 unfilled
14:16:37 core.sweep_detector INFO: SweepDetector v2: 7 raw → 5 confirmed (vol≥2.5× body≥30%)
14:16:37 core.sweep_detector INFO: OrderBlocks: 4 detected, 2 unmitigated
14:16:37 core.sweep_detector INFO: FVGs: 10 detected, 4 unfilled
14:16:38 core.sweep_detector INFO: SweepDetector v2: 3 raw → 1 confirmed (vol≥2.5× body≥30%)
14:16:38 core.sweep_detector INFO: OrderBlocks: 5 detected, 2 unmitigated
14:16:38 core.sweep_detector INFO: FVGs: 10 detected, 3 unfilled
14:16:40 core.sweep_detector INFO: SweepDetector v2: 0 raw → 0 confirmed (vol≥2.5× body≥30%)
14:16:40 core.sweep_detector INFO: OrderBlocks: 5 detected, 3 unmitigated
14:16:40 core.sweep_detector INFO: FVGs: 8 detected, 4 unfilled
14:16:42 core.sweep_detector INFO: SweepDetector v2: 1 raw → 1 confirmed (vol≥2.5× body≥30%)
14:16:42 core.sweep_detector INFO: OrderBlocks: 8 detected, 3 unmitigated
14:16:42 core.sweep_detector INFO: FVGs: 12 detected, 3 unfilled
14:16:43 core.sweep_detector INFO: SweepDetector v2: 2 raw → 1 confirmed (vol≥2.5× body≥30%)
14:16:43 core.sweep_detector INFO: OrderBlocks: 8 detected, 0 unmitigated
14:16:43 core.sweep_detector INFO: FVGs: 7 detected, 3 unfilled
14:16:45 core.sweep_detector INFO: SweepDetector v2: 2 raw → 2 confirmed (vol≥2.5× body≥30%)
14:16:45 core.sweep_detector INFO: OrderBlocks: 4 detected, 3 unmitigated
14:16:45 core.sweep_detector INFO: FVGs: 3 detected, 2 unfilled
14:16:47 core.sweep_detector INFO: SweepDetector v2: 0 raw → 0 confirmed (vol≥2.5× body≥30%)
14:16:47 core.sweep_detector INFO: OrderBlocks: 6 detected, 3 unmitigated
14:16:47 core.sweep_detector INFO: FVGs: 5 detected, 4 unfilled
14:16:48 core.sweep_detector INFO: SweepDetector v2: 1 raw → 1 confirmed (vol≥2.5× body≥30%)
14:16:48 core.sweep_detector INFO: OrderBlocks: 6 detected, 2 unmitigated
14:16:48 core.sweep_detector INFO: FVGs: 3 detected, 3 unfilled
14:16:50 core.sweep_detector INFO: SweepDetector v2: 1 raw → 0 confirmed (vol≥2.5× body≥30%)
14:16:50 core.sweep_detector INFO: OrderBlocks: 7 detected, 1 unmitigated
14:16:50 core.sweep_detector INFO: FVGs: 9 detected, 3 unfilled
14:16:52 core.sweep_detector INFO: SweepDetector v2: 1 raw → 0 confirmed (vol≥2.5× body≥30%)
14:16:52 core.sweep_detector INFO: OrderBlocks: 2 detected, 2 unmitigated
14:16:52 core.sweep_detector INFO: FVGs: 7 detected, 6 unfilled
14:16:53 core.sweep_detector INFO: SweepDetector v2: 1 raw → 0 confirmed (vol≥2.5× body≥30%)
14:16:53 core.sweep_detector INFO: OrderBlocks: 5 detected, 3 unmitigated
14:16:53 core.sweep_detector INFO: FVGs: 6 detected, 4 unfilled
14:16:55 core.sweep_detector INFO: SweepDetector v2: 2 raw → 1 confirmed (vol≥2.5× body≥30%)
14:16:55 core.sweep_detector INFO: OrderBlocks: 12 detected, 1 unmitigated
14:16:55 core.sweep_detector INFO: FVGs: 7 detected, 1 unfilled
14:16:57 core.sweep_detector INFO: SweepDetector v2: 0 raw → 0 confirmed (vol≥2.5× body≥30%)
14:16:57 core.sweep_detector INFO: OrderBlocks: 6 detected, 2 unmitigated
14:16:57 core.sweep_detector INFO: FVGs: 11 detected, 7 unfilled
14:16:59 core.sweep_detector INFO: SweepDetector v2: 3 raw → 2 confirmed (vol≥2.5× body≥30%)
14:16:59 core.sweep_detector INFO: OrderBlocks: 6 detected, 1 unmitigated
14:16:59 core.sweep_detector INFO: FVGs: 13 detected, 4 unfilled
14:17:01 core.sweep_detector INFO: SweepDetector v2: 0 raw → 0 confirmed (vol≥2.5× body≥30%)
14:17:01 core.sweep_detector INFO: OrderBlocks: 5 detected, 1 unmitigated
14:17:01 core.sweep_detector INFO: FVGs: 6 detected, 2 unfilled
14:17:03 core.sweep_detector INFO: SweepDetector v2: 0 raw → 0 confirmed (vol≥2.5× body≥30%)
14:17:03 core.sweep_detector INFO: OrderBlocks: 9 detected, 2 unmitigated
14:17:03 core.sweep_detector INFO: FVGs: 15 detected, 3 unfilled
14:17:05 core.sweep_detector INFO: SweepDetector v2: 3 raw → 2 confirmed (vol≥2.5× body≥30%)
14:17:05 core.sweep_detector INFO: OrderBlocks: 3 detected, 2 unmitigated
14:17:05 core.sweep_detector INFO: FVGs: 12 detected, 3 unfilled
14:17:07 core.sweep_detector INFO: SweepDetector v2: 2 raw → 2 confirmed (vol≥2.5× body≥30%)
14:17:07 core.sweep_detector INFO: OrderBlocks: 5 detected, 3 unmitigated
14:17:07 core.sweep_detector INFO: FVGs: 6 detected, 4 unfilled
14:17:09 core.sweep_detector INFO: SweepDetector v2: 4 raw → 2 confirmed (vol≥2.5× body≥30%)
14:17:09 core.sweep_detector INFO: OrderBlocks: 5 detected, 2 unmitigated
14:17:09 core.sweep_detector INFO: FVGs: 9 detected, 2 unfilled
14:17:10 core.sweep_detector INFO: SweepDetector v2: 5 raw → 4 confirmed (vol≥2.5× body≥30%)
14:17:10 core.sweep_detector INFO: OrderBlocks: 6 detected, 2 unmitigated
14:17:10 core.sweep_detector INFO: FVGs: 11 detected, 5 unfilled
14:17:13 core.sweep_detector INFO: SweepDetector v2: 3 raw → 2 confirmed (vol≥2.5× body≥30%)
14:17:13 core.sweep_detector INFO: OrderBlocks: 7 detected, 3 unmitigated
14:17:13 core.sweep_detector INFO: FVGs: 13 detected, 9 unfilled
14:17:15 core.sweep_detector INFO: SweepDetector v2: 3 raw → 2 confirmed (vol≥2.5× body≥30%)
14:17:15 core.sweep_detector INFO: OrderBlocks: 5 detected, 2 unmitigated
14:17:15 core.sweep_detector INFO: FVGs: 4 detected, 1 unfilled
14:17:16 core.sweep_detector INFO: SweepDetector v2: 2 raw → 1 confirmed (vol≥2.5× body≥30%)
14:17:17 core.sweep_detector INFO: OrderBlocks: 3 detected, 0 unmitigated
14:17:17 core.sweep_detector INFO: FVGs: 10 detected, 2 unfilled
14:17:18 core.sweep_detector INFO: SweepDetector v2: 0 raw → 0 confirmed (vol≥2.5× body≥30%)
14:17:18 core.sweep_detector INFO: OrderBlocks: 6 detected, 2 unmitigated
14:17:18 core.sweep_detector INFO: FVGs: 3 detected, 1 unfilled
14:17:20 core.sweep_detector INFO: SweepDetector v2: 1 raw → 1 confirmed (vol≥2.5× body≥30%)
14:17:20 core.sweep_detector INFO: OrderBlocks: 8 detected, 1 unmitigated
14:17:20 core.sweep_detector INFO: FVGs: 7 detected, 1 unfilled
14:17:22 core.sweep_detector INFO: SweepDetector v2: 0 raw → 0 confirmed (vol≥2.5× body≥30%)
14:17:22 core.sweep_detector INFO: OrderBlocks: 8 detected, 2 unmitigated
14:17:22 core.sweep_detector INFO: FVGs: 9 detected, 2 unfilled
14:17:23 core.sweep_detector INFO: SweepDetector v2: 1 raw → 1 confirmed (vol≥2.5× body≥30%)
14:17:24 core.sweep_detector INFO: OrderBlocks: 4 detected, 0 unmitigated
14:17:24 core.sweep_detector INFO: FVGs: 12 detected, 4 unfilled
14:17:25 core.sweep_detector INFO: SweepDetector v2: 0 raw → 0 confirmed (vol≥2.5× body≥30%)
14:17:25 core.sweep_detector INFO: OrderBlocks: 8 detected, 3 unmitigated
14:17:25 core.sweep_detector INFO: FVGs: 11 detected, 2 unfilled
14:17:27 core.sweep_detector INFO: SweepDetector v2: 4 raw → 3 confirmed (vol≥2.5× body≥30%)
14:17:27 core.sweep_detector INFO: OrderBlocks: 2 detected, 1 unmitigated
14:17:27 core.sweep_detector INFO: FVGs: 11 detected, 1 unfilled
14:17:29 core.sweep_detector INFO: SweepDetector v2: 1 raw → 1 confirmed (vol≥2.5× body≥30%)
14:17:29 core.sweep_detector INFO: OrderBlocks: 4 detected, 0 unmitigated
14:17:29 core.sweep_detector INFO: FVGs: 3 detected, 0 unfilled
14:17:31 core.sweep_detector INFO: SweepDetector v2: 1 raw → 0 confirmed (vol≥2.5× body≥30%)
14:17:31 core.sweep_detector INFO: OrderBlocks: 4 detected, 1 unmitigated
14:17:31 core.sweep_detector INFO: FVGs: 9 detected, 2 unfilled
14:17:33 core.sweep_detector INFO: SweepDetector v2: 3 raw → 3 confirmed (vol≥2.5× body≥30%)
14:17:33 core.sweep_detector INFO: OrderBlocks: 4 detected, 0 unmitigated
14:17:33 core.sweep_detector INFO: FVGs: 7 detected, 1 unfilled
14:17:34 core.sweep_detector INFO: SweepDetector v2: 2 raw → 2 confirmed (vol≥2.5× body≥30%)
14:17:34 core.sweep_detector INFO: OrderBlocks: 6 detected, 1 unmitigated
14:17:34 core.sweep_detector INFO: FVGs: 9 detected, 1 unfilled
14:17:34 __main__ INFO: Pending signal #63: binance:DOT/USDT short entry=1.2835 current=1.266 dist=1.38% expires=2h
14:17:45 alerts.telegram INFO: Alert sent: binance:DOT/USDT short RR=5.16
14:17:47 core.sweep_detector INFO: SweepDetector v2: 2 raw → 2 confirmed (vol≥2.5× body≥30%)
14:17:47 core.sweep_detector INFO: OrderBlocks: 9 detected, 3 unmitigated
14:17:47 core.sweep_detector INFO: FVGs: 16 detected, 5 unfilled
14:17:50 core.sweep_detector INFO: SweepDetector v2: 2 raw → 2 confirmed (vol≥2.5× body≥30%)
14:17:50 core.sweep_detector INFO: OrderBlocks: 8 detected, 2 unmitigated
14:17:50 core.sweep_detector INFO: FVGs: 11 detected, 3 unfilled
14:17:52 core.sweep_detector INFO: SweepDetector v2: 2 raw → 2 confirmed (vol≥2.5× body≥30%)
14:17:52 core.sweep_detector INFO: OrderBlocks: 6 detected, 3 unmitigated
14:17:52 core.sweep_detector INFO: FVGs: 14 detected, 3 unfilled
14:17:54 core.sweep_detector INFO: SweepDetector v2: 1 raw → 1 confirmed (vol≥2.5× body≥30%)
14:17:54 core.sweep_detector INFO: OrderBlocks: 5 detected, 3 unmitigated
14:17:54 core.sweep_detector INFO: FVGs: 11 detected, 3 unfilled
14:17:56 core.sweep_detector INFO: SweepDetector v2: 4 raw → 3 confirmed (vol≥2.5× body≥30%)
14:17:56 core.sweep_detector INFO: OrderBlocks: 4 detected, 0 unmitigated
14:17:56 core.sweep_detector INFO: FVGs: 7 detected, 3 unfilled
14:17:57 core.sweep_detector INFO: SweepDetector v2: 5 raw → 3 confirmed (vol≥2.5× body≥30%)
14:17:57 core.sweep_detector INFO: OrderBlocks: 0 detected, 0 unmitigated
14:17:57 core.sweep_detector INFO: FVGs: 5 detected, 1 unfilled
14:17:59 core.sweep_detector INFO: SweepDetector v2: 2 raw → 1 confirmed (vol≥2.5× body≥30%)
14:17:59 core.sweep_detector INFO: OrderBlocks: 5 detected, 0 unmitigated
14:17:59 core.sweep_detector INFO: FVGs: 6 detected, 0 unfilled
14:18:02 core.sweep_detector INFO: SweepDetector v2: 1 raw → 0 confirmed (vol≥2.5× body≥30%)
14:18:02 core.sweep_detector INFO: OrderBlocks: 4 detected, 2 unmitigated
14:18:02 core.sweep_detector INFO: FVGs: 9 detected, 0 unfilled
14:18:04 core.sweep_detector INFO: SweepDetector v2: 3 raw → 2 confirmed (vol≥2.5× body≥30%)
14:18:04 core.sweep_detector INFO: OrderBlocks: 5 detected, 1 unmitigated
14:18:04 core.sweep_detector INFO: FVGs: 8 detected, 1 unfilled
14:18:06 core.sweep_detector INFO: SweepDetector v2: 2 raw → 1 confirmed (vol≥2.5× body≥30%)
14:18:06 core.sweep_detector INFO: OrderBlocks: 5 detected, 1 unmitigated
14:18:06 core.sweep_detector INFO: FVGs: 8 detected, 4 unfilled
14:18:07 core.sweep_detector INFO: SweepDetector v2: 2 raw → 2 confirmed (vol≥2.5× body≥30%)
14:18:07 core.sweep_detector INFO: OrderBlocks: 2 detected, 1 unmitigated
14:18:07 core.sweep_detector INFO: FVGs: 12 detected, 3 unfilled
14:18:09 core.sweep_detector INFO: SweepDetector v2: 1 raw → 1 confirmed (vol≥2.5× body≥30%)
14:18:09 core.sweep_detector INFO: OrderBlocks: 4 detected, 0 unmitigated
14:18:09 core.sweep_detector INFO: FVGs: 12 detected, 2 unfilled
14:18:11 core.sweep_detector INFO: SweepDetector v2: 2 raw → 1 confirmed (vol≥2.5× body≥30%)
14:18:11 core.sweep_detector INFO: OrderBlocks: 6 detected, 2 unmitigated
14:18:11 core.sweep_detector INFO: FVGs: 10 detected, 5 unfilled
14:18:13 core.sweep_detector INFO: SweepDetector v2: 3 raw → 1 confirmed (vol≥2.5× body≥30%)
14:18:13 core.sweep_detector INFO: OrderBlocks: 4 detected, 1 unmitigated
14:18:13 core.sweep_detector INFO: FVGs: 11 detected, 2 unfilled
14:18:14 core.sweep_detector INFO: SweepDetector v2: 2 raw → 2 confirmed (vol≥2.5× body≥30%)
14:18:14 core.sweep_detector INFO: OrderBlocks: 4 detected, 4 unmitigated
14:18:14 core.sweep_detector INFO: FVGs: 4 detected, 3 unfilled
14:18:16 core.sweep_detector INFO: SweepDetector v2: 0 raw → 0 confirmed (vol≥2.5× body≥30%)
14:18:16 core.sweep_detector INFO: OrderBlocks: 2 detected, 2 unmitigated
14:18:16 core.sweep_detector INFO: FVGs: 11 detected, 6 unfilled
14:18:18 core.sweep_detector INFO: SweepDetector v2: 2 raw → 2 confirmed (vol≥2.5× body≥30%)
14:18:18 core.sweep_detector INFO: OrderBlocks: 3 detected, 0 unmitigated
14:18:18 core.sweep_detector INFO: FVGs: 3 detected, 1 unfilled
14:18:20 core.sweep_detector INFO: SweepDetector v2: 1 raw → 1 confirmed (vol≥2.5× body≥30%)
14:18:20 core.sweep_detector INFO: OrderBlocks: 2 detected, 0 unmitigated
14:18:20 core.sweep_detector INFO: FVGs: 11 detected, 1 unfilled
14:18:21 core.sweep_detector INFO: SweepDetector v2: 0 raw → 0 confirmed (vol≥2.5× body≥30%)
14:18:21 core.sweep_detector INFO: OrderBlocks: 5 detected, 1 unmitigated
14:18:21 core.sweep_detector INFO: FVGs: 0 detected, 0 unfilled
14:18:23 core.sweep_detector INFO: SweepDetector v2: 0 raw → 0 confirmed (vol≥2.5× body≥30%)
14:18:23 core.sweep_detector INFO: OrderBlocks: 4 detected, 1 unmitigated
14:18:23 core.sweep_detector INFO: FVGs: 1 detected, 1 unfilled
14:18:25 core.sweep_detector INFO: SweepDetector v2: 0 raw → 0 confirmed (vol≥2.5× body≥30%)
14:18:25 core.sweep_detector INFO: OrderBlocks: 4 detected, 2 unmitigated
14:18:25 core.sweep_detector INFO: FVGs: 0 detected, 0 unfilled
14:18:27 core.sweep_detector INFO: SweepDetector v2: 0 raw → 0 confirmed (vol≥2.5× body≥30%)
14:18:27 core.sweep_detector INFO: OrderBlocks: 0 detected, 0 unmitigated
14:18:27 core.sweep_detector INFO: FVGs: 0 detected, 0 unfilled
14:18:28 core.sweep_detector INFO: SweepDetector v2: 0 raw → 0 confirmed (vol≥2.5× body≥30%)
14:18:28 core.sweep_detector INFO: OrderBlocks: 0 detected, 0 unmitigated
14:18:28 core.sweep_detector INFO: FVGs: 0 detected, 0 unfilled
14:18:30 core.sweep_detector INFO: SweepDetector v2: 0 raw → 0 confirmed (vol≥2.5× body≥30%)
14:18:30 core.sweep_detector INFO: OrderBlocks: 0 detected, 0 unmitigated
14:18:30 core.sweep_detector INFO: FVGs: 0 detected, 0 unfilled
14:18:32 core.sweep_detector INFO: SweepDetector v2: 0 raw → 0 confirmed (vol≥2.5× body≥30%)
14:18:32 core.sweep_detector INFO: OrderBlocks: 6 detected, 1 unmitigated
14:18:32 core.sweep_detector INFO: FVGs: 13 detected, 3 unfilled
14:18:33 core.sweep_detector INFO: SweepDetector v2: 1 raw → 1 confirmed (vol≥2.5× body≥30%)
14:18:33 core.sweep_detector INFO: OrderBlocks: 3 detected, 0 unmitigated
14:18:33 core.sweep_detector INFO: FVGs: 11 detected, 3 unfilled
14:18:35 core.sweep_detector INFO: SweepDetector v2: 2 raw → 2 confirmed (vol≥2.5× body≥30%)
14:18:35 core.sweep_detector INFO: OrderBlocks: 7 detected, 3 unmitigated
14:18:35 core.sweep_detector INFO: FVGs: 9 detected, 3 unfilled
14:18:37 core.sweep_detector INFO: SweepDetector v2: 0 raw → 0 confirmed (vol≥2.5× body≥30%)
14:18:37 core.sweep_detector INFO: OrderBlocks: 8 detected, 4 unmitigated
14:18:37 core.sweep_detector INFO: FVGs: 10 detected, 5 unfilled
14:18:39 core.sweep_detector INFO: SweepDetector v2: 2 raw → 1 confirmed (vol≥2.5× body≥30%)
14:18:39 core.sweep_detector INFO: OrderBlocks: 4 detected, 0 unmitigated
14:18:39 core.sweep_detector INFO: FVGs: 11 detected, 3 unfilled
14:18:41 core.sweep_detector INFO: SweepDetector v2: 2 raw → 2 confirmed (vol≥2.5× body≥30%)
14:18:41 core.sweep_detector INFO: OrderBlocks: 2 detected, 0 unmitigated
14:18:41 core.sweep_detector INFO: FVGs: 9 detected, 4 unfilled
14:18:43 core.sweep_detector INFO: SweepDetector v2: 0 raw → 0 confirmed (vol≥2.5× body≥30%)
14:18:43 core.sweep_detector INFO: OrderBlocks: 8 detected, 3 unmitigated
14:18:43 core.sweep_detector INFO: FVGs: 12 detected, 4 unfilled
14:18:44 core.sweep_detector INFO: SweepDetector v2: 1 raw → 1 confirmed (vol≥2.5× body≥30%)
14:18:44 core.sweep_detector INFO: OrderBlocks: 7 detected, 1 unmitigated
14:18:44 core.sweep_detector INFO: FVGs: 13 detected, 3 unfilled
14:18:46 core.sweep_detector INFO: SweepDetector v2: 4 raw → 3 confirmed (vol≥2.5× body≥30%)
14:18:46 core.sweep_detector INFO: OrderBlocks: 2 detected, 0 unmitigated
14:18:46 core.sweep_detector INFO: FVGs: 8 detected, 2 unfilled
14:18:48 core.sweep_detector INFO: SweepDetector v2: 2 raw → 2 confirmed (vol≥2.5× body≥30%)
14:18:48 core.sweep_detector INFO: OrderBlocks: 6 detected, 0 unmitigated
14:18:48 core.sweep_detector INFO: FVGs: 4 detected, 0 unfilled
14:18:50 core.sweep_detector INFO: SweepDetector v2: 6 raw → 6 confirmed (vol≥2.5× body≥30%)
14:18:50 core.sweep_detector INFO: OrderBlocks: 2 detected, 0 unmitigated
14:18:50 core.sweep_detector INFO: FVGs: 9 detected, 0 unfilled
14:18:52 core.sweep_detector INFO: SweepDetector v2: 5 raw → 4 confirmed (vol≥2.5× body≥30%)
14:18:52 core.sweep_detector INFO: OrderBlocks: 1 detected, 1 unmitigated
14:18:52 core.sweep_detector INFO: FVGs: 0 detected, 0 unfilled
14:18:53 core.sweep_detector INFO: SweepDetector v2: 1 raw → 1 confirmed (vol≥2.5× body≥30%)
14:18:53 core.sweep_detector INFO: OrderBlocks: 7 detected, 4 unmitigated
14:18:53 core.sweep_detector INFO: FVGs: 9 detected, 3 unfilled
14:18:55 core.sweep_detector INFO: SweepDetector v2: 1 raw → 1 confirmed (vol≥2.5× body≥30%)
14:18:55 core.sweep_detector INFO: OrderBlocks: 3 detected, 1 unmitigated
14:18:55 core.sweep_detector INFO: FVGs: 6 detected, 2 unfilled
14:18:57 core.sweep_detector INFO: SweepDetector v2: 1 raw → 1 confirmed (vol≥2.5× body≥30%)
14:18:57 core.sweep_detector INFO: OrderBlocks: 5 detected, 1 unmitigated
14:18:57 core.sweep_detector INFO: FVGs: 8 detected, 0 unfilled
14:18:59 core.sweep_detector INFO: SweepDetector v2: 3 raw → 2 confirmed (vol≥2.5× body≥30%)
14:18:59 core.sweep_detector INFO: OrderBlocks: 7 detected, 3 unmitigated
14:18:59 core.sweep_detector INFO: FVGs: 13 detected, 2 unfilled
14:19:00 core.sweep_detector INFO: SweepDetector v2: 2 raw → 0 confirmed (vol≥2.5× body≥30%)
14:19:00 core.sweep_detector INFO: OrderBlocks: 9 detected, 3 unmitigated
14:19:00 core.sweep_detector INFO: FVGs: 13 detected, 2 unfilled
14:19:02 core.sweep_detector INFO: SweepDetector v2: 3 raw → 0 confirmed (vol≥2.5× body≥30%)
14:19:02 core.sweep_detector INFO: OrderBlocks: 6 detected, 3 unmitigated
14:19:02 core.sweep_detector INFO: FVGs: 9 detected, 3 unfilled
14:19:04 core.sweep_detector INFO: SweepDetector v2: 2 raw → 2 confirmed (vol≥2.5× body≥30%)
14:19:04 core.sweep_detector INFO: OrderBlocks: 10 detected, 3 unmitigated
14:19:04 core.sweep_detector INFO: FVGs: 8 detected, 3 unfilled
14:19:05 core.sweep_detector INFO: SweepDetector v2: 1 raw → 1 confirmed (vol≥2.5× body≥30%)
14:19:05 core.sweep_detector INFO: OrderBlocks: 1 detected, 0 unmitigated
14:19:05 core.sweep_detector INFO: FVGs: 10 detected, 3 unfilled
14:19:07 core.sweep_detector INFO: SweepDetector v2: 4 raw → 3 confirmed (vol≥2.5× body≥30%)
14:19:07 core.sweep_detector INFO: OrderBlocks: 4 detected, 1 unmitigated
14:19:07 core.sweep_detector INFO: FVGs: 8 detected, 1 unfilled
14:19:09 core.sweep_detector INFO: SweepDetector v2: 1 raw → 1 confirmed (vol≥2.5× body≥30%)
14:19:09 core.sweep_detector INFO: OrderBlocks: 7 detected, 2 unmitigated
14:19:09 core.sweep_detector INFO: FVGs: 9 detected, 4 unfilled
14:19:10 core.sweep_detector INFO: SweepDetector v2: 2 raw → 2 confirmed (vol≥2.5× body≥30%)
14:19:10 core.sweep_detector INFO: OrderBlocks: 3 detected, 1 unmitigated
14:19:10 core.sweep_detector INFO: FVGs: 13 detected, 5 unfilled
14:19:12 core.sweep_detector INFO: SweepDetector v2: 3 raw → 3 confirmed (vol≥2.5× body≥30%)
14:19:12 core.sweep_detector INFO: OrderBlocks: 4 detected, 1 unmitigated
14:19:12 core.sweep_detector INFO: FVGs: 7 detected, 4 unfilled
14:19:14 core.sweep_detector INFO: SweepDetector v2: 2 raw → 1 confirmed (vol≥2.5× body≥30%)
14:19:14 core.sweep_detector INFO: OrderBlocks: 4 detected, 1 unmitigated
14:19:14 core.sweep_detector INFO: FVGs: 7 detected, 0 unfilled
14:19:15 core.sweep_detector INFO: SweepDetector v2: 0 raw → 0 confirmed (vol≥2.5× body≥30%)
14:19:15 core.sweep_detector INFO: OrderBlocks: 7 detected, 1 unmitigated
14:19:15 core.sweep_detector INFO: FVGs: 8 detected, 3 unfilled
14:19:17 core.sweep_detector INFO: SweepDetector v2: 1 raw → 1 confirmed (vol≥2.5× body≥30%)
14:19:17 core.sweep_detector INFO: OrderBlocks: 7 detected, 4 unmitigated
14:19:17 core.sweep_detector INFO: FVGs: 12 detected, 7 unfilled
14:19:19 core.sweep_detector INFO: SweepDetector v2: 0 raw → 0 confirmed (vol≥2.5× body≥30%)
14:19:19 core.sweep_detector INFO: OrderBlocks: 2 detected, 1 unmitigated
14:19:19 core.sweep_detector INFO: FVGs: 11 detected, 2 unfilled
14:19:21 core.sweep_detector INFO: SweepDetector v2: 0 raw → 0 confirmed (vol≥2.5× body≥30%)
14:19:21 core.sweep_detector INFO: OrderBlocks: 2 detected, 0 unmitigated
14:19:21 core.sweep_detector INFO: FVGs: 7 detected, 0 unfilled
14:19:22 core.sweep_detector INFO: SweepDetector v2: 2 raw → 2 confirmed (vol≥2.5× body≥30%)
14:19:22 core.sweep_detector INFO: OrderBlocks: 2 detected, 0 unmitigated
14:19:22 core.sweep_detector INFO: FVGs: 4 detected, 0 unfilled
14:19:24 core.sweep_detector INFO: SweepDetector v2: 0 raw → 0 confirmed (vol≥2.5× body≥30%)
14:19:24 core.sweep_detector INFO: OrderBlocks: 7 detected, 3 unmitigated
14:19:24 core.sweep_detector INFO: FVGs: 12 detected, 7 unfilled
14:19:26 core.sweep_detector INFO: SweepDetector v2: 1 raw → 1 confirmed (vol≥2.5× body≥30%)
14:19:26 core.sweep_detector INFO: OrderBlocks: 3 detected, 2 unmitigated
14:19:26 core.sweep_detector INFO: FVGs: 12 detected, 3 unfilled
14:19:27 core.sweep_detector INFO: SweepDetector v2: 0 raw → 0 confirmed (vol≥2.5× body≥30%)
14:19:27 core.sweep_detector INFO: OrderBlocks: 9 detected, 3 unmitigated
14:19:27 core.sweep_detector INFO: FVGs: 12 detected, 6 unfilled
14:19:29 core.sweep_detector INFO: SweepDetector v2: 1 raw → 0 confirmed (vol≥2.5× body≥30%)
14:19:29 core.sweep_detector INFO: OrderBlocks: 9 detected, 3 unmitigated
14:19:29 core.sweep_detector INFO: FVGs: 8 detected, 2 unfilled
14:19:31 core.sweep_detector INFO: SweepDetector v2: 2 raw → 1 confirmed (vol≥2.5× body≥30%)
14:19:31 core.sweep_detector INFO: OrderBlocks: 1 detected, 1 unmitigated
14:19:31 core.sweep_detector INFO: FVGs: 9 detected, 3 unfilled
14:19:32 core.sweep_detector INFO: SweepDetector v2: 0 raw → 0 confirmed (vol≥2.5× body≥30%)
14:19:32 core.sweep_detector INFO: OrderBlocks: 6 detected, 2 unmitigated
14:19:32 core.sweep_detector INFO: FVGs: 5 detected, 3 unfilled
14:19:34 core.sweep_detector INFO: SweepDetector v2: 1 raw → 1 confirmed (vol≥2.5× body≥30%)
14:19:34 core.sweep_detector INFO: OrderBlocks: 6 detected, 3 unmitigated
14:19:34 core.sweep_detector INFO: FVGs: 10 detected, 6 unfilled
14:19:36 core.sweep_detector INFO: SweepDetector v2: 3 raw → 1 confirmed (vol≥2.5× body≥30%)
14:19:36 core.sweep_detector INFO: OrderBlocks: 4 detected, 2 unmitigated
14:19:36 core.sweep_detector INFO: FVGs: 9 detected, 4 unfilled
14:19:38 core.sweep_detector INFO: SweepDetector v2: 1 raw → 1 confirmed (vol≥2.5× body≥30%)
14:19:38 core.sweep_detector INFO: OrderBlocks: 3 detected, 3 unmitigated
14:19:38 core.sweep_detector INFO: FVGs: 4 detected, 2 unfilled
14:19:39 core.sweep_detector INFO: SweepDetector v2: 0 raw → 0 confirmed (vol≥2.5× body≥30%)
14:19:39 core.sweep_detector INFO: OrderBlocks: 6 detected, 2 unmitigated
14:19:39 core.sweep_detector INFO: FVGs: 3 detected, 2 unfilled
14:19:41 core.sweep_detector INFO: SweepDetector v2: 2 raw → 2 confirmed (vol≥2.5× body≥30%)
14:19:41 core.sweep_detector INFO: OrderBlocks: 6 detected, 0 unmitigated
14:19:41 core.sweep_detector INFO: FVGs: 9 detected, 1 unfilled
14:19:43 core.sweep_detector INFO: SweepDetector v2: 1 raw → 1 confirmed (vol≥2.5× body≥30%)
14:19:43 core.sweep_detector INFO: OrderBlocks: 2 detected, 0 unmitigated
14:19:43 core.sweep_detector INFO: FVGs: 6 detected, 0 unfilled
14:19:44 core.sweep_detector INFO: SweepDetector v2: 1 raw → 1 confirmed (vol≥2.5× body≥30%)
14:19:44 core.sweep_detector INFO: OrderBlocks: 9 detected, 2 unmitigated
14:19:44 core.sweep_detector INFO: FVGs: 5 detected, 4 unfilled
14:19:46 core.sweep_detector INFO: SweepDetector v2: 3 raw → 2 confirmed (vol≥2.5× body≥30%)
14:19:46 core.sweep_detector INFO: OrderBlocks: 3 detected, 1 unmitigated
14:19:46 core.sweep_detector INFO: FVGs: 7 detected, 3 unfilled
14:19:48 core.sweep_detector INFO: SweepDetector v2: 1 raw → 1 confirmed (vol≥2.5× body≥30%)
14:19:48 core.sweep_detector INFO: OrderBlocks: 6 detected, 3 unmitigated
14:19:48 core.sweep_detector INFO: FVGs: 8 detected, 3 unfilled
14:19:49 core.sweep_detector INFO: SweepDetector v2: 0 raw → 0 confirmed (vol≥2.5× body≥30%)
14:19:49 core.sweep_detector INFO: OrderBlocks: 4 detected, 2 unmitigated
14:19:49 core.sweep_detector INFO: FVGs: 13 detected, 3 unfilled
14:19:51 core.sweep_detector INFO: SweepDetector v2: 1 raw → 1 confirmed (vol≥2.5× body≥30%)
14:19:51 core.sweep_detector INFO: OrderBlocks: 6 detected, 1 unmitigated
14:19:51 core.sweep_detector INFO: FVGs: 10 detected, 4 unfilled
14:19:53 core.sweep_detector INFO: SweepDetector v2: 2 raw → 1 confirmed (vol≥2.5× body≥30%)
14:19:53 core.sweep_detector INFO: OrderBlocks: 4 detected, 2 unmitigated
14:19:53 core.sweep_detector INFO: FVGs: 10 detected, 5 unfilled
14:19:54 core.sweep_detector INFO: SweepDetector v2: 3 raw → 2 confirmed (vol≥2.5× body≥30%)
14:19:54 core.sweep_detector INFO: OrderBlocks: 11 detected, 4 unmitigated
14:19:54 core.sweep_detector INFO: FVGs: 14 detected, 1 unfilled
14:19:56 core.sweep_detector INFO: SweepDetector v2: 3 raw → 1 confirmed (vol≥2.5× body≥30%)
14:19:56 core.sweep_detector INFO: OrderBlocks: 5 detected, 0 unmitigated
14:19:56 core.sweep_detector INFO: FVGs: 11 detected, 2 unfilled
14:19:58 core.sweep_detector INFO: SweepDetector v2: 3 raw → 3 confirmed (vol≥2.5× body≥30%)
14:19:58 core.sweep_detector INFO: OrderBlocks: 3 detected, 0 unmitigated
14:19:58 core.sweep_detector INFO: FVGs: 7 detected, 0 unfilled
14:20:01 core.sweep_detector INFO: SweepDetector v2: 2 raw → 2 confirmed (vol≥2.5× body≥30%)
14:20:01 core.sweep_detector INFO: OrderBlocks: 3 detected, 1 unmitigated
14:20:01 core.sweep_detector INFO: FVGs: 7 detected, 2 unfilled
14:20:03 core.sweep_detector INFO: SweepDetector v2: 0 raw → 0 confirmed (vol≥2.5× body≥30%)
14:20:03 core.sweep_detector INFO: OrderBlocks: 2 detected, 1 unmitigated
14:20:03 core.sweep_detector INFO: FVGs: 11 detected, 5 unfilled
14:20:04 core.sweep_detector INFO: SweepDetector v2: 1 raw → 0 confirmed (vol≥2.5× body≥30%)
14:20:04 core.sweep_detector INFO: OrderBlocks: 1 detected, 0 unmitigated
14:20:04 core.sweep_detector INFO: FVGs: 7 detected, 4 unfilled
14:20:06 core.sweep_detector INFO: SweepDetector v2: 2 raw → 2 confirmed (vol≥2.5× body≥30%)
14:20:06 core.sweep_detector INFO: OrderBlocks: 15 detected, 3 unmitigated
14:20:06 core.sweep_detector INFO: FVGs: 16 detected, 2 unfilled
14:20:08 core.sweep_detector INFO: SweepDetector v2: 3 raw → 3 confirmed (vol≥2.5× body≥30%)
14:20:08 core.sweep_detector INFO: OrderBlocks: 4 detected, 2 unmitigated
14:20:08 core.sweep_detector INFO: FVGs: 9 detected, 2 unfilled
14:20:10 core.sweep_detector INFO: SweepDetector v2: 2 raw → 1 confirmed (vol≥2.5× body≥30%)
14:20:10 core.sweep_detector INFO: OrderBlocks: 3 detected, 2 unmitigated
14:20:10 core.sweep_detector INFO: FVGs: 7 detected, 1 unfilled
14:20:12 core.sweep_detector INFO: SweepDetector v2: 6 raw → 3 confirmed (vol≥2.5× body≥30%)
14:20:12 core.sweep_detector INFO: OrderBlocks: 6 detected, 4 unmitigated
14:20:12 core.sweep_detector INFO: FVGs: 10 detected, 5 unfilled
14:20:13 core.sweep_detector INFO: SweepDetector v2: 5 raw → 4 confirmed (vol≥2.5× body≥30%)
14:20:13 core.sweep_detector INFO: OrderBlocks: 4 detected, 1 unmitigated
14:20:13 core.sweep_detector INFO: FVGs: 6 detected, 1 unfilled
14:20:15 core.sweep_detector INFO: SweepDetector v2: 1 raw → 1 confirmed (vol≥2.5× body≥30%)
14:20:15 core.sweep_detector INFO: OrderBlocks: 2 detected, 1 unmitigated
14:20:15 core.sweep_detector INFO: FVGs: 7 detected, 1 unfilled
14:20:18 core.sweep_detector INFO: SweepDetector v2: 1 raw → 1 confirmed (vol≥2.5× body≥30%)
14:20:18 core.sweep_detector INFO: OrderBlocks: 5 detected, 1 unmitigated
14:20:18 core.sweep_detector INFO: FVGs: 8 detected, 3 unfilled
14:20:20 core.sweep_detector INFO: SweepDetector v2: 3 raw → 3 confirmed (vol≥2.5× body≥30%)
14:20:20 core.sweep_detector INFO: OrderBlocks: 7 detected, 1 unmitigated
14:20:20 core.sweep_detector INFO: FVGs: 10 detected, 3 unfilled
14:20:22 core.sweep_detector INFO: SweepDetector v2: 3 raw → 3 confirmed (vol≥2.5× body≥30%)
14:20:22 core.sweep_detector INFO: OrderBlocks: 3 detected, 0 unmitigated
14:20:22 core.sweep_detector INFO: FVGs: 12 detected, 5 unfilled
14:20:23 core.sweep_detector INFO: SweepDetector v2: 1 raw → 1 confirmed (vol≥2.5× body≥30%)
14:20:23 core.sweep_detector INFO: OrderBlocks: 6 detected, 2 unmitigated
14:20:23 core.sweep_detector INFO: FVGs: 12 detected, 5 unfilled
14:20:25 core.sweep_detector INFO: SweepDetector v2: 2 raw → 0 confirmed (vol≥2.5× body≥30%)
14:20:25 core.sweep_detector INFO: OrderBlocks: 6 detected, 1 unmitigated
14:20:25 core.sweep_detector INFO: FVGs: 10 detected, 2 unfilled
14:20:26 core.sweep_detector INFO: SweepDetector v2: 1 raw → 1 confirmed (vol≥2.5× body≥30%)
14:20:26 core.sweep_detector INFO: OrderBlocks: 5 detected, 3 unmitigated
14:20:26 core.sweep_detector INFO: FVGs: 3 detected, 2 unfilled
14:20:28 core.sweep_detector INFO: SweepDetector v2: 3 raw → 2 confirmed (vol≥2.5× body≥30%)
14:20:28 core.sweep_detector INFO: OrderBlocks: 5 detected, 0 unmitigated
14:20:28 core.sweep_detector INFO: FVGs: 7 detected, 0 unfilled
14:20:30 core.sweep_detector INFO: SweepDetector v2: 2 raw → 2 confirmed (vol≥2.5× body≥30%)
14:20:30 core.sweep_detector INFO: OrderBlocks: 6 detected, 1 unmitigated
14:20:30 core.sweep_detector INFO: FVGs: 7 detected, 3 unfilled
14:20:31 core.sweep_detector INFO: SweepDetector v2: 0 raw → 0 confirmed (vol≥2.5× body≥30%)
14:20:31 core.sweep_detector INFO: OrderBlocks: 6 detected, 2 unmitigated
14:20:32 core.sweep_detector INFO: FVGs: 7 detected, 5 unfilled
14:20:33 core.sweep_detector INFO: SweepDetector v2: 0 raw → 0 confirmed (vol≥2.5× body≥30%)
14:20:33 core.sweep_detector INFO: OrderBlocks: 8 detected, 4 unmitigated
14:20:33 core.sweep_detector INFO: FVGs: 10 detected, 4 unfilled
14:20:35 core.sweep_detector INFO: SweepDetector v2: 4 raw → 3 confirmed (vol≥2.5× body≥30%)
14:20:35 core.sweep_detector INFO: OrderBlocks: 5 detected, 1 unmitigated
14:20:35 core.sweep_detector INFO: FVGs: 11 detected, 2 unfilled
14:20:37 core.sweep_detector INFO: SweepDetector v2: 2 raw → 2 confirmed (vol≥2.5× body≥30%)
14:20:37 core.sweep_detector INFO: OrderBlocks: 4 detected, 1 unmitigated
14:20:37 core.sweep_detector INFO: FVGs: 7 detected, 1 unfilled
14:20:39 core.sweep_detector INFO: SweepDetector v2: 1 raw → 1 confirmed (vol≥2.5× body≥30%)
14:20:39 core.sweep_detector INFO: OrderBlocks: 4 detected, 2 unmitigated
14:20:39 core.sweep_detector INFO: FVGs: 5 detected, 2 unfilled
14:20:40 core.sweep_detector INFO: SweepDetector v2: 3 raw → 3 confirmed (vol≥2.5× body≥30%)
14:20:40 core.sweep_detector INFO: OrderBlocks: 3 detected, 0 unmitigated
14:20:40 core.sweep_detector INFO: FVGs: 4 detected, 1 unfilled
14:20:42 core.sweep_detector INFO: SweepDetector v2: 1 raw → 1 confirmed (vol≥2.5× body≥30%)
14:20:42 core.sweep_detector INFO: OrderBlocks: 0 detected, 0 unmitigated
14:20:42 core.sweep_detector INFO: FVGs: 1 detected, 0 unfilled
14:20:44 core.sweep_detector INFO: SweepDetector v2: 2 raw → 2 confirmed (vol≥2.5× body≥30%)
14:20:44 core.sweep_detector INFO: OrderBlocks: 10 detected, 4 unmitigated
14:20:44 core.sweep_detector INFO: FVGs: 10 detected, 3 unfilled
14:20:45 core.sweep_detector INFO: SweepDetector v2: 5 raw → 3 confirmed (vol≥2.5× body≥30%)
14:20:45 core.sweep_detector INFO: OrderBlocks: 3 detected, 2 unmitigated
14:20:45 core.sweep_detector INFO: FVGs: 10 detected, 3 unfilled
14:20:45 __main__ INFO: Pending signal #61: binance:POL/USDT short entry=0.09465 current=0.0932 dist=1.56% expires=8h
14:20:56 alerts.telegram INFO: Alert sent: binance:POL/USDT short RR=4.45
14:20:57 core.sweep_detector INFO: SweepDetector v2: 2 raw → 1 confirmed (vol≥2.5× body≥30%)
14:20:57 core.sweep_detector INFO: OrderBlocks: 2 detected, 0 unmitigated
14:20:57 core.sweep_detector INFO: FVGs: 8 detected, 1 unfilled
14:21:00 core.sweep_detector INFO: SweepDetector v2: 1 raw → 0 confirmed (vol≥2.5× body≥30%)
14:21:00 core.sweep_detector INFO: OrderBlocks: 5 detected, 1 unmitigated
14:21:00 core.sweep_detector INFO: FVGs: 5 detected, 2 unfilled
14:21:01 core.sweep_detector INFO: SweepDetector v2: 4 raw → 4 confirmed (vol≥2.5× body≥30%)
14:21:01 core.sweep_detector INFO: OrderBlocks: 1 detected, 0 unmitigated
14:21:01 core.sweep_detector INFO: FVGs: 8 detected, 1 unfilled
14:21:04 core.sweep_detector INFO: SweepDetector v2: 1 raw → 1 confirmed (vol≥2.5× body≥30%)
14:21:04 core.sweep_detector INFO: OrderBlocks: 4 detected, 0 unmitigated
14:21:04 core.sweep_detector INFO: FVGs: 9 detected, 1 unfilled
14:21:06 core.sweep_detector INFO: SweepDetector v2: 2 raw → 2 confirmed (vol≥2.5× body≥30%)
14:21:06 core.sweep_detector INFO: OrderBlocks: 8 detected, 4 unmitigated
14:21:06 core.sweep_detector INFO: FVGs: 9 detected, 2 unfilled
14:21:07 core.sweep_detector INFO: SweepDetector v2: 2 raw → 1 confirmed (vol≥2.5× body≥30%)
14:21:07 core.sweep_detector INFO: OrderBlocks: 3 detected, 1 unmitigated
14:21:07 core.sweep_detector INFO: FVGs: 8 detected, 3 unfilled
14:21:09 core.sweep_detector INFO: SweepDetector v2: 1 raw → 1 confirmed (vol≥2.5× body≥30%)
14:21:09 core.sweep_detector INFO: OrderBlocks: 2 detected, 1 unmitigated
14:21:09 core.sweep_detector INFO: FVGs: 10 detected, 2 unfilled
14:21:11 core.sweep_detector INFO: SweepDetector v2: 0 raw → 0 confirmed (vol≥2.5× body≥30%)
14:21:11 core.sweep_detector INFO: OrderBlocks: 1 detected, 0 unmitigated
14:21:11 core.sweep_detector INFO: FVGs: 0 detected, 0 unfilled
14:21:13 core.sweep_detector INFO: SweepDetector v2: 0 raw → 0 confirmed (vol≥2.5× body≥30%)
14:21:13 core.sweep_detector INFO: OrderBlocks: 0 detected, 0 unmitigated
14:21:13 core.sweep_detector INFO: FVGs: 0 detected, 0 unfilled
14:21:14 core.sweep_detector INFO: SweepDetector v2: 0 raw → 0 confirmed (vol≥2.5× body≥30%)
14:21:14 core.sweep_detector INFO: OrderBlocks: 0 detected, 0 unmitigated
14:21:14 core.sweep_detector INFO: FVGs: 0 detected, 0 unfilled
14:21:16 core.sweep_detector INFO: SweepDetector v2: 2 raw → 2 confirmed (vol≥2.5× body≥30%)
14:21:16 core.sweep_detector INFO: OrderBlocks: 5 detected, 2 unmitigated
14:21:16 core.sweep_detector INFO: FVGs: 6 detected, 1 unfilled
14:21:18 core.sweep_detector INFO: SweepDetector v2: 3 raw → 3 confirmed (vol≥2.5× body≥30%)
14:21:18 core.sweep_detector INFO: OrderBlocks: 3 detected, 0 unmitigated
14:21:18 core.sweep_detector INFO: FVGs: 10 detected, 2 unfilled
14:21:20 core.sweep_detector INFO: SweepDetector v2: 2 raw → 2 confirmed (vol≥2.5× body≥30%)
14:21:20 core.sweep_detector INFO: OrderBlocks: 2 detected, 1 unmitigated
14:21:20 core.sweep_detector INFO: FVGs: 4 detected, 1 unfilled
14:21:21 core.sweep_detector INFO: SweepDetector v2: 0 raw → 0 confirmed (vol≥2.5× body≥30%)
14:21:21 core.sweep_detector INFO: OrderBlocks: 4 detected, 2 unmitigated
14:21:21 core.sweep_detector INFO: FVGs: 11 detected, 7 unfilled
14:21:23 core.sweep_detector INFO: SweepDetector v2: 0 raw → 0 confirmed (vol≥2.5× body≥30%)
14:21:23 core.sweep_detector INFO: OrderBlocks: 1 detected, 0 unmitigated
14:21:23 core.sweep_detector INFO: FVGs: 6 detected, 2 unfilled
14:21:25 core.sweep_detector INFO: SweepDetector v2: 2 raw → 2 confirmed (vol≥2.5× body≥30%)
14:21:25 core.sweep_detector INFO: OrderBlocks: 3 detected, 1 unmitigated
14:21:25 core.sweep_detector INFO: FVGs: 12 detected, 2 unfilled
14:21:26 core.sweep_detector INFO: SweepDetector v2: 5 raw → 3 confirmed (vol≥2.5× body≥30%)
14:21:26 core.sweep_detector INFO: OrderBlocks: 6 detected, 2 unmitigated
14:21:26 core.sweep_detector INFO: FVGs: 9 detected, 2 unfilled
14:21:28 core.sweep_detector INFO: SweepDetector v2: 2 raw → 2 confirmed (vol≥2.5× body≥30%)
14:21:28 core.sweep_detector INFO: OrderBlocks: 3 detected, 2 unmitigated
14:21:28 core.sweep_detector INFO: FVGs: 13 detected, 2 unfilled
14:21:30 core.sweep_detector INFO: SweepDetector v2: 3 raw → 3 confirmed (vol≥2.5× body≥30%)
14:21:30 core.sweep_detector INFO: OrderBlocks: 3 detected, 0 unmitigated
14:21:30 core.sweep_detector INFO: FVGs: 6 detected, 2 unfilled
14:21:32 core.sweep_detector INFO: SweepDetector v2: 0 raw → 0 confirmed (vol≥2.5× body≥30%)
14:21:32 core.sweep_detector INFO: OrderBlocks: 7 detected, 2 unmitigated
14:21:32 core.sweep_detector INFO: FVGs: 9 detected, 2 unfilled
14:21:34 core.sweep_detector INFO: SweepDetector v2: 3 raw → 3 confirmed (vol≥2.5× body≥30%)
14:21:34 core.sweep_detector INFO: OrderBlocks: 3 detected, 1 unmitigated
14:21:34 core.sweep_detector INFO: FVGs: 8 detected, 3 unfilled
14:21:35 core.sweep_detector INFO: SweepDetector v2: 2 raw → 1 confirmed (vol≥2.5× body≥30%)
14:21:35 core.sweep_detector INFO: OrderBlocks: 5 detected, 2 unmitigated
14:21:35 core.sweep_detector INFO: FVGs: 7 detected, 3 unfilled
14:21:37 core.sweep_detector INFO: SweepDetector v2: 1 raw → 1 confirmed (vol≥2.5× body≥30%)
14:21:37 core.sweep_detector INFO: OrderBlocks: 4 detected, 2 unmitigated
14:21:37 core.sweep_detector INFO: FVGs: 12 detected, 9 unfilled
14:21:39 core.sweep_detector INFO: SweepDetector v2: 1 raw → 1 confirmed (vol≥2.5× body≥30%)
14:21:39 core.sweep_detector INFO: OrderBlocks: 3 detected, 2 unmitigated
14:21:39 core.sweep_detector INFO: FVGs: 2 detected, 1 unfilled
14:21:41 core.sweep_detector INFO: SweepDetector v2: 3 raw → 3 confirmed (vol≥2.5× body≥30%)
14:21:41 core.sweep_detector INFO: OrderBlocks: 2 detected, 2 unmitigated
14:21:41 core.sweep_detector INFO: FVGs: 7 detected, 3 unfilled
14:21:42 core.sweep_detector INFO: SweepDetector v2: 1 raw → 0 confirmed (vol≥2.5× body≥30%)
14:21:42 core.sweep_detector INFO: OrderBlocks: 9 detected, 3 unmitigated
14:21:42 core.sweep_detector INFO: FVGs: 8 detected, 4 unfilled
14:21:44 core.sweep_detector INFO: SweepDetector v2: 4 raw → 1 confirmed (vol≥2.5× body≥30%)
14:21:44 core.sweep_detector INFO: OrderBlocks: 4 detected, 1 unmitigated
14:21:44 core.sweep_detector INFO: FVGs: 7 detected, 1 unfilled
14:21:46 core.sweep_detector INFO: SweepDetector v2: 1 raw → 1 confirmed (vol≥2.5× body≥30%)
14:21:46 core.sweep_detector INFO: OrderBlocks: 3 detected, 0 unmitigated
14:21:46 core.sweep_detector INFO: FVGs: 2 detected, 0 unfilled
14:21:48 core.sweep_detector INFO: SweepDetector v2: 2 raw → 2 confirmed (vol≥2.5× body≥30%)
14:21:48 core.sweep_detector INFO: OrderBlocks: 5 detected, 2 unmitigated
14:21:48 core.sweep_detector INFO: FVGs: 11 detected, 1 unfilled
14:21:49 core.sweep_detector INFO: SweepDetector v2: 1 raw → 1 confirmed (vol≥2.5× body≥30%)
14:21:49 core.sweep_detector INFO: OrderBlocks: 3 detected, 1 unmitigated
14:21:49 core.sweep_detector INFO: FVGs: 13 detected, 5 unfilled
14:21:51 core.sweep_detector INFO: SweepDetector v2: 0 raw → 0 confirmed (vol≥2.5× body≥30%)
14:21:51 core.sweep_detector INFO: OrderBlocks: 0 detected, 0 unmitigated
14:21:51 core.sweep_detector INFO: FVGs: 7 detected, 1 unfilled
14:21:53 core.sweep_detector INFO: SweepDetector v2: 7 raw → 5 confirmed (vol≥2.5× body≥30%)
14:21:53 core.sweep_detector INFO: OrderBlocks: 5 detected, 5 unmitigated
14:21:53 core.sweep_detector INFO: FVGs: 13 detected, 8 unfilled
14:21:54 core.sweep_detector INFO: SweepDetector v2: 2 raw → 1 confirmed (vol≥2.5× body≥30%)
14:21:54 core.sweep_detector INFO: OrderBlocks: 1 detected, 0 unmitigated
14:21:54 core.sweep_detector INFO: FVGs: 5 detected, 2 unfilled
14:21:56 core.sweep_detector INFO: SweepDetector v2: 4 raw → 4 confirmed (vol≥2.5× body≥30%)
14:21:56 core.sweep_detector INFO: OrderBlocks: 5 detected, 0 unmitigated
14:21:56 core.sweep_detector INFO: FVGs: 11 detected, 2 unfilled
14:21:58 core.sweep_detector INFO: SweepDetector v2: 0 raw → 0 confirmed (vol≥2.5× body≥30%)
14:21:58 core.sweep_detector INFO: OrderBlocks: 8 detected, 5 unmitigated
14:21:58 core.sweep_detector INFO: FVGs: 13 detected, 4 unfilled
14:22:00 core.sweep_detector INFO: SweepDetector v2: 3 raw → 2 confirmed (vol≥2.5× body≥30%)
14:22:00 core.sweep_detector INFO: OrderBlocks: 4 detected, 1 unmitigated
14:22:00 core.sweep_detector INFO: FVGs: 9 detected, 2 unfilled
14:22:01 core.sweep_detector INFO: SweepDetector v2: 2 raw → 1 confirmed (vol≥2.5× body≥30%)
14:22:01 core.sweep_detector INFO: OrderBlocks: 4 detected, 2 unmitigated
14:22:01 core.sweep_detector INFO: FVGs: 5 detected, 1 unfilled
14:22:04 core.sweep_detector INFO: SweepDetector v2: 3 raw → 3 confirmed (vol≥2.5× body≥30%)
14:22:04 core.sweep_detector INFO: OrderBlocks: 4 detected, 2 unmitigated
14:22:04 core.sweep_detector INFO: FVGs: 4 detected, 1 unfilled
14:22:06 core.sweep_detector INFO: SweepDetector v2: 3 raw → 2 confirmed (vol≥2.5× body≥30%)
14:22:06 core.sweep_detector INFO: OrderBlocks: 8 detected, 3 unmitigated
14:22:06 core.sweep_detector INFO: FVGs: 6 detected, 2 unfilled
14:22:08 core.sweep_detector INFO: SweepDetector v2: 1 raw → 1 confirmed (vol≥2.5× body≥30%)
14:22:08 core.sweep_detector INFO: OrderBlocks: 3 detected, 1 unmitigated
14:22:08 core.sweep_detector INFO: FVGs: 7 detected, 3 unfilled
14:22:10 core.sweep_detector INFO: SweepDetector v2: 3 raw → 2 confirmed (vol≥2.5× body≥30%)
14:22:10 core.sweep_detector INFO: OrderBlocks: 3 detected, 3 unmitigated
14:22:10 core.sweep_detector INFO: FVGs: 13 detected, 8 unfilled
14:22:12 core.sweep_detector INFO: SweepDetector v2: 2 raw → 2 confirmed (vol≥2.5× body≥30%)
14:22:12 core.sweep_detector INFO: OrderBlocks: 3 detected, 1 unmitigated
14:22:12 core.sweep_detector INFO: FVGs: 9 detected, 3 unfilled
14:22:13 core.sweep_detector INFO: SweepDetector v2: 2 raw → 1 confirmed (vol≥2.5× body≥30%)
14:22:13 core.sweep_detector INFO: OrderBlocks: 5 detected, 1 unmitigated
14:22:13 core.sweep_detector INFO: FVGs: 6 detected, 2 unfilled
14:22:15 core.sweep_detector INFO: SweepDetector v2: 1 raw → 0 confirmed (vol≥2.5× body≥30%)
14:22:15 core.sweep_detector INFO: OrderBlocks: 4 detected, 0 unmitigated
14:22:15 core.sweep_detector INFO: FVGs: 14 detected, 5 unfilled
14:22:17 core.sweep_detector INFO: SweepDetector v2: 0 raw → 0 confirmed (vol≥2.5× body≥30%)
14:22:17 core.sweep_detector INFO: OrderBlocks: 7 detected, 1 unmitigated
14:22:17 core.sweep_detector INFO: FVGs: 4 detected, 2 unfilled
14:22:19 core.sweep_detector INFO: SweepDetector v2: 2 raw → 2 confirmed (vol≥2.5× body≥30%)
14:22:19 core.sweep_detector INFO: OrderBlocks: 1 detected, 1 unmitigated
14:22:19 core.sweep_detector INFO: FVGs: 4 detected, 2 unfilled
14:22:20 core.sweep_detector INFO: SweepDetector v2: 1 raw → 0 confirmed (vol≥2.5× body≥30%)
14:22:20 core.sweep_detector INFO: OrderBlocks: 6 detected, 3 unmitigated
14:22:20 core.sweep_detector INFO: FVGs: 10 detected, 5 unfilled
14:22:22 core.sweep_detector INFO: SweepDetector v2: 2 raw → 2 confirmed (vol≥2.5× body≥30%)
14:22:22 core.sweep_detector INFO: OrderBlocks: 3 detected, 1 unmitigated
14:22:22 core.sweep_detector INFO: FVGs: 14 detected, 3 unfilled
14:22:24 core.sweep_detector INFO: SweepDetector v2: 4 raw → 3 confirmed (vol≥2.5× body≥30%)
14:22:24 core.sweep_detector INFO: OrderBlocks: 4 detected, 0 unmitigated
14:22:24 core.sweep_detector INFO: FVGs: 6 detected, 1 unfilled
14:22:30 core.sweep_detector INFO: SweepDetector v2: 0 raw → 0 confirmed (vol≥2.5× body≥30%)
14:22:30 core.sweep_detector INFO: OrderBlocks: 10 detected, 2 unmitigated
14:22:30 core.sweep_detector INFO: FVGs: 11 detected, 2 unfilled
14:22:32 core.sweep_detector INFO: SweepDetector v2: 1 raw → 1 confirmed (vol≥2.5× body≥30%)
14:22:32 core.sweep_detector INFO: OrderBlocks: 6 detected, 3 unmitigated
14:22:32 core.sweep_detector INFO: FVGs: 6 detected, 2 unfilled
14:22:33 core.sweep_detector INFO: SweepDetector v2: 1 raw → 1 confirmed (vol≥2.5× body≥30%)
14:22:33 core.sweep_detector INFO: OrderBlocks: 4 detected, 1 unmitigated
14:22:33 core.sweep_detector INFO: FVGs: 5 detected, 3 unfilled
14:22:35 core.sweep_detector INFO: SweepDetector v2: 0 raw → 0 confirmed (vol≥2.5× body≥30%)
14:22:35 core.sweep_detector INFO: OrderBlocks: 2 detected, 0 unmitigated
14:22:35 core.sweep_detector INFO: FVGs: 0 detected, 0 unfilled
14:22:37 core.sweep_detector INFO: SweepDetector v2: 0 raw → 0 confirmed (vol≥2.5× body≥30%)
14:22:37 core.sweep_detector INFO: OrderBlocks: 0 detected, 0 unmitigated
14:22:37 core.sweep_detector INFO: FVGs: 0 detected, 0 unfilled
14:22:38 core.sweep_detector INFO: SweepDetector v2: 0 raw → 0 confirmed (vol≥2.5× body≥30%)
14:22:38 core.sweep_detector INFO: OrderBlocks: 0 detected, 0 unmitigated
14:22:38 core.sweep_detector INFO: FVGs: 0 detected, 0 unfilled
14:22:40 core.sweep_detector INFO: SweepDetector v2: 1 raw → 1 confirmed (vol≥2.5× body≥30%)
14:22:40 core.sweep_detector INFO: OrderBlocks: 6 detected, 1 unmitigated
14:22:40 core.sweep_detector INFO: FVGs: 9 detected, 5 unfilled
14:22:42 core.sweep_detector INFO: SweepDetector v2: 2 raw → 2 confirmed (vol≥2.5× body≥30%)
14:22:42 core.sweep_detector INFO: OrderBlocks: 6 detected, 2 unmitigated
14:22:42 core.sweep_detector INFO: FVGs: 8 detected, 3 unfilled
14:22:43 core.sweep_detector INFO: SweepDetector v2: 1 raw → 1 confirmed (vol≥2.5× body≥30%)
14:22:43 core.sweep_detector INFO: OrderBlocks: 4 detected, 1 unmitigated
14:22:43 core.sweep_detector INFO: FVGs: 12 detected, 3 unfilled
14:22:46 core.sweep_detector INFO: SweepDetector v2: 1 raw → 1 confirmed (vol≥2.5× body≥30%)
14:22:46 core.sweep_detector INFO: OrderBlocks: 2 detected, 0 unmitigated
14:22:46 core.sweep_detector INFO: FVGs: 0 detected, 0 unfilled
14:22:48 core.sweep_detector INFO: SweepDetector v2: 0 raw → 0 confirmed (vol≥2.5× body≥30%)
14:22:48 core.sweep_detector INFO: OrderBlocks: 1 detected, 0 unmitigated
14:22:48 core.sweep_detector INFO: FVGs: 0 detected, 0 unfilled
14:22:50 core.sweep_detector INFO: SweepDetector v2: 0 raw → 0 confirmed (vol≥2.5× body≥30%)
14:22:50 core.sweep_detector INFO: OrderBlocks: 1 detected, 0 unmitigated
14:22:50 core.sweep_detector INFO: FVGs: 0 detected, 0 unfilled
14:22:51 core.sweep_detector INFO: SweepDetector v2: 0 raw → 0 confirmed (vol≥2.5× body≥30%)
14:22:51 core.sweep_detector INFO: OrderBlocks: 3 detected, 0 unmitigated
14:22:51 core.sweep_detector INFO: FVGs: 0 detected, 0 unfilled
14:22:54 core.sweep_detector INFO: SweepDetector v2: 0 raw → 0 confirmed (vol≥2.5× body≥30%)
14:22:54 core.sweep_detector INFO: OrderBlocks: 1 detected, 0 unmitigated
14:22:54 core.sweep_detector INFO: FVGs: 0 detected, 0 unfilled
14:22:55 core.sweep_detector INFO: SweepDetector v2: 0 raw → 0 confirmed (vol≥2.5× body≥30%)
14:22:55 core.sweep_detector INFO: OrderBlocks: 2 detected, 0 unmitigated
14:22:55 core.sweep_detector INFO: FVGs: 0 detected, 0 unfilled
14:22:57 core.sweep_detector INFO: SweepDetector v2: 0 raw → 0 confirmed (vol≥2.5× body≥30%)
14:22:57 core.sweep_detector INFO: OrderBlocks: 2 detected, 0 unmitigated
14:22:57 core.sweep_detector INFO: FVGs: 0 detected, 0 unfilled
14:22:59 core.sweep_detector INFO: SweepDetector v2: 0 raw → 0 confirmed (vol≥2.5× body≥30%)
14:22:59 core.sweep_detector INFO: OrderBlocks: 0 detected, 0 unmitigated
14:22:59 core.sweep_detector INFO: FVGs: 0 detected, 0 unfilled
14:23:00 core.sweep_detector INFO: SweepDetector v2: 0 raw → 0 confirmed (vol≥2.5× body≥30%)
14:23:00 core.sweep_detector INFO: OrderBlocks: 0 detected, 0 unmitigated
14:23:00 core.sweep_detector INFO: FVGs: 0 detected, 0 unfilled
14:23:02 core.sweep_detector INFO: SweepDetector v2: 3 raw → 3 confirmed (vol≥2.5× body≥30%)
14:23:02 core.sweep_detector INFO: OrderBlocks: 4 detected, 1 unmitigated
14:23:02 core.sweep_detector INFO: FVGs: 8 detected, 3 unfilled
14:23:04 core.sweep_detector INFO: SweepDetector v2: 5 raw → 4 confirmed (vol≥2.5× body≥30%)
14:23:04 core.sweep_detector INFO: OrderBlocks: 8 detected, 3 unmitigated
14:23:04 core.sweep_detector INFO: FVGs: 8 detected, 4 unfilled
14:23:06 core.sweep_detector INFO: SweepDetector v2: 2 raw → 2 confirmed (vol≥2.5× body≥30%)
14:23:06 core.sweep_detector INFO: OrderBlocks: 5 detected, 1 unmitigated
14:23:06 core.sweep_detector INFO: FVGs: 8 detected, 3 unfilled
14:23:08 core.sweep_detector INFO: SweepDetector v2: 0 raw → 0 confirmed (vol≥2.5× body≥30%)
14:23:08 core.sweep_detector INFO: OrderBlocks: 5 detected, 2 unmitigated
14:23:08 core.sweep_detector INFO: FVGs: 9 detected, 4 unfilled
14:23:09 core.sweep_detector INFO: SweepDetector v2: 1 raw → 1 confirmed (vol≥2.5× body≥30%)
14:23:09 core.sweep_detector INFO: OrderBlocks: 1 detected, 1 unmitigated
14:23:09 core.sweep_detector INFO: FVGs: 9 detected, 2 unfilled
14:23:11 core.sweep_detector INFO: SweepDetector v2: 2 raw → 2 confirmed (vol≥2.5× body≥30%)
14:23:11 core.sweep_detector INFO: OrderBlocks: 4 detected, 2 unmitigated
14:23:11 core.sweep_detector INFO: FVGs: 8 detected, 2 unfilled
14:23:11 __main__ INFO: Pending signal #64: binance:VIRTUAL/USDT short entry=0.67395 current=0.6633 dist=1.61% expires=2h
14:23:22 alerts.telegram INFO: Alert sent: binance:VIRTUAL/USDT short RR=3.65
14:23:24 core.sweep_detector INFO: SweepDetector v2: 1 raw → 1 confirmed (vol≥2.5× body≥30%)
14:23:24 core.sweep_detector INFO: OrderBlocks: 6 detected, 4 unmitigated
14:23:24 core.sweep_detector INFO: FVGs: 8 detected, 3 unfilled
14:23:26 core.sweep_detector INFO: SweepDetector v2: 1 raw → 1 confirmed (vol≥2.5× body≥30%)
14:23:26 core.sweep_detector INFO: OrderBlocks: 2 detected, 1 unmitigated
14:23:26 core.sweep_detector INFO: FVGs: 11 detected, 1 unfilled
14:23:28 core.sweep_detector INFO: SweepDetector v2: 2 raw → 2 confirmed (vol≥2.5× body≥30%)
14:23:28 core.sweep_detector INFO: OrderBlocks: 4 detected, 1 unmitigated
14:23:28 core.sweep_detector INFO: FVGs: 7 detected, 3 unfilled
14:23:30 core.sweep_detector INFO: SweepDetector v2: 1 raw → 1 confirmed (vol≥2.5× body≥30%)
14:23:30 core.sweep_detector INFO: OrderBlocks: 2 detected, 1 unmitigated
14:23:30 core.sweep_detector INFO: FVGs: 8 detected, 4 unfilled
14:23:32 core.sweep_detector INFO: SweepDetector v2: 2 raw → 1 confirmed (vol≥2.5× body≥30%)
14:23:32 core.sweep_detector INFO: OrderBlocks: 1 detected, 0 unmitigated
14:23:32 core.sweep_detector INFO: FVGs: 6 detected, 0 unfilled
14:23:34 core.sweep_detector INFO: SweepDetector v2: 0 raw → 0 confirmed (vol≥2.5× body≥30%)
14:23:34 core.sweep_detector INFO: OrderBlocks: 2 detected, 0 unmitigated
14:23:34 core.sweep_detector INFO: FVGs: 1 detected, 0 unfilled
14:23:36 core.sweep_detector INFO: SweepDetector v2: 2 raw → 1 confirmed (vol≥2.5× body≥30%)
14:23:36 core.sweep_detector INFO: OrderBlocks: 6 detected, 4 unmitigated
14:23:36 core.sweep_detector INFO: FVGs: 13 detected, 6 unfilled
14:23:40 core.sweep_detector INFO: SweepDetector v2: 4 raw → 4 confirmed (vol≥2.5× body≥30%)
14:23:40 core.sweep_detector INFO: OrderBlocks: 2 detected, 1 unmitigated
14:23:40 core.sweep_detector INFO: FVGs: 6 detected, 3 unfilled
14:23:42 core.sweep_detector INFO: SweepDetector v2: 1 raw → 1 confirmed (vol≥2.5× body≥30%)
14:23:42 core.sweep_detector INFO: OrderBlocks: 5 detected, 2 unmitigated
14:23:42 core.sweep_detector INFO: FVGs: 7 detected, 1 unfilled
14:23:44 core.sweep_detector INFO: SweepDetector v2: 2 raw → 1 confirmed (vol≥2.5× body≥30%)
14:23:44 core.sweep_detector INFO: OrderBlocks: 5 detected, 1 unmitigated
14:23:44 core.sweep_detector INFO: FVGs: 5 detected, 1 unfilled
14:23:46 core.sweep_detector INFO: SweepDetector v2: 1 raw → 1 confirmed (vol≥2.5× body≥30%)
14:23:46 core.sweep_detector INFO: OrderBlocks: 4 detected, 0 unmitigated
14:23:46 core.sweep_detector INFO: FVGs: 9 detected, 0 unfilled
14:23:48 core.sweep_detector INFO: SweepDetector v2: 4 raw → 3 confirmed (vol≥2.5× body≥30%)
14:23:48 core.sweep_detector INFO: OrderBlocks: 6 detected, 1 unmitigated
14:23:48 core.sweep_detector INFO: FVGs: 10 detected, 1 unfilled
14:23:50 core.sweep_detector INFO: SweepDetector v2: 0 raw → 0 confirmed (vol≥2.5× body≥30%)
14:23:50 core.sweep_detector INFO: OrderBlocks: 1 detected, 0 unmitigated
14:23:50 core.sweep_detector INFO: FVGs: 4 detected, 0 unfilled
14:23:52 core.sweep_detector INFO: SweepDetector v2: 0 raw → 0 confirmed (vol≥2.5× body≥30%)
14:23:52 core.sweep_detector INFO: OrderBlocks: 5 detected, 1 unmitigated
14:23:52 core.sweep_detector INFO: FVGs: 6 detected, 3 unfilled
14:23:54 core.sweep_detector INFO: SweepDetector v2: 0 raw → 0 confirmed (vol≥2.5× body≥30%)
14:23:54 core.sweep_detector INFO: OrderBlocks: 7 detected, 2 unmitigated
14:23:54 core.sweep_detector INFO: FVGs: 8 detected, 5 unfilled
14:23:56 core.sweep_detector INFO: SweepDetector v2: 0 raw → 0 confirmed (vol≥2.5× body≥30%)
14:23:56 core.sweep_detector INFO: OrderBlocks: 8 detected, 3 unmitigated
14:23:56 core.sweep_detector INFO: FVGs: 11 detected, 3 unfilled
14:23:58 core.sweep_detector INFO: SweepDetector v2: 1 raw → 1 confirmed (vol≥2.5× body≥30%)
14:23:58 core.sweep_detector INFO: OrderBlocks: 3 detected, 1 unmitigated
14:23:58 core.sweep_detector INFO: FVGs: 9 detected, 3 unfilled
14:24:01 core.sweep_detector INFO: SweepDetector v2: 1 raw → 1 confirmed (vol≥2.5× body≥30%)
14:24:01 core.sweep_detector INFO: OrderBlocks: 7 detected, 2 unmitigated
14:24:01 core.sweep_detector INFO: FVGs: 9 detected, 4 unfilled
14:24:03 core.sweep_detector INFO: SweepDetector v2: 0 raw → 0 confirmed (vol≥2.5× body≥30%)
14:24:03 core.sweep_detector INFO: OrderBlocks: 10 detected, 3 unmitigated
14:24:03 core.sweep_detector INFO: FVGs: 10 detected, 3 unfilled
14:24:05 core.sweep_detector INFO: SweepDetector v2: 2 raw → 2 confirmed (vol≥2.5× body≥30%)
14:24:05 core.sweep_detector INFO: OrderBlocks: 2 detected, 1 unmitigated
14:24:05 core.sweep_detector INFO: FVGs: 12 detected, 3 unfilled
14:24:07 core.sweep_detector INFO: SweepDetector v2: 3 raw → 3 confirmed (vol≥2.5× body≥30%)
14:24:07 core.sweep_detector INFO: OrderBlocks: 1 detected, 0 unmitigated
14:24:07 core.sweep_detector INFO: FVGs: 14 detected, 3 unfilled
14:24:09 core.sweep_detector INFO: SweepDetector v2: 2 raw → 2 confirmed (vol≥2.5× body≥30%)
14:24:09 core.sweep_detector INFO: OrderBlocks: 7 detected, 3 unmitigated
14:24:09 core.sweep_detector INFO: FVGs: 8 detected, 3 unfilled
14:24:10 core.sweep_detector INFO: SweepDetector v2: 2 raw → 2 confirmed (vol≥2.5× body≥30%)
14:24:10 core.sweep_detector INFO: OrderBlocks: 4 detected, 1 unmitigated
14:24:10 core.sweep_detector INFO: FVGs: 5 detected, 0 unfilled
14:24:12 core.sweep_detector INFO: SweepDetector v2: 0 raw → 0 confirmed (vol≥2.5× body≥30%)
14:24:12 core.sweep_detector INFO: OrderBlocks: 6 detected, 2 unmitigated
14:24:12 core.sweep_detector INFO: FVGs: 7 detected, 0 unfilled
14:24:14 core.sweep_detector INFO: SweepDetector v2: 0 raw → 0 confirmed (vol≥2.5× body≥30%)
14:24:14 core.sweep_detector INFO: OrderBlocks: 0 detected, 0 unmitigated
14:24:14 core.sweep_detector INFO: FVGs: 0 detected, 0 unfilled
14:24:16 core.sweep_detector INFO: SweepDetector v2: 0 raw → 0 confirmed (vol≥2.5× body≥30%)
14:24:16 core.sweep_detector INFO: OrderBlocks: 5 detected, 0 unmitigated
14:24:16 core.sweep_detector INFO: FVGs: 0 detected, 0 unfilled
14:24:18 core.sweep_detector INFO: SweepDetector v2: 0 raw → 0 confirmed (vol≥2.5× body≥30%)
14:24:18 core.sweep_detector INFO: OrderBlocks: 0 detected, 0 unmitigated
14:24:18 core.sweep_detector INFO: FVGs: 0 detected, 0 unfilled
14:24:20 core.sweep_detector INFO: SweepDetector v2: 6 raw → 3 confirmed (vol≥2.5× body≥30%)
14:24:20 core.sweep_detector INFO: OrderBlocks: 9 detected, 3 unmitigated
14:24:20 core.sweep_detector INFO: FVGs: 10 detected, 3 unfilled
14:24:22 core.sweep_detector INFO: SweepDetector v2: 1 raw → 1 confirmed (vol≥2.5× body≥30%)
14:24:22 core.sweep_detector INFO: OrderBlocks: 5 detected, 1 unmitigated
14:24:22 core.sweep_detector INFO: FVGs: 11 detected, 2 unfilled
14:24:24 core.sweep_detector INFO: SweepDetector v2: 3 raw → 2 confirmed (vol≥2.5× body≥30%)
14:24:24 core.sweep_detector INFO: OrderBlocks: 9 detected, 4 unmitigated
14:24:24 core.sweep_detector INFO: FVGs: 10 detected, 2 unfilled
14:24:25 core.sweep_detector INFO: SweepDetector v2: 1 raw → 1 confirmed (vol≥2.5× body≥30%)
14:24:25 core.sweep_detector INFO: OrderBlocks: 7 detected, 2 unmitigated
14:24:25 core.sweep_detector INFO: FVGs: 7 detected, 2 unfilled
14:24:27 core.sweep_detector INFO: SweepDetector v2: 2 raw → 1 confirmed (vol≥2.5× body≥30%)
14:24:27 core.sweep_detector INFO: OrderBlocks: 1 detected, 0 unmitigated
14:24:27 core.sweep_detector INFO: FVGs: 12 detected, 4 unfilled
14:24:29 core.sweep_detector INFO: SweepDetector v2: 0 raw → 0 confirmed (vol≥2.5× body≥30%)
14:24:29 core.sweep_detector INFO: OrderBlocks: 6 detected, 1 unmitigated
14:24:29 core.sweep_detector INFO: FVGs: 7 detected, 3 unfilled
14:24:31 core.sweep_detector INFO: SweepDetector v2: 0 raw → 0 confirmed (vol≥2.5× body≥30%)
14:24:31 core.sweep_detector INFO: OrderBlocks: 7 detected, 3 unmitigated
14:24:31 core.sweep_detector INFO: FVGs: 9 detected, 2 unfilled
14:24:32 core.sweep_detector INFO: SweepDetector v2: 0 raw → 0 confirmed (vol≥2.5× body≥30%)
14:24:32 core.sweep_detector INFO: OrderBlocks: 10 detected, 0 unmitigated
14:24:32 core.sweep_detector INFO: FVGs: 6 detected, 0 unfilled
14:24:34 core.sweep_detector INFO: SweepDetector v2: 4 raw → 3 confirmed (vol≥2.5× body≥30%)
14:24:34 core.sweep_detector INFO: OrderBlocks: 5 detected, 2 unmitigated
14:24:34 core.sweep_detector INFO: FVGs: 3 detected, 2 unfilled
14:24:36 core.sweep_detector INFO: SweepDetector v2: 2 raw → 2 confirmed (vol≥2.5× body≥30%)
14:24:36 core.sweep_detector INFO: OrderBlocks: 5 detected, 1 unmitigated
14:24:36 core.sweep_detector INFO: FVGs: 5 detected, 3 unfilled
14:24:38 core.sweep_detector INFO: SweepDetector v2: 1 raw → 1 confirmed (vol≥2.5× body≥30%)
14:24:38 core.sweep_detector INFO: OrderBlocks: 3 detected, 1 unmitigated
14:24:38 core.sweep_detector INFO: FVGs: 4 detected, 1 unfilled
14:24:40 core.sweep_detector INFO: SweepDetector v2: 2 raw → 2 confirmed (vol≥2.5× body≥30%)
14:24:40 core.sweep_detector INFO: OrderBlocks: 3 detected, 0 unmitigated
14:24:40 core.sweep_detector INFO: FVGs: 3 detected, 0 unfilled
/root/.openclaw/workspace/projects/crypto-liquidity-hunter/main.py:555: DeprecationWarning: datetime.datetime.utcnow() is deprecated and scheduled for removal in a future version. Use timezone-aware objects to represent datetimes in UTC: datetime.datetime.now(datetime.UTC).
  scan_end     = datetime.utcnow()

=== SCAN ALL: 98 pairs, 3 timeframes ===
Total signals generated: 3
  binance:DOT/USDT 15m SHORT Entry=1.28 SL=1.29 TP=1.25 R:R=5.16
  binance:POL/USDT 1h SHORT Entry=0.09 SL=0.10 TP=0.09 R:R=4.45
  binance:VIRTUAL/USDT 15m SHORT Entry=0.67 SL=0.68 TP=0.66 R:R=3.65
