16:45:02 __main__ INFO: Volume filter: fetching all tickers in one call...
16:45:03 __main__ INFO: Volume filter: 101/447 pairs pass $2M threshold
/root/.openclaw/workspace/projects/crypto-liquidity-hunter/main.py:292: DeprecationWarning: datetime.datetime.utcnow() is deprecated and scheduled for removal in a future version. Use timezone-aware objects to represent datetimes in UTC: datetime.datetime.now(datetime.UTC).
  scan_start = datetime.utcnow()   # for duration tracking
16:45:04 core.binance_connector INFO: BinanceConnector: connected [LIVE FUTURES MAINNET]
16:45:04 __main__ INFO: Auto-executor: account 'Liquiddbot1' mode=live exec=auto
16:45:06 core.sweep_detector INFO: SweepDetector v2: 0 raw â†’ 0 confirmed (volâ‰Ą2.5Ă— bodyâ‰Ą30%)
16:45:06 core.sweep_detector INFO: OrderBlocks: 10 detected, 5 unmitigated
16:45:06 core.sweep_detector INFO: FVGs: 11 detected, 6 unfilled
16:45:07 core.sweep_detector INFO: SweepDetector v2: 2 raw â†’ 2 confirmed (volâ‰Ą2.5Ă— bodyâ‰Ą30%)
16:45:07 core.sweep_detector INFO: OrderBlocks: 2 detected, 1 unmitigated
16:45:07 core.sweep_detector INFO: FVGs: 10 detected, 1 unfilled
16:45:09 core.sweep_detector INFO: SweepDetector v2: 2 raw â†’ 2 confirmed (volâ‰Ą2.5Ă— bodyâ‰Ą30%)
16:45:09 core.sweep_detector INFO: OrderBlocks: 3 detected, 0 unmitigated
16:45:09 core.sweep_detector INFO: FVGs: 5 detected, 0 unfilled
16:45:11 core.sweep_detector INFO: SweepDetector v2: 1 raw â†’ 1 confirmed (volâ‰Ą2.5Ă— bodyâ‰Ą30%)
16:45:11 core.sweep_detector INFO: OrderBlocks: 8 detected, 2 unmitigated
16:45:11 core.sweep_detector INFO: FVGs: 10 detected, 4 unfilled
16:45:13 core.sweep_detector INFO: SweepDetector v2: 2 raw â†’ 1 confirmed (volâ‰Ą2.5Ă— bodyâ‰Ą30%)
16:45:13 core.sweep_detector INFO: OrderBlocks: 3 detected, 1 unmitigated
16:45:13 core.sweep_detector INFO: FVGs: 6 detected, 1 unfilled
16:45:14 core.sweep_detector INFO: SweepDetector v2: 2 raw â†’ 2 confirmed (volâ‰Ą2.5Ă— bodyâ‰Ą30%)
16:45:14 core.sweep_detector INFO: OrderBlocks: 5 detected, 1 unmitigated
16:45:14 core.sweep_detector INFO: FVGs: 5 detected, 1 unfilled
16:45:16 core.sweep_detector INFO: SweepDetector v2: 5 raw â†’ 5 confirmed (volâ‰Ą2.5Ă— bodyâ‰Ą30%)
16:45:16 core.sweep_detector INFO: OrderBlocks: 5 detected, 0 unmitigated
16:45:16 core.sweep_detector INFO: FVGs: 10 detected, 1 unfilled
16:45:18 core.sweep_detector INFO: SweepDetector v2: 3 raw â†’ 3 confirmed (volâ‰Ą2.5Ă— bodyâ‰Ą30%)
16:45:18 core.sweep_detector INFO: OrderBlocks: 4 detected, 1 unmitigated
16:45:18 core.sweep_detector INFO: FVGs: 9 detected, 1 unfilled
16:45:20 core.sweep_detector INFO: SweepDetector v2: 1 raw â†’ 1 confirmed (volâ‰Ą2.5Ă— bodyâ‰Ą30%)
16:45:20 core.sweep_detector INFO: OrderBlocks: 5 detected, 2 unmitigated
16:45:20 core.sweep_detector INFO: FVGs: 6 detected, 4 unfilled
16:45:22 core.sweep_detector INFO: SweepDetector v2: 3 raw â†’ 2 confirmed (volâ‰Ą2.5Ă— bodyâ‰Ą30%)
16:45:22 core.sweep_detector INFO: OrderBlocks: 7 detected, 0 unmitigated
16:45:22 core.sweep_detector INFO: FVGs: 10 detected, 0 unfilled
16:45:24 core.sweep_detector INFO: SweepDetector v2: 1 raw â†’ 0 confirmed (volâ‰Ą2.5Ă— bodyâ‰Ą30%)
16:45:24 core.sweep_detector INFO: OrderBlocks: 3 detected, 1 unmitigated
16:45:24 core.sweep_detector INFO: FVGs: 10 detected, 2 unfilled
16:45:25 core.sweep_detector INFO: SweepDetector v2: 0 raw â†’ 0 confirmed (volâ‰Ą2.5Ă— bodyâ‰Ą30%)
16:45:25 core.sweep_detector INFO: OrderBlocks: 3 detected, 1 unmitigated
16:45:25 core.sweep_detector INFO: FVGs: 7 detected, 1 unfilled
16:45:27 core.sweep_detector INFO: SweepDetector v2: 2 raw â†’ 1 confirmed (volâ‰Ą2.5Ă— bodyâ‰Ą30%)
16:45:27 core.sweep_detector INFO: OrderBlocks: 7 detected, 2 unmitigated
16:45:27 core.sweep_detector INFO: FVGs: 8 detected, 3 unfilled
16:45:28 core.sweep_detector INFO: SweepDetector v2: 1 raw â†’ 1 confirmed (volâ‰Ą2.5Ă— bodyâ‰Ą30%)
16:45:28 core.sweep_detector INFO: OrderBlocks: 3 detected, 0 unmitigated
16:45:28 core.sweep_detector INFO: FVGs: 10 detected, 1 unfilled
16:45:30 core.sweep_detector INFO: SweepDetector v2: 1 raw â†’ 1 confirmed (volâ‰Ą2.5Ă— bodyâ‰Ą30%)
16:45:30 core.sweep_detector INFO: OrderBlocks: 4 detected, 2 unmitigated
16:45:30 core.sweep_detector INFO: FVGs: 8 detected, 3 unfilled
16:45:32 core.sweep_detector INFO: SweepDetector v2: 2 raw â†’ 1 confirmed (volâ‰Ą2.5Ă— bodyâ‰Ą30%)
16:45:32 core.sweep_detector INFO: OrderBlocks: 5 detected, 1 unmitigated
16:45:32 core.sweep_detector INFO: FVGs: 10 detected, 3 unfilled
16:45:33 core.sweep_detector INFO: SweepDetector v2: 1 raw â†’ 1 confirmed (volâ‰Ą2.5Ă— bodyâ‰Ą30%)
16:45:33 core.sweep_detector INFO: OrderBlocks: 6 detected, 2 unmitigated
16:45:33 core.sweep_detector INFO: FVGs: 10 detected, 3 unfilled
16:45:35 core.sweep_detector INFO: SweepDetector v2: 3 raw â†’ 3 confirmed (volâ‰Ą2.5Ă— bodyâ‰Ą30%)
16:45:35 core.sweep_detector INFO: OrderBlocks: 2 detected, 1 unmitigated
16:45:35 core.sweep_detector INFO: FVGs: 7 detected, 3 unfilled
16:45:37 core.sweep_detector INFO: SweepDetector v2: 5 raw â†’ 5 confirmed (volâ‰Ą2.5Ă— bodyâ‰Ą30%)
16:45:37 core.sweep_detector INFO: OrderBlocks: 1 detected, 0 unmitigated
16:45:37 core.sweep_detector INFO: FVGs: 4 detected, 2 unfilled
16:45:39 core.sweep_detector INFO: SweepDetector v2: 2 raw â†’ 2 confirmed (volâ‰Ą2.5Ă— bodyâ‰Ą30%)
16:45:39 core.sweep_detector INFO: OrderBlocks: 4 detected, 2 unmitigated
16:45:39 core.sweep_detector INFO: FVGs: 3 detected, 2 unfilled
16:45:41 core.sweep_detector INFO: SweepDetector v2: 2 raw â†’ 2 confirmed (volâ‰Ą2.5Ă— bodyâ‰Ą30%)
16:45:41 core.sweep_detector INFO: OrderBlocks: 3 detected, 1 unmitigated
16:45:41 core.sweep_detector INFO: FVGs: 5 detected, 2 unfilled
16:45:43 core.sweep_detector INFO: SweepDetector v2: 2 raw â†’ 1 confirmed (volâ‰Ą2.5Ă— bodyâ‰Ą30%)
16:45:43 core.sweep_detector INFO: OrderBlocks: 7 detected, 3 unmitigated
16:45:43 core.sweep_detector INFO: FVGs: 9 detected, 4 unfilled
16:45:45 core.sweep_detector INFO: SweepDetector v2: 1 raw â†’ 0 confirmed (volâ‰Ą2.5Ă— bodyâ‰Ą30%)
16:45:45 core.sweep_detector INFO: OrderBlocks: 2 detected, 1 unmitigated
16:45:45 core.sweep_detector INFO: FVGs: 2 detected, 0 unfilled
16:45:47 core.sweep_detector INFO: SweepDetector v2: 2 raw â†’ 2 confirmed (volâ‰Ą2.5Ă— bodyâ‰Ą30%)
16:45:47 core.sweep_detector INFO: OrderBlocks: 9 detected, 3 unmitigated
16:45:47 core.sweep_detector INFO: FVGs: 7 detected, 2 unfilled
16:45:49 core.sweep_detector INFO: SweepDetector v2: 2 raw â†’ 2 confirmed (volâ‰Ą2.5Ă— bodyâ‰Ą30%)
16:45:49 core.sweep_detector INFO: OrderBlocks: 4 detected, 2 unmitigated
16:45:49 core.sweep_detector INFO: FVGs: 12 detected, 6 unfilled
16:45:50 core.sweep_detector INFO: SweepDetector v2: 1 raw â†’ 1 confirmed (volâ‰Ą2.5Ă— bodyâ‰Ą30%)
16:45:50 core.sweep_detector INFO: OrderBlocks: 4 detected, 2 unmitigated
16:45:50 core.sweep_detector INFO: FVGs: 8 detected, 3 unfilled
16:45:52 core.sweep_detector INFO: SweepDetector v2: 2 raw â†’ 2 confirmed (volâ‰Ą2.5Ă— bodyâ‰Ą30%)
16:45:52 core.sweep_detector INFO: OrderBlocks: 2 detected, 1 unmitigated
16:45:52 core.sweep_detector INFO: FVGs: 8 detected, 1 unfilled
16:45:54 core.sweep_detector INFO: SweepDetector v2: 2 raw â†’ 2 confirmed (volâ‰Ą2.5Ă— bodyâ‰Ą30%)
16:45:54 core.sweep_detector INFO: OrderBlocks: 5 detected, 0 unmitigated
16:45:54 core.sweep_detector INFO: FVGs: 4 detected, 0 unfilled
16:45:55 core.sweep_detector INFO: SweepDetector v2: 1 raw â†’ 1 confirmed (volâ‰Ą2.5Ă— bodyâ‰Ą30%)
16:45:55 core.sweep_detector INFO: OrderBlocks: 4 detected, 0 unmitigated
16:45:55 core.sweep_detector INFO: FVGs: 11 detected, 1 unfilled
16:45:58 core.sweep_detector INFO: SweepDetector v2: 1 raw â†’ 0 confirmed (volâ‰Ą2.5Ă— bodyâ‰Ą30%)
16:45:58 core.sweep_detector INFO: OrderBlocks: 1 detected, 0 unmitigated
16:45:58 core.sweep_detector INFO: FVGs: 5 detected, 1 unfilled
16:46:00 core.sweep_detector INFO: SweepDetector v2: 1 raw â†’ 1 confirmed (volâ‰Ą2.5Ă— bodyâ‰Ą30%)
16:46:00 core.sweep_detector INFO: OrderBlocks: 5 detected, 1 unmitigated
16:46:00 core.sweep_detector INFO: FVGs: 8 detected, 1 unfilled
16:46:01 core.sweep_detector INFO: SweepDetector v2: 0 raw â†’ 0 confirmed (volâ‰Ą2.5Ă— bodyâ‰Ą30%)
16:46:01 core.sweep_detector INFO: OrderBlocks: 4 detected, 2 unmitigated
16:46:01 core.sweep_detector INFO: FVGs: 8 detected, 2 unfilled
16:46:03 core.sweep_detector INFO: SweepDetector v2: 0 raw â†’ 0 confirmed (volâ‰Ą2.5Ă— bodyâ‰Ą30%)
16:46:03 core.sweep_detector INFO: OrderBlocks: 8 detected, 4 unmitigated
16:46:03 core.sweep_detector INFO: FVGs: 11 detected, 4 unfilled
16:46:05 core.sweep_detector INFO: SweepDetector v2: 4 raw â†’ 4 confirmed (volâ‰Ą2.5Ă— bodyâ‰Ą30%)
16:46:05 core.sweep_detector INFO: OrderBlocks: 2 detected, 2 unmitigated
16:46:05 core.sweep_detector INFO: FVGs: 12 detected, 3 unfilled
16:46:06 core.sweep_detector INFO: SweepDetector v2: 1 raw â†’ 1 confirmed (volâ‰Ą2.5Ă— bodyâ‰Ą30%)
16:46:06 core.sweep_detector INFO: OrderBlocks: 6 detected, 1 unmitigated
16:46:06 core.sweep_detector INFO: FVGs: 11 detected, 0 unfilled
16:46:08 core.sweep_detector INFO: SweepDetector v2: 2 raw â†’ 1 confirmed (volâ‰Ą2.5Ă— bodyâ‰Ą30%)
16:46:08 core.sweep_detector INFO: OrderBlocks: 2 detected, 0 unmitigated
16:46:08 core.sweep_detector INFO: FVGs: 6 detected, 1 unfilled
16:46:10 core.sweep_detector INFO: SweepDetector v2: 0 raw â†’ 0 confirmed (volâ‰Ą2.5Ă— bodyâ‰Ą30%)
16:46:10 core.sweep_detector INFO: OrderBlocks: 4 detected, 2 unmitigated
16:46:10 core.sweep_detector INFO: FVGs: 7 detected, 2 unfilled
16:46:12 core.sweep_detector INFO: SweepDetector v2: 3 raw â†’ 3 confirmed (volâ‰Ą2.5Ă— bodyâ‰Ą30%)
16:46:12 core.sweep_detector INFO: OrderBlocks: 2 detected, 2 unmitigated
16:46:12 core.sweep_detector INFO: FVGs: 6 detected, 3 unfilled
16:46:13 core.sweep_detector INFO: SweepDetector v2: 2 raw â†’ 2 confirmed (volâ‰Ą2.5Ă— bodyâ‰Ą30%)
16:46:13 core.sweep_detector INFO: OrderBlocks: 5 detected, 3 unmitigated
16:46:13 core.sweep_detector INFO: FVGs: 6 detected, 3 unfilled
16:46:15 core.sweep_detector INFO: SweepDetector v2: 0 raw â†’ 0 confirmed (volâ‰Ą2.5Ă— bodyâ‰Ą30%)
16:46:15 core.sweep_detector INFO: OrderBlocks: 0 detected, 0 unmitigated
16:46:15 core.sweep_detector INFO: FVGs: 0 detected, 0 unfilled
16:46:17 core.sweep_detector INFO: SweepDetector v2: 0 raw â†’ 0 confirmed (volâ‰Ą2.5Ă— bodyâ‰Ą30%)
16:46:17 core.sweep_detector INFO: OrderBlocks: 0 detected, 0 unmitigated
16:46:17 core.sweep_detector INFO: FVGs: 0 detected, 0 unfilled
16:46:19 core.sweep_detector INFO: SweepDetector v2: 0 raw â†’ 0 confirmed (volâ‰Ą2.5Ă— bodyâ‰Ą30%)
16:46:19 core.sweep_detector INFO: OrderBlocks: 0 detected, 0 unmitigated
16:46:19 core.sweep_detector INFO: FVGs: 0 detected, 0 unfilled
16:46:20 core.sweep_detector INFO: SweepDetector v2: 1 raw â†’ 1 confirmed (volâ‰Ą2.5Ă— bodyâ‰Ą30%)
16:46:20 core.sweep_detector INFO: OrderBlocks: 8 detected, 6 unmitigated
16:46:20 core.sweep_detector INFO: FVGs: 10 detected, 5 unfilled
16:46:22 core.sweep_detector INFO: SweepDetector v2: 1 raw â†’ 1 confirmed (volâ‰Ą2.5Ă— bodyâ‰Ą30%)
16:46:22 core.sweep_detector INFO: OrderBlocks: 4 detected, 1 unmitigated
16:46:22 core.sweep_detector INFO: FVGs: 4 detected, 1 unfilled
16:46:24 core.sweep_detector INFO: SweepDetector v2: 1 raw â†’ 1 confirmed (volâ‰Ą2.5Ă— bodyâ‰Ą30%)
16:46:24 core.sweep_detector INFO: OrderBlocks: 4 detected, 0 unmitigated
16:46:24 core.sweep_detector INFO: FVGs: 6 detected, 1 unfilled
16:46:26 core.sweep_detector INFO: SweepDetector v2: 1 raw â†’ 1 confirmed (volâ‰Ą2.5Ă— bodyâ‰Ą30%)
16:46:26 core.sweep_detector INFO: OrderBlocks: 7 detected, 2 unmitigated
16:46:26 core.sweep_detector INFO: FVGs: 7 detected, 3 unfilled
16:46:28 core.sweep_detector INFO: SweepDetector v2: 1 raw â†’ 1 confirmed (volâ‰Ą2.5Ă— bodyâ‰Ą30%)
16:46:28 core.sweep_detector INFO: OrderBlocks: 1 detected, 1 unmitigated
16:46:28 core.sweep_detector INFO: FVGs: 9 detected, 1 unfilled
16:46:29 core.sweep_detector INFO: SweepDetector v2: 1 raw â†’ 1 confirmed (volâ‰Ą2.5Ă— bodyâ‰Ą30%)
16:46:29 core.sweep_detector INFO: OrderBlocks: 3 detected, 0 unmitigated
16:46:29 core.sweep_detector INFO: FVGs: 5 detected, 0 unfilled
16:46:31 core.sweep_detector INFO: SweepDetector v2: 0 raw â†’ 0 confirmed (volâ‰Ą2.5Ă— bodyâ‰Ą30%)
16:46:31 core.sweep_detector INFO: OrderBlocks: 6 detected, 4 unmitigated
16:46:31 core.sweep_detector INFO: FVGs: 7 detected, 3 unfilled
16:46:33 core.sweep_detector INFO: SweepDetector v2: 2 raw â†’ 1 confirmed (volâ‰Ą2.5Ă— bodyâ‰Ą30%)
16:46:33 core.sweep_detector INFO: OrderBlocks: 4 detected, 1 unmitigated
16:46:33 core.sweep_detector INFO: FVGs: 9 detected, 1 unfilled
16:46:34 core.sweep_detector INFO: SweepDetector v2: 1 raw â†’ 1 confirmed (volâ‰Ą2.5Ă— bodyâ‰Ą30%)
16:46:34 core.sweep_detector INFO: OrderBlocks: 3 detected, 0 unmitigated
16:46:34 core.sweep_detector INFO: FVGs: 4 detected, 1 unfilled
16:46:36 core.sweep_detector INFO: SweepDetector v2: 7 raw â†’ 5 confirmed (volâ‰Ą2.5Ă— bodyâ‰Ą30%)
16:46:36 core.sweep_detector INFO: OrderBlocks: 4 detected, 2 unmitigated
16:46:36 core.sweep_detector INFO: FVGs: 9 detected, 4 unfilled
16:46:38 core.sweep_detector INFO: SweepDetector v2: 3 raw â†’ 1 confirmed (volâ‰Ą2.5Ă— bodyâ‰Ą30%)
16:46:38 core.sweep_detector INFO: OrderBlocks: 5 detected, 2 unmitigated
16:46:38 core.sweep_detector INFO: FVGs: 10 detected, 2 unfilled
16:46:40 core.sweep_detector INFO: SweepDetector v2: 0 raw â†’ 0 confirmed (volâ‰Ą2.5Ă— bodyâ‰Ą30%)
16:46:40 core.sweep_detector INFO: OrderBlocks: 4 detected, 3 unmitigated
16:46:40 core.sweep_detector INFO: FVGs: 12 detected, 5 unfilled
16:46:41 core.sweep_detector INFO: SweepDetector v2: 1 raw â†’ 1 confirmed (volâ‰Ą2.5Ă— bodyâ‰Ą30%)
16:46:41 core.sweep_detector INFO: OrderBlocks: 7 detected, 3 unmitigated
16:46:41 core.sweep_detector INFO: FVGs: 12 detected, 3 unfilled
16:46:43 core.sweep_detector INFO: SweepDetector v2: 2 raw â†’ 1 confirmed (volâ‰Ą2.5Ă— bodyâ‰Ą30%)
16:46:43 core.sweep_detector INFO: OrderBlocks: 8 detected, 0 unmitigated
16:46:43 core.sweep_detector INFO: FVGs: 6 detected, 2 unfilled
16:46:45 core.sweep_detector INFO: SweepDetector v2: 2 raw â†’ 2 confirmed (volâ‰Ą2.5Ă— bodyâ‰Ą30%)
16:46:45 core.sweep_detector INFO: OrderBlocks: 3 detected, 0 unmitigated
16:46:45 core.sweep_detector INFO: FVGs: 2 detected, 0 unfilled
16:46:47 core.sweep_detector INFO: SweepDetector v2: 5 raw â†’ 4 confirmed (volâ‰Ą2.5Ă— bodyâ‰Ą30%)
16:46:47 core.sweep_detector INFO: OrderBlocks: 8 detected, 1 unmitigated
16:46:47 core.sweep_detector INFO: FVGs: 12 detected, 4 unfilled
16:46:49 core.sweep_detector INFO: SweepDetector v2: 1 raw â†’ 0 confirmed (volâ‰Ą2.5Ă— bodyâ‰Ą30%)
16:46:49 core.sweep_detector INFO: OrderBlocks: 6 detected, 1 unmitigated
16:46:49 core.sweep_detector INFO: FVGs: 19 detected, 4 unfilled
16:46:51 core.sweep_detector INFO: SweepDetector v2: 1 raw â†’ 0 confirmed (volâ‰Ą2.5Ă— bodyâ‰Ą30%)
16:46:51 core.sweep_detector INFO: OrderBlocks: 4 detected, 2 unmitigated
16:46:51 core.sweep_detector INFO: FVGs: 13 detected, 9 unfilled
16:46:52 core.sweep_detector INFO: SweepDetector v2: 0 raw â†’ 0 confirmed (volâ‰Ą2.5Ă— bodyâ‰Ą30%)
16:46:52 core.sweep_detector INFO: OrderBlocks: 6 detected, 3 unmitigated
16:46:52 core.sweep_detector INFO: FVGs: 4 detected, 3 unfilled
16:46:54 core.sweep_detector INFO: SweepDetector v2: 1 raw â†’ 1 confirmed (volâ‰Ą2.5Ă— bodyâ‰Ą30%)
16:46:54 core.sweep_detector INFO: OrderBlocks: 6 detected, 2 unmitigated
16:46:54 core.sweep_detector INFO: FVGs: 3 detected, 3 unfilled
16:46:56 core.sweep_detector INFO: SweepDetector v2: 1 raw â†’ 0 confirmed (volâ‰Ą2.5Ă— bodyâ‰Ą30%)
16:46:56 core.sweep_detector INFO: OrderBlocks: 6 detected, 0 unmitigated
16:46:56 core.sweep_detector INFO: FVGs: 8 detected, 1 unfilled
16:46:58 core.sweep_detector INFO: SweepDetector v2: 1 raw â†’ 0 confirmed (volâ‰Ą2.5Ă— bodyâ‰Ą30%)
16:46:58 core.sweep_detector INFO: OrderBlocks: 2 detected, 2 unmitigated
16:46:58 core.sweep_detector INFO: FVGs: 7 detected, 6 unfilled
16:46:59 core.sweep_detector INFO: SweepDetector v2: 1 raw â†’ 0 confirmed (volâ‰Ą2.5Ă— bodyâ‰Ą30%)
16:46:59 core.sweep_detector INFO: OrderBlocks: 4 detected, 3 unmitigated
16:46:59 core.sweep_detector INFO: FVGs: 6 detected, 4 unfilled
16:47:01 core.sweep_detector INFO: SweepDetector v2: 2 raw â†’ 1 confirmed (volâ‰Ą2.5Ă— bodyâ‰Ą30%)
16:47:01 core.sweep_detector INFO: OrderBlocks: 12 detected, 0 unmitigated
16:47:01 core.sweep_detector INFO: FVGs: 7 detected, 0 unfilled
16:47:03 core.sweep_detector INFO: SweepDetector v2: 0 raw â†’ 0 confirmed (volâ‰Ą2.5Ă— bodyâ‰Ą30%)
16:47:03 core.sweep_detector INFO: OrderBlocks: 6 detected, 2 unmitigated
16:47:03 core.sweep_detector INFO: FVGs: 11 detected, 7 unfilled
16:47:05 core.sweep_detector INFO: SweepDetector v2: 3 raw â†’ 2 confirmed (volâ‰Ą2.5Ă— bodyâ‰Ą30%)
16:47:05 core.sweep_detector INFO: OrderBlocks: 6 detected, 1 unmitigated
16:47:05 core.sweep_detector INFO: FVGs: 12 detected, 3 unfilled
16:47:06 core.sweep_detector INFO: SweepDetector v2: 0 raw â†’ 0 confirmed (volâ‰Ą2.5Ă— bodyâ‰Ą30%)
16:47:06 core.sweep_detector INFO: OrderBlocks: 6 detected, 0 unmitigated
16:47:06 core.sweep_detector INFO: FVGs: 7 detected, 2 unfilled
16:47:08 core.sweep_detector INFO: SweepDetector v2: 0 raw â†’ 0 confirmed (volâ‰Ą2.5Ă— bodyâ‰Ą30%)
16:47:08 core.sweep_detector INFO: OrderBlocks: 9 detected, 2 unmitigated
16:47:08 core.sweep_detector INFO: FVGs: 14 detected, 3 unfilled
16:47:09 core.sweep_detector INFO: SweepDetector v2: 3 raw â†’ 2 confirmed (volâ‰Ą2.5Ă— bodyâ‰Ą30%)
16:47:09 core.sweep_detector INFO: OrderBlocks: 3 detected, 2 unmitigated
16:47:09 core.sweep_detector INFO: FVGs: 12 detected, 2 unfilled
16:47:11 core.sweep_detector INFO: SweepDetector v2: 2 raw â†’ 2 confirmed (volâ‰Ą2.5Ă— bodyâ‰Ą30%)
16:47:11 core.sweep_detector INFO: OrderBlocks: 6 detected, 1 unmitigated
16:47:11 core.sweep_detector INFO: FVGs: 5 detected, 2 unfilled
16:47:13 core.sweep_detector INFO: SweepDetector v2: 4 raw â†’ 2 confirmed (volâ‰Ą2.5Ă— bodyâ‰Ą30%)
16:47:13 core.sweep_detector INFO: OrderBlocks: 5 detected, 2 unmitigated
16:47:13 core.sweep_detector INFO: FVGs: 9 detected, 2 unfilled
16:47:14 core.sweep_detector INFO: SweepDetector v2: 5 raw â†’ 4 confirmed (volâ‰Ą2.5Ă— bodyâ‰Ą30%)
16:47:14 core.sweep_detector INFO: OrderBlocks: 6 detected, 2 unmitigated
16:47:14 core.sweep_detector INFO: FVGs: 10 detected, 4 unfilled
16:47:16 core.sweep_detector INFO: SweepDetector v2: 3 raw â†’ 2 confirmed (volâ‰Ą2.5Ă— bodyâ‰Ą30%)
16:47:16 core.sweep_detector INFO: OrderBlocks: 6 detected, 3 unmitigated
16:47:16 core.sweep_detector INFO: FVGs: 12 detected, 7 unfilled
16:47:18 core.sweep_detector INFO: SweepDetector v2: 3 raw â†’ 2 confirmed (volâ‰Ą2.5Ă— bodyâ‰Ą30%)
16:47:18 core.sweep_detector INFO: OrderBlocks: 5 detected, 2 unmitigated
16:47:18 core.sweep_detector INFO: FVGs: 5 detected, 2 unfilled
16:47:19 core.sweep_detector INFO: SweepDetector v2: 2 raw â†’ 1 confirmed (volâ‰Ą2.5Ă— bodyâ‰Ą30%)
16:47:19 core.sweep_detector INFO: OrderBlocks: 3 detected, 0 unmitigated
16:47:19 core.sweep_detector INFO: FVGs: 10 detected, 2 unfilled
16:47:21 core.sweep_detector INFO: SweepDetector v2: 0 raw â†’ 0 confirmed (volâ‰Ą2.5Ă— bodyâ‰Ą30%)
16:47:21 core.sweep_detector INFO: OrderBlocks: 6 detected, 2 unmitigated
16:47:21 core.sweep_detector INFO: FVGs: 4 detected, 1 unfilled
16:47:22 core.sweep_detector INFO: SweepDetector v2: 1 raw â†’ 1 confirmed (volâ‰Ą2.5Ă— bodyâ‰Ą30%)
16:47:22 core.sweep_detector INFO: OrderBlocks: 9 detected, 2 unmitigated
16:47:22 core.sweep_detector INFO: FVGs: 7 detected, 1 unfilled
16:47:24 core.sweep_detector INFO: SweepDetector v2: 0 raw â†’ 0 confirmed (volâ‰Ą2.5Ă— bodyâ‰Ą30%)
16:47:24 core.sweep_detector INFO: OrderBlocks: 8 detected, 2 unmitigated
16:47:24 core.sweep_detector INFO: FVGs: 9 detected, 2 unfilled
16:47:26 core.sweep_detector INFO: SweepDetector v2: 1 raw â†’ 1 confirmed (volâ‰Ą2.5Ă— bodyâ‰Ą30%)
16:47:26 core.sweep_detector INFO: OrderBlocks: 3 detected, 0 unmitigated
16:47:26 core.sweep_detector INFO: FVGs: 9 detected, 2 unfilled
16:47:28 core.sweep_detector INFO: SweepDetector v2: 0 raw â†’ 0 confirmed (volâ‰Ą2.5Ă— bodyâ‰Ą30%)
16:47:28 core.sweep_detector INFO: OrderBlocks: 8 detected, 3 unmitigated
16:47:28 core.sweep_detector INFO: FVGs: 11 detected, 2 unfilled
16:47:29 core.sweep_detector INFO: SweepDetector v2: 4 raw â†’ 3 confirmed (volâ‰Ą2.5Ă— bodyâ‰Ą30%)
16:47:29 core.sweep_detector INFO: OrderBlocks: 2 detected, 1 unmitigated
16:47:29 core.sweep_detector INFO: FVGs: 9 detected, 1 unfilled
16:47:31 core.sweep_detector INFO: SweepDetector v2: 1 raw â†’ 1 confirmed (volâ‰Ą2.5Ă— bodyâ‰Ą30%)
16:47:31 core.sweep_detector INFO: OrderBlocks: 3 detected, 0 unmitigated
16:47:31 core.sweep_detector INFO: FVGs: 3 detected, 0 unfilled
16:47:32 core.sweep_detector INFO: SweepDetector v2: 1 raw â†’ 0 confirmed (volâ‰Ą2.5Ă— bodyâ‰Ą30%)
16:47:32 core.sweep_detector INFO: OrderBlocks: 4 detected, 1 unmitigated
16:47:32 core.sweep_detector INFO: FVGs: 8 detected, 2 unfilled
16:47:34 core.sweep_detector INFO: SweepDetector v2: 3 raw â†’ 3 confirmed (volâ‰Ą2.5Ă— bodyâ‰Ą30%)
16:47:34 core.sweep_detector INFO: OrderBlocks: 4 detected, 0 unmitigated
16:47:34 core.sweep_detector INFO: FVGs: 6 detected, 0 unfilled
16:47:36 core.sweep_detector INFO: SweepDetector v2: 2 raw â†’ 2 confirmed (volâ‰Ą2.5Ă— bodyâ‰Ą30%)
16:47:36 core.sweep_detector INFO: OrderBlocks: 6 detected, 1 unmitigated
16:47:36 core.sweep_detector INFO: FVGs: 9 detected, 1 unfilled
16:47:37 core.sweep_detector INFO: SweepDetector v2: 2 raw â†’ 2 confirmed (volâ‰Ą2.5Ă— bodyâ‰Ą30%)
16:47:37 core.sweep_detector INFO: OrderBlocks: 9 detected, 3 unmitigated
16:47:37 core.sweep_detector INFO: FVGs: 15 detected, 5 unfilled
16:47:39 core.sweep_detector INFO: SweepDetector v2: 2 raw â†’ 2 confirmed (volâ‰Ą2.5Ă— bodyâ‰Ą30%)
16:47:39 core.sweep_detector INFO: OrderBlocks: 8 detected, 2 unmitigated
16:47:39 core.sweep_detector INFO: FVGs: 11 detected, 3 unfilled
16:47:41 core.sweep_detector INFO: SweepDetector v2: 2 raw â†’ 2 confirmed (volâ‰Ą2.5Ă— bodyâ‰Ą30%)
16:47:41 core.sweep_detector INFO: OrderBlocks: 6 detected, 3 unmitigated
16:47:41 core.sweep_detector INFO: FVGs: 11 detected, 3 unfilled
16:47:43 core.sweep_detector INFO: SweepDetector v2: 1 raw â†’ 1 confirmed (volâ‰Ą2.5Ă— bodyâ‰Ą30%)
16:47:43 core.sweep_detector INFO: OrderBlocks: 5 detected, 3 unmitigated
16:47:43 core.sweep_detector INFO: FVGs: 11 detected, 3 unfilled
16:47:44 core.sweep_detector INFO: SweepDetector v2: 4 raw â†’ 3 confirmed (volâ‰Ą2.5Ă— bodyâ‰Ą30%)
16:47:44 core.sweep_detector INFO: OrderBlocks: 3 detected, 0 unmitigated
16:47:44 core.sweep_detector INFO: FVGs: 7 detected, 2 unfilled
16:47:46 core.sweep_detector INFO: SweepDetector v2: 5 raw â†’ 3 confirmed (volâ‰Ą2.5Ă— bodyâ‰Ą30%)
16:47:46 core.sweep_detector INFO: OrderBlocks: 1 detected, 1 unmitigated
16:47:46 core.sweep_detector INFO: FVGs: 6 detected, 1 unfilled
16:47:49 core.sweep_detector INFO: SweepDetector v2: 2 raw â†’ 1 confirmed (volâ‰Ą2.5Ă— bodyâ‰Ą30%)
16:47:49 core.sweep_detector INFO: OrderBlocks: 5 detected, 0 unmitigated
16:47:49 core.sweep_detector INFO: FVGs: 6 detected, 0 unfilled
16:47:50 core.sweep_detector INFO: SweepDetector v2: 1 raw â†’ 0 confirmed (volâ‰Ą2.5Ă— bodyâ‰Ą30%)
16:47:50 core.sweep_detector INFO: OrderBlocks: 4 detected, 2 unmitigated
16:47:50 core.sweep_detector INFO: FVGs: 10 detected, 1 unfilled
16:47:52 core.sweep_detector INFO: SweepDetector v2: 3 raw â†’ 2 confirmed (volâ‰Ą2.5Ă— bodyâ‰Ą30%)
16:47:52 core.sweep_detector INFO: OrderBlocks: 6 detected, 2 unmitigated
16:47:52 core.sweep_detector INFO: FVGs: 8 detected, 2 unfilled
16:47:54 core.sweep_detector INFO: SweepDetector v2: 2 raw â†’ 1 confirmed (volâ‰Ą2.5Ă— bodyâ‰Ą30%)
16:47:54 core.sweep_detector INFO: OrderBlocks: 5 detected, 1 unmitigated
16:47:54 core.sweep_detector INFO: FVGs: 8 detected, 4 unfilled
16:47:56 core.sweep_detector INFO: SweepDetector v2: 2 raw â†’ 2 confirmed (volâ‰Ą2.5Ă— bodyâ‰Ą30%)
16:47:56 core.sweep_detector INFO: OrderBlocks: 2 detected, 1 unmitigated
16:47:56 core.sweep_detector INFO: FVGs: 12 detected, 3 unfilled
16:47:57 core.sweep_detector INFO: SweepDetector v2: 1 raw â†’ 1 confirmed (volâ‰Ą2.5Ă— bodyâ‰Ą30%)
16:47:57 core.sweep_detector INFO: OrderBlocks: 5 detected, 1 unmitigated
16:47:57 core.sweep_detector INFO: FVGs: 12 detected, 3 unfilled
16:47:59 core.sweep_detector INFO: SweepDetector v2: 2 raw â†’ 1 confirmed (volâ‰Ą2.5Ă— bodyâ‰Ą30%)
16:47:59 core.sweep_detector INFO: OrderBlocks: 6 detected, 2 unmitigated
16:47:59 core.sweep_detector INFO: FVGs: 10 detected, 5 unfilled
16:48:01 core.sweep_detector INFO: SweepDetector v2: 3 raw â†’ 1 confirmed (volâ‰Ą2.5Ă— bodyâ‰Ą30%)
16:48:01 core.sweep_detector INFO: OrderBlocks: 4 detected, 1 unmitigated
16:48:01 core.sweep_detector INFO: FVGs: 10 detected, 2 unfilled
16:48:03 core.sweep_detector INFO: SweepDetector v2: 2 raw â†’ 2 confirmed (volâ‰Ą2.5Ă— bodyâ‰Ą30%)
16:48:03 core.sweep_detector INFO: OrderBlocks: 5 detected, 1 unmitigated
16:48:03 core.sweep_detector INFO: FVGs: 4 detected, 1 unfilled
16:48:05 core.sweep_detector INFO: SweepDetector v2: 0 raw â†’ 0 confirmed (volâ‰Ą2.5Ă— bodyâ‰Ą30%)
16:48:05 core.sweep_detector INFO: OrderBlocks: 2 detected, 2 unmitigated
16:48:05 core.sweep_detector INFO: FVGs: 10 detected, 4 unfilled
16:48:06 core.sweep_detector INFO: SweepDetector v2: 2 raw â†’ 2 confirmed (volâ‰Ą2.5Ă— bodyâ‰Ą30%)
16:48:06 core.sweep_detector INFO: OrderBlocks: 3 detected, 0 unmitigated
16:48:06 core.sweep_detector INFO: FVGs: 3 detected, 1 unfilled
16:48:08 core.sweep_detector INFO: SweepDetector v2: 1 raw â†’ 1 confirmed (volâ‰Ą2.5Ă— bodyâ‰Ą30%)
16:48:08 core.sweep_detector INFO: OrderBlocks: 2 detected, 0 unmitigated
16:48:08 core.sweep_detector INFO: FVGs: 11 detected, 1 unfilled
16:48:09 core.sweep_detector INFO: SweepDetector v2: 0 raw â†’ 0 confirmed (volâ‰Ą2.5Ă— bodyâ‰Ą30%)
16:48:09 core.sweep_detector INFO: OrderBlocks: 5 detected, 1 unmitigated
16:48:09 core.sweep_detector INFO: FVGs: 1 detected, 1 unfilled
16:48:11 core.sweep_detector INFO: SweepDetector v2: 0 raw â†’ 0 confirmed (volâ‰Ą2.5Ă— bodyâ‰Ą30%)
16:48:11 core.sweep_detector INFO: OrderBlocks: 4 detected, 1 unmitigated
16:48:11 core.sweep_detector INFO: FVGs: 1 detected, 1 unfilled
16:48:13 core.sweep_detector INFO: SweepDetector v2: 0 raw â†’ 0 confirmed (volâ‰Ą2.5Ă— bodyâ‰Ą30%)
16:48:13 core.sweep_detector INFO: OrderBlocks: 4 detected, 2 unmitigated
16:48:13 core.sweep_detector INFO: FVGs: 0 detected, 0 unfilled
16:48:14 core.sweep_detector INFO: SweepDetector v2: 0 raw â†’ 0 confirmed (volâ‰Ą2.5Ă— bodyâ‰Ą30%)
16:48:14 core.sweep_detector INFO: OrderBlocks: 0 detected, 0 unmitigated
16:48:14 core.sweep_detector INFO: FVGs: 0 detected, 0 unfilled
16:48:16 core.sweep_detector INFO: SweepDetector v2: 0 raw â†’ 0 confirmed (volâ‰Ą2.5Ă— bodyâ‰Ą30%)
16:48:16 core.sweep_detector INFO: OrderBlocks: 0 detected, 0 unmitigated
16:48:16 core.sweep_detector INFO: FVGs: 0 detected, 0 unfilled
16:48:18 core.sweep_detector INFO: SweepDetector v2: 0 raw â†’ 0 confirmed (volâ‰Ą2.5Ă— bodyâ‰Ą30%)
16:48:18 core.sweep_detector INFO: OrderBlocks: 0 detected, 0 unmitigated
16:48:18 core.sweep_detector INFO: FVGs: 0 detected, 0 unfilled
16:48:19 core.sweep_detector INFO: SweepDetector v2: 0 raw â†’ 0 confirmed (volâ‰Ą2.5Ă— bodyâ‰Ą30%)
16:48:19 core.sweep_detector INFO: OrderBlocks: 6 detected, 1 unmitigated
16:48:19 core.sweep_detector INFO: FVGs: 13 detected, 3 unfilled
16:48:21 core.sweep_detector INFO: SweepDetector v2: 1 raw â†’ 1 confirmed (volâ‰Ą2.5Ă— bodyâ‰Ą30%)
16:48:21 core.sweep_detector INFO: OrderBlocks: 4 detected, 1 unmitigated
16:48:21 core.sweep_detector INFO: FVGs: 10 detected, 2 unfilled
16:48:23 core.sweep_detector INFO: SweepDetector v2: 2 raw â†’ 2 confirmed (volâ‰Ą2.5Ă— bodyâ‰Ą30%)
16:48:23 core.sweep_detector INFO: OrderBlocks: 6 detected, 3 unmitigated
16:48:23 core.sweep_detector INFO: FVGs: 7 detected, 3 unfilled
16:48:25 core.sweep_detector INFO: SweepDetector v2: 0 raw â†’ 0 confirmed (volâ‰Ą2.5Ă— bodyâ‰Ą30%)
16:48:25 core.sweep_detector INFO: OrderBlocks: 8 detected, 4 unmitigated
16:48:25 core.sweep_detector INFO: FVGs: 11 detected, 5 unfilled
16:48:26 core.sweep_detector INFO: SweepDetector v2: 2 raw â†’ 1 confirmed (volâ‰Ą2.5Ă— bodyâ‰Ą30%)
16:48:26 core.sweep_detector INFO: OrderBlocks: 4 detected, 0 unmitigated
16:48:26 core.sweep_detector INFO: FVGs: 11 detected, 2 unfilled
16:48:28 core.sweep_detector INFO: SweepDetector v2: 2 raw â†’ 2 confirmed (volâ‰Ą2.5Ă— bodyâ‰Ą30%)
16:48:28 core.sweep_detector INFO: OrderBlocks: 2 detected, 0 unmitigated
16:48:28 core.sweep_detector INFO: FVGs: 7 detected, 0 unfilled
16:48:30 core.sweep_detector INFO: SweepDetector v2: 0 raw â†’ 0 confirmed (volâ‰Ą2.5Ă— bodyâ‰Ą30%)
16:48:30 core.sweep_detector INFO: OrderBlocks: 8 detected, 3 unmitigated
16:48:30 core.sweep_detector INFO: FVGs: 12 detected, 3 unfilled
16:48:32 core.sweep_detector INFO: SweepDetector v2: 1 raw â†’ 1 confirmed (volâ‰Ą2.5Ă— bodyâ‰Ą30%)
16:48:32 core.sweep_detector INFO: OrderBlocks: 6 detected, 0 unmitigated
16:48:32 core.sweep_detector INFO: FVGs: 12 detected, 2 unfilled
16:48:34 core.sweep_detector INFO: SweepDetector v2: 4 raw â†’ 3 confirmed (volâ‰Ą2.5Ă— bodyâ‰Ą30%)
16:48:34 core.sweep_detector INFO: OrderBlocks: 2 detected, 0 unmitigated
16:48:34 core.sweep_detector INFO: FVGs: 8 detected, 1 unfilled
16:48:36 core.sweep_detector INFO: SweepDetector v2: 1 raw â†’ 1 confirmed (volâ‰Ą2.5Ă— bodyâ‰Ą30%)
16:48:36 core.sweep_detector INFO: OrderBlocks: 7 detected, 2 unmitigated
16:48:36 core.sweep_detector INFO: FVGs: 9 detected, 2 unfilled
16:48:38 core.sweep_detector INFO: SweepDetector v2: 1 raw â†’ 1 confirmed (volâ‰Ą2.5Ă— bodyâ‰Ą30%)
16:48:38 core.sweep_detector INFO: OrderBlocks: 3 detected, 0 unmitigated
16:48:38 core.sweep_detector INFO: FVGs: 6 detected, 1 unfilled
16:48:39 core.sweep_detector INFO: SweepDetector v2: 1 raw â†’ 1 confirmed (volâ‰Ą2.5Ă— bodyâ‰Ą30%)
16:48:39 core.sweep_detector INFO: OrderBlocks: 6 detected, 0 unmitigated
16:48:39 core.sweep_detector INFO: FVGs: 8 detected, 0 unfilled
16:48:41 core.sweep_detector INFO: SweepDetector v2: 3 raw â†’ 2 confirmed (volâ‰Ą2.5Ă— bodyâ‰Ą30%)
16:48:41 core.sweep_detector INFO: OrderBlocks: 7 detected, 2 unmitigated
16:48:41 core.sweep_detector INFO: FVGs: 13 detected, 2 unfilled
16:48:43 core.sweep_detector INFO: SweepDetector v2: 2 raw â†’ 0 confirmed (volâ‰Ą2.5Ă— bodyâ‰Ą30%)
16:48:43 core.sweep_detector INFO: OrderBlocks: 7 detected, 2 unmitigated
16:48:43 core.sweep_detector INFO: FVGs: 13 detected, 2 unfilled
16:48:45 core.sweep_detector INFO: SweepDetector v2: 4 raw â†’ 0 confirmed (volâ‰Ą2.5Ă— bodyâ‰Ą30%)
16:48:45 core.sweep_detector INFO: OrderBlocks: 8 detected, 3 unmitigated
16:48:45 core.sweep_detector INFO: FVGs: 10 detected, 5 unfilled
16:48:47 core.sweep_detector INFO: SweepDetector v2: 2 raw â†’ 2 confirmed (volâ‰Ą2.5Ă— bodyâ‰Ą30%)
16:48:47 core.sweep_detector INFO: OrderBlocks: 10 detected, 2 unmitigated
16:48:47 core.sweep_detector INFO: FVGs: 8 detected, 2 unfilled
16:48:49 core.sweep_detector INFO: SweepDetector v2: 1 raw â†’ 1 confirmed (volâ‰Ą2.5Ă— bodyâ‰Ą30%)
16:48:49 core.sweep_detector INFO: OrderBlocks: 1 detected, 0 unmitigated
16:48:49 core.sweep_detector INFO: FVGs: 10 detected, 3 unfilled
16:48:51 core.sweep_detector INFO: SweepDetector v2: 4 raw â†’ 3 confirmed (volâ‰Ą2.5Ă— bodyâ‰Ą30%)
16:48:51 core.sweep_detector INFO: OrderBlocks: 6 detected, 2 unmitigated
16:48:51 core.sweep_detector INFO: FVGs: 9 detected, 1 unfilled
16:48:53 core.sweep_detector INFO: SweepDetector v2: 1 raw â†’ 1 confirmed (volâ‰Ą2.5Ă— bodyâ‰Ą30%)
16:48:53 core.sweep_detector INFO: OrderBlocks: 7 detected, 2 unmitigated
16:48:53 core.sweep_detector INFO: FVGs: 8 detected, 4 unfilled
16:48:55 core.sweep_detector INFO: SweepDetector v2: 2 raw â†’ 2 confirmed (volâ‰Ą2.5Ă— bodyâ‰Ą30%)
16:48:55 core.sweep_detector INFO: OrderBlocks: 3 detected, 1 unmitigated
16:48:55 core.sweep_detector INFO: FVGs: 12 detected, 4 unfilled
16:48:57 core.sweep_detector INFO: SweepDetector v2: 3 raw â†’ 3 confirmed (volâ‰Ą2.5Ă— bodyâ‰Ą30%)
16:48:57 core.sweep_detector INFO: OrderBlocks: 5 detected, 0 unmitigated
16:48:57 core.sweep_detector INFO: FVGs: 5 detected, 0 unfilled
16:48:58 core.sweep_detector INFO: SweepDetector v2: 2 raw â†’ 1 confirmed (volâ‰Ą2.5Ă— bodyâ‰Ą30%)
16:48:58 core.sweep_detector INFO: OrderBlocks: 4 detected, 1 unmitigated
16:48:58 core.sweep_detector INFO: FVGs: 8 detected, 1 unfilled
16:49:00 core.sweep_detector INFO: SweepDetector v2: 0 raw â†’ 0 confirmed (volâ‰Ą2.5Ă— bodyâ‰Ą30%)
16:49:00 core.sweep_detector INFO: OrderBlocks: 7 detected, 1 unmitigated
16:49:00 core.sweep_detector INFO: FVGs: 9 detected, 5 unfilled
16:49:02 core.sweep_detector INFO: SweepDetector v2: 1 raw â†’ 1 confirmed (volâ‰Ą2.5Ă— bodyâ‰Ą30%)
16:49:02 core.sweep_detector INFO: OrderBlocks: 6 detected, 3 unmitigated
16:49:02 core.sweep_detector INFO: FVGs: 11 detected, 6 unfilled
16:49:04 core.sweep_detector INFO: SweepDetector v2: 0 raw â†’ 0 confirmed (volâ‰Ą2.5Ă— bodyâ‰Ą30%)
16:49:04 core.sweep_detector INFO: OrderBlocks: 2 detected, 1 unmitigated
16:49:04 core.sweep_detector INFO: FVGs: 11 detected, 3 unfilled
16:49:06 core.sweep_detector INFO: SweepDetector v2: 0 raw â†’ 0 confirmed (volâ‰Ą2.5Ă— bodyâ‰Ą30%)
16:49:06 core.sweep_detector INFO: OrderBlocks: 2 detected, 0 unmitigated
16:49:06 core.sweep_detector INFO: FVGs: 8 detected, 1 unfilled
16:49:08 core.sweep_detector INFO: SweepDetector v2: 2 raw â†’ 2 confirmed (volâ‰Ą2.5Ă— bodyâ‰Ą30%)
16:49:08 core.sweep_detector INFO: OrderBlocks: 4 detected, 2 unmitigated
16:49:08 core.sweep_detector INFO: FVGs: 7 detected, 4 unfilled
16:49:10 core.sweep_detector INFO: SweepDetector v2: 0 raw â†’ 0 confirmed (volâ‰Ą2.5Ă— bodyâ‰Ą30%)
16:49:10 core.sweep_detector INFO: OrderBlocks: 7 detected, 3 unmitigated
16:49:10 core.sweep_detector INFO: FVGs: 12 detected, 7 unfilled
16:49:11 core.sweep_detector INFO: SweepDetector v2: 1 raw â†’ 1 confirmed (volâ‰Ą2.5Ă— bodyâ‰Ą30%)
16:49:11 core.sweep_detector INFO: OrderBlocks: 5 detected, 2 unmitigated
16:49:11 core.sweep_detector INFO: FVGs: 12 detected, 2 unfilled
16:49:14 core.sweep_detector INFO: SweepDetector v2: 0 raw â†’ 0 confirmed (volâ‰Ą2.5Ă— bodyâ‰Ą30%)
16:49:14 core.sweep_detector INFO: OrderBlocks: 9 detected, 4 unmitigated
16:49:14 core.sweep_detector INFO: FVGs: 13 detected, 6 unfilled
16:49:16 core.sweep_detector INFO: SweepDetector v2: 1 raw â†’ 0 confirmed (volâ‰Ą2.5Ă— bodyâ‰Ą30%)
16:49:16 core.sweep_detector INFO: OrderBlocks: 9 detected, 3 unmitigated
16:49:16 core.sweep_detector INFO: FVGs: 8 detected, 2 unfilled
16:49:18 core.sweep_detector INFO: SweepDetector v2: 2 raw â†’ 1 confirmed (volâ‰Ą2.5Ă— bodyâ‰Ą30%)
16:49:18 core.sweep_detector INFO: OrderBlocks: 1 detected, 0 unmitigated
16:49:18 core.sweep_detector INFO: FVGs: 8 detected, 3 unfilled
16:49:19 core.sweep_detector INFO: SweepDetector v2: 0 raw â†’ 0 confirmed (volâ‰Ą2.5Ă— bodyâ‰Ą30%)
16:49:19 core.sweep_detector INFO: OrderBlocks: 7 detected, 2 unmitigated
16:49:19 core.sweep_detector INFO: FVGs: 4 detected, 2 unfilled
16:49:21 core.sweep_detector INFO: SweepDetector v2: 1 raw â†’ 1 confirmed (volâ‰Ą2.5Ă— bodyâ‰Ą30%)
16:49:21 core.sweep_detector INFO: OrderBlocks: 6 detected, 3 unmitigated
16:49:21 core.sweep_detector INFO: FVGs: 10 detected, 6 unfilled
16:49:23 core.sweep_detector INFO: SweepDetector v2: 3 raw â†’ 1 confirmed (volâ‰Ą2.5Ă— bodyâ‰Ą30%)
16:49:23 core.sweep_detector INFO: OrderBlocks: 4 detected, 2 unmitigated
16:49:23 core.sweep_detector INFO: FVGs: 8 detected, 3 unfilled
16:49:25 core.sweep_detector INFO: SweepDetector v2: 1 raw â†’ 1 confirmed (volâ‰Ą2.5Ă— bodyâ‰Ą30%)
16:49:25 core.sweep_detector INFO: OrderBlocks: 3 detected, 1 unmitigated
16:49:25 core.sweep_detector INFO: FVGs: 3 detected, 1 unfilled
16:49:26 core.sweep_detector INFO: SweepDetector v2: 0 raw â†’ 0 confirmed (volâ‰Ą2.5Ă— bodyâ‰Ą30%)
16:49:26 core.sweep_detector INFO: OrderBlocks: 6 detected, 2 unmitigated
16:49:26 core.sweep_detector INFO: FVGs: 3 detected, 2 unfilled
16:49:28 core.sweep_detector INFO: SweepDetector v2: 2 raw â†’ 2 confirmed (volâ‰Ą2.5Ă— bodyâ‰Ą30%)
16:49:28 core.sweep_detector INFO: OrderBlocks: 6 detected, 0 unmitigated
16:49:28 core.sweep_detector INFO: FVGs: 8 detected, 1 unfilled
16:49:29 core.sweep_detector INFO: SweepDetector v2: 1 raw â†’ 1 confirmed (volâ‰Ą2.5Ă— bodyâ‰Ą30%)
16:49:29 core.sweep_detector INFO: OrderBlocks: 3 detected, 0 unmitigated
16:49:29 core.sweep_detector INFO: FVGs: 6 detected, 0 unfilled
16:49:31 core.sweep_detector INFO: SweepDetector v2: 1 raw â†’ 1 confirmed (volâ‰Ą2.5Ă— bodyâ‰Ą30%)
16:49:31 core.sweep_detector INFO: OrderBlocks: 9 detected, 2 unmitigated
16:49:31 core.sweep_detector INFO: FVGs: 6 detected, 4 unfilled
16:49:33 core.sweep_detector INFO: SweepDetector v2: 3 raw â†’ 2 confirmed (volâ‰Ą2.5Ă— bodyâ‰Ą30%)
16:49:33 core.sweep_detector INFO: OrderBlocks: 4 detected, 1 unmitigated
16:49:33 core.sweep_detector INFO: FVGs: 8 detected, 3 unfilled
16:49:35 core.sweep_detector INFO: SweepDetector v2: 1 raw â†’ 1 confirmed (volâ‰Ą2.5Ă— bodyâ‰Ą30%)
16:49:35 core.sweep_detector INFO: OrderBlocks: 6 detected, 3 unmitigated
16:49:35 core.sweep_detector INFO: FVGs: 8 detected, 4 unfilled
16:49:36 core.sweep_detector INFO: SweepDetector v2: 0 raw â†’ 0 confirmed (volâ‰Ą2.5Ă— bodyâ‰Ą30%)
16:49:36 core.sweep_detector INFO: OrderBlocks: 4 detected, 2 unmitigated
16:49:36 core.sweep_detector INFO: FVGs: 14 detected, 4 unfilled
16:49:38 core.sweep_detector INFO: SweepDetector v2: 1 raw â†’ 1 confirmed (volâ‰Ą2.5Ă— bodyâ‰Ą30%)
16:49:38 core.sweep_detector INFO: OrderBlocks: 7 detected, 2 unmitigated
16:49:38 core.sweep_detector INFO: FVGs: 10 detected, 5 unfilled
16:49:39 core.sweep_detector INFO: SweepDetector v2: 2 raw â†’ 1 confirmed (volâ‰Ą2.5Ă— bodyâ‰Ą30%)
16:49:40 core.sweep_detector INFO: OrderBlocks: 6 detected, 4 unmitigated
16:49:40 core.sweep_detector INFO: FVGs: 12 detected, 7 unfilled
16:49:41 core.sweep_detector INFO: SweepDetector v2: 2 raw â†’ 1 confirmed (volâ‰Ą2.5Ă— bodyâ‰Ą30%)
16:49:41 core.sweep_detector INFO: OrderBlocks: 11 detected, 4 unmitigated
16:49:41 core.sweep_detector INFO: FVGs: 13 detected, 1 unfilled
16:49:43 core.sweep_detector INFO: SweepDetector v2: 3 raw â†’ 1 confirmed (volâ‰Ą2.5Ă— bodyâ‰Ą30%)
16:49:43 core.sweep_detector INFO: OrderBlocks: 3 detected, 0 unmitigated
16:49:43 core.sweep_detector INFO: FVGs: 11 detected, 2 unfilled
16:49:44 core.sweep_detector INFO: SweepDetector v2: 3 raw â†’ 3 confirmed (volâ‰Ą2.5Ă— bodyâ‰Ą30%)
16:49:44 core.sweep_detector INFO: OrderBlocks: 5 detected, 1 unmitigated
16:49:44 core.sweep_detector INFO: FVGs: 6 detected, 1 unfilled
16:49:46 core.sweep_detector INFO: SweepDetector v2: 2 raw â†’ 2 confirmed (volâ‰Ą2.5Ă— bodyâ‰Ą30%)
16:49:46 core.sweep_detector INFO: OrderBlocks: 4 detected, 2 unmitigated
16:49:46 core.sweep_detector INFO: FVGs: 7 detected, 2 unfilled
16:49:48 core.sweep_detector INFO: SweepDetector v2: 0 raw â†’ 0 confirmed (volâ‰Ą2.5Ă— bodyâ‰Ą30%)
16:49:48 core.sweep_detector INFO: OrderBlocks: 2 detected, 1 unmitigated
16:49:48 core.sweep_detector INFO: FVGs: 11 detected, 5 unfilled
16:49:50 core.sweep_detector INFO: SweepDetector v2: 1 raw â†’ 0 confirmed (volâ‰Ą2.5Ă— bodyâ‰Ą30%)
16:49:50 core.sweep_detector INFO: OrderBlocks: 2 detected, 0 unmitigated
16:49:50 core.sweep_detector INFO: FVGs: 6 detected, 4 unfilled
16:49:52 core.sweep_detector INFO: SweepDetector v2: 2 raw â†’ 2 confirmed (volâ‰Ą2.5Ă— bodyâ‰Ą30%)
16:49:52 core.sweep_detector INFO: OrderBlocks: 15 detected, 3 unmitigated
16:49:52 core.sweep_detector INFO: FVGs: 15 detected, 2 unfilled
16:49:53 core.sweep_detector INFO: SweepDetector v2: 3 raw â†’ 3 confirmed (volâ‰Ą2.5Ă— bodyâ‰Ą30%)
16:49:54 core.sweep_detector INFO: OrderBlocks: 6 detected, 4 unmitigated
16:49:54 core.sweep_detector INFO: FVGs: 7 detected, 1 unfilled
16:49:55 core.sweep_detector INFO: SweepDetector v2: 2 raw â†’ 1 confirmed (volâ‰Ą2.5Ă— bodyâ‰Ą30%)
16:49:55 core.sweep_detector INFO: OrderBlocks: 5 detected, 1 unmitigated
16:49:55 core.sweep_detector INFO: FVGs: 7 detected, 1 unfilled
16:49:57 core.sweep_detector INFO: SweepDetector v2: 6 raw â†’ 3 confirmed (volâ‰Ą2.5Ă— bodyâ‰Ą30%)
16:49:57 core.sweep_detector INFO: OrderBlocks: 7 detected, 5 unmitigated
16:49:57 core.sweep_detector INFO: FVGs: 11 detected, 6 unfilled
16:50:00 core.sweep_detector INFO: SweepDetector v2: 5 raw â†’ 4 confirmed (volâ‰Ą2.5Ă— bodyâ‰Ą30%)
16:50:00 core.sweep_detector INFO: OrderBlocks: 5 detected, 2 unmitigated
16:50:00 core.sweep_detector INFO: FVGs: 7 detected, 2 unfilled
16:50:02 core.sweep_detector INFO: SweepDetector v2: 1 raw â†’ 1 confirmed (volâ‰Ą2.5Ă— bodyâ‰Ą30%)
16:50:02 core.sweep_detector INFO: OrderBlocks: 4 detected, 3 unmitigated
16:50:02 core.sweep_detector INFO: FVGs: 10 detected, 6 unfilled
16:50:04 core.sweep_detector INFO: SweepDetector v2: 1 raw â†’ 1 confirmed (volâ‰Ą2.5Ă— bodyâ‰Ą30%)
16:50:04 core.sweep_detector INFO: OrderBlocks: 5 detected, 1 unmitigated
16:50:04 core.sweep_detector INFO: FVGs: 7 detected, 3 unfilled
16:50:06 core.sweep_detector INFO: SweepDetector v2: 3 raw â†’ 3 confirmed (volâ‰Ą2.5Ă— bodyâ‰Ą30%)
16:50:06 core.sweep_detector INFO: OrderBlocks: 8 detected, 2 unmitigated
16:50:06 core.sweep_detector INFO: FVGs: 10 detected, 3 unfilled
16:50:07 core.sweep_detector INFO: SweepDetector v2: 3 raw â†’ 3 confirmed (volâ‰Ą2.5Ă— bodyâ‰Ą30%)
16:50:08 core.sweep_detector INFO: OrderBlocks: 3 detected, 0 unmitigated
16:50:08 core.sweep_detector INFO: FVGs: 10 detected, 2 unfilled
16:50:09 core.sweep_detector INFO: SweepDetector v2: 1 raw â†’ 1 confirmed (volâ‰Ą2.5Ă— bodyâ‰Ą30%)
16:50:09 core.sweep_detector INFO: OrderBlocks: 7 detected, 3 unmitigated
16:50:09 core.sweep_detector INFO: FVGs: 12 detected, 6 unfilled
16:50:11 core.sweep_detector INFO: SweepDetector v2: 2 raw â†’ 0 confirmed (volâ‰Ą2.5Ă— bodyâ‰Ą30%)
16:50:11 core.sweep_detector INFO: OrderBlocks: 5 detected, 1 unmitigated
16:50:11 core.sweep_detector INFO: FVGs: 11 detected, 3 unfilled
16:50:12 core.sweep_detector INFO: SweepDetector v2: 1 raw â†’ 1 confirmed (volâ‰Ą2.5Ă— bodyâ‰Ą30%)
16:50:12 core.sweep_detector INFO: OrderBlocks: 6 detected, 4 unmitigated
16:50:12 core.sweep_detector INFO: FVGs: 6 detected, 3 unfilled
16:50:14 core.sweep_detector INFO: SweepDetector v2: 3 raw â†’ 2 confirmed (volâ‰Ą2.5Ă— bodyâ‰Ą30%)
16:50:14 core.sweep_detector INFO: OrderBlocks: 5 detected, 0 unmitigated
16:50:14 core.sweep_detector INFO: FVGs: 6 detected, 0 unfilled
16:50:16 core.sweep_detector INFO: SweepDetector v2: 2 raw â†’ 2 confirmed (volâ‰Ą2.5Ă— bodyâ‰Ą30%)
16:50:16 core.sweep_detector INFO: OrderBlocks: 6 detected, 1 unmitigated
16:50:16 core.sweep_detector INFO: FVGs: 7 detected, 2 unfilled
16:50:17 core.sweep_detector INFO: SweepDetector v2: 0 raw â†’ 0 confirmed (volâ‰Ą2.5Ă— bodyâ‰Ą30%)
16:50:17 core.sweep_detector INFO: OrderBlocks: 5 detected, 1 unmitigated
16:50:17 core.sweep_detector INFO: FVGs: 6 detected, 3 unfilled
16:50:19 core.sweep_detector INFO: SweepDetector v2: 0 raw â†’ 0 confirmed (volâ‰Ą2.5Ă— bodyâ‰Ą30%)
16:50:19 core.sweep_detector INFO: OrderBlocks: 8 detected, 4 unmitigated
16:50:19 core.sweep_detector INFO: FVGs: 10 detected, 4 unfilled
16:50:21 core.sweep_detector INFO: SweepDetector v2: 4 raw â†’ 3 confirmed (volâ‰Ą2.5Ă— bodyâ‰Ą30%)
16:50:21 core.sweep_detector INFO: OrderBlocks: 5 detected, 1 unmitigated
16:50:21 core.sweep_detector INFO: FVGs: 10 detected, 2 unfilled
16:50:22 core.sweep_detector INFO: SweepDetector v2: 2 raw â†’ 2 confirmed (volâ‰Ą2.5Ă— bodyâ‰Ą30%)
16:50:22 core.sweep_detector INFO: OrderBlocks: 4 detected, 0 unmitigated
16:50:22 core.sweep_detector INFO: FVGs: 5 detected, 0 unfilled
16:50:24 core.sweep_detector INFO: SweepDetector v2: 1 raw â†’ 1 confirmed (volâ‰Ą2.5Ă— bodyâ‰Ą30%)
16:50:24 core.sweep_detector INFO: OrderBlocks: 4 detected, 2 unmitigated
16:50:24 core.sweep_detector INFO: FVGs: 5 detected, 2 unfilled
16:50:26 core.sweep_detector INFO: SweepDetector v2: 3 raw â†’ 3 confirmed (volâ‰Ą2.5Ă— bodyâ‰Ą30%)
16:50:26 core.sweep_detector INFO: OrderBlocks: 3 detected, 0 unmitigated
16:50:26 core.sweep_detector INFO: FVGs: 4 detected, 1 unfilled
16:50:28 core.sweep_detector INFO: SweepDetector v2: 1 raw â†’ 1 confirmed (volâ‰Ą2.5Ă— bodyâ‰Ą30%)
16:50:28 core.sweep_detector INFO: OrderBlocks: 1 detected, 0 unmitigated
16:50:28 core.sweep_detector INFO: FVGs: 1 detected, 0 unfilled
16:50:30 core.sweep_detector INFO: SweepDetector v2: 2 raw â†’ 2 confirmed (volâ‰Ą2.5Ă— bodyâ‰Ą30%)
16:50:30 core.sweep_detector INFO: OrderBlocks: 11 detected, 3 unmitigated
16:50:30 core.sweep_detector INFO: FVGs: 11 detected, 3 unfilled
16:50:31 core.sweep_detector INFO: SweepDetector v2: 5 raw â†’ 3 confirmed (volâ‰Ą2.5Ă— bodyâ‰Ą30%)
16:50:31 core.sweep_detector INFO: OrderBlocks: 4 detected, 2 unmitigated
16:50:31 core.sweep_detector INFO: FVGs: 9 detected, 3 unfilled
16:50:33 core.sweep_detector INFO: SweepDetector v2: 2 raw â†’ 1 confirmed (volâ‰Ą2.5Ă— bodyâ‰Ą30%)
16:50:33 core.sweep_detector INFO: OrderBlocks: 4 detected, 2 unmitigated
16:50:33 core.sweep_detector INFO: FVGs: 9 detected, 4 unfilled
16:50:35 core.sweep_detector INFO: SweepDetector v2: 1 raw â†’ 0 confirmed (volâ‰Ą2.5Ă— bodyâ‰Ą30%)
16:50:35 core.sweep_detector INFO: OrderBlocks: 5 detected, 1 unmitigated
16:50:35 core.sweep_detector INFO: FVGs: 4 detected, 2 unfilled
16:50:36 core.sweep_detector INFO: SweepDetector v2: 4 raw â†’ 4 confirmed (volâ‰Ą2.5Ă— bodyâ‰Ą30%)
16:50:36 core.sweep_detector INFO: OrderBlocks: 2 detected, 1 unmitigated
16:50:36 core.sweep_detector INFO: FVGs: 7 detected, 0 unfilled
16:50:38 core.sweep_detector INFO: SweepDetector v2: 1 raw â†’ 1 confirmed (volâ‰Ą2.5Ă— bodyâ‰Ą30%)
16:50:38 core.sweep_detector INFO: OrderBlocks: 5 detected, 1 unmitigated
16:50:38 core.sweep_detector INFO: FVGs: 12 detected, 2 unfilled
16:50:40 core.sweep_detector INFO: SweepDetector v2: 2 raw â†’ 2 confirmed (volâ‰Ą2.5Ă— bodyâ‰Ą30%)
16:50:40 core.sweep_detector INFO: OrderBlocks: 8 detected, 4 unmitigated
16:50:40 core.sweep_detector INFO: FVGs: 9 detected, 2 unfilled
16:50:41 core.sweep_detector INFO: SweepDetector v2: 2 raw â†’ 1 confirmed (volâ‰Ą2.5Ă— bodyâ‰Ą30%)
16:50:41 core.sweep_detector INFO: OrderBlocks: 4 detected, 2 unmitigated
16:50:41 core.sweep_detector INFO: FVGs: 7 detected, 3 unfilled
16:50:43 core.sweep_detector INFO: SweepDetector v2: 1 raw â†’ 1 confirmed (volâ‰Ą2.5Ă— bodyâ‰Ą30%)
16:50:43 core.sweep_detector INFO: OrderBlocks: 2 detected, 2 unmitigated
16:50:43 core.sweep_detector INFO: FVGs: 10 detected, 1 unfilled
16:50:45 core.sweep_detector INFO: SweepDetector v2: 0 raw â†’ 0 confirmed (volâ‰Ą2.5Ă— bodyâ‰Ą30%)
16:50:45 core.sweep_detector INFO: OrderBlocks: 1 detected, 0 unmitigated
16:50:45 core.sweep_detector INFO: FVGs: 0 detected, 0 unfilled
16:50:46 core.sweep_detector INFO: SweepDetector v2: 0 raw â†’ 0 confirmed (volâ‰Ą2.5Ă— bodyâ‰Ą30%)
16:50:46 core.sweep_detector INFO: OrderBlocks: 0 detected, 0 unmitigated
16:50:46 core.sweep_detector INFO: FVGs: 0 detected, 0 unfilled
16:50:48 core.sweep_detector INFO: SweepDetector v2: 0 raw â†’ 0 confirmed (volâ‰Ą2.5Ă— bodyâ‰Ą30%)
16:50:48 core.sweep_detector INFO: OrderBlocks: 0 detected, 0 unmitigated
16:50:48 core.sweep_detector INFO: FVGs: 0 detected, 0 unfilled
16:50:50 core.sweep_detector INFO: SweepDetector v2: 2 raw â†’ 2 confirmed (volâ‰Ą2.5Ă— bodyâ‰Ą30%)
16:50:50 core.sweep_detector INFO: OrderBlocks: 5 detected, 2 unmitigated
16:50:50 core.sweep_detector INFO: FVGs: 6 detected, 1 unfilled
16:50:52 core.sweep_detector INFO: SweepDetector v2: 3 raw â†’ 3 confirmed (volâ‰Ą2.5Ă— bodyâ‰Ą30%)
16:50:52 core.sweep_detector INFO: OrderBlocks: 3 detected, 0 unmitigated
16:50:52 core.sweep_detector INFO: FVGs: 8 detected, 2 unfilled
16:50:54 core.sweep_detector INFO: SweepDetector v2: 2 raw â†’ 2 confirmed (volâ‰Ą2.5Ă— bodyâ‰Ą30%)
16:50:54 core.sweep_detector INFO: OrderBlocks: 5 detected, 2 unmitigated
16:50:54 core.sweep_detector INFO: FVGs: 5 detected, 2 unfilled
16:50:56 core.sweep_detector INFO: SweepDetector v2: 0 raw â†’ 0 confirmed (volâ‰Ą2.5Ă— bodyâ‰Ą30%)
16:50:56 core.sweep_detector INFO: OrderBlocks: 4 detected, 2 unmitigated
16:50:56 core.sweep_detector INFO: FVGs: 11 detected, 7 unfilled
16:50:59 core.sweep_detector INFO: SweepDetector v2: 0 raw â†’ 0 confirmed (volâ‰Ą2.5Ă— bodyâ‰Ą30%)
16:50:59 core.sweep_detector INFO: OrderBlocks: 1 detected, 0 unmitigated
16:50:59 core.sweep_detector INFO: FVGs: 6 detected, 2 unfilled
16:51:02 core.sweep_detector INFO: SweepDetector v2: 2 raw â†’ 2 confirmed (volâ‰Ą2.5Ă— bodyâ‰Ą30%)
16:51:02 core.sweep_detector INFO: OrderBlocks: 3 detected, 1 unmitigated
16:51:02 core.sweep_detector INFO: FVGs: 10 detected, 1 unfilled
16:51:05 core.sweep_detector INFO: SweepDetector v2: 5 raw â†’ 3 confirmed (volâ‰Ą2.5Ă— bodyâ‰Ą30%)
16:51:05 core.sweep_detector INFO: OrderBlocks: 6 detected, 2 unmitigated
16:51:05 core.sweep_detector INFO: FVGs: 9 detected, 2 unfilled
16:51:06 core.sweep_detector INFO: SweepDetector v2: 2 raw â†’ 2 confirmed (volâ‰Ą2.5Ă— bodyâ‰Ą30%)
16:51:06 core.sweep_detector INFO: OrderBlocks: 3 detected, 2 unmitigated
16:51:06 core.sweep_detector INFO: FVGs: 12 detected, 2 unfilled
16:51:08 core.sweep_detector INFO: SweepDetector v2: 3 raw â†’ 3 confirmed (volâ‰Ą2.5Ă— bodyâ‰Ą30%)
16:51:08 core.sweep_detector INFO: OrderBlocks: 3 detected, 0 unmitigated
16:51:08 core.sweep_detector INFO: FVGs: 4 detected, 1 unfilled
16:51:10 core.sweep_detector INFO: SweepDetector v2: 0 raw â†’ 0 confirmed (volâ‰Ą2.5Ă— bodyâ‰Ą30%)
16:51:10 core.sweep_detector INFO: OrderBlocks: 7 detected, 2 unmitigated
16:51:10 core.sweep_detector INFO: FVGs: 9 detected, 2 unfilled
16:51:12 core.sweep_detector INFO: SweepDetector v2: 3 raw â†’ 3 confirmed (volâ‰Ą2.5Ă— bodyâ‰Ą30%)
16:51:12 core.sweep_detector INFO: OrderBlocks: 3 detected, 1 unmitigated
16:51:12 core.sweep_detector INFO: FVGs: 9 detected, 3 unfilled
16:51:13 core.sweep_detector INFO: SweepDetector v2: 2 raw â†’ 1 confirmed (volâ‰Ą2.5Ă— bodyâ‰Ą30%)
16:51:13 core.sweep_detector INFO: OrderBlocks: 6 detected, 2 unmitigated
16:51:13 core.sweep_detector INFO: FVGs: 5 detected, 0 unfilled
16:51:15 core.sweep_detector INFO: SweepDetector v2: 1 raw â†’ 1 confirmed (volâ‰Ą2.5Ă— bodyâ‰Ą30%)
16:51:15 core.sweep_detector INFO: OrderBlocks: 4 detected, 2 unmitigated
16:51:15 core.sweep_detector INFO: FVGs: 11 detected, 9 unfilled
16:51:17 core.sweep_detector INFO: SweepDetector v2: 1 raw â†’ 1 confirmed (volâ‰Ą2.5Ă— bodyâ‰Ą30%)
16:51:17 core.sweep_detector INFO: OrderBlocks: 3 detected, 2 unmitigated
16:51:17 core.sweep_detector INFO: FVGs: 2 detected, 1 unfilled
16:51:19 core.sweep_detector INFO: SweepDetector v2: 3 raw â†’ 3 confirmed (volâ‰Ą2.5Ă— bodyâ‰Ą30%)
16:51:19 core.sweep_detector INFO: OrderBlocks: 1 detected, 0 unmitigated
16:51:19 core.sweep_detector INFO: FVGs: 5 detected, 1 unfilled
16:51:21 core.sweep_detector INFO: SweepDetector v2: 2 raw â†’ 2 confirmed (volâ‰Ą2.5Ă— bodyâ‰Ą30%)
16:51:21 core.sweep_detector INFO: OrderBlocks: 7 detected, 3 unmitigated
16:51:21 core.sweep_detector INFO: FVGs: 8 detected, 2 unfilled
16:51:23 core.sweep_detector INFO: SweepDetector v2: 3 raw â†’ 0 confirmed (volâ‰Ą2.5Ă— bodyâ‰Ą30%)
16:51:23 core.sweep_detector INFO: OrderBlocks: 4 detected, 1 unmitigated
16:51:23 core.sweep_detector INFO: FVGs: 6 detected, 3 unfilled
16:51:24 core.sweep_detector INFO: SweepDetector v2: 1 raw â†’ 0 confirmed (volâ‰Ą2.5Ă— bodyâ‰Ą30%)
16:51:24 core.sweep_detector INFO: OrderBlocks: 10 detected, 5 unmitigated
16:51:24 core.sweep_detector INFO: FVGs: 9 detected, 5 unfilled
16:51:26 core.sweep_detector INFO: SweepDetector v2: 1 raw â†’ 0 confirmed (volâ‰Ą2.5Ă— bodyâ‰Ą30%)
16:51:26 core.sweep_detector INFO: OrderBlocks: 9 detected, 3 unmitigated
16:51:26 core.sweep_detector INFO: FVGs: 8 detected, 4 unfilled
16:51:28 core.sweep_detector INFO: SweepDetector v2: 4 raw â†’ 1 confirmed (volâ‰Ą2.5Ă— bodyâ‰Ą30%)
16:51:28 core.sweep_detector INFO: OrderBlocks: 4 detected, 1 unmitigated
16:51:28 core.sweep_detector INFO: FVGs: 7 detected, 1 unfilled
16:51:30 core.sweep_detector INFO: SweepDetector v2: 1 raw â†’ 1 confirmed (volâ‰Ą2.5Ă— bodyâ‰Ą30%)
16:51:30 core.sweep_detector INFO: OrderBlocks: 3 detected, 0 unmitigated
16:51:30 core.sweep_detector INFO: FVGs: 4 detected, 1 unfilled
16:51:31 core.sweep_detector INFO: SweepDetector v2: 2 raw â†’ 2 confirmed (volâ‰Ą2.5Ă— bodyâ‰Ą30%)
16:51:31 core.sweep_detector INFO: OrderBlocks: 5 detected, 2 unmitigated
16:51:31 core.sweep_detector INFO: FVGs: 11 detected, 1 unfilled
16:51:33 core.sweep_detector INFO: SweepDetector v2: 1 raw â†’ 1 confirmed (volâ‰Ą2.5Ă— bodyâ‰Ą30%)
16:51:33 core.sweep_detector INFO: OrderBlocks: 2 detected, 1 unmitigated
16:51:33 core.sweep_detector INFO: FVGs: 12 detected, 5 unfilled
16:51:35 core.sweep_detector INFO: SweepDetector v2: 0 raw â†’ 0 confirmed (volâ‰Ą2.5Ă— bodyâ‰Ą30%)
16:51:35 core.sweep_detector INFO: OrderBlocks: 3 detected, 1 unmitigated
16:51:35 core.sweep_detector INFO: FVGs: 5 detected, 1 unfilled
16:51:37 core.sweep_detector INFO: SweepDetector v2: 7 raw â†’ 5 confirmed (volâ‰Ą2.5Ă— bodyâ‰Ą30%)
16:51:37 core.sweep_detector INFO: OrderBlocks: 5 detected, 5 unmitigated
16:51:37 core.sweep_detector INFO: FVGs: 13 detected, 8 unfilled
16:51:38 core.sweep_detector INFO: SweepDetector v2: 2 raw â†’ 1 confirmed (volâ‰Ą2.5Ă— bodyâ‰Ą30%)
16:51:38 core.sweep_detector INFO: OrderBlocks: 1 detected, 0 unmitigated
16:51:38 core.sweep_detector INFO: FVGs: 5 detected, 2 unfilled
16:51:40 core.sweep_detector INFO: SweepDetector v2: 4 raw â†’ 4 confirmed (volâ‰Ą2.5Ă— bodyâ‰Ą30%)
16:51:40 core.sweep_detector INFO: OrderBlocks: 6 detected, 1 unmitigated
16:51:40 core.sweep_detector INFO: FVGs: 10 detected, 2 unfilled
16:51:42 core.sweep_detector INFO: SweepDetector v2: 0 raw â†’ 0 confirmed (volâ‰Ą2.5Ă— bodyâ‰Ą30%)
16:51:42 core.sweep_detector INFO: OrderBlocks: 8 detected, 5 unmitigated
16:51:42 core.sweep_detector INFO: FVGs: 13 detected, 4 unfilled
16:51:44 core.sweep_detector INFO: SweepDetector v2: 3 raw â†’ 2 confirmed (volâ‰Ą2.5Ă— bodyâ‰Ą30%)
16:51:44 core.sweep_detector INFO: OrderBlocks: 4 detected, 1 unmitigated
16:51:44 core.sweep_detector INFO: FVGs: 9 detected, 2 unfilled
16:51:46 core.sweep_detector INFO: SweepDetector v2: 2 raw â†’ 1 confirmed (volâ‰Ą2.5Ă— bodyâ‰Ą30%)
16:51:46 core.sweep_detector INFO: OrderBlocks: 4 detected, 0 unmitigated
16:51:46 core.sweep_detector INFO: FVGs: 5 detected, 0 unfilled
16:51:47 core.sweep_detector INFO: SweepDetector v2: 3 raw â†’ 3 confirmed (volâ‰Ą2.5Ă— bodyâ‰Ą30%)
16:51:47 core.sweep_detector INFO: OrderBlocks: 3 detected, 1 unmitigated
16:51:47 core.sweep_detector INFO: FVGs: 5 detected, 2 unfilled
16:51:49 core.sweep_detector INFO: SweepDetector v2: 3 raw â†’ 2 confirmed (volâ‰Ą2.5Ă— bodyâ‰Ą30%)
16:51:49 core.sweep_detector INFO: OrderBlocks: 7 detected, 2 unmitigated
16:51:49 core.sweep_detector INFO: FVGs: 6 detected, 2 unfilled
16:51:51 core.sweep_detector INFO: SweepDetector v2: 1 raw â†’ 1 confirmed (volâ‰Ą2.5Ă— bodyâ‰Ą30%)
16:51:51 core.sweep_detector INFO: OrderBlocks: 4 detected, 1 unmitigated
16:51:51 core.sweep_detector INFO: FVGs: 6 detected, 3 unfilled
16:51:53 core.sweep_detector INFO: SweepDetector v2: 3 raw â†’ 2 confirmed (volâ‰Ą2.5Ă— bodyâ‰Ą30%)
16:51:53 core.sweep_detector INFO: OrderBlocks: 3 detected, 3 unmitigated
16:51:53 core.sweep_detector INFO: FVGs: 13 detected, 8 unfilled
16:51:54 core.sweep_detector INFO: SweepDetector v2: 2 raw â†’ 2 confirmed (volâ‰Ą2.5Ă— bodyâ‰Ą30%)
16:51:54 core.sweep_detector INFO: OrderBlocks: 4 detected, 1 unmitigated
16:51:54 core.sweep_detector INFO: FVGs: 9 detected, 3 unfilled
16:51:56 core.sweep_detector INFO: SweepDetector v2: 2 raw â†’ 1 confirmed (volâ‰Ą2.5Ă— bodyâ‰Ą30%)
16:51:56 core.sweep_detector INFO: OrderBlocks: 5 detected, 1 unmitigated
16:51:56 core.sweep_detector INFO: FVGs: 6 detected, 1 unfilled
16:51:58 core.sweep_detector INFO: SweepDetector v2: 1 raw â†’ 0 confirmed (volâ‰Ą2.5Ă— bodyâ‰Ą30%)
16:51:58 core.sweep_detector INFO: OrderBlocks: 4 detected, 0 unmitigated
16:51:58 core.sweep_detector INFO: FVGs: 14 detected, 5 unfilled
16:51:59 core.sweep_detector INFO: SweepDetector v2: 0 raw â†’ 0 confirmed (volâ‰Ą2.5Ă— bodyâ‰Ą30%)
16:51:59 core.sweep_detector INFO: OrderBlocks: 8 detected, 1 unmitigated
16:52:00 core.sweep_detector INFO: FVGs: 4 detected, 2 unfilled
16:52:01 core.sweep_detector INFO: SweepDetector v2: 2 raw â†’ 2 confirmed (volâ‰Ą2.5Ă— bodyâ‰Ą30%)
16:52:01 core.sweep_detector INFO: OrderBlocks: 1 detected, 1 unmitigated
16:52:01 core.sweep_detector INFO: FVGs: 3 detected, 2 unfilled
16:52:03 core.sweep_detector INFO: SweepDetector v2: 1 raw â†’ 0 confirmed (volâ‰Ą2.5Ă— bodyâ‰Ą30%)
16:52:03 core.sweep_detector INFO: OrderBlocks: 6 detected, 3 unmitigated
16:52:03 core.sweep_detector INFO: FVGs: 9 detected, 5 unfilled
16:52:05 core.sweep_detector INFO: SweepDetector v2: 2 raw â†’ 2 confirmed (volâ‰Ą2.5Ă— bodyâ‰Ą30%)
16:52:05 core.sweep_detector INFO: OrderBlocks: 3 detected, 1 unmitigated
16:52:05 core.sweep_detector INFO: FVGs: 13 detected, 3 unfilled
16:52:06 core.sweep_detector INFO: SweepDetector v2: 4 raw â†’ 3 confirmed (volâ‰Ą2.5Ă— bodyâ‰Ą30%)
16:52:06 core.sweep_detector INFO: OrderBlocks: 5 detected, 0 unmitigated
16:52:06 core.sweep_detector INFO: FVGs: 6 detected, 1 unfilled
16:52:08 core.sweep_detector INFO: SweepDetector v2: 0 raw â†’ 0 confirmed (volâ‰Ą2.5Ă— bodyâ‰Ą30%)
16:52:08 core.sweep_detector INFO: OrderBlocks: 10 detected, 2 unmitigated
16:52:08 core.sweep_detector INFO: FVGs: 12 detected, 3 unfilled
16:52:10 core.sweep_detector INFO: SweepDetector v2: 1 raw â†’ 1 confirmed (volâ‰Ą2.5Ă— bodyâ‰Ą30%)
16:52:10 core.sweep_detector INFO: OrderBlocks: 6 detected, 2 unmitigated
16:52:10 core.sweep_detector INFO: FVGs: 6 detected, 1 unfilled
16:52:12 core.sweep_detector INFO: SweepDetector v2: 1 raw â†’ 1 confirmed (volâ‰Ą2.5Ă— bodyâ‰Ą30%)
16:52:12 core.sweep_detector INFO: OrderBlocks: 4 detected, 1 unmitigated
16:52:12 core.sweep_detector INFO: FVGs: 6 detected, 3 unfilled
16:52:13 core.sweep_detector INFO: SweepDetector v2: 0 raw â†’ 0 confirmed (volâ‰Ą2.5Ă— bodyâ‰Ą30%)
16:52:13 core.sweep_detector INFO: OrderBlocks: 2 detected, 0 unmitigated
16:52:13 core.sweep_detector INFO: FVGs: 0 detected, 0 unfilled
16:52:15 core.sweep_detector INFO: SweepDetector v2: 0 raw â†’ 0 confirmed (volâ‰Ą2.5Ă— bodyâ‰Ą30%)
16:52:15 core.sweep_detector INFO: OrderBlocks: 0 detected, 0 unmitigated
16:52:15 core.sweep_detector INFO: FVGs: 0 detected, 0 unfilled
16:52:17 core.sweep_detector INFO: SweepDetector v2: 0 raw â†’ 0 confirmed (volâ‰Ą2.5Ă— bodyâ‰Ą30%)
16:52:17 core.sweep_detector INFO: OrderBlocks: 1 detected, 1 unmitigated
16:52:17 core.sweep_detector INFO: FVGs: 0 detected, 0 unfilled
16:52:18 core.sweep_detector INFO: SweepDetector v2: 1 raw â†’ 1 confirmed (volâ‰Ą2.5Ă— bodyâ‰Ą30%)
16:52:18 core.sweep_detector INFO: OrderBlocks: 6 detected, 1 unmitigated
16:52:18 core.sweep_detector INFO: FVGs: 9 detected, 5 unfilled
16:52:20 core.sweep_detector INFO: SweepDetector v2: 2 raw â†’ 2 confirmed (volâ‰Ą2.5Ă— bodyâ‰Ą30%)
16:52:20 core.sweep_detector INFO: OrderBlocks: 6 detected, 2 unmitigated
16:52:20 core.sweep_detector INFO: FVGs: 8 detected, 3 unfilled
16:52:22 core.sweep_detector INFO: SweepDetector v2: 1 raw â†’ 1 confirmed (volâ‰Ą2.5Ă— bodyâ‰Ą30%)
16:52:22 core.sweep_detector INFO: OrderBlocks: 6 detected, 1 unmitigated
16:52:22 core.sweep_detector INFO: FVGs: 10 detected, 2 unfilled
16:52:24 core.sweep_detector INFO: SweepDetector v2: 1 raw â†’ 1 confirmed (volâ‰Ą2.5Ă— bodyâ‰Ą30%)
16:52:24 core.sweep_detector INFO: OrderBlocks: 2 detected, 0 unmitigated
16:52:24 core.sweep_detector INFO: FVGs: 0 detected, 0 unfilled
16:52:26 core.sweep_detector INFO: SweepDetector v2: 0 raw â†’ 0 confirmed (volâ‰Ą2.5Ă— bodyâ‰Ą30%)
16:52:26 core.sweep_detector INFO: OrderBlocks: 1 detected, 0 unmitigated
16:52:26 core.sweep_detector INFO: FVGs: 0 detected, 0 unfilled
16:52:28 core.sweep_detector INFO: SweepDetector v2: 0 raw â†’ 0 confirmed (volâ‰Ą2.5Ă— bodyâ‰Ą30%)
16:52:28 core.sweep_detector INFO: OrderBlocks: 1 detected, 0 unmitigated
16:52:28 core.sweep_detector INFO: FVGs: 0 detected, 0 unfilled
16:52:29 core.sweep_detector INFO: SweepDetector v2: 0 raw â†’ 0 confirmed (volâ‰Ą2.5Ă— bodyâ‰Ą30%)
16:52:29 core.sweep_detector INFO: OrderBlocks: 3 detected, 0 unmitigated
16:52:29 core.sweep_detector INFO: FVGs: 0 detected, 0 unfilled
16:52:31 core.sweep_detector INFO: SweepDetector v2: 0 raw â†’ 0 confirmed (volâ‰Ą2.5Ă— bodyâ‰Ą30%)
16:52:31 core.sweep_detector INFO: OrderBlocks: 1 detected, 0 unmitigated
16:52:31 core.sweep_detector INFO: FVGs: 0 detected, 0 unfilled
16:52:33 core.sweep_detector INFO: SweepDetector v2: 0 raw â†’ 0 confirmed (volâ‰Ą2.5Ă— bodyâ‰Ą30%)
16:52:33 core.sweep_detector INFO: OrderBlocks: 1 detected, 0 unmitigated
16:52:33 core.sweep_detector INFO: FVGs: 0 detected, 0 unfilled
16:52:34 core.sweep_detector INFO: SweepDetector v2: 0 raw â†’ 0 confirmed (volâ‰Ą2.5Ă— bodyâ‰Ą30%)
16:52:34 core.sweep_detector INFO: OrderBlocks: 1 detected, 0 unmitigated
16:52:34 core.sweep_detector INFO: FVGs: 0 detected, 0 unfilled
16:52:36 core.sweep_detector INFO: SweepDetector v2: 0 raw â†’ 0 confirmed (volâ‰Ą2.5Ă— bodyâ‰Ą30%)
16:52:36 core.sweep_detector INFO: OrderBlocks: 0 detected, 0 unmitigated
16:52:36 core.sweep_detector INFO: FVGs: 0 detected, 0 unfilled
16:52:38 core.sweep_detector INFO: SweepDetector v2: 0 raw â†’ 0 confirmed (volâ‰Ą2.5Ă— bodyâ‰Ą30%)
16:52:38 core.sweep_detector INFO: OrderBlocks: 0 detected, 0 unmitigated
16:52:38 core.sweep_detector INFO: FVGs: 0 detected, 0 unfilled
16:52:39 core.sweep_detector INFO: SweepDetector v2: 3 raw â†’ 3 confirmed (volâ‰Ą2.5Ă— bodyâ‰Ą30%)
16:52:39 core.sweep_detector INFO: OrderBlocks: 4 detected, 1 unmitigated
16:52:39 core.sweep_detector INFO: FVGs: 9 detected, 3 unfilled
16:52:41 core.sweep_detector INFO: SweepDetector v2: 5 raw â†’ 4 confirmed (volâ‰Ą2.5Ă— bodyâ‰Ą30%)
16:52:41 core.sweep_detector INFO: OrderBlocks: 9 detected, 3 unmitigated
16:52:41 core.sweep_detector INFO: FVGs: 9 detected, 3 unfilled
16:52:43 core.sweep_detector INFO: SweepDetector v2: 2 raw â†’ 2 confirmed (volâ‰Ą2.5Ă— bodyâ‰Ą30%)
16:52:43 core.sweep_detector INFO: OrderBlocks: 5 detected, 0 unmitigated
16:52:43 core.sweep_detector INFO: FVGs: 8 detected, 3 unfilled
16:52:45 core.sweep_detector INFO: SweepDetector v2: 0 raw â†’ 0 confirmed (volâ‰Ą2.5Ă— bodyâ‰Ą30%)
16:52:45 core.sweep_detector INFO: OrderBlocks: 5 detected, 1 unmitigated
16:52:45 core.sweep_detector INFO: FVGs: 10 detected, 4 unfilled
16:52:46 core.sweep_detector INFO: SweepDetector v2: 1 raw â†’ 1 confirmed (volâ‰Ą2.5Ă— bodyâ‰Ą30%)
16:52:46 core.sweep_detector INFO: OrderBlocks: 1 detected, 0 unmitigated
16:52:46 core.sweep_detector INFO: FVGs: 8 detected, 2 unfilled
16:52:48 core.sweep_detector INFO: SweepDetector v2: 2 raw â†’ 2 confirmed (volâ‰Ą2.5Ă— bodyâ‰Ą30%)
16:52:48 core.sweep_detector INFO: OrderBlocks: 5 detected, 2 unmitigated
16:52:48 core.sweep_detector INFO: FVGs: 10 detected, 3 unfilled
16:52:50 core.sweep_detector INFO: SweepDetector v2: 1 raw â†’ 1 confirmed (volâ‰Ą2.5Ă— bodyâ‰Ą30%)
16:52:50 core.sweep_detector INFO: OrderBlocks: 6 detected, 4 unmitigated
16:52:50 core.sweep_detector INFO: FVGs: 8 detected, 3 unfilled
16:52:51 core.sweep_detector INFO: SweepDetector v2: 1 raw â†’ 1 confirmed (volâ‰Ą2.5Ă— bodyâ‰Ą30%)
16:52:51 core.sweep_detector INFO: OrderBlocks: 2 detected, 1 unmitigated
16:52:51 core.sweep_detector INFO: FVGs: 10 detected, 1 unfilled
16:52:53 core.sweep_detector INFO: SweepDetector v2: 2 raw â†’ 2 confirmed (volâ‰Ą2.5Ă— bodyâ‰Ą30%)
16:52:53 core.sweep_detector INFO: OrderBlocks: 5 detected, 0 unmitigated
16:52:53 core.sweep_detector INFO: FVGs: 9 detected, 1 unfilled
16:52:55 core.sweep_detector INFO: SweepDetector v2: 1 raw â†’ 1 confirmed (volâ‰Ą2.5Ă— bodyâ‰Ą30%)
16:52:55 core.sweep_detector INFO: OrderBlocks: 2 detected, 1 unmitigated
16:52:55 core.sweep_detector INFO: FVGs: 8 detected, 4 unfilled
16:52:57 core.sweep_detector INFO: SweepDetector v2: 2 raw â†’ 1 confirmed (volâ‰Ą2.5Ă— bodyâ‰Ą30%)
16:52:57 core.sweep_detector INFO: OrderBlocks: 1 detected, 0 unmitigated
16:52:57 core.sweep_detector INFO: FVGs: 5 detected, 0 unfilled
16:52:59 core.sweep_detector INFO: SweepDetector v2: 0 raw â†’ 0 confirmed (volâ‰Ą2.5Ă— bodyâ‰Ą30%)
16:52:59 core.sweep_detector INFO: OrderBlocks: 2 detected, 0 unmitigated
16:52:59 core.sweep_detector INFO: FVGs: 2 detected, 0 unfilled
16:53:00 core.sweep_detector INFO: SweepDetector v2: 2 raw â†’ 1 confirmed (volâ‰Ą2.5Ă— bodyâ‰Ą30%)
16:53:00 core.sweep_detector INFO: OrderBlocks: 6 detected, 4 unmitigated
16:53:00 core.sweep_detector INFO: FVGs: 14 detected, 6 unfilled
16:53:02 core.sweep_detector INFO: SweepDetector v2: 4 raw â†’ 4 confirmed (volâ‰Ą2.5Ă— bodyâ‰Ą30%)
16:53:02 core.sweep_detector INFO: OrderBlocks: 2 detected, 1 unmitigated
16:53:02 core.sweep_detector INFO: FVGs: 6 detected, 2 unfilled
16:53:04 core.sweep_detector INFO: SweepDetector v2: 1 raw â†’ 1 confirmed (volâ‰Ą2.5Ă— bodyâ‰Ą30%)
16:53:04 core.sweep_detector INFO: OrderBlocks: 4 detected, 2 unmitigated
16:53:04 core.sweep_detector INFO: FVGs: 6 detected, 1 unfilled
16:53:06 core.sweep_detector INFO: SweepDetector v2: 2 raw â†’ 1 confirmed (volâ‰Ą2.5Ă— bodyâ‰Ą30%)
16:53:06 core.sweep_detector INFO: OrderBlocks: 5 detected, 1 unmitigated
16:53:06 core.sweep_detector INFO: FVGs: 5 detected, 1 unfilled
16:53:08 core.sweep_detector INFO: SweepDetector v2: 1 raw â†’ 1 confirmed (volâ‰Ą2.5Ă— bodyâ‰Ą30%)
16:53:08 core.sweep_detector INFO: OrderBlocks: 4 detected, 0 unmitigated
16:53:08 core.sweep_detector INFO: FVGs: 10 detected, 1 unfilled
16:53:10 core.sweep_detector INFO: SweepDetector v2: 4 raw â†’ 3 confirmed (volâ‰Ą2.5Ă— bodyâ‰Ą30%)
16:53:10 core.sweep_detector INFO: OrderBlocks: 7 detected, 2 unmitigated
16:53:10 core.sweep_detector INFO: FVGs: 8 detected, 0 unfilled
16:53:11 core.sweep_detector INFO: SweepDetector v2: 0 raw â†’ 0 confirmed (volâ‰Ą2.5Ă— bodyâ‰Ą30%)
16:53:11 core.sweep_detector INFO: OrderBlocks: 1 detected, 0 unmitigated
16:53:11 core.sweep_detector INFO: FVGs: 4 detected, 0 unfilled
16:53:13 core.sweep_detector INFO: SweepDetector v2: 0 raw â†’ 0 confirmed (volâ‰Ą2.5Ă— bodyâ‰Ą30%)
16:53:13 core.sweep_detector INFO: OrderBlocks: 5 detected, 1 unmitigated
16:53:13 core.sweep_detector INFO: FVGs: 6 detected, 2 unfilled
16:53:15 core.sweep_detector INFO: SweepDetector v2: 0 raw â†’ 0 confirmed (volâ‰Ą2.5Ă— bodyâ‰Ą30%)
16:53:15 core.sweep_detector INFO: OrderBlocks: 6 detected, 1 unmitigated
16:53:15 core.sweep_detector INFO: FVGs: 7 detected, 3 unfilled
16:53:16 core.sweep_detector INFO: SweepDetector v2: 0 raw â†’ 0 confirmed (volâ‰Ą2.5Ă— bodyâ‰Ą30%)
16:53:16 core.sweep_detector INFO: OrderBlocks: 8 detected, 3 unmitigated
16:53:16 core.sweep_detector INFO: FVGs: 11 detected, 3 unfilled
16:53:18 core.sweep_detector INFO: SweepDetector v2: 1 raw â†’ 1 confirmed (volâ‰Ą2.5Ă— bodyâ‰Ą30%)
16:53:18 core.sweep_detector INFO: OrderBlocks: 4 detected, 1 unmitigated
16:53:18 core.sweep_detector INFO: FVGs: 7 detected, 3 unfilled
16:53:19 core.sweep_detector INFO: SweepDetector v2: 1 raw â†’ 1 confirmed (volâ‰Ą2.5Ă— bodyâ‰Ą30%)
16:53:19 core.sweep_detector INFO: OrderBlocks: 7 detected, 0 unmitigated
16:53:19 core.sweep_detector INFO: FVGs: 9 detected, 1 unfilled
16:53:21 core.sweep_detector INFO: SweepDetector v2: 0 raw â†’ 0 confirmed (volâ‰Ą2.5Ă— bodyâ‰Ą30%)
16:53:21 core.sweep_detector INFO: OrderBlocks: 10 detected, 3 unmitigated
16:53:21 core.sweep_detector INFO: FVGs: 10 detected, 3 unfilled
16:53:23 core.sweep_detector INFO: SweepDetector v2: 2 raw â†’ 2 confirmed (volâ‰Ą2.5Ă— bodyâ‰Ą30%)
16:53:23 core.sweep_detector INFO: OrderBlocks: 3 detected, 1 unmitigated
16:53:23 core.sweep_detector INFO: FVGs: 11 detected, 1 unfilled
16:53:24 core.sweep_detector INFO: SweepDetector v2: 3 raw â†’ 3 confirmed (volâ‰Ą2.5Ă— bodyâ‰Ą30%)
16:53:24 core.sweep_detector INFO: OrderBlocks: 2 detected, 0 unmitigated
16:53:24 core.sweep_detector INFO: FVGs: 12 detected, 0 unfilled
16:53:26 core.sweep_detector INFO: SweepDetector v2: 2 raw â†’ 2 confirmed (volâ‰Ą2.5Ă— bodyâ‰Ą30%)
16:53:26 core.sweep_detector INFO: OrderBlocks: 7 detected, 2 unmitigated
16:53:26 core.sweep_detector INFO: FVGs: 8 detected, 3 unfilled
16:53:28 core.sweep_detector INFO: SweepDetector v2: 2 raw â†’ 2 confirmed (volâ‰Ą2.5Ă— bodyâ‰Ą30%)
16:53:28 core.sweep_detector INFO: OrderBlocks: 4 detected, 1 unmitigated
16:53:28 core.sweep_detector INFO: FVGs: 4 detected, 0 unfilled
16:53:30 core.sweep_detector INFO: SweepDetector v2: 0 raw â†’ 0 confirmed (volâ‰Ą2.5Ă— bodyâ‰Ą30%)
16:53:30 core.sweep_detector INFO: OrderBlocks: 6 detected, 1 unmitigated
16:53:30 core.sweep_detector INFO: FVGs: 8 detected, 0 unfilled
16:53:31 core.sweep_detector INFO: SweepDetector v2: 0 raw â†’ 0 confirmed (volâ‰Ą2.5Ă— bodyâ‰Ą30%)
16:53:31 core.sweep_detector INFO: OrderBlocks: 2 detected, 1 unmitigated
16:53:31 core.sweep_detector INFO: FVGs: 0 detected, 0 unfilled
16:53:33 core.sweep_detector INFO: SweepDetector v2: 0 raw â†’ 0 confirmed (volâ‰Ą2.5Ă— bodyâ‰Ą30%)
16:53:33 core.sweep_detector INFO: OrderBlocks: 5 detected, 0 unmitigated
16:53:33 core.sweep_detector INFO: FVGs: 0 detected, 0 unfilled
16:53:35 core.sweep_detector INFO: SweepDetector v2: 0 raw â†’ 0 confirmed (volâ‰Ą2.5Ă— bodyâ‰Ą30%)
16:53:35 core.sweep_detector INFO: OrderBlocks: 0 detected, 0 unmitigated
16:53:35 core.sweep_detector INFO: FVGs: 0 detected, 0 unfilled
16:53:36 core.sweep_detector INFO: SweepDetector v2: 2 raw â†’ 0 confirmed (volâ‰Ą2.5Ă— bodyâ‰Ą30%)
16:53:36 core.sweep_detector INFO: OrderBlocks: 7 detected, 3 unmitigated
16:53:36 core.sweep_detector INFO: FVGs: 6 detected, 1 unfilled
16:53:38 core.sweep_detector INFO: SweepDetector v2: 1 raw â†’ 1 confirmed (volâ‰Ą2.5Ă— bodyâ‰Ą30%)
16:53:38 core.sweep_detector INFO: OrderBlocks: 10 detected, 4 unmitigated
16:53:38 core.sweep_detector INFO: FVGs: 9 detected, 2 unfilled
16:53:39 core.sweep_detector INFO: SweepDetector v2: 4 raw â†’ 4 confirmed (volâ‰Ą2.5Ă— bodyâ‰Ą30%)
16:53:39 core.sweep_detector INFO: OrderBlocks: 4 detected, 0 unmitigated
16:53:39 core.sweep_detector INFO: FVGs: 8 detected, 4 unfilled
16:53:41 core.sweep_detector INFO: SweepDetector v2: 6 raw â†’ 3 confirmed (volâ‰Ą2.5Ă— bodyâ‰Ą30%)
16:53:41 core.sweep_detector INFO: OrderBlocks: 9 detected, 3 unmitigated
16:53:41 core.sweep_detector INFO: FVGs: 11 detected, 4 unfilled
16:53:43 core.sweep_detector INFO: SweepDetector v2: 1 raw â†’ 1 confirmed (volâ‰Ą2.5Ă— bodyâ‰Ą30%)
16:53:43 core.sweep_detector INFO: OrderBlocks: 6 detected, 2 unmitigated
16:53:43 core.sweep_detector INFO: FVGs: 10 detected, 2 unfilled
16:53:47 core.sweep_detector INFO: SweepDetector v2: 3 raw â†’ 2 confirmed (volâ‰Ą2.5Ă— bodyâ‰Ą30%)
16:53:47 core.sweep_detector INFO: OrderBlocks: 7 detected, 3 unmitigated
16:53:47 core.sweep_detector INFO: FVGs: 12 detected, 5 unfilled
16:53:49 core.sweep_detector INFO: SweepDetector v2: 1 raw â†’ 1 confirmed (volâ‰Ą2.5Ă— bodyâ‰Ą30%)
16:53:49 core.sweep_detector INFO: OrderBlocks: 7 detected, 2 unmitigated
16:53:49 core.sweep_detector INFO: FVGs: 7 detected, 1 unfilled
16:53:51 core.sweep_detector INFO: SweepDetector v2: 2 raw â†’ 1 confirmed (volâ‰Ą2.5Ă— bodyâ‰Ą30%)
16:53:51 core.sweep_detector INFO: OrderBlocks: 1 detected, 0 unmitigated
16:53:51 core.sweep_detector INFO: FVGs: 12 detected, 3 unfilled
16:53:52 core.sweep_detector INFO: SweepDetector v2: 0 raw â†’ 0 confirmed (volâ‰Ą2.5Ă— bodyâ‰Ą30%)
16:53:52 core.sweep_detector INFO: OrderBlocks: 6 detected, 1 unmitigated
16:53:53 core.sweep_detector INFO: FVGs: 7 detected, 2 unfilled
16:53:55 core.sweep_detector INFO: SweepDetector v2: 0 raw â†’ 0 confirmed (volâ‰Ą2.5Ă— bodyâ‰Ą30%)
16:53:55 core.sweep_detector INFO: OrderBlocks: 7 detected, 3 unmitigated
16:53:55 core.sweep_detector INFO: FVGs: 10 detected, 3 unfilled
16:53:57 core.sweep_detector INFO: SweepDetector v2: 0 raw â†’ 0 confirmed (volâ‰Ą2.5Ă— bodyâ‰Ą30%)
16:53:57 core.sweep_detector INFO: OrderBlocks: 11 detected, 2 unmitigated
16:53:57 core.sweep_detector INFO: FVGs: 7 detected, 1 unfilled
16:53:58 core.sweep_detector INFO: SweepDetector v2: 4 raw â†’ 3 confirmed (volâ‰Ą2.5Ă— bodyâ‰Ą30%)
16:53:58 core.sweep_detector INFO: OrderBlocks: 5 detected, 3 unmitigated
16:53:58 core.sweep_detector INFO: FVGs: 5 detected, 2 unfilled
16:54:00 core.sweep_detector INFO: SweepDetector v2: 2 raw â†’ 2 confirmed (volâ‰Ą2.5Ă— bodyâ‰Ą30%)
16:54:00 core.sweep_detector INFO: OrderBlocks: 5 detected, 1 unmitigated
16:54:00 core.sweep_detector INFO: FVGs: 6 detected, 4 unfilled
16:54:02 core.sweep_detector INFO: SweepDetector v2: 1 raw â†’ 1 confirmed (volâ‰Ą2.5Ă— bodyâ‰Ą30%)
16:54:02 core.sweep_detector INFO: OrderBlocks: 5 detected, 3 unmitigated
16:54:02 core.sweep_detector INFO: FVGs: 5 detected, 2 unfilled
16:54:04 core.sweep_detector INFO: SweepDetector v2: 2 raw â†’ 2 confirmed (volâ‰Ą2.5Ă— bodyâ‰Ą30%)
16:54:04 core.sweep_detector INFO: OrderBlocks: 7 detected, 3 unmitigated
16:54:04 core.sweep_detector INFO: FVGs: 5 detected, 2 unfilled
/root/.openclaw/workspace/projects/crypto-liquidity-hunter/main.py:555: DeprecationWarning: datetime.datetime.utcnow() is deprecated and scheduled for removal in a future version. Use timezone-aware objects to represent datetimes in UTC: datetime.datetime.now(datetime.UTC).
  scan_end     = datetime.utcnow()

=== SCAN ALL: 101 pairs, 3 timeframes ===
Total signals generated: 0
