06:00:03 __main__ INFO: Volume filter: fetching all tickers in one call...
06:00:05 __main__ INFO: Volume filter: 96/447 pairs pass $2M threshold
/root/.openclaw/workspace/projects/crypto-liquidity-hunter/main.py:292: DeprecationWarning: datetime.datetime.utcnow() is deprecated and scheduled for removal in a future version. Use timezone-aware objects to represent datetimes in UTC: datetime.datetime.now(datetime.UTC).
  scan_start = datetime.utcnow()   # for duration tracking
06:00:07 core.binance_connector INFO: BinanceConnector: connected [LIVE FUTURES MAINNET]
06:00:07 __main__ INFO: Auto-executor: account 'Liquiddbot1' mode=live exec=auto
06:00:08 core.sweep_detector INFO: SweepDetector v2: 2 raw â†’ 1 confirmed (volâ‰Ą2.5Ă— bodyâ‰Ą30%)
06:00:08 core.sweep_detector INFO: OrderBlocks: 6 detected, 0 unmitigated
06:00:08 core.sweep_detector INFO: FVGs: 11 detected, 0 unfilled
06:00:10 core.sweep_detector INFO: SweepDetector v2: 3 raw â†’ 2 confirmed (volâ‰Ą2.5Ă— bodyâ‰Ą30%)
06:00:10 core.sweep_detector INFO: OrderBlocks: 4 detected, 1 unmitigated
06:00:10 core.sweep_detector INFO: FVGs: 5 detected, 2 unfilled
06:00:12 core.sweep_detector INFO: SweepDetector v2: 0 raw â†’ 0 confirmed (volâ‰Ą2.5Ă— bodyâ‰Ą30%)
06:00:12 core.sweep_detector INFO: OrderBlocks: 3 detected, 0 unmitigated
06:00:12 core.sweep_detector INFO: FVGs: 10 detected, 5 unfilled
06:00:14 core.sweep_detector INFO: SweepDetector v2: 0 raw â†’ 0 confirmed (volâ‰Ą2.5Ă— bodyâ‰Ą30%)
06:00:14 core.sweep_detector INFO: OrderBlocks: 9 detected, 4 unmitigated
06:00:14 core.sweep_detector INFO: FVGs: 11 detected, 6 unfilled
06:00:16 core.sweep_detector INFO: SweepDetector v2: 2 raw â†’ 2 confirmed (volâ‰Ą2.5Ă— bodyâ‰Ą30%)
06:00:16 core.sweep_detector INFO: OrderBlocks: 4 detected, 2 unmitigated
06:00:16 core.sweep_detector INFO: FVGs: 10 detected, 2 unfilled
06:00:18 core.sweep_detector INFO: SweepDetector v2: 2 raw â†’ 2 confirmed (volâ‰Ą2.5Ă— bodyâ‰Ą30%)
06:00:18 core.sweep_detector INFO: OrderBlocks: 3 detected, 1 unmitigated
06:00:18 core.sweep_detector INFO: FVGs: 6 detected, 1 unfilled
06:00:20 core.sweep_detector INFO: SweepDetector v2: 1 raw â†’ 1 confirmed (volâ‰Ą2.5Ă— bodyâ‰Ą30%)
06:00:20 core.sweep_detector INFO: OrderBlocks: 9 detected, 2 unmitigated
06:00:20 core.sweep_detector INFO: FVGs: 10 detected, 4 unfilled
06:00:21 core.sweep_detector INFO: SweepDetector v2: 1 raw â†’ 1 confirmed (volâ‰Ą2.5Ă— bodyâ‰Ą30%)
06:00:21 core.sweep_detector INFO: OrderBlocks: 4 detected, 1 unmitigated
06:00:21 core.sweep_detector INFO: FVGs: 9 detected, 3 unfilled
06:00:23 core.sweep_detector INFO: SweepDetector v2: 2 raw â†’ 2 confirmed (volâ‰Ą2.5Ă— bodyâ‰Ą30%)
06:00:23 core.sweep_detector INFO: OrderBlocks: 7 detected, 1 unmitigated
06:00:23 core.sweep_detector INFO: FVGs: 8 detected, 3 unfilled
06:00:25 core.sweep_detector INFO: SweepDetector v2: 5 raw â†’ 5 confirmed (volâ‰Ą2.5Ă— bodyâ‰Ą30%)
06:00:25 core.sweep_detector INFO: OrderBlocks: 4 detected, 0 unmitigated
06:00:25 core.sweep_detector INFO: FVGs: 9 detected, 0 unfilled
06:00:27 core.sweep_detector INFO: SweepDetector v2: 3 raw â†’ 3 confirmed (volâ‰Ą2.5Ă— bodyâ‰Ą30%)
06:00:27 core.sweep_detector INFO: OrderBlocks: 4 detected, 1 unmitigated
06:00:27 core.sweep_detector INFO: FVGs: 8 detected, 2 unfilled
06:00:28 core.sweep_detector INFO: SweepDetector v2: 2 raw â†’ 2 confirmed (volâ‰Ą2.5Ă— bodyâ‰Ą30%)
06:00:28 core.sweep_detector INFO: OrderBlocks: 5 detected, 2 unmitigated
06:00:28 core.sweep_detector INFO: FVGs: 7 detected, 4 unfilled
06:00:31 core.sweep_detector INFO: SweepDetector v2: 3 raw â†’ 2 confirmed (volâ‰Ą2.5Ă— bodyâ‰Ą30%)
06:00:31 core.sweep_detector INFO: OrderBlocks: 7 detected, 0 unmitigated
06:00:31 core.sweep_detector INFO: FVGs: 8 detected, 0 unfilled
06:00:32 core.sweep_detector INFO: SweepDetector v2: 1 raw â†’ 0 confirmed (volâ‰Ą2.5Ă— bodyâ‰Ą30%)
06:00:32 core.sweep_detector INFO: OrderBlocks: 4 detected, 1 unmitigated
06:00:32 core.sweep_detector INFO: FVGs: 11 detected, 1 unfilled
06:00:34 core.sweep_detector INFO: SweepDetector v2: 1 raw â†’ 1 confirmed (volâ‰Ą2.5Ă— bodyâ‰Ą30%)
06:00:34 core.sweep_detector INFO: OrderBlocks: 5 detected, 0 unmitigated
06:00:34 core.sweep_detector INFO: FVGs: 11 detected, 2 unfilled
06:00:35 core.sweep_detector INFO: SweepDetector v2: 2 raw â†’ 1 confirmed (volâ‰Ą2.5Ă— bodyâ‰Ą30%)
06:00:35 core.sweep_detector INFO: OrderBlocks: 6 detected, 2 unmitigated
06:00:35 core.sweep_detector INFO: FVGs: 9 detected, 4 unfilled
06:00:37 core.sweep_detector INFO: SweepDetector v2: 1 raw â†’ 1 confirmed (volâ‰Ą2.5Ă— bodyâ‰Ą30%)
06:00:37 core.sweep_detector INFO: OrderBlocks: 2 detected, 0 unmitigated
06:00:37 core.sweep_detector INFO: FVGs: 9 detected, 1 unfilled
06:00:39 core.sweep_detector INFO: SweepDetector v2: 2 raw â†’ 1 confirmed (volâ‰Ą2.5Ă— bodyâ‰Ą30%)
06:00:39 core.sweep_detector INFO: OrderBlocks: 1 detected, 0 unmitigated
06:00:39 core.sweep_detector INFO: FVGs: 10 detected, 3 unfilled
06:00:40 core.sweep_detector INFO: SweepDetector v2: 2 raw â†’ 1 confirmed (volâ‰Ą2.5Ă— bodyâ‰Ą30%)
06:00:40 core.sweep_detector INFO: OrderBlocks: 5 detected, 1 unmitigated
06:00:40 core.sweep_detector INFO: FVGs: 11 detected, 4 unfilled
06:00:42 core.sweep_detector INFO: SweepDetector v2: 1 raw â†’ 1 confirmed (volâ‰Ą2.5Ă— bodyâ‰Ą30%)
06:00:42 core.sweep_detector INFO: OrderBlocks: 6 detected, 2 unmitigated
06:00:42 core.sweep_detector INFO: FVGs: 11 detected, 3 unfilled
06:00:43 core.sweep_detector INFO: SweepDetector v2: 3 raw â†’ 3 confirmed (volâ‰Ą2.5Ă— bodyâ‰Ą30%)
06:00:43 core.sweep_detector INFO: OrderBlocks: 1 detected, 0 unmitigated
06:00:43 core.sweep_detector INFO: FVGs: 10 detected, 3 unfilled
06:00:45 core.sweep_detector INFO: SweepDetector v2: 5 raw â†’ 5 confirmed (volâ‰Ą2.5Ă— bodyâ‰Ą30%)
06:00:45 core.sweep_detector INFO: OrderBlocks: 1 detected, 0 unmitigated
06:00:45 core.sweep_detector INFO: FVGs: 3 detected, 1 unfilled
06:00:46 core.sweep_detector INFO: SweepDetector v2: 2 raw â†’ 2 confirmed (volâ‰Ą2.5Ă— bodyâ‰Ą30%)
06:00:46 core.sweep_detector INFO: OrderBlocks: 3 detected, 2 unmitigated
06:00:47 core.sweep_detector INFO: FVGs: 6 detected, 2 unfilled
06:00:48 core.sweep_detector INFO: SweepDetector v2: 2 raw â†’ 2 confirmed (volâ‰Ą2.5Ă— bodyâ‰Ą30%)
06:00:48 core.sweep_detector INFO: OrderBlocks: 4 detected, 1 unmitigated
06:00:48 core.sweep_detector INFO: FVGs: 7 detected, 2 unfilled
06:00:50 core.sweep_detector INFO: SweepDetector v2: 2 raw â†’ 2 confirmed (volâ‰Ą2.5Ă— bodyâ‰Ą30%)
06:00:50 core.sweep_detector INFO: OrderBlocks: 4 detected, 2 unmitigated
06:00:50 core.sweep_detector INFO: FVGs: 13 detected, 6 unfilled
06:00:51 core.sweep_detector INFO: SweepDetector v2: 1 raw â†’ 1 confirmed (volâ‰Ą2.5Ă— bodyâ‰Ą30%)
06:00:51 core.sweep_detector INFO: OrderBlocks: 5 detected, 3 unmitigated
06:00:51 core.sweep_detector INFO: FVGs: 10 detected, 3 unfilled
06:00:53 core.sweep_detector INFO: SweepDetector v2: 2 raw â†’ 2 confirmed (volâ‰Ą2.5Ă— bodyâ‰Ą30%)
06:00:53 core.sweep_detector INFO: OrderBlocks: 2 detected, 0 unmitigated
06:00:53 core.sweep_detector INFO: FVGs: 7 detected, 3 unfilled
06:00:55 core.sweep_detector INFO: SweepDetector v2: 1 raw â†’ 1 confirmed (volâ‰Ą2.5Ă— bodyâ‰Ą30%)
06:00:55 core.sweep_detector INFO: OrderBlocks: 5 detected, 0 unmitigated
06:00:55 core.sweep_detector INFO: FVGs: 7 detected, 0 unfilled
06:00:56 core.sweep_detector INFO: SweepDetector v2: 0 raw â†’ 0 confirmed (volâ‰Ą2.5Ă— bodyâ‰Ą30%)
06:00:56 core.sweep_detector INFO: OrderBlocks: 5 detected, 1 unmitigated
06:00:56 core.sweep_detector INFO: FVGs: 12 detected, 4 unfilled
06:00:58 core.sweep_detector INFO: SweepDetector v2: 0 raw â†’ 0 confirmed (volâ‰Ą2.5Ă— bodyâ‰Ą30%)
06:00:58 core.sweep_detector INFO: OrderBlocks: 5 detected, 2 unmitigated
06:00:58 core.sweep_detector INFO: FVGs: 7 detected, 3 unfilled
06:01:01 core.sweep_detector INFO: SweepDetector v2: 4 raw â†’ 4 confirmed (volâ‰Ą2.5Ă— bodyâ‰Ą30%)
06:01:01 core.sweep_detector INFO: OrderBlocks: 2 detected, 2 unmitigated
06:01:01 core.sweep_detector INFO: FVGs: 12 detected, 4 unfilled
06:01:03 core.sweep_detector INFO: SweepDetector v2: 1 raw â†’ 1 confirmed (volâ‰Ą2.5Ă— bodyâ‰Ą30%)
06:01:03 core.sweep_detector INFO: OrderBlocks: 6 detected, 2 unmitigated
06:01:03 core.sweep_detector INFO: FVGs: 11 detected, 1 unfilled
06:01:04 core.sweep_detector INFO: SweepDetector v2: 2 raw â†’ 1 confirmed (volâ‰Ą2.5Ă— bodyâ‰Ą30%)
06:01:04 core.sweep_detector INFO: OrderBlocks: 4 detected, 0 unmitigated
06:01:04 core.sweep_detector INFO: FVGs: 9 detected, 1 unfilled
06:01:06 core.sweep_detector INFO: SweepDetector v2: 0 raw â†’ 0 confirmed (volâ‰Ą2.5Ă— bodyâ‰Ą30%)
06:01:06 core.sweep_detector INFO: OrderBlocks: 4 detected, 2 unmitigated
06:01:06 core.sweep_detector INFO: FVGs: 7 detected, 2 unfilled
06:01:07 core.sweep_detector INFO: SweepDetector v2: 2 raw â†’ 2 confirmed (volâ‰Ą2.5Ă— bodyâ‰Ą30%)
06:01:07 core.sweep_detector INFO: OrderBlocks: 5 detected, 3 unmitigated
06:01:07 core.sweep_detector INFO: FVGs: 8 detected, 4 unfilled
06:01:09 core.sweep_detector INFO: SweepDetector v2: 2 raw â†’ 2 confirmed (volâ‰Ą2.5Ă— bodyâ‰Ą30%)
06:01:09 core.sweep_detector INFO: OrderBlocks: 4 detected, 1 unmitigated
06:01:09 core.sweep_detector INFO: FVGs: 6 detected, 1 unfilled
06:01:11 core.sweep_detector INFO: SweepDetector v2: 1 raw â†’ 1 confirmed (volâ‰Ą2.5Ă— bodyâ‰Ą30%)
06:01:11 core.sweep_detector INFO: OrderBlocks: 7 detected, 4 unmitigated
06:01:11 core.sweep_detector INFO: FVGs: 10 detected, 4 unfilled
06:01:12 core.sweep_detector INFO: SweepDetector v2: 1 raw â†’ 1 confirmed (volâ‰Ą2.5Ă— bodyâ‰Ą30%)
06:01:12 core.sweep_detector INFO: OrderBlocks: 7 detected, 1 unmitigated
06:01:12 core.sweep_detector INFO: FVGs: 5 detected, 0 unfilled
06:01:15 core.sweep_detector INFO: SweepDetector v2: 2 raw â†’ 2 confirmed (volâ‰Ą2.5Ă— bodyâ‰Ą30%)
06:01:15 core.sweep_detector INFO: OrderBlocks: 3 detected, 1 unmitigated
06:01:15 core.sweep_detector INFO: FVGs: 4 detected, 1 unfilled
06:01:16 core.sweep_detector INFO: SweepDetector v2: 1 raw â†’ 1 confirmed (volâ‰Ą2.5Ă— bodyâ‰Ą30%)
06:01:16 core.sweep_detector INFO: OrderBlocks: 6 detected, 1 unmitigated
06:01:16 core.sweep_detector INFO: FVGs: 7 detected, 2 unfilled
06:01:18 core.sweep_detector INFO: SweepDetector v2: 1 raw â†’ 1 confirmed (volâ‰Ą2.5Ă— bodyâ‰Ą30%)
06:01:18 core.sweep_detector INFO: OrderBlocks: 2 detected, 1 unmitigated
06:01:18 core.sweep_detector INFO: FVGs: 9 detected, 1 unfilled
06:01:20 core.sweep_detector INFO: SweepDetector v2: 2 raw â†’ 2 confirmed (volâ‰Ą2.5Ă— bodyâ‰Ą30%)
06:01:20 core.sweep_detector INFO: OrderBlocks: 3 detected, 1 unmitigated
06:01:20 core.sweep_detector INFO: FVGs: 8 detected, 1 unfilled
06:01:21 core.sweep_detector INFO: SweepDetector v2: 0 raw â†’ 0 confirmed (volâ‰Ą2.5Ă— bodyâ‰Ą30%)
06:01:21 core.sweep_detector INFO: OrderBlocks: 6 detected, 2 unmitigated
06:01:21 core.sweep_detector INFO: FVGs: 9 detected, 2 unfilled
06:01:23 core.sweep_detector INFO: SweepDetector v2: 2 raw â†’ 1 confirmed (volâ‰Ą2.5Ă— bodyâ‰Ą30%)
06:01:23 core.sweep_detector INFO: OrderBlocks: 5 detected, 1 unmitigated
06:01:23 core.sweep_detector INFO: FVGs: 9 detected, 2 unfilled
06:01:27 core.sweep_detector INFO: SweepDetector v2: 1 raw â†’ 1 confirmed (volâ‰Ą2.5Ă— bodyâ‰Ą30%)
06:01:27 core.sweep_detector INFO: OrderBlocks: 2 detected, 1 unmitigated
06:01:27 core.sweep_detector INFO: FVGs: 5 detected, 4 unfilled
06:01:29 core.sweep_detector INFO: SweepDetector v2: 7 raw â†’ 5 confirmed (volâ‰Ą2.5Ă— bodyâ‰Ą30%)
06:01:29 core.sweep_detector INFO: OrderBlocks: 3 detected, 2 unmitigated
06:01:29 core.sweep_detector INFO: FVGs: 10 detected, 5 unfilled
06:01:30 core.sweep_detector INFO: SweepDetector v2: 3 raw â†’ 1 confirmed (volâ‰Ą2.5Ă— bodyâ‰Ą30%)
06:01:30 core.sweep_detector INFO: OrderBlocks: 5 detected, 4 unmitigated
06:01:30 core.sweep_detector INFO: FVGs: 9 detected, 3 unfilled
06:01:32 core.sweep_detector INFO: SweepDetector v2: 0 raw â†’ 0 confirmed (volâ‰Ą2.5Ă— bodyâ‰Ą30%)
06:01:32 core.sweep_detector INFO: OrderBlocks: 4 detected, 1 unmitigated
06:01:32 core.sweep_detector INFO: FVGs: 13 detected, 4 unfilled
06:01:33 core.sweep_detector INFO: SweepDetector v2: 5 raw â†’ 4 confirmed (volâ‰Ą2.5Ă— bodyâ‰Ą30%)
06:01:33 core.sweep_detector INFO: OrderBlocks: 8 detected, 2 unmitigated
06:01:33 core.sweep_detector INFO: FVGs: 11 detected, 1 unfilled
06:01:35 core.sweep_detector INFO: SweepDetector v2: 1 raw â†’ 0 confirmed (volâ‰Ą2.5Ă— bodyâ‰Ą30%)
06:01:35 core.sweep_detector INFO: OrderBlocks: 7 detected, 1 unmitigated
06:01:35 core.sweep_detector INFO: FVGs: 17 detected, 3 unfilled
06:01:37 core.sweep_detector INFO: SweepDetector v2: 0 raw â†’ 0 confirmed (volâ‰Ą2.5Ă— bodyâ‰Ą30%)
06:01:37 core.sweep_detector INFO: OrderBlocks: 2 detected, 1 unmitigated
06:01:37 core.sweep_detector INFO: FVGs: 4 detected, 2 unfilled
06:01:38 core.sweep_detector INFO: SweepDetector v2: 0 raw â†’ 0 confirmed (volâ‰Ą2.5Ă— bodyâ‰Ą30%)
06:01:38 core.sweep_detector INFO: OrderBlocks: 6 detected, 3 unmitigated
06:01:38 core.sweep_detector INFO: FVGs: 5 detected, 4 unfilled
06:01:40 core.sweep_detector INFO: SweepDetector v2: 0 raw â†’ 0 confirmed (volâ‰Ą2.5Ă— bodyâ‰Ą30%)
06:01:40 core.sweep_detector INFO: OrderBlocks: 8 detected, 4 unmitigated
06:01:40 core.sweep_detector INFO: FVGs: 5 detected, 5 unfilled
06:01:42 core.sweep_detector INFO: SweepDetector v2: 1 raw â†’ 0 confirmed (volâ‰Ą2.5Ă— bodyâ‰Ą30%)
06:01:42 core.sweep_detector INFO: OrderBlocks: 6 detected, 2 unmitigated
06:01:42 core.sweep_detector INFO: FVGs: 8 detected, 3 unfilled
06:01:43 core.sweep_detector INFO: SweepDetector v2: 0 raw â†’ 0 confirmed (volâ‰Ą2.5Ă— bodyâ‰Ą30%)
06:01:43 core.sweep_detector INFO: OrderBlocks: 5 detected, 2 unmitigated
06:01:43 core.sweep_detector INFO: FVGs: 11 detected, 7 unfilled
06:01:45 core.sweep_detector INFO: SweepDetector v2: 3 raw â†’ 2 confirmed (volâ‰Ą2.5Ă— bodyâ‰Ą30%)
06:01:45 core.sweep_detector INFO: OrderBlocks: 6 detected, 2 unmitigated
06:01:45 core.sweep_detector INFO: FVGs: 10 detected, 3 unfilled
06:01:48 core.sweep_detector INFO: SweepDetector v2: 1 raw â†’ 0 confirmed (volâ‰Ą2.5Ă— bodyâ‰Ą30%)
06:01:48 core.sweep_detector INFO: OrderBlocks: 7 detected, 3 unmitigated
06:01:48 core.sweep_detector INFO: FVGs: 4 detected, 0 unfilled
06:01:49 core.sweep_detector INFO: SweepDetector v2: 0 raw â†’ 0 confirmed (volâ‰Ą2.5Ă— bodyâ‰Ą30%)
06:01:49 core.sweep_detector INFO: OrderBlocks: 8 detected, 2 unmitigated
06:01:49 core.sweep_detector INFO: FVGs: 13 detected, 2 unfilled
06:01:51 core.sweep_detector INFO: SweepDetector v2: 2 raw â†’ 2 confirmed (volâ‰Ą2.5Ă— bodyâ‰Ą30%)
06:01:51 core.sweep_detector INFO: OrderBlocks: 6 detected, 2 unmitigated
06:01:51 core.sweep_detector INFO: FVGs: 10 detected, 2 unfilled
06:01:53 core.sweep_detector INFO: SweepDetector v2: 3 raw â†’ 3 confirmed (volâ‰Ą2.5Ă— bodyâ‰Ą30%)
06:01:53 core.sweep_detector INFO: OrderBlocks: 3 detected, 1 unmitigated
06:01:53 core.sweep_detector INFO: FVGs: 9 detected, 4 unfilled
06:01:55 core.sweep_detector INFO: SweepDetector v2: 4 raw â†’ 2 confirmed (volâ‰Ą2.5Ă— bodyâ‰Ą30%)
06:01:55 core.sweep_detector INFO: OrderBlocks: 5 detected, 2 unmitigated
06:01:55 core.sweep_detector INFO: FVGs: 9 detected, 2 unfilled
06:01:57 core.sweep_detector INFO: SweepDetector v2: 5 raw â†’ 4 confirmed (volâ‰Ą2.5Ă— bodyâ‰Ą30%)
06:01:57 core.sweep_detector INFO: OrderBlocks: 5 detected, 2 unmitigated
06:01:57 core.sweep_detector INFO: FVGs: 8 detected, 3 unfilled
06:01:59 core.sweep_detector INFO: SweepDetector v2: 3 raw â†’ 2 confirmed (volâ‰Ą2.5Ă— bodyâ‰Ą30%)
06:01:59 core.sweep_detector INFO: OrderBlocks: 7 detected, 2 unmitigated
06:01:59 core.sweep_detector INFO: FVGs: 12 detected, 1 unfilled
06:02:00 core.sweep_detector INFO: SweepDetector v2: 3 raw â†’ 2 confirmed (volâ‰Ą2.5Ă— bodyâ‰Ą30%)
06:02:00 core.sweep_detector INFO: OrderBlocks: 6 detected, 2 unmitigated
06:02:00 core.sweep_detector INFO: FVGs: 4 detected, 1 unfilled
06:02:02 core.sweep_detector INFO: SweepDetector v2: 2 raw â†’ 1 confirmed (volâ‰Ą2.5Ă— bodyâ‰Ą30%)
06:02:02 core.sweep_detector INFO: OrderBlocks: 6 detected, 2 unmitigated
06:02:02 core.sweep_detector INFO: FVGs: 11 detected, 2 unfilled
06:02:04 core.sweep_detector INFO: SweepDetector v2: 0 raw â†’ 0 confirmed (volâ‰Ą2.5Ă— bodyâ‰Ą30%)
06:02:04 core.sweep_detector INFO: OrderBlocks: 7 detected, 5 unmitigated
06:02:04 core.sweep_detector INFO: FVGs: 14 detected, 6 unfilled
06:02:05 core.sweep_detector INFO: SweepDetector v2: 1 raw â†’ 1 confirmed (volâ‰Ą2.5Ă— bodyâ‰Ą30%)
06:02:05 core.sweep_detector INFO: OrderBlocks: 9 detected, 1 unmitigated
06:02:05 core.sweep_detector INFO: FVGs: 6 detected, 0 unfilled
06:02:07 core.sweep_detector INFO: SweepDetector v2: 0 raw â†’ 0 confirmed (volâ‰Ą2.5Ă— bodyâ‰Ą30%)
06:02:07 core.sweep_detector INFO: OrderBlocks: 7 detected, 2 unmitigated
06:02:07 core.sweep_detector INFO: FVGs: 11 detected, 3 unfilled
06:02:09 core.sweep_detector INFO: SweepDetector v2: 1 raw â†’ 1 confirmed (volâ‰Ą2.5Ă— bodyâ‰Ą30%)
06:02:09 core.sweep_detector INFO: OrderBlocks: 4 detected, 1 unmitigated
06:02:09 core.sweep_detector INFO: FVGs: 5 detected, 2 unfilled
06:02:10 core.sweep_detector INFO: SweepDetector v2: 0 raw â†’ 0 confirmed (volâ‰Ą2.5Ă— bodyâ‰Ą30%)
06:02:10 core.sweep_detector INFO: OrderBlocks: 8 detected, 2 unmitigated
06:02:10 core.sweep_detector INFO: FVGs: 11 detected, 1 unfilled
06:02:12 core.sweep_detector INFO: SweepDetector v2: 4 raw â†’ 3 confirmed (volâ‰Ą2.5Ă— bodyâ‰Ą30%)
06:02:12 core.sweep_detector INFO: OrderBlocks: 3 detected, 1 unmitigated
06:02:12 core.sweep_detector INFO: FVGs: 9 detected, 0 unfilled
06:02:14 core.sweep_detector INFO: SweepDetector v2: 2 raw â†’ 2 confirmed (volâ‰Ą2.5Ă— bodyâ‰Ą30%)
06:02:14 core.sweep_detector INFO: OrderBlocks: 3 detected, 0 unmitigated
06:02:14 core.sweep_detector INFO: FVGs: 6 detected, 1 unfilled
06:02:16 core.sweep_detector INFO: SweepDetector v2: 1 raw â†’ 0 confirmed (volâ‰Ą2.5Ă— bodyâ‰Ą30%)
06:02:16 core.sweep_detector INFO: OrderBlocks: 5 detected, 2 unmitigated
06:02:16 core.sweep_detector INFO: FVGs: 8 detected, 2 unfilled
06:02:17 core.sweep_detector INFO: SweepDetector v2: 3 raw â†’ 3 confirmed (volâ‰Ą2.5Ă— bodyâ‰Ą30%)
06:02:17 core.sweep_detector INFO: OrderBlocks: 3 detected, 0 unmitigated
06:02:17 core.sweep_detector INFO: FVGs: 7 detected, 0 unfilled
06:02:19 core.sweep_detector INFO: SweepDetector v2: 2 raw â†’ 2 confirmed (volâ‰Ą2.5Ă— bodyâ‰Ą30%)
06:02:19 core.sweep_detector INFO: OrderBlocks: 4 detected, 0 unmitigated
06:02:19 core.sweep_detector INFO: FVGs: 6 detected, 0 unfilled
06:02:21 core.sweep_detector INFO: SweepDetector v2: 2 raw â†’ 2 confirmed (volâ‰Ą2.5Ă— bodyâ‰Ą30%)
06:02:21 core.sweep_detector INFO: OrderBlocks: 10 detected, 4 unmitigated
06:02:21 core.sweep_detector INFO: FVGs: 15 detected, 5 unfilled
06:02:23 core.sweep_detector INFO: SweepDetector v2: 2 raw â†’ 2 confirmed (volâ‰Ą2.5Ă— bodyâ‰Ą30%)
06:02:23 core.sweep_detector INFO: OrderBlocks: 7 detected, 2 unmitigated
06:02:23 core.sweep_detector INFO: FVGs: 17 detected, 5 unfilled
06:02:25 core.sweep_detector INFO: SweepDetector v2: 2 raw â†’ 1 confirmed (volâ‰Ą2.5Ă— bodyâ‰Ą30%)
06:02:25 core.sweep_detector INFO: OrderBlocks: 6 detected, 3 unmitigated
06:02:25 core.sweep_detector INFO: FVGs: 10 detected, 3 unfilled
06:02:27 core.sweep_detector INFO: SweepDetector v2: 1 raw â†’ 1 confirmed (volâ‰Ą2.5Ă— bodyâ‰Ą30%)
06:02:27 core.sweep_detector INFO: OrderBlocks: 5 detected, 3 unmitigated
06:02:27 core.sweep_detector INFO: FVGs: 10 detected, 3 unfilled
06:02:29 core.sweep_detector INFO: SweepDetector v2: 4 raw â†’ 3 confirmed (volâ‰Ą2.5Ă— bodyâ‰Ą30%)
06:02:29 core.sweep_detector INFO: OrderBlocks: 9 detected, 1 unmitigated
06:02:29 core.sweep_detector INFO: FVGs: 8 detected, 1 unfilled
06:02:31 core.sweep_detector INFO: SweepDetector v2: 6 raw â†’ 4 confirmed (volâ‰Ą2.5Ă— bodyâ‰Ą30%)
06:02:31 core.sweep_detector INFO: OrderBlocks: 4 detected, 3 unmitigated
06:02:31 core.sweep_detector INFO: FVGs: 8 detected, 1 unfilled
06:02:35 core.sweep_detector INFO: SweepDetector v2: 2 raw â†’ 1 confirmed (volâ‰Ą2.5Ă— bodyâ‰Ą30%)
06:02:35 core.sweep_detector INFO: OrderBlocks: 5 detected, 1 unmitigated
06:02:35 core.sweep_detector INFO: FVGs: 9 detected, 4 unfilled
06:02:37 core.sweep_detector INFO: SweepDetector v2: 2 raw â†’ 2 confirmed (volâ‰Ą2.5Ă— bodyâ‰Ą30%)
06:02:37 core.sweep_detector INFO: OrderBlocks: 4 detected, 2 unmitigated
06:02:37 core.sweep_detector INFO: FVGs: 12 detected, 3 unfilled
06:02:39 core.sweep_detector INFO: SweepDetector v2: 1 raw â†’ 1 confirmed (volâ‰Ą2.5Ă— bodyâ‰Ą30%)
06:02:39 core.sweep_detector INFO: OrderBlocks: 6 detected, 1 unmitigated
06:02:39 core.sweep_detector INFO: FVGs: 10 detected, 3 unfilled
06:02:41 core.sweep_detector INFO: SweepDetector v2: 2 raw â†’ 1 confirmed (volâ‰Ą2.5Ă— bodyâ‰Ą30%)
06:02:41 core.sweep_detector INFO: OrderBlocks: 6 detected, 2 unmitigated
06:02:41 core.sweep_detector INFO: FVGs: 11 detected, 5 unfilled
06:02:43 core.sweep_detector INFO: SweepDetector v2: 2 raw â†’ 1 confirmed (volâ‰Ą2.5Ă— bodyâ‰Ą30%)
06:02:43 core.sweep_detector INFO: OrderBlocks: 6 detected, 3 unmitigated
06:02:43 core.sweep_detector INFO: FVGs: 9 detected, 2 unfilled
06:02:45 core.sweep_detector INFO: SweepDetector v2: 2 raw â†’ 2 confirmed (volâ‰Ą2.5Ă— bodyâ‰Ą30%)
06:02:45 core.sweep_detector INFO: OrderBlocks: 5 detected, 1 unmitigated
06:02:45 core.sweep_detector INFO: FVGs: 7 detected, 2 unfilled
06:02:47 core.sweep_detector INFO: SweepDetector v2: 0 raw â†’ 0 confirmed (volâ‰Ą2.5Ă— bodyâ‰Ą30%)
06:02:47 core.sweep_detector INFO: OrderBlocks: 2 detected, 2 unmitigated
06:02:47 core.sweep_detector INFO: FVGs: 11 detected, 5 unfilled
06:02:50 core.sweep_detector INFO: SweepDetector v2: 2 raw â†’ 2 confirmed (volâ‰Ą2.5Ă— bodyâ‰Ą30%)
06:02:50 core.sweep_detector INFO: OrderBlocks: 3 detected, 2 unmitigated
06:02:50 core.sweep_detector INFO: FVGs: 7 detected, 2 unfilled
06:02:52 core.sweep_detector INFO: SweepDetector v2: 1 raw â†’ 1 confirmed (volâ‰Ą2.5Ă— bodyâ‰Ą30%)
06:02:52 core.sweep_detector INFO: OrderBlocks: 6 detected, 2 unmitigated
06:02:52 core.sweep_detector INFO: FVGs: 10 detected, 3 unfilled
06:02:54 core.sweep_detector INFO: SweepDetector v2: 0 raw â†’ 0 confirmed (volâ‰Ą2.5Ă— bodyâ‰Ą30%)
06:02:54 core.sweep_detector INFO: OrderBlocks: 5 detected, 0 unmitigated
06:02:54 core.sweep_detector INFO: FVGs: 1 detected, 0 unfilled
06:02:56 core.sweep_detector INFO: SweepDetector v2: 0 raw â†’ 0 confirmed (volâ‰Ą2.5Ă— bodyâ‰Ą30%)
06:02:56 core.sweep_detector INFO: OrderBlocks: 6 detected, 2 unmitigated
06:02:56 core.sweep_detector INFO: FVGs: 2 detected, 2 unfilled
06:02:59 core.sweep_detector INFO: SweepDetector v2: 0 raw â†’ 0 confirmed (volâ‰Ą2.5Ă— bodyâ‰Ą30%)
06:02:59 core.sweep_detector INFO: OrderBlocks: 2 detected, 1 unmitigated
06:02:59 core.sweep_detector INFO: FVGs: 0 detected, 0 unfilled
06:03:01 core.sweep_detector INFO: SweepDetector v2: 0 raw â†’ 0 confirmed (volâ‰Ą2.5Ă— bodyâ‰Ą30%)
06:03:01 core.sweep_detector INFO: OrderBlocks: 0 detected, 0 unmitigated
06:03:01 core.sweep_detector INFO: FVGs: 0 detected, 0 unfilled
06:03:03 core.sweep_detector INFO: SweepDetector v2: 0 raw â†’ 0 confirmed (volâ‰Ą2.5Ă— bodyâ‰Ą30%)
06:03:03 core.sweep_detector INFO: OrderBlocks: 0 detected, 0 unmitigated
06:03:03 core.sweep_detector INFO: FVGs: 0 detected, 0 unfilled
06:03:05 core.sweep_detector INFO: SweepDetector v2: 0 raw â†’ 0 confirmed (volâ‰Ą2.5Ă— bodyâ‰Ą30%)
06:03:05 core.sweep_detector INFO: OrderBlocks: 0 detected, 0 unmitigated
06:03:05 core.sweep_detector INFO: FVGs: 0 detected, 0 unfilled
06:03:07 core.sweep_detector INFO: SweepDetector v2: 0 raw â†’ 0 confirmed (volâ‰Ą2.5Ă— bodyâ‰Ą30%)
06:03:07 core.sweep_detector INFO: OrderBlocks: 6 detected, 1 unmitigated
06:03:07 core.sweep_detector INFO: FVGs: 14 detected, 3 unfilled
06:03:09 core.sweep_detector INFO: SweepDetector v2: 1 raw â†’ 1 confirmed (volâ‰Ą2.5Ă— bodyâ‰Ą30%)
06:03:09 core.sweep_detector INFO: OrderBlocks: 5 detected, 1 unmitigated
06:03:09 core.sweep_detector INFO: FVGs: 11 detected, 1 unfilled
06:03:11 core.sweep_detector INFO: SweepDetector v2: 2 raw â†’ 2 confirmed (volâ‰Ą2.5Ă— bodyâ‰Ą30%)
06:03:11 core.sweep_detector INFO: OrderBlocks: 5 detected, 1 unmitigated
06:03:11 core.sweep_detector INFO: FVGs: 4 detected, 2 unfilled
06:03:13 core.sweep_detector INFO: SweepDetector v2: 0 raw â†’ 0 confirmed (volâ‰Ą2.5Ă— bodyâ‰Ą30%)
06:03:13 core.sweep_detector INFO: OrderBlocks: 7 detected, 2 unmitigated
06:03:13 core.sweep_detector INFO: FVGs: 12 detected, 5 unfilled
06:03:15 core.sweep_detector INFO: SweepDetector v2: 1 raw â†’ 1 confirmed (volâ‰Ą2.5Ă— bodyâ‰Ą30%)
06:03:15 core.sweep_detector INFO: OrderBlocks: 2 detected, 0 unmitigated
06:03:15 core.sweep_detector INFO: FVGs: 13 detected, 2 unfilled
06:03:17 core.sweep_detector INFO: SweepDetector v2: 0 raw â†’ 0 confirmed (volâ‰Ą2.5Ă— bodyâ‰Ą30%)
06:03:17 core.sweep_detector INFO: OrderBlocks: 2 detected, 0 unmitigated
06:03:17 core.sweep_detector INFO: FVGs: 11 detected, 2 unfilled
06:03:19 core.sweep_detector INFO: SweepDetector v2: 3 raw â†’ 2 confirmed (volâ‰Ą2.5Ă— bodyâ‰Ą30%)
06:03:19 core.sweep_detector INFO: OrderBlocks: 8 detected, 3 unmitigated
06:03:19 core.sweep_detector INFO: FVGs: 9 detected, 1 unfilled
06:03:21 core.sweep_detector INFO: SweepDetector v2: 7 raw â†’ 6 confirmed (volâ‰Ą2.5Ă— bodyâ‰Ą30%)
06:03:21 core.sweep_detector INFO: OrderBlocks: 10 detected, 4 unmitigated
06:03:21 core.sweep_detector INFO: FVGs: 11 detected, 2 unfilled
06:03:23 core.sweep_detector INFO: SweepDetector v2: 5 raw â†’ 3 confirmed (volâ‰Ą2.5Ă— bodyâ‰Ą30%)
06:03:23 core.sweep_detector INFO: OrderBlocks: 6 detected, 1 unmitigated
06:03:23 core.sweep_detector INFO: FVGs: 10 detected, 6 unfilled
06:03:25 core.sweep_detector INFO: SweepDetector v2: 1 raw â†’ 1 confirmed (volâ‰Ą2.5Ă— bodyâ‰Ą30%)
06:03:25 core.sweep_detector INFO: OrderBlocks: 8 detected, 3 unmitigated
06:03:25 core.sweep_detector INFO: FVGs: 9 detected, 2 unfilled
06:03:27 core.sweep_detector INFO: SweepDetector v2: 1 raw â†’ 1 confirmed (volâ‰Ą2.5Ă— bodyâ‰Ą30%)
06:03:27 core.sweep_detector INFO: OrderBlocks: 4 detected, 1 unmitigated
06:03:27 core.sweep_detector INFO: FVGs: 10 detected, 3 unfilled
06:03:29 core.sweep_detector INFO: SweepDetector v2: 2 raw â†’ 2 confirmed (volâ‰Ą2.5Ă— bodyâ‰Ą30%)
06:03:29 core.sweep_detector INFO: OrderBlocks: 3 detected, 0 unmitigated
06:03:29 core.sweep_detector INFO: FVGs: 7 detected, 1 unfilled
06:03:31 core.sweep_detector INFO: SweepDetector v2: 2 raw â†’ 1 confirmed (volâ‰Ą2.5Ă— bodyâ‰Ą30%)
06:03:31 core.sweep_detector INFO: OrderBlocks: 8 detected, 3 unmitigated
06:03:31 core.sweep_detector INFO: FVGs: 14 detected, 3 unfilled
06:03:33 core.sweep_detector INFO: SweepDetector v2: 2 raw â†’ 2 confirmed (volâ‰Ą2.5Ă— bodyâ‰Ą30%)
06:03:33 core.sweep_detector INFO: OrderBlocks: 4 detected, 3 unmitigated
06:03:33 core.sweep_detector INFO: FVGs: 14 detected, 5 unfilled
06:03:34 core.sweep_detector INFO: SweepDetector v2: 4 raw â†’ 0 confirmed (volâ‰Ą2.5Ă— bodyâ‰Ą30%)
06:03:34 core.sweep_detector INFO: OrderBlocks: 5 detected, 4 unmitigated
06:03:34 core.sweep_detector INFO: FVGs: 14 detected, 5 unfilled
06:03:36 core.sweep_detector INFO: SweepDetector v2: 3 raw â†’ 2 confirmed (volâ‰Ą2.5Ă— bodyâ‰Ą30%)
06:03:36 core.sweep_detector INFO: OrderBlocks: 6 detected, 2 unmitigated
06:03:36 core.sweep_detector INFO: FVGs: 13 detected, 2 unfilled
06:03:38 core.sweep_detector INFO: SweepDetector v2: 2 raw â†’ 0 confirmed (volâ‰Ą2.5Ă— bodyâ‰Ą30%)
06:03:38 core.sweep_detector INFO: OrderBlocks: 6 detected, 2 unmitigated
06:03:38 core.sweep_detector INFO: FVGs: 14 detected, 3 unfilled
06:03:39 core.sweep_detector INFO: SweepDetector v2: 3 raw â†’ 0 confirmed (volâ‰Ą2.5Ă— bodyâ‰Ą30%)
06:03:39 core.sweep_detector INFO: OrderBlocks: 6 detected, 2 unmitigated
06:03:39 core.sweep_detector INFO: FVGs: 8 detected, 2 unfilled
06:03:41 core.sweep_detector INFO: SweepDetector v2: 2 raw â†’ 2 confirmed (volâ‰Ą2.5Ă— bodyâ‰Ą30%)
06:03:41 core.sweep_detector INFO: OrderBlocks: 8 detected, 1 unmitigated
06:03:41 core.sweep_detector INFO: FVGs: 8 detected, 3 unfilled
06:03:43 core.sweep_detector INFO: SweepDetector v2: 1 raw â†’ 1 confirmed (volâ‰Ą2.5Ă— bodyâ‰Ą30%)
06:03:43 core.sweep_detector INFO: OrderBlocks: 2 detected, 0 unmitigated
06:03:43 core.sweep_detector INFO: FVGs: 12 detected, 3 unfilled
06:03:45 core.sweep_detector INFO: SweepDetector v2: 3 raw â†’ 2 confirmed (volâ‰Ą2.5Ă— bodyâ‰Ą30%)
06:03:45 core.sweep_detector INFO: OrderBlocks: 3 detected, 1 unmitigated
06:03:45 core.sweep_detector INFO: FVGs: 7 detected, 0 unfilled
06:03:46 core.sweep_detector INFO: SweepDetector v2: 1 raw â†’ 1 confirmed (volâ‰Ą2.5Ă— bodyâ‰Ą30%)
06:03:46 core.sweep_detector INFO: OrderBlocks: 7 detected, 2 unmitigated
06:03:46 core.sweep_detector INFO: FVGs: 9 detected, 3 unfilled
06:03:48 core.sweep_detector INFO: SweepDetector v2: 2 raw â†’ 2 confirmed (volâ‰Ą2.5Ă— bodyâ‰Ą30%)
06:03:48 core.sweep_detector INFO: OrderBlocks: 4 detected, 2 unmitigated
06:03:48 core.sweep_detector INFO: FVGs: 12 detected, 2 unfilled
06:03:50 core.sweep_detector INFO: SweepDetector v2: 3 raw â†’ 3 confirmed (volâ‰Ą2.5Ă— bodyâ‰Ą30%)
06:03:50 core.sweep_detector INFO: OrderBlocks: 3 detected, 0 unmitigated
06:03:50 core.sweep_detector INFO: FVGs: 8 detected, 2 unfilled
06:03:51 core.sweep_detector INFO: SweepDetector v2: 2 raw â†’ 1 confirmed (volâ‰Ą2.5Ă— bodyâ‰Ą30%)
06:03:51 core.sweep_detector INFO: OrderBlocks: 2 detected, 0 unmitigated
06:03:51 core.sweep_detector INFO: FVGs: 8 detected, 0 unfilled
06:03:53 core.sweep_detector INFO: SweepDetector v2: 0 raw â†’ 0 confirmed (volâ‰Ą2.5Ă— bodyâ‰Ą30%)
06:03:53 core.sweep_detector INFO: OrderBlocks: 9 detected, 3 unmitigated
06:03:53 core.sweep_detector INFO: FVGs: 13 detected, 4 unfilled
06:03:55 core.sweep_detector INFO: SweepDetector v2: 0 raw â†’ 0 confirmed (volâ‰Ą2.5Ă— bodyâ‰Ą30%)
06:03:55 core.sweep_detector INFO: OrderBlocks: 7 detected, 2 unmitigated
06:03:55 core.sweep_detector INFO: FVGs: 10 detected, 4 unfilled
06:03:56 core.sweep_detector INFO: SweepDetector v2: 0 raw â†’ 0 confirmed (volâ‰Ą2.5Ă— bodyâ‰Ą30%)
06:03:56 core.sweep_detector INFO: OrderBlocks: 2 detected, 0 unmitigated
06:03:56 core.sweep_detector INFO: FVGs: 11 detected, 3 unfilled
06:03:58 core.sweep_detector INFO: SweepDetector v2: 0 raw â†’ 0 confirmed (volâ‰Ą2.5Ă— bodyâ‰Ą30%)
06:03:58 core.sweep_detector INFO: OrderBlocks: 2 detected, 1 unmitigated
06:03:58 core.sweep_detector INFO: FVGs: 5 detected, 3 unfilled
06:04:00 core.sweep_detector INFO: SweepDetector v2: 2 raw â†’ 2 confirmed (volâ‰Ą2.5Ă— bodyâ‰Ą30%)
06:04:00 core.sweep_detector INFO: OrderBlocks: 4 detected, 0 unmitigated
06:04:00 core.sweep_detector INFO: FVGs: 8 detected, 3 unfilled
06:04:01 core.sweep_detector INFO: SweepDetector v2: 0 raw â†’ 0 confirmed (volâ‰Ą2.5Ă— bodyâ‰Ą30%)
06:04:01 core.sweep_detector INFO: OrderBlocks: 7 detected, 4 unmitigated
06:04:01 core.sweep_detector INFO: FVGs: 13 detected, 7 unfilled
06:04:03 core.sweep_detector INFO: SweepDetector v2: 1 raw â†’ 1 confirmed (volâ‰Ą2.5Ă— bodyâ‰Ą30%)
06:04:03 core.sweep_detector INFO: OrderBlocks: 4 detected, 0 unmitigated
06:04:03 core.sweep_detector INFO: FVGs: 12 detected, 3 unfilled
06:04:05 core.sweep_detector INFO: SweepDetector v2: 0 raw â†’ 0 confirmed (volâ‰Ą2.5Ă— bodyâ‰Ą30%)
06:04:05 core.sweep_detector INFO: OrderBlocks: 6 detected, 3 unmitigated
06:04:05 core.sweep_detector INFO: FVGs: 12 detected, 6 unfilled
06:04:06 core.sweep_detector INFO: SweepDetector v2: 1 raw â†’ 0 confirmed (volâ‰Ą2.5Ă— bodyâ‰Ą30%)
06:04:06 core.sweep_detector INFO: OrderBlocks: 10 detected, 5 unmitigated
06:04:06 core.sweep_detector INFO: FVGs: 9 detected, 2 unfilled
06:04:08 core.sweep_detector INFO: SweepDetector v2: 2 raw â†’ 1 confirmed (volâ‰Ą2.5Ă— bodyâ‰Ą30%)
06:04:08 core.sweep_detector INFO: OrderBlocks: 3 detected, 2 unmitigated
06:04:08 core.sweep_detector INFO: FVGs: 9 detected, 4 unfilled
06:04:10 core.sweep_detector INFO: SweepDetector v2: 0 raw â†’ 0 confirmed (volâ‰Ą2.5Ă— bodyâ‰Ą30%)
06:04:10 core.sweep_detector INFO: OrderBlocks: 3 detected, 2 unmitigated
06:04:10 core.sweep_detector INFO: FVGs: 10 detected, 4 unfilled
06:04:12 core.sweep_detector INFO: SweepDetector v2: 1 raw â†’ 1 confirmed (volâ‰Ą2.5Ă— bodyâ‰Ą30%)
06:04:12 core.sweep_detector INFO: OrderBlocks: 5 detected, 3 unmitigated
06:04:12 core.sweep_detector INFO: FVGs: 11 detected, 4 unfilled
06:04:14 core.sweep_detector INFO: SweepDetector v2: 2 raw â†’ 1 confirmed (volâ‰Ą2.5Ă— bodyâ‰Ą30%)
06:04:14 core.sweep_detector INFO: OrderBlocks: 7 detected, 2 unmitigated
06:04:14 core.sweep_detector INFO: FVGs: 8 detected, 2 unfilled
06:04:16 core.sweep_detector INFO: SweepDetector v2: 1 raw â†’ 1 confirmed (volâ‰Ą2.5Ă— bodyâ‰Ą30%)
06:04:16 core.sweep_detector INFO: OrderBlocks: 0 detected, 0 unmitigated
06:04:16 core.sweep_detector INFO: FVGs: 3 detected, 1 unfilled
06:04:17 core.sweep_detector INFO: SweepDetector v2: 0 raw â†’ 0 confirmed (volâ‰Ą2.5Ă— bodyâ‰Ą30%)
06:04:17 core.sweep_detector INFO: OrderBlocks: 5 detected, 2 unmitigated
06:04:17 core.sweep_detector INFO: FVGs: 3 detected, 2 unfilled
06:04:19 core.sweep_detector INFO: SweepDetector v2: 2 raw â†’ 2 confirmed (volâ‰Ą2.5Ă— bodyâ‰Ą30%)
06:04:19 core.sweep_detector INFO: OrderBlocks: 8 detected, 1 unmitigated
06:04:19 core.sweep_detector INFO: FVGs: 9 detected, 0 unfilled
06:04:21 core.sweep_detector INFO: SweepDetector v2: 1 raw â†’ 1 confirmed (volâ‰Ą2.5Ă— bodyâ‰Ą30%)
06:04:21 core.sweep_detector INFO: OrderBlocks: 5 detected, 1 unmitigated
06:04:21 core.sweep_detector INFO: FVGs: 3 detected, 1 unfilled
06:04:23 core.sweep_detector INFO: SweepDetector v2: 1 raw â†’ 1 confirmed (volâ‰Ą2.5Ă— bodyâ‰Ą30%)
06:04:23 core.sweep_detector INFO: OrderBlocks: 9 detected, 0 unmitigated
06:04:23 core.sweep_detector INFO: FVGs: 7 detected, 2 unfilled
06:04:24 core.sweep_detector INFO: SweepDetector v2: 2 raw â†’ 2 confirmed (volâ‰Ą2.5Ă— bodyâ‰Ą30%)
06:04:24 core.sweep_detector INFO: OrderBlocks: 6 detected, 2 unmitigated
06:04:24 core.sweep_detector INFO: FVGs: 10 detected, 2 unfilled
06:04:26 core.sweep_detector INFO: SweepDetector v2: 2 raw â†’ 1 confirmed (volâ‰Ą2.5Ă— bodyâ‰Ą30%)
06:04:26 core.sweep_detector INFO: OrderBlocks: 5 detected, 2 unmitigated
06:04:26 core.sweep_detector INFO: FVGs: 6 detected, 3 unfilled
06:04:28 core.sweep_detector INFO: SweepDetector v2: 0 raw â†’ 0 confirmed (volâ‰Ą2.5Ă— bodyâ‰Ą30%)
06:04:28 core.sweep_detector INFO: OrderBlocks: 5 detected, 3 unmitigated
06:04:28 core.sweep_detector INFO: FVGs: 16 detected, 3 unfilled
06:04:29 core.sweep_detector INFO: SweepDetector v2: 1 raw â†’ 1 confirmed (volâ‰Ą2.5Ă— bodyâ‰Ą30%)
06:04:29 core.sweep_detector INFO: OrderBlocks: 6 detected, 1 unmitigated
06:04:29 core.sweep_detector INFO: FVGs: 12 detected, 4 unfilled
06:04:31 core.sweep_detector INFO: SweepDetector v2: 1 raw â†’ 1 confirmed (volâ‰Ą2.5Ă— bodyâ‰Ą30%)
06:04:31 core.sweep_detector INFO: OrderBlocks: 3 detected, 0 unmitigated
06:04:31 core.sweep_detector INFO: FVGs: 12 detected, 4 unfilled
06:04:32 core.sweep_detector INFO: SweepDetector v2: 2 raw â†’ 1 confirmed (volâ‰Ą2.5Ă— bodyâ‰Ą30%)
06:04:32 core.sweep_detector INFO: OrderBlocks: 10 detected, 4 unmitigated
06:04:32 core.sweep_detector INFO: FVGs: 12 detected, 1 unfilled
06:04:34 core.sweep_detector INFO: SweepDetector v2: 3 raw â†’ 1 confirmed (volâ‰Ą2.5Ă— bodyâ‰Ą30%)
06:04:34 core.sweep_detector INFO: OrderBlocks: 0 detected, 0 unmitigated
06:04:34 core.sweep_detector INFO: FVGs: 9 detected, 3 unfilled
06:04:36 core.sweep_detector INFO: SweepDetector v2: 4 raw â†’ 4 confirmed (volâ‰Ą2.5Ă— bodyâ‰Ą30%)
06:04:36 core.sweep_detector INFO: OrderBlocks: 3 detected, 0 unmitigated
06:04:36 core.sweep_detector INFO: FVGs: 4 detected, 0 unfilled
06:04:38 core.sweep_detector INFO: SweepDetector v2: 2 raw â†’ 2 confirmed (volâ‰Ą2.5Ă— bodyâ‰Ą30%)
06:04:38 core.sweep_detector INFO: OrderBlocks: 14 detected, 0 unmitigated
06:04:38 core.sweep_detector INFO: FVGs: 15 detected, 1 unfilled
06:04:39 core.sweep_detector INFO: SweepDetector v2: 3 raw â†’ 3 confirmed (volâ‰Ą2.5Ă— bodyâ‰Ą30%)
06:04:39 core.sweep_detector INFO: OrderBlocks: 7 detected, 2 unmitigated
06:04:39 core.sweep_detector INFO: FVGs: 11 detected, 4 unfilled
06:04:41 core.sweep_detector INFO: SweepDetector v2: 1 raw â†’ 1 confirmed (volâ‰Ą2.5Ă— bodyâ‰Ą30%)
06:04:41 core.sweep_detector INFO: OrderBlocks: 8 detected, 2 unmitigated
06:04:41 core.sweep_detector INFO: FVGs: 10 detected, 2 unfilled
06:04:43 core.sweep_detector INFO: SweepDetector v2: 6 raw â†’ 3 confirmed (volâ‰Ą2.5Ă— bodyâ‰Ą30%)
06:04:43 core.sweep_detector INFO: OrderBlocks: 7 detected, 5 unmitigated
06:04:43 core.sweep_detector INFO: FVGs: 12 detected, 6 unfilled
06:04:44 core.sweep_detector INFO: SweepDetector v2: 5 raw â†’ 4 confirmed (volâ‰Ą2.5Ă— bodyâ‰Ą30%)
06:04:44 core.sweep_detector INFO: OrderBlocks: 6 detected, 3 unmitigated
06:04:44 core.sweep_detector INFO: FVGs: 9 detected, 3 unfilled
06:04:46 core.sweep_detector INFO: SweepDetector v2: 2 raw â†’ 1 confirmed (volâ‰Ą2.5Ă— bodyâ‰Ą30%)
06:04:46 core.sweep_detector INFO: OrderBlocks: 4 detected, 2 unmitigated
06:04:46 core.sweep_detector INFO: FVGs: 9 detected, 2 unfilled
06:04:48 core.sweep_detector INFO: SweepDetector v2: 1 raw â†’ 1 confirmed (volâ‰Ą2.5Ă— bodyâ‰Ą30%)
06:04:48 core.sweep_detector INFO: OrderBlocks: 4 detected, 1 unmitigated
06:04:48 core.sweep_detector INFO: FVGs: 8 detected, 3 unfilled
06:04:49 core.sweep_detector INFO: SweepDetector v2: 3 raw â†’ 3 confirmed (volâ‰Ą2.5Ă— bodyâ‰Ą30%)
06:04:49 core.sweep_detector INFO: OrderBlocks: 9 detected, 3 unmitigated
06:04:49 core.sweep_detector INFO: FVGs: 9 detected, 2 unfilled
06:04:51 core.sweep_detector INFO: SweepDetector v2: 3 raw â†’ 3 confirmed (volâ‰Ą2.5Ă— bodyâ‰Ą30%)
06:04:51 core.sweep_detector INFO: OrderBlocks: 5 detected, 1 unmitigated
06:04:51 core.sweep_detector INFO: FVGs: 6 detected, 2 unfilled
06:04:53 core.sweep_detector INFO: SweepDetector v2: 1 raw â†’ 1 confirmed (volâ‰Ą2.5Ă— bodyâ‰Ą30%)
06:04:53 core.sweep_detector INFO: OrderBlocks: 5 detected, 2 unmitigated
06:04:53 core.sweep_detector INFO: FVGs: 13 detected, 6 unfilled
06:04:54 core.sweep_detector INFO: SweepDetector v2: 1 raw â†’ 0 confirmed (volâ‰Ą2.5Ă— bodyâ‰Ą30%)
06:04:54 core.sweep_detector INFO: OrderBlocks: 6 detected, 1 unmitigated
06:04:54 core.sweep_detector INFO: FVGs: 9 detected, 4 unfilled
06:04:56 core.sweep_detector INFO: SweepDetector v2: 1 raw â†’ 1 confirmed (volâ‰Ą2.5Ă— bodyâ‰Ą30%)
06:04:56 core.sweep_detector INFO: OrderBlocks: 6 detected, 2 unmitigated
06:04:56 core.sweep_detector INFO: FVGs: 12 detected, 2 unfilled
06:04:58 core.sweep_detector INFO: SweepDetector v2: 3 raw â†’ 2 confirmed (volâ‰Ą2.5Ă— bodyâ‰Ą30%)
06:04:58 core.sweep_detector INFO: OrderBlocks: 4 detected, 0 unmitigated
06:04:58 core.sweep_detector INFO: FVGs: 7 detected, 1 unfilled
06:05:00 core.sweep_detector INFO: SweepDetector v2: 2 raw â†’ 2 confirmed (volâ‰Ą2.5Ă— bodyâ‰Ą30%)
06:05:00 core.sweep_detector INFO: OrderBlocks: 8 detected, 2 unmitigated
06:05:00 core.sweep_detector INFO: FVGs: 10 detected, 2 unfilled
06:05:02 core.sweep_detector INFO: SweepDetector v2: 1 raw â†’ 1 confirmed (volâ‰Ą2.5Ă— bodyâ‰Ą30%)
06:05:02 core.sweep_detector INFO: OrderBlocks: 8 detected, 2 unmitigated
06:05:02 core.sweep_detector INFO: FVGs: 4 detected, 1 unfilled
06:05:03 core.sweep_detector INFO: SweepDetector v2: 0 raw â†’ 0 confirmed (volâ‰Ą2.5Ă— bodyâ‰Ą30%)
06:05:03 core.sweep_detector INFO: OrderBlocks: 7 detected, 3 unmitigated
06:05:03 core.sweep_detector INFO: FVGs: 10 detected, 3 unfilled
06:05:05 core.sweep_detector INFO: SweepDetector v2: 4 raw â†’ 3 confirmed (volâ‰Ą2.5Ă— bodyâ‰Ą30%)
06:05:05 core.sweep_detector INFO: OrderBlocks: 6 detected, 1 unmitigated
06:05:05 core.sweep_detector INFO: FVGs: 12 detected, 2 unfilled
06:05:06 core.sweep_detector INFO: SweepDetector v2: 3 raw â†’ 3 confirmed (volâ‰Ą2.5Ă— bodyâ‰Ą30%)
06:05:06 core.sweep_detector INFO: OrderBlocks: 4 detected, 1 unmitigated
06:05:06 core.sweep_detector INFO: FVGs: 6 detected, 1 unfilled
06:05:08 core.sweep_detector INFO: SweepDetector v2: 1 raw â†’ 1 confirmed (volâ‰Ą2.5Ă— bodyâ‰Ą30%)
06:05:08 core.sweep_detector INFO: OrderBlocks: 5 detected, 1 unmitigated
06:05:08 core.sweep_detector INFO: FVGs: 5 detected, 1 unfilled
06:05:08 core.trade_executor INFO: [Executor] Placing entry+SL atomically: short PEPE/USDT qty=59108.641 sl=3.41e-06 tp=3.17e-06
06:05:08 core.binance_connector INFO: [Connector] PEPE/USDT â†’ 1000PEPE/USDT:USDT (mult=1000) qty=59108.0 sl=0.00341 tp=0.00317
06:05:08 core.binance_connector WARNING: [Batch] batchOrders partial failure: entry=? sl=ReduceOnly Order is rejected.
06:05:08 core.binance_connector WARNING: [Entry+SL] batchOrders failed, placing sequentially
06:05:09 core.binance_connector INFO: Market order: sell 59108.0 1000PEPE/USDT:USDT â†’ 57897143270
06:05:09 core.binance_connector INFO: set_sl_tp complete for PEPE/USDT: {'sl_price': 0.0, 'tp_price': 0.0}
06:05:09 core.trade_executor INFO: [Executor] Entry+SL result: fill=0.0033792 sl_order=price_watch method=sequential_fallback
06:05:09 core.position_monitor INFO: [PositionMonitor] Started (account=2, interval=10s)
06:05:09 __main__ INFO: Triggered pending #77: binance:PEPE/USDT short @ 3.38e-06 (entry was 3.38e-06) trade_id=19 mode=live
06:05:09 core.binance_connector INFO: get_positions: 2 active positions
06:05:09 core.position_monitor INFO: [Monitor] Position 19 PEPE/USDT not on Binance â†’ closing DB: exit=3.38e-06 reason=closed_on_exchange
06:05:09 core.position_monitor INFO: [Monitor] Trade 19 PEPE/USDT closed exit=3.38e-06 pnl=$19.94 status=closed_on_exchange exchange_close=ok
06:05:09 core.binance_connector INFO: set_sl_tp complete for PEPE/USDT:USDT: {'sl_price': 0.0, 'tp_price': 0.0}
06:05:09 core.position_monitor INFO: [Monitor] Bracket placed trade 19: SL=0.0 TP=0.0
06:05:10 core.sweep_detector INFO: SweepDetector v2: 3 raw â†’ 3 confirmed (volâ‰Ą2.5Ă— bodyâ‰Ą30%)
06:05:10 core.sweep_detector INFO: OrderBlocks: 4 detected, 0 unmitigated
06:05:10 core.sweep_detector INFO: FVGs: 4 detected, 0 unfilled
06:05:12 core.sweep_detector INFO: SweepDetector v2: 2 raw â†’ 2 confirmed (volâ‰Ą2.5Ă— bodyâ‰Ą30%)
06:05:12 core.sweep_detector INFO: OrderBlocks: 1 detected, 0 unmitigated
06:05:12 core.sweep_detector INFO: FVGs: 2 detected, 0 unfilled
06:05:13 core.sweep_detector INFO: SweepDetector v2: 4 raw â†’ 2 confirmed (volâ‰Ą2.5Ă— bodyâ‰Ą30%)
06:05:13 core.sweep_detector INFO: OrderBlocks: 3 detected, 1 unmitigated
06:05:13 core.sweep_detector INFO: FVGs: 9 detected, 2 unfilled
06:05:16 core.sweep_detector INFO: SweepDetector v2: 4 raw â†’ 2 confirmed (volâ‰Ą2.5Ă— bodyâ‰Ą30%)
06:05:16 core.sweep_detector INFO: OrderBlocks: 7 detected, 1 unmitigated
06:05:16 core.sweep_detector INFO: FVGs: 12 detected, 3 unfilled
06:05:17 core.sweep_detector INFO: SweepDetector v2: 2 raw â†’ 2 confirmed (volâ‰Ą2.5Ă— bodyâ‰Ą30%)
06:05:17 core.sweep_detector INFO: OrderBlocks: 5 detected, 1 unmitigated
06:05:17 core.sweep_detector INFO: FVGs: 14 detected, 3 unfilled
06:05:19 core.sweep_detector INFO: SweepDetector v2: 2 raw â†’ 2 confirmed (volâ‰Ą2.5Ă— bodyâ‰Ą30%)
06:05:19 core.sweep_detector INFO: OrderBlocks: 10 detected, 2 unmitigated
06:05:19 core.sweep_detector INFO: FVGs: 12 detected, 3 unfilled
06:05:21 core.sweep_detector INFO: SweepDetector v2: 4 raw â†’ 3 confirmed (volâ‰Ą2.5Ă— bodyâ‰Ą30%)
06:05:21 core.sweep_detector INFO: OrderBlocks: 7 detected, 3 unmitigated
06:05:21 core.sweep_detector INFO: FVGs: 14 detected, 4 unfilled
06:05:22 core.sweep_detector INFO: SweepDetector v2: 2 raw â†’ 1 confirmed (volâ‰Ą2.5Ă— bodyâ‰Ą30%)
06:05:22 core.sweep_detector INFO: OrderBlocks: 3 detected, 0 unmitigated
06:05:22 core.sweep_detector INFO: FVGs: 7 detected, 2 unfilled
06:05:24 core.sweep_detector INFO: SweepDetector v2: 1 raw â†’ 0 confirmed (volâ‰Ą2.5Ă— bodyâ‰Ą30%)
06:05:24 core.sweep_detector INFO: OrderBlocks: 4 detected, 1 unmitigated
06:05:24 core.sweep_detector INFO: FVGs: 5 detected, 2 unfilled
06:05:26 core.sweep_detector INFO: SweepDetector v2: 4 raw â†’ 4 confirmed (volâ‰Ą2.5Ă— bodyâ‰Ą30%)
06:05:26 core.sweep_detector INFO: OrderBlocks: 5 detected, 1 unmitigated
06:05:26 core.sweep_detector INFO: FVGs: 9 detected, 2 unfilled
06:05:28 core.sweep_detector INFO: SweepDetector v2: 1 raw â†’ 1 confirmed (volâ‰Ą2.5Ă— bodyâ‰Ą30%)
06:05:28 core.sweep_detector INFO: OrderBlocks: 4 detected, 1 unmitigated
06:05:28 core.sweep_detector INFO: FVGs: 11 detected, 2 unfilled
06:05:30 core.sweep_detector INFO: SweepDetector v2: 2 raw â†’ 2 confirmed (volâ‰Ą2.5Ă— bodyâ‰Ą30%)
06:05:30 core.sweep_detector INFO: OrderBlocks: 8 detected, 2 unmitigated
06:05:30 core.sweep_detector INFO: FVGs: 9 detected, 1 unfilled
06:05:32 core.sweep_detector INFO: SweepDetector v2: 2 raw â†’ 1 confirmed (volâ‰Ą2.5Ă— bodyâ‰Ą30%)
06:05:32 core.sweep_detector INFO: OrderBlocks: 4 detected, 1 unmitigated
06:05:32 core.sweep_detector INFO: FVGs: 8 detected, 3 unfilled
06:05:34 core.sweep_detector INFO: SweepDetector v2: 1 raw â†’ 1 confirmed (volâ‰Ą2.5Ă— bodyâ‰Ą30%)
06:05:34 core.sweep_detector INFO: OrderBlocks: 3 detected, 1 unmitigated
06:05:34 core.sweep_detector INFO: FVGs: 9 detected, 0 unfilled
06:05:36 core.sweep_detector INFO: SweepDetector v2: 0 raw â†’ 0 confirmed (volâ‰Ą2.5Ă— bodyâ‰Ą30%)
06:05:36 core.sweep_detector INFO: OrderBlocks: 1 detected, 0 unmitigated
06:05:36 core.sweep_detector INFO: FVGs: 0 detected, 0 unfilled
06:05:37 core.sweep_detector INFO: SweepDetector v2: 0 raw â†’ 0 confirmed (volâ‰Ą2.5Ă— bodyâ‰Ą30%)
06:05:37 core.sweep_detector INFO: OrderBlocks: 0 detected, 0 unmitigated
06:05:37 core.sweep_detector INFO: FVGs: 0 detected, 0 unfilled
06:05:39 core.sweep_detector INFO: SweepDetector v2: 0 raw â†’ 0 confirmed (volâ‰Ą2.5Ă— bodyâ‰Ą30%)
06:05:39 core.sweep_detector INFO: OrderBlocks: 0 detected, 0 unmitigated
06:05:39 core.sweep_detector INFO: FVGs: 0 detected, 0 unfilled
06:05:41 core.sweep_detector INFO: SweepDetector v2: 2 raw â†’ 2 confirmed (volâ‰Ą2.5Ă— bodyâ‰Ą30%)
06:05:41 core.sweep_detector INFO: OrderBlocks: 5 detected, 2 unmitigated
06:05:41 core.sweep_detector INFO: FVGs: 5 detected, 1 unfilled
06:05:43 core.sweep_detector INFO: SweepDetector v2: 2 raw â†’ 2 confirmed (volâ‰Ą2.5Ă— bodyâ‰Ą30%)
06:05:43 core.sweep_detector INFO: OrderBlocks: 3 detected, 0 unmitigated
06:05:43 core.sweep_detector INFO: FVGs: 6 detected, 2 unfilled
06:05:44 core.sweep_detector INFO: SweepDetector v2: 2 raw â†’ 2 confirmed (volâ‰Ą2.5Ă— bodyâ‰Ą30%)
06:05:44 core.sweep_detector INFO: OrderBlocks: 3 detected, 0 unmitigated
06:05:44 core.sweep_detector INFO: FVGs: 6 detected, 0 unfilled
06:05:46 core.sweep_detector INFO: SweepDetector v2: 0 raw â†’ 0 confirmed (volâ‰Ą2.5Ă— bodyâ‰Ą30%)
06:05:46 core.sweep_detector INFO: OrderBlocks: 3 detected, 2 unmitigated
06:05:46 core.sweep_detector INFO: FVGs: 12 detected, 7 unfilled
06:05:48 core.sweep_detector INFO: SweepDetector v2: 0 raw â†’ 0 confirmed (volâ‰Ą2.5Ă— bodyâ‰Ą30%)
06:05:48 core.sweep_detector INFO: OrderBlocks: 2 detected, 0 unmitigated
06:05:48 core.sweep_detector INFO: FVGs: 9 detected, 0 unfilled
06:05:49 core.sweep_detector INFO: SweepDetector v2: 2 raw â†’ 2 confirmed (volâ‰Ą2.5Ă— bodyâ‰Ą30%)
06:05:49 core.sweep_detector INFO: OrderBlocks: 3 detected, 0 unmitigated
06:05:49 core.sweep_detector INFO: FVGs: 9 detected, 1 unfilled
06:05:51 core.sweep_detector INFO: SweepDetector v2: 5 raw â†’ 3 confirmed (volâ‰Ą2.5Ă— bodyâ‰Ą30%)
06:05:51 core.sweep_detector INFO: OrderBlocks: 5 detected, 2 unmitigated
06:05:51 core.sweep_detector INFO: FVGs: 9 detected, 3 unfilled
06:05:53 core.sweep_detector INFO: SweepDetector v2: 2 raw â†’ 2 confirmed (volâ‰Ą2.5Ă— bodyâ‰Ą30%)
06:05:53 core.sweep_detector INFO: OrderBlocks: 3 detected, 2 unmitigated
06:05:53 core.sweep_detector INFO: FVGs: 7 detected, 2 unfilled
06:05:54 core.sweep_detector INFO: SweepDetector v2: 4 raw â†’ 4 confirmed (volâ‰Ą2.5Ă— bodyâ‰Ą30%)
06:05:54 core.sweep_detector INFO: OrderBlocks: 4 detected, 1 unmitigated
06:05:54 core.sweep_detector INFO: FVGs: 7 detected, 1 unfilled
06:05:56 core.sweep_detector INFO: SweepDetector v2: 0 raw â†’ 0 confirmed (volâ‰Ą2.5Ă— bodyâ‰Ą30%)
06:05:56 core.sweep_detector INFO: OrderBlocks: 7 detected, 3 unmitigated
06:05:56 core.sweep_detector INFO: FVGs: 8 detected, 1 unfilled
06:05:58 core.sweep_detector INFO: SweepDetector v2: 3 raw â†’ 3 confirmed (volâ‰Ą2.5Ă— bodyâ‰Ą30%)
06:05:58 core.sweep_detector INFO: OrderBlocks: 3 detected, 3 unmitigated
06:05:58 core.sweep_detector INFO: FVGs: 9 detected, 4 unfilled
06:06:00 core.sweep_detector INFO: SweepDetector v2: 2 raw â†’ 1 confirmed (volâ‰Ą2.5Ă— bodyâ‰Ą30%)
06:06:00 core.sweep_detector INFO: OrderBlocks: 2 detected, 1 unmitigated
06:06:00 core.sweep_detector INFO: FVGs: 5 detected, 1 unfilled
06:06:02 core.sweep_detector INFO: SweepDetector v2: 1 raw â†’ 1 confirmed (volâ‰Ą2.5Ă— bodyâ‰Ą30%)
06:06:02 core.sweep_detector INFO: OrderBlocks: 4 detected, 2 unmitigated
06:06:02 core.sweep_detector INFO: FVGs: 11 detected, 8 unfilled
06:06:03 core.sweep_detector INFO: SweepDetector v2: 1 raw â†’ 1 confirmed (volâ‰Ą2.5Ă— bodyâ‰Ą30%)
06:06:03 core.sweep_detector INFO: OrderBlocks: 3 detected, 2 unmitigated
06:06:03 core.sweep_detector INFO: FVGs: 2 detected, 1 unfilled
06:06:06 core.sweep_detector INFO: SweepDetector v2: 2 raw â†’ 2 confirmed (volâ‰Ą2.5Ă— bodyâ‰Ą30%)
06:06:06 core.sweep_detector INFO: OrderBlocks: 8 detected, 0 unmitigated
06:06:06 core.sweep_detector INFO: FVGs: 9 detected, 0 unfilled
06:06:07 core.sweep_detector INFO: SweepDetector v2: 2 raw â†’ 2 confirmed (volâ‰Ą2.5Ă— bodyâ‰Ą30%)
06:06:07 core.sweep_detector INFO: OrderBlocks: 7 detected, 3 unmitigated
06:06:07 core.sweep_detector INFO: FVGs: 8 detected, 1 unfilled
06:06:09 core.sweep_detector INFO: SweepDetector v2: 3 raw â†’ 0 confirmed (volâ‰Ą2.5Ă— bodyâ‰Ą30%)
06:06:09 core.sweep_detector INFO: OrderBlocks: 8 detected, 3 unmitigated
06:06:09 core.sweep_detector INFO: FVGs: 9 detected, 4 unfilled
06:06:11 core.sweep_detector INFO: SweepDetector v2: 1 raw â†’ 0 confirmed (volâ‰Ą2.5Ă— bodyâ‰Ą30%)
06:06:11 core.sweep_detector INFO: OrderBlocks: 8 detected, 3 unmitigated
06:06:11 core.sweep_detector INFO: FVGs: 10 detected, 3 unfilled
06:06:13 core.sweep_detector INFO: SweepDetector v2: 1 raw â†’ 0 confirmed (volâ‰Ą2.5Ă— bodyâ‰Ą30%)
06:06:13 core.sweep_detector INFO: OrderBlocks: 8 detected, 1 unmitigated
06:06:13 core.sweep_detector INFO: FVGs: 8 detected, 3 unfilled
06:06:14 core.sweep_detector INFO: SweepDetector v2: 4 raw â†’ 1 confirmed (volâ‰Ą2.5Ă— bodyâ‰Ą30%)
06:06:14 core.sweep_detector INFO: OrderBlocks: 5 detected, 1 unmitigated
06:06:14 core.sweep_detector INFO: FVGs: 6 detected, 1 unfilled
06:06:16 core.sweep_detector INFO: SweepDetector v2: 2 raw â†’ 2 confirmed (volâ‰Ą2.5Ă— bodyâ‰Ą30%)
06:06:16 core.sweep_detector INFO: OrderBlocks: 6 detected, 1 unmitigated
06:06:16 core.sweep_detector INFO: FVGs: 6 detected, 1 unfilled
06:06:17 core.sweep_detector INFO: SweepDetector v2: 2 raw â†’ 0 confirmed (volâ‰Ą2.5Ă— bodyâ‰Ą30%)
06:06:17 core.sweep_detector INFO: OrderBlocks: 6 detected, 2 unmitigated
06:06:17 core.sweep_detector INFO: FVGs: 12 detected, 5 unfilled
06:06:19 core.sweep_detector INFO: SweepDetector v2: 4 raw â†’ 3 confirmed (volâ‰Ą2.5Ă— bodyâ‰Ą30%)
06:06:19 core.sweep_detector INFO: OrderBlocks: 2 detected, 2 unmitigated
06:06:19 core.sweep_detector INFO: FVGs: 3 detected, 1 unfilled
06:06:21 core.sweep_detector INFO: SweepDetector v2: 1 raw â†’ 1 confirmed (volâ‰Ą2.5Ă— bodyâ‰Ą30%)
06:06:21 core.sweep_detector INFO: OrderBlocks: 2 detected, 1 unmitigated
06:06:21 core.sweep_detector INFO: FVGs: 7 detected, 1 unfilled
06:06:23 core.sweep_detector INFO: SweepDetector v2: 7 raw â†’ 5 confirmed (volâ‰Ą2.5Ă— bodyâ‰Ą30%)
06:06:23 core.sweep_detector INFO: OrderBlocks: 5 detected, 5 unmitigated
06:06:23 core.sweep_detector INFO: FVGs: 13 detected, 9 unfilled
06:06:24 core.sweep_detector INFO: SweepDetector v2: 2 raw â†’ 1 confirmed (volâ‰Ą2.5Ă— bodyâ‰Ą30%)
06:06:24 core.sweep_detector INFO: OrderBlocks: 2 detected, 2 unmitigated
06:06:24 core.sweep_detector INFO: FVGs: 7 detected, 1 unfilled
06:06:26 core.sweep_detector INFO: SweepDetector v2: 4 raw â†’ 4 confirmed (volâ‰Ą2.5Ă— bodyâ‰Ą30%)
06:06:26 core.sweep_detector INFO: OrderBlocks: 5 detected, 2 unmitigated
06:06:26 core.sweep_detector INFO: FVGs: 8 detected, 5 unfilled
06:06:28 core.sweep_detector INFO: SweepDetector v2: 0 raw â†’ 0 confirmed (volâ‰Ą2.5Ă— bodyâ‰Ą30%)
06:06:28 core.sweep_detector INFO: OrderBlocks: 8 detected, 4 unmitigated
06:06:28 core.sweep_detector INFO: FVGs: 13 detected, 4 unfilled
06:06:30 core.sweep_detector INFO: SweepDetector v2: 3 raw â†’ 2 confirmed (volâ‰Ą2.5Ă— bodyâ‰Ą30%)
06:06:30 core.sweep_detector INFO: OrderBlocks: 5 detected, 2 unmitigated
06:06:30 core.sweep_detector INFO: FVGs: 10 detected, 1 unfilled
06:06:32 core.sweep_detector INFO: SweepDetector v2: 3 raw â†’ 2 confirmed (volâ‰Ą2.5Ă— bodyâ‰Ą30%)
06:06:32 core.sweep_detector INFO: OrderBlocks: 4 detected, 1 unmitigated
06:06:32 core.sweep_detector INFO: FVGs: 7 detected, 1 unfilled
06:06:33 core.sweep_detector INFO: SweepDetector v2: 3 raw â†’ 3 confirmed (volâ‰Ą2.5Ă— bodyâ‰Ą30%)
06:06:33 core.sweep_detector INFO: OrderBlocks: 2 detected, 0 unmitigated
06:06:33 core.sweep_detector INFO: FVGs: 5 detected, 1 unfilled
06:06:35 core.sweep_detector INFO: SweepDetector v2: 3 raw â†’ 2 confirmed (volâ‰Ą2.5Ă— bodyâ‰Ą30%)
06:06:35 core.sweep_detector INFO: OrderBlocks: 5 detected, 2 unmitigated
06:06:35 core.sweep_detector INFO: FVGs: 11 detected, 3 unfilled
06:06:37 core.sweep_detector INFO: SweepDetector v2: 1 raw â†’ 1 confirmed (volâ‰Ą2.5Ă— bodyâ‰Ą30%)
06:06:37 core.sweep_detector INFO: OrderBlocks: 7 detected, 1 unmitigated
06:06:37 core.sweep_detector INFO: FVGs: 8 detected, 0 unfilled
06:06:39 core.sweep_detector INFO: SweepDetector v2: 3 raw â†’ 2 confirmed (volâ‰Ą2.5Ă— bodyâ‰Ą30%)
06:06:39 core.sweep_detector INFO: OrderBlocks: 3 detected, 3 unmitigated
06:06:39 core.sweep_detector INFO: FVGs: 13 detected, 8 unfilled
06:06:41 core.sweep_detector INFO: SweepDetector v2: 2 raw â†’ 2 confirmed (volâ‰Ą2.5Ă— bodyâ‰Ą30%)
06:06:41 core.sweep_detector INFO: OrderBlocks: 4 detected, 1 unmitigated
06:06:41 core.sweep_detector INFO: FVGs: 6 detected, 3 unfilled
06:06:43 core.sweep_detector INFO: SweepDetector v2: 2 raw â†’ 1 confirmed (volâ‰Ą2.5Ă— bodyâ‰Ą30%)
06:06:43 core.sweep_detector INFO: OrderBlocks: 4 detected, 2 unmitigated
06:06:43 core.sweep_detector INFO: FVGs: 5 detected, 2 unfilled
06:06:46 core.sweep_detector INFO: SweepDetector v2: 1 raw â†’ 0 confirmed (volâ‰Ą2.5Ă— bodyâ‰Ą30%)
06:06:46 core.sweep_detector INFO: OrderBlocks: 4 detected, 0 unmitigated
06:06:46 core.sweep_detector INFO: FVGs: 15 detected, 5 unfilled
06:06:47 core.sweep_detector INFO: SweepDetector v2: 0 raw â†’ 0 confirmed (volâ‰Ą2.5Ă— bodyâ‰Ą30%)
06:06:48 core.sweep_detector INFO: OrderBlocks: 7 detected, 1 unmitigated
06:06:48 core.sweep_detector INFO: FVGs: 5 detected, 1 unfilled
06:06:50 core.sweep_detector INFO: SweepDetector v2: 2 raw â†’ 2 confirmed (volâ‰Ą2.5Ă— bodyâ‰Ą30%)
06:06:50 core.sweep_detector INFO: OrderBlocks: 7 detected, 4 unmitigated
06:06:50 core.sweep_detector INFO: FVGs: 5 detected, 2 unfilled
06:06:52 core.sweep_detector INFO: SweepDetector v2: 2 raw â†’ 1 confirmed (volâ‰Ą2.5Ă— bodyâ‰Ą30%)
06:06:52 core.sweep_detector INFO: OrderBlocks: 6 detected, 3 unmitigated
06:06:52 core.sweep_detector INFO: FVGs: 10 detected, 6 unfilled
06:06:54 core.sweep_detector INFO: SweepDetector v2: 3 raw â†’ 3 confirmed (volâ‰Ą2.5Ă— bodyâ‰Ą30%)
06:06:54 core.sweep_detector INFO: OrderBlocks: 4 detected, 3 unmitigated
06:06:54 core.sweep_detector INFO: FVGs: 13 detected, 3 unfilled
06:06:57 core.sweep_detector INFO: SweepDetector v2: 5 raw â†’ 4 confirmed (volâ‰Ą2.5Ă— bodyâ‰Ą30%)
06:06:57 core.sweep_detector INFO: OrderBlocks: 5 detected, 1 unmitigated
06:06:57 core.sweep_detector INFO: FVGs: 10 detected, 3 unfilled
06:06:59 core.sweep_detector INFO: SweepDetector v2: 0 raw â†’ 0 confirmed (volâ‰Ą2.5Ă— bodyâ‰Ą30%)
06:06:59 core.sweep_detector INFO: OrderBlocks: 9 detected, 2 unmitigated
06:06:59 core.sweep_detector INFO: FVGs: 9 detected, 2 unfilled
06:07:01 core.sweep_detector INFO: SweepDetector v2: 1 raw â†’ 1 confirmed (volâ‰Ą2.5Ă— bodyâ‰Ą30%)
06:07:01 core.sweep_detector INFO: OrderBlocks: 4 detected, 1 unmitigated
06:07:01 core.sweep_detector INFO: FVGs: 6 detected, 2 unfilled
06:07:03 core.sweep_detector INFO: SweepDetector v2: 1 raw â†’ 1 confirmed (volâ‰Ą2.5Ă— bodyâ‰Ą30%)
06:07:03 core.sweep_detector INFO: OrderBlocks: 3 detected, 2 unmitigated
06:07:03 core.sweep_detector INFO: FVGs: 3 detected, 0 unfilled
06:07:06 core.sweep_detector INFO: SweepDetector v2: 0 raw â†’ 0 confirmed (volâ‰Ą2.5Ă— bodyâ‰Ą30%)
06:07:06 core.sweep_detector INFO: OrderBlocks: 0 detected, 0 unmitigated
06:07:06 core.sweep_detector INFO: FVGs: 0 detected, 0 unfilled
06:07:08 core.sweep_detector INFO: SweepDetector v2: 0 raw â†’ 0 confirmed (volâ‰Ą2.5Ă— bodyâ‰Ą30%)
06:07:08 core.sweep_detector INFO: OrderBlocks: 1 detected, 0 unmitigated
06:07:08 core.sweep_detector INFO: FVGs: 0 detected, 0 unfilled
06:07:11 core.sweep_detector INFO: SweepDetector v2: 0 raw â†’ 0 confirmed (volâ‰Ą2.5Ă— bodyâ‰Ą30%)
06:07:11 core.sweep_detector INFO: OrderBlocks: 0 detected, 0 unmitigated
06:07:11 core.sweep_detector INFO: FVGs: 0 detected, 0 unfilled
06:07:13 core.sweep_detector INFO: SweepDetector v2: 1 raw â†’ 1 confirmed (volâ‰Ą2.5Ă— bodyâ‰Ą30%)
06:07:13 core.sweep_detector INFO: OrderBlocks: 6 detected, 1 unmitigated
06:07:13 core.sweep_detector INFO: FVGs: 9 detected, 4 unfilled
06:07:15 core.sweep_detector INFO: SweepDetector v2: 2 raw â†’ 2 confirmed (volâ‰Ą2.5Ă— bodyâ‰Ą30%)
06:07:15 core.sweep_detector INFO: OrderBlocks: 6 detected, 2 unmitigated
06:07:15 core.sweep_detector INFO: FVGs: 9 detected, 3 unfilled
06:07:17 core.sweep_detector INFO: SweepDetector v2: 2 raw â†’ 2 confirmed (volâ‰Ą2.5Ă— bodyâ‰Ą30%)
06:07:17 core.sweep_detector INFO: OrderBlocks: 4 detected, 2 unmitigated
06:07:17 core.sweep_detector INFO: FVGs: 5 detected, 2 unfilled
06:07:19 core.sweep_detector INFO: SweepDetector v2: 1 raw â†’ 1 confirmed (volâ‰Ą2.5Ă— bodyâ‰Ą30%)
06:07:19 core.sweep_detector INFO: OrderBlocks: 2 detected, 0 unmitigated
06:07:19 core.sweep_detector INFO: FVGs: 0 detected, 0 unfilled
06:07:22 core.sweep_detector INFO: SweepDetector v2: 0 raw â†’ 0 confirmed (volâ‰Ą2.5Ă— bodyâ‰Ą30%)
06:07:22 core.sweep_detector INFO: OrderBlocks: 2 detected, 0 unmitigated
06:07:22 core.sweep_detector INFO: FVGs: 0 detected, 0 unfilled
06:07:24 core.sweep_detector INFO: SweepDetector v2: 0 raw â†’ 0 confirmed (volâ‰Ą2.5Ă— bodyâ‰Ą30%)
06:07:24 core.sweep_detector INFO: OrderBlocks: 1 detected, 0 unmitigated
06:07:24 core.sweep_detector INFO: FVGs: 0 detected, 0 unfilled
06:07:26 core.sweep_detector INFO: SweepDetector v2: 0 raw â†’ 0 confirmed (volâ‰Ą2.5Ă— bodyâ‰Ą30%)
06:07:26 core.sweep_detector INFO: OrderBlocks: 3 detected, 0 unmitigated
06:07:26 core.sweep_detector INFO: FVGs: 0 detected, 0 unfilled
06:07:29 core.sweep_detector INFO: SweepDetector v2: 0 raw â†’ 0 confirmed (volâ‰Ą2.5Ă— bodyâ‰Ą30%)
06:07:29 core.sweep_detector INFO: OrderBlocks: 1 detected, 0 unmitigated
06:07:29 core.sweep_detector INFO: FVGs: 0 detected, 0 unfilled
06:07:31 core.sweep_detector INFO: SweepDetector v2: 0 raw â†’ 0 confirmed (volâ‰Ą2.5Ă— bodyâ‰Ą30%)
06:07:31 core.sweep_detector INFO: OrderBlocks: 0 detected, 0 unmitigated
06:07:31 core.sweep_detector INFO: FVGs: 0 detected, 0 unfilled
06:07:33 core.sweep_detector INFO: SweepDetector v2: 0 raw â†’ 0 confirmed (volâ‰Ą2.5Ă— bodyâ‰Ą30%)
06:07:33 core.sweep_detector INFO: OrderBlocks: 1 detected, 0 unmitigated
06:07:33 core.sweep_detector INFO: FVGs: 0 detected, 0 unfilled
06:07:34 core.sweep_detector INFO: SweepDetector v2: 0 raw â†’ 0 confirmed (volâ‰Ą2.5Ă— bodyâ‰Ą30%)
06:07:34 core.sweep_detector INFO: OrderBlocks: 1 detected, 1 unmitigated
06:07:34 core.sweep_detector INFO: FVGs: 0 detected, 0 unfilled
06:07:36 core.sweep_detector INFO: SweepDetector v2: 0 raw â†’ 0 confirmed (volâ‰Ą2.5Ă— bodyâ‰Ą30%)
06:07:36 core.sweep_detector INFO: OrderBlocks: 2 detected, 0 unmitigated
06:07:36 core.sweep_detector INFO: FVGs: 0 detected, 0 unfilled
06:07:38 core.sweep_detector INFO: SweepDetector v2: 3 raw â†’ 3 confirmed (volâ‰Ą2.5Ă— bodyâ‰Ą30%)
06:07:38 core.sweep_detector INFO: OrderBlocks: 5 detected, 1 unmitigated
06:07:38 core.sweep_detector INFO: FVGs: 10 detected, 3 unfilled
06:07:40 core.sweep_detector INFO: SweepDetector v2: 5 raw â†’ 4 confirmed (volâ‰Ą2.5Ă— bodyâ‰Ą30%)
06:07:40 core.sweep_detector INFO: OrderBlocks: 7 detected, 3 unmitigated
06:07:40 core.sweep_detector INFO: FVGs: 8 detected, 4 unfilled
06:07:42 core.sweep_detector INFO: SweepDetector v2: 1 raw â†’ 1 confirmed (volâ‰Ą2.5Ă— bodyâ‰Ą30%)
06:07:42 core.sweep_detector INFO: OrderBlocks: 3 detected, 1 unmitigated
06:07:42 core.sweep_detector INFO: FVGs: 3 detected, 0 unfilled
06:07:44 core.sweep_detector INFO: SweepDetector v2: 0 raw â†’ 0 confirmed (volâ‰Ą2.5Ă— bodyâ‰Ą30%)
06:07:44 core.sweep_detector INFO: OrderBlocks: 6 detected, 1 unmitigated
06:07:44 core.sweep_detector INFO: FVGs: 11 detected, 4 unfilled
06:07:45 core.sweep_detector INFO: SweepDetector v2: 1 raw â†’ 1 confirmed (volâ‰Ą2.5Ă— bodyâ‰Ą30%)
06:07:45 core.sweep_detector INFO: OrderBlocks: 3 detected, 1 unmitigated
06:07:45 core.sweep_detector INFO: FVGs: 9 detected, 2 unfilled
06:07:47 core.sweep_detector INFO: SweepDetector v2: 3 raw â†’ 3 confirmed (volâ‰Ą2.5Ă— bodyâ‰Ą30%)
06:07:47 core.sweep_detector INFO: OrderBlocks: 4 detected, 1 unmitigated
06:07:47 core.sweep_detector INFO: FVGs: 7 detected, 1 unfilled
06:07:49 core.sweep_detector INFO: SweepDetector v2: 1 raw â†’ 1 confirmed (volâ‰Ą2.5Ă— bodyâ‰Ą30%)
06:07:49 core.sweep_detector INFO: OrderBlocks: 7 detected, 1 unmitigated
06:07:49 core.sweep_detector INFO: FVGs: 10 detected, 2 unfilled
06:07:51 core.sweep_detector INFO: SweepDetector v2: 1 raw â†’ 1 confirmed (volâ‰Ą2.5Ă— bodyâ‰Ą30%)
06:07:51 core.sweep_detector INFO: OrderBlocks: 3 detected, 1 unmitigated
06:07:51 core.sweep_detector INFO: FVGs: 9 detected, 2 unfilled
06:07:52 core.sweep_detector INFO: SweepDetector v2: 2 raw â†’ 2 confirmed (volâ‰Ą2.5Ă— bodyâ‰Ą30%)
06:07:52 core.sweep_detector INFO: OrderBlocks: 5 detected, 1 unmitigated
06:07:52 core.sweep_detector INFO: FVGs: 8 detected, 5 unfilled
06:07:54 core.sweep_detector INFO: SweepDetector v2: 1 raw â†’ 1 confirmed (volâ‰Ą2.5Ă— bodyâ‰Ą30%)
06:07:54 core.sweep_detector INFO: OrderBlocks: 2 detected, 1 unmitigated
06:07:54 core.sweep_detector INFO: FVGs: 8 detected, 3 unfilled
06:07:56 core.sweep_detector INFO: SweepDetector v2: 2 raw â†’ 1 confirmed (volâ‰Ą2.5Ă— bodyâ‰Ą30%)
06:07:56 core.sweep_detector INFO: OrderBlocks: 2 detected, 0 unmitigated
06:07:56 core.sweep_detector INFO: FVGs: 6 detected, 0 unfilled
06:07:58 core.sweep_detector INFO: SweepDetector v2: 0 raw â†’ 0 confirmed (volâ‰Ą2.5Ă— bodyâ‰Ą30%)
06:07:58 core.sweep_detector INFO: OrderBlocks: 2 detected, 0 unmitigated
06:07:58 core.sweep_detector INFO: FVGs: 4 detected, 1 unfilled
06:08:00 core.sweep_detector INFO: SweepDetector v2: 2 raw â†’ 1 confirmed (volâ‰Ą2.5Ă— bodyâ‰Ą30%)
06:08:00 core.sweep_detector INFO: OrderBlocks: 6 detected, 4 unmitigated
06:08:00 core.sweep_detector INFO: FVGs: 13 detected, 6 unfilled
06:08:02 core.sweep_detector INFO: SweepDetector v2: 4 raw â†’ 4 confirmed (volâ‰Ą2.5Ă— bodyâ‰Ą30%)
06:08:02 core.sweep_detector INFO: OrderBlocks: 3 detected, 0 unmitigated
06:08:02 core.sweep_detector INFO: FVGs: 6 detected, 1 unfilled
06:08:03 core.sweep_detector INFO: SweepDetector v2: 1 raw â†’ 1 confirmed (volâ‰Ą2.5Ă— bodyâ‰Ą30%)
06:08:03 core.sweep_detector INFO: OrderBlocks: 5 detected, 2 unmitigated
06:08:03 core.sweep_detector INFO: FVGs: 9 detected, 3 unfilled
06:08:05 core.sweep_detector INFO: SweepDetector v2: 2 raw â†’ 1 confirmed (volâ‰Ą2.5Ă— bodyâ‰Ą30%)
06:08:05 core.sweep_detector INFO: OrderBlocks: 5 detected, 1 unmitigated
06:08:05 core.sweep_detector INFO: FVGs: 6 detected, 2 unfilled
06:08:07 core.sweep_detector INFO: SweepDetector v2: 1 raw â†’ 1 confirmed (volâ‰Ą2.5Ă— bodyâ‰Ą30%)
06:08:07 core.sweep_detector INFO: OrderBlocks: 5 detected, 1 unmitigated
06:08:07 core.sweep_detector INFO: FVGs: 8 detected, 1 unfilled
06:08:08 core.sweep_detector INFO: SweepDetector v2: 3 raw â†’ 2 confirmed (volâ‰Ą2.5Ă— bodyâ‰Ą30%)
06:08:08 core.sweep_detector INFO: OrderBlocks: 6 detected, 1 unmitigated
06:08:08 core.sweep_detector INFO: FVGs: 6 detected, 2 unfilled
06:08:10 core.sweep_detector INFO: SweepDetector v2: 0 raw â†’ 0 confirmed (volâ‰Ą2.5Ă— bodyâ‰Ą30%)
06:08:10 core.sweep_detector INFO: OrderBlocks: 1 detected, 0 unmitigated
06:08:10 core.sweep_detector INFO: FVGs: 5 detected, 1 unfilled
06:08:12 core.sweep_detector INFO: SweepDetector v2: 0 raw â†’ 0 confirmed (volâ‰Ą2.5Ă— bodyâ‰Ą30%)
06:08:12 core.sweep_detector INFO: OrderBlocks: 7 detected, 2 unmitigated
06:08:12 core.sweep_detector INFO: FVGs: 9 detected, 2 unfilled
06:08:14 core.sweep_detector INFO: SweepDetector v2: 1 raw â†’ 1 confirmed (volâ‰Ą2.5Ă— bodyâ‰Ą30%)
06:08:14 core.sweep_detector INFO: OrderBlocks: 7 detected, 2 unmitigated
06:08:14 core.sweep_detector INFO: FVGs: 4 detected, 1 unfilled
06:08:16 core.sweep_detector INFO: SweepDetector v2: 0 raw â†’ 0 confirmed (volâ‰Ą2.5Ă— bodyâ‰Ą30%)
06:08:16 core.sweep_detector INFO: OrderBlocks: 8 detected, 1 unmitigated
06:08:16 core.sweep_detector INFO: FVGs: 10 detected, 2 unfilled
06:08:17 core.sweep_detector INFO: SweepDetector v2: 1 raw â†’ 1 confirmed (volâ‰Ą2.5Ă— bodyâ‰Ą30%)
06:08:17 core.sweep_detector INFO: OrderBlocks: 6 detected, 1 unmitigated
06:08:17 core.sweep_detector INFO: FVGs: 10 detected, 2 unfilled
06:08:19 core.sweep_detector INFO: SweepDetector v2: 2 raw â†’ 1 confirmed (volâ‰Ą2.5Ă— bodyâ‰Ą30%)
06:08:19 core.sweep_detector INFO: OrderBlocks: 5 detected, 1 unmitigated
06:08:19 core.sweep_detector INFO: FVGs: 7 detected, 2 unfilled
06:08:21 core.sweep_detector INFO: SweepDetector v2: 0 raw â†’ 0 confirmed (volâ‰Ą2.5Ă— bodyâ‰Ą30%)
06:08:21 core.sweep_detector INFO: OrderBlocks: 9 detected, 1 unmitigated
06:08:21 core.sweep_detector INFO: FVGs: 10 detected, 2 unfilled
06:08:22 core.sweep_detector INFO: SweepDetector v2: 2 raw â†’ 2 confirmed (volâ‰Ą2.5Ă— bodyâ‰Ą30%)
06:08:22 core.sweep_detector INFO: OrderBlocks: 5 detected, 1 unmitigated
06:08:22 core.sweep_detector INFO: FVGs: 11 detected, 1 unfilled
06:08:25 core.sweep_detector INFO: SweepDetector v2: 4 raw â†’ 4 confirmed (volâ‰Ą2.5Ă— bodyâ‰Ą30%)
06:08:25 core.sweep_detector INFO: OrderBlocks: 6 detected, 3 unmitigated
06:08:25 core.sweep_detector INFO: FVGs: 13 detected, 4 unfilled
06:08:27 core.sweep_detector INFO: SweepDetector v2: 2 raw â†’ 2 confirmed (volâ‰Ą2.5Ă— bodyâ‰Ą30%)
06:08:27 core.sweep_detector INFO: OrderBlocks: 8 detected, 1 unmitigated
06:08:27 core.sweep_detector INFO: FVGs: 8 detected, 2 unfilled
06:08:29 core.sweep_detector INFO: SweepDetector v2: 2 raw â†’ 2 confirmed (volâ‰Ą2.5Ă— bodyâ‰Ą30%)
06:08:29 core.sweep_detector INFO: OrderBlocks: 5 detected, 0 unmitigated
06:08:29 core.sweep_detector INFO: FVGs: 6 detected, 1 unfilled
06:08:31 core.sweep_detector INFO: SweepDetector v2: 2 raw â†’ 2 confirmed (volâ‰Ą2.5Ă— bodyâ‰Ą30%)
06:08:31 core.sweep_detector INFO: OrderBlocks: 3 detected, 0 unmitigated
06:08:31 core.sweep_detector INFO: FVGs: 6 detected, 1 unfilled
06:08:33 core.sweep_detector INFO: SweepDetector v2: 0 raw â†’ 0 confirmed (volâ‰Ą2.5Ă— bodyâ‰Ą30%)
06:08:33 core.sweep_detector INFO: OrderBlocks: 1 detected, 0 unmitigated
06:08:33 core.sweep_detector INFO: FVGs: 0 detected, 0 unfilled
06:08:35 core.sweep_detector INFO: SweepDetector v2: 0 raw â†’ 0 confirmed (volâ‰Ą2.5Ă— bodyâ‰Ą30%)
06:08:35 core.sweep_detector INFO: OrderBlocks: 4 detected, 0 unmitigated
06:08:35 core.sweep_detector INFO: FVGs: 0 detected, 0 unfilled
06:08:36 core.sweep_detector INFO: SweepDetector v2: 0 raw â†’ 0 confirmed (volâ‰Ą2.5Ă— bodyâ‰Ą30%)
06:08:36 core.sweep_detector INFO: OrderBlocks: 0 detected, 0 unmitigated
06:08:36 core.sweep_detector INFO: FVGs: 0 detected, 0 unfilled
06:08:38 core.sweep_detector INFO: SweepDetector v2: 6 raw â†’ 3 confirmed (volâ‰Ą2.5Ă— bodyâ‰Ą30%)
06:08:38 core.sweep_detector INFO: OrderBlocks: 7 detected, 3 unmitigated
06:08:38 core.sweep_detector INFO: FVGs: 11 detected, 3 unfilled
06:08:40 core.sweep_detector INFO: SweepDetector v2: 1 raw â†’ 1 confirmed (volâ‰Ą2.5Ă— bodyâ‰Ą30%)
06:08:40 core.sweep_detector INFO: OrderBlocks: 6 detected, 2 unmitigated
06:08:40 core.sweep_detector INFO: FVGs: 12 detected, 2 unfilled
06:08:41 core.sweep_detector INFO: SweepDetector v2: 2 raw â†’ 1 confirmed (volâ‰Ą2.5Ă— bodyâ‰Ą30%)
06:08:41 core.sweep_detector INFO: OrderBlocks: 1 detected, 1 unmitigated
06:08:41 core.sweep_detector INFO: FVGs: 8 detected, 1 unfilled
06:08:43 core.sweep_detector INFO: SweepDetector v2: 1 raw â†’ 1 confirmed (volâ‰Ą2.5Ă— bodyâ‰Ą30%)
06:08:43 core.sweep_detector INFO: OrderBlocks: 7 detected, 2 unmitigated
06:08:43 core.sweep_detector INFO: FVGs: 7 detected, 1 unfilled
06:08:45 core.sweep_detector INFO: SweepDetector v2: 3 raw â†’ 2 confirmed (volâ‰Ą2.5Ă— bodyâ‰Ą30%)
06:08:45 core.sweep_detector INFO: OrderBlocks: 3 detected, 1 unmitigated
06:08:45 core.sweep_detector INFO: FVGs: 11 detected, 4 unfilled
06:08:46 core.sweep_detector INFO: SweepDetector v2: 1 raw â†’ 1 confirmed (volâ‰Ą2.5Ă— bodyâ‰Ą30%)
06:08:46 core.sweep_detector INFO: OrderBlocks: 6 detected, 1 unmitigated
06:08:46 core.sweep_detector INFO: FVGs: 9 detected, 3 unfilled
06:08:48 core.sweep_detector INFO: SweepDetector v2: 0 raw â†’ 0 confirmed (volâ‰Ą2.5Ă— bodyâ‰Ą30%)
06:08:48 core.sweep_detector INFO: OrderBlocks: 7 detected, 4 unmitigated
06:08:48 core.sweep_detector INFO: FVGs: 11 detected, 4 unfilled
06:08:50 core.sweep_detector INFO: SweepDetector v2: 0 raw â†’ 0 confirmed (volâ‰Ą2.5Ă— bodyâ‰Ą30%)
06:08:50 core.sweep_detector INFO: OrderBlocks: 10 detected, 3 unmitigated
06:08:50 core.sweep_detector INFO: FVGs: 9 detected, 4 unfilled
06:08:51 core.sweep_detector INFO: SweepDetector v2: 4 raw â†’ 3 confirmed (volâ‰Ą2.5Ă— bodyâ‰Ą30%)
06:08:51 core.sweep_detector INFO: OrderBlocks: 8 detected, 3 unmitigated
06:08:51 core.sweep_detector INFO: FVGs: 11 detected, 5 unfilled
06:08:53 core.sweep_detector INFO: SweepDetector v2: 2 raw â†’ 2 confirmed (volâ‰Ą2.5Ă— bodyâ‰Ą30%)
06:08:53 core.sweep_detector INFO: OrderBlocks: 4 detected, 1 unmitigated
06:08:53 core.sweep_detector INFO: FVGs: 5 detected, 3 unfilled
06:08:55 core.sweep_detector INFO: SweepDetector v2: 1 raw â†’ 1 confirmed (volâ‰Ą2.5Ă— bodyâ‰Ą30%)
06:08:55 core.sweep_detector INFO: OrderBlocks: 4 detected, 1 unmitigated
06:08:55 core.sweep_detector INFO: FVGs: 8 detected, 2 unfilled
06:08:58 core.sweep_detector INFO: SweepDetector v2: 2 raw â†’ 2 confirmed (volâ‰Ą2.5Ă— bodyâ‰Ą30%)
06:08:58 core.sweep_detector INFO: OrderBlocks: 4 detected, 1 unmitigated
06:08:58 core.sweep_detector INFO: FVGs: 11 detected, 1 unfilled
/root/.openclaw/workspace/projects/crypto-liquidity-hunter/main.py:555: DeprecationWarning: datetime.datetime.utcnow() is deprecated and scheduled for removal in a future version. Use timezone-aware objects to represent datetimes in UTC: datetime.datetime.now(datetime.UTC).
  scan_end     = datetime.utcnow()

=== SCAN ALL: 96 pairs, 3 timeframes ===
Total signals generated: 0
