23:40:02 __main__ INFO: Volume filter: fetching all tickers in one call...
23:40:03 __main__ INFO: Volume filter: 91/447 pairs pass $2M threshold
/root/.openclaw/workspace/projects/crypto-liquidity-hunter/main.py:292: DeprecationWarning: datetime.datetime.utcnow() is deprecated and scheduled for removal in a future version. Use timezone-aware objects to represent datetimes in UTC: datetime.datetime.now(datetime.UTC).
  scan_start = datetime.utcnow()   # for duration tracking
23:40:04 core.binance_connector INFO: BinanceConnector: connected [LIVE FUTURES MAINNET]
23:40:04 __main__ INFO: Auto-executor: account 'Liquiddbot1' mode=live exec=auto
23:40:06 core.sweep_detector INFO: SweepDetector v2: 0 raw → 0 confirmed (vol≥2.5× body≥30%)
23:40:06 core.sweep_detector INFO: OrderBlocks: 8 detected, 4 unmitigated
23:40:06 core.sweep_detector INFO: FVGs: 12 detected, 7 unfilled
23:40:07 core.sweep_detector INFO: SweepDetector v2: 2 raw → 2 confirmed (vol≥2.5× body≥30%)
23:40:07 core.sweep_detector INFO: OrderBlocks: 3 detected, 0 unmitigated
23:40:07 core.sweep_detector INFO: FVGs: 5 detected, 1 unfilled
23:40:09 core.sweep_detector INFO: SweepDetector v2: 2 raw → 2 confirmed (vol≥2.5× body≥30%)
23:40:09 core.sweep_detector INFO: OrderBlocks: 5 detected, 1 unmitigated
23:40:09 core.sweep_detector INFO: FVGs: 7 detected, 2 unfilled
23:40:10 core.sweep_detector INFO: SweepDetector v2: 1 raw → 1 confirmed (vol≥2.5× body≥30%)
23:40:11 core.sweep_detector INFO: OrderBlocks: 6 detected, 0 unmitigated
23:40:11 core.sweep_detector INFO: FVGs: 10 detected, 4 unfilled
23:40:12 core.sweep_detector INFO: SweepDetector v2: 2 raw → 1 confirmed (vol≥2.5× body≥30%)
23:40:12 core.sweep_detector INFO: OrderBlocks: 3 detected, 2 unmitigated
23:40:12 core.sweep_detector INFO: FVGs: 5 detected, 3 unfilled
23:40:14 core.sweep_detector INFO: SweepDetector v2: 1 raw → 1 confirmed (vol≥2.5× body≥30%)
23:40:14 core.sweep_detector INFO: OrderBlocks: 7 detected, 2 unmitigated
23:40:14 core.sweep_detector INFO: FVGs: 3 detected, 2 unfilled
23:40:16 core.sweep_detector INFO: SweepDetector v2: 3 raw → 2 confirmed (vol≥2.5× body≥30%)
23:40:16 core.sweep_detector INFO: OrderBlocks: 7 detected, 0 unmitigated
23:40:16 core.sweep_detector INFO: FVGs: 9 detected, 1 unfilled
23:40:17 core.sweep_detector INFO: SweepDetector v2: 1 raw → 0 confirmed (vol≥2.5× body≥30%)
23:40:17 core.sweep_detector INFO: OrderBlocks: 4 detected, 1 unmitigated
23:40:17 core.sweep_detector INFO: FVGs: 8 detected, 4 unfilled
23:40:19 core.sweep_detector INFO: SweepDetector v2: 2 raw → 2 confirmed (vol≥2.5× body≥30%)
23:40:19 core.sweep_detector INFO: OrderBlocks: 2 detected, 1 unmitigated
23:40:19 core.sweep_detector INFO: FVGs: 4 detected, 2 unfilled
23:40:21 core.sweep_detector INFO: SweepDetector v2: 2 raw → 1 confirmed (vol≥2.5× body≥30%)
23:40:21 core.sweep_detector INFO: OrderBlocks: 7 detected, 2 unmitigated
23:40:21 core.sweep_detector INFO: FVGs: 8 detected, 2 unfilled
23:40:23 core.sweep_detector INFO: SweepDetector v2: 1 raw → 1 confirmed (vol≥2.5× body≥30%)
23:40:23 core.sweep_detector INFO: OrderBlocks: 2 detected, 0 unmitigated
23:40:23 core.sweep_detector INFO: FVGs: 8 detected, 4 unfilled
23:40:25 core.sweep_detector INFO: SweepDetector v2: 3 raw → 2 confirmed (vol≥2.5× body≥30%)
23:40:25 core.sweep_detector INFO: OrderBlocks: 4 detected, 1 unmitigated
23:40:25 core.sweep_detector INFO: FVGs: 4 detected, 2 unfilled
23:40:26 core.sweep_detector INFO: SweepDetector v2: 2 raw → 1 confirmed (vol≥2.5× body≥30%)
23:40:26 core.sweep_detector INFO: OrderBlocks: 4 detected, 3 unmitigated
23:40:26 core.sweep_detector INFO: FVGs: 10 detected, 4 unfilled
23:40:28 core.sweep_detector INFO: SweepDetector v2: 1 raw → 1 confirmed (vol≥2.5× body≥30%)
23:40:28 core.sweep_detector INFO: OrderBlocks: 3 detected, 1 unmitigated
23:40:28 core.sweep_detector INFO: FVGs: 6 detected, 2 unfilled
23:40:29 core.sweep_detector INFO: SweepDetector v2: 2 raw → 2 confirmed (vol≥2.5× body≥30%)
23:40:29 core.sweep_detector INFO: OrderBlocks: 5 detected, 1 unmitigated
23:40:30 core.sweep_detector INFO: FVGs: 7 detected, 2 unfilled
23:40:31 core.sweep_detector INFO: SweepDetector v2: 5 raw → 5 confirmed (vol≥2.5× body≥30%)
23:40:31 core.sweep_detector INFO: OrderBlocks: 1 detected, 0 unmitigated
23:40:31 core.sweep_detector INFO: FVGs: 3 detected, 0 unfilled
23:40:33 core.sweep_detector INFO: SweepDetector v2: 2 raw → 2 confirmed (vol≥2.5× body≥30%)
23:40:33 core.sweep_detector INFO: OrderBlocks: 4 detected, 0 unmitigated
23:40:33 core.sweep_detector INFO: FVGs: 1 detected, 0 unfilled
23:40:34 core.sweep_detector INFO: SweepDetector v2: 1 raw → 1 confirmed (vol≥2.5× body≥30%)
23:40:34 core.sweep_detector INFO: OrderBlocks: 0 detected, 0 unmitigated
23:40:34 core.sweep_detector INFO: FVGs: 1 detected, 0 unfilled
23:40:34 __main__ INFO: Pending signal #37: binance:ASTER/USDT long entry=0.653 current=0.659 dist=0.91% expires=2h
23:40:34 alerts.telegram INFO: Alert suppressed (binance:ASTER/USDT long): conf 0.65 < threshold 0.80
23:40:36 core.sweep_detector INFO: SweepDetector v2: 2 raw → 2 confirmed (vol≥2.5× body≥30%)
23:40:36 core.sweep_detector INFO: OrderBlocks: 2 detected, 1 unmitigated
23:40:36 core.sweep_detector INFO: FVGs: 12 detected, 6 unfilled
23:40:38 core.sweep_detector INFO: SweepDetector v2: 1 raw → 1 confirmed (vol≥2.5× body≥30%)
23:40:38 core.sweep_detector INFO: OrderBlocks: 2 detected, 1 unmitigated
23:40:38 core.sweep_detector INFO: FVGs: 5 detected, 2 unfilled
23:40:39 core.sweep_detector INFO: SweepDetector v2: 2 raw → 2 confirmed (vol≥2.5× body≥30%)
23:40:39 core.sweep_detector INFO: OrderBlocks: 6 detected, 3 unmitigated
23:40:39 core.sweep_detector INFO: FVGs: 3 detected, 1 unfilled
23:40:41 core.sweep_detector INFO: SweepDetector v2: 2 raw → 2 confirmed (vol≥2.5× body≥30%)
23:40:41 core.sweep_detector INFO: OrderBlocks: 5 detected, 0 unmitigated
23:40:41 core.sweep_detector INFO: FVGs: 4 detected, 0 unfilled
23:40:42 core.sweep_detector INFO: SweepDetector v2: 1 raw → 1 confirmed (vol≥2.5× body≥30%)
23:40:42 core.sweep_detector INFO: OrderBlocks: 5 detected, 0 unmitigated
23:40:42 core.sweep_detector INFO: FVGs: 12 detected, 1 unfilled
23:40:44 core.sweep_detector INFO: SweepDetector v2: 2 raw → 1 confirmed (vol≥2.5× body≥30%)
23:40:44 core.sweep_detector INFO: OrderBlocks: 5 detected, 1 unmitigated
23:40:44 core.sweep_detector INFO: FVGs: 14 detected, 4 unfilled
23:40:45 core.sweep_detector INFO: SweepDetector v2: 1 raw → 1 confirmed (vol≥2.5× body≥30%)
23:40:45 core.sweep_detector INFO: OrderBlocks: 6 detected, 2 unmitigated
23:40:45 core.sweep_detector INFO: FVGs: 7 detected, 2 unfilled
23:40:47 core.sweep_detector INFO: SweepDetector v2: 0 raw → 0 confirmed (vol≥2.5× body≥30%)
23:40:47 core.sweep_detector INFO: OrderBlocks: 4 detected, 2 unmitigated
23:40:47 core.sweep_detector INFO: FVGs: 8 detected, 3 unfilled
23:40:49 core.sweep_detector INFO: SweepDetector v2: 1 raw → 1 confirmed (vol≥2.5× body≥30%)
23:40:49 core.sweep_detector INFO: OrderBlocks: 5 detected, 1 unmitigated
23:40:49 core.sweep_detector INFO: FVGs: 8 detected, 3 unfilled
23:40:50 core.sweep_detector INFO: SweepDetector v2: 4 raw → 4 confirmed (vol≥2.5× body≥30%)
23:40:50 core.sweep_detector INFO: OrderBlocks: 2 detected, 2 unmitigated
23:40:50 core.sweep_detector INFO: FVGs: 14 detected, 3 unfilled
23:40:52 core.sweep_detector INFO: SweepDetector v2: 2 raw → 1 confirmed (vol≥2.5× body≥30%)
23:40:52 core.sweep_detector INFO: OrderBlocks: 7 detected, 1 unmitigated
23:40:52 core.sweep_detector INFO: FVGs: 14 detected, 3 unfilled
23:40:53 core.sweep_detector INFO: SweepDetector v2: 1 raw → 0 confirmed (vol≥2.5× body≥30%)
23:40:53 core.sweep_detector INFO: OrderBlocks: 4 detected, 2 unmitigated
23:40:53 core.sweep_detector INFO: FVGs: 8 detected, 4 unfilled
23:40:55 core.sweep_detector INFO: SweepDetector v2: 0 raw → 0 confirmed (vol≥2.5× body≥30%)
23:40:55 core.sweep_detector INFO: OrderBlocks: 3 detected, 1 unmitigated
23:40:55 core.sweep_detector INFO: FVGs: 6 detected, 2 unfilled
23:40:57 core.sweep_detector INFO: SweepDetector v2: 3 raw → 3 confirmed (vol≥2.5× body≥30%)
23:40:57 core.sweep_detector INFO: OrderBlocks: 1 detected, 1 unmitigated
23:40:57 core.sweep_detector INFO: FVGs: 5 detected, 3 unfilled
23:40:59 core.sweep_detector INFO: SweepDetector v2: 2 raw → 2 confirmed (vol≥2.5× body≥30%)
23:40:59 core.sweep_detector INFO: OrderBlocks: 5 detected, 4 unmitigated
23:40:59 core.sweep_detector INFO: FVGs: 8 detected, 6 unfilled
23:41:01 core.sweep_detector INFO: SweepDetector v2: 0 raw → 0 confirmed (vol≥2.5× body≥30%)
23:41:01 core.sweep_detector INFO: OrderBlocks: 0 detected, 0 unmitigated
23:41:01 core.sweep_detector INFO: FVGs: 0 detected, 0 unfilled
23:41:04 core.sweep_detector INFO: SweepDetector v2: 0 raw → 0 confirmed (vol≥2.5× body≥30%)
23:41:04 core.sweep_detector INFO: OrderBlocks: 1 detected, 0 unmitigated
23:41:04 core.sweep_detector INFO: FVGs: 0 detected, 0 unfilled
23:41:06 core.sweep_detector INFO: SweepDetector v2: 0 raw → 0 confirmed (vol≥2.5× body≥30%)
23:41:06 core.sweep_detector INFO: OrderBlocks: 0 detected, 0 unmitigated
23:41:06 core.sweep_detector INFO: FVGs: 0 detected, 0 unfilled
23:41:07 core.sweep_detector INFO: SweepDetector v2: 4 raw → 4 confirmed (vol≥2.5× body≥30%)
23:41:07 core.sweep_detector INFO: OrderBlocks: 4 detected, 1 unmitigated
23:41:07 core.sweep_detector INFO: FVGs: 3 detected, 1 unfilled
23:41:09 core.sweep_detector INFO: SweepDetector v2: 3 raw → 3 confirmed (vol≥2.5× body≥30%)
23:41:09 core.sweep_detector INFO: OrderBlocks: 3 detected, 1 unmitigated
23:41:09 core.sweep_detector INFO: FVGs: 6 detected, 2 unfilled
23:41:11 core.sweep_detector INFO: SweepDetector v2: 5 raw → 3 confirmed (vol≥2.5× body≥30%)
23:41:11 core.sweep_detector INFO: OrderBlocks: 5 detected, 2 unmitigated
23:41:11 core.sweep_detector INFO: FVGs: 5 detected, 1 unfilled
23:41:12 core.sweep_detector INFO: SweepDetector v2: 1 raw → 1 confirmed (vol≥2.5× body≥30%)
23:41:12 core.sweep_detector INFO: OrderBlocks: 6 detected, 4 unmitigated
23:41:12 core.sweep_detector INFO: FVGs: 10 detected, 4 unfilled
23:41:14 core.sweep_detector INFO: SweepDetector v2: 1 raw → 1 confirmed (vol≥2.5× body≥30%)
23:41:14 core.sweep_detector INFO: OrderBlocks: 4 detected, 1 unmitigated
23:41:14 core.sweep_detector INFO: FVGs: 5 detected, 1 unfilled
23:41:16 core.sweep_detector INFO: SweepDetector v2: 1 raw → 1 confirmed (vol≥2.5× body≥30%)
23:41:16 core.sweep_detector INFO: OrderBlocks: 8 detected, 2 unmitigated
23:41:16 core.sweep_detector INFO: FVGs: 5 detected, 2 unfilled
23:41:18 core.sweep_detector INFO: SweepDetector v2: 1 raw → 1 confirmed (vol≥2.5× body≥30%)
23:41:18 core.sweep_detector INFO: OrderBlocks: 5 detected, 0 unmitigated
23:41:18 core.sweep_detector INFO: FVGs: 7 detected, 3 unfilled
23:41:19 core.sweep_detector INFO: SweepDetector v2: 1 raw → 1 confirmed (vol≥2.5× body≥30%)
23:41:19 core.sweep_detector INFO: OrderBlocks: 2 detected, 0 unmitigated
23:41:19 core.sweep_detector INFO: FVGs: 8 detected, 2 unfilled
23:41:21 core.sweep_detector INFO: SweepDetector v2: 1 raw → 1 confirmed (vol≥2.5× body≥30%)
23:41:21 core.sweep_detector INFO: OrderBlocks: 6 detected, 1 unmitigated
23:41:21 core.sweep_detector INFO: FVGs: 5 detected, 3 unfilled
23:41:24 core.sweep_detector INFO: SweepDetector v2: 0 raw → 0 confirmed (vol≥2.5× body≥30%)
23:41:24 core.sweep_detector INFO: OrderBlocks: 4 detected, 2 unmitigated
23:41:24 core.sweep_detector INFO: FVGs: 7 detected, 2 unfilled
23:41:25 core.sweep_detector INFO: SweepDetector v2: 1 raw → 1 confirmed (vol≥2.5× body≥30%)
23:41:25 core.sweep_detector INFO: OrderBlocks: 3 detected, 0 unmitigated
23:41:25 core.sweep_detector INFO: FVGs: 7 detected, 1 unfilled
23:41:27 core.sweep_detector INFO: SweepDetector v2: 1 raw → 1 confirmed (vol≥2.5× body≥30%)
23:41:27 core.sweep_detector INFO: OrderBlocks: 6 detected, 2 unmitigated
23:41:27 core.sweep_detector INFO: FVGs: 3 detected, 1 unfilled
23:41:29 core.sweep_detector INFO: SweepDetector v2: 7 raw → 5 confirmed (vol≥2.5× body≥30%)
23:41:29 core.sweep_detector INFO: OrderBlocks: 4 detected, 2 unmitigated
23:41:29 core.sweep_detector INFO: FVGs: 10 detected, 4 unfilled
23:41:31 core.sweep_detector INFO: SweepDetector v2: 5 raw → 2 confirmed (vol≥2.5× body≥30%)
23:41:31 core.sweep_detector INFO: OrderBlocks: 3 detected, 1 unmitigated
23:41:31 core.sweep_detector INFO: FVGs: 8 detected, 1 unfilled
23:41:32 core.sweep_detector INFO: SweepDetector v2: 2 raw → 1 confirmed (vol≥2.5× body≥30%)
23:41:32 core.sweep_detector INFO: OrderBlocks: 3 detected, 0 unmitigated
23:41:32 core.sweep_detector INFO: FVGs: 11 detected, 4 unfilled
23:41:34 core.sweep_detector INFO: SweepDetector v2: 1 raw → 1 confirmed (vol≥2.5× body≥30%)
23:41:34 core.sweep_detector INFO: OrderBlocks: 7 detected, 2 unmitigated
23:41:34 core.sweep_detector INFO: FVGs: 10 detected, 3 unfilled
23:41:35 core.sweep_detector INFO: SweepDetector v2: 2 raw → 1 confirmed (vol≥2.5× body≥30%)
23:41:35 core.sweep_detector INFO: OrderBlocks: 5 detected, 5 unmitigated
23:41:35 core.sweep_detector INFO: FVGs: 5 detected, 2 unfilled
23:41:37 core.sweep_detector INFO: SweepDetector v2: 2 raw → 2 confirmed (vol≥2.5× body≥30%)
23:41:37 core.sweep_detector INFO: OrderBlocks: 5 detected, 1 unmitigated
23:41:37 core.sweep_detector INFO: FVGs: 2 detected, 1 unfilled
23:41:38 core.sweep_detector INFO: SweepDetector v2: 0 raw → 0 confirmed (vol≥2.5× body≥30%)
23:41:38 core.sweep_detector INFO: OrderBlocks: 6 detected, 3 unmitigated
23:41:38 core.sweep_detector INFO: FVGs: 6 detected, 3 unfilled
23:41:40 core.sweep_detector INFO: SweepDetector v2: 1 raw → 1 confirmed (vol≥2.5× body≥30%)
23:41:40 core.sweep_detector INFO: OrderBlocks: 9 detected, 5 unmitigated
23:41:40 core.sweep_detector INFO: FVGs: 5 detected, 3 unfilled
23:41:42 core.sweep_detector INFO: SweepDetector v2: 1 raw → 1 confirmed (vol≥2.5× body≥30%)
23:41:42 core.sweep_detector INFO: OrderBlocks: 4 detected, 1 unmitigated
23:41:42 core.sweep_detector INFO: FVGs: 9 detected, 1 unfilled
23:41:43 core.sweep_detector INFO: SweepDetector v2: 1 raw → 0 confirmed (vol≥2.5× body≥30%)
23:41:43 core.sweep_detector INFO: OrderBlocks: 2 detected, 2 unmitigated
23:41:43 core.sweep_detector INFO: FVGs: 8 detected, 6 unfilled
23:41:45 core.sweep_detector INFO: SweepDetector v2: 1 raw → 0 confirmed (vol≥2.5× body≥30%)
23:41:45 core.sweep_detector INFO: OrderBlocks: 5 detected, 2 unmitigated
23:41:45 core.sweep_detector INFO: FVGs: 6 detected, 5 unfilled
23:41:47 core.sweep_detector INFO: SweepDetector v2: 2 raw → 1 confirmed (vol≥2.5× body≥30%)
23:41:47 core.sweep_detector INFO: OrderBlocks: 5 detected, 3 unmitigated
23:41:47 core.sweep_detector INFO: FVGs: 5 detected, 3 unfilled
23:41:48 core.sweep_detector INFO: SweepDetector v2: 0 raw → 0 confirmed (vol≥2.5× body≥30%)
23:41:48 core.sweep_detector INFO: OrderBlocks: 5 detected, 1 unmitigated
23:41:48 core.sweep_detector INFO: FVGs: 9 detected, 4 unfilled
23:41:50 core.sweep_detector INFO: SweepDetector v2: 3 raw → 2 confirmed (vol≥2.5× body≥30%)
23:41:50 core.sweep_detector INFO: OrderBlocks: 6 detected, 3 unmitigated
23:41:50 core.sweep_detector INFO: FVGs: 13 detected, 6 unfilled
23:41:52 core.sweep_detector INFO: SweepDetector v2: 0 raw → 0 confirmed (vol≥2.5× body≥30%)
23:41:52 core.sweep_detector INFO: OrderBlocks: 4 detected, 0 unmitigated
23:41:52 core.sweep_detector INFO: FVGs: 7 detected, 0 unfilled
23:41:53 core.sweep_detector INFO: SweepDetector v2: 0 raw → 0 confirmed (vol≥2.5× body≥30%)
23:41:53 core.sweep_detector INFO: OrderBlocks: 8 detected, 2 unmitigated
23:41:53 core.sweep_detector INFO: FVGs: 14 detected, 3 unfilled
23:41:55 core.sweep_detector INFO: SweepDetector v2: 3 raw → 2 confirmed (vol≥2.5× body≥30%)
23:41:55 core.sweep_detector INFO: OrderBlocks: 3 detected, 0 unmitigated
23:41:55 core.sweep_detector INFO: FVGs: 10 detected, 3 unfilled
23:41:57 core.sweep_detector INFO: SweepDetector v2: 1 raw → 1 confirmed (vol≥2.5× body≥30%)
23:41:57 core.sweep_detector INFO: OrderBlocks: 4 detected, 1 unmitigated
23:41:57 core.sweep_detector INFO: FVGs: 7 detected, 2 unfilled
23:41:59 core.sweep_detector INFO: SweepDetector v2: 3 raw → 2 confirmed (vol≥2.5× body≥30%)
23:41:59 core.sweep_detector INFO: OrderBlocks: 5 detected, 1 unmitigated
23:41:59 core.sweep_detector INFO: FVGs: 5 detected, 1 unfilled
23:42:00 core.sweep_detector INFO: SweepDetector v2: 2 raw → 1 confirmed (vol≥2.5× body≥30%)
23:42:00 core.sweep_detector INFO: OrderBlocks: 4 detected, 0 unmitigated
23:42:00 core.sweep_detector INFO: FVGs: 10 detected, 1 unfilled
23:42:02 core.sweep_detector INFO: SweepDetector v2: 0 raw → 0 confirmed (vol≥2.5× body≥30%)
23:42:02 core.sweep_detector INFO: OrderBlocks: 7 detected, 2 unmitigated
23:42:02 core.sweep_detector INFO: FVGs: 3 detected, 1 unfilled
23:42:03 core.sweep_detector INFO: SweepDetector v2: 0 raw → 0 confirmed (vol≥2.5× body≥30%)
23:42:03 core.sweep_detector INFO: OrderBlocks: 6 detected, 1 unmitigated
23:42:03 core.sweep_detector INFO: FVGs: 11 detected, 2 unfilled
23:42:05 core.sweep_detector INFO: SweepDetector v2: 4 raw → 3 confirmed (vol≥2.5× body≥30%)
23:42:05 core.sweep_detector INFO: OrderBlocks: 2 detected, 1 unmitigated
23:42:05 core.sweep_detector INFO: FVGs: 10 detected, 3 unfilled
23:42:07 core.sweep_detector INFO: SweepDetector v2: 1 raw → 1 confirmed (vol≥2.5× body≥30%)
23:42:07 core.sweep_detector INFO: OrderBlocks: 7 detected, 2 unmitigated
23:42:07 core.sweep_detector INFO: FVGs: 5 detected, 1 unfilled
23:42:08 core.sweep_detector INFO: SweepDetector v2: 1 raw → 0 confirmed (vol≥2.5× body≥30%)
23:42:08 core.sweep_detector INFO: OrderBlocks: 4 detected, 1 unmitigated
23:42:08 core.sweep_detector INFO: FVGs: 10 detected, 2 unfilled
23:42:10 core.sweep_detector INFO: SweepDetector v2: 3 raw → 3 confirmed (vol≥2.5× body≥30%)
23:42:10 core.sweep_detector INFO: OrderBlocks: 3 detected, 2 unmitigated
23:42:10 core.sweep_detector INFO: FVGs: 5 detected, 1 unfilled
23:42:11 core.sweep_detector INFO: SweepDetector v2: 1 raw → 1 confirmed (vol≥2.5× body≥30%)
23:42:11 core.sweep_detector INFO: OrderBlocks: 2 detected, 1 unmitigated
23:42:11 core.sweep_detector INFO: FVGs: 5 detected, 1 unfilled
23:42:13 core.sweep_detector INFO: SweepDetector v2: 1 raw → 1 confirmed (vol≥2.5× body≥30%)
23:42:13 core.sweep_detector INFO: OrderBlocks: 5 detected, 3 unmitigated
23:42:13 core.sweep_detector INFO: FVGs: 12 detected, 4 unfilled
23:42:15 core.sweep_detector INFO: SweepDetector v2: 4 raw → 3 confirmed (vol≥2.5× body≥30%)
23:42:15 core.sweep_detector INFO: OrderBlocks: 3 detected, 0 unmitigated
23:42:15 core.sweep_detector INFO: FVGs: 6 detected, 2 unfilled
23:42:16 core.sweep_detector INFO: SweepDetector v2: 3 raw → 2 confirmed (vol≥2.5× body≥30%)
23:42:16 core.sweep_detector INFO: OrderBlocks: 7 detected, 2 unmitigated
23:42:16 core.sweep_detector INFO: FVGs: 10 detected, 2 unfilled
23:42:18 core.sweep_detector INFO: SweepDetector v2: 2 raw → 1 confirmed (vol≥2.5× body≥30%)
23:42:18 core.sweep_detector INFO: OrderBlocks: 5 detected, 0 unmitigated
23:42:18 core.sweep_detector INFO: FVGs: 7 detected, 0 unfilled
23:42:19 core.sweep_detector INFO: SweepDetector v2: 1 raw → 0 confirmed (vol≥2.5× body≥30%)
23:42:19 core.sweep_detector INFO: OrderBlocks: 8 detected, 2 unmitigated
23:42:19 core.sweep_detector INFO: FVGs: 13 detected, 0 unfilled
23:42:21 core.sweep_detector INFO: SweepDetector v2: 4 raw → 2 confirmed (vol≥2.5× body≥30%)
23:42:21 core.sweep_detector INFO: OrderBlocks: 5 detected, 1 unmitigated
23:42:21 core.sweep_detector INFO: FVGs: 5 detected, 0 unfilled
23:42:22 core.sweep_detector INFO: SweepDetector v2: 2 raw → 1 confirmed (vol≥2.5× body≥30%)
23:42:22 core.sweep_detector INFO: OrderBlocks: 4 detected, 1 unmitigated
23:42:22 core.sweep_detector INFO: FVGs: 9 detected, 3 unfilled
23:42:24 core.sweep_detector INFO: SweepDetector v2: 3 raw → 1 confirmed (vol≥2.5× body≥30%)
23:42:24 core.sweep_detector INFO: OrderBlocks: 4 detected, 2 unmitigated
23:42:24 core.sweep_detector INFO: FVGs: 8 detected, 2 unfilled
23:42:26 core.sweep_detector INFO: SweepDetector v2: 1 raw → 1 confirmed (vol≥2.5× body≥30%)
23:42:26 core.sweep_detector INFO: OrderBlocks: 4 detected, 1 unmitigated
23:42:26 core.sweep_detector INFO: FVGs: 7 detected, 2 unfilled
23:42:27 core.sweep_detector INFO: SweepDetector v2: 0 raw → 0 confirmed (vol≥2.5× body≥30%)
23:42:27 core.sweep_detector INFO: OrderBlocks: 3 detected, 0 unmitigated
23:42:27 core.sweep_detector INFO: FVGs: 0 detected, 0 unfilled
23:42:29 core.sweep_detector INFO: SweepDetector v2: 0 raw → 0 confirmed (vol≥2.5× body≥30%)
23:42:29 core.sweep_detector INFO: OrderBlocks: 0 detected, 0 unmitigated
23:42:29 core.sweep_detector INFO: FVGs: 0 detected, 0 unfilled
23:42:30 core.sweep_detector INFO: SweepDetector v2: 0 raw → 0 confirmed (vol≥2.5× body≥30%)
23:42:30 core.sweep_detector INFO: OrderBlocks: 6 detected, 2 unmitigated
23:42:30 core.sweep_detector INFO: FVGs: 0 detected, 0 unfilled
23:42:32 core.sweep_detector INFO: SweepDetector v2: 0 raw → 0 confirmed (vol≥2.5× body≥30%)
23:42:32 core.sweep_detector INFO: OrderBlocks: 0 detected, 0 unmitigated
23:42:32 core.sweep_detector INFO: FVGs: 0 detected, 0 unfilled
23:42:33 core.sweep_detector INFO: SweepDetector v2: 0 raw → 0 confirmed (vol≥2.5× body≥30%)
23:42:33 core.sweep_detector INFO: OrderBlocks: 0 detected, 0 unmitigated
23:42:33 core.sweep_detector INFO: FVGs: 0 detected, 0 unfilled
23:42:35 core.sweep_detector INFO: SweepDetector v2: 0 raw → 0 confirmed (vol≥2.5× body≥30%)
23:42:35 core.sweep_detector INFO: OrderBlocks: 1 detected, 0 unmitigated
23:42:35 core.sweep_detector INFO: FVGs: 0 detected, 0 unfilled
23:42:37 core.sweep_detector INFO: SweepDetector v2: 0 raw → 0 confirmed (vol≥2.5× body≥30%)
23:42:37 core.sweep_detector INFO: OrderBlocks: 6 detected, 2 unmitigated
23:42:37 core.sweep_detector INFO: FVGs: 12 detected, 3 unfilled
23:42:38 core.sweep_detector INFO: SweepDetector v2: 1 raw → 1 confirmed (vol≥2.5× body≥30%)
23:42:38 core.sweep_detector INFO: OrderBlocks: 3 detected, 1 unmitigated
23:42:38 core.sweep_detector INFO: FVGs: 10 detected, 2 unfilled
23:42:40 core.sweep_detector INFO: SweepDetector v2: 1 raw → 1 confirmed (vol≥2.5× body≥30%)
23:42:40 core.sweep_detector INFO: OrderBlocks: 7 detected, 2 unmitigated
23:42:40 core.sweep_detector INFO: FVGs: 7 detected, 5 unfilled
23:42:41 core.sweep_detector INFO: SweepDetector v2: 0 raw → 0 confirmed (vol≥2.5× body≥30%)
23:42:41 core.sweep_detector INFO: OrderBlocks: 6 detected, 3 unmitigated
23:42:41 core.sweep_detector INFO: FVGs: 9 detected, 3 unfilled
23:42:43 core.sweep_detector INFO: SweepDetector v2: 2 raw → 1 confirmed (vol≥2.5× body≥30%)
23:42:43 core.sweep_detector INFO: OrderBlocks: 4 detected, 3 unmitigated
23:42:43 core.sweep_detector INFO: FVGs: 10 detected, 2 unfilled
23:42:45 core.sweep_detector INFO: SweepDetector v2: 2 raw → 2 confirmed (vol≥2.5× body≥30%)
23:42:45 core.sweep_detector INFO: OrderBlocks: 1 detected, 1 unmitigated
23:42:45 core.sweep_detector INFO: FVGs: 5 detected, 2 unfilled
23:42:47 core.sweep_detector INFO: SweepDetector v2: 2 raw → 2 confirmed (vol≥2.5× body≥30%)
23:42:47 core.sweep_detector INFO: OrderBlocks: 6 detected, 0 unmitigated
23:42:47 core.sweep_detector INFO: FVGs: 7 detected, 0 unfilled
23:42:48 core.sweep_detector INFO: SweepDetector v2: 6 raw → 6 confirmed (vol≥2.5× body≥30%)
23:42:48 core.sweep_detector INFO: OrderBlocks: 3 detected, 1 unmitigated
23:42:48 core.sweep_detector INFO: FVGs: 8 detected, 1 unfilled
23:42:50 core.sweep_detector INFO: SweepDetector v2: 5 raw → 4 confirmed (vol≥2.5× body≥30%)
23:42:50 core.sweep_detector INFO: OrderBlocks: 5 detected, 2 unmitigated
23:42:50 core.sweep_detector INFO: FVGs: 8 detected, 2 unfilled
23:42:52 core.sweep_detector INFO: SweepDetector v2: 1 raw → 1 confirmed (vol≥2.5× body≥30%)
23:42:52 core.sweep_detector INFO: OrderBlocks: 6 detected, 2 unmitigated
23:42:52 core.sweep_detector INFO: FVGs: 9 detected, 3 unfilled
23:42:53 core.sweep_detector INFO: SweepDetector v2: 1 raw → 1 confirmed (vol≥2.5× body≥30%)
23:42:53 core.sweep_detector INFO: OrderBlocks: 2 detected, 1 unmitigated
23:42:53 core.sweep_detector INFO: FVGs: 6 detected, 1 unfilled
23:42:55 core.sweep_detector INFO: SweepDetector v2: 1 raw → 1 confirmed (vol≥2.5× body≥30%)
23:42:55 core.sweep_detector INFO: OrderBlocks: 8 detected, 3 unmitigated
23:42:55 core.sweep_detector INFO: FVGs: 2 detected, 1 unfilled
23:42:56 core.sweep_detector INFO: SweepDetector v2: 2 raw → 1 confirmed (vol≥2.5× body≥30%)
23:42:56 core.sweep_detector INFO: OrderBlocks: 8 detected, 2 unmitigated
23:42:56 core.sweep_detector INFO: FVGs: 13 detected, 5 unfilled
23:42:58 core.sweep_detector INFO: SweepDetector v2: 3 raw → 3 confirmed (vol≥2.5× body≥30%)
23:42:58 core.sweep_detector INFO: OrderBlocks: 5 detected, 1 unmitigated
23:42:58 core.sweep_detector INFO: FVGs: 17 detected, 4 unfilled
23:43:00 core.sweep_detector INFO: SweepDetector v2: 2 raw → 0 confirmed (vol≥2.5× body≥30%)
23:43:00 core.sweep_detector INFO: OrderBlocks: 6 detected, 2 unmitigated
23:43:00 core.sweep_detector INFO: FVGs: 14 detected, 5 unfilled
23:43:01 core.sweep_detector INFO: SweepDetector v2: 3 raw → 2 confirmed (vol≥2.5× body≥30%)
23:43:01 core.sweep_detector INFO: OrderBlocks: 6 detected, 3 unmitigated
23:43:01 core.sweep_detector INFO: FVGs: 14 detected, 3 unfilled
23:43:03 core.sweep_detector INFO: SweepDetector v2: 2 raw → 0 confirmed (vol≥2.5× body≥30%)
23:43:03 core.sweep_detector INFO: OrderBlocks: 9 detected, 4 unmitigated
23:43:03 core.sweep_detector INFO: FVGs: 15 detected, 3 unfilled
23:43:05 core.sweep_detector INFO: SweepDetector v2: 1 raw → 0 confirmed (vol≥2.5× body≥30%)
23:43:05 core.sweep_detector INFO: OrderBlocks: 3 detected, 1 unmitigated
23:43:05 core.sweep_detector INFO: FVGs: 11 detected, 4 unfilled
23:43:07 core.sweep_detector INFO: SweepDetector v2: 2 raw → 2 confirmed (vol≥2.5× body≥30%)
23:43:07 core.sweep_detector INFO: OrderBlocks: 8 detected, 2 unmitigated
23:43:07 core.sweep_detector INFO: FVGs: 8 detected, 4 unfilled
23:43:08 core.sweep_detector INFO: SweepDetector v2: 1 raw → 1 confirmed (vol≥2.5× body≥30%)
23:43:08 core.sweep_detector INFO: OrderBlocks: 3 detected, 1 unmitigated
23:43:08 core.sweep_detector INFO: FVGs: 7 detected, 3 unfilled
23:43:10 core.sweep_detector INFO: SweepDetector v2: 3 raw → 2 confirmed (vol≥2.5× body≥30%)
23:43:10 core.sweep_detector INFO: OrderBlocks: 9 detected, 2 unmitigated
23:43:10 core.sweep_detector INFO: FVGs: 4 detected, 2 unfilled
23:43:12 core.sweep_detector INFO: SweepDetector v2: 0 raw → 0 confirmed (vol≥2.5× body≥30%)
23:43:12 core.sweep_detector INFO: OrderBlocks: 3 detected, 1 unmitigated
23:43:12 core.sweep_detector INFO: FVGs: 12 detected, 2 unfilled
23:43:13 core.sweep_detector INFO: SweepDetector v2: 0 raw → 0 confirmed (vol≥2.5× body≥30%)
23:43:13 core.sweep_detector INFO: OrderBlocks: 4 detected, 0 unmitigated
23:43:13 core.sweep_detector INFO: FVGs: 9 detected, 1 unfilled
23:43:15 core.sweep_detector INFO: SweepDetector v2: 2 raw → 2 confirmed (vol≥2.5× body≥30%)
23:43:15 core.sweep_detector INFO: OrderBlocks: 4 detected, 2 unmitigated
23:43:15 core.sweep_detector INFO: FVGs: 9 detected, 2 unfilled
23:43:16 core.sweep_detector INFO: SweepDetector v2: 0 raw → 0 confirmed (vol≥2.5× body≥30%)
23:43:16 core.sweep_detector INFO: OrderBlocks: 7 detected, 3 unmitigated
23:43:16 core.sweep_detector INFO: FVGs: 11 detected, 6 unfilled
23:43:18 core.sweep_detector INFO: SweepDetector v2: 0 raw → 0 confirmed (vol≥2.5× body≥30%)
23:43:18 core.sweep_detector INFO: OrderBlocks: 2 detected, 1 unmitigated
23:43:18 core.sweep_detector INFO: FVGs: 10 detected, 2 unfilled
23:43:19 core.sweep_detector INFO: SweepDetector v2: 1 raw → 1 confirmed (vol≥2.5× body≥30%)
23:43:19 core.sweep_detector INFO: OrderBlocks: 8 detected, 1 unmitigated
23:43:19 core.sweep_detector INFO: FVGs: 12 detected, 1 unfilled
23:43:21 core.sweep_detector INFO: SweepDetector v2: 9 raw → 6 confirmed (vol≥2.5× body≥30%)
23:43:21 core.sweep_detector INFO: OrderBlocks: 7 detected, 2 unmitigated
23:43:21 core.sweep_detector INFO: FVGs: 10 detected, 7 unfilled
23:43:23 core.sweep_detector INFO: SweepDetector v2: 4 raw → 3 confirmed (vol≥2.5× body≥30%)
23:43:23 core.sweep_detector INFO: OrderBlocks: 5 detected, 1 unmitigated
23:43:23 core.sweep_detector INFO: FVGs: 8 detected, 3 unfilled
23:43:24 core.sweep_detector INFO: SweepDetector v2: 1 raw → 0 confirmed (vol≥2.5× body≥30%)
23:43:24 core.sweep_detector INFO: OrderBlocks: 6 detected, 1 unmitigated
23:43:24 core.sweep_detector INFO: FVGs: 6 detected, 1 unfilled
23:43:26 core.sweep_detector INFO: SweepDetector v2: 1 raw → 0 confirmed (vol≥2.5× body≥30%)
23:43:26 core.sweep_detector INFO: OrderBlocks: 7 detected, 1 unmitigated
23:43:26 core.sweep_detector INFO: FVGs: 7 detected, 0 unfilled
23:43:28 core.sweep_detector INFO: SweepDetector v2: 2 raw → 1 confirmed (vol≥2.5× body≥30%)
23:43:28 core.sweep_detector INFO: OrderBlocks: 1 detected, 0 unmitigated
23:43:28 core.sweep_detector INFO: FVGs: 7 detected, 1 unfilled
23:43:30 core.sweep_detector INFO: SweepDetector v2: 1 raw → 1 confirmed (vol≥2.5× body≥30%)
23:43:30 core.sweep_detector INFO: OrderBlocks: 7 detected, 2 unmitigated
23:43:30 core.sweep_detector INFO: FVGs: 5 detected, 1 unfilled
23:43:32 core.sweep_detector INFO: SweepDetector v2: 1 raw → 1 confirmed (vol≥2.5× body≥30%)
23:43:32 core.sweep_detector INFO: OrderBlocks: 4 detected, 2 unmitigated
23:43:32 core.sweep_detector INFO: FVGs: 8 detected, 4 unfilled
23:43:34 core.sweep_detector INFO: SweepDetector v2: 2 raw → 1 confirmed (vol≥2.5× body≥30%)
23:43:34 core.sweep_detector INFO: OrderBlocks: 4 detected, 0 unmitigated
23:43:34 core.sweep_detector INFO: FVGs: 5 detected, 1 unfilled
23:43:35 core.sweep_detector INFO: SweepDetector v2: 1 raw → 1 confirmed (vol≥2.5× body≥30%)
23:43:35 core.sweep_detector INFO: OrderBlocks: 4 detected, 1 unmitigated
23:43:35 core.sweep_detector INFO: FVGs: 4 detected, 1 unfilled
23:43:37 core.sweep_detector INFO: SweepDetector v2: 0 raw → 0 confirmed (vol≥2.5× body≥30%)
23:43:37 core.sweep_detector INFO: OrderBlocks: 7 detected, 2 unmitigated
23:43:37 core.sweep_detector INFO: FVGs: 4 detected, 2 unfilled
23:43:38 core.sweep_detector INFO: SweepDetector v2: 2 raw → 2 confirmed (vol≥2.5× body≥30%)
23:43:38 core.sweep_detector INFO: OrderBlocks: 3 detected, 0 unmitigated
23:43:38 core.sweep_detector INFO: FVGs: 7 detected, 2 unfilled
23:43:40 core.sweep_detector INFO: SweepDetector v2: 1 raw → 1 confirmed (vol≥2.5× body≥30%)
23:43:40 core.sweep_detector INFO: OrderBlocks: 7 detected, 1 unmitigated
23:43:40 core.sweep_detector INFO: FVGs: 5 detected, 2 unfilled
23:43:41 core.sweep_detector INFO: SweepDetector v2: 1 raw → 1 confirmed (vol≥2.5× body≥30%)
23:43:42 core.sweep_detector INFO: OrderBlocks: 7 detected, 2 unmitigated
23:43:42 core.sweep_detector INFO: FVGs: 4 detected, 3 unfilled
23:43:43 core.sweep_detector INFO: SweepDetector v2: 3 raw → 2 confirmed (vol≥2.5× body≥30%)
23:43:43 core.sweep_detector INFO: OrderBlocks: 2 detected, 0 unmitigated
23:43:43 core.sweep_detector INFO: FVGs: 4 detected, 1 unfilled
23:43:45 core.sweep_detector INFO: SweepDetector v2: 1 raw → 1 confirmed (vol≥2.5× body≥30%)
23:43:45 core.sweep_detector INFO: OrderBlocks: 6 detected, 2 unmitigated
23:43:45 core.sweep_detector INFO: FVGs: 5 detected, 1 unfilled
23:43:47 core.sweep_detector INFO: SweepDetector v2: 0 raw → 0 confirmed (vol≥2.5× body≥30%)
23:43:47 core.sweep_detector INFO: OrderBlocks: 3 detected, 1 unmitigated
23:43:47 core.sweep_detector INFO: FVGs: 12 detected, 4 unfilled
23:43:49 core.sweep_detector INFO: SweepDetector v2: 1 raw → 1 confirmed (vol≥2.5× body≥30%)
23:43:49 core.sweep_detector INFO: OrderBlocks: 8 detected, 2 unmitigated
23:43:49 core.sweep_detector INFO: FVGs: 11 detected, 5 unfilled
23:43:50 core.sweep_detector INFO: SweepDetector v2: 2 raw → 0 confirmed (vol≥2.5× body≥30%)
23:43:50 core.sweep_detector INFO: OrderBlocks: 5 detected, 0 unmitigated
23:43:50 core.sweep_detector INFO: FVGs: 3 detected, 1 unfilled
23:43:52 core.sweep_detector INFO: SweepDetector v2: 3 raw → 2 confirmed (vol≥2.5× body≥30%)
23:43:52 core.sweep_detector INFO: OrderBlocks: 10 detected, 2 unmitigated
23:43:52 core.sweep_detector INFO: FVGs: 13 detected, 1 unfilled
23:43:54 core.sweep_detector INFO: SweepDetector v2: 3 raw → 2 confirmed (vol≥2.5× body≥30%)
23:43:54 core.sweep_detector INFO: OrderBlocks: 7 detected, 1 unmitigated
23:43:54 core.sweep_detector INFO: FVGs: 10 detected, 2 unfilled
23:43:56 core.sweep_detector INFO: SweepDetector v2: 2 raw → 2 confirmed (vol≥2.5× body≥30%)
23:43:56 core.sweep_detector INFO: OrderBlocks: 6 detected, 2 unmitigated
23:43:56 core.sweep_detector INFO: FVGs: 4 detected, 1 unfilled
23:43:57 core.sweep_detector INFO: SweepDetector v2: 2 raw → 2 confirmed (vol≥2.5× body≥30%)
23:43:57 core.sweep_detector INFO: OrderBlocks: 13 detected, 1 unmitigated
23:43:57 core.sweep_detector INFO: FVGs: 16 detected, 3 unfilled
23:43:59 core.sweep_detector INFO: SweepDetector v2: 3 raw → 3 confirmed (vol≥2.5× body≥30%)
23:43:59 core.sweep_detector INFO: OrderBlocks: 4 detected, 2 unmitigated
23:43:59 core.sweep_detector INFO: FVGs: 5 detected, 2 unfilled
23:44:01 core.sweep_detector INFO: SweepDetector v2: 3 raw → 2 confirmed (vol≥2.5× body≥30%)
23:44:01 core.sweep_detector INFO: OrderBlocks: 7 detected, 1 unmitigated
23:44:01 core.sweep_detector INFO: FVGs: 4 detected, 2 unfilled
23:44:03 core.sweep_detector INFO: SweepDetector v2: 6 raw → 3 confirmed (vol≥2.5× body≥30%)
23:44:03 core.sweep_detector INFO: OrderBlocks: 6 detected, 4 unmitigated
23:44:03 core.sweep_detector INFO: FVGs: 10 detected, 4 unfilled
23:44:04 core.sweep_detector INFO: SweepDetector v2: 5 raw → 4 confirmed (vol≥2.5× body≥30%)
23:44:04 core.sweep_detector INFO: OrderBlocks: 5 detected, 1 unmitigated
23:44:04 core.sweep_detector INFO: FVGs: 8 detected, 3 unfilled
23:44:06 core.sweep_detector INFO: SweepDetector v2: 1 raw → 1 confirmed (vol≥2.5× body≥30%)
23:44:06 core.sweep_detector INFO: OrderBlocks: 5 detected, 1 unmitigated
23:44:06 core.sweep_detector INFO: FVGs: 7 detected, 1 unfilled
23:44:07 core.sweep_detector INFO: SweepDetector v2: 1 raw → 1 confirmed (vol≥2.5× body≥30%)
23:44:07 core.sweep_detector INFO: OrderBlocks: 4 detected, 3 unmitigated
23:44:07 core.sweep_detector INFO: FVGs: 7 detected, 3 unfilled
23:44:09 core.sweep_detector INFO: SweepDetector v2: 3 raw → 3 confirmed (vol≥2.5× body≥30%)
23:44:09 core.sweep_detector INFO: OrderBlocks: 3 detected, 0 unmitigated
23:44:09 core.sweep_detector INFO: FVGs: 7 detected, 2 unfilled
23:44:11 core.sweep_detector INFO: SweepDetector v2: 2 raw → 2 confirmed (vol≥2.5× body≥30%)
23:44:11 core.sweep_detector INFO: OrderBlocks: 5 detected, 1 unmitigated
23:44:11 core.sweep_detector INFO: FVGs: 7 detected, 2 unfilled
23:44:12 core.sweep_detector INFO: SweepDetector v2: 1 raw → 1 confirmed (vol≥2.5× body≥30%)
23:44:12 core.sweep_detector INFO: OrderBlocks: 6 detected, 3 unmitigated
23:44:12 core.sweep_detector INFO: FVGs: 10 detected, 5 unfilled
23:44:14 core.sweep_detector INFO: SweepDetector v2: 2 raw → 0 confirmed (vol≥2.5× body≥30%)
23:44:14 core.sweep_detector INFO: OrderBlocks: 5 detected, 0 unmitigated
23:44:14 core.sweep_detector INFO: FVGs: 11 detected, 0 unfilled
23:44:15 core.sweep_detector INFO: SweepDetector v2: 1 raw → 1 confirmed (vol≥2.5× body≥30%)
23:44:15 core.sweep_detector INFO: OrderBlocks: 9 detected, 1 unmitigated
23:44:15 core.sweep_detector INFO: FVGs: 6 detected, 0 unfilled
23:44:17 core.sweep_detector INFO: SweepDetector v2: 3 raw → 2 confirmed (vol≥2.5× body≥30%)
23:44:17 core.sweep_detector INFO: OrderBlocks: 4 detected, 0 unmitigated
23:44:17 core.sweep_detector INFO: FVGs: 7 detected, 0 unfilled
23:44:19 core.sweep_detector INFO: SweepDetector v2: 3 raw → 3 confirmed (vol≥2.5× body≥30%)
23:44:19 core.sweep_detector INFO: OrderBlocks: 3 detected, 1 unmitigated
23:44:19 core.sweep_detector INFO: FVGs: 4 detected, 1 unfilled
23:44:20 core.sweep_detector INFO: SweepDetector v2: 0 raw → 0 confirmed (vol≥2.5× body≥30%)
23:44:20 core.sweep_detector INFO: OrderBlocks: 8 detected, 2 unmitigated
23:44:20 core.sweep_detector INFO: FVGs: 1 detected, 0 unfilled
23:44:22 core.sweep_detector INFO: SweepDetector v2: 0 raw → 0 confirmed (vol≥2.5× body≥30%)
23:44:22 core.sweep_detector INFO: OrderBlocks: 6 detected, 3 unmitigated
23:44:22 core.sweep_detector INFO: FVGs: 10 detected, 4 unfilled
23:44:23 core.sweep_detector INFO: SweepDetector v2: 4 raw → 3 confirmed (vol≥2.5× body≥30%)
23:44:23 core.sweep_detector INFO: OrderBlocks: 3 detected, 0 unmitigated
23:44:23 core.sweep_detector INFO: FVGs: 6 detected, 2 unfilled
23:44:25 core.sweep_detector INFO: SweepDetector v2: 2 raw → 2 confirmed (vol≥2.5× body≥30%)
23:44:25 core.sweep_detector INFO: OrderBlocks: 2 detected, 1 unmitigated
23:44:25 core.sweep_detector INFO: FVGs: 6 detected, 2 unfilled
23:44:26 core.sweep_detector INFO: SweepDetector v2: 1 raw → 1 confirmed (vol≥2.5× body≥30%)
23:44:26 core.sweep_detector INFO: OrderBlocks: 3 detected, 1 unmitigated
23:44:26 core.sweep_detector INFO: FVGs: 5 detected, 1 unfilled
23:44:28 core.sweep_detector INFO: SweepDetector v2: 3 raw → 3 confirmed (vol≥2.5× body≥30%)
23:44:28 core.sweep_detector INFO: OrderBlocks: 2 detected, 0 unmitigated
23:44:28 core.sweep_detector INFO: FVGs: 4 detected, 1 unfilled
23:44:30 core.sweep_detector INFO: SweepDetector v2: 2 raw → 2 confirmed (vol≥2.5× body≥30%)
23:44:30 core.sweep_detector INFO: OrderBlocks: 2 detected, 1 unmitigated
23:44:30 core.sweep_detector INFO: FVGs: 2 detected, 0 unfilled
23:44:30 __main__ INFO: Pending signal #38: binance:PEPE/USDT long entry=3.21e-06 current=3.27e-06 dist=1.83% expires=2h
23:44:30 alerts.telegram INFO: Alert suppressed (binance:PEPE/USDT long): conf 0.65 < threshold 0.80
23:44:32 core.sweep_detector INFO: SweepDetector v2: 2 raw → 2 confirmed (vol≥2.5× body≥30%)
23:44:32 core.sweep_detector INFO: OrderBlocks: 8 detected, 3 unmitigated
23:44:32 core.sweep_detector INFO: FVGs: 9 detected, 2 unfilled
23:44:33 core.sweep_detector INFO: SweepDetector v2: 4 raw → 2 confirmed (vol≥2.5× body≥30%)
23:44:33 core.sweep_detector INFO: OrderBlocks: 2 detected, 1 unmitigated
23:44:33 core.sweep_detector INFO: FVGs: 9 detected, 2 unfilled
23:44:36 core.sweep_detector INFO: SweepDetector v2: 3 raw → 1 confirmed (vol≥2.5× body≥30%)
23:44:36 core.sweep_detector INFO: OrderBlocks: 5 detected, 1 unmitigated
23:44:36 core.sweep_detector INFO: FVGs: 6 detected, 2 unfilled
23:44:38 core.sweep_detector INFO: SweepDetector v2: 1 raw → 0 confirmed (vol≥2.5× body≥30%)
23:44:38 core.sweep_detector INFO: OrderBlocks: 5 detected, 1 unmitigated
23:44:38 core.sweep_detector INFO: FVGs: 5 detected, 2 unfilled
23:44:39 core.sweep_detector INFO: SweepDetector v2: 4 raw → 4 confirmed (vol≥2.5× body≥30%)
23:44:39 core.sweep_detector INFO: OrderBlocks: 2 detected, 1 unmitigated
23:44:39 core.sweep_detector INFO: FVGs: 8 detected, 2 unfilled
23:44:41 core.sweep_detector INFO: SweepDetector v2: 1 raw → 1 confirmed (vol≥2.5× body≥30%)
23:44:41 core.sweep_detector INFO: OrderBlocks: 3 detected, 1 unmitigated
23:44:41 core.sweep_detector INFO: FVGs: 8 detected, 3 unfilled
23:44:42 core.sweep_detector INFO: SweepDetector v2: 3 raw → 2 confirmed (vol≥2.5× body≥30%)
23:44:42 core.sweep_detector INFO: OrderBlocks: 3 detected, 0 unmitigated
23:44:42 core.sweep_detector INFO: FVGs: 5 detected, 0 unfilled
23:44:44 core.sweep_detector INFO: SweepDetector v2: 3 raw → 3 confirmed (vol≥2.5× body≥30%)
23:44:44 core.sweep_detector INFO: OrderBlocks: 1 detected, 0 unmitigated
23:44:44 core.sweep_detector INFO: FVGs: 7 detected, 1 unfilled
23:44:46 core.sweep_detector INFO: SweepDetector v2: 2 raw → 2 confirmed (vol≥2.5× body≥30%)
23:44:46 core.sweep_detector INFO: OrderBlocks: 2 detected, 0 unmitigated
23:44:46 core.sweep_detector INFO: FVGs: 7 detected, 1 unfilled
23:44:47 core.sweep_detector INFO: SweepDetector v2: 2 raw → 2 confirmed (vol≥2.5× body≥30%)
23:44:47 core.sweep_detector INFO: OrderBlocks: 6 detected, 3 unmitigated
23:44:47 core.sweep_detector INFO: FVGs: 9 detected, 2 unfilled
23:44:49 core.sweep_detector INFO: SweepDetector v2: 1 raw → 1 confirmed (vol≥2.5× body≥30%)
23:44:49 core.sweep_detector INFO: OrderBlocks: 4 detected, 1 unmitigated
23:44:49 core.sweep_detector INFO: FVGs: 7 detected, 2 unfilled
23:44:51 core.sweep_detector INFO: SweepDetector v2: 1 raw → 1 confirmed (vol≥2.5× body≥30%)
23:44:51 core.sweep_detector INFO: OrderBlocks: 6 detected, 3 unmitigated
23:44:51 core.sweep_detector INFO: FVGs: 7 detected, 3 unfilled
23:44:52 core.sweep_detector INFO: SweepDetector v2: 0 raw → 0 confirmed (vol≥2.5× body≥30%)
23:44:52 core.sweep_detector INFO: OrderBlocks: 1 detected, 0 unmitigated
23:44:52 core.sweep_detector INFO: FVGs: 0 detected, 0 unfilled
23:44:54 core.sweep_detector INFO: SweepDetector v2: 0 raw → 0 confirmed (vol≥2.5× body≥30%)
23:44:54 core.sweep_detector INFO: OrderBlocks: 0 detected, 0 unmitigated
23:44:54 core.sweep_detector INFO: FVGs: 0 detected, 0 unfilled
23:44:56 core.sweep_detector INFO: SweepDetector v2: 0 raw → 0 confirmed (vol≥2.5× body≥30%)
23:44:56 core.sweep_detector INFO: OrderBlocks: 0 detected, 0 unmitigated
23:44:56 core.sweep_detector INFO: FVGs: 0 detected, 0 unfilled
23:44:59 core.sweep_detector INFO: SweepDetector v2: 2 raw → 2 confirmed (vol≥2.5× body≥30%)
23:44:59 core.sweep_detector INFO: OrderBlocks: 5 detected, 2 unmitigated
23:44:59 core.sweep_detector INFO: FVGs: 6 detected, 1 unfilled
23:45:00 core.sweep_detector INFO: SweepDetector v2: 3 raw → 3 confirmed (vol≥2.5× body≥30%)
23:45:00 core.sweep_detector INFO: OrderBlocks: 4 detected, 0 unmitigated
23:45:00 core.sweep_detector INFO: FVGs: 9 detected, 1 unfilled
23:45:02 core.sweep_detector INFO: SweepDetector v2: 1 raw → 1 confirmed (vol≥2.5× body≥30%)
23:45:02 core.sweep_detector INFO: OrderBlocks: 8 detected, 3 unmitigated
23:45:02 core.sweep_detector INFO: FVGs: 9 detected, 4 unfilled
23:45:04 core.sweep_detector INFO: SweepDetector v2: 2 raw → 1 confirmed (vol≥2.5× body≥30%)
23:45:04 core.sweep_detector INFO: OrderBlocks: 6 detected, 1 unmitigated
23:45:04 core.sweep_detector INFO: FVGs: 12 detected, 2 unfilled
23:45:06 core.sweep_detector INFO: SweepDetector v2: 1 raw → 0 confirmed (vol≥2.5× body≥30%)
23:45:06 core.sweep_detector INFO: OrderBlocks: 1 detected, 1 unmitigated
23:45:06 core.sweep_detector INFO: FVGs: 8 detected, 5 unfilled
23:45:08 core.sweep_detector INFO: SweepDetector v2: 1 raw → 0 confirmed (vol≥2.5× body≥30%)
23:45:08 core.sweep_detector INFO: OrderBlocks: 6 detected, 2 unmitigated
23:45:08 core.sweep_detector INFO: FVGs: 9 detected, 1 unfilled
23:45:10 core.sweep_detector INFO: SweepDetector v2: 0 raw → 0 confirmed (vol≥2.5× body≥30%)
23:45:10 core.sweep_detector INFO: OrderBlocks: 4 detected, 2 unmitigated
23:45:10 core.sweep_detector INFO: FVGs: 11 detected, 8 unfilled
23:45:12 core.sweep_detector INFO: SweepDetector v2: 0 raw → 0 confirmed (vol≥2.5× body≥30%)
23:45:12 core.sweep_detector INFO: OrderBlocks: 2 detected, 0 unmitigated
23:45:12 core.sweep_detector INFO: FVGs: 5 detected, 1 unfilled
23:45:15 core.sweep_detector INFO: SweepDetector v2: 2 raw → 2 confirmed (vol≥2.5× body≥30%)
23:45:15 core.sweep_detector INFO: OrderBlocks: 4 detected, 2 unmitigated
23:45:15 core.sweep_detector INFO: FVGs: 1 detected, 1 unfilled
23:45:17 core.sweep_detector INFO: SweepDetector v2: 5 raw → 3 confirmed (vol≥2.5× body≥30%)
23:45:17 core.sweep_detector INFO: OrderBlocks: 8 detected, 2 unmitigated
23:45:17 core.sweep_detector INFO: FVGs: 9 detected, 2 unfilled
23:45:30 core.data_fetcher ERROR: Fetch OHLCV failed: binance GET https://api.binance.com/api/v3/klines?interval=1h&limit=300&symbol=SENTUSDT
23:45:30 __main__ ERROR: Error scanning binance:SENT/USDT 1h: binance GET https://api.binance.com/api/v3/klines?interval=1h&limit=300&symbol=SENTUSDT
23:45:33 core.sweep_detector INFO: SweepDetector v2: 1 raw → 1 confirmed (vol≥2.5× body≥30%)
23:45:33 core.sweep_detector INFO: OrderBlocks: 3 detected, 0 unmitigated
23:45:33 core.sweep_detector INFO: FVGs: 8 detected, 5 unfilled
23:45:37 core.sweep_detector INFO: SweepDetector v2: 0 raw → 0 confirmed (vol≥2.5× body≥30%)
23:45:37 core.sweep_detector INFO: OrderBlocks: 5 detected, 1 unmitigated
23:45:37 core.sweep_detector INFO: FVGs: 8 detected, 3 unfilled
23:45:38 core.sweep_detector INFO: SweepDetector v2: 3 raw → 3 confirmed (vol≥2.5× body≥30%)
23:45:38 core.sweep_detector INFO: OrderBlocks: 3 detected, 2 unmitigated
23:45:38 core.sweep_detector INFO: FVGs: 6 detected, 2 unfilled
23:45:40 core.sweep_detector INFO: SweepDetector v2: 1 raw → 1 confirmed (vol≥2.5× body≥30%)
23:45:40 core.sweep_detector INFO: OrderBlocks: 2 detected, 1 unmitigated
23:45:40 core.sweep_detector INFO: FVGs: 2 detected, 1 unfilled
23:45:42 core.sweep_detector INFO: SweepDetector v2: 1 raw → 1 confirmed (vol≥2.5× body≥30%)
23:45:42 core.sweep_detector INFO: OrderBlocks: 3 detected, 2 unmitigated
23:45:42 core.sweep_detector INFO: FVGs: 12 detected, 8 unfilled
23:45:43 core.sweep_detector INFO: SweepDetector v2: 1 raw → 1 confirmed (vol≥2.5× body≥30%)
23:45:43 core.sweep_detector INFO: OrderBlocks: 1 detected, 1 unmitigated
23:45:43 core.sweep_detector INFO: FVGs: 0 detected, 0 unfilled
23:45:45 core.sweep_detector INFO: SweepDetector v2: 3 raw → 3 confirmed (vol≥2.5× body≥30%)
23:45:45 core.sweep_detector INFO: OrderBlocks: 9 detected, 2 unmitigated
23:45:45 core.sweep_detector INFO: FVGs: 9 detected, 4 unfilled
23:45:47 core.sweep_detector INFO: SweepDetector v2: 1 raw → 0 confirmed (vol≥2.5× body≥30%)
23:45:47 core.sweep_detector INFO: OrderBlocks: 7 detected, 1 unmitigated
23:45:47 core.sweep_detector INFO: FVGs: 8 detected, 3 unfilled
23:45:50 core.sweep_detector INFO: SweepDetector v2: 3 raw → 1 confirmed (vol≥2.5× body≥30%)
23:45:50 core.sweep_detector INFO: OrderBlocks: 3 detected, 2 unmitigated
23:45:50 core.sweep_detector INFO: FVGs: 7 detected, 2 unfilled
23:45:51 core.sweep_detector INFO: SweepDetector v2: 1 raw → 1 confirmed (vol≥2.5× body≥30%)
23:45:51 core.sweep_detector INFO: OrderBlocks: 7 detected, 1 unmitigated
23:45:51 core.sweep_detector INFO: FVGs: 6 detected, 3 unfilled
23:45:53 core.sweep_detector INFO: SweepDetector v2: 4 raw → 3 confirmed (vol≥2.5× body≥30%)
23:45:53 core.sweep_detector INFO: OrderBlocks: 7 detected, 2 unmitigated
23:45:53 core.sweep_detector INFO: FVGs: 9 detected, 2 unfilled
23:45:54 core.sweep_detector INFO: SweepDetector v2: 2 raw → 1 confirmed (vol≥2.5× body≥30%)
23:45:54 core.sweep_detector INFO: OrderBlocks: 5 detected, 3 unmitigated
23:45:54 core.sweep_detector INFO: FVGs: 15 detected, 5 unfilled
23:45:56 core.sweep_detector INFO: SweepDetector v2: 3 raw → 2 confirmed (vol≥2.5× body≥30%)
23:45:56 core.sweep_detector INFO: OrderBlocks: 5 detected, 0 unmitigated
23:45:56 core.sweep_detector INFO: FVGs: 9 detected, 2 unfilled
23:45:58 core.sweep_detector INFO: SweepDetector v2: 7 raw → 5 confirmed (vol≥2.5× body≥30%)
23:45:58 core.sweep_detector INFO: OrderBlocks: 6 detected, 5 unmitigated
23:45:58 core.sweep_detector INFO: FVGs: 13 detected, 8 unfilled
23:45:59 core.sweep_detector INFO: SweepDetector v2: 2 raw → 1 confirmed (vol≥2.5× body≥30%)
23:45:59 core.sweep_detector INFO: OrderBlocks: 1 detected, 0 unmitigated
23:45:59 core.sweep_detector INFO: FVGs: 6 detected, 2 unfilled
23:46:01 core.sweep_detector INFO: SweepDetector v2: 3 raw → 3 confirmed (vol≥2.5× body≥30%)
23:46:01 core.sweep_detector INFO: OrderBlocks: 3 detected, 1 unmitigated
23:46:01 core.sweep_detector INFO: FVGs: 7 detected, 1 unfilled
23:46:03 core.sweep_detector INFO: SweepDetector v2: 0 raw → 0 confirmed (vol≥2.5× body≥30%)
23:46:03 core.sweep_detector INFO: OrderBlocks: 6 detected, 4 unmitigated
23:46:03 core.sweep_detector INFO: FVGs: 13 detected, 6 unfilled
23:46:04 core.sweep_detector INFO: SweepDetector v2: 3 raw → 2 confirmed (vol≥2.5× body≥30%)
23:46:04 core.sweep_detector INFO: OrderBlocks: 3 detected, 3 unmitigated
23:46:04 core.sweep_detector INFO: FVGs: 6 detected, 4 unfilled
23:46:06 core.sweep_detector INFO: SweepDetector v2: 2 raw → 1 confirmed (vol≥2.5× body≥30%)
23:46:06 core.sweep_detector INFO: OrderBlocks: 9 detected, 2 unmitigated
23:46:06 core.sweep_detector INFO: FVGs: 6 detected, 2 unfilled
23:46:08 core.sweep_detector INFO: SweepDetector v2: 3 raw → 3 confirmed (vol≥2.5× body≥30%)
23:46:08 core.sweep_detector INFO: OrderBlocks: 3 detected, 1 unmitigated
23:46:08 core.sweep_detector INFO: FVGs: 4 detected, 1 unfilled
23:46:10 core.sweep_detector INFO: SweepDetector v2: 3 raw → 2 confirmed (vol≥2.5× body≥30%)
23:46:10 core.sweep_detector INFO: OrderBlocks: 5 detected, 0 unmitigated
23:46:10 core.sweep_detector INFO: FVGs: 4 detected, 0 unfilled
23:46:11 core.sweep_detector INFO: SweepDetector v2: 1 raw → 1 confirmed (vol≥2.5× body≥30%)
23:46:11 core.sweep_detector INFO: OrderBlocks: 6 detected, 2 unmitigated
23:46:11 core.sweep_detector INFO: FVGs: 7 detected, 1 unfilled
23:46:13 core.sweep_detector INFO: SweepDetector v2: 4 raw → 3 confirmed (vol≥2.5× body≥30%)
23:46:13 core.sweep_detector INFO: OrderBlocks: 1 detected, 1 unmitigated
23:46:13 core.sweep_detector INFO: FVGs: 12 detected, 8 unfilled
23:46:14 core.sweep_detector INFO: SweepDetector v2: 2 raw → 2 confirmed (vol≥2.5× body≥30%)
23:46:14 core.sweep_detector INFO: OrderBlocks: 4 detected, 1 unmitigated
23:46:14 core.sweep_detector INFO: FVGs: 9 detected, 3 unfilled
23:46:16 core.sweep_detector INFO: SweepDetector v2: 2 raw → 1 confirmed (vol≥2.5× body≥30%)
23:46:16 core.sweep_detector INFO: OrderBlocks: 4 detected, 1 unmitigated
23:46:16 core.sweep_detector INFO: FVGs: 9 detected, 5 unfilled
23:46:18 core.sweep_detector INFO: SweepDetector v2: 1 raw → 0 confirmed (vol≥2.5× body≥30%)
23:46:18 core.sweep_detector INFO: OrderBlocks: 3 detected, 0 unmitigated
23:46:18 core.sweep_detector INFO: FVGs: 12 detected, 5 unfilled
23:46:20 core.sweep_detector INFO: SweepDetector v2: 1 raw → 1 confirmed (vol≥2.5× body≥30%)
23:46:20 core.sweep_detector INFO: OrderBlocks: 2 detected, 0 unmitigated
23:46:20 core.sweep_detector INFO: FVGs: 3 detected, 1 unfilled
23:46:21 core.sweep_detector INFO: SweepDetector v2: 2 raw → 2 confirmed (vol≥2.5× body≥30%)
23:46:21 core.sweep_detector INFO: OrderBlocks: 1 detected, 0 unmitigated
23:46:21 core.sweep_detector INFO: FVGs: 4 detected, 1 unfilled
23:46:23 core.sweep_detector INFO: SweepDetector v2: 1 raw → 0 confirmed (vol≥2.5× body≥30%)
23:46:23 core.sweep_detector INFO: OrderBlocks: 5 detected, 3 unmitigated
23:46:23 core.sweep_detector INFO: FVGs: 10 detected, 6 unfilled
23:46:25 core.sweep_detector INFO: SweepDetector v2: 2 raw → 2 confirmed (vol≥2.5× body≥30%)
23:46:25 core.sweep_detector INFO: OrderBlocks: 4 detected, 2 unmitigated
23:46:25 core.sweep_detector INFO: FVGs: 11 detected, 4 unfilled
23:46:27 core.sweep_detector INFO: SweepDetector v2: 3 raw → 2 confirmed (vol≥2.5× body≥30%)
23:46:27 core.sweep_detector INFO: OrderBlocks: 5 detected, 1 unmitigated
23:46:27 core.sweep_detector INFO: FVGs: 5 detected, 2 unfilled
23:46:28 core.sweep_detector INFO: SweepDetector v2: 0 raw → 0 confirmed (vol≥2.5× body≥30%)
23:46:28 core.sweep_detector INFO: OrderBlocks: 10 detected, 2 unmitigated
23:46:28 core.sweep_detector INFO: FVGs: 11 detected, 2 unfilled
23:46:30 core.sweep_detector INFO: SweepDetector v2: 1 raw → 1 confirmed (vol≥2.5× body≥30%)
23:46:30 core.sweep_detector INFO: OrderBlocks: 5 detected, 4 unmitigated
23:46:30 core.sweep_detector INFO: FVGs: 7 detected, 4 unfilled
23:46:31 core.sweep_detector INFO: SweepDetector v2: 0 raw → 0 confirmed (vol≥2.5× body≥30%)
23:46:31 core.sweep_detector INFO: OrderBlocks: 4 detected, 2 unmitigated
23:46:31 core.sweep_detector INFO: FVGs: 4 detected, 3 unfilled
23:46:33 core.sweep_detector INFO: SweepDetector v2: 0 raw → 0 confirmed (vol≥2.5× body≥30%)
23:46:33 core.sweep_detector INFO: OrderBlocks: 3 detected, 0 unmitigated
23:46:33 core.sweep_detector INFO: FVGs: 0 detected, 0 unfilled
23:46:34 core.sweep_detector INFO: SweepDetector v2: 0 raw → 0 confirmed (vol≥2.5× body≥30%)
23:46:34 core.sweep_detector INFO: OrderBlocks: 0 detected, 0 unmitigated
23:46:34 core.sweep_detector INFO: FVGs: 0 detected, 0 unfilled
23:46:36 core.sweep_detector INFO: SweepDetector v2: 0 raw → 0 confirmed (vol≥2.5× body≥30%)
23:46:36 core.sweep_detector INFO: OrderBlocks: 0 detected, 0 unmitigated
23:46:36 core.sweep_detector INFO: FVGs: 0 detected, 0 unfilled
23:46:38 core.sweep_detector INFO: SweepDetector v2: 1 raw → 1 confirmed (vol≥2.5× body≥30%)
23:46:38 core.sweep_detector INFO: OrderBlocks: 5 detected, 2 unmitigated
23:46:38 core.sweep_detector INFO: FVGs: 8 detected, 4 unfilled
23:46:40 core.sweep_detector INFO: SweepDetector v2: 2 raw → 2 confirmed (vol≥2.5× body≥30%)
23:46:40 core.sweep_detector INFO: OrderBlocks: 5 detected, 0 unmitigated
23:46:40 core.sweep_detector INFO: FVGs: 6 detected, 1 unfilled
23:46:41 core.sweep_detector INFO: SweepDetector v2: 2 raw → 2 confirmed (vol≥2.5× body≥30%)
23:46:41 core.sweep_detector INFO: OrderBlocks: 6 detected, 1 unmitigated
23:46:41 core.sweep_detector INFO: FVGs: 3 detected, 1 unfilled
23:46:43 core.sweep_detector INFO: SweepDetector v2: 1 raw → 1 confirmed (vol≥2.5× body≥30%)
23:46:43 core.sweep_detector INFO: OrderBlocks: 2 detected, 0 unmitigated
23:46:43 core.sweep_detector INFO: FVGs: 0 detected, 0 unfilled
23:46:44 core.sweep_detector INFO: SweepDetector v2: 0 raw → 0 confirmed (vol≥2.5× body≥30%)
23:46:44 core.sweep_detector INFO: OrderBlocks: 1 detected, 0 unmitigated
23:46:44 core.sweep_detector INFO: FVGs: 0 detected, 0 unfilled
23:46:46 core.sweep_detector INFO: SweepDetector v2: 0 raw → 0 confirmed (vol≥2.5× body≥30%)
23:46:46 core.sweep_detector INFO: OrderBlocks: 0 detected, 0 unmitigated
23:46:46 core.sweep_detector INFO: FVGs: 0 detected, 0 unfilled
23:46:48 core.sweep_detector INFO: SweepDetector v2: 0 raw → 0 confirmed (vol≥2.5× body≥30%)
23:46:48 core.sweep_detector INFO: OrderBlocks: 3 detected, 0 unmitigated
23:46:48 core.sweep_detector INFO: FVGs: 0 detected, 0 unfilled
23:46:49 core.sweep_detector INFO: SweepDetector v2: 0 raw → 0 confirmed (vol≥2.5× body≥30%)
23:46:49 core.sweep_detector INFO: OrderBlocks: 0 detected, 0 unmitigated
23:46:49 core.sweep_detector INFO: FVGs: 0 detected, 0 unfilled
23:46:51 core.sweep_detector INFO: SweepDetector v2: 0 raw → 0 confirmed (vol≥2.5× body≥30%)
23:46:51 core.sweep_detector INFO: OrderBlocks: 0 detected, 0 unmitigated
23:46:51 core.sweep_detector INFO: FVGs: 0 detected, 0 unfilled
23:46:52 core.sweep_detector INFO: SweepDetector v2: 0 raw → 0 confirmed (vol≥2.5× body≥30%)
23:46:52 core.sweep_detector INFO: OrderBlocks: 8 detected, 1 unmitigated
23:46:52 core.sweep_detector INFO: FVGs: 6 detected, 3 unfilled
23:46:54 core.sweep_detector INFO: SweepDetector v2: 2 raw → 2 confirmed (vol≥2.5× body≥30%)
23:46:54 core.sweep_detector INFO: OrderBlocks: 5 detected, 2 unmitigated
23:46:54 core.sweep_detector INFO: FVGs: 14 detected, 4 unfilled
23:46:56 core.sweep_detector INFO: SweepDetector v2: 2 raw → 2 confirmed (vol≥2.5× body≥30%)
23:46:56 core.sweep_detector INFO: OrderBlocks: 5 detected, 1 unmitigated
23:46:56 core.sweep_detector INFO: FVGs: 6 detected, 1 unfilled
23:46:58 core.sweep_detector INFO: SweepDetector v2: 0 raw → 0 confirmed (vol≥2.5× body≥30%)
23:46:58 core.sweep_detector INFO: OrderBlocks: 3 detected, 0 unmitigated
23:46:58 core.sweep_detector INFO: FVGs: 9 detected, 4 unfilled
23:46:59 core.sweep_detector INFO: SweepDetector v2: 1 raw → 1 confirmed (vol≥2.5× body≥30%)
23:46:59 core.sweep_detector INFO: OrderBlocks: 1 detected, 0 unmitigated
23:46:59 core.sweep_detector INFO: FVGs: 7 detected, 2 unfilled
23:47:01 core.sweep_detector INFO: SweepDetector v2: 1 raw → 1 confirmed (vol≥2.5× body≥30%)
23:47:01 core.sweep_detector INFO: OrderBlocks: 5 detected, 2 unmitigated
23:47:01 core.sweep_detector INFO: FVGs: 3 detected, 2 unfilled
23:47:03 core.sweep_detector INFO: SweepDetector v2: 1 raw → 1 confirmed (vol≥2.5× body≥30%)
23:47:03 core.sweep_detector INFO: OrderBlocks: 4 detected, 2 unmitigated
23:47:03 core.sweep_detector INFO: FVGs: 8 detected, 2 unfilled
23:47:04 core.sweep_detector INFO: SweepDetector v2: 1 raw → 1 confirmed (vol≥2.5× body≥30%)
23:47:04 core.sweep_detector INFO: OrderBlocks: 2 detected, 0 unmitigated
23:47:04 core.sweep_detector INFO: FVGs: 9 detected, 1 unfilled
23:47:06 core.sweep_detector INFO: SweepDetector v2: 2 raw → 1 confirmed (vol≥2.5× body≥30%)
23:47:06 core.sweep_detector INFO: OrderBlocks: 7 detected, 2 unmitigated
23:47:06 core.sweep_detector INFO: FVGs: 5 detected, 1 unfilled
23:47:08 core.sweep_detector INFO: SweepDetector v2: 1 raw → 1 confirmed (vol≥2.5× body≥30%)
23:47:08 core.sweep_detector INFO: OrderBlocks: 2 detected, 1 unmitigated
23:47:08 core.sweep_detector INFO: FVGs: 7 detected, 4 unfilled
23:47:09 core.sweep_detector INFO: SweepDetector v2: 2 raw → 1 confirmed (vol≥2.5× body≥30%)
23:47:09 core.sweep_detector INFO: OrderBlocks: 1 detected, 0 unmitigated
23:47:09 core.sweep_detector INFO: FVGs: 5 detected, 1 unfilled
23:47:11 core.sweep_detector INFO: SweepDetector v2: 1 raw → 0 confirmed (vol≥2.5× body≥30%)
23:47:11 core.sweep_detector INFO: OrderBlocks: 1 detected, 0 unmitigated
23:47:11 core.sweep_detector INFO: FVGs: 1 detected, 0 unfilled
23:47:13 core.sweep_detector INFO: SweepDetector v2: 2 raw → 1 confirmed (vol≥2.5× body≥30%)
23:47:13 core.sweep_detector INFO: OrderBlocks: 6 detected, 4 unmitigated
23:47:13 core.sweep_detector INFO: FVGs: 12 detected, 6 unfilled
23:47:14 core.sweep_detector INFO: SweepDetector v2: 4 raw → 4 confirmed (vol≥2.5× body≥30%)
23:47:14 core.sweep_detector INFO: OrderBlocks: 1 detected, 0 unmitigated
23:47:14 core.sweep_detector INFO: FVGs: 6 detected, 3 unfilled
23:47:17 core.sweep_detector INFO: SweepDetector v2: 0 raw → 0 confirmed (vol≥2.5× body≥30%)
23:47:17 core.sweep_detector INFO: OrderBlocks: 6 detected, 2 unmitigated
23:47:17 core.sweep_detector INFO: FVGs: 6 detected, 2 unfilled
23:47:18 core.sweep_detector INFO: SweepDetector v2: 2 raw → 1 confirmed (vol≥2.5× body≥30%)
23:47:19 core.sweep_detector INFO: OrderBlocks: 6 detected, 1 unmitigated
23:47:19 core.sweep_detector INFO: FVGs: 5 detected, 1 unfilled
23:47:20 core.sweep_detector INFO: SweepDetector v2: 1 raw → 1 confirmed (vol≥2.5× body≥30%)
23:47:20 core.sweep_detector INFO: OrderBlocks: 4 detected, 1 unmitigated
23:47:20 core.sweep_detector INFO: FVGs: 7 detected, 0 unfilled
23:47:22 core.sweep_detector INFO: SweepDetector v2: 4 raw → 3 confirmed (vol≥2.5× body≥30%)
23:47:22 core.sweep_detector INFO: OrderBlocks: 2 detected, 1 unmitigated
23:47:22 core.sweep_detector INFO: FVGs: 7 detected, 1 unfilled
23:47:23 core.sweep_detector INFO: SweepDetector v2: 0 raw → 0 confirmed (vol≥2.5× body≥30%)
23:47:23 core.sweep_detector INFO: OrderBlocks: 0 detected, 0 unmitigated
23:47:23 core.sweep_detector INFO: FVGs: 3 detected, 0 unfilled
23:47:25 core.sweep_detector INFO: SweepDetector v2: 0 raw → 0 confirmed (vol≥2.5× body≥30%)
23:47:25 core.sweep_detector INFO: OrderBlocks: 2 detected, 0 unmitigated
23:47:25 core.sweep_detector INFO: FVGs: 4 detected, 1 unfilled
23:47:26 core.sweep_detector INFO: SweepDetector v2: 0 raw → 0 confirmed (vol≥2.5× body≥30%)
23:47:26 core.sweep_detector INFO: OrderBlocks: 8 detected, 1 unmitigated
23:47:26 core.sweep_detector INFO: FVGs: 3 detected, 1 unfilled
23:47:29 core.sweep_detector INFO: SweepDetector v2: 0 raw → 0 confirmed (vol≥2.5× body≥30%)
23:47:29 core.sweep_detector INFO: OrderBlocks: 7 detected, 3 unmitigated
23:47:29 core.sweep_detector INFO: FVGs: 10 detected, 5 unfilled
23:47:30 core.sweep_detector INFO: SweepDetector v2: 1 raw → 1 confirmed (vol≥2.5× body≥30%)
23:47:30 core.sweep_detector INFO: OrderBlocks: 4 detected, 2 unmitigated
23:47:30 core.sweep_detector INFO: FVGs: 6 detected, 2 unfilled
23:47:32 core.sweep_detector INFO: SweepDetector v2: 1 raw → 1 confirmed (vol≥2.5× body≥30%)
23:47:32 core.sweep_detector INFO: OrderBlocks: 5 detected, 2 unmitigated
23:47:32 core.sweep_detector INFO: FVGs: 6 detected, 1 unfilled
23:47:33 core.sweep_detector INFO: SweepDetector v2: 0 raw → 0 confirmed (vol≥2.5× body≥30%)
23:47:33 core.sweep_detector INFO: OrderBlocks: 8 detected, 1 unmitigated
23:47:33 core.sweep_detector INFO: FVGs: 9 detected, 4 unfilled
23:47:35 core.sweep_detector INFO: SweepDetector v2: 2 raw → 2 confirmed (vol≥2.5× body≥30%)
23:47:35 core.sweep_detector INFO: OrderBlocks: 1 detected, 0 unmitigated
23:47:35 core.sweep_detector INFO: FVGs: 12 detected, 4 unfilled
23:47:37 core.sweep_detector INFO: SweepDetector v2: 2 raw → 2 confirmed (vol≥2.5× body≥30%)
23:47:37 core.sweep_detector INFO: OrderBlocks: 5 detected, 2 unmitigated
23:47:37 core.sweep_detector INFO: FVGs: 11 detected, 2 unfilled
23:47:39 core.sweep_detector INFO: SweepDetector v2: 2 raw → 2 confirmed (vol≥2.5× body≥30%)
23:47:39 core.sweep_detector INFO: OrderBlocks: 5 detected, 2 unmitigated
23:47:39 core.sweep_detector INFO: FVGs: 8 detected, 2 unfilled
23:47:40 core.sweep_detector INFO: SweepDetector v2: 2 raw → 2 confirmed (vol≥2.5× body≥30%)
23:47:40 core.sweep_detector INFO: OrderBlocks: 3 detected, 2 unmitigated
23:47:40 core.sweep_detector INFO: FVGs: 4 detected, 1 unfilled
23:47:42 core.sweep_detector INFO: SweepDetector v2: 0 raw → 0 confirmed (vol≥2.5× body≥30%)
23:47:42 core.sweep_detector INFO: OrderBlocks: 5 detected, 3 unmitigated
23:47:42 core.sweep_detector INFO: FVGs: 3 detected, 1 unfilled
23:47:43 core.sweep_detector INFO: SweepDetector v2: 0 raw → 0 confirmed (vol≥2.5× body≥30%)
23:47:43 core.sweep_detector INFO: OrderBlocks: 0 detected, 0 unmitigated
23:47:43 core.sweep_detector INFO: FVGs: 0 detected, 0 unfilled
23:47:45 core.sweep_detector INFO: SweepDetector v2: 0 raw → 0 confirmed (vol≥2.5× body≥30%)
23:47:45 core.sweep_detector INFO: OrderBlocks: 3 detected, 0 unmitigated
23:47:45 core.sweep_detector INFO: FVGs: 0 detected, 0 unfilled
23:47:46 core.sweep_detector INFO: SweepDetector v2: 0 raw → 0 confirmed (vol≥2.5× body≥30%)
23:47:46 core.sweep_detector INFO: OrderBlocks: 0 detected, 0 unmitigated
23:47:46 core.sweep_detector INFO: FVGs: 0 detected, 0 unfilled
23:47:48 core.sweep_detector INFO: SweepDetector v2: 7 raw → 3 confirmed (vol≥2.5× body≥30%)
23:47:48 core.sweep_detector INFO: OrderBlocks: 10 detected, 3 unmitigated
23:47:48 core.sweep_detector INFO: FVGs: 10 detected, 2 unfilled
23:47:50 core.sweep_detector INFO: SweepDetector v2: 1 raw → 1 confirmed (vol≥2.5× body≥30%)
23:47:50 core.sweep_detector INFO: OrderBlocks: 7 detected, 2 unmitigated
23:47:50 core.sweep_detector INFO: FVGs: 16 detected, 3 unfilled
23:47:53 core.sweep_detector INFO: SweepDetector v2: 4 raw → 3 confirmed (vol≥2.5× body≥30%)
23:47:53 core.sweep_detector INFO: OrderBlocks: 5 detected, 1 unmitigated
23:47:53 core.sweep_detector INFO: FVGs: 8 detected, 1 unfilled
23:47:55 core.sweep_detector INFO: SweepDetector v2: 1 raw → 1 confirmed (vol≥2.5× body≥30%)
23:47:55 core.sweep_detector INFO: OrderBlocks: 5 detected, 0 unmitigated
23:47:55 core.sweep_detector INFO: FVGs: 6 detected, 1 unfilled
23:47:57 core.sweep_detector INFO: SweepDetector v2: 2 raw → 1 confirmed (vol≥2.5× body≥30%)
23:47:57 core.sweep_detector INFO: OrderBlocks: 2 detected, 0 unmitigated
23:47:57 core.sweep_detector INFO: FVGs: 8 detected, 1 unfilled
23:47:59 core.sweep_detector INFO: SweepDetector v2: 0 raw → 0 confirmed (vol≥2.5× body≥30%)
23:47:59 core.sweep_detector INFO: OrderBlocks: 4 detected, 3 unmitigated
23:47:59 core.sweep_detector INFO: FVGs: 6 detected, 2 unfilled
23:48:01 core.sweep_detector INFO: SweepDetector v2: 2 raw → 2 confirmed (vol≥2.5× body≥30%)
23:48:01 core.sweep_detector INFO: OrderBlocks: 6 detected, 1 unmitigated
23:48:01 core.sweep_detector INFO: FVGs: 7 detected, 3 unfilled
23:48:03 core.sweep_detector INFO: SweepDetector v2: 2 raw → 2 confirmed (vol≥2.5× body≥30%)
23:48:03 core.sweep_detector INFO: OrderBlocks: 4 detected, 1 unmitigated
23:48:03 core.sweep_detector INFO: FVGs: 7 detected, 1 unfilled
23:48:05 core.sweep_detector INFO: SweepDetector v2: 3 raw → 3 confirmed (vol≥2.5× body≥30%)
23:48:05 core.sweep_detector INFO: OrderBlocks: 1 detected, 0 unmitigated
23:48:05 core.sweep_detector INFO: FVGs: 7 detected, 2 unfilled
23:48:06 __main__ INFO: Checking 1 open trades for exit conditions
/root/.openclaw/workspace/projects/crypto-liquidity-hunter/main.py:555: DeprecationWarning: datetime.datetime.utcnow() is deprecated and scheduled for removal in a future version. Use timezone-aware objects to represent datetimes in UTC: datetime.datetime.now(datetime.UTC).
  scan_end     = datetime.utcnow()

=== SCAN ALL: 91 pairs, 3 timeframes ===
Total signals generated: 2
  binance:ASTER/USDT 15m LONG Entry=0.65 SL=0.65 TP=0.68 R:R=4.15
  binance:PEPE/USDT 15m LONG Entry=0.00 SL=0.00 TP=0.00 R:R=3.00
