13:20:02 __main__ INFO: Volume filter: fetching all tickers in one call...
13:20:04 __main__ INFO: Volume filter: 97/447 pairs pass $2M threshold
/root/.openclaw/workspace/projects/crypto-liquidity-hunter/main.py:292: DeprecationWarning: datetime.datetime.utcnow() is deprecated and scheduled for removal in a future version. Use timezone-aware objects to represent datetimes in UTC: datetime.datetime.now(datetime.UTC).
  scan_start = datetime.utcnow()   # for duration tracking
13:20:05 core.binance_connector INFO: BinanceConnector: connected [LIVE FUTURES MAINNET]
13:20:05 __main__ INFO: Auto-executor: account 'Liquiddbot1' mode=live exec=auto
13:20:06 core.sweep_detector INFO: SweepDetector v2: 0 raw → 0 confirmed (vol≥2.5× body≥30%)
13:20:06 core.sweep_detector INFO: OrderBlocks: 10 detected, 5 unmitigated
13:20:06 core.sweep_detector INFO: FVGs: 12 detected, 7 unfilled
13:20:07 core.sweep_detector INFO: SweepDetector v2: 2 raw → 2 confirmed (vol≥2.5× body≥30%)
13:20:07 core.sweep_detector INFO: OrderBlocks: 4 detected, 1 unmitigated
13:20:07 core.sweep_detector INFO: FVGs: 10 detected, 2 unfilled
13:20:09 core.sweep_detector INFO: SweepDetector v2: 2 raw → 2 confirmed (vol≥2.5× body≥30%)
13:20:09 core.sweep_detector INFO: OrderBlocks: 3 detected, 1 unmitigated
13:20:09 core.sweep_detector INFO: FVGs: 7 detected, 3 unfilled
13:20:11 core.sweep_detector INFO: SweepDetector v2: 1 raw → 1 confirmed (vol≥2.5× body≥30%)
13:20:11 core.sweep_detector INFO: OrderBlocks: 8 detected, 2 unmitigated
13:20:11 core.sweep_detector INFO: FVGs: 11 detected, 5 unfilled
13:20:13 core.sweep_detector INFO: SweepDetector v2: 2 raw → 1 confirmed (vol≥2.5× body≥30%)
13:20:13 core.sweep_detector INFO: OrderBlocks: 4 detected, 1 unmitigated
13:20:13 core.sweep_detector INFO: FVGs: 6 detected, 2 unfilled
13:20:15 core.sweep_detector INFO: SweepDetector v2: 2 raw → 2 confirmed (vol≥2.5× body≥30%)
13:20:15 core.sweep_detector INFO: OrderBlocks: 5 detected, 3 unmitigated
13:20:15 core.sweep_detector INFO: FVGs: 7 detected, 4 unfilled
13:20:16 core.sweep_detector INFO: SweepDetector v2: 3 raw → 2 confirmed (vol≥2.5× body≥30%)
13:20:16 core.sweep_detector INFO: OrderBlocks: 7 detected, 0 unmitigated
13:20:16 core.sweep_detector INFO: FVGs: 10 detected, 0 unfilled
13:20:18 core.sweep_detector INFO: SweepDetector v2: 1 raw → 0 confirmed (vol≥2.5× body≥30%)
13:20:18 core.sweep_detector INFO: OrderBlocks: 3 detected, 1 unmitigated
13:20:18 core.sweep_detector INFO: FVGs: 9 detected, 1 unfilled
13:20:20 core.sweep_detector INFO: SweepDetector v2: 0 raw → 0 confirmed (vol≥2.5× body≥30%)
13:20:20 core.sweep_detector INFO: OrderBlocks: 2 detected, 1 unmitigated
13:20:20 core.sweep_detector INFO: FVGs: 13 detected, 4 unfilled
13:20:21 core.sweep_detector INFO: SweepDetector v2: 2 raw → 1 confirmed (vol≥2.5× body≥30%)
13:20:21 core.sweep_detector INFO: OrderBlocks: 7 detected, 3 unmitigated
13:20:21 core.sweep_detector INFO: FVGs: 8 detected, 3 unfilled
13:20:23 core.sweep_detector INFO: SweepDetector v2: 1 raw → 1 confirmed (vol≥2.5× body≥30%)
13:20:23 core.sweep_detector INFO: OrderBlocks: 3 detected, 1 unmitigated
13:20:23 core.sweep_detector INFO: FVGs: 9 detected, 1 unfilled
13:20:25 core.sweep_detector INFO: SweepDetector v2: 1 raw → 1 confirmed (vol≥2.5× body≥30%)
13:20:25 core.sweep_detector INFO: OrderBlocks: 2 detected, 1 unmitigated
13:20:25 core.sweep_detector INFO: FVGs: 6 detected, 1 unfilled
13:20:27 core.sweep_detector INFO: SweepDetector v2: 2 raw → 1 confirmed (vol≥2.5× body≥30%)
13:20:27 core.sweep_detector INFO: OrderBlocks: 5 detected, 1 unmitigated
13:20:27 core.sweep_detector INFO: FVGs: 11 detected, 4 unfilled
13:20:28 core.sweep_detector INFO: SweepDetector v2: 1 raw → 1 confirmed (vol≥2.5× body≥30%)
13:20:28 core.sweep_detector INFO: OrderBlocks: 5 detected, 1 unmitigated
13:20:29 core.sweep_detector INFO: FVGs: 11 detected, 4 unfilled
13:20:30 core.sweep_detector INFO: SweepDetector v2: 3 raw → 3 confirmed (vol≥2.5× body≥30%)
13:20:30 core.sweep_detector INFO: OrderBlocks: 1 detected, 0 unmitigated
13:20:30 core.sweep_detector INFO: FVGs: 10 detected, 5 unfilled
13:20:32 core.sweep_detector INFO: SweepDetector v2: 5 raw → 5 confirmed (vol≥2.5× body≥30%)
13:20:32 core.sweep_detector INFO: OrderBlocks: 1 detected, 0 unmitigated
13:20:32 core.sweep_detector INFO: FVGs: 3 detected, 1 unfilled
13:20:34 core.sweep_detector INFO: SweepDetector v2: 2 raw → 2 confirmed (vol≥2.5× body≥30%)
13:20:34 core.sweep_detector INFO: OrderBlocks: 5 detected, 1 unmitigated
13:20:34 core.sweep_detector INFO: FVGs: 2 detected, 1 unfilled
13:20:36 core.sweep_detector INFO: SweepDetector v2: 1 raw → 1 confirmed (vol≥2.5× body≥30%)
13:20:36 core.sweep_detector INFO: OrderBlocks: 3 detected, 1 unmitigated
13:20:36 core.sweep_detector INFO: FVGs: 5 detected, 2 unfilled
13:20:38 core.sweep_detector INFO: SweepDetector v2: 2 raw → 1 confirmed (vol≥2.5× body≥30%)
13:20:38 core.sweep_detector INFO: OrderBlocks: 7 detected, 3 unmitigated
13:20:38 core.sweep_detector INFO: FVGs: 9 detected, 4 unfilled
13:20:40 core.sweep_detector INFO: SweepDetector v2: 1 raw → 0 confirmed (vol≥2.5× body≥30%)
13:20:40 core.sweep_detector INFO: OrderBlocks: 3 detected, 1 unmitigated
13:20:40 core.sweep_detector INFO: FVGs: 2 detected, 0 unfilled
13:20:41 core.sweep_detector INFO: SweepDetector v2: 2 raw → 2 confirmed (vol≥2.5× body≥30%)
13:20:41 core.sweep_detector INFO: OrderBlocks: 6 detected, 2 unmitigated
13:20:41 core.sweep_detector INFO: FVGs: 9 detected, 3 unfilled
13:20:43 core.sweep_detector INFO: SweepDetector v2: 2 raw → 2 confirmed (vol≥2.5× body≥30%)
13:20:43 core.sweep_detector INFO: OrderBlocks: 4 detected, 2 unmitigated
13:20:43 core.sweep_detector INFO: FVGs: 14 detected, 7 unfilled
13:20:44 core.sweep_detector INFO: SweepDetector v2: 1 raw → 1 confirmed (vol≥2.5× body≥30%)
13:20:44 core.sweep_detector INFO: OrderBlocks: 5 detected, 2 unmitigated
13:20:44 core.sweep_detector INFO: FVGs: 9 detected, 4 unfilled
13:20:46 core.sweep_detector INFO: SweepDetector v2: 2 raw → 2 confirmed (vol≥2.5× body≥30%)
13:20:46 core.sweep_detector INFO: OrderBlocks: 2 detected, 2 unmitigated
13:20:46 core.sweep_detector INFO: FVGs: 8 detected, 3 unfilled
13:20:48 core.sweep_detector INFO: SweepDetector v2: 2 raw → 2 confirmed (vol≥2.5× body≥30%)
13:20:48 core.sweep_detector INFO: OrderBlocks: 6 detected, 0 unmitigated
13:20:48 core.sweep_detector INFO: FVGs: 4 detected, 0 unfilled
13:20:49 core.sweep_detector INFO: SweepDetector v2: 1 raw → 1 confirmed (vol≥2.5× body≥30%)
13:20:49 core.sweep_detector INFO: OrderBlocks: 4 detected, 0 unmitigated
13:20:49 core.sweep_detector INFO: FVGs: 11 detected, 1 unfilled
13:20:51 core.sweep_detector INFO: SweepDetector v2: 1 raw → 0 confirmed (vol≥2.5× body≥30%)
13:20:51 core.sweep_detector INFO: OrderBlocks: 2 detected, 0 unmitigated
13:20:51 core.sweep_detector INFO: FVGs: 6 detected, 1 unfilled
13:20:52 core.sweep_detector INFO: SweepDetector v2: 1 raw → 1 confirmed (vol≥2.5× body≥30%)
13:20:52 core.sweep_detector INFO: OrderBlocks: 4 detected, 0 unmitigated
13:20:52 core.sweep_detector INFO: FVGs: 8 detected, 3 unfilled
13:20:54 core.sweep_detector INFO: SweepDetector v2: 0 raw → 0 confirmed (vol≥2.5× body≥30%)
13:20:54 core.sweep_detector INFO: OrderBlocks: 3 detected, 2 unmitigated
13:20:54 core.sweep_detector INFO: FVGs: 6 detected, 4 unfilled
13:20:56 core.sweep_detector INFO: SweepDetector v2: 0 raw → 0 confirmed (vol≥2.5× body≥30%)
13:20:56 core.sweep_detector INFO: OrderBlocks: 8 detected, 7 unmitigated
13:20:56 core.sweep_detector INFO: FVGs: 10 detected, 4 unfilled
13:20:57 core.sweep_detector INFO: SweepDetector v2: 4 raw → 4 confirmed (vol≥2.5× body≥30%)
13:20:57 core.sweep_detector INFO: OrderBlocks: 2 detected, 2 unmitigated
13:20:57 core.sweep_detector INFO: FVGs: 12 detected, 3 unfilled
13:21:00 core.sweep_detector INFO: SweepDetector v2: 1 raw → 1 confirmed (vol≥2.5× body≥30%)
13:21:00 core.sweep_detector INFO: OrderBlocks: 7 detected, 1 unmitigated
13:21:00 core.sweep_detector INFO: FVGs: 11 detected, 0 unfilled
13:21:02 core.sweep_detector INFO: SweepDetector v2: 2 raw → 1 confirmed (vol≥2.5× body≥30%)
13:21:02 core.sweep_detector INFO: OrderBlocks: 6 detected, 1 unmitigated
13:21:02 core.sweep_detector INFO: FVGs: 12 detected, 5 unfilled
13:21:03 core.sweep_detector INFO: SweepDetector v2: 0 raw → 0 confirmed (vol≥2.5× body≥30%)
13:21:03 core.sweep_detector INFO: OrderBlocks: 3 detected, 1 unmitigated
13:21:03 core.sweep_detector INFO: FVGs: 6 detected, 1 unfilled
13:21:05 core.sweep_detector INFO: SweepDetector v2: 3 raw → 3 confirmed (vol≥2.5× body≥30%)
13:21:05 core.sweep_detector INFO: OrderBlocks: 1 detected, 1 unmitigated
13:21:05 core.sweep_detector INFO: FVGs: 5 detected, 2 unfilled
13:21:06 core.sweep_detector INFO: SweepDetector v2: 2 raw → 2 confirmed (vol≥2.5× body≥30%)
13:21:06 core.sweep_detector INFO: OrderBlocks: 3 detected, 1 unmitigated
13:21:06 core.sweep_detector INFO: FVGs: 5 detected, 2 unfilled
13:21:09 core.sweep_detector INFO: SweepDetector v2: 0 raw → 0 confirmed (vol≥2.5× body≥30%)
13:21:09 core.sweep_detector INFO: OrderBlocks: 0 detected, 0 unmitigated
13:21:09 core.sweep_detector INFO: FVGs: 0 detected, 0 unfilled
13:21:10 core.sweep_detector INFO: SweepDetector v2: 0 raw → 0 confirmed (vol≥2.5× body≥30%)
13:21:10 core.sweep_detector INFO: OrderBlocks: 0 detected, 0 unmitigated
13:21:10 core.sweep_detector INFO: FVGs: 0 detected, 0 unfilled
13:21:12 core.sweep_detector INFO: SweepDetector v2: 0 raw → 0 confirmed (vol≥2.5× body≥30%)
13:21:12 core.sweep_detector INFO: OrderBlocks: 0 detected, 0 unmitigated
13:21:12 core.sweep_detector INFO: FVGs: 0 detected, 0 unfilled
13:21:14 core.sweep_detector INFO: SweepDetector v2: 1 raw → 1 confirmed (vol≥2.5× body≥30%)
13:21:14 core.sweep_detector INFO: OrderBlocks: 8 detected, 6 unmitigated
13:21:14 core.sweep_detector INFO: FVGs: 10 detected, 5 unfilled
13:21:15 core.sweep_detector INFO: SweepDetector v2: 1 raw → 1 confirmed (vol≥2.5× body≥30%)
13:21:15 core.sweep_detector INFO: OrderBlocks: 5 detected, 1 unmitigated
13:21:15 core.sweep_detector INFO: FVGs: 5 detected, 1 unfilled
13:21:17 core.sweep_detector INFO: SweepDetector v2: 1 raw → 1 confirmed (vol≥2.5× body≥30%)
13:21:17 core.sweep_detector INFO: OrderBlocks: 2 detected, 0 unmitigated
13:21:17 core.sweep_detector INFO: FVGs: 4 detected, 2 unfilled
13:21:19 core.sweep_detector INFO: SweepDetector v2: 1 raw → 1 confirmed (vol≥2.5× body≥30%)
13:21:19 core.sweep_detector INFO: OrderBlocks: 7 detected, 2 unmitigated
13:21:19 core.sweep_detector INFO: FVGs: 7 detected, 3 unfilled
13:21:21 core.sweep_detector INFO: SweepDetector v2: 1 raw → 1 confirmed (vol≥2.5× body≥30%)
13:21:21 core.sweep_detector INFO: OrderBlocks: 2 detected, 1 unmitigated
13:21:21 core.sweep_detector INFO: FVGs: 10 detected, 2 unfilled
13:21:23 core.sweep_detector INFO: SweepDetector v2: 1 raw → 1 confirmed (vol≥2.5× body≥30%)
13:21:23 core.sweep_detector INFO: OrderBlocks: 2 detected, 0 unmitigated
13:21:23 core.sweep_detector INFO: FVGs: 7 detected, 3 unfilled
13:21:24 core.sweep_detector INFO: SweepDetector v2: 0 raw → 0 confirmed (vol≥2.5× body≥30%)
13:21:24 core.sweep_detector INFO: OrderBlocks: 6 detected, 4 unmitigated
13:21:24 core.sweep_detector INFO: FVGs: 7 detected, 3 unfilled
13:21:26 core.sweep_detector INFO: SweepDetector v2: 2 raw → 1 confirmed (vol≥2.5× body≥30%)
13:21:26 core.sweep_detector INFO: OrderBlocks: 2 detected, 0 unmitigated
13:21:26 core.sweep_detector INFO: FVGs: 10 detected, 2 unfilled
13:21:28 core.sweep_detector INFO: SweepDetector v2: 1 raw → 1 confirmed (vol≥2.5× body≥30%)
13:21:28 core.sweep_detector INFO: OrderBlocks: 2 detected, 0 unmitigated
13:21:28 core.sweep_detector INFO: FVGs: 3 detected, 1 unfilled
13:21:30 core.sweep_detector INFO: SweepDetector v2: 7 raw → 5 confirmed (vol≥2.5× body≥30%)
13:21:30 core.sweep_detector INFO: OrderBlocks: 4 detected, 2 unmitigated
13:21:30 core.sweep_detector INFO: FVGs: 10 detected, 4 unfilled
13:21:31 core.sweep_detector INFO: SweepDetector v2: 3 raw → 1 confirmed (vol≥2.5× body≥30%)
13:21:31 core.sweep_detector INFO: OrderBlocks: 5 detected, 2 unmitigated
13:21:31 core.sweep_detector INFO: FVGs: 10 detected, 3 unfilled
13:21:33 core.sweep_detector INFO: SweepDetector v2: 0 raw → 0 confirmed (vol≥2.5× body≥30%)
13:21:33 core.sweep_detector INFO: OrderBlocks: 5 detected, 3 unmitigated
13:21:33 core.sweep_detector INFO: FVGs: 9 detected, 4 unfilled
13:21:35 core.sweep_detector INFO: SweepDetector v2: 1 raw → 1 confirmed (vol≥2.5× body≥30%)
13:21:35 core.sweep_detector INFO: OrderBlocks: 8 detected, 3 unmitigated
13:21:35 core.sweep_detector INFO: FVGs: 12 detected, 3 unfilled
13:21:36 core.sweep_detector INFO: SweepDetector v2: 2 raw → 1 confirmed (vol≥2.5× body≥30%)
13:21:36 core.sweep_detector INFO: OrderBlocks: 7 detected, 0 unmitigated
13:21:36 core.sweep_detector INFO: FVGs: 7 detected, 3 unfilled
13:21:38 core.sweep_detector INFO: SweepDetector v2: 2 raw → 2 confirmed (vol≥2.5× body≥30%)
13:21:38 core.sweep_detector INFO: OrderBlocks: 4 detected, 3 unmitigated
13:21:38 core.sweep_detector INFO: FVGs: 3 detected, 2 unfilled
13:21:40 core.sweep_detector INFO: SweepDetector v2: 0 raw → 0 confirmed (vol≥2.5× body≥30%)
13:21:40 core.sweep_detector INFO: OrderBlocks: 6 detected, 3 unmitigated
13:21:40 core.sweep_detector INFO: FVGs: 5 detected, 4 unfilled
13:21:42 core.sweep_detector INFO: SweepDetector v2: 1 raw → 1 confirmed (vol≥2.5× body≥30%)
13:21:42 core.sweep_detector INFO: OrderBlocks: 6 detected, 2 unmitigated
13:21:42 core.sweep_detector INFO: FVGs: 3 detected, 3 unfilled
13:21:44 core.sweep_detector INFO: SweepDetector v2: 1 raw → 0 confirmed (vol≥2.5× body≥30%)
13:21:44 core.sweep_detector INFO: OrderBlocks: 7 detected, 1 unmitigated
13:21:44 core.sweep_detector INFO: FVGs: 9 detected, 4 unfilled
13:21:46 core.sweep_detector INFO: SweepDetector v2: 0 raw → 0 confirmed (vol≥2.5× body≥30%)
13:21:46 core.sweep_detector INFO: OrderBlocks: 6 detected, 2 unmitigated
13:21:46 core.sweep_detector INFO: FVGs: 11 detected, 7 unfilled
13:21:47 core.sweep_detector INFO: SweepDetector v2: 3 raw → 2 confirmed (vol≥2.5× body≥30%)
13:21:47 core.sweep_detector INFO: OrderBlocks: 6 detected, 1 unmitigated
13:21:47 core.sweep_detector INFO: FVGs: 14 detected, 5 unfilled
13:21:49 core.sweep_detector INFO: SweepDetector v2: 0 raw → 0 confirmed (vol≥2.5× body≥30%)
13:21:49 core.sweep_detector INFO: OrderBlocks: 5 detected, 1 unmitigated
13:21:49 core.sweep_detector INFO: FVGs: 7 detected, 2 unfilled
13:21:51 core.sweep_detector INFO: SweepDetector v2: 0 raw → 0 confirmed (vol≥2.5× body≥30%)
13:21:51 core.sweep_detector INFO: OrderBlocks: 9 detected, 2 unmitigated
13:21:51 core.sweep_detector INFO: FVGs: 16 detected, 4 unfilled
13:21:52 core.sweep_detector INFO: SweepDetector v2: 3 raw → 2 confirmed (vol≥2.5× body≥30%)
13:21:52 core.sweep_detector INFO: OrderBlocks: 3 detected, 1 unmitigated
13:21:52 core.sweep_detector INFO: FVGs: 11 detected, 3 unfilled
13:21:54 core.sweep_detector INFO: SweepDetector v2: 2 raw → 2 confirmed (vol≥2.5× body≥30%)
13:21:54 core.sweep_detector INFO: OrderBlocks: 4 detected, 2 unmitigated
13:21:54 core.sweep_detector INFO: FVGs: 5 detected, 4 unfilled
13:21:56 core.sweep_detector INFO: SweepDetector v2: 4 raw → 2 confirmed (vol≥2.5× body≥30%)
13:21:56 core.sweep_detector INFO: OrderBlocks: 5 detected, 2 unmitigated
13:21:56 core.sweep_detector INFO: FVGs: 9 detected, 2 unfilled
13:21:57 core.sweep_detector INFO: SweepDetector v2: 5 raw → 4 confirmed (vol≥2.5× body≥30%)
13:21:57 core.sweep_detector INFO: OrderBlocks: 6 detected, 2 unmitigated
13:21:57 core.sweep_detector INFO: FVGs: 11 detected, 4 unfilled
13:21:59 core.sweep_detector INFO: SweepDetector v2: 3 raw → 2 confirmed (vol≥2.5× body≥30%)
13:21:59 core.sweep_detector INFO: OrderBlocks: 9 detected, 5 unmitigated
13:21:59 core.sweep_detector INFO: FVGs: 13 detected, 10 unfilled
13:22:01 core.sweep_detector INFO: SweepDetector v2: 3 raw → 2 confirmed (vol≥2.5× body≥30%)
13:22:01 core.sweep_detector INFO: OrderBlocks: 5 detected, 2 unmitigated
13:22:01 core.sweep_detector INFO: FVGs: 4 detected, 1 unfilled
13:22:03 core.sweep_detector INFO: SweepDetector v2: 2 raw → 1 confirmed (vol≥2.5× body≥30%)
13:22:03 core.sweep_detector INFO: OrderBlocks: 4 detected, 0 unmitigated
13:22:03 core.sweep_detector INFO: FVGs: 9 detected, 2 unfilled
13:22:04 core.sweep_detector INFO: SweepDetector v2: 0 raw → 0 confirmed (vol≥2.5× body≥30%)
13:22:04 core.sweep_detector INFO: OrderBlocks: 4 detected, 2 unmitigated
13:22:04 core.sweep_detector INFO: FVGs: 3 detected, 2 unfilled
13:22:06 core.sweep_detector INFO: SweepDetector v2: 1 raw → 1 confirmed (vol≥2.5× body≥30%)
13:22:06 core.sweep_detector INFO: OrderBlocks: 8 detected, 1 unmitigated
13:22:06 core.sweep_detector INFO: FVGs: 8 detected, 2 unfilled
13:22:07 core.sweep_detector INFO: SweepDetector v2: 0 raw → 0 confirmed (vol≥2.5× body≥30%)
13:22:08 core.sweep_detector INFO: OrderBlocks: 8 detected, 4 unmitigated
13:22:08 core.sweep_detector INFO: FVGs: 9 detected, 3 unfilled
13:22:09 core.sweep_detector INFO: SweepDetector v2: 0 raw → 0 confirmed (vol≥2.5× body≥30%)
13:22:09 core.sweep_detector INFO: OrderBlocks: 6 detected, 2 unmitigated
13:22:09 core.sweep_detector INFO: FVGs: 11 detected, 4 unfilled
13:22:11 core.sweep_detector INFO: SweepDetector v2: 0 raw → 0 confirmed (vol≥2.5× body≥30%)
13:22:11 core.sweep_detector INFO: OrderBlocks: 8 detected, 3 unmitigated
13:22:11 core.sweep_detector INFO: FVGs: 11 detected, 2 unfilled
13:22:12 core.sweep_detector INFO: SweepDetector v2: 4 raw → 3 confirmed (vol≥2.5× body≥30%)
13:22:12 core.sweep_detector INFO: OrderBlocks: 3 detected, 1 unmitigated
13:22:12 core.sweep_detector INFO: FVGs: 11 detected, 1 unfilled
13:22:14 core.sweep_detector INFO: SweepDetector v2: 1 raw → 1 confirmed (vol≥2.5× body≥30%)
13:22:14 core.sweep_detector INFO: OrderBlocks: 4 detected, 1 unmitigated
13:22:14 core.sweep_detector INFO: FVGs: 3 detected, 0 unfilled
13:22:16 core.sweep_detector INFO: SweepDetector v2: 1 raw → 0 confirmed (vol≥2.5× body≥30%)
13:22:16 core.sweep_detector INFO: OrderBlocks: 4 detected, 1 unmitigated
13:22:16 core.sweep_detector INFO: FVGs: 9 detected, 2 unfilled
13:22:18 core.sweep_detector INFO: SweepDetector v2: 3 raw → 3 confirmed (vol≥2.5× body≥30%)
13:22:18 core.sweep_detector INFO: OrderBlocks: 3 detected, 0 unmitigated
13:22:18 core.sweep_detector INFO: FVGs: 6 detected, 1 unfilled
13:22:20 core.sweep_detector INFO: SweepDetector v2: 2 raw → 2 confirmed (vol≥2.5× body≥30%)
13:22:20 core.sweep_detector INFO: OrderBlocks: 5 detected, 1 unmitigated
13:22:20 core.sweep_detector INFO: FVGs: 8 detected, 3 unfilled
13:22:21 core.sweep_detector INFO: SweepDetector v2: 2 raw → 2 confirmed (vol≥2.5× body≥30%)
13:22:21 core.sweep_detector INFO: OrderBlocks: 9 detected, 3 unmitigated
13:22:21 core.sweep_detector INFO: FVGs: 16 detected, 5 unfilled
13:22:23 core.sweep_detector INFO: SweepDetector v2: 2 raw → 2 confirmed (vol≥2.5× body≥30%)
13:22:23 core.sweep_detector INFO: OrderBlocks: 8 detected, 3 unmitigated
13:22:23 core.sweep_detector INFO: FVGs: 10 detected, 3 unfilled
13:22:25 core.sweep_detector INFO: SweepDetector v2: 2 raw → 2 confirmed (vol≥2.5× body≥30%)
13:22:25 core.sweep_detector INFO: OrderBlocks: 4 detected, 2 unmitigated
13:22:25 core.sweep_detector INFO: FVGs: 13 detected, 2 unfilled
13:22:27 core.sweep_detector INFO: SweepDetector v2: 1 raw → 1 confirmed (vol≥2.5× body≥30%)
13:22:27 core.sweep_detector INFO: OrderBlocks: 5 detected, 3 unmitigated
13:22:27 core.sweep_detector INFO: FVGs: 11 detected, 3 unfilled
13:22:28 core.sweep_detector INFO: SweepDetector v2: 4 raw → 3 confirmed (vol≥2.5× body≥30%)
13:22:28 core.sweep_detector INFO: OrderBlocks: 5 detected, 0 unmitigated
13:22:28 core.sweep_detector INFO: FVGs: 7 detected, 3 unfilled
13:22:30 core.sweep_detector INFO: SweepDetector v2: 5 raw → 3 confirmed (vol≥2.5× body≥30%)
13:22:30 core.sweep_detector INFO: OrderBlocks: 0 detected, 0 unmitigated
13:22:30 core.sweep_detector INFO: FVGs: 5 detected, 2 unfilled
13:22:33 core.sweep_detector INFO: SweepDetector v2: 2 raw → 1 confirmed (vol≥2.5× body≥30%)
13:22:33 core.sweep_detector INFO: OrderBlocks: 5 detected, 0 unmitigated
13:22:33 core.sweep_detector INFO: FVGs: 6 detected, 0 unfilled
13:22:34 core.sweep_detector INFO: SweepDetector v2: 1 raw → 0 confirmed (vol≥2.5× body≥30%)
13:22:34 core.sweep_detector INFO: OrderBlocks: 4 detected, 2 unmitigated
13:22:34 core.sweep_detector INFO: FVGs: 9 detected, 0 unfilled
13:22:36 core.sweep_detector INFO: SweepDetector v2: 4 raw → 2 confirmed (vol≥2.5× body≥30%)
13:22:36 core.sweep_detector INFO: OrderBlocks: 4 detected, 1 unmitigated
13:22:36 core.sweep_detector INFO: FVGs: 7 detected, 0 unfilled
13:22:38 core.sweep_detector INFO: SweepDetector v2: 2 raw → 1 confirmed (vol≥2.5× body≥30%)
13:22:38 core.sweep_detector INFO: OrderBlocks: 5 detected, 1 unmitigated
13:22:38 core.sweep_detector INFO: FVGs: 8 detected, 4 unfilled
13:22:39 core.sweep_detector INFO: SweepDetector v2: 2 raw → 2 confirmed (vol≥2.5× body≥30%)
13:22:39 core.sweep_detector INFO: OrderBlocks: 3 detected, 1 unmitigated
13:22:39 core.sweep_detector INFO: FVGs: 12 detected, 3 unfilled
13:22:41 core.sweep_detector INFO: SweepDetector v2: 1 raw → 1 confirmed (vol≥2.5× body≥30%)
13:22:41 core.sweep_detector INFO: OrderBlocks: 3 detected, 0 unmitigated
13:22:41 core.sweep_detector INFO: FVGs: 13 detected, 5 unfilled
13:22:42 core.sweep_detector INFO: SweepDetector v2: 2 raw → 1 confirmed (vol≥2.5× body≥30%)
13:22:42 core.sweep_detector INFO: OrderBlocks: 6 detected, 2 unmitigated
13:22:42 core.sweep_detector INFO: FVGs: 10 detected, 5 unfilled
13:22:44 core.sweep_detector INFO: SweepDetector v2: 3 raw → 1 confirmed (vol≥2.5× body≥30%)
13:22:44 core.sweep_detector INFO: OrderBlocks: 4 detected, 1 unmitigated
13:22:44 core.sweep_detector INFO: FVGs: 11 detected, 3 unfilled
13:22:46 core.sweep_detector INFO: SweepDetector v2: 2 raw → 2 confirmed (vol≥2.5× body≥30%)
13:22:46 core.sweep_detector INFO: OrderBlocks: 3 detected, 3 unmitigated
13:22:46 core.sweep_detector INFO: FVGs: 4 detected, 4 unfilled
13:22:47 core.sweep_detector INFO: SweepDetector v2: 0 raw → 0 confirmed (vol≥2.5× body≥30%)
13:22:47 core.sweep_detector INFO: OrderBlocks: 2 detected, 2 unmitigated
13:22:47 core.sweep_detector INFO: FVGs: 11 detected, 6 unfilled
13:22:49 core.sweep_detector INFO: SweepDetector v2: 2 raw → 2 confirmed (vol≥2.5× body≥30%)
13:22:49 core.sweep_detector INFO: OrderBlocks: 3 detected, 0 unmitigated
13:22:49 core.sweep_detector INFO: FVGs: 3 detected, 1 unfilled
13:22:50 core.sweep_detector INFO: SweepDetector v2: 1 raw → 1 confirmed (vol≥2.5× body≥30%)
13:22:50 core.sweep_detector INFO: OrderBlocks: 2 detected, 0 unmitigated
13:22:50 core.sweep_detector INFO: FVGs: 11 detected, 4 unfilled
13:22:52 core.sweep_detector INFO: SweepDetector v2: 0 raw → 0 confirmed (vol≥2.5× body≥30%)
13:22:52 core.sweep_detector INFO: OrderBlocks: 5 detected, 1 unmitigated
13:22:52 core.sweep_detector INFO: FVGs: 0 detected, 0 unfilled
13:22:54 core.sweep_detector INFO: SweepDetector v2: 0 raw → 0 confirmed (vol≥2.5× body≥30%)
13:22:54 core.sweep_detector INFO: OrderBlocks: 4 detected, 1 unmitigated
13:22:54 core.sweep_detector INFO: FVGs: 1 detected, 1 unfilled
13:22:56 core.sweep_detector INFO: SweepDetector v2: 0 raw → 0 confirmed (vol≥2.5× body≥30%)
13:22:56 core.sweep_detector INFO: OrderBlocks: 3 detected, 1 unmitigated
13:22:56 core.sweep_detector INFO: FVGs: 0 detected, 0 unfilled
13:22:58 core.sweep_detector INFO: SweepDetector v2: 0 raw → 0 confirmed (vol≥2.5× body≥30%)
13:22:58 core.sweep_detector INFO: OrderBlocks: 0 detected, 0 unmitigated
13:22:58 core.sweep_detector INFO: FVGs: 0 detected, 0 unfilled
13:22:59 core.sweep_detector INFO: SweepDetector v2: 0 raw → 0 confirmed (vol≥2.5× body≥30%)
13:22:59 core.sweep_detector INFO: OrderBlocks: 0 detected, 0 unmitigated
13:22:59 core.sweep_detector INFO: FVGs: 0 detected, 0 unfilled
13:23:01 core.sweep_detector INFO: SweepDetector v2: 0 raw → 0 confirmed (vol≥2.5× body≥30%)
13:23:01 core.sweep_detector INFO: OrderBlocks: 0 detected, 0 unmitigated
13:23:01 core.sweep_detector INFO: FVGs: 0 detected, 0 unfilled
13:23:03 core.sweep_detector INFO: SweepDetector v2: 0 raw → 0 confirmed (vol≥2.5× body≥30%)
13:23:03 core.sweep_detector INFO: OrderBlocks: 6 detected, 2 unmitigated
13:23:03 core.sweep_detector INFO: FVGs: 13 detected, 4 unfilled
13:23:05 core.sweep_detector INFO: SweepDetector v2: 1 raw → 1 confirmed (vol≥2.5× body≥30%)
13:23:05 core.sweep_detector INFO: OrderBlocks: 3 detected, 1 unmitigated
13:23:05 core.sweep_detector INFO: FVGs: 11 detected, 3 unfilled
13:23:06 core.sweep_detector INFO: SweepDetector v2: 2 raw → 2 confirmed (vol≥2.5× body≥30%)
13:23:06 core.sweep_detector INFO: OrderBlocks: 5 detected, 2 unmitigated
13:23:06 core.sweep_detector INFO: FVGs: 7 detected, 3 unfilled
13:23:08 core.sweep_detector INFO: SweepDetector v2: 0 raw → 0 confirmed (vol≥2.5× body≥30%)
13:23:08 core.sweep_detector INFO: OrderBlocks: 8 detected, 4 unmitigated
13:23:08 core.sweep_detector INFO: FVGs: 10 detected, 5 unfilled
13:23:09 core.sweep_detector INFO: SweepDetector v2: 2 raw → 1 confirmed (vol≥2.5× body≥30%)
13:23:09 core.sweep_detector INFO: OrderBlocks: 4 detected, 0 unmitigated
13:23:09 core.sweep_detector INFO: FVGs: 11 detected, 3 unfilled
13:23:11 core.sweep_detector INFO: SweepDetector v2: 2 raw → 2 confirmed (vol≥2.5× body≥30%)
13:23:11 core.sweep_detector INFO: OrderBlocks: 2 detected, 0 unmitigated
13:23:11 core.sweep_detector INFO: FVGs: 10 detected, 6 unfilled
13:23:13 core.sweep_detector INFO: SweepDetector v2: 0 raw → 0 confirmed (vol≥2.5× body≥30%)
13:23:13 core.sweep_detector INFO: OrderBlocks: 8 detected, 3 unmitigated
13:23:13 core.sweep_detector INFO: FVGs: 12 detected, 4 unfilled
13:23:15 core.sweep_detector INFO: SweepDetector v2: 1 raw → 1 confirmed (vol≥2.5× body≥30%)
13:23:15 core.sweep_detector INFO: OrderBlocks: 8 detected, 1 unmitigated
13:23:15 core.sweep_detector INFO: FVGs: 12 detected, 2 unfilled
13:23:17 core.sweep_detector INFO: SweepDetector v2: 4 raw → 3 confirmed (vol≥2.5× body≥30%)
13:23:17 core.sweep_detector INFO: OrderBlocks: 2 detected, 1 unmitigated
13:23:17 core.sweep_detector INFO: FVGs: 7 detected, 2 unfilled
13:23:20 core.sweep_detector INFO: SweepDetector v2: 2 raw → 2 confirmed (vol≥2.5× body≥30%)
13:23:20 core.sweep_detector INFO: OrderBlocks: 6 detected, 0 unmitigated
13:23:20 core.sweep_detector INFO: FVGs: 4 detected, 0 unfilled
13:23:21 core.sweep_detector INFO: SweepDetector v2: 6 raw → 6 confirmed (vol≥2.5× body≥30%)
13:23:21 core.sweep_detector INFO: OrderBlocks: 2 detected, 0 unmitigated
13:23:21 core.sweep_detector INFO: FVGs: 9 detected, 0 unfilled
13:23:23 core.sweep_detector INFO: SweepDetector v2: 5 raw → 4 confirmed (vol≥2.5× body≥30%)
13:23:23 core.sweep_detector INFO: OrderBlocks: 0 detected, 0 unmitigated
13:23:23 core.sweep_detector INFO: FVGs: 0 detected, 0 unfilled
13:23:25 core.sweep_detector INFO: SweepDetector v2: 1 raw → 1 confirmed (vol≥2.5× body≥30%)
13:23:25 core.sweep_detector INFO: OrderBlocks: 7 detected, 4 unmitigated
13:23:25 core.sweep_detector INFO: FVGs: 9 detected, 3 unfilled
13:23:26 core.sweep_detector INFO: SweepDetector v2: 1 raw → 1 confirmed (vol≥2.5× body≥30%)
13:23:26 core.sweep_detector INFO: OrderBlocks: 3 detected, 1 unmitigated
13:23:26 core.sweep_detector INFO: FVGs: 6 detected, 2 unfilled
13:23:28 core.sweep_detector INFO: SweepDetector v2: 1 raw → 1 confirmed (vol≥2.5× body≥30%)
13:23:28 core.sweep_detector INFO: OrderBlocks: 4 detected, 1 unmitigated
13:23:28 core.sweep_detector INFO: FVGs: 8 detected, 1 unfilled
13:23:30 core.sweep_detector INFO: SweepDetector v2: 3 raw → 2 confirmed (vol≥2.5× body≥30%)
13:23:30 core.sweep_detector INFO: OrderBlocks: 7 detected, 3 unmitigated
13:23:30 core.sweep_detector INFO: FVGs: 14 detected, 3 unfilled
13:23:32 core.sweep_detector INFO: SweepDetector v2: 2 raw → 0 confirmed (vol≥2.5× body≥30%)
13:23:32 core.sweep_detector INFO: OrderBlocks: 8 detected, 3 unmitigated
13:23:32 core.sweep_detector INFO: FVGs: 13 detected, 3 unfilled
13:23:34 core.sweep_detector INFO: SweepDetector v2: 3 raw → 0 confirmed (vol≥2.5× body≥30%)
13:23:34 core.sweep_detector INFO: OrderBlocks: 8 detected, 3 unmitigated
13:23:34 core.sweep_detector INFO: FVGs: 10 detected, 4 unfilled
13:23:35 core.sweep_detector INFO: SweepDetector v2: 2 raw → 2 confirmed (vol≥2.5× body≥30%)
13:23:35 core.sweep_detector INFO: OrderBlocks: 10 detected, 3 unmitigated
13:23:35 core.sweep_detector INFO: FVGs: 8 detected, 3 unfilled
13:23:37 core.sweep_detector INFO: SweepDetector v2: 1 raw → 1 confirmed (vol≥2.5× body≥30%)
13:23:37 core.sweep_detector INFO: OrderBlocks: 1 detected, 0 unmitigated
13:23:37 core.sweep_detector INFO: FVGs: 9 detected, 2 unfilled
13:23:39 core.sweep_detector INFO: SweepDetector v2: 4 raw → 3 confirmed (vol≥2.5× body≥30%)
13:23:39 core.sweep_detector INFO: OrderBlocks: 3 detected, 0 unmitigated
13:23:39 core.sweep_detector INFO: FVGs: 7 detected, 2 unfilled
13:23:41 core.sweep_detector INFO: SweepDetector v2: 1 raw → 1 confirmed (vol≥2.5× body≥30%)
13:23:41 core.sweep_detector INFO: OrderBlocks: 7 detected, 2 unmitigated
13:23:41 core.sweep_detector INFO: FVGs: 9 detected, 4 unfilled
13:23:43 core.sweep_detector INFO: SweepDetector v2: 2 raw → 2 confirmed (vol≥2.5× body≥30%)
13:23:43 core.sweep_detector INFO: OrderBlocks: 4 detected, 1 unmitigated
13:23:43 core.sweep_detector INFO: FVGs: 13 detected, 5 unfilled
13:23:44 core.sweep_detector INFO: SweepDetector v2: 3 raw → 3 confirmed (vol≥2.5× body≥30%)
13:23:44 core.sweep_detector INFO: OrderBlocks: 4 detected, 1 unmitigated
13:23:44 core.sweep_detector INFO: FVGs: 9 detected, 6 unfilled
13:23:46 core.sweep_detector INFO: SweepDetector v2: 2 raw → 1 confirmed (vol≥2.5× body≥30%)
13:23:46 core.sweep_detector INFO: OrderBlocks: 3 detected, 0 unmitigated
13:23:46 core.sweep_detector INFO: FVGs: 7 detected, 1 unfilled
13:23:49 core.sweep_detector INFO: SweepDetector v2: 0 raw → 0 confirmed (vol≥2.5× body≥30%)
13:23:49 core.sweep_detector INFO: OrderBlocks: 8 detected, 3 unmitigated
13:23:49 core.sweep_detector INFO: FVGs: 7 detected, 3 unfilled
13:23:50 core.sweep_detector INFO: SweepDetector v2: 1 raw → 1 confirmed (vol≥2.5× body≥30%)
13:23:50 core.sweep_detector INFO: OrderBlocks: 6 detected, 3 unmitigated
13:23:50 core.sweep_detector INFO: FVGs: 12 detected, 6 unfilled
13:23:53 core.sweep_detector INFO: SweepDetector v2: 0 raw → 0 confirmed (vol≥2.5× body≥30%)
13:23:53 core.sweep_detector INFO: OrderBlocks: 2 detected, 1 unmitigated
13:23:53 core.sweep_detector INFO: FVGs: 11 detected, 2 unfilled
13:23:55 core.sweep_detector INFO: SweepDetector v2: 0 raw → 0 confirmed (vol≥2.5× body≥30%)
13:23:55 core.sweep_detector INFO: OrderBlocks: 2 detected, 0 unmitigated
13:23:55 core.sweep_detector INFO: FVGs: 8 detected, 0 unfilled
13:23:56 core.sweep_detector INFO: SweepDetector v2: 2 raw → 2 confirmed (vol≥2.5× body≥30%)
13:23:56 core.sweep_detector INFO: OrderBlocks: 2 detected, 0 unmitigated
13:23:56 core.sweep_detector INFO: FVGs: 5 detected, 0 unfilled
13:23:59 core.sweep_detector INFO: SweepDetector v2: 0 raw → 0 confirmed (vol≥2.5× body≥30%)
13:23:59 core.sweep_detector INFO: OrderBlocks: 7 detected, 3 unmitigated
13:23:59 core.sweep_detector INFO: FVGs: 12 detected, 7 unfilled
13:24:00 core.sweep_detector INFO: SweepDetector v2: 1 raw → 1 confirmed (vol≥2.5× body≥30%)
13:24:00 core.sweep_detector INFO: OrderBlocks: 3 detected, 2 unmitigated
13:24:00 core.sweep_detector INFO: FVGs: 11 detected, 2 unfilled
13:24:02 core.sweep_detector INFO: SweepDetector v2: 0 raw → 0 confirmed (vol≥2.5× body≥30%)
13:24:02 core.sweep_detector INFO: OrderBlocks: 9 detected, 3 unmitigated
13:24:02 core.sweep_detector INFO: FVGs: 13 detected, 7 unfilled
13:24:04 core.sweep_detector INFO: SweepDetector v2: 1 raw → 0 confirmed (vol≥2.5× body≥30%)
13:24:04 core.sweep_detector INFO: OrderBlocks: 9 detected, 3 unmitigated
13:24:04 core.sweep_detector INFO: FVGs: 8 detected, 2 unfilled
13:24:05 core.sweep_detector INFO: SweepDetector v2: 2 raw → 1 confirmed (vol≥2.5× body≥30%)
13:24:05 core.sweep_detector INFO: OrderBlocks: 2 detected, 1 unmitigated
13:24:05 core.sweep_detector INFO: FVGs: 9 detected, 3 unfilled
13:24:08 core.sweep_detector INFO: SweepDetector v2: 0 raw → 0 confirmed (vol≥2.5× body≥30%)
13:24:08 core.sweep_detector INFO: OrderBlocks: 6 detected, 2 unmitigated
13:24:08 core.sweep_detector INFO: FVGs: 8 detected, 5 unfilled
13:24:09 core.sweep_detector INFO: SweepDetector v2: 1 raw → 1 confirmed (vol≥2.5× body≥30%)
13:24:09 core.sweep_detector INFO: OrderBlocks: 6 detected, 3 unmitigated
13:24:09 core.sweep_detector INFO: FVGs: 10 detected, 6 unfilled
13:24:11 core.sweep_detector INFO: SweepDetector v2: 3 raw → 1 confirmed (vol≥2.5× body≥30%)
13:24:11 core.sweep_detector INFO: OrderBlocks: 5 detected, 2 unmitigated
13:24:11 core.sweep_detector INFO: FVGs: 9 detected, 4 unfilled
13:24:12 core.sweep_detector INFO: SweepDetector v2: 1 raw → 1 confirmed (vol≥2.5× body≥30%)
13:24:12 core.sweep_detector INFO: OrderBlocks: 2 detected, 2 unmitigated
13:24:12 core.sweep_detector INFO: FVGs: 4 detected, 2 unfilled
13:24:14 core.sweep_detector INFO: SweepDetector v2: 0 raw → 0 confirmed (vol≥2.5× body≥30%)
13:24:14 core.sweep_detector INFO: OrderBlocks: 6 detected, 2 unmitigated
13:24:14 core.sweep_detector INFO: FVGs: 3 detected, 2 unfilled
13:24:16 core.sweep_detector INFO: SweepDetector v2: 2 raw → 2 confirmed (vol≥2.5× body≥30%)
13:24:16 core.sweep_detector INFO: OrderBlocks: 6 detected, 0 unmitigated
13:24:16 core.sweep_detector INFO: FVGs: 9 detected, 1 unfilled
13:24:18 core.sweep_detector INFO: SweepDetector v2: 1 raw → 1 confirmed (vol≥2.5× body≥30%)
13:24:18 core.sweep_detector INFO: OrderBlocks: 2 detected, 1 unmitigated
13:24:18 core.sweep_detector INFO: FVGs: 6 detected, 0 unfilled
13:24:19 core.sweep_detector INFO: SweepDetector v2: 1 raw → 1 confirmed (vol≥2.5× body≥30%)
13:24:19 core.sweep_detector INFO: OrderBlocks: 9 detected, 2 unmitigated
13:24:19 core.sweep_detector INFO: FVGs: 5 detected, 4 unfilled
13:24:21 core.sweep_detector INFO: SweepDetector v2: 3 raw → 2 confirmed (vol≥2.5× body≥30%)
13:24:21 core.sweep_detector INFO: OrderBlocks: 4 detected, 1 unmitigated
13:24:21 core.sweep_detector INFO: FVGs: 6 detected, 2 unfilled
13:24:23 core.sweep_detector INFO: SweepDetector v2: 1 raw → 1 confirmed (vol≥2.5× body≥30%)
13:24:23 core.sweep_detector INFO: OrderBlocks: 6 detected, 3 unmitigated
13:24:23 core.sweep_detector INFO: FVGs: 7 detected, 2 unfilled
13:24:25 core.sweep_detector INFO: SweepDetector v2: 0 raw → 0 confirmed (vol≥2.5× body≥30%)
13:24:25 core.sweep_detector INFO: OrderBlocks: 4 detected, 2 unmitigated
13:24:25 core.sweep_detector INFO: FVGs: 13 detected, 4 unfilled
13:24:27 core.sweep_detector INFO: SweepDetector v2: 1 raw → 1 confirmed (vol≥2.5× body≥30%)
13:24:27 core.sweep_detector INFO: OrderBlocks: 5 detected, 0 unmitigated
13:24:27 core.sweep_detector INFO: FVGs: 10 detected, 3 unfilled
13:24:29 core.sweep_detector INFO: SweepDetector v2: 2 raw → 1 confirmed (vol≥2.5× body≥30%)
13:24:29 core.sweep_detector INFO: OrderBlocks: 4 detected, 2 unmitigated
13:24:29 core.sweep_detector INFO: FVGs: 8 detected, 3 unfilled
13:24:31 core.sweep_detector INFO: SweepDetector v2: 3 raw → 2 confirmed (vol≥2.5× body≥30%)
13:24:31 core.sweep_detector INFO: OrderBlocks: 11 detected, 4 unmitigated
13:24:31 core.sweep_detector INFO: FVGs: 14 detected, 1 unfilled
13:24:32 core.sweep_detector INFO: SweepDetector v2: 3 raw → 1 confirmed (vol≥2.5× body≥30%)
13:24:32 core.sweep_detector INFO: OrderBlocks: 5 detected, 0 unmitigated
13:24:32 core.sweep_detector INFO: FVGs: 11 detected, 2 unfilled
13:24:34 core.sweep_detector INFO: SweepDetector v2: 3 raw → 3 confirmed (vol≥2.5× body≥30%)
13:24:34 core.sweep_detector INFO: OrderBlocks: 2 detected, 1 unmitigated
13:24:34 core.sweep_detector INFO: FVGs: 10 detected, 2 unfilled
13:24:36 core.sweep_detector INFO: SweepDetector v2: 2 raw → 2 confirmed (vol≥2.5× body≥30%)
13:24:36 core.sweep_detector INFO: OrderBlocks: 3 detected, 1 unmitigated
13:24:36 core.sweep_detector INFO: FVGs: 7 detected, 2 unfilled
13:24:37 core.sweep_detector INFO: SweepDetector v2: 0 raw → 0 confirmed (vol≥2.5× body≥30%)
13:24:37 core.sweep_detector INFO: OrderBlocks: 2 detected, 1 unmitigated
13:24:37 core.sweep_detector INFO: FVGs: 11 detected, 5 unfilled
13:24:39 core.sweep_detector INFO: SweepDetector v2: 1 raw → 0 confirmed (vol≥2.5× body≥30%)
13:24:39 core.sweep_detector INFO: OrderBlocks: 1 detected, 0 unmitigated
13:24:39 core.sweep_detector INFO: FVGs: 8 detected, 4 unfilled
13:24:41 core.sweep_detector INFO: SweepDetector v2: 2 raw → 2 confirmed (vol≥2.5× body≥30%)
13:24:41 core.sweep_detector INFO: OrderBlocks: 15 detected, 3 unmitigated
13:24:41 core.sweep_detector INFO: FVGs: 16 detected, 2 unfilled
13:24:42 core.sweep_detector INFO: SweepDetector v2: 3 raw → 3 confirmed (vol≥2.5× body≥30%)
13:24:42 core.sweep_detector INFO: OrderBlocks: 5 detected, 2 unmitigated
13:24:42 core.sweep_detector INFO: FVGs: 8 detected, 1 unfilled
13:24:44 core.sweep_detector INFO: SweepDetector v2: 2 raw → 1 confirmed (vol≥2.5× body≥30%)
13:24:44 core.sweep_detector INFO: OrderBlocks: 2 detected, 1 unmitigated
13:24:44 core.sweep_detector INFO: FVGs: 9 detected, 3 unfilled
13:24:46 core.sweep_detector INFO: SweepDetector v2: 6 raw → 3 confirmed (vol≥2.5× body≥30%)
13:24:46 core.sweep_detector INFO: OrderBlocks: 6 detected, 4 unmitigated
13:24:46 core.sweep_detector INFO: FVGs: 10 detected, 5 unfilled
13:24:48 core.sweep_detector INFO: SweepDetector v2: 5 raw → 4 confirmed (vol≥2.5× body≥30%)
13:24:48 core.sweep_detector INFO: OrderBlocks: 4 detected, 1 unmitigated
13:24:48 core.sweep_detector INFO: FVGs: 6 detected, 1 unfilled
13:24:50 core.sweep_detector INFO: SweepDetector v2: 1 raw → 1 confirmed (vol≥2.5× body≥30%)
13:24:50 core.sweep_detector INFO: OrderBlocks: 1 detected, 0 unmitigated
13:24:50 core.sweep_detector INFO: FVGs: 7 detected, 1 unfilled
13:24:51 core.sweep_detector INFO: SweepDetector v2: 1 raw → 1 confirmed (vol≥2.5× body≥30%)
13:24:51 core.sweep_detector INFO: OrderBlocks: 5 detected, 1 unmitigated
13:24:51 core.sweep_detector INFO: FVGs: 8 detected, 3 unfilled
13:24:53 core.sweep_detector INFO: SweepDetector v2: 3 raw → 3 confirmed (vol≥2.5× body≥30%)
13:24:53 core.sweep_detector INFO: OrderBlocks: 7 detected, 2 unmitigated
13:24:53 core.sweep_detector INFO: FVGs: 9 detected, 3 unfilled
13:24:54 core.sweep_detector INFO: SweepDetector v2: 3 raw → 3 confirmed (vol≥2.5× body≥30%)
13:24:54 core.sweep_detector INFO: OrderBlocks: 2 detected, 1 unmitigated
13:24:54 core.sweep_detector INFO: FVGs: 12 detected, 5 unfilled
13:24:56 core.sweep_detector INFO: SweepDetector v2: 1 raw → 1 confirmed (vol≥2.5× body≥30%)
13:24:56 core.sweep_detector INFO: OrderBlocks: 5 detected, 1 unmitigated
13:24:56 core.sweep_detector INFO: FVGs: 12 detected, 5 unfilled
13:24:58 core.sweep_detector INFO: SweepDetector v2: 2 raw → 0 confirmed (vol≥2.5× body≥30%)
13:24:58 core.sweep_detector INFO: OrderBlocks: 6 detected, 1 unmitigated
13:24:58 core.sweep_detector INFO: FVGs: 9 detected, 1 unfilled
13:25:01 core.sweep_detector INFO: SweepDetector v2: 1 raw → 1 confirmed (vol≥2.5× body≥30%)
13:25:01 core.sweep_detector INFO: OrderBlocks: 4 detected, 2 unmitigated
13:25:01 core.sweep_detector INFO: FVGs: 4 detected, 2 unfilled
13:25:02 core.sweep_detector INFO: SweepDetector v2: 3 raw → 2 confirmed (vol≥2.5× body≥30%)
13:25:02 core.sweep_detector INFO: OrderBlocks: 5 detected, 1 unmitigated
13:25:02 core.sweep_detector INFO: FVGs: 7 detected, 0 unfilled
13:25:04 core.sweep_detector INFO: SweepDetector v2: 2 raw → 2 confirmed (vol≥2.5× body≥30%)
13:25:04 core.sweep_detector INFO: OrderBlocks: 7 detected, 3 unmitigated
13:25:04 core.sweep_detector INFO: FVGs: 6 detected, 3 unfilled
13:25:06 core.sweep_detector INFO: SweepDetector v2: 0 raw → 0 confirmed (vol≥2.5× body≥30%)
13:25:06 core.sweep_detector INFO: OrderBlocks: 6 detected, 2 unmitigated
13:25:06 core.sweep_detector INFO: FVGs: 6 detected, 4 unfilled
13:25:07 core.sweep_detector INFO: SweepDetector v2: 0 raw → 0 confirmed (vol≥2.5× body≥30%)
13:25:07 core.sweep_detector INFO: OrderBlocks: 8 detected, 4 unmitigated
13:25:07 core.sweep_detector INFO: FVGs: 10 detected, 4 unfilled
13:25:09 core.sweep_detector INFO: SweepDetector v2: 4 raw → 3 confirmed (vol≥2.5× body≥30%)
13:25:09 core.sweep_detector INFO: OrderBlocks: 5 detected, 1 unmitigated
13:25:09 core.sweep_detector INFO: FVGs: 11 detected, 2 unfilled
13:25:11 core.sweep_detector INFO: SweepDetector v2: 2 raw → 2 confirmed (vol≥2.5× body≥30%)
13:25:11 core.sweep_detector INFO: OrderBlocks: 2 detected, 1 unmitigated
13:25:11 core.sweep_detector INFO: FVGs: 8 detected, 3 unfilled
13:25:13 core.sweep_detector INFO: SweepDetector v2: 1 raw → 1 confirmed (vol≥2.5× body≥30%)
13:25:13 core.sweep_detector INFO: OrderBlocks: 4 detected, 2 unmitigated
13:25:13 core.sweep_detector INFO: FVGs: 5 detected, 2 unfilled
13:25:14 core.sweep_detector INFO: SweepDetector v2: 3 raw → 3 confirmed (vol≥2.5× body≥30%)
13:25:14 core.sweep_detector INFO: OrderBlocks: 4 detected, 0 unmitigated
13:25:14 core.sweep_detector INFO: FVGs: 4 detected, 1 unfilled
13:25:16 core.sweep_detector INFO: SweepDetector v2: 1 raw → 1 confirmed (vol≥2.5× body≥30%)
13:25:16 core.sweep_detector INFO: OrderBlocks: 0 detected, 0 unmitigated
13:25:16 core.sweep_detector INFO: FVGs: 1 detected, 0 unfilled
13:25:18 core.sweep_detector INFO: SweepDetector v2: 2 raw → 2 confirmed (vol≥2.5× body≥30%)
13:25:18 core.sweep_detector INFO: OrderBlocks: 10 detected, 4 unmitigated
13:25:18 core.sweep_detector INFO: FVGs: 10 detected, 4 unfilled
13:25:20 core.sweep_detector INFO: SweepDetector v2: 5 raw → 3 confirmed (vol≥2.5× body≥30%)
13:25:20 core.sweep_detector INFO: OrderBlocks: 2 detected, 1 unmitigated
13:25:20 core.sweep_detector INFO: FVGs: 9 detected, 3 unfilled
13:25:22 core.sweep_detector INFO: SweepDetector v2: 2 raw → 1 confirmed (vol≥2.5× body≥30%)
13:25:22 core.sweep_detector INFO: OrderBlocks: 2 detected, 0 unmitigated
13:25:22 core.sweep_detector INFO: FVGs: 9 detected, 2 unfilled
13:25:24 core.sweep_detector INFO: SweepDetector v2: 1 raw → 0 confirmed (vol≥2.5× body≥30%)
13:25:24 core.sweep_detector INFO: OrderBlocks: 5 detected, 1 unmitigated
13:25:24 core.sweep_detector INFO: FVGs: 5 detected, 2 unfilled
13:25:25 core.sweep_detector INFO: SweepDetector v2: 4 raw → 4 confirmed (vol≥2.5× body≥30%)
13:25:25 core.sweep_detector INFO: OrderBlocks: 1 detected, 0 unmitigated
13:25:25 core.sweep_detector INFO: FVGs: 8 detected, 1 unfilled
13:25:27 core.sweep_detector INFO: SweepDetector v2: 1 raw → 1 confirmed (vol≥2.5× body≥30%)
13:25:27 core.sweep_detector INFO: OrderBlocks: 4 detected, 1 unmitigated
13:25:27 core.sweep_detector INFO: FVGs: 8 detected, 0 unfilled
13:25:29 core.sweep_detector INFO: SweepDetector v2: 2 raw → 2 confirmed (vol≥2.5× body≥30%)
13:25:29 core.sweep_detector INFO: OrderBlocks: 8 detected, 4 unmitigated
13:25:29 core.sweep_detector INFO: FVGs: 9 detected, 2 unfilled
13:25:31 core.sweep_detector INFO: SweepDetector v2: 2 raw → 1 confirmed (vol≥2.5× body≥30%)
13:25:31 core.sweep_detector INFO: OrderBlocks: 4 detected, 1 unmitigated
13:25:31 core.sweep_detector INFO: FVGs: 7 detected, 3 unfilled
13:25:33 core.sweep_detector INFO: SweepDetector v2: 1 raw → 1 confirmed (vol≥2.5× body≥30%)
13:25:33 core.sweep_detector INFO: OrderBlocks: 1 detected, 0 unmitigated
13:25:33 core.sweep_detector INFO: FVGs: 10 detected, 4 unfilled
13:25:35 core.sweep_detector INFO: SweepDetector v2: 0 raw → 0 confirmed (vol≥2.5× body≥30%)
13:25:35 core.sweep_detector INFO: OrderBlocks: 1 detected, 0 unmitigated
13:25:35 core.sweep_detector INFO: FVGs: 0 detected, 0 unfilled
13:25:36 core.sweep_detector INFO: SweepDetector v2: 0 raw → 0 confirmed (vol≥2.5× body≥30%)
13:25:36 core.sweep_detector INFO: OrderBlocks: 0 detected, 0 unmitigated
13:25:36 core.sweep_detector INFO: FVGs: 0 detected, 0 unfilled
13:25:38 core.sweep_detector INFO: SweepDetector v2: 0 raw → 0 confirmed (vol≥2.5× body≥30%)
13:25:38 core.sweep_detector INFO: OrderBlocks: 0 detected, 0 unmitigated
13:25:38 core.sweep_detector INFO: FVGs: 0 detected, 0 unfilled
13:25:40 core.sweep_detector INFO: SweepDetector v2: 2 raw → 2 confirmed (vol≥2.5× body≥30%)
13:25:40 core.sweep_detector INFO: OrderBlocks: 5 detected, 2 unmitigated
13:25:40 core.sweep_detector INFO: FVGs: 6 detected, 1 unfilled
13:25:41 core.sweep_detector INFO: SweepDetector v2: 3 raw → 3 confirmed (vol≥2.5× body≥30%)
13:25:41 core.sweep_detector INFO: OrderBlocks: 3 detected, 0 unmitigated
13:25:41 core.sweep_detector INFO: FVGs: 10 detected, 2 unfilled
13:25:43 core.sweep_detector INFO: SweepDetector v2: 2 raw → 2 confirmed (vol≥2.5× body≥30%)
13:25:43 core.sweep_detector INFO: OrderBlocks: 1 detected, 1 unmitigated
13:25:43 core.sweep_detector INFO: FVGs: 4 detected, 1 unfilled
13:25:44 core.sweep_detector INFO: SweepDetector v2: 0 raw → 0 confirmed (vol≥2.5× body≥30%)
13:25:44 core.sweep_detector INFO: OrderBlocks: 4 detected, 2 unmitigated
13:25:44 core.sweep_detector INFO: FVGs: 11 detected, 7 unfilled
13:25:46 core.sweep_detector INFO: SweepDetector v2: 0 raw → 0 confirmed (vol≥2.5× body≥30%)
13:25:46 core.sweep_detector INFO: OrderBlocks: 1 detected, 0 unmitigated
13:25:46 core.sweep_detector INFO: FVGs: 6 detected, 2 unfilled
13:25:48 core.sweep_detector INFO: SweepDetector v2: 2 raw → 2 confirmed (vol≥2.5× body≥30%)
13:25:48 core.sweep_detector INFO: OrderBlocks: 1 detected, 0 unmitigated
13:25:48 core.sweep_detector INFO: FVGs: 11 detected, 2 unfilled
13:25:49 core.sweep_detector INFO: SweepDetector v2: 5 raw → 3 confirmed (vol≥2.5× body≥30%)
13:25:49 core.sweep_detector INFO: OrderBlocks: 6 detected, 2 unmitigated
13:25:49 core.sweep_detector INFO: FVGs: 9 detected, 2 unfilled
13:25:51 core.sweep_detector INFO: SweepDetector v2: 2 raw → 2 confirmed (vol≥2.5× body≥30%)
13:25:51 core.sweep_detector INFO: OrderBlocks: 3 detected, 2 unmitigated
13:25:51 core.sweep_detector INFO: FVGs: 13 detected, 2 unfilled
13:25:53 core.sweep_detector INFO: SweepDetector v2: 3 raw → 3 confirmed (vol≥2.5× body≥30%)
13:25:53 core.sweep_detector INFO: OrderBlocks: 3 detected, 0 unmitigated
13:25:53 core.sweep_detector INFO: FVGs: 5 detected, 1 unfilled
13:25:54 core.sweep_detector INFO: SweepDetector v2: 0 raw → 0 confirmed (vol≥2.5× body≥30%)
13:25:54 core.sweep_detector INFO: OrderBlocks: 7 detected, 2 unmitigated
13:25:54 core.sweep_detector INFO: FVGs: 9 detected, 2 unfilled
13:25:56 core.sweep_detector INFO: SweepDetector v2: 3 raw → 3 confirmed (vol≥2.5× body≥30%)
13:25:56 core.sweep_detector INFO: OrderBlocks: 4 detected, 1 unmitigated
13:25:56 core.sweep_detector INFO: FVGs: 8 detected, 3 unfilled
13:25:58 core.sweep_detector INFO: SweepDetector v2: 2 raw → 1 confirmed (vol≥2.5× body≥30%)
13:25:58 core.sweep_detector INFO: OrderBlocks: 5 detected, 2 unmitigated
13:25:58 core.sweep_detector INFO: FVGs: 7 detected, 3 unfilled
13:26:00 core.sweep_detector INFO: SweepDetector v2: 1 raw → 1 confirmed (vol≥2.5× body≥30%)
13:26:00 core.sweep_detector INFO: OrderBlocks: 4 detected, 2 unmitigated
13:26:00 core.sweep_detector INFO: FVGs: 12 detected, 9 unfilled
13:26:01 core.sweep_detector INFO: SweepDetector v2: 1 raw → 1 confirmed (vol≥2.5× body≥30%)
13:26:02 core.sweep_detector INFO: OrderBlocks: 3 detected, 2 unmitigated
13:26:02 core.sweep_detector INFO: FVGs: 2 detected, 1 unfilled
13:26:03 core.sweep_detector INFO: SweepDetector v2: 3 raw → 3 confirmed (vol≥2.5× body≥30%)
13:26:03 core.sweep_detector INFO: OrderBlocks: 2 detected, 2 unmitigated
13:26:03 core.sweep_detector INFO: FVGs: 7 detected, 3 unfilled
13:26:05 core.sweep_detector INFO: SweepDetector v2: 1 raw → 0 confirmed (vol≥2.5× body≥30%)
13:26:05 core.sweep_detector INFO: OrderBlocks: 9 detected, 3 unmitigated
13:26:05 core.sweep_detector INFO: FVGs: 8 detected, 4 unfilled
13:26:06 core.sweep_detector INFO: SweepDetector v2: 4 raw → 1 confirmed (vol≥2.5× body≥30%)
13:26:06 core.sweep_detector INFO: OrderBlocks: 5 detected, 1 unmitigated
13:26:06 core.sweep_detector INFO: FVGs: 7 detected, 1 unfilled
13:26:08 core.sweep_detector INFO: SweepDetector v2: 1 raw → 1 confirmed (vol≥2.5× body≥30%)
13:26:08 core.sweep_detector INFO: OrderBlocks: 1 detected, 0 unmitigated
13:26:08 core.sweep_detector INFO: FVGs: 2 detected, 1 unfilled
13:26:10 core.sweep_detector INFO: SweepDetector v2: 2 raw → 2 confirmed (vol≥2.5× body≥30%)
13:26:10 core.sweep_detector INFO: OrderBlocks: 5 detected, 2 unmitigated
13:26:10 core.sweep_detector INFO: FVGs: 11 detected, 1 unfilled
13:26:12 core.sweep_detector INFO: SweepDetector v2: 1 raw → 1 confirmed (vol≥2.5× body≥30%)
13:26:12 core.sweep_detector INFO: OrderBlocks: 4 detected, 1 unmitigated
13:26:12 core.sweep_detector INFO: FVGs: 13 detected, 5 unfilled
13:26:13 core.sweep_detector INFO: SweepDetector v2: 0 raw → 0 confirmed (vol≥2.5× body≥30%)
13:26:13 core.sweep_detector INFO: OrderBlocks: 0 detected, 0 unmitigated
13:26:13 core.sweep_detector INFO: FVGs: 8 detected, 1 unfilled
13:26:15 core.sweep_detector INFO: SweepDetector v2: 7 raw → 5 confirmed (vol≥2.5× body≥30%)
13:26:15 core.sweep_detector INFO: OrderBlocks: 5 detected, 5 unmitigated
13:26:15 core.sweep_detector INFO: FVGs: 13 detected, 8 unfilled
13:26:17 core.sweep_detector INFO: SweepDetector v2: 2 raw → 1 confirmed (vol≥2.5× body≥30%)
13:26:17 core.sweep_detector INFO: OrderBlocks: 1 detected, 0 unmitigated
13:26:17 core.sweep_detector INFO: FVGs: 5 detected, 2 unfilled
13:26:18 core.sweep_detector INFO: SweepDetector v2: 3 raw → 3 confirmed (vol≥2.5× body≥30%)
13:26:18 core.sweep_detector INFO: OrderBlocks: 5 detected, 1 unmitigated
13:26:18 core.sweep_detector INFO: FVGs: 10 detected, 2 unfilled
13:26:21 core.sweep_detector INFO: SweepDetector v2: 0 raw → 0 confirmed (vol≥2.5× body≥30%)
13:26:21 core.sweep_detector INFO: OrderBlocks: 8 detected, 5 unmitigated
13:26:21 core.sweep_detector INFO: FVGs: 13 detected, 4 unfilled
13:26:22 core.sweep_detector INFO: SweepDetector v2: 3 raw → 2 confirmed (vol≥2.5× body≥30%)
13:26:22 core.sweep_detector INFO: OrderBlocks: 4 detected, 1 unmitigated
13:26:22 core.sweep_detector INFO: FVGs: 9 detected, 3 unfilled
13:26:24 core.sweep_detector INFO: SweepDetector v2: 2 raw → 1 confirmed (vol≥2.5× body≥30%)
13:26:24 core.sweep_detector INFO: OrderBlocks: 3 detected, 1 unmitigated
13:26:24 core.sweep_detector INFO: FVGs: 5 detected, 3 unfilled
13:26:26 core.sweep_detector INFO: SweepDetector v2: 3 raw → 3 confirmed (vol≥2.5× body≥30%)
13:26:26 core.sweep_detector INFO: OrderBlocks: 3 detected, 1 unmitigated
13:26:26 core.sweep_detector INFO: FVGs: 4 detected, 1 unfilled
13:26:27 core.sweep_detector INFO: SweepDetector v2: 3 raw → 2 confirmed (vol≥2.5× body≥30%)
13:26:27 core.sweep_detector INFO: OrderBlocks: 7 detected, 2 unmitigated
13:26:27 core.sweep_detector INFO: FVGs: 5 detected, 1 unfilled
13:26:29 core.sweep_detector INFO: SweepDetector v2: 1 raw → 1 confirmed (vol≥2.5× body≥30%)
13:26:29 core.sweep_detector INFO: OrderBlocks: 2 detected, 0 unmitigated
13:26:29 core.sweep_detector INFO: FVGs: 7 detected, 2 unfilled
13:26:31 core.sweep_detector INFO: SweepDetector v2: 3 raw → 2 confirmed (vol≥2.5× body≥30%)
13:26:31 core.sweep_detector INFO: OrderBlocks: 3 detected, 3 unmitigated
13:26:31 core.sweep_detector INFO: FVGs: 13 detected, 8 unfilled
13:26:32 core.sweep_detector INFO: SweepDetector v2: 2 raw → 2 confirmed (vol≥2.5× body≥30%)
13:26:32 core.sweep_detector INFO: OrderBlocks: 3 detected, 1 unmitigated
13:26:32 core.sweep_detector INFO: FVGs: 9 detected, 3 unfilled
13:26:34 core.sweep_detector INFO: SweepDetector v2: 2 raw → 1 confirmed (vol≥2.5× body≥30%)
13:26:34 core.sweep_detector INFO: OrderBlocks: 5 detected, 1 unmitigated
13:26:34 core.sweep_detector INFO: FVGs: 5 detected, 1 unfilled
13:26:36 core.sweep_detector INFO: SweepDetector v2: 1 raw → 0 confirmed (vol≥2.5× body≥30%)
13:26:36 core.sweep_detector INFO: OrderBlocks: 4 detected, 0 unmitigated
13:26:36 core.sweep_detector INFO: FVGs: 14 detected, 5 unfilled
13:26:37 core.sweep_detector INFO: SweepDetector v2: 0 raw → 0 confirmed (vol≥2.5× body≥30%)
13:26:37 core.sweep_detector INFO: OrderBlocks: 7 detected, 1 unmitigated
13:26:37 core.sweep_detector INFO: FVGs: 4 detected, 2 unfilled
13:26:39 core.sweep_detector INFO: SweepDetector v2: 2 raw → 2 confirmed (vol≥2.5× body≥30%)
13:26:39 core.sweep_detector INFO: OrderBlocks: 2 detected, 1 unmitigated
13:26:39 core.sweep_detector INFO: FVGs: 5 detected, 2 unfilled
13:26:41 core.sweep_detector INFO: SweepDetector v2: 1 raw → 0 confirmed (vol≥2.5× body≥30%)
13:26:41 core.sweep_detector INFO: OrderBlocks: 6 detected, 3 unmitigated
13:26:41 core.sweep_detector INFO: FVGs: 10 detected, 5 unfilled
13:26:43 core.sweep_detector INFO: SweepDetector v2: 2 raw → 2 confirmed (vol≥2.5× body≥30%)
13:26:43 core.sweep_detector INFO: OrderBlocks: 3 detected, 1 unmitigated
13:26:43 core.sweep_detector INFO: FVGs: 15 detected, 3 unfilled
13:26:45 core.sweep_detector INFO: SweepDetector v2: 4 raw → 3 confirmed (vol≥2.5× body≥30%)
13:26:45 core.sweep_detector INFO: OrderBlocks: 3 detected, 0 unmitigated
13:26:45 core.sweep_detector INFO: FVGs: 7 detected, 2 unfilled
13:26:47 core.sweep_detector INFO: SweepDetector v2: 0 raw → 0 confirmed (vol≥2.5× body≥30%)
13:26:47 core.sweep_detector INFO: OrderBlocks: 10 detected, 2 unmitigated
13:26:47 core.sweep_detector INFO: FVGs: 11 detected, 2 unfilled
13:26:48 core.sweep_detector INFO: SweepDetector v2: 1 raw → 1 confirmed (vol≥2.5× body≥30%)
13:26:48 core.sweep_detector INFO: OrderBlocks: 5 detected, 2 unmitigated
13:26:48 core.sweep_detector INFO: FVGs: 6 detected, 2 unfilled
13:26:50 core.sweep_detector INFO: SweepDetector v2: 1 raw → 1 confirmed (vol≥2.5× body≥30%)
13:26:50 core.sweep_detector INFO: OrderBlocks: 4 detected, 1 unmitigated
13:26:50 core.sweep_detector INFO: FVGs: 5 detected, 3 unfilled
13:26:51 core.sweep_detector INFO: SweepDetector v2: 0 raw → 0 confirmed (vol≥2.5× body≥30%)
13:26:51 core.sweep_detector INFO: OrderBlocks: 2 detected, 0 unmitigated
13:26:51 core.sweep_detector INFO: FVGs: 0 detected, 0 unfilled
13:26:53 core.sweep_detector INFO: SweepDetector v2: 0 raw → 0 confirmed (vol≥2.5× body≥30%)
13:26:53 core.sweep_detector INFO: OrderBlocks: 0 detected, 0 unmitigated
13:26:53 core.sweep_detector INFO: FVGs: 0 detected, 0 unfilled
13:26:55 core.sweep_detector INFO: SweepDetector v2: 0 raw → 0 confirmed (vol≥2.5× body≥30%)
13:26:55 core.sweep_detector INFO: OrderBlocks: 0 detected, 0 unmitigated
13:26:55 core.sweep_detector INFO: FVGs: 0 detected, 0 unfilled
13:26:56 core.sweep_detector INFO: SweepDetector v2: 1 raw → 1 confirmed (vol≥2.5× body≥30%)
13:26:56 core.sweep_detector INFO: OrderBlocks: 6 detected, 1 unmitigated
13:26:56 core.sweep_detector INFO: FVGs: 9 detected, 5 unfilled
13:26:58 core.sweep_detector INFO: SweepDetector v2: 2 raw → 2 confirmed (vol≥2.5× body≥30%)
13:26:58 core.sweep_detector INFO: OrderBlocks: 7 detected, 2 unmitigated
13:26:58 core.sweep_detector INFO: FVGs: 8 detected, 3 unfilled
13:27:01 core.sweep_detector INFO: SweepDetector v2: 1 raw → 1 confirmed (vol≥2.5× body≥30%)
13:27:01 core.sweep_detector INFO: OrderBlocks: 4 detected, 2 unmitigated
13:27:01 core.sweep_detector INFO: FVGs: 12 detected, 4 unfilled
13:27:02 core.sweep_detector INFO: SweepDetector v2: 1 raw → 1 confirmed (vol≥2.5× body≥30%)
13:27:02 core.sweep_detector INFO: OrderBlocks: 2 detected, 0 unmitigated
13:27:02 core.sweep_detector INFO: FVGs: 0 detected, 0 unfilled
13:27:04 core.sweep_detector INFO: SweepDetector v2: 0 raw → 0 confirmed (vol≥2.5× body≥30%)
13:27:04 core.sweep_detector INFO: OrderBlocks: 1 detected, 0 unmitigated
13:27:04 core.sweep_detector INFO: FVGs: 0 detected, 0 unfilled
13:27:05 core.sweep_detector INFO: SweepDetector v2: 0 raw → 0 confirmed (vol≥2.5× body≥30%)
13:27:05 core.sweep_detector INFO: OrderBlocks: 1 detected, 0 unmitigated
13:27:05 core.sweep_detector INFO: FVGs: 0 detected, 0 unfilled
13:27:07 core.sweep_detector INFO: SweepDetector v2: 0 raw → 0 confirmed (vol≥2.5× body≥30%)
13:27:07 core.sweep_detector INFO: OrderBlocks: 3 detected, 0 unmitigated
13:27:07 core.sweep_detector INFO: FVGs: 0 detected, 0 unfilled
13:27:09 core.sweep_detector INFO: SweepDetector v2: 0 raw → 0 confirmed (vol≥2.5× body≥30%)
13:27:09 core.sweep_detector INFO: OrderBlocks: 1 detected, 0 unmitigated
13:27:09 core.sweep_detector INFO: FVGs: 0 detected, 0 unfilled
13:27:11 core.sweep_detector INFO: SweepDetector v2: 0 raw → 0 confirmed (vol≥2.5× body≥30%)
13:27:11 core.sweep_detector INFO: OrderBlocks: 2 detected, 0 unmitigated
13:27:11 core.sweep_detector INFO: FVGs: 0 detected, 0 unfilled
13:27:12 core.sweep_detector INFO: SweepDetector v2: 0 raw → 0 confirmed (vol≥2.5× body≥30%)
13:27:12 core.sweep_detector INFO: OrderBlocks: 2 detected, 0 unmitigated
13:27:12 core.sweep_detector INFO: FVGs: 0 detected, 0 unfilled
13:27:14 core.sweep_detector INFO: SweepDetector v2: 0 raw → 0 confirmed (vol≥2.5× body≥30%)
13:27:14 core.sweep_detector INFO: OrderBlocks: 0 detected, 0 unmitigated
13:27:14 core.sweep_detector INFO: FVGs: 0 detected, 0 unfilled
13:27:16 core.sweep_detector INFO: SweepDetector v2: 0 raw → 0 confirmed (vol≥2.5× body≥30%)
13:27:16 core.sweep_detector INFO: OrderBlocks: 0 detected, 0 unmitigated
13:27:16 core.sweep_detector INFO: FVGs: 0 detected, 0 unfilled
13:27:17 core.sweep_detector INFO: SweepDetector v2: 3 raw → 3 confirmed (vol≥2.5× body≥30%)
13:27:17 core.sweep_detector INFO: OrderBlocks: 4 detected, 1 unmitigated
13:27:17 core.sweep_detector INFO: FVGs: 8 detected, 3 unfilled
13:27:19 core.sweep_detector INFO: SweepDetector v2: 5 raw → 4 confirmed (vol≥2.5× body≥30%)
13:27:19 core.sweep_detector INFO: OrderBlocks: 8 detected, 3 unmitigated
13:27:19 core.sweep_detector INFO: FVGs: 7 detected, 3 unfilled
13:27:21 core.sweep_detector INFO: SweepDetector v2: 2 raw → 2 confirmed (vol≥2.5× body≥30%)
13:27:21 core.sweep_detector INFO: OrderBlocks: 5 detected, 1 unmitigated
13:27:21 core.sweep_detector INFO: FVGs: 9 detected, 4 unfilled
13:27:23 core.sweep_detector INFO: SweepDetector v2: 0 raw → 0 confirmed (vol≥2.5× body≥30%)
13:27:23 core.sweep_detector INFO: OrderBlocks: 5 detected, 2 unmitigated
13:27:23 core.sweep_detector INFO: FVGs: 9 detected, 4 unfilled
13:27:24 core.sweep_detector INFO: SweepDetector v2: 1 raw → 1 confirmed (vol≥2.5× body≥30%)
13:27:25 core.sweep_detector INFO: OrderBlocks: 1 detected, 1 unmitigated
13:27:25 core.sweep_detector INFO: FVGs: 8 detected, 2 unfilled
13:27:26 core.sweep_detector INFO: SweepDetector v2: 2 raw → 2 confirmed (vol≥2.5× body≥30%)
13:27:26 core.sweep_detector INFO: OrderBlocks: 2 detected, 0 unmitigated
13:27:26 core.sweep_detector INFO: FVGs: 7 detected, 2 unfilled
13:27:28 core.sweep_detector INFO: SweepDetector v2: 1 raw → 1 confirmed (vol≥2.5× body≥30%)
13:27:28 core.sweep_detector INFO: OrderBlocks: 6 detected, 4 unmitigated
13:27:28 core.sweep_detector INFO: FVGs: 8 detected, 3 unfilled
13:27:30 core.sweep_detector INFO: SweepDetector v2: 1 raw → 1 confirmed (vol≥2.5× body≥30%)
13:27:30 core.sweep_detector INFO: OrderBlocks: 1 detected, 0 unmitigated
13:27:30 core.sweep_detector INFO: FVGs: 12 detected, 2 unfilled
13:27:32 core.sweep_detector INFO: SweepDetector v2: 2 raw → 2 confirmed (vol≥2.5× body≥30%)
13:27:32 core.sweep_detector INFO: OrderBlocks: 4 detected, 2 unmitigated
13:27:32 core.sweep_detector INFO: FVGs: 6 detected, 3 unfilled
13:27:34 core.sweep_detector INFO: SweepDetector v2: 1 raw → 1 confirmed (vol≥2.5× body≥30%)
13:27:34 core.sweep_detector INFO: OrderBlocks: 2 detected, 1 unmitigated
13:27:34 core.sweep_detector INFO: FVGs: 8 detected, 4 unfilled
13:27:37 core.sweep_detector INFO: SweepDetector v2: 2 raw → 1 confirmed (vol≥2.5× body≥30%)
13:27:37 core.sweep_detector INFO: OrderBlocks: 1 detected, 0 unmitigated
13:27:37 core.sweep_detector INFO: FVGs: 6 detected, 0 unfilled
13:27:39 core.sweep_detector INFO: SweepDetector v2: 0 raw → 0 confirmed (vol≥2.5× body≥30%)
13:27:39 core.sweep_detector INFO: OrderBlocks: 2 detected, 1 unmitigated
13:27:39 core.sweep_detector INFO: FVGs: 1 detected, 0 unfilled
13:27:41 core.sweep_detector INFO: SweepDetector v2: 2 raw → 1 confirmed (vol≥2.5× body≥30%)
13:27:41 core.sweep_detector INFO: OrderBlocks: 6 detected, 4 unmitigated
13:27:41 core.sweep_detector INFO: FVGs: 13 detected, 6 unfilled
13:27:43 core.sweep_detector INFO: SweepDetector v2: 4 raw → 4 confirmed (vol≥2.5× body≥30%)
13:27:43 core.sweep_detector INFO: OrderBlocks: 2 detected, 1 unmitigated
13:27:43 core.sweep_detector INFO: FVGs: 5 detected, 2 unfilled
13:27:46 core.sweep_detector INFO: SweepDetector v2: 1 raw → 1 confirmed (vol≥2.5× body≥30%)
13:27:46 core.sweep_detector INFO: OrderBlocks: 4 detected, 1 unmitigated
13:27:46 core.sweep_detector INFO: FVGs: 6 detected, 1 unfilled
13:27:48 core.sweep_detector INFO: SweepDetector v2: 2 raw → 1 confirmed (vol≥2.5× body≥30%)
13:27:48 core.sweep_detector INFO: OrderBlocks: 5 detected, 1 unmitigated
13:27:48 core.sweep_detector INFO: FVGs: 5 detected, 1 unfilled
13:27:50 core.sweep_detector INFO: SweepDetector v2: 1 raw → 1 confirmed (vol≥2.5× body≥30%)
13:27:50 core.sweep_detector INFO: OrderBlocks: 5 detected, 0 unmitigated
13:27:50 core.sweep_detector INFO: FVGs: 9 detected, 1 unfilled
13:27:52 core.sweep_detector INFO: SweepDetector v2: 4 raw → 3 confirmed (vol≥2.5× body≥30%)
13:27:52 core.sweep_detector INFO: OrderBlocks: 5 detected, 1 unmitigated
13:27:52 core.sweep_detector INFO: FVGs: 11 detected, 3 unfilled
13:27:54 core.sweep_detector INFO: SweepDetector v2: 0 raw → 0 confirmed (vol≥2.5× body≥30%)
13:27:54 core.sweep_detector INFO: OrderBlocks: 1 detected, 1 unmitigated
13:27:54 core.sweep_detector INFO: FVGs: 4 detected, 1 unfilled
13:27:56 core.sweep_detector INFO: SweepDetector v2: 0 raw → 0 confirmed (vol≥2.5× body≥30%)
13:27:56 core.sweep_detector INFO: OrderBlocks: 6 detected, 3 unmitigated
13:27:56 core.sweep_detector INFO: FVGs: 5 detected, 3 unfilled
13:27:58 core.sweep_detector INFO: SweepDetector v2: 0 raw → 0 confirmed (vol≥2.5× body≥30%)
13:27:58 core.sweep_detector INFO: OrderBlocks: 6 detected, 4 unmitigated
13:27:58 core.sweep_detector INFO: FVGs: 7 detected, 5 unfilled
13:28:01 core.sweep_detector INFO: SweepDetector v2: 0 raw → 0 confirmed (vol≥2.5× body≥30%)
13:28:01 core.sweep_detector INFO: OrderBlocks: 8 detected, 3 unmitigated
13:28:01 core.sweep_detector INFO: FVGs: 12 detected, 4 unfilled
13:28:03 core.sweep_detector INFO: SweepDetector v2: 1 raw → 1 confirmed (vol≥2.5× body≥30%)
13:28:03 core.sweep_detector INFO: OrderBlocks: 4 detected, 1 unmitigated
13:28:03 core.sweep_detector INFO: FVGs: 9 detected, 4 unfilled
13:28:05 core.sweep_detector INFO: SweepDetector v2: 1 raw → 1 confirmed (vol≥2.5× body≥30%)
13:28:05 core.sweep_detector INFO: OrderBlocks: 7 detected, 3 unmitigated
13:28:05 core.sweep_detector INFO: FVGs: 10 detected, 6 unfilled
13:28:07 core.sweep_detector INFO: SweepDetector v2: 0 raw → 0 confirmed (vol≥2.5× body≥30%)
13:28:07 core.sweep_detector INFO: OrderBlocks: 10 detected, 3 unmitigated
13:28:07 core.sweep_detector INFO: FVGs: 10 detected, 3 unfilled
13:28:09 core.sweep_detector INFO: SweepDetector v2: 2 raw → 2 confirmed (vol≥2.5× body≥30%)
13:28:09 core.sweep_detector INFO: OrderBlocks: 2 detected, 1 unmitigated
13:28:09 core.sweep_detector INFO: FVGs: 12 detected, 2 unfilled
13:28:11 core.sweep_detector INFO: SweepDetector v2: 3 raw → 3 confirmed (vol≥2.5× body≥30%)
13:28:11 core.sweep_detector INFO: OrderBlocks: 1 detected, 0 unmitigated
13:28:11 core.sweep_detector INFO: FVGs: 14 detected, 3 unfilled
13:28:13 core.sweep_detector INFO: SweepDetector v2: 2 raw → 2 confirmed (vol≥2.5× body≥30%)
13:28:13 core.sweep_detector INFO: OrderBlocks: 7 detected, 3 unmitigated
13:28:13 core.sweep_detector INFO: FVGs: 8 detected, 3 unfilled
13:28:15 core.sweep_detector INFO: SweepDetector v2: 2 raw → 2 confirmed (vol≥2.5× body≥30%)
13:28:15 core.sweep_detector INFO: OrderBlocks: 5 detected, 1 unmitigated
13:28:15 core.sweep_detector INFO: FVGs: 5 detected, 1 unfilled
13:28:17 core.sweep_detector INFO: SweepDetector v2: 0 raw → 0 confirmed (vol≥2.5× body≥30%)
13:28:17 core.sweep_detector INFO: OrderBlocks: 4 detected, 0 unmitigated
13:28:17 core.sweep_detector INFO: FVGs: 8 detected, 1 unfilled
13:28:18 core.sweep_detector INFO: SweepDetector v2: 0 raw → 0 confirmed (vol≥2.5× body≥30%)
13:28:18 core.sweep_detector INFO: OrderBlocks: 1 detected, 1 unmitigated
13:28:18 core.sweep_detector INFO: FVGs: 0 detected, 0 unfilled
13:28:20 core.sweep_detector INFO: SweepDetector v2: 0 raw → 0 confirmed (vol≥2.5× body≥30%)
13:28:20 core.sweep_detector INFO: OrderBlocks: 5 detected, 1 unmitigated
13:28:20 core.sweep_detector INFO: FVGs: 0 detected, 0 unfilled
13:28:22 core.sweep_detector INFO: SweepDetector v2: 0 raw → 0 confirmed (vol≥2.5× body≥30%)
13:28:22 core.sweep_detector INFO: OrderBlocks: 0 detected, 0 unmitigated
13:28:22 core.sweep_detector INFO: FVGs: 0 detected, 0 unfilled
13:28:24 core.sweep_detector INFO: SweepDetector v2: 6 raw → 3 confirmed (vol≥2.5× body≥30%)
13:28:24 core.sweep_detector INFO: OrderBlocks: 9 detected, 3 unmitigated
13:28:24 core.sweep_detector INFO: FVGs: 10 detected, 3 unfilled
13:28:26 core.sweep_detector INFO: SweepDetector v2: 1 raw → 1 confirmed (vol≥2.5× body≥30%)
13:28:26 core.sweep_detector INFO: OrderBlocks: 5 detected, 1 unmitigated
13:28:26 core.sweep_detector INFO: FVGs: 11 detected, 3 unfilled
13:28:28 core.sweep_detector INFO: SweepDetector v2: 3 raw → 2 confirmed (vol≥2.5× body≥30%)
13:28:28 core.sweep_detector INFO: OrderBlocks: 9 detected, 3 unmitigated
13:28:28 core.sweep_detector INFO: FVGs: 12 detected, 3 unfilled
13:28:29 core.sweep_detector INFO: SweepDetector v2: 1 raw → 1 confirmed (vol≥2.5× body≥30%)
13:28:29 core.sweep_detector INFO: OrderBlocks: 7 detected, 2 unmitigated
13:28:29 core.sweep_detector INFO: FVGs: 7 detected, 2 unfilled
13:28:31 core.sweep_detector INFO: SweepDetector v2: 2 raw → 1 confirmed (vol≥2.5× body≥30%)
13:28:31 core.sweep_detector INFO: OrderBlocks: 1 detected, 0 unmitigated
13:28:31 core.sweep_detector INFO: FVGs: 11 detected, 3 unfilled
13:28:33 core.sweep_detector INFO: SweepDetector v2: 0 raw → 0 confirmed (vol≥2.5× body≥30%)
13:28:33 core.sweep_detector INFO: OrderBlocks: 5 detected, 0 unmitigated
13:28:33 core.sweep_detector INFO: FVGs: 5 detected, 2 unfilled
13:28:35 core.sweep_detector INFO: SweepDetector v2: 0 raw → 0 confirmed (vol≥2.5× body≥30%)
13:28:35 core.sweep_detector INFO: OrderBlocks: 7 detected, 3 unmitigated
13:28:35 core.sweep_detector INFO: FVGs: 9 detected, 2 unfilled
13:28:37 core.sweep_detector INFO: SweepDetector v2: 0 raw → 0 confirmed (vol≥2.5× body≥30%)
13:28:37 core.sweep_detector INFO: OrderBlocks: 11 detected, 0 unmitigated
13:28:37 core.sweep_detector INFO: FVGs: 6 detected, 0 unfilled
13:28:38 core.sweep_detector INFO: SweepDetector v2: 4 raw → 3 confirmed (vol≥2.5× body≥30%)
13:28:38 core.sweep_detector INFO: OrderBlocks: 4 detected, 1 unmitigated
13:28:38 core.sweep_detector INFO: FVGs: 4 detected, 2 unfilled
13:28:40 core.sweep_detector INFO: SweepDetector v2: 2 raw → 2 confirmed (vol≥2.5× body≥30%)
13:28:40 core.sweep_detector INFO: OrderBlocks: 5 detected, 1 unmitigated
13:28:40 core.sweep_detector INFO: FVGs: 5 detected, 3 unfilled
13:28:42 core.sweep_detector INFO: SweepDetector v2: 1 raw → 1 confirmed (vol≥2.5× body≥30%)
13:28:42 core.sweep_detector INFO: OrderBlocks: 3 detected, 1 unmitigated
13:28:42 core.sweep_detector INFO: FVGs: 4 detected, 1 unfilled
13:28:43 core.sweep_detector INFO: SweepDetector v2: 2 raw → 2 confirmed (vol≥2.5× body≥30%)
13:28:43 core.sweep_detector INFO: OrderBlocks: 3 detected, 0 unmitigated
13:28:43 core.sweep_detector INFO: FVGs: 5 detected, 0 unfilled
/root/.openclaw/workspace/projects/crypto-liquidity-hunter/main.py:555: DeprecationWarning: datetime.datetime.utcnow() is deprecated and scheduled for removal in a future version. Use timezone-aware objects to represent datetimes in UTC: datetime.datetime.now(datetime.UTC).
  scan_end     = datetime.utcnow()

=== SCAN ALL: 97 pairs, 3 timeframes ===
Total signals generated: 0
