13:10:02 __main__ INFO: Volume filter: fetching all tickers in one call...
13:10:04 __main__ INFO: Volume filter: 98/447 pairs pass $2M threshold
/root/.openclaw/workspace/projects/crypto-liquidity-hunter/main.py:292: DeprecationWarning: datetime.datetime.utcnow() is deprecated and scheduled for removal in a future version. Use timezone-aware objects to represent datetimes in UTC: datetime.datetime.now(datetime.UTC).
  scan_start = datetime.utcnow()   # for duration tracking
13:10:05 core.binance_connector INFO: BinanceConnector: connected [LIVE FUTURES MAINNET]
13:10:05 __main__ INFO: Auto-executor: account 'Liquiddbot1' mode=live exec=auto
13:10:06 core.sweep_detector INFO: SweepDetector v2: 0 raw → 0 confirmed (vol≥2.5× body≥30%)
13:10:06 core.sweep_detector INFO: OrderBlocks: 10 detected, 5 unmitigated
13:10:06 core.sweep_detector INFO: FVGs: 12 detected, 7 unfilled
13:10:07 core.sweep_detector INFO: SweepDetector v2: 2 raw → 2 confirmed (vol≥2.5× body≥30%)
13:10:08 core.sweep_detector INFO: OrderBlocks: 4 detected, 1 unmitigated
13:10:08 core.sweep_detector INFO: FVGs: 10 detected, 2 unfilled
13:10:09 core.sweep_detector INFO: SweepDetector v2: 2 raw → 2 confirmed (vol≥2.5× body≥30%)
13:10:09 core.sweep_detector INFO: OrderBlocks: 4 detected, 2 unmitigated
13:10:09 core.sweep_detector INFO: FVGs: 6 detected, 2 unfilled
13:10:11 core.sweep_detector INFO: SweepDetector v2: 1 raw → 1 confirmed (vol≥2.5× body≥30%)
13:10:11 core.sweep_detector INFO: OrderBlocks: 8 detected, 2 unmitigated
13:10:11 core.sweep_detector INFO: FVGs: 11 detected, 5 unfilled
13:10:12 core.sweep_detector INFO: SweepDetector v2: 2 raw → 1 confirmed (vol≥2.5× body≥30%)
13:10:12 core.sweep_detector INFO: OrderBlocks: 4 detected, 1 unmitigated
13:10:12 core.sweep_detector INFO: FVGs: 6 detected, 2 unfilled
13:10:14 core.sweep_detector INFO: SweepDetector v2: 2 raw → 2 confirmed (vol≥2.5× body≥30%)
13:10:14 core.sweep_detector INFO: OrderBlocks: 5 detected, 3 unmitigated
13:10:14 core.sweep_detector INFO: FVGs: 7 detected, 4 unfilled
13:10:16 core.sweep_detector INFO: SweepDetector v2: 3 raw → 2 confirmed (vol≥2.5× body≥30%)
13:10:16 core.sweep_detector INFO: OrderBlocks: 7 detected, 0 unmitigated
13:10:16 core.sweep_detector INFO: FVGs: 10 detected, 0 unfilled
13:10:18 core.sweep_detector INFO: SweepDetector v2: 1 raw → 0 confirmed (vol≥2.5× body≥30%)
13:10:18 core.sweep_detector INFO: OrderBlocks: 3 detected, 1 unmitigated
13:10:18 core.sweep_detector INFO: FVGs: 9 detected, 1 unfilled
13:10:19 core.sweep_detector INFO: SweepDetector v2: 0 raw → 0 confirmed (vol≥2.5× body≥30%)
13:10:19 core.sweep_detector INFO: OrderBlocks: 2 detected, 1 unmitigated
13:10:19 core.sweep_detector INFO: FVGs: 13 detected, 4 unfilled
13:10:21 core.sweep_detector INFO: SweepDetector v2: 2 raw → 1 confirmed (vol≥2.5× body≥30%)
13:10:21 core.sweep_detector INFO: OrderBlocks: 7 detected, 3 unmitigated
13:10:21 core.sweep_detector INFO: FVGs: 8 detected, 3 unfilled
13:10:23 core.sweep_detector INFO: SweepDetector v2: 1 raw → 1 confirmed (vol≥2.5× body≥30%)
13:10:23 core.sweep_detector INFO: OrderBlocks: 3 detected, 1 unmitigated
13:10:23 core.sweep_detector INFO: FVGs: 9 detected, 1 unfilled
13:10:24 core.sweep_detector INFO: SweepDetector v2: 1 raw → 1 confirmed (vol≥2.5× body≥30%)
13:10:24 core.sweep_detector INFO: OrderBlocks: 2 detected, 1 unmitigated
13:10:24 core.sweep_detector INFO: FVGs: 6 detected, 1 unfilled
13:10:26 core.sweep_detector INFO: SweepDetector v2: 2 raw → 1 confirmed (vol≥2.5× body≥30%)
13:10:26 core.sweep_detector INFO: OrderBlocks: 5 detected, 2 unmitigated
13:10:26 core.sweep_detector INFO: FVGs: 11 detected, 4 unfilled
13:10:27 core.sweep_detector INFO: SweepDetector v2: 1 raw → 1 confirmed (vol≥2.5× body≥30%)
13:10:27 core.sweep_detector INFO: OrderBlocks: 5 detected, 1 unmitigated
13:10:27 core.sweep_detector INFO: FVGs: 11 detected, 4 unfilled
13:10:29 core.sweep_detector INFO: SweepDetector v2: 3 raw → 3 confirmed (vol≥2.5× body≥30%)
13:10:29 core.sweep_detector INFO: OrderBlocks: 1 detected, 0 unmitigated
13:10:29 core.sweep_detector INFO: FVGs: 10 detected, 5 unfilled
13:10:31 core.sweep_detector INFO: SweepDetector v2: 5 raw → 5 confirmed (vol≥2.5× body≥30%)
13:10:31 core.sweep_detector INFO: OrderBlocks: 1 detected, 0 unmitigated
13:10:31 core.sweep_detector INFO: FVGs: 3 detected, 1 unfilled
13:10:32 core.sweep_detector INFO: SweepDetector v2: 2 raw → 2 confirmed (vol≥2.5× body≥30%)
13:10:33 core.sweep_detector INFO: OrderBlocks: 5 detected, 1 unmitigated
13:10:33 core.sweep_detector INFO: FVGs: 2 detected, 1 unfilled
13:10:34 core.sweep_detector INFO: SweepDetector v2: 2 raw → 2 confirmed (vol≥2.5× body≥30%)
13:10:34 core.sweep_detector INFO: OrderBlocks: 2 detected, 0 unmitigated
13:10:34 core.sweep_detector INFO: FVGs: 4 detected, 1 unfilled
13:10:36 core.sweep_detector INFO: SweepDetector v2: 2 raw → 1 confirmed (vol≥2.5× body≥30%)
13:10:36 core.sweep_detector INFO: OrderBlocks: 7 detected, 3 unmitigated
13:10:36 core.sweep_detector INFO: FVGs: 9 detected, 4 unfilled
13:10:37 core.sweep_detector INFO: SweepDetector v2: 1 raw → 0 confirmed (vol≥2.5× body≥30%)
13:10:37 core.sweep_detector INFO: OrderBlocks: 3 detected, 1 unmitigated
13:10:37 core.sweep_detector INFO: FVGs: 2 detected, 0 unfilled
13:10:39 core.sweep_detector INFO: SweepDetector v2: 2 raw → 2 confirmed (vol≥2.5× body≥30%)
13:10:39 core.sweep_detector INFO: OrderBlocks: 6 detected, 2 unmitigated
13:10:39 core.sweep_detector INFO: FVGs: 9 detected, 3 unfilled
13:10:40 core.sweep_detector INFO: SweepDetector v2: 2 raw → 2 confirmed (vol≥2.5× body≥30%)
13:10:40 core.sweep_detector INFO: OrderBlocks: 4 detected, 2 unmitigated
13:10:40 core.sweep_detector INFO: FVGs: 14 detected, 7 unfilled
13:10:42 core.sweep_detector INFO: SweepDetector v2: 1 raw → 1 confirmed (vol≥2.5× body≥30%)
13:10:42 core.sweep_detector INFO: OrderBlocks: 5 detected, 2 unmitigated
13:10:42 core.sweep_detector INFO: FVGs: 9 detected, 4 unfilled
13:10:44 core.sweep_detector INFO: SweepDetector v2: 2 raw → 2 confirmed (vol≥2.5× body≥30%)
13:10:44 core.sweep_detector INFO: OrderBlocks: 2 detected, 2 unmitigated
13:10:44 core.sweep_detector INFO: FVGs: 8 detected, 3 unfilled
13:10:45 core.sweep_detector INFO: SweepDetector v2: 2 raw → 2 confirmed (vol≥2.5× body≥30%)
13:10:45 core.sweep_detector INFO: OrderBlocks: 6 detected, 0 unmitigated
13:10:45 core.sweep_detector INFO: FVGs: 4 detected, 0 unfilled
13:10:47 core.sweep_detector INFO: SweepDetector v2: 1 raw → 1 confirmed (vol≥2.5× body≥30%)
13:10:47 core.sweep_detector INFO: OrderBlocks: 4 detected, 0 unmitigated
13:10:47 core.sweep_detector INFO: FVGs: 11 detected, 1 unfilled
13:10:49 core.sweep_detector INFO: SweepDetector v2: 1 raw → 0 confirmed (vol≥2.5× body≥30%)
13:10:49 core.sweep_detector INFO: OrderBlocks: 2 detected, 0 unmitigated
13:10:49 core.sweep_detector INFO: FVGs: 6 detected, 1 unfilled
13:10:50 core.sweep_detector INFO: SweepDetector v2: 1 raw → 1 confirmed (vol≥2.5× body≥30%)
13:10:51 core.sweep_detector INFO: OrderBlocks: 4 detected, 0 unmitigated
13:10:51 core.sweep_detector INFO: FVGs: 8 detected, 3 unfilled
13:10:52 core.sweep_detector INFO: SweepDetector v2: 0 raw → 0 confirmed (vol≥2.5× body≥30%)
13:10:52 core.sweep_detector INFO: OrderBlocks: 3 detected, 2 unmitigated
13:10:52 core.sweep_detector INFO: FVGs: 6 detected, 4 unfilled
13:10:54 core.sweep_detector INFO: SweepDetector v2: 0 raw → 0 confirmed (vol≥2.5× body≥30%)
13:10:54 core.sweep_detector INFO: OrderBlocks: 7 detected, 6 unmitigated
13:10:54 core.sweep_detector INFO: FVGs: 11 detected, 4 unfilled
13:10:55 core.sweep_detector INFO: SweepDetector v2: 4 raw → 4 confirmed (vol≥2.5× body≥30%)
13:10:55 core.sweep_detector INFO: OrderBlocks: 2 detected, 2 unmitigated
13:10:55 core.sweep_detector INFO: FVGs: 12 detected, 3 unfilled
13:10:57 core.sweep_detector INFO: SweepDetector v2: 1 raw → 1 confirmed (vol≥2.5× body≥30%)
13:10:57 core.sweep_detector INFO: OrderBlocks: 7 detected, 1 unmitigated
13:10:57 core.sweep_detector INFO: FVGs: 11 detected, 0 unfilled
13:10:59 core.sweep_detector INFO: SweepDetector v2: 2 raw → 1 confirmed (vol≥2.5× body≥30%)
13:10:59 core.sweep_detector INFO: OrderBlocks: 7 detected, 2 unmitigated
13:10:59 core.sweep_detector INFO: FVGs: 11 detected, 4 unfilled
13:11:01 core.sweep_detector INFO: SweepDetector v2: 0 raw → 0 confirmed (vol≥2.5× body≥30%)
13:11:01 core.sweep_detector INFO: OrderBlocks: 3 detected, 1 unmitigated
13:11:01 core.sweep_detector INFO: FVGs: 6 detected, 1 unfilled
13:11:02 core.sweep_detector INFO: SweepDetector v2: 3 raw → 3 confirmed (vol≥2.5× body≥30%)
13:11:02 core.sweep_detector INFO: OrderBlocks: 1 detected, 1 unmitigated
13:11:02 core.sweep_detector INFO: FVGs: 5 detected, 2 unfilled
13:11:04 core.sweep_detector INFO: SweepDetector v2: 2 raw → 2 confirmed (vol≥2.5× body≥30%)
13:11:04 core.sweep_detector INFO: OrderBlocks: 3 detected, 1 unmitigated
13:11:04 core.sweep_detector INFO: FVGs: 5 detected, 2 unfilled
13:11:06 core.sweep_detector INFO: SweepDetector v2: 0 raw → 0 confirmed (vol≥2.5× body≥30%)
13:11:06 core.sweep_detector INFO: OrderBlocks: 0 detected, 0 unmitigated
13:11:06 core.sweep_detector INFO: FVGs: 0 detected, 0 unfilled
13:11:07 core.sweep_detector INFO: SweepDetector v2: 0 raw → 0 confirmed (vol≥2.5× body≥30%)
13:11:07 core.sweep_detector INFO: OrderBlocks: 0 detected, 0 unmitigated
13:11:07 core.sweep_detector INFO: FVGs: 0 detected, 0 unfilled
13:11:10 core.sweep_detector INFO: SweepDetector v2: 0 raw → 0 confirmed (vol≥2.5× body≥30%)
13:11:10 core.sweep_detector INFO: OrderBlocks: 0 detected, 0 unmitigated
13:11:10 core.sweep_detector INFO: FVGs: 0 detected, 0 unfilled
13:11:11 core.sweep_detector INFO: SweepDetector v2: 1 raw → 1 confirmed (vol≥2.5× body≥30%)
13:11:11 core.sweep_detector INFO: OrderBlocks: 8 detected, 6 unmitigated
13:11:11 core.sweep_detector INFO: FVGs: 10 detected, 5 unfilled
13:11:13 core.sweep_detector INFO: SweepDetector v2: 1 raw → 1 confirmed (vol≥2.5× body≥30%)
13:11:13 core.sweep_detector INFO: OrderBlocks: 5 detected, 1 unmitigated
13:11:13 core.sweep_detector INFO: FVGs: 5 detected, 1 unfilled
13:11:14 core.sweep_detector INFO: SweepDetector v2: 1 raw → 1 confirmed (vol≥2.5× body≥30%)
13:11:14 core.sweep_detector INFO: OrderBlocks: 2 detected, 0 unmitigated
13:11:14 core.sweep_detector INFO: FVGs: 4 detected, 2 unfilled
13:11:16 core.sweep_detector INFO: SweepDetector v2: 1 raw → 1 confirmed (vol≥2.5× body≥30%)
13:11:16 core.sweep_detector INFO: OrderBlocks: 7 detected, 2 unmitigated
13:11:16 core.sweep_detector INFO: FVGs: 7 detected, 3 unfilled
13:11:18 core.sweep_detector INFO: SweepDetector v2: 1 raw → 1 confirmed (vol≥2.5× body≥30%)
13:11:18 core.sweep_detector INFO: OrderBlocks: 2 detected, 1 unmitigated
13:11:18 core.sweep_detector INFO: FVGs: 10 detected, 2 unfilled
13:11:19 core.sweep_detector INFO: SweepDetector v2: 1 raw → 1 confirmed (vol≥2.5× body≥30%)
13:11:19 core.sweep_detector INFO: OrderBlocks: 2 detected, 0 unmitigated
13:11:19 core.sweep_detector INFO: FVGs: 7 detected, 3 unfilled
13:11:21 core.sweep_detector INFO: SweepDetector v2: 0 raw → 0 confirmed (vol≥2.5× body≥30%)
13:11:21 core.sweep_detector INFO: OrderBlocks: 6 detected, 4 unmitigated
13:11:21 core.sweep_detector INFO: FVGs: 7 detected, 3 unfilled
13:11:23 core.sweep_detector INFO: SweepDetector v2: 2 raw → 1 confirmed (vol≥2.5× body≥30%)
13:11:23 core.sweep_detector INFO: OrderBlocks: 2 detected, 0 unmitigated
13:11:23 core.sweep_detector INFO: FVGs: 10 detected, 2 unfilled
13:11:24 core.sweep_detector INFO: SweepDetector v2: 1 raw → 1 confirmed (vol≥2.5× body≥30%)
13:11:24 core.sweep_detector INFO: OrderBlocks: 2 detected, 0 unmitigated
13:11:24 core.sweep_detector INFO: FVGs: 3 detected, 1 unfilled
13:11:26 core.sweep_detector INFO: SweepDetector v2: 7 raw → 5 confirmed (vol≥2.5× body≥30%)
13:11:26 core.sweep_detector INFO: OrderBlocks: 4 detected, 2 unmitigated
13:11:26 core.sweep_detector INFO: FVGs: 10 detected, 4 unfilled
13:11:28 core.sweep_detector INFO: SweepDetector v2: 3 raw → 1 confirmed (vol≥2.5× body≥30%)
13:11:28 core.sweep_detector INFO: OrderBlocks: 5 detected, 2 unmitigated
13:11:28 core.sweep_detector INFO: FVGs: 10 detected, 3 unfilled
13:11:30 core.sweep_detector INFO: SweepDetector v2: 0 raw → 0 confirmed (vol≥2.5× body≥30%)
13:11:30 core.sweep_detector INFO: OrderBlocks: 5 detected, 3 unmitigated
13:11:30 core.sweep_detector INFO: FVGs: 9 detected, 4 unfilled
13:11:32 core.sweep_detector INFO: SweepDetector v2: 1 raw → 1 confirmed (vol≥2.5× body≥30%)
13:11:32 core.sweep_detector INFO: OrderBlocks: 8 detected, 3 unmitigated
13:11:32 core.sweep_detector INFO: FVGs: 12 detected, 3 unfilled
13:11:34 core.sweep_detector INFO: SweepDetector v2: 2 raw → 1 confirmed (vol≥2.5× body≥30%)
13:11:34 core.sweep_detector INFO: OrderBlocks: 7 detected, 0 unmitigated
13:11:34 core.sweep_detector INFO: FVGs: 7 detected, 3 unfilled
13:11:36 core.sweep_detector INFO: SweepDetector v2: 2 raw → 2 confirmed (vol≥2.5× body≥30%)
13:11:36 core.sweep_detector INFO: OrderBlocks: 4 detected, 3 unmitigated
13:11:36 core.sweep_detector INFO: FVGs: 3 detected, 2 unfilled
13:11:39 core.sweep_detector INFO: SweepDetector v2: 0 raw → 0 confirmed (vol≥2.5× body≥30%)
13:11:39 core.sweep_detector INFO: OrderBlocks: 6 detected, 3 unmitigated
13:11:39 core.sweep_detector INFO: FVGs: 5 detected, 4 unfilled
13:11:41 core.sweep_detector INFO: SweepDetector v2: 1 raw → 1 confirmed (vol≥2.5× body≥30%)
13:11:41 core.sweep_detector INFO: OrderBlocks: 6 detected, 2 unmitigated
13:11:41 core.sweep_detector INFO: FVGs: 3 detected, 3 unfilled
13:11:43 core.sweep_detector INFO: SweepDetector v2: 1 raw → 0 confirmed (vol≥2.5× body≥30%)
13:11:43 core.sweep_detector INFO: OrderBlocks: 7 detected, 1 unmitigated
13:11:43 core.sweep_detector INFO: FVGs: 8 detected, 3 unfilled
13:11:45 core.sweep_detector INFO: SweepDetector v2: 1 raw → 0 confirmed (vol≥2.5× body≥30%)
13:11:45 core.sweep_detector INFO: OrderBlocks: 2 detected, 2 unmitigated
13:11:45 core.sweep_detector INFO: FVGs: 7 detected, 6 unfilled
13:11:48 core.sweep_detector INFO: SweepDetector v2: 1 raw → 0 confirmed (vol≥2.5× body≥30%)
13:11:48 core.sweep_detector INFO: OrderBlocks: 6 detected, 3 unmitigated
13:11:48 core.sweep_detector INFO: FVGs: 6 detected, 4 unfilled
13:11:50 core.sweep_detector INFO: SweepDetector v2: 2 raw → 1 confirmed (vol≥2.5× body≥30%)
13:11:50 core.sweep_detector INFO: OrderBlocks: 12 detected, 1 unmitigated
13:11:50 core.sweep_detector INFO: FVGs: 7 detected, 0 unfilled
13:11:53 core.sweep_detector INFO: SweepDetector v2: 0 raw → 0 confirmed (vol≥2.5× body≥30%)
13:11:53 core.sweep_detector INFO: OrderBlocks: 6 detected, 2 unmitigated
13:11:53 core.sweep_detector INFO: FVGs: 11 detected, 7 unfilled
13:11:55 core.sweep_detector INFO: SweepDetector v2: 3 raw → 2 confirmed (vol≥2.5× body≥30%)
13:11:55 core.sweep_detector INFO: OrderBlocks: 6 detected, 1 unmitigated
13:11:55 core.sweep_detector INFO: FVGs: 14 detected, 5 unfilled
13:11:57 core.sweep_detector INFO: SweepDetector v2: 0 raw → 0 confirmed (vol≥2.5× body≥30%)
13:11:57 core.sweep_detector INFO: OrderBlocks: 5 detected, 1 unmitigated
13:11:57 core.sweep_detector INFO: FVGs: 7 detected, 2 unfilled
13:11:59 core.sweep_detector INFO: SweepDetector v2: 0 raw → 0 confirmed (vol≥2.5× body≥30%)
13:11:59 core.sweep_detector INFO: OrderBlocks: 9 detected, 2 unmitigated
13:11:59 core.sweep_detector INFO: FVGs: 16 detected, 4 unfilled
13:12:02 core.sweep_detector INFO: SweepDetector v2: 3 raw → 2 confirmed (vol≥2.5× body≥30%)
13:12:02 core.sweep_detector INFO: OrderBlocks: 3 detected, 1 unmitigated
13:12:02 core.sweep_detector INFO: FVGs: 11 detected, 3 unfilled
13:12:04 core.sweep_detector INFO: SweepDetector v2: 2 raw → 2 confirmed (vol≥2.5× body≥30%)
13:12:04 core.sweep_detector INFO: OrderBlocks: 4 detected, 3 unmitigated
13:12:04 core.sweep_detector INFO: FVGs: 5 detected, 4 unfilled
13:12:06 core.sweep_detector INFO: SweepDetector v2: 4 raw → 2 confirmed (vol≥2.5× body≥30%)
13:12:06 core.sweep_detector INFO: OrderBlocks: 5 detected, 2 unmitigated
13:12:06 core.sweep_detector INFO: FVGs: 9 detected, 2 unfilled
13:12:08 core.sweep_detector INFO: SweepDetector v2: 5 raw → 4 confirmed (vol≥2.5× body≥30%)
13:12:08 core.sweep_detector INFO: OrderBlocks: 6 detected, 2 unmitigated
13:12:08 core.sweep_detector INFO: FVGs: 11 detected, 4 unfilled
13:12:10 core.sweep_detector INFO: SweepDetector v2: 3 raw → 2 confirmed (vol≥2.5× body≥30%)
13:12:10 core.sweep_detector INFO: OrderBlocks: 9 detected, 5 unmitigated
13:12:10 core.sweep_detector INFO: FVGs: 12 detected, 9 unfilled
13:12:12 core.sweep_detector INFO: SweepDetector v2: 3 raw → 2 confirmed (vol≥2.5× body≥30%)
13:12:12 core.sweep_detector INFO: OrderBlocks: 5 detected, 2 unmitigated
13:12:12 core.sweep_detector INFO: FVGs: 4 detected, 1 unfilled
13:12:14 core.sweep_detector INFO: SweepDetector v2: 2 raw → 1 confirmed (vol≥2.5× body≥30%)
13:12:14 core.sweep_detector INFO: OrderBlocks: 4 detected, 0 unmitigated
13:12:14 core.sweep_detector INFO: FVGs: 9 detected, 2 unfilled
13:12:16 core.sweep_detector INFO: SweepDetector v2: 0 raw → 0 confirmed (vol≥2.5× body≥30%)
13:12:16 core.sweep_detector INFO: OrderBlocks: 4 detected, 2 unmitigated
13:12:16 core.sweep_detector INFO: FVGs: 3 detected, 2 unfilled
13:12:18 core.sweep_detector INFO: SweepDetector v2: 1 raw → 1 confirmed (vol≥2.5× body≥30%)
13:12:18 core.sweep_detector INFO: OrderBlocks: 8 detected, 1 unmitigated
13:12:18 core.sweep_detector INFO: FVGs: 8 detected, 2 unfilled
13:12:20 core.sweep_detector INFO: SweepDetector v2: 0 raw → 0 confirmed (vol≥2.5× body≥30%)
13:12:20 core.sweep_detector INFO: OrderBlocks: 8 detected, 4 unmitigated
13:12:20 core.sweep_detector INFO: FVGs: 9 detected, 3 unfilled
13:12:21 core.sweep_detector INFO: SweepDetector v2: 0 raw → 0 confirmed (vol≥2.5× body≥30%)
13:12:21 core.sweep_detector INFO: OrderBlocks: 6 detected, 2 unmitigated
13:12:21 core.sweep_detector INFO: FVGs: 12 detected, 4 unfilled
13:12:23 core.sweep_detector INFO: SweepDetector v2: 0 raw → 0 confirmed (vol≥2.5× body≥30%)
13:12:23 core.sweep_detector INFO: OrderBlocks: 8 detected, 3 unmitigated
13:12:23 core.sweep_detector INFO: FVGs: 11 detected, 2 unfilled
13:12:25 core.sweep_detector INFO: SweepDetector v2: 4 raw → 3 confirmed (vol≥2.5× body≥30%)
13:12:25 core.sweep_detector INFO: OrderBlocks: 3 detected, 1 unmitigated
13:12:25 core.sweep_detector INFO: FVGs: 11 detected, 1 unfilled
13:12:27 core.sweep_detector INFO: SweepDetector v2: 1 raw → 1 confirmed (vol≥2.5× body≥30%)
13:12:27 core.sweep_detector INFO: OrderBlocks: 4 detected, 1 unmitigated
13:12:27 core.sweep_detector INFO: FVGs: 3 detected, 0 unfilled
13:12:28 core.sweep_detector INFO: SweepDetector v2: 1 raw → 0 confirmed (vol≥2.5× body≥30%)
13:12:28 core.sweep_detector INFO: OrderBlocks: 4 detected, 1 unmitigated
13:12:28 core.sweep_detector INFO: FVGs: 9 detected, 2 unfilled
13:12:30 core.sweep_detector INFO: SweepDetector v2: 3 raw → 3 confirmed (vol≥2.5× body≥30%)
13:12:30 core.sweep_detector INFO: OrderBlocks: 3 detected, 0 unmitigated
13:12:30 core.sweep_detector INFO: FVGs: 6 detected, 1 unfilled
13:12:32 core.sweep_detector INFO: SweepDetector v2: 2 raw → 2 confirmed (vol≥2.5× body≥30%)
13:12:32 core.sweep_detector INFO: OrderBlocks: 5 detected, 1 unmitigated
13:12:32 core.sweep_detector INFO: FVGs: 8 detected, 3 unfilled
13:12:33 core.sweep_detector INFO: SweepDetector v2: 2 raw → 2 confirmed (vol≥2.5× body≥30%)
13:12:33 core.sweep_detector INFO: OrderBlocks: 9 detected, 3 unmitigated
13:12:33 core.sweep_detector INFO: FVGs: 16 detected, 5 unfilled
13:12:35 core.sweep_detector INFO: SweepDetector v2: 2 raw → 2 confirmed (vol≥2.5× body≥30%)
13:12:35 core.sweep_detector INFO: OrderBlocks: 8 detected, 3 unmitigated
13:12:35 core.sweep_detector INFO: FVGs: 10 detected, 3 unfilled
13:12:37 core.sweep_detector INFO: SweepDetector v2: 2 raw → 2 confirmed (vol≥2.5× body≥30%)
13:12:37 core.sweep_detector INFO: OrderBlocks: 5 detected, 2 unmitigated
13:12:37 core.sweep_detector INFO: FVGs: 13 detected, 2 unfilled
13:12:38 core.sweep_detector INFO: SweepDetector v2: 1 raw → 1 confirmed (vol≥2.5× body≥30%)
13:12:38 core.sweep_detector INFO: OrderBlocks: 5 detected, 3 unmitigated
13:12:38 core.sweep_detector INFO: FVGs: 11 detected, 3 unfilled
13:12:40 core.sweep_detector INFO: SweepDetector v2: 4 raw → 3 confirmed (vol≥2.5× body≥30%)
13:12:41 core.sweep_detector INFO: OrderBlocks: 5 detected, 0 unmitigated
13:12:41 core.sweep_detector INFO: FVGs: 7 detected, 3 unfilled
13:12:42 core.sweep_detector INFO: SweepDetector v2: 5 raw → 3 confirmed (vol≥2.5× body≥30%)
13:12:42 core.sweep_detector INFO: OrderBlocks: 0 detected, 0 unmitigated
13:12:42 core.sweep_detector INFO: FVGs: 5 detected, 2 unfilled
13:12:44 core.sweep_detector INFO: SweepDetector v2: 2 raw → 1 confirmed (vol≥2.5× body≥30%)
13:12:44 core.sweep_detector INFO: OrderBlocks: 5 detected, 0 unmitigated
13:12:44 core.sweep_detector INFO: FVGs: 6 detected, 0 unfilled
13:12:45 core.sweep_detector INFO: SweepDetector v2: 1 raw → 0 confirmed (vol≥2.5× body≥30%)
13:12:45 core.sweep_detector INFO: OrderBlocks: 4 detected, 2 unmitigated
13:12:45 core.sweep_detector INFO: FVGs: 9 detected, 0 unfilled
13:12:47 core.sweep_detector INFO: SweepDetector v2: 4 raw → 2 confirmed (vol≥2.5× body≥30%)
13:12:47 core.sweep_detector INFO: OrderBlocks: 4 detected, 1 unmitigated
13:12:47 core.sweep_detector INFO: FVGs: 7 detected, 0 unfilled
13:12:49 core.sweep_detector INFO: SweepDetector v2: 2 raw → 1 confirmed (vol≥2.5× body≥30%)
13:12:49 core.sweep_detector INFO: OrderBlocks: 5 detected, 1 unmitigated
13:12:49 core.sweep_detector INFO: FVGs: 8 detected, 4 unfilled
13:12:51 core.sweep_detector INFO: SweepDetector v2: 2 raw → 2 confirmed (vol≥2.5× body≥30%)
13:12:51 core.sweep_detector INFO: OrderBlocks: 3 detected, 1 unmitigated
13:12:51 core.sweep_detector INFO: FVGs: 12 detected, 3 unfilled
13:12:53 core.sweep_detector INFO: SweepDetector v2: 1 raw → 1 confirmed (vol≥2.5× body≥30%)
13:12:53 core.sweep_detector INFO: OrderBlocks: 3 detected, 0 unmitigated
13:12:53 core.sweep_detector INFO: FVGs: 13 detected, 5 unfilled
13:12:55 core.sweep_detector INFO: SweepDetector v2: 2 raw → 1 confirmed (vol≥2.5× body≥30%)
13:12:55 core.sweep_detector INFO: OrderBlocks: 6 detected, 2 unmitigated
13:12:55 core.sweep_detector INFO: FVGs: 10 detected, 5 unfilled
13:12:56 core.sweep_detector INFO: SweepDetector v2: 3 raw → 1 confirmed (vol≥2.5× body≥30%)
13:12:56 core.sweep_detector INFO: OrderBlocks: 4 detected, 1 unmitigated
13:12:56 core.sweep_detector INFO: FVGs: 11 detected, 3 unfilled
13:12:58 core.sweep_detector INFO: SweepDetector v2: 2 raw → 2 confirmed (vol≥2.5× body≥30%)
13:12:58 core.sweep_detector INFO: OrderBlocks: 3 detected, 3 unmitigated
13:12:58 core.sweep_detector INFO: FVGs: 4 detected, 4 unfilled
13:13:00 core.sweep_detector INFO: SweepDetector v2: 0 raw → 0 confirmed (vol≥2.5× body≥30%)
13:13:00 core.sweep_detector INFO: OrderBlocks: 2 detected, 2 unmitigated
13:13:00 core.sweep_detector INFO: FVGs: 11 detected, 6 unfilled
13:13:02 core.sweep_detector INFO: SweepDetector v2: 2 raw → 2 confirmed (vol≥2.5× body≥30%)
13:13:02 core.sweep_detector INFO: OrderBlocks: 3 detected, 0 unmitigated
13:13:02 core.sweep_detector INFO: FVGs: 3 detected, 1 unfilled
13:13:04 core.sweep_detector INFO: SweepDetector v2: 1 raw → 1 confirmed (vol≥2.5× body≥30%)
13:13:04 core.sweep_detector INFO: OrderBlocks: 2 detected, 0 unmitigated
13:13:04 core.sweep_detector INFO: FVGs: 11 detected, 4 unfilled
13:13:05 core.sweep_detector INFO: SweepDetector v2: 0 raw → 0 confirmed (vol≥2.5× body≥30%)
13:13:05 core.sweep_detector INFO: OrderBlocks: 4 detected, 0 unmitigated
13:13:05 core.sweep_detector INFO: FVGs: 0 detected, 0 unfilled
13:13:07 core.sweep_detector INFO: SweepDetector v2: 0 raw → 0 confirmed (vol≥2.5× body≥30%)
13:13:07 core.sweep_detector INFO: OrderBlocks: 4 detected, 1 unmitigated
13:13:07 core.sweep_detector INFO: FVGs: 1 detected, 1 unfilled
13:13:08 core.sweep_detector INFO: SweepDetector v2: 0 raw → 0 confirmed (vol≥2.5× body≥30%)
13:13:08 core.sweep_detector INFO: OrderBlocks: 3 detected, 1 unmitigated
13:13:08 core.sweep_detector INFO: FVGs: 0 detected, 0 unfilled
13:13:10 core.sweep_detector INFO: SweepDetector v2: 0 raw → 0 confirmed (vol≥2.5× body≥30%)
13:13:10 core.sweep_detector INFO: OrderBlocks: 0 detected, 0 unmitigated
13:13:10 core.sweep_detector INFO: FVGs: 0 detected, 0 unfilled
13:13:12 core.sweep_detector INFO: SweepDetector v2: 0 raw → 0 confirmed (vol≥2.5× body≥30%)
13:13:12 core.sweep_detector INFO: OrderBlocks: 0 detected, 0 unmitigated
13:13:12 core.sweep_detector INFO: FVGs: 0 detected, 0 unfilled
13:13:14 core.sweep_detector INFO: SweepDetector v2: 0 raw → 0 confirmed (vol≥2.5× body≥30%)
13:13:14 core.sweep_detector INFO: OrderBlocks: 0 detected, 0 unmitigated
13:13:14 core.sweep_detector INFO: FVGs: 0 detected, 0 unfilled
13:13:15 core.sweep_detector INFO: SweepDetector v2: 0 raw → 0 confirmed (vol≥2.5× body≥30%)
13:13:15 core.sweep_detector INFO: OrderBlocks: 6 detected, 2 unmitigated
13:13:15 core.sweep_detector INFO: FVGs: 13 detected, 4 unfilled
13:13:17 core.sweep_detector INFO: SweepDetector v2: 1 raw → 1 confirmed (vol≥2.5× body≥30%)
13:13:17 core.sweep_detector INFO: OrderBlocks: 3 detected, 1 unmitigated
13:13:17 core.sweep_detector INFO: FVGs: 11 detected, 3 unfilled
13:13:19 core.sweep_detector INFO: SweepDetector v2: 2 raw → 2 confirmed (vol≥2.5× body≥30%)
13:13:19 core.sweep_detector INFO: OrderBlocks: 5 detected, 2 unmitigated
13:13:19 core.sweep_detector INFO: FVGs: 7 detected, 3 unfilled
13:13:21 core.sweep_detector INFO: SweepDetector v2: 0 raw → 0 confirmed (vol≥2.5× body≥30%)
13:13:21 core.sweep_detector INFO: OrderBlocks: 8 detected, 4 unmitigated
13:13:21 core.sweep_detector INFO: FVGs: 10 detected, 5 unfilled
13:13:23 core.sweep_detector INFO: SweepDetector v2: 2 raw → 1 confirmed (vol≥2.5× body≥30%)
13:13:23 core.sweep_detector INFO: OrderBlocks: 4 detected, 0 unmitigated
13:13:23 core.sweep_detector INFO: FVGs: 11 detected, 3 unfilled
13:13:24 core.sweep_detector INFO: SweepDetector v2: 2 raw → 2 confirmed (vol≥2.5× body≥30%)
13:13:24 core.sweep_detector INFO: OrderBlocks: 2 detected, 0 unmitigated
13:13:24 core.sweep_detector INFO: FVGs: 10 detected, 6 unfilled
13:13:26 core.sweep_detector INFO: SweepDetector v2: 0 raw → 0 confirmed (vol≥2.5× body≥30%)
13:13:26 core.sweep_detector INFO: OrderBlocks: 8 detected, 3 unmitigated
13:13:26 core.sweep_detector INFO: FVGs: 12 detected, 4 unfilled
13:13:28 core.sweep_detector INFO: SweepDetector v2: 1 raw → 1 confirmed (vol≥2.5× body≥30%)
13:13:28 core.sweep_detector INFO: OrderBlocks: 8 detected, 1 unmitigated
13:13:28 core.sweep_detector INFO: FVGs: 12 detected, 3 unfilled
13:13:29 core.sweep_detector INFO: SweepDetector v2: 4 raw → 3 confirmed (vol≥2.5× body≥30%)
13:13:29 core.sweep_detector INFO: OrderBlocks: 2 detected, 1 unmitigated
13:13:29 core.sweep_detector INFO: FVGs: 7 detected, 2 unfilled
13:13:31 core.sweep_detector INFO: SweepDetector v2: 2 raw → 2 confirmed (vol≥2.5× body≥30%)
13:13:31 core.sweep_detector INFO: OrderBlocks: 6 detected, 0 unmitigated
13:13:31 core.sweep_detector INFO: FVGs: 4 detected, 0 unfilled
13:13:33 core.sweep_detector INFO: SweepDetector v2: 6 raw → 6 confirmed (vol≥2.5× body≥30%)
13:13:33 core.sweep_detector INFO: OrderBlocks: 2 detected, 0 unmitigated
13:13:33 core.sweep_detector INFO: FVGs: 9 detected, 0 unfilled
13:13:35 core.sweep_detector INFO: SweepDetector v2: 5 raw → 4 confirmed (vol≥2.5× body≥30%)
13:13:35 core.sweep_detector INFO: OrderBlocks: 0 detected, 0 unmitigated
13:13:35 core.sweep_detector INFO: FVGs: 0 detected, 0 unfilled
13:13:36 core.sweep_detector INFO: SweepDetector v2: 1 raw → 1 confirmed (vol≥2.5× body≥30%)
13:13:36 core.sweep_detector INFO: OrderBlocks: 7 detected, 4 unmitigated
13:13:36 core.sweep_detector INFO: FVGs: 9 detected, 3 unfilled
13:13:38 core.sweep_detector INFO: SweepDetector v2: 1 raw → 1 confirmed (vol≥2.5× body≥30%)
13:13:38 core.sweep_detector INFO: OrderBlocks: 3 detected, 1 unmitigated
13:13:38 core.sweep_detector INFO: FVGs: 6 detected, 2 unfilled
13:13:39 core.sweep_detector INFO: SweepDetector v2: 1 raw → 1 confirmed (vol≥2.5× body≥30%)
13:13:39 core.sweep_detector INFO: OrderBlocks: 4 detected, 1 unmitigated
13:13:39 core.sweep_detector INFO: FVGs: 8 detected, 1 unfilled
13:13:41 core.sweep_detector INFO: SweepDetector v2: 3 raw → 2 confirmed (vol≥2.5× body≥30%)
13:13:41 core.sweep_detector INFO: OrderBlocks: 7 detected, 3 unmitigated
13:13:41 core.sweep_detector INFO: FVGs: 14 detected, 3 unfilled
13:13:43 core.sweep_detector INFO: SweepDetector v2: 2 raw → 0 confirmed (vol≥2.5× body≥30%)
13:13:43 core.sweep_detector INFO: OrderBlocks: 8 detected, 3 unmitigated
13:13:43 core.sweep_detector INFO: FVGs: 13 detected, 3 unfilled
13:13:44 core.sweep_detector INFO: SweepDetector v2: 3 raw → 0 confirmed (vol≥2.5× body≥30%)
13:13:44 core.sweep_detector INFO: OrderBlocks: 9 detected, 3 unmitigated
13:13:44 core.sweep_detector INFO: FVGs: 9 detected, 3 unfilled
13:13:46 core.sweep_detector INFO: SweepDetector v2: 2 raw → 2 confirmed (vol≥2.5× body≥30%)
13:13:46 core.sweep_detector INFO: OrderBlocks: 10 detected, 3 unmitigated
13:13:46 core.sweep_detector INFO: FVGs: 8 detected, 3 unfilled
13:13:48 core.sweep_detector INFO: SweepDetector v2: 1 raw → 1 confirmed (vol≥2.5× body≥30%)
13:13:48 core.sweep_detector INFO: OrderBlocks: 1 detected, 0 unmitigated
13:13:48 core.sweep_detector INFO: FVGs: 9 detected, 2 unfilled
13:13:49 core.sweep_detector INFO: SweepDetector v2: 4 raw → 3 confirmed (vol≥2.5× body≥30%)
13:13:49 core.sweep_detector INFO: OrderBlocks: 3 detected, 0 unmitigated
13:13:49 core.sweep_detector INFO: FVGs: 7 detected, 2 unfilled
13:13:51 core.sweep_detector INFO: SweepDetector v2: 1 raw → 1 confirmed (vol≥2.5× body≥30%)
13:13:51 core.sweep_detector INFO: OrderBlocks: 7 detected, 2 unmitigated
13:13:51 core.sweep_detector INFO: FVGs: 9 detected, 4 unfilled
13:13:53 core.sweep_detector INFO: SweepDetector v2: 2 raw → 2 confirmed (vol≥2.5× body≥30%)
13:13:53 core.sweep_detector INFO: OrderBlocks: 4 detected, 1 unmitigated
13:13:53 core.sweep_detector INFO: FVGs: 13 detected, 5 unfilled
13:13:55 core.sweep_detector INFO: SweepDetector v2: 3 raw → 3 confirmed (vol≥2.5× body≥30%)
13:13:55 core.sweep_detector INFO: OrderBlocks: 4 detected, 1 unmitigated
13:13:55 core.sweep_detector INFO: FVGs: 9 detected, 6 unfilled
13:13:57 core.sweep_detector INFO: SweepDetector v2: 2 raw → 1 confirmed (vol≥2.5× body≥30%)
13:13:57 core.sweep_detector INFO: OrderBlocks: 3 detected, 0 unmitigated
13:13:57 core.sweep_detector INFO: FVGs: 7 detected, 1 unfilled
13:13:59 core.sweep_detector INFO: SweepDetector v2: 0 raw → 0 confirmed (vol≥2.5× body≥30%)
13:13:59 core.sweep_detector INFO: OrderBlocks: 8 detected, 3 unmitigated
13:13:59 core.sweep_detector INFO: FVGs: 7 detected, 3 unfilled
13:14:01 core.sweep_detector INFO: SweepDetector v2: 1 raw → 1 confirmed (vol≥2.5× body≥30%)
13:14:01 core.sweep_detector INFO: OrderBlocks: 7 detected, 3 unmitigated
13:14:01 core.sweep_detector INFO: FVGs: 12 detected, 6 unfilled
13:14:03 core.sweep_detector INFO: SweepDetector v2: 0 raw → 0 confirmed (vol≥2.5× body≥30%)
13:14:03 core.sweep_detector INFO: OrderBlocks: 2 detected, 1 unmitigated
13:14:03 core.sweep_detector INFO: FVGs: 11 detected, 2 unfilled
13:14:04 core.sweep_detector INFO: SweepDetector v2: 0 raw → 0 confirmed (vol≥2.5× body≥30%)
13:14:04 core.sweep_detector INFO: OrderBlocks: 2 detected, 0 unmitigated
13:14:04 core.sweep_detector INFO: FVGs: 8 detected, 0 unfilled
13:14:06 core.sweep_detector INFO: SweepDetector v2: 2 raw → 2 confirmed (vol≥2.5× body≥30%)
13:14:06 core.sweep_detector INFO: OrderBlocks: 2 detected, 0 unmitigated
13:14:06 core.sweep_detector INFO: FVGs: 6 detected, 0 unfilled
13:14:07 core.sweep_detector INFO: SweepDetector v2: 0 raw → 0 confirmed (vol≥2.5× body≥30%)
13:14:07 core.sweep_detector INFO: OrderBlocks: 7 detected, 3 unmitigated
13:14:07 core.sweep_detector INFO: FVGs: 12 detected, 7 unfilled
13:14:09 core.sweep_detector INFO: SweepDetector v2: 1 raw → 1 confirmed (vol≥2.5× body≥30%)
13:14:09 core.sweep_detector INFO: OrderBlocks: 3 detected, 2 unmitigated
13:14:09 core.sweep_detector INFO: FVGs: 11 detected, 2 unfilled
13:14:11 core.sweep_detector INFO: SweepDetector v2: 0 raw → 0 confirmed (vol≥2.5× body≥30%)
13:14:11 core.sweep_detector INFO: OrderBlocks: 10 detected, 3 unmitigated
13:14:11 core.sweep_detector INFO: FVGs: 12 detected, 6 unfilled
13:14:13 core.sweep_detector INFO: SweepDetector v2: 1 raw → 0 confirmed (vol≥2.5× body≥30%)
13:14:13 core.sweep_detector INFO: OrderBlocks: 9 detected, 3 unmitigated
13:14:13 core.sweep_detector INFO: FVGs: 8 detected, 2 unfilled
13:14:15 core.sweep_detector INFO: SweepDetector v2: 2 raw → 1 confirmed (vol≥2.5× body≥30%)
13:14:15 core.sweep_detector INFO: OrderBlocks: 2 detected, 1 unmitigated
13:14:15 core.sweep_detector INFO: FVGs: 9 detected, 3 unfilled
13:14:16 core.sweep_detector INFO: SweepDetector v2: 0 raw → 0 confirmed (vol≥2.5× body≥30%)
13:14:16 core.sweep_detector INFO: OrderBlocks: 6 detected, 2 unmitigated
13:14:16 core.sweep_detector INFO: FVGs: 8 detected, 5 unfilled
13:14:18 core.sweep_detector INFO: SweepDetector v2: 1 raw → 1 confirmed (vol≥2.5× body≥30%)
13:14:18 core.sweep_detector INFO: OrderBlocks: 6 detected, 3 unmitigated
13:14:18 core.sweep_detector INFO: FVGs: 10 detected, 6 unfilled
13:14:19 core.sweep_detector INFO: SweepDetector v2: 3 raw → 1 confirmed (vol≥2.5× body≥30%)
13:14:20 core.sweep_detector INFO: OrderBlocks: 5 detected, 2 unmitigated
13:14:20 core.sweep_detector INFO: FVGs: 9 detected, 4 unfilled
13:14:21 core.sweep_detector INFO: SweepDetector v2: 1 raw → 1 confirmed (vol≥2.5× body≥30%)
13:14:21 core.sweep_detector INFO: OrderBlocks: 2 detected, 2 unmitigated
13:14:21 core.sweep_detector INFO: FVGs: 4 detected, 2 unfilled
13:14:23 core.sweep_detector INFO: SweepDetector v2: 0 raw → 0 confirmed (vol≥2.5× body≥30%)
13:14:23 core.sweep_detector INFO: OrderBlocks: 6 detected, 2 unmitigated
13:14:23 core.sweep_detector INFO: FVGs: 3 detected, 2 unfilled
13:14:25 core.sweep_detector INFO: SweepDetector v2: 2 raw → 2 confirmed (vol≥2.5× body≥30%)
13:14:25 core.sweep_detector INFO: OrderBlocks: 6 detected, 0 unmitigated
13:14:25 core.sweep_detector INFO: FVGs: 9 detected, 1 unfilled
13:14:26 core.sweep_detector INFO: SweepDetector v2: 1 raw → 1 confirmed (vol≥2.5× body≥30%)
13:14:26 core.sweep_detector INFO: OrderBlocks: 2 detected, 1 unmitigated
13:14:26 core.sweep_detector INFO: FVGs: 6 detected, 0 unfilled
13:14:28 core.sweep_detector INFO: SweepDetector v2: 1 raw → 1 confirmed (vol≥2.5× body≥30%)
13:14:28 core.sweep_detector INFO: OrderBlocks: 9 detected, 2 unmitigated
13:14:28 core.sweep_detector INFO: FVGs: 5 detected, 4 unfilled
13:14:30 core.sweep_detector INFO: SweepDetector v2: 3 raw → 2 confirmed (vol≥2.5× body≥30%)
13:14:30 core.sweep_detector INFO: OrderBlocks: 4 detected, 1 unmitigated
13:14:30 core.sweep_detector INFO: FVGs: 6 detected, 2 unfilled
13:14:32 core.sweep_detector INFO: SweepDetector v2: 1 raw → 1 confirmed (vol≥2.5× body≥30%)
13:14:32 core.sweep_detector INFO: OrderBlocks: 6 detected, 3 unmitigated
13:14:32 core.sweep_detector INFO: FVGs: 7 detected, 2 unfilled
13:14:34 core.sweep_detector INFO: SweepDetector v2: 0 raw → 0 confirmed (vol≥2.5× body≥30%)
13:14:34 core.sweep_detector INFO: OrderBlocks: 4 detected, 2 unmitigated
13:14:34 core.sweep_detector INFO: FVGs: 13 detected, 4 unfilled
13:14:36 core.sweep_detector INFO: SweepDetector v2: 1 raw → 1 confirmed (vol≥2.5× body≥30%)
13:14:36 core.sweep_detector INFO: OrderBlocks: 5 detected, 0 unmitigated
13:14:36 core.sweep_detector INFO: FVGs: 11 detected, 4 unfilled
13:14:38 core.sweep_detector INFO: SweepDetector v2: 2 raw → 1 confirmed (vol≥2.5× body≥30%)
13:14:38 core.sweep_detector INFO: OrderBlocks: 4 detected, 3 unmitigated
13:14:38 core.sweep_detector INFO: FVGs: 7 detected, 3 unfilled
13:14:40 core.sweep_detector INFO: SweepDetector v2: 3 raw → 2 confirmed (vol≥2.5× body≥30%)
13:14:40 core.sweep_detector INFO: OrderBlocks: 11 detected, 4 unmitigated
13:14:40 core.sweep_detector INFO: FVGs: 14 detected, 1 unfilled
13:14:41 core.sweep_detector INFO: SweepDetector v2: 3 raw → 1 confirmed (vol≥2.5× body≥30%)
13:14:41 core.sweep_detector INFO: OrderBlocks: 5 detected, 0 unmitigated
13:14:41 core.sweep_detector INFO: FVGs: 11 detected, 3 unfilled
13:14:43 core.sweep_detector INFO: SweepDetector v2: 2 raw → 2 confirmed (vol≥2.5× body≥30%)
13:14:43 core.sweep_detector INFO: OrderBlocks: 1 detected, 1 unmitigated
13:14:43 core.sweep_detector INFO: FVGs: 10 detected, 4 unfilled
13:14:44 core.sweep_detector INFO: SweepDetector v2: 2 raw → 2 confirmed (vol≥2.5× body≥30%)
13:14:45 core.sweep_detector INFO: OrderBlocks: 3 detected, 1 unmitigated
13:14:45 core.sweep_detector INFO: FVGs: 7 detected, 2 unfilled
13:14:46 core.sweep_detector INFO: SweepDetector v2: 0 raw → 0 confirmed (vol≥2.5× body≥30%)
13:14:46 core.sweep_detector INFO: OrderBlocks: 2 detected, 1 unmitigated
13:14:46 core.sweep_detector INFO: FVGs: 11 detected, 5 unfilled
13:14:48 core.sweep_detector INFO: SweepDetector v2: 1 raw → 0 confirmed (vol≥2.5× body≥30%)
13:14:48 core.sweep_detector INFO: OrderBlocks: 1 detected, 0 unmitigated
13:14:48 core.sweep_detector INFO: FVGs: 7 detected, 3 unfilled
13:14:49 core.sweep_detector INFO: SweepDetector v2: 2 raw → 2 confirmed (vol≥2.5× body≥30%)
13:14:49 core.sweep_detector INFO: OrderBlocks: 15 detected, 3 unmitigated
13:14:49 core.sweep_detector INFO: FVGs: 16 detected, 2 unfilled
13:14:51 core.sweep_detector INFO: SweepDetector v2: 3 raw → 3 confirmed (vol≥2.5× body≥30%)
13:14:51 core.sweep_detector INFO: OrderBlocks: 5 detected, 2 unmitigated
13:14:51 core.sweep_detector INFO: FVGs: 8 detected, 1 unfilled
13:14:53 core.sweep_detector INFO: SweepDetector v2: 2 raw → 1 confirmed (vol≥2.5× body≥30%)
13:14:53 core.sweep_detector INFO: OrderBlocks: 2 detected, 1 unmitigated
13:14:53 core.sweep_detector INFO: FVGs: 9 detected, 3 unfilled
13:14:55 core.sweep_detector INFO: SweepDetector v2: 6 raw → 3 confirmed (vol≥2.5× body≥30%)
13:14:55 core.sweep_detector INFO: OrderBlocks: 6 detected, 4 unmitigated
13:14:55 core.sweep_detector INFO: FVGs: 10 detected, 5 unfilled
13:14:56 core.sweep_detector INFO: SweepDetector v2: 5 raw → 4 confirmed (vol≥2.5× body≥30%)
13:14:56 core.sweep_detector INFO: OrderBlocks: 4 detected, 1 unmitigated
13:14:56 core.sweep_detector INFO: FVGs: 6 detected, 1 unfilled
13:14:59 core.sweep_detector INFO: SweepDetector v2: 1 raw → 1 confirmed (vol≥2.5× body≥30%)
13:14:59 core.sweep_detector INFO: OrderBlocks: 2 detected, 1 unmitigated
13:14:59 core.sweep_detector INFO: FVGs: 7 detected, 2 unfilled
13:15:01 core.sweep_detector INFO: SweepDetector v2: 1 raw → 1 confirmed (vol≥2.5× body≥30%)
13:15:01 core.sweep_detector INFO: OrderBlocks: 5 detected, 1 unmitigated
13:15:01 core.sweep_detector INFO: FVGs: 8 detected, 3 unfilled
13:15:02 core.sweep_detector INFO: SweepDetector v2: 3 raw → 3 confirmed (vol≥2.5× body≥30%)
13:15:02 core.sweep_detector INFO: OrderBlocks: 7 detected, 2 unmitigated
13:15:02 core.sweep_detector INFO: FVGs: 10 detected, 4 unfilled
13:15:04 core.sweep_detector INFO: SweepDetector v2: 3 raw → 3 confirmed (vol≥2.5× body≥30%)
13:15:04 core.sweep_detector INFO: OrderBlocks: 2 detected, 1 unmitigated
13:15:04 core.sweep_detector INFO: FVGs: 12 detected, 5 unfilled
13:15:06 core.sweep_detector INFO: SweepDetector v2: 1 raw → 1 confirmed (vol≥2.5× body≥30%)
13:15:06 core.sweep_detector INFO: OrderBlocks: 5 detected, 1 unmitigated
13:15:06 core.sweep_detector INFO: FVGs: 12 detected, 5 unfilled
13:15:08 core.sweep_detector INFO: SweepDetector v2: 2 raw → 0 confirmed (vol≥2.5× body≥30%)
13:15:08 core.sweep_detector INFO: OrderBlocks: 6 detected, 1 unmitigated
13:15:08 core.sweep_detector INFO: FVGs: 9 detected, 1 unfilled
13:15:10 core.sweep_detector INFO: SweepDetector v2: 1 raw → 1 confirmed (vol≥2.5× body≥30%)
13:15:10 core.sweep_detector INFO: OrderBlocks: 4 detected, 2 unmitigated
13:15:10 core.sweep_detector INFO: FVGs: 4 detected, 2 unfilled
13:15:12 core.sweep_detector INFO: SweepDetector v2: 3 raw → 2 confirmed (vol≥2.5× body≥30%)
13:15:12 core.sweep_detector INFO: OrderBlocks: 5 detected, 1 unmitigated
13:15:12 core.sweep_detector INFO: FVGs: 7 detected, 0 unfilled
13:15:14 core.sweep_detector INFO: SweepDetector v2: 2 raw → 2 confirmed (vol≥2.5× body≥30%)
13:15:14 core.sweep_detector INFO: OrderBlocks: 7 detected, 3 unmitigated
13:15:14 core.sweep_detector INFO: FVGs: 6 detected, 3 unfilled
13:15:16 core.sweep_detector INFO: SweepDetector v2: 0 raw → 0 confirmed (vol≥2.5× body≥30%)
13:15:16 core.sweep_detector INFO: OrderBlocks: 6 detected, 3 unmitigated
13:15:16 core.sweep_detector INFO: FVGs: 6 detected, 4 unfilled
13:15:18 core.sweep_detector INFO: SweepDetector v2: 0 raw → 0 confirmed (vol≥2.5× body≥30%)
13:15:18 core.sweep_detector INFO: OrderBlocks: 8 detected, 4 unmitigated
13:15:18 core.sweep_detector INFO: FVGs: 10 detected, 4 unfilled
13:15:20 core.sweep_detector INFO: SweepDetector v2: 4 raw → 3 confirmed (vol≥2.5× body≥30%)
13:15:20 core.sweep_detector INFO: OrderBlocks: 5 detected, 1 unmitigated
13:15:20 core.sweep_detector INFO: FVGs: 11 detected, 2 unfilled
13:15:21 core.sweep_detector INFO: SweepDetector v2: 2 raw → 2 confirmed (vol≥2.5× body≥30%)
13:15:21 core.sweep_detector INFO: OrderBlocks: 2 detected, 1 unmitigated
13:15:21 core.sweep_detector INFO: FVGs: 8 detected, 3 unfilled
13:15:23 core.sweep_detector INFO: SweepDetector v2: 1 raw → 1 confirmed (vol≥2.5× body≥30%)
13:15:23 core.sweep_detector INFO: OrderBlocks: 4 detected, 2 unmitigated
13:15:23 core.sweep_detector INFO: FVGs: 5 detected, 2 unfilled
13:15:25 core.sweep_detector INFO: SweepDetector v2: 3 raw → 3 confirmed (vol≥2.5× body≥30%)
13:15:25 core.sweep_detector INFO: OrderBlocks: 4 detected, 0 unmitigated
13:15:25 core.sweep_detector INFO: FVGs: 4 detected, 1 unfilled
13:15:27 core.sweep_detector INFO: SweepDetector v2: 1 raw → 1 confirmed (vol≥2.5× body≥30%)
13:15:27 core.sweep_detector INFO: OrderBlocks: 0 detected, 0 unmitigated
13:15:27 core.sweep_detector INFO: FVGs: 1 detected, 0 unfilled
13:15:29 core.sweep_detector INFO: SweepDetector v2: 2 raw → 2 confirmed (vol≥2.5× body≥30%)
13:15:29 core.sweep_detector INFO: OrderBlocks: 10 detected, 4 unmitigated
13:15:29 core.sweep_detector INFO: FVGs: 10 detected, 4 unfilled
13:15:31 core.sweep_detector INFO: SweepDetector v2: 5 raw → 3 confirmed (vol≥2.5× body≥30%)
13:15:31 core.sweep_detector INFO: OrderBlocks: 2 detected, 1 unmitigated
13:15:31 core.sweep_detector INFO: FVGs: 9 detected, 3 unfilled
13:15:32 core.sweep_detector INFO: SweepDetector v2: 2 raw → 1 confirmed (vol≥2.5× body≥30%)
13:15:32 core.sweep_detector INFO: OrderBlocks: 2 detected, 0 unmitigated
13:15:32 core.sweep_detector INFO: FVGs: 9 detected, 2 unfilled
13:15:34 core.sweep_detector INFO: SweepDetector v2: 1 raw → 0 confirmed (vol≥2.5× body≥30%)
13:15:34 core.sweep_detector INFO: OrderBlocks: 5 detected, 1 unmitigated
13:15:34 core.sweep_detector INFO: FVGs: 5 detected, 2 unfilled
13:15:36 core.sweep_detector INFO: SweepDetector v2: 4 raw → 4 confirmed (vol≥2.5× body≥30%)
13:15:36 core.sweep_detector INFO: OrderBlocks: 1 detected, 0 unmitigated
13:15:36 core.sweep_detector INFO: FVGs: 8 detected, 1 unfilled
13:15:38 core.sweep_detector INFO: SweepDetector v2: 1 raw → 1 confirmed (vol≥2.5× body≥30%)
13:15:38 core.sweep_detector INFO: OrderBlocks: 4 detected, 1 unmitigated
13:15:38 core.sweep_detector INFO: FVGs: 8 detected, 0 unfilled
13:15:40 core.sweep_detector INFO: SweepDetector v2: 2 raw → 2 confirmed (vol≥2.5× body≥30%)
13:15:40 core.sweep_detector INFO: OrderBlocks: 8 detected, 4 unmitigated
13:15:40 core.sweep_detector INFO: FVGs: 9 detected, 2 unfilled
13:15:41 core.sweep_detector INFO: SweepDetector v2: 2 raw → 1 confirmed (vol≥2.5× body≥30%)
13:15:41 core.sweep_detector INFO: OrderBlocks: 4 detected, 1 unmitigated
13:15:41 core.sweep_detector INFO: FVGs: 7 detected, 3 unfilled
13:15:43 core.sweep_detector INFO: SweepDetector v2: 1 raw → 1 confirmed (vol≥2.5× body≥30%)
13:15:43 core.sweep_detector INFO: OrderBlocks: 1 detected, 0 unmitigated
13:15:43 core.sweep_detector INFO: FVGs: 11 detected, 5 unfilled
13:15:45 core.sweep_detector INFO: SweepDetector v2: 0 raw → 0 confirmed (vol≥2.5× body≥30%)
13:15:45 core.sweep_detector INFO: OrderBlocks: 1 detected, 0 unmitigated
13:15:45 core.sweep_detector INFO: FVGs: 0 detected, 0 unfilled
13:15:46 core.sweep_detector INFO: SweepDetector v2: 0 raw → 0 confirmed (vol≥2.5× body≥30%)
13:15:46 core.sweep_detector INFO: OrderBlocks: 0 detected, 0 unmitigated
13:15:46 core.sweep_detector INFO: FVGs: 0 detected, 0 unfilled
13:15:48 core.sweep_detector INFO: SweepDetector v2: 0 raw → 0 confirmed (vol≥2.5× body≥30%)
13:15:48 core.sweep_detector INFO: OrderBlocks: 0 detected, 0 unmitigated
13:15:48 core.sweep_detector INFO: FVGs: 0 detected, 0 unfilled
13:15:50 core.sweep_detector INFO: SweepDetector v2: 2 raw → 2 confirmed (vol≥2.5× body≥30%)
13:15:50 core.sweep_detector INFO: OrderBlocks: 5 detected, 2 unmitigated
13:15:50 core.sweep_detector INFO: FVGs: 6 detected, 1 unfilled
13:15:51 core.sweep_detector INFO: SweepDetector v2: 3 raw → 3 confirmed (vol≥2.5× body≥30%)
13:15:51 core.sweep_detector INFO: OrderBlocks: 3 detected, 0 unmitigated
13:15:51 core.sweep_detector INFO: FVGs: 10 detected, 2 unfilled
13:15:53 core.sweep_detector INFO: SweepDetector v2: 2 raw → 2 confirmed (vol≥2.5× body≥30%)
13:15:53 core.sweep_detector INFO: OrderBlocks: 1 detected, 1 unmitigated
13:15:53 core.sweep_detector INFO: FVGs: 4 detected, 1 unfilled
13:15:55 core.sweep_detector INFO: SweepDetector v2: 0 raw → 0 confirmed (vol≥2.5× body≥30%)
13:15:55 core.sweep_detector INFO: OrderBlocks: 4 detected, 2 unmitigated
13:15:55 core.sweep_detector INFO: FVGs: 11 detected, 7 unfilled
13:15:56 core.sweep_detector INFO: SweepDetector v2: 0 raw → 0 confirmed (vol≥2.5× body≥30%)
13:15:56 core.sweep_detector INFO: OrderBlocks: 1 detected, 0 unmitigated
13:15:56 core.sweep_detector INFO: FVGs: 6 detected, 2 unfilled
13:15:58 core.sweep_detector INFO: SweepDetector v2: 2 raw → 2 confirmed (vol≥2.5× body≥30%)
13:15:58 core.sweep_detector INFO: OrderBlocks: 1 detected, 0 unmitigated
13:15:58 core.sweep_detector INFO: FVGs: 11 detected, 2 unfilled
13:16:00 core.sweep_detector INFO: SweepDetector v2: 5 raw → 3 confirmed (vol≥2.5× body≥30%)
13:16:00 core.sweep_detector INFO: OrderBlocks: 6 detected, 2 unmitigated
13:16:00 core.sweep_detector INFO: FVGs: 9 detected, 2 unfilled
13:16:02 core.sweep_detector INFO: SweepDetector v2: 2 raw → 2 confirmed (vol≥2.5× body≥30%)
13:16:02 core.sweep_detector INFO: OrderBlocks: 3 detected, 2 unmitigated
13:16:02 core.sweep_detector INFO: FVGs: 13 detected, 2 unfilled
13:16:03 core.sweep_detector INFO: SweepDetector v2: 3 raw → 3 confirmed (vol≥2.5× body≥30%)
13:16:03 core.sweep_detector INFO: OrderBlocks: 3 detected, 0 unmitigated
13:16:03 core.sweep_detector INFO: FVGs: 5 detected, 1 unfilled
13:16:05 core.sweep_detector INFO: SweepDetector v2: 0 raw → 0 confirmed (vol≥2.5× body≥30%)
13:16:05 core.sweep_detector INFO: OrderBlocks: 7 detected, 2 unmitigated
13:16:05 core.sweep_detector INFO: FVGs: 9 detected, 2 unfilled
13:16:07 core.sweep_detector INFO: SweepDetector v2: 3 raw → 3 confirmed (vol≥2.5× body≥30%)
13:16:07 core.sweep_detector INFO: OrderBlocks: 4 detected, 1 unmitigated
13:16:07 core.sweep_detector INFO: FVGs: 8 detected, 3 unfilled
13:16:09 core.sweep_detector INFO: SweepDetector v2: 2 raw → 1 confirmed (vol≥2.5× body≥30%)
13:16:09 core.sweep_detector INFO: OrderBlocks: 5 detected, 2 unmitigated
13:16:09 core.sweep_detector INFO: FVGs: 7 detected, 3 unfilled
13:16:11 core.sweep_detector INFO: SweepDetector v2: 1 raw → 1 confirmed (vol≥2.5× body≥30%)
13:16:11 core.sweep_detector INFO: OrderBlocks: 4 detected, 2 unmitigated
13:16:11 core.sweep_detector INFO: FVGs: 12 detected, 9 unfilled
13:16:12 core.sweep_detector INFO: SweepDetector v2: 1 raw → 1 confirmed (vol≥2.5× body≥30%)
13:16:12 core.sweep_detector INFO: OrderBlocks: 3 detected, 2 unmitigated
13:16:12 core.sweep_detector INFO: FVGs: 2 detected, 1 unfilled
13:16:14 core.sweep_detector INFO: SweepDetector v2: 3 raw → 3 confirmed (vol≥2.5× body≥30%)
13:16:14 core.sweep_detector INFO: OrderBlocks: 2 detected, 2 unmitigated
13:16:14 core.sweep_detector INFO: FVGs: 7 detected, 3 unfilled
13:16:16 core.sweep_detector INFO: SweepDetector v2: 1 raw → 0 confirmed (vol≥2.5× body≥30%)
13:16:16 core.sweep_detector INFO: OrderBlocks: 9 detected, 3 unmitigated
13:16:16 core.sweep_detector INFO: FVGs: 8 detected, 4 unfilled
13:16:17 core.sweep_detector INFO: SweepDetector v2: 4 raw → 1 confirmed (vol≥2.5× body≥30%)
13:16:17 core.sweep_detector INFO: OrderBlocks: 5 detected, 1 unmitigated
13:16:17 core.sweep_detector INFO: FVGs: 7 detected, 1 unfilled
13:16:19 core.sweep_detector INFO: SweepDetector v2: 1 raw → 1 confirmed (vol≥2.5× body≥30%)
13:16:19 core.sweep_detector INFO: OrderBlocks: 1 detected, 0 unmitigated
13:16:19 core.sweep_detector INFO: FVGs: 2 detected, 1 unfilled
13:16:21 core.sweep_detector INFO: SweepDetector v2: 2 raw → 2 confirmed (vol≥2.5× body≥30%)
13:16:21 core.sweep_detector INFO: OrderBlocks: 5 detected, 2 unmitigated
13:16:21 core.sweep_detector INFO: FVGs: 11 detected, 1 unfilled
13:16:23 core.sweep_detector INFO: SweepDetector v2: 1 raw → 1 confirmed (vol≥2.5× body≥30%)
13:16:23 core.sweep_detector INFO: OrderBlocks: 4 detected, 1 unmitigated
13:16:23 core.sweep_detector INFO: FVGs: 13 detected, 5 unfilled
13:16:24 core.sweep_detector INFO: SweepDetector v2: 0 raw → 0 confirmed (vol≥2.5× body≥30%)
13:16:24 core.sweep_detector INFO: OrderBlocks: 0 detected, 0 unmitigated
13:16:24 core.sweep_detector INFO: FVGs: 8 detected, 1 unfilled
13:16:26 core.sweep_detector INFO: SweepDetector v2: 7 raw → 5 confirmed (vol≥2.5× body≥30%)
13:16:26 core.sweep_detector INFO: OrderBlocks: 5 detected, 5 unmitigated
13:16:26 core.sweep_detector INFO: FVGs: 13 detected, 8 unfilled
13:16:28 core.sweep_detector INFO: SweepDetector v2: 2 raw → 1 confirmed (vol≥2.5× body≥30%)
13:16:28 core.sweep_detector INFO: OrderBlocks: 1 detected, 0 unmitigated
13:16:28 core.sweep_detector INFO: FVGs: 5 detected, 2 unfilled
13:16:30 core.sweep_detector INFO: SweepDetector v2: 3 raw → 3 confirmed (vol≥2.5× body≥30%)
13:16:30 core.sweep_detector INFO: OrderBlocks: 5 detected, 1 unmitigated
13:16:30 core.sweep_detector INFO: FVGs: 10 detected, 2 unfilled
13:16:32 core.sweep_detector INFO: SweepDetector v2: 0 raw → 0 confirmed (vol≥2.5× body≥30%)
13:16:32 core.sweep_detector INFO: OrderBlocks: 8 detected, 5 unmitigated
13:16:32 core.sweep_detector INFO: FVGs: 13 detected, 4 unfilled
13:16:34 core.sweep_detector INFO: SweepDetector v2: 3 raw → 2 confirmed (vol≥2.5× body≥30%)
13:16:34 core.sweep_detector INFO: OrderBlocks: 4 detected, 1 unmitigated
13:16:34 core.sweep_detector INFO: FVGs: 9 detected, 3 unfilled
13:16:35 core.sweep_detector INFO: SweepDetector v2: 2 raw → 1 confirmed (vol≥2.5× body≥30%)
13:16:35 core.sweep_detector INFO: OrderBlocks: 3 detected, 1 unmitigated
13:16:35 core.sweep_detector INFO: FVGs: 5 detected, 3 unfilled
13:16:37 core.sweep_detector INFO: SweepDetector v2: 3 raw → 3 confirmed (vol≥2.5× body≥30%)
13:16:37 core.sweep_detector INFO: OrderBlocks: 3 detected, 1 unmitigated
13:16:37 core.sweep_detector INFO: FVGs: 4 detected, 1 unfilled
13:16:38 core.sweep_detector INFO: SweepDetector v2: 3 raw → 2 confirmed (vol≥2.5× body≥30%)
13:16:38 core.sweep_detector INFO: OrderBlocks: 7 detected, 2 unmitigated
13:16:38 core.sweep_detector INFO: FVGs: 5 detected, 1 unfilled
13:16:40 core.sweep_detector INFO: SweepDetector v2: 1 raw → 1 confirmed (vol≥2.5× body≥30%)
13:16:40 core.sweep_detector INFO: OrderBlocks: 2 detected, 1 unmitigated
13:16:40 core.sweep_detector INFO: FVGs: 8 detected, 3 unfilled
13:16:42 core.sweep_detector INFO: SweepDetector v2: 3 raw → 2 confirmed (vol≥2.5× body≥30%)
13:16:42 core.sweep_detector INFO: OrderBlocks: 3 detected, 3 unmitigated
13:16:42 core.sweep_detector INFO: FVGs: 13 detected, 8 unfilled
13:16:43 core.sweep_detector INFO: SweepDetector v2: 2 raw → 2 confirmed (vol≥2.5× body≥30%)
13:16:43 core.sweep_detector INFO: OrderBlocks: 3 detected, 1 unmitigated
13:16:43 core.sweep_detector INFO: FVGs: 9 detected, 3 unfilled
13:16:45 core.sweep_detector INFO: SweepDetector v2: 2 raw → 1 confirmed (vol≥2.5× body≥30%)
13:16:45 core.sweep_detector INFO: OrderBlocks: 5 detected, 1 unmitigated
13:16:45 core.sweep_detector INFO: FVGs: 5 detected, 1 unfilled
13:16:47 core.sweep_detector INFO: SweepDetector v2: 1 raw → 0 confirmed (vol≥2.5× body≥30%)
13:16:47 core.sweep_detector INFO: OrderBlocks: 4 detected, 0 unmitigated
13:16:47 core.sweep_detector INFO: FVGs: 14 detected, 5 unfilled
13:16:48 core.sweep_detector INFO: SweepDetector v2: 0 raw → 0 confirmed (vol≥2.5× body≥30%)
13:16:48 core.sweep_detector INFO: OrderBlocks: 7 detected, 1 unmitigated
13:16:48 core.sweep_detector INFO: FVGs: 4 detected, 2 unfilled
13:16:50 core.sweep_detector INFO: SweepDetector v2: 2 raw → 2 confirmed (vol≥2.5× body≥30%)
13:16:50 core.sweep_detector INFO: OrderBlocks: 2 detected, 1 unmitigated
13:16:50 core.sweep_detector INFO: FVGs: 5 detected, 2 unfilled
13:16:51 core.sweep_detector INFO: SweepDetector v2: 1 raw → 0 confirmed (vol≥2.5× body≥30%)
13:16:51 core.sweep_detector INFO: OrderBlocks: 6 detected, 3 unmitigated
13:16:51 core.sweep_detector INFO: FVGs: 10 detected, 5 unfilled
13:16:53 core.sweep_detector INFO: SweepDetector v2: 2 raw → 2 confirmed (vol≥2.5× body≥30%)
13:16:53 core.sweep_detector INFO: OrderBlocks: 3 detected, 1 unmitigated
13:16:53 core.sweep_detector INFO: FVGs: 15 detected, 3 unfilled
13:16:54 core.sweep_detector INFO: SweepDetector v2: 4 raw → 3 confirmed (vol≥2.5× body≥30%)
13:16:54 core.sweep_detector INFO: OrderBlocks: 3 detected, 0 unmitigated
13:16:54 core.sweep_detector INFO: FVGs: 7 detected, 2 unfilled
13:16:56 core.sweep_detector INFO: SweepDetector v2: 0 raw → 0 confirmed (vol≥2.5× body≥30%)
13:16:56 core.sweep_detector INFO: OrderBlocks: 10 detected, 2 unmitigated
13:16:56 core.sweep_detector INFO: FVGs: 11 detected, 2 unfilled
13:16:58 core.sweep_detector INFO: SweepDetector v2: 1 raw → 1 confirmed (vol≥2.5× body≥30%)
13:16:58 core.sweep_detector INFO: OrderBlocks: 6 detected, 3 unmitigated
13:16:58 core.sweep_detector INFO: FVGs: 6 detected, 2 unfilled
13:17:00 core.sweep_detector INFO: SweepDetector v2: 1 raw → 1 confirmed (vol≥2.5× body≥30%)
13:17:00 core.sweep_detector INFO: OrderBlocks: 4 detected, 1 unmitigated
13:17:00 core.sweep_detector INFO: FVGs: 5 detected, 3 unfilled
13:17:02 core.sweep_detector INFO: SweepDetector v2: 0 raw → 0 confirmed (vol≥2.5× body≥30%)
13:17:02 core.sweep_detector INFO: OrderBlocks: 2 detected, 0 unmitigated
13:17:02 core.sweep_detector INFO: FVGs: 0 detected, 0 unfilled
13:17:04 core.sweep_detector INFO: SweepDetector v2: 0 raw → 0 confirmed (vol≥2.5× body≥30%)
13:17:04 core.sweep_detector INFO: OrderBlocks: 0 detected, 0 unmitigated
13:17:04 core.sweep_detector INFO: FVGs: 0 detected, 0 unfilled
13:17:07 core.sweep_detector INFO: SweepDetector v2: 0 raw → 0 confirmed (vol≥2.5× body≥30%)
13:17:07 core.sweep_detector INFO: OrderBlocks: 0 detected, 0 unmitigated
13:17:07 core.sweep_detector INFO: FVGs: 0 detected, 0 unfilled
13:17:09 core.sweep_detector INFO: SweepDetector v2: 1 raw → 1 confirmed (vol≥2.5× body≥30%)
13:17:09 core.sweep_detector INFO: OrderBlocks: 6 detected, 1 unmitigated
13:17:09 core.sweep_detector INFO: FVGs: 9 detected, 5 unfilled
13:17:10 core.sweep_detector INFO: SweepDetector v2: 2 raw → 2 confirmed (vol≥2.5× body≥30%)
13:17:10 core.sweep_detector INFO: OrderBlocks: 7 detected, 2 unmitigated
13:17:10 core.sweep_detector INFO: FVGs: 8 detected, 3 unfilled
13:17:12 core.sweep_detector INFO: SweepDetector v2: 1 raw → 1 confirmed (vol≥2.5× body≥30%)
13:17:12 core.sweep_detector INFO: OrderBlocks: 4 detected, 2 unmitigated
13:17:12 core.sweep_detector INFO: FVGs: 12 detected, 4 unfilled
13:17:14 core.sweep_detector INFO: SweepDetector v2: 1 raw → 1 confirmed (vol≥2.5× body≥30%)
13:17:14 core.sweep_detector INFO: OrderBlocks: 2 detected, 0 unmitigated
13:17:14 core.sweep_detector INFO: FVGs: 0 detected, 0 unfilled
13:17:15 core.sweep_detector INFO: SweepDetector v2: 0 raw → 0 confirmed (vol≥2.5× body≥30%)
13:17:15 core.sweep_detector INFO: OrderBlocks: 1 detected, 0 unmitigated
13:17:15 core.sweep_detector INFO: FVGs: 0 detected, 0 unfilled
13:17:17 core.sweep_detector INFO: SweepDetector v2: 0 raw → 0 confirmed (vol≥2.5× body≥30%)
13:17:17 core.sweep_detector INFO: OrderBlocks: 1 detected, 0 unmitigated
13:17:17 core.sweep_detector INFO: FVGs: 0 detected, 0 unfilled
13:17:19 core.sweep_detector INFO: SweepDetector v2: 0 raw → 0 confirmed (vol≥2.5× body≥30%)
13:17:19 core.sweep_detector INFO: OrderBlocks: 3 detected, 0 unmitigated
13:17:19 core.sweep_detector INFO: FVGs: 0 detected, 0 unfilled
13:17:21 core.sweep_detector INFO: SweepDetector v2: 0 raw → 0 confirmed (vol≥2.5× body≥30%)
13:17:21 core.sweep_detector INFO: OrderBlocks: 1 detected, 0 unmitigated
13:17:21 core.sweep_detector INFO: FVGs: 0 detected, 0 unfilled
13:17:22 core.sweep_detector INFO: SweepDetector v2: 0 raw → 0 confirmed (vol≥2.5× body≥30%)
13:17:22 core.sweep_detector INFO: OrderBlocks: 2 detected, 0 unmitigated
13:17:22 core.sweep_detector INFO: FVGs: 0 detected, 0 unfilled
13:17:24 core.sweep_detector INFO: SweepDetector v2: 0 raw → 0 confirmed (vol≥2.5× body≥30%)
13:17:24 core.sweep_detector INFO: OrderBlocks: 2 detected, 0 unmitigated
13:17:24 core.sweep_detector INFO: FVGs: 0 detected, 0 unfilled
13:17:26 core.sweep_detector INFO: SweepDetector v2: 0 raw → 0 confirmed (vol≥2.5× body≥30%)
13:17:26 core.sweep_detector INFO: OrderBlocks: 0 detected, 0 unmitigated
13:17:26 core.sweep_detector INFO: FVGs: 0 detected, 0 unfilled
13:17:27 core.sweep_detector INFO: SweepDetector v2: 0 raw → 0 confirmed (vol≥2.5× body≥30%)
13:17:27 core.sweep_detector INFO: OrderBlocks: 0 detected, 0 unmitigated
13:17:27 core.sweep_detector INFO: FVGs: 0 detected, 0 unfilled
13:17:29 core.sweep_detector INFO: SweepDetector v2: 3 raw → 3 confirmed (vol≥2.5× body≥30%)
13:17:29 core.sweep_detector INFO: OrderBlocks: 4 detected, 1 unmitigated
13:17:29 core.sweep_detector INFO: FVGs: 8 detected, 3 unfilled
13:17:31 core.sweep_detector INFO: SweepDetector v2: 5 raw → 4 confirmed (vol≥2.5× body≥30%)
13:17:31 core.sweep_detector INFO: OrderBlocks: 8 detected, 3 unmitigated
13:17:31 core.sweep_detector INFO: FVGs: 7 detected, 3 unfilled
13:17:32 core.sweep_detector INFO: SweepDetector v2: 2 raw → 2 confirmed (vol≥2.5× body≥30%)
13:17:32 core.sweep_detector INFO: OrderBlocks: 5 detected, 1 unmitigated
13:17:32 core.sweep_detector INFO: FVGs: 9 detected, 4 unfilled
13:17:34 core.sweep_detector INFO: SweepDetector v2: 0 raw → 0 confirmed (vol≥2.5× body≥30%)
13:17:34 core.sweep_detector INFO: OrderBlocks: 5 detected, 2 unmitigated
13:17:34 core.sweep_detector INFO: FVGs: 9 detected, 4 unfilled
13:17:36 core.sweep_detector INFO: SweepDetector v2: 1 raw → 1 confirmed (vol≥2.5× body≥30%)
13:17:36 core.sweep_detector INFO: OrderBlocks: 1 detected, 1 unmitigated
13:17:36 core.sweep_detector INFO: FVGs: 8 detected, 2 unfilled
13:17:38 core.sweep_detector INFO: SweepDetector v2: 2 raw → 2 confirmed (vol≥2.5× body≥30%)
13:17:38 core.sweep_detector INFO: OrderBlocks: 2 detected, 0 unmitigated
13:17:38 core.sweep_detector INFO: FVGs: 7 detected, 2 unfilled
13:17:40 core.sweep_detector INFO: SweepDetector v2: 1 raw → 1 confirmed (vol≥2.5× body≥30%)
13:17:40 core.sweep_detector INFO: OrderBlocks: 6 detected, 4 unmitigated
13:17:40 core.sweep_detector INFO: FVGs: 8 detected, 3 unfilled
13:17:42 core.sweep_detector INFO: SweepDetector v2: 1 raw → 1 confirmed (vol≥2.5× body≥30%)
13:17:42 core.sweep_detector INFO: OrderBlocks: 1 detected, 0 unmitigated
13:17:42 core.sweep_detector INFO: FVGs: 12 detected, 2 unfilled
13:17:44 core.sweep_detector INFO: SweepDetector v2: 2 raw → 2 confirmed (vol≥2.5× body≥30%)
13:17:44 core.sweep_detector INFO: OrderBlocks: 4 detected, 2 unmitigated
13:17:44 core.sweep_detector INFO: FVGs: 6 detected, 3 unfilled
13:17:46 core.sweep_detector INFO: SweepDetector v2: 1 raw → 1 confirmed (vol≥2.5× body≥30%)
13:17:46 core.sweep_detector INFO: OrderBlocks: 2 detected, 1 unmitigated
13:17:46 core.sweep_detector INFO: FVGs: 8 detected, 4 unfilled
13:17:47 core.sweep_detector INFO: SweepDetector v2: 2 raw → 1 confirmed (vol≥2.5× body≥30%)
13:17:47 core.sweep_detector INFO: OrderBlocks: 1 detected, 0 unmitigated
13:17:47 core.sweep_detector INFO: FVGs: 6 detected, 0 unfilled
13:17:49 core.sweep_detector INFO: SweepDetector v2: 0 raw → 0 confirmed (vol≥2.5× body≥30%)
13:17:49 core.sweep_detector INFO: OrderBlocks: 1 detected, 0 unmitigated
13:17:49 core.sweep_detector INFO: FVGs: 1 detected, 0 unfilled
13:17:51 core.sweep_detector INFO: SweepDetector v2: 2 raw → 1 confirmed (vol≥2.5× body≥30%)
13:17:51 core.sweep_detector INFO: OrderBlocks: 6 detected, 4 unmitigated
13:17:51 core.sweep_detector INFO: FVGs: 13 detected, 6 unfilled
13:17:52 core.sweep_detector INFO: SweepDetector v2: 4 raw → 4 confirmed (vol≥2.5× body≥30%)
13:17:52 core.sweep_detector INFO: OrderBlocks: 2 detected, 1 unmitigated
13:17:52 core.sweep_detector INFO: FVGs: 5 detected, 2 unfilled
13:17:54 core.sweep_detector INFO: SweepDetector v2: 1 raw → 1 confirmed (vol≥2.5× body≥30%)
13:17:54 core.sweep_detector INFO: OrderBlocks: 4 detected, 1 unmitigated
13:17:54 core.sweep_detector INFO: FVGs: 6 detected, 1 unfilled
13:17:56 core.sweep_detector INFO: SweepDetector v2: 2 raw → 1 confirmed (vol≥2.5× body≥30%)
13:17:56 core.sweep_detector INFO: OrderBlocks: 5 detected, 1 unmitigated
13:17:56 core.sweep_detector INFO: FVGs: 5 detected, 1 unfilled
13:17:57 core.sweep_detector INFO: SweepDetector v2: 1 raw → 1 confirmed (vol≥2.5× body≥30%)
13:17:57 core.sweep_detector INFO: OrderBlocks: 5 detected, 0 unmitigated
13:17:57 core.sweep_detector INFO: FVGs: 9 detected, 1 unfilled
13:17:59 core.sweep_detector INFO: SweepDetector v2: 4 raw → 3 confirmed (vol≥2.5× body≥30%)
13:17:59 core.sweep_detector INFO: OrderBlocks: 5 detected, 1 unmitigated
13:17:59 core.sweep_detector INFO: FVGs: 11 detected, 3 unfilled
13:18:01 core.sweep_detector INFO: SweepDetector v2: 0 raw → 0 confirmed (vol≥2.5× body≥30%)
13:18:01 core.sweep_detector INFO: OrderBlocks: 1 detected, 1 unmitigated
13:18:01 core.sweep_detector INFO: FVGs: 4 detected, 1 unfilled
13:18:02 core.sweep_detector INFO: SweepDetector v2: 0 raw → 0 confirmed (vol≥2.5× body≥30%)
13:18:02 core.sweep_detector INFO: OrderBlocks: 6 detected, 3 unmitigated
13:18:02 core.sweep_detector INFO: FVGs: 5 detected, 3 unfilled
13:18:04 core.sweep_detector INFO: SweepDetector v2: 0 raw → 0 confirmed (vol≥2.5× body≥30%)
13:18:04 core.sweep_detector INFO: OrderBlocks: 6 detected, 5 unmitigated
13:18:04 core.sweep_detector INFO: FVGs: 7 detected, 5 unfilled
13:18:06 core.sweep_detector INFO: SweepDetector v2: 0 raw → 0 confirmed (vol≥2.5× body≥30%)
13:18:06 core.sweep_detector INFO: OrderBlocks: 8 detected, 3 unmitigated
13:18:06 core.sweep_detector INFO: FVGs: 12 detected, 4 unfilled
13:18:07 core.sweep_detector INFO: SweepDetector v2: 1 raw → 1 confirmed (vol≥2.5× body≥30%)
13:18:07 core.sweep_detector INFO: OrderBlocks: 4 detected, 1 unmitigated
13:18:07 core.sweep_detector INFO: FVGs: 9 detected, 4 unfilled
13:18:09 core.sweep_detector INFO: SweepDetector v2: 1 raw → 1 confirmed (vol≥2.5× body≥30%)
13:18:09 core.sweep_detector INFO: OrderBlocks: 7 detected, 3 unmitigated
13:18:09 core.sweep_detector INFO: FVGs: 10 detected, 6 unfilled
13:18:11 core.sweep_detector INFO: SweepDetector v2: 0 raw → 0 confirmed (vol≥2.5× body≥30%)
13:18:11 core.sweep_detector INFO: OrderBlocks: 10 detected, 3 unmitigated
13:18:11 core.sweep_detector INFO: FVGs: 10 detected, 3 unfilled
13:18:12 core.sweep_detector INFO: SweepDetector v2: 2 raw → 2 confirmed (vol≥2.5× body≥30%)
13:18:12 core.sweep_detector INFO: OrderBlocks: 2 detected, 1 unmitigated
13:18:12 core.sweep_detector INFO: FVGs: 12 detected, 2 unfilled
13:18:14 core.sweep_detector INFO: SweepDetector v2: 3 raw → 3 confirmed (vol≥2.5× body≥30%)
13:18:14 core.sweep_detector INFO: OrderBlocks: 1 detected, 0 unmitigated
13:18:14 core.sweep_detector INFO: FVGs: 14 detected, 3 unfilled
13:18:16 core.sweep_detector INFO: SweepDetector v2: 2 raw → 2 confirmed (vol≥2.5× body≥30%)
13:18:16 core.sweep_detector INFO: OrderBlocks: 7 detected, 3 unmitigated
13:18:16 core.sweep_detector INFO: FVGs: 8 detected, 3 unfilled
13:18:17 core.sweep_detector INFO: SweepDetector v2: 2 raw → 2 confirmed (vol≥2.5× body≥30%)
13:18:17 core.sweep_detector INFO: OrderBlocks: 5 detected, 1 unmitigated
13:18:17 core.sweep_detector INFO: FVGs: 5 detected, 1 unfilled
13:18:19 core.sweep_detector INFO: SweepDetector v2: 0 raw → 0 confirmed (vol≥2.5× body≥30%)
13:18:19 core.sweep_detector INFO: OrderBlocks: 4 detected, 0 unmitigated
13:18:19 core.sweep_detector INFO: FVGs: 8 detected, 1 unfilled
13:18:21 core.sweep_detector INFO: SweepDetector v2: 0 raw → 0 confirmed (vol≥2.5× body≥30%)
13:18:21 core.sweep_detector INFO: OrderBlocks: 0 detected, 0 unmitigated
13:18:21 core.sweep_detector INFO: FVGs: 0 detected, 0 unfilled
13:18:23 core.sweep_detector INFO: SweepDetector v2: 0 raw → 0 confirmed (vol≥2.5× body≥30%)
13:18:23 core.sweep_detector INFO: OrderBlocks: 5 detected, 1 unmitigated
13:18:23 core.sweep_detector INFO: FVGs: 0 detected, 0 unfilled
13:18:24 core.sweep_detector INFO: SweepDetector v2: 0 raw → 0 confirmed (vol≥2.5× body≥30%)
13:18:24 core.sweep_detector INFO: OrderBlocks: 0 detected, 0 unmitigated
13:18:24 core.sweep_detector INFO: FVGs: 0 detected, 0 unfilled
13:18:26 core.sweep_detector INFO: SweepDetector v2: 6 raw → 3 confirmed (vol≥2.5× body≥30%)
13:18:26 core.sweep_detector INFO: OrderBlocks: 9 detected, 3 unmitigated
13:18:26 core.sweep_detector INFO: FVGs: 10 detected, 3 unfilled
13:18:28 core.sweep_detector INFO: SweepDetector v2: 1 raw → 1 confirmed (vol≥2.5× body≥30%)
13:18:28 core.sweep_detector INFO: OrderBlocks: 5 detected, 1 unmitigated
13:18:28 core.sweep_detector INFO: FVGs: 11 detected, 3 unfilled
13:18:30 core.sweep_detector INFO: SweepDetector v2: 3 raw → 2 confirmed (vol≥2.5× body≥30%)
13:18:30 core.sweep_detector INFO: OrderBlocks: 9 detected, 3 unmitigated
13:18:30 core.sweep_detector INFO: FVGs: 12 detected, 3 unfilled
13:18:32 core.sweep_detector INFO: SweepDetector v2: 1 raw → 1 confirmed (vol≥2.5× body≥30%)
13:18:32 core.sweep_detector INFO: OrderBlocks: 7 detected, 2 unmitigated
13:18:32 core.sweep_detector INFO: FVGs: 7 detected, 2 unfilled
13:18:33 core.sweep_detector INFO: SweepDetector v2: 2 raw → 1 confirmed (vol≥2.5× body≥30%)
13:18:33 core.sweep_detector INFO: OrderBlocks: 1 detected, 0 unmitigated
13:18:33 core.sweep_detector INFO: FVGs: 11 detected, 3 unfilled
13:18:35 core.sweep_detector INFO: SweepDetector v2: 0 raw → 0 confirmed (vol≥2.5× body≥30%)
13:18:35 core.sweep_detector INFO: OrderBlocks: 5 detected, 0 unmitigated
13:18:35 core.sweep_detector INFO: FVGs: 5 detected, 2 unfilled
13:18:37 core.sweep_detector INFO: SweepDetector v2: 0 raw → 0 confirmed (vol≥2.5× body≥30%)
13:18:37 core.sweep_detector INFO: OrderBlocks: 7 detected, 3 unmitigated
13:18:37 core.sweep_detector INFO: FVGs: 9 detected, 2 unfilled
13:18:38 core.sweep_detector INFO: SweepDetector v2: 0 raw → 0 confirmed (vol≥2.5× body≥30%)
13:18:38 core.sweep_detector INFO: OrderBlocks: 11 detected, 0 unmitigated
13:18:38 core.sweep_detector INFO: FVGs: 6 detected, 0 unfilled
13:18:40 core.sweep_detector INFO: SweepDetector v2: 4 raw → 3 confirmed (vol≥2.5× body≥30%)
13:18:40 core.sweep_detector INFO: OrderBlocks: 3 detected, 0 unmitigated
13:18:40 core.sweep_detector INFO: FVGs: 4 detected, 2 unfilled
13:18:42 core.sweep_detector INFO: SweepDetector v2: 2 raw → 2 confirmed (vol≥2.5× body≥30%)
13:18:42 core.sweep_detector INFO: OrderBlocks: 5 detected, 1 unmitigated
13:18:42 core.sweep_detector INFO: FVGs: 5 detected, 3 unfilled
13:18:43 core.sweep_detector INFO: SweepDetector v2: 1 raw → 1 confirmed (vol≥2.5× body≥30%)
13:18:43 core.sweep_detector INFO: OrderBlocks: 3 detected, 1 unmitigated
13:18:43 core.sweep_detector INFO: FVGs: 4 detected, 1 unfilled
13:18:45 core.sweep_detector INFO: SweepDetector v2: 2 raw → 2 confirmed (vol≥2.5× body≥30%)
13:18:45 core.sweep_detector INFO: OrderBlocks: 3 detected, 0 unmitigated
13:18:45 core.sweep_detector INFO: FVGs: 5 detected, 0 unfilled
/root/.openclaw/workspace/projects/crypto-liquidity-hunter/main.py:555: DeprecationWarning: datetime.datetime.utcnow() is deprecated and scheduled for removal in a future version. Use timezone-aware objects to represent datetimes in UTC: datetime.datetime.now(datetime.UTC).
  scan_end     = datetime.utcnow()

=== SCAN ALL: 98 pairs, 3 timeframes ===
Total signals generated: 0
