12:20:01 __main__ INFO: Volume filter: fetching all tickers in one call...
12:20:03 __main__ INFO: Volume filter: 99/447 pairs pass $2M threshold
/root/.openclaw/workspace/projects/crypto-liquidity-hunter/main.py:292: DeprecationWarning: datetime.datetime.utcnow() is deprecated and scheduled for removal in a future version. Use timezone-aware objects to represent datetimes in UTC: datetime.datetime.now(datetime.UTC).
  scan_start = datetime.utcnow()   # for duration tracking
12:20:04 core.binance_connector INFO: BinanceConnector: connected [LIVE FUTURES MAINNET]
12:20:04 __main__ INFO: Auto-executor: account 'Liquiddbot1' mode=live exec=auto
12:20:05 core.sweep_detector INFO: SweepDetector v2: 0 raw â†’ 0 confirmed (volâ‰Ą2.5Ă— bodyâ‰Ą30%)
12:20:05 core.sweep_detector INFO: OrderBlocks: 10 detected, 5 unmitigated
12:20:05 core.sweep_detector INFO: FVGs: 12 detected, 7 unfilled
12:20:07 core.sweep_detector INFO: SweepDetector v2: 2 raw â†’ 2 confirmed (volâ‰Ą2.5Ă— bodyâ‰Ą30%)
12:20:07 core.sweep_detector INFO: OrderBlocks: 4 detected, 1 unmitigated
12:20:07 core.sweep_detector INFO: FVGs: 10 detected, 2 unfilled
12:20:09 core.sweep_detector INFO: SweepDetector v2: 2 raw â†’ 2 confirmed (volâ‰Ą2.5Ă— bodyâ‰Ą30%)
12:20:09 core.sweep_detector INFO: OrderBlocks: 3 detected, 1 unmitigated
12:20:09 core.sweep_detector INFO: FVGs: 7 detected, 3 unfilled
12:20:10 core.sweep_detector INFO: SweepDetector v2: 1 raw â†’ 1 confirmed (volâ‰Ą2.5Ă— bodyâ‰Ą30%)
12:20:10 core.sweep_detector INFO: OrderBlocks: 8 detected, 2 unmitigated
12:20:10 core.sweep_detector INFO: FVGs: 11 detected, 5 unfilled
12:20:12 core.sweep_detector INFO: SweepDetector v2: 2 raw â†’ 1 confirmed (volâ‰Ą2.5Ă— bodyâ‰Ą30%)
12:20:12 core.sweep_detector INFO: OrderBlocks: 4 detected, 1 unmitigated
12:20:12 core.sweep_detector INFO: FVGs: 6 detected, 2 unfilled
12:20:14 core.sweep_detector INFO: SweepDetector v2: 2 raw â†’ 2 confirmed (volâ‰Ą2.5Ă— bodyâ‰Ą30%)
12:20:14 core.sweep_detector INFO: OrderBlocks: 5 detected, 3 unmitigated
12:20:14 core.sweep_detector INFO: FVGs: 8 detected, 5 unfilled
12:20:16 core.sweep_detector INFO: SweepDetector v2: 3 raw â†’ 2 confirmed (volâ‰Ą2.5Ă— bodyâ‰Ą30%)
12:20:16 core.sweep_detector INFO: OrderBlocks: 7 detected, 0 unmitigated
12:20:16 core.sweep_detector INFO: FVGs: 10 detected, 0 unfilled
12:20:18 core.sweep_detector INFO: SweepDetector v2: 1 raw â†’ 0 confirmed (volâ‰Ą2.5Ă— bodyâ‰Ą30%)
12:20:18 core.sweep_detector INFO: OrderBlocks: 3 detected, 1 unmitigated
12:20:18 core.sweep_detector INFO: FVGs: 10 detected, 2 unfilled
12:20:19 core.sweep_detector INFO: SweepDetector v2: 0 raw â†’ 0 confirmed (volâ‰Ą2.5Ă— bodyâ‰Ą30%)
12:20:19 core.sweep_detector INFO: OrderBlocks: 2 detected, 1 unmitigated
12:20:19 core.sweep_detector INFO: FVGs: 14 detected, 3 unfilled
12:20:21 core.sweep_detector INFO: SweepDetector v2: 2 raw â†’ 1 confirmed (volâ‰Ą2.5Ă— bodyâ‰Ą30%)
12:20:21 core.sweep_detector INFO: OrderBlocks: 7 detected, 3 unmitigated
12:20:21 core.sweep_detector INFO: FVGs: 8 detected, 3 unfilled
12:20:23 core.sweep_detector INFO: SweepDetector v2: 1 raw â†’ 1 confirmed (volâ‰Ą2.5Ă— bodyâ‰Ą30%)
12:20:23 core.sweep_detector INFO: OrderBlocks: 3 detected, 1 unmitigated
12:20:23 core.sweep_detector INFO: FVGs: 9 detected, 1 unfilled
12:20:25 core.sweep_detector INFO: SweepDetector v2: 1 raw â†’ 1 confirmed (volâ‰Ą2.5Ă— bodyâ‰Ą30%)
12:20:25 core.sweep_detector INFO: OrderBlocks: 3 detected, 2 unmitigated
12:20:25 core.sweep_detector INFO: FVGs: 6 detected, 1 unfilled
12:20:26 core.sweep_detector INFO: SweepDetector v2: 2 raw â†’ 1 confirmed (volâ‰Ą2.5Ă— bodyâ‰Ą30%)
12:20:26 core.sweep_detector INFO: OrderBlocks: 5 detected, 3 unmitigated
12:20:26 core.sweep_detector INFO: FVGs: 11 detected, 5 unfilled
12:20:29 core.sweep_detector INFO: SweepDetector v2: 1 raw â†’ 1 confirmed (volâ‰Ą2.5Ă— bodyâ‰Ą30%)
12:20:29 core.sweep_detector INFO: OrderBlocks: 5 detected, 1 unmitigated
12:20:29 core.sweep_detector INFO: FVGs: 11 detected, 4 unfilled
12:20:31 core.sweep_detector INFO: SweepDetector v2: 3 raw â†’ 3 confirmed (volâ‰Ą2.5Ă— bodyâ‰Ą30%)
12:20:31 core.sweep_detector INFO: OrderBlocks: 1 detected, 0 unmitigated
12:20:31 core.sweep_detector INFO: FVGs: 11 detected, 6 unfilled
12:20:33 core.sweep_detector INFO: SweepDetector v2: 5 raw â†’ 5 confirmed (volâ‰Ą2.5Ă— bodyâ‰Ą30%)
12:20:33 core.sweep_detector INFO: OrderBlocks: 1 detected, 0 unmitigated
12:20:33 core.sweep_detector INFO: FVGs: 4 detected, 2 unfilled
12:20:35 core.sweep_detector INFO: SweepDetector v2: 2 raw â†’ 2 confirmed (volâ‰Ą2.5Ă— bodyâ‰Ą30%)
12:20:35 core.sweep_detector INFO: OrderBlocks: 5 detected, 1 unmitigated
12:20:35 core.sweep_detector INFO: FVGs: 2 detected, 1 unfilled
12:20:37 core.sweep_detector INFO: SweepDetector v2: 1 raw â†’ 1 confirmed (volâ‰Ą2.5Ă— bodyâ‰Ą30%)
12:20:38 core.sweep_detector INFO: OrderBlocks: 2 detected, 0 unmitigated
12:20:38 core.sweep_detector INFO: FVGs: 4 detected, 1 unfilled
12:20:39 core.sweep_detector INFO: SweepDetector v2: 2 raw â†’ 1 confirmed (volâ‰Ą2.5Ă— bodyâ‰Ą30%)
12:20:39 core.sweep_detector INFO: OrderBlocks: 7 detected, 3 unmitigated
12:20:39 core.sweep_detector INFO: FVGs: 9 detected, 4 unfilled
12:20:41 core.sweep_detector INFO: SweepDetector v2: 1 raw â†’ 0 confirmed (volâ‰Ą2.5Ă— bodyâ‰Ą30%)
12:20:41 core.sweep_detector INFO: OrderBlocks: 4 detected, 1 unmitigated
12:20:41 core.sweep_detector INFO: FVGs: 2 detected, 0 unfilled
12:20:43 core.sweep_detector INFO: SweepDetector v2: 2 raw â†’ 2 confirmed (volâ‰Ą2.5Ă— bodyâ‰Ą30%)
12:20:43 core.sweep_detector INFO: OrderBlocks: 5 detected, 2 unmitigated
12:20:43 core.sweep_detector INFO: FVGs: 11 detected, 4 unfilled
12:20:44 core.sweep_detector INFO: SweepDetector v2: 2 raw â†’ 2 confirmed (volâ‰Ą2.5Ă— bodyâ‰Ą30%)
12:20:44 core.sweep_detector INFO: OrderBlocks: 4 detected, 2 unmitigated
12:20:44 core.sweep_detector INFO: FVGs: 14 detected, 7 unfilled
12:20:46 core.sweep_detector INFO: SweepDetector v2: 1 raw â†’ 1 confirmed (volâ‰Ą2.5Ă— bodyâ‰Ą30%)
12:20:46 core.sweep_detector INFO: OrderBlocks: 5 detected, 2 unmitigated
12:20:46 core.sweep_detector INFO: FVGs: 9 detected, 4 unfilled
12:20:48 core.sweep_detector INFO: SweepDetector v2: 2 raw â†’ 2 confirmed (volâ‰Ą2.5Ă— bodyâ‰Ą30%)
12:20:48 core.sweep_detector INFO: OrderBlocks: 3 detected, 3 unmitigated
12:20:48 core.sweep_detector INFO: FVGs: 9 detected, 4 unfilled
12:20:49 core.sweep_detector INFO: SweepDetector v2: 2 raw â†’ 2 confirmed (volâ‰Ą2.5Ă— bodyâ‰Ą30%)
12:20:49 core.sweep_detector INFO: OrderBlocks: 6 detected, 0 unmitigated
12:20:49 core.sweep_detector INFO: FVGs: 4 detected, 0 unfilled
12:20:51 core.sweep_detector INFO: SweepDetector v2: 1 raw â†’ 1 confirmed (volâ‰Ą2.5Ă— bodyâ‰Ą30%)
12:20:51 core.sweep_detector INFO: OrderBlocks: 4 detected, 0 unmitigated
12:20:51 core.sweep_detector INFO: FVGs: 11 detected, 1 unfilled
12:20:53 core.sweep_detector INFO: SweepDetector v2: 1 raw â†’ 0 confirmed (volâ‰Ą2.5Ă— bodyâ‰Ą30%)
12:20:53 core.sweep_detector INFO: OrderBlocks: 2 detected, 0 unmitigated
12:20:53 core.sweep_detector INFO: FVGs: 7 detected, 0 unfilled
12:20:54 core.sweep_detector INFO: SweepDetector v2: 1 raw â†’ 1 confirmed (volâ‰Ą2.5Ă— bodyâ‰Ą30%)
12:20:54 core.sweep_detector INFO: OrderBlocks: 4 detected, 0 unmitigated
12:20:54 core.sweep_detector INFO: FVGs: 8 detected, 3 unfilled
12:20:56 core.sweep_detector INFO: SweepDetector v2: 0 raw â†’ 0 confirmed (volâ‰Ą2.5Ă— bodyâ‰Ą30%)
12:20:56 core.sweep_detector INFO: OrderBlocks: 3 detected, 3 unmitigated
12:20:56 core.sweep_detector INFO: FVGs: 7 detected, 4 unfilled
12:20:59 core.sweep_detector INFO: SweepDetector v2: 0 raw â†’ 0 confirmed (volâ‰Ą2.5Ă— bodyâ‰Ą30%)
12:20:59 core.sweep_detector INFO: OrderBlocks: 9 detected, 6 unmitigated
12:20:59 core.sweep_detector INFO: FVGs: 9 detected, 4 unfilled
12:21:00 core.sweep_detector INFO: SweepDetector v2: 4 raw â†’ 4 confirmed (volâ‰Ą2.5Ă— bodyâ‰Ą30%)
12:21:00 core.sweep_detector INFO: OrderBlocks: 2 detected, 2 unmitigated
12:21:00 core.sweep_detector INFO: FVGs: 12 detected, 3 unfilled
12:21:02 core.sweep_detector INFO: SweepDetector v2: 1 raw â†’ 1 confirmed (volâ‰Ą2.5Ă— bodyâ‰Ą30%)
12:21:02 core.sweep_detector INFO: OrderBlocks: 7 detected, 1 unmitigated
12:21:02 core.sweep_detector INFO: FVGs: 11 detected, 0 unfilled
12:21:04 core.sweep_detector INFO: SweepDetector v2: 2 raw â†’ 1 confirmed (volâ‰Ą2.5Ă— bodyâ‰Ą30%)
12:21:04 core.sweep_detector INFO: OrderBlocks: 8 detected, 4 unmitigated
12:21:04 core.sweep_detector INFO: FVGs: 10 detected, 4 unfilled
12:21:06 core.sweep_detector INFO: SweepDetector v2: 0 raw â†’ 0 confirmed (volâ‰Ą2.5Ă— bodyâ‰Ą30%)
12:21:06 core.sweep_detector INFO: OrderBlocks: 3 detected, 1 unmitigated
12:21:06 core.sweep_detector INFO: FVGs: 6 detected, 1 unfilled
12:21:07 core.sweep_detector INFO: SweepDetector v2: 3 raw â†’ 3 confirmed (volâ‰Ą2.5Ă— bodyâ‰Ą30%)
12:21:07 core.sweep_detector INFO: OrderBlocks: 1 detected, 1 unmitigated
12:21:07 core.sweep_detector INFO: FVGs: 5 detected, 2 unfilled
12:21:09 core.sweep_detector INFO: SweepDetector v2: 2 raw â†’ 2 confirmed (volâ‰Ą2.5Ă— bodyâ‰Ą30%)
12:21:09 core.sweep_detector INFO: OrderBlocks: 4 detected, 1 unmitigated
12:21:09 core.sweep_detector INFO: FVGs: 4 detected, 1 unfilled
12:21:11 core.sweep_detector INFO: SweepDetector v2: 0 raw â†’ 0 confirmed (volâ‰Ą2.5Ă— bodyâ‰Ą30%)
12:21:11 core.sweep_detector INFO: OrderBlocks: 0 detected, 0 unmitigated
12:21:11 core.sweep_detector INFO: FVGs: 0 detected, 0 unfilled
12:21:12 core.sweep_detector INFO: SweepDetector v2: 0 raw â†’ 0 confirmed (volâ‰Ą2.5Ă— bodyâ‰Ą30%)
12:21:12 core.sweep_detector INFO: OrderBlocks: 0 detected, 0 unmitigated
12:21:12 core.sweep_detector INFO: FVGs: 0 detected, 0 unfilled
12:21:14 core.sweep_detector INFO: SweepDetector v2: 0 raw â†’ 0 confirmed (volâ‰Ą2.5Ă— bodyâ‰Ą30%)
12:21:14 core.sweep_detector INFO: OrderBlocks: 0 detected, 0 unmitigated
12:21:14 core.sweep_detector INFO: FVGs: 0 detected, 0 unfilled
12:21:16 core.sweep_detector INFO: SweepDetector v2: 1 raw â†’ 1 confirmed (volâ‰Ą2.5Ă— bodyâ‰Ą30%)
12:21:16 core.sweep_detector INFO: OrderBlocks: 8 detected, 6 unmitigated
12:21:16 core.sweep_detector INFO: FVGs: 10 detected, 5 unfilled
12:21:18 core.sweep_detector INFO: SweepDetector v2: 1 raw â†’ 1 confirmed (volâ‰Ą2.5Ă— bodyâ‰Ą30%)
12:21:18 core.sweep_detector INFO: OrderBlocks: 5 detected, 1 unmitigated
12:21:18 core.sweep_detector INFO: FVGs: 5 detected, 1 unfilled
12:21:19 core.sweep_detector INFO: SweepDetector v2: 1 raw â†’ 1 confirmed (volâ‰Ą2.5Ă— bodyâ‰Ą30%)
12:21:19 core.sweep_detector INFO: OrderBlocks: 3 detected, 1 unmitigated
12:21:19 core.sweep_detector INFO: FVGs: 5 detected, 3 unfilled
12:21:21 core.sweep_detector INFO: SweepDetector v2: 1 raw â†’ 1 confirmed (volâ‰Ą2.5Ă— bodyâ‰Ą30%)
12:21:21 core.sweep_detector INFO: OrderBlocks: 7 detected, 2 unmitigated
12:21:21 core.sweep_detector INFO: FVGs: 7 detected, 3 unfilled
12:21:23 core.sweep_detector INFO: SweepDetector v2: 1 raw â†’ 1 confirmed (volâ‰Ą2.5Ă— bodyâ‰Ą30%)
12:21:23 core.sweep_detector INFO: OrderBlocks: 2 detected, 1 unmitigated
12:21:23 core.sweep_detector INFO: FVGs: 10 detected, 2 unfilled
12:21:24 core.sweep_detector INFO: SweepDetector v2: 1 raw â†’ 1 confirmed (volâ‰Ą2.5Ă— bodyâ‰Ą30%)
12:21:24 core.sweep_detector INFO: OrderBlocks: 3 detected, 0 unmitigated
12:21:24 core.sweep_detector INFO: FVGs: 8 detected, 4 unfilled
12:21:26 core.sweep_detector INFO: SweepDetector v2: 0 raw â†’ 0 confirmed (volâ‰Ą2.5Ă— bodyâ‰Ą30%)
12:21:26 core.sweep_detector INFO: OrderBlocks: 6 detected, 4 unmitigated
12:21:26 core.sweep_detector INFO: FVGs: 7 detected, 3 unfilled
12:21:29 core.sweep_detector INFO: SweepDetector v2: 2 raw â†’ 1 confirmed (volâ‰Ą2.5Ă— bodyâ‰Ą30%)
12:21:29 core.sweep_detector INFO: OrderBlocks: 2 detected, 0 unmitigated
12:21:29 core.sweep_detector INFO: FVGs: 10 detected, 2 unfilled
12:21:30 core.sweep_detector INFO: SweepDetector v2: 1 raw â†’ 1 confirmed (volâ‰Ą2.5Ă— bodyâ‰Ą30%)
12:21:30 core.sweep_detector INFO: OrderBlocks: 3 detected, 1 unmitigated
12:21:30 core.sweep_detector INFO: FVGs: 4 detected, 2 unfilled
12:21:32 core.sweep_detector INFO: SweepDetector v2: 7 raw â†’ 5 confirmed (volâ‰Ą2.5Ă— bodyâ‰Ą30%)
12:21:32 core.sweep_detector INFO: OrderBlocks: 4 detected, 2 unmitigated
12:21:32 core.sweep_detector INFO: FVGs: 10 detected, 5 unfilled
12:21:34 core.sweep_detector INFO: SweepDetector v2: 4 raw â†’ 2 confirmed (volâ‰Ą2.5Ă— bodyâ‰Ą30%)
12:21:34 core.sweep_detector INFO: OrderBlocks: 5 detected, 3 unmitigated
12:21:34 core.sweep_detector INFO: FVGs: 9 detected, 3 unfilled
12:21:35 core.sweep_detector INFO: SweepDetector v2: 0 raw â†’ 0 confirmed (volâ‰Ą2.5Ă— bodyâ‰Ą30%)
12:21:35 core.sweep_detector INFO: OrderBlocks: 3 detected, 1 unmitigated
12:21:35 core.sweep_detector INFO: FVGs: 8 detected, 3 unfilled
12:21:37 core.sweep_detector INFO: SweepDetector v2: 1 raw â†’ 1 confirmed (volâ‰Ą2.5Ă— bodyâ‰Ą30%)
12:21:37 core.sweep_detector INFO: OrderBlocks: 8 detected, 3 unmitigated
12:21:37 core.sweep_detector INFO: FVGs: 12 detected, 3 unfilled
12:21:38 core.sweep_detector INFO: SweepDetector v2: 2 raw â†’ 1 confirmed (volâ‰Ą2.5Ă— bodyâ‰Ą30%)
12:21:38 core.sweep_detector INFO: OrderBlocks: 7 detected, 0 unmitigated
12:21:38 core.sweep_detector INFO: FVGs: 7 detected, 3 unfilled
12:21:40 core.sweep_detector INFO: SweepDetector v2: 2 raw â†’ 2 confirmed (volâ‰Ą2.5Ă— bodyâ‰Ą30%)
12:21:40 core.sweep_detector INFO: OrderBlocks: 4 detected, 3 unmitigated
12:21:40 core.sweep_detector INFO: FVGs: 4 detected, 3 unfilled
12:21:42 core.sweep_detector INFO: SweepDetector v2: 0 raw â†’ 0 confirmed (volâ‰Ą2.5Ă— bodyâ‰Ą30%)
12:21:42 core.sweep_detector INFO: OrderBlocks: 6 detected, 3 unmitigated
12:21:42 core.sweep_detector INFO: FVGs: 5 detected, 4 unfilled
12:21:43 core.sweep_detector INFO: SweepDetector v2: 1 raw â†’ 1 confirmed (volâ‰Ą2.5Ă— bodyâ‰Ą30%)
12:21:43 core.sweep_detector INFO: OrderBlocks: 6 detected, 2 unmitigated
12:21:43 core.sweep_detector INFO: FVGs: 3 detected, 3 unfilled
12:21:45 core.sweep_detector INFO: SweepDetector v2: 1 raw â†’ 0 confirmed (volâ‰Ą2.5Ă— bodyâ‰Ą30%)
12:21:45 core.sweep_detector INFO: OrderBlocks: 7 detected, 2 unmitigated
12:21:45 core.sweep_detector INFO: FVGs: 8 detected, 4 unfilled
12:21:46 core.sweep_detector INFO: SweepDetector v2: 1 raw â†’ 0 confirmed (volâ‰Ą2.5Ă— bodyâ‰Ą30%)
12:21:46 core.sweep_detector INFO: OrderBlocks: 2 detected, 2 unmitigated
12:21:46 core.sweep_detector INFO: FVGs: 7 detected, 6 unfilled
12:21:48 core.sweep_detector INFO: SweepDetector v2: 1 raw â†’ 0 confirmed (volâ‰Ą2.5Ă— bodyâ‰Ą30%)
12:21:48 core.sweep_detector INFO: OrderBlocks: 6 detected, 3 unmitigated
12:21:48 core.sweep_detector INFO: FVGs: 6 detected, 4 unfilled
12:21:50 core.sweep_detector INFO: SweepDetector v2: 2 raw â†’ 1 confirmed (volâ‰Ą2.5Ă— bodyâ‰Ą30%)
12:21:50 core.sweep_detector INFO: OrderBlocks: 12 detected, 2 unmitigated
12:21:50 core.sweep_detector INFO: FVGs: 9 detected, 2 unfilled
12:21:51 core.sweep_detector INFO: SweepDetector v2: 0 raw â†’ 0 confirmed (volâ‰Ą2.5Ă— bodyâ‰Ą30%)
12:21:51 core.sweep_detector INFO: OrderBlocks: 6 detected, 2 unmitigated
12:21:51 core.sweep_detector INFO: FVGs: 11 detected, 7 unfilled
12:21:53 core.sweep_detector INFO: SweepDetector v2: 3 raw â†’ 2 confirmed (volâ‰Ą2.5Ă— bodyâ‰Ą30%)
12:21:53 core.sweep_detector INFO: OrderBlocks: 6 detected, 1 unmitigated
12:21:53 core.sweep_detector INFO: FVGs: 14 detected, 5 unfilled
12:21:54 core.sweep_detector INFO: SweepDetector v2: 0 raw â†’ 0 confirmed (volâ‰Ą2.5Ă— bodyâ‰Ą30%)
12:21:54 core.sweep_detector INFO: OrderBlocks: 5 detected, 3 unmitigated
12:21:54 core.sweep_detector INFO: FVGs: 7 detected, 3 unfilled
12:21:56 core.sweep_detector INFO: SweepDetector v2: 0 raw â†’ 0 confirmed (volâ‰Ą2.5Ă— bodyâ‰Ą30%)
12:21:56 core.sweep_detector INFO: OrderBlocks: 9 detected, 2 unmitigated
12:21:56 core.sweep_detector INFO: FVGs: 16 detected, 4 unfilled
12:21:58 core.sweep_detector INFO: SweepDetector v2: 3 raw â†’ 2 confirmed (volâ‰Ą2.5Ă— bodyâ‰Ą30%)
12:21:58 core.sweep_detector INFO: OrderBlocks: 3 detected, 1 unmitigated
12:21:58 core.sweep_detector INFO: FVGs: 11 detected, 3 unfilled
12:22:00 core.sweep_detector INFO: SweepDetector v2: 2 raw â†’ 2 confirmed (volâ‰Ą2.5Ă— bodyâ‰Ą30%)
12:22:00 core.sweep_detector INFO: OrderBlocks: 3 detected, 2 unmitigated
12:22:00 core.sweep_detector INFO: FVGs: 6 detected, 5 unfilled
12:22:02 core.sweep_detector INFO: SweepDetector v2: 4 raw â†’ 2 confirmed (volâ‰Ą2.5Ă— bodyâ‰Ą30%)
12:22:02 core.sweep_detector INFO: OrderBlocks: 5 detected, 2 unmitigated
12:22:02 core.sweep_detector INFO: FVGs: 10 detected, 3 unfilled
12:22:03 core.sweep_detector INFO: SweepDetector v2: 5 raw â†’ 4 confirmed (volâ‰Ą2.5Ă— bodyâ‰Ą30%)
12:22:03 core.sweep_detector INFO: OrderBlocks: 6 detected, 2 unmitigated
12:22:03 core.sweep_detector INFO: FVGs: 12 detected, 5 unfilled
12:22:05 core.sweep_detector INFO: SweepDetector v2: 3 raw â†’ 2 confirmed (volâ‰Ą2.5Ă— bodyâ‰Ą30%)
12:22:05 core.sweep_detector INFO: OrderBlocks: 9 detected, 6 unmitigated
12:22:05 core.sweep_detector INFO: FVGs: 13 detected, 10 unfilled
12:22:06 core.sweep_detector INFO: SweepDetector v2: 3 raw â†’ 2 confirmed (volâ‰Ą2.5Ă— bodyâ‰Ą30%)
12:22:06 core.sweep_detector INFO: OrderBlocks: 5 detected, 2 unmitigated
12:22:06 core.sweep_detector INFO: FVGs: 4 detected, 1 unfilled
12:22:08 core.sweep_detector INFO: SweepDetector v2: 2 raw â†’ 1 confirmed (volâ‰Ą2.5Ă— bodyâ‰Ą30%)
12:22:08 core.sweep_detector INFO: OrderBlocks: 4 detected, 0 unmitigated
12:22:08 core.sweep_detector INFO: FVGs: 9 detected, 2 unfilled
12:22:09 core.sweep_detector INFO: SweepDetector v2: 0 raw â†’ 0 confirmed (volâ‰Ą2.5Ă— bodyâ‰Ą30%)
12:22:10 core.sweep_detector INFO: OrderBlocks: 5 detected, 2 unmitigated
12:22:10 core.sweep_detector INFO: FVGs: 4 detected, 2 unfilled
12:22:11 core.sweep_detector INFO: SweepDetector v2: 1 raw â†’ 1 confirmed (volâ‰Ą2.5Ă— bodyâ‰Ą30%)
12:22:11 core.sweep_detector INFO: OrderBlocks: 8 detected, 1 unmitigated
12:22:11 core.sweep_detector INFO: FVGs: 8 detected, 2 unfilled
12:22:13 core.sweep_detector INFO: SweepDetector v2: 0 raw â†’ 0 confirmed (volâ‰Ą2.5Ă— bodyâ‰Ą30%)
12:22:13 core.sweep_detector INFO: OrderBlocks: 8 detected, 5 unmitigated
12:22:13 core.sweep_detector INFO: FVGs: 9 detected, 3 unfilled
12:22:14 core.sweep_detector INFO: SweepDetector v2: 0 raw â†’ 0 confirmed (volâ‰Ą2.5Ă— bodyâ‰Ą30%)
12:22:14 core.sweep_detector INFO: OrderBlocks: 6 detected, 2 unmitigated
12:22:14 core.sweep_detector INFO: FVGs: 12 detected, 5 unfilled
12:22:16 core.sweep_detector INFO: SweepDetector v2: 0 raw â†’ 0 confirmed (volâ‰Ą2.5Ă— bodyâ‰Ą30%)
12:22:16 core.sweep_detector INFO: OrderBlocks: 8 detected, 3 unmitigated
12:22:16 core.sweep_detector INFO: FVGs: 11 detected, 2 unfilled
12:22:18 core.sweep_detector INFO: SweepDetector v2: 4 raw â†’ 3 confirmed (volâ‰Ą2.5Ă— bodyâ‰Ą30%)
12:22:18 core.sweep_detector INFO: OrderBlocks: 3 detected, 1 unmitigated
12:22:18 core.sweep_detector INFO: FVGs: 11 detected, 1 unfilled
12:22:20 core.sweep_detector INFO: SweepDetector v2: 1 raw â†’ 1 confirmed (volâ‰Ą2.5Ă— bodyâ‰Ą30%)
12:22:20 core.sweep_detector INFO: OrderBlocks: 5 detected, 2 unmitigated
12:22:20 core.sweep_detector INFO: FVGs: 4 detected, 1 unfilled
12:22:22 core.sweep_detector INFO: SweepDetector v2: 1 raw â†’ 0 confirmed (volâ‰Ą2.5Ă— bodyâ‰Ą30%)
12:22:22 core.sweep_detector INFO: OrderBlocks: 4 detected, 1 unmitigated
12:22:22 core.sweep_detector INFO: FVGs: 9 detected, 2 unfilled
12:22:24 core.sweep_detector INFO: SweepDetector v2: 3 raw â†’ 3 confirmed (volâ‰Ą2.5Ă— bodyâ‰Ą30%)
12:22:24 core.sweep_detector INFO: OrderBlocks: 3 detected, 0 unmitigated
12:22:24 core.sweep_detector INFO: FVGs: 7 detected, 1 unfilled
12:22:26 core.sweep_detector INFO: SweepDetector v2: 2 raw â†’ 2 confirmed (volâ‰Ą2.5Ă— bodyâ‰Ą30%)
12:22:26 core.sweep_detector INFO: OrderBlocks: 5 detected, 1 unmitigated
12:22:26 core.sweep_detector INFO: FVGs: 8 detected, 3 unfilled
12:22:28 core.sweep_detector INFO: SweepDetector v2: 2 raw â†’ 2 confirmed (volâ‰Ą2.5Ă— bodyâ‰Ą30%)
12:22:28 core.sweep_detector INFO: OrderBlocks: 9 detected, 3 unmitigated
12:22:28 core.sweep_detector INFO: FVGs: 16 detected, 5 unfilled
12:22:30 core.sweep_detector INFO: SweepDetector v2: 1 raw â†’ 1 confirmed (volâ‰Ą2.5Ă— bodyâ‰Ą30%)
12:22:30 core.sweep_detector INFO: OrderBlocks: 9 detected, 3 unmitigated
12:22:30 core.sweep_detector INFO: FVGs: 10 detected, 4 unfilled
12:22:32 core.sweep_detector INFO: SweepDetector v2: 2 raw â†’ 2 confirmed (volâ‰Ą2.5Ă— bodyâ‰Ą30%)
12:22:32 core.sweep_detector INFO: OrderBlocks: 3 detected, 1 unmitigated
12:22:32 core.sweep_detector INFO: FVGs: 13 detected, 1 unfilled
12:22:34 core.sweep_detector INFO: SweepDetector v2: 1 raw â†’ 1 confirmed (volâ‰Ą2.5Ă— bodyâ‰Ą30%)
12:22:34 core.sweep_detector INFO: OrderBlocks: 5 detected, 3 unmitigated
12:22:34 core.sweep_detector INFO: FVGs: 11 detected, 3 unfilled
12:22:36 core.sweep_detector INFO: SweepDetector v2: 4 raw â†’ 3 confirmed (volâ‰Ą2.5Ă— bodyâ‰Ą30%)
12:22:36 core.sweep_detector INFO: OrderBlocks: 5 detected, 0 unmitigated
12:22:36 core.sweep_detector INFO: FVGs: 7 detected, 3 unfilled
12:22:38 core.sweep_detector INFO: SweepDetector v2: 5 raw â†’ 3 confirmed (volâ‰Ą2.5Ă— bodyâ‰Ą30%)
12:22:38 core.sweep_detector INFO: OrderBlocks: 0 detected, 0 unmitigated
12:22:38 core.sweep_detector INFO: FVGs: 6 detected, 2 unfilled
12:22:41 core.sweep_detector INFO: SweepDetector v2: 2 raw â†’ 1 confirmed (volâ‰Ą2.5Ă— bodyâ‰Ą30%)
12:22:41 core.sweep_detector INFO: OrderBlocks: 5 detected, 0 unmitigated
12:22:41 core.sweep_detector INFO: FVGs: 6 detected, 0 unfilled
12:22:43 core.sweep_detector INFO: SweepDetector v2: 1 raw â†’ 0 confirmed (volâ‰Ą2.5Ă— bodyâ‰Ą30%)
12:22:43 core.sweep_detector INFO: OrderBlocks: 4 detected, 2 unmitigated
12:22:43 core.sweep_detector INFO: FVGs: 9 detected, 0 unfilled
12:22:45 core.sweep_detector INFO: SweepDetector v2: 4 raw â†’ 2 confirmed (volâ‰Ą2.5Ă— bodyâ‰Ą30%)
12:22:45 core.sweep_detector INFO: OrderBlocks: 3 detected, 0 unmitigated
12:22:45 core.sweep_detector INFO: FVGs: 7 detected, 1 unfilled
12:22:47 core.sweep_detector INFO: SweepDetector v2: 2 raw â†’ 1 confirmed (volâ‰Ą2.5Ă— bodyâ‰Ą30%)
12:22:47 core.sweep_detector INFO: OrderBlocks: 5 detected, 1 unmitigated
12:22:47 core.sweep_detector INFO: FVGs: 8 detected, 4 unfilled
12:22:49 core.sweep_detector INFO: SweepDetector v2: 2 raw â†’ 2 confirmed (volâ‰Ą2.5Ă— bodyâ‰Ą30%)
12:22:49 core.sweep_detector INFO: OrderBlocks: 3 detected, 1 unmitigated
12:22:49 core.sweep_detector INFO: FVGs: 13 detected, 4 unfilled
12:22:51 core.sweep_detector INFO: SweepDetector v2: 1 raw â†’ 1 confirmed (volâ‰Ą2.5Ă— bodyâ‰Ą30%)
12:22:51 core.sweep_detector INFO: OrderBlocks: 4 detected, 1 unmitigated
12:22:51 core.sweep_detector INFO: FVGs: 14 detected, 8 unfilled
12:22:53 core.sweep_detector INFO: SweepDetector v2: 2 raw â†’ 1 confirmed (volâ‰Ą2.5Ă— bodyâ‰Ą30%)
12:22:53 core.sweep_detector INFO: OrderBlocks: 6 detected, 2 unmitigated
12:22:53 core.sweep_detector INFO: FVGs: 10 detected, 5 unfilled
12:22:56 core.sweep_detector INFO: SweepDetector v2: 3 raw â†’ 1 confirmed (volâ‰Ą2.5Ă— bodyâ‰Ą30%)
12:22:56 core.sweep_detector INFO: OrderBlocks: 4 detected, 1 unmitigated
12:22:56 core.sweep_detector INFO: FVGs: 11 detected, 3 unfilled
12:22:58 core.sweep_detector INFO: SweepDetector v2: 2 raw â†’ 2 confirmed (volâ‰Ą2.5Ă— bodyâ‰Ą30%)
12:22:58 core.sweep_detector INFO: OrderBlocks: 3 detected, 3 unmitigated
12:22:58 core.sweep_detector INFO: FVGs: 5 detected, 5 unfilled
12:23:00 core.sweep_detector INFO: SweepDetector v2: 0 raw â†’ 0 confirmed (volâ‰Ą2.5Ă— bodyâ‰Ą30%)
12:23:00 core.sweep_detector INFO: OrderBlocks: 2 detected, 2 unmitigated
12:23:00 core.sweep_detector INFO: FVGs: 11 detected, 6 unfilled
12:23:02 core.sweep_detector INFO: SweepDetector v2: 2 raw â†’ 2 confirmed (volâ‰Ą2.5Ă— bodyâ‰Ą30%)
12:23:02 core.sweep_detector INFO: OrderBlocks: 3 detected, 0 unmitigated
12:23:02 core.sweep_detector INFO: FVGs: 3 detected, 1 unfilled
12:23:05 core.sweep_detector INFO: SweepDetector v2: 1 raw â†’ 1 confirmed (volâ‰Ą2.5Ă— bodyâ‰Ą30%)
12:23:05 core.sweep_detector INFO: OrderBlocks: 2 detected, 0 unmitigated
12:23:05 core.sweep_detector INFO: FVGs: 11 detected, 4 unfilled
12:23:07 core.sweep_detector INFO: SweepDetector v2: 0 raw â†’ 0 confirmed (volâ‰Ą2.5Ă— bodyâ‰Ą30%)
12:23:07 core.sweep_detector INFO: OrderBlocks: 5 detected, 1 unmitigated
12:23:07 core.sweep_detector INFO: FVGs: 0 detected, 0 unfilled
12:23:09 core.sweep_detector INFO: SweepDetector v2: 0 raw â†’ 0 confirmed (volâ‰Ą2.5Ă— bodyâ‰Ą30%)
12:23:09 core.sweep_detector INFO: OrderBlocks: 4 detected, 1 unmitigated
12:23:09 core.sweep_detector INFO: FVGs: 1 detected, 1 unfilled
12:23:10 core.sweep_detector INFO: SweepDetector v2: 0 raw â†’ 0 confirmed (volâ‰Ą2.5Ă— bodyâ‰Ą30%)
12:23:10 core.sweep_detector INFO: OrderBlocks: 3 detected, 2 unmitigated
12:23:10 core.sweep_detector INFO: FVGs: 0 detected, 0 unfilled
12:23:12 core.sweep_detector INFO: SweepDetector v2: 0 raw â†’ 0 confirmed (volâ‰Ą2.5Ă— bodyâ‰Ą30%)
12:23:12 core.sweep_detector INFO: OrderBlocks: 0 detected, 0 unmitigated
12:23:12 core.sweep_detector INFO: FVGs: 0 detected, 0 unfilled
12:23:14 core.sweep_detector INFO: SweepDetector v2: 0 raw â†’ 0 confirmed (volâ‰Ą2.5Ă— bodyâ‰Ą30%)
12:23:14 core.sweep_detector INFO: OrderBlocks: 1 detected, 1 unmitigated
12:23:14 core.sweep_detector INFO: FVGs: 0 detected, 0 unfilled
12:23:15 core.sweep_detector INFO: SweepDetector v2: 0 raw â†’ 0 confirmed (volâ‰Ą2.5Ă— bodyâ‰Ą30%)
12:23:15 core.sweep_detector INFO: OrderBlocks: 0 detected, 0 unmitigated
12:23:15 core.sweep_detector INFO: FVGs: 0 detected, 0 unfilled
12:23:17 core.sweep_detector INFO: SweepDetector v2: 0 raw â†’ 0 confirmed (volâ‰Ą2.5Ă— bodyâ‰Ą30%)
12:23:17 core.sweep_detector INFO: OrderBlocks: 6 detected, 2 unmitigated
12:23:17 core.sweep_detector INFO: FVGs: 13 detected, 4 unfilled
12:23:19 core.sweep_detector INFO: SweepDetector v2: 1 raw â†’ 1 confirmed (volâ‰Ą2.5Ă— bodyâ‰Ą30%)
12:23:19 core.sweep_detector INFO: OrderBlocks: 3 detected, 1 unmitigated
12:23:19 core.sweep_detector INFO: FVGs: 11 detected, 3 unfilled
12:23:20 core.sweep_detector INFO: SweepDetector v2: 2 raw â†’ 2 confirmed (volâ‰Ą2.5Ă— bodyâ‰Ą30%)
12:23:20 core.sweep_detector INFO: OrderBlocks: 5 detected, 2 unmitigated
12:23:20 core.sweep_detector INFO: FVGs: 8 detected, 4 unfilled
12:23:22 core.sweep_detector INFO: SweepDetector v2: 0 raw â†’ 0 confirmed (volâ‰Ą2.5Ă— bodyâ‰Ą30%)
12:23:22 core.sweep_detector INFO: OrderBlocks: 8 detected, 4 unmitigated
12:23:22 core.sweep_detector INFO: FVGs: 10 detected, 5 unfilled
12:23:23 core.sweep_detector INFO: SweepDetector v2: 2 raw â†’ 1 confirmed (volâ‰Ą2.5Ă— bodyâ‰Ą30%)
12:23:23 core.sweep_detector INFO: OrderBlocks: 4 detected, 0 unmitigated
12:23:23 core.sweep_detector INFO: FVGs: 11 detected, 3 unfilled
12:23:25 core.sweep_detector INFO: SweepDetector v2: 2 raw â†’ 2 confirmed (volâ‰Ą2.5Ă— bodyâ‰Ą30%)
12:23:25 core.sweep_detector INFO: OrderBlocks: 2 detected, 0 unmitigated
12:23:25 core.sweep_detector INFO: FVGs: 11 detected, 6 unfilled
12:23:27 core.sweep_detector INFO: SweepDetector v2: 0 raw â†’ 0 confirmed (volâ‰Ą2.5Ă— bodyâ‰Ą30%)
12:23:27 core.sweep_detector INFO: OrderBlocks: 8 detected, 3 unmitigated
12:23:27 core.sweep_detector INFO: FVGs: 12 detected, 4 unfilled
12:23:28 core.sweep_detector INFO: SweepDetector v2: 1 raw â†’ 1 confirmed (volâ‰Ą2.5Ă— bodyâ‰Ą30%)
12:23:28 core.sweep_detector INFO: OrderBlocks: 8 detected, 1 unmitigated
12:23:28 core.sweep_detector INFO: FVGs: 12 detected, 3 unfilled
12:23:30 core.sweep_detector INFO: SweepDetector v2: 4 raw â†’ 3 confirmed (volâ‰Ą2.5Ă— bodyâ‰Ą30%)
12:23:30 core.sweep_detector INFO: OrderBlocks: 2 detected, 1 unmitigated
12:23:30 core.sweep_detector INFO: FVGs: 9 detected, 4 unfilled
12:23:32 core.sweep_detector INFO: SweepDetector v2: 2 raw â†’ 2 confirmed (volâ‰Ą2.5Ă— bodyâ‰Ą30%)
12:23:32 core.sweep_detector INFO: OrderBlocks: 6 detected, 0 unmitigated
12:23:32 core.sweep_detector INFO: FVGs: 4 detected, 0 unfilled
12:23:33 core.sweep_detector INFO: SweepDetector v2: 6 raw â†’ 6 confirmed (volâ‰Ą2.5Ă— bodyâ‰Ą30%)
12:23:33 core.sweep_detector INFO: OrderBlocks: 2 detected, 0 unmitigated
12:23:33 core.sweep_detector INFO: FVGs: 9 detected, 0 unfilled
12:23:35 core.sweep_detector INFO: SweepDetector v2: 5 raw â†’ 4 confirmed (volâ‰Ą2.5Ă— bodyâ‰Ą30%)
12:23:35 core.sweep_detector INFO: OrderBlocks: 0 detected, 0 unmitigated
12:23:35 core.sweep_detector INFO: FVGs: 2 detected, 1 unfilled
12:23:37 core.sweep_detector INFO: SweepDetector v2: 1 raw â†’ 1 confirmed (volâ‰Ą2.5Ă— bodyâ‰Ą30%)
12:23:37 core.sweep_detector INFO: OrderBlocks: 7 detected, 4 unmitigated
12:23:37 core.sweep_detector INFO: FVGs: 9 detected, 3 unfilled
12:23:39 core.sweep_detector INFO: SweepDetector v2: 1 raw â†’ 1 confirmed (volâ‰Ą2.5Ă— bodyâ‰Ą30%)
12:23:39 core.sweep_detector INFO: OrderBlocks: 3 detected, 1 unmitigated
12:23:39 core.sweep_detector INFO: FVGs: 6 detected, 2 unfilled
12:23:41 core.sweep_detector INFO: SweepDetector v2: 1 raw â†’ 1 confirmed (volâ‰Ą2.5Ă— bodyâ‰Ą30%)
12:23:41 core.sweep_detector INFO: OrderBlocks: 5 detected, 2 unmitigated
12:23:41 core.sweep_detector INFO: FVGs: 9 detected, 2 unfilled
12:23:42 core.sweep_detector INFO: SweepDetector v2: 3 raw â†’ 2 confirmed (volâ‰Ą2.5Ă— bodyâ‰Ą30%)
12:23:43 core.sweep_detector INFO: OrderBlocks: 7 detected, 3 unmitigated
12:23:43 core.sweep_detector INFO: FVGs: 14 detected, 3 unfilled
12:23:44 core.sweep_detector INFO: SweepDetector v2: 2 raw â†’ 0 confirmed (volâ‰Ą2.5Ă— bodyâ‰Ą30%)
12:23:44 core.sweep_detector INFO: OrderBlocks: 8 detected, 3 unmitigated
12:23:44 core.sweep_detector INFO: FVGs: 14 detected, 3 unfilled
12:23:46 core.sweep_detector INFO: SweepDetector v2: 3 raw â†’ 1 confirmed (volâ‰Ą2.5Ă— bodyâ‰Ą30%)
12:23:46 core.sweep_detector INFO: OrderBlocks: 10 detected, 3 unmitigated
12:23:46 core.sweep_detector INFO: FVGs: 11 detected, 3 unfilled
12:23:48 core.sweep_detector INFO: SweepDetector v2: 2 raw â†’ 2 confirmed (volâ‰Ą2.5Ă— bodyâ‰Ą30%)
12:23:48 core.sweep_detector INFO: OrderBlocks: 10 detected, 3 unmitigated
12:23:48 core.sweep_detector INFO: FVGs: 8 detected, 3 unfilled
12:23:50 core.sweep_detector INFO: SweepDetector v2: 1 raw â†’ 1 confirmed (volâ‰Ą2.5Ă— bodyâ‰Ą30%)
12:23:50 core.sweep_detector INFO: OrderBlocks: 2 detected, 0 unmitigated
12:23:50 core.sweep_detector INFO: FVGs: 10 detected, 3 unfilled
12:23:51 core.sweep_detector INFO: SweepDetector v2: 4 raw â†’ 3 confirmed (volâ‰Ą2.5Ă— bodyâ‰Ą30%)
12:23:51 core.sweep_detector INFO: OrderBlocks: 3 detected, 0 unmitigated
12:23:51 core.sweep_detector INFO: FVGs: 8 detected, 3 unfilled
12:23:53 core.sweep_detector INFO: SweepDetector v2: 1 raw â†’ 1 confirmed (volâ‰Ą2.5Ă— bodyâ‰Ą30%)
12:23:53 core.sweep_detector INFO: OrderBlocks: 7 detected, 2 unmitigated
12:23:53 core.sweep_detector INFO: FVGs: 9 detected, 4 unfilled
12:23:54 core.sweep_detector INFO: SweepDetector v2: 2 raw â†’ 2 confirmed (volâ‰Ą2.5Ă— bodyâ‰Ą30%)
12:23:54 core.sweep_detector INFO: OrderBlocks: 5 detected, 1 unmitigated
12:23:54 core.sweep_detector INFO: FVGs: 13 detected, 5 unfilled
12:23:56 core.sweep_detector INFO: SweepDetector v2: 3 raw â†’ 3 confirmed (volâ‰Ą2.5Ă— bodyâ‰Ą30%)
12:23:56 core.sweep_detector INFO: OrderBlocks: 4 detected, 1 unmitigated
12:23:56 core.sweep_detector INFO: FVGs: 10 detected, 7 unfilled
12:23:58 core.sweep_detector INFO: SweepDetector v2: 2 raw â†’ 1 confirmed (volâ‰Ą2.5Ă— bodyâ‰Ą30%)
12:23:58 core.sweep_detector INFO: OrderBlocks: 3 detected, 0 unmitigated
12:23:58 core.sweep_detector INFO: FVGs: 7 detected, 1 unfilled
12:23:59 core.sweep_detector INFO: SweepDetector v2: 0 raw â†’ 0 confirmed (volâ‰Ą2.5Ă— bodyâ‰Ą30%)
12:23:59 core.sweep_detector INFO: OrderBlocks: 10 detected, 4 unmitigated
12:23:59 core.sweep_detector INFO: FVGs: 8 detected, 3 unfilled
12:24:01 core.sweep_detector INFO: SweepDetector v2: 1 raw â†’ 1 confirmed (volâ‰Ą2.5Ă— bodyâ‰Ą30%)
12:24:01 core.sweep_detector INFO: OrderBlocks: 7 detected, 3 unmitigated
12:24:01 core.sweep_detector INFO: FVGs: 14 detected, 8 unfilled
12:24:03 core.sweep_detector INFO: SweepDetector v2: 0 raw â†’ 0 confirmed (volâ‰Ą2.5Ă— bodyâ‰Ą30%)
12:24:03 core.sweep_detector INFO: OrderBlocks: 2 detected, 1 unmitigated
12:24:03 core.sweep_detector INFO: FVGs: 11 detected, 2 unfilled
12:24:04 core.sweep_detector INFO: SweepDetector v2: 0 raw â†’ 0 confirmed (volâ‰Ą2.5Ă— bodyâ‰Ą30%)
12:24:04 core.sweep_detector INFO: OrderBlocks: 2 detected, 0 unmitigated
12:24:04 core.sweep_detector INFO: FVGs: 8 detected, 0 unfilled
12:24:06 core.sweep_detector INFO: SweepDetector v2: 2 raw â†’ 2 confirmed (volâ‰Ą2.5Ă— bodyâ‰Ą30%)
12:24:06 core.sweep_detector INFO: OrderBlocks: 4 detected, 0 unmitigated
12:24:06 core.sweep_detector INFO: FVGs: 6 detected, 0 unfilled
12:24:07 core.sweep_detector INFO: SweepDetector v2: 0 raw â†’ 0 confirmed (volâ‰Ą2.5Ă— bodyâ‰Ą30%)
12:24:07 core.sweep_detector INFO: OrderBlocks: 7 detected, 3 unmitigated
12:24:07 core.sweep_detector INFO: FVGs: 12 detected, 7 unfilled
12:24:09 core.sweep_detector INFO: SweepDetector v2: 1 raw â†’ 1 confirmed (volâ‰Ą2.5Ă— bodyâ‰Ą30%)
12:24:09 core.sweep_detector INFO: OrderBlocks: 3 detected, 2 unmitigated
12:24:09 core.sweep_detector INFO: FVGs: 11 detected, 2 unfilled
12:24:11 core.sweep_detector INFO: SweepDetector v2: 0 raw â†’ 0 confirmed (volâ‰Ą2.5Ă— bodyâ‰Ą30%)
12:24:11 core.sweep_detector INFO: OrderBlocks: 11 detected, 5 unmitigated
12:24:11 core.sweep_detector INFO: FVGs: 12 detected, 6 unfilled
12:24:13 core.sweep_detector INFO: SweepDetector v2: 1 raw â†’ 0 confirmed (volâ‰Ą2.5Ă— bodyâ‰Ą30%)
12:24:13 core.sweep_detector INFO: OrderBlocks: 9 detected, 3 unmitigated
12:24:13 core.sweep_detector INFO: FVGs: 8 detected, 2 unfilled
12:24:14 core.sweep_detector INFO: SweepDetector v2: 2 raw â†’ 1 confirmed (volâ‰Ą2.5Ă— bodyâ‰Ą30%)
12:24:14 core.sweep_detector INFO: OrderBlocks: 2 detected, 1 unmitigated
12:24:14 core.sweep_detector INFO: FVGs: 9 detected, 3 unfilled
12:24:16 core.sweep_detector INFO: SweepDetector v2: 0 raw â†’ 0 confirmed (volâ‰Ą2.5Ă— bodyâ‰Ą30%)
12:24:16 core.sweep_detector INFO: OrderBlocks: 6 detected, 2 unmitigated
12:24:16 core.sweep_detector INFO: FVGs: 8 detected, 5 unfilled
12:24:18 core.sweep_detector INFO: SweepDetector v2: 1 raw â†’ 1 confirmed (volâ‰Ą2.5Ă— bodyâ‰Ą30%)
12:24:18 core.sweep_detector INFO: OrderBlocks: 6 detected, 3 unmitigated
12:24:18 core.sweep_detector INFO: FVGs: 10 detected, 6 unfilled
12:24:20 core.sweep_detector INFO: SweepDetector v2: 3 raw â†’ 1 confirmed (volâ‰Ą2.5Ă— bodyâ‰Ą30%)
12:24:20 core.sweep_detector INFO: OrderBlocks: 6 detected, 3 unmitigated
12:24:20 core.sweep_detector INFO: FVGs: 9 detected, 4 unfilled
12:24:22 core.sweep_detector INFO: SweepDetector v2: 1 raw â†’ 1 confirmed (volâ‰Ą2.5Ă— bodyâ‰Ą30%)
12:24:22 core.sweep_detector INFO: OrderBlocks: 3 detected, 3 unmitigated
12:24:22 core.sweep_detector INFO: FVGs: 5 detected, 3 unfilled
12:24:24 core.sweep_detector INFO: SweepDetector v2: 0 raw â†’ 0 confirmed (volâ‰Ą2.5Ă— bodyâ‰Ą30%)
12:24:24 core.sweep_detector INFO: OrderBlocks: 6 detected, 2 unmitigated
12:24:24 core.sweep_detector INFO: FVGs: 3 detected, 2 unfilled
12:24:25 core.sweep_detector INFO: SweepDetector v2: 2 raw â†’ 2 confirmed (volâ‰Ą2.5Ă— bodyâ‰Ą30%)
12:24:26 core.sweep_detector INFO: OrderBlocks: 6 detected, 0 unmitigated
12:24:26 core.sweep_detector INFO: FVGs: 9 detected, 1 unfilled
12:24:28 core.sweep_detector INFO: SweepDetector v2: 1 raw â†’ 1 confirmed (volâ‰Ą2.5Ă— bodyâ‰Ą30%)
12:24:28 core.sweep_detector INFO: OrderBlocks: 2 detected, 0 unmitigated
12:24:28 core.sweep_detector INFO: FVGs: 7 detected, 0 unfilled
12:24:30 core.sweep_detector INFO: SweepDetector v2: 1 raw â†’ 1 confirmed (volâ‰Ą2.5Ă— bodyâ‰Ą30%)
12:24:30 core.sweep_detector INFO: OrderBlocks: 9 detected, 2 unmitigated
12:24:30 core.sweep_detector INFO: FVGs: 5 detected, 4 unfilled
12:24:32 core.sweep_detector INFO: SweepDetector v2: 3 raw â†’ 2 confirmed (volâ‰Ą2.5Ă— bodyâ‰Ą30%)
12:24:32 core.sweep_detector INFO: OrderBlocks: 4 detected, 1 unmitigated
12:24:32 core.sweep_detector INFO: FVGs: 6 detected, 2 unfilled
12:24:34 core.sweep_detector INFO: SweepDetector v2: 1 raw â†’ 1 confirmed (volâ‰Ą2.5Ă— bodyâ‰Ą30%)
12:24:34 core.sweep_detector INFO: OrderBlocks: 6 detected, 3 unmitigated
12:24:34 core.sweep_detector INFO: FVGs: 7 detected, 2 unfilled
12:24:36 core.sweep_detector INFO: SweepDetector v2: 0 raw â†’ 0 confirmed (volâ‰Ą2.5Ă— bodyâ‰Ą30%)
12:24:36 core.sweep_detector INFO: OrderBlocks: 4 detected, 2 unmitigated
12:24:36 core.sweep_detector INFO: FVGs: 14 detected, 5 unfilled
12:24:38 core.sweep_detector INFO: SweepDetector v2: 1 raw â†’ 1 confirmed (volâ‰Ą2.5Ă— bodyâ‰Ą30%)
12:24:38 core.sweep_detector INFO: OrderBlocks: 5 detected, 0 unmitigated
12:24:38 core.sweep_detector INFO: FVGs: 10 detected, 3 unfilled
12:24:40 core.sweep_detector INFO: SweepDetector v2: 2 raw â†’ 1 confirmed (volâ‰Ą2.5Ă— bodyâ‰Ą30%)
12:24:40 core.sweep_detector INFO: OrderBlocks: 4 detected, 2 unmitigated
12:24:40 core.sweep_detector INFO: FVGs: 8 detected, 3 unfilled
12:24:42 core.sweep_detector INFO: SweepDetector v2: 3 raw â†’ 2 confirmed (volâ‰Ą2.5Ă— bodyâ‰Ą30%)
12:24:42 core.sweep_detector INFO: OrderBlocks: 11 detected, 4 unmitigated
12:24:42 core.sweep_detector INFO: FVGs: 14 detected, 1 unfilled
12:24:44 core.sweep_detector INFO: SweepDetector v2: 3 raw â†’ 1 confirmed (volâ‰Ą2.5Ă— bodyâ‰Ą30%)
12:24:44 core.sweep_detector INFO: OrderBlocks: 5 detected, 0 unmitigated
12:24:44 core.sweep_detector INFO: FVGs: 12 detected, 4 unfilled
12:24:46 core.sweep_detector INFO: SweepDetector v2: 2 raw â†’ 2 confirmed (volâ‰Ą2.5Ă— bodyâ‰Ą30%)
12:24:46 core.sweep_detector INFO: OrderBlocks: 0 detected, 0 unmitigated
12:24:46 core.sweep_detector INFO: FVGs: 9 detected, 3 unfilled
12:24:49 core.sweep_detector INFO: SweepDetector v2: 2 raw â†’ 2 confirmed (volâ‰Ą2.5Ă— bodyâ‰Ą30%)
12:24:49 core.sweep_detector INFO: OrderBlocks: 3 detected, 1 unmitigated
12:24:49 core.sweep_detector INFO: FVGs: 7 detected, 2 unfilled
12:24:51 core.sweep_detector INFO: SweepDetector v2: 0 raw â†’ 0 confirmed (volâ‰Ą2.5Ă— bodyâ‰Ą30%)
12:24:51 core.sweep_detector INFO: OrderBlocks: 2 detected, 1 unmitigated
12:24:51 core.sweep_detector INFO: FVGs: 11 detected, 5 unfilled
12:24:54 core.sweep_detector INFO: SweepDetector v2: 1 raw â†’ 0 confirmed (volâ‰Ą2.5Ă— bodyâ‰Ą30%)
12:24:54 core.sweep_detector INFO: OrderBlocks: 1 detected, 0 unmitigated
12:24:54 core.sweep_detector INFO: FVGs: 7 detected, 3 unfilled
12:24:56 core.sweep_detector INFO: SweepDetector v2: 2 raw â†’ 2 confirmed (volâ‰Ą2.5Ă— bodyâ‰Ą30%)
12:24:56 core.sweep_detector INFO: OrderBlocks: 15 detected, 3 unmitigated
12:24:56 core.sweep_detector INFO: FVGs: 16 detected, 2 unfilled
12:24:58 core.sweep_detector INFO: SweepDetector v2: 3 raw â†’ 3 confirmed (volâ‰Ą2.5Ă— bodyâ‰Ą30%)
12:24:58 core.sweep_detector INFO: OrderBlocks: 5 detected, 2 unmitigated
12:24:58 core.sweep_detector INFO: FVGs: 8 detected, 1 unfilled
12:25:00 core.sweep_detector INFO: SweepDetector v2: 2 raw â†’ 1 confirmed (volâ‰Ą2.5Ă— bodyâ‰Ą30%)
12:25:00 core.sweep_detector INFO: OrderBlocks: 2 detected, 1 unmitigated
12:25:00 core.sweep_detector INFO: FVGs: 10 detected, 4 unfilled
12:25:03 core.sweep_detector INFO: SweepDetector v2: 6 raw â†’ 3 confirmed (volâ‰Ą2.5Ă— bodyâ‰Ą30%)
12:25:03 core.sweep_detector INFO: OrderBlocks: 6 detected, 4 unmitigated
12:25:03 core.sweep_detector INFO: FVGs: 10 detected, 5 unfilled
12:25:05 core.sweep_detector INFO: SweepDetector v2: 5 raw â†’ 4 confirmed (volâ‰Ą2.5Ă— bodyâ‰Ą30%)
12:25:05 core.sweep_detector INFO: OrderBlocks: 4 detected, 1 unmitigated
12:25:05 core.sweep_detector INFO: FVGs: 6 detected, 1 unfilled
12:25:07 core.sweep_detector INFO: SweepDetector v2: 1 raw â†’ 1 confirmed (volâ‰Ą2.5Ă— bodyâ‰Ą30%)
12:25:07 core.sweep_detector INFO: OrderBlocks: 1 detected, 0 unmitigated
12:25:07 core.sweep_detector INFO: FVGs: 7 detected, 3 unfilled
12:25:09 core.sweep_detector INFO: SweepDetector v2: 1 raw â†’ 1 confirmed (volâ‰Ą2.5Ă— bodyâ‰Ą30%)
12:25:09 core.sweep_detector INFO: OrderBlocks: 5 detected, 1 unmitigated
12:25:09 core.sweep_detector INFO: FVGs: 8 detected, 3 unfilled
12:25:10 core.sweep_detector INFO: SweepDetector v2: 3 raw â†’ 3 confirmed (volâ‰Ą2.5Ă— bodyâ‰Ą30%)
12:25:10 core.sweep_detector INFO: OrderBlocks: 6 detected, 1 unmitigated
12:25:10 core.sweep_detector INFO: FVGs: 9 detected, 3 unfilled
12:25:12 core.sweep_detector INFO: SweepDetector v2: 2 raw â†’ 2 confirmed (volâ‰Ą2.5Ă— bodyâ‰Ą30%)
12:25:12 core.sweep_detector INFO: OrderBlocks: 2 detected, 1 unmitigated
12:25:12 core.sweep_detector INFO: FVGs: 13 detected, 6 unfilled
12:25:13 core.sweep_detector INFO: SweepDetector v2: 1 raw â†’ 1 confirmed (volâ‰Ą2.5Ă— bodyâ‰Ą30%)
12:25:13 core.sweep_detector INFO: OrderBlocks: 5 detected, 1 unmitigated
12:25:13 core.sweep_detector INFO: FVGs: 12 detected, 5 unfilled
12:25:15 core.sweep_detector INFO: SweepDetector v2: 2 raw â†’ 0 confirmed (volâ‰Ą2.5Ă— bodyâ‰Ą30%)
12:25:15 core.sweep_detector INFO: OrderBlocks: 6 detected, 1 unmitigated
12:25:15 core.sweep_detector INFO: FVGs: 9 detected, 1 unfilled
12:25:17 core.sweep_detector INFO: SweepDetector v2: 1 raw â†’ 1 confirmed (volâ‰Ą2.5Ă— bodyâ‰Ą30%)
12:25:17 core.sweep_detector INFO: OrderBlocks: 5 detected, 2 unmitigated
12:25:17 core.sweep_detector INFO: FVGs: 4 detected, 2 unfilled
12:25:18 core.sweep_detector INFO: SweepDetector v2: 3 raw â†’ 2 confirmed (volâ‰Ą2.5Ă— bodyâ‰Ą30%)
12:25:18 core.sweep_detector INFO: OrderBlocks: 5 detected, 1 unmitigated
12:25:18 core.sweep_detector INFO: FVGs: 7 detected, 0 unfilled
12:25:20 core.sweep_detector INFO: SweepDetector v2: 2 raw â†’ 2 confirmed (volâ‰Ą2.5Ă— bodyâ‰Ą30%)
12:25:20 core.sweep_detector INFO: OrderBlocks: 5 detected, 1 unmitigated
12:25:20 core.sweep_detector INFO: FVGs: 6 detected, 3 unfilled
12:25:22 core.sweep_detector INFO: SweepDetector v2: 0 raw â†’ 0 confirmed (volâ‰Ą2.5Ă— bodyâ‰Ą30%)
12:25:22 core.sweep_detector INFO: OrderBlocks: 6 detected, 3 unmitigated
12:25:22 core.sweep_detector INFO: FVGs: 6 detected, 4 unfilled
12:25:24 core.sweep_detector INFO: SweepDetector v2: 0 raw â†’ 0 confirmed (volâ‰Ą2.5Ă— bodyâ‰Ą30%)
12:25:24 core.sweep_detector INFO: OrderBlocks: 8 detected, 4 unmitigated
12:25:24 core.sweep_detector INFO: FVGs: 10 detected, 4 unfilled
12:25:25 core.sweep_detector INFO: SweepDetector v2: 4 raw â†’ 3 confirmed (volâ‰Ą2.5Ă— bodyâ‰Ą30%)
12:25:25 core.sweep_detector INFO: OrderBlocks: 5 detected, 1 unmitigated
12:25:25 core.sweep_detector INFO: FVGs: 11 detected, 2 unfilled
12:25:27 core.sweep_detector INFO: SweepDetector v2: 2 raw â†’ 2 confirmed (volâ‰Ą2.5Ă— bodyâ‰Ą30%)
12:25:27 core.sweep_detector INFO: OrderBlocks: 2 detected, 1 unmitigated
12:25:27 core.sweep_detector INFO: FVGs: 9 detected, 4 unfilled
12:25:29 core.sweep_detector INFO: SweepDetector v2: 1 raw â†’ 1 confirmed (volâ‰Ą2.5Ă— bodyâ‰Ą30%)
12:25:29 core.sweep_detector INFO: OrderBlocks: 4 detected, 2 unmitigated
12:25:29 core.sweep_detector INFO: FVGs: 5 detected, 2 unfilled
12:25:30 core.sweep_detector INFO: SweepDetector v2: 3 raw â†’ 3 confirmed (volâ‰Ą2.5Ă— bodyâ‰Ą30%)
12:25:30 core.sweep_detector INFO: OrderBlocks: 4 detected, 0 unmitigated
12:25:30 core.sweep_detector INFO: FVGs: 4 detected, 1 unfilled
12:25:32 core.sweep_detector INFO: SweepDetector v2: 1 raw â†’ 1 confirmed (volâ‰Ą2.5Ă— bodyâ‰Ą30%)
12:25:32 core.sweep_detector INFO: OrderBlocks: 0 detected, 0 unmitigated
12:25:32 core.sweep_detector INFO: FVGs: 1 detected, 0 unfilled
12:25:34 core.sweep_detector INFO: SweepDetector v2: 2 raw â†’ 2 confirmed (volâ‰Ą2.5Ă— bodyâ‰Ą30%)
12:25:34 core.sweep_detector INFO: OrderBlocks: 10 detected, 4 unmitigated
12:25:34 core.sweep_detector INFO: FVGs: 10 detected, 4 unfilled
12:25:35 core.sweep_detector INFO: SweepDetector v2: 5 raw â†’ 3 confirmed (volâ‰Ą2.5Ă— bodyâ‰Ą30%)
12:25:35 core.sweep_detector INFO: OrderBlocks: 2 detected, 1 unmitigated
12:25:35 core.sweep_detector INFO: FVGs: 8 detected, 2 unfilled
12:25:38 core.sweep_detector INFO: SweepDetector v2: 2 raw â†’ 1 confirmed (volâ‰Ą2.5Ă— bodyâ‰Ą30%)
12:25:38 core.sweep_detector INFO: OrderBlocks: 2 detected, 0 unmitigated
12:25:38 core.sweep_detector INFO: FVGs: 9 detected, 3 unfilled
12:25:40 core.sweep_detector INFO: SweepDetector v2: 1 raw â†’ 0 confirmed (volâ‰Ą2.5Ă— bodyâ‰Ą30%)
12:25:40 core.sweep_detector INFO: OrderBlocks: 5 detected, 1 unmitigated
12:25:40 core.sweep_detector INFO: FVGs: 5 detected, 2 unfilled
12:25:41 core.sweep_detector INFO: SweepDetector v2: 4 raw â†’ 4 confirmed (volâ‰Ą2.5Ă— bodyâ‰Ą30%)
12:25:41 core.sweep_detector INFO: OrderBlocks: 2 detected, 0 unmitigated
12:25:41 core.sweep_detector INFO: FVGs: 8 detected, 1 unfilled
12:25:43 core.sweep_detector INFO: SweepDetector v2: 1 raw â†’ 1 confirmed (volâ‰Ą2.5Ă— bodyâ‰Ą30%)
12:25:43 core.sweep_detector INFO: OrderBlocks: 3 detected, 0 unmitigated
12:25:43 core.sweep_detector INFO: FVGs: 9 detected, 1 unfilled
12:25:45 core.sweep_detector INFO: SweepDetector v2: 3 raw â†’ 2 confirmed (volâ‰Ą2.5Ă— bodyâ‰Ą30%)
12:25:45 core.sweep_detector INFO: OrderBlocks: 1 detected, 0 unmitigated
12:25:45 core.sweep_detector INFO: FVGs: 4 detected, 0 unfilled
12:25:47 core.sweep_detector INFO: SweepDetector v2: 3 raw â†’ 3 confirmed (volâ‰Ą2.5Ă— bodyâ‰Ą30%)
12:25:47 core.sweep_detector INFO: OrderBlocks: 2 detected, 1 unmitigated
12:25:47 core.sweep_detector INFO: FVGs: 3 detected, 1 unfilled
12:25:49 core.sweep_detector INFO: SweepDetector v2: 1 raw â†’ 1 confirmed (volâ‰Ą2.5Ă— bodyâ‰Ą30%)
12:25:49 core.sweep_detector INFO: OrderBlocks: 2 detected, 0 unmitigated
12:25:49 core.sweep_detector INFO: FVGs: 9 detected, 2 unfilled
12:25:51 core.sweep_detector INFO: SweepDetector v2: 2 raw â†’ 2 confirmed (volâ‰Ą2.5Ă— bodyâ‰Ą30%)
12:25:51 core.sweep_detector INFO: OrderBlocks: 8 detected, 4 unmitigated
12:25:51 core.sweep_detector INFO: FVGs: 9 detected, 2 unfilled
12:25:52 core.sweep_detector INFO: SweepDetector v2: 2 raw â†’ 1 confirmed (volâ‰Ą2.5Ă— bodyâ‰Ą30%)
12:25:52 core.sweep_detector INFO: OrderBlocks: 4 detected, 1 unmitigated
12:25:52 core.sweep_detector INFO: FVGs: 7 detected, 3 unfilled
12:25:54 core.sweep_detector INFO: SweepDetector v2: 1 raw â†’ 1 confirmed (volâ‰Ą2.5Ă— bodyâ‰Ą30%)
12:25:54 core.sweep_detector INFO: OrderBlocks: 2 detected, 1 unmitigated
12:25:54 core.sweep_detector INFO: FVGs: 11 detected, 5 unfilled
12:25:56 core.sweep_detector INFO: SweepDetector v2: 0 raw â†’ 0 confirmed (volâ‰Ą2.5Ă— bodyâ‰Ą30%)
12:25:56 core.sweep_detector INFO: OrderBlocks: 1 detected, 0 unmitigated
12:25:56 core.sweep_detector INFO: FVGs: 0 detected, 0 unfilled
12:25:57 core.sweep_detector INFO: SweepDetector v2: 0 raw â†’ 0 confirmed (volâ‰Ą2.5Ă— bodyâ‰Ą30%)
12:25:57 core.sweep_detector INFO: OrderBlocks: 0 detected, 0 unmitigated
12:25:57 core.sweep_detector INFO: FVGs: 0 detected, 0 unfilled
12:25:59 core.sweep_detector INFO: SweepDetector v2: 0 raw â†’ 0 confirmed (volâ‰Ą2.5Ă— bodyâ‰Ą30%)
12:25:59 core.sweep_detector INFO: OrderBlocks: 0 detected, 0 unmitigated
12:25:59 core.sweep_detector INFO: FVGs: 0 detected, 0 unfilled
12:26:01 core.sweep_detector INFO: SweepDetector v2: 2 raw â†’ 2 confirmed (volâ‰Ą2.5Ă— bodyâ‰Ą30%)
12:26:01 core.sweep_detector INFO: OrderBlocks: 5 detected, 2 unmitigated
12:26:01 core.sweep_detector INFO: FVGs: 6 detected, 1 unfilled
12:26:02 core.sweep_detector INFO: SweepDetector v2: 3 raw â†’ 3 confirmed (volâ‰Ą2.5Ă— bodyâ‰Ą30%)
12:26:02 core.sweep_detector INFO: OrderBlocks: 4 detected, 0 unmitigated
12:26:02 core.sweep_detector INFO: FVGs: 10 detected, 2 unfilled
12:26:04 core.sweep_detector INFO: SweepDetector v2: 2 raw â†’ 2 confirmed (volâ‰Ą2.5Ă— bodyâ‰Ą30%)
12:26:04 core.sweep_detector INFO: OrderBlocks: 2 detected, 1 unmitigated
12:26:04 core.sweep_detector INFO: FVGs: 4 detected, 1 unfilled
12:26:06 core.sweep_detector INFO: SweepDetector v2: 0 raw â†’ 0 confirmed (volâ‰Ą2.5Ă— bodyâ‰Ą30%)
12:26:06 core.sweep_detector INFO: OrderBlocks: 4 detected, 2 unmitigated
12:26:06 core.sweep_detector INFO: FVGs: 11 detected, 7 unfilled
12:26:08 core.sweep_detector INFO: SweepDetector v2: 0 raw â†’ 0 confirmed (volâ‰Ą2.5Ă— bodyâ‰Ą30%)
12:26:08 core.sweep_detector INFO: OrderBlocks: 1 detected, 0 unmitigated
12:26:08 core.sweep_detector INFO: FVGs: 6 detected, 2 unfilled
12:26:09 core.sweep_detector INFO: SweepDetector v2: 2 raw â†’ 2 confirmed (volâ‰Ą2.5Ă— bodyâ‰Ą30%)
12:26:09 core.sweep_detector INFO: OrderBlocks: 2 detected, 0 unmitigated
12:26:09 core.sweep_detector INFO: FVGs: 10 detected, 1 unfilled
12:26:11 core.sweep_detector INFO: SweepDetector v2: 5 raw â†’ 3 confirmed (volâ‰Ą2.5Ă— bodyâ‰Ą30%)
12:26:11 core.sweep_detector INFO: OrderBlocks: 6 detected, 2 unmitigated
12:26:11 core.sweep_detector INFO: FVGs: 9 detected, 2 unfilled
12:26:13 core.sweep_detector INFO: SweepDetector v2: 2 raw â†’ 2 confirmed (volâ‰Ą2.5Ă— bodyâ‰Ą30%)
12:26:13 core.sweep_detector INFO: OrderBlocks: 3 detected, 2 unmitigated
12:26:13 core.sweep_detector INFO: FVGs: 13 detected, 2 unfilled
12:26:14 core.sweep_detector INFO: SweepDetector v2: 3 raw â†’ 3 confirmed (volâ‰Ą2.5Ă— bodyâ‰Ą30%)
12:26:14 core.sweep_detector INFO: OrderBlocks: 4 detected, 0 unmitigated
12:26:14 core.sweep_detector INFO: FVGs: 6 detected, 1 unfilled
12:26:16 core.sweep_detector INFO: SweepDetector v2: 0 raw â†’ 0 confirmed (volâ‰Ą2.5Ă— bodyâ‰Ą30%)
12:26:16 core.sweep_detector INFO: OrderBlocks: 7 detected, 2 unmitigated
12:26:16 core.sweep_detector INFO: FVGs: 9 detected, 2 unfilled
12:26:18 core.sweep_detector INFO: SweepDetector v2: 3 raw â†’ 3 confirmed (volâ‰Ą2.5Ă— bodyâ‰Ą30%)
12:26:18 core.sweep_detector INFO: OrderBlocks: 4 detected, 1 unmitigated
12:26:18 core.sweep_detector INFO: FVGs: 8 detected, 3 unfilled
12:26:20 core.sweep_detector INFO: SweepDetector v2: 2 raw â†’ 1 confirmed (volâ‰Ą2.5Ă— bodyâ‰Ą30%)
12:26:20 core.sweep_detector INFO: OrderBlocks: 5 detected, 2 unmitigated
12:26:20 core.sweep_detector INFO: FVGs: 8 detected, 4 unfilled
12:26:21 core.sweep_detector INFO: SweepDetector v2: 1 raw â†’ 1 confirmed (volâ‰Ą2.5Ă— bodyâ‰Ą30%)
12:26:21 core.sweep_detector INFO: OrderBlocks: 4 detected, 2 unmitigated
12:26:21 core.sweep_detector INFO: FVGs: 12 detected, 9 unfilled
12:26:23 core.sweep_detector INFO: SweepDetector v2: 1 raw â†’ 1 confirmed (volâ‰Ą2.5Ă— bodyâ‰Ą30%)
12:26:23 core.sweep_detector INFO: OrderBlocks: 3 detected, 2 unmitigated
12:26:23 core.sweep_detector INFO: FVGs: 2 detected, 1 unfilled
12:26:25 core.sweep_detector INFO: SweepDetector v2: 3 raw â†’ 3 confirmed (volâ‰Ą2.5Ă— bodyâ‰Ą30%)
12:26:25 core.sweep_detector INFO: OrderBlocks: 2 detected, 2 unmitigated
12:26:25 core.sweep_detector INFO: FVGs: 7 detected, 3 unfilled
12:26:26 core.sweep_detector INFO: SweepDetector v2: 1 raw â†’ 0 confirmed (volâ‰Ą2.5Ă— bodyâ‰Ą30%)
12:26:26 core.sweep_detector INFO: OrderBlocks: 9 detected, 3 unmitigated
12:26:26 core.sweep_detector INFO: FVGs: 8 detected, 4 unfilled
12:26:28 core.sweep_detector INFO: SweepDetector v2: 4 raw â†’ 1 confirmed (volâ‰Ą2.5Ă— bodyâ‰Ą30%)
12:26:28 core.sweep_detector INFO: OrderBlocks: 5 detected, 1 unmitigated
12:26:28 core.sweep_detector INFO: FVGs: 7 detected, 1 unfilled
12:26:30 core.sweep_detector INFO: SweepDetector v2: 1 raw â†’ 1 confirmed (volâ‰Ą2.5Ă— bodyâ‰Ą30%)
12:26:30 core.sweep_detector INFO: OrderBlocks: 2 detected, 1 unmitigated
12:26:30 core.sweep_detector INFO: FVGs: 2 detected, 1 unfilled
12:26:32 core.sweep_detector INFO: SweepDetector v2: 2 raw â†’ 2 confirmed (volâ‰Ą2.5Ă— bodyâ‰Ą30%)
12:26:32 core.sweep_detector INFO: OrderBlocks: 5 detected, 2 unmitigated
12:26:32 core.sweep_detector INFO: FVGs: 11 detected, 1 unfilled
12:26:33 core.sweep_detector INFO: SweepDetector v2: 1 raw â†’ 1 confirmed (volâ‰Ą2.5Ă— bodyâ‰Ą30%)
12:26:33 core.sweep_detector INFO: OrderBlocks: 4 detected, 1 unmitigated
12:26:33 core.sweep_detector INFO: FVGs: 14 detected, 5 unfilled
12:26:35 core.sweep_detector INFO: SweepDetector v2: 0 raw â†’ 0 confirmed (volâ‰Ą2.5Ă— bodyâ‰Ą30%)
12:26:35 core.sweep_detector INFO: OrderBlocks: 0 detected, 0 unmitigated
12:26:35 core.sweep_detector INFO: FVGs: 7 detected, 1 unfilled
12:26:37 core.sweep_detector INFO: SweepDetector v2: 7 raw â†’ 5 confirmed (volâ‰Ą2.5Ă— bodyâ‰Ą30%)
12:26:37 core.sweep_detector INFO: OrderBlocks: 5 detected, 5 unmitigated
12:26:37 core.sweep_detector INFO: FVGs: 13 detected, 8 unfilled
12:26:39 core.sweep_detector INFO: SweepDetector v2: 2 raw â†’ 1 confirmed (volâ‰Ą2.5Ă— bodyâ‰Ą30%)
12:26:39 core.sweep_detector INFO: OrderBlocks: 1 detected, 0 unmitigated
12:26:39 core.sweep_detector INFO: FVGs: 5 detected, 2 unfilled
12:26:40 core.sweep_detector INFO: SweepDetector v2: 3 raw â†’ 3 confirmed (volâ‰Ą2.5Ă— bodyâ‰Ą30%)
12:26:40 core.sweep_detector INFO: OrderBlocks: 5 detected, 1 unmitigated
12:26:40 core.sweep_detector INFO: FVGs: 11 detected, 2 unfilled
12:26:42 core.sweep_detector INFO: SweepDetector v2: 0 raw â†’ 0 confirmed (volâ‰Ą2.5Ă— bodyâ‰Ą30%)
12:26:42 core.sweep_detector INFO: OrderBlocks: 8 detected, 5 unmitigated
12:26:42 core.sweep_detector INFO: FVGs: 14 detected, 5 unfilled
12:26:44 core.sweep_detector INFO: SweepDetector v2: 3 raw â†’ 2 confirmed (volâ‰Ą2.5Ă— bodyâ‰Ą30%)
12:26:44 core.sweep_detector INFO: OrderBlocks: 4 detected, 1 unmitigated
12:26:44 core.sweep_detector INFO: FVGs: 9 detected, 3 unfilled
12:26:46 core.sweep_detector INFO: SweepDetector v2: 2 raw â†’ 1 confirmed (volâ‰Ą2.5Ă— bodyâ‰Ą30%)
12:26:46 core.sweep_detector INFO: OrderBlocks: 3 detected, 1 unmitigated
12:26:46 core.sweep_detector INFO: FVGs: 6 detected, 4 unfilled
12:26:48 core.sweep_detector INFO: SweepDetector v2: 3 raw â†’ 3 confirmed (volâ‰Ą2.5Ă— bodyâ‰Ą30%)
12:26:48 core.sweep_detector INFO: OrderBlocks: 3 detected, 1 unmitigated
12:26:48 core.sweep_detector INFO: FVGs: 4 detected, 1 unfilled
12:26:50 core.sweep_detector INFO: SweepDetector v2: 3 raw â†’ 2 confirmed (volâ‰Ą2.5Ă— bodyâ‰Ą30%)
12:26:50 core.sweep_detector INFO: OrderBlocks: 7 detected, 2 unmitigated
12:26:50 core.sweep_detector INFO: FVGs: 6 detected, 1 unfilled
12:26:51 core.sweep_detector INFO: SweepDetector v2: 1 raw â†’ 1 confirmed (volâ‰Ą2.5Ă— bodyâ‰Ą30%)
12:26:51 core.sweep_detector INFO: OrderBlocks: 1 detected, 1 unmitigated
12:26:51 core.sweep_detector INFO: FVGs: 7 detected, 2 unfilled
12:26:53 core.sweep_detector INFO: SweepDetector v2: 3 raw â†’ 2 confirmed (volâ‰Ą2.5Ă— bodyâ‰Ą30%)
12:26:53 core.sweep_detector INFO: OrderBlocks: 3 detected, 3 unmitigated
12:26:53 core.sweep_detector INFO: FVGs: 13 detected, 8 unfilled
12:26:54 core.sweep_detector INFO: SweepDetector v2: 2 raw â†’ 2 confirmed (volâ‰Ą2.5Ă— bodyâ‰Ą30%)
12:26:54 core.sweep_detector INFO: OrderBlocks: 3 detected, 2 unmitigated
12:26:54 core.sweep_detector INFO: FVGs: 9 detected, 3 unfilled
12:26:56 core.sweep_detector INFO: SweepDetector v2: 2 raw â†’ 1 confirmed (volâ‰Ą2.5Ă— bodyâ‰Ą30%)
12:26:56 core.sweep_detector INFO: OrderBlocks: 5 detected, 1 unmitigated
12:26:56 core.sweep_detector INFO: FVGs: 5 detected, 2 unfilled
12:26:58 core.sweep_detector INFO: SweepDetector v2: 1 raw â†’ 0 confirmed (volâ‰Ą2.5Ă— bodyâ‰Ą30%)
12:26:58 core.sweep_detector INFO: OrderBlocks: 4 detected, 0 unmitigated
12:26:58 core.sweep_detector INFO: FVGs: 14 detected, 5 unfilled
12:27:00 core.sweep_detector INFO: SweepDetector v2: 0 raw â†’ 0 confirmed (volâ‰Ą2.5Ă— bodyâ‰Ą30%)
12:27:00 core.sweep_detector INFO: OrderBlocks: 7 detected, 1 unmitigated
12:27:00 core.sweep_detector INFO: FVGs: 4 detected, 2 unfilled
12:27:02 core.sweep_detector INFO: SweepDetector v2: 2 raw â†’ 2 confirmed (volâ‰Ą2.5Ă— bodyâ‰Ą30%)
12:27:02 core.sweep_detector INFO: OrderBlocks: 3 detected, 1 unmitigated
12:27:02 core.sweep_detector INFO: FVGs: 6 detected, 2 unfilled
12:27:04 core.sweep_detector INFO: SweepDetector v2: 1 raw â†’ 0 confirmed (volâ‰Ą2.5Ă— bodyâ‰Ą30%)
12:27:04 core.sweep_detector INFO: OrderBlocks: 6 detected, 3 unmitigated
12:27:04 core.sweep_detector INFO: FVGs: 10 detected, 5 unfilled
12:27:06 core.sweep_detector INFO: SweepDetector v2: 2 raw â†’ 2 confirmed (volâ‰Ą2.5Ă— bodyâ‰Ą30%)
12:27:06 core.sweep_detector INFO: OrderBlocks: 3 detected, 1 unmitigated
12:27:06 core.sweep_detector INFO: FVGs: 15 detected, 4 unfilled
12:27:07 core.sweep_detector INFO: SweepDetector v2: 4 raw â†’ 3 confirmed (volâ‰Ą2.5Ă— bodyâ‰Ą30%)
12:27:07 core.sweep_detector INFO: OrderBlocks: 5 detected, 2 unmitigated
12:27:07 core.sweep_detector INFO: FVGs: 8 detected, 5 unfilled
12:27:09 core.sweep_detector INFO: SweepDetector v2: 0 raw â†’ 0 confirmed (volâ‰Ą2.5Ă— bodyâ‰Ą30%)
12:27:09 core.sweep_detector INFO: OrderBlocks: 9 detected, 3 unmitigated
12:27:09 core.sweep_detector INFO: FVGs: 11 detected, 2 unfilled
12:27:11 core.sweep_detector INFO: SweepDetector v2: 1 raw â†’ 1 confirmed (volâ‰Ą2.5Ă— bodyâ‰Ą30%)
12:27:11 core.sweep_detector INFO: OrderBlocks: 5 detected, 2 unmitigated
12:27:11 core.sweep_detector INFO: FVGs: 6 detected, 3 unfilled
12:27:12 core.sweep_detector INFO: SweepDetector v2: 0 raw â†’ 0 confirmed (volâ‰Ą2.5Ă— bodyâ‰Ą30%)
12:27:12 core.sweep_detector INFO: OrderBlocks: 3 detected, 1 unmitigated
12:27:12 core.sweep_detector INFO: FVGs: 2 detected, 0 unfilled
12:27:14 core.sweep_detector INFO: SweepDetector v2: 0 raw â†’ 0 confirmed (volâ‰Ą2.5Ă— bodyâ‰Ą30%)
12:27:14 core.sweep_detector INFO: OrderBlocks: 2 detected, 0 unmitigated
12:27:14 core.sweep_detector INFO: FVGs: 0 detected, 0 unfilled
12:27:16 core.sweep_detector INFO: SweepDetector v2: 0 raw â†’ 0 confirmed (volâ‰Ą2.5Ă— bodyâ‰Ą30%)
12:27:16 core.sweep_detector INFO: OrderBlocks: 0 detected, 0 unmitigated
12:27:16 core.sweep_detector INFO: FVGs: 0 detected, 0 unfilled
12:27:18 core.sweep_detector INFO: SweepDetector v2: 0 raw â†’ 0 confirmed (volâ‰Ą2.5Ă— bodyâ‰Ą30%)
12:27:18 core.sweep_detector INFO: OrderBlocks: 0 detected, 0 unmitigated
12:27:18 core.sweep_detector INFO: FVGs: 0 detected, 0 unfilled
12:27:20 core.sweep_detector INFO: SweepDetector v2: 1 raw â†’ 1 confirmed (volâ‰Ą2.5Ă— bodyâ‰Ą30%)
12:27:20 core.sweep_detector INFO: OrderBlocks: 6 detected, 1 unmitigated
12:27:20 core.sweep_detector INFO: FVGs: 9 detected, 5 unfilled
12:27:21 core.sweep_detector INFO: SweepDetector v2: 2 raw â†’ 2 confirmed (volâ‰Ą2.5Ă— bodyâ‰Ą30%)
12:27:21 core.sweep_detector INFO: OrderBlocks: 7 detected, 2 unmitigated
12:27:21 core.sweep_detector INFO: FVGs: 8 detected, 3 unfilled
12:27:24 core.sweep_detector INFO: SweepDetector v2: 2 raw â†’ 2 confirmed (volâ‰Ą2.5Ă— bodyâ‰Ą30%)
12:27:24 core.sweep_detector INFO: OrderBlocks: 3 detected, 2 unmitigated
12:27:24 core.sweep_detector INFO: FVGs: 12 detected, 5 unfilled
12:27:26 core.sweep_detector INFO: SweepDetector v2: 1 raw â†’ 1 confirmed (volâ‰Ą2.5Ă— bodyâ‰Ą30%)
12:27:26 core.sweep_detector INFO: OrderBlocks: 2 detected, 0 unmitigated
12:27:26 core.sweep_detector INFO: FVGs: 0 detected, 0 unfilled
12:27:28 core.sweep_detector INFO: SweepDetector v2: 0 raw â†’ 0 confirmed (volâ‰Ą2.5Ă— bodyâ‰Ą30%)
12:27:28 core.sweep_detector INFO: OrderBlocks: 1 detected, 0 unmitigated
12:27:28 core.sweep_detector INFO: FVGs: 0 detected, 0 unfilled
12:27:29 core.sweep_detector INFO: SweepDetector v2: 0 raw â†’ 0 confirmed (volâ‰Ą2.5Ă— bodyâ‰Ą30%)
12:27:29 core.sweep_detector INFO: OrderBlocks: 1 detected, 0 unmitigated
12:27:29 core.sweep_detector INFO: FVGs: 0 detected, 0 unfilled
12:27:31 core.sweep_detector INFO: SweepDetector v2: 0 raw â†’ 0 confirmed (volâ‰Ą2.5Ă— bodyâ‰Ą30%)
12:27:31 core.sweep_detector INFO: OrderBlocks: 3 detected, 0 unmitigated
12:27:31 core.sweep_detector INFO: FVGs: 0 detected, 0 unfilled
12:27:33 core.sweep_detector INFO: SweepDetector v2: 0 raw â†’ 0 confirmed (volâ‰Ą2.5Ă— bodyâ‰Ą30%)
12:27:33 core.sweep_detector INFO: OrderBlocks: 1 detected, 0 unmitigated
12:27:33 core.sweep_detector INFO: FVGs: 0 detected, 0 unfilled
12:27:34 core.sweep_detector INFO: SweepDetector v2: 0 raw â†’ 0 confirmed (volâ‰Ą2.5Ă— bodyâ‰Ą30%)
12:27:34 core.sweep_detector INFO: OrderBlocks: 2 detected, 0 unmitigated
12:27:34 core.sweep_detector INFO: FVGs: 0 detected, 0 unfilled
12:27:36 core.sweep_detector INFO: SweepDetector v2: 0 raw â†’ 0 confirmed (volâ‰Ą2.5Ă— bodyâ‰Ą30%)
12:27:36 core.sweep_detector INFO: OrderBlocks: 2 detected, 0 unmitigated
12:27:36 core.sweep_detector INFO: FVGs: 0 detected, 0 unfilled
12:27:38 core.sweep_detector INFO: SweepDetector v2: 0 raw â†’ 0 confirmed (volâ‰Ą2.5Ă— bodyâ‰Ą30%)
12:27:38 core.sweep_detector INFO: OrderBlocks: 0 detected, 0 unmitigated
12:27:38 core.sweep_detector INFO: FVGs: 0 detected, 0 unfilled
12:27:39 core.sweep_detector INFO: SweepDetector v2: 0 raw â†’ 0 confirmed (volâ‰Ą2.5Ă— bodyâ‰Ą30%)
12:27:39 core.sweep_detector INFO: OrderBlocks: 0 detected, 0 unmitigated
12:27:39 core.sweep_detector INFO: FVGs: 0 detected, 0 unfilled
12:27:41 core.sweep_detector INFO: SweepDetector v2: 3 raw â†’ 3 confirmed (volâ‰Ą2.5Ă— bodyâ‰Ą30%)
12:27:41 core.sweep_detector INFO: OrderBlocks: 4 detected, 1 unmitigated
12:27:41 core.sweep_detector INFO: FVGs: 8 detected, 3 unfilled
12:27:42 core.sweep_detector INFO: SweepDetector v2: 5 raw â†’ 4 confirmed (volâ‰Ą2.5Ă— bodyâ‰Ą30%)
12:27:42 core.sweep_detector INFO: OrderBlocks: 7 detected, 2 unmitigated
12:27:42 core.sweep_detector INFO: FVGs: 7 detected, 3 unfilled
12:27:44 core.sweep_detector INFO: SweepDetector v2: 2 raw â†’ 2 confirmed (volâ‰Ą2.5Ă— bodyâ‰Ą30%)
12:27:44 core.sweep_detector INFO: OrderBlocks: 5 detected, 2 unmitigated
12:27:44 core.sweep_detector INFO: FVGs: 8 detected, 4 unfilled
12:27:46 core.sweep_detector INFO: SweepDetector v2: 0 raw â†’ 0 confirmed (volâ‰Ą2.5Ă— bodyâ‰Ą30%)
12:27:46 core.sweep_detector INFO: OrderBlocks: 5 detected, 2 unmitigated
12:27:46 core.sweep_detector INFO: FVGs: 9 detected, 4 unfilled
12:27:47 core.sweep_detector INFO: SweepDetector v2: 1 raw â†’ 1 confirmed (volâ‰Ą2.5Ă— bodyâ‰Ą30%)
12:27:47 core.sweep_detector INFO: OrderBlocks: 1 detected, 1 unmitigated
12:27:47 core.sweep_detector INFO: FVGs: 8 detected, 2 unfilled
12:27:49 core.sweep_detector INFO: SweepDetector v2: 2 raw â†’ 2 confirmed (volâ‰Ą2.5Ă— bodyâ‰Ą30%)
12:27:49 core.sweep_detector INFO: OrderBlocks: 2 detected, 0 unmitigated
12:27:49 core.sweep_detector INFO: FVGs: 8 detected, 3 unfilled
12:27:51 core.sweep_detector INFO: SweepDetector v2: 1 raw â†’ 1 confirmed (volâ‰Ą2.5Ă— bodyâ‰Ą30%)
12:27:51 core.sweep_detector INFO: OrderBlocks: 6 detected, 4 unmitigated
12:27:51 core.sweep_detector INFO: FVGs: 8 detected, 3 unfilled
12:27:53 core.sweep_detector INFO: SweepDetector v2: 1 raw â†’ 1 confirmed (volâ‰Ą2.5Ă— bodyâ‰Ą30%)
12:27:53 core.sweep_detector INFO: OrderBlocks: 1 detected, 0 unmitigated
12:27:53 core.sweep_detector INFO: FVGs: 12 detected, 2 unfilled
12:27:54 core.sweep_detector INFO: SweepDetector v2: 2 raw â†’ 2 confirmed (volâ‰Ą2.5Ă— bodyâ‰Ą30%)
12:27:54 core.sweep_detector INFO: OrderBlocks: 4 detected, 2 unmitigated
12:27:54 core.sweep_detector INFO: FVGs: 7 detected, 4 unfilled
12:27:56 core.sweep_detector INFO: SweepDetector v2: 1 raw â†’ 1 confirmed (volâ‰Ą2.5Ă— bodyâ‰Ą30%)
12:27:56 core.sweep_detector INFO: OrderBlocks: 2 detected, 1 unmitigated
12:27:56 core.sweep_detector INFO: FVGs: 8 detected, 4 unfilled
12:27:58 core.sweep_detector INFO: SweepDetector v2: 2 raw â†’ 1 confirmed (volâ‰Ą2.5Ă— bodyâ‰Ą30%)
12:27:58 core.sweep_detector INFO: OrderBlocks: 1 detected, 0 unmitigated
12:27:58 core.sweep_detector INFO: FVGs: 6 detected, 0 unfilled
12:27:59 core.sweep_detector INFO: SweepDetector v2: 0 raw â†’ 0 confirmed (volâ‰Ą2.5Ă— bodyâ‰Ą30%)
12:27:59 core.sweep_detector INFO: OrderBlocks: 1 detected, 0 unmitigated
12:27:59 core.sweep_detector INFO: FVGs: 2 detected, 0 unfilled
12:28:01 core.sweep_detector INFO: SweepDetector v2: 2 raw â†’ 1 confirmed (volâ‰Ą2.5Ă— bodyâ‰Ą30%)
12:28:01 core.sweep_detector INFO: OrderBlocks: 6 detected, 4 unmitigated
12:28:01 core.sweep_detector INFO: FVGs: 13 detected, 6 unfilled
12:28:02 core.sweep_detector INFO: SweepDetector v2: 4 raw â†’ 4 confirmed (volâ‰Ą2.5Ă— bodyâ‰Ą30%)
12:28:03 core.sweep_detector INFO: OrderBlocks: 2 detected, 1 unmitigated
12:28:03 core.sweep_detector INFO: FVGs: 5 detected, 2 unfilled
12:28:04 core.sweep_detector INFO: SweepDetector v2: 1 raw â†’ 1 confirmed (volâ‰Ą2.5Ă— bodyâ‰Ą30%)
12:28:04 core.sweep_detector INFO: OrderBlocks: 5 detected, 2 unmitigated
12:28:04 core.sweep_detector INFO: FVGs: 6 detected, 1 unfilled
12:28:06 core.sweep_detector INFO: SweepDetector v2: 2 raw â†’ 1 confirmed (volâ‰Ą2.5Ă— bodyâ‰Ą30%)
12:28:06 core.sweep_detector INFO: OrderBlocks: 5 detected, 1 unmitigated
12:28:06 core.sweep_detector INFO: FVGs: 5 detected, 1 unfilled
12:28:08 core.sweep_detector INFO: SweepDetector v2: 1 raw â†’ 1 confirmed (volâ‰Ą2.5Ă— bodyâ‰Ą30%)
12:28:08 core.sweep_detector INFO: OrderBlocks: 5 detected, 0 unmitigated
12:28:08 core.sweep_detector INFO: FVGs: 9 detected, 1 unfilled
12:28:09 core.sweep_detector INFO: SweepDetector v2: 4 raw â†’ 3 confirmed (volâ‰Ą2.5Ă— bodyâ‰Ą30%)
12:28:09 core.sweep_detector INFO: OrderBlocks: 4 detected, 0 unmitigated
12:28:09 core.sweep_detector INFO: FVGs: 12 detected, 4 unfilled
12:28:11 core.sweep_detector INFO: SweepDetector v2: 0 raw â†’ 0 confirmed (volâ‰Ą2.5Ă— bodyâ‰Ą30%)
12:28:11 core.sweep_detector INFO: OrderBlocks: 1 detected, 1 unmitigated
12:28:11 core.sweep_detector INFO: FVGs: 4 detected, 1 unfilled
12:28:13 core.sweep_detector INFO: SweepDetector v2: 0 raw â†’ 0 confirmed (volâ‰Ą2.5Ă— bodyâ‰Ą30%)
12:28:13 core.sweep_detector INFO: OrderBlocks: 5 detected, 2 unmitigated
12:28:13 core.sweep_detector INFO: FVGs: 5 detected, 3 unfilled
12:28:14 core.sweep_detector INFO: SweepDetector v2: 0 raw â†’ 0 confirmed (volâ‰Ą2.5Ă— bodyâ‰Ą30%)
12:28:14 core.sweep_detector INFO: OrderBlocks: 6 detected, 5 unmitigated
12:28:14 core.sweep_detector INFO: FVGs: 7 detected, 5 unfilled
12:28:16 core.sweep_detector INFO: SweepDetector v2: 0 raw â†’ 0 confirmed (volâ‰Ą2.5Ă— bodyâ‰Ą30%)
12:28:16 core.sweep_detector INFO: OrderBlocks: 8 detected, 3 unmitigated
12:28:16 core.sweep_detector INFO: FVGs: 12 detected, 4 unfilled
12:28:17 core.sweep_detector INFO: SweepDetector v2: 1 raw â†’ 1 confirmed (volâ‰Ą2.5Ă— bodyâ‰Ą30%)
12:28:18 core.sweep_detector INFO: OrderBlocks: 4 detected, 1 unmitigated
12:28:18 core.sweep_detector INFO: FVGs: 9 detected, 4 unfilled
12:28:19 core.sweep_detector INFO: SweepDetector v2: 1 raw â†’ 1 confirmed (volâ‰Ą2.5Ă— bodyâ‰Ą30%)
12:28:19 core.sweep_detector INFO: OrderBlocks: 6 detected, 3 unmitigated
12:28:19 core.sweep_detector INFO: FVGs: 10 detected, 6 unfilled
12:28:22 core.sweep_detector INFO: SweepDetector v2: 0 raw â†’ 0 confirmed (volâ‰Ą2.5Ă— bodyâ‰Ą30%)
12:28:22 core.sweep_detector INFO: OrderBlocks: 10 detected, 3 unmitigated
12:28:22 core.sweep_detector INFO: FVGs: 10 detected, 3 unfilled
12:28:23 core.sweep_detector INFO: SweepDetector v2: 2 raw â†’ 2 confirmed (volâ‰Ą2.5Ă— bodyâ‰Ą30%)
12:28:23 core.sweep_detector INFO: OrderBlocks: 2 detected, 1 unmitigated
12:28:23 core.sweep_detector INFO: FVGs: 12 detected, 2 unfilled
12:28:25 core.sweep_detector INFO: SweepDetector v2: 3 raw â†’ 3 confirmed (volâ‰Ą2.5Ă— bodyâ‰Ą30%)
12:28:25 core.sweep_detector INFO: OrderBlocks: 1 detected, 0 unmitigated
12:28:25 core.sweep_detector INFO: FVGs: 15 detected, 4 unfilled
12:28:28 core.sweep_detector INFO: SweepDetector v2: 2 raw â†’ 2 confirmed (volâ‰Ą2.5Ă— bodyâ‰Ą30%)
12:28:28 core.sweep_detector INFO: OrderBlocks: 7 detected, 3 unmitigated
12:28:28 core.sweep_detector INFO: FVGs: 8 detected, 3 unfilled
12:28:29 core.sweep_detector INFO: SweepDetector v2: 2 raw â†’ 2 confirmed (volâ‰Ą2.5Ă— bodyâ‰Ą30%)
12:28:29 core.sweep_detector INFO: OrderBlocks: 5 detected, 1 unmitigated
12:28:29 core.sweep_detector INFO: FVGs: 5 detected, 1 unfilled
12:28:31 core.sweep_detector INFO: SweepDetector v2: 0 raw â†’ 0 confirmed (volâ‰Ą2.5Ă— bodyâ‰Ą30%)
12:28:31 core.sweep_detector INFO: OrderBlocks: 4 detected, 1 unmitigated
12:28:31 core.sweep_detector INFO: FVGs: 8 detected, 1 unfilled
12:28:32 core.sweep_detector INFO: SweepDetector v2: 0 raw â†’ 0 confirmed (volâ‰Ą2.5Ă— bodyâ‰Ą30%)
12:28:32 core.sweep_detector INFO: OrderBlocks: 1 detected, 1 unmitigated
12:28:32 core.sweep_detector INFO: FVGs: 0 detected, 0 unfilled
12:28:34 core.sweep_detector INFO: SweepDetector v2: 0 raw â†’ 0 confirmed (volâ‰Ą2.5Ă— bodyâ‰Ą30%)
12:28:34 core.sweep_detector INFO: OrderBlocks: 5 detected, 1 unmitigated
12:28:34 core.sweep_detector INFO: FVGs: 0 detected, 0 unfilled
12:28:36 core.sweep_detector INFO: SweepDetector v2: 0 raw â†’ 0 confirmed (volâ‰Ą2.5Ă— bodyâ‰Ą30%)
12:28:36 core.sweep_detector INFO: OrderBlocks: 0 detected, 0 unmitigated
12:28:36 core.sweep_detector INFO: FVGs: 0 detected, 0 unfilled
12:28:38 core.sweep_detector INFO: SweepDetector v2: 6 raw â†’ 3 confirmed (volâ‰Ą2.5Ă— bodyâ‰Ą30%)
12:28:38 core.sweep_detector INFO: OrderBlocks: 9 detected, 3 unmitigated
12:28:38 core.sweep_detector INFO: FVGs: 10 detected, 3 unfilled
12:28:39 core.sweep_detector INFO: SweepDetector v2: 1 raw â†’ 1 confirmed (volâ‰Ą2.5Ă— bodyâ‰Ą30%)
12:28:39 core.sweep_detector INFO: OrderBlocks: 6 detected, 1 unmitigated
12:28:39 core.sweep_detector INFO: FVGs: 10 detected, 2 unfilled
12:28:41 core.sweep_detector INFO: SweepDetector v2: 3 raw â†’ 2 confirmed (volâ‰Ą2.5Ă— bodyâ‰Ą30%)
12:28:41 core.sweep_detector INFO: OrderBlocks: 11 detected, 3 unmitigated
12:28:41 core.sweep_detector INFO: FVGs: 11 detected, 2 unfilled
12:28:43 core.sweep_detector INFO: SweepDetector v2: 1 raw â†’ 1 confirmed (volâ‰Ą2.5Ă— bodyâ‰Ą30%)
12:28:43 core.sweep_detector INFO: OrderBlocks: 7 detected, 2 unmitigated
12:28:43 core.sweep_detector INFO: FVGs: 7 detected, 2 unfilled
12:28:45 core.sweep_detector INFO: SweepDetector v2: 2 raw â†’ 1 confirmed (volâ‰Ą2.5Ă— bodyâ‰Ą30%)
12:28:45 core.sweep_detector INFO: OrderBlocks: 1 detected, 0 unmitigated
12:28:45 core.sweep_detector INFO: FVGs: 11 detected, 3 unfilled
12:28:47 core.sweep_detector INFO: SweepDetector v2: 0 raw â†’ 0 confirmed (volâ‰Ą2.5Ă— bodyâ‰Ą30%)
12:28:47 core.sweep_detector INFO: OrderBlocks: 5 detected, 0 unmitigated
12:28:47 core.sweep_detector INFO: FVGs: 5 detected, 2 unfilled
12:28:49 core.sweep_detector INFO: SweepDetector v2: 0 raw â†’ 0 confirmed (volâ‰Ą2.5Ă— bodyâ‰Ą30%)
12:28:49 core.sweep_detector INFO: OrderBlocks: 7 detected, 3 unmitigated
12:28:49 core.sweep_detector INFO: FVGs: 9 detected, 2 unfilled
12:28:51 core.sweep_detector INFO: SweepDetector v2: 0 raw â†’ 0 confirmed (volâ‰Ą2.5Ă— bodyâ‰Ą30%)
12:28:51 core.sweep_detector INFO: OrderBlocks: 11 detected, 0 unmitigated
12:28:51 core.sweep_detector INFO: FVGs: 6 detected, 0 unfilled
12:28:52 core.sweep_detector INFO: SweepDetector v2: 3 raw â†’ 3 confirmed (volâ‰Ą2.5Ă— bodyâ‰Ą30%)
12:28:52 core.sweep_detector INFO: OrderBlocks: 5 detected, 1 unmitigated
12:28:52 core.sweep_detector INFO: FVGs: 5 detected, 3 unfilled
12:28:54 core.sweep_detector INFO: SweepDetector v2: 2 raw â†’ 2 confirmed (volâ‰Ą2.5Ă— bodyâ‰Ą30%)
12:28:54 core.sweep_detector INFO: OrderBlocks: 5 detected, 1 unmitigated
12:28:54 core.sweep_detector INFO: FVGs: 5 detected, 3 unfilled
12:28:56 core.sweep_detector INFO: SweepDetector v2: 1 raw â†’ 1 confirmed (volâ‰Ą2.5Ă— bodyâ‰Ą30%)
12:28:56 core.sweep_detector INFO: OrderBlocks: 3 detected, 1 unmitigated
12:28:56 core.sweep_detector INFO: FVGs: 4 detected, 1 unfilled
12:28:58 core.sweep_detector INFO: SweepDetector v2: 2 raw â†’ 2 confirmed (volâ‰Ą2.5Ă— bodyâ‰Ą30%)
12:28:58 core.sweep_detector INFO: OrderBlocks: 4 detected, 0 unmitigated
12:28:58 core.sweep_detector INFO: FVGs: 5 detected, 0 unfilled
/root/.openclaw/workspace/projects/crypto-liquidity-hunter/main.py:555: DeprecationWarning: datetime.datetime.utcnow() is deprecated and scheduled for removal in a future version. Use timezone-aware objects to represent datetimes in UTC: datetime.datetime.now(datetime.UTC).
  scan_end     = datetime.utcnow()

=== SCAN ALL: 99 pairs, 3 timeframes ===
Total signals generated: 0
