12:00:02 __main__ INFO: Volume filter: fetching all tickers in one call...
12:00:04 __main__ INFO: Volume filter: 139/447 pairs pass $1M threshold
/root/.openclaw/workspace/projects/crypto-liquidity-hunter/main.py:292: DeprecationWarning: datetime.datetime.utcnow() is deprecated and scheduled for removal in a future version. Use timezone-aware objects to represent datetimes in UTC: datetime.datetime.now(datetime.UTC).
  scan_start = datetime.utcnow()   # for duration tracking
12:00:06 core.binance_connector INFO: BinanceConnector: connected [LIVE FUTURES]
12:00:06 __main__ INFO: Auto-executor: account 'Liquiddbot1' mode=live exec=auto
12:00:08 core.sweep_detector INFO: SweepDetector v2: 3 raw → 2 confirmed (vol≥1.5× body≥40%)
12:00:08 core.sweep_detector INFO: OrderBlocks: 8 detected, 0 unmitigated
12:00:08 core.sweep_detector INFO: FVGs: 12 detected, 2 unfilled
12:00:10 core.sweep_detector INFO: SweepDetector v2: 7 raw → 6 confirmed (vol≥1.5× body≥40%)
12:00:10 core.sweep_detector INFO: OrderBlocks: 3 detected, 2 unmitigated
12:00:10 core.sweep_detector INFO: FVGs: 13 detected, 6 unfilled
12:00:12 core.sweep_detector INFO: SweepDetector v2: 3 raw → 2 confirmed (vol≥1.5× body≥40%)
12:00:12 core.sweep_detector INFO: OrderBlocks: 2 detected, 0 unmitigated
12:00:12 core.sweep_detector INFO: FVGs: 7 detected, 2 unfilled
12:00:14 core.sweep_detector INFO: SweepDetector v2: 4 raw → 3 confirmed (vol≥1.5× body≥40%)
12:00:14 core.sweep_detector INFO: OrderBlocks: 10 detected, 4 unmitigated
12:00:14 core.sweep_detector INFO: FVGs: 12 detected, 7 unfilled
12:00:15 core.sweep_detector INFO: SweepDetector v2: 5 raw → 4 confirmed (vol≥1.5× body≥40%)
12:00:15 core.sweep_detector INFO: OrderBlocks: 2 detected, 0 unmitigated
12:00:15 core.sweep_detector INFO: FVGs: 7 detected, 3 unfilled
12:00:17 core.sweep_detector INFO: SweepDetector v2: 4 raw → 1 confirmed (vol≥1.5× body≥40%)
12:00:17 core.sweep_detector INFO: OrderBlocks: 7 detected, 2 unmitigated
12:00:17 core.sweep_detector INFO: FVGs: 7 detected, 3 unfilled
12:00:19 core.sweep_detector INFO: SweepDetector v2: 3 raw → 2 confirmed (vol≥1.5× body≥40%)
12:00:19 core.sweep_detector INFO: OrderBlocks: 7 detected, 0 unmitigated
12:00:19 core.sweep_detector INFO: FVGs: 10 detected, 4 unfilled
12:00:21 core.sweep_detector INFO: SweepDetector v2: 5 raw → 2 confirmed (vol≥1.5× body≥40%)
12:00:21 core.sweep_detector INFO: OrderBlocks: 2 detected, 1 unmitigated
12:00:21 core.sweep_detector INFO: FVGs: 4 detected, 2 unfilled
12:00:22 core.sweep_detector INFO: SweepDetector v2: 2 raw → 2 confirmed (vol≥1.5× body≥40%)
12:00:22 core.sweep_detector INFO: OrderBlocks: 3 detected, 0 unmitigated
12:00:22 core.sweep_detector INFO: FVGs: 3 detected, 1 unfilled
12:00:24 core.sweep_detector INFO: SweepDetector v2: 3 raw → 2 confirmed (vol≥1.5× body≥40%)
12:00:24 core.sweep_detector INFO: OrderBlocks: 2 detected, 1 unmitigated
12:00:24 core.sweep_detector INFO: FVGs: 4 detected, 3 unfilled
12:00:26 core.sweep_detector INFO: SweepDetector v2: 1 raw → 0 confirmed (vol≥1.5× body≥40%)
12:00:26 core.sweep_detector INFO: OrderBlocks: 2 detected, 0 unmitigated
12:00:26 core.sweep_detector INFO: FVGs: 7 detected, 2 unfilled
12:00:28 core.sweep_detector INFO: SweepDetector v2: 6 raw → 2 confirmed (vol≥1.5× body≥40%)
12:00:28 core.sweep_detector INFO: OrderBlocks: 0 detected, 0 unmitigated
12:00:28 core.sweep_detector INFO: FVGs: 5 detected, 2 unfilled
12:00:30 core.sweep_detector INFO: SweepDetector v2: 1 raw → 1 confirmed (vol≥1.5× body≥40%)
12:00:30 core.sweep_detector INFO: OrderBlocks: 5 detected, 0 unmitigated
12:00:30 core.sweep_detector INFO: FVGs: 5 detected, 1 unfilled
12:00:31 core.sweep_detector INFO: SweepDetector v2: 3 raw → 2 confirmed (vol≥1.5× body≥40%)
12:00:31 core.sweep_detector INFO: OrderBlocks: 5 detected, 2 unmitigated
12:00:31 core.sweep_detector INFO: FVGs: 4 detected, 1 unfilled
12:00:33 core.sweep_detector INFO: SweepDetector v2: 4 raw → 4 confirmed (vol≥1.5× body≥40%)
12:00:33 core.sweep_detector INFO: OrderBlocks: 3 detected, 1 unmitigated
12:00:33 core.sweep_detector INFO: FVGs: 6 detected, 3 unfilled
12:00:35 core.sweep_detector INFO: SweepDetector v2: 4 raw → 2 confirmed (vol≥1.5× body≥40%)
12:00:35 core.sweep_detector INFO: OrderBlocks: 6 detected, 2 unmitigated
12:00:35 core.sweep_detector INFO: FVGs: 8 detected, 1 unfilled
12:00:36 core.sweep_detector INFO: SweepDetector v2: 2 raw → 1 confirmed (vol≥1.5× body≥40%)
12:00:36 core.sweep_detector INFO: OrderBlocks: 4 detected, 2 unmitigated
12:00:36 core.sweep_detector INFO: FVGs: 6 detected, 3 unfilled
12:00:38 core.sweep_detector INFO: SweepDetector v2: 2 raw → 2 confirmed (vol≥1.5× body≥40%)
12:00:38 core.sweep_detector INFO: OrderBlocks: 3 detected, 2 unmitigated
12:00:38 core.sweep_detector INFO: FVGs: 9 detected, 6 unfilled
12:00:40 core.sweep_detector INFO: SweepDetector v2: 5 raw → 3 confirmed (vol≥1.5× body≥40%)
12:00:40 core.sweep_detector INFO: OrderBlocks: 7 detected, 2 unmitigated
12:00:40 core.sweep_detector INFO: FVGs: 9 detected, 3 unfilled
12:00:41 core.sweep_detector INFO: SweepDetector v2: 4 raw → 3 confirmed (vol≥1.5× body≥40%)
12:00:41 core.sweep_detector INFO: OrderBlocks: 1 detected, 0 unmitigated
12:00:41 core.sweep_detector INFO: FVGs: 9 detected, 4 unfilled
12:00:43 core.sweep_detector INFO: SweepDetector v2: 3 raw → 2 confirmed (vol≥1.5× body≥40%)
12:00:43 core.sweep_detector INFO: OrderBlocks: 2 detected, 0 unmitigated
12:00:43 core.sweep_detector INFO: FVGs: 10 detected, 4 unfilled
12:00:45 core.sweep_detector INFO: SweepDetector v2: 3 raw → 1 confirmed (vol≥1.5× body≥40%)
12:00:45 core.sweep_detector INFO: OrderBlocks: 4 detected, 2 unmitigated
12:00:45 core.sweep_detector INFO: FVGs: 6 detected, 2 unfilled
12:00:46 core.sweep_detector INFO: SweepDetector v2: 1 raw → 0 confirmed (vol≥1.5× body≥40%)
12:00:46 core.sweep_detector INFO: OrderBlocks: 1 detected, 0 unmitigated
12:00:46 core.sweep_detector INFO: FVGs: 3 detected, 0 unfilled
12:00:49 core.sweep_detector INFO: SweepDetector v2: 2 raw → 1 confirmed (vol≥1.5× body≥40%)
12:00:49 core.sweep_detector INFO: OrderBlocks: 3 detected, 0 unmitigated
12:00:49 core.sweep_detector INFO: FVGs: 5 detected, 0 unfilled
12:00:50 core.sweep_detector INFO: SweepDetector v2: 3 raw → 2 confirmed (vol≥1.5× body≥40%)
12:00:50 core.sweep_detector INFO: OrderBlocks: 5 detected, 3 unmitigated
12:00:50 core.sweep_detector INFO: FVGs: 10 detected, 5 unfilled
12:00:52 core.sweep_detector INFO: SweepDetector v2: 4 raw → 2 confirmed (vol≥1.5× body≥40%)
12:00:52 core.sweep_detector INFO: OrderBlocks: 2 detected, 1 unmitigated
12:00:52 core.sweep_detector INFO: FVGs: 3 detected, 1 unfilled
12:00:54 core.sweep_detector INFO: SweepDetector v2: 0 raw → 0 confirmed (vol≥1.5× body≥40%)
12:00:54 core.sweep_detector INFO: OrderBlocks: 0 detected, 0 unmitigated
12:00:54 core.sweep_detector INFO: FVGs: 9 detected, 2 unfilled
12:00:57 core.sweep_detector INFO: SweepDetector v2: 0 raw → 0 confirmed (vol≥1.5× body≥40%)
12:00:57 core.sweep_detector INFO: OrderBlocks: 2 detected, 0 unmitigated
12:00:57 core.sweep_detector INFO: FVGs: 2 detected, 1 unfilled
12:01:00 core.sweep_detector INFO: SweepDetector v2: 9 raw → 6 confirmed (vol≥1.5× body≥40%)
12:01:00 core.sweep_detector INFO: OrderBlocks: 0 detected, 0 unmitigated
12:01:00 core.sweep_detector INFO: FVGs: 0 detected, 0 unfilled
12:01:02 core.sweep_detector INFO: SweepDetector v2: 3 raw → 2 confirmed (vol≥1.5× body≥40%)
12:01:02 core.sweep_detector INFO: OrderBlocks: 1 detected, 0 unmitigated
12:01:02 core.sweep_detector INFO: FVGs: 0 detected, 0 unfilled
12:01:04 core.sweep_detector INFO: SweepDetector v2: 7 raw → 6 confirmed (vol≥1.5× body≥40%)
12:01:04 core.sweep_detector INFO: OrderBlocks: 7 detected, 1 unmitigated
12:01:04 core.sweep_detector INFO: FVGs: 9 detected, 2 unfilled
12:01:06 core.sweep_detector INFO: SweepDetector v2: 7 raw → 3 confirmed (vol≥1.5× body≥40%)
12:01:06 core.sweep_detector INFO: OrderBlocks: 6 detected, 2 unmitigated
12:01:06 core.sweep_detector INFO: FVGs: 7 detected, 5 unfilled
12:01:08 core.sweep_detector INFO: SweepDetector v2: 4 raw → 2 confirmed (vol≥1.5× body≥40%)
12:01:08 core.sweep_detector INFO: OrderBlocks: 7 detected, 1 unmitigated
12:01:08 core.sweep_detector INFO: FVGs: 12 detected, 3 unfilled
12:01:10 core.sweep_detector INFO: SweepDetector v2: 6 raw → 6 confirmed (vol≥1.5× body≥40%)
12:01:10 core.sweep_detector INFO: OrderBlocks: 1 detected, 0 unmitigated
12:01:10 core.sweep_detector INFO: FVGs: 3 detected, 0 unfilled
12:01:12 core.sweep_detector INFO: SweepDetector v2: 2 raw → 2 confirmed (vol≥1.5× body≥40%)
12:01:12 core.sweep_detector INFO: OrderBlocks: 4 detected, 0 unmitigated
12:01:12 core.sweep_detector INFO: FVGs: 1 detected, 0 unfilled
12:01:14 core.sweep_detector INFO: SweepDetector v2: 3 raw → 2 confirmed (vol≥1.5× body≥40%)
12:01:14 core.sweep_detector INFO: OrderBlocks: 1 detected, 0 unmitigated
12:01:14 core.sweep_detector INFO: FVGs: 3 detected, 1 unfilled
12:01:16 core.sweep_detector INFO: SweepDetector v2: 6 raw → 4 confirmed (vol≥1.5× body≥40%)
12:01:16 core.sweep_detector INFO: OrderBlocks: 7 detected, 2 unmitigated
12:01:16 core.sweep_detector INFO: FVGs: 9 detected, 5 unfilled
12:01:18 core.sweep_detector INFO: SweepDetector v2: 2 raw → 2 confirmed (vol≥1.5× body≥40%)
12:01:18 core.sweep_detector INFO: OrderBlocks: 4 detected, 0 unmitigated
12:01:18 core.sweep_detector INFO: FVGs: 3 detected, 1 unfilled
12:01:20 core.sweep_detector INFO: SweepDetector v2: 4 raw → 3 confirmed (vol≥1.5× body≥40%)
12:01:20 core.sweep_detector INFO: OrderBlocks: 2 detected, 1 unmitigated
12:01:20 core.sweep_detector INFO: FVGs: 4 detected, 0 unfilled
12:01:23 core.sweep_detector INFO: SweepDetector v2: 9 raw → 6 confirmed (vol≥1.5× body≥40%)
12:01:23 core.sweep_detector INFO: OrderBlocks: 3 detected, 1 unmitigated
12:01:23 core.sweep_detector INFO: FVGs: 12 detected, 6 unfilled
12:01:25 core.sweep_detector INFO: SweepDetector v2: 4 raw → 3 confirmed (vol≥1.5× body≥40%)
12:01:25 core.sweep_detector INFO: OrderBlocks: 2 detected, 1 unmitigated
12:01:25 core.sweep_detector INFO: FVGs: 5 detected, 1 unfilled
12:01:27 core.sweep_detector INFO: SweepDetector v2: 2 raw → 2 confirmed (vol≥1.5× body≥40%)
12:01:27 core.sweep_detector INFO: OrderBlocks: 2 detected, 1 unmitigated
12:01:27 core.sweep_detector INFO: FVGs: 2 detected, 1 unfilled
12:01:30 core.sweep_detector INFO: SweepDetector v2: 7 raw → 7 confirmed (vol≥1.5× body≥40%)
12:01:30 core.sweep_detector INFO: OrderBlocks: 6 detected, 1 unmitigated
12:01:30 core.sweep_detector INFO: FVGs: 12 detected, 2 unfilled
12:01:31 core.sweep_detector INFO: SweepDetector v2: 2 raw → 0 confirmed (vol≥1.5× body≥40%)
12:01:31 core.sweep_detector INFO: OrderBlocks: 2 detected, 1 unmitigated
12:01:31 core.sweep_detector INFO: FVGs: 8 detected, 3 unfilled
12:01:34 core.sweep_detector INFO: SweepDetector v2: 1 raw → 1 confirmed (vol≥1.5× body≥40%)
12:01:34 core.sweep_detector INFO: OrderBlocks: 7 detected, 0 unmitigated
12:01:34 core.sweep_detector INFO: FVGs: 10 detected, 1 unfilled
12:01:36 core.sweep_detector INFO: SweepDetector v2: 6 raw → 4 confirmed (vol≥1.5× body≥40%)
12:01:36 core.sweep_detector INFO: OrderBlocks: 6 detected, 3 unmitigated
12:01:36 core.sweep_detector INFO: FVGs: 8 detected, 4 unfilled
12:01:38 core.sweep_detector INFO: SweepDetector v2: 2 raw → 1 confirmed (vol≥1.5× body≥40%)
12:01:38 core.sweep_detector INFO: OrderBlocks: 4 detected, 2 unmitigated
12:01:38 core.sweep_detector INFO: FVGs: 8 detected, 3 unfilled
12:01:40 core.sweep_detector INFO: SweepDetector v2: 2 raw → 2 confirmed (vol≥1.5× body≥40%)
12:01:40 core.sweep_detector INFO: OrderBlocks: 5 detected, 3 unmitigated
12:01:40 core.sweep_detector INFO: FVGs: 4 detected, 1 unfilled
12:01:42 core.sweep_detector INFO: SweepDetector v2: 5 raw → 4 confirmed (vol≥1.5× body≥40%)
12:01:42 core.sweep_detector INFO: OrderBlocks: 2 detected, 2 unmitigated
12:01:42 core.sweep_detector INFO: FVGs: 15 detected, 4 unfilled
12:01:44 core.sweep_detector INFO: SweepDetector v2: 6 raw → 4 confirmed (vol≥1.5× body≥40%)
12:01:44 core.sweep_detector INFO: OrderBlocks: 9 detected, 2 unmitigated
12:01:44 core.sweep_detector INFO: FVGs: 15 detected, 4 unfilled
12:01:47 core.sweep_detector INFO: SweepDetector v2: 2 raw → 1 confirmed (vol≥1.5× body≥40%)
12:01:47 core.sweep_detector INFO: OrderBlocks: 6 detected, 2 unmitigated
12:01:47 core.sweep_detector INFO: FVGs: 11 detected, 4 unfilled
12:01:49 core.sweep_detector INFO: SweepDetector v2: 1 raw → 1 confirmed (vol≥1.5× body≥40%)
12:01:49 core.sweep_detector INFO: OrderBlocks: 2 detected, 1 unmitigated
12:01:49 core.sweep_detector INFO: FVGs: 4 detected, 0 unfilled
12:01:51 core.sweep_detector INFO: SweepDetector v2: 4 raw → 4 confirmed (vol≥1.5× body≥40%)
12:01:51 core.sweep_detector INFO: OrderBlocks: 1 detected, 0 unmitigated
12:01:51 core.sweep_detector INFO: FVGs: 5 detected, 2 unfilled
12:01:53 core.sweep_detector INFO: SweepDetector v2: 3 raw → 1 confirmed (vol≥1.5× body≥40%)
12:01:53 core.sweep_detector INFO: OrderBlocks: 5 detected, 0 unmitigated
12:01:53 core.sweep_detector INFO: FVGs: 1 detected, 0 unfilled
12:01:55 core.sweep_detector INFO: SweepDetector v2: 0 raw → 0 confirmed (vol≥1.5× body≥40%)
12:01:55 core.sweep_detector INFO: OrderBlocks: 0 detected, 0 unmitigated
12:01:55 core.sweep_detector INFO: FVGs: 0 detected, 0 unfilled
12:01:57 core.sweep_detector INFO: SweepDetector v2: 0 raw → 0 confirmed (vol≥1.5× body≥40%)
12:01:57 core.sweep_detector INFO: OrderBlocks: 1 detected, 0 unmitigated
12:01:57 core.sweep_detector INFO: FVGs: 0 detected, 0 unfilled
12:01:59 core.sweep_detector INFO: SweepDetector v2: 0 raw → 0 confirmed (vol≥1.5× body≥40%)
12:01:59 core.sweep_detector INFO: OrderBlocks: 0 detected, 0 unmitigated
12:01:59 core.sweep_detector INFO: FVGs: 0 detected, 0 unfilled
12:02:02 core.sweep_detector INFO: SweepDetector v2: 8 raw → 7 confirmed (vol≥1.5× body≥40%)
12:02:02 core.sweep_detector INFO: OrderBlocks: 4 detected, 2 unmitigated
12:02:02 core.sweep_detector INFO: FVGs: 3 detected, 1 unfilled
12:02:04 core.sweep_detector INFO: SweepDetector v2: 7 raw → 6 confirmed (vol≥1.5× body≥40%)
12:02:04 core.sweep_detector INFO: OrderBlocks: 4 detected, 1 unmitigated
12:02:04 core.sweep_detector INFO: FVGs: 6 detected, 2 unfilled
12:02:06 core.sweep_detector INFO: SweepDetector v2: 4 raw → 2 confirmed (vol≥1.5× body≥40%)
12:02:06 core.sweep_detector INFO: OrderBlocks: 1 detected, 1 unmitigated
12:02:06 core.sweep_detector INFO: FVGs: 10 detected, 6 unfilled
12:02:08 core.sweep_detector INFO: SweepDetector v2: 2 raw → 2 confirmed (vol≥1.5× body≥40%)
12:02:08 core.sweep_detector INFO: OrderBlocks: 7 detected, 3 unmitigated
12:02:08 core.sweep_detector INFO: FVGs: 5 detected, 4 unfilled
12:02:10 core.sweep_detector INFO: SweepDetector v2: 3 raw → 0 confirmed (vol≥1.5× body≥40%)
12:02:10 core.sweep_detector INFO: OrderBlocks: 2 detected, 1 unmitigated
12:02:10 core.sweep_detector INFO: FVGs: 0 detected, 0 unfilled
12:02:12 core.sweep_detector INFO: SweepDetector v2: 3 raw → 3 confirmed (vol≥1.5× body≥40%)
12:02:12 core.sweep_detector INFO: OrderBlocks: 0 detected, 0 unmitigated
12:02:12 core.sweep_detector INFO: FVGs: 2 detected, 1 unfilled
12:02:15 core.sweep_detector INFO: SweepDetector v2: 4 raw → 3 confirmed (vol≥1.5× body≥40%)
12:02:15 core.sweep_detector INFO: OrderBlocks: 7 detected, 4 unmitigated
12:02:15 core.sweep_detector INFO: FVGs: 10 detected, 4 unfilled
12:02:17 core.sweep_detector INFO: SweepDetector v2: 3 raw → 2 confirmed (vol≥1.5× body≥40%)
12:02:17 core.sweep_detector INFO: OrderBlocks: 3 detected, 1 unmitigated
12:02:17 core.sweep_detector INFO: FVGs: 4 detected, 0 unfilled
12:02:19 core.sweep_detector INFO: SweepDetector v2: 3 raw → 3 confirmed (vol≥1.5× body≥40%)
12:02:19 core.sweep_detector INFO: OrderBlocks: 5 detected, 1 unmitigated
12:02:19 core.sweep_detector INFO: FVGs: 0 detected, 0 unfilled
12:02:22 core.sweep_detector INFO: SweepDetector v2: 3 raw → 2 confirmed (vol≥1.5× body≥40%)
12:02:22 core.sweep_detector INFO: OrderBlocks: 6 detected, 0 unmitigated
12:02:22 core.sweep_detector INFO: FVGs: 7 detected, 3 unfilled
12:02:24 core.sweep_detector INFO: SweepDetector v2: 4 raw → 3 confirmed (vol≥1.5× body≥40%)
12:02:24 core.sweep_detector INFO: OrderBlocks: 2 detected, 0 unmitigated
12:02:24 core.sweep_detector INFO: FVGs: 6 detected, 1 unfilled
12:02:26 core.sweep_detector INFO: SweepDetector v2: 2 raw → 2 confirmed (vol≥1.5× body≥40%)
12:02:26 core.sweep_detector INFO: OrderBlocks: 2 detected, 0 unmitigated
12:02:26 core.sweep_detector INFO: FVGs: 3 detected, 0 unfilled
12:02:28 core.sweep_detector INFO: SweepDetector v2: 4 raw → 3 confirmed (vol≥1.5× body≥40%)
12:02:28 core.sweep_detector INFO: OrderBlocks: 4 detected, 2 unmitigated
12:02:28 core.sweep_detector INFO: FVGs: 7 detected, 2 unfilled
12:02:30 core.sweep_detector INFO: SweepDetector v2: 3 raw → 2 confirmed (vol≥1.5× body≥40%)
12:02:30 core.sweep_detector INFO: OrderBlocks: 3 detected, 1 unmitigated
12:02:30 core.sweep_detector INFO: FVGs: 6 detected, 1 unfilled
12:02:32 core.sweep_detector INFO: SweepDetector v2: 3 raw → 2 confirmed (vol≥1.5× body≥40%)
12:02:32 core.sweep_detector INFO: OrderBlocks: 7 detected, 2 unmitigated
12:02:32 core.sweep_detector INFO: FVGs: 3 detected, 1 unfilled
12:02:34 core.sweep_detector INFO: SweepDetector v2: 9 raw → 6 confirmed (vol≥1.5× body≥40%)
12:02:34 core.sweep_detector INFO: OrderBlocks: 4 detected, 2 unmitigated
12:02:34 core.sweep_detector INFO: FVGs: 10 detected, 4 unfilled
12:02:36 core.sweep_detector INFO: SweepDetector v2: 6 raw → 2 confirmed (vol≥1.5× body≥40%)
12:02:36 core.sweep_detector INFO: OrderBlocks: 3 detected, 1 unmitigated
12:02:36 core.sweep_detector INFO: FVGs: 7 detected, 2 unfilled
12:02:38 core.sweep_detector INFO: SweepDetector v2: 5 raw → 3 confirmed (vol≥1.5× body≥40%)
12:02:38 core.sweep_detector INFO: OrderBlocks: 6 detected, 1 unmitigated
12:02:38 core.sweep_detector INFO: FVGs: 12 detected, 4 unfilled
12:02:40 core.sweep_detector INFO: SweepDetector v2: 2 raw → 2 confirmed (vol≥1.5× body≥40%)
12:02:40 core.sweep_detector INFO: OrderBlocks: 7 detected, 2 unmitigated
12:02:40 core.sweep_detector INFO: FVGs: 9 detected, 2 unfilled
12:02:41 core.sweep_detector INFO: SweepDetector v2: 2 raw → 1 confirmed (vol≥1.5× body≥40%)
12:02:41 core.sweep_detector INFO: OrderBlocks: 3 detected, 2 unmitigated
12:02:41 core.sweep_detector INFO: FVGs: 4 detected, 1 unfilled
12:02:43 core.sweep_detector INFO: SweepDetector v2: 4 raw → 4 confirmed (vol≥1.5× body≥40%)
12:02:43 core.sweep_detector INFO: OrderBlocks: 1 detected, 0 unmitigated
12:02:43 core.sweep_detector INFO: FVGs: 4 detected, 0 unfilled
12:02:45 core.sweep_detector INFO: SweepDetector v2: 8 raw → 4 confirmed (vol≥1.5× body≥40%)
12:02:45 core.sweep_detector INFO: OrderBlocks: 8 detected, 0 unmitigated
12:02:45 core.sweep_detector INFO: FVGs: 9 detected, 3 unfilled
12:02:47 core.sweep_detector INFO: SweepDetector v2: 1 raw → 0 confirmed (vol≥1.5× body≥40%)
12:02:47 core.sweep_detector INFO: OrderBlocks: 6 detected, 2 unmitigated
12:02:47 core.sweep_detector INFO: FVGs: 16 detected, 5 unfilled
12:02:48 core.sweep_detector INFO: SweepDetector v2: 4 raw → 2 confirmed (vol≥1.5× body≥40%)
12:02:48 core.sweep_detector INFO: OrderBlocks: 4 detected, 2 unmitigated
12:02:48 core.sweep_detector INFO: FVGs: 12 detected, 3 unfilled
12:02:50 core.sweep_detector INFO: SweepDetector v2: 0 raw → 0 confirmed (vol≥1.5× body≥40%)
12:02:50 core.sweep_detector INFO: OrderBlocks: 5 detected, 2 unmitigated
12:02:50 core.sweep_detector INFO: FVGs: 7 detected, 3 unfilled
12:02:52 core.sweep_detector INFO: SweepDetector v2: 5 raw → 2 confirmed (vol≥1.5× body≥40%)
12:02:52 core.sweep_detector INFO: OrderBlocks: 5 detected, 3 unmitigated
12:02:52 core.sweep_detector INFO: FVGs: 7 detected, 3 unfilled
12:02:54 core.sweep_detector INFO: SweepDetector v2: 1 raw → 0 confirmed (vol≥1.5× body≥40%)
12:02:54 core.sweep_detector INFO: OrderBlocks: 8 detected, 3 unmitigated
12:02:54 core.sweep_detector INFO: FVGs: 5 detected, 3 unfilled
12:02:56 core.sweep_detector INFO: SweepDetector v2: 1 raw → 0 confirmed (vol≥1.5× body≥40%)
12:02:56 core.sweep_detector INFO: OrderBlocks: 1 detected, 1 unmitigated
12:02:56 core.sweep_detector INFO: FVGs: 7 detected, 5 unfilled
12:02:58 core.sweep_detector INFO: SweepDetector v2: 1 raw → 0 confirmed (vol≥1.5× body≥40%)
12:02:58 core.sweep_detector INFO: OrderBlocks: 6 detected, 2 unmitigated
12:02:58 core.sweep_detector INFO: FVGs: 4 detected, 2 unfilled
12:03:00 core.sweep_detector INFO: SweepDetector v2: 1 raw → 1 confirmed (vol≥1.5× body≥40%)
12:03:00 core.sweep_detector INFO: OrderBlocks: 7 detected, 2 unmitigated
12:03:00 core.sweep_detector INFO: FVGs: 7 detected, 3 unfilled
12:03:01 core.sweep_detector INFO: SweepDetector v2: 3 raw → 3 confirmed (vol≥1.5× body≥40%)
12:03:01 core.sweep_detector INFO: OrderBlocks: 6 detected, 1 unmitigated
12:03:01 core.sweep_detector INFO: FVGs: 10 detected, 5 unfilled
12:03:03 core.sweep_detector INFO: SweepDetector v2: 7 raw → 5 confirmed (vol≥1.5× body≥40%)
12:03:03 core.sweep_detector INFO: OrderBlocks: 7 detected, 5 unmitigated
12:03:03 core.sweep_detector INFO: FVGs: 12 detected, 8 unfilled
12:03:05 core.sweep_detector INFO: SweepDetector v2: 2 raw → 0 confirmed (vol≥1.5× body≥40%)
12:03:05 core.sweep_detector INFO: OrderBlocks: 11 detected, 3 unmitigated
12:03:05 core.sweep_detector INFO: FVGs: 10 detected, 4 unfilled
12:03:07 core.sweep_detector INFO: SweepDetector v2: 1 raw → 1 confirmed (vol≥1.5× body≥40%)
12:03:07 core.sweep_detector INFO: OrderBlocks: 9 detected, 2 unmitigated
12:03:07 core.sweep_detector INFO: FVGs: 14 detected, 3 unfilled
12:03:08 core.sweep_detector INFO: SweepDetector v2: 4 raw → 3 confirmed (vol≥1.5× body≥40%)
12:03:08 core.sweep_detector INFO: OrderBlocks: 3 detected, 0 unmitigated
12:03:08 core.sweep_detector INFO: FVGs: 8 detected, 2 unfilled
12:03:10 core.sweep_detector INFO: SweepDetector v2: 0 raw → 0 confirmed (vol≥1.5× body≥40%)
12:03:10 core.sweep_detector INFO: OrderBlocks: 7 detected, 4 unmitigated
12:03:10 core.sweep_detector INFO: FVGs: 6 detected, 3 unfilled
12:03:12 core.sweep_detector INFO: SweepDetector v2: 4 raw → 2 confirmed (vol≥1.5× body≥40%)
12:03:12 core.sweep_detector INFO: OrderBlocks: 7 detected, 1 unmitigated
12:03:12 core.sweep_detector INFO: FVGs: 6 detected, 1 unfilled
12:03:14 core.sweep_detector INFO: SweepDetector v2: 6 raw → 3 confirmed (vol≥1.5× body≥40%)
12:03:14 core.sweep_detector INFO: OrderBlocks: 4 detected, 2 unmitigated
12:03:14 core.sweep_detector INFO: FVGs: 9 detected, 3 unfilled
12:03:15 core.sweep_detector INFO: SweepDetector v2: 4 raw → 2 confirmed (vol≥1.5× body≥40%)
12:03:15 core.sweep_detector INFO: OrderBlocks: 6 detected, 1 unmitigated
12:03:15 core.sweep_detector INFO: FVGs: 8 detected, 2 unfilled
12:03:17 core.sweep_detector INFO: SweepDetector v2: 2 raw → 1 confirmed (vol≥1.5× body≥40%)
12:03:17 core.sweep_detector INFO: OrderBlocks: 1 detected, 0 unmitigated
12:03:17 core.sweep_detector INFO: FVGs: 5 detected, 2 unfilled
12:03:18 core.sweep_detector INFO: SweepDetector v2: 4 raw → 3 confirmed (vol≥1.5× body≥40%)
12:03:18 core.sweep_detector INFO: OrderBlocks: 6 detected, 1 unmitigated
12:03:18 core.sweep_detector INFO: FVGs: 12 detected, 3 unfilled
12:03:20 core.sweep_detector INFO: SweepDetector v2: 1 raw → 0 confirmed (vol≥1.5× body≥40%)
12:03:20 core.sweep_detector INFO: OrderBlocks: 4 detected, 1 unmitigated
12:03:20 core.sweep_detector INFO: FVGs: 8 detected, 3 unfilled
12:03:22 core.sweep_detector INFO: SweepDetector v2: 7 raw → 5 confirmed (vol≥1.5× body≥40%)
12:03:22 core.sweep_detector INFO: OrderBlocks: 8 detected, 3 unmitigated
12:03:22 core.sweep_detector INFO: FVGs: 8 detected, 4 unfilled
12:03:24 core.sweep_detector INFO: SweepDetector v2: 1 raw → 0 confirmed (vol≥1.5× body≥40%)
12:03:24 core.sweep_detector INFO: OrderBlocks: 4 detected, 2 unmitigated
12:03:24 core.sweep_detector INFO: FVGs: 6 detected, 2 unfilled
12:03:25 core.sweep_detector INFO: SweepDetector v2: 4 raw → 3 confirmed (vol≥1.5× body≥40%)
12:03:25 core.sweep_detector INFO: OrderBlocks: 7 detected, 2 unmitigated
12:03:25 core.sweep_detector INFO: FVGs: 4 detected, 1 unfilled
12:03:27 core.sweep_detector INFO: SweepDetector v2: 4 raw → 4 confirmed (vol≥1.5× body≥40%)
12:03:27 core.sweep_detector INFO: OrderBlocks: 7 detected, 1 unmitigated
12:03:27 core.sweep_detector INFO: FVGs: 11 detected, 2 unfilled
12:03:29 core.sweep_detector INFO: SweepDetector v2: 7 raw → 3 confirmed (vol≥1.5× body≥40%)
12:03:29 core.sweep_detector INFO: OrderBlocks: 2 detected, 1 unmitigated
12:03:29 core.sweep_detector INFO: FVGs: 8 detected, 3 unfilled
12:03:30 core.sweep_detector INFO: SweepDetector v2: 1 raw → 1 confirmed (vol≥1.5× body≥40%)
12:03:30 core.sweep_detector INFO: OrderBlocks: 5 detected, 1 unmitigated
12:03:30 core.sweep_detector INFO: FVGs: 2 detected, 1 unfilled
12:03:32 core.sweep_detector INFO: SweepDetector v2: 2 raw → 0 confirmed (vol≥1.5× body≥40%)
12:03:32 core.sweep_detector INFO: OrderBlocks: 4 detected, 1 unmitigated
12:03:32 core.sweep_detector INFO: FVGs: 9 detected, 2 unfilled
12:03:34 core.sweep_detector INFO: SweepDetector v2: 6 raw → 4 confirmed (vol≥1.5× body≥40%)
12:03:34 core.sweep_detector INFO: OrderBlocks: 3 detected, 2 unmitigated
12:03:34 core.sweep_detector INFO: FVGs: 4 detected, 1 unfilled
12:03:35 core.sweep_detector INFO: SweepDetector v2: 0 raw → 0 confirmed (vol≥1.5× body≥40%)
12:03:35 core.sweep_detector INFO: OrderBlocks: 4 detected, 2 unmitigated
12:03:35 core.sweep_detector INFO: FVGs: 5 detected, 3 unfilled
12:03:37 core.sweep_detector INFO: SweepDetector v2: 2 raw → 2 confirmed (vol≥1.5× body≥40%)
12:03:37 core.sweep_detector INFO: OrderBlocks: 8 detected, 4 unmitigated
12:03:37 core.sweep_detector INFO: FVGs: 12 detected, 3 unfilled
12:03:39 core.sweep_detector INFO: SweepDetector v2: 3 raw → 3 confirmed (vol≥1.5× body≥40%)
12:03:39 core.sweep_detector INFO: OrderBlocks: 6 detected, 1 unmitigated
12:03:39 core.sweep_detector INFO: FVGs: 15 detected, 2 unfilled
12:03:40 core.sweep_detector INFO: SweepDetector v2: 1 raw → 0 confirmed (vol≥1.5× body≥40%)
12:03:40 core.sweep_detector INFO: OrderBlocks: 5 detected, 2 unmitigated
12:03:40 core.sweep_detector INFO: FVGs: 10 detected, 3 unfilled
12:03:42 core.sweep_detector INFO: SweepDetector v2: 5 raw → 4 confirmed (vol≥1.5× body≥40%)
12:03:42 core.sweep_detector INFO: OrderBlocks: 8 detected, 2 unmitigated
12:03:42 core.sweep_detector INFO: FVGs: 17 detected, 5 unfilled
12:03:43 core.sweep_detector INFO: SweepDetector v2: 3 raw → 3 confirmed (vol≥1.5× body≥40%)
12:03:43 core.sweep_detector INFO: OrderBlocks: 6 detected, 2 unmitigated
12:03:43 core.sweep_detector INFO: FVGs: 10 detected, 4 unfilled
12:03:45 core.sweep_detector INFO: SweepDetector v2: 1 raw → 1 confirmed (vol≥1.5× body≥40%)
12:03:45 core.sweep_detector INFO: OrderBlocks: 5 detected, 2 unmitigated
12:03:45 core.sweep_detector INFO: FVGs: 11 detected, 6 unfilled
12:03:47 core.sweep_detector INFO: SweepDetector v2: 2 raw → 2 confirmed (vol≥1.5× body≥40%)
12:03:47 core.sweep_detector INFO: OrderBlocks: 5 detected, 2 unmitigated
12:03:47 core.sweep_detector INFO: FVGs: 7 detected, 3 unfilled
12:03:48 core.sweep_detector INFO: SweepDetector v2: 1 raw → 1 confirmed (vol≥1.5× body≥40%)
12:03:48 core.sweep_detector INFO: OrderBlocks: 2 detected, 0 unmitigated
12:03:48 core.sweep_detector INFO: FVGs: 2 detected, 1 unfilled
12:03:50 core.sweep_detector INFO: SweepDetector v2: 4 raw → 3 confirmed (vol≥1.5× body≥40%)
12:03:50 core.sweep_detector INFO: OrderBlocks: 0 detected, 0 unmitigated
12:03:50 core.sweep_detector INFO: FVGs: 2 detected, 0 unfilled
12:03:52 core.sweep_detector INFO: SweepDetector v2: 4 raw → 2 confirmed (vol≥1.5× body≥40%)
12:03:52 core.sweep_detector INFO: OrderBlocks: 5 detected, 3 unmitigated
12:03:52 core.sweep_detector INFO: FVGs: 12 detected, 4 unfilled
12:03:53 core.sweep_detector INFO: SweepDetector v2: 6 raw → 3 confirmed (vol≥1.5× body≥40%)
12:03:53 core.sweep_detector INFO: OrderBlocks: 4 detected, 0 unmitigated
12:03:53 core.sweep_detector INFO: FVGs: 7 detected, 3 unfilled
12:03:55 core.sweep_detector INFO: SweepDetector v2: 5 raw → 2 confirmed (vol≥1.5× body≥40%)
12:03:55 core.sweep_detector INFO: OrderBlocks: 3 detected, 2 unmitigated
12:03:55 core.sweep_detector INFO: FVGs: 4 detected, 1 unfilled
12:03:57 core.sweep_detector INFO: SweepDetector v2: 3 raw → 2 confirmed (vol≥1.5× body≥40%)
12:03:57 core.sweep_detector INFO: OrderBlocks: 4 detected, 0 unmitigated
12:03:57 core.sweep_detector INFO: FVGs: 8 detected, 1 unfilled
12:03:59 core.sweep_detector INFO: SweepDetector v2: 3 raw → 1 confirmed (vol≥1.5× body≥40%)
12:03:59 core.sweep_detector INFO: OrderBlocks: 8 detected, 2 unmitigated
12:03:59 core.sweep_detector INFO: FVGs: 15 detected, 1 unfilled
12:04:01 core.sweep_detector INFO: SweepDetector v2: 5 raw → 3 confirmed (vol≥1.5× body≥40%)
12:04:01 core.sweep_detector INFO: OrderBlocks: 10 detected, 4 unmitigated
12:04:01 core.sweep_detector INFO: FVGs: 13 detected, 4 unfilled
12:04:02 core.sweep_detector INFO: SweepDetector v2: 2 raw → 2 confirmed (vol≥1.5× body≥40%)
12:04:02 core.sweep_detector INFO: OrderBlocks: 6 detected, 1 unmitigated
12:04:02 core.sweep_detector INFO: FVGs: 8 detected, 3 unfilled
12:04:05 core.sweep_detector INFO: SweepDetector v2: 4 raw → 2 confirmed (vol≥1.5× body≥40%)
12:04:05 core.sweep_detector INFO: OrderBlocks: 2 detected, 1 unmitigated
12:04:05 core.sweep_detector INFO: FVGs: 4 detected, 2 unfilled
12:04:06 core.sweep_detector INFO: SweepDetector v2: 2 raw → 0 confirmed (vol≥1.5× body≥40%)
12:04:06 core.sweep_detector INFO: OrderBlocks: 5 detected, 0 unmitigated
12:04:06 core.sweep_detector INFO: FVGs: 6 detected, 1 unfilled
12:04:08 core.sweep_detector INFO: SweepDetector v2: 5 raw → 3 confirmed (vol≥1.5× body≥40%)
12:04:08 core.sweep_detector INFO: OrderBlocks: 6 detected, 1 unmitigated
12:04:08 core.sweep_detector INFO: FVGs: 8 detected, 5 unfilled
12:04:10 core.sweep_detector INFO: SweepDetector v2: 2 raw → 1 confirmed (vol≥1.5× body≥40%)
12:04:10 core.sweep_detector INFO: OrderBlocks: 1 detected, 0 unmitigated
12:04:10 core.sweep_detector INFO: FVGs: 7 detected, 1 unfilled
12:04:13 core.sweep_detector INFO: SweepDetector v2: 4 raw → 2 confirmed (vol≥1.5× body≥40%)
12:04:13 core.sweep_detector INFO: OrderBlocks: 1 detected, 1 unmitigated
12:04:13 core.sweep_detector INFO: FVGs: 7 detected, 2 unfilled
12:04:14 core.sweep_detector INFO: SweepDetector v2: 6 raw → 2 confirmed (vol≥1.5× body≥40%)
12:04:14 core.sweep_detector INFO: OrderBlocks: 5 detected, 1 unmitigated
12:04:14 core.sweep_detector INFO: FVGs: 9 detected, 3 unfilled
12:04:16 core.sweep_detector INFO: SweepDetector v2: 7 raw → 3 confirmed (vol≥1.5× body≥40%)
12:04:16 core.sweep_detector INFO: OrderBlocks: 3 detected, 2 unmitigated
12:04:16 core.sweep_detector INFO: FVGs: 8 detected, 2 unfilled
12:04:18 core.sweep_detector INFO: SweepDetector v2: 2 raw → 1 confirmed (vol≥1.5× body≥40%)
12:04:18 core.sweep_detector INFO: OrderBlocks: 3 detected, 1 unmitigated
12:04:18 core.sweep_detector INFO: FVGs: 5 detected, 1 unfilled
12:04:20 core.sweep_detector INFO: SweepDetector v2: 1 raw → 1 confirmed (vol≥1.5× body≥40%)
12:04:20 core.sweep_detector INFO: OrderBlocks: 2 detected, 2 unmitigated
12:04:20 core.sweep_detector INFO: FVGs: 10 detected, 6 unfilled
12:04:21 core.sweep_detector INFO: SweepDetector v2: 3 raw → 2 confirmed (vol≥1.5× body≥40%)
12:04:21 core.sweep_detector INFO: OrderBlocks: 3 detected, 1 unmitigated
12:04:21 core.sweep_detector INFO: FVGs: 5 detected, 1 unfilled
12:04:23 core.sweep_detector INFO: SweepDetector v2: 1 raw → 0 confirmed (vol≥1.5× body≥40%)
12:04:23 core.sweep_detector INFO: OrderBlocks: 5 detected, 1 unmitigated
12:04:23 core.sweep_detector INFO: FVGs: 14 detected, 1 unfilled
12:04:25 core.sweep_detector INFO: SweepDetector v2: 6 raw → 2 confirmed (vol≥1.5× body≥40%)
12:04:25 core.sweep_detector INFO: OrderBlocks: 3 detected, 0 unmitigated
12:04:25 core.sweep_detector INFO: FVGs: 0 detected, 0 unfilled
12:04:26 core.sweep_detector INFO: SweepDetector v2: 3 raw → 1 confirmed (vol≥1.5× body≥40%)
12:04:26 core.sweep_detector INFO: OrderBlocks: 0 detected, 0 unmitigated
12:04:26 core.sweep_detector INFO: FVGs: 0 detected, 0 unfilled
12:04:28 core.sweep_detector INFO: SweepDetector v2: 1 raw → 1 confirmed (vol≥1.5× body≥40%)
12:04:28 core.sweep_detector INFO: OrderBlocks: 0 detected, 0 unmitigated
12:04:28 core.sweep_detector INFO: FVGs: 0 detected, 0 unfilled
12:04:30 core.sweep_detector INFO: SweepDetector v2: 5 raw → 1 confirmed (vol≥1.5× body≥40%)
12:04:30 core.sweep_detector INFO: OrderBlocks: 5 detected, 0 unmitigated
12:04:30 core.sweep_detector INFO: FVGs: 0 detected, 0 unfilled
12:04:32 core.sweep_detector INFO: SweepDetector v2: 2 raw → 1 confirmed (vol≥1.5× body≥40%)
12:04:32 core.sweep_detector INFO: OrderBlocks: 2 detected, 0 unmitigated
12:04:32 core.sweep_detector INFO: FVGs: 0 detected, 0 unfilled
12:04:33 core.sweep_detector INFO: SweepDetector v2: 0 raw → 0 confirmed (vol≥1.5× body≥40%)
12:04:33 core.sweep_detector INFO: OrderBlocks: 0 detected, 0 unmitigated
12:04:33 core.sweep_detector INFO: FVGs: 0 detected, 0 unfilled
12:04:35 core.sweep_detector INFO: SweepDetector v2: 0 raw → 0 confirmed (vol≥1.5× body≥40%)
12:04:35 core.sweep_detector INFO: OrderBlocks: 0 detected, 0 unmitigated
12:04:35 core.sweep_detector INFO: FVGs: 0 detected, 0 unfilled
12:04:37 core.sweep_detector INFO: SweepDetector v2: 0 raw → 0 confirmed (vol≥1.5× body≥40%)
12:04:37 core.sweep_detector INFO: OrderBlocks: 0 detected, 0 unmitigated
12:04:37 core.sweep_detector INFO: FVGs: 0 detected, 0 unfilled
12:04:38 core.sweep_detector INFO: SweepDetector v2: 0 raw → 0 confirmed (vol≥1.5× body≥40%)
12:04:38 core.sweep_detector INFO: OrderBlocks: 0 detected, 0 unmitigated
12:04:38 core.sweep_detector INFO: FVGs: 0 detected, 0 unfilled
12:04:40 core.sweep_detector INFO: SweepDetector v2: 2 raw → 0 confirmed (vol≥1.5× body≥40%)
12:04:40 core.sweep_detector INFO: OrderBlocks: 5 detected, 2 unmitigated
12:04:40 core.sweep_detector INFO: FVGs: 11 detected, 3 unfilled
12:04:42 core.sweep_detector INFO: SweepDetector v2: 5 raw → 4 confirmed (vol≥1.5× body≥40%)
12:04:42 core.sweep_detector INFO: OrderBlocks: 5 detected, 0 unmitigated
12:04:42 core.sweep_detector INFO: FVGs: 8 detected, 1 unfilled
12:04:44 core.sweep_detector INFO: SweepDetector v2: 1 raw → 1 confirmed (vol≥1.5× body≥40%)
12:04:44 core.sweep_detector INFO: OrderBlocks: 3 detected, 1 unmitigated
12:04:44 core.sweep_detector INFO: FVGs: 7 detected, 1 unfilled
12:04:45 core.sweep_detector INFO: SweepDetector v2: 1 raw → 1 confirmed (vol≥1.5× body≥40%)
12:04:45 core.sweep_detector INFO: OrderBlocks: 8 detected, 3 unmitigated
12:04:45 core.sweep_detector INFO: FVGs: 10 detected, 3 unfilled
12:04:47 core.sweep_detector INFO: SweepDetector v2: 2 raw → 1 confirmed (vol≥1.5× body≥40%)
12:04:47 core.sweep_detector INFO: OrderBlocks: 2 detected, 2 unmitigated
12:04:47 core.sweep_detector INFO: FVGs: 7 detected, 1 unfilled
12:04:49 core.sweep_detector INFO: SweepDetector v2: 4 raw → 4 confirmed (vol≥1.5× body≥40%)
12:04:49 core.sweep_detector INFO: OrderBlocks: 6 detected, 1 unmitigated
12:04:49 core.sweep_detector INFO: FVGs: 9 detected, 3 unfilled
12:04:51 core.sweep_detector INFO: SweepDetector v2: 2 raw → 1 confirmed (vol≥1.5× body≥40%)
12:04:51 core.sweep_detector INFO: OrderBlocks: 7 detected, 2 unmitigated
12:04:51 core.sweep_detector INFO: FVGs: 11 detected, 3 unfilled
12:04:52 core.sweep_detector INFO: SweepDetector v2: 3 raw → 3 confirmed (vol≥1.5× body≥40%)
12:04:53 core.sweep_detector INFO: OrderBlocks: 4 detected, 1 unmitigated
12:04:53 core.sweep_detector INFO: FVGs: 8 detected, 4 unfilled
12:04:54 core.sweep_detector INFO: SweepDetector v2: 3 raw → 3 confirmed (vol≥1.5× body≥40%)
12:04:54 core.sweep_detector INFO: OrderBlocks: 4 detected, 1 unmitigated
12:04:54 core.sweep_detector INFO: FVGs: 3 detected, 1 unfilled
12:04:56 core.sweep_detector INFO: SweepDetector v2: 3 raw → 2 confirmed (vol≥1.5× body≥40%)
12:04:56 core.sweep_detector INFO: OrderBlocks: 5 detected, 4 unmitigated
12:04:56 core.sweep_detector INFO: FVGs: 6 detected, 4 unfilled
12:04:58 core.sweep_detector INFO: SweepDetector v2: 3 raw → 3 confirmed (vol≥1.5× body≥40%)
12:04:58 core.sweep_detector INFO: OrderBlocks: 3 detected, 1 unmitigated
12:04:58 core.sweep_detector INFO: FVGs: 1 detected, 0 unfilled
12:05:00 core.sweep_detector INFO: SweepDetector v2: 2 raw → 2 confirmed (vol≥1.5× body≥40%)
12:05:00 core.sweep_detector INFO: OrderBlocks: 0 detected, 0 unmitigated
12:05:00 core.sweep_detector INFO: FVGs: 0 detected, 0 unfilled
12:05:02 core.sweep_detector INFO: SweepDetector v2: 5 raw → 4 confirmed (vol≥1.5× body≥40%)
12:05:02 core.sweep_detector INFO: OrderBlocks: 7 detected, 2 unmitigated
12:05:02 core.sweep_detector INFO: FVGs: 7 detected, 1 unfilled
12:05:03 core.sweep_detector INFO: SweepDetector v2: 7 raw → 7 confirmed (vol≥1.5× body≥40%)
12:05:03 core.sweep_detector INFO: OrderBlocks: 2 detected, 0 unmitigated
12:05:03 core.sweep_detector INFO: FVGs: 9 detected, 4 unfilled
12:05:05 core.sweep_detector INFO: SweepDetector v2: 6 raw → 4 confirmed (vol≥1.5× body≥40%)
12:05:05 core.sweep_detector INFO: OrderBlocks: 7 detected, 2 unmitigated
12:05:05 core.sweep_detector INFO: FVGs: 9 detected, 1 unfilled
12:05:07 core.sweep_detector INFO: SweepDetector v2: 0 raw → 0 confirmed (vol≥1.5× body≥40%)
12:05:07 core.sweep_detector INFO: OrderBlocks: 6 detected, 4 unmitigated
12:05:07 core.sweep_detector INFO: FVGs: 16 detected, 6 unfilled
12:05:09 core.sweep_detector INFO: SweepDetector v2: 3 raw → 3 confirmed (vol≥1.5× body≥40%)
12:05:09 core.sweep_detector INFO: OrderBlocks: 6 detected, 3 unmitigated
12:05:09 core.sweep_detector INFO: FVGs: 15 detected, 3 unfilled
12:05:11 core.sweep_detector INFO: SweepDetector v2: 3 raw → 0 confirmed (vol≥1.5× body≥40%)
12:05:11 core.sweep_detector INFO: OrderBlocks: 7 detected, 3 unmitigated
12:05:11 core.sweep_detector INFO: FVGs: 13 detected, 5 unfilled
12:05:13 core.sweep_detector INFO: SweepDetector v2: 5 raw → 4 confirmed (vol≥1.5× body≥40%)
12:05:13 core.sweep_detector INFO: OrderBlocks: 6 detected, 2 unmitigated
12:05:13 core.sweep_detector INFO: FVGs: 9 detected, 3 unfilled
12:05:14 core.sweep_detector INFO: SweepDetector v2: 3 raw → 2 confirmed (vol≥1.5× body≥40%)
12:05:14 core.sweep_detector INFO: OrderBlocks: 2 detected, 1 unmitigated
12:05:14 core.sweep_detector INFO: FVGs: 7 detected, 2 unfilled
12:05:16 core.sweep_detector INFO: SweepDetector v2: 0 raw → 0 confirmed (vol≥1.5× body≥40%)
12:05:16 core.sweep_detector INFO: OrderBlocks: 6 detected, 1 unmitigated
12:05:16 core.sweep_detector INFO: FVGs: 5 detected, 2 unfilled
12:05:18 core.sweep_detector INFO: SweepDetector v2: 3 raw → 2 confirmed (vol≥1.5× body≥40%)
12:05:18 core.sweep_detector INFO: OrderBlocks: 8 detected, 3 unmitigated
12:05:18 core.sweep_detector INFO: FVGs: 11 detected, 4 unfilled
12:05:20 core.sweep_detector INFO: SweepDetector v2: 4 raw → 4 confirmed (vol≥1.5× body≥40%)
12:05:20 core.sweep_detector INFO: OrderBlocks: 7 detected, 2 unmitigated
12:05:20 core.sweep_detector INFO: FVGs: 20 detected, 4 unfilled
12:05:22 core.sweep_detector INFO: SweepDetector v2: 5 raw → 2 confirmed (vol≥1.5× body≥40%)
12:05:22 core.sweep_detector INFO: OrderBlocks: 8 detected, 1 unmitigated
12:05:22 core.sweep_detector INFO: FVGs: 7 detected, 1 unfilled
12:05:23 core.sweep_detector INFO: SweepDetector v2: 4 raw → 3 confirmed (vol≥1.5× body≥40%)
12:05:23 core.sweep_detector INFO: OrderBlocks: 6 detected, 3 unmitigated
12:05:23 core.sweep_detector INFO: FVGs: 16 detected, 4 unfilled
12:05:25 core.sweep_detector INFO: SweepDetector v2: 3 raw → 0 confirmed (vol≥1.5× body≥40%)
12:05:25 core.sweep_detector INFO: OrderBlocks: 10 detected, 2 unmitigated
12:05:25 core.sweep_detector INFO: FVGs: 15 detected, 6 unfilled
12:05:27 core.sweep_detector INFO: SweepDetector v2: 4 raw → 2 confirmed (vol≥1.5× body≥40%)
12:05:27 core.sweep_detector INFO: OrderBlocks: 3 detected, 2 unmitigated
12:05:27 core.sweep_detector INFO: FVGs: 8 detected, 5 unfilled
12:05:29 core.sweep_detector INFO: SweepDetector v2: 5 raw → 4 confirmed (vol≥1.5× body≥40%)
12:05:29 core.sweep_detector INFO: OrderBlocks: 9 detected, 3 unmitigated
12:05:29 core.sweep_detector INFO: FVGs: 8 detected, 4 unfilled
12:05:31 core.sweep_detector INFO: SweepDetector v2: 4 raw → 3 confirmed (vol≥1.5× body≥40%)
12:05:31 core.sweep_detector INFO: OrderBlocks: 3 detected, 1 unmitigated
12:05:31 core.sweep_detector INFO: FVGs: 5 detected, 2 unfilled
12:05:32 core.sweep_detector INFO: SweepDetector v2: 3 raw → 2 confirmed (vol≥1.5× body≥40%)
12:05:32 core.sweep_detector INFO: OrderBlocks: 6 detected, 1 unmitigated
12:05:32 core.sweep_detector INFO: FVGs: 8 detected, 2 unfilled
12:05:34 core.sweep_detector INFO: SweepDetector v2: 2 raw → 2 confirmed (vol≥1.5× body≥40%)
12:05:34 core.sweep_detector INFO: OrderBlocks: 6 detected, 3 unmitigated
12:05:34 core.sweep_detector INFO: FVGs: 8 detected, 5 unfilled
12:05:36 core.sweep_detector INFO: SweepDetector v2: 4 raw → 3 confirmed (vol≥1.5× body≥40%)
12:05:36 core.sweep_detector INFO: OrderBlocks: 3 detected, 1 unmitigated
12:05:36 core.sweep_detector INFO: FVGs: 7 detected, 3 unfilled
12:05:37 core.sweep_detector INFO: SweepDetector v2: 1 raw → 1 confirmed (vol≥1.5× body≥40%)
12:05:37 core.sweep_detector INFO: OrderBlocks: 4 detected, 0 unmitigated
12:05:37 core.sweep_detector INFO: FVGs: 7 detected, 3 unfilled
12:05:39 core.sweep_detector INFO: SweepDetector v2: 3 raw → 2 confirmed (vol≥1.5× body≥40%)
12:05:39 core.sweep_detector INFO: OrderBlocks: 3 detected, 0 unmitigated
12:05:39 core.sweep_detector INFO: FVGs: 7 detected, 0 unfilled
12:05:41 core.sweep_detector INFO: SweepDetector v2: 3 raw → 2 confirmed (vol≥1.5× body≥40%)
12:05:41 core.sweep_detector INFO: OrderBlocks: 4 detected, 0 unmitigated
12:05:41 core.sweep_detector INFO: FVGs: 4 detected, 0 unfilled
12:05:42 core.sweep_detector INFO: SweepDetector v2: 2 raw → 1 confirmed (vol≥1.5× body≥40%)
12:05:42 core.sweep_detector INFO: OrderBlocks: 4 detected, 0 unmitigated
12:05:42 core.sweep_detector INFO: FVGs: 2 detected, 0 unfilled
12:05:44 core.sweep_detector INFO: SweepDetector v2: 0 raw → 0 confirmed (vol≥1.5× body≥40%)
12:05:44 core.sweep_detector INFO: OrderBlocks: 3 detected, 1 unmitigated
12:05:44 core.sweep_detector INFO: FVGs: 12 detected, 2 unfilled
12:05:46 core.sweep_detector INFO: SweepDetector v2: 1 raw → 0 confirmed (vol≥1.5× body≥40%)
12:05:46 core.sweep_detector INFO: OrderBlocks: 4 detected, 0 unmitigated
12:05:46 core.sweep_detector INFO: FVGs: 8 detected, 1 unfilled
12:05:48 core.sweep_detector INFO: SweepDetector v2: 4 raw → 4 confirmed (vol≥1.5× body≥40%)
12:05:48 core.sweep_detector INFO: OrderBlocks: 5 detected, 2 unmitigated
12:05:48 core.sweep_detector INFO: FVGs: 5 detected, 1 unfilled
12:05:50 core.sweep_detector INFO: SweepDetector v2: 1 raw → 1 confirmed (vol≥1.5× body≥40%)
12:05:50 core.sweep_detector INFO: OrderBlocks: 7 detected, 3 unmitigated
12:05:50 core.sweep_detector INFO: FVGs: 11 detected, 6 unfilled
12:05:52 core.sweep_detector INFO: SweepDetector v2: 1 raw → 1 confirmed (vol≥1.5× body≥40%)
12:05:52 core.sweep_detector INFO: OrderBlocks: 3 detected, 2 unmitigated
12:05:52 core.sweep_detector INFO: FVGs: 12 detected, 4 unfilled
12:05:54 core.sweep_detector INFO: SweepDetector v2: 4 raw → 3 confirmed (vol≥1.5× body≥40%)
12:05:54 core.sweep_detector INFO: OrderBlocks: 9 detected, 2 unmitigated
12:05:54 core.sweep_detector INFO: FVGs: 6 detected, 1 unfilled
12:05:55 core.sweep_detector INFO: SweepDetector v2: 5 raw → 4 confirmed (vol≥1.5× body≥40%)
12:05:55 core.sweep_detector INFO: OrderBlocks: 9 detected, 3 unmitigated
12:05:55 core.sweep_detector INFO: FVGs: 11 detected, 4 unfilled
12:05:57 core.sweep_detector INFO: SweepDetector v2: 6 raw → 6 confirmed (vol≥1.5× body≥40%)
12:05:57 core.sweep_detector INFO: OrderBlocks: 3 detected, 3 unmitigated
12:05:57 core.sweep_detector INFO: FVGs: 6 detected, 4 unfilled
12:05:59 core.sweep_detector INFO: SweepDetector v2: 3 raw → 1 confirmed (vol≥1.5× body≥40%)
12:05:59 core.sweep_detector INFO: OrderBlocks: 4 detected, 3 unmitigated
12:05:59 core.sweep_detector INFO: FVGs: 14 detected, 8 unfilled
12:06:01 core.sweep_detector INFO: SweepDetector v2: 11 raw → 6 confirmed (vol≥1.5× body≥40%)
12:06:01 core.sweep_detector INFO: OrderBlocks: 7 detected, 2 unmitigated
12:06:01 core.sweep_detector INFO: FVGs: 11 detected, 8 unfilled
12:06:02 core.sweep_detector INFO: SweepDetector v2: 9 raw → 5 confirmed (vol≥1.5× body≥40%)
12:06:02 core.sweep_detector INFO: OrderBlocks: 6 detected, 1 unmitigated
12:06:02 core.sweep_detector INFO: FVGs: 8 detected, 3 unfilled
12:06:04 core.sweep_detector INFO: SweepDetector v2: 2 raw → 1 confirmed (vol≥1.5× body≥40%)
12:06:04 core.sweep_detector INFO: OrderBlocks: 7 detected, 1 unmitigated
12:06:04 core.sweep_detector INFO: FVGs: 12 detected, 5 unfilled
12:06:06 core.sweep_detector INFO: SweepDetector v2: 6 raw → 3 confirmed (vol≥1.5× body≥40%)
12:06:06 core.sweep_detector INFO: OrderBlocks: 8 detected, 2 unmitigated
12:06:06 core.sweep_detector INFO: FVGs: 7 detected, 0 unfilled
12:06:08 core.sweep_detector INFO: SweepDetector v2: 8 raw → 4 confirmed (vol≥1.5× body≥40%)
12:06:08 core.sweep_detector INFO: OrderBlocks: 4 detected, 3 unmitigated
12:06:08 core.sweep_detector INFO: FVGs: 8 detected, 3 unfilled
12:06:09 core.sweep_detector INFO: SweepDetector v2: 2 raw → 1 confirmed (vol≥1.5× body≥40%)
12:06:09 core.sweep_detector INFO: OrderBlocks: 6 detected, 1 unmitigated
12:06:09 core.sweep_detector INFO: FVGs: 5 detected, 1 unfilled
12:06:11 core.sweep_detector INFO: SweepDetector v2: 1 raw → 1 confirmed (vol≥1.5× body≥40%)
12:06:11 core.sweep_detector INFO: OrderBlocks: 8 detected, 3 unmitigated
12:06:11 core.sweep_detector INFO: FVGs: 7 detected, 2 unfilled
12:06:13 core.sweep_detector INFO: SweepDetector v2: 4 raw → 3 confirmed (vol≥1.5× body≥40%)
12:06:13 core.sweep_detector INFO: OrderBlocks: 3 detected, 1 unmitigated
12:06:13 core.sweep_detector INFO: FVGs: 6 detected, 4 unfilled
12:06:15 core.sweep_detector INFO: SweepDetector v2: 5 raw → 3 confirmed (vol≥1.5× body≥40%)
12:06:15 core.sweep_detector INFO: OrderBlocks: 1 detected, 0 unmitigated
12:06:15 core.sweep_detector INFO: FVGs: 6 detected, 0 unfilled
12:06:17 core.sweep_detector INFO: SweepDetector v2: 4 raw → 2 confirmed (vol≥1.5× body≥40%)
12:06:17 core.sweep_detector INFO: OrderBlocks: 4 detected, 2 unmitigated
12:06:17 core.sweep_detector INFO: FVGs: 8 detected, 4 unfilled
12:06:19 core.sweep_detector INFO: SweepDetector v2: 5 raw → 1 confirmed (vol≥1.5× body≥40%)
12:06:19 core.sweep_detector INFO: OrderBlocks: 3 detected, 0 unmitigated
12:06:19 core.sweep_detector INFO: FVGs: 5 detected, 1 unfilled
12:06:21 core.sweep_detector INFO: SweepDetector v2: 0 raw → 0 confirmed (vol≥1.5× body≥40%)
12:06:21 core.sweep_detector INFO: OrderBlocks: 2 detected, 0 unmitigated
12:06:21 core.sweep_detector INFO: FVGs: 3 detected, 1 unfilled
12:06:23 core.sweep_detector INFO: SweepDetector v2: 2 raw → 1 confirmed (vol≥1.5× body≥40%)
12:06:23 core.sweep_detector INFO: OrderBlocks: 7 detected, 2 unmitigated
12:06:23 core.sweep_detector INFO: FVGs: 5 detected, 2 unfilled
12:06:25 core.sweep_detector INFO: SweepDetector v2: 2 raw → 2 confirmed (vol≥1.5× body≥40%)
12:06:25 core.sweep_detector INFO: OrderBlocks: 0 detected, 0 unmitigated
12:06:25 core.sweep_detector INFO: FVGs: 5 detected, 1 unfilled
12:06:27 core.sweep_detector INFO: SweepDetector v2: 1 raw → 1 confirmed (vol≥1.5× body≥40%)
12:06:27 core.sweep_detector INFO: OrderBlocks: 5 detected, 2 unmitigated
12:06:27 core.sweep_detector INFO: FVGs: 1 detected, 0 unfilled
12:06:28 core.sweep_detector INFO: SweepDetector v2: 7 raw → 3 confirmed (vol≥1.5× body≥40%)
12:06:28 core.sweep_detector INFO: OrderBlocks: 5 detected, 2 unmitigated
12:06:28 core.sweep_detector INFO: FVGs: 8 detected, 3 unfilled
12:06:30 core.sweep_detector INFO: SweepDetector v2: 1 raw → 1 confirmed (vol≥1.5× body≥40%)
12:06:30 core.sweep_detector INFO: OrderBlocks: 3 detected, 2 unmitigated
12:06:30 core.sweep_detector INFO: FVGs: 6 detected, 3 unfilled
12:06:32 core.sweep_detector INFO: SweepDetector v2: 1 raw → 1 confirmed (vol≥1.5× body≥40%)
12:06:32 core.sweep_detector INFO: OrderBlocks: 1 detected, 0 unmitigated
12:06:32 core.sweep_detector INFO: FVGs: 5 detected, 1 unfilled
12:06:34 core.sweep_detector INFO: SweepDetector v2: 1 raw → 1 confirmed (vol≥1.5× body≥40%)
12:06:34 core.sweep_detector INFO: OrderBlocks: 6 detected, 0 unmitigated
12:06:34 core.sweep_detector INFO: FVGs: 9 detected, 2 unfilled
12:06:36 core.sweep_detector INFO: SweepDetector v2: 6 raw → 5 confirmed (vol≥1.5× body≥40%)
12:06:36 core.sweep_detector INFO: OrderBlocks: 0 detected, 0 unmitigated
12:06:36 core.sweep_detector INFO: FVGs: 8 detected, 5 unfilled
12:06:38 core.sweep_detector INFO: SweepDetector v2: 4 raw → 3 confirmed (vol≥1.5× body≥40%)
12:06:38 core.sweep_detector INFO: OrderBlocks: 5 detected, 1 unmitigated
12:06:38 core.sweep_detector INFO: FVGs: 9 detected, 3 unfilled
12:06:40 core.sweep_detector INFO: SweepDetector v2: 2 raw → 1 confirmed (vol≥1.5× body≥40%)
12:06:40 core.sweep_detector INFO: OrderBlocks: 8 detected, 2 unmitigated
12:06:40 core.sweep_detector INFO: FVGs: 4 detected, 3 unfilled
12:06:42 core.sweep_detector INFO: SweepDetector v2: 4 raw → 2 confirmed (vol≥1.5× body≥40%)
12:06:42 core.sweep_detector INFO: OrderBlocks: 2 detected, 0 unmitigated
12:06:42 core.sweep_detector INFO: FVGs: 4 detected, 2 unfilled
12:06:44 core.sweep_detector INFO: SweepDetector v2: 0 raw → 0 confirmed (vol≥1.5× body≥40%)
12:06:44 core.sweep_detector INFO: OrderBlocks: 5 detected, 1 unmitigated
12:06:44 core.sweep_detector INFO: FVGs: 4 detected, 2 unfilled
12:06:46 core.sweep_detector INFO: SweepDetector v2: 3 raw → 3 confirmed (vol≥1.5× body≥40%)
12:06:46 core.sweep_detector INFO: OrderBlocks: 8 detected, 3 unmitigated
12:06:46 core.sweep_detector INFO: FVGs: 9 detected, 6 unfilled
12:06:49 core.sweep_detector INFO: SweepDetector v2: 5 raw → 3 confirmed (vol≥1.5× body≥40%)
12:06:49 core.sweep_detector INFO: OrderBlocks: 3 detected, 0 unmitigated
12:06:49 core.sweep_detector INFO: FVGs: 6 detected, 1 unfilled
12:06:51 core.sweep_detector INFO: SweepDetector v2: 4 raw → 1 confirmed (vol≥1.5× body≥40%)
12:06:51 core.sweep_detector INFO: OrderBlocks: 6 detected, 0 unmitigated
12:06:51 core.sweep_detector INFO: FVGs: 5 detected, 0 unfilled
12:06:53 core.sweep_detector INFO: SweepDetector v2: 0 raw → 0 confirmed (vol≥1.5× body≥40%)
12:06:53 core.sweep_detector INFO: OrderBlocks: 2 detected, 0 unmitigated
12:06:53 core.sweep_detector INFO: FVGs: 12 detected, 4 unfilled
12:06:55 core.sweep_detector INFO: SweepDetector v2: 5 raw → 2 confirmed (vol≥1.5× body≥40%)
12:06:55 core.sweep_detector INFO: OrderBlocks: 8 detected, 3 unmitigated
12:06:55 core.sweep_detector INFO: FVGs: 10 detected, 5 unfilled
12:06:56 core.sweep_detector INFO: SweepDetector v2: 2 raw → 0 confirmed (vol≥1.5× body≥40%)
12:06:56 core.sweep_detector INFO: OrderBlocks: 4 detected, 1 unmitigated
12:06:56 core.sweep_detector INFO: FVGs: 11 detected, 4 unfilled
12:06:58 core.sweep_detector INFO: SweepDetector v2: 6 raw → 3 confirmed (vol≥1.5× body≥40%)
12:06:58 core.sweep_detector INFO: OrderBlocks: 10 detected, 2 unmitigated
12:06:58 core.sweep_detector INFO: FVGs: 12 detected, 2 unfilled
12:07:00 core.sweep_detector INFO: SweepDetector v2: 3 raw → 2 confirmed (vol≥1.5× body≥40%)
12:07:00 core.sweep_detector INFO: OrderBlocks: 8 detected, 2 unmitigated
12:07:00 core.sweep_detector INFO: FVGs: 10 detected, 4 unfilled
12:07:02 core.sweep_detector INFO: SweepDetector v2: 3 raw → 1 confirmed (vol≥1.5× body≥40%)
12:07:02 core.sweep_detector INFO: OrderBlocks: 2 detected, 0 unmitigated
12:07:02 core.sweep_detector INFO: FVGs: 9 detected, 2 unfilled
12:07:04 core.sweep_detector INFO: SweepDetector v2: 6 raw → 4 confirmed (vol≥1.5× body≥40%)
12:07:04 core.sweep_detector INFO: OrderBlocks: 6 detected, 1 unmitigated
12:07:04 core.sweep_detector INFO: FVGs: 9 detected, 4 unfilled
12:07:06 core.sweep_detector INFO: SweepDetector v2: 5 raw → 2 confirmed (vol≥1.5× body≥40%)
12:07:06 core.sweep_detector INFO: OrderBlocks: 7 detected, 2 unmitigated
12:07:06 core.sweep_detector INFO: FVGs: 6 detected, 4 unfilled
12:07:08 core.sweep_detector INFO: SweepDetector v2: 4 raw → 2 confirmed (vol≥1.5× body≥40%)
12:07:08 core.sweep_detector INFO: OrderBlocks: 11 detected, 2 unmitigated
12:07:08 core.sweep_detector INFO: FVGs: 10 detected, 3 unfilled
12:07:10 core.sweep_detector INFO: SweepDetector v2: 3 raw → 2 confirmed (vol≥1.5× body≥40%)
12:07:10 core.sweep_detector INFO: OrderBlocks: 14 detected, 2 unmitigated
12:07:10 core.sweep_detector INFO: FVGs: 14 detected, 1 unfilled
12:07:12 core.sweep_detector INFO: SweepDetector v2: 4 raw → 3 confirmed (vol≥1.5× body≥40%)
12:07:12 core.sweep_detector INFO: OrderBlocks: 2 detected, 1 unmitigated
12:07:12 core.sweep_detector INFO: FVGs: 6 detected, 1 unfilled
12:07:13 core.sweep_detector INFO: SweepDetector v2: 6 raw → 2 confirmed (vol≥1.5× body≥40%)
12:07:13 core.sweep_detector INFO: OrderBlocks: 1 detected, 0 unmitigated
12:07:13 core.sweep_detector INFO: FVGs: 3 detected, 1 unfilled
12:07:15 core.sweep_detector INFO: SweepDetector v2: 6 raw → 3 confirmed (vol≥1.5× body≥40%)
12:07:15 core.sweep_detector INFO: OrderBlocks: 6 detected, 4 unmitigated
12:07:15 core.sweep_detector INFO: FVGs: 12 detected, 5 unfilled
12:07:17 core.sweep_detector INFO: SweepDetector v2: 5 raw → 4 confirmed (vol≥1.5× body≥40%)
12:07:17 core.sweep_detector INFO: OrderBlocks: 5 detected, 1 unmitigated
12:07:17 core.sweep_detector INFO: FVGs: 9 detected, 5 unfilled
12:07:18 core.sweep_detector INFO: SweepDetector v2: 2 raw → 1 confirmed (vol≥1.5× body≥40%)
12:07:18 core.sweep_detector INFO: OrderBlocks: 5 detected, 2 unmitigated
12:07:18 core.sweep_detector INFO: FVGs: 8 detected, 3 unfilled
12:07:20 core.sweep_detector INFO: SweepDetector v2: 3 raw → 2 confirmed (vol≥1.5× body≥40%)
12:07:20 core.sweep_detector INFO: OrderBlocks: 5 detected, 4 unmitigated
12:07:20 core.sweep_detector INFO: FVGs: 7 detected, 3 unfilled
12:07:23 core.sweep_detector INFO: SweepDetector v2: 3 raw → 3 confirmed (vol≥1.5× body≥40%)
12:07:23 core.sweep_detector INFO: OrderBlocks: 1 detected, 0 unmitigated
12:07:23 core.sweep_detector INFO: FVGs: 4 detected, 1 unfilled
12:07:25 core.sweep_detector INFO: SweepDetector v2: 3 raw → 2 confirmed (vol≥1.5× body≥40%)
12:07:25 core.sweep_detector INFO: OrderBlocks: 2 detected, 1 unmitigated
12:07:25 core.sweep_detector INFO: FVGs: 6 detected, 2 unfilled
12:07:27 core.sweep_detector INFO: SweepDetector v2: 2 raw → 1 confirmed (vol≥1.5× body≥40%)
12:07:27 core.sweep_detector INFO: OrderBlocks: 7 detected, 2 unmitigated
12:07:27 core.sweep_detector INFO: FVGs: 11 detected, 4 unfilled
12:07:29 core.sweep_detector INFO: SweepDetector v2: 5 raw → 3 confirmed (vol≥1.5× body≥40%)
12:07:29 core.sweep_detector INFO: OrderBlocks: 5 detected, 1 unmitigated
12:07:29 core.sweep_detector INFO: FVGs: 7 detected, 3 unfilled
12:07:32 core.sweep_detector INFO: SweepDetector v2: 5 raw → 4 confirmed (vol≥1.5× body≥40%)
12:07:32 core.sweep_detector INFO: OrderBlocks: 4 detected, 2 unmitigated
12:07:32 core.sweep_detector INFO: FVGs: 10 detected, 4 unfilled
12:07:33 core.sweep_detector INFO: SweepDetector v2: 1 raw → 1 confirmed (vol≥1.5× body≥40%)
12:07:33 core.sweep_detector INFO: OrderBlocks: 5 detected, 2 unmitigated
12:07:33 core.sweep_detector INFO: FVGs: 9 detected, 4 unfilled
12:07:35 core.sweep_detector INFO: SweepDetector v2: 3 raw → 0 confirmed (vol≥1.5× body≥40%)
12:07:35 core.sweep_detector INFO: OrderBlocks: 4 detected, 1 unmitigated
12:07:35 core.sweep_detector INFO: FVGs: 13 detected, 0 unfilled
12:07:37 core.sweep_detector INFO: SweepDetector v2: 5 raw → 3 confirmed (vol≥1.5× body≥40%)
12:07:37 core.sweep_detector INFO: OrderBlocks: 5 detected, 4 unmitigated
12:07:37 core.sweep_detector INFO: FVGs: 6 detected, 2 unfilled
12:07:39 core.sweep_detector INFO: SweepDetector v2: 6 raw → 2 confirmed (vol≥1.5× body≥40%)
12:07:39 core.sweep_detector INFO: OrderBlocks: 7 detected, 1 unmitigated
12:07:39 core.sweep_detector INFO: FVGs: 5 detected, 0 unfilled
12:07:40 core.sweep_detector INFO: SweepDetector v2: 3 raw → 1 confirmed (vol≥1.5× body≥40%)
12:07:40 core.sweep_detector INFO: OrderBlocks: 2 detected, 1 unmitigated
12:07:40 core.sweep_detector INFO: FVGs: 9 detected, 4 unfilled
12:07:42 core.sweep_detector INFO: SweepDetector v2: 5 raw → 2 confirmed (vol≥1.5× body≥40%)
12:07:42 core.sweep_detector INFO: OrderBlocks: 11 detected, 2 unmitigated
12:07:42 core.sweep_detector INFO: FVGs: 12 detected, 2 unfilled
12:07:44 core.sweep_detector INFO: SweepDetector v2: 6 raw → 5 confirmed (vol≥1.5× body≥40%)
12:07:44 core.sweep_detector INFO: OrderBlocks: 4 detected, 0 unmitigated
12:07:44 core.sweep_detector INFO: FVGs: 6 detected, 1 unfilled
12:07:46 core.sweep_detector INFO: SweepDetector v2: 4 raw → 3 confirmed (vol≥1.5× body≥40%)
12:07:46 core.sweep_detector INFO: OrderBlocks: 3 detected, 3 unmitigated
12:07:46 core.sweep_detector INFO: FVGs: 3 detected, 1 unfilled
12:07:48 core.sweep_detector INFO: SweepDetector v2: 2 raw → 2 confirmed (vol≥1.5× body≥40%)
12:07:48 core.sweep_detector INFO: OrderBlocks: 10 detected, 2 unmitigated
12:07:48 core.sweep_detector INFO: FVGs: 0 detected, 0 unfilled
12:07:49 core.sweep_detector INFO: SweepDetector v2: 2 raw → 2 confirmed (vol≥1.5× body≥40%)
12:07:49 core.sweep_detector INFO: OrderBlocks: 3 detected, 0 unmitigated
12:07:49 core.sweep_detector INFO: FVGs: 9 detected, 5 unfilled
12:07:51 core.sweep_detector INFO: SweepDetector v2: 2 raw → 1 confirmed (vol≥1.5× body≥40%)
12:07:51 core.sweep_detector INFO: OrderBlocks: 1 detected, 0 unmitigated
12:07:51 core.sweep_detector INFO: FVGs: 6 detected, 3 unfilled
12:07:53 core.sweep_detector INFO: SweepDetector v2: 3 raw → 1 confirmed (vol≥1.5× body≥40%)
12:07:53 core.sweep_detector INFO: OrderBlocks: 6 detected, 2 unmitigated
12:07:53 core.sweep_detector INFO: FVGs: 6 detected, 2 unfilled
12:07:55 core.sweep_detector INFO: SweepDetector v2: 4 raw → 3 confirmed (vol≥1.5× body≥40%)
12:07:55 core.sweep_detector INFO: OrderBlocks: 7 detected, 3 unmitigated
12:07:55 core.sweep_detector INFO: FVGs: 10 detected, 5 unfilled
12:07:57 core.sweep_detector INFO: SweepDetector v2: 4 raw → 4 confirmed (vol≥1.5× body≥40%)
12:07:57 core.sweep_detector INFO: OrderBlocks: 2 detected, 0 unmitigated
12:07:57 core.sweep_detector INFO: FVGs: 3 detected, 1 unfilled
12:07:59 core.sweep_detector INFO: SweepDetector v2: 1 raw → 1 confirmed (vol≥1.5× body≥40%)
12:07:59 core.sweep_detector INFO: OrderBlocks: 5 detected, 2 unmitigated
12:07:59 core.sweep_detector INFO: FVGs: 5 detected, 0 unfilled
12:08:00 core.sweep_detector INFO: SweepDetector v2: 2 raw → 2 confirmed (vol≥1.5× body≥40%)
12:08:00 core.sweep_detector INFO: OrderBlocks: 4 detected, 1 unmitigated
12:08:00 core.sweep_detector INFO: FVGs: 5 detected, 1 unfilled
12:08:02 core.sweep_detector INFO: SweepDetector v2: 4 raw → 3 confirmed (vol≥1.5× body≥40%)
12:08:02 core.sweep_detector INFO: OrderBlocks: 1 detected, 0 unmitigated
12:08:02 core.sweep_detector INFO: FVGs: 3 detected, 1 unfilled
12:08:04 core.sweep_detector INFO: SweepDetector v2: 2 raw → 2 confirmed (vol≥1.5× body≥40%)
12:08:04 core.sweep_detector INFO: OrderBlocks: 1 detected, 0 unmitigated
12:08:04 core.sweep_detector INFO: FVGs: 0 detected, 0 unfilled
12:08:06 core.sweep_detector INFO: SweepDetector v2: 5 raw → 3 confirmed (vol≥1.5× body≥40%)
12:08:06 core.sweep_detector INFO: OrderBlocks: 3 detected, 1 unmitigated
12:08:06 core.sweep_detector INFO: FVGs: 11 detected, 2 unfilled
12:08:08 core.sweep_detector INFO: SweepDetector v2: 4 raw → 2 confirmed (vol≥1.5× body≥40%)
12:08:08 core.sweep_detector INFO: OrderBlocks: 4 detected, 2 unmitigated
12:08:08 core.sweep_detector INFO: FVGs: 11 detected, 5 unfilled
12:08:09 core.sweep_detector INFO: SweepDetector v2: 5 raw → 4 confirmed (vol≥1.5× body≥40%)
12:08:09 core.sweep_detector INFO: OrderBlocks: 2 detected, 1 unmitigated
12:08:09 core.sweep_detector INFO: FVGs: 10 detected, 5 unfilled
12:08:11 core.sweep_detector INFO: SweepDetector v2: 3 raw → 2 confirmed (vol≥1.5× body≥40%)
12:08:11 core.sweep_detector INFO: OrderBlocks: 8 detected, 3 unmitigated
12:08:11 core.sweep_detector INFO: FVGs: 10 detected, 3 unfilled
12:08:13 core.sweep_detector INFO: SweepDetector v2: 7 raw → 3 confirmed (vol≥1.5× body≥40%)
12:08:13 core.sweep_detector INFO: OrderBlocks: 1 detected, 0 unmitigated
12:08:13 core.sweep_detector INFO: FVGs: 9 detected, 3 unfilled
12:08:15 core.sweep_detector INFO: SweepDetector v2: 3 raw → 1 confirmed (vol≥1.5× body≥40%)
12:08:15 core.sweep_detector INFO: OrderBlocks: 4 detected, 0 unmitigated
12:08:15 core.sweep_detector INFO: FVGs: 5 detected, 2 unfilled
12:08:16 core.sweep_detector INFO: SweepDetector v2: 3 raw → 3 confirmed (vol≥1.5× body≥40%)
12:08:16 core.sweep_detector INFO: OrderBlocks: 7 detected, 0 unmitigated
12:08:16 core.sweep_detector INFO: FVGs: 14 detected, 5 unfilled
12:08:18 core.sweep_detector INFO: SweepDetector v2: 6 raw → 4 confirmed (vol≥1.5× body≥40%)
12:08:18 core.sweep_detector INFO: OrderBlocks: 5 detected, 5 unmitigated
12:08:18 core.sweep_detector INFO: FVGs: 11 detected, 8 unfilled
12:08:20 core.sweep_detector INFO: SweepDetector v2: 2 raw → 1 confirmed (vol≥1.5× body≥40%)
12:08:20 core.sweep_detector INFO: OrderBlocks: 6 detected, 4 unmitigated
12:08:20 core.sweep_detector INFO: FVGs: 11 detected, 9 unfilled
12:08:22 core.sweep_detector INFO: SweepDetector v2: 1 raw → 0 confirmed (vol≥1.5× body≥40%)
12:08:22 core.sweep_detector INFO: OrderBlocks: 5 detected, 1 unmitigated
12:08:22 core.sweep_detector INFO: FVGs: 5 detected, 2 unfilled
12:08:24 core.sweep_detector INFO: SweepDetector v2: 8 raw → 6 confirmed (vol≥1.5× body≥40%)
12:08:24 core.sweep_detector INFO: OrderBlocks: 1 detected, 0 unmitigated
12:08:24 core.sweep_detector INFO: FVGs: 6 detected, 1 unfilled
12:08:26 core.sweep_detector INFO: SweepDetector v2: 1 raw → 1 confirmed (vol≥1.5× body≥40%)
12:08:26 core.sweep_detector INFO: OrderBlocks: 4 detected, 1 unmitigated
12:08:26 core.sweep_detector INFO: FVGs: 3 detected, 1 unfilled
12:08:28 core.sweep_detector INFO: SweepDetector v2: 1 raw → 1 confirmed (vol≥1.5× body≥40%)
12:08:28 core.sweep_detector INFO: OrderBlocks: 3 detected, 0 unmitigated
12:08:28 core.sweep_detector INFO: FVGs: 12 detected, 2 unfilled
12:08:29 core.sweep_detector INFO: SweepDetector v2: 3 raw → 2 confirmed (vol≥1.5× body≥40%)
12:08:29 core.sweep_detector INFO: OrderBlocks: 5 detected, 1 unmitigated
12:08:29 core.sweep_detector INFO: FVGs: 4 detected, 1 unfilled
12:08:31 core.sweep_detector INFO: SweepDetector v2: 5 raw → 3 confirmed (vol≥1.5× body≥40%)
12:08:31 core.sweep_detector INFO: OrderBlocks: 2 detected, 0 unmitigated
12:08:31 core.sweep_detector INFO: FVGs: 8 detected, 1 unfilled
12:08:33 core.sweep_detector INFO: SweepDetector v2: 4 raw → 4 confirmed (vol≥1.5× body≥40%)
12:08:33 core.sweep_detector INFO: OrderBlocks: 7 detected, 3 unmitigated
12:08:33 core.sweep_detector INFO: FVGs: 9 detected, 2 unfilled
12:08:35 core.sweep_detector INFO: SweepDetector v2: 6 raw → 4 confirmed (vol≥1.5× body≥40%)
12:08:35 core.sweep_detector INFO: OrderBlocks: 5 detected, 2 unmitigated
12:08:35 core.sweep_detector INFO: FVGs: 7 detected, 2 unfilled
12:08:37 core.sweep_detector INFO: SweepDetector v2: 3 raw → 3 confirmed (vol≥1.5× body≥40%)
12:08:37 core.sweep_detector INFO: OrderBlocks: 5 detected, 2 unmitigated
12:08:37 core.sweep_detector INFO: FVGs: 7 detected, 1 unfilled
12:08:38 core.sweep_detector INFO: SweepDetector v2: 4 raw → 2 confirmed (vol≥1.5× body≥40%)
12:08:38 core.sweep_detector INFO: OrderBlocks: 2 detected, 1 unmitigated
12:08:38 core.sweep_detector INFO: FVGs: 12 detected, 6 unfilled
12:08:40 core.sweep_detector INFO: SweepDetector v2: 3 raw → 1 confirmed (vol≥1.5× body≥40%)
12:08:40 core.sweep_detector INFO: OrderBlocks: 4 detected, 3 unmitigated
12:08:40 core.sweep_detector INFO: FVGs: 13 detected, 5 unfilled
12:08:42 core.sweep_detector INFO: SweepDetector v2: 1 raw → 0 confirmed (vol≥1.5× body≥40%)
12:08:42 core.sweep_detector INFO: OrderBlocks: 6 detected, 1 unmitigated
12:08:42 core.sweep_detector INFO: FVGs: 16 detected, 4 unfilled
12:08:43 core.sweep_detector INFO: SweepDetector v2: 0 raw → 0 confirmed (vol≥1.5× body≥40%)
12:08:43 core.sweep_detector INFO: OrderBlocks: 1 detected, 0 unmitigated
12:08:43 core.sweep_detector INFO: FVGs: 0 detected, 0 unfilled
12:08:45 core.sweep_detector INFO: SweepDetector v2: 0 raw → 0 confirmed (vol≥1.5× body≥40%)
12:08:45 core.sweep_detector INFO: OrderBlocks: 0 detected, 0 unmitigated
12:08:45 core.sweep_detector INFO: FVGs: 0 detected, 0 unfilled
12:08:47 core.sweep_detector INFO: SweepDetector v2: 0 raw → 0 confirmed (vol≥1.5× body≥40%)
12:08:47 core.sweep_detector INFO: OrderBlocks: 1 detected, 0 unmitigated
12:08:47 core.sweep_detector INFO: FVGs: 0 detected, 0 unfilled
12:08:49 core.sweep_detector INFO: SweepDetector v2: 2 raw → 2 confirmed (vol≥1.5× body≥40%)
12:08:49 core.sweep_detector INFO: OrderBlocks: 5 detected, 2 unmitigated
12:08:49 core.sweep_detector INFO: FVGs: 6 detected, 1 unfilled
12:08:51 core.sweep_detector INFO: SweepDetector v2: 4 raw → 4 confirmed (vol≥1.5× body≥40%)
12:08:51 core.sweep_detector INFO: OrderBlocks: 3 detected, 0 unmitigated
12:08:51 core.sweep_detector INFO: FVGs: 12 detected, 0 unfilled
12:08:52 core.sweep_detector INFO: SweepDetector v2: 2 raw → 1 confirmed (vol≥1.5× body≥40%)
12:08:52 core.sweep_detector INFO: OrderBlocks: 8 detected, 3 unmitigated
12:08:52 core.sweep_detector INFO: FVGs: 6 detected, 3 unfilled
12:08:54 core.sweep_detector INFO: SweepDetector v2: 2 raw → 1 confirmed (vol≥1.5× body≥40%)
12:08:54 core.sweep_detector INFO: OrderBlocks: 7 detected, 0 unmitigated
12:08:54 core.sweep_detector INFO: FVGs: 9 detected, 2 unfilled
12:08:55 core.sweep_detector INFO: SweepDetector v2: 4 raw → 2 confirmed (vol≥1.5× body≥40%)
12:08:56 core.sweep_detector INFO: OrderBlocks: 3 detected, 1 unmitigated
12:08:56 core.sweep_detector INFO: FVGs: 9 detected, 2 unfilled
12:08:57 core.sweep_detector INFO: SweepDetector v2: 0 raw → 0 confirmed (vol≥1.5× body≥40%)
12:08:57 core.sweep_detector INFO: OrderBlocks: 5 detected, 2 unmitigated
12:08:57 core.sweep_detector INFO: FVGs: 8 detected, 2 unfilled
12:09:00 core.sweep_detector INFO: SweepDetector v2: 6 raw → 3 confirmed (vol≥1.5× body≥40%)
12:09:00 core.sweep_detector INFO: OrderBlocks: 6 detected, 1 unmitigated
12:09:00 core.sweep_detector INFO: FVGs: 11 detected, 1 unfilled
12:09:02 core.sweep_detector INFO: SweepDetector v2: 4 raw → 2 confirmed (vol≥1.5× body≥40%)
12:09:02 core.sweep_detector INFO: OrderBlocks: 0 detected, 0 unmitigated
12:09:02 core.sweep_detector INFO: FVGs: 6 detected, 4 unfilled
12:09:03 core.sweep_detector INFO: SweepDetector v2: 5 raw → 1 confirmed (vol≥1.5× body≥40%)
12:09:03 core.sweep_detector INFO: OrderBlocks: 4 detected, 1 unmitigated
12:09:03 core.sweep_detector INFO: FVGs: 6 detected, 3 unfilled
12:09:05 core.sweep_detector INFO: SweepDetector v2: 3 raw → 2 confirmed (vol≥1.5× body≥40%)
12:09:05 core.sweep_detector INFO: OrderBlocks: 4 detected, 2 unmitigated
12:09:05 core.sweep_detector INFO: FVGs: 10 detected, 7 unfilled
12:09:08 core.sweep_detector INFO: SweepDetector v2: 3 raw → 1 confirmed (vol≥1.5× body≥40%)
12:09:08 core.sweep_detector INFO: OrderBlocks: 2 detected, 0 unmitigated
12:09:08 core.sweep_detector INFO: FVGs: 5 detected, 1 unfilled
12:09:10 core.sweep_detector INFO: SweepDetector v2: 2 raw → 1 confirmed (vol≥1.5× body≥40%)
12:09:10 core.sweep_detector INFO: OrderBlocks: 5 detected, 1 unmitigated
12:09:10 core.sweep_detector INFO: FVGs: 5 detected, 1 unfilled
12:09:12 core.sweep_detector INFO: SweepDetector v2: 6 raw → 4 confirmed (vol≥1.5× body≥40%)
12:09:12 core.sweep_detector INFO: OrderBlocks: 8 detected, 3 unmitigated
12:09:12 core.sweep_detector INFO: FVGs: 9 detected, 3 unfilled
12:09:14 core.sweep_detector INFO: SweepDetector v2: 4 raw → 3 confirmed (vol≥1.5× body≥40%)
12:09:14 core.sweep_detector INFO: OrderBlocks: 6 detected, 3 unmitigated
12:09:14 core.sweep_detector INFO: FVGs: 15 detected, 4 unfilled
12:09:15 core.sweep_detector INFO: SweepDetector v2: 2 raw → 2 confirmed (vol≥1.5× body≥40%)
12:09:15 core.sweep_detector INFO: OrderBlocks: 5 detected, 3 unmitigated
12:09:15 core.sweep_detector INFO: FVGs: 11 detected, 7 unfilled
12:09:17 core.sweep_detector INFO: SweepDetector v2: 1 raw → 1 confirmed (vol≥1.5× body≥40%)
12:09:17 core.sweep_detector INFO: OrderBlocks: 5 detected, 1 unmitigated
12:09:17 core.sweep_detector INFO: FVGs: 8 detected, 3 unfilled
12:09:19 core.sweep_detector INFO: SweepDetector v2: 3 raw → 2 confirmed (vol≥1.5× body≥40%)
12:09:19 core.sweep_detector INFO: OrderBlocks: 3 detected, 2 unmitigated
12:09:19 core.sweep_detector INFO: FVGs: 4 detected, 2 unfilled
12:09:21 core.sweep_detector INFO: SweepDetector v2: 1 raw → 1 confirmed (vol≥1.5× body≥40%)
12:09:21 core.sweep_detector INFO: OrderBlocks: 2 detected, 0 unmitigated
12:09:21 core.sweep_detector INFO: FVGs: 0 detected, 0 unfilled
12:09:23 core.sweep_detector INFO: SweepDetector v2: 5 raw → 2 confirmed (vol≥1.5× body≥40%)
12:09:23 core.sweep_detector INFO: OrderBlocks: 3 detected, 2 unmitigated
12:09:23 core.sweep_detector INFO: FVGs: 12 detected, 8 unfilled
12:09:24 core.sweep_detector INFO: SweepDetector v2: 3 raw → 2 confirmed (vol≥1.5× body≥40%)
12:09:24 core.sweep_detector INFO: OrderBlocks: 0 detected, 0 unmitigated
12:09:24 core.sweep_detector INFO: FVGs: 1 detected, 0 unfilled
12:09:26 core.sweep_detector INFO: SweepDetector v2: 5 raw → 5 confirmed (vol≥1.5× body≥40%)
12:09:26 core.sweep_detector INFO: OrderBlocks: 3 detected, 0 unmitigated
12:09:26 core.sweep_detector INFO: FVGs: 7 detected, 0 unfilled
12:09:28 core.sweep_detector INFO: SweepDetector v2: 3 raw → 3 confirmed (vol≥1.5× body≥40%)
12:09:28 core.sweep_detector INFO: OrderBlocks: 7 detected, 2 unmitigated
12:09:28 core.sweep_detector INFO: FVGs: 7 detected, 1 unfilled
12:09:30 core.sweep_detector INFO: SweepDetector v2: 3 raw → 0 confirmed (vol≥1.5× body≥40%)
12:09:30 core.sweep_detector INFO: OrderBlocks: 3 detected, 0 unmitigated
12:09:30 core.sweep_detector INFO: FVGs: 2 detected, 0 unfilled
12:09:32 core.sweep_detector INFO: SweepDetector v2: 6 raw → 3 confirmed (vol≥1.5× body≥40%)
12:09:32 core.sweep_detector INFO: OrderBlocks: 4 detected, 2 unmitigated
12:09:32 core.sweep_detector INFO: FVGs: 3 detected, 0 unfilled
12:09:34 core.sweep_detector INFO: SweepDetector v2: 6 raw → 2 confirmed (vol≥1.5× body≥40%)
12:09:34 core.sweep_detector INFO: OrderBlocks: 7 detected, 1 unmitigated
12:09:34 core.sweep_detector INFO: FVGs: 8 detected, 3 unfilled
12:09:36 core.sweep_detector INFO: SweepDetector v2: 5 raw → 2 confirmed (vol≥1.5× body≥40%)
12:09:36 core.sweep_detector INFO: OrderBlocks: 3 detected, 2 unmitigated
12:09:36 core.sweep_detector INFO: FVGs: 8 detected, 2 unfilled
12:09:38 core.sweep_detector INFO: SweepDetector v2: 1 raw → 1 confirmed (vol≥1.5× body≥40%)
12:09:38 core.sweep_detector INFO: OrderBlocks: 4 detected, 2 unmitigated
12:09:38 core.sweep_detector INFO: FVGs: 3 detected, 1 unfilled
12:09:40 core.sweep_detector INFO: SweepDetector v2: 5 raw → 3 confirmed (vol≥1.5× body≥40%)
12:09:40 core.sweep_detector INFO: OrderBlocks: 7 detected, 2 unmitigated
12:09:40 core.sweep_detector INFO: FVGs: 10 detected, 2 unfilled
12:09:42 core.sweep_detector INFO: SweepDetector v2: 4 raw → 2 confirmed (vol≥1.5× body≥40%)
12:09:42 core.sweep_detector INFO: OrderBlocks: 4 detected, 2 unmitigated
12:09:42 core.sweep_detector INFO: FVGs: 12 detected, 5 unfilled
12:09:44 core.sweep_detector INFO: SweepDetector v2: 7 raw → 4 confirmed (vol≥1.5× body≥40%)
12:09:44 core.sweep_detector INFO: OrderBlocks: 3 detected, 3 unmitigated
12:09:44 core.sweep_detector INFO: FVGs: 7 detected, 4 unfilled
12:09:46 core.sweep_detector INFO: SweepDetector v2: 3 raw → 1 confirmed (vol≥1.5× body≥40%)
12:09:46 core.sweep_detector INFO: OrderBlocks: 7 detected, 3 unmitigated
12:09:46 core.sweep_detector INFO: FVGs: 13 detected, 5 unfilled
12:09:47 core.sweep_detector INFO: SweepDetector v2: 6 raw → 4 confirmed (vol≥1.5× body≥40%)
12:09:47 core.sweep_detector INFO: OrderBlocks: 1 detected, 0 unmitigated
12:09:47 core.sweep_detector INFO: FVGs: 7 detected, 3 unfilled
12:09:49 core.sweep_detector INFO: SweepDetector v2: 1 raw → 1 confirmed (vol≥1.5× body≥40%)
12:09:49 core.sweep_detector INFO: OrderBlocks: 1 detected, 0 unmitigated
12:09:49 core.sweep_detector INFO: FVGs: 5 detected, 0 unfilled
12:09:51 core.sweep_detector INFO: SweepDetector v2: 10 raw → 6 confirmed (vol≥1.5× body≥40%)
12:09:51 core.sweep_detector INFO: OrderBlocks: 6 detected, 5 unmitigated
12:09:51 core.sweep_detector INFO: FVGs: 15 detected, 9 unfilled
12:09:53 core.sweep_detector INFO: SweepDetector v2: 4 raw → 2 confirmed (vol≥1.5× body≥40%)
12:09:53 core.sweep_detector INFO: OrderBlocks: 4 detected, 4 unmitigated
12:09:53 core.sweep_detector INFO: FVGs: 7 detected, 5 unfilled
12:09:54 core.sweep_detector INFO: SweepDetector v2: 4 raw → 4 confirmed (vol≥1.5× body≥40%)
12:09:54 core.sweep_detector INFO: OrderBlocks: 7 detected, 2 unmitigated
12:09:54 core.sweep_detector INFO: FVGs: 16 detected, 8 unfilled
12:09:56 core.sweep_detector INFO: SweepDetector v2: 3 raw → 3 confirmed (vol≥1.5× body≥40%)
12:09:56 core.sweep_detector INFO: OrderBlocks: 5 detected, 1 unmitigated
12:09:56 core.sweep_detector INFO: FVGs: 10 detected, 4 unfilled
12:09:58 core.sweep_detector INFO: SweepDetector v2: 0 raw → 0 confirmed (vol≥1.5× body≥40%)
12:09:58 core.sweep_detector INFO: OrderBlocks: 1 detected, 0 unmitigated
12:09:58 core.sweep_detector INFO: FVGs: 10 detected, 5 unfilled
12:10:01 core.sweep_detector INFO: SweepDetector v2: 4 raw → 2 confirmed (vol≥1.5× body≥40%)
12:10:01 core.sweep_detector INFO: OrderBlocks: 0 detected, 0 unmitigated
12:10:01 core.sweep_detector INFO: FVGs: 7 detected, 0 unfilled
12:10:03 core.sweep_detector INFO: SweepDetector v2: 1 raw → 0 confirmed (vol≥1.5× body≥40%)
12:10:03 core.sweep_detector INFO: OrderBlocks: 7 detected, 4 unmitigated
12:10:03 core.sweep_detector INFO: FVGs: 12 detected, 5 unfilled
12:10:05 core.sweep_detector INFO: SweepDetector v2: 4 raw → 3 confirmed (vol≥1.5× body≥40%)
12:10:05 core.sweep_detector INFO: OrderBlocks: 2 detected, 2 unmitigated
12:10:05 core.sweep_detector INFO: FVGs: 6 detected, 3 unfilled
12:10:07 core.sweep_detector INFO: SweepDetector v2: 2 raw → 1 confirmed (vol≥1.5× body≥40%)
12:10:07 core.sweep_detector INFO: OrderBlocks: 4 detected, 0 unmitigated
12:10:07 core.sweep_detector INFO: FVGs: 3 detected, 0 unfilled
12:10:09 core.sweep_detector INFO: SweepDetector v2: 6 raw → 2 confirmed (vol≥1.5× body≥40%)
12:10:09 core.sweep_detector INFO: OrderBlocks: 3 detected, 3 unmitigated
12:10:09 core.sweep_detector INFO: FVGs: 6 detected, 4 unfilled
12:10:11 core.sweep_detector INFO: SweepDetector v2: 3 raw → 1 confirmed (vol≥1.5× body≥40%)
12:10:11 core.sweep_detector INFO: OrderBlocks: 5 detected, 3 unmitigated
12:10:11 core.sweep_detector INFO: FVGs: 14 detected, 3 unfilled
12:10:13 core.sweep_detector INFO: SweepDetector v2: 1 raw → 1 confirmed (vol≥1.5× body≥40%)
12:10:13 core.sweep_detector INFO: OrderBlocks: 8 detected, 3 unmitigated
12:10:13 core.sweep_detector INFO: FVGs: 9 detected, 2 unfilled
12:10:14 core.sweep_detector INFO: SweepDetector v2: 9 raw → 5 confirmed (vol≥1.5× body≥40%)
12:10:14 core.sweep_detector INFO: OrderBlocks: 3 detected, 1 unmitigated
12:10:14 core.sweep_detector INFO: FVGs: 4 detected, 1 unfilled
12:10:16 core.sweep_detector INFO: SweepDetector v2: 5 raw → 4 confirmed (vol≥1.5× body≥40%)
12:10:16 core.sweep_detector INFO: OrderBlocks: 3 detected, 0 unmitigated
12:10:16 core.sweep_detector INFO: FVGs: 4 detected, 0 unfilled
12:10:18 core.sweep_detector INFO: SweepDetector v2: 3 raw → 2 confirmed (vol≥1.5× body≥40%)
12:10:18 core.sweep_detector INFO: OrderBlocks: 7 detected, 1 unmitigated
12:10:18 core.sweep_detector INFO: FVGs: 7 detected, 1 unfilled
12:10:20 core.sweep_detector INFO: SweepDetector v2: 5 raw → 3 confirmed (vol≥1.5× body≥40%)
12:10:20 core.sweep_detector INFO: OrderBlocks: 0 detected, 0 unmitigated
12:10:20 core.sweep_detector INFO: FVGs: 11 detected, 11 unfilled
12:10:21 core.sweep_detector INFO: SweepDetector v2: 4 raw → 3 confirmed (vol≥1.5× body≥40%)
12:10:21 core.sweep_detector INFO: OrderBlocks: 3 detected, 0 unmitigated
12:10:21 core.sweep_detector INFO: FVGs: 8 detected, 4 unfilled
12:10:23 core.sweep_detector INFO: SweepDetector v2: 5 raw → 5 confirmed (vol≥1.5× body≥40%)
12:10:23 core.sweep_detector INFO: OrderBlocks: 7 detected, 1 unmitigated
12:10:23 core.sweep_detector INFO: FVGs: 7 detected, 1 unfilled
12:10:25 core.sweep_detector INFO: SweepDetector v2: 4 raw → 1 confirmed (vol≥1.5× body≥40%)
12:10:25 core.sweep_detector INFO: OrderBlocks: 6 detected, 3 unmitigated
12:10:25 core.sweep_detector INFO: FVGs: 7 detected, 4 unfilled
12:10:27 core.sweep_detector INFO: SweepDetector v2: 5 raw → 3 confirmed (vol≥1.5× body≥40%)
12:10:27 core.sweep_detector INFO: OrderBlocks: 4 detected, 1 unmitigated
12:10:27 core.sweep_detector INFO: FVGs: 3 detected, 2 unfilled
12:10:29 core.sweep_detector INFO: SweepDetector v2: 3 raw → 2 confirmed (vol≥1.5× body≥40%)
12:10:29 core.sweep_detector INFO: OrderBlocks: 6 detected, 0 unmitigated
12:10:29 core.sweep_detector INFO: FVGs: 5 detected, 1 unfilled
12:10:31 core.sweep_detector INFO: SweepDetector v2: 2 raw → 1 confirmed (vol≥1.5× body≥40%)
12:10:31 core.sweep_detector INFO: OrderBlocks: 3 detected, 0 unmitigated
12:10:31 core.sweep_detector INFO: FVGs: 11 detected, 5 unfilled
12:10:33 core.sweep_detector INFO: SweepDetector v2: 1 raw → 1 confirmed (vol≥1.5× body≥40%)
12:10:33 core.sweep_detector INFO: OrderBlocks: 3 detected, 0 unmitigated
12:10:33 core.sweep_detector INFO: FVGs: 2 detected, 0 unfilled
12:10:34 core.sweep_detector INFO: SweepDetector v2: 3 raw → 1 confirmed (vol≥1.5× body≥40%)
12:10:34 core.sweep_detector INFO: OrderBlocks: 3 detected, 0 unmitigated
12:10:34 core.sweep_detector INFO: FVGs: 3 detected, 0 unfilled
12:10:34 __main__ INFO: Pending signal #18: binance:TON/USDT short entry=1.254 current=1.241 dist=1.05% expires=2h
12:10:34 alerts.telegram INFO: Alert suppressed (binance:TON/USDT short): conf 0.65 < threshold 0.75
12:10:36 core.sweep_detector INFO: SweepDetector v2: 1 raw → 0 confirmed (vol≥1.5× body≥40%)
12:10:36 core.sweep_detector INFO: OrderBlocks: 7 detected, 3 unmitigated
12:10:36 core.sweep_detector INFO: FVGs: 10 detected, 6 unfilled
12:10:38 core.sweep_detector INFO: SweepDetector v2: 4 raw → 3 confirmed (vol≥1.5× body≥40%)
12:10:38 core.sweep_detector INFO: OrderBlocks: 4 detected, 2 unmitigated
12:10:38 core.sweep_detector INFO: FVGs: 9 detected, 4 unfilled
12:10:40 core.sweep_detector INFO: SweepDetector v2: 2 raw → 1 confirmed (vol≥1.5× body≥40%)
12:10:40 core.sweep_detector INFO: OrderBlocks: 8 detected, 2 unmitigated
12:10:40 core.sweep_detector INFO: FVGs: 6 detected, 3 unfilled
12:10:42 core.sweep_detector INFO: SweepDetector v2: 3 raw → 1 confirmed (vol≥1.5× body≥40%)
12:10:42 core.sweep_detector INFO: OrderBlocks: 9 detected, 2 unmitigated
12:10:42 core.sweep_detector INFO: FVGs: 12 detected, 3 unfilled
12:10:44 core.sweep_detector INFO: SweepDetector v2: 4 raw → 2 confirmed (vol≥1.5× body≥40%)
12:10:44 core.sweep_detector INFO: OrderBlocks: 6 detected, 4 unmitigated
12:10:44 core.sweep_detector INFO: FVGs: 6 detected, 2 unfilled
12:10:45 core.sweep_detector INFO: SweepDetector v2: 2 raw → 1 confirmed (vol≥1.5× body≥40%)
12:10:45 core.sweep_detector INFO: OrderBlocks: 8 detected, 2 unmitigated
12:10:45 core.sweep_detector INFO: FVGs: 5 detected, 2 unfilled
12:10:47 core.sweep_detector INFO: SweepDetector v2: 0 raw → 0 confirmed (vol≥1.5× body≥40%)
12:10:47 core.sweep_detector INFO: OrderBlocks: 6 detected, 2 unmitigated
12:10:47 core.sweep_detector INFO: FVGs: 10 detected, 3 unfilled
12:10:49 core.sweep_detector INFO: SweepDetector v2: 4 raw → 2 confirmed (vol≥1.5× body≥40%)
12:10:49 core.sweep_detector INFO: OrderBlocks: 1 detected, 1 unmitigated
12:10:49 core.sweep_detector INFO: FVGs: 5 detected, 3 unfilled
12:10:51 core.sweep_detector INFO: SweepDetector v2: 2 raw → 0 confirmed (vol≥1.5× body≥40%)
12:10:51 core.sweep_detector INFO: OrderBlocks: 5 detected, 3 unmitigated
12:10:51 core.sweep_detector INFO: FVGs: 6 detected, 3 unfilled
12:10:53 core.sweep_detector INFO: SweepDetector v2: 4 raw → 2 confirmed (vol≥1.5× body≥40%)
12:10:53 core.sweep_detector INFO: OrderBlocks: 7 detected, 3 unmitigated
12:10:53 core.sweep_detector INFO: FVGs: 9 detected, 3 unfilled
12:10:54 core.sweep_detector INFO: SweepDetector v2: 3 raw → 0 confirmed (vol≥1.5× body≥40%)
12:10:54 core.sweep_detector INFO: OrderBlocks: 9 detected, 2 unmitigated
12:10:54 core.sweep_detector INFO: FVGs: 13 detected, 4 unfilled
12:10:56 core.sweep_detector INFO: SweepDetector v2: 1 raw → 0 confirmed (vol≥1.5× body≥40%)
12:10:56 core.sweep_detector INFO: OrderBlocks: 10 detected, 3 unmitigated
12:10:56 core.sweep_detector INFO: FVGs: 9 detected, 1 unfilled
12:10:59 core.sweep_detector INFO: SweepDetector v2: 0 raw → 0 confirmed (vol≥1.5× body≥40%)
12:10:59 core.sweep_detector INFO: OrderBlocks: 3 detected, 0 unmitigated
12:10:59 core.sweep_detector INFO: FVGs: 0 detected, 0 unfilled
12:11:00 core.sweep_detector INFO: SweepDetector v2: 0 raw → 0 confirmed (vol≥1.5× body≥40%)
12:11:00 core.sweep_detector INFO: OrderBlocks: 1 detected, 0 unmitigated
12:11:00 core.sweep_detector INFO: FVGs: 0 detected, 0 unfilled
12:11:02 core.sweep_detector INFO: SweepDetector v2: 0 raw → 0 confirmed (vol≥1.5× body≥40%)
12:11:02 core.sweep_detector INFO: OrderBlocks: 0 detected, 0 unmitigated
12:11:02 core.sweep_detector INFO: FVGs: 0 detected, 0 unfilled
12:11:04 core.sweep_detector INFO: SweepDetector v2: 4 raw → 3 confirmed (vol≥1.5× body≥40%)
12:11:04 core.sweep_detector INFO: OrderBlocks: 6 detected, 3 unmitigated
12:11:04 core.sweep_detector INFO: FVGs: 8 detected, 4 unfilled
12:11:05 core.sweep_detector INFO: SweepDetector v2: 5 raw → 3 confirmed (vol≥1.5× body≥40%)
12:11:05 core.sweep_detector INFO: OrderBlocks: 3 detected, 0 unmitigated
12:11:05 core.sweep_detector INFO: FVGs: 6 detected, 1 unfilled
12:11:07 core.sweep_detector INFO: SweepDetector v2: 1 raw → 1 confirmed (vol≥1.5× body≥40%)
12:11:07 core.sweep_detector INFO: OrderBlocks: 4 detected, 2 unmitigated
12:11:07 core.sweep_detector INFO: FVGs: 7 detected, 2 unfilled
12:11:09 core.sweep_detector INFO: SweepDetector v2: 1 raw → 1 confirmed (vol≥1.5× body≥40%)
12:11:09 core.sweep_detector INFO: OrderBlocks: 2 detected, 0 unmitigated
12:11:09 core.sweep_detector INFO: FVGs: 0 detected, 0 unfilled
12:11:10 core.sweep_detector INFO: SweepDetector v2: 0 raw → 0 confirmed (vol≥1.5× body≥40%)
12:11:10 core.sweep_detector INFO: OrderBlocks: 0 detected, 0 unmitigated
12:11:10 core.sweep_detector INFO: FVGs: 0 detected, 0 unfilled
12:11:13 core.sweep_detector INFO: SweepDetector v2: 0 raw → 0 confirmed (vol≥1.5× body≥40%)
12:11:13 core.sweep_detector INFO: OrderBlocks: 1 detected, 0 unmitigated
12:11:13 core.sweep_detector INFO: FVGs: 0 detected, 0 unfilled
12:11:15 core.sweep_detector INFO: SweepDetector v2: 0 raw → 0 confirmed (vol≥1.5× body≥40%)
12:11:15 core.sweep_detector INFO: OrderBlocks: 3 detected, 0 unmitigated
12:11:15 core.sweep_detector INFO: FVGs: 0 detected, 0 unfilled
12:11:17 core.sweep_detector INFO: SweepDetector v2: 0 raw → 0 confirmed (vol≥1.5× body≥40%)
12:11:17 core.sweep_detector INFO: OrderBlocks: 0 detected, 0 unmitigated
12:11:17 core.sweep_detector INFO: FVGs: 0 detected, 0 unfilled
12:11:18 core.sweep_detector INFO: SweepDetector v2: 0 raw → 0 confirmed (vol≥1.5× body≥40%)
12:11:18 core.sweep_detector INFO: OrderBlocks: 0 detected, 0 unmitigated
12:11:18 core.sweep_detector INFO: FVGs: 0 detected, 0 unfilled
12:11:20 core.sweep_detector INFO: SweepDetector v2: 0 raw → 0 confirmed (vol≥1.5× body≥40%)
12:11:20 core.sweep_detector INFO: OrderBlocks: 8 detected, 1 unmitigated
12:11:20 core.sweep_detector INFO: FVGs: 6 detected, 3 unfilled
12:11:22 core.sweep_detector INFO: SweepDetector v2: 5 raw → 4 confirmed (vol≥1.5× body≥40%)
12:11:22 core.sweep_detector INFO: OrderBlocks: 5 detected, 2 unmitigated
12:11:22 core.sweep_detector INFO: FVGs: 12 detected, 4 unfilled
12:11:24 core.sweep_detector INFO: SweepDetector v2: 1 raw → 1 confirmed (vol≥1.5× body≥40%)
12:11:24 core.sweep_detector INFO: OrderBlocks: 2 detected, 2 unmitigated
12:11:24 core.sweep_detector INFO: FVGs: 7 detected, 6 unfilled
12:11:26 core.sweep_detector INFO: SweepDetector v2: 3 raw → 2 confirmed (vol≥1.5× body≥40%)
12:11:26 core.sweep_detector INFO: OrderBlocks: 6 detected, 0 unmitigated
12:11:26 core.sweep_detector INFO: FVGs: 10 detected, 3 unfilled
12:11:28 core.sweep_detector INFO: SweepDetector v2: 1 raw → 1 confirmed (vol≥1.5× body≥40%)
12:11:28 core.sweep_detector INFO: OrderBlocks: 2 detected, 1 unmitigated
12:11:28 core.sweep_detector INFO: FVGs: 7 detected, 3 unfilled
12:11:30 core.sweep_detector INFO: SweepDetector v2: 1 raw → 1 confirmed (vol≥1.5× body≥40%)
12:11:30 core.sweep_detector INFO: OrderBlocks: 4 detected, 1 unmitigated
12:11:30 core.sweep_detector INFO: FVGs: 6 detected, 2 unfilled
12:11:32 core.sweep_detector INFO: SweepDetector v2: 4 raw → 3 confirmed (vol≥1.5× body≥40%)
12:11:32 core.sweep_detector INFO: OrderBlocks: 4 detected, 0 unmitigated
12:11:32 core.sweep_detector INFO: FVGs: 9 detected, 4 unfilled
12:11:34 core.sweep_detector INFO: SweepDetector v2: 3 raw → 3 confirmed (vol≥1.5× body≥40%)
12:11:34 core.sweep_detector INFO: OrderBlocks: 1 detected, 0 unmitigated
12:11:34 core.sweep_detector INFO: FVGs: 6 detected, 2 unfilled
12:11:36 core.sweep_detector INFO: SweepDetector v2: 3 raw → 0 confirmed (vol≥1.5× body≥40%)
12:11:36 core.sweep_detector INFO: OrderBlocks: 3 detected, 1 unmitigated
12:11:36 core.sweep_detector INFO: FVGs: 4 detected, 1 unfilled
12:11:38 core.sweep_detector INFO: SweepDetector v2: 3 raw → 3 confirmed (vol≥1.5× body≥40%)
12:11:38 core.sweep_detector INFO: OrderBlocks: 4 detected, 2 unmitigated
12:11:38 core.sweep_detector INFO: FVGs: 8 detected, 2 unfilled
12:11:40 core.sweep_detector INFO: SweepDetector v2: 3 raw → 3 confirmed (vol≥1.5× body≥40%)
12:11:40 core.sweep_detector INFO: OrderBlocks: 2 detected, 0 unmitigated
12:11:40 core.sweep_detector INFO: FVGs: 9 detected, 1 unfilled
12:11:41 core.sweep_detector INFO: SweepDetector v2: 2 raw → 1 confirmed (vol≥1.5× body≥40%)
12:11:41 core.sweep_detector INFO: OrderBlocks: 8 detected, 2 unmitigated
12:11:41 core.sweep_detector INFO: FVGs: 4 detected, 1 unfilled
12:11:44 core.sweep_detector INFO: SweepDetector v2: 4 raw → 3 confirmed (vol≥1.5× body≥40%)
12:11:44 core.sweep_detector INFO: OrderBlocks: 3 detected, 1 unmitigated
12:11:44 core.sweep_detector INFO: FVGs: 7 detected, 4 unfilled
12:11:45 core.sweep_detector INFO: SweepDetector v2: 4 raw → 2 confirmed (vol≥1.5× body≥40%)
12:11:45 core.sweep_detector INFO: OrderBlocks: 2 detected, 1 unmitigated
12:11:45 core.sweep_detector INFO: FVGs: 4 detected, 1 unfilled
12:11:47 core.sweep_detector INFO: SweepDetector v2: 2 raw → 1 confirmed (vol≥1.5× body≥40%)
12:11:47 core.sweep_detector INFO: OrderBlocks: 1 detected, 0 unmitigated
12:11:47 core.sweep_detector INFO: FVGs: 1 detected, 0 unfilled
12:11:49 core.sweep_detector INFO: SweepDetector v2: 3 raw → 1 confirmed (vol≥1.5× body≥40%)
12:11:49 core.sweep_detector INFO: OrderBlocks: 6 detected, 5 unmitigated
12:11:49 core.sweep_detector INFO: FVGs: 13 detected, 6 unfilled
12:11:51 core.sweep_detector INFO: SweepDetector v2: 5 raw → 4 confirmed (vol≥1.5× body≥40%)
12:11:51 core.sweep_detector INFO: OrderBlocks: 1 detected, 0 unmitigated
12:11:51 core.sweep_detector INFO: FVGs: 8 detected, 2 unfilled
12:11:53 core.sweep_detector INFO: SweepDetector v2: 4 raw → 2 confirmed (vol≥1.5× body≥40%)
12:11:53 core.sweep_detector INFO: OrderBlocks: 11 detected, 3 unmitigated
12:11:53 core.sweep_detector INFO: FVGs: 12 detected, 3 unfilled
12:11:55 core.sweep_detector INFO: SweepDetector v2: 6 raw → 1 confirmed (vol≥1.5× body≥40%)
12:11:55 core.sweep_detector INFO: OrderBlocks: 6 detected, 1 unmitigated
12:11:55 core.sweep_detector INFO: FVGs: 5 detected, 2 unfilled
12:11:56 core.sweep_detector INFO: SweepDetector v2: 3 raw → 2 confirmed (vol≥1.5× body≥40%)
12:11:56 core.sweep_detector INFO: OrderBlocks: 4 detected, 0 unmitigated
12:11:56 core.sweep_detector INFO: FVGs: 5 detected, 3 unfilled
12:11:58 core.sweep_detector INFO: SweepDetector v2: 4 raw → 2 confirmed (vol≥1.5× body≥40%)
12:11:58 core.sweep_detector INFO: OrderBlocks: 4 detected, 0 unmitigated
12:11:58 core.sweep_detector INFO: FVGs: 3 detected, 0 unfilled
12:12:00 core.sweep_detector INFO: SweepDetector v2: 0 raw → 0 confirmed (vol≥1.5× body≥40%)
12:12:00 core.sweep_detector INFO: OrderBlocks: 0 detected, 0 unmitigated
12:12:00 core.sweep_detector INFO: FVGs: 2 detected, 1 unfilled
12:12:02 core.sweep_detector INFO: SweepDetector v2: 0 raw → 0 confirmed (vol≥1.5× body≥40%)
12:12:02 core.sweep_detector INFO: OrderBlocks: 2 detected, 2 unmitigated
12:12:02 core.sweep_detector INFO: FVGs: 4 detected, 2 unfilled
12:12:04 core.sweep_detector INFO: SweepDetector v2: 0 raw → 0 confirmed (vol≥1.5× body≥40%)
12:12:04 core.sweep_detector INFO: OrderBlocks: 9 detected, 1 unmitigated
12:12:04 core.sweep_detector INFO: FVGs: 0 detected, 0 unfilled
12:12:06 core.sweep_detector INFO: SweepDetector v2: 2 raw → 2 confirmed (vol≥1.5× body≥40%)
12:12:06 core.sweep_detector INFO: OrderBlocks: 7 detected, 3 unmitigated
12:12:06 core.sweep_detector INFO: FVGs: 9 detected, 4 unfilled
12:12:07 core.sweep_detector INFO: SweepDetector v2: 2 raw → 1 confirmed (vol≥1.5× body≥40%)
12:12:07 core.sweep_detector INFO: OrderBlocks: 3 detected, 1 unmitigated
12:12:07 core.sweep_detector INFO: FVGs: 6 detected, 2 unfilled
12:12:09 core.sweep_detector INFO: SweepDetector v2: 0 raw → 0 confirmed (vol≥1.5× body≥40%)
12:12:09 core.sweep_detector INFO: OrderBlocks: 7 detected, 0 unmitigated
12:12:09 core.sweep_detector INFO: FVGs: 6 detected, 1 unfilled
12:12:12 core.sweep_detector INFO: SweepDetector v2: 1 raw → 1 confirmed (vol≥1.5× body≥40%)
12:12:12 core.sweep_detector INFO: OrderBlocks: 8 detected, 1 unmitigated
12:12:12 core.sweep_detector INFO: FVGs: 10 detected, 4 unfilled
12:12:14 core.sweep_detector INFO: SweepDetector v2: 5 raw → 4 confirmed (vol≥1.5× body≥40%)
12:12:14 core.sweep_detector INFO: OrderBlocks: 1 detected, 0 unmitigated
12:12:14 core.sweep_detector INFO: FVGs: 12 detected, 3 unfilled
12:12:15 core.sweep_detector INFO: SweepDetector v2: 1 raw → 1 confirmed (vol≥1.5× body≥40%)
12:12:15 core.sweep_detector INFO: OrderBlocks: 3 detected, 1 unmitigated
12:12:15 core.sweep_detector INFO: FVGs: 6 detected, 3 unfilled
12:12:17 core.sweep_detector INFO: SweepDetector v2: 6 raw → 5 confirmed (vol≥1.5× body≥40%)
12:12:17 core.sweep_detector INFO: OrderBlocks: 4 detected, 1 unmitigated
12:12:17 core.sweep_detector INFO: FVGs: 8 detected, 2 unfilled
12:12:19 core.sweep_detector INFO: SweepDetector v2: 2 raw → 1 confirmed (vol≥1.5× body≥40%)
12:12:19 core.sweep_detector INFO: OrderBlocks: 3 detected, 1 unmitigated
12:12:19 core.sweep_detector INFO: FVGs: 5 detected, 1 unfilled
12:12:21 core.sweep_detector INFO: SweepDetector v2: 2 raw → 2 confirmed (vol≥1.5× body≥40%)
12:12:21 core.sweep_detector INFO: OrderBlocks: 10 detected, 1 unmitigated
12:12:21 core.sweep_detector INFO: FVGs: 6 detected, 1 unfilled
12:12:22 core.sweep_detector INFO: SweepDetector v2: 1 raw → 1 confirmed (vol≥1.5× body≥40%)
12:12:22 core.sweep_detector INFO: OrderBlocks: 0 detected, 0 unmitigated
12:12:22 core.sweep_detector INFO: FVGs: 0 detected, 0 unfilled
12:12:24 core.sweep_detector INFO: SweepDetector v2: 0 raw → 0 confirmed (vol≥1.5× body≥40%)
12:12:24 core.sweep_detector INFO: OrderBlocks: 3 detected, 0 unmitigated
12:12:24 core.sweep_detector INFO: FVGs: 0 detected, 0 unfilled
12:12:26 core.sweep_detector INFO: SweepDetector v2: 0 raw → 0 confirmed (vol≥1.5× body≥40%)
12:12:26 core.sweep_detector INFO: OrderBlocks: 0 detected, 0 unmitigated
12:12:26 core.sweep_detector INFO: FVGs: 0 detected, 0 unfilled
12:12:28 core.sweep_detector INFO: SweepDetector v2: 3 raw → 0 confirmed (vol≥1.5× body≥40%)
12:12:28 core.sweep_detector INFO: OrderBlocks: 5 detected, 2 unmitigated
12:12:28 core.sweep_detector INFO: FVGs: 6 detected, 1 unfilled
12:12:30 core.sweep_detector INFO: SweepDetector v2: 1 raw → 1 confirmed (vol≥1.5× body≥40%)
12:12:30 core.sweep_detector INFO: OrderBlocks: 6 detected, 1 unmitigated
12:12:30 core.sweep_detector INFO: FVGs: 9 detected, 3 unfilled
12:12:32 core.sweep_detector INFO: SweepDetector v2: 2 raw → 1 confirmed (vol≥1.5× body≥40%)
12:12:32 core.sweep_detector INFO: OrderBlocks: 7 detected, 2 unmitigated
12:12:32 core.sweep_detector INFO: FVGs: 10 detected, 3 unfilled
12:12:34 core.sweep_detector INFO: SweepDetector v2: 7 raw → 3 confirmed (vol≥1.5× body≥40%)
12:12:34 core.sweep_detector INFO: OrderBlocks: 10 detected, 2 unmitigated
12:12:34 core.sweep_detector INFO: FVGs: 10 detected, 2 unfilled
12:12:35 core.sweep_detector INFO: SweepDetector v2: 2 raw → 2 confirmed (vol≥1.5× body≥40%)
12:12:35 core.sweep_detector INFO: OrderBlocks: 7 detected, 2 unmitigated
12:12:35 core.sweep_detector INFO: FVGs: 15 detected, 4 unfilled
12:12:37 core.sweep_detector INFO: SweepDetector v2: 2 raw → 2 confirmed (vol≥1.5× body≥40%)
12:12:37 core.sweep_detector INFO: OrderBlocks: 6 detected, 1 unmitigated
12:12:37 core.sweep_detector INFO: FVGs: 9 detected, 3 unfilled
12:12:39 core.sweep_detector INFO: SweepDetector v2: 2 raw → 1 confirmed (vol≥1.5× body≥40%)
12:12:39 core.sweep_detector INFO: OrderBlocks: 6 detected, 0 unmitigated
12:12:39 core.sweep_detector INFO: FVGs: 6 detected, 1 unfilled
12:12:41 core.sweep_detector INFO: SweepDetector v2: 3 raw → 2 confirmed (vol≥1.5× body≥40%)
12:12:41 core.sweep_detector INFO: OrderBlocks: 1 detected, 0 unmitigated
12:12:41 core.sweep_detector INFO: FVGs: 5 detected, 0 unfilled
12:12:43 core.sweep_detector INFO: SweepDetector v2: 5 raw → 5 confirmed (vol≥1.5× body≥40%)
12:12:43 core.sweep_detector INFO: OrderBlocks: 7 detected, 1 unmitigated
12:12:43 core.sweep_detector INFO: FVGs: 8 detected, 2 unfilled
12:12:45 core.sweep_detector INFO: SweepDetector v2: 4 raw → 2 confirmed (vol≥1.5× body≥40%)
12:12:45 core.sweep_detector INFO: OrderBlocks: 6 detected, 3 unmitigated
12:12:45 core.sweep_detector INFO: FVGs: 9 detected, 5 unfilled
12:12:48 core.sweep_detector INFO: SweepDetector v2: 4 raw → 2 confirmed (vol≥1.5× body≥40%)
12:12:48 core.sweep_detector INFO: OrderBlocks: 4 detected, 1 unmitigated
12:12:48 core.sweep_detector INFO: FVGs: 9 detected, 2 unfilled
12:12:50 core.sweep_detector INFO: SweepDetector v2: 1 raw → 1 confirmed (vol≥1.5× body≥40%)
12:12:50 core.sweep_detector INFO: OrderBlocks: 6 detected, 1 unmitigated
12:12:50 core.sweep_detector INFO: FVGs: 6 detected, 2 unfilled
12:12:52 core.sweep_detector INFO: SweepDetector v2: 3 raw → 2 confirmed (vol≥1.5× body≥40%)
12:12:52 core.sweep_detector INFO: OrderBlocks: 6 detected, 2 unmitigated
12:12:52 core.sweep_detector INFO: FVGs: 7 detected, 2 unfilled
12:12:54 core.sweep_detector INFO: SweepDetector v2: 4 raw → 4 confirmed (vol≥1.5× body≥40%)
12:12:54 core.sweep_detector INFO: OrderBlocks: 0 detected, 0 unmitigated
12:12:54 core.sweep_detector INFO: FVGs: 11 detected, 1 unfilled
12:12:55 core.sweep_detector INFO: SweepDetector v2: 1 raw → 1 confirmed (vol≥1.5× body≥40%)
12:12:55 core.sweep_detector INFO: OrderBlocks: 5 detected, 1 unmitigated
12:12:55 core.sweep_detector INFO: FVGs: 10 detected, 2 unfilled
12:12:57 core.sweep_detector INFO: SweepDetector v2: 5 raw → 3 confirmed (vol≥1.5× body≥40%)
12:12:57 core.sweep_detector INFO: OrderBlocks: 8 detected, 3 unmitigated
12:12:57 core.sweep_detector INFO: FVGs: 11 detected, 2 unfilled
12:12:59 core.sweep_detector INFO: SweepDetector v2: 3 raw → 2 confirmed (vol≥1.5× body≥40%)
12:12:59 core.sweep_detector INFO: OrderBlocks: 5 detected, 0 unmitigated
12:12:59 core.sweep_detector INFO: FVGs: 4 detected, 1 unfilled
12:13:01 core.sweep_detector INFO: SweepDetector v2: 2 raw → 1 confirmed (vol≥1.5× body≥40%)
12:13:01 core.sweep_detector INFO: OrderBlocks: 4 detected, 1 unmitigated
12:13:01 core.sweep_detector INFO: FVGs: 4 detected, 0 unfilled
12:13:03 core.sweep_detector INFO: SweepDetector v2: 6 raw → 5 confirmed (vol≥1.5× body≥40%)
12:13:03 core.sweep_detector INFO: OrderBlocks: 7 detected, 3 unmitigated
12:13:03 core.sweep_detector INFO: FVGs: 8 detected, 5 unfilled
12:13:05 core.sweep_detector INFO: SweepDetector v2: 6 raw → 4 confirmed (vol≥1.5× body≥40%)
12:13:05 core.sweep_detector INFO: OrderBlocks: 5 detected, 1 unmitigated
12:13:05 core.sweep_detector INFO: FVGs: 7 detected, 2 unfilled
12:13:07 core.sweep_detector INFO: SweepDetector v2: 2 raw → 2 confirmed (vol≥1.5× body≥40%)
12:13:07 core.sweep_detector INFO: OrderBlocks: 8 detected, 2 unmitigated
12:13:07 core.sweep_detector INFO: FVGs: 8 detected, 3 unfilled
12:13:07 __main__ INFO: Checking 3 open trades for exit conditions
/root/.openclaw/workspace/projects/crypto-liquidity-hunter/main.py:555: DeprecationWarning: datetime.datetime.utcnow() is deprecated and scheduled for removal in a future version. Use timezone-aware objects to represent datetimes in UTC: datetime.datetime.now(datetime.UTC).
  scan_end     = datetime.utcnow()

=== SCAN ALL: 139 pairs, 3 timeframes ===
Total signals generated: 1
  binance:TON/USDT 15m SHORT Entry=1.25 SL=1.26 TP=1.21 R:R=14.33
