10:55:02 __main__ INFO: Volume filter: fetching all tickers in one call...
10:55:04 __main__ INFO: Volume filter: 140/447 pairs pass $1M threshold
/root/.openclaw/workspace/projects/crypto-liquidity-hunter/main.py:292: DeprecationWarning: datetime.datetime.utcnow() is deprecated and scheduled for removal in a future version. Use timezone-aware objects to represent datetimes in UTC: datetime.datetime.now(datetime.UTC).
  scan_start = datetime.utcnow()   # for duration tracking
10:55:05 core.binance_connector INFO: BinanceConnector: connected [LIVE FUTURES]
10:55:05 __main__ INFO: Auto-executor: account 'Liquiddbot1' mode=live exec=auto
10:55:07 core.sweep_detector INFO: SweepDetector v2: 3 raw → 2 confirmed (vol≥1.5× body≥40%)
10:55:07 core.sweep_detector INFO: OrderBlocks: 8 detected, 0 unmitigated
10:55:07 core.sweep_detector INFO: FVGs: 12 detected, 2 unfilled
10:55:09 core.sweep_detector INFO: SweepDetector v2: 7 raw → 6 confirmed (vol≥1.5× body≥40%)
10:55:09 core.sweep_detector INFO: OrderBlocks: 3 detected, 2 unmitigated
10:55:09 core.sweep_detector INFO: FVGs: 14 detected, 6 unfilled
10:55:11 core.sweep_detector INFO: SweepDetector v2: 3 raw → 2 confirmed (vol≥1.5× body≥40%)
10:55:11 core.sweep_detector INFO: OrderBlocks: 3 detected, 2 unmitigated
10:55:11 core.sweep_detector INFO: FVGs: 7 detected, 4 unfilled
10:55:12 core.sweep_detector INFO: SweepDetector v2: 3 raw → 2 confirmed (vol≥1.5× body≥40%)
10:55:13 core.sweep_detector INFO: OrderBlocks: 3 detected, 2 unmitigated
10:55:13 core.sweep_detector INFO: FVGs: 7 detected, 3 unfilled
10:55:14 core.sweep_detector INFO: SweepDetector v2: 3 raw → 1 confirmed (vol≥1.5× body≥40%)
10:55:14 core.sweep_detector INFO: OrderBlocks: 1 detected, 0 unmitigated
10:55:14 core.sweep_detector INFO: FVGs: 5 detected, 0 unfilled
10:55:16 core.sweep_detector INFO: SweepDetector v2: 4 raw → 4 confirmed (vol≥1.5× body≥40%)
10:55:16 core.sweep_detector INFO: OrderBlocks: 1 detected, 0 unmitigated
10:55:16 core.sweep_detector INFO: FVGs: 3 detected, 1 unfilled
10:55:18 core.sweep_detector INFO: SweepDetector v2: 4 raw → 3 confirmed (vol≥1.5× body≥40%)
10:55:18 core.sweep_detector INFO: OrderBlocks: 10 detected, 4 unmitigated
10:55:18 core.sweep_detector INFO: FVGs: 11 detected, 6 unfilled
10:55:19 core.sweep_detector INFO: SweepDetector v2: 5 raw → 4 confirmed (vol≥1.5× body≥40%)
10:55:19 core.sweep_detector INFO: OrderBlocks: 2 detected, 0 unmitigated
10:55:19 core.sweep_detector INFO: FVGs: 8 detected, 5 unfilled
10:55:21 core.sweep_detector INFO: SweepDetector v2: 4 raw → 1 confirmed (vol≥1.5× body≥40%)
10:55:21 core.sweep_detector INFO: OrderBlocks: 6 detected, 5 unmitigated
10:55:21 core.sweep_detector INFO: FVGs: 7 detected, 4 unfilled
10:55:23 core.sweep_detector INFO: SweepDetector v2: 3 raw → 2 confirmed (vol≥1.5× body≥40%)
10:55:23 core.sweep_detector INFO: OrderBlocks: 7 detected, 0 unmitigated
10:55:23 core.sweep_detector INFO: FVGs: 10 detected, 4 unfilled
10:55:25 core.sweep_detector INFO: SweepDetector v2: 5 raw → 2 confirmed (vol≥1.5× body≥40%)
10:55:25 core.sweep_detector INFO: OrderBlocks: 2 detected, 1 unmitigated
10:55:25 core.sweep_detector INFO: FVGs: 5 detected, 3 unfilled
10:55:27 core.sweep_detector INFO: SweepDetector v2: 2 raw → 2 confirmed (vol≥1.5× body≥40%)
10:55:27 core.sweep_detector INFO: OrderBlocks: 4 detected, 2 unmitigated
10:55:27 core.sweep_detector INFO: FVGs: 3 detected, 2 unfilled
10:55:29 core.sweep_detector INFO: SweepDetector v2: 3 raw → 2 confirmed (vol≥1.5× body≥40%)
10:55:29 core.sweep_detector INFO: OrderBlocks: 2 detected, 1 unmitigated
10:55:29 core.sweep_detector INFO: FVGs: 3 detected, 2 unfilled
10:55:31 core.sweep_detector INFO: SweepDetector v2: 1 raw → 0 confirmed (vol≥1.5× body≥40%)
10:55:31 core.sweep_detector INFO: OrderBlocks: 2 detected, 0 unmitigated
10:55:31 core.sweep_detector INFO: FVGs: 7 detected, 2 unfilled
10:55:33 core.sweep_detector INFO: SweepDetector v2: 6 raw → 2 confirmed (vol≥1.5× body≥40%)
10:55:33 core.sweep_detector INFO: OrderBlocks: 0 detected, 0 unmitigated
10:55:33 core.sweep_detector INFO: FVGs: 5 detected, 3 unfilled
10:55:35 core.sweep_detector INFO: SweepDetector v2: 1 raw → 1 confirmed (vol≥1.5× body≥40%)
10:55:35 core.sweep_detector INFO: OrderBlocks: 5 detected, 0 unmitigated
10:55:35 core.sweep_detector INFO: FVGs: 5 detected, 1 unfilled
10:55:37 core.sweep_detector INFO: SweepDetector v2: 3 raw → 2 confirmed (vol≥1.5× body≥40%)
10:55:37 core.sweep_detector INFO: OrderBlocks: 5 detected, 2 unmitigated
10:55:37 core.sweep_detector INFO: FVGs: 4 detected, 0 unfilled
10:55:39 core.sweep_detector INFO: SweepDetector v2: 4 raw → 4 confirmed (vol≥1.5× body≥40%)
10:55:39 core.sweep_detector INFO: OrderBlocks: 2 detected, 0 unmitigated
10:55:39 core.sweep_detector INFO: FVGs: 6 detected, 3 unfilled
10:55:41 core.sweep_detector INFO: SweepDetector v2: 4 raw → 2 confirmed (vol≥1.5× body≥40%)
10:55:41 core.sweep_detector INFO: OrderBlocks: 6 detected, 2 unmitigated
10:55:41 core.sweep_detector INFO: FVGs: 8 detected, 1 unfilled
10:55:43 core.sweep_detector INFO: SweepDetector v2: 2 raw → 1 confirmed (vol≥1.5× body≥40%)
10:55:43 core.sweep_detector INFO: OrderBlocks: 4 detected, 3 unmitigated
10:55:43 core.sweep_detector INFO: FVGs: 5 detected, 3 unfilled
10:55:44 core.sweep_detector INFO: SweepDetector v2: 2 raw → 2 confirmed (vol≥1.5× body≥40%)
10:55:44 core.sweep_detector INFO: OrderBlocks: 4 detected, 3 unmitigated
10:55:44 core.sweep_detector INFO: FVGs: 10 detected, 6 unfilled
10:55:46 core.sweep_detector INFO: SweepDetector v2: 5 raw → 3 confirmed (vol≥1.5× body≥40%)
10:55:46 core.sweep_detector INFO: OrderBlocks: 7 detected, 2 unmitigated
10:55:46 core.sweep_detector INFO: FVGs: 8 detected, 2 unfilled
10:55:48 core.sweep_detector INFO: SweepDetector v2: 4 raw → 3 confirmed (vol≥1.5× body≥40%)
10:55:48 core.sweep_detector INFO: OrderBlocks: 1 detected, 0 unmitigated
10:55:48 core.sweep_detector INFO: FVGs: 10 detected, 4 unfilled
10:55:50 core.sweep_detector INFO: SweepDetector v2: 3 raw → 2 confirmed (vol≥1.5× body≥40%)
10:55:50 core.sweep_detector INFO: OrderBlocks: 3 detected, 1 unmitigated
10:55:50 core.sweep_detector INFO: FVGs: 9 detected, 5 unfilled
10:55:52 core.sweep_detector INFO: SweepDetector v2: 3 raw → 1 confirmed (vol≥1.5× body≥40%)
10:55:52 core.sweep_detector INFO: OrderBlocks: 4 detected, 2 unmitigated
10:55:52 core.sweep_detector INFO: FVGs: 5 detected, 1 unfilled
10:55:53 core.sweep_detector INFO: SweepDetector v2: 1 raw → 0 confirmed (vol≥1.5× body≥40%)
10:55:53 core.sweep_detector INFO: OrderBlocks: 1 detected, 0 unmitigated
10:55:53 core.sweep_detector INFO: FVGs: 5 detected, 1 unfilled
10:55:55 core.sweep_detector INFO: SweepDetector v2: 3 raw → 2 confirmed (vol≥1.5× body≥40%)
10:55:55 core.sweep_detector INFO: OrderBlocks: 2 detected, 0 unmitigated
10:55:55 core.sweep_detector INFO: FVGs: 5 detected, 0 unfilled
10:55:57 core.sweep_detector INFO: SweepDetector v2: 3 raw → 2 confirmed (vol≥1.5× body≥40%)
10:55:57 core.sweep_detector INFO: OrderBlocks: 5 detected, 3 unmitigated
10:55:57 core.sweep_detector INFO: FVGs: 9 detected, 4 unfilled
10:55:59 core.sweep_detector INFO: SweepDetector v2: 4 raw → 2 confirmed (vol≥1.5× body≥40%)
10:55:59 core.sweep_detector INFO: OrderBlocks: 2 detected, 1 unmitigated
10:55:59 core.sweep_detector INFO: FVGs: 5 detected, 3 unfilled
10:56:01 core.sweep_detector INFO: SweepDetector v2: 0 raw → 0 confirmed (vol≥1.5× body≥40%)
10:56:01 core.sweep_detector INFO: OrderBlocks: 1 detected, 0 unmitigated
10:56:01 core.sweep_detector INFO: FVGs: 8 detected, 3 unfilled
10:56:03 core.sweep_detector INFO: SweepDetector v2: 0 raw → 0 confirmed (vol≥1.5× body≥40%)
10:56:03 core.sweep_detector INFO: OrderBlocks: 2 detected, 0 unmitigated
10:56:03 core.sweep_detector INFO: FVGs: 2 detected, 1 unfilled
10:56:05 core.sweep_detector INFO: SweepDetector v2: 9 raw → 6 confirmed (vol≥1.5× body≥40%)
10:56:05 core.sweep_detector INFO: OrderBlocks: 0 detected, 0 unmitigated
10:56:05 core.sweep_detector INFO: FVGs: 1 detected, 0 unfilled
10:56:07 core.sweep_detector INFO: SweepDetector v2: 3 raw → 2 confirmed (vol≥1.5× body≥40%)
10:56:07 core.sweep_detector INFO: OrderBlocks: 1 detected, 0 unmitigated
10:56:07 core.sweep_detector INFO: FVGs: 0 detected, 0 unfilled
10:56:09 core.sweep_detector INFO: SweepDetector v2: 7 raw → 6 confirmed (vol≥1.5× body≥40%)
10:56:09 core.sweep_detector INFO: OrderBlocks: 7 detected, 1 unmitigated
10:56:09 core.sweep_detector INFO: FVGs: 9 detected, 2 unfilled
10:56:11 core.sweep_detector INFO: SweepDetector v2: 7 raw → 3 confirmed (vol≥1.5× body≥40%)
10:56:11 core.sweep_detector INFO: OrderBlocks: 6 detected, 2 unmitigated
10:56:11 core.sweep_detector INFO: FVGs: 7 detected, 4 unfilled
10:56:13 core.sweep_detector INFO: SweepDetector v2: 4 raw → 2 confirmed (vol≥1.5× body≥40%)
10:56:13 core.sweep_detector INFO: OrderBlocks: 6 detected, 2 unmitigated
10:56:13 core.sweep_detector INFO: FVGs: 10 detected, 3 unfilled
10:56:15 core.sweep_detector INFO: SweepDetector v2: 6 raw → 6 confirmed (vol≥1.5× body≥40%)
10:56:15 core.sweep_detector INFO: OrderBlocks: 1 detected, 0 unmitigated
10:56:15 core.sweep_detector INFO: FVGs: 3 detected, 0 unfilled
10:56:17 core.sweep_detector INFO: SweepDetector v2: 2 raw → 2 confirmed (vol≥1.5× body≥40%)
10:56:17 core.sweep_detector INFO: OrderBlocks: 4 detected, 0 unmitigated
10:56:17 core.sweep_detector INFO: FVGs: 1 detected, 0 unfilled
10:56:18 core.sweep_detector INFO: SweepDetector v2: 3 raw → 2 confirmed (vol≥1.5× body≥40%)
10:56:18 core.sweep_detector INFO: OrderBlocks: 3 detected, 0 unmitigated
10:56:18 core.sweep_detector INFO: FVGs: 3 detected, 1 unfilled
10:56:21 core.sweep_detector INFO: SweepDetector v2: 6 raw → 4 confirmed (vol≥1.5× body≥40%)
10:56:21 core.sweep_detector INFO: OrderBlocks: 7 detected, 2 unmitigated
10:56:21 core.sweep_detector INFO: FVGs: 8 detected, 4 unfilled
10:56:23 core.sweep_detector INFO: SweepDetector v2: 2 raw → 2 confirmed (vol≥1.5× body≥40%)
10:56:23 core.sweep_detector INFO: OrderBlocks: 4 detected, 0 unmitigated
10:56:23 core.sweep_detector INFO: FVGs: 5 detected, 2 unfilled
10:56:25 core.sweep_detector INFO: SweepDetector v2: 5 raw → 4 confirmed (vol≥1.5× body≥40%)
10:56:25 core.sweep_detector INFO: OrderBlocks: 3 detected, 1 unmitigated
10:56:25 core.sweep_detector INFO: FVGs: 6 detected, 1 unfilled
10:56:26 core.sweep_detector INFO: SweepDetector v2: 9 raw → 6 confirmed (vol≥1.5× body≥40%)
10:56:26 core.sweep_detector INFO: OrderBlocks: 3 detected, 1 unmitigated
10:56:26 core.sweep_detector INFO: FVGs: 12 detected, 6 unfilled
10:56:28 core.sweep_detector INFO: SweepDetector v2: 4 raw → 3 confirmed (vol≥1.5× body≥40%)
10:56:28 core.sweep_detector INFO: OrderBlocks: 2 detected, 1 unmitigated
10:56:28 core.sweep_detector INFO: FVGs: 6 detected, 2 unfilled
10:56:30 core.sweep_detector INFO: SweepDetector v2: 2 raw → 2 confirmed (vol≥1.5× body≥40%)
10:56:30 core.sweep_detector INFO: OrderBlocks: 1 detected, 1 unmitigated
10:56:30 core.sweep_detector INFO: FVGs: 2 detected, 2 unfilled
10:56:32 core.sweep_detector INFO: SweepDetector v2: 7 raw → 7 confirmed (vol≥1.5× body≥40%)
10:56:32 core.sweep_detector INFO: OrderBlocks: 6 detected, 1 unmitigated
10:56:32 core.sweep_detector INFO: FVGs: 12 detected, 2 unfilled
10:56:34 core.sweep_detector INFO: SweepDetector v2: 2 raw → 0 confirmed (vol≥1.5× body≥40%)
10:56:34 core.sweep_detector INFO: OrderBlocks: 2 detected, 1 unmitigated
10:56:34 core.sweep_detector INFO: FVGs: 9 detected, 3 unfilled
10:56:36 core.sweep_detector INFO: SweepDetector v2: 1 raw → 1 confirmed (vol≥1.5× body≥40%)
10:56:36 core.sweep_detector INFO: OrderBlocks: 7 detected, 1 unmitigated
10:56:36 core.sweep_detector INFO: FVGs: 10 detected, 2 unfilled
10:56:37 core.sweep_detector INFO: SweepDetector v2: 6 raw → 4 confirmed (vol≥1.5× body≥40%)
10:56:37 core.sweep_detector INFO: OrderBlocks: 6 detected, 3 unmitigated
10:56:37 core.sweep_detector INFO: FVGs: 8 detected, 3 unfilled
10:56:39 core.sweep_detector INFO: SweepDetector v2: 2 raw → 1 confirmed (vol≥1.5× body≥40%)
10:56:39 core.sweep_detector INFO: OrderBlocks: 4 detected, 3 unmitigated
10:56:39 core.sweep_detector INFO: FVGs: 7 detected, 3 unfilled
10:56:41 core.sweep_detector INFO: SweepDetector v2: 2 raw → 2 confirmed (vol≥1.5× body≥40%)
10:56:41 core.sweep_detector INFO: OrderBlocks: 3 detected, 1 unmitigated
10:56:41 core.sweep_detector INFO: FVGs: 3 detected, 0 unfilled
10:56:43 core.sweep_detector INFO: SweepDetector v2: 5 raw → 4 confirmed (vol≥1.5× body≥40%)
10:56:43 core.sweep_detector INFO: OrderBlocks: 2 detected, 2 unmitigated
10:56:43 core.sweep_detector INFO: FVGs: 16 detected, 5 unfilled
10:56:45 core.sweep_detector INFO: SweepDetector v2: 6 raw → 4 confirmed (vol≥1.5× body≥40%)
10:56:45 core.sweep_detector INFO: OrderBlocks: 9 detected, 2 unmitigated
10:56:45 core.sweep_detector INFO: FVGs: 16 detected, 5 unfilled
10:56:47 core.sweep_detector INFO: SweepDetector v2: 2 raw → 1 confirmed (vol≥1.5× body≥40%)
10:56:47 core.sweep_detector INFO: OrderBlocks: 8 detected, 2 unmitigated
10:56:47 core.sweep_detector INFO: FVGs: 12 detected, 4 unfilled
10:56:48 core.sweep_detector INFO: SweepDetector v2: 1 raw → 1 confirmed (vol≥1.5× body≥40%)
10:56:48 core.sweep_detector INFO: OrderBlocks: 2 detected, 1 unmitigated
10:56:48 core.sweep_detector INFO: FVGs: 4 detected, 0 unfilled
10:56:50 core.sweep_detector INFO: SweepDetector v2: 4 raw → 4 confirmed (vol≥1.5× body≥40%)
10:56:51 core.sweep_detector INFO: OrderBlocks: 1 detected, 0 unmitigated
10:56:51 core.sweep_detector INFO: FVGs: 6 detected, 2 unfilled
10:56:52 core.sweep_detector INFO: SweepDetector v2: 3 raw → 1 confirmed (vol≥1.5× body≥40%)
10:56:52 core.sweep_detector INFO: OrderBlocks: 6 detected, 0 unmitigated
10:56:52 core.sweep_detector INFO: FVGs: 1 detected, 0 unfilled
10:56:54 core.sweep_detector INFO: SweepDetector v2: 0 raw → 0 confirmed (vol≥1.5× body≥40%)
10:56:54 core.sweep_detector INFO: OrderBlocks: 0 detected, 0 unmitigated
10:56:54 core.sweep_detector INFO: FVGs: 0 detected, 0 unfilled
10:56:56 core.sweep_detector INFO: SweepDetector v2: 0 raw → 0 confirmed (vol≥1.5× body≥40%)
10:56:56 core.sweep_detector INFO: OrderBlocks: 1 detected, 0 unmitigated
10:56:56 core.sweep_detector INFO: FVGs: 0 detected, 0 unfilled
10:56:59 core.sweep_detector INFO: SweepDetector v2: 0 raw → 0 confirmed (vol≥1.5× body≥40%)
10:56:59 core.sweep_detector INFO: OrderBlocks: 0 detected, 0 unmitigated
10:56:59 core.sweep_detector INFO: FVGs: 0 detected, 0 unfilled
10:57:01 core.sweep_detector INFO: SweepDetector v2: 8 raw → 7 confirmed (vol≥1.5× body≥40%)
10:57:01 core.sweep_detector INFO: OrderBlocks: 4 detected, 2 unmitigated
10:57:01 core.sweep_detector INFO: FVGs: 3 detected, 1 unfilled
10:57:03 core.sweep_detector INFO: SweepDetector v2: 7 raw → 6 confirmed (vol≥1.5× body≥40%)
10:57:03 core.sweep_detector INFO: OrderBlocks: 4 detected, 1 unmitigated
10:57:03 core.sweep_detector INFO: FVGs: 6 detected, 2 unfilled
10:57:04 core.sweep_detector INFO: SweepDetector v2: 4 raw → 2 confirmed (vol≥1.5× body≥40%)
10:57:04 core.sweep_detector INFO: OrderBlocks: 1 detected, 1 unmitigated
10:57:04 core.sweep_detector INFO: FVGs: 12 detected, 7 unfilled
10:57:06 core.sweep_detector INFO: SweepDetector v2: 2 raw → 2 confirmed (vol≥1.5× body≥40%)
10:57:06 core.sweep_detector INFO: OrderBlocks: 7 detected, 3 unmitigated
10:57:06 core.sweep_detector INFO: FVGs: 5 detected, 4 unfilled
10:57:08 core.sweep_detector INFO: SweepDetector v2: 3 raw → 0 confirmed (vol≥1.5× body≥40%)
10:57:08 core.sweep_detector INFO: OrderBlocks: 2 detected, 1 unmitigated
10:57:08 core.sweep_detector INFO: FVGs: 2 detected, 2 unfilled
10:57:10 core.sweep_detector INFO: SweepDetector v2: 3 raw → 3 confirmed (vol≥1.5× body≥40%)
10:57:10 core.sweep_detector INFO: OrderBlocks: 0 detected, 0 unmitigated
10:57:10 core.sweep_detector INFO: FVGs: 3 detected, 2 unfilled
10:57:12 core.sweep_detector INFO: SweepDetector v2: 4 raw → 3 confirmed (vol≥1.5× body≥40%)
10:57:12 core.sweep_detector INFO: OrderBlocks: 7 detected, 4 unmitigated
10:57:12 core.sweep_detector INFO: FVGs: 10 detected, 4 unfilled
10:57:14 core.sweep_detector INFO: SweepDetector v2: 3 raw → 2 confirmed (vol≥1.5× body≥40%)
10:57:14 core.sweep_detector INFO: OrderBlocks: 3 detected, 1 unmitigated
10:57:14 core.sweep_detector INFO: FVGs: 5 detected, 0 unfilled
10:57:16 core.sweep_detector INFO: SweepDetector v2: 3 raw → 3 confirmed (vol≥1.5× body≥40%)
10:57:16 core.sweep_detector INFO: OrderBlocks: 4 detected, 3 unmitigated
10:57:16 core.sweep_detector INFO: FVGs: 1 detected, 1 unfilled
10:57:17 core.sweep_detector INFO: SweepDetector v2: 3 raw → 2 confirmed (vol≥1.5× body≥40%)
10:57:17 core.sweep_detector INFO: OrderBlocks: 6 detected, 0 unmitigated
10:57:17 core.sweep_detector INFO: FVGs: 7 detected, 3 unfilled
10:57:19 core.sweep_detector INFO: SweepDetector v2: 4 raw → 3 confirmed (vol≥1.5× body≥40%)
10:57:19 core.sweep_detector INFO: OrderBlocks: 2 detected, 0 unmitigated
10:57:19 core.sweep_detector INFO: FVGs: 7 detected, 1 unfilled
10:57:21 core.sweep_detector INFO: SweepDetector v2: 2 raw → 2 confirmed (vol≥1.5× body≥40%)
10:57:21 core.sweep_detector INFO: OrderBlocks: 1 detected, 1 unmitigated
10:57:21 core.sweep_detector INFO: FVGs: 4 detected, 1 unfilled
10:57:24 core.sweep_detector INFO: SweepDetector v2: 4 raw → 3 confirmed (vol≥1.5× body≥40%)
10:57:24 core.sweep_detector INFO: OrderBlocks: 4 detected, 2 unmitigated
10:57:24 core.sweep_detector INFO: FVGs: 7 detected, 2 unfilled
10:57:25 core.sweep_detector INFO: SweepDetector v2: 3 raw → 2 confirmed (vol≥1.5× body≥40%)
10:57:25 core.sweep_detector INFO: OrderBlocks: 2 detected, 0 unmitigated
10:57:25 core.sweep_detector INFO: FVGs: 6 detected, 1 unfilled
10:57:27 core.sweep_detector INFO: SweepDetector v2: 3 raw → 2 confirmed (vol≥1.5× body≥40%)
10:57:27 core.sweep_detector INFO: OrderBlocks: 6 detected, 1 unmitigated
10:57:27 core.sweep_detector INFO: FVGs: 3 detected, 0 unfilled
10:57:29 core.sweep_detector INFO: SweepDetector v2: 9 raw → 6 confirmed (vol≥1.5× body≥40%)
10:57:29 core.sweep_detector INFO: OrderBlocks: 4 detected, 2 unmitigated
10:57:29 core.sweep_detector INFO: FVGs: 9 detected, 3 unfilled
10:57:31 core.sweep_detector INFO: SweepDetector v2: 6 raw → 2 confirmed (vol≥1.5× body≥40%)
10:57:31 core.sweep_detector INFO: OrderBlocks: 3 detected, 1 unmitigated
10:57:31 core.sweep_detector INFO: FVGs: 7 detected, 2 unfilled
10:57:33 core.sweep_detector INFO: SweepDetector v2: 5 raw → 3 confirmed (vol≥1.5× body≥40%)
10:57:33 core.sweep_detector INFO: OrderBlocks: 7 detected, 2 unmitigated
10:57:33 core.sweep_detector INFO: FVGs: 15 detected, 5 unfilled
10:57:35 core.sweep_detector INFO: SweepDetector v2: 2 raw → 2 confirmed (vol≥1.5× body≥40%)
10:57:35 core.sweep_detector INFO: OrderBlocks: 7 detected, 2 unmitigated
10:57:35 core.sweep_detector INFO: FVGs: 9 detected, 2 unfilled
10:57:36 core.sweep_detector INFO: SweepDetector v2: 2 raw → 1 confirmed (vol≥1.5× body≥40%)
10:57:36 core.sweep_detector INFO: OrderBlocks: 3 detected, 2 unmitigated
10:57:36 core.sweep_detector INFO: FVGs: 5 detected, 1 unfilled
10:57:38 core.sweep_detector INFO: SweepDetector v2: 4 raw → 4 confirmed (vol≥1.5× body≥40%)
10:57:38 core.sweep_detector INFO: OrderBlocks: 2 detected, 1 unmitigated
10:57:38 core.sweep_detector INFO: FVGs: 5 detected, 1 unfilled
10:57:40 core.sweep_detector INFO: SweepDetector v2: 8 raw → 4 confirmed (vol≥1.5× body≥40%)
10:57:40 core.sweep_detector INFO: OrderBlocks: 8 detected, 0 unmitigated
10:57:40 core.sweep_detector INFO: FVGs: 9 detected, 3 unfilled
10:57:42 core.sweep_detector INFO: SweepDetector v2: 1 raw → 0 confirmed (vol≥1.5× body≥40%)
10:57:42 core.sweep_detector INFO: OrderBlocks: 6 detected, 2 unmitigated
10:57:42 core.sweep_detector INFO: FVGs: 15 detected, 4 unfilled
10:57:43 core.sweep_detector INFO: SweepDetector v2: 5 raw → 3 confirmed (vol≥1.5× body≥40%)
10:57:43 core.sweep_detector INFO: OrderBlocks: 4 detected, 2 unmitigated
10:57:43 core.sweep_detector INFO: FVGs: 13 detected, 4 unfilled
10:57:45 core.sweep_detector INFO: SweepDetector v2: 0 raw → 0 confirmed (vol≥1.5× body≥40%)
10:57:45 core.sweep_detector INFO: OrderBlocks: 4 detected, 1 unmitigated
10:57:45 core.sweep_detector INFO: FVGs: 7 detected, 2 unfilled
10:57:47 core.sweep_detector INFO: SweepDetector v2: 5 raw → 3 confirmed (vol≥1.5× body≥40%)
10:57:47 core.sweep_detector INFO: OrderBlocks: 5 detected, 3 unmitigated
10:57:47 core.sweep_detector INFO: FVGs: 6 detected, 3 unfilled
10:57:48 core.sweep_detector INFO: SweepDetector v2: 1 raw → 0 confirmed (vol≥1.5× body≥40%)
10:57:48 core.sweep_detector INFO: OrderBlocks: 8 detected, 3 unmitigated
10:57:48 core.sweep_detector INFO: FVGs: 5 detected, 2 unfilled
10:57:50 core.sweep_detector INFO: SweepDetector v2: 1 raw → 0 confirmed (vol≥1.5× body≥40%)
10:57:50 core.sweep_detector INFO: OrderBlocks: 1 detected, 1 unmitigated
10:57:50 core.sweep_detector INFO: FVGs: 6 detected, 4 unfilled
10:57:52 core.sweep_detector INFO: SweepDetector v2: 1 raw → 0 confirmed (vol≥1.5× body≥40%)
10:57:52 core.sweep_detector INFO: OrderBlocks: 6 detected, 2 unmitigated
10:57:52 core.sweep_detector INFO: FVGs: 4 detected, 2 unfilled
10:57:54 core.sweep_detector INFO: SweepDetector v2: 0 raw → 0 confirmed (vol≥1.5× body≥40%)
10:57:54 core.sweep_detector INFO: OrderBlocks: 8 detected, 3 unmitigated
10:57:54 core.sweep_detector INFO: FVGs: 9 detected, 4 unfilled
10:57:56 core.sweep_detector INFO: SweepDetector v2: 3 raw → 3 confirmed (vol≥1.5× body≥40%)
10:57:56 core.sweep_detector INFO: OrderBlocks: 6 detected, 1 unmitigated
10:57:56 core.sweep_detector INFO: FVGs: 9 detected, 4 unfilled
10:57:57 core.sweep_detector INFO: SweepDetector v2: 7 raw → 5 confirmed (vol≥1.5× body≥40%)
10:57:57 core.sweep_detector INFO: OrderBlocks: 5 detected, 3 unmitigated
10:57:58 core.sweep_detector INFO: FVGs: 12 detected, 6 unfilled
10:57:59 core.sweep_detector INFO: SweepDetector v2: 2 raw → 0 confirmed (vol≥1.5× body≥40%)
10:57:59 core.sweep_detector INFO: OrderBlocks: 9 detected, 1 unmitigated
10:57:59 core.sweep_detector INFO: FVGs: 8 detected, 2 unfilled
10:58:01 core.sweep_detector INFO: SweepDetector v2: 1 raw → 1 confirmed (vol≥1.5× body≥40%)
10:58:01 core.sweep_detector INFO: OrderBlocks: 9 detected, 2 unmitigated
10:58:01 core.sweep_detector INFO: FVGs: 15 detected, 3 unfilled
10:58:03 core.sweep_detector INFO: SweepDetector v2: 4 raw → 3 confirmed (vol≥1.5× body≥40%)
10:58:03 core.sweep_detector INFO: OrderBlocks: 3 detected, 0 unmitigated
10:58:03 core.sweep_detector INFO: FVGs: 9 detected, 3 unfilled
10:58:05 core.sweep_detector INFO: SweepDetector v2: 0 raw → 0 confirmed (vol≥1.5× body≥40%)
10:58:05 core.sweep_detector INFO: OrderBlocks: 6 detected, 2 unmitigated
10:58:05 core.sweep_detector INFO: FVGs: 6 detected, 3 unfilled
10:58:07 core.sweep_detector INFO: SweepDetector v2: 4 raw → 2 confirmed (vol≥1.5× body≥40%)
10:58:07 core.sweep_detector INFO: OrderBlocks: 8 detected, 1 unmitigated
10:58:07 core.sweep_detector INFO: FVGs: 6 detected, 1 unfilled
10:58:09 core.sweep_detector INFO: SweepDetector v2: 6 raw → 3 confirmed (vol≥1.5× body≥40%)
10:58:09 core.sweep_detector INFO: OrderBlocks: 4 detected, 2 unmitigated
10:58:09 core.sweep_detector INFO: FVGs: 9 detected, 2 unfilled
10:58:11 core.sweep_detector INFO: SweepDetector v2: 4 raw → 2 confirmed (vol≥1.5× body≥40%)
10:58:11 core.sweep_detector INFO: OrderBlocks: 6 detected, 1 unmitigated
10:58:11 core.sweep_detector INFO: FVGs: 8 detected, 2 unfilled
10:58:13 core.sweep_detector INFO: SweepDetector v2: 2 raw → 1 confirmed (vol≥1.5× body≥40%)
10:58:13 core.sweep_detector INFO: OrderBlocks: 1 detected, 0 unmitigated
10:58:13 core.sweep_detector INFO: FVGs: 6 detected, 2 unfilled
10:58:14 core.sweep_detector INFO: SweepDetector v2: 4 raw → 3 confirmed (vol≥1.5× body≥40%)
10:58:14 core.sweep_detector INFO: OrderBlocks: 6 detected, 1 unmitigated
10:58:14 core.sweep_detector INFO: FVGs: 11 detected, 3 unfilled
10:58:16 core.sweep_detector INFO: SweepDetector v2: 1 raw → 0 confirmed (vol≥1.5× body≥40%)
10:58:17 core.sweep_detector INFO: OrderBlocks: 5 detected, 2 unmitigated
10:58:17 core.sweep_detector INFO: FVGs: 9 detected, 3 unfilled
10:58:18 core.sweep_detector INFO: SweepDetector v2: 7 raw → 5 confirmed (vol≥1.5× body≥40%)
10:58:18 core.sweep_detector INFO: OrderBlocks: 8 detected, 3 unmitigated
10:58:18 core.sweep_detector INFO: FVGs: 7 detected, 3 unfilled
10:58:20 core.sweep_detector INFO: SweepDetector v2: 1 raw → 0 confirmed (vol≥1.5× body≥40%)
10:58:20 core.sweep_detector INFO: OrderBlocks: 5 detected, 2 unmitigated
10:58:20 core.sweep_detector INFO: FVGs: 6 detected, 2 unfilled
10:58:22 core.sweep_detector INFO: SweepDetector v2: 4 raw → 3 confirmed (vol≥1.5× body≥40%)
10:58:22 core.sweep_detector INFO: OrderBlocks: 7 detected, 2 unmitigated
10:58:22 core.sweep_detector INFO: FVGs: 6 detected, 1 unfilled
10:58:24 core.sweep_detector INFO: SweepDetector v2: 4 raw → 4 confirmed (vol≥1.5× body≥40%)
10:58:24 core.sweep_detector INFO: OrderBlocks: 7 detected, 1 unmitigated
10:58:24 core.sweep_detector INFO: FVGs: 11 detected, 2 unfilled
10:58:27 core.sweep_detector INFO: SweepDetector v2: 7 raw → 3 confirmed (vol≥1.5× body≥40%)
10:58:27 core.sweep_detector INFO: OrderBlocks: 2 detected, 1 unmitigated
10:58:27 core.sweep_detector INFO: FVGs: 9 detected, 4 unfilled
10:58:29 core.sweep_detector INFO: SweepDetector v2: 1 raw → 1 confirmed (vol≥1.5× body≥40%)
10:58:29 core.sweep_detector INFO: OrderBlocks: 5 detected, 2 unmitigated
10:58:29 core.sweep_detector INFO: FVGs: 2 detected, 0 unfilled
10:58:31 core.sweep_detector INFO: SweepDetector v2: 2 raw → 0 confirmed (vol≥1.5× body≥40%)
10:58:31 core.sweep_detector INFO: OrderBlocks: 4 detected, 1 unmitigated
10:58:31 core.sweep_detector INFO: FVGs: 9 detected, 3 unfilled
10:58:33 core.sweep_detector INFO: SweepDetector v2: 6 raw → 4 confirmed (vol≥1.5× body≥40%)
10:58:33 core.sweep_detector INFO: OrderBlocks: 3 detected, 2 unmitigated
10:58:33 core.sweep_detector INFO: FVGs: 6 detected, 1 unfilled
10:58:35 core.sweep_detector INFO: SweepDetector v2: 0 raw → 0 confirmed (vol≥1.5× body≥40%)
10:58:35 core.sweep_detector INFO: OrderBlocks: 3 detected, 2 unmitigated
10:58:35 core.sweep_detector INFO: FVGs: 3 detected, 3 unfilled
10:58:37 core.sweep_detector INFO: SweepDetector v2: 2 raw → 2 confirmed (vol≥1.5× body≥40%)
10:58:37 core.sweep_detector INFO: OrderBlocks: 8 detected, 4 unmitigated
10:58:37 core.sweep_detector INFO: FVGs: 12 detected, 3 unfilled
10:58:39 core.sweep_detector INFO: SweepDetector v2: 3 raw → 3 confirmed (vol≥1.5× body≥40%)
10:58:39 core.sweep_detector INFO: OrderBlocks: 6 detected, 1 unmitigated
10:58:39 core.sweep_detector INFO: FVGs: 16 detected, 1 unfilled
10:58:41 core.sweep_detector INFO: SweepDetector v2: 1 raw → 0 confirmed (vol≥1.5× body≥40%)
10:58:41 core.sweep_detector INFO: OrderBlocks: 3 detected, 1 unmitigated
10:58:41 core.sweep_detector INFO: FVGs: 8 detected, 3 unfilled
10:58:43 core.sweep_detector INFO: SweepDetector v2: 5 raw → 4 confirmed (vol≥1.5× body≥40%)
10:58:43 core.sweep_detector INFO: OrderBlocks: 8 detected, 2 unmitigated
10:58:43 core.sweep_detector INFO: FVGs: 16 detected, 4 unfilled
10:58:44 core.sweep_detector INFO: SweepDetector v2: 3 raw → 3 confirmed (vol≥1.5× body≥40%)
10:58:44 core.sweep_detector INFO: OrderBlocks: 6 detected, 2 unmitigated
10:58:44 core.sweep_detector INFO: FVGs: 12 detected, 4 unfilled
10:58:47 core.sweep_detector INFO: SweepDetector v2: 1 raw → 1 confirmed (vol≥1.5× body≥40%)
10:58:47 core.sweep_detector INFO: OrderBlocks: 5 detected, 3 unmitigated
10:58:47 core.sweep_detector INFO: FVGs: 11 detected, 6 unfilled
10:58:49 core.sweep_detector INFO: SweepDetector v2: 2 raw → 2 confirmed (vol≥1.5× body≥40%)
10:58:49 core.sweep_detector INFO: OrderBlocks: 5 detected, 2 unmitigated
10:58:49 core.sweep_detector INFO: FVGs: 8 detected, 3 unfilled
10:58:51 core.sweep_detector INFO: SweepDetector v2: 1 raw → 1 confirmed (vol≥1.5× body≥40%)
10:58:51 core.sweep_detector INFO: OrderBlocks: 2 detected, 0 unmitigated
10:58:51 core.sweep_detector INFO: FVGs: 2 detected, 1 unfilled
10:58:53 core.sweep_detector INFO: SweepDetector v2: 5 raw → 4 confirmed (vol≥1.5× body≥40%)
10:58:53 core.sweep_detector INFO: OrderBlocks: 1 detected, 0 unmitigated
10:58:53 core.sweep_detector INFO: FVGs: 2 detected, 0 unfilled
10:58:54 core.sweep_detector INFO: SweepDetector v2: 4 raw → 2 confirmed (vol≥1.5× body≥40%)
10:58:54 core.sweep_detector INFO: OrderBlocks: 5 detected, 3 unmitigated
10:58:54 core.sweep_detector INFO: FVGs: 12 detected, 4 unfilled
10:58:56 core.sweep_detector INFO: SweepDetector v2: 6 raw → 3 confirmed (vol≥1.5× body≥40%)
10:58:56 core.sweep_detector INFO: OrderBlocks: 4 detected, 0 unmitigated
10:58:56 core.sweep_detector INFO: FVGs: 8 detected, 4 unfilled
10:58:58 core.sweep_detector INFO: SweepDetector v2: 4 raw → 1 confirmed (vol≥1.5× body≥40%)
10:58:58 core.sweep_detector INFO: OrderBlocks: 1 detected, 0 unmitigated
10:58:58 core.sweep_detector INFO: FVGs: 3 detected, 1 unfilled
10:59:00 core.sweep_detector INFO: SweepDetector v2: 3 raw → 2 confirmed (vol≥1.5× body≥40%)
10:59:00 core.sweep_detector INFO: OrderBlocks: 4 detected, 0 unmitigated
10:59:00 core.sweep_detector INFO: FVGs: 7 detected, 0 unfilled
10:59:01 core.sweep_detector INFO: SweepDetector v2: 3 raw → 1 confirmed (vol≥1.5× body≥40%)
10:59:01 core.sweep_detector INFO: OrderBlocks: 7 detected, 1 unmitigated
10:59:01 core.sweep_detector INFO: FVGs: 15 detected, 0 unfilled
10:59:03 core.sweep_detector INFO: SweepDetector v2: 4 raw → 2 confirmed (vol≥1.5× body≥40%)
10:59:03 core.sweep_detector INFO: OrderBlocks: 9 detected, 2 unmitigated
10:59:03 core.sweep_detector INFO: FVGs: 13 detected, 3 unfilled
10:59:05 core.sweep_detector INFO: SweepDetector v2: 2 raw → 2 confirmed (vol≥1.5× body≥40%)
10:59:05 core.sweep_detector INFO: OrderBlocks: 6 detected, 1 unmitigated
10:59:05 core.sweep_detector INFO: FVGs: 8 detected, 3 unfilled
10:59:07 core.sweep_detector INFO: SweepDetector v2: 4 raw → 2 confirmed (vol≥1.5× body≥40%)
10:59:07 core.sweep_detector INFO: OrderBlocks: 2 detected, 1 unmitigated
10:59:07 core.sweep_detector INFO: FVGs: 4 detected, 2 unfilled
10:59:09 core.sweep_detector INFO: SweepDetector v2: 2 raw → 0 confirmed (vol≥1.5× body≥40%)
10:59:09 core.sweep_detector INFO: OrderBlocks: 6 detected, 0 unmitigated
10:59:09 core.sweep_detector INFO: FVGs: 7 detected, 2 unfilled
10:59:10 core.sweep_detector INFO: SweepDetector v2: 5 raw → 3 confirmed (vol≥1.5× body≥40%)
10:59:10 core.sweep_detector INFO: OrderBlocks: 6 detected, 1 unmitigated
10:59:10 core.sweep_detector INFO: FVGs: 8 detected, 5 unfilled
10:59:12 core.sweep_detector INFO: SweepDetector v2: 2 raw → 1 confirmed (vol≥1.5× body≥40%)
10:59:12 core.sweep_detector INFO: OrderBlocks: 1 detected, 0 unmitigated
10:59:12 core.sweep_detector INFO: FVGs: 8 detected, 1 unfilled
10:59:14 core.sweep_detector INFO: SweepDetector v2: 4 raw → 2 confirmed (vol≥1.5× body≥40%)
10:59:14 core.sweep_detector INFO: OrderBlocks: 0 detected, 0 unmitigated
10:59:14 core.sweep_detector INFO: FVGs: 7 detected, 2 unfilled
10:59:16 core.sweep_detector INFO: SweepDetector v2: 6 raw → 2 confirmed (vol≥1.5× body≥40%)
10:59:16 core.sweep_detector INFO: OrderBlocks: 5 detected, 1 unmitigated
10:59:16 core.sweep_detector INFO: FVGs: 9 detected, 3 unfilled
10:59:18 core.sweep_detector INFO: SweepDetector v2: 7 raw → 3 confirmed (vol≥1.5× body≥40%)
10:59:18 core.sweep_detector INFO: OrderBlocks: 3 detected, 2 unmitigated
10:59:18 core.sweep_detector INFO: FVGs: 8 detected, 2 unfilled
10:59:20 core.sweep_detector INFO: SweepDetector v2: 3 raw → 2 confirmed (vol≥1.5× body≥40%)
10:59:20 core.sweep_detector INFO: OrderBlocks: 3 detected, 1 unmitigated
10:59:20 core.sweep_detector INFO: FVGs: 5 detected, 1 unfilled
10:59:22 core.sweep_detector INFO: SweepDetector v2: 1 raw → 1 confirmed (vol≥1.5× body≥40%)
10:59:22 core.sweep_detector INFO: OrderBlocks: 2 detected, 2 unmitigated
10:59:22 core.sweep_detector INFO: FVGs: 9 detected, 5 unfilled
10:59:24 core.sweep_detector INFO: SweepDetector v2: 3 raw → 2 confirmed (vol≥1.5× body≥40%)
10:59:24 core.sweep_detector INFO: OrderBlocks: 3 detected, 1 unmitigated
10:59:24 core.sweep_detector INFO: FVGs: 6 detected, 2 unfilled
10:59:26 core.sweep_detector INFO: SweepDetector v2: 1 raw → 0 confirmed (vol≥1.5× body≥40%)
10:59:26 core.sweep_detector INFO: OrderBlocks: 7 detected, 1 unmitigated
10:59:26 core.sweep_detector INFO: FVGs: 16 detected, 3 unfilled
10:59:27 core.sweep_detector INFO: SweepDetector v2: 6 raw → 2 confirmed (vol≥1.5× body≥40%)
10:59:27 core.sweep_detector INFO: OrderBlocks: 3 detected, 0 unmitigated
10:59:27 core.sweep_detector INFO: FVGs: 0 detected, 0 unfilled
10:59:29 core.sweep_detector INFO: SweepDetector v2: 3 raw → 1 confirmed (vol≥1.5× body≥40%)
10:59:29 core.sweep_detector INFO: OrderBlocks: 0 detected, 0 unmitigated
10:59:29 core.sweep_detector INFO: FVGs: 0 detected, 0 unfilled
10:59:31 core.sweep_detector INFO: SweepDetector v2: 1 raw → 1 confirmed (vol≥1.5× body≥40%)
10:59:31 core.sweep_detector INFO: OrderBlocks: 0 detected, 0 unmitigated
10:59:31 core.sweep_detector INFO: FVGs: 0 detected, 0 unfilled
10:59:33 core.sweep_detector INFO: SweepDetector v2: 5 raw → 1 confirmed (vol≥1.5× body≥40%)
10:59:33 core.sweep_detector INFO: OrderBlocks: 5 detected, 0 unmitigated
10:59:33 core.sweep_detector INFO: FVGs: 0 detected, 0 unfilled
10:59:34 core.sweep_detector INFO: SweepDetector v2: 2 raw → 1 confirmed (vol≥1.5× body≥40%)
10:59:34 core.sweep_detector INFO: OrderBlocks: 2 detected, 0 unmitigated
10:59:34 core.sweep_detector INFO: FVGs: 0 detected, 0 unfilled
10:59:36 core.sweep_detector INFO: SweepDetector v2: 0 raw → 0 confirmed (vol≥1.5× body≥40%)
10:59:36 core.sweep_detector INFO: OrderBlocks: 0 detected, 0 unmitigated
10:59:36 core.sweep_detector INFO: FVGs: 0 detected, 0 unfilled
10:59:37 core.sweep_detector INFO: SweepDetector v2: 0 raw → 0 confirmed (vol≥1.5× body≥40%)
10:59:37 core.sweep_detector INFO: OrderBlocks: 0 detected, 0 unmitigated
10:59:37 core.sweep_detector INFO: FVGs: 0 detected, 0 unfilled
10:59:39 core.sweep_detector INFO: SweepDetector v2: 0 raw → 0 confirmed (vol≥1.5× body≥40%)
10:59:39 core.sweep_detector INFO: OrderBlocks: 0 detected, 0 unmitigated
10:59:39 core.sweep_detector INFO: FVGs: 0 detected, 0 unfilled
10:59:41 core.sweep_detector INFO: SweepDetector v2: 0 raw → 0 confirmed (vol≥1.5× body≥40%)
10:59:41 core.sweep_detector INFO: OrderBlocks: 0 detected, 0 unmitigated
10:59:41 core.sweep_detector INFO: FVGs: 0 detected, 0 unfilled
10:59:43 core.sweep_detector INFO: SweepDetector v2: 2 raw → 0 confirmed (vol≥1.5× body≥40%)
10:59:43 core.sweep_detector INFO: OrderBlocks: 5 detected, 2 unmitigated
10:59:43 core.sweep_detector INFO: FVGs: 11 detected, 3 unfilled
10:59:45 core.sweep_detector INFO: SweepDetector v2: 5 raw → 4 confirmed (vol≥1.5× body≥40%)
10:59:45 core.sweep_detector INFO: OrderBlocks: 5 detected, 0 unmitigated
10:59:45 core.sweep_detector INFO: FVGs: 8 detected, 1 unfilled
10:59:46 core.sweep_detector INFO: SweepDetector v2: 3 raw → 2 confirmed (vol≥1.5× body≥40%)
10:59:46 core.sweep_detector INFO: OrderBlocks: 3 detected, 1 unmitigated
10:59:46 core.sweep_detector INFO: FVGs: 6 detected, 1 unfilled
10:59:48 core.sweep_detector INFO: SweepDetector v2: 1 raw → 1 confirmed (vol≥1.5× body≥40%)
10:59:48 core.sweep_detector INFO: OrderBlocks: 8 detected, 3 unmitigated
10:59:48 core.sweep_detector INFO: FVGs: 10 detected, 3 unfilled
10:59:50 core.sweep_detector INFO: SweepDetector v2: 2 raw → 1 confirmed (vol≥1.5× body≥40%)
10:59:50 core.sweep_detector INFO: OrderBlocks: 2 detected, 2 unmitigated
10:59:50 core.sweep_detector INFO: FVGs: 8 detected, 2 unfilled
10:59:51 core.sweep_detector INFO: SweepDetector v2: 4 raw → 4 confirmed (vol≥1.5× body≥40%)
10:59:51 core.sweep_detector INFO: OrderBlocks: 6 detected, 1 unmitigated
10:59:51 core.sweep_detector INFO: FVGs: 8 detected, 3 unfilled
10:59:53 core.sweep_detector INFO: SweepDetector v2: 2 raw → 1 confirmed (vol≥1.5× body≥40%)
10:59:53 core.sweep_detector INFO: OrderBlocks: 7 detected, 2 unmitigated
10:59:53 core.sweep_detector INFO: FVGs: 11 detected, 3 unfilled
10:59:55 core.sweep_detector INFO: SweepDetector v2: 3 raw → 3 confirmed (vol≥1.5× body≥40%)
10:59:55 core.sweep_detector INFO: OrderBlocks: 4 detected, 1 unmitigated
10:59:55 core.sweep_detector INFO: FVGs: 10 detected, 4 unfilled
10:59:56 core.sweep_detector INFO: SweepDetector v2: 3 raw → 3 confirmed (vol≥1.5× body≥40%)
10:59:56 core.sweep_detector INFO: OrderBlocks: 3 detected, 0 unmitigated
10:59:56 core.sweep_detector INFO: FVGs: 3 detected, 2 unfilled
11:00:00 core.sweep_detector INFO: SweepDetector v2: 5 raw → 4 confirmed (vol≥1.5× body≥40%)
11:00:00 core.sweep_detector INFO: OrderBlocks: 7 detected, 2 unmitigated
11:00:00 core.sweep_detector INFO: FVGs: 8 detected, 1 unfilled
11:00:03 core.sweep_detector INFO: SweepDetector v2: 7 raw → 7 confirmed (vol≥1.5× body≥40%)
11:00:03 core.sweep_detector INFO: OrderBlocks: 2 detected, 0 unmitigated
11:00:03 core.sweep_detector INFO: FVGs: 8 detected, 3 unfilled
11:00:05 core.sweep_detector INFO: SweepDetector v2: 6 raw → 4 confirmed (vol≥1.5× body≥40%)
11:00:05 core.sweep_detector INFO: OrderBlocks: 5 detected, 0 unmitigated
11:00:05 core.sweep_detector INFO: FVGs: 10 detected, 3 unfilled
11:00:07 core.sweep_detector INFO: SweepDetector v2: 0 raw → 0 confirmed (vol≥1.5× body≥40%)
11:00:07 core.sweep_detector INFO: OrderBlocks: 6 detected, 4 unmitigated
11:00:07 core.sweep_detector INFO: FVGs: 15 detected, 5 unfilled
11:00:09 core.sweep_detector INFO: SweepDetector v2: 3 raw → 3 confirmed (vol≥1.5× body≥40%)
11:00:09 core.sweep_detector INFO: OrderBlocks: 6 detected, 3 unmitigated
11:00:09 core.sweep_detector INFO: FVGs: 14 detected, 2 unfilled
11:00:10 core.sweep_detector INFO: SweepDetector v2: 3 raw → 0 confirmed (vol≥1.5× body≥40%)
11:00:10 core.sweep_detector INFO: OrderBlocks: 9 detected, 3 unmitigated
11:00:10 core.sweep_detector INFO: FVGs: 14 detected, 5 unfilled
11:00:13 core.sweep_detector INFO: SweepDetector v2: 5 raw → 4 confirmed (vol≥1.5× body≥40%)
11:00:13 core.sweep_detector INFO: OrderBlocks: 6 detected, 2 unmitigated
11:00:13 core.sweep_detector INFO: FVGs: 9 detected, 3 unfilled
11:00:15 core.sweep_detector INFO: SweepDetector v2: 3 raw → 2 confirmed (vol≥1.5× body≥40%)
11:00:15 core.sweep_detector INFO: OrderBlocks: 2 detected, 1 unmitigated
11:00:15 core.sweep_detector INFO: FVGs: 7 detected, 1 unfilled
11:00:17 core.sweep_detector INFO: SweepDetector v2: 0 raw → 0 confirmed (vol≥1.5× body≥40%)
11:00:17 core.sweep_detector INFO: OrderBlocks: 7 detected, 2 unmitigated
11:00:17 core.sweep_detector INFO: FVGs: 5 detected, 2 unfilled
11:00:19 core.sweep_detector INFO: SweepDetector v2: 3 raw → 2 confirmed (vol≥1.5× body≥40%)
11:00:19 core.sweep_detector INFO: OrderBlocks: 9 detected, 4 unmitigated
11:00:19 core.sweep_detector INFO: FVGs: 11 detected, 4 unfilled
11:00:21 core.sweep_detector INFO: SweepDetector v2: 4 raw → 4 confirmed (vol≥1.5× body≥40%)
11:00:21 core.sweep_detector INFO: OrderBlocks: 7 detected, 2 unmitigated
11:00:21 core.sweep_detector INFO: FVGs: 21 detected, 4 unfilled
11:00:23 core.sweep_detector INFO: SweepDetector v2: 5 raw → 2 confirmed (vol≥1.5× body≥40%)
11:00:23 core.sweep_detector INFO: OrderBlocks: 8 detected, 2 unmitigated
11:00:23 core.sweep_detector INFO: FVGs: 7 detected, 1 unfilled
11:00:25 core.sweep_detector INFO: SweepDetector v2: 4 raw → 3 confirmed (vol≥1.5× body≥40%)
11:00:25 core.sweep_detector INFO: OrderBlocks: 6 detected, 2 unmitigated
11:00:25 core.sweep_detector INFO: FVGs: 15 detected, 3 unfilled
11:00:26 core.sweep_detector INFO: SweepDetector v2: 3 raw → 0 confirmed (vol≥1.5× body≥40%)
11:00:26 core.sweep_detector INFO: OrderBlocks: 10 detected, 2 unmitigated
11:00:26 core.sweep_detector INFO: FVGs: 15 detected, 5 unfilled
11:00:29 core.sweep_detector INFO: SweepDetector v2: 4 raw → 2 confirmed (vol≥1.5× body≥40%)
11:00:29 core.sweep_detector INFO: OrderBlocks: 4 detected, 2 unmitigated
11:00:29 core.sweep_detector INFO: FVGs: 9 detected, 5 unfilled
11:00:30 core.sweep_detector INFO: SweepDetector v2: 5 raw → 4 confirmed (vol≥1.5× body≥40%)
11:00:30 core.sweep_detector INFO: OrderBlocks: 9 detected, 3 unmitigated
11:00:30 core.sweep_detector INFO: FVGs: 8 detected, 4 unfilled
11:00:32 core.sweep_detector INFO: SweepDetector v2: 4 raw → 3 confirmed (vol≥1.5× body≥40%)
11:00:32 core.sweep_detector INFO: OrderBlocks: 3 detected, 1 unmitigated
11:00:32 core.sweep_detector INFO: FVGs: 7 detected, 3 unfilled
11:00:34 core.sweep_detector INFO: SweepDetector v2: 4 raw → 3 confirmed (vol≥1.5× body≥40%)
11:00:34 core.sweep_detector INFO: OrderBlocks: 6 detected, 1 unmitigated
11:00:34 core.sweep_detector INFO: FVGs: 8 detected, 2 unfilled
11:00:36 core.sweep_detector INFO: SweepDetector v2: 2 raw → 2 confirmed (vol≥1.5× body≥40%)
11:00:36 core.sweep_detector INFO: OrderBlocks: 6 detected, 3 unmitigated
11:00:36 core.sweep_detector INFO: FVGs: 7 detected, 4 unfilled
11:00:37 core.sweep_detector INFO: SweepDetector v2: 4 raw → 3 confirmed (vol≥1.5× body≥40%)
11:00:37 core.sweep_detector INFO: OrderBlocks: 3 detected, 1 unmitigated
11:00:37 core.sweep_detector INFO: FVGs: 9 detected, 4 unfilled
11:00:40 core.sweep_detector INFO: SweepDetector v2: 1 raw → 1 confirmed (vol≥1.5× body≥40%)
11:00:40 core.sweep_detector INFO: OrderBlocks: 4 detected, 1 unmitigated
11:00:40 core.sweep_detector INFO: FVGs: 7 detected, 4 unfilled
11:00:42 core.sweep_detector INFO: SweepDetector v2: 3 raw → 2 confirmed (vol≥1.5× body≥40%)
11:00:42 core.sweep_detector INFO: OrderBlocks: 4 detected, 0 unmitigated
11:00:42 core.sweep_detector INFO: FVGs: 7 detected, 0 unfilled
11:00:43 core.sweep_detector INFO: SweepDetector v2: 3 raw → 2 confirmed (vol≥1.5× body≥40%)
11:00:43 core.sweep_detector INFO: OrderBlocks: 4 detected, 0 unmitigated
11:00:43 core.sweep_detector INFO: FVGs: 5 detected, 1 unfilled
11:00:45 core.sweep_detector INFO: SweepDetector v2: 2 raw → 1 confirmed (vol≥1.5× body≥40%)
11:00:45 core.sweep_detector INFO: OrderBlocks: 5 detected, 0 unmitigated
11:00:45 core.sweep_detector INFO: FVGs: 3 detected, 1 unfilled
11:00:47 core.sweep_detector INFO: SweepDetector v2: 0 raw → 0 confirmed (vol≥1.5× body≥40%)
11:00:47 core.sweep_detector INFO: OrderBlocks: 3 detected, 1 unmitigated
11:00:47 core.sweep_detector INFO: FVGs: 11 detected, 1 unfilled
11:00:49 core.sweep_detector INFO: SweepDetector v2: 1 raw → 0 confirmed (vol≥1.5× body≥40%)
11:00:49 core.sweep_detector INFO: OrderBlocks: 4 detected, 0 unmitigated
11:00:49 core.sweep_detector INFO: FVGs: 9 detected, 2 unfilled
11:00:51 core.sweep_detector INFO: SweepDetector v2: 4 raw → 4 confirmed (vol≥1.5× body≥40%)
11:00:51 core.sweep_detector INFO: OrderBlocks: 5 detected, 2 unmitigated
11:00:51 core.sweep_detector INFO: FVGs: 5 detected, 1 unfilled
11:00:53 core.sweep_detector INFO: SweepDetector v2: 1 raw → 1 confirmed (vol≥1.5× body≥40%)
11:00:53 core.sweep_detector INFO: OrderBlocks: 7 detected, 3 unmitigated
11:00:53 core.sweep_detector INFO: FVGs: 11 detected, 6 unfilled
11:00:54 core.sweep_detector INFO: SweepDetector v2: 1 raw → 1 confirmed (vol≥1.5× body≥40%)
11:00:54 core.sweep_detector INFO: OrderBlocks: 4 detected, 3 unmitigated
11:00:54 core.sweep_detector INFO: FVGs: 13 detected, 5 unfilled
11:00:56 core.sweep_detector INFO: SweepDetector v2: 4 raw → 3 confirmed (vol≥1.5× body≥40%)
11:00:56 core.sweep_detector INFO: OrderBlocks: 9 detected, 2 unmitigated
11:00:56 core.sweep_detector INFO: FVGs: 8 detected, 1 unfilled
11:00:58 core.sweep_detector INFO: SweepDetector v2: 5 raw → 4 confirmed (vol≥1.5× body≥40%)
11:00:58 core.sweep_detector INFO: OrderBlocks: 9 detected, 3 unmitigated
11:00:58 core.sweep_detector INFO: FVGs: 11 detected, 4 unfilled
11:01:00 core.sweep_detector INFO: SweepDetector v2: 6 raw → 6 confirmed (vol≥1.5× body≥40%)
11:01:00 core.sweep_detector INFO: OrderBlocks: 3 detected, 3 unmitigated
11:01:00 core.sweep_detector INFO: FVGs: 6 detected, 4 unfilled
11:01:02 core.sweep_detector INFO: SweepDetector v2: 3 raw → 1 confirmed (vol≥1.5× body≥40%)
11:01:02 core.sweep_detector INFO: OrderBlocks: 3 detected, 2 unmitigated
11:01:02 core.sweep_detector INFO: FVGs: 14 detected, 9 unfilled
11:01:03 core.sweep_detector INFO: SweepDetector v2: 11 raw → 6 confirmed (vol≥1.5× body≥40%)
11:01:03 core.sweep_detector INFO: OrderBlocks: 7 detected, 2 unmitigated
11:01:03 core.sweep_detector INFO: FVGs: 10 detected, 7 unfilled
11:01:05 core.sweep_detector INFO: SweepDetector v2: 8 raw → 5 confirmed (vol≥1.5× body≥40%)
11:01:05 core.sweep_detector INFO: OrderBlocks: 6 detected, 1 unmitigated
11:01:05 core.sweep_detector INFO: FVGs: 9 detected, 3 unfilled
11:01:07 core.sweep_detector INFO: SweepDetector v2: 1 raw → 0 confirmed (vol≥1.5× body≥40%)
11:01:07 core.sweep_detector INFO: OrderBlocks: 6 detected, 1 unmitigated
11:01:07 core.sweep_detector INFO: FVGs: 13 detected, 5 unfilled
11:01:09 core.sweep_detector INFO: SweepDetector v2: 6 raw → 3 confirmed (vol≥1.5× body≥40%)
11:01:09 core.sweep_detector INFO: OrderBlocks: 8 detected, 2 unmitigated
11:01:09 core.sweep_detector INFO: FVGs: 7 detected, 0 unfilled
11:01:10 core.sweep_detector INFO: SweepDetector v2: 8 raw → 4 confirmed (vol≥1.5× body≥40%)
11:01:10 core.sweep_detector INFO: OrderBlocks: 4 detected, 3 unmitigated
11:01:10 core.sweep_detector INFO: FVGs: 9 detected, 3 unfilled
11:01:12 core.sweep_detector INFO: SweepDetector v2: 2 raw → 1 confirmed (vol≥1.5× body≥40%)
11:01:12 core.sweep_detector INFO: OrderBlocks: 6 detected, 0 unmitigated
11:01:12 core.sweep_detector INFO: FVGs: 5 detected, 1 unfilled
11:01:14 core.sweep_detector INFO: SweepDetector v2: 1 raw → 1 confirmed (vol≥1.5× body≥40%)
11:01:14 core.sweep_detector INFO: OrderBlocks: 8 detected, 3 unmitigated
11:01:14 core.sweep_detector INFO: FVGs: 7 detected, 2 unfilled
11:01:15 core.sweep_detector INFO: SweepDetector v2: 4 raw → 3 confirmed (vol≥1.5× body≥40%)
11:01:15 core.sweep_detector INFO: OrderBlocks: 3 detected, 1 unmitigated
11:01:15 core.sweep_detector INFO: FVGs: 7 detected, 4 unfilled
11:01:18 core.sweep_detector INFO: SweepDetector v2: 5 raw → 3 confirmed (vol≥1.5× body≥40%)
11:01:18 core.sweep_detector INFO: OrderBlocks: 2 detected, 1 unmitigated
11:01:18 core.sweep_detector INFO: FVGs: 7 detected, 2 unfilled
11:01:20 core.sweep_detector INFO: SweepDetector v2: 4 raw → 2 confirmed (vol≥1.5× body≥40%)
11:01:20 core.sweep_detector INFO: OrderBlocks: 4 detected, 2 unmitigated
11:01:20 core.sweep_detector INFO: FVGs: 8 detected, 4 unfilled
11:01:22 core.sweep_detector INFO: SweepDetector v2: 5 raw → 1 confirmed (vol≥1.5× body≥40%)
11:01:22 core.sweep_detector INFO: OrderBlocks: 3 detected, 0 unmitigated
11:01:22 core.sweep_detector INFO: FVGs: 7 detected, 4 unfilled
11:01:24 core.sweep_detector INFO: SweepDetector v2: 1 raw → 1 confirmed (vol≥1.5× body≥40%)
11:01:24 core.sweep_detector INFO: OrderBlocks: 1 detected, 1 unmitigated
11:01:24 core.sweep_detector INFO: FVGs: 3 detected, 1 unfilled
11:01:26 core.sweep_detector INFO: SweepDetector v2: 2 raw → 1 confirmed (vol≥1.5× body≥40%)
11:01:26 core.sweep_detector INFO: OrderBlocks: 7 detected, 2 unmitigated
11:01:26 core.sweep_detector INFO: FVGs: 5 detected, 2 unfilled
11:01:27 core.sweep_detector INFO: SweepDetector v2: 2 raw → 2 confirmed (vol≥1.5× body≥40%)
11:01:27 core.sweep_detector INFO: OrderBlocks: 0 detected, 0 unmitigated
11:01:27 core.sweep_detector INFO: FVGs: 7 detected, 2 unfilled
11:01:29 core.sweep_detector INFO: SweepDetector v2: 1 raw → 1 confirmed (vol≥1.5× body≥40%)
11:01:29 core.sweep_detector INFO: OrderBlocks: 4 detected, 1 unmitigated
11:01:29 core.sweep_detector INFO: FVGs: 2 detected, 1 unfilled
11:01:31 core.sweep_detector INFO: SweepDetector v2: 1 raw → 1 confirmed (vol≥1.5× body≥40%)
11:01:31 core.sweep_detector INFO: OrderBlocks: 8 detected, 1 unmitigated
11:01:31 core.sweep_detector INFO: FVGs: 13 detected, 2 unfilled
11:01:33 core.sweep_detector INFO: SweepDetector v2: 5 raw → 3 confirmed (vol≥1.5× body≥40%)
11:01:33 core.sweep_detector INFO: OrderBlocks: 5 detected, 2 unmitigated
11:01:33 core.sweep_detector INFO: FVGs: 9 detected, 5 unfilled
11:01:35 core.sweep_detector INFO: SweepDetector v2: 4 raw → 3 confirmed (vol≥1.5× body≥40%)
11:01:35 core.sweep_detector INFO: OrderBlocks: 6 detected, 4 unmitigated
11:01:35 core.sweep_detector INFO: FVGs: 14 detected, 6 unfilled
11:01:36 core.sweep_detector INFO: SweepDetector v2: 7 raw → 3 confirmed (vol≥1.5× body≥40%)
11:01:36 core.sweep_detector INFO: OrderBlocks: 5 detected, 2 unmitigated
11:01:36 core.sweep_detector INFO: FVGs: 7 detected, 2 unfilled
11:01:38 core.sweep_detector INFO: SweepDetector v2: 1 raw → 1 confirmed (vol≥1.5× body≥40%)
11:01:38 core.sweep_detector INFO: OrderBlocks: 3 detected, 2 unmitigated
11:01:38 core.sweep_detector INFO: FVGs: 8 detected, 5 unfilled
11:01:40 core.sweep_detector INFO: SweepDetector v2: 1 raw → 1 confirmed (vol≥1.5× body≥40%)
11:01:40 core.sweep_detector INFO: OrderBlocks: 1 detected, 0 unmitigated
11:01:40 core.sweep_detector INFO: FVGs: 6 detected, 2 unfilled
11:01:42 core.sweep_detector INFO: SweepDetector v2: 1 raw → 1 confirmed (vol≥1.5× body≥40%)
11:01:42 core.sweep_detector INFO: OrderBlocks: 6 detected, 0 unmitigated
11:01:42 core.sweep_detector INFO: FVGs: 8 detected, 1 unfilled
11:01:47 core.sweep_detector INFO: SweepDetector v2: 6 raw → 5 confirmed (vol≥1.5× body≥40%)
11:01:47 core.sweep_detector INFO: OrderBlocks: 0 detected, 0 unmitigated
11:01:47 core.sweep_detector INFO: FVGs: 9 detected, 5 unfilled
11:01:48 core.sweep_detector INFO: SweepDetector v2: 4 raw → 3 confirmed (vol≥1.5× body≥40%)
11:01:48 core.sweep_detector INFO: OrderBlocks: 5 detected, 1 unmitigated
11:01:48 core.sweep_detector INFO: FVGs: 9 detected, 4 unfilled
11:01:50 core.sweep_detector INFO: SweepDetector v2: 2 raw → 1 confirmed (vol≥1.5× body≥40%)
11:01:50 core.sweep_detector INFO: OrderBlocks: 8 detected, 2 unmitigated
11:01:50 core.sweep_detector INFO: FVGs: 4 detected, 3 unfilled
11:01:52 core.sweep_detector INFO: SweepDetector v2: 4 raw → 2 confirmed (vol≥1.5× body≥40%)
11:01:52 core.sweep_detector INFO: OrderBlocks: 2 detected, 0 unmitigated
11:01:52 core.sweep_detector INFO: FVGs: 5 detected, 3 unfilled
11:01:54 core.sweep_detector INFO: SweepDetector v2: 0 raw → 0 confirmed (vol≥1.5× body≥40%)
11:01:54 core.sweep_detector INFO: OrderBlocks: 5 detected, 1 unmitigated
11:01:54 core.sweep_detector INFO: FVGs: 4 detected, 2 unfilled
11:01:55 core.sweep_detector INFO: SweepDetector v2: 3 raw → 3 confirmed (vol≥1.5× body≥40%)
11:01:55 core.sweep_detector INFO: OrderBlocks: 8 detected, 3 unmitigated
11:01:55 core.sweep_detector INFO: FVGs: 8 detected, 5 unfilled
11:01:57 core.sweep_detector INFO: SweepDetector v2: 5 raw → 3 confirmed (vol≥1.5× body≥40%)
11:01:57 core.sweep_detector INFO: OrderBlocks: 3 detected, 0 unmitigated
11:01:57 core.sweep_detector INFO: FVGs: 8 detected, 2 unfilled
11:01:59 core.sweep_detector INFO: SweepDetector v2: 4 raw → 1 confirmed (vol≥1.5× body≥40%)
11:01:59 core.sweep_detector INFO: OrderBlocks: 4 detected, 0 unmitigated
11:01:59 core.sweep_detector INFO: FVGs: 7 detected, 2 unfilled
11:02:01 core.sweep_detector INFO: SweepDetector v2: 0 raw → 0 confirmed (vol≥1.5× body≥40%)
11:02:01 core.sweep_detector INFO: OrderBlocks: 2 detected, 0 unmitigated
11:02:01 core.sweep_detector INFO: FVGs: 12 detected, 4 unfilled
11:02:02 core.sweep_detector INFO: SweepDetector v2: 5 raw → 2 confirmed (vol≥1.5× body≥40%)
11:02:02 core.sweep_detector INFO: OrderBlocks: 8 detected, 3 unmitigated
11:02:02 core.sweep_detector INFO: FVGs: 11 detected, 6 unfilled
11:02:04 core.sweep_detector INFO: SweepDetector v2: 2 raw → 0 confirmed (vol≥1.5× body≥40%)
11:02:04 core.sweep_detector INFO: OrderBlocks: 4 detected, 1 unmitigated
11:02:04 core.sweep_detector INFO: FVGs: 12 detected, 5 unfilled
11:02:06 core.sweep_detector INFO: SweepDetector v2: 6 raw → 3 confirmed (vol≥1.5× body≥40%)
11:02:06 core.sweep_detector INFO: OrderBlocks: 10 detected, 2 unmitigated
11:02:06 core.sweep_detector INFO: FVGs: 12 detected, 2 unfilled
11:02:08 core.sweep_detector INFO: SweepDetector v2: 3 raw → 2 confirmed (vol≥1.5× body≥40%)
11:02:08 core.sweep_detector INFO: OrderBlocks: 9 detected, 2 unmitigated
11:02:08 core.sweep_detector INFO: FVGs: 10 detected, 3 unfilled
11:02:10 core.sweep_detector INFO: SweepDetector v2: 3 raw → 1 confirmed (vol≥1.5× body≥40%)
11:02:10 core.sweep_detector INFO: OrderBlocks: 2 detected, 0 unmitigated
11:02:10 core.sweep_detector INFO: FVGs: 8 detected, 2 unfilled
11:02:12 core.sweep_detector INFO: SweepDetector v2: 6 raw → 4 confirmed (vol≥1.5× body≥40%)
11:02:12 core.sweep_detector INFO: OrderBlocks: 6 detected, 1 unmitigated
11:02:12 core.sweep_detector INFO: FVGs: 9 detected, 4 unfilled
11:02:14 core.sweep_detector INFO: SweepDetector v2: 5 raw → 2 confirmed (vol≥1.5× body≥40%)
11:02:14 core.sweep_detector INFO: OrderBlocks: 8 detected, 3 unmitigated
11:02:14 core.sweep_detector INFO: FVGs: 8 detected, 5 unfilled
11:02:16 core.sweep_detector INFO: SweepDetector v2: 4 raw → 2 confirmed (vol≥1.5× body≥40%)
11:02:16 core.sweep_detector INFO: OrderBlocks: 11 detected, 2 unmitigated
11:02:16 core.sweep_detector INFO: FVGs: 11 detected, 3 unfilled
11:02:18 core.sweep_detector INFO: SweepDetector v2: 3 raw → 2 confirmed (vol≥1.5× body≥40%)
11:02:18 core.sweep_detector INFO: OrderBlocks: 14 detected, 2 unmitigated
11:02:18 core.sweep_detector INFO: FVGs: 14 detected, 1 unfilled
11:02:19 core.sweep_detector INFO: SweepDetector v2: 4 raw → 3 confirmed (vol≥1.5× body≥40%)
11:02:19 core.sweep_detector INFO: OrderBlocks: 2 detected, 1 unmitigated
11:02:19 core.sweep_detector INFO: FVGs: 7 detected, 1 unfilled
11:02:21 core.sweep_detector INFO: SweepDetector v2: 6 raw → 2 confirmed (vol≥1.5× body≥40%)
11:02:21 core.sweep_detector INFO: OrderBlocks: 2 detected, 1 unmitigated
11:02:21 core.sweep_detector INFO: FVGs: 3 detected, 1 unfilled
11:02:23 core.sweep_detector INFO: SweepDetector v2: 6 raw → 3 confirmed (vol≥1.5× body≥40%)
11:02:23 core.sweep_detector INFO: OrderBlocks: 6 detected, 4 unmitigated
11:02:23 core.sweep_detector INFO: FVGs: 11 detected, 4 unfilled
11:02:24 core.sweep_detector INFO: SweepDetector v2: 5 raw → 4 confirmed (vol≥1.5× body≥40%)
11:02:24 core.sweep_detector INFO: OrderBlocks: 5 detected, 1 unmitigated
11:02:24 core.sweep_detector INFO: FVGs: 9 detected, 5 unfilled
11:02:26 core.sweep_detector INFO: SweepDetector v2: 2 raw → 1 confirmed (vol≥1.5× body≥40%)
11:02:26 core.sweep_detector INFO: OrderBlocks: 4 detected, 2 unmitigated
11:02:26 core.sweep_detector INFO: FVGs: 9 detected, 3 unfilled
11:02:28 core.sweep_detector INFO: SweepDetector v2: 3 raw → 2 confirmed (vol≥1.5× body≥40%)
11:02:28 core.sweep_detector INFO: OrderBlocks: 5 detected, 4 unmitigated
11:02:28 core.sweep_detector INFO: FVGs: 7 detected, 3 unfilled
11:02:29 core.sweep_detector INFO: SweepDetector v2: 3 raw → 3 confirmed (vol≥1.5× body≥40%)
11:02:29 core.sweep_detector INFO: OrderBlocks: 1 detected, 0 unmitigated
11:02:29 core.sweep_detector INFO: FVGs: 5 detected, 2 unfilled
11:02:31 core.sweep_detector INFO: SweepDetector v2: 3 raw → 2 confirmed (vol≥1.5× body≥40%)
11:02:31 core.sweep_detector INFO: OrderBlocks: 2 detected, 0 unmitigated
11:02:31 core.sweep_detector INFO: FVGs: 6 detected, 2 unfilled
11:02:33 core.sweep_detector INFO: SweepDetector v2: 3 raw → 1 confirmed (vol≥1.5× body≥40%)
11:02:33 core.sweep_detector INFO: OrderBlocks: 7 detected, 2 unmitigated
11:02:33 core.sweep_detector INFO: FVGs: 10 detected, 3 unfilled
11:02:34 core.sweep_detector INFO: SweepDetector v2: 5 raw → 3 confirmed (vol≥1.5× body≥40%)
11:02:34 core.sweep_detector INFO: OrderBlocks: 5 detected, 1 unmitigated
11:02:34 core.sweep_detector INFO: FVGs: 7 detected, 3 unfilled
11:02:36 core.sweep_detector INFO: SweepDetector v2: 5 raw → 4 confirmed (vol≥1.5× body≥40%)
11:02:36 core.sweep_detector INFO: OrderBlocks: 4 detected, 3 unmitigated
11:02:36 core.sweep_detector INFO: FVGs: 11 detected, 5 unfilled
11:02:38 core.sweep_detector INFO: SweepDetector v2: 1 raw → 1 confirmed (vol≥1.5× body≥40%)
11:02:38 core.sweep_detector INFO: OrderBlocks: 5 detected, 2 unmitigated
11:02:38 core.sweep_detector INFO: FVGs: 9 detected, 4 unfilled
11:02:39 core.sweep_detector INFO: SweepDetector v2: 3 raw → 0 confirmed (vol≥1.5× body≥40%)
11:02:39 core.sweep_detector INFO: OrderBlocks: 4 detected, 1 unmitigated
11:02:39 core.sweep_detector INFO: FVGs: 15 detected, 1 unfilled
11:02:41 core.sweep_detector INFO: SweepDetector v2: 5 raw → 3 confirmed (vol≥1.5× body≥40%)
11:02:41 core.sweep_detector INFO: OrderBlocks: 4 detected, 3 unmitigated
11:02:41 core.sweep_detector INFO: FVGs: 9 detected, 4 unfilled
11:02:43 core.sweep_detector INFO: SweepDetector v2: 6 raw → 2 confirmed (vol≥1.5× body≥40%)
11:02:43 core.sweep_detector INFO: OrderBlocks: 8 detected, 1 unmitigated
11:02:43 core.sweep_detector INFO: FVGs: 5 detected, 0 unfilled
11:02:44 core.sweep_detector INFO: SweepDetector v2: 3 raw → 1 confirmed (vol≥1.5× body≥40%)
11:02:44 core.sweep_detector INFO: OrderBlocks: 2 detected, 1 unmitigated
11:02:44 core.sweep_detector INFO: FVGs: 9 detected, 4 unfilled
11:02:46 core.sweep_detector INFO: SweepDetector v2: 6 raw → 3 confirmed (vol≥1.5× body≥40%)
11:02:46 core.sweep_detector INFO: OrderBlocks: 10 detected, 2 unmitigated
11:02:46 core.sweep_detector INFO: FVGs: 11 detected, 1 unfilled
11:02:48 core.sweep_detector INFO: SweepDetector v2: 6 raw → 5 confirmed (vol≥1.5× body≥40%)
11:02:48 core.sweep_detector INFO: OrderBlocks: 4 detected, 0 unmitigated
11:02:48 core.sweep_detector INFO: FVGs: 6 detected, 1 unfilled
11:02:49 core.sweep_detector INFO: SweepDetector v2: 4 raw → 3 confirmed (vol≥1.5× body≥40%)
11:02:49 core.sweep_detector INFO: OrderBlocks: 1 detected, 1 unmitigated
11:02:49 core.sweep_detector INFO: FVGs: 3 detected, 1 unfilled
11:02:51 core.sweep_detector INFO: SweepDetector v2: 2 raw → 2 confirmed (vol≥1.5× body≥40%)
11:02:51 core.sweep_detector INFO: OrderBlocks: 8 detected, 1 unmitigated
11:02:51 core.sweep_detector INFO: FVGs: 0 detected, 0 unfilled
11:02:54 core.sweep_detector INFO: SweepDetector v2: 2 raw → 2 confirmed (vol≥1.5× body≥40%)
11:02:54 core.sweep_detector INFO: OrderBlocks: 3 detected, 0 unmitigated
11:02:54 core.sweep_detector INFO: FVGs: 8 detected, 4 unfilled
11:02:55 core.sweep_detector INFO: SweepDetector v2: 2 raw → 1 confirmed (vol≥1.5× body≥40%)
11:02:55 core.sweep_detector INFO: OrderBlocks: 1 detected, 0 unmitigated
11:02:55 core.sweep_detector INFO: FVGs: 8 detected, 4 unfilled
11:02:57 core.sweep_detector INFO: SweepDetector v2: 3 raw → 1 confirmed (vol≥1.5× body≥40%)
11:02:57 core.sweep_detector INFO: OrderBlocks: 6 detected, 4 unmitigated
11:02:57 core.sweep_detector INFO: FVGs: 7 detected, 4 unfilled
11:02:59 core.sweep_detector INFO: SweepDetector v2: 4 raw → 3 confirmed (vol≥1.5× body≥40%)
11:02:59 core.sweep_detector INFO: OrderBlocks: 7 detected, 3 unmitigated
11:02:59 core.sweep_detector INFO: FVGs: 9 detected, 4 unfilled
11:03:00 core.sweep_detector INFO: SweepDetector v2: 4 raw → 4 confirmed (vol≥1.5× body≥40%)
11:03:00 core.sweep_detector INFO: OrderBlocks: 2 detected, 0 unmitigated
11:03:00 core.sweep_detector INFO: FVGs: 5 detected, 3 unfilled
11:03:02 core.sweep_detector INFO: SweepDetector v2: 1 raw → 1 confirmed (vol≥1.5× body≥40%)
11:03:02 core.sweep_detector INFO: OrderBlocks: 5 detected, 3 unmitigated
11:03:02 core.sweep_detector INFO: FVGs: 5 detected, 3 unfilled
11:03:04 core.sweep_detector INFO: SweepDetector v2: 2 raw → 2 confirmed (vol≥1.5× body≥40%)
11:03:04 core.sweep_detector INFO: OrderBlocks: 4 detected, 1 unmitigated
11:03:04 core.sweep_detector INFO: FVGs: 5 detected, 1 unfilled
11:03:06 core.sweep_detector INFO: SweepDetector v2: 4 raw → 3 confirmed (vol≥1.5× body≥40%)
11:03:06 core.sweep_detector INFO: OrderBlocks: 1 detected, 0 unmitigated
11:03:06 core.sweep_detector INFO: FVGs: 4 detected, 1 unfilled
11:03:08 core.sweep_detector INFO: SweepDetector v2: 2 raw → 2 confirmed (vol≥1.5× body≥40%)
11:03:08 core.sweep_detector INFO: OrderBlocks: 1 detected, 0 unmitigated
11:03:08 core.sweep_detector INFO: FVGs: 1 detected, 0 unfilled
11:03:10 core.sweep_detector INFO: SweepDetector v2: 5 raw → 3 confirmed (vol≥1.5× body≥40%)
11:03:10 core.sweep_detector INFO: OrderBlocks: 3 detected, 2 unmitigated
11:03:10 core.sweep_detector INFO: FVGs: 10 detected, 2 unfilled
11:03:12 core.sweep_detector INFO: SweepDetector v2: 4 raw → 2 confirmed (vol≥1.5× body≥40%)
11:03:12 core.sweep_detector INFO: OrderBlocks: 4 detected, 2 unmitigated
11:03:12 core.sweep_detector INFO: FVGs: 11 detected, 5 unfilled
11:03:14 core.sweep_detector INFO: SweepDetector v2: 5 raw → 4 confirmed (vol≥1.5× body≥40%)
11:03:14 core.sweep_detector INFO: OrderBlocks: 4 detected, 1 unmitigated
11:03:14 core.sweep_detector INFO: FVGs: 10 detected, 5 unfilled
11:03:15 core.sweep_detector INFO: SweepDetector v2: 3 raw → 2 confirmed (vol≥1.5× body≥40%)
11:03:15 core.sweep_detector INFO: OrderBlocks: 8 detected, 3 unmitigated
11:03:15 core.sweep_detector INFO: FVGs: 10 detected, 3 unfilled
11:03:17 core.sweep_detector INFO: SweepDetector v2: 7 raw → 3 confirmed (vol≥1.5× body≥40%)
11:03:17 core.sweep_detector INFO: OrderBlocks: 1 detected, 0 unmitigated
11:03:17 core.sweep_detector INFO: FVGs: 10 detected, 4 unfilled
11:03:19 core.sweep_detector INFO: SweepDetector v2: 3 raw → 1 confirmed (vol≥1.5× body≥40%)
11:03:19 core.sweep_detector INFO: OrderBlocks: 2 detected, 1 unmitigated
11:03:19 core.sweep_detector INFO: FVGs: 5 detected, 1 unfilled
11:03:21 core.sweep_detector INFO: SweepDetector v2: 1 raw → 0 confirmed (vol≥1.5× body≥40%)
11:03:21 core.sweep_detector INFO: OrderBlocks: 5 detected, 1 unmitigated
11:03:21 core.sweep_detector INFO: FVGs: 5 detected, 2 unfilled
11:03:22 core.sweep_detector INFO: SweepDetector v2: 8 raw → 6 confirmed (vol≥1.5× body≥40%)
11:03:22 core.sweep_detector INFO: OrderBlocks: 1 detected, 0 unmitigated
11:03:22 core.sweep_detector INFO: FVGs: 8 detected, 2 unfilled
11:03:24 core.sweep_detector INFO: SweepDetector v2: 1 raw → 1 confirmed (vol≥1.5× body≥40%)
11:03:24 core.sweep_detector INFO: OrderBlocks: 3 detected, 1 unmitigated
11:03:24 core.sweep_detector INFO: FVGs: 3 detected, 1 unfilled
11:03:26 core.sweep_detector INFO: SweepDetector v2: 1 raw → 1 confirmed (vol≥1.5× body≥40%)
11:03:26 core.sweep_detector INFO: OrderBlocks: 3 detected, 0 unmitigated
11:03:26 core.sweep_detector INFO: FVGs: 12 detected, 3 unfilled
11:03:28 core.sweep_detector INFO: SweepDetector v2: 3 raw → 2 confirmed (vol≥1.5× body≥40%)
11:03:28 core.sweep_detector INFO: OrderBlocks: 4 detected, 0 unmitigated
11:03:28 core.sweep_detector INFO: FVGs: 4 detected, 1 unfilled
11:03:29 core.sweep_detector INFO: SweepDetector v2: 5 raw → 3 confirmed (vol≥1.5× body≥40%)
11:03:29 core.sweep_detector INFO: OrderBlocks: 4 detected, 0 unmitigated
11:03:29 core.sweep_detector INFO: FVGs: 7 detected, 0 unfilled
11:03:31 core.sweep_detector INFO: SweepDetector v2: 4 raw → 4 confirmed (vol≥1.5× body≥40%)
11:03:31 core.sweep_detector INFO: OrderBlocks: 7 detected, 3 unmitigated
11:03:31 core.sweep_detector INFO: FVGs: 9 detected, 2 unfilled
11:03:33 core.sweep_detector INFO: SweepDetector v2: 6 raw → 4 confirmed (vol≥1.5× body≥40%)
11:03:33 core.sweep_detector INFO: OrderBlocks: 4 detected, 1 unmitigated
11:03:33 core.sweep_detector INFO: FVGs: 7 detected, 1 unfilled
11:03:35 core.sweep_detector INFO: SweepDetector v2: 4 raw → 4 confirmed (vol≥1.5× body≥40%)
11:03:35 core.sweep_detector INFO: OrderBlocks: 4 detected, 1 unmitigated
11:03:35 core.sweep_detector INFO: FVGs: 7 detected, 2 unfilled
11:03:36 core.sweep_detector INFO: SweepDetector v2: 4 raw → 2 confirmed (vol≥1.5× body≥40%)
11:03:36 core.sweep_detector INFO: OrderBlocks: 2 detected, 1 unmitigated
11:03:36 core.sweep_detector INFO: FVGs: 12 detected, 6 unfilled
11:03:38 core.sweep_detector INFO: SweepDetector v2: 3 raw → 1 confirmed (vol≥1.5× body≥40%)
11:03:38 core.sweep_detector INFO: OrderBlocks: 3 detected, 2 unmitigated
11:03:38 core.sweep_detector INFO: FVGs: 13 detected, 6 unfilled
11:03:40 core.sweep_detector INFO: SweepDetector v2: 1 raw → 0 confirmed (vol≥1.5× body≥40%)
11:03:40 core.sweep_detector INFO: OrderBlocks: 6 detected, 2 unmitigated
11:03:40 core.sweep_detector INFO: FVGs: 16 detected, 6 unfilled
11:03:41 core.sweep_detector INFO: SweepDetector v2: 0 raw → 0 confirmed (vol≥1.5× body≥40%)
11:03:41 core.sweep_detector INFO: OrderBlocks: 1 detected, 0 unmitigated
11:03:41 core.sweep_detector INFO: FVGs: 0 detected, 0 unfilled
11:03:43 core.sweep_detector INFO: SweepDetector v2: 0 raw → 0 confirmed (vol≥1.5× body≥40%)
11:03:43 core.sweep_detector INFO: OrderBlocks: 0 detected, 0 unmitigated
11:03:43 core.sweep_detector INFO: FVGs: 0 detected, 0 unfilled
11:03:45 core.sweep_detector INFO: SweepDetector v2: 0 raw → 0 confirmed (vol≥1.5× body≥40%)
11:03:45 core.sweep_detector INFO: OrderBlocks: 1 detected, 0 unmitigated
11:03:45 core.sweep_detector INFO: FVGs: 0 detected, 0 unfilled
11:03:46 core.sweep_detector INFO: SweepDetector v2: 2 raw → 2 confirmed (vol≥1.5× body≥40%)
11:03:46 core.sweep_detector INFO: OrderBlocks: 5 detected, 2 unmitigated
11:03:46 core.sweep_detector INFO: FVGs: 6 detected, 1 unfilled
11:03:48 core.sweep_detector INFO: SweepDetector v2: 4 raw → 4 confirmed (vol≥1.5× body≥40%)
11:03:48 core.sweep_detector INFO: OrderBlocks: 2 detected, 0 unmitigated
11:03:48 core.sweep_detector INFO: FVGs: 13 detected, 1 unfilled
11:03:50 core.sweep_detector INFO: SweepDetector v2: 2 raw → 1 confirmed (vol≥1.5× body≥40%)
11:03:50 core.sweep_detector INFO: OrderBlocks: 8 detected, 3 unmitigated
11:03:50 core.sweep_detector INFO: FVGs: 6 detected, 2 unfilled
11:03:52 core.sweep_detector INFO: SweepDetector v2: 6 raw → 3 confirmed (vol≥1.5× body≥40%)
11:03:52 core.sweep_detector INFO: OrderBlocks: 9 detected, 1 unmitigated
11:03:52 core.sweep_detector INFO: FVGs: 13 detected, 6 unfilled
11:03:53 core.sweep_detector INFO: SweepDetector v2: 6 raw → 4 confirmed (vol≥1.5× body≥40%)
11:03:53 core.sweep_detector INFO: OrderBlocks: 2 detected, 1 unmitigated
11:03:53 core.sweep_detector INFO: FVGs: 7 detected, 3 unfilled
11:03:55 core.sweep_detector INFO: SweepDetector v2: 3 raw → 1 confirmed (vol≥1.5× body≥40%)
11:03:55 core.sweep_detector INFO: OrderBlocks: 3 detected, 1 unmitigated
11:03:55 core.sweep_detector INFO: FVGs: 4 detected, 2 unfilled
11:03:56 core.sweep_detector INFO: SweepDetector v2: 2 raw → 1 confirmed (vol≥1.5× body≥40%)
11:03:56 core.sweep_detector INFO: OrderBlocks: 7 detected, 0 unmitigated
11:03:56 core.sweep_detector INFO: FVGs: 9 detected, 2 unfilled
11:03:58 core.sweep_detector INFO: SweepDetector v2: 4 raw → 2 confirmed (vol≥1.5× body≥40%)
11:03:58 core.sweep_detector INFO: OrderBlocks: 3 detected, 1 unmitigated
11:03:58 core.sweep_detector INFO: FVGs: 11 detected, 3 unfilled
11:04:00 core.sweep_detector INFO: SweepDetector v2: 0 raw → 0 confirmed (vol≥1.5× body≥40%)
11:04:00 core.sweep_detector INFO: OrderBlocks: 6 detected, 3 unmitigated
11:04:00 core.sweep_detector INFO: FVGs: 8 detected, 3 unfilled
11:04:02 core.sweep_detector INFO: SweepDetector v2: 1 raw → 1 confirmed (vol≥1.5× body≥40%)
11:04:02 core.sweep_detector INFO: OrderBlocks: 7 detected, 3 unmitigated
11:04:02 core.sweep_detector INFO: FVGs: 12 detected, 5 unfilled
11:04:04 core.sweep_detector INFO: SweepDetector v2: 3 raw → 2 confirmed (vol≥1.5× body≥40%)
11:04:04 core.sweep_detector INFO: OrderBlocks: 3 detected, 1 unmitigated
11:04:04 core.sweep_detector INFO: FVGs: 7 detected, 4 unfilled
11:04:06 core.sweep_detector INFO: SweepDetector v2: 0 raw → 0 confirmed (vol≥1.5× body≥40%)
11:04:06 core.sweep_detector INFO: OrderBlocks: 3 detected, 0 unmitigated
11:04:06 core.sweep_detector INFO: FVGs: 5 detected, 1 unfilled
11:04:07 core.sweep_detector INFO: SweepDetector v2: 6 raw → 3 confirmed (vol≥1.5× body≥40%)
11:04:07 core.sweep_detector INFO: OrderBlocks: 6 detected, 1 unmitigated
11:04:07 core.sweep_detector INFO: FVGs: 11 detected, 1 unfilled
11:04:09 core.sweep_detector INFO: SweepDetector v2: 4 raw → 2 confirmed (vol≥1.5× body≥40%)
11:04:09 core.sweep_detector INFO: OrderBlocks: 0 detected, 0 unmitigated
11:04:09 core.sweep_detector INFO: FVGs: 5 detected, 4 unfilled
11:04:11 core.sweep_detector INFO: SweepDetector v2: 5 raw → 1 confirmed (vol≥1.5× body≥40%)
11:04:11 core.sweep_detector INFO: OrderBlocks: 5 detected, 1 unmitigated
11:04:11 core.sweep_detector INFO: FVGs: 5 detected, 2 unfilled
11:04:12 core.sweep_detector INFO: SweepDetector v2: 3 raw → 2 confirmed (vol≥1.5× body≥40%)
11:04:12 core.sweep_detector INFO: OrderBlocks: 4 detected, 2 unmitigated
11:04:12 core.sweep_detector INFO: FVGs: 10 detected, 7 unfilled
11:04:14 core.sweep_detector INFO: SweepDetector v2: 3 raw → 1 confirmed (vol≥1.5× body≥40%)
11:04:14 core.sweep_detector INFO: OrderBlocks: 2 detected, 0 unmitigated
11:04:14 core.sweep_detector INFO: FVGs: 6 detected, 1 unfilled
11:04:16 core.sweep_detector INFO: SweepDetector v2: 2 raw → 1 confirmed (vol≥1.5× body≥40%)
11:04:16 core.sweep_detector INFO: OrderBlocks: 3 detected, 0 unmitigated
11:04:16 core.sweep_detector INFO: FVGs: 5 detected, 0 unfilled
11:04:18 core.sweep_detector INFO: SweepDetector v2: 6 raw → 4 confirmed (vol≥1.5× body≥40%)
11:04:18 core.sweep_detector INFO: OrderBlocks: 7 detected, 2 unmitigated
11:04:18 core.sweep_detector INFO: FVGs: 8 detected, 3 unfilled
11:04:19 core.sweep_detector INFO: SweepDetector v2: 3 raw → 2 confirmed (vol≥1.5× body≥40%)
11:04:19 core.sweep_detector INFO: OrderBlocks: 6 detected, 3 unmitigated
11:04:19 core.sweep_detector INFO: FVGs: 16 detected, 4 unfilled
11:04:21 core.sweep_detector INFO: SweepDetector v2: 1 raw → 1 confirmed (vol≥1.5× body≥40%)
11:04:21 core.sweep_detector INFO: OrderBlocks: 8 detected, 4 unmitigated
11:04:21 core.sweep_detector INFO: FVGs: 11 detected, 8 unfilled
11:04:23 core.sweep_detector INFO: SweepDetector v2: 1 raw → 1 confirmed (vol≥1.5× body≥40%)
11:04:23 core.sweep_detector INFO: OrderBlocks: 5 detected, 1 unmitigated
11:04:23 core.sweep_detector INFO: FVGs: 8 detected, 3 unfilled
11:04:24 core.sweep_detector INFO: SweepDetector v2: 3 raw → 2 confirmed (vol≥1.5× body≥40%)
11:04:24 core.sweep_detector INFO: OrderBlocks: 3 detected, 2 unmitigated
11:04:24 core.sweep_detector INFO: FVGs: 5 detected, 2 unfilled
11:04:26 core.sweep_detector INFO: SweepDetector v2: 1 raw → 1 confirmed (vol≥1.5× body≥40%)
11:04:26 core.sweep_detector INFO: OrderBlocks: 3 detected, 0 unmitigated
11:04:26 core.sweep_detector INFO: FVGs: 1 detected, 0 unfilled
11:04:28 core.sweep_detector INFO: SweepDetector v2: 5 raw → 2 confirmed (vol≥1.5× body≥40%)
11:04:28 core.sweep_detector INFO: OrderBlocks: 3 detected, 2 unmitigated
11:04:28 core.sweep_detector INFO: FVGs: 12 detected, 8 unfilled
11:04:30 core.sweep_detector INFO: SweepDetector v2: 3 raw → 2 confirmed (vol≥1.5× body≥40%)
11:04:30 core.sweep_detector INFO: OrderBlocks: 0 detected, 0 unmitigated
11:04:30 core.sweep_detector INFO: FVGs: 1 detected, 0 unfilled
11:04:32 core.sweep_detector INFO: SweepDetector v2: 5 raw → 5 confirmed (vol≥1.5× body≥40%)
11:04:32 core.sweep_detector INFO: OrderBlocks: 3 detected, 0 unmitigated
11:04:32 core.sweep_detector INFO: FVGs: 5 detected, 0 unfilled
11:04:34 core.sweep_detector INFO: SweepDetector v2: 3 raw → 3 confirmed (vol≥1.5× body≥40%)
11:04:35 core.sweep_detector INFO: OrderBlocks: 7 detected, 2 unmitigated
11:04:35 core.sweep_detector INFO: FVGs: 7 detected, 1 unfilled
11:04:36 core.sweep_detector INFO: SweepDetector v2: 3 raw → 0 confirmed (vol≥1.5× body≥40%)
11:04:36 core.sweep_detector INFO: OrderBlocks: 3 detected, 0 unmitigated
11:04:36 core.sweep_detector INFO: FVGs: 3 detected, 0 unfilled
11:04:38 core.sweep_detector INFO: SweepDetector v2: 6 raw → 3 confirmed (vol≥1.5× body≥40%)
11:04:38 core.sweep_detector INFO: OrderBlocks: 4 detected, 1 unmitigated
11:04:38 core.sweep_detector INFO: FVGs: 4 detected, 0 unfilled
11:04:41 core.sweep_detector INFO: SweepDetector v2: 6 raw → 2 confirmed (vol≥1.5× body≥40%)
11:04:41 core.sweep_detector INFO: OrderBlocks: 7 detected, 1 unmitigated
11:04:41 core.sweep_detector INFO: FVGs: 8 detected, 3 unfilled
11:04:43 core.sweep_detector INFO: SweepDetector v2: 5 raw → 2 confirmed (vol≥1.5× body≥40%)
11:04:43 core.sweep_detector INFO: OrderBlocks: 3 detected, 2 unmitigated
11:04:43 core.sweep_detector INFO: FVGs: 8 detected, 2 unfilled
11:04:45 core.sweep_detector INFO: SweepDetector v2: 2 raw → 2 confirmed (vol≥1.5× body≥40%)
11:04:45 core.sweep_detector INFO: OrderBlocks: 3 detected, 2 unmitigated
11:04:45 core.sweep_detector INFO: FVGs: 3 detected, 1 unfilled
11:04:54 core.sweep_detector INFO: SweepDetector v2: 5 raw → 3 confirmed (vol≥1.5× body≥40%)
11:04:54 core.sweep_detector INFO: OrderBlocks: 7 detected, 2 unmitigated
11:04:54 core.sweep_detector INFO: FVGs: 9 detected, 1 unfilled
11:04:56 core.sweep_detector INFO: SweepDetector v2: 4 raw → 2 confirmed (vol≥1.5× body≥40%)
11:04:56 core.sweep_detector INFO: OrderBlocks: 4 detected, 2 unmitigated
11:04:56 core.sweep_detector INFO: FVGs: 13 detected, 5 unfilled
11:04:58 core.sweep_detector INFO: SweepDetector v2: 8 raw → 5 confirmed (vol≥1.5× body≥40%)
11:04:58 core.sweep_detector INFO: OrderBlocks: 3 detected, 3 unmitigated
11:04:58 core.sweep_detector INFO: FVGs: 8 detected, 4 unfilled
11:05:01 core.sweep_detector INFO: SweepDetector v2: 3 raw → 1 confirmed (vol≥1.5× body≥40%)
11:05:01 core.sweep_detector INFO: OrderBlocks: 7 detected, 3 unmitigated
11:05:01 core.sweep_detector INFO: FVGs: 13 detected, 5 unfilled
11:05:02 core.sweep_detector INFO: SweepDetector v2: 6 raw → 4 confirmed (vol≥1.5× body≥40%)
11:05:02 core.sweep_detector INFO: OrderBlocks: 1 detected, 0 unmitigated
11:05:02 core.sweep_detector INFO: FVGs: 8 detected, 3 unfilled
11:05:05 core.sweep_detector INFO: SweepDetector v2: 1 raw → 1 confirmed (vol≥1.5× body≥40%)
11:05:05 core.sweep_detector INFO: OrderBlocks: 2 detected, 0 unmitigated
11:05:05 core.sweep_detector INFO: FVGs: 6 detected, 0 unfilled
11:05:08 core.sweep_detector INFO: SweepDetector v2: 10 raw → 6 confirmed (vol≥1.5× body≥40%)
11:05:08 core.sweep_detector INFO: OrderBlocks: 6 detected, 5 unmitigated
11:05:08 core.sweep_detector INFO: FVGs: 14 detected, 8 unfilled
11:05:10 core.sweep_detector INFO: SweepDetector v2: 4 raw → 2 confirmed (vol≥1.5× body≥40%)
11:05:10 core.sweep_detector INFO: OrderBlocks: 4 detected, 4 unmitigated
11:05:10 core.sweep_detector INFO: FVGs: 8 detected, 5 unfilled
11:05:13 core.sweep_detector INFO: SweepDetector v2: 4 raw → 4 confirmed (vol≥1.5× body≥40%)
11:05:13 core.sweep_detector INFO: OrderBlocks: 7 detected, 2 unmitigated
11:05:13 core.sweep_detector INFO: FVGs: 17 detected, 9 unfilled
11:05:15 core.sweep_detector INFO: SweepDetector v2: 3 raw → 3 confirmed (vol≥1.5× body≥40%)
11:05:15 core.sweep_detector INFO: OrderBlocks: 5 detected, 1 unmitigated
11:05:15 core.sweep_detector INFO: FVGs: 10 detected, 3 unfilled
11:05:17 core.sweep_detector INFO: SweepDetector v2: 0 raw → 0 confirmed (vol≥1.5× body≥40%)
11:05:17 core.sweep_detector INFO: OrderBlocks: 1 detected, 0 unmitigated
11:05:17 core.sweep_detector INFO: FVGs: 11 detected, 6 unfilled
11:05:20 core.sweep_detector INFO: SweepDetector v2: 5 raw → 3 confirmed (vol≥1.5× body≥40%)
11:05:20 core.sweep_detector INFO: OrderBlocks: 0 detected, 0 unmitigated
11:05:20 core.sweep_detector INFO: FVGs: 8 detected, 1 unfilled
11:05:22 core.sweep_detector INFO: SweepDetector v2: 1 raw → 0 confirmed (vol≥1.5× body≥40%)
11:05:22 core.sweep_detector INFO: OrderBlocks: 7 detected, 4 unmitigated
11:05:22 core.sweep_detector INFO: FVGs: 11 detected, 4 unfilled
11:05:24 core.sweep_detector INFO: SweepDetector v2: 4 raw → 3 confirmed (vol≥1.5× body≥40%)
11:05:24 core.sweep_detector INFO: OrderBlocks: 2 detected, 2 unmitigated
11:05:24 core.sweep_detector INFO: FVGs: 7 detected, 4 unfilled
11:05:26 core.sweep_detector INFO: SweepDetector v2: 3 raw → 2 confirmed (vol≥1.5× body≥40%)
11:05:26 core.sweep_detector INFO: OrderBlocks: 5 detected, 2 unmitigated
11:05:26 core.sweep_detector INFO: FVGs: 3 detected, 1 unfilled
11:05:28 core.sweep_detector INFO: SweepDetector v2: 6 raw → 2 confirmed (vol≥1.5× body≥40%)
11:05:28 core.sweep_detector INFO: OrderBlocks: 3 detected, 3 unmitigated
11:05:28 core.sweep_detector INFO: FVGs: 6 detected, 4 unfilled
11:05:30 core.sweep_detector INFO: SweepDetector v2: 3 raw → 1 confirmed (vol≥1.5× body≥40%)
11:05:30 core.sweep_detector INFO: OrderBlocks: 5 detected, 3 unmitigated
11:05:30 core.sweep_detector INFO: FVGs: 14 detected, 3 unfilled
11:05:32 core.sweep_detector INFO: SweepDetector v2: 1 raw → 1 confirmed (vol≥1.5× body≥40%)
11:05:32 core.sweep_detector INFO: OrderBlocks: 9 detected, 3 unmitigated
11:05:32 core.sweep_detector INFO: FVGs: 9 detected, 3 unfilled
11:05:34 core.sweep_detector INFO: SweepDetector v2: 9 raw → 5 confirmed (vol≥1.5× body≥40%)
11:05:34 core.sweep_detector INFO: OrderBlocks: 3 detected, 1 unmitigated
11:05:34 core.sweep_detector INFO: FVGs: 4 detected, 1 unfilled
11:05:36 core.sweep_detector INFO: SweepDetector v2: 5 raw → 4 confirmed (vol≥1.5× body≥40%)
11:05:36 core.sweep_detector INFO: OrderBlocks: 3 detected, 0 unmitigated
11:05:36 core.sweep_detector INFO: FVGs: 4 detected, 0 unfilled
11:05:38 core.sweep_detector INFO: SweepDetector v2: 3 raw → 2 confirmed (vol≥1.5× body≥40%)
11:05:38 core.sweep_detector INFO: OrderBlocks: 7 detected, 1 unmitigated
11:05:38 core.sweep_detector INFO: FVGs: 7 detected, 0 unfilled
11:05:40 core.sweep_detector INFO: SweepDetector v2: 5 raw → 3 confirmed (vol≥1.5× body≥40%)
11:05:40 core.sweep_detector INFO: OrderBlocks: 0 detected, 0 unmitigated
11:05:40 core.sweep_detector INFO: FVGs: 11 detected, 11 unfilled
11:05:42 core.sweep_detector INFO: SweepDetector v2: 4 raw → 3 confirmed (vol≥1.5× body≥40%)
11:05:42 core.sweep_detector INFO: OrderBlocks: 3 detected, 0 unmitigated
11:05:42 core.sweep_detector INFO: FVGs: 9 detected, 4 unfilled
11:05:44 core.sweep_detector INFO: SweepDetector v2: 5 raw → 5 confirmed (vol≥1.5× body≥40%)
11:05:44 core.sweep_detector INFO: OrderBlocks: 8 detected, 2 unmitigated
11:05:44 core.sweep_detector INFO: FVGs: 7 detected, 1 unfilled
11:05:46 core.sweep_detector INFO: SweepDetector v2: 4 raw → 1 confirmed (vol≥1.5× body≥40%)
11:05:46 core.sweep_detector INFO: OrderBlocks: 6 detected, 3 unmitigated
11:05:46 core.sweep_detector INFO: FVGs: 7 detected, 4 unfilled
11:05:48 core.sweep_detector INFO: SweepDetector v2: 5 raw → 3 confirmed (vol≥1.5× body≥40%)
11:05:48 core.sweep_detector INFO: OrderBlocks: 4 detected, 1 unmitigated
11:05:48 core.sweep_detector INFO: FVGs: 4 detected, 3 unfilled
11:05:49 core.sweep_detector INFO: SweepDetector v2: 3 raw → 2 confirmed (vol≥1.5× body≥40%)
11:05:49 core.sweep_detector INFO: OrderBlocks: 5 detected, 1 unmitigated
11:05:49 core.sweep_detector INFO: FVGs: 5 detected, 2 unfilled
11:05:51 core.sweep_detector INFO: SweepDetector v2: 2 raw → 1 confirmed (vol≥1.5× body≥40%)
11:05:52 core.sweep_detector INFO: OrderBlocks: 3 detected, 0 unmitigated
11:05:52 core.sweep_detector INFO: FVGs: 11 detected, 5 unfilled
11:05:53 core.sweep_detector INFO: SweepDetector v2: 1 raw → 1 confirmed (vol≥1.5× body≥40%)
11:05:53 core.sweep_detector INFO: OrderBlocks: 3 detected, 0 unmitigated
11:05:53 core.sweep_detector INFO: FVGs: 3 detected, 0 unfilled
11:05:55 core.sweep_detector INFO: SweepDetector v2: 3 raw → 1 confirmed (vol≥1.5× body≥40%)
11:05:55 core.sweep_detector INFO: OrderBlocks: 3 detected, 0 unmitigated
11:05:55 core.sweep_detector INFO: FVGs: 4 detected, 0 unfilled
11:05:55 __main__ INFO: Pending signal #18: binance:TON/USDT short entry=1.254 current=1.244 dist=0.80% expires=2h
11:05:55 alerts.telegram INFO: Alert suppressed (binance:TON/USDT short): conf 0.70 < threshold 0.75
11:05:57 core.sweep_detector INFO: SweepDetector v2: 1 raw → 0 confirmed (vol≥1.5× body≥40%)
11:05:57 core.sweep_detector INFO: OrderBlocks: 6 detected, 2 unmitigated
11:05:57 core.sweep_detector INFO: FVGs: 9 detected, 5 unfilled
11:05:59 core.sweep_detector INFO: SweepDetector v2: 4 raw → 3 confirmed (vol≥1.5× body≥40%)
11:05:59 core.sweep_detector INFO: OrderBlocks: 4 detected, 2 unmitigated
11:05:59 core.sweep_detector INFO: FVGs: 10 detected, 4 unfilled
11:06:01 core.sweep_detector INFO: SweepDetector v2: 2 raw → 1 confirmed (vol≥1.5× body≥40%)
11:06:01 core.sweep_detector INFO: OrderBlocks: 8 detected, 2 unmitigated
11:06:01 core.sweep_detector INFO: FVGs: 7 detected, 3 unfilled
11:06:03 core.sweep_detector INFO: SweepDetector v2: 3 raw → 1 confirmed (vol≥1.5× body≥40%)
11:06:03 core.sweep_detector INFO: OrderBlocks: 9 detected, 2 unmitigated
11:06:03 core.sweep_detector INFO: FVGs: 11 detected, 2 unfilled
11:06:04 core.sweep_detector INFO: SweepDetector v2: 4 raw → 2 confirmed (vol≥1.5× body≥40%)
11:06:04 core.sweep_detector INFO: OrderBlocks: 6 detected, 4 unmitigated
11:06:04 core.sweep_detector INFO: FVGs: 7 detected, 2 unfilled
11:06:06 core.sweep_detector INFO: SweepDetector v2: 2 raw → 1 confirmed (vol≥1.5× body≥40%)
11:06:06 core.sweep_detector INFO: OrderBlocks: 8 detected, 2 unmitigated
11:06:06 core.sweep_detector INFO: FVGs: 4 detected, 1 unfilled
11:06:08 core.sweep_detector INFO: SweepDetector v2: 0 raw → 0 confirmed (vol≥1.5× body≥40%)
11:06:08 core.sweep_detector INFO: OrderBlocks: 6 detected, 2 unmitigated
11:06:08 core.sweep_detector INFO: FVGs: 9 detected, 2 unfilled
11:06:10 core.sweep_detector INFO: SweepDetector v2: 4 raw → 2 confirmed (vol≥1.5× body≥40%)
11:06:10 core.sweep_detector INFO: OrderBlocks: 1 detected, 1 unmitigated
11:06:10 core.sweep_detector INFO: FVGs: 6 detected, 3 unfilled
11:06:12 core.sweep_detector INFO: SweepDetector v2: 2 raw → 0 confirmed (vol≥1.5× body≥40%)
11:06:12 core.sweep_detector INFO: OrderBlocks: 2 detected, 2 unmitigated
11:06:12 core.sweep_detector INFO: FVGs: 5 detected, 3 unfilled
11:06:14 core.sweep_detector INFO: SweepDetector v2: 4 raw → 2 confirmed (vol≥1.5× body≥40%)
11:06:14 core.sweep_detector INFO: OrderBlocks: 7 detected, 3 unmitigated
11:06:14 core.sweep_detector INFO: FVGs: 9 detected, 3 unfilled
11:06:16 core.sweep_detector INFO: SweepDetector v2: 3 raw → 0 confirmed (vol≥1.5× body≥40%)
11:06:16 core.sweep_detector INFO: OrderBlocks: 10 detected, 4 unmitigated
11:06:16 core.sweep_detector INFO: FVGs: 15 detected, 6 unfilled
11:06:18 core.sweep_detector INFO: SweepDetector v2: 1 raw → 0 confirmed (vol≥1.5× body≥40%)
11:06:18 core.sweep_detector INFO: OrderBlocks: 8 detected, 2 unmitigated
11:06:18 core.sweep_detector INFO: FVGs: 9 detected, 4 unfilled
11:06:19 core.sweep_detector INFO: SweepDetector v2: 0 raw → 0 confirmed (vol≥1.5× body≥40%)
11:06:19 core.sweep_detector INFO: OrderBlocks: 3 detected, 0 unmitigated
11:06:19 core.sweep_detector INFO: FVGs: 0 detected, 0 unfilled
11:06:22 core.sweep_detector INFO: SweepDetector v2: 0 raw → 0 confirmed (vol≥1.5× body≥40%)
11:06:22 core.sweep_detector INFO: OrderBlocks: 1 detected, 0 unmitigated
11:06:22 core.sweep_detector INFO: FVGs: 0 detected, 0 unfilled
11:06:23 core.sweep_detector INFO: SweepDetector v2: 0 raw → 0 confirmed (vol≥1.5× body≥40%)
11:06:23 core.sweep_detector INFO: OrderBlocks: 0 detected, 0 unmitigated
11:06:23 core.sweep_detector INFO: FVGs: 0 detected, 0 unfilled
11:06:25 core.sweep_detector INFO: SweepDetector v2: 4 raw → 3 confirmed (vol≥1.5× body≥40%)
11:06:25 core.sweep_detector INFO: OrderBlocks: 6 detected, 3 unmitigated
11:06:25 core.sweep_detector INFO: FVGs: 8 detected, 4 unfilled
11:06:27 core.sweep_detector INFO: SweepDetector v2: 5 raw → 3 confirmed (vol≥1.5× body≥40%)
11:06:27 core.sweep_detector INFO: OrderBlocks: 3 detected, 0 unmitigated
11:06:27 core.sweep_detector INFO: FVGs: 7 detected, 3 unfilled
11:06:28 core.sweep_detector INFO: SweepDetector v2: 1 raw → 1 confirmed (vol≥1.5× body≥40%)
11:06:29 core.sweep_detector INFO: OrderBlocks: 5 detected, 2 unmitigated
11:06:29 core.sweep_detector INFO: FVGs: 7 detected, 1 unfilled
11:06:30 core.sweep_detector INFO: SweepDetector v2: 1 raw → 1 confirmed (vol≥1.5× body≥40%)
11:06:30 core.sweep_detector INFO: OrderBlocks: 2 detected, 0 unmitigated
11:06:30 core.sweep_detector INFO: FVGs: 0 detected, 0 unfilled
11:06:32 core.sweep_detector INFO: SweepDetector v2: 0 raw → 0 confirmed (vol≥1.5× body≥40%)
11:06:32 core.sweep_detector INFO: OrderBlocks: 0 detected, 0 unmitigated
11:06:32 core.sweep_detector INFO: FVGs: 0 detected, 0 unfilled
11:06:34 core.sweep_detector INFO: SweepDetector v2: 0 raw → 0 confirmed (vol≥1.5× body≥40%)
11:06:34 core.sweep_detector INFO: OrderBlocks: 1 detected, 0 unmitigated
11:06:34 core.sweep_detector INFO: FVGs: 0 detected, 0 unfilled
11:06:36 core.sweep_detector INFO: SweepDetector v2: 0 raw → 0 confirmed (vol≥1.5× body≥40%)
11:06:36 core.sweep_detector INFO: OrderBlocks: 3 detected, 0 unmitigated
11:06:36 core.sweep_detector INFO: FVGs: 0 detected, 0 unfilled
11:06:38 core.sweep_detector INFO: SweepDetector v2: 0 raw → 0 confirmed (vol≥1.5× body≥40%)
11:06:38 core.sweep_detector INFO: OrderBlocks: 0 detected, 0 unmitigated
11:06:38 core.sweep_detector INFO: FVGs: 0 detected, 0 unfilled
11:06:39 core.sweep_detector INFO: SweepDetector v2: 0 raw → 0 confirmed (vol≥1.5× body≥40%)
11:06:39 core.sweep_detector INFO: OrderBlocks: 0 detected, 0 unmitigated
11:06:39 core.sweep_detector INFO: FVGs: 0 detected, 0 unfilled
11:06:42 core.sweep_detector INFO: SweepDetector v2: 0 raw → 0 confirmed (vol≥1.5× body≥40%)
11:06:42 core.sweep_detector INFO: OrderBlocks: 8 detected, 1 unmitigated
11:06:42 core.sweep_detector INFO: FVGs: 5 detected, 2 unfilled
11:06:43 core.sweep_detector INFO: SweepDetector v2: 5 raw → 4 confirmed (vol≥1.5× body≥40%)
11:06:43 core.sweep_detector INFO: OrderBlocks: 5 detected, 2 unmitigated
11:06:43 core.sweep_detector INFO: FVGs: 13 detected, 4 unfilled
11:06:45 core.sweep_detector INFO: SweepDetector v2: 1 raw → 1 confirmed (vol≥1.5× body≥40%)
11:06:45 core.sweep_detector INFO: OrderBlocks: 3 detected, 3 unmitigated
11:06:45 core.sweep_detector INFO: FVGs: 7 detected, 6 unfilled
11:06:47 core.sweep_detector INFO: SweepDetector v2: 4 raw → 3 confirmed (vol≥1.5× body≥40%)
11:06:47 core.sweep_detector INFO: OrderBlocks: 4 detected, 0 unmitigated
11:06:47 core.sweep_detector INFO: FVGs: 9 detected, 4 unfilled
11:06:49 core.sweep_detector INFO: SweepDetector v2: 3 raw → 3 confirmed (vol≥1.5× body≥40%)
11:06:49 core.sweep_detector INFO: OrderBlocks: 1 detected, 0 unmitigated
11:06:49 core.sweep_detector INFO: FVGs: 6 detected, 1 unfilled
11:06:51 core.sweep_detector INFO: SweepDetector v2: 3 raw → 0 confirmed (vol≥1.5× body≥40%)
11:06:52 core.sweep_detector INFO: OrderBlocks: 4 detected, 1 unmitigated
11:06:52 core.sweep_detector INFO: FVGs: 4 detected, 0 unfilled
11:06:53 core.sweep_detector INFO: SweepDetector v2: 3 raw → 3 confirmed (vol≥1.5× body≥40%)
11:06:53 core.sweep_detector INFO: OrderBlocks: 4 detected, 2 unmitigated
11:06:53 core.sweep_detector INFO: FVGs: 8 detected, 2 unfilled
11:06:55 core.sweep_detector INFO: SweepDetector v2: 3 raw → 3 confirmed (vol≥1.5× body≥40%)
11:06:55 core.sweep_detector INFO: OrderBlocks: 2 detected, 0 unmitigated
11:06:55 core.sweep_detector INFO: FVGs: 9 detected, 1 unfilled
11:06:57 core.sweep_detector INFO: SweepDetector v2: 2 raw → 1 confirmed (vol≥1.5× body≥40%)
11:06:57 core.sweep_detector INFO: OrderBlocks: 8 detected, 1 unmitigated
11:06:57 core.sweep_detector INFO: FVGs: 4 detected, 0 unfilled
11:06:59 core.sweep_detector INFO: SweepDetector v2: 4 raw → 3 confirmed (vol≥1.5× body≥40%)
11:06:59 core.sweep_detector INFO: OrderBlocks: 3 detected, 1 unmitigated
11:06:59 core.sweep_detector INFO: FVGs: 7 detected, 4 unfilled
11:07:01 core.sweep_detector INFO: SweepDetector v2: 4 raw → 2 confirmed (vol≥1.5× body≥40%)
11:07:01 core.sweep_detector INFO: OrderBlocks: 2 detected, 1 unmitigated
11:07:01 core.sweep_detector INFO: FVGs: 4 detected, 1 unfilled
11:07:03 core.sweep_detector INFO: SweepDetector v2: 2 raw → 1 confirmed (vol≥1.5× body≥40%)
11:07:03 core.sweep_detector INFO: OrderBlocks: 1 detected, 0 unmitigated
11:07:03 core.sweep_detector INFO: FVGs: 1 detected, 0 unfilled
11:07:04 core.sweep_detector INFO: SweepDetector v2: 3 raw → 1 confirmed (vol≥1.5× body≥40%)
11:07:04 core.sweep_detector INFO: OrderBlocks: 6 detected, 5 unmitigated
11:07:04 core.sweep_detector INFO: FVGs: 13 detected, 6 unfilled
11:07:06 core.sweep_detector INFO: SweepDetector v2: 5 raw → 4 confirmed (vol≥1.5× body≥40%)
11:07:06 core.sweep_detector INFO: OrderBlocks: 1 detected, 0 unmitigated
11:07:06 core.sweep_detector INFO: FVGs: 8 detected, 2 unfilled
11:07:08 core.sweep_detector INFO: SweepDetector v2: 4 raw → 2 confirmed (vol≥1.5× body≥40%)
11:07:08 core.sweep_detector INFO: OrderBlocks: 11 detected, 3 unmitigated
11:07:08 core.sweep_detector INFO: FVGs: 12 detected, 3 unfilled
11:07:09 core.sweep_detector INFO: SweepDetector v2: 6 raw → 1 confirmed (vol≥1.5× body≥40%)
11:07:09 core.sweep_detector INFO: OrderBlocks: 6 detected, 1 unmitigated
11:07:09 core.sweep_detector INFO: FVGs: 5 detected, 2 unfilled
11:07:11 core.sweep_detector INFO: SweepDetector v2: 3 raw → 2 confirmed (vol≥1.5× body≥40%)
11:07:11 core.sweep_detector INFO: OrderBlocks: 4 detected, 0 unmitigated
11:07:11 core.sweep_detector INFO: FVGs: 5 detected, 3 unfilled
11:07:13 core.sweep_detector INFO: SweepDetector v2: 4 raw → 2 confirmed (vol≥1.5× body≥40%)
11:07:13 core.sweep_detector INFO: OrderBlocks: 5 detected, 0 unmitigated
11:07:13 core.sweep_detector INFO: FVGs: 4 detected, 0 unfilled
11:07:16 core.sweep_detector INFO: SweepDetector v2: 0 raw → 0 confirmed (vol≥1.5× body≥40%)
11:07:16 core.sweep_detector INFO: OrderBlocks: 0 detected, 0 unmitigated
11:07:16 core.sweep_detector INFO: FVGs: 2 detected, 1 unfilled
11:07:18 core.sweep_detector INFO: SweepDetector v2: 0 raw → 0 confirmed (vol≥1.5× body≥40%)
11:07:18 core.sweep_detector INFO: OrderBlocks: 1 detected, 1 unmitigated
11:07:18 core.sweep_detector INFO: FVGs: 4 detected, 2 unfilled
11:07:20 core.sweep_detector INFO: SweepDetector v2: 0 raw → 0 confirmed (vol≥1.5× body≥40%)
11:07:20 core.sweep_detector INFO: OrderBlocks: 11 detected, 0 unmitigated
11:07:20 core.sweep_detector INFO: FVGs: 0 detected, 0 unfilled
11:07:22 core.sweep_detector INFO: SweepDetector v2: 2 raw → 2 confirmed (vol≥1.5× body≥40%)
11:07:22 core.sweep_detector INFO: OrderBlocks: 7 detected, 3 unmitigated
11:07:22 core.sweep_detector INFO: FVGs: 8 detected, 3 unfilled
11:07:23 core.sweep_detector INFO: SweepDetector v2: 2 raw → 1 confirmed (vol≥1.5× body≥40%)
11:07:23 core.sweep_detector INFO: OrderBlocks: 3 detected, 1 unmitigated
11:07:23 core.sweep_detector INFO: FVGs: 7 detected, 2 unfilled
11:07:25 core.sweep_detector INFO: SweepDetector v2: 0 raw → 0 confirmed (vol≥1.5× body≥40%)
11:07:25 core.sweep_detector INFO: OrderBlocks: 7 detected, 3 unmitigated
11:07:25 core.sweep_detector INFO: FVGs: 5 detected, 1 unfilled
11:07:27 core.sweep_detector INFO: SweepDetector v2: 1 raw → 1 confirmed (vol≥1.5× body≥40%)
11:07:27 core.sweep_detector INFO: OrderBlocks: 8 detected, 1 unmitigated
11:07:27 core.sweep_detector INFO: FVGs: 9 detected, 3 unfilled
11:07:28 core.sweep_detector INFO: SweepDetector v2: 5 raw → 4 confirmed (vol≥1.5× body≥40%)
11:07:28 core.sweep_detector INFO: OrderBlocks: 1 detected, 0 unmitigated
11:07:28 core.sweep_detector INFO: FVGs: 13 detected, 3 unfilled
11:07:30 core.sweep_detector INFO: SweepDetector v2: 1 raw → 1 confirmed (vol≥1.5× body≥40%)
11:07:30 core.sweep_detector INFO: OrderBlocks: 4 detected, 2 unmitigated
11:07:30 core.sweep_detector INFO: FVGs: 5 detected, 2 unfilled
11:07:32 core.sweep_detector INFO: SweepDetector v2: 6 raw → 5 confirmed (vol≥1.5× body≥40%)
11:07:32 core.sweep_detector INFO: OrderBlocks: 4 detected, 1 unmitigated
11:07:32 core.sweep_detector INFO: FVGs: 8 detected, 2 unfilled
11:07:33 core.sweep_detector INFO: SweepDetector v2: 2 raw → 1 confirmed (vol≥1.5× body≥40%)
11:07:33 core.sweep_detector INFO: OrderBlocks: 3 detected, 1 unmitigated
11:07:33 core.sweep_detector INFO: FVGs: 5 detected, 1 unfilled
11:07:35 core.sweep_detector INFO: SweepDetector v2: 2 raw → 2 confirmed (vol≥1.5× body≥40%)
11:07:35 core.sweep_detector INFO: OrderBlocks: 11 detected, 1 unmitigated
11:07:35 core.sweep_detector INFO: FVGs: 6 detected, 0 unfilled
11:07:37 core.sweep_detector INFO: SweepDetector v2: 1 raw → 1 confirmed (vol≥1.5× body≥40%)
11:07:37 core.sweep_detector INFO: OrderBlocks: 0 detected, 0 unmitigated
11:07:37 core.sweep_detector INFO: FVGs: 0 detected, 0 unfilled
11:07:38 core.sweep_detector INFO: SweepDetector v2: 0 raw → 0 confirmed (vol≥1.5× body≥40%)
11:07:38 core.sweep_detector INFO: OrderBlocks: 3 detected, 0 unmitigated
11:07:38 core.sweep_detector INFO: FVGs: 0 detected, 0 unfilled
11:07:40 core.sweep_detector INFO: SweepDetector v2: 0 raw → 0 confirmed (vol≥1.5× body≥40%)
11:07:40 core.sweep_detector INFO: OrderBlocks: 0 detected, 0 unmitigated
11:07:40 core.sweep_detector INFO: FVGs: 0 detected, 0 unfilled
11:07:42 core.sweep_detector INFO: SweepDetector v2: 3 raw → 0 confirmed (vol≥1.5× body≥40%)
11:07:42 core.sweep_detector INFO: OrderBlocks: 5 detected, 2 unmitigated
11:07:42 core.sweep_detector INFO: FVGs: 5 detected, 1 unfilled
11:07:43 core.sweep_detector INFO: SweepDetector v2: 1 raw → 1 confirmed (vol≥1.5× body≥40%)
11:07:43 core.sweep_detector INFO: OrderBlocks: 6 detected, 1 unmitigated
11:07:43 core.sweep_detector INFO: FVGs: 9 detected, 3 unfilled
11:07:45 core.sweep_detector INFO: SweepDetector v2: 2 raw → 1 confirmed (vol≥1.5× body≥40%)
11:07:45 core.sweep_detector INFO: OrderBlocks: 8 detected, 3 unmitigated
11:07:45 core.sweep_detector INFO: FVGs: 12 detected, 5 unfilled
11:07:47 core.sweep_detector INFO: SweepDetector v2: 8 raw → 4 confirmed (vol≥1.5× body≥40%)
11:07:47 core.sweep_detector INFO: OrderBlocks: 9 detected, 1 unmitigated
11:07:47 core.sweep_detector INFO: FVGs: 9 detected, 1 unfilled
11:07:48 core.sweep_detector INFO: SweepDetector v2: 2 raw → 2 confirmed (vol≥1.5× body≥40%)
11:07:48 core.sweep_detector INFO: OrderBlocks: 7 detected, 2 unmitigated
11:07:48 core.sweep_detector INFO: FVGs: 15 detected, 3 unfilled
11:07:50 core.sweep_detector INFO: SweepDetector v2: 2 raw → 2 confirmed (vol≥1.5× body≥40%)
11:07:50 core.sweep_detector INFO: OrderBlocks: 5 detected, 0 unmitigated
11:07:50 core.sweep_detector INFO: FVGs: 9 detected, 1 unfilled
11:07:52 core.sweep_detector INFO: SweepDetector v2: 2 raw → 1 confirmed (vol≥1.5× body≥40%)
11:07:52 core.sweep_detector INFO: OrderBlocks: 6 detected, 0 unmitigated
11:07:52 core.sweep_detector INFO: FVGs: 6 detected, 1 unfilled
11:07:54 core.sweep_detector INFO: SweepDetector v2: 3 raw → 2 confirmed (vol≥1.5× body≥40%)
11:07:54 core.sweep_detector INFO: OrderBlocks: 1 detected, 0 unmitigated
11:07:54 core.sweep_detector INFO: FVGs: 6 detected, 0 unfilled
11:07:56 core.sweep_detector INFO: SweepDetector v2: 5 raw → 5 confirmed (vol≥1.5× body≥40%)
11:07:56 core.sweep_detector INFO: OrderBlocks: 8 detected, 1 unmitigated
11:07:56 core.sweep_detector INFO: FVGs: 8 detected, 1 unfilled
11:07:58 core.sweep_detector INFO: SweepDetector v2: 4 raw → 2 confirmed (vol≥1.5× body≥40%)
11:07:58 core.sweep_detector INFO: OrderBlocks: 6 detected, 3 unmitigated
11:07:58 core.sweep_detector INFO: FVGs: 8 detected, 4 unfilled
11:07:59 core.sweep_detector INFO: SweepDetector v2: 4 raw → 2 confirmed (vol≥1.5× body≥40%)
11:07:59 core.sweep_detector INFO: OrderBlocks: 3 detected, 0 unmitigated
11:07:59 core.sweep_detector INFO: FVGs: 10 detected, 3 unfilled
11:08:01 core.sweep_detector INFO: SweepDetector v2: 1 raw → 1 confirmed (vol≥1.5× body≥40%)
11:08:01 core.sweep_detector INFO: OrderBlocks: 8 detected, 2 unmitigated
11:08:01 core.sweep_detector INFO: FVGs: 7 detected, 2 unfilled
11:08:03 core.sweep_detector INFO: SweepDetector v2: 3 raw → 2 confirmed (vol≥1.5× body≥40%)
11:08:03 core.sweep_detector INFO: OrderBlocks: 6 detected, 2 unmitigated
11:08:03 core.sweep_detector INFO: FVGs: 7 detected, 2 unfilled
11:08:05 core.sweep_detector INFO: SweepDetector v2: 4 raw → 4 confirmed (vol≥1.5× body≥40%)
11:08:05 core.sweep_detector INFO: OrderBlocks: 0 detected, 0 unmitigated
11:08:05 core.sweep_detector INFO: FVGs: 12 detected, 2 unfilled
11:08:08 core.sweep_detector INFO: SweepDetector v2: 1 raw → 1 confirmed (vol≥1.5× body≥40%)
11:08:08 core.sweep_detector INFO: OrderBlocks: 4 detected, 1 unmitigated
11:08:08 core.sweep_detector INFO: FVGs: 11 detected, 1 unfilled
11:08:10 core.sweep_detector INFO: SweepDetector v2: 5 raw → 3 confirmed (vol≥1.5× body≥40%)
11:08:10 core.sweep_detector INFO: OrderBlocks: 8 detected, 3 unmitigated
11:08:10 core.sweep_detector INFO: FVGs: 11 detected, 2 unfilled
11:08:11 core.sweep_detector INFO: SweepDetector v2: 3 raw → 2 confirmed (vol≥1.5× body≥40%)
11:08:11 core.sweep_detector INFO: OrderBlocks: 5 detected, 0 unmitigated
11:08:11 core.sweep_detector INFO: FVGs: 5 detected, 1 unfilled
11:08:13 core.sweep_detector INFO: SweepDetector v2: 2 raw → 1 confirmed (vol≥1.5× body≥40%)
11:08:13 core.sweep_detector INFO: OrderBlocks: 5 detected, 2 unmitigated
11:08:13 core.sweep_detector INFO: FVGs: 6 detected, 1 unfilled
11:08:15 core.sweep_detector INFO: SweepDetector v2: 6 raw → 5 confirmed (vol≥1.5× body≥40%)
11:08:15 core.sweep_detector INFO: OrderBlocks: 6 detected, 2 unmitigated
11:08:15 core.sweep_detector INFO: FVGs: 7 detected, 4 unfilled
11:08:17 core.sweep_detector INFO: SweepDetector v2: 6 raw → 4 confirmed (vol≥1.5× body≥40%)
11:08:17 core.sweep_detector INFO: OrderBlocks: 5 detected, 1 unmitigated
11:08:17 core.sweep_detector INFO: FVGs: 7 detected, 2 unfilled
11:08:19 core.sweep_detector INFO: SweepDetector v2: 3 raw → 3 confirmed (vol≥1.5× body≥40%)
11:08:19 core.sweep_detector INFO: OrderBlocks: 8 detected, 2 unmitigated
11:08:19 core.sweep_detector INFO: FVGs: 7 detected, 2 unfilled
11:08:19 __main__ INFO: Checking 2 open trades for exit conditions
/root/.openclaw/workspace/projects/crypto-liquidity-hunter/main.py:555: DeprecationWarning: datetime.datetime.utcnow() is deprecated and scheduled for removal in a future version. Use timezone-aware objects to represent datetimes in UTC: datetime.datetime.now(datetime.UTC).
  scan_end     = datetime.utcnow()

=== SCAN ALL: 140 pairs, 3 timeframes ===
Total signals generated: 1
  binance:TON/USDT 15m SHORT Entry=1.25 SL=1.26 TP=1.24 R:R=4.76
