15:00:02 __main__ INFO: Volume filter enabled: min_24h_volume_usd = $5,000,000
15:00:04 __main__ INFO: Skipping binance:0G/USDT: 24h volume $822,426 < $5,000,000
15:00:04 __main__ INFO: Skipping binance:1000CAT/USDT: 24h volume $441,358 < $5,000,000
15:00:04 __main__ INFO: Skipping binance:1000CHEEMS/USDT: 24h volume $782,744 < $5,000,000
15:00:04 __main__ INFO: Skipping binance:1000SATS/USDT: 24h volume $699,804 < $5,000,000
15:00:04 __main__ INFO: Skipping binance:1INCH/USDT: 24h volume $315,350 < $5,000,000
15:00:04 __main__ INFO: Skipping binance:1MBABYDOGE/USDT: 24h volume $612,049 < $5,000,000
15:00:04 __main__ INFO: Skipping binance:2Z/USDT: 24h volume $204,510 < $5,000,000
15:00:05 __main__ INFO: Skipping binance:A/USDT: 24h volume $542,006 < $5,000,000
15:00:05 __main__ INFO: Skipping binance:A2Z/USDT: 24h volume $1,968,164 < $5,000,000
15:00:05 __main__ INFO: Skipping binance:AAVE/USDT: 24h volume $3,919,720 < $5,000,000
15:00:05 __main__ INFO: Skipping binance:ACE/USDT: 24h volume $498,136 < $5,000,000
15:00:05 __main__ INFO: Skipping binance:ACH/USDT: 24h volume $245,821 < $5,000,000
15:00:05 __main__ INFO: Skipping binance:ACM/USDT: 24h volume $159,425 < $5,000,000
15:00:05 __main__ INFO: Skipping binance:ACT/USDT: 24h volume $622,532 < $5,000,000
15:00:05 __main__ INFO: Skipping binance:ACX/USDT: 24h volume $521,758 < $5,000,000
15:00:06 __main__ INFO: Skipping binance:ADX/USDT: 24h volume $487,153 < $5,000,000
15:00:06 __main__ INFO: Skipping binance:AEUR/USDT: 24h volume $26,355 < $5,000,000
15:00:06 __main__ INFO: Skipping binance:AEVO/USDT: 24h volume $159,429 < $5,000,000
15:00:06 __main__ INFO: Skipping binance:AGLD/USDT: 24h volume $646,339 < $5,000,000
15:00:06 __main__ INFO: Skipping binance:AI/USDT: 24h volume $242,672 < $5,000,000
15:00:06 __main__ INFO: Skipping binance:AIXBT/USDT: 24h volume $1,666,114 < $5,000,000
15:00:07 __main__ INFO: Skipping binance:ALCX/USDT: 24h volume $1,100,413 < $5,000,000
15:00:07 __main__ INFO: Skipping binance:ALGO/USDT: 24h volume $1,356,132 < $5,000,000
15:00:07 __main__ INFO: Skipping binance:ALICE/USDT: 24h volume $405,573 < $5,000,000
15:00:07 __main__ INFO: Skipping binance:ALLO/USDT: 24h volume $720,921 < $5,000,000
15:00:07 __main__ INFO: Skipping binance:ALPINE/USDT: 24h volume $309,040 < $5,000,000
15:00:07 __main__ INFO: Skipping binance:ALT/USDT: 24h volume $490,147 < $5,000,000
15:00:07 __main__ INFO: Skipping binance:AMP/USDT: 24h volume $694,963 < $5,000,000
15:00:08 __main__ INFO: Skipping binance:ANKR/USDT: 24h volume $4,365,885 < $5,000,000
15:00:08 __main__ INFO: Skipping binance:APE/USDT: 24h volume $1,656,615 < $5,000,000
15:00:08 __main__ INFO: Skipping binance:API3/USDT: 24h volume $369,843 < $5,000,000
15:00:09 __main__ INFO: Skipping binance:AR/USDT: 24h volume $2,778,868 < $5,000,000
15:00:09 __main__ INFO: Skipping binance:ARDR/USDT: 24h volume $101,164 < $5,000,000
15:00:10 __main__ INFO: Skipping binance:ARK/USDT: 24h volume $77,182 < $5,000,000
15:00:10 __main__ INFO: Skipping binance:ARKM/USDT: 24h volume $1,420,583 < $5,000,000
15:00:10 __main__ INFO: Skipping binance:ARPA/USDT: 24h volume $331,229 < $5,000,000
15:00:11 __main__ INFO: Skipping binance:ASR/USDT: 24h volume $349,951 < $5,000,000
15:00:11 __main__ INFO: Skipping binance:ASTR/USDT: 24h volume $814,518 < $5,000,000
15:00:11 __main__ INFO: Skipping binance:AT/USDT: 24h volume $553,128 < $5,000,000
15:00:11 __main__ INFO: Skipping binance:ATA/USDT: 24h volume $62,062 < $5,000,000
15:00:12 __main__ INFO: Skipping binance:ATM/USDT: 24h volume $243,482 < $5,000,000
15:00:12 __main__ INFO: Skipping binance:ATOM/USDT: 24h volume $1,449,595 < $5,000,000
15:00:12 __main__ INFO: Skipping binance:AUCTION/USDT: 24h volume $460,026 < $5,000,000
15:00:12 __main__ INFO: Skipping binance:AUDIO/USDT: 24h volume $386,159 < $5,000,000
15:00:12 __main__ INFO: Skipping binance:AVA/USDT: 24h volume $360,168 < $5,000,000
15:00:12 __main__ INFO: Skipping binance:AVNT/USDT: 24h volume $795,608 < $5,000,000
15:00:12 __main__ INFO: Skipping binance:AWE/USDT: 24h volume $179,744 < $5,000,000
15:00:13 __main__ INFO: Skipping binance:AXL/USDT: 24h volume $470,066 < $5,000,000
15:00:13 __main__ INFO: Skipping binance:AXS/USDT: 24h volume $1,585,987 < $5,000,000
15:00:13 __main__ INFO: Skipping binance:BABY/USDT: 24h volume $1,312,044 < $5,000,000
15:00:13 __main__ INFO: Skipping binance:BANANA/USDT: 24h volume $1,840,396 < $5,000,000
15:00:13 __main__ INFO: Skipping binance:BAND/USDT: 24h volume $230,538 < $5,000,000
15:00:13 __main__ INFO: Skipping binance:BANK/USDT: 24h volume $1,358,541 < $5,000,000
15:00:14 __main__ INFO: Skipping binance:BAR/USDT: 24h volume $437,892 < $5,000,000
15:00:14 __main__ INFO: Skipping binance:BAT/USDT: 24h volume $395,136 < $5,000,000
15:00:14 __main__ INFO: Skipping binance:BB/USDT: 24h volume $505,819 < $5,000,000
15:00:14 __main__ INFO: Skipping binance:BEAMX/USDT: 24h volume $563,232 < $5,000,000
15:00:14 __main__ INFO: Skipping binance:BEL/USDT: 24h volume $156,596 < $5,000,000
15:00:14 __main__ INFO: Skipping binance:BERA/USDT: 24h volume $1,134,465 < $5,000,000
15:00:15 __main__ INFO: Skipping binance:BFUSD/USDT: 24h volume $4,965,894 < $5,000,000
15:00:15 __main__ INFO: Skipping binance:BICO/USDT: 24h volume $250,632 < $5,000,000
15:00:15 __main__ INFO: Skipping binance:BIFI/USDT: 24h volume $305,350 < $5,000,000
15:00:15 __main__ INFO: Skipping binance:BIGTIME/USDT: 24h volume $272,639 < $5,000,000
15:00:15 __main__ INFO: Skipping binance:BIO/USDT: 24h volume $1,581,112 < $5,000,000
15:00:15 __main__ INFO: Skipping binance:BLUR/USDT: 24h volume $157,636 < $5,000,000
15:00:15 __main__ INFO: Skipping binance:BMT/USDT: 24h volume $374,633 < $5,000,000
15:00:16 __main__ INFO: Skipping binance:BNSOL/USDT: 24h volume $660,398 < $5,000,000
15:00:16 __main__ INFO: Skipping binance:BNT/USDT: 24h volume $73,778 < $5,000,000
15:00:16 __main__ INFO: Skipping binance:BOME/USDT: 24h volume $637,319 < $5,000,000
15:00:16 __main__ INFO: Skipping binance:BONK/USDT: 24h volume $3,931,359 < $5,000,000
15:00:16 __main__ INFO: Skipping binance:BREV/USDT: 24h volume $605,182 < $5,000,000
15:00:16 __main__ INFO: Skipping binance:BROCCOLI714/USDT: 24h volume $2,596,814 < $5,000,000
15:00:17 __main__ INFO: Skipping binance:BTTC/USDT: 24h volume $150,063 < $5,000,000
15:00:17 __main__ INFO: Skipping binance:C/USDT: 24h volume $1,109,593 < $5,000,000
15:00:17 __main__ INFO: Skipping binance:C98/USDT: 24h volume $537,023 < $5,000,000
15:00:17 __main__ INFO: Skipping binance:CAKE/USDT: 24h volume $2,141,671 < $5,000,000
15:00:17 __main__ INFO: Skipping binance:CATI/USDT: 24h volume $284,909 < $5,000,000
15:00:17 __main__ INFO: Skipping binance:CELO/USDT: 24h volume $791,676 < $5,000,000
15:00:17 __main__ INFO: Skipping binance:CELR/USDT: 24h volume $461,446 < $5,000,000
15:00:17 __main__ INFO: Skipping binance:CETUS/USDT: 24h volume $2,490,420 < $5,000,000
15:00:18 __main__ INFO: Skipping binance:CFG/USDT: 24h volume $2,909,431 < $5,000,000
15:00:18 __main__ INFO: Skipping binance:CFX/USDT: 24h volume $1,768,161 < $5,000,000
15:00:18 __main__ INFO: Skipping binance:CGPT/USDT: 24h volume $260,939 < $5,000,000
15:00:18 __main__ INFO: Skipping binance:CHR/USDT: 24h volume $613,949 < $5,000,000
15:00:18 __main__ INFO: Skipping binance:CHZ/USDT: 24h volume $1,658,794 < $5,000,000
15:00:18 __main__ INFO: Skipping binance:CITY/USDT: 24h volume $116,374 < $5,000,000
15:00:19 __main__ INFO: Skipping binance:CKB/USDT: 24h volume $288,899 < $5,000,000
15:00:19 __main__ INFO: Skipping binance:COMP/USDT: 24h volume $218,964 < $5,000,000
15:00:19 __main__ INFO: Skipping binance:COOKIE/USDT: 24h volume $453,645 < $5,000,000
15:00:19 __main__ INFO: Skipping binance:COS/USDT: 24h volume $1,431,340 < $5,000,000
15:00:19 __main__ INFO: Skipping binance:COTI/USDT: 24h volume $345,509 < $5,000,000
15:00:19 __main__ INFO: Skipping binance:COW/USDT: 24h volume $404,428 < $5,000,000
15:00:19 __main__ INFO: Skipping binance:CRV/USDT: 24h volume $3,723,393 < $5,000,000
15:00:20 __main__ INFO: Skipping binance:CTK/USDT: 24h volume $353,771 < $5,000,000
15:00:20 __main__ INFO: Skipping binance:CTSI/USDT: 24h volume $353,010 < $5,000,000
15:00:20 __main__ INFO: Skipping binance:CVC/USDT: 24h volume $158,117 < $5,000,000
15:00:20 __main__ INFO: Skipping binance:CVX/USDT: 24h volume $403,122 < $5,000,000
15:00:20 __main__ INFO: Skipping binance:CYBER/USDT: 24h volume $487,048 < $5,000,000
15:00:20 __main__ INFO: Skipping binance:D/USDT: 24h volume $684,486 < $5,000,000
15:00:20 __main__ INFO: Skipping binance:DCR/USDT: 24h volume $506,486 < $5,000,000
15:00:21 __main__ INFO: Skipping binance:DEGO/USDT: 24h volume $4,755,781 < $5,000,000
15:00:21 __main__ INFO: Skipping binance:DENT/USDT: 24h volume $804,336 < $5,000,000
15:00:21 __main__ INFO: Skipping binance:DEXE/USDT: 24h volume $4,911,536 < $5,000,000
15:00:21 __main__ INFO: Skipping binance:DGB/USDT: 24h volume $133,814 < $5,000,000
15:00:21 __main__ INFO: Skipping binance:DIA/USDT: 24h volume $166,954 < $5,000,000
15:00:21 __main__ INFO: Skipping binance:DODO/USDT: 24h volume $249,489 < $5,000,000
15:00:22 __main__ INFO: Skipping binance:DOGS/USDT: 24h volume $446,532 < $5,000,000
15:00:22 __main__ INFO: Skipping binance:DOLO/USDT: 24h volume $149,687 < $5,000,000
15:00:22 __main__ INFO: Skipping binance:DYDX/USDT: 24h volume $1,511,090 < $5,000,000
15:00:22 __main__ INFO: Skipping binance:DYM/USDT: 24h volume $504,761 < $5,000,000
15:00:22 __main__ INFO: Skipping binance:EDEN/USDT: 24h volume $819,425 < $5,000,000
15:00:22 __main__ INFO: Skipping binance:EDU/USDT: 24h volume $432,829 < $5,000,000
15:00:23 __main__ INFO: Skipping binance:EGLD/USDT: 24h volume $385,709 < $5,000,000
15:00:23 __main__ INFO: Skipping binance:EIGEN/USDT: 24h volume $2,894,248 < $5,000,000
15:00:23 __main__ INFO: Skipping binance:ENJ/USDT: 24h volume $1,253,534 < $5,000,000
15:00:23 __main__ INFO: Skipping binance:ENS/USDT: 24h volume $620,496 < $5,000,000
15:00:23 __main__ INFO: Skipping binance:ENSO/USDT: 24h volume $1,615,931 < $5,000,000
15:00:23 __main__ INFO: Skipping binance:EPIC/USDT: 24h volume $547,671 < $5,000,000
15:00:24 __main__ INFO: Skipping binance:ERA/USDT: 24h volume $259,898 < $5,000,000
15:00:24 __main__ INFO: Skipping binance:ESP/USDT: 24h volume $2,169,134 < $5,000,000
15:00:24 __main__ INFO: Skipping binance:ETC/USDT: 24h volume $1,756,692 < $5,000,000
15:00:24 __main__ INFO: Skipping binance:EUL/USDT: 24h volume $431,517 < $5,000,000
15:00:24 __main__ INFO: Skipping binance:EURI/USDT: 24h volume $781,750 < $5,000,000
15:00:25 __main__ INFO: Skipping binance:F/USDT: 24h volume $353,310 < $5,000,000
15:00:25 __main__ INFO: Skipping binance:FARM/USDT: 24h volume $190,716 < $5,000,000
15:00:25 __main__ INFO: Skipping binance:FF/USDT: 24h volume $1,084,232 < $5,000,000
15:00:25 __main__ INFO: Skipping binance:FIDA/USDT: 24h volume $750,206 < $5,000,000
15:00:26 __main__ INFO: Skipping binance:FIO/USDT: 24h volume $366,028 < $5,000,000
15:00:26 __main__ INFO: Skipping binance:FLOKI/USDT: 24h volume $2,250,168 < $5,000,000
15:00:26 __main__ INFO: Skipping binance:FLOW/USDT: 24h volume $2,195,036 < $5,000,000
15:00:26 __main__ INFO: Skipping binance:FLUX/USDT: 24h volume $359,613 < $5,000,000
15:00:26 __main__ INFO: Skipping binance:FOGO/USDT: 24h volume $693,590 < $5,000,000
15:00:26 __main__ INFO: Skipping binance:FORM/USDT: 24h volume $855,360 < $5,000,000
15:00:26 __main__ INFO: Skipping binance:FORTH/USDT: 24h volume $943,548 < $5,000,000
15:00:26 __main__ INFO: Skipping binance:FRAX/USDT: 24h volume $462,385 < $5,000,000
15:00:27 __main__ INFO: Skipping binance:FTT/USDT: 24h volume $607,854 < $5,000,000
15:00:27 __main__ INFO: Skipping binance:FUN/USDT: 24h volume $335,342 < $5,000,000
15:00:27 __main__ INFO: Skipping binance:G/USDT: 24h volume $651,436 < $5,000,000
15:00:27 __main__ INFO: Skipping binance:GALA/USDT: 24h volume $2,829,543 < $5,000,000
15:00:27 __main__ INFO: Skipping binance:GAS/USDT: 24h volume $190,535 < $5,000,000
15:00:27 __main__ INFO: Skipping binance:GIGGLE/USDT: 24h volume $4,743,895 < $5,000,000
15:00:27 __main__ INFO: Skipping binance:GLM/USDT: 24h volume $293,982 < $5,000,000
15:00:28 __main__ INFO: Skipping binance:GLMR/USDT: 24h volume $297,530 < $5,000,000
15:00:28 __main__ INFO: Skipping binance:GMT/USDT: 24h volume $457,931 < $5,000,000
15:00:28 __main__ INFO: Skipping binance:GMX/USDT: 24h volume $263,904 < $5,000,000
15:00:28 __main__ INFO: Skipping binance:GNO/USDT: 24h volume $173,129 < $5,000,000
15:00:28 __main__ INFO: Skipping binance:GNS/USDT: 24h volume $73,006 < $5,000,000
15:00:28 __main__ INFO: Skipping binance:GPS/USDT: 24h volume $1,691,733 < $5,000,000
15:00:28 __main__ INFO: Skipping binance:GRT/USDT: 24h volume $1,066,838 < $5,000,000
15:00:28 __main__ INFO: Skipping binance:GTC/USDT: 24h volume $309,820 < $5,000,000
15:00:29 __main__ INFO: Skipping binance:GUN/USDT: 24h volume $2,281,611 < $5,000,000
15:00:29 __main__ INFO: Skipping binance:HAEDAL/USDT: 24h volume $485,244 < $5,000,000
15:00:29 __main__ INFO: Skipping binance:HEI/USDT: 24h volume $146,227 < $5,000,000
15:00:29 __main__ INFO: Skipping binance:HEMI/USDT: 24h volume $698,822 < $5,000,000
15:00:29 __main__ INFO: Skipping binance:HFT/USDT: 24h volume $512,109 < $5,000,000
15:00:29 __main__ INFO: Skipping binance:HIGH/USDT: 24h volume $286,959 < $5,000,000
15:00:30 __main__ INFO: Skipping binance:HIVE/USDT: 24h volume $174,432 < $5,000,000
15:00:30 __main__ INFO: Skipping binance:HMSTR/USDT: 24h volume $232,160 < $5,000,000
15:00:30 __main__ INFO: Skipping binance:HOLO/USDT: 24h volume $455,999 < $5,000,000
15:00:30 __main__ INFO: Skipping binance:HOME/USDT: 24h volume $334,769 < $5,000,000
15:00:30 __main__ INFO: Skipping binance:HOOK/USDT: 24h volume $1,193,918 < $5,000,000
15:00:30 __main__ INFO: Skipping binance:HOT/USDT: 24h volume $436,884 < $5,000,000
15:00:30 __main__ INFO: Skipping binance:HUMA/USDT: 24h volume $4,441,823 < $5,000,000
15:00:30 __main__ INFO: Skipping binance:HYPER/USDT: 24h volume $689,614 < $5,000,000
15:00:31 __main__ INFO: Skipping binance:ICP/USDT: 24h volume $4,623,302 < $5,000,000
15:00:31 __main__ INFO: Skipping binance:ICX/USDT: 24h volume $65,655 < $5,000,000
15:00:31 __main__ INFO: Skipping binance:ID/USDT: 24h volume $229,308 < $5,000,000
15:00:31 __main__ INFO: Skipping binance:IDEX/USDT: 24h volume $616,910 < $5,000,000
15:00:31 __main__ INFO: Skipping binance:ILV/USDT: 24h volume $211,102 < $5,000,000
15:00:31 __main__ INFO: Skipping binance:IMX/USDT: 24h volume $4,164,349 < $5,000,000
15:00:31 __main__ INFO: Skipping binance:INIT/USDT: 24h volume $909,925 < $5,000,000
15:00:32 __main__ INFO: Skipping binance:INJ/USDT: 24h volume $2,136,465 < $5,000,000
15:00:32 __main__ INFO: Skipping binance:IO/USDT: 24h volume $764,024 < $5,000,000
15:00:32 __main__ INFO: Skipping binance:IOST/USDT: 24h volume $133,580 < $5,000,000
15:00:32 __main__ INFO: Skipping binance:IOTA/USDT: 24h volume $2,287,530 < $5,000,000
15:00:32 __main__ INFO: Skipping binance:IOTX/USDT: 24h volume $791,418 < $5,000,000
15:00:32 __main__ INFO: Skipping binance:IQ/USDT: 24h volume $109,410 < $5,000,000
15:00:32 __main__ INFO: Skipping binance:JASMY/USDT: 24h volume $915,807 < $5,000,000
15:00:32 __main__ INFO: Skipping binance:JOE/USDT: 24h volume $149,749 < $5,000,000
15:00:33 __main__ INFO: Skipping binance:JST/USDT: 24h volume $3,510,764 < $5,000,000
15:00:33 __main__ INFO: Skipping binance:JTO/USDT: 24h volume $571,688 < $5,000,000
15:00:33 __main__ INFO: Skipping binance:JUP/USDT: 24h volume $930,706 < $5,000,000
15:00:33 __main__ INFO: Skipping binance:JUV/USDT: 24h volume $409,243 < $5,000,000
15:00:33 __main__ INFO: Skipping binance:KAIA/USDT: 24h volume $674,893 < $5,000,000
15:00:33 __main__ INFO: Skipping binance:KAITO/USDT: 24h volume $513,782 < $5,000,000
15:00:34 __main__ INFO: Skipping binance:KAVA/USDT: 24h volume $949,866 < $5,000,000
15:00:34 __main__ INFO: Skipping binance:KERNEL/USDT: 24h volume $388,298 < $5,000,000
15:00:34 __main__ INFO: Skipping binance:KGST/USDT: 24h volume $31,132 < $5,000,000
15:00:34 __main__ INFO: Skipping binance:KMNO/USDT: 24h volume $265,055 < $5,000,000
15:00:34 __main__ INFO: Skipping binance:KNC/USDT: 24h volume $258,327 < $5,000,000
15:00:34 __main__ INFO: Skipping binance:KSM/USDT: 24h volume $500,282 < $5,000,000
15:00:34 __main__ INFO: Skipping binance:LA/USDT: 24h volume $1,748,569 < $5,000,000
15:00:35 __main__ INFO: Skipping binance:LAYER/USDT: 24h volume $459,252 < $5,000,000
15:00:35 __main__ INFO: Skipping binance:LAZIO/USDT: 24h volume $248,281 < $5,000,000
15:00:35 __main__ INFO: Skipping binance:LDO/USDT: 24h volume $1,142,667 < $5,000,000
15:00:35 __main__ INFO: Skipping binance:LINEA/USDT: 24h volume $3,098,636 < $5,000,000
15:00:35 __main__ INFO: Skipping binance:LISTA/USDT: 24h volume $200,648 < $5,000,000
15:00:36 __main__ INFO: Skipping binance:LPT/USDT: 24h volume $507,318 < $5,000,000
15:00:36 __main__ INFO: Skipping binance:LQTY/USDT: 24h volume $277,086 < $5,000,000
15:00:36 __main__ INFO: Skipping binance:LRC/USDT: 24h volume $3,404,335 < $5,000,000
15:00:36 __main__ INFO: Skipping binance:LSK/USDT: 24h volume $107,309 < $5,000,000
15:00:36 __main__ INFO: Skipping binance:LUMIA/USDT: 24h volume $897,964 < $5,000,000
15:00:36 __main__ INFO: Skipping binance:LUNA/USDT: 24h volume $521,671 < $5,000,000
15:00:37 __main__ INFO: Skipping binance:LUNC/USDT: 24h volume $1,423,046 < $5,000,000
15:00:37 __main__ INFO: Skipping binance:MAGIC/USDT: 24h volume $1,346,354 < $5,000,000
15:00:37 __main__ INFO: Skipping binance:MANA/USDT: 24h volume $695,656 < $5,000,000
15:00:37 __main__ INFO: Skipping binance:MANTA/USDT: 24h volume $342,738 < $5,000,000
15:00:37 __main__ INFO: Skipping binance:MANTRA/USDT: 24h volume $2,421,455 < $5,000,000
15:00:37 __main__ INFO: Skipping binance:MASK/USDT: 24h volume $463,718 < $5,000,000
15:00:37 __main__ INFO: Skipping binance:MAV/USDT: 24h volume $404,646 < $5,000,000
15:00:37 __main__ INFO: Skipping binance:MBL/USDT: 24h volume $631,011 < $5,000,000
15:00:38 __main__ INFO: Skipping binance:MBOX/USDT: 24h volume $947,090 < $5,000,000
15:00:38 __main__ INFO: Skipping binance:MDT/USDT: 24h volume $179,087 < $5,000,000
15:00:38 __main__ INFO: Skipping binance:ME/USDT: 24h volume $242,081 < $5,000,000
15:00:38 __main__ INFO: Skipping binance:MEME/USDT: 24h volume $1,850,588 < $5,000,000
15:00:38 __main__ INFO: Skipping binance:MET/USDT: 24h volume $276,664 < $5,000,000
15:00:38 __main__ INFO: Skipping binance:METIS/USDT: 24h volume $363,860 < $5,000,000
15:00:38 __main__ INFO: Skipping binance:MINA/USDT: 24h volume $556,627 < $5,000,000
15:00:39 __main__ INFO: Skipping binance:MIRA/USDT: 24h volume $219,179 < $5,000,000
15:00:39 __main__ INFO: Skipping binance:MITO/USDT: 24h volume $174,702 < $5,000,000
15:00:39 __main__ INFO: Skipping binance:MLN/USDT: 24h volume $328,337 < $5,000,000
15:00:39 __main__ INFO: Skipping binance:MMT/USDT: 24h volume $423,681 < $5,000,000
15:00:39 __main__ INFO: Skipping binance:MORPHO/USDT: 24h volume $1,261,375 < $5,000,000
15:00:39 __main__ INFO: Skipping binance:MOVE/USDT: 24h volume $474,133 < $5,000,000
15:00:39 __main__ INFO: Skipping binance:MOVR/USDT: 24h volume $699,783 < $5,000,000
15:00:39 __main__ INFO: Skipping binance:MTL/USDT: 24h volume $59,598 < $5,000,000
15:00:40 __main__ INFO: Skipping binance:MUBARAK/USDT: 24h volume $2,923,834 < $5,000,000
15:00:40 __main__ INFO: Skipping binance:NEIRO/USDT: 24h volume $2,017,692 < $5,000,000
15:00:40 __main__ INFO: Skipping binance:NEO/USDT: 24h volume $589,105 < $5,000,000
15:00:40 __main__ INFO: Skipping binance:NEWT/USDT: 24h volume $511,845 < $5,000,000
15:00:40 __main__ INFO: Skipping binance:NEXO/USDT: 24h volume $345,453 < $5,000,000
15:00:40 __main__ INFO: Skipping binance:NFP/USDT: 24h volume $194,591 < $5,000,000
15:00:41 __main__ INFO: Skipping binance:NIL/USDT: 24h volume $250,175 < $5,000,000
15:00:41 __main__ INFO: Skipping binance:NMR/USDT: 24h volume $233,222 < $5,000,000
15:00:41 __main__ INFO: Skipping binance:NOM/USDT: 24h volume $302,160 < $5,000,000
15:00:41 __main__ INFO: Skipping binance:NOT/USDT: 24h volume $406,750 < $5,000,000
15:00:41 __main__ INFO: Skipping binance:NTRN/USDT: 24h volume $2,443,117 < $5,000,000
15:00:41 __main__ INFO: Skipping binance:NXPC/USDT: 24h volume $1,866,736 < $5,000,000
15:00:41 __main__ INFO: Skipping binance:OG/USDT: 24h volume $1,246,502 < $5,000,000
15:00:42 __main__ INFO: Skipping binance:OGN/USDT: 24h volume $224,411 < $5,000,000
15:00:42 __main__ INFO: Skipping binance:ONDO/USDT: 24h volume $2,516,505 < $5,000,000
15:00:42 __main__ INFO: Skipping binance:ONE/USDT: 24h volume $326,947 < $5,000,000
15:00:42 __main__ INFO: Skipping binance:ONG/USDT: 24h volume $106,257 < $5,000,000
15:00:42 __main__ INFO: Skipping binance:ONT/USDT: 24h volume $238,274 < $5,000,000
15:00:42 __main__ INFO: Skipping binance:OP/USDT: 24h volume $2,359,470 < $5,000,000
15:00:42 __main__ INFO: Skipping binance:OPEN/USDT: 24h volume $425,886 < $5,000,000
15:00:43 __main__ INFO: Skipping binance:ORCA/USDT: 24h volume $284,688 < $5,000,000
15:00:43 __main__ INFO: Skipping binance:ORDI/USDT: 24h volume $1,419,955 < $5,000,000
15:00:43 __main__ INFO: Skipping binance:OSMO/USDT: 24h volume $109,376 < $5,000,000
15:00:43 __main__ INFO: Skipping binance:OXT/USDT: 24h volume $138,009 < $5,000,000
15:00:43 __main__ INFO: Skipping binance:PARTI/USDT: 24h volume $1,022,345 < $5,000,000
15:00:43 __main__ INFO: Skipping binance:PENDLE/USDT: 24h volume $1,567,811 < $5,000,000
15:00:44 __main__ INFO: Skipping binance:PEOPLE/USDT: 24h volume $839,102 < $5,000,000
15:00:44 __main__ INFO: Skipping binance:PHA/USDT: 24h volume $2,538,202 < $5,000,000
15:00:44 __main__ INFO: Skipping binance:PHB/USDT: 24h volume $885,758 < $5,000,000
15:00:44 __main__ INFO: Skipping binance:PIVX/USDT: 24h volume $281,668 < $5,000,000
15:00:44 __main__ INFO: Skipping binance:PIXEL/USDT: 24h volume $2,562,683 < $5,000,000
15:00:44 __main__ INFO: Skipping binance:PLUME/USDT: 24h volume $965,485 < $5,000,000
15:00:45 __main__ INFO: Skipping binance:PNUT/USDT: 24h volume $1,203,670 < $5,000,000
15:00:45 __main__ INFO: Skipping binance:POL/USDT: 24h volume $2,877,171 < $5,000,000
15:00:45 __main__ INFO: Skipping binance:POLYX/USDT: 24h volume $632,026 < $5,000,000
15:00:45 __main__ INFO: Skipping binance:POND/USDT: 24h volume $125,586 < $5,000,000
15:00:45 __main__ INFO: Skipping binance:PORTAL/USDT: 24h volume $242,519 < $5,000,000
15:00:45 __main__ INFO: Skipping binance:PORTO/USDT: 24h volume $229,541 < $5,000,000
15:00:45 __main__ INFO: Skipping binance:POWR/USDT: 24h volume $79,911 < $5,000,000
15:00:46 __main__ INFO: Skipping binance:PROM/USDT: 24h volume $1,793,683 < $5,000,000
15:00:46 __main__ INFO: Skipping binance:PROVE/USDT: 24h volume $745,266 < $5,000,000
15:00:46 __main__ INFO: Skipping binance:PSG/USDT: 24h volume $343,601 < $5,000,000
15:00:46 __main__ INFO: Skipping binance:PUNDIX/USDT: 24h volume $137,935 < $5,000,000
15:00:46 __main__ INFO: Skipping binance:PYR/USDT: 24h volume $621,858 < $5,000,000
15:00:46 __main__ INFO: Skipping binance:PYTH/USDT: 24h volume $3,310,465 < $5,000,000
15:00:46 __main__ INFO: Skipping binance:QI/USDT: 24h volume $140,268 < $5,000,000
15:00:47 __main__ INFO: Skipping binance:QKC/USDT: 24h volume $33,956 < $5,000,000
15:00:47 __main__ INFO: Skipping binance:QNT/USDT: 24h volume $1,886,945 < $5,000,000
15:00:47 __main__ INFO: Skipping binance:QTUM/USDT: 24h volume $159,949 < $5,000,000
15:00:47 __main__ INFO: Skipping binance:QUICK/USDT: 24h volume $148,816 < $5,000,000
15:00:47 __main__ INFO: Skipping binance:RAD/USDT: 24h volume $309,151 < $5,000,000
15:00:47 __main__ INFO: Skipping binance:RARE/USDT: 24h volume $371,253 < $5,000,000
15:00:47 __main__ INFO: Skipping binance:RAY/USDT: 24h volume $677,866 < $5,000,000
15:00:48 __main__ INFO: Skipping binance:RED/USDT: 24h volume $536,430 < $5,000,000
15:00:48 __main__ INFO: Skipping binance:RENDER/USDT: 24h volume $3,607,118 < $5,000,000
15:00:48 __main__ INFO: Skipping binance:REQ/USDT: 24h volume $104,483 < $5,000,000
15:00:48 __main__ INFO: Skipping binance:REZ/USDT: 24h volume $1,253,203 < $5,000,000
15:00:48 __main__ INFO: Skipping binance:RIF/USDT: 24h volume $621,835 < $5,000,000
15:00:48 __main__ INFO: Skipping binance:RLC/USDT: 24h volume $288,751 < $5,000,000
15:00:49 __main__ INFO: Skipping binance:RLUSD/USDT: 24h volume $2,015,933 < $5,000,000
15:00:49 __main__ INFO: Skipping binance:RONIN/USDT: 24h volume $289,985 < $5,000,000
15:00:49 __main__ INFO: Skipping binance:ROSE/USDT: 24h volume $967,241 < $5,000,000
15:00:49 __main__ INFO: Skipping binance:RPL/USDT: 24h volume $131,827 < $5,000,000
15:00:49 __main__ INFO: Skipping binance:RSR/USDT: 24h volume $382,228 < $5,000,000
15:00:49 __main__ INFO: Skipping binance:RUNE/USDT: 24h volume $1,208,764 < $5,000,000
15:00:50 __main__ INFO: Skipping binance:RVN/USDT: 24h volume $1,132,341 < $5,000,000
15:00:50 __main__ INFO: Skipping binance:S/USDT: 24h volume $2,080,806 < $5,000,000
15:00:50 __main__ INFO: Skipping binance:SAGA/USDT: 24h volume $447,022 < $5,000,000
15:00:50 __main__ INFO: Skipping binance:SAND/USDT: 24h volume $999,228 < $5,000,000
15:00:50 __main__ INFO: Skipping binance:SANTOS/USDT: 24h volume $1,133,627 < $5,000,000
15:00:50 __main__ INFO: Skipping binance:SAPIEN/USDT: 24h volume $495,523 < $5,000,000
15:00:50 __main__ INFO: Skipping binance:SC/USDT: 24h volume $93,662 < $5,000,000
15:00:51 __main__ INFO: Skipping binance:SCR/USDT: 24h volume $442,056 < $5,000,000
15:00:51 __main__ INFO: Skipping binance:SCRT/USDT: 24h volume $478,709 < $5,000,000
15:00:51 __main__ INFO: Skipping binance:SEI/USDT: 24h volume $3,356,422 < $5,000,000
15:00:51 __main__ INFO: Skipping binance:SENT/USDT: 24h volume $484,592 < $5,000,000
15:00:51 __main__ INFO: Skipping binance:SFP/USDT: 24h volume $231,853 < $5,000,000
15:00:51 __main__ INFO: Skipping binance:SHELL/USDT: 24h volume $175,485 < $5,000,000
15:00:51 __main__ INFO: Skipping binance:SHIB/USDT: 24h volume $4,472,719 < $5,000,000
15:00:52 __main__ INFO: Skipping binance:SKL/USDT: 24h volume $326,587 < $5,000,000
15:00:52 __main__ INFO: Skipping binance:SLP/USDT: 24h volume $600,290 < $5,000,000
15:00:52 __main__ INFO: Skipping binance:SNX/USDT: 24h volume $984,337 < $5,000,000
15:00:52 __main__ INFO: Skipping binance:SOLV/USDT: 24h volume $504,870 < $5,000,000
15:00:52 __main__ INFO: Skipping binance:SOMI/USDT: 24h volume $438,481 < $5,000,000
15:00:53 __main__ INFO: Skipping binance:SOPH/USDT: 24h volume $188,600 < $5,000,000
15:00:53 __main__ INFO: Skipping binance:SPELL/USDT: 24h volume $489,201 < $5,000,000
15:00:53 __main__ INFO: Skipping binance:SPK/USDT: 24h volume $729,167 < $5,000,000
15:00:53 __main__ INFO: Skipping binance:SSV/USDT: 24h volume $869,841 < $5,000,000
15:00:53 __main__ INFO: Skipping binance:STEEM/USDT: 24h volume $787,460 < $5,000,000
15:00:53 __main__ INFO: Skipping binance:STG/USDT: 24h volume $388,158 < $5,000,000
15:00:53 __main__ INFO: Skipping binance:STO/USDT: 24h volume $2,303,930 < $5,000,000
15:00:54 __main__ INFO: Skipping binance:STORJ/USDT: 24h volume $328,795 < $5,000,000
15:00:54 __main__ INFO: Skipping binance:STRAX/USDT: 24h volume $105,556 < $5,000,000
15:00:54 __main__ INFO: Skipping binance:STX/USDT: 24h volume $888,291 < $5,000,000
15:00:54 __main__ INFO: Skipping binance:SUN/USDT: 24h volume $2,225,971 < $5,000,000
15:00:54 __main__ INFO: Skipping binance:SUPER/USDT: 24h volume $332,057 < $5,000,000
15:00:54 __main__ INFO: Skipping binance:SUSHI/USDT: 24h volume $320,552 < $5,000,000
15:00:55 __main__ INFO: Skipping binance:SXP/USDT: 24h volume $2,161,040 < $5,000,000
15:00:55 __main__ INFO: Skipping binance:SXT/USDT: 24h volume $871,913 < $5,000,000
15:00:55 __main__ INFO: Skipping binance:SYN/USDT: 24h volume $369,735 < $5,000,000
15:00:55 __main__ INFO: Skipping binance:SYRUP/USDT: 24h volume $625,222 < $5,000,000
15:00:55 __main__ INFO: Skipping binance:SYS/USDT: 24h volume $84,737 < $5,000,000
15:00:55 __main__ INFO: Skipping binance:T/USDT: 24h volume $153,775 < $5,000,000
15:00:56 __main__ INFO: Skipping binance:TFUEL/USDT: 24h volume $144,939 < $5,000,000
15:00:56 __main__ INFO: Skipping binance:THE/USDT: 24h volume $1,716,030 < $5,000,000
15:00:56 __main__ INFO: Skipping binance:THETA/USDT: 24h volume $733,303 < $5,000,000
15:00:56 __main__ INFO: Skipping binance:TIA/USDT: 24h volume $2,388,667 < $5,000,000
15:00:56 __main__ INFO: Skipping binance:TKO/USDT: 24h volume $102,113 < $5,000,000
15:00:56 __main__ INFO: Skipping binance:TLM/USDT: 24h volume $371,860 < $5,000,000
15:00:56 __main__ INFO: Skipping binance:TNSR/USDT: 24h volume $391,052 < $5,000,000
15:00:57 __main__ INFO: Skipping binance:TOWNS/USDT: 24h volume $313,451 < $5,000,000
15:00:57 __main__ INFO: Skipping binance:TRB/USDT: 24h volume $562,177 < $5,000,000
15:00:57 __main__ INFO: Skipping binance:TREE/USDT: 24h volume $714,664 < $5,000,000
15:00:57 __main__ INFO: Skipping binance:TRU/USDT: 24h volume $241,752 < $5,000,000
15:00:57 __main__ INFO: Skipping binance:TST/USDT: 24h volume $1,000,542 < $5,000,000
15:00:58 __main__ INFO: Skipping binance:TURTLE/USDT: 24h volume $318,637 < $5,000,000
15:00:58 __main__ INFO: Skipping binance:TUSD/USDT: 24h volume $185,139 < $5,000,000
15:00:58 __main__ INFO: Skipping binance:TUT/USDT: 24h volume $1,115,785 < $5,000,000
15:00:58 __main__ INFO: Skipping binance:TWT/USDT: 24h volume $876,793 < $5,000,000
15:00:58 __main__ INFO: Skipping binance:UMA/USDT: 24h volume $193,790 < $5,000,000
15:00:59 __main__ INFO: Skipping binance:USDE/USDT: 24h volume $1,435,291 < $5,000,000
15:00:59 __main__ INFO: Skipping binance:USDP/USDT: 24h volume $25,383 < $5,000,000
15:00:59 __main__ INFO: Skipping binance:USTC/USDT: 24h volume $438,980 < $5,000,000
15:00:59 __main__ INFO: Skipping binance:USUAL/USDT: 24h volume $296,780 < $5,000,000
15:00:59 __main__ INFO: Skipping binance:UTK/USDT: 24h volume $145,072 < $5,000,000
15:01:00 __main__ INFO: Skipping binance:VANA/USDT: 24h volume $263,841 < $5,000,000
15:01:00 __main__ INFO: Skipping binance:VANRY/USDT: 24h volume $672,405 < $5,000,000
15:01:00 __main__ INFO: Skipping binance:VELODROME/USDT: 24h volume $128,803 < $5,000,000
15:01:00 __main__ INFO: Skipping binance:VET/USDT: 24h volume $1,191,033 < $5,000,000
15:01:00 __main__ INFO: Skipping binance:VIC/USDT: 24h volume $181,965 < $5,000,000
15:01:00 __main__ INFO: Skipping binance:VIRTUAL/USDT: 24h volume $4,999,696 < $5,000,000
15:01:00 __main__ INFO: Skipping binance:VTHO/USDT: 24h volume $300,588 < $5,000,000
15:01:00 __main__ INFO: Skipping binance:W/USDT: 24h volume $2,028,324 < $5,000,000
15:01:01 __main__ INFO: Skipping binance:WAL/USDT: 24h volume $310,790 < $5,000,000
15:01:01 __main__ INFO: Skipping binance:WAN/USDT: 24h volume $112,581 < $5,000,000
15:01:01 __main__ INFO: Skipping binance:WAXP/USDT: 24h volume $1,044,656 < $5,000,000
15:01:01 __main__ INFO: Skipping binance:WBETH/USDT: 24h volume $553,655 < $5,000,000
15:01:01 __main__ INFO: Skipping binance:WBTC/USDT: 24h volume $3,335,184 < $5,000,000
15:01:02 __main__ INFO: Skipping binance:WCT/USDT: 24h volume $1,942,936 < $5,000,000
15:01:02 __main__ INFO: Skipping binance:WIN/USDT: 24h volume $127,717 < $5,000,000
15:01:03 __main__ INFO: Skipping binance:WOO/USDT: 24h volume $224,631 < $5,000,000
15:01:03 __main__ INFO: Skipping binance:XAI/USDT: 24h volume $993,823 < $5,000,000
15:01:04 __main__ INFO: Skipping binance:XEC/USDT: 24h volume $166,418 < $5,000,000
15:01:04 __main__ INFO: Skipping binance:XLM/USDT: 24h volume $3,527,982 < $5,000,000
15:01:04 __main__ INFO: Skipping binance:XNO/USDT: 24h volume $60,230 < $5,000,000
15:01:04 __main__ INFO: Skipping binance:XTZ/USDT: 24h volume $463,812 < $5,000,000
15:01:05 __main__ INFO: Skipping binance:XVG/USDT: 24h volume $614,790 < $5,000,000
15:01:05 __main__ INFO: Skipping binance:XVS/USDT: 24h volume $321,809 < $5,000,000
15:01:05 __main__ INFO: Skipping binance:YB/USDT: 24h volume $350,925 < $5,000,000
15:01:05 __main__ INFO: Skipping binance:YFI/USDT: 24h volume $385,212 < $5,000,000
15:01:05 __main__ INFO: Skipping binance:YGG/USDT: 24h volume $499,568 < $5,000,000
15:01:05 __main__ INFO: Skipping binance:ZAMA/USDT: 24h volume $2,244,846 < $5,000,000
15:01:06 __main__ INFO: Skipping binance:ZBT/USDT: 24h volume $605,602 < $5,000,000
15:01:06 __main__ INFO: Skipping binance:ZEN/USDT: 24h volume $2,733,569 < $5,000,000
15:01:06 __main__ INFO: Skipping binance:ZIL/USDT: 24h volume $463,365 < $5,000,000
15:01:06 __main__ INFO: Skipping binance:ZK/USDT: 24h volume $1,930,117 < $5,000,000
15:01:06 __main__ INFO: Skipping binance:ZKC/USDT: 24h volume $565,190 < $5,000,000
15:01:06 __main__ INFO: Skipping binance:ZKP/USDT: 24h volume $447,777 < $5,000,000
15:01:06 __main__ INFO: Skipping binance:ZRO/USDT: 24h volume $4,240,638 < $5,000,000
15:01:07 __main__ INFO: Skipping binance:ZRX/USDT: 24h volume $162,204 < $5,000,000
15:01:07 __main__ INFO: Volume filter: 60 pairs remain after threshold
15:01:13 core.signal_engine INFO: Signal rejected: R:R too low 0.04 < 1.8
/root/.openclaw/workspace/projects/crypto-liquidity-hunter/main.py:356: DeprecationWarning: datetime.datetime.utcnow() is deprecated and scheduled for removal in a future version. Use timezone-aware objects to represent datetimes in UTC: datetime.datetime.now(datetime.UTC).
  entry_time=datetime.utcnow(),
15:01:14 __main__ ERROR: Error scanning binance:ANIME/USDT 1h: no such column: status
15:01:19 core.signal_engine INFO: Signal rejected: R:R too low 0.75 < 1.8
/root/.openclaw/workspace/projects/crypto-liquidity-hunter/main.py:356: DeprecationWarning: datetime.datetime.utcnow() is deprecated and scheduled for removal in a future version. Use timezone-aware objects to represent datetimes in UTC: datetime.datetime.now(datetime.UTC).
  entry_time=datetime.utcnow(),
15:02:01 __main__ ERROR: Error scanning binance:DASH/USDT 15m: no such column: status
15:02:19 core.signal_engine INFO: Signal rejected: R:R too low 1.57 < 1.8
/root/.openclaw/workspace/projects/crypto-liquidity-hunter/main.py:356: DeprecationWarning: datetime.datetime.utcnow() is deprecated and scheduled for removal in a future version. Use timezone-aware objects to represent datetimes in UTC: datetime.datetime.now(datetime.UTC).
  entry_time=datetime.utcnow(),
15:02:24 __main__ ERROR: Error scanning binance:ETH/USDT 1h: no such column: status
/root/.openclaw/workspace/projects/crypto-liquidity-hunter/main.py:356: DeprecationWarning: datetime.datetime.utcnow() is deprecated and scheduled for removal in a future version. Use timezone-aware objects to represent datetimes in UTC: datetime.datetime.now(datetime.UTC).
  entry_time=datetime.utcnow(),
15:03:22 __main__ ERROR: Error scanning binance:NIGHT/USDT 15m: no such column: status
/root/.openclaw/workspace/projects/crypto-liquidity-hunter/main.py:356: DeprecationWarning: datetime.datetime.utcnow() is deprecated and scheduled for removal in a future version. Use timezone-aware objects to represent datetimes in UTC: datetime.datetime.now(datetime.UTC).
  entry_time=datetime.utcnow(),
15:03:51 __main__ ERROR: Error scanning binance:RDNT/USDT 15m: no such column: status
15:04:03 core.signal_engine INFO: Signal rejected: R:R too low 0.19 < 1.8
/root/.openclaw/workspace/projects/crypto-liquidity-hunter/main.py:356: DeprecationWarning: datetime.datetime.utcnow() is deprecated and scheduled for removal in a future version. Use timezone-aware objects to represent datetimes in UTC: datetime.datetime.now(datetime.UTC).
  entry_time=datetime.utcnow(),
15:04:06 __main__ ERROR: Error scanning binance:SIGN/USDT 4h: no such column: status
15:04:23 core.signal_engine INFO: Signal rejected: R:R too low 0.60 < 1.8
/root/.openclaw/workspace/projects/crypto-liquidity-hunter/main.py:356: DeprecationWarning: datetime.datetime.utcnow() is deprecated and scheduled for removal in a future version. Use timezone-aware objects to represent datetimes in UTC: datetime.datetime.now(datetime.UTC).
  entry_time=datetime.utcnow(),
15:04:28 __main__ ERROR: Error scanning binance:SUI/USDT 15m: no such column: status
/root/.openclaw/workspace/projects/crypto-liquidity-hunter/main.py:356: DeprecationWarning: datetime.datetime.utcnow() is deprecated and scheduled for removal in a future version. Use timezone-aware objects to represent datetimes in UTC: datetime.datetime.now(datetime.UTC).
  entry_time=datetime.utcnow(),
15:05:14 __main__ ERROR: Error scanning binance:WIF/USDT 4h: no such column: status
/root/.openclaw/workspace/projects/crypto-liquidity-hunter/main.py:356: DeprecationWarning: datetime.datetime.utcnow() is deprecated and scheduled for removal in a future version. Use timezone-aware objects to represent datetimes in UTC: datetime.datetime.now(datetime.UTC).
  entry_time=datetime.utcnow(),
15:05:17 __main__ ERROR: Error scanning binance:WIF/USDT 15m: no such column: status
/root/.openclaw/workspace/projects/crypto-liquidity-hunter/main.py:356: DeprecationWarning: datetime.datetime.utcnow() is deprecated and scheduled for removal in a future version. Use timezone-aware objects to represent datetimes in UTC: datetime.datetime.now(datetime.UTC).
  entry_time=datetime.utcnow(),
15:05:24 __main__ ERROR: Error scanning binance:WLFI/USDT 4h: no such column: status
/root/.openclaw/workspace/projects/crypto-liquidity-hunter/main.py:356: DeprecationWarning: datetime.datetime.utcnow() is deprecated and scheduled for removal in a future version. Use timezone-aware objects to represent datetimes in UTC: datetime.datetime.now(datetime.UTC).
  entry_time=datetime.utcnow(),
15:05:25 __main__ ERROR: Error scanning binance:WLFI/USDT 1h: no such column: status
Traceback (most recent call last):
  File "/root/.openclaw/workspace/projects/crypto-liquidity-hunter/main.py", line 542, in <module>
    main()
    ~~~~^^
  File "/root/.openclaw/workspace/projects/crypto-liquidity-hunter/main.py", line 537, in main
    cmd_scan_all(args)
    ~~~~~~~~~~~~^^^^^^
  File "/root/.openclaw/workspace/projects/crypto-liquidity-hunter/main.py", line 408, in cmd_scan_all
    open_trades = store.get_open_trades()
  File "/root/.openclaw/workspace/projects/crypto-liquidity-hunter/data/store.py", line 203, in get_open_trades
    cur.execute("SELECT * FROM trades WHERE status='open' ORDER BY entry_time DESC")
    ~~~~~~~~~~~^^^^^^^^^^^^^^^^^^^^^^^^^^^^^^^^^^^^^^^^^^^^^^^^^^^^^^^^^^^^^^^^^^^^^
sqlite3.OperationalError: no such column: status
