08:15:01 __main__ INFO: Volume filter: fetching all tickers in one call...
08:15:03 __main__ INFO: Volume filter: 151/447 pairs pass $1M threshold
/root/.openclaw/workspace/projects/crypto-liquidity-hunter/main.py:292: DeprecationWarning: datetime.datetime.utcnow() is deprecated and scheduled for removal in a future version. Use timezone-aware objects to represent datetimes in UTC: datetime.datetime.now(datetime.UTC).
  scan_start = datetime.utcnow()   # for duration tracking
08:15:04 core.binance_connector INFO: BinanceConnector: connected [LIVE FUTURES MAINNET]
08:15:04 __main__ INFO: Auto-executor: account 'Liquiddbot1' mode=live exec=auto
08:15:06 core.sweep_detector INFO: SweepDetector v2: 3 raw → 2 confirmed (vol≥1.5× body≥40%)
08:15:06 core.sweep_detector INFO: OrderBlocks: 7 detected, 1 unmitigated
08:15:06 core.sweep_detector INFO: FVGs: 11 detected, 0 unfilled
08:15:07 core.sweep_detector INFO: SweepDetector v2: 7 raw → 5 confirmed (vol≥1.5× body≥40%)
08:15:07 core.sweep_detector INFO: OrderBlocks: 4 detected, 1 unmitigated
08:15:07 core.sweep_detector INFO: FVGs: 5 detected, 2 unfilled
08:15:09 core.sweep_detector INFO: SweepDetector v2: 3 raw → 3 confirmed (vol≥1.5× body≥40%)
08:15:09 core.sweep_detector INFO: OrderBlocks: 6 detected, 0 unmitigated
08:15:09 core.sweep_detector INFO: FVGs: 10 detected, 2 unfilled
08:15:11 core.sweep_detector INFO: SweepDetector v2: 4 raw → 2 confirmed (vol≥1.5× body≥40%)
08:15:11 core.sweep_detector INFO: OrderBlocks: 8 detected, 2 unmitigated
08:15:11 core.sweep_detector INFO: FVGs: 12 detected, 3 unfilled
08:15:13 core.sweep_detector INFO: SweepDetector v2: 5 raw → 3 confirmed (vol≥1.5× body≥40%)
08:15:13 core.sweep_detector INFO: OrderBlocks: 4 detected, 3 unmitigated
08:15:13 core.sweep_detector INFO: FVGs: 11 detected, 6 unfilled
08:15:14 core.sweep_detector INFO: SweepDetector v2: 5 raw → 4 confirmed (vol≥1.5× body≥40%)
08:15:14 core.sweep_detector INFO: OrderBlocks: 3 detected, 1 unmitigated
08:15:14 core.sweep_detector INFO: FVGs: 9 detected, 4 unfilled
08:15:16 core.sweep_detector INFO: SweepDetector v2: 3 raw → 2 confirmed (vol≥1.5× body≥40%)
08:15:16 core.sweep_detector INFO: OrderBlocks: 3 detected, 2 unmitigated
08:15:16 core.sweep_detector INFO: FVGs: 7 detected, 3 unfilled
08:15:18 core.sweep_detector INFO: SweepDetector v2: 4 raw → 2 confirmed (vol≥1.5× body≥40%)
08:15:18 core.sweep_detector INFO: OrderBlocks: 2 detected, 0 unmitigated
08:15:18 core.sweep_detector INFO: FVGs: 3 detected, 1 unfilled
08:15:19 core.sweep_detector INFO: SweepDetector v2: 4 raw → 4 confirmed (vol≥1.5× body≥40%)
08:15:19 core.sweep_detector INFO: OrderBlocks: 4 detected, 0 unmitigated
08:15:19 core.sweep_detector INFO: FVGs: 11 detected, 2 unfilled
08:15:21 core.sweep_detector INFO: SweepDetector v2: 4 raw → 3 confirmed (vol≥1.5× body≥40%)
08:15:21 core.sweep_detector INFO: OrderBlocks: 9 detected, 4 unmitigated
08:15:21 core.sweep_detector INFO: FVGs: 11 detected, 6 unfilled
08:15:23 core.sweep_detector INFO: SweepDetector v2: 6 raw → 5 confirmed (vol≥1.5× body≥40%)
08:15:23 core.sweep_detector INFO: OrderBlocks: 4 detected, 2 unmitigated
08:15:23 core.sweep_detector INFO: FVGs: 10 detected, 2 unfilled
08:15:25 core.sweep_detector INFO: SweepDetector v2: 3 raw → 2 confirmed (vol≥1.5× body≥40%)
08:15:25 core.sweep_detector INFO: OrderBlocks: 5 detected, 0 unmitigated
08:15:25 core.sweep_detector INFO: FVGs: 7 detected, 1 unfilled
08:15:27 core.sweep_detector INFO: SweepDetector v2: 4 raw → 3 confirmed (vol≥1.5× body≥40%)
08:15:27 core.sweep_detector INFO: OrderBlocks: 9 detected, 2 unmitigated
08:15:27 core.sweep_detector INFO: FVGs: 10 detected, 4 unfilled
08:15:28 core.sweep_detector INFO: SweepDetector v2: 3 raw → 1 confirmed (vol≥1.5× body≥40%)
08:15:28 core.sweep_detector INFO: OrderBlocks: 4 detected, 1 unmitigated
08:15:28 core.sweep_detector INFO: FVGs: 9 detected, 2 unfilled
08:15:30 core.sweep_detector INFO: SweepDetector v2: 5 raw → 4 confirmed (vol≥1.5× body≥40%)
08:15:30 core.sweep_detector INFO: OrderBlocks: 7 detected, 2 unmitigated
08:15:30 core.sweep_detector INFO: FVGs: 9 detected, 4 unfilled
08:15:32 core.sweep_detector INFO: SweepDetector v2: 3 raw → 3 confirmed (vol≥1.5× body≥40%)
08:15:32 core.sweep_detector INFO: OrderBlocks: 10 detected, 3 unmitigated
08:15:32 core.sweep_detector INFO: FVGs: 17 detected, 4 unfilled
08:15:34 core.sweep_detector INFO: SweepDetector v2: 1 raw → 1 confirmed (vol≥1.5× body≥40%)
08:15:34 core.sweep_detector INFO: OrderBlocks: 5 detected, 2 unmitigated
08:15:34 core.sweep_detector INFO: FVGs: 15 detected, 9 unfilled
08:15:35 core.sweep_detector INFO: SweepDetector v2: 2 raw → 0 confirmed (vol≥1.5× body≥40%)
08:15:35 core.sweep_detector INFO: OrderBlocks: 4 detected, 3 unmitigated
08:15:35 core.sweep_detector INFO: FVGs: 18 detected, 11 unfilled
08:15:37 core.sweep_detector INFO: SweepDetector v2: 2 raw → 2 confirmed (vol≥1.5× body≥40%)
08:15:37 core.sweep_detector INFO: OrderBlocks: 7 detected, 4 unmitigated
08:15:37 core.sweep_detector INFO: FVGs: 6 detected, 2 unfilled
08:15:39 core.sweep_detector INFO: SweepDetector v2: 4 raw → 3 confirmed (vol≥1.5× body≥40%)
08:15:39 core.sweep_detector INFO: OrderBlocks: 7 detected, 3 unmitigated
08:15:39 core.sweep_detector INFO: FVGs: 13 detected, 4 unfilled
08:15:41 core.sweep_detector INFO: SweepDetector v2: 5 raw → 5 confirmed (vol≥1.5× body≥40%)
08:15:41 core.sweep_detector INFO: OrderBlocks: 5 detected, 4 unmitigated
08:15:41 core.sweep_detector INFO: FVGs: 13 detected, 8 unfilled
08:15:43 core.sweep_detector INFO: SweepDetector v2: 6 raw → 3 confirmed (vol≥1.5× body≥40%)
08:15:43 core.sweep_detector INFO: OrderBlocks: 3 detected, 1 unmitigated
08:15:43 core.sweep_detector INFO: FVGs: 5 detected, 3 unfilled
08:15:44 core.sweep_detector INFO: SweepDetector v2: 3 raw → 2 confirmed (vol≥1.5× body≥40%)
08:15:44 core.sweep_detector INFO: OrderBlocks: 6 detected, 3 unmitigated
08:15:44 core.sweep_detector INFO: FVGs: 5 detected, 3 unfilled
08:15:46 core.sweep_detector INFO: SweepDetector v2: 3 raw → 1 confirmed (vol≥1.5× body≥40%)
08:15:46 core.sweep_detector INFO: OrderBlocks: 5 detected, 0 unmitigated
08:15:46 core.sweep_detector INFO: FVGs: 8 detected, 0 unfilled
08:15:48 core.sweep_detector INFO: SweepDetector v2: 7 raw → 6 confirmed (vol≥1.5× body≥40%)
08:15:48 core.sweep_detector INFO: OrderBlocks: 4 detected, 0 unmitigated
08:15:48 core.sweep_detector INFO: FVGs: 10 detected, 1 unfilled
08:15:49 core.sweep_detector INFO: SweepDetector v2: 4 raw → 4 confirmed (vol≥1.5× body≥40%)
08:15:49 core.sweep_detector INFO: OrderBlocks: 4 detected, 1 unmitigated
08:15:49 core.sweep_detector INFO: FVGs: 9 detected, 3 unfilled
08:15:51 core.sweep_detector INFO: SweepDetector v2: 5 raw → 3 confirmed (vol≥1.5× body≥40%)
08:15:51 core.sweep_detector INFO: OrderBlocks: 4 detected, 2 unmitigated
08:15:51 core.sweep_detector INFO: FVGs: 7 detected, 3 unfilled
08:15:53 core.sweep_detector INFO: SweepDetector v2: 4 raw → 2 confirmed (vol≥1.5× body≥40%)
08:15:53 core.sweep_detector INFO: OrderBlocks: 7 detected, 0 unmitigated
08:15:53 core.sweep_detector INFO: FVGs: 7 detected, 0 unfilled
08:15:54 core.sweep_detector INFO: SweepDetector v2: 3 raw → 2 confirmed (vol≥1.5× body≥40%)
08:15:54 core.sweep_detector INFO: OrderBlocks: 4 detected, 1 unmitigated
08:15:54 core.sweep_detector INFO: FVGs: 10 detected, 1 unfilled
08:15:56 core.sweep_detector INFO: SweepDetector v2: 2 raw → 2 confirmed (vol≥1.5× body≥40%)
08:15:56 core.sweep_detector INFO: OrderBlocks: 3 detected, 0 unmitigated
08:15:56 core.sweep_detector INFO: FVGs: 10 detected, 3 unfilled
08:15:58 core.sweep_detector INFO: SweepDetector v2: 2 raw → 0 confirmed (vol≥1.5× body≥40%)
08:15:58 core.sweep_detector INFO: OrderBlocks: 7 detected, 1 unmitigated
08:15:58 core.sweep_detector INFO: FVGs: 8 detected, 1 unfilled
08:16:00 core.sweep_detector INFO: SweepDetector v2: 3 raw → 1 confirmed (vol≥1.5× body≥40%)
08:16:00 core.sweep_detector INFO: OrderBlocks: 4 detected, 0 unmitigated
08:16:00 core.sweep_detector INFO: FVGs: 11 detected, 1 unfilled
08:16:02 core.sweep_detector INFO: SweepDetector v2: 3 raw → 3 confirmed (vol≥1.5× body≥40%)
08:16:02 core.sweep_detector INFO: OrderBlocks: 6 detected, 0 unmitigated
08:16:02 core.sweep_detector INFO: FVGs: 12 detected, 1 unfilled
08:16:03 core.sweep_detector INFO: SweepDetector v2: 6 raw → 3 confirmed (vol≥1.5× body≥40%)
08:16:03 core.sweep_detector INFO: OrderBlocks: 6 detected, 2 unmitigated
08:16:03 core.sweep_detector INFO: FVGs: 9 detected, 3 unfilled
08:16:05 core.sweep_detector INFO: SweepDetector v2: 6 raw → 4 confirmed (vol≥1.5× body≥40%)
08:16:05 core.sweep_detector INFO: OrderBlocks: 2 detected, 0 unmitigated
08:16:05 core.sweep_detector INFO: FVGs: 9 detected, 1 unfilled
08:16:06 core.sweep_detector INFO: SweepDetector v2: 3 raw → 2 confirmed (vol≥1.5× body≥40%)
08:16:06 core.sweep_detector INFO: OrderBlocks: 1 detected, 0 unmitigated
08:16:06 core.sweep_detector INFO: FVGs: 7 detected, 2 unfilled
08:16:08 core.sweep_detector INFO: SweepDetector v2: 4 raw → 2 confirmed (vol≥1.5× body≥40%)
08:16:08 core.sweep_detector INFO: OrderBlocks: 4 detected, 0 unmitigated
08:16:08 core.sweep_detector INFO: FVGs: 6 detected, 0 unfilled
08:16:10 core.sweep_detector INFO: SweepDetector v2: 0 raw → 0 confirmed (vol≥1.5× body≥40%)
08:16:10 core.sweep_detector INFO: OrderBlocks: 2 detected, 1 unmitigated
08:16:10 core.sweep_detector INFO: FVGs: 6 detected, 0 unfilled
08:16:12 core.sweep_detector INFO: SweepDetector v2: 3 raw → 3 confirmed (vol≥1.5× body≥40%)
08:16:12 core.sweep_detector INFO: OrderBlocks: 2 detected, 0 unmitigated
08:16:12 core.sweep_detector INFO: FVGs: 2 detected, 0 unfilled
08:16:13 core.sweep_detector INFO: SweepDetector v2: 4 raw → 3 confirmed (vol≥1.5× body≥40%)
08:16:13 core.sweep_detector INFO: OrderBlocks: 5 detected, 1 unmitigated
08:16:13 core.sweep_detector INFO: FVGs: 11 detected, 4 unfilled
08:16:15 core.sweep_detector INFO: SweepDetector v2: 4 raw → 2 confirmed (vol≥1.5× body≥40%)
08:16:15 core.sweep_detector INFO: OrderBlocks: 6 detected, 2 unmitigated
08:16:15 core.sweep_detector INFO: FVGs: 11 detected, 3 unfilled
08:16:17 core.sweep_detector INFO: SweepDetector v2: 5 raw → 4 confirmed (vol≥1.5× body≥40%)
08:16:17 core.sweep_detector INFO: OrderBlocks: 2 detected, 1 unmitigated
08:16:17 core.sweep_detector INFO: FVGs: 8 detected, 2 unfilled
08:16:19 core.sweep_detector INFO: SweepDetector v2: 6 raw → 6 confirmed (vol≥1.5× body≥40%)
08:16:19 core.sweep_detector INFO: OrderBlocks: 0 detected, 0 unmitigated
08:16:19 core.sweep_detector INFO: FVGs: 3 detected, 1 unfilled
08:16:20 core.sweep_detector INFO: SweepDetector v2: 4 raw → 4 confirmed (vol≥1.5× body≥40%)
08:16:20 core.sweep_detector INFO: OrderBlocks: 3 detected, 2 unmitigated
08:16:20 core.sweep_detector INFO: FVGs: 7 detected, 3 unfilled
08:16:22 core.sweep_detector INFO: SweepDetector v2: 3 raw → 2 confirmed (vol≥1.5× body≥40%)
08:16:22 core.sweep_detector INFO: OrderBlocks: 5 detected, 1 unmitigated
08:16:22 core.sweep_detector INFO: FVGs: 8 detected, 1 unfilled
08:16:24 core.sweep_detector INFO: SweepDetector v2: 6 raw → 5 confirmed (vol≥1.5× body≥40%)
08:16:24 core.sweep_detector INFO: OrderBlocks: 7 detected, 4 unmitigated
08:16:24 core.sweep_detector INFO: FVGs: 11 detected, 6 unfilled
08:16:25 core.sweep_detector INFO: SweepDetector v2: 3 raw → 2 confirmed (vol≥1.5× body≥40%)
08:16:25 core.sweep_detector INFO: OrderBlocks: 8 detected, 5 unmitigated
08:16:25 core.sweep_detector INFO: FVGs: 6 detected, 2 unfilled
08:16:27 core.sweep_detector INFO: SweepDetector v2: 4 raw → 4 confirmed (vol≥1.5× body≥40%)
08:16:27 core.sweep_detector INFO: OrderBlocks: 4 detected, 1 unmitigated
08:16:27 core.sweep_detector INFO: FVGs: 7 detected, 2 unfilled
08:16:29 core.sweep_detector INFO: SweepDetector v2: 10 raw → 7 confirmed (vol≥1.5× body≥40%)
08:16:29 core.sweep_detector INFO: OrderBlocks: 4 detected, 2 unmitigated
08:16:29 core.sweep_detector INFO: FVGs: 12 detected, 5 unfilled
08:16:31 core.sweep_detector INFO: SweepDetector v2: 3 raw → 2 confirmed (vol≥1.5× body≥40%)
08:16:31 core.sweep_detector INFO: OrderBlocks: 5 detected, 3 unmitigated
08:16:31 core.sweep_detector INFO: FVGs: 10 detected, 2 unfilled
08:16:32 core.sweep_detector INFO: SweepDetector v2: 3 raw → 3 confirmed (vol≥1.5× body≥40%)
08:16:32 core.sweep_detector INFO: OrderBlocks: 2 detected, 0 unmitigated
08:16:32 core.sweep_detector INFO: FVGs: 7 detected, 2 unfilled
08:16:32 __main__ INFO: Pending signal #110: binance:AVAX/USDT long entry=8.895 current=8.89 dist=0.06% expires=2h
08:16:32 alerts.telegram INFO: Alert suppressed (binance:AVAX/USDT long): conf 0.57 < threshold 0.80
08:16:33 core.trade_executor INFO: [Executor] Placing entry+SL atomically: long AVAX/USDT qty=22.507 sl=8.87112 tp=9.01
08:16:33 core.binance_connector INFO: [Connector] AVAX/USDT → AVAX/USDT:USDT (mult=1.0) qty=22.0 sl=8.871 tp=9.01
08:16:33 core.binance_connector INFO: [Batch] Atomic entry+SL+TP: AVAX/USDT entry=37473403092 sl=37473403093 tp=None fill=0.0
08:16:33 core.trade_executor INFO: [Executor] Entry+SL result: fill=8.886 sl_order=37473403093 method=batch_atomic
08:16:33 core.position_monitor INFO: [PositionMonitor] Started (account=2, interval=10s)
08:16:33 __main__ INFO: Triggered pending #110: binance:AVAX/USDT long @ 8.89 (entry was 8.895) trade_id=46 mode=live
08:16:33 core.binance_connector INFO: get_positions: 1 active positions
08:16:33 core.position_monitor INFO: [Monitor] AVAX/USDT missing 1/2 — waiting for confirmation
08:16:33 core.binance_connector INFO: SL stop_market placed HFT/USDT:USDT: 0.01371
08:16:33 core.binance_connector INFO: TP take_profit_market placed HFT/USDT:USDT: 0.01166
08:16:33 core.binance_connector INFO: set_sl_tp complete for HFT/USDT:USDT: {'sl_price': 0.01371, 'tp_price': 0.01166, 'sl_order_id': '2000000709284212', 'tp_order_id': '2000000709284224'}
08:16:33 core.position_monitor INFO: [Monitor] Bracket placed trade 44: SL=0.01371 TP=0.01166
08:16:35 core.sweep_detector INFO: SweepDetector v2: 7 raw → 7 confirmed (vol≥1.5× body≥40%)
08:16:35 core.sweep_detector INFO: OrderBlocks: 4 detected, 1 unmitigated
08:16:35 core.sweep_detector INFO: FVGs: 9 detected, 2 unfilled
08:16:37 core.sweep_detector INFO: SweepDetector v2: 2 raw → 0 confirmed (vol≥1.5× body≥40%)
08:16:37 core.sweep_detector INFO: OrderBlocks: 3 detected, 0 unmitigated
08:16:37 core.sweep_detector INFO: FVGs: 11 detected, 3 unfilled
08:16:39 core.sweep_detector INFO: SweepDetector v2: 3 raw → 2 confirmed (vol≥1.5× body≥40%)
08:16:39 core.sweep_detector INFO: OrderBlocks: 5 detected, 2 unmitigated
08:16:39 core.sweep_detector INFO: FVGs: 8 detected, 1 unfilled
08:16:41 core.sweep_detector INFO: SweepDetector v2: 2 raw → 2 confirmed (vol≥1.5× body≥40%)
08:16:41 core.sweep_detector INFO: OrderBlocks: 7 detected, 2 unmitigated
08:16:41 core.sweep_detector INFO: FVGs: 10 detected, 2 unfilled
08:16:43 core.position_monitor INFO: [Monitor] Running startup orphaned-order cleanup...
08:16:43 core.binance_connector INFO: get_positions: 1 active positions
08:16:43 core.position_monitor INFO: [Monitor] No orphaned orders found at startup
08:16:43 core.sweep_detector INFO: SweepDetector v2: 2 raw → 1 confirmed (vol≥1.5× body≥40%)
08:16:43 core.sweep_detector INFO: OrderBlocks: 7 detected, 5 unmitigated
08:16:43 core.sweep_detector INFO: FVGs: 9 detected, 3 unfilled
08:16:44 core.binance_connector INFO: get_positions: 1 active positions
08:16:45 core.sweep_detector INFO: SweepDetector v2: 5 raw → 1 confirmed (vol≥1.5× body≥40%)
08:16:45 core.sweep_detector INFO: OrderBlocks: 2 detected, 1 unmitigated
08:16:45 core.sweep_detector INFO: FVGs: 8 detected, 4 unfilled
08:16:47 core.sweep_detector INFO: SweepDetector v2: 8 raw → 5 confirmed (vol≥1.5× body≥40%)
08:16:47 core.sweep_detector INFO: OrderBlocks: 4 detected, 0 unmitigated
08:16:47 core.sweep_detector INFO: FVGs: 8 detected, 1 unfilled
08:16:49 core.sweep_detector INFO: SweepDetector v2: 1 raw → 0 confirmed (vol≥1.5× body≥40%)
08:16:49 core.sweep_detector INFO: OrderBlocks: 5 detected, 1 unmitigated
08:16:49 core.sweep_detector INFO: FVGs: 13 detected, 4 unfilled
08:16:51 core.sweep_detector INFO: SweepDetector v2: 2 raw → 1 confirmed (vol≥1.5× body≥40%)
08:16:51 core.sweep_detector INFO: OrderBlocks: 5 detected, 2 unmitigated
08:16:51 core.sweep_detector INFO: FVGs: 8 detected, 3 unfilled
08:16:52 core.sweep_detector INFO: SweepDetector v2: 5 raw → 4 confirmed (vol≥1.5× body≥40%)
08:16:52 core.sweep_detector INFO: OrderBlocks: 2 detected, 2 unmitigated
08:16:52 core.sweep_detector INFO: FVGs: 10 detected, 3 unfilled
08:16:54 core.binance_connector INFO: get_positions: 1 active positions
08:16:54 core.sweep_detector INFO: SweepDetector v2: 3 raw → 3 confirmed (vol≥1.5× body≥40%)
08:16:54 core.sweep_detector INFO: OrderBlocks: 6 detected, 1 unmitigated
08:16:54 core.sweep_detector INFO: FVGs: 11 detected, 1 unfilled
08:16:56 core.sweep_detector INFO: SweepDetector v2: 4 raw → 3 confirmed (vol≥1.5× body≥40%)
08:16:56 core.sweep_detector INFO: OrderBlocks: 4 detected, 0 unmitigated
08:16:56 core.sweep_detector INFO: FVGs: 11 detected, 2 unfilled
08:16:58 core.sweep_detector INFO: SweepDetector v2: 1 raw → 1 confirmed (vol≥1.5× body≥40%)
08:16:58 core.sweep_detector INFO: OrderBlocks: 4 detected, 2 unmitigated
08:16:58 core.sweep_detector INFO: FVGs: 8 detected, 3 unfilled
08:17:00 core.sweep_detector INFO: SweepDetector v2: 2 raw → 2 confirmed (vol≥1.5× body≥40%)
08:17:00 core.sweep_detector INFO: OrderBlocks: 5 detected, 3 unmitigated
08:17:00 core.sweep_detector INFO: FVGs: 7 detected, 3 unfilled
08:17:01 core.sweep_detector INFO: SweepDetector v2: 3 raw → 2 confirmed (vol≥1.5× body≥40%)
08:17:01 core.sweep_detector INFO: OrderBlocks: 3 detected, 2 unmitigated
08:17:01 core.sweep_detector INFO: FVGs: 3 detected, 1 unfilled
08:17:03 core.sweep_detector INFO: SweepDetector v2: 2 raw → 2 confirmed (vol≥1.5× body≥40%)
08:17:03 core.sweep_detector INFO: OrderBlocks: 4 detected, 0 unmitigated
08:17:03 core.sweep_detector INFO: FVGs: 5 detected, 2 unfilled
08:17:04 core.binance_connector INFO: get_positions: 1 active positions
08:17:05 core.sweep_detector INFO: SweepDetector v2: 3 raw → 1 confirmed (vol≥1.5× body≥40%)
08:17:05 core.sweep_detector INFO: OrderBlocks: 1 detected, 1 unmitigated
08:17:05 core.sweep_detector INFO: FVGs: 5 detected, 1 unfilled
08:17:07 core.sweep_detector INFO: SweepDetector v2: 2 raw → 2 confirmed (vol≥1.5× body≥40%)
08:17:07 core.sweep_detector INFO: OrderBlocks: 0 detected, 0 unmitigated
08:17:07 core.sweep_detector INFO: FVGs: 3 detected, 0 unfilled
08:17:09 core.sweep_detector INFO: SweepDetector v2: 4 raw → 3 confirmed (vol≥1.5× body≥40%)
08:17:09 core.sweep_detector INFO: OrderBlocks: 7 detected, 4 unmitigated
08:17:09 core.sweep_detector INFO: FVGs: 10 detected, 4 unfilled
08:17:11 core.sweep_detector INFO: SweepDetector v2: 4 raw → 3 confirmed (vol≥1.5× body≥40%)
08:17:11 core.sweep_detector INFO: OrderBlocks: 7 detected, 0 unmitigated
08:17:11 core.sweep_detector INFO: FVGs: 5 detected, 0 unfilled
08:17:13 core.sweep_detector INFO: SweepDetector v2: 4 raw → 4 confirmed (vol≥1.5× body≥40%)
08:17:13 core.sweep_detector INFO: OrderBlocks: 4 detected, 2 unmitigated
08:17:13 core.sweep_detector INFO: FVGs: 5 detected, 2 unfilled
08:17:15 core.binance_connector INFO: get_positions: 1 active positions
08:17:15 core.sweep_detector INFO: SweepDetector v2: 4 raw → 3 confirmed (vol≥1.5× body≥40%)
08:17:15 core.sweep_detector INFO: OrderBlocks: 6 detected, 1 unmitigated
08:17:15 core.sweep_detector INFO: FVGs: 7 detected, 2 unfilled
08:17:16 core.sweep_detector INFO: SweepDetector v2: 2 raw → 2 confirmed (vol≥1.5× body≥40%)
08:17:16 core.sweep_detector INFO: OrderBlocks: 2 detected, 1 unmitigated
08:17:16 core.sweep_detector INFO: FVGs: 9 detected, 1 unfilled
08:17:19 core.sweep_detector INFO: SweepDetector v2: 3 raw → 3 confirmed (vol≥1.5× body≥40%)
08:17:19 core.sweep_detector INFO: OrderBlocks: 3 detected, 0 unmitigated
08:17:19 core.sweep_detector INFO: FVGs: 6 detected, 0 unfilled
08:17:20 core.sweep_detector INFO: SweepDetector v2: 4 raw → 3 confirmed (vol≥1.5× body≥40%)
08:17:20 core.sweep_detector INFO: OrderBlocks: 6 detected, 2 unmitigated
08:17:20 core.sweep_detector INFO: FVGs: 9 detected, 2 unfilled
08:17:22 core.sweep_detector INFO: SweepDetector v2: 4 raw → 2 confirmed (vol≥1.5× body≥40%)
08:17:22 core.sweep_detector INFO: OrderBlocks: 5 detected, 1 unmitigated
08:17:22 core.sweep_detector INFO: FVGs: 9 detected, 1 unfilled
08:17:24 core.sweep_detector INFO: SweepDetector v2: 5 raw → 5 confirmed (vol≥1.5× body≥40%)
08:17:25 core.sweep_detector INFO: OrderBlocks: 2 detected, 1 unmitigated
08:17:25 core.sweep_detector INFO: FVGs: 6 detected, 3 unfilled
08:17:25 core.binance_connector INFO: get_positions: 1 active positions
08:17:26 core.sweep_detector INFO: SweepDetector v2: 9 raw → 6 confirmed (vol≥1.5× body≥40%)
08:17:26 core.sweep_detector INFO: OrderBlocks: 2 detected, 2 unmitigated
08:17:26 core.sweep_detector INFO: FVGs: 10 detected, 5 unfilled
08:17:28 core.sweep_detector INFO: SweepDetector v2: 4 raw → 1 confirmed (vol≥1.5× body≥40%)
08:17:28 core.sweep_detector INFO: OrderBlocks: 5 detected, 4 unmitigated
08:17:28 core.sweep_detector INFO: FVGs: 10 detected, 4 unfilled
08:17:30 core.sweep_detector INFO: SweepDetector v2: 0 raw → 0 confirmed (vol≥1.5× body≥40%)
08:17:30 core.sweep_detector INFO: OrderBlocks: 5 detected, 2 unmitigated
08:17:30 core.sweep_detector INFO: FVGs: 15 detected, 6 unfilled
08:17:31 core.sweep_detector INFO: SweepDetector v2: 2 raw → 2 confirmed (vol≥1.5× body≥40%)
08:17:31 core.sweep_detector INFO: OrderBlocks: 6 detected, 3 unmitigated
08:17:31 core.sweep_detector INFO: FVGs: 12 detected, 2 unfilled
08:17:34 core.sweep_detector INFO: SweepDetector v2: 2 raw → 1 confirmed (vol≥1.5× body≥40%)
08:17:34 core.sweep_detector INFO: OrderBlocks: 8 detected, 0 unmitigated
08:17:34 core.sweep_detector INFO: FVGs: 7 detected, 1 unfilled
08:17:36 core.sweep_detector INFO: SweepDetector v2: 4 raw → 4 confirmed (vol≥1.5× body≥40%)
08:17:36 core.sweep_detector INFO: OrderBlocks: 1 detected, 1 unmitigated
08:17:36 core.sweep_detector INFO: FVGs: 9 detected, 3 unfilled
08:17:36 core.binance_connector INFO: get_positions: 1 active positions
08:17:37 core.sweep_detector INFO: SweepDetector v2: 4 raw → 2 confirmed (vol≥1.5× body≥40%)
08:17:37 core.sweep_detector INFO: OrderBlocks: 6 detected, 2 unmitigated
08:17:37 core.sweep_detector INFO: FVGs: 10 detected, 3 unfilled
08:17:39 core.sweep_detector INFO: SweepDetector v2: 4 raw → 2 confirmed (vol≥1.5× body≥40%)
08:17:39 core.sweep_detector INFO: OrderBlocks: 7 detected, 4 unmitigated
08:17:39 core.sweep_detector INFO: FVGs: 15 detected, 7 unfilled
08:17:41 core.sweep_detector INFO: SweepDetector v2: 4 raw → 3 confirmed (vol≥1.5× body≥40%)
08:17:41 core.sweep_detector INFO: OrderBlocks: 8 detected, 3 unmitigated
08:17:41 core.sweep_detector INFO: FVGs: 16 detected, 10 unfilled
08:17:43 core.sweep_detector INFO: SweepDetector v2: 8 raw → 4 confirmed (vol≥1.5× body≥40%)
08:17:43 core.sweep_detector INFO: OrderBlocks: 7 detected, 2 unmitigated
08:17:43 core.sweep_detector INFO: FVGs: 12 detected, 2 unfilled
08:17:45 core.sweep_detector INFO: SweepDetector v2: 1 raw → 0 confirmed (vol≥1.5× body≥40%)
08:17:45 core.sweep_detector INFO: OrderBlocks: 7 detected, 1 unmitigated
08:17:45 core.sweep_detector INFO: FVGs: 17 detected, 3 unfilled
08:17:46 core.binance_connector INFO: get_positions: 1 active positions
08:17:47 core.sweep_detector INFO: SweepDetector v2: 3 raw → 1 confirmed (vol≥1.5× body≥40%)
08:17:47 core.sweep_detector INFO: OrderBlocks: 2 detected, 1 unmitigated
08:17:47 core.sweep_detector INFO: FVGs: 5 detected, 3 unfilled
08:17:49 core.sweep_detector INFO: SweepDetector v2: 0 raw → 0 confirmed (vol≥1.5× body≥40%)
08:17:49 core.sweep_detector INFO: OrderBlocks: 6 detected, 3 unmitigated
08:17:49 core.sweep_detector INFO: FVGs: 5 detected, 3 unfilled
08:17:50 core.sweep_detector INFO: SweepDetector v2: 3 raw → 0 confirmed (vol≥1.5× body≥40%)
08:17:50 core.sweep_detector INFO: OrderBlocks: 6 detected, 1 unmitigated
08:17:50 core.sweep_detector INFO: FVGs: 6 detected, 5 unfilled
08:17:52 core.sweep_detector INFO: SweepDetector v2: 2 raw → 1 confirmed (vol≥1.5× body≥40%)
08:17:52 core.sweep_detector INFO: OrderBlocks: 7 detected, 4 unmitigated
08:17:52 core.sweep_detector INFO: FVGs: 8 detected, 2 unfilled
08:17:54 core.sweep_detector INFO: SweepDetector v2: 1 raw → 0 confirmed (vol≥1.5× body≥40%)
08:17:54 core.sweep_detector INFO: OrderBlocks: 2 detected, 2 unmitigated
08:17:54 core.sweep_detector INFO: FVGs: 7 detected, 6 unfilled
08:17:56 core.sweep_detector INFO: SweepDetector v2: 1 raw → 0 confirmed (vol≥1.5× body≥40%)
08:17:56 core.sweep_detector INFO: OrderBlocks: 5 detected, 1 unmitigated
08:17:56 core.sweep_detector INFO: FVGs: 6 detected, 2 unfilled
08:17:57 core.binance_connector INFO: get_positions: 1 active positions
08:17:58 core.sweep_detector INFO: SweepDetector v2: 6 raw → 3 confirmed (vol≥1.5× body≥40%)
08:17:58 core.sweep_detector INFO: OrderBlocks: 9 detected, 2 unmitigated
08:17:58 core.sweep_detector INFO: FVGs: 10 detected, 2 unfilled
08:18:00 core.sweep_detector INFO: SweepDetector v2: 3 raw → 3 confirmed (vol≥1.5× body≥40%)
08:18:00 core.sweep_detector INFO: OrderBlocks: 5 detected, 2 unmitigated
08:18:00 core.sweep_detector INFO: FVGs: 11 detected, 7 unfilled
08:18:02 core.sweep_detector INFO: SweepDetector v2: 5 raw → 4 confirmed (vol≥1.5× body≥40%)
08:18:02 core.sweep_detector INFO: OrderBlocks: 6 detected, 2 unmitigated
08:18:02 core.sweep_detector INFO: FVGs: 10 detected, 3 unfilled
08:18:04 core.sweep_detector INFO: SweepDetector v2: 5 raw → 3 confirmed (vol≥1.5× body≥40%)
08:18:04 core.sweep_detector INFO: OrderBlocks: 6 detected, 2 unmitigated
08:18:04 core.sweep_detector INFO: FVGs: 4 detected, 0 unfilled
08:18:05 core.sweep_detector INFO: SweepDetector v2: 1 raw → 1 confirmed (vol≥1.5× body≥40%)
08:18:06 core.sweep_detector INFO: OrderBlocks: 9 detected, 3 unmitigated
08:18:06 core.sweep_detector INFO: FVGs: 13 detected, 2 unfilled
08:18:07 core.binance_connector INFO: get_positions: 1 active positions
08:18:07 core.sweep_detector INFO: SweepDetector v2: 4 raw → 4 confirmed (vol≥1.5× body≥40%)
08:18:07 core.sweep_detector INFO: OrderBlocks: 6 detected, 1 unmitigated
08:18:07 core.sweep_detector INFO: FVGs: 12 detected, 3 unfilled
08:18:10 core.sweep_detector INFO: SweepDetector v2: 4 raw → 3 confirmed (vol≥1.5× body≥40%)
08:18:10 core.sweep_detector INFO: OrderBlocks: 4 detected, 2 unmitigated
08:18:10 core.sweep_detector INFO: FVGs: 10 detected, 4 unfilled
08:18:12 core.sweep_detector INFO: SweepDetector v2: 7 raw → 6 confirmed (vol≥1.5× body≥40%)
08:18:12 core.sweep_detector INFO: OrderBlocks: 7 detected, 3 unmitigated
08:18:12 core.sweep_detector INFO: FVGs: 8 detected, 2 unfilled
08:18:14 core.sweep_detector INFO: SweepDetector v2: 4 raw → 4 confirmed (vol≥1.5× body≥40%)
08:18:14 core.sweep_detector INFO: OrderBlocks: 10 detected, 0 unmitigated
08:18:14 core.sweep_detector INFO: FVGs: 9 detected, 0 unfilled
08:18:16 core.sweep_detector INFO: SweepDetector v2: 4 raw → 3 confirmed (vol≥1.5× body≥40%)
08:18:16 core.sweep_detector INFO: OrderBlocks: 4 detected, 0 unmitigated
08:18:16 core.sweep_detector INFO: FVGs: 11 detected, 0 unfilled
08:18:18 core.binance_connector INFO: get_positions: 1 active positions
08:18:19 core.sweep_detector INFO: SweepDetector v2: 7 raw → 4 confirmed (vol≥1.5× body≥40%)
08:18:19 core.sweep_detector INFO: OrderBlocks: 5 detected, 2 unmitigated
08:18:19 core.sweep_detector INFO: FVGs: 9 detected, 2 unfilled
08:18:21 core.sweep_detector INFO: SweepDetector v2: 8 raw → 6 confirmed (vol≥1.5× body≥40%)
08:18:21 core.sweep_detector INFO: OrderBlocks: 5 detected, 1 unmitigated
08:18:21 core.sweep_detector INFO: FVGs: 10 detected, 5 unfilled
08:18:24 core.sweep_detector INFO: SweepDetector v2: 6 raw → 5 confirmed (vol≥1.5× body≥40%)
08:18:24 core.sweep_detector INFO: OrderBlocks: 6 detected, 0 unmitigated
08:18:24 core.sweep_detector INFO: FVGs: 12 detected, 3 unfilled
08:18:26 core.sweep_detector INFO: SweepDetector v2: 5 raw → 3 confirmed (vol≥1.5× body≥40%)
08:18:26 core.sweep_detector INFO: OrderBlocks: 5 detected, 1 unmitigated
08:18:26 core.sweep_detector INFO: FVGs: 3 detected, 1 unfilled
08:18:28 core.sweep_detector INFO: SweepDetector v2: 5 raw → 2 confirmed (vol≥1.5× body≥40%)
08:18:28 core.sweep_detector INFO: OrderBlocks: 5 detected, 1 unmitigated
08:18:28 core.sweep_detector INFO: FVGs: 11 detected, 0 unfilled
08:18:29 core.binance_connector INFO: get_positions: 1 active positions
08:18:30 core.sweep_detector INFO: SweepDetector v2: 2 raw → 1 confirmed (vol≥1.5× body≥40%)
08:18:30 core.sweep_detector INFO: OrderBlocks: 9 detected, 7 unmitigated
08:18:30 core.sweep_detector INFO: FVGs: 13 detected, 4 unfilled
08:18:32 core.sweep_detector INFO: SweepDetector v2: 2 raw → 1 confirmed (vol≥1.5× body≥40%)
08:18:32 core.sweep_detector INFO: OrderBlocks: 1 detected, 0 unmitigated
08:18:32 core.sweep_detector INFO: FVGs: 4 detected, 3 unfilled
08:18:36 core.sweep_detector INFO: SweepDetector v2: 3 raw → 3 confirmed (vol≥1.5× body≥40%)
08:18:36 core.sweep_detector INFO: OrderBlocks: 4 detected, 1 unmitigated
08:18:36 core.sweep_detector INFO: FVGs: 10 detected, 2 unfilled
08:18:38 core.sweep_detector INFO: SweepDetector v2: 3 raw → 2 confirmed (vol≥1.5× body≥40%)
08:18:38 core.sweep_detector INFO: OrderBlocks: 1 detected, 0 unmitigated
08:18:38 core.sweep_detector INFO: FVGs: 10 detected, 2 unfilled
08:18:39 core.binance_connector INFO: get_positions: 1 active positions
08:18:41 core.sweep_detector INFO: SweepDetector v2: 6 raw → 4 confirmed (vol≥1.5× body≥40%)
08:18:41 core.sweep_detector INFO: OrderBlocks: 9 detected, 1 unmitigated
08:18:41 core.sweep_detector INFO: FVGs: 6 detected, 0 unfilled
08:18:43 core.sweep_detector INFO: SweepDetector v2: 1 raw → 0 confirmed (vol≥1.5× body≥40%)
08:18:43 core.sweep_detector INFO: OrderBlocks: 6 detected, 2 unmitigated
08:18:43 core.sweep_detector INFO: FVGs: 10 detected, 2 unfilled
08:18:45 core.sweep_detector INFO: SweepDetector v2: 3 raw → 2 confirmed (vol≥1.5× body≥40%)
08:18:45 core.sweep_detector INFO: OrderBlocks: 4 detected, 0 unmitigated
08:18:45 core.sweep_detector INFO: FVGs: 6 detected, 1 unfilled
08:18:48 core.sweep_detector INFO: SweepDetector v2: 5 raw → 5 confirmed (vol≥1.5× body≥40%)
08:18:48 core.sweep_detector INFO: OrderBlocks: 8 detected, 2 unmitigated
08:18:48 core.sweep_detector INFO: FVGs: 11 detected, 1 unfilled
08:18:50 core.binance_connector INFO: get_positions: 1 active positions
08:18:50 core.sweep_detector INFO: SweepDetector v2: 9 raw → 4 confirmed (vol≥1.5× body≥40%)
08:18:50 core.sweep_detector INFO: OrderBlocks: 3 detected, 0 unmitigated
08:18:50 core.sweep_detector INFO: FVGs: 9 detected, 0 unfilled
08:18:52 core.sweep_detector INFO: SweepDetector v2: 3 raw → 3 confirmed (vol≥1.5× body≥40%)
08:18:52 core.sweep_detector INFO: OrderBlocks: 5 detected, 0 unmitigated
08:18:52 core.sweep_detector INFO: FVGs: 5 detected, 1 unfilled
08:18:54 core.sweep_detector INFO: SweepDetector v2: 2 raw → 0 confirmed (vol≥1.5× body≥40%)
08:18:54 core.sweep_detector INFO: OrderBlocks: 5 detected, 2 unmitigated
08:18:54 core.sweep_detector INFO: FVGs: 8 detected, 2 unfilled
08:18:56 core.sweep_detector INFO: SweepDetector v2: 5 raw → 4 confirmed (vol≥1.5× body≥40%)
08:18:56 core.sweep_detector INFO: OrderBlocks: 3 detected, 0 unmitigated
08:18:56 core.sweep_detector INFO: FVGs: 8 detected, 1 unfilled
08:18:58 core.sweep_detector INFO: SweepDetector v2: 4 raw → 3 confirmed (vol≥1.5× body≥40%)
08:18:58 core.sweep_detector INFO: OrderBlocks: 4 detected, 1 unmitigated
08:18:58 core.sweep_detector INFO: FVGs: 5 detected, 1 unfilled
08:19:00 core.sweep_detector INFO: SweepDetector v2: 6 raw → 5 confirmed (vol≥1.5× body≥40%)
08:19:00 core.sweep_detector INFO: OrderBlocks: 10 detected, 4 unmitigated
08:19:00 core.sweep_detector INFO: FVGs: 14 detected, 5 unfilled
08:19:00 core.binance_connector INFO: get_positions: 1 active positions
08:19:02 core.sweep_detector INFO: SweepDetector v2: 4 raw → 4 confirmed (vol≥1.5× body≥40%)
08:19:02 core.sweep_detector INFO: OrderBlocks: 7 detected, 2 unmitigated
08:19:02 core.sweep_detector INFO: FVGs: 16 detected, 4 unfilled
08:19:03 core.sweep_detector INFO: SweepDetector v2: 3 raw → 1 confirmed (vol≥1.5× body≥40%)
08:19:03 core.sweep_detector INFO: OrderBlocks: 3 detected, 1 unmitigated
08:19:03 core.sweep_detector INFO: FVGs: 8 detected, 3 unfilled
08:19:05 core.sweep_detector INFO: SweepDetector v2: 8 raw → 6 confirmed (vol≥1.5× body≥40%)
08:19:05 core.sweep_detector INFO: OrderBlocks: 7 detected, 3 unmitigated
08:19:05 core.sweep_detector INFO: FVGs: 9 detected, 3 unfilled
08:19:05 __main__ INFO: Pending signal #111: binance:EDEN/USDT short entry=0.0295034 current=0.0295 dist=0.01% expires=24h
08:19:05 alerts.telegram INFO: Alert suppressed (binance:EDEN/USDT short): conf 0.72 < threshold 0.80
08:19:06 core.trade_executor INFO: [Executor] Placing entry+SL atomically: short EDEN/USDT qty=6798.096 sl=0.03003 tp=0.0278
08:19:06 core.binance_connector INFO: [Connector] EDEN/USDT → EDEN/USDT:USDT (mult=1.0) qty=6798.0 sl=0.03003 tp=0.0278
08:19:06 core.binance_connector INFO: [Batch] Atomic entry+SL+TP: EDEN/USDT entry=629042629 sl=629042630 tp=None fill=0.0
08:19:06 core.trade_executor INFO: [Executor] Entry+SL result: fill=0.02942 sl_order=629042630 method=batch_atomic
08:19:06 __main__ INFO: Triggered pending #111: binance:EDEN/USDT short @ 0.0295 (entry was 0.0295034) trade_id=47 mode=live
08:19:08 core.sweep_detector INFO: SweepDetector v2: 4 raw → 4 confirmed (vol≥1.5× body≥40%)
08:19:08 core.sweep_detector INFO: OrderBlocks: 4 detected, 2 unmitigated
08:19:08 core.sweep_detector INFO: FVGs: 9 detected, 3 unfilled
08:19:10 core.sweep_detector INFO: SweepDetector v2: 3 raw → 1 confirmed (vol≥1.5× body≥40%)
08:19:10 core.sweep_detector INFO: OrderBlocks: 4 detected, 0 unmitigated
08:19:10 core.sweep_detector INFO: FVGs: 7 detected, 0 unfilled
08:19:11 core.binance_connector INFO: get_positions: 1 active positions
08:19:11 core.sweep_detector INFO: SweepDetector v2: 2 raw → 2 confirmed (vol≥1.5× body≥40%)
08:19:11 core.sweep_detector INFO: OrderBlocks: 4 detected, 1 unmitigated
08:19:11 core.sweep_detector INFO: FVGs: 7 detected, 4 unfilled
08:19:13 core.sweep_detector INFO: SweepDetector v2: 1 raw → 1 confirmed (vol≥1.5× body≥40%)
08:19:13 core.sweep_detector INFO: OrderBlocks: 4 detected, 1 unmitigated
08:19:13 core.sweep_detector INFO: FVGs: 6 detected, 1 unfilled
08:19:15 core.sweep_detector INFO: SweepDetector v2: 3 raw → 3 confirmed (vol≥1.5× body≥40%)
08:19:15 core.sweep_detector INFO: OrderBlocks: 1 detected, 0 unmitigated
08:19:15 core.sweep_detector INFO: FVGs: 4 detected, 0 unfilled
08:19:17 core.sweep_detector INFO: SweepDetector v2: 4 raw → 2 confirmed (vol≥1.5× body≥40%)
08:19:17 core.sweep_detector INFO: OrderBlocks: 4 detected, 3 unmitigated
08:19:17 core.sweep_detector INFO: FVGs: 10 detected, 3 unfilled
08:19:18 core.sweep_detector INFO: SweepDetector v2: 5 raw → 3 confirmed (vol≥1.5× body≥40%)
08:19:18 core.sweep_detector INFO: OrderBlocks: 9 detected, 0 unmitigated
08:19:18 core.sweep_detector INFO: FVGs: 8 detected, 0 unfilled
08:19:20 core.sweep_detector INFO: SweepDetector v2: 8 raw → 6 confirmed (vol≥1.5× body≥40%)
08:19:20 core.sweep_detector INFO: OrderBlocks: 2 detected, 0 unmitigated
08:19:20 core.sweep_detector INFO: FVGs: 6 detected, 0 unfilled
08:19:21 core.binance_connector INFO: get_positions: 1 active positions
08:19:22 core.sweep_detector INFO: SweepDetector v2: 2 raw → 2 confirmed (vol≥1.5× body≥40%)
08:19:22 core.sweep_detector INFO: OrderBlocks: 3 detected, 1 unmitigated
08:19:22 core.sweep_detector INFO: FVGs: 9 detected, 4 unfilled
08:19:23 core.sweep_detector INFO: SweepDetector v2: 4 raw → 2 confirmed (vol≥1.5× body≥40%)
08:19:23 core.sweep_detector INFO: OrderBlocks: 6 detected, 2 unmitigated
08:19:23 core.sweep_detector INFO: FVGs: 5 detected, 2 unfilled
08:19:25 core.sweep_detector INFO: SweepDetector v2: 4 raw → 3 confirmed (vol≥1.5× body≥40%)
08:19:25 core.sweep_detector INFO: OrderBlocks: 3 detected, 1 unmitigated
08:19:25 core.sweep_detector INFO: FVGs: 11 detected, 4 unfilled
