00:30:02 __main__ INFO: Volume filter: fetching all tickers in one call...
00:30:04 __main__ INFO: Volume filter: 94/447 pairs pass $2M threshold
/root/.openclaw/workspace/projects/crypto-liquidity-hunter/main.py:292: DeprecationWarning: datetime.datetime.utcnow() is deprecated and scheduled for removal in a future version. Use timezone-aware objects to represent datetimes in UTC: datetime.datetime.now(datetime.UTC).
  scan_start = datetime.utcnow()   # for duration tracking
00:30:05 core.binance_connector INFO: BinanceConnector: connected [LIVE FUTURES MAINNET]
00:30:05 __main__ INFO: Auto-executor: account 'Liquiddbot1' mode=live exec=auto
00:30:08 core.sweep_detector INFO: SweepDetector v2: 2 raw → 1 confirmed (vol≥2.5× body≥30%)
00:30:08 core.sweep_detector INFO: OrderBlocks: 6 detected, 0 unmitigated
00:30:08 core.sweep_detector INFO: FVGs: 12 detected, 0 unfilled
00:30:09 core.sweep_detector INFO: SweepDetector v2: 3 raw → 2 confirmed (vol≥2.5× body≥30%)
00:30:09 core.sweep_detector INFO: OrderBlocks: 4 detected, 1 unmitigated
00:30:09 core.sweep_detector INFO: FVGs: 7 detected, 2 unfilled
00:30:11 core.sweep_detector INFO: SweepDetector v2: 0 raw → 0 confirmed (vol≥2.5× body≥30%)
00:30:11 core.sweep_detector INFO: OrderBlocks: 2 detected, 0 unmitigated
00:30:11 core.sweep_detector INFO: FVGs: 6 detected, 4 unfilled
00:30:13 core.sweep_detector INFO: SweepDetector v2: 0 raw → 0 confirmed (vol≥2.5× body≥30%)
00:30:13 core.sweep_detector INFO: OrderBlocks: 10 detected, 4 unmitigated
00:30:13 core.sweep_detector INFO: FVGs: 11 detected, 6 unfilled
00:30:14 core.sweep_detector INFO: SweepDetector v2: 2 raw → 2 confirmed (vol≥2.5× body≥30%)
00:30:14 core.sweep_detector INFO: OrderBlocks: 2 detected, 1 unmitigated
00:30:14 core.sweep_detector INFO: FVGs: 9 detected, 2 unfilled
00:30:16 core.sweep_detector INFO: SweepDetector v2: 1 raw → 1 confirmed (vol≥2.5× body≥30%)
00:30:16 core.sweep_detector INFO: OrderBlocks: 4 detected, 1 unmitigated
00:30:16 core.sweep_detector INFO: FVGs: 5 detected, 0 unfilled
00:30:17 core.sweep_detector INFO: SweepDetector v2: 1 raw → 1 confirmed (vol≥2.5× body≥30%)
00:30:17 core.sweep_detector INFO: OrderBlocks: 10 detected, 3 unmitigated
00:30:17 core.sweep_detector INFO: FVGs: 10 detected, 5 unfilled
00:30:19 core.sweep_detector INFO: SweepDetector v2: 2 raw → 1 confirmed (vol≥2.5× body≥30%)
00:30:19 core.sweep_detector INFO: OrderBlocks: 2 detected, 1 unmitigated
00:30:19 core.sweep_detector INFO: FVGs: 7 detected, 2 unfilled
00:30:20 core.sweep_detector INFO: SweepDetector v2: 2 raw → 2 confirmed (vol≥2.5× body≥30%)
00:30:20 core.sweep_detector INFO: OrderBlocks: 7 detected, 2 unmitigated
00:30:20 core.sweep_detector INFO: FVGs: 6 detected, 3 unfilled
00:30:22 core.sweep_detector INFO: SweepDetector v2: 5 raw → 5 confirmed (vol≥2.5× body≥30%)
00:30:22 core.sweep_detector INFO: OrderBlocks: 4 detected, 0 unmitigated
00:30:22 core.sweep_detector INFO: FVGs: 10 detected, 1 unfilled
00:30:24 core.sweep_detector INFO: SweepDetector v2: 3 raw → 3 confirmed (vol≥2.5× body≥30%)
00:30:24 core.sweep_detector INFO: OrderBlocks: 4 detected, 2 unmitigated
00:30:24 core.sweep_detector INFO: FVGs: 7 detected, 1 unfilled
00:30:26 core.sweep_detector INFO: SweepDetector v2: 1 raw → 1 confirmed (vol≥2.5× body≥30%)
00:30:26 core.sweep_detector INFO: OrderBlocks: 8 detected, 3 unmitigated
00:30:26 core.sweep_detector INFO: FVGs: 4 detected, 3 unfilled
00:30:27 core.sweep_detector INFO: SweepDetector v2: 3 raw → 2 confirmed (vol≥2.5× body≥30%)
00:30:27 core.sweep_detector INFO: OrderBlocks: 7 detected, 0 unmitigated
00:30:28 core.sweep_detector INFO: FVGs: 9 detected, 0 unfilled
00:30:29 core.sweep_detector INFO: SweepDetector v2: 1 raw → 0 confirmed (vol≥2.5× body≥30%)
00:30:29 core.sweep_detector INFO: OrderBlocks: 3 detected, 1 unmitigated
00:30:29 core.sweep_detector INFO: FVGs: 11 detected, 0 unfilled
00:30:31 core.sweep_detector INFO: SweepDetector v2: 1 raw → 1 confirmed (vol≥2.5× body≥30%)
00:30:31 core.sweep_detector INFO: OrderBlocks: 7 detected, 2 unmitigated
00:30:31 core.sweep_detector INFO: FVGs: 11 detected, 2 unfilled
00:30:33 core.sweep_detector INFO: SweepDetector v2: 2 raw → 1 confirmed (vol≥2.5× body≥30%)
00:30:33 core.sweep_detector INFO: OrderBlocks: 6 detected, 2 unmitigated
00:30:33 core.sweep_detector INFO: FVGs: 9 detected, 4 unfilled
00:30:34 core.sweep_detector INFO: SweepDetector v2: 1 raw → 1 confirmed (vol≥2.5× body≥30%)
00:30:34 core.sweep_detector INFO: OrderBlocks: 2 detected, 0 unmitigated
00:30:34 core.sweep_detector INFO: FVGs: 9 detected, 1 unfilled
00:30:36 core.sweep_detector INFO: SweepDetector v2: 2 raw → 1 confirmed (vol≥2.5× body≥30%)
00:30:36 core.sweep_detector INFO: OrderBlocks: 4 detected, 2 unmitigated
00:30:36 core.sweep_detector INFO: FVGs: 10 detected, 6 unfilled
00:30:38 core.sweep_detector INFO: SweepDetector v2: 2 raw → 1 confirmed (vol≥2.5× body≥30%)
00:30:38 core.sweep_detector INFO: OrderBlocks: 5 detected, 1 unmitigated
00:30:38 core.sweep_detector INFO: FVGs: 10 detected, 3 unfilled
00:30:39 core.sweep_detector INFO: SweepDetector v2: 1 raw → 1 confirmed (vol≥2.5× body≥30%)
00:30:39 core.sweep_detector INFO: OrderBlocks: 5 detected, 2 unmitigated
00:30:39 core.sweep_detector INFO: FVGs: 10 detected, 1 unfilled
00:30:41 core.sweep_detector INFO: SweepDetector v2: 3 raw → 3 confirmed (vol≥2.5× body≥30%)
00:30:41 core.sweep_detector INFO: OrderBlocks: 2 detected, 1 unmitigated
00:30:41 core.sweep_detector INFO: FVGs: 6 detected, 1 unfilled
00:30:43 core.sweep_detector INFO: SweepDetector v2: 5 raw → 5 confirmed (vol≥2.5× body≥30%)
00:30:43 core.sweep_detector INFO: OrderBlocks: 2 detected, 1 unmitigated
00:30:43 core.sweep_detector INFO: FVGs: 3 detected, 1 unfilled
00:30:44 core.sweep_detector INFO: SweepDetector v2: 2 raw → 2 confirmed (vol≥2.5× body≥30%)
00:30:44 core.sweep_detector INFO: OrderBlocks: 4 detected, 3 unmitigated
00:30:44 core.sweep_detector INFO: FVGs: 5 detected, 4 unfilled
00:30:46 core.sweep_detector INFO: SweepDetector v2: 2 raw → 2 confirmed (vol≥2.5× body≥30%)
00:30:46 core.sweep_detector INFO: OrderBlocks: 4 detected, 2 unmitigated
00:30:46 core.sweep_detector INFO: FVGs: 6 detected, 2 unfilled
00:30:47 core.sweep_detector INFO: SweepDetector v2: 2 raw → 2 confirmed (vol≥2.5× body≥30%)
00:30:47 core.sweep_detector INFO: OrderBlocks: 4 detected, 2 unmitigated
00:30:47 core.sweep_detector INFO: FVGs: 12 detected, 5 unfilled
00:30:49 core.sweep_detector INFO: SweepDetector v2: 1 raw → 1 confirmed (vol≥2.5× body≥30%)
00:30:49 core.sweep_detector INFO: OrderBlocks: 3 detected, 1 unmitigated
00:30:49 core.sweep_detector INFO: FVGs: 9 detected, 1 unfilled
00:30:50 core.sweep_detector INFO: SweepDetector v2: 2 raw → 2 confirmed (vol≥2.5× body≥30%)
00:30:50 core.sweep_detector INFO: OrderBlocks: 3 detected, 0 unmitigated
00:30:50 core.sweep_detector INFO: FVGs: 4 detected, 2 unfilled
00:30:52 core.sweep_detector INFO: SweepDetector v2: 1 raw → 1 confirmed (vol≥2.5× body≥30%)
00:30:52 core.sweep_detector INFO: OrderBlocks: 5 detected, 1 unmitigated
00:30:52 core.sweep_detector INFO: FVGs: 7 detected, 0 unfilled
00:30:53 core.sweep_detector INFO: SweepDetector v2: 0 raw → 0 confirmed (vol≥2.5× body≥30%)
00:30:53 core.sweep_detector INFO: OrderBlocks: 5 detected, 2 unmitigated
00:30:53 core.sweep_detector INFO: FVGs: 9 detected, 2 unfilled
00:30:55 core.sweep_detector INFO: SweepDetector v2: 0 raw → 0 confirmed (vol≥2.5× body≥30%)
00:30:55 core.sweep_detector INFO: OrderBlocks: 5 detected, 2 unmitigated
00:30:55 core.sweep_detector INFO: FVGs: 10 detected, 3 unfilled
00:30:57 core.sweep_detector INFO: SweepDetector v2: 4 raw → 4 confirmed (vol≥2.5× body≥30%)
00:30:57 core.sweep_detector INFO: OrderBlocks: 2 detected, 2 unmitigated
00:30:57 core.sweep_detector INFO: FVGs: 11 detected, 3 unfilled
00:30:59 core.sweep_detector INFO: SweepDetector v2: 1 raw → 1 confirmed (vol≥2.5× body≥30%)
00:30:59 core.sweep_detector INFO: OrderBlocks: 5 detected, 1 unmitigated
00:30:59 core.sweep_detector INFO: FVGs: 10 detected, 0 unfilled
00:31:00 core.sweep_detector INFO: SweepDetector v2: 2 raw → 1 confirmed (vol≥2.5× body≥30%)
00:31:01 core.sweep_detector INFO: OrderBlocks: 2 detected, 0 unmitigated
00:31:01 core.sweep_detector INFO: FVGs: 4 detected, 0 unfilled
00:31:02 core.sweep_detector INFO: SweepDetector v2: 0 raw → 0 confirmed (vol≥2.5× body≥30%)
00:31:02 core.sweep_detector INFO: OrderBlocks: 4 detected, 2 unmitigated
00:31:02 core.sweep_detector INFO: FVGs: 6 detected, 1 unfilled
00:31:04 core.sweep_detector INFO: SweepDetector v2: 2 raw → 2 confirmed (vol≥2.5× body≥30%)
00:31:04 core.sweep_detector INFO: OrderBlocks: 3 detected, 2 unmitigated
00:31:04 core.sweep_detector INFO: FVGs: 7 detected, 2 unfilled
00:31:06 core.sweep_detector INFO: SweepDetector v2: 2 raw → 2 confirmed (vol≥2.5× body≥30%)
00:31:06 core.sweep_detector INFO: OrderBlocks: 6 detected, 2 unmitigated
00:31:06 core.sweep_detector INFO: FVGs: 6 detected, 0 unfilled
00:31:08 core.sweep_detector INFO: SweepDetector v2: 0 raw → 0 confirmed (vol≥2.5× body≥30%)
00:31:08 core.sweep_detector INFO: OrderBlocks: 0 detected, 0 unmitigated
00:31:08 core.sweep_detector INFO: FVGs: 0 detected, 0 unfilled
00:31:09 core.sweep_detector INFO: SweepDetector v2: 0 raw → 0 confirmed (vol≥2.5× body≥30%)
00:31:09 core.sweep_detector INFO: OrderBlocks: 0 detected, 0 unmitigated
00:31:09 core.sweep_detector INFO: FVGs: 0 detected, 0 unfilled
00:31:11 core.sweep_detector INFO: SweepDetector v2: 0 raw → 0 confirmed (vol≥2.5× body≥30%)
00:31:11 core.sweep_detector INFO: OrderBlocks: 0 detected, 0 unmitigated
00:31:11 core.sweep_detector INFO: FVGs: 0 detected, 0 unfilled
00:31:13 core.sweep_detector INFO: SweepDetector v2: 1 raw → 1 confirmed (vol≥2.5× body≥30%)
00:31:13 core.sweep_detector INFO: OrderBlocks: 8 detected, 4 unmitigated
00:31:13 core.sweep_detector INFO: FVGs: 10 detected, 4 unfilled
00:31:14 core.sweep_detector INFO: SweepDetector v2: 1 raw → 1 confirmed (vol≥2.5× body≥30%)
00:31:14 core.sweep_detector INFO: OrderBlocks: 5 detected, 1 unmitigated
00:31:14 core.sweep_detector INFO: FVGs: 6 detected, 1 unfilled
00:31:16 core.sweep_detector INFO: SweepDetector v2: 1 raw → 1 confirmed (vol≥2.5× body≥30%)
00:31:16 core.sweep_detector INFO: OrderBlocks: 7 detected, 3 unmitigated
00:31:16 core.sweep_detector INFO: FVGs: 6 detected, 3 unfilled
00:31:18 core.sweep_detector INFO: SweepDetector v2: 1 raw → 1 confirmed (vol≥2.5× body≥30%)
00:31:18 core.sweep_detector INFO: OrderBlocks: 7 detected, 1 unmitigated
00:31:18 core.sweep_detector INFO: FVGs: 7 detected, 2 unfilled
00:31:19 core.sweep_detector INFO: SweepDetector v2: 1 raw → 1 confirmed (vol≥2.5× body≥30%)
00:31:19 core.sweep_detector INFO: OrderBlocks: 1 detected, 1 unmitigated
00:31:19 core.sweep_detector INFO: FVGs: 11 detected, 2 unfilled
00:31:21 core.sweep_detector INFO: SweepDetector v2: 1 raw → 1 confirmed (vol≥2.5× body≥30%)
00:31:21 core.sweep_detector INFO: OrderBlocks: 4 detected, 1 unmitigated
00:31:21 core.sweep_detector INFO: FVGs: 5 detected, 1 unfilled
00:31:23 core.sweep_detector INFO: SweepDetector v2: 0 raw → 0 confirmed (vol≥2.5× body≥30%)
00:31:23 core.sweep_detector INFO: OrderBlocks: 7 detected, 3 unmitigated
00:31:23 core.sweep_detector INFO: FVGs: 8 detected, 3 unfilled
00:31:24 core.sweep_detector INFO: SweepDetector v2: 2 raw → 1 confirmed (vol≥2.5× body≥30%)
00:31:24 core.sweep_detector INFO: OrderBlocks: 5 detected, 2 unmitigated
00:31:24 core.sweep_detector INFO: FVGs: 9 detected, 1 unfilled
00:31:26 core.sweep_detector INFO: SweepDetector v2: 1 raw → 1 confirmed (vol≥2.5× body≥30%)
00:31:26 core.sweep_detector INFO: OrderBlocks: 3 detected, 1 unmitigated
00:31:26 core.sweep_detector INFO: FVGs: 5 detected, 3 unfilled
00:31:27 core.sweep_detector INFO: SweepDetector v2: 7 raw → 5 confirmed (vol≥2.5× body≥30%)
00:31:27 core.sweep_detector INFO: OrderBlocks: 3 detected, 2 unmitigated
00:31:27 core.sweep_detector INFO: FVGs: 9 detected, 4 unfilled
00:31:29 core.sweep_detector INFO: SweepDetector v2: 3 raw → 1 confirmed (vol≥2.5× body≥30%)
00:31:29 core.sweep_detector INFO: OrderBlocks: 5 detected, 2 unmitigated
00:31:29 core.sweep_detector INFO: FVGs: 11 detected, 3 unfilled
00:31:30 core.sweep_detector INFO: SweepDetector v2: 0 raw → 0 confirmed (vol≥2.5× body≥30%)
00:31:30 core.sweep_detector INFO: OrderBlocks: 5 detected, 2 unmitigated
00:31:30 core.sweep_detector INFO: FVGs: 8 detected, 1 unfilled
00:31:32 core.sweep_detector INFO: SweepDetector v2: 1 raw → 1 confirmed (vol≥2.5× body≥30%)
00:31:32 core.sweep_detector INFO: OrderBlocks: 7 detected, 3 unmitigated
00:31:32 core.sweep_detector INFO: FVGs: 12 detected, 3 unfilled
00:31:33 core.sweep_detector INFO: SweepDetector v2: 2 raw → 1 confirmed (vol≥2.5× body≥30%)
00:31:33 core.sweep_detector INFO: OrderBlocks: 6 detected, 0 unmitigated
00:31:33 core.sweep_detector INFO: FVGs: 7 detected, 3 unfilled
00:31:35 core.sweep_detector INFO: SweepDetector v2: 2 raw → 2 confirmed (vol≥2.5× body≥30%)
00:31:35 core.sweep_detector INFO: OrderBlocks: 1 detected, 0 unmitigated
00:31:35 core.sweep_detector INFO: FVGs: 3 detected, 2 unfilled
00:31:37 core.sweep_detector INFO: SweepDetector v2: 5 raw → 4 confirmed (vol≥2.5× body≥30%)
00:31:37 core.sweep_detector INFO: OrderBlocks: 8 detected, 2 unmitigated
00:31:37 core.sweep_detector INFO: FVGs: 11 detected, 1 unfilled
00:31:38 core.sweep_detector INFO: SweepDetector v2: 1 raw → 0 confirmed (vol≥2.5× body≥30%)
00:31:38 core.sweep_detector INFO: OrderBlocks: 7 detected, 1 unmitigated
00:31:38 core.sweep_detector INFO: FVGs: 17 detected, 2 unfilled
00:31:40 core.sweep_detector INFO: SweepDetector v2: 1 raw → 0 confirmed (vol≥2.5× body≥30%)
00:31:40 core.sweep_detector INFO: OrderBlocks: 4 detected, 1 unmitigated
00:31:40 core.sweep_detector INFO: FVGs: 6 detected, 3 unfilled
00:31:41 core.sweep_detector INFO: SweepDetector v2: 0 raw → 0 confirmed (vol≥2.5× body≥30%)
00:31:41 core.sweep_detector INFO: OrderBlocks: 6 detected, 3 unmitigated
00:31:41 core.sweep_detector INFO: FVGs: 4 detected, 3 unfilled
00:31:43 core.sweep_detector INFO: SweepDetector v2: 1 raw → 1 confirmed (vol≥2.5× body≥30%)
00:31:43 core.sweep_detector INFO: OrderBlocks: 7 detected, 3 unmitigated
00:31:43 core.sweep_detector INFO: FVGs: 3 detected, 3 unfilled
00:31:45 core.sweep_detector INFO: SweepDetector v2: 1 raw → 0 confirmed (vol≥2.5× body≥30%)
00:31:45 core.sweep_detector INFO: OrderBlocks: 4 detected, 2 unmitigated
00:31:45 core.sweep_detector INFO: FVGs: 9 detected, 3 unfilled
00:31:47 core.sweep_detector INFO: SweepDetector v2: 0 raw → 0 confirmed (vol≥2.5× body≥30%)
00:31:47 core.sweep_detector INFO: OrderBlocks: 6 detected, 2 unmitigated
00:31:47 core.sweep_detector INFO: FVGs: 11 detected, 7 unfilled
00:31:49 core.sweep_detector INFO: SweepDetector v2: 3 raw → 2 confirmed (vol≥2.5× body≥30%)
00:31:49 core.sweep_detector INFO: OrderBlocks: 4 detected, 1 unmitigated
00:31:49 core.sweep_detector INFO: FVGs: 9 detected, 2 unfilled
00:31:50 core.sweep_detector INFO: SweepDetector v2: 0 raw → 0 confirmed (vol≥2.5× body≥30%)
00:31:50 core.sweep_detector INFO: OrderBlocks: 6 detected, 1 unmitigated
00:31:50 core.sweep_detector INFO: FVGs: 7 detected, 1 unfilled
00:31:52 core.sweep_detector INFO: SweepDetector v2: 0 raw → 0 confirmed (vol≥2.5× body≥30%)
00:31:52 core.sweep_detector INFO: OrderBlocks: 9 detected, 2 unmitigated
00:31:52 core.sweep_detector INFO: FVGs: 13 detected, 2 unfilled
00:31:53 core.sweep_detector INFO: SweepDetector v2: 3 raw → 2 confirmed (vol≥2.5× body≥30%)
00:31:53 core.sweep_detector INFO: OrderBlocks: 4 detected, 2 unmitigated
00:31:53 core.sweep_detector INFO: FVGs: 13 detected, 3 unfilled
00:31:55 core.sweep_detector INFO: SweepDetector v2: 3 raw → 3 confirmed (vol≥2.5× body≥30%)
00:31:55 core.sweep_detector INFO: OrderBlocks: 7 detected, 2 unmitigated
00:31:55 core.sweep_detector INFO: FVGs: 9 detected, 6 unfilled
00:31:55 __main__ INFO: Pending signal #66: binance:CRV/USDT short entry=0.2183 current=0.2149 dist=1.58% expires=2h
00:32:06 alerts.telegram INFO: Alert sent: binance:CRV/USDT short RR=3.51
00:32:07 core.sweep_detector INFO: SweepDetector v2: 4 raw → 2 confirmed (vol≥2.5× body≥30%)
00:32:07 core.sweep_detector INFO: OrderBlocks: 5 detected, 2 unmitigated
00:32:07 core.sweep_detector INFO: FVGs: 9 detected, 3 unfilled
00:32:09 core.sweep_detector INFO: SweepDetector v2: 5 raw → 4 confirmed (vol≥2.5× body≥30%)
00:32:09 core.sweep_detector INFO: OrderBlocks: 4 detected, 1 unmitigated
00:32:09 core.sweep_detector INFO: FVGs: 9 detected, 4 unfilled
00:32:11 core.sweep_detector INFO: SweepDetector v2: 3 raw → 2 confirmed (vol≥2.5× body≥30%)
00:32:11 core.sweep_detector INFO: OrderBlocks: 1 detected, 1 unmitigated
00:32:11 core.sweep_detector INFO: FVGs: 9 detected, 5 unfilled
00:32:12 core.sweep_detector INFO: SweepDetector v2: 3 raw → 2 confirmed (vol≥2.5× body≥30%)
00:32:12 core.sweep_detector INFO: OrderBlocks: 5 detected, 2 unmitigated
00:32:12 core.sweep_detector INFO: FVGs: 4 detected, 1 unfilled
00:32:14 core.sweep_detector INFO: SweepDetector v2: 2 raw → 1 confirmed (vol≥2.5× body≥30%)
00:32:14 core.sweep_detector INFO: OrderBlocks: 3 detected, 0 unmitigated
00:32:14 core.sweep_detector INFO: FVGs: 12 detected, 1 unfilled
00:32:15 core.sweep_detector INFO: SweepDetector v2: 0 raw → 0 confirmed (vol≥2.5× body≥30%)
00:32:16 core.sweep_detector INFO: OrderBlocks: 6 detected, 5 unmitigated
00:32:16 core.sweep_detector INFO: FVGs: 9 detected, 4 unfilled
00:32:17 core.sweep_detector INFO: SweepDetector v2: 1 raw → 1 confirmed (vol≥2.5× body≥30%)
00:32:17 core.sweep_detector INFO: OrderBlocks: 9 detected, 2 unmitigated
00:32:17 core.sweep_detector INFO: FVGs: 6 detected, 0 unfilled
00:32:19 core.sweep_detector INFO: SweepDetector v2: 0 raw → 0 confirmed (vol≥2.5× body≥30%)
00:32:19 core.sweep_detector INFO: OrderBlocks: 8 detected, 2 unmitigated
00:32:19 core.sweep_detector INFO: FVGs: 9 detected, 2 unfilled
00:32:20 core.sweep_detector INFO: SweepDetector v2: 1 raw → 1 confirmed (vol≥2.5× body≥30%)
00:32:20 core.sweep_detector INFO: OrderBlocks: 1 detected, 0 unmitigated
00:32:20 core.sweep_detector INFO: FVGs: 6 detected, 0 unfilled
00:32:22 core.sweep_detector INFO: SweepDetector v2: 0 raw → 0 confirmed (vol≥2.5× body≥30%)
00:32:22 core.sweep_detector INFO: OrderBlocks: 8 detected, 1 unmitigated
00:32:22 core.sweep_detector INFO: FVGs: 11 detected, 2 unfilled
00:32:23 core.sweep_detector INFO: SweepDetector v2: 4 raw → 3 confirmed (vol≥2.5× body≥30%)
00:32:23 core.sweep_detector INFO: OrderBlocks: 1 detected, 0 unmitigated
00:32:23 core.sweep_detector INFO: FVGs: 9 detected, 1 unfilled
00:32:25 core.sweep_detector INFO: SweepDetector v2: 2 raw → 2 confirmed (vol≥2.5× body≥30%)
00:32:25 core.sweep_detector INFO: OrderBlocks: 4 detected, 3 unmitigated
00:32:25 core.sweep_detector INFO: FVGs: 5 detected, 3 unfilled
00:32:27 core.sweep_detector INFO: SweepDetector v2: 1 raw → 0 confirmed (vol≥2.5× body≥30%)
00:32:27 core.sweep_detector INFO: OrderBlocks: 6 detected, 3 unmitigated
00:32:27 core.sweep_detector INFO: FVGs: 8 detected, 3 unfilled
00:32:29 core.sweep_detector INFO: SweepDetector v2: 3 raw → 3 confirmed (vol≥2.5× body≥30%)
00:32:29 core.sweep_detector INFO: OrderBlocks: 3 detected, 1 unmitigated
00:32:29 core.sweep_detector INFO: FVGs: 6 detected, 1 unfilled
00:32:30 core.sweep_detector INFO: SweepDetector v2: 2 raw → 2 confirmed (vol≥2.5× body≥30%)
00:32:30 core.sweep_detector INFO: OrderBlocks: 6 detected, 2 unmitigated
00:32:30 core.sweep_detector INFO: FVGs: 8 detected, 2 unfilled
00:32:32 core.sweep_detector INFO: SweepDetector v2: 2 raw → 2 confirmed (vol≥2.5× body≥30%)
00:32:32 core.sweep_detector INFO: OrderBlocks: 9 detected, 3 unmitigated
00:32:32 core.sweep_detector INFO: FVGs: 14 detected, 4 unfilled
00:32:34 core.sweep_detector INFO: SweepDetector v2: 2 raw → 2 confirmed (vol≥2.5× body≥30%)
00:32:34 core.sweep_detector INFO: OrderBlocks: 8 detected, 2 unmitigated
00:32:34 core.sweep_detector INFO: FVGs: 14 detected, 3 unfilled
00:32:35 core.sweep_detector INFO: SweepDetector v2: 2 raw → 2 confirmed (vol≥2.5× body≥30%)
00:32:35 core.sweep_detector INFO: OrderBlocks: 8 detected, 4 unmitigated
00:32:35 core.sweep_detector INFO: FVGs: 12 detected, 4 unfilled
00:32:37 core.sweep_detector INFO: SweepDetector v2: 1 raw → 1 confirmed (vol≥2.5× body≥30%)
00:32:37 core.sweep_detector INFO: OrderBlocks: 5 detected, 3 unmitigated
00:32:37 core.sweep_detector INFO: FVGs: 10 detected, 3 unfilled
00:32:39 core.sweep_detector INFO: SweepDetector v2: 4 raw → 3 confirmed (vol≥2.5× body≥30%)
00:32:39 core.sweep_detector INFO: OrderBlocks: 6 detected, 0 unmitigated
00:32:39 core.sweep_detector INFO: FVGs: 7 detected, 0 unfilled
00:32:40 core.sweep_detector INFO: SweepDetector v2: 5 raw → 3 confirmed (vol≥2.5× body≥30%)
00:32:40 core.sweep_detector INFO: OrderBlocks: 5 detected, 2 unmitigated
00:32:40 core.sweep_detector INFO: FVGs: 7 detected, 2 unfilled
00:32:42 core.sweep_detector INFO: SweepDetector v2: 2 raw → 1 confirmed (vol≥2.5× body≥30%)
00:32:42 core.sweep_detector INFO: OrderBlocks: 6 detected, 2 unmitigated
00:32:42 core.sweep_detector INFO: FVGs: 9 detected, 5 unfilled
00:32:44 core.sweep_detector INFO: SweepDetector v2: 2 raw → 2 confirmed (vol≥2.5× body≥30%)
00:32:44 core.sweep_detector INFO: OrderBlocks: 3 detected, 2 unmitigated
00:32:44 core.sweep_detector INFO: FVGs: 11 detected, 2 unfilled
00:32:45 core.sweep_detector INFO: SweepDetector v2: 1 raw → 1 confirmed (vol≥2.5× body≥30%)
00:32:45 core.sweep_detector INFO: OrderBlocks: 8 detected, 4 unmitigated
00:32:45 core.sweep_detector INFO: FVGs: 9 detected, 3 unfilled
00:32:47 core.sweep_detector INFO: SweepDetector v2: 2 raw → 1 confirmed (vol≥2.5× body≥30%)
00:32:47 core.sweep_detector INFO: OrderBlocks: 7 detected, 3 unmitigated
00:32:47 core.sweep_detector INFO: FVGs: 10 detected, 4 unfilled
00:32:49 core.sweep_detector INFO: SweepDetector v2: 3 raw → 1 confirmed (vol≥2.5× body≥30%)
00:32:49 core.sweep_detector INFO: OrderBlocks: 4 detected, 2 unmitigated
00:32:49 core.sweep_detector INFO: FVGs: 10 detected, 2 unfilled
00:32:50 core.sweep_detector INFO: SweepDetector v2: 2 raw → 2 confirmed (vol≥2.5× body≥30%)
00:32:50 core.sweep_detector INFO: OrderBlocks: 8 detected, 3 unmitigated
00:32:50 core.sweep_detector INFO: FVGs: 6 detected, 2 unfilled
00:32:53 core.sweep_detector INFO: SweepDetector v2: 0 raw → 0 confirmed (vol≥2.5× body≥30%)
00:32:53 core.sweep_detector INFO: OrderBlocks: 5 detected, 1 unmitigated
00:32:53 core.sweep_detector INFO: FVGs: 1 detected, 1 unfilled
00:32:54 core.sweep_detector INFO: SweepDetector v2: 0 raw → 0 confirmed (vol≥2.5× body≥30%)
00:32:54 core.sweep_detector INFO: OrderBlocks: 4 detected, 1 unmitigated
00:32:54 core.sweep_detector INFO: FVGs: 1 detected, 1 unfilled
00:32:56 core.sweep_detector INFO: SweepDetector v2: 0 raw → 0 confirmed (vol≥2.5× body≥30%)
00:32:56 core.sweep_detector INFO: OrderBlocks: 3 detected, 2 unmitigated
00:32:56 core.sweep_detector INFO: FVGs: 0 detected, 0 unfilled
00:32:58 core.sweep_detector INFO: SweepDetector v2: 0 raw → 0 confirmed (vol≥2.5× body≥30%)
00:32:58 core.sweep_detector INFO: OrderBlocks: 0 detected, 0 unmitigated
00:32:58 core.sweep_detector INFO: FVGs: 0 detected, 0 unfilled
00:32:59 core.sweep_detector INFO: SweepDetector v2: 0 raw → 0 confirmed (vol≥2.5× body≥30%)
00:32:59 core.sweep_detector INFO: OrderBlocks: 0 detected, 0 unmitigated
00:32:59 core.sweep_detector INFO: FVGs: 0 detected, 0 unfilled
00:33:01 core.sweep_detector INFO: SweepDetector v2: 0 raw → 0 confirmed (vol≥2.5× body≥30%)
00:33:01 core.sweep_detector INFO: OrderBlocks: 0 detected, 0 unmitigated
00:33:01 core.sweep_detector INFO: FVGs: 0 detected, 0 unfilled
00:33:02 core.sweep_detector INFO: SweepDetector v2: 0 raw → 0 confirmed (vol≥2.5× body≥30%)
00:33:02 core.sweep_detector INFO: OrderBlocks: 6 detected, 1 unmitigated
00:33:02 core.sweep_detector INFO: FVGs: 14 detected, 4 unfilled
00:33:04 core.sweep_detector INFO: SweepDetector v2: 1 raw → 1 confirmed (vol≥2.5× body≥30%)
00:33:04 core.sweep_detector INFO: OrderBlocks: 4 detected, 2 unmitigated
00:33:04 core.sweep_detector INFO: FVGs: 11 detected, 2 unfilled
00:33:06 core.sweep_detector INFO: SweepDetector v2: 2 raw → 2 confirmed (vol≥2.5× body≥30%)
00:33:06 core.sweep_detector INFO: OrderBlocks: 4 detected, 2 unmitigated
00:33:06 core.sweep_detector INFO: FVGs: 5 detected, 2 unfilled
00:33:07 core.sweep_detector INFO: SweepDetector v2: 0 raw → 0 confirmed (vol≥2.5× body≥30%)
00:33:07 core.sweep_detector INFO: OrderBlocks: 8 detected, 2 unmitigated
00:33:07 core.sweep_detector INFO: FVGs: 11 detected, 5 unfilled
00:33:09 core.sweep_detector INFO: SweepDetector v2: 2 raw → 1 confirmed (vol≥2.5× body≥30%)
00:33:09 core.sweep_detector INFO: OrderBlocks: 2 detected, 0 unmitigated
00:33:09 core.sweep_detector INFO: FVGs: 14 detected, 3 unfilled
00:33:11 core.sweep_detector INFO: SweepDetector v2: 1 raw → 1 confirmed (vol≥2.5× body≥30%)
00:33:11 core.sweep_detector INFO: OrderBlocks: 3 detected, 2 unmitigated
00:33:11 core.sweep_detector INFO: FVGs: 8 detected, 2 unfilled
00:33:12 core.sweep_detector INFO: SweepDetector v2: 1 raw → 1 confirmed (vol≥2.5× body≥30%)
00:33:12 core.sweep_detector INFO: OrderBlocks: 8 detected, 3 unmitigated
00:33:12 core.sweep_detector INFO: FVGs: 9 detected, 2 unfilled
00:33:14 core.sweep_detector INFO: SweepDetector v2: 1 raw → 1 confirmed (vol≥2.5× body≥30%)
00:33:14 core.sweep_detector INFO: OrderBlocks: 4 detected, 1 unmitigated
00:33:14 core.sweep_detector INFO: FVGs: 8 detected, 2 unfilled
00:33:16 core.sweep_detector INFO: SweepDetector v2: 1 raw → 1 confirmed (vol≥2.5× body≥30%)
00:33:16 core.sweep_detector INFO: OrderBlocks: 6 detected, 3 unmitigated
00:33:16 core.sweep_detector INFO: FVGs: 7 detected, 3 unfilled
00:33:18 core.sweep_detector INFO: SweepDetector v2: 2 raw → 1 confirmed (vol≥2.5× body≥30%)
00:33:18 core.sweep_detector INFO: OrderBlocks: 7 detected, 3 unmitigated
00:33:18 core.sweep_detector INFO: FVGs: 13 detected, 3 unfilled
00:33:19 core.sweep_detector INFO: SweepDetector v2: 2 raw → 2 confirmed (vol≥2.5× body≥30%)
00:33:19 core.sweep_detector INFO: OrderBlocks: 5 detected, 2 unmitigated
00:33:19 core.sweep_detector INFO: FVGs: 13 detected, 4 unfilled
00:33:21 core.sweep_detector INFO: SweepDetector v2: 4 raw → 0 confirmed (vol≥2.5× body≥30%)
00:33:21 core.sweep_detector INFO: OrderBlocks: 6 detected, 1 unmitigated
00:33:21 core.sweep_detector INFO: FVGs: 15 detected, 7 unfilled
00:33:23 core.sweep_detector INFO: SweepDetector v2: 3 raw → 2 confirmed (vol≥2.5× body≥30%)
00:33:23 core.sweep_detector INFO: OrderBlocks: 6 detected, 2 unmitigated
00:33:23 core.sweep_detector INFO: FVGs: 13 detected, 2 unfilled
00:33:24 core.sweep_detector INFO: SweepDetector v2: 2 raw → 0 confirmed (vol≥2.5× body≥30%)
00:33:24 core.sweep_detector INFO: OrderBlocks: 7 detected, 2 unmitigated
00:33:24 core.sweep_detector INFO: FVGs: 14 detected, 5 unfilled
00:33:26 core.sweep_detector INFO: SweepDetector v2: 3 raw → 0 confirmed (vol≥2.5× body≥30%)
00:33:26 core.sweep_detector INFO: OrderBlocks: 6 detected, 2 unmitigated
00:33:26 core.sweep_detector INFO: FVGs: 9 detected, 2 unfilled
00:33:27 core.sweep_detector INFO: SweepDetector v2: 2 raw → 2 confirmed (vol≥2.5× body≥30%)
00:33:27 core.sweep_detector INFO: OrderBlocks: 9 detected, 1 unmitigated
00:33:27 core.sweep_detector INFO: FVGs: 7 detected, 2 unfilled
00:33:29 core.sweep_detector INFO: SweepDetector v2: 1 raw → 1 confirmed (vol≥2.5× body≥30%)
00:33:29 core.sweep_detector INFO: OrderBlocks: 2 detected, 1 unmitigated
00:33:29 core.sweep_detector INFO: FVGs: 11 detected, 2 unfilled
00:33:31 core.sweep_detector INFO: SweepDetector v2: 3 raw → 2 confirmed (vol≥2.5× body≥30%)
00:33:31 core.sweep_detector INFO: OrderBlocks: 8 detected, 0 unmitigated
00:33:31 core.sweep_detector INFO: FVGs: 9 detected, 1 unfilled
00:33:32 core.sweep_detector INFO: SweepDetector v2: 1 raw → 1 confirmed (vol≥2.5× body≥30%)
00:33:32 core.sweep_detector INFO: OrderBlocks: 7 detected, 2 unmitigated
00:33:32 core.sweep_detector INFO: FVGs: 9 detected, 4 unfilled
00:33:34 core.sweep_detector INFO: SweepDetector v2: 2 raw → 2 confirmed (vol≥2.5× body≥30%)
00:33:34 core.sweep_detector INFO: OrderBlocks: 2 detected, 1 unmitigated
00:33:34 core.sweep_detector INFO: FVGs: 13 detected, 3 unfilled
00:33:35 core.sweep_detector INFO: SweepDetector v2: 3 raw → 3 confirmed (vol≥2.5× body≥30%)
00:33:35 core.sweep_detector INFO: OrderBlocks: 4 detected, 1 unmitigated
00:33:35 core.sweep_detector INFO: FVGs: 7 detected, 3 unfilled
00:33:37 core.sweep_detector INFO: SweepDetector v2: 2 raw → 1 confirmed (vol≥2.5× body≥30%)
00:33:37 core.sweep_detector INFO: OrderBlocks: 3 detected, 1 unmitigated
00:33:37 core.sweep_detector INFO: FVGs: 9 detected, 2 unfilled
00:33:39 core.sweep_detector INFO: SweepDetector v2: 0 raw → 0 confirmed (vol≥2.5× body≥30%)
00:33:39 core.sweep_detector INFO: OrderBlocks: 9 detected, 3 unmitigated
00:33:39 core.sweep_detector INFO: FVGs: 12 detected, 4 unfilled
00:33:40 core.sweep_detector INFO: SweepDetector v2: 0 raw → 0 confirmed (vol≥2.5× body≥30%)
00:33:40 core.sweep_detector INFO: OrderBlocks: 6 detected, 5 unmitigated
00:33:40 core.sweep_detector INFO: FVGs: 8 detected, 3 unfilled
00:33:43 core.sweep_detector INFO: SweepDetector v2: 0 raw → 0 confirmed (vol≥2.5× body≥30%)
00:33:43 core.sweep_detector INFO: OrderBlocks: 2 detected, 1 unmitigated
00:33:43 core.sweep_detector INFO: FVGs: 10 detected, 2 unfilled
00:33:44 core.sweep_detector INFO: SweepDetector v2: 0 raw → 0 confirmed (vol≥2.5× body≥30%)
00:33:44 core.sweep_detector INFO: OrderBlocks: 2 detected, 0 unmitigated
00:33:44 core.sweep_detector INFO: FVGs: 4 detected, 1 unfilled
00:33:46 core.sweep_detector INFO: SweepDetector v2: 2 raw → 2 confirmed (vol≥2.5× body≥30%)
00:33:46 core.sweep_detector INFO: OrderBlocks: 6 detected, 2 unmitigated
00:33:46 core.sweep_detector INFO: FVGs: 8 detected, 1 unfilled
00:33:47 core.sweep_detector INFO: SweepDetector v2: 0 raw → 0 confirmed (vol≥2.5× body≥30%)
00:33:47 core.sweep_detector INFO: OrderBlocks: 6 detected, 3 unmitigated
00:33:47 core.sweep_detector INFO: FVGs: 12 detected, 7 unfilled
00:33:49 core.sweep_detector INFO: SweepDetector v2: 1 raw → 1 confirmed (vol≥2.5× body≥30%)
00:33:49 core.sweep_detector INFO: OrderBlocks: 5 detected, 2 unmitigated
00:33:49 core.sweep_detector INFO: FVGs: 10 detected, 2 unfilled
00:33:52 core.sweep_detector INFO: SweepDetector v2: 0 raw → 0 confirmed (vol≥2.5× body≥30%)
00:33:52 core.sweep_detector INFO: OrderBlocks: 2 detected, 2 unmitigated
00:33:52 core.sweep_detector INFO: FVGs: 13 detected, 4 unfilled
00:33:53 core.sweep_detector INFO: SweepDetector v2: 1 raw → 0 confirmed (vol≥2.5× body≥30%)
00:33:53 core.sweep_detector INFO: OrderBlocks: 9 detected, 3 unmitigated
00:33:53 core.sweep_detector INFO: FVGs: 8 detected, 1 unfilled
00:33:55 core.sweep_detector INFO: SweepDetector v2: 2 raw → 1 confirmed (vol≥2.5× body≥30%)
00:33:55 core.sweep_detector INFO: OrderBlocks: 1 detected, 0 unmitigated
00:33:55 core.sweep_detector INFO: FVGs: 7 detected, 2 unfilled
00:33:57 core.sweep_detector INFO: SweepDetector v2: 0 raw → 0 confirmed (vol≥2.5× body≥30%)
00:33:57 core.sweep_detector INFO: OrderBlocks: 4 detected, 2 unmitigated
00:33:57 core.sweep_detector INFO: FVGs: 6 detected, 2 unfilled
00:33:59 core.sweep_detector INFO: SweepDetector v2: 1 raw → 1 confirmed (vol≥2.5× body≥30%)
00:33:59 core.sweep_detector INFO: OrderBlocks: 6 detected, 3 unmitigated
00:33:59 core.sweep_detector INFO: FVGs: 11 detected, 5 unfilled
00:34:01 core.sweep_detector INFO: SweepDetector v2: 3 raw → 1 confirmed (vol≥2.5× body≥30%)
00:34:01 core.sweep_detector INFO: OrderBlocks: 5 detected, 2 unmitigated
00:34:01 core.sweep_detector INFO: FVGs: 9 detected, 2 unfilled
00:34:02 core.sweep_detector INFO: SweepDetector v2: 1 raw → 1 confirmed (vol≥2.5× body≥30%)
00:34:02 core.sweep_detector INFO: OrderBlocks: 2 detected, 1 unmitigated
00:34:02 core.sweep_detector INFO: FVGs: 3 detected, 1 unfilled
00:34:04 core.sweep_detector INFO: SweepDetector v2: 0 raw → 0 confirmed (vol≥2.5× body≥30%)
00:34:04 core.sweep_detector INFO: OrderBlocks: 6 detected, 2 unmitigated
00:34:04 core.sweep_detector INFO: FVGs: 3 detected, 2 unfilled
00:34:05 core.sweep_detector INFO: SweepDetector v2: 2 raw → 2 confirmed (vol≥2.5× body≥30%)
00:34:05 core.sweep_detector INFO: OrderBlocks: 6 detected, 0 unmitigated
00:34:05 core.sweep_detector INFO: FVGs: 9 detected, 1 unfilled
00:34:07 core.sweep_detector INFO: SweepDetector v2: 1 raw → 1 confirmed (vol≥2.5× body≥30%)
00:34:07 core.sweep_detector INFO: OrderBlocks: 5 detected, 2 unmitigated
00:34:07 core.sweep_detector INFO: FVGs: 2 detected, 1 unfilled
00:34:09 core.sweep_detector INFO: SweepDetector v2: 1 raw → 1 confirmed (vol≥2.5× body≥30%)
00:34:09 core.sweep_detector INFO: OrderBlocks: 10 detected, 1 unmitigated
00:34:09 core.sweep_detector INFO: FVGs: 7 detected, 4 unfilled
00:34:11 core.sweep_detector INFO: SweepDetector v2: 3 raw → 2 confirmed (vol≥2.5× body≥30%)
00:34:11 core.sweep_detector INFO: OrderBlocks: 4 detected, 1 unmitigated
00:34:11 core.sweep_detector INFO: FVGs: 8 detected, 2 unfilled
00:34:13 core.sweep_detector INFO: SweepDetector v2: 2 raw → 1 confirmed (vol≥2.5× body≥30%)
00:34:13 core.sweep_detector INFO: OrderBlocks: 4 detected, 2 unmitigated
00:34:13 core.sweep_detector INFO: FVGs: 7 detected, 4 unfilled
00:34:14 core.sweep_detector INFO: SweepDetector v2: 0 raw → 0 confirmed (vol≥2.5× body≥30%)
00:34:14 core.sweep_detector INFO: OrderBlocks: 4 detected, 2 unmitigated
00:34:14 core.sweep_detector INFO: FVGs: 15 detected, 4 unfilled
00:34:16 core.sweep_detector INFO: SweepDetector v2: 1 raw → 1 confirmed (vol≥2.5× body≥30%)
00:34:16 core.sweep_detector INFO: OrderBlocks: 7 detected, 2 unmitigated
00:34:16 core.sweep_detector INFO: FVGs: 11 detected, 5 unfilled
00:34:17 core.sweep_detector INFO: SweepDetector v2: 2 raw → 1 confirmed (vol≥2.5× body≥30%)
00:34:17 core.sweep_detector INFO: OrderBlocks: 4 detected, 3 unmitigated
00:34:17 core.sweep_detector INFO: FVGs: 11 detected, 7 unfilled
00:34:19 core.sweep_detector INFO: SweepDetector v2: 2 raw → 1 confirmed (vol≥2.5× body≥30%)
00:34:19 core.sweep_detector INFO: OrderBlocks: 11 detected, 4 unmitigated
00:34:19 core.sweep_detector INFO: FVGs: 12 detected, 1 unfilled
00:34:21 core.sweep_detector INFO: SweepDetector v2: 3 raw → 1 confirmed (vol≥2.5× body≥30%)
00:34:21 core.sweep_detector INFO: OrderBlocks: 1 detected, 0 unmitigated
00:34:21 core.sweep_detector INFO: FVGs: 9 detected, 2 unfilled
00:34:22 core.sweep_detector INFO: SweepDetector v2: 4 raw → 4 confirmed (vol≥2.5× body≥30%)
00:34:22 core.sweep_detector INFO: OrderBlocks: 8 detected, 1 unmitigated
00:34:22 core.sweep_detector INFO: FVGs: 4 detected, 1 unfilled
00:34:24 core.sweep_detector INFO: SweepDetector v2: 2 raw → 2 confirmed (vol≥2.5× body≥30%)
00:34:24 core.sweep_detector INFO: OrderBlocks: 15 detected, 1 unmitigated
00:34:24 core.sweep_detector INFO: FVGs: 15 detected, 1 unfilled
00:34:26 core.sweep_detector INFO: SweepDetector v2: 3 raw → 3 confirmed (vol≥2.5× body≥30%)
00:34:26 core.sweep_detector INFO: OrderBlocks: 6 detected, 1 unmitigated
00:34:26 core.sweep_detector INFO: FVGs: 10 detected, 3 unfilled
00:34:27 core.sweep_detector INFO: SweepDetector v2: 1 raw → 1 confirmed (vol≥2.5× body≥30%)
00:34:27 core.sweep_detector INFO: OrderBlocks: 10 detected, 4 unmitigated
00:34:27 core.sweep_detector INFO: FVGs: 10 detected, 3 unfilled
00:34:29 core.sweep_detector INFO: SweepDetector v2: 6 raw → 3 confirmed (vol≥2.5× body≥30%)
00:34:29 core.sweep_detector INFO: OrderBlocks: 8 detected, 6 unmitigated
00:34:29 core.sweep_detector INFO: FVGs: 12 detected, 7 unfilled
00:34:31 core.sweep_detector INFO: SweepDetector v2: 5 raw → 4 confirmed (vol≥2.5× body≥30%)
00:34:31 core.sweep_detector INFO: OrderBlocks: 5 detected, 2 unmitigated
00:34:31 core.sweep_detector INFO: FVGs: 9 detected, 4 unfilled
00:34:32 core.sweep_detector INFO: SweepDetector v2: 2 raw → 1 confirmed (vol≥2.5× body≥30%)
00:34:32 core.sweep_detector INFO: OrderBlocks: 6 detected, 6 unmitigated
00:34:32 core.sweep_detector INFO: FVGs: 14 detected, 6 unfilled
00:34:35 core.sweep_detector INFO: SweepDetector v2: 1 raw → 1 confirmed (vol≥2.5× body≥30%)
00:34:35 core.sweep_detector INFO: OrderBlocks: 5 detected, 1 unmitigated
00:34:35 core.sweep_detector INFO: FVGs: 7 detected, 2 unfilled
00:34:37 core.sweep_detector INFO: SweepDetector v2: 3 raw → 3 confirmed (vol≥2.5× body≥30%)
00:34:37 core.sweep_detector INFO: OrderBlocks: 7 detected, 2 unmitigated
00:34:37 core.sweep_detector INFO: FVGs: 10 detected, 3 unfilled
00:34:39 core.sweep_detector INFO: SweepDetector v2: 3 raw → 3 confirmed (vol≥2.5× body≥30%)
00:34:39 core.sweep_detector INFO: OrderBlocks: 6 detected, 2 unmitigated
00:34:39 core.sweep_detector INFO: FVGs: 7 detected, 3 unfilled
00:34:40 core.sweep_detector INFO: SweepDetector v2: 1 raw → 1 confirmed (vol≥2.5× body≥30%)
00:34:40 core.sweep_detector INFO: OrderBlocks: 6 detected, 3 unmitigated
00:34:40 core.sweep_detector INFO: FVGs: 14 detected, 7 unfilled
00:34:42 core.sweep_detector INFO: SweepDetector v2: 2 raw → 0 confirmed (vol≥2.5× body≥30%)
00:34:42 core.sweep_detector INFO: OrderBlocks: 4 detected, 2 unmitigated
00:34:42 core.sweep_detector INFO: FVGs: 11 detected, 6 unfilled
00:34:44 core.sweep_detector INFO: SweepDetector v2: 1 raw → 1 confirmed (vol≥2.5× body≥30%)
00:34:44 core.sweep_detector INFO: OrderBlocks: 6 detected, 6 unmitigated
00:34:44 core.sweep_detector INFO: FVGs: 12 detected, 5 unfilled
00:34:47 core.sweep_detector INFO: SweepDetector v2: 3 raw → 2 confirmed (vol≥2.5× body≥30%)
00:34:47 core.sweep_detector INFO: OrderBlocks: 4 detected, 0 unmitigated
00:34:47 core.sweep_detector INFO: FVGs: 6 detected, 0 unfilled
00:34:48 core.sweep_detector INFO: SweepDetector v2: 2 raw → 2 confirmed (vol≥2.5× body≥30%)
00:34:48 core.sweep_detector INFO: OrderBlocks: 7 detected, 1 unmitigated
00:34:48 core.sweep_detector INFO: FVGs: 8 detected, 1 unfilled
00:34:50 core.sweep_detector INFO: SweepDetector v2: 1 raw → 1 confirmed (vol≥2.5× body≥30%)
00:34:50 core.sweep_detector INFO: OrderBlocks: 6 detected, 2 unmitigated
00:34:50 core.sweep_detector INFO: FVGs: 5 detected, 2 unfilled
00:34:52 core.sweep_detector INFO: SweepDetector v2: 0 raw → 0 confirmed (vol≥2.5× body≥30%)
00:34:52 core.sweep_detector INFO: OrderBlocks: 8 detected, 3 unmitigated
00:34:52 core.sweep_detector INFO: FVGs: 10 detected, 3 unfilled
00:34:54 core.sweep_detector INFO: SweepDetector v2: 4 raw → 3 confirmed (vol≥2.5× body≥30%)
00:34:54 core.sweep_detector INFO: OrderBlocks: 4 detected, 0 unmitigated
00:34:54 core.sweep_detector INFO: FVGs: 11 detected, 2 unfilled
00:34:56 core.sweep_detector INFO: SweepDetector v2: 2 raw → 2 confirmed (vol≥2.5× body≥30%)
00:34:56 core.sweep_detector INFO: OrderBlocks: 6 detected, 2 unmitigated
00:34:56 core.sweep_detector INFO: FVGs: 5 detected, 2 unfilled
00:34:58 core.sweep_detector INFO: SweepDetector v2: 1 raw → 1 confirmed (vol≥2.5× body≥30%)
00:34:58 core.sweep_detector INFO: OrderBlocks: 5 detected, 1 unmitigated
00:34:58 core.sweep_detector INFO: FVGs: 5 detected, 1 unfilled
00:35:00 core.sweep_detector INFO: SweepDetector v2: 3 raw → 3 confirmed (vol≥2.5× body≥30%)
00:35:00 core.sweep_detector INFO: OrderBlocks: 3 detected, 0 unmitigated
00:35:00 core.sweep_detector INFO: FVGs: 4 detected, 0 unfilled
00:35:01 core.sweep_detector INFO: SweepDetector v2: 1 raw → 1 confirmed (vol≥2.5× body≥30%)
00:35:01 core.sweep_detector INFO: OrderBlocks: 2 detected, 0 unmitigated
00:35:01 core.sweep_detector INFO: FVGs: 1 detected, 0 unfilled
00:35:03 core.sweep_detector INFO: SweepDetector v2: 2 raw → 2 confirmed (vol≥2.5× body≥30%)
00:35:03 core.sweep_detector INFO: OrderBlocks: 11 detected, 3 unmitigated
00:35:03 core.sweep_detector INFO: FVGs: 12 detected, 4 unfilled
00:35:05 core.sweep_detector INFO: SweepDetector v2: 5 raw → 3 confirmed (vol≥2.5× body≥30%)
00:35:05 core.sweep_detector INFO: OrderBlocks: 4 detected, 2 unmitigated
00:35:05 core.sweep_detector INFO: FVGs: 13 detected, 4 unfilled
00:35:06 core.sweep_detector INFO: SweepDetector v2: 2 raw → 1 confirmed (vol≥2.5× body≥30%)
00:35:06 core.sweep_detector INFO: OrderBlocks: 6 detected, 4 unmitigated
00:35:06 core.sweep_detector INFO: FVGs: 6 detected, 4 unfilled
00:35:08 core.sweep_detector INFO: SweepDetector v2: 1 raw → 0 confirmed (vol≥2.5× body≥30%)
00:35:08 core.sweep_detector INFO: OrderBlocks: 5 detected, 1 unmitigated
00:35:08 core.sweep_detector INFO: FVGs: 5 detected, 3 unfilled
00:35:10 core.sweep_detector INFO: SweepDetector v2: 4 raw → 4 confirmed (vol≥2.5× body≥30%)
00:35:10 core.sweep_detector INFO: OrderBlocks: 3 detected, 2 unmitigated
00:35:10 core.sweep_detector INFO: FVGs: 8 detected, 1 unfilled
00:35:11 core.sweep_detector INFO: SweepDetector v2: 1 raw → 1 confirmed (vol≥2.5× body≥30%)
00:35:11 core.sweep_detector INFO: OrderBlocks: 6 detected, 2 unmitigated
00:35:11 core.sweep_detector INFO: FVGs: 10 detected, 3 unfilled
00:35:14 core.sweep_detector INFO: SweepDetector v2: 2 raw → 2 confirmed (vol≥2.5× body≥30%)
00:35:14 core.sweep_detector INFO: OrderBlocks: 8 detected, 2 unmitigated
00:35:14 core.sweep_detector INFO: FVGs: 9 detected, 1 unfilled
00:35:15 core.sweep_detector INFO: SweepDetector v2: 2 raw → 1 confirmed (vol≥2.5× body≥30%)
00:35:15 core.sweep_detector INFO: OrderBlocks: 3 detected, 1 unmitigated
00:35:15 core.sweep_detector INFO: FVGs: 8 detected, 2 unfilled
00:35:17 core.sweep_detector INFO: SweepDetector v2: 1 raw → 1 confirmed (vol≥2.5× body≥30%)
00:35:17 core.sweep_detector INFO: OrderBlocks: 7 detected, 3 unmitigated
00:35:17 core.sweep_detector INFO: FVGs: 12 detected, 1 unfilled
00:35:18 core.sweep_detector INFO: SweepDetector v2: 0 raw → 0 confirmed (vol≥2.5× body≥30%)
00:35:18 core.sweep_detector INFO: OrderBlocks: 1 detected, 0 unmitigated
00:35:18 core.sweep_detector INFO: FVGs: 0 detected, 0 unfilled
00:35:20 core.sweep_detector INFO: SweepDetector v2: 0 raw → 0 confirmed (vol≥2.5× body≥30%)
00:35:20 core.sweep_detector INFO: OrderBlocks: 0 detected, 0 unmitigated
00:35:20 core.sweep_detector INFO: FVGs: 0 detected, 0 unfilled
00:35:22 core.sweep_detector INFO: SweepDetector v2: 0 raw → 0 confirmed (vol≥2.5× body≥30%)
00:35:22 core.sweep_detector INFO: OrderBlocks: 0 detected, 0 unmitigated
00:35:22 core.sweep_detector INFO: FVGs: 0 detected, 0 unfilled
00:35:24 core.sweep_detector INFO: SweepDetector v2: 2 raw → 2 confirmed (vol≥2.5× body≥30%)
00:35:24 core.sweep_detector INFO: OrderBlocks: 5 detected, 2 unmitigated
00:35:24 core.sweep_detector INFO: FVGs: 5 detected, 1 unfilled
00:35:25 core.sweep_detector INFO: SweepDetector v2: 2 raw → 2 confirmed (vol≥2.5× body≥30%)
00:35:25 core.sweep_detector INFO: OrderBlocks: 4 detected, 0 unmitigated
00:35:25 core.sweep_detector INFO: FVGs: 7 detected, 2 unfilled
00:35:27 core.sweep_detector INFO: SweepDetector v2: 2 raw → 2 confirmed (vol≥2.5× body≥30%)
00:35:27 core.sweep_detector INFO: OrderBlocks: 7 detected, 1 unmitigated
00:35:27 core.sweep_detector INFO: FVGs: 9 detected, 1 unfilled
00:35:29 core.sweep_detector INFO: SweepDetector v2: 0 raw → 0 confirmed (vol≥2.5× body≥30%)
00:35:29 core.sweep_detector INFO: OrderBlocks: 4 detected, 2 unmitigated
00:35:29 core.sweep_detector INFO: FVGs: 12 detected, 8 unfilled
00:35:30 core.sweep_detector INFO: SweepDetector v2: 0 raw → 0 confirmed (vol≥2.5× body≥30%)
00:35:30 core.sweep_detector INFO: OrderBlocks: 1 detected, 0 unmitigated
00:35:30 core.sweep_detector INFO: FVGs: 10 detected, 2 unfilled
00:35:32 core.sweep_detector INFO: SweepDetector v2: 2 raw → 2 confirmed (vol≥2.5× body≥30%)
00:35:32 core.sweep_detector INFO: OrderBlocks: 5 detected, 2 unmitigated
00:35:32 core.sweep_detector INFO: FVGs: 7 detected, 3 unfilled
00:35:33 core.sweep_detector INFO: SweepDetector v2: 5 raw → 3 confirmed (vol≥2.5× body≥30%)
00:35:33 core.sweep_detector INFO: OrderBlocks: 6 detected, 2 unmitigated
00:35:33 core.sweep_detector INFO: FVGs: 8 detected, 2 unfilled
00:35:35 core.sweep_detector INFO: SweepDetector v2: 2 raw → 2 confirmed (vol≥2.5× body≥30%)
00:35:35 core.sweep_detector INFO: OrderBlocks: 3 detected, 2 unmitigated
00:35:35 core.sweep_detector INFO: FVGs: 9 detected, 2 unfilled
00:35:37 core.sweep_detector INFO: SweepDetector v2: 4 raw → 4 confirmed (vol≥2.5× body≥30%)
00:35:37 core.sweep_detector INFO: OrderBlocks: 2 detected, 0 unmitigated
00:35:37 core.sweep_detector INFO: FVGs: 6 detected, 0 unfilled
00:35:39 core.sweep_detector INFO: SweepDetector v2: 0 raw → 0 confirmed (vol≥2.5× body≥30%)
00:35:39 core.sweep_detector INFO: OrderBlocks: 8 detected, 3 unmitigated
00:35:39 core.sweep_detector INFO: FVGs: 8 detected, 1 unfilled
00:35:40 core.sweep_detector INFO: SweepDetector v2: 3 raw → 3 confirmed (vol≥2.5× body≥30%)
00:35:40 core.sweep_detector INFO: OrderBlocks: 3 detected, 3 unmitigated
00:35:40 core.sweep_detector INFO: FVGs: 10 detected, 4 unfilled
00:35:42 core.sweep_detector INFO: SweepDetector v2: 2 raw → 1 confirmed (vol≥2.5× body≥30%)
00:35:42 core.sweep_detector INFO: OrderBlocks: 3 detected, 1 unmitigated
00:35:42 core.sweep_detector INFO: FVGs: 5 detected, 2 unfilled
00:35:44 core.sweep_detector INFO: SweepDetector v2: 1 raw → 1 confirmed (vol≥2.5× body≥30%)
00:35:44 core.sweep_detector INFO: OrderBlocks: 4 detected, 2 unmitigated
00:35:44 core.sweep_detector INFO: FVGs: 11 detected, 8 unfilled
00:35:46 core.sweep_detector INFO: SweepDetector v2: 1 raw → 1 confirmed (vol≥2.5× body≥30%)
00:35:46 core.sweep_detector INFO: OrderBlocks: 3 detected, 2 unmitigated
00:35:46 core.sweep_detector INFO: FVGs: 2 detected, 1 unfilled
00:35:47 core.sweep_detector INFO: SweepDetector v2: 2 raw → 2 confirmed (vol≥2.5× body≥30%)
00:35:47 core.sweep_detector INFO: OrderBlocks: 8 detected, 1 unmitigated
00:35:47 core.sweep_detector INFO: FVGs: 8 detected, 0 unfilled
00:35:49 core.sweep_detector INFO: SweepDetector v2: 2 raw → 2 confirmed (vol≥2.5× body≥30%)
00:35:49 core.sweep_detector INFO: OrderBlocks: 8 detected, 4 unmitigated
00:35:49 core.sweep_detector INFO: FVGs: 9 detected, 2 unfilled
00:35:50 core.sweep_detector INFO: SweepDetector v2: 3 raw → 0 confirmed (vol≥2.5× body≥30%)
00:35:50 core.sweep_detector INFO: OrderBlocks: 6 detected, 3 unmitigated
00:35:50 core.sweep_detector INFO: FVGs: 8 detected, 4 unfilled
00:35:52 core.sweep_detector INFO: SweepDetector v2: 1 raw → 0 confirmed (vol≥2.5× body≥30%)
00:35:52 core.sweep_detector INFO: OrderBlocks: 9 detected, 5 unmitigated
00:35:52 core.sweep_detector INFO: FVGs: 8 detected, 3 unfilled
00:35:54 core.sweep_detector INFO: SweepDetector v2: 1 raw → 0 confirmed (vol≥2.5× body≥30%)
00:35:54 core.sweep_detector INFO: OrderBlocks: 10 detected, 2 unmitigated
00:35:54 core.sweep_detector INFO: FVGs: 8 detected, 3 unfilled
00:35:55 core.sweep_detector INFO: SweepDetector v2: 4 raw → 1 confirmed (vol≥2.5× body≥30%)
00:35:55 core.sweep_detector INFO: OrderBlocks: 3 detected, 1 unmitigated
00:35:55 core.sweep_detector INFO: FVGs: 8 detected, 2 unfilled
00:35:58 core.sweep_detector INFO: SweepDetector v2: 1 raw → 1 confirmed (vol≥2.5× body≥30%)
00:35:58 core.sweep_detector INFO: OrderBlocks: 7 detected, 3 unmitigated
00:35:58 core.sweep_detector INFO: FVGs: 8 detected, 4 unfilled
00:36:00 core.sweep_detector INFO: SweepDetector v2: 7 raw → 5 confirmed (vol≥2.5× body≥30%)
00:36:00 core.sweep_detector INFO: OrderBlocks: 5 detected, 5 unmitigated
00:36:00 core.sweep_detector INFO: FVGs: 12 detected, 8 unfilled
00:36:01 core.sweep_detector INFO: SweepDetector v2: 2 raw → 1 confirmed (vol≥2.5× body≥30%)
00:36:01 core.sweep_detector INFO: OrderBlocks: 2 detected, 1 unmitigated
00:36:01 core.sweep_detector INFO: FVGs: 6 detected, 1 unfilled
00:36:04 core.sweep_detector INFO: SweepDetector v2: 4 raw → 4 confirmed (vol≥2.5× body≥30%)
00:36:04 core.sweep_detector INFO: OrderBlocks: 4 detected, 2 unmitigated
00:36:04 core.sweep_detector INFO: FVGs: 6 detected, 3 unfilled
00:36:06 core.sweep_detector INFO: SweepDetector v2: 0 raw → 0 confirmed (vol≥2.5× body≥30%)
00:36:06 core.sweep_detector INFO: OrderBlocks: 9 detected, 4 unmitigated
00:36:06 core.sweep_detector INFO: FVGs: 13 detected, 5 unfilled
00:36:07 core.sweep_detector INFO: SweepDetector v2: 3 raw → 2 confirmed (vol≥2.5× body≥30%)
00:36:07 core.sweep_detector INFO: OrderBlocks: 3 detected, 2 unmitigated
00:36:07 core.sweep_detector INFO: FVGs: 10 detected, 2 unfilled
00:36:09 core.sweep_detector INFO: SweepDetector v2: 2 raw → 1 confirmed (vol≥2.5× body≥30%)
00:36:09 core.sweep_detector INFO: OrderBlocks: 5 detected, 2 unmitigated
00:36:09 core.sweep_detector INFO: FVGs: 5 detected, 2 unfilled
00:36:10 core.sweep_detector INFO: SweepDetector v2: 3 raw → 3 confirmed (vol≥2.5× body≥30%)
00:36:10 core.sweep_detector INFO: OrderBlocks: 3 detected, 1 unmitigated
00:36:10 core.sweep_detector INFO: FVGs: 5 detected, 1 unfilled
00:36:12 core.sweep_detector INFO: SweepDetector v2: 3 raw → 2 confirmed (vol≥2.5× body≥30%)
00:36:12 core.sweep_detector INFO: OrderBlocks: 5 detected, 2 unmitigated
00:36:12 core.sweep_detector INFO: FVGs: 8 detected, 3 unfilled
00:36:14 core.sweep_detector INFO: SweepDetector v2: 1 raw → 1 confirmed (vol≥2.5× body≥30%)
00:36:14 core.sweep_detector INFO: OrderBlocks: 8 detected, 3 unmitigated
00:36:14 core.sweep_detector INFO: FVGs: 10 detected, 3 unfilled
00:36:16 core.sweep_detector INFO: SweepDetector v2: 3 raw → 2 confirmed (vol≥2.5× body≥30%)
00:36:16 core.sweep_detector INFO: OrderBlocks: 3 detected, 3 unmitigated
00:36:16 core.sweep_detector INFO: FVGs: 13 detected, 8 unfilled
00:36:17 core.sweep_detector INFO: SweepDetector v2: 2 raw → 2 confirmed (vol≥2.5× body≥30%)
00:36:17 core.sweep_detector INFO: OrderBlocks: 4 detected, 1 unmitigated
00:36:17 core.sweep_detector INFO: FVGs: 8 detected, 3 unfilled
00:36:19 core.sweep_detector INFO: SweepDetector v2: 2 raw → 1 confirmed (vol≥2.5× body≥30%)
00:36:19 core.sweep_detector INFO: OrderBlocks: 0 detected, 0 unmitigated
00:36:19 core.sweep_detector INFO: FVGs: 3 detected, 0 unfilled
00:36:26 core.sweep_detector INFO: SweepDetector v2: 1 raw → 0 confirmed (vol≥2.5× body≥30%)
00:36:26 core.sweep_detector INFO: OrderBlocks: 4 detected, 0 unmitigated
00:36:26 core.sweep_detector INFO: FVGs: 15 detected, 6 unfilled
00:36:27 core.sweep_detector INFO: SweepDetector v2: 0 raw → 0 confirmed (vol≥2.5× body≥30%)
00:36:27 core.sweep_detector INFO: OrderBlocks: 7 detected, 2 unmitigated
00:36:27 core.sweep_detector INFO: FVGs: 4 detected, 2 unfilled
00:36:30 core.sweep_detector INFO: SweepDetector v2: 2 raw → 2 confirmed (vol≥2.5× body≥30%)
00:36:30 core.sweep_detector INFO: OrderBlocks: 4 detected, 2 unmitigated
00:36:30 core.sweep_detector INFO: FVGs: 4 detected, 2 unfilled
00:36:31 core.sweep_detector INFO: SweepDetector v2: 1 raw → 0 confirmed (vol≥2.5× body≥30%)
00:36:31 core.sweep_detector INFO: OrderBlocks: 7 detected, 3 unmitigated
00:36:31 core.sweep_detector INFO: FVGs: 9 detected, 5 unfilled
00:36:33 core.sweep_detector INFO: SweepDetector v2: 2 raw → 2 confirmed (vol≥2.5× body≥30%)
00:36:33 core.sweep_detector INFO: OrderBlocks: 3 detected, 2 unmitigated
00:36:33 core.sweep_detector INFO: FVGs: 13 detected, 2 unfilled
00:36:34 core.sweep_detector INFO: SweepDetector v2: 3 raw → 2 confirmed (vol≥2.5× body≥30%)
00:36:34 core.sweep_detector INFO: OrderBlocks: 8 detected, 2 unmitigated
00:36:34 core.sweep_detector INFO: FVGs: 7 detected, 2 unfilled
00:36:36 core.sweep_detector INFO: SweepDetector v2: 0 raw → 0 confirmed (vol≥2.5× body≥30%)
00:36:36 core.sweep_detector INFO: OrderBlocks: 9 detected, 2 unmitigated
00:36:36 core.sweep_detector INFO: FVGs: 10 detected, 2 unfilled
00:36:38 core.sweep_detector INFO: SweepDetector v2: 1 raw → 1 confirmed (vol≥2.5× body≥30%)
00:36:38 core.sweep_detector INFO: OrderBlocks: 5 detected, 2 unmitigated
00:36:38 core.sweep_detector INFO: FVGs: 5 detected, 1 unfilled
00:36:39 core.sweep_detector INFO: SweepDetector v2: 1 raw → 1 confirmed (vol≥2.5× body≥30%)
00:36:39 core.sweep_detector INFO: OrderBlocks: 4 detected, 1 unmitigated
00:36:39 core.sweep_detector INFO: FVGs: 5 detected, 3 unfilled
00:36:41 core.sweep_detector INFO: SweepDetector v2: 0 raw → 0 confirmed (vol≥2.5× body≥30%)
00:36:41 core.sweep_detector INFO: OrderBlocks: 1 detected, 0 unmitigated
00:36:41 core.sweep_detector INFO: FVGs: 0 detected, 0 unfilled
00:36:42 core.sweep_detector INFO: SweepDetector v2: 0 raw → 0 confirmed (vol≥2.5× body≥30%)
00:36:42 core.sweep_detector INFO: OrderBlocks: 1 detected, 0 unmitigated
00:36:42 core.sweep_detector INFO: FVGs: 0 detected, 0 unfilled
00:36:44 core.sweep_detector INFO: SweepDetector v2: 0 raw → 0 confirmed (vol≥2.5× body≥30%)
00:36:44 core.sweep_detector INFO: OrderBlocks: 2 detected, 0 unmitigated
00:36:44 core.sweep_detector INFO: FVGs: 0 detected, 0 unfilled
00:36:46 core.sweep_detector INFO: SweepDetector v2: 1 raw → 1 confirmed (vol≥2.5× body≥30%)
00:36:46 core.sweep_detector INFO: OrderBlocks: 6 detected, 1 unmitigated
00:36:46 core.sweep_detector INFO: FVGs: 9 detected, 4 unfilled
00:36:48 core.sweep_detector INFO: SweepDetector v2: 2 raw → 2 confirmed (vol≥2.5× body≥30%)
00:36:48 core.sweep_detector INFO: OrderBlocks: 5 detected, 1 unmitigated
00:36:48 core.sweep_detector INFO: FVGs: 8 detected, 2 unfilled
00:36:49 core.sweep_detector INFO: SweepDetector v2: 1 raw → 1 confirmed (vol≥2.5× body≥30%)
00:36:50 core.sweep_detector INFO: OrderBlocks: 6 detected, 0 unmitigated
00:36:50 core.sweep_detector INFO: FVGs: 5 detected, 1 unfilled
00:36:51 core.sweep_detector INFO: SweepDetector v2: 1 raw → 1 confirmed (vol≥2.5× body≥30%)
00:36:51 core.sweep_detector INFO: OrderBlocks: 2 detected, 0 unmitigated
00:36:51 core.sweep_detector INFO: FVGs: 0 detected, 0 unfilled
00:36:53 core.sweep_detector INFO: SweepDetector v2: 0 raw → 0 confirmed (vol≥2.5× body≥30%)
00:36:53 core.sweep_detector INFO: OrderBlocks: 2 detected, 1 unmitigated
00:36:53 core.sweep_detector INFO: FVGs: 0 detected, 0 unfilled
00:36:54 core.sweep_detector INFO: SweepDetector v2: 0 raw → 0 confirmed (vol≥2.5× body≥30%)
00:36:54 core.sweep_detector INFO: OrderBlocks: 0 detected, 0 unmitigated
00:36:54 core.sweep_detector INFO: FVGs: 0 detected, 0 unfilled
00:36:56 core.sweep_detector INFO: SweepDetector v2: 0 raw → 0 confirmed (vol≥2.5× body≥30%)
00:36:56 core.sweep_detector INFO: OrderBlocks: 3 detected, 0 unmitigated
00:36:56 core.sweep_detector INFO: FVGs: 0 detected, 0 unfilled
00:36:58 core.sweep_detector INFO: SweepDetector v2: 0 raw → 0 confirmed (vol≥2.5× body≥30%)
00:36:58 core.sweep_detector INFO: OrderBlocks: 1 detected, 0 unmitigated
00:36:58 core.sweep_detector INFO: FVGs: 0 detected, 0 unfilled
00:36:59 core.sweep_detector INFO: SweepDetector v2: 0 raw → 0 confirmed (vol≥2.5× body≥30%)
00:36:59 core.sweep_detector INFO: OrderBlocks: 1 detected, 0 unmitigated
00:36:59 core.sweep_detector INFO: FVGs: 0 detected, 0 unfilled
00:37:01 core.sweep_detector INFO: SweepDetector v2: 0 raw → 0 confirmed (vol≥2.5× body≥30%)
00:37:01 core.sweep_detector INFO: OrderBlocks: 1 detected, 0 unmitigated
00:37:01 core.sweep_detector INFO: FVGs: 0 detected, 0 unfilled
00:37:03 core.sweep_detector INFO: SweepDetector v2: 0 raw → 0 confirmed (vol≥2.5× body≥30%)
00:37:03 core.sweep_detector INFO: OrderBlocks: 0 detected, 0 unmitigated
00:37:03 core.sweep_detector INFO: FVGs: 0 detected, 0 unfilled
00:37:05 core.sweep_detector INFO: SweepDetector v2: 0 raw → 0 confirmed (vol≥2.5× body≥30%)
00:37:05 core.sweep_detector INFO: OrderBlocks: 0 detected, 0 unmitigated
00:37:05 core.sweep_detector INFO: FVGs: 0 detected, 0 unfilled
00:37:06 core.sweep_detector INFO: SweepDetector v2: 3 raw → 3 confirmed (vol≥2.5× body≥30%)
00:37:06 core.sweep_detector INFO: OrderBlocks: 5 detected, 1 unmitigated
00:37:06 core.sweep_detector INFO: FVGs: 10 detected, 4 unfilled
00:37:08 core.sweep_detector INFO: SweepDetector v2: 5 raw → 4 confirmed (vol≥2.5× body≥30%)
00:37:08 core.sweep_detector INFO: OrderBlocks: 7 detected, 3 unmitigated
00:37:08 core.sweep_detector INFO: FVGs: 9 detected, 4 unfilled
00:37:10 core.sweep_detector INFO: SweepDetector v2: 1 raw → 1 confirmed (vol≥2.5× body≥30%)
00:37:10 core.sweep_detector INFO: OrderBlocks: 2 detected, 2 unmitigated
00:37:10 core.sweep_detector INFO: FVGs: 5 detected, 4 unfilled
00:37:12 core.sweep_detector INFO: SweepDetector v2: 0 raw → 0 confirmed (vol≥2.5× body≥30%)
00:37:12 core.sweep_detector INFO: OrderBlocks: 6 detected, 1 unmitigated
00:37:12 core.sweep_detector INFO: FVGs: 11 detected, 5 unfilled
00:37:13 core.sweep_detector INFO: SweepDetector v2: 1 raw → 1 confirmed (vol≥2.5× body≥30%)
00:37:13 core.sweep_detector INFO: OrderBlocks: 1 detected, 0 unmitigated
00:37:13 core.sweep_detector INFO: FVGs: 10 detected, 3 unfilled
00:37:15 core.sweep_detector INFO: SweepDetector v2: 2 raw → 2 confirmed (vol≥2.5× body≥30%)
00:37:15 core.sweep_detector INFO: OrderBlocks: 7 detected, 4 unmitigated
00:37:15 core.sweep_detector INFO: FVGs: 11 detected, 6 unfilled
00:37:17 core.sweep_detector INFO: SweepDetector v2: 1 raw → 1 confirmed (vol≥2.5× body≥30%)
00:37:17 core.sweep_detector INFO: OrderBlocks: 8 detected, 4 unmitigated
00:37:17 core.sweep_detector INFO: FVGs: 9 detected, 3 unfilled
00:37:18 core.sweep_detector INFO: SweepDetector v2: 1 raw → 1 confirmed (vol≥2.5× body≥30%)
00:37:18 core.sweep_detector INFO: OrderBlocks: 2 detected, 2 unmitigated
00:37:18 core.sweep_detector INFO: FVGs: 10 detected, 1 unfilled
00:37:20 core.sweep_detector INFO: SweepDetector v2: 2 raw → 2 confirmed (vol≥2.5× body≥30%)
00:37:20 core.sweep_detector INFO: OrderBlocks: 6 detected, 1 unmitigated
00:37:20 core.sweep_detector INFO: FVGs: 9 detected, 3 unfilled
00:37:22 core.sweep_detector INFO: SweepDetector v2: 1 raw → 1 confirmed (vol≥2.5× body≥30%)
00:37:22 core.sweep_detector INFO: OrderBlocks: 2 detected, 1 unmitigated
00:37:22 core.sweep_detector INFO: FVGs: 8 detected, 3 unfilled
00:37:23 core.sweep_detector INFO: SweepDetector v2: 2 raw → 1 confirmed (vol≥2.5× body≥30%)
00:37:23 core.sweep_detector INFO: OrderBlocks: 1 detected, 0 unmitigated
00:37:23 core.sweep_detector INFO: FVGs: 7 detected, 1 unfilled
00:37:25 core.sweep_detector INFO: SweepDetector v2: 0 raw → 0 confirmed (vol≥2.5× body≥30%)
00:37:25 core.sweep_detector INFO: OrderBlocks: 4 detected, 0 unmitigated
00:37:25 core.sweep_detector INFO: FVGs: 2 detected, 1 unfilled
00:37:26 core.sweep_detector INFO: SweepDetector v2: 2 raw → 1 confirmed (vol≥2.5× body≥30%)
00:37:26 core.sweep_detector INFO: OrderBlocks: 6 detected, 4 unmitigated
00:37:26 core.sweep_detector INFO: FVGs: 13 detected, 6 unfilled
00:37:28 core.sweep_detector INFO: SweepDetector v2: 4 raw → 4 confirmed (vol≥2.5× body≥30%)
00:37:28 core.sweep_detector INFO: OrderBlocks: 3 detected, 1 unmitigated
00:37:28 core.sweep_detector INFO: FVGs: 6 detected, 2 unfilled
00:37:30 core.sweep_detector INFO: SweepDetector v2: 1 raw → 1 confirmed (vol≥2.5× body≥30%)
00:37:30 core.sweep_detector INFO: OrderBlocks: 4 detected, 3 unmitigated
00:37:30 core.sweep_detector INFO: FVGs: 8 detected, 4 unfilled
00:37:31 core.sweep_detector INFO: SweepDetector v2: 2 raw → 1 confirmed (vol≥2.5× body≥30%)
00:37:31 core.sweep_detector INFO: OrderBlocks: 5 detected, 1 unmitigated
00:37:31 core.sweep_detector INFO: FVGs: 5 detected, 1 unfilled
00:37:33 core.sweep_detector INFO: SweepDetector v2: 1 raw → 1 confirmed (vol≥2.5× body≥30%)
00:37:33 core.sweep_detector INFO: OrderBlocks: 4 detected, 0 unmitigated
00:37:33 core.sweep_detector INFO: FVGs: 8 detected, 1 unfilled
00:37:35 core.sweep_detector INFO: SweepDetector v2: 3 raw → 2 confirmed (vol≥2.5× body≥30%)
00:37:35 core.sweep_detector INFO: OrderBlocks: 5 detected, 2 unmitigated
00:37:35 core.sweep_detector INFO: FVGs: 6 detected, 1 unfilled
00:37:36 core.sweep_detector INFO: SweepDetector v2: 0 raw → 0 confirmed (vol≥2.5× body≥30%)
00:37:36 core.sweep_detector INFO: OrderBlocks: 1 detected, 0 unmitigated
00:37:36 core.sweep_detector INFO: FVGs: 4 detected, 0 unfilled
00:37:38 core.sweep_detector INFO: SweepDetector v2: 0 raw → 0 confirmed (vol≥2.5× body≥30%)
00:37:38 core.sweep_detector INFO: OrderBlocks: 6 detected, 1 unmitigated
00:37:38 core.sweep_detector INFO: FVGs: 7 detected, 2 unfilled
00:37:39 core.sweep_detector INFO: SweepDetector v2: 1 raw → 1 confirmed (vol≥2.5× body≥30%)
00:37:39 core.sweep_detector INFO: OrderBlocks: 6 detected, 3 unmitigated
00:37:39 core.sweep_detector INFO: FVGs: 5 detected, 2 unfilled
00:37:41 core.sweep_detector INFO: SweepDetector v2: 0 raw → 0 confirmed (vol≥2.5× body≥30%)
00:37:41 core.sweep_detector INFO: OrderBlocks: 9 detected, 3 unmitigated
00:37:41 core.sweep_detector INFO: FVGs: 10 detected, 2 unfilled
00:37:43 core.sweep_detector INFO: SweepDetector v2: 1 raw → 1 confirmed (vol≥2.5× body≥30%)
00:37:43 core.sweep_detector INFO: OrderBlocks: 4 detected, 1 unmitigated
00:37:43 core.sweep_detector INFO: FVGs: 10 detected, 2 unfilled
00:37:44 core.sweep_detector INFO: SweepDetector v2: 1 raw → 1 confirmed (vol≥2.5× body≥30%)
00:37:44 core.sweep_detector INFO: OrderBlocks: 4 detected, 1 unmitigated
00:37:44 core.sweep_detector INFO: FVGs: 6 detected, 1 unfilled
00:37:46 core.sweep_detector INFO: SweepDetector v2: 0 raw → 0 confirmed (vol≥2.5× body≥30%)
00:37:46 core.sweep_detector INFO: OrderBlocks: 10 detected, 1 unmitigated
00:37:46 core.sweep_detector INFO: FVGs: 10 detected, 2 unfilled
00:37:48 core.sweep_detector INFO: SweepDetector v2: 2 raw → 2 confirmed (vol≥2.5× body≥30%)
00:37:48 core.sweep_detector INFO: OrderBlocks: 3 detected, 1 unmitigated
00:37:48 core.sweep_detector INFO: FVGs: 12 detected, 1 unfilled
00:37:49 core.sweep_detector INFO: SweepDetector v2: 3 raw → 3 confirmed (vol≥2.5× body≥30%)
00:37:49 core.sweep_detector INFO: OrderBlocks: 6 detected, 3 unmitigated
00:37:49 core.sweep_detector INFO: FVGs: 10 detected, 5 unfilled
00:37:51 core.sweep_detector INFO: SweepDetector v2: 2 raw → 2 confirmed (vol≥2.5× body≥30%)
00:37:51 core.sweep_detector INFO: OrderBlocks: 8 detected, 2 unmitigated
00:37:51 core.sweep_detector INFO: FVGs: 8 detected, 2 unfilled
00:37:53 core.sweep_detector INFO: SweepDetector v2: 2 raw → 2 confirmed (vol≥2.5× body≥30%)
00:37:53 core.sweep_detector INFO: OrderBlocks: 3 detected, 0 unmitigated
00:37:53 core.sweep_detector INFO: FVGs: 6 detected, 2 unfilled
00:37:54 core.sweep_detector INFO: SweepDetector v2: 0 raw → 0 confirmed (vol≥2.5× body≥30%)
00:37:54 core.sweep_detector INFO: OrderBlocks: 5 detected, 2 unmitigated
00:37:54 core.sweep_detector INFO: FVGs: 6 detected, 2 unfilled
00:37:56 core.sweep_detector INFO: SweepDetector v2: 0 raw → 0 confirmed (vol≥2.5× body≥30%)
00:37:56 core.sweep_detector INFO: OrderBlocks: 1 detected, 0 unmitigated
00:37:56 core.sweep_detector INFO: FVGs: 0 detected, 0 unfilled
00:37:58 core.sweep_detector INFO: SweepDetector v2: 0 raw → 0 confirmed (vol≥2.5× body≥30%)
00:37:58 core.sweep_detector INFO: OrderBlocks: 6 detected, 0 unmitigated
00:37:58 core.sweep_detector INFO: FVGs: 0 detected, 0 unfilled
00:38:00 core.sweep_detector INFO: SweepDetector v2: 0 raw → 0 confirmed (vol≥2.5× body≥30%)
00:38:00 core.sweep_detector INFO: OrderBlocks: 0 detected, 0 unmitigated
00:38:00 core.sweep_detector INFO: FVGs: 0 detected, 0 unfilled
00:38:02 core.sweep_detector INFO: SweepDetector v2: 6 raw → 3 confirmed (vol≥2.5× body≥30%)
00:38:02 core.sweep_detector INFO: OrderBlocks: 8 detected, 3 unmitigated
00:38:02 core.sweep_detector INFO: FVGs: 11 detected, 4 unfilled
00:38:03 core.sweep_detector INFO: SweepDetector v2: 1 raw → 1 confirmed (vol≥2.5× body≥30%)
00:38:03 core.sweep_detector INFO: OrderBlocks: 4 detected, 2 unmitigated
00:38:03 core.sweep_detector INFO: FVGs: 12 detected, 3 unfilled
00:38:05 core.sweep_detector INFO: SweepDetector v2: 2 raw → 1 confirmed (vol≥2.5× body≥30%)
00:38:05 core.sweep_detector INFO: OrderBlocks: 3 detected, 0 unmitigated
00:38:05 core.sweep_detector INFO: FVGs: 9 detected, 4 unfilled
00:38:07 core.sweep_detector INFO: SweepDetector v2: 1 raw → 1 confirmed (vol≥2.5× body≥30%)
00:38:07 core.sweep_detector INFO: OrderBlocks: 7 detected, 2 unmitigated
00:38:07 core.sweep_detector INFO: FVGs: 7 detected, 1 unfilled
00:38:08 core.sweep_detector INFO: SweepDetector v2: 2 raw → 1 confirmed (vol≥2.5× body≥30%)
00:38:09 core.sweep_detector INFO: OrderBlocks: 2 detected, 0 unmitigated
00:38:09 core.sweep_detector INFO: FVGs: 12 detected, 3 unfilled
00:38:10 core.sweep_detector INFO: SweepDetector v2: 0 raw → 0 confirmed (vol≥2.5× body≥30%)
00:38:10 core.sweep_detector INFO: OrderBlocks: 5 detected, 0 unmitigated
00:38:10 core.sweep_detector INFO: FVGs: 8 detected, 1 unfilled
00:38:12 core.sweep_detector INFO: SweepDetector v2: 0 raw → 0 confirmed (vol≥2.5× body≥30%)
00:38:12 core.sweep_detector INFO: OrderBlocks: 7 detected, 4 unmitigated
00:38:12 core.sweep_detector INFO: FVGs: 12 detected, 5 unfilled
00:38:13 core.sweep_detector INFO: SweepDetector v2: 0 raw → 0 confirmed (vol≥2.5× body≥30%)
00:38:13 core.sweep_detector INFO: OrderBlocks: 10 detected, 3 unmitigated
00:38:13 core.sweep_detector INFO: FVGs: 9 detected, 4 unfilled
00:38:15 core.sweep_detector INFO: SweepDetector v2: 4 raw → 3 confirmed (vol≥2.5× body≥30%)
00:38:15 core.sweep_detector INFO: OrderBlocks: 8 detected, 8 unmitigated
00:38:15 core.sweep_detector INFO: FVGs: 10 detected, 8 unfilled
00:38:17 core.sweep_detector INFO: SweepDetector v2: 2 raw → 2 confirmed (vol≥2.5× body≥30%)
00:38:17 core.sweep_detector INFO: OrderBlocks: 5 detected, 1 unmitigated
00:38:17 core.sweep_detector INFO: FVGs: 5 detected, 3 unfilled
00:38:18 core.sweep_detector INFO: SweepDetector v2: 1 raw → 1 confirmed (vol≥2.5× body≥30%)
00:38:18 core.sweep_detector INFO: OrderBlocks: 4 detected, 1 unmitigated
00:38:18 core.sweep_detector INFO: FVGs: 7 detected, 2 unfilled
00:38:21 core.sweep_detector INFO: SweepDetector v2: 2 raw → 2 confirmed (vol≥2.5× body≥30%)
00:38:21 core.sweep_detector INFO: OrderBlocks: 5 detected, 3 unmitigated
00:38:21 core.sweep_detector INFO: FVGs: 9 detected, 2 unfilled
/root/.openclaw/workspace/projects/crypto-liquidity-hunter/main.py:555: DeprecationWarning: datetime.datetime.utcnow() is deprecated and scheduled for removal in a future version. Use timezone-aware objects to represent datetimes in UTC: datetime.datetime.now(datetime.UTC).
  scan_end     = datetime.utcnow()

=== SCAN ALL: 94 pairs, 3 timeframes ===
Total signals generated: 1
  binance:CRV/USDT 15m SHORT Entry=0.22 SL=0.22 TP=0.21 R:R=3.51
