22:00:02 __main__ INFO: Volume filter: fetching all tickers in one call...
22:00:04 __main__ INFO: Volume filter: 82/447 pairs pass $2M threshold
/root/.openclaw/workspace/projects/crypto-liquidity-hunter/main.py:292: DeprecationWarning: datetime.datetime.utcnow() is deprecated and scheduled for removal in a future version. Use timezone-aware objects to represent datetimes in UTC: datetime.datetime.now(datetime.UTC).
  scan_start = datetime.utcnow()   # for duration tracking
22:00:05 core.binance_connector INFO: BinanceConnector: connected [LIVE FUTURES MAINNET]
22:00:05 __main__ INFO: Auto-executor: account 'Liquiddbot1' mode=live exec=auto
22:00:07 core.sweep_detector INFO: SweepDetector v2: 0 raw → 0 confirmed (vol≥2.5× body≥30%)
22:00:07 core.sweep_detector INFO: OrderBlocks: 8 detected, 4 unmitigated
22:00:07 core.sweep_detector INFO: FVGs: 12 detected, 7 unfilled
22:00:09 core.sweep_detector INFO: SweepDetector v2: 1 raw → 1 confirmed (vol≥2.5× body≥30%)
22:00:09 core.sweep_detector INFO: OrderBlocks: 4 detected, 2 unmitigated
22:00:09 core.sweep_detector INFO: FVGs: 5 detected, 2 unfilled
22:00:11 core.sweep_detector INFO: SweepDetector v2: 1 raw → 1 confirmed (vol≥2.5× body≥30%)
22:00:11 core.sweep_detector INFO: OrderBlocks: 6 detected, 1 unmitigated
22:00:11 core.sweep_detector INFO: FVGs: 5 detected, 0 unfilled
22:00:12 core.sweep_detector INFO: SweepDetector v2: 1 raw → 1 confirmed (vol≥2.5× body≥30%)
22:00:12 core.sweep_detector INFO: OrderBlocks: 6 detected, 0 unmitigated
22:00:12 core.sweep_detector INFO: FVGs: 10 detected, 4 unfilled
22:00:15 core.sweep_detector INFO: SweepDetector v2: 2 raw → 1 confirmed (vol≥2.5× body≥30%)
22:00:15 core.sweep_detector INFO: OrderBlocks: 3 detected, 2 unmitigated
22:00:15 core.sweep_detector INFO: FVGs: 4 detected, 2 unfilled
22:00:16 core.sweep_detector INFO: SweepDetector v2: 0 raw → 0 confirmed (vol≥2.5× body≥30%)
22:00:16 core.sweep_detector INFO: OrderBlocks: 7 detected, 1 unmitigated
22:00:16 core.sweep_detector INFO: FVGs: 4 detected, 1 unfilled
22:00:18 core.sweep_detector INFO: SweepDetector v2: 3 raw → 2 confirmed (vol≥2.5× body≥30%)
22:00:18 core.sweep_detector INFO: OrderBlocks: 7 detected, 2 unmitigated
22:00:18 core.sweep_detector INFO: FVGs: 9 detected, 2 unfilled
22:00:20 core.sweep_detector INFO: SweepDetector v2: 1 raw → 0 confirmed (vol≥2.5× body≥30%)
22:00:20 core.sweep_detector INFO: OrderBlocks: 4 detected, 2 unmitigated
22:00:20 core.sweep_detector INFO: FVGs: 7 detected, 4 unfilled
22:00:22 core.sweep_detector INFO: SweepDetector v2: 2 raw → 2 confirmed (vol≥2.5× body≥30%)
22:00:22 core.sweep_detector INFO: OrderBlocks: 1 detected, 0 unmitigated
22:00:22 core.sweep_detector INFO: FVGs: 4 detected, 2 unfilled
22:00:23 core.sweep_detector INFO: SweepDetector v2: 2 raw → 1 confirmed (vol≥2.5× body≥30%)
22:00:23 core.sweep_detector INFO: OrderBlocks: 7 detected, 2 unmitigated
22:00:23 core.sweep_detector INFO: FVGs: 8 detected, 2 unfilled
22:00:25 core.sweep_detector INFO: SweepDetector v2: 0 raw → 0 confirmed (vol≥2.5× body≥30%)
22:00:25 core.sweep_detector INFO: OrderBlocks: 2 detected, 1 unmitigated
22:00:25 core.sweep_detector INFO: FVGs: 7 detected, 4 unfilled
22:00:29 core.sweep_detector INFO: SweepDetector v2: 2 raw → 1 confirmed (vol≥2.5× body≥30%)
22:00:29 core.sweep_detector INFO: OrderBlocks: 3 detected, 1 unmitigated
22:00:29 core.sweep_detector INFO: FVGs: 5 detected, 1 unfilled
22:00:30 core.sweep_detector INFO: SweepDetector v2: 2 raw → 1 confirmed (vol≥2.5× body≥30%)
22:00:30 core.sweep_detector INFO: OrderBlocks: 4 detected, 3 unmitigated
22:00:30 core.sweep_detector INFO: FVGs: 10 detected, 4 unfilled
22:00:32 core.sweep_detector INFO: SweepDetector v2: 1 raw → 1 confirmed (vol≥2.5× body≥30%)
22:00:32 core.sweep_detector INFO: OrderBlocks: 4 detected, 2 unmitigated
22:00:32 core.sweep_detector INFO: FVGs: 5 detected, 2 unfilled
22:00:33 core.sweep_detector INFO: SweepDetector v2: 1 raw → 1 confirmed (vol≥2.5× body≥30%)
22:00:33 core.sweep_detector INFO: OrderBlocks: 4 detected, 1 unmitigated
22:00:33 core.sweep_detector INFO: FVGs: 9 detected, 2 unfilled
22:00:36 core.sweep_detector INFO: SweepDetector v2: 5 raw → 5 confirmed (vol≥2.5× body≥30%)
22:00:36 core.sweep_detector INFO: OrderBlocks: 1 detected, 0 unmitigated
22:00:36 core.sweep_detector INFO: FVGs: 3 detected, 0 unfilled
22:00:37 core.sweep_detector INFO: SweepDetector v2: 1 raw → 1 confirmed (vol≥2.5× body≥30%)
22:00:37 core.sweep_detector INFO: OrderBlocks: 4 detected, 0 unmitigated
22:00:37 core.sweep_detector INFO: FVGs: 1 detected, 0 unfilled
22:00:39 core.sweep_detector INFO: SweepDetector v2: 0 raw → 0 confirmed (vol≥2.5× body≥30%)
22:00:39 core.sweep_detector INFO: OrderBlocks: 0 detected, 0 unmitigated
22:00:39 core.sweep_detector INFO: FVGs: 1 detected, 0 unfilled
22:00:40 core.sweep_detector INFO: SweepDetector v2: 2 raw → 2 confirmed (vol≥2.5× body≥30%)
22:00:40 core.sweep_detector INFO: OrderBlocks: 2 detected, 1 unmitigated
22:00:40 core.sweep_detector INFO: FVGs: 12 detected, 6 unfilled
22:00:42 core.sweep_detector INFO: SweepDetector v2: 1 raw → 1 confirmed (vol≥2.5× body≥30%)
22:00:42 core.sweep_detector INFO: OrderBlocks: 2 detected, 1 unmitigated
22:00:42 core.sweep_detector INFO: FVGs: 4 detected, 1 unfilled
22:00:44 core.sweep_detector INFO: SweepDetector v2: 1 raw → 1 confirmed (vol≥2.5× body≥30%)
22:00:44 core.sweep_detector INFO: OrderBlocks: 6 detected, 2 unmitigated
22:00:44 core.sweep_detector INFO: FVGs: 3 detected, 0 unfilled
22:00:45 core.sweep_detector INFO: SweepDetector v2: 1 raw → 1 confirmed (vol≥2.5× body≥30%)
22:00:45 core.sweep_detector INFO: OrderBlocks: 6 detected, 3 unmitigated
22:00:45 core.sweep_detector INFO: FVGs: 7 detected, 3 unfilled
22:00:47 core.sweep_detector INFO: SweepDetector v2: 0 raw → 0 confirmed (vol≥2.5× body≥30%)
22:00:47 core.sweep_detector INFO: OrderBlocks: 4 detected, 2 unmitigated
22:00:47 core.sweep_detector INFO: FVGs: 9 detected, 4 unfilled
22:00:49 core.sweep_detector INFO: SweepDetector v2: 1 raw → 1 confirmed (vol≥2.5× body≥30%)
22:00:49 core.sweep_detector INFO: OrderBlocks: 7 detected, 1 unmitigated
22:00:49 core.sweep_detector INFO: FVGs: 8 detected, 4 unfilled
22:00:51 core.sweep_detector INFO: SweepDetector v2: 4 raw → 4 confirmed (vol≥2.5× body≥30%)
22:00:51 core.sweep_detector INFO: OrderBlocks: 2 detected, 2 unmitigated
22:00:51 core.sweep_detector INFO: FVGs: 14 detected, 3 unfilled
22:00:52 core.sweep_detector INFO: SweepDetector v2: 2 raw → 1 confirmed (vol≥2.5× body≥30%)
22:00:52 core.sweep_detector INFO: OrderBlocks: 7 detected, 1 unmitigated
22:00:52 core.sweep_detector INFO: FVGs: 14 detected, 4 unfilled
22:00:54 core.sweep_detector INFO: SweepDetector v2: 1 raw → 0 confirmed (vol≥2.5× body≥30%)
22:00:54 core.sweep_detector INFO: OrderBlocks: 2 detected, 1 unmitigated
22:00:54 core.sweep_detector INFO: FVGs: 7 detected, 4 unfilled
22:00:56 core.sweep_detector INFO: SweepDetector v2: 0 raw → 0 confirmed (vol≥2.5× body≥30%)
22:00:56 core.sweep_detector INFO: OrderBlocks: 3 detected, 1 unmitigated
22:00:56 core.sweep_detector INFO: FVGs: 6 detected, 2 unfilled
22:00:57 core.sweep_detector INFO: SweepDetector v2: 3 raw → 3 confirmed (vol≥2.5× body≥30%)
22:00:57 core.sweep_detector INFO: OrderBlocks: 1 detected, 1 unmitigated
22:00:57 core.sweep_detector INFO: FVGs: 6 detected, 3 unfilled
22:00:59 core.sweep_detector INFO: SweepDetector v2: 1 raw → 1 confirmed (vol≥2.5× body≥30%)
22:00:59 core.sweep_detector INFO: OrderBlocks: 3 detected, 3 unmitigated
22:00:59 core.sweep_detector INFO: FVGs: 9 detected, 7 unfilled
22:01:01 core.sweep_detector INFO: SweepDetector v2: 0 raw → 0 confirmed (vol≥2.5× body≥30%)
22:01:01 core.sweep_detector INFO: OrderBlocks: 0 detected, 0 unmitigated
22:01:01 core.sweep_detector INFO: FVGs: 0 detected, 0 unfilled
22:01:02 core.sweep_detector INFO: SweepDetector v2: 0 raw → 0 confirmed (vol≥2.5× body≥30%)
22:01:02 core.sweep_detector INFO: OrderBlocks: 1 detected, 0 unmitigated
22:01:02 core.sweep_detector INFO: FVGs: 0 detected, 0 unfilled
22:01:04 core.sweep_detector INFO: SweepDetector v2: 0 raw → 0 confirmed (vol≥2.5× body≥30%)
22:01:04 core.sweep_detector INFO: OrderBlocks: 0 detected, 0 unmitigated
22:01:04 core.sweep_detector INFO: FVGs: 0 detected, 0 unfilled
22:01:06 core.sweep_detector INFO: SweepDetector v2: 1 raw → 1 confirmed (vol≥2.5× body≥30%)
22:01:06 core.sweep_detector INFO: OrderBlocks: 6 detected, 4 unmitigated
22:01:06 core.sweep_detector INFO: FVGs: 10 detected, 4 unfilled
22:01:07 core.sweep_detector INFO: SweepDetector v2: 1 raw → 1 confirmed (vol≥2.5× body≥30%)
22:01:07 core.sweep_detector INFO: OrderBlocks: 4 detected, 1 unmitigated
22:01:07 core.sweep_detector INFO: FVGs: 4 detected, 0 unfilled
22:01:09 core.sweep_detector INFO: SweepDetector v2: 0 raw → 0 confirmed (vol≥2.5× body≥30%)
22:01:09 core.sweep_detector INFO: OrderBlocks: 10 detected, 1 unmitigated
22:01:09 core.sweep_detector INFO: FVGs: 3 detected, 1 unfilled
22:01:11 core.sweep_detector INFO: SweepDetector v2: 1 raw → 1 confirmed (vol≥2.5× body≥30%)
22:01:11 core.sweep_detector INFO: OrderBlocks: 5 detected, 0 unmitigated
22:01:11 core.sweep_detector INFO: FVGs: 7 detected, 3 unfilled
22:01:12 core.sweep_detector INFO: SweepDetector v2: 1 raw → 1 confirmed (vol≥2.5× body≥30%)
22:01:12 core.sweep_detector INFO: OrderBlocks: 2 detected, 0 unmitigated
22:01:12 core.sweep_detector INFO: FVGs: 7 detected, 2 unfilled
22:01:14 core.sweep_detector INFO: SweepDetector v2: 0 raw → 0 confirmed (vol≥2.5× body≥30%)
22:01:14 core.sweep_detector INFO: OrderBlocks: 7 detected, 0 unmitigated
22:01:14 core.sweep_detector INFO: FVGs: 5 detected, 1 unfilled
22:01:15 core.sweep_detector INFO: SweepDetector v2: 0 raw → 0 confirmed (vol≥2.5× body≥30%)
22:01:15 core.sweep_detector INFO: OrderBlocks: 4 detected, 2 unmitigated
22:01:15 core.sweep_detector INFO: FVGs: 7 detected, 2 unfilled
22:01:17 core.sweep_detector INFO: SweepDetector v2: 1 raw → 1 confirmed (vol≥2.5× body≥30%)
22:01:17 core.sweep_detector INFO: OrderBlocks: 4 detected, 1 unmitigated
22:01:17 core.sweep_detector INFO: FVGs: 6 detected, 0 unfilled
22:01:19 core.sweep_detector INFO: SweepDetector v2: 0 raw → 0 confirmed (vol≥2.5× body≥30%)
22:01:19 core.sweep_detector INFO: OrderBlocks: 7 detected, 2 unmitigated
22:01:19 core.sweep_detector INFO: FVGs: 2 detected, 0 unfilled
22:01:21 core.sweep_detector INFO: SweepDetector v2: 7 raw → 5 confirmed (vol≥2.5× body≥30%)
22:01:21 core.sweep_detector INFO: OrderBlocks: 5 detected, 3 unmitigated
22:01:21 core.sweep_detector INFO: FVGs: 10 detected, 4 unfilled
22:01:22 core.sweep_detector INFO: SweepDetector v2: 5 raw → 2 confirmed (vol≥2.5× body≥30%)
22:01:22 core.sweep_detector INFO: OrderBlocks: 3 detected, 1 unmitigated
22:01:22 core.sweep_detector INFO: FVGs: 10 detected, 2 unfilled
22:01:24 core.sweep_detector INFO: SweepDetector v2: 2 raw → 1 confirmed (vol≥2.5× body≥30%)
22:01:24 core.sweep_detector INFO: OrderBlocks: 4 detected, 2 unmitigated
22:01:24 core.sweep_detector INFO: FVGs: 10 detected, 5 unfilled
22:01:26 core.sweep_detector INFO: SweepDetector v2: 0 raw → 0 confirmed (vol≥2.5× body≥30%)
22:01:26 core.sweep_detector INFO: OrderBlocks: 6 detected, 3 unmitigated
22:01:26 core.sweep_detector INFO: FVGs: 6 detected, 3 unfilled
22:01:28 core.sweep_detector INFO: SweepDetector v2: 1 raw → 1 confirmed (vol≥2.5× body≥30%)
22:01:28 core.sweep_detector INFO: OrderBlocks: 8 detected, 4 unmitigated
22:01:28 core.sweep_detector INFO: FVGs: 6 detected, 4 unfilled
22:01:30 core.sweep_detector INFO: SweepDetector v2: 0 raw → 0 confirmed (vol≥2.5× body≥30%)
22:01:30 core.sweep_detector INFO: OrderBlocks: 6 detected, 2 unmitigated
22:01:30 core.sweep_detector INFO: FVGs: 9 detected, 2 unfilled
22:01:32 core.sweep_detector INFO: SweepDetector v2: 1 raw → 0 confirmed (vol≥2.5× body≥30%)
22:01:32 core.sweep_detector INFO: OrderBlocks: 2 detected, 2 unmitigated
22:01:32 core.sweep_detector INFO: FVGs: 8 detected, 6 unfilled
22:01:34 core.sweep_detector INFO: SweepDetector v2: 1 raw → 0 confirmed (vol≥2.5× body≥30%)
22:01:34 core.sweep_detector INFO: OrderBlocks: 5 detected, 2 unmitigated
22:01:34 core.sweep_detector INFO: FVGs: 5 detected, 4 unfilled
22:01:36 core.sweep_detector INFO: SweepDetector v2: 1 raw → 0 confirmed (vol≥2.5× body≥30%)
22:01:36 core.sweep_detector INFO: OrderBlocks: 4 detected, 2 unmitigated
22:01:36 core.sweep_detector INFO: FVGs: 5 detected, 4 unfilled
22:01:38 core.sweep_detector INFO: SweepDetector v2: 0 raw → 0 confirmed (vol≥2.5× body≥30%)
22:01:38 core.sweep_detector INFO: OrderBlocks: 5 detected, 1 unmitigated
22:01:38 core.sweep_detector INFO: FVGs: 9 detected, 4 unfilled
22:01:39 core.sweep_detector INFO: SweepDetector v2: 3 raw → 2 confirmed (vol≥2.5× body≥30%)
22:01:39 core.sweep_detector INFO: OrderBlocks: 6 detected, 4 unmitigated
22:01:39 core.sweep_detector INFO: FVGs: 13 detected, 6 unfilled
22:01:41 core.sweep_detector INFO: SweepDetector v2: 0 raw → 0 confirmed (vol≥2.5× body≥30%)
22:01:41 core.sweep_detector INFO: OrderBlocks: 4 detected, 2 unmitigated
22:01:41 core.sweep_detector INFO: FVGs: 10 detected, 4 unfilled
22:01:44 core.sweep_detector INFO: SweepDetector v2: 0 raw → 0 confirmed (vol≥2.5× body≥30%)
22:01:44 core.sweep_detector INFO: OrderBlocks: 8 detected, 2 unmitigated
22:01:44 core.sweep_detector INFO: FVGs: 14 detected, 3 unfilled
22:01:46 core.sweep_detector INFO: SweepDetector v2: 2 raw → 1 confirmed (vol≥2.5× body≥30%)
22:01:46 core.sweep_detector INFO: OrderBlocks: 5 detected, 1 unmitigated
22:01:46 core.sweep_detector INFO: FVGs: 9 detected, 3 unfilled
22:01:47 core.sweep_detector INFO: SweepDetector v2: 0 raw → 0 confirmed (vol≥2.5× body≥30%)
22:01:47 core.sweep_detector INFO: OrderBlocks: 5 detected, 0 unmitigated
22:01:47 core.sweep_detector INFO: FVGs: 8 detected, 3 unfilled
22:01:49 core.sweep_detector INFO: SweepDetector v2: 0 raw → 0 confirmed (vol≥2.5× body≥30%)
22:01:49 core.sweep_detector INFO: OrderBlocks: 6 detected, 1 unmitigated
22:01:49 core.sweep_detector INFO: FVGs: 11 detected, 2 unfilled
22:01:50 core.sweep_detector INFO: SweepDetector v2: 3 raw → 2 confirmed (vol≥2.5× body≥30%)
22:01:50 core.sweep_detector INFO: OrderBlocks: 2 detected, 1 unmitigated
22:01:50 core.sweep_detector INFO: FVGs: 9 detected, 3 unfilled
22:01:52 core.sweep_detector INFO: SweepDetector v2: 0 raw → 0 confirmed (vol≥2.5× body≥30%)
22:01:52 core.sweep_detector INFO: OrderBlocks: 8 detected, 1 unmitigated
22:01:52 core.sweep_detector INFO: FVGs: 4 detected, 2 unfilled
22:01:54 core.sweep_detector INFO: SweepDetector v2: 1 raw → 0 confirmed (vol≥2.5× body≥30%)
22:01:54 core.sweep_detector INFO: OrderBlocks: 4 detected, 1 unmitigated
22:01:54 core.sweep_detector INFO: FVGs: 10 detected, 2 unfilled
22:01:56 core.sweep_detector INFO: SweepDetector v2: 2 raw → 2 confirmed (vol≥2.5× body≥30%)
22:01:56 core.sweep_detector INFO: OrderBlocks: 4 detected, 3 unmitigated
22:01:56 core.sweep_detector INFO: FVGs: 5 detected, 2 unfilled
22:01:57 core.sweep_detector INFO: SweepDetector v2: 0 raw → 0 confirmed (vol≥2.5× body≥30%)
22:01:57 core.sweep_detector INFO: OrderBlocks: 2 detected, 0 unmitigated
22:01:57 core.sweep_detector INFO: FVGs: 6 detected, 3 unfilled
22:02:00 core.sweep_detector INFO: SweepDetector v2: 1 raw → 1 confirmed (vol≥2.5× body≥30%)
22:02:00 core.sweep_detector INFO: OrderBlocks: 5 detected, 3 unmitigated
22:02:00 core.sweep_detector INFO: FVGs: 12 detected, 4 unfilled
22:02:01 core.sweep_detector INFO: SweepDetector v2: 4 raw → 3 confirmed (vol≥2.5× body≥30%)
22:02:01 core.sweep_detector INFO: OrderBlocks: 3 detected, 0 unmitigated
22:02:01 core.sweep_detector INFO: FVGs: 5 detected, 1 unfilled
22:02:03 core.sweep_detector INFO: SweepDetector v2: 2 raw → 1 confirmed (vol≥2.5× body≥30%)
22:02:03 core.sweep_detector INFO: OrderBlocks: 7 detected, 3 unmitigated
22:02:03 core.sweep_detector INFO: FVGs: 9 detected, 0 unfilled
22:02:05 core.sweep_detector INFO: SweepDetector v2: 2 raw → 1 confirmed (vol≥2.5× body≥30%)
22:02:05 core.sweep_detector INFO: OrderBlocks: 5 detected, 0 unmitigated
22:02:05 core.sweep_detector INFO: FVGs: 7 detected, 0 unfilled
22:02:06 core.sweep_detector INFO: SweepDetector v2: 1 raw → 0 confirmed (vol≥2.5× body≥30%)
22:02:06 core.sweep_detector INFO: OrderBlocks: 8 detected, 2 unmitigated
22:02:06 core.sweep_detector INFO: FVGs: 14 detected, 1 unfilled
22:02:08 core.sweep_detector INFO: SweepDetector v2: 4 raw → 2 confirmed (vol≥2.5× body≥30%)
22:02:08 core.sweep_detector INFO: OrderBlocks: 7 detected, 3 unmitigated
22:02:08 core.sweep_detector INFO: FVGs: 8 detected, 1 unfilled
22:02:09 core.sweep_detector INFO: SweepDetector v2: 2 raw → 1 confirmed (vol≥2.5× body≥30%)
22:02:09 core.sweep_detector INFO: OrderBlocks: 4 detected, 1 unmitigated
22:02:09 core.sweep_detector INFO: FVGs: 9 detected, 3 unfilled
22:02:11 core.sweep_detector INFO: SweepDetector v2: 3 raw → 1 confirmed (vol≥2.5× body≥30%)
22:02:11 core.sweep_detector INFO: OrderBlocks: 4 detected, 2 unmitigated
22:02:11 core.sweep_detector INFO: FVGs: 7 detected, 1 unfilled
22:02:12 core.sweep_detector INFO: SweepDetector v2: 0 raw → 0 confirmed (vol≥2.5× body≥30%)
22:02:12 core.sweep_detector INFO: OrderBlocks: 5 detected, 0 unmitigated
22:02:12 core.sweep_detector INFO: FVGs: 6 detected, 0 unfilled
22:02:14 core.sweep_detector INFO: SweepDetector v2: 0 raw → 0 confirmed (vol≥2.5× body≥30%)
22:02:14 core.sweep_detector INFO: OrderBlocks: 3 detected, 0 unmitigated
22:02:14 core.sweep_detector INFO: FVGs: 0 detected, 0 unfilled
22:02:16 core.sweep_detector INFO: SweepDetector v2: 0 raw → 0 confirmed (vol≥2.5× body≥30%)
22:02:16 core.sweep_detector INFO: OrderBlocks: 0 detected, 0 unmitigated
22:02:16 core.sweep_detector INFO: FVGs: 0 detected, 0 unfilled
22:02:17 core.sweep_detector INFO: SweepDetector v2: 0 raw → 0 confirmed (vol≥2.5× body≥30%)
22:02:17 core.sweep_detector INFO: OrderBlocks: 5 detected, 2 unmitigated
22:02:17 core.sweep_detector INFO: FVGs: 0 detected, 0 unfilled
22:02:19 core.sweep_detector INFO: SweepDetector v2: 0 raw → 0 confirmed (vol≥2.5× body≥30%)
22:02:19 core.sweep_detector INFO: OrderBlocks: 0 detected, 0 unmitigated
22:02:19 core.sweep_detector INFO: FVGs: 0 detected, 0 unfilled
22:02:21 core.sweep_detector INFO: SweepDetector v2: 0 raw → 0 confirmed (vol≥2.5× body≥30%)
22:02:21 core.sweep_detector INFO: OrderBlocks: 0 detected, 0 unmitigated
22:02:21 core.sweep_detector INFO: FVGs: 0 detected, 0 unfilled
22:02:22 core.sweep_detector INFO: SweepDetector v2: 0 raw → 0 confirmed (vol≥2.5× body≥30%)
22:02:22 core.sweep_detector INFO: OrderBlocks: 1 detected, 0 unmitigated
22:02:22 core.sweep_detector INFO: FVGs: 0 detected, 0 unfilled
22:02:24 core.sweep_detector INFO: SweepDetector v2: 0 raw → 0 confirmed (vol≥2.5× body≥30%)
22:02:24 core.sweep_detector INFO: OrderBlocks: 6 detected, 2 unmitigated
22:02:24 core.sweep_detector INFO: FVGs: 12 detected, 3 unfilled
22:02:25 core.sweep_detector INFO: SweepDetector v2: 1 raw → 1 confirmed (vol≥2.5× body≥30%)
22:02:25 core.sweep_detector INFO: OrderBlocks: 3 detected, 1 unmitigated
22:02:25 core.sweep_detector INFO: FVGs: 9 detected, 2 unfilled
22:02:27 core.sweep_detector INFO: SweepDetector v2: 0 raw → 0 confirmed (vol≥2.5× body≥30%)
22:02:27 core.sweep_detector INFO: OrderBlocks: 7 detected, 1 unmitigated
22:02:27 core.sweep_detector INFO: FVGs: 8 detected, 4 unfilled
22:02:29 core.sweep_detector INFO: SweepDetector v2: 0 raw → 0 confirmed (vol≥2.5× body≥30%)
22:02:29 core.sweep_detector INFO: OrderBlocks: 6 detected, 3 unmitigated
22:02:29 core.sweep_detector INFO: FVGs: 9 detected, 3 unfilled
22:02:30 core.sweep_detector INFO: SweepDetector v2: 1 raw → 0 confirmed (vol≥2.5× body≥30%)
22:02:30 core.sweep_detector INFO: OrderBlocks: 3 detected, 2 unmitigated
22:02:30 core.sweep_detector INFO: FVGs: 9 detected, 2 unfilled
22:02:32 core.sweep_detector INFO: SweepDetector v2: 2 raw → 2 confirmed (vol≥2.5× body≥30%)
22:02:32 core.sweep_detector INFO: OrderBlocks: 1 detected, 0 unmitigated
22:02:32 core.sweep_detector INFO: FVGs: 8 detected, 0 unfilled
22:02:34 core.sweep_detector INFO: SweepDetector v2: 2 raw → 2 confirmed (vol≥2.5× body≥30%)
22:02:34 core.sweep_detector INFO: OrderBlocks: 6 detected, 0 unmitigated
22:02:34 core.sweep_detector INFO: FVGs: 7 detected, 0 unfilled
22:02:36 core.sweep_detector INFO: SweepDetector v2: 6 raw → 6 confirmed (vol≥2.5× body≥30%)
22:02:36 core.sweep_detector INFO: OrderBlocks: 2 detected, 1 unmitigated
22:02:36 core.sweep_detector INFO: FVGs: 8 detected, 1 unfilled
22:02:37 core.sweep_detector INFO: SweepDetector v2: 5 raw → 4 confirmed (vol≥2.5× body≥30%)
22:02:37 core.sweep_detector INFO: OrderBlocks: 5 detected, 3 unmitigated
22:02:37 core.sweep_detector INFO: FVGs: 7 detected, 3 unfilled
22:02:39 core.sweep_detector INFO: SweepDetector v2: 1 raw → 1 confirmed (vol≥2.5× body≥30%)
22:02:39 core.sweep_detector INFO: OrderBlocks: 6 detected, 2 unmitigated
22:02:39 core.sweep_detector INFO: FVGs: 9 detected, 3 unfilled
22:02:41 core.sweep_detector INFO: SweepDetector v2: 1 raw → 1 confirmed (vol≥2.5× body≥30%)
22:02:41 core.sweep_detector INFO: OrderBlocks: 2 detected, 1 unmitigated
22:02:41 core.sweep_detector INFO: FVGs: 6 detected, 1 unfilled
22:02:43 core.sweep_detector INFO: SweepDetector v2: 0 raw → 0 confirmed (vol≥2.5× body≥30%)
22:02:43 core.sweep_detector INFO: OrderBlocks: 9 detected, 2 unmitigated
22:02:43 core.sweep_detector INFO: FVGs: 2 detected, 0 unfilled
22:02:44 core.sweep_detector INFO: SweepDetector v2: 2 raw → 1 confirmed (vol≥2.5× body≥30%)
22:02:44 core.sweep_detector INFO: OrderBlocks: 8 detected, 2 unmitigated
22:02:44 core.sweep_detector INFO: FVGs: 13 detected, 5 unfilled
22:02:46 core.sweep_detector INFO: SweepDetector v2: 3 raw → 3 confirmed (vol≥2.5× body≥30%)
22:02:46 core.sweep_detector INFO: OrderBlocks: 5 detected, 2 unmitigated
22:02:46 core.sweep_detector INFO: FVGs: 17 detected, 5 unfilled
22:02:48 core.sweep_detector INFO: SweepDetector v2: 2 raw → 0 confirmed (vol≥2.5× body≥30%)
22:02:48 core.sweep_detector INFO: OrderBlocks: 6 detected, 2 unmitigated
22:02:48 core.sweep_detector INFO: FVGs: 13 detected, 5 unfilled
22:02:50 core.sweep_detector INFO: SweepDetector v2: 3 raw → 2 confirmed (vol≥2.5× body≥30%)
22:02:50 core.sweep_detector INFO: OrderBlocks: 6 detected, 3 unmitigated
22:02:50 core.sweep_detector INFO: FVGs: 14 detected, 4 unfilled
22:02:51 core.sweep_detector INFO: SweepDetector v2: 2 raw → 0 confirmed (vol≥2.5× body≥30%)
22:02:51 core.sweep_detector INFO: OrderBlocks: 10 detected, 4 unmitigated
22:02:51 core.sweep_detector INFO: FVGs: 16 detected, 5 unfilled
22:02:53 core.sweep_detector INFO: SweepDetector v2: 2 raw → 1 confirmed (vol≥2.5× body≥30%)
22:02:53 core.sweep_detector INFO: OrderBlocks: 2 detected, 1 unmitigated
22:02:53 core.sweep_detector INFO: FVGs: 10 detected, 5 unfilled
22:02:55 core.sweep_detector INFO: SweepDetector v2: 2 raw → 2 confirmed (vol≥2.5× body≥30%)
22:02:55 core.sweep_detector INFO: OrderBlocks: 8 detected, 2 unmitigated
22:02:55 core.sweep_detector INFO: FVGs: 8 detected, 4 unfilled
22:02:56 core.sweep_detector INFO: SweepDetector v2: 1 raw → 1 confirmed (vol≥2.5× body≥30%)
22:02:56 core.sweep_detector INFO: OrderBlocks: 3 detected, 1 unmitigated
22:02:56 core.sweep_detector INFO: FVGs: 6 detected, 3 unfilled
22:02:58 core.sweep_detector INFO: SweepDetector v2: 2 raw → 1 confirmed (vol≥2.5× body≥30%)
22:02:58 core.sweep_detector INFO: OrderBlocks: 9 detected, 3 unmitigated
22:02:58 core.sweep_detector INFO: FVGs: 5 detected, 0 unfilled
22:03:00 core.sweep_detector INFO: SweepDetector v2: 0 raw → 0 confirmed (vol≥2.5× body≥30%)
22:03:00 core.sweep_detector INFO: OrderBlocks: 3 detected, 1 unmitigated
22:03:00 core.sweep_detector INFO: FVGs: 12 detected, 2 unfilled
22:03:01 core.sweep_detector INFO: SweepDetector v2: 0 raw → 0 confirmed (vol≥2.5× body≥30%)
22:03:02 core.sweep_detector INFO: OrderBlocks: 4 detected, 0 unmitigated
22:03:02 core.sweep_detector INFO: FVGs: 8 detected, 1 unfilled
22:03:03 core.sweep_detector INFO: SweepDetector v2: 1 raw → 1 confirmed (vol≥2.5× body≥30%)
22:03:03 core.sweep_detector INFO: OrderBlocks: 3 detected, 1 unmitigated
22:03:03 core.sweep_detector INFO: FVGs: 8 detected, 1 unfilled
22:03:05 core.sweep_detector INFO: SweepDetector v2: 0 raw → 0 confirmed (vol≥2.5× body≥30%)
22:03:05 core.sweep_detector INFO: OrderBlocks: 7 detected, 3 unmitigated
22:03:05 core.sweep_detector INFO: FVGs: 11 detected, 6 unfilled
22:03:06 core.sweep_detector INFO: SweepDetector v2: 0 raw → 0 confirmed (vol≥2.5× body≥30%)
22:03:06 core.sweep_detector INFO: OrderBlocks: 2 detected, 1 unmitigated
22:03:06 core.sweep_detector INFO: FVGs: 11 detected, 4 unfilled
22:03:08 core.sweep_detector INFO: SweepDetector v2: 1 raw → 1 confirmed (vol≥2.5× body≥30%)
22:03:08 core.sweep_detector INFO: OrderBlocks: 6 detected, 2 unmitigated
22:03:08 core.sweep_detector INFO: FVGs: 9 detected, 3 unfilled
22:03:10 core.sweep_detector INFO: SweepDetector v2: 9 raw → 6 confirmed (vol≥2.5× body≥30%)
22:03:10 core.sweep_detector INFO: OrderBlocks: 7 detected, 2 unmitigated
22:03:10 core.sweep_detector INFO: FVGs: 10 detected, 7 unfilled
22:03:11 core.sweep_detector INFO: SweepDetector v2: 4 raw → 3 confirmed (vol≥2.5× body≥30%)
22:03:11 core.sweep_detector INFO: OrderBlocks: 5 detected, 1 unmitigated
22:03:11 core.sweep_detector INFO: FVGs: 8 detected, 3 unfilled
22:03:13 core.sweep_detector INFO: SweepDetector v2: 1 raw → 0 confirmed (vol≥2.5× body≥30%)
22:03:13 core.sweep_detector INFO: OrderBlocks: 5 detected, 2 unmitigated
22:03:13 core.sweep_detector INFO: FVGs: 6 detected, 1 unfilled
22:03:15 core.sweep_detector INFO: SweepDetector v2: 1 raw → 1 confirmed (vol≥2.5× body≥30%)
22:03:15 core.sweep_detector INFO: OrderBlocks: 4 detected, 2 unmitigated
22:03:15 core.sweep_detector INFO: FVGs: 8 detected, 4 unfilled
22:03:17 core.sweep_detector INFO: SweepDetector v2: 2 raw → 1 confirmed (vol≥2.5× body≥30%)
22:03:17 core.sweep_detector INFO: OrderBlocks: 4 detected, 0 unmitigated
22:03:17 core.sweep_detector INFO: FVGs: 5 detected, 1 unfilled
22:03:19 core.sweep_detector INFO: SweepDetector v2: 0 raw → 0 confirmed (vol≥2.5× body≥30%)
22:03:19 core.sweep_detector INFO: OrderBlocks: 4 detected, 1 unmitigated
22:03:19 core.sweep_detector INFO: FVGs: 4 detected, 0 unfilled
22:03:21 core.sweep_detector INFO: SweepDetector v2: 0 raw → 0 confirmed (vol≥2.5× body≥30%)
22:03:21 core.sweep_detector INFO: OrderBlocks: 7 detected, 2 unmitigated
22:03:21 core.sweep_detector INFO: FVGs: 4 detected, 2 unfilled
22:03:22 core.sweep_detector INFO: SweepDetector v2: 1 raw → 1 confirmed (vol≥2.5× body≥30%)
22:03:22 core.sweep_detector INFO: OrderBlocks: 4 detected, 2 unmitigated
22:03:22 core.sweep_detector INFO: FVGs: 6 detected, 2 unfilled
22:03:24 core.sweep_detector INFO: SweepDetector v2: 0 raw → 0 confirmed (vol≥2.5× body≥30%)
22:03:24 core.sweep_detector INFO: OrderBlocks: 9 detected, 2 unmitigated
22:03:24 core.sweep_detector INFO: FVGs: 4 detected, 1 unfilled
22:03:26 core.sweep_detector INFO: SweepDetector v2: 1 raw → 1 confirmed (vol≥2.5× body≥30%)
22:03:26 core.sweep_detector INFO: OrderBlocks: 7 detected, 2 unmitigated
22:03:26 core.sweep_detector INFO: FVGs: 4 detected, 3 unfilled
22:03:27 core.sweep_detector INFO: SweepDetector v2: 2 raw → 1 confirmed (vol≥2.5× body≥30%)
22:03:27 core.sweep_detector INFO: OrderBlocks: 2 detected, 0 unmitigated
22:03:27 core.sweep_detector INFO: FVGs: 4 detected, 2 unfilled
22:03:29 core.sweep_detector INFO: SweepDetector v2: 0 raw → 0 confirmed (vol≥2.5× body≥30%)
22:03:29 core.sweep_detector INFO: OrderBlocks: 6 detected, 1 unmitigated
22:03:29 core.sweep_detector INFO: FVGs: 4 detected, 2 unfilled
22:03:30 core.sweep_detector INFO: SweepDetector v2: 0 raw → 0 confirmed (vol≥2.5× body≥30%)
22:03:31 core.sweep_detector INFO: OrderBlocks: 3 detected, 1 unmitigated
22:03:31 core.sweep_detector INFO: FVGs: 12 detected, 4 unfilled
22:03:32 core.sweep_detector INFO: SweepDetector v2: 1 raw → 1 confirmed (vol≥2.5× body≥30%)
22:03:32 core.sweep_detector INFO: OrderBlocks: 8 detected, 2 unmitigated
22:03:32 core.sweep_detector INFO: FVGs: 11 detected, 5 unfilled
22:03:34 core.sweep_detector INFO: SweepDetector v2: 2 raw → 0 confirmed (vol≥2.5× body≥30%)
22:03:34 core.sweep_detector INFO: OrderBlocks: 4 detected, 0 unmitigated
22:03:34 core.sweep_detector INFO: FVGs: 5 detected, 1 unfilled
22:03:35 core.sweep_detector INFO: SweepDetector v2: 3 raw → 2 confirmed (vol≥2.5× body≥30%)
22:03:35 core.sweep_detector INFO: OrderBlocks: 10 detected, 2 unmitigated
22:03:35 core.sweep_detector INFO: FVGs: 13 detected, 2 unfilled
22:03:38 core.sweep_detector INFO: SweepDetector v2: 2 raw → 1 confirmed (vol≥2.5× body≥30%)
22:03:38 core.sweep_detector INFO: OrderBlocks: 6 detected, 0 unmitigated
22:03:38 core.sweep_detector INFO: FVGs: 10 detected, 3 unfilled
22:03:39 core.sweep_detector INFO: SweepDetector v2: 1 raw → 1 confirmed (vol≥2.5× body≥30%)
22:03:39 core.sweep_detector INFO: OrderBlocks: 3 detected, 1 unmitigated
22:03:39 core.sweep_detector INFO: FVGs: 7 detected, 3 unfilled
22:03:42 core.sweep_detector INFO: SweepDetector v2: 2 raw → 2 confirmed (vol≥2.5× body≥30%)
22:03:42 core.sweep_detector INFO: OrderBlocks: 13 detected, 2 unmitigated
22:03:42 core.sweep_detector INFO: FVGs: 16 detected, 3 unfilled
22:03:43 core.sweep_detector INFO: SweepDetector v2: 3 raw → 3 confirmed (vol≥2.5× body≥30%)
22:03:43 core.sweep_detector INFO: OrderBlocks: 4 detected, 2 unmitigated
22:03:43 core.sweep_detector INFO: FVGs: 5 detected, 2 unfilled
22:03:45 core.sweep_detector INFO: SweepDetector v2: 2 raw → 1 confirmed (vol≥2.5× body≥30%)
22:03:45 core.sweep_detector INFO: OrderBlocks: 5 detected, 1 unmitigated
22:03:45 core.sweep_detector INFO: FVGs: 4 detected, 2 unfilled
22:03:47 core.sweep_detector INFO: SweepDetector v2: 6 raw → 3 confirmed (vol≥2.5× body≥30%)
22:03:47 core.sweep_detector INFO: OrderBlocks: 6 detected, 4 unmitigated
22:03:47 core.sweep_detector INFO: FVGs: 10 detected, 4 unfilled
22:03:48 core.sweep_detector INFO: SweepDetector v2: 5 raw → 4 confirmed (vol≥2.5× body≥30%)
22:03:48 core.sweep_detector INFO: OrderBlocks: 5 detected, 1 unmitigated
22:03:48 core.sweep_detector INFO: FVGs: 8 detected, 4 unfilled
22:03:51 core.sweep_detector INFO: SweepDetector v2: 0 raw → 0 confirmed (vol≥2.5× body≥30%)
22:03:51 core.sweep_detector INFO: OrderBlocks: 6 detected, 2 unmitigated
22:03:51 core.sweep_detector INFO: FVGs: 7 detected, 1 unfilled
22:03:52 core.sweep_detector INFO: SweepDetector v2: 1 raw → 1 confirmed (vol≥2.5× body≥30%)
22:03:52 core.sweep_detector INFO: OrderBlocks: 6 detected, 3 unmitigated
22:03:52 core.sweep_detector INFO: FVGs: 11 detected, 6 unfilled
22:03:54 core.sweep_detector INFO: SweepDetector v2: 2 raw → 0 confirmed (vol≥2.5× body≥30%)
22:03:54 core.sweep_detector INFO: OrderBlocks: 5 detected, 0 unmitigated
22:03:54 core.sweep_detector INFO: FVGs: 12 detected, 1 unfilled
22:03:55 core.sweep_detector INFO: SweepDetector v2: 1 raw → 1 confirmed (vol≥2.5× body≥30%)
22:03:55 core.sweep_detector INFO: OrderBlocks: 8 detected, 4 unmitigated
22:03:55 core.sweep_detector INFO: FVGs: 5 detected, 1 unfilled
22:03:57 core.sweep_detector INFO: SweepDetector v2: 3 raw → 2 confirmed (vol≥2.5× body≥30%)
22:03:57 core.sweep_detector INFO: OrderBlocks: 4 detected, 0 unmitigated
22:03:57 core.sweep_detector INFO: FVGs: 7 detected, 1 unfilled
22:03:59 core.sweep_detector INFO: SweepDetector v2: 4 raw → 4 confirmed (vol≥2.5× body≥30%)
22:03:59 core.sweep_detector INFO: OrderBlocks: 2 detected, 0 unmitigated
22:03:59 core.sweep_detector INFO: FVGs: 3 detected, 0 unfilled
22:03:59 __main__ INFO: Pending signal #32: binance:PAXG/USDT long entry=4492.86 current=4506.51 dist=0.30% expires=8h
22:03:59 alerts.telegram INFO: Alert suppressed (binance:PAXG/USDT long): conf 0.67 < threshold 0.80
22:04:02 core.sweep_detector INFO: SweepDetector v2: 0 raw → 0 confirmed (vol≥2.5× body≥30%)
22:04:02 core.sweep_detector INFO: OrderBlocks: 7 detected, 1 unmitigated
22:04:02 core.sweep_detector INFO: FVGs: 1 detected, 0 unfilled
22:04:04 core.sweep_detector INFO: SweepDetector v2: 0 raw → 0 confirmed (vol≥2.5× body≥30%)
22:04:04 core.sweep_detector INFO: OrderBlocks: 6 detected, 3 unmitigated
22:04:04 core.sweep_detector INFO: FVGs: 10 detected, 4 unfilled
22:04:05 core.sweep_detector INFO: SweepDetector v2: 3 raw → 2 confirmed (vol≥2.5× body≥30%)
22:04:05 core.sweep_detector INFO: OrderBlocks: 4 detected, 1 unmitigated
22:04:05 core.sweep_detector INFO: FVGs: 5 detected, 2 unfilled
22:04:07 core.sweep_detector INFO: SweepDetector v2: 1 raw → 1 confirmed (vol≥2.5× body≥30%)
22:04:07 core.sweep_detector INFO: OrderBlocks: 4 detected, 1 unmitigated
22:04:07 core.sweep_detector INFO: FVGs: 7 detected, 2 unfilled
22:04:09 core.sweep_detector INFO: SweepDetector v2: 1 raw → 1 confirmed (vol≥2.5× body≥30%)
22:04:09 core.sweep_detector INFO: OrderBlocks: 3 detected, 1 unmitigated
22:04:09 core.sweep_detector INFO: FVGs: 5 detected, 1 unfilled
22:04:10 core.sweep_detector INFO: SweepDetector v2: 2 raw → 2 confirmed (vol≥2.5× body≥30%)
22:04:10 core.sweep_detector INFO: OrderBlocks: 2 detected, 0 unmitigated
22:04:10 core.sweep_detector INFO: FVGs: 4 detected, 2 unfilled
22:04:12 core.sweep_detector INFO: SweepDetector v2: 1 raw → 1 confirmed (vol≥2.5× body≥30%)
22:04:12 core.sweep_detector INFO: OrderBlocks: 0 detected, 0 unmitigated
22:04:12 core.sweep_detector INFO: FVGs: 1 detected, 1 unfilled
22:04:14 core.sweep_detector INFO: SweepDetector v2: 2 raw → 2 confirmed (vol≥2.5× body≥30%)
22:04:14 core.sweep_detector INFO: OrderBlocks: 8 detected, 3 unmitigated
22:04:14 core.sweep_detector INFO: FVGs: 9 detected, 3 unfilled
22:04:15 core.sweep_detector INFO: SweepDetector v2: 4 raw → 2 confirmed (vol≥2.5× body≥30%)
22:04:15 core.sweep_detector INFO: OrderBlocks: 1 detected, 0 unmitigated
22:04:15 core.sweep_detector INFO: FVGs: 8 detected, 3 unfilled
22:04:16 core.sweep_detector INFO: SweepDetector v2: 2 raw → 0 confirmed (vol≥2.5× body≥30%)
22:04:16 core.sweep_detector INFO: OrderBlocks: 7 detected, 0 unmitigated
22:04:16 core.sweep_detector INFO: FVGs: 5 detected, 0 unfilled
22:04:20 core.sweep_detector INFO: SweepDetector v2: 1 raw → 0 confirmed (vol≥2.5× body≥30%)
22:04:20 core.sweep_detector INFO: OrderBlocks: 5 detected, 1 unmitigated
22:04:20 core.sweep_detector INFO: FVGs: 5 detected, 2 unfilled
22:04:22 core.sweep_detector INFO: SweepDetector v2: 4 raw → 4 confirmed (vol≥2.5× body≥30%)
22:04:22 core.sweep_detector INFO: OrderBlocks: 1 detected, 0 unmitigated
22:04:22 core.sweep_detector INFO: FVGs: 7 detected, 1 unfilled
22:04:23 core.sweep_detector INFO: SweepDetector v2: 0 raw → 0 confirmed (vol≥2.5× body≥30%)
22:04:23 core.sweep_detector INFO: OrderBlocks: 4 detected, 0 unmitigated
22:04:23 core.sweep_detector INFO: FVGs: 8 detected, 1 unfilled
22:04:25 core.sweep_detector INFO: SweepDetector v2: 2 raw → 2 confirmed (vol≥2.5× body≥30%)
22:04:25 core.sweep_detector INFO: OrderBlocks: 6 detected, 3 unmitigated
22:04:25 core.sweep_detector INFO: FVGs: 9 detected, 2 unfilled
22:04:27 core.sweep_detector INFO: SweepDetector v2: 1 raw → 1 confirmed (vol≥2.5× body≥30%)
22:04:27 core.sweep_detector INFO: OrderBlocks: 4 detected, 1 unmitigated
22:04:27 core.sweep_detector INFO: FVGs: 6 detected, 1 unfilled
22:04:28 core.sweep_detector INFO: SweepDetector v2: 0 raw → 0 confirmed (vol≥2.5× body≥30%)
22:04:28 core.sweep_detector INFO: OrderBlocks: 8 detected, 2 unmitigated
22:04:28 core.sweep_detector INFO: FVGs: 7 detected, 2 unfilled
22:04:30 core.sweep_detector INFO: SweepDetector v2: 0 raw → 0 confirmed (vol≥2.5× body≥30%)
22:04:30 core.sweep_detector INFO: OrderBlocks: 1 detected, 0 unmitigated
22:04:30 core.sweep_detector INFO: FVGs: 0 detected, 0 unfilled
22:04:32 core.sweep_detector INFO: SweepDetector v2: 0 raw → 0 confirmed (vol≥2.5× body≥30%)
22:04:32 core.sweep_detector INFO: OrderBlocks: 0 detected, 0 unmitigated
22:04:32 core.sweep_detector INFO: FVGs: 0 detected, 0 unfilled
22:04:33 core.sweep_detector INFO: SweepDetector v2: 0 raw → 0 confirmed (vol≥2.5× body≥30%)
22:04:33 core.sweep_detector INFO: OrderBlocks: 0 detected, 0 unmitigated
22:04:33 core.sweep_detector INFO: FVGs: 0 detected, 0 unfilled
22:04:35 core.sweep_detector INFO: SweepDetector v2: 2 raw → 2 confirmed (vol≥2.5× body≥30%)
22:04:35 core.sweep_detector INFO: OrderBlocks: 5 detected, 2 unmitigated
22:04:35 core.sweep_detector INFO: FVGs: 6 detected, 1 unfilled
22:04:36 core.sweep_detector INFO: SweepDetector v2: 3 raw → 3 confirmed (vol≥2.5× body≥30%)
22:04:37 core.sweep_detector INFO: OrderBlocks: 4 detected, 0 unmitigated
22:04:37 core.sweep_detector INFO: FVGs: 8 detected, 0 unfilled
22:04:38 core.sweep_detector INFO: SweepDetector v2: 1 raw → 1 confirmed (vol≥2.5× body≥30%)
22:04:38 core.sweep_detector INFO: OrderBlocks: 7 detected, 2 unmitigated
22:04:38 core.sweep_detector INFO: FVGs: 6 detected, 1 unfilled
22:04:40 core.sweep_detector INFO: SweepDetector v2: 2 raw → 1 confirmed (vol≥2.5× body≥30%)
22:04:40 core.sweep_detector INFO: OrderBlocks: 6 detected, 1 unmitigated
22:04:40 core.sweep_detector INFO: FVGs: 12 detected, 2 unfilled
22:04:42 core.sweep_detector INFO: SweepDetector v2: 1 raw → 0 confirmed (vol≥2.5× body≥30%)
22:04:42 core.sweep_detector INFO: OrderBlocks: 1 detected, 1 unmitigated
22:04:42 core.sweep_detector INFO: FVGs: 8 detected, 6 unfilled
22:04:43 core.sweep_detector INFO: SweepDetector v2: 1 raw → 0 confirmed (vol≥2.5× body≥30%)
22:04:43 core.sweep_detector INFO: OrderBlocks: 4 detected, 2 unmitigated
22:04:43 core.sweep_detector INFO: FVGs: 9 detected, 4 unfilled
22:04:45 core.sweep_detector INFO: SweepDetector v2: 0 raw → 0 confirmed (vol≥2.5× body≥30%)
22:04:45 core.sweep_detector INFO: OrderBlocks: 4 detected, 2 unmitigated
22:04:45 core.sweep_detector INFO: FVGs: 11 detected, 8 unfilled
22:04:47 core.sweep_detector INFO: SweepDetector v2: 0 raw → 0 confirmed (vol≥2.5× body≥30%)
22:04:47 core.sweep_detector INFO: OrderBlocks: 2 detected, 0 unmitigated
22:04:47 core.sweep_detector INFO: FVGs: 5 detected, 1 unfilled
22:04:48 core.sweep_detector INFO: SweepDetector v2: 1 raw → 1 confirmed (vol≥2.5× body≥30%)
22:04:48 core.sweep_detector INFO: OrderBlocks: 5 detected, 1 unmitigated
22:04:48 core.sweep_detector INFO: FVGs: 2 detected, 0 unfilled
22:04:50 core.sweep_detector INFO: SweepDetector v2: 5 raw → 3 confirmed (vol≥2.5× body≥30%)
22:04:50 core.sweep_detector INFO: OrderBlocks: 8 detected, 2 unmitigated
22:04:50 core.sweep_detector INFO: FVGs: 9 detected, 2 unfilled
22:04:52 core.sweep_detector INFO: SweepDetector v2: 2 raw → 2 confirmed (vol≥2.5× body≥30%)
22:04:52 core.sweep_detector INFO: OrderBlocks: 6 detected, 3 unmitigated
22:04:52 core.sweep_detector INFO: FVGs: 16 detected, 4 unfilled
22:04:53 core.sweep_detector INFO: SweepDetector v2: 1 raw → 1 confirmed (vol≥2.5× body≥30%)
22:04:53 core.sweep_detector INFO: OrderBlocks: 3 detected, 0 unmitigated
22:04:53 core.sweep_detector INFO: FVGs: 9 detected, 5 unfilled
22:04:55 core.sweep_detector INFO: SweepDetector v2: 0 raw → 0 confirmed (vol≥2.5× body≥30%)
22:04:55 core.sweep_detector INFO: OrderBlocks: 5 detected, 1 unmitigated
22:04:55 core.sweep_detector INFO: FVGs: 8 detected, 3 unfilled
22:04:57 core.sweep_detector INFO: SweepDetector v2: 2 raw → 2 confirmed (vol≥2.5× body≥30%)
22:04:57 core.sweep_detector INFO: OrderBlocks: 4 detected, 3 unmitigated
22:04:57 core.sweep_detector INFO: FVGs: 5 detected, 2 unfilled
22:04:59 core.sweep_detector INFO: SweepDetector v2: 0 raw → 0 confirmed (vol≥2.5× body≥30%)
22:04:59 core.sweep_detector INFO: OrderBlocks: 1 detected, 1 unmitigated
22:04:59 core.sweep_detector INFO: FVGs: 1 detected, 1 unfilled
22:05:01 core.sweep_detector INFO: SweepDetector v2: 1 raw → 1 confirmed (vol≥2.5× body≥30%)
22:05:01 core.sweep_detector INFO: OrderBlocks: 3 detected, 2 unmitigated
22:05:01 core.sweep_detector INFO: FVGs: 12 detected, 8 unfilled
22:05:02 core.sweep_detector INFO: SweepDetector v2: 1 raw → 1 confirmed (vol≥2.5× body≥30%)
22:05:02 core.sweep_detector INFO: OrderBlocks: 0 detected, 0 unmitigated
22:05:02 core.sweep_detector INFO: FVGs: 1 detected, 1 unfilled
22:05:04 core.sweep_detector INFO: SweepDetector v2: 3 raw → 3 confirmed (vol≥2.5× body≥30%)
22:05:04 core.sweep_detector INFO: OrderBlocks: 7 detected, 1 unmitigated
22:05:04 core.sweep_detector INFO: FVGs: 9 detected, 5 unfilled
22:05:06 core.sweep_detector INFO: SweepDetector v2: 1 raw → 0 confirmed (vol≥2.5× body≥30%)
22:05:06 core.sweep_detector INFO: OrderBlocks: 7 detected, 1 unmitigated
22:05:06 core.sweep_detector INFO: FVGs: 8 detected, 3 unfilled
22:05:08 core.sweep_detector INFO: SweepDetector v2: 3 raw → 1 confirmed (vol≥2.5× body≥30%)
22:05:08 core.sweep_detector INFO: OrderBlocks: 3 detected, 2 unmitigated
22:05:08 core.sweep_detector INFO: FVGs: 6 detected, 1 unfilled
22:05:09 core.sweep_detector INFO: SweepDetector v2: 0 raw → 0 confirmed (vol≥2.5× body≥30%)
22:05:09 core.sweep_detector INFO: OrderBlocks: 9 detected, 0 unmitigated
22:05:09 core.sweep_detector INFO: FVGs: 4 detected, 1 unfilled
22:05:11 core.sweep_detector INFO: SweepDetector v2: 4 raw → 3 confirmed (vol≥2.5× body≥30%)
22:05:11 core.sweep_detector INFO: OrderBlocks: 7 detected, 2 unmitigated
22:05:11 core.sweep_detector INFO: FVGs: 9 detected, 2 unfilled
22:05:12 core.sweep_detector INFO: SweepDetector v2: 2 raw → 1 confirmed (vol≥2.5× body≥30%)
22:05:12 core.sweep_detector INFO: OrderBlocks: 4 detected, 2 unmitigated
22:05:12 core.sweep_detector INFO: FVGs: 15 detected, 6 unfilled
22:05:14 core.sweep_detector INFO: SweepDetector v2: 2 raw → 1 confirmed (vol≥2.5× body≥30%)
22:05:14 core.sweep_detector INFO: OrderBlocks: 5 detected, 1 unmitigated
22:05:14 core.sweep_detector INFO: FVGs: 7 detected, 2 unfilled
22:05:16 core.sweep_detector INFO: SweepDetector v2: 7 raw → 5 confirmed (vol≥2.5× body≥30%)
22:05:16 core.sweep_detector INFO: OrderBlocks: 6 detected, 5 unmitigated
22:05:16 core.sweep_detector INFO: FVGs: 13 detected, 8 unfilled
22:05:17 core.sweep_detector INFO: SweepDetector v2: 2 raw → 1 confirmed (vol≥2.5× body≥30%)
22:05:17 core.sweep_detector INFO: OrderBlocks: 2 detected, 1 unmitigated
22:05:17 core.sweep_detector INFO: FVGs: 6 detected, 2 unfilled
22:05:19 core.sweep_detector INFO: SweepDetector v2: 3 raw → 3 confirmed (vol≥2.5× body≥30%)
22:05:19 core.sweep_detector INFO: OrderBlocks: 2 detected, 0 unmitigated
22:05:19 core.sweep_detector INFO: FVGs: 6 detected, 1 unfilled
22:05:21 core.sweep_detector INFO: SweepDetector v2: 0 raw → 0 confirmed (vol≥2.5× body≥30%)
22:05:21 core.sweep_detector INFO: OrderBlocks: 6 detected, 4 unmitigated
22:05:21 core.sweep_detector INFO: FVGs: 13 detected, 6 unfilled
22:05:22 core.sweep_detector INFO: SweepDetector v2: 2 raw → 1 confirmed (vol≥2.5× body≥30%)
22:05:22 core.sweep_detector INFO: OrderBlocks: 3 detected, 3 unmitigated
22:05:22 core.sweep_detector INFO: FVGs: 6 detected, 4 unfilled
22:05:24 core.sweep_detector INFO: SweepDetector v2: 1 raw → 0 confirmed (vol≥2.5× body≥30%)
22:05:24 core.sweep_detector INFO: OrderBlocks: 9 detected, 2 unmitigated
22:05:24 core.sweep_detector INFO: FVGs: 6 detected, 2 unfilled
22:05:26 core.sweep_detector INFO: SweepDetector v2: 3 raw → 3 confirmed (vol≥2.5× body≥30%)
22:05:26 core.sweep_detector INFO: OrderBlocks: 3 detected, 1 unmitigated
22:05:26 core.sweep_detector INFO: FVGs: 4 detected, 1 unfilled
22:05:27 core.sweep_detector INFO: SweepDetector v2: 2 raw → 1 confirmed (vol≥2.5× body≥30%)
22:05:27 core.sweep_detector INFO: OrderBlocks: 5 detected, 0 unmitigated
22:05:27 core.sweep_detector INFO: FVGs: 5 detected, 0 unfilled
22:05:30 core.sweep_detector INFO: SweepDetector v2: 1 raw → 1 confirmed (vol≥2.5× body≥30%)
22:05:30 core.sweep_detector INFO: OrderBlocks: 7 detected, 3 unmitigated
22:05:30 core.sweep_detector INFO: FVGs: 7 detected, 1 unfilled
22:05:32 core.sweep_detector INFO: SweepDetector v2: 3 raw → 2 confirmed (vol≥2.5× body≥30%)
22:05:32 core.sweep_detector INFO: OrderBlocks: 1 detected, 1 unmitigated
22:05:32 core.sweep_detector INFO: FVGs: 12 detected, 8 unfilled
22:05:33 core.sweep_detector INFO: SweepDetector v2: 2 raw → 2 confirmed (vol≥2.5× body≥30%)
22:05:33 core.sweep_detector INFO: OrderBlocks: 4 detected, 1 unmitigated
22:05:33 core.sweep_detector INFO: FVGs: 10 detected, 4 unfilled
22:05:35 core.sweep_detector INFO: SweepDetector v2: 2 raw → 1 confirmed (vol≥2.5× body≥30%)
22:05:35 core.sweep_detector INFO: OrderBlocks: 5 detected, 2 unmitigated
22:05:35 core.sweep_detector INFO: FVGs: 8 detected, 6 unfilled
22:05:37 core.sweep_detector INFO: SweepDetector v2: 1 raw → 0 confirmed (vol≥2.5× body≥30%)
22:05:37 core.sweep_detector INFO: OrderBlocks: 3 detected, 0 unmitigated
22:05:37 core.sweep_detector INFO: FVGs: 12 detected, 5 unfilled
22:05:38 core.sweep_detector INFO: SweepDetector v2: 1 raw → 1 confirmed (vol≥2.5× body≥30%)
22:05:38 core.sweep_detector INFO: OrderBlocks: 2 detected, 0 unmitigated
22:05:38 core.sweep_detector INFO: FVGs: 3 detected, 1 unfilled
22:05:41 core.sweep_detector INFO: SweepDetector v2: 1 raw → 1 confirmed (vol≥2.5× body≥30%)
22:05:41 core.sweep_detector INFO: OrderBlocks: 1 detected, 0 unmitigated
22:05:41 core.sweep_detector INFO: FVGs: 3 detected, 1 unfilled
22:05:42 core.sweep_detector INFO: SweepDetector v2: 1 raw → 0 confirmed (vol≥2.5× body≥30%)
22:05:42 core.sweep_detector INFO: OrderBlocks: 5 detected, 3 unmitigated
22:05:42 core.sweep_detector INFO: FVGs: 10 detected, 6 unfilled
22:05:44 core.sweep_detector INFO: SweepDetector v2: 1 raw → 1 confirmed (vol≥2.5× body≥30%)
22:05:44 core.sweep_detector INFO: OrderBlocks: 4 detected, 2 unmitigated
22:05:44 core.sweep_detector INFO: FVGs: 10 detected, 4 unfilled
22:05:46 core.sweep_detector INFO: SweepDetector v2: 2 raw → 1 confirmed (vol≥2.5× body≥30%)
22:05:46 core.sweep_detector INFO: OrderBlocks: 6 detected, 1 unmitigated
22:05:46 core.sweep_detector INFO: FVGs: 3 detected, 0 unfilled
22:05:47 core.sweep_detector INFO: SweepDetector v2: 0 raw → 0 confirmed (vol≥2.5× body≥30%)
22:05:47 core.sweep_detector INFO: OrderBlocks: 10 detected, 2 unmitigated
22:05:47 core.sweep_detector INFO: FVGs: 11 detected, 2 unfilled
22:05:49 core.sweep_detector INFO: SweepDetector v2: 1 raw → 1 confirmed (vol≥2.5× body≥30%)
22:05:49 core.sweep_detector INFO: OrderBlocks: 5 detected, 4 unmitigated
22:05:49 core.sweep_detector INFO: FVGs: 7 detected, 4 unfilled
22:05:52 core.sweep_detector INFO: SweepDetector v2: 0 raw → 0 confirmed (vol≥2.5× body≥30%)
22:05:52 core.sweep_detector INFO: OrderBlocks: 3 detected, 1 unmitigated
22:05:52 core.sweep_detector INFO: FVGs: 5 detected, 2 unfilled
22:05:54 core.sweep_detector INFO: SweepDetector v2: 0 raw → 0 confirmed (vol≥2.5× body≥30%)
22:05:54 core.sweep_detector INFO: OrderBlocks: 3 detected, 0 unmitigated
22:05:54 core.sweep_detector INFO: FVGs: 0 detected, 0 unfilled
22:05:55 core.sweep_detector INFO: SweepDetector v2: 0 raw → 0 confirmed (vol≥2.5× body≥30%)
22:05:56 core.sweep_detector INFO: OrderBlocks: 0 detected, 0 unmitigated
22:05:56 core.sweep_detector INFO: FVGs: 0 detected, 0 unfilled
22:05:57 core.sweep_detector INFO: SweepDetector v2: 0 raw → 0 confirmed (vol≥2.5× body≥30%)
22:05:57 core.sweep_detector INFO: OrderBlocks: 0 detected, 0 unmitigated
22:05:57 core.sweep_detector INFO: FVGs: 0 detected, 0 unfilled
22:05:59 core.sweep_detector INFO: SweepDetector v2: 1 raw → 1 confirmed (vol≥2.5× body≥30%)
22:05:59 core.sweep_detector INFO: OrderBlocks: 5 detected, 2 unmitigated
22:05:59 core.sweep_detector INFO: FVGs: 8 detected, 4 unfilled
22:06:01 core.sweep_detector INFO: SweepDetector v2: 1 raw → 1 confirmed (vol≥2.5× body≥30%)
22:06:01 core.sweep_detector INFO: OrderBlocks: 5 detected, 0 unmitigated
22:06:01 core.sweep_detector INFO: FVGs: 6 detected, 1 unfilled
22:06:04 core.sweep_detector INFO: SweepDetector v2: 1 raw → 1 confirmed (vol≥2.5× body≥30%)
22:06:04 core.sweep_detector INFO: OrderBlocks: 6 detected, 3 unmitigated
22:06:04 core.sweep_detector INFO: FVGs: 5 detected, 1 unfilled
22:06:06 core.sweep_detector INFO: SweepDetector v2: 1 raw → 1 confirmed (vol≥2.5× body≥30%)
22:06:06 core.sweep_detector INFO: OrderBlocks: 2 detected, 0 unmitigated
22:06:06 core.sweep_detector INFO: FVGs: 0 detected, 0 unfilled
22:06:08 core.sweep_detector INFO: SweepDetector v2: 0 raw → 0 confirmed (vol≥2.5× body≥30%)
22:06:08 core.sweep_detector INFO: OrderBlocks: 0 detected, 0 unmitigated
22:06:08 core.sweep_detector INFO: FVGs: 0 detected, 0 unfilled
22:06:09 core.sweep_detector INFO: SweepDetector v2: 0 raw → 0 confirmed (vol≥2.5× body≥30%)
22:06:09 core.sweep_detector INFO: OrderBlocks: 0 detected, 0 unmitigated
22:06:09 core.sweep_detector INFO: FVGs: 0 detected, 0 unfilled
22:06:11 core.sweep_detector INFO: SweepDetector v2: 0 raw → 0 confirmed (vol≥2.5× body≥30%)
22:06:11 core.sweep_detector INFO: OrderBlocks: 3 detected, 0 unmitigated
22:06:11 core.sweep_detector INFO: FVGs: 0 detected, 0 unfilled
22:06:13 core.sweep_detector INFO: SweepDetector v2: 0 raw → 0 confirmed (vol≥2.5× body≥30%)
22:06:13 core.sweep_detector INFO: OrderBlocks: 0 detected, 0 unmitigated
22:06:13 core.sweep_detector INFO: FVGs: 0 detected, 0 unfilled
22:06:15 core.sweep_detector INFO: SweepDetector v2: 0 raw → 0 confirmed (vol≥2.5× body≥30%)
22:06:15 core.sweep_detector INFO: OrderBlocks: 0 detected, 0 unmitigated
22:06:15 core.sweep_detector INFO: FVGs: 0 detected, 0 unfilled
22:06:16 core.sweep_detector INFO: SweepDetector v2: 0 raw → 0 confirmed (vol≥2.5× body≥30%)
22:06:16 core.sweep_detector INFO: OrderBlocks: 8 detected, 1 unmitigated
22:06:16 core.sweep_detector INFO: FVGs: 6 detected, 3 unfilled
22:06:18 core.sweep_detector INFO: SweepDetector v2: 2 raw → 2 confirmed (vol≥2.5× body≥30%)
22:06:18 core.sweep_detector INFO: OrderBlocks: 5 detected, 2 unmitigated
22:06:18 core.sweep_detector INFO: FVGs: 14 detected, 4 unfilled
22:06:20 core.sweep_detector INFO: SweepDetector v2: 2 raw → 2 confirmed (vol≥2.5× body≥30%)
22:06:20 core.sweep_detector INFO: OrderBlocks: 4 detected, 0 unmitigated
22:06:20 core.sweep_detector INFO: FVGs: 7 detected, 2 unfilled
22:06:22 core.sweep_detector INFO: SweepDetector v2: 0 raw → 0 confirmed (vol≥2.5× body≥30%)
22:06:22 core.sweep_detector INFO: OrderBlocks: 3 detected, 0 unmitigated
22:06:22 core.sweep_detector INFO: FVGs: 9 detected, 4 unfilled
22:06:24 core.sweep_detector INFO: SweepDetector v2: 1 raw → 1 confirmed (vol≥2.5× body≥30%)
22:06:24 core.sweep_detector INFO: OrderBlocks: 2 detected, 1 unmitigated
22:06:24 core.sweep_detector INFO: FVGs: 6 detected, 2 unfilled
22:06:26 core.sweep_detector INFO: SweepDetector v2: 0 raw → 0 confirmed (vol≥2.5× body≥30%)
22:06:26 core.sweep_detector INFO: OrderBlocks: 5 detected, 1 unmitigated
22:06:26 core.sweep_detector INFO: FVGs: 3 detected, 1 unfilled
22:06:29 core.sweep_detector INFO: SweepDetector v2: 2 raw → 1 confirmed (vol≥2.5× body≥30%)
22:06:29 core.sweep_detector INFO: OrderBlocks: 6 detected, 5 unmitigated
22:06:29 core.sweep_detector INFO: FVGs: 12 detected, 6 unfilled
22:06:31 core.sweep_detector INFO: SweepDetector v2: 3 raw → 3 confirmed (vol≥2.5× body≥30%)
22:06:31 core.sweep_detector INFO: OrderBlocks: 1 detected, 0 unmitigated
22:06:31 core.sweep_detector INFO: FVGs: 6 detected, 2 unfilled
22:06:32 core.sweep_detector INFO: SweepDetector v2: 0 raw → 0 confirmed (vol≥2.5× body≥30%)
22:06:32 core.sweep_detector INFO: OrderBlocks: 6 detected, 0 unmitigated
22:06:32 core.sweep_detector INFO: FVGs: 7 detected, 0 unfilled
22:06:34 core.sweep_detector INFO: SweepDetector v2: 2 raw → 1 confirmed (vol≥2.5× body≥30%)
22:06:34 core.sweep_detector INFO: OrderBlocks: 6 detected, 1 unmitigated
22:06:34 core.sweep_detector INFO: FVGs: 5 detected, 1 unfilled
22:06:36 core.sweep_detector INFO: SweepDetector v2: 1 raw → 1 confirmed (vol≥2.5× body≥30%)
22:06:36 core.sweep_detector INFO: OrderBlocks: 3 detected, 1 unmitigated
22:06:36 core.sweep_detector INFO: FVGs: 7 detected, 1 unfilled
22:06:38 core.sweep_detector INFO: SweepDetector v2: 3 raw → 2 confirmed (vol≥2.5× body≥30%)
22:06:38 core.sweep_detector INFO: OrderBlocks: 2 detected, 1 unmitigated
22:06:38 core.sweep_detector INFO: FVGs: 7 detected, 1 unfilled
22:06:40 core.sweep_detector INFO: SweepDetector v2: 0 raw → 0 confirmed (vol≥2.5× body≥30%)
22:06:40 core.sweep_detector INFO: OrderBlocks: 0 detected, 0 unmitigated
22:06:40 core.sweep_detector INFO: FVGs: 3 detected, 1 unfilled
22:06:42 core.sweep_detector INFO: SweepDetector v2: 0 raw → 0 confirmed (vol≥2.5× body≥30%)
22:06:42 core.sweep_detector INFO: OrderBlocks: 2 detected, 0 unmitigated
22:06:42 core.sweep_detector INFO: FVGs: 3 detected, 0 unfilled
22:06:43 core.sweep_detector INFO: SweepDetector v2: 1 raw → 1 confirmed (vol≥2.5× body≥30%)
22:06:43 core.sweep_detector INFO: OrderBlocks: 7 detected, 0 unmitigated
22:06:43 core.sweep_detector INFO: FVGs: 2 detected, 0 unfilled
22:06:45 core.sweep_detector INFO: SweepDetector v2: 0 raw → 0 confirmed (vol≥2.5× body≥30%)
22:06:45 core.sweep_detector INFO: OrderBlocks: 7 detected, 3 unmitigated
22:06:45 core.sweep_detector INFO: FVGs: 10 detected, 5 unfilled
22:06:47 core.sweep_detector INFO: SweepDetector v2: 1 raw → 1 confirmed (vol≥2.5× body≥30%)
22:06:47 core.sweep_detector INFO: OrderBlocks: 4 detected, 2 unmitigated
22:06:47 core.sweep_detector INFO: FVGs: 6 detected, 2 unfilled
22:06:48 core.sweep_detector INFO: SweepDetector v2: 0 raw → 0 confirmed (vol≥2.5× body≥30%)
22:06:48 core.sweep_detector INFO: OrderBlocks: 9 detected, 3 unmitigated
22:06:48 core.sweep_detector INFO: FVGs: 8 detected, 1 unfilled
22:06:50 core.sweep_detector INFO: SweepDetector v2: 0 raw → 0 confirmed (vol≥2.5× body≥30%)
22:06:50 core.sweep_detector INFO: OrderBlocks: 8 detected, 1 unmitigated
22:06:50 core.sweep_detector INFO: FVGs: 9 detected, 4 unfilled
22:06:52 core.sweep_detector INFO: SweepDetector v2: 2 raw → 2 confirmed (vol≥2.5× body≥30%)
22:06:52 core.sweep_detector INFO: OrderBlocks: 1 detected, 0 unmitigated
22:06:52 core.sweep_detector INFO: FVGs: 11 detected, 3 unfilled
22:06:53 core.sweep_detector INFO: SweepDetector v2: 1 raw → 1 confirmed (vol≥2.5× body≥30%)
22:06:53 core.sweep_detector INFO: OrderBlocks: 5 detected, 3 unmitigated
22:06:53 core.sweep_detector INFO: FVGs: 11 detected, 2 unfilled
22:06:55 core.sweep_detector INFO: SweepDetector v2: 2 raw → 2 confirmed (vol≥2.5× body≥30%)
22:06:55 core.sweep_detector INFO: OrderBlocks: 4 detected, 1 unmitigated
22:06:55 core.sweep_detector INFO: FVGs: 8 detected, 2 unfilled
22:06:57 core.sweep_detector INFO: SweepDetector v2: 1 raw → 1 confirmed (vol≥2.5× body≥30%)
22:06:57 core.sweep_detector INFO: OrderBlocks: 3 detected, 2 unmitigated
22:06:57 core.sweep_detector INFO: FVGs: 4 detected, 1 unfilled
22:06:59 core.sweep_detector INFO: SweepDetector v2: 0 raw → 0 confirmed (vol≥2.5× body≥30%)
22:06:59 core.sweep_detector INFO: OrderBlocks: 5 detected, 2 unmitigated
22:06:59 core.sweep_detector INFO: FVGs: 3 detected, 1 unfilled
22:07:01 core.sweep_detector INFO: SweepDetector v2: 0 raw → 0 confirmed (vol≥2.5× body≥30%)
22:07:01 core.sweep_detector INFO: OrderBlocks: 0 detected, 0 unmitigated
22:07:01 core.sweep_detector INFO: FVGs: 0 detected, 0 unfilled
22:07:03 core.sweep_detector INFO: SweepDetector v2: 0 raw → 0 confirmed (vol≥2.5× body≥30%)
22:07:03 core.sweep_detector INFO: OrderBlocks: 3 detected, 0 unmitigated
22:07:03 core.sweep_detector INFO: FVGs: 0 detected, 0 unfilled
22:07:04 core.sweep_detector INFO: SweepDetector v2: 0 raw → 0 confirmed (vol≥2.5× body≥30%)
22:07:04 core.sweep_detector INFO: OrderBlocks: 0 detected, 0 unmitigated
22:07:04 core.sweep_detector INFO: FVGs: 0 detected, 0 unfilled
22:07:06 core.sweep_detector INFO: SweepDetector v2: 7 raw → 3 confirmed (vol≥2.5× body≥30%)
22:07:06 core.sweep_detector INFO: OrderBlocks: 10 detected, 3 unmitigated
22:07:06 core.sweep_detector INFO: FVGs: 10 detected, 2 unfilled
22:07:08 core.sweep_detector INFO: SweepDetector v2: 1 raw → 1 confirmed (vol≥2.5× body≥30%)
22:07:08 core.sweep_detector INFO: OrderBlocks: 7 detected, 2 unmitigated
22:07:08 core.sweep_detector INFO: FVGs: 16 detected, 4 unfilled
22:07:09 core.sweep_detector INFO: SweepDetector v2: 3 raw → 2 confirmed (vol≥2.5× body≥30%)
22:07:09 core.sweep_detector INFO: OrderBlocks: 6 detected, 1 unmitigated
22:07:09 core.sweep_detector INFO: FVGs: 10 detected, 2 unfilled
22:07:11 core.sweep_detector INFO: SweepDetector v2: 1 raw → 1 confirmed (vol≥2.5× body≥30%)
22:07:11 core.sweep_detector INFO: OrderBlocks: 5 detected, 0 unmitigated
22:07:11 core.sweep_detector INFO: FVGs: 7 detected, 2 unfilled
22:07:13 core.sweep_detector INFO: SweepDetector v2: 2 raw → 1 confirmed (vol≥2.5× body≥30%)
22:07:13 core.sweep_detector INFO: OrderBlocks: 2 detected, 0 unmitigated
22:07:13 core.sweep_detector INFO: FVGs: 7 detected, 1 unfilled
22:07:15 core.sweep_detector INFO: SweepDetector v2: 0 raw → 0 confirmed (vol≥2.5× body≥30%)
22:07:15 core.sweep_detector INFO: OrderBlocks: 5 detected, 1 unmitigated
22:07:15 core.sweep_detector INFO: FVGs: 7 detected, 2 unfilled
22:07:17 core.sweep_detector INFO: SweepDetector v2: 2 raw → 2 confirmed (vol≥2.5× body≥30%)
22:07:17 core.sweep_detector INFO: OrderBlocks: 6 detected, 1 unmitigated
22:07:17 core.sweep_detector INFO: FVGs: 7 detected, 3 unfilled
22:07:18 core.sweep_detector INFO: SweepDetector v2: 2 raw → 2 confirmed (vol≥2.5× body≥30%)
22:07:18 core.sweep_detector INFO: OrderBlocks: 4 detected, 1 unmitigated
22:07:18 core.sweep_detector INFO: FVGs: 7 detected, 1 unfilled
22:07:20 core.sweep_detector INFO: SweepDetector v2: 2 raw → 2 confirmed (vol≥2.5× body≥30%)
22:07:20 core.sweep_detector INFO: OrderBlocks: 1 detected, 1 unmitigated
22:07:20 core.sweep_detector INFO: FVGs: 7 detected, 3 unfilled
22:07:20 __main__ INFO: Checking 2 open trades for exit conditions
/root/.openclaw/workspace/projects/crypto-liquidity-hunter/main.py:555: DeprecationWarning: datetime.datetime.utcnow() is deprecated and scheduled for removal in a future version. Use timezone-aware objects to represent datetimes in UTC: datetime.datetime.now(datetime.UTC).
  scan_end     = datetime.utcnow()

=== SCAN ALL: 82 pairs, 3 timeframes ===
Total signals generated: 1
  binance:PAXG/USDT 1h LONG Entry=4492.86 SL=4470.25 TP=4575.02 R:R=3.63
