11:45:02 __main__ INFO: Volume filter: fetching all tickers in one call...
11:45:03 __main__ INFO: Volume filter: 137/447 pairs pass $1M threshold
/root/.openclaw/workspace/projects/crypto-liquidity-hunter/main.py:292: DeprecationWarning: datetime.datetime.utcnow() is deprecated and scheduled for removal in a future version. Use timezone-aware objects to represent datetimes in UTC: datetime.datetime.now(datetime.UTC).
  scan_start = datetime.utcnow()   # for duration tracking
11:45:04 core.binance_connector INFO: BinanceConnector: connected [LIVE FUTURES]
11:45:04 __main__ INFO: Auto-executor: account 'Liquiddbot1' mode=live exec=auto
11:45:06 core.sweep_detector INFO: SweepDetector v2: 3 raw → 2 confirmed (vol≥1.5× body≥40%)
11:45:06 core.sweep_detector INFO: OrderBlocks: 8 detected, 0 unmitigated
11:45:06 core.sweep_detector INFO: FVGs: 12 detected, 2 unfilled
11:45:07 core.sweep_detector INFO: SweepDetector v2: 7 raw → 6 confirmed (vol≥1.5× body≥40%)
11:45:07 core.sweep_detector INFO: OrderBlocks: 3 detected, 2 unmitigated
11:45:07 core.sweep_detector INFO: FVGs: 14 detected, 6 unfilled
11:45:09 core.sweep_detector INFO: SweepDetector v2: 3 raw → 2 confirmed (vol≥1.5× body≥40%)
11:45:09 core.sweep_detector INFO: OrderBlocks: 2 detected, 0 unmitigated
11:45:09 core.sweep_detector INFO: FVGs: 6 detected, 1 unfilled
11:45:11 core.sweep_detector INFO: SweepDetector v2: 4 raw → 3 confirmed (vol≥1.5× body≥40%)
11:45:11 core.sweep_detector INFO: OrderBlocks: 10 detected, 4 unmitigated
11:45:11 core.sweep_detector INFO: FVGs: 11 detected, 6 unfilled
11:45:13 core.sweep_detector INFO: SweepDetector v2: 5 raw → 4 confirmed (vol≥1.5× body≥40%)
11:45:13 core.sweep_detector INFO: OrderBlocks: 2 detected, 0 unmitigated
11:45:13 core.sweep_detector INFO: FVGs: 8 detected, 4 unfilled
11:45:15 core.sweep_detector INFO: SweepDetector v2: 4 raw → 1 confirmed (vol≥1.5× body≥40%)
11:45:15 core.sweep_detector INFO: OrderBlocks: 7 detected, 3 unmitigated
11:45:15 core.sweep_detector INFO: FVGs: 6 detected, 2 unfilled
11:45:17 core.sweep_detector INFO: SweepDetector v2: 3 raw → 2 confirmed (vol≥1.5× body≥40%)
11:45:17 core.sweep_detector INFO: OrderBlocks: 7 detected, 0 unmitigated
11:45:17 core.sweep_detector INFO: FVGs: 10 detected, 4 unfilled
11:45:19 core.sweep_detector INFO: SweepDetector v2: 5 raw → 2 confirmed (vol≥1.5× body≥40%)
11:45:19 core.sweep_detector INFO: OrderBlocks: 2 detected, 1 unmitigated
11:45:19 core.sweep_detector INFO: FVGs: 5 detected, 3 unfilled
11:45:20 core.sweep_detector INFO: SweepDetector v2: 2 raw → 2 confirmed (vol≥1.5× body≥40%)
11:45:20 core.sweep_detector INFO: OrderBlocks: 3 detected, 0 unmitigated
11:45:20 core.sweep_detector INFO: FVGs: 3 detected, 1 unfilled
11:45:22 core.sweep_detector INFO: SweepDetector v2: 3 raw → 2 confirmed (vol≥1.5× body≥40%)
11:45:22 core.sweep_detector INFO: OrderBlocks: 2 detected, 1 unmitigated
11:45:22 core.sweep_detector INFO: FVGs: 3 detected, 2 unfilled
11:45:24 core.sweep_detector INFO: SweepDetector v2: 1 raw → 0 confirmed (vol≥1.5× body≥40%)
11:45:24 core.sweep_detector INFO: OrderBlocks: 2 detected, 0 unmitigated
11:45:24 core.sweep_detector INFO: FVGs: 7 detected, 2 unfilled
11:45:25 core.sweep_detector INFO: SweepDetector v2: 6 raw → 2 confirmed (vol≥1.5× body≥40%)
11:45:25 core.sweep_detector INFO: OrderBlocks: 0 detected, 0 unmitigated
11:45:25 core.sweep_detector INFO: FVGs: 5 detected, 2 unfilled
11:45:27 core.sweep_detector INFO: SweepDetector v2: 1 raw → 1 confirmed (vol≥1.5× body≥40%)
11:45:27 core.sweep_detector INFO: OrderBlocks: 5 detected, 0 unmitigated
11:45:27 core.sweep_detector INFO: FVGs: 5 detected, 1 unfilled
11:45:29 core.sweep_detector INFO: SweepDetector v2: 3 raw → 2 confirmed (vol≥1.5× body≥40%)
11:45:29 core.sweep_detector INFO: OrderBlocks: 5 detected, 2 unmitigated
11:45:29 core.sweep_detector INFO: FVGs: 4 detected, 0 unfilled
11:45:31 core.sweep_detector INFO: SweepDetector v2: 4 raw → 4 confirmed (vol≥1.5× body≥40%)
11:45:31 core.sweep_detector INFO: OrderBlocks: 3 detected, 1 unmitigated
11:45:31 core.sweep_detector INFO: FVGs: 6 detected, 3 unfilled
11:45:33 core.sweep_detector INFO: SweepDetector v2: 4 raw → 2 confirmed (vol≥1.5× body≥40%)
11:45:33 core.sweep_detector INFO: OrderBlocks: 6 detected, 2 unmitigated
11:45:33 core.sweep_detector INFO: FVGs: 8 detected, 1 unfilled
11:45:35 core.sweep_detector INFO: SweepDetector v2: 2 raw → 1 confirmed (vol≥1.5× body≥40%)
11:45:35 core.sweep_detector INFO: OrderBlocks: 4 detected, 2 unmitigated
11:45:35 core.sweep_detector INFO: FVGs: 6 detected, 3 unfilled
11:45:37 core.sweep_detector INFO: SweepDetector v2: 2 raw → 2 confirmed (vol≥1.5× body≥40%)
11:45:37 core.sweep_detector INFO: OrderBlocks: 4 detected, 3 unmitigated
11:45:37 core.sweep_detector INFO: FVGs: 9 detected, 6 unfilled
11:45:39 core.sweep_detector INFO: SweepDetector v2: 5 raw → 3 confirmed (vol≥1.5× body≥40%)
11:45:39 core.sweep_detector INFO: OrderBlocks: 7 detected, 2 unmitigated
11:45:39 core.sweep_detector INFO: FVGs: 8 detected, 2 unfilled
11:45:41 core.sweep_detector INFO: SweepDetector v2: 4 raw → 3 confirmed (vol≥1.5× body≥40%)
11:45:41 core.sweep_detector INFO: OrderBlocks: 1 detected, 0 unmitigated
11:45:41 core.sweep_detector INFO: FVGs: 10 detected, 4 unfilled
11:45:43 core.sweep_detector INFO: SweepDetector v2: 3 raw → 2 confirmed (vol≥1.5× body≥40%)
11:45:43 core.sweep_detector INFO: OrderBlocks: 2 detected, 0 unmitigated
11:45:43 core.sweep_detector INFO: FVGs: 9 detected, 4 unfilled
11:45:45 core.sweep_detector INFO: SweepDetector v2: 3 raw → 1 confirmed (vol≥1.5× body≥40%)
11:45:45 core.sweep_detector INFO: OrderBlocks: 4 detected, 2 unmitigated
11:45:45 core.sweep_detector INFO: FVGs: 5 detected, 1 unfilled
11:45:47 core.sweep_detector INFO: SweepDetector v2: 1 raw → 0 confirmed (vol≥1.5× body≥40%)
11:45:47 core.sweep_detector INFO: OrderBlocks: 1 detected, 0 unmitigated
11:45:47 core.sweep_detector INFO: FVGs: 4 detected, 0 unfilled
11:45:49 core.sweep_detector INFO: SweepDetector v2: 2 raw → 1 confirmed (vol≥1.5× body≥40%)
11:45:49 core.sweep_detector INFO: OrderBlocks: 3 detected, 0 unmitigated
11:45:49 core.sweep_detector INFO: FVGs: 5 detected, 0 unfilled
11:45:51 core.sweep_detector INFO: SweepDetector v2: 3 raw → 2 confirmed (vol≥1.5× body≥40%)
11:45:51 core.sweep_detector INFO: OrderBlocks: 5 detected, 3 unmitigated
11:45:51 core.sweep_detector INFO: FVGs: 9 detected, 4 unfilled
11:45:53 core.sweep_detector INFO: SweepDetector v2: 4 raw → 2 confirmed (vol≥1.5× body≥40%)
11:45:53 core.sweep_detector INFO: OrderBlocks: 2 detected, 1 unmitigated
11:45:53 core.sweep_detector INFO: FVGs: 4 detected, 2 unfilled
11:45:55 core.sweep_detector INFO: SweepDetector v2: 0 raw → 0 confirmed (vol≥1.5× body≥40%)
11:45:55 core.sweep_detector INFO: OrderBlocks: 0 detected, 0 unmitigated
11:45:55 core.sweep_detector INFO: FVGs: 8 detected, 1 unfilled
11:45:57 core.sweep_detector INFO: SweepDetector v2: 0 raw → 0 confirmed (vol≥1.5× body≥40%)
11:45:57 core.sweep_detector INFO: OrderBlocks: 2 detected, 0 unmitigated
11:45:57 core.sweep_detector INFO: FVGs: 2 detected, 1 unfilled
11:45:59 core.sweep_detector INFO: SweepDetector v2: 9 raw → 6 confirmed (vol≥1.5× body≥40%)
11:45:59 core.sweep_detector INFO: OrderBlocks: 0 detected, 0 unmitigated
11:45:59 core.sweep_detector INFO: FVGs: 1 detected, 0 unfilled
11:46:01 core.sweep_detector INFO: SweepDetector v2: 3 raw → 2 confirmed (vol≥1.5× body≥40%)
11:46:01 core.sweep_detector INFO: OrderBlocks: 1 detected, 0 unmitigated
11:46:01 core.sweep_detector INFO: FVGs: 0 detected, 0 unfilled
11:46:03 core.sweep_detector INFO: SweepDetector v2: 7 raw → 6 confirmed (vol≥1.5× body≥40%)
11:46:03 core.sweep_detector INFO: OrderBlocks: 7 detected, 1 unmitigated
11:46:03 core.sweep_detector INFO: FVGs: 9 detected, 2 unfilled
11:46:05 core.sweep_detector INFO: SweepDetector v2: 7 raw → 3 confirmed (vol≥1.5× body≥40%)
11:46:05 core.sweep_detector INFO: OrderBlocks: 6 detected, 2 unmitigated
11:46:05 core.sweep_detector INFO: FVGs: 8 detected, 5 unfilled
11:46:07 core.sweep_detector INFO: SweepDetector v2: 4 raw → 2 confirmed (vol≥1.5× body≥40%)
11:46:07 core.sweep_detector INFO: OrderBlocks: 7 detected, 1 unmitigated
11:46:07 core.sweep_detector INFO: FVGs: 12 detected, 4 unfilled
11:46:10 core.sweep_detector INFO: SweepDetector v2: 6 raw → 6 confirmed (vol≥1.5× body≥40%)
11:46:10 core.sweep_detector INFO: OrderBlocks: 1 detected, 0 unmitigated
11:46:10 core.sweep_detector INFO: FVGs: 3 detected, 0 unfilled
11:46:11 core.sweep_detector INFO: SweepDetector v2: 2 raw → 2 confirmed (vol≥1.5× body≥40%)
11:46:11 core.sweep_detector INFO: OrderBlocks: 4 detected, 0 unmitigated
11:46:11 core.sweep_detector INFO: FVGs: 1 detected, 0 unfilled
11:46:14 core.sweep_detector INFO: SweepDetector v2: 3 raw → 2 confirmed (vol≥1.5× body≥40%)
11:46:14 core.sweep_detector INFO: OrderBlocks: 1 detected, 0 unmitigated
11:46:14 core.sweep_detector INFO: FVGs: 3 detected, 1 unfilled
11:46:16 core.sweep_detector INFO: SweepDetector v2: 6 raw → 4 confirmed (vol≥1.5× body≥40%)
11:46:16 core.sweep_detector INFO: OrderBlocks: 7 detected, 2 unmitigated
11:46:16 core.sweep_detector INFO: FVGs: 8 detected, 4 unfilled
11:46:18 core.sweep_detector INFO: SweepDetector v2: 2 raw → 2 confirmed (vol≥1.5× body≥40%)
11:46:18 core.sweep_detector INFO: OrderBlocks: 4 detected, 0 unmitigated
11:46:18 core.sweep_detector INFO: FVGs: 4 detected, 1 unfilled
11:46:20 core.sweep_detector INFO: SweepDetector v2: 4 raw → 3 confirmed (vol≥1.5× body≥40%)
11:46:20 core.sweep_detector INFO: OrderBlocks: 2 detected, 1 unmitigated
11:46:20 core.sweep_detector INFO: FVGs: 5 detected, 0 unfilled
11:46:23 core.sweep_detector INFO: SweepDetector v2: 9 raw → 6 confirmed (vol≥1.5× body≥40%)
11:46:23 core.sweep_detector INFO: OrderBlocks: 3 detected, 1 unmitigated
11:46:23 core.sweep_detector INFO: FVGs: 12 detected, 6 unfilled
11:46:26 core.sweep_detector INFO: SweepDetector v2: 4 raw → 3 confirmed (vol≥1.5× body≥40%)
11:46:26 core.sweep_detector INFO: OrderBlocks: 2 detected, 1 unmitigated
11:46:26 core.sweep_detector INFO: FVGs: 6 detected, 1 unfilled
11:46:29 core.sweep_detector INFO: SweepDetector v2: 2 raw → 2 confirmed (vol≥1.5× body≥40%)
11:46:29 core.sweep_detector INFO: OrderBlocks: 2 detected, 1 unmitigated
11:46:29 core.sweep_detector INFO: FVGs: 2 detected, 1 unfilled
11:46:31 core.sweep_detector INFO: SweepDetector v2: 7 raw → 7 confirmed (vol≥1.5× body≥40%)
11:46:31 core.sweep_detector INFO: OrderBlocks: 6 detected, 1 unmitigated
11:46:31 core.sweep_detector INFO: FVGs: 12 detected, 2 unfilled
11:46:33 core.sweep_detector INFO: SweepDetector v2: 2 raw → 0 confirmed (vol≥1.5× body≥40%)
11:46:33 core.sweep_detector INFO: OrderBlocks: 2 detected, 1 unmitigated
11:46:33 core.sweep_detector INFO: FVGs: 9 detected, 3 unfilled
11:46:34 core.sweep_detector INFO: SweepDetector v2: 1 raw → 1 confirmed (vol≥1.5× body≥40%)
11:46:34 core.sweep_detector INFO: OrderBlocks: 7 detected, 0 unmitigated
11:46:34 core.sweep_detector INFO: FVGs: 10 detected, 1 unfilled
11:46:36 core.sweep_detector INFO: SweepDetector v2: 6 raw → 4 confirmed (vol≥1.5× body≥40%)
11:46:36 core.sweep_detector INFO: OrderBlocks: 6 detected, 3 unmitigated
11:46:36 core.sweep_detector INFO: FVGs: 8 detected, 3 unfilled
11:46:38 core.sweep_detector INFO: SweepDetector v2: 2 raw → 1 confirmed (vol≥1.5× body≥40%)
11:46:38 core.sweep_detector INFO: OrderBlocks: 5 detected, 3 unmitigated
11:46:38 core.sweep_detector INFO: FVGs: 7 detected, 2 unfilled
11:46:40 core.sweep_detector INFO: SweepDetector v2: 2 raw → 2 confirmed (vol≥1.5× body≥40%)
11:46:40 core.sweep_detector INFO: OrderBlocks: 5 detected, 3 unmitigated
11:46:40 core.sweep_detector INFO: FVGs: 4 detected, 1 unfilled
11:46:41 core.sweep_detector INFO: SweepDetector v2: 5 raw → 4 confirmed (vol≥1.5× body≥40%)
11:46:41 core.sweep_detector INFO: OrderBlocks: 2 detected, 2 unmitigated
11:46:41 core.sweep_detector INFO: FVGs: 16 detected, 5 unfilled
11:46:43 core.sweep_detector INFO: SweepDetector v2: 6 raw → 4 confirmed (vol≥1.5× body≥40%)
11:46:43 core.sweep_detector INFO: OrderBlocks: 9 detected, 2 unmitigated
11:46:43 core.sweep_detector INFO: FVGs: 16 detected, 5 unfilled
11:46:45 core.sweep_detector INFO: SweepDetector v2: 2 raw → 1 confirmed (vol≥1.5× body≥40%)
11:46:45 core.sweep_detector INFO: OrderBlocks: 7 detected, 2 unmitigated
11:46:45 core.sweep_detector INFO: FVGs: 13 detected, 5 unfilled
11:46:47 core.sweep_detector INFO: SweepDetector v2: 1 raw → 1 confirmed (vol≥1.5× body≥40%)
11:46:47 core.sweep_detector INFO: OrderBlocks: 2 detected, 1 unmitigated
11:46:47 core.sweep_detector INFO: FVGs: 4 detected, 0 unfilled
11:46:48 core.sweep_detector INFO: SweepDetector v2: 4 raw → 4 confirmed (vol≥1.5× body≥40%)
11:46:48 core.sweep_detector INFO: OrderBlocks: 1 detected, 0 unmitigated
11:46:48 core.sweep_detector INFO: FVGs: 6 detected, 2 unfilled
11:46:50 core.sweep_detector INFO: SweepDetector v2: 3 raw → 1 confirmed (vol≥1.5× body≥40%)
11:46:50 core.sweep_detector INFO: OrderBlocks: 5 detected, 0 unmitigated
11:46:50 core.sweep_detector INFO: FVGs: 1 detected, 0 unfilled
11:46:51 core.sweep_detector INFO: SweepDetector v2: 0 raw → 0 confirmed (vol≥1.5× body≥40%)
11:46:51 core.sweep_detector INFO: OrderBlocks: 0 detected, 0 unmitigated
11:46:51 core.sweep_detector INFO: FVGs: 0 detected, 0 unfilled
11:46:53 core.sweep_detector INFO: SweepDetector v2: 0 raw → 0 confirmed (vol≥1.5× body≥40%)
11:46:53 core.sweep_detector INFO: OrderBlocks: 1 detected, 0 unmitigated
11:46:53 core.sweep_detector INFO: FVGs: 0 detected, 0 unfilled
11:46:54 core.sweep_detector INFO: SweepDetector v2: 0 raw → 0 confirmed (vol≥1.5× body≥40%)
11:46:54 core.sweep_detector INFO: OrderBlocks: 0 detected, 0 unmitigated
11:46:54 core.sweep_detector INFO: FVGs: 0 detected, 0 unfilled
11:46:56 core.sweep_detector INFO: SweepDetector v2: 8 raw → 7 confirmed (vol≥1.5× body≥40%)
11:46:56 core.sweep_detector INFO: OrderBlocks: 4 detected, 2 unmitigated
11:46:56 core.sweep_detector INFO: FVGs: 3 detected, 1 unfilled
11:46:58 core.sweep_detector INFO: SweepDetector v2: 7 raw → 6 confirmed (vol≥1.5× body≥40%)
11:46:58 core.sweep_detector INFO: OrderBlocks: 4 detected, 1 unmitigated
11:46:58 core.sweep_detector INFO: FVGs: 6 detected, 2 unfilled
11:47:00 core.sweep_detector INFO: SweepDetector v2: 4 raw → 2 confirmed (vol≥1.5× body≥40%)
11:47:00 core.sweep_detector INFO: OrderBlocks: 1 detected, 1 unmitigated
11:47:00 core.sweep_detector INFO: FVGs: 10 detected, 6 unfilled
11:47:02 core.sweep_detector INFO: SweepDetector v2: 2 raw → 2 confirmed (vol≥1.5× body≥40%)
11:47:02 core.sweep_detector INFO: OrderBlocks: 7 detected, 3 unmitigated
11:47:02 core.sweep_detector INFO: FVGs: 5 detected, 4 unfilled
11:47:04 core.sweep_detector INFO: SweepDetector v2: 3 raw → 0 confirmed (vol≥1.5× body≥40%)
11:47:04 core.sweep_detector INFO: OrderBlocks: 2 detected, 1 unmitigated
11:47:04 core.sweep_detector INFO: FVGs: 1 detected, 1 unfilled
11:47:05 core.sweep_detector INFO: SweepDetector v2: 3 raw → 3 confirmed (vol≥1.5× body≥40%)
11:47:05 core.sweep_detector INFO: OrderBlocks: 0 detected, 0 unmitigated
11:47:05 core.sweep_detector INFO: FVGs: 2 detected, 1 unfilled
11:47:07 core.sweep_detector INFO: SweepDetector v2: 4 raw → 3 confirmed (vol≥1.5× body≥40%)
11:47:07 core.sweep_detector INFO: OrderBlocks: 7 detected, 4 unmitigated
11:47:07 core.sweep_detector INFO: FVGs: 10 detected, 4 unfilled
11:47:09 core.sweep_detector INFO: SweepDetector v2: 3 raw → 2 confirmed (vol≥1.5× body≥40%)
11:47:09 core.sweep_detector INFO: OrderBlocks: 3 detected, 1 unmitigated
11:47:09 core.sweep_detector INFO: FVGs: 5 detected, 0 unfilled
11:47:11 core.sweep_detector INFO: SweepDetector v2: 3 raw → 3 confirmed (vol≥1.5× body≥40%)
11:47:11 core.sweep_detector INFO: OrderBlocks: 5 detected, 1 unmitigated
11:47:11 core.sweep_detector INFO: FVGs: 0 detected, 0 unfilled
11:47:12 core.sweep_detector INFO: SweepDetector v2: 3 raw → 2 confirmed (vol≥1.5× body≥40%)
11:47:12 core.sweep_detector INFO: OrderBlocks: 6 detected, 0 unmitigated
11:47:12 core.sweep_detector INFO: FVGs: 7 detected, 3 unfilled
11:47:14 core.sweep_detector INFO: SweepDetector v2: 4 raw → 3 confirmed (vol≥1.5× body≥40%)
11:47:14 core.sweep_detector INFO: OrderBlocks: 2 detected, 0 unmitigated
11:47:14 core.sweep_detector INFO: FVGs: 7 detected, 1 unfilled
11:47:16 core.sweep_detector INFO: SweepDetector v2: 2 raw → 2 confirmed (vol≥1.5× body≥40%)
11:47:16 core.sweep_detector INFO: OrderBlocks: 2 detected, 0 unmitigated
11:47:16 core.sweep_detector INFO: FVGs: 3 detected, 0 unfilled
11:47:18 core.sweep_detector INFO: SweepDetector v2: 4 raw → 3 confirmed (vol≥1.5× body≥40%)
11:47:18 core.sweep_detector INFO: OrderBlocks: 4 detected, 2 unmitigated
11:47:18 core.sweep_detector INFO: FVGs: 7 detected, 2 unfilled
11:47:19 core.sweep_detector INFO: SweepDetector v2: 3 raw → 2 confirmed (vol≥1.5× body≥40%)
11:47:19 core.sweep_detector INFO: OrderBlocks: 2 detected, 0 unmitigated
11:47:19 core.sweep_detector INFO: FVGs: 6 detected, 1 unfilled
11:47:21 core.sweep_detector INFO: SweepDetector v2: 3 raw → 2 confirmed (vol≥1.5× body≥40%)
11:47:21 core.sweep_detector INFO: OrderBlocks: 7 detected, 2 unmitigated
11:47:21 core.sweep_detector INFO: FVGs: 3 detected, 1 unfilled
11:47:23 core.sweep_detector INFO: SweepDetector v2: 9 raw → 6 confirmed (vol≥1.5× body≥40%)
11:47:23 core.sweep_detector INFO: OrderBlocks: 4 detected, 2 unmitigated
11:47:23 core.sweep_detector INFO: FVGs: 9 detected, 3 unfilled
11:47:24 core.sweep_detector INFO: SweepDetector v2: 6 raw → 2 confirmed (vol≥1.5× body≥40%)
11:47:24 core.sweep_detector INFO: OrderBlocks: 3 detected, 1 unmitigated
11:47:24 core.sweep_detector INFO: FVGs: 7 detected, 2 unfilled
11:47:26 core.sweep_detector INFO: SweepDetector v2: 5 raw → 3 confirmed (vol≥1.5× body≥40%)
11:47:26 core.sweep_detector INFO: OrderBlocks: 6 detected, 1 unmitigated
11:47:26 core.sweep_detector INFO: FVGs: 12 detected, 4 unfilled
11:47:28 core.sweep_detector INFO: SweepDetector v2: 2 raw → 2 confirmed (vol≥1.5× body≥40%)
11:47:28 core.sweep_detector INFO: OrderBlocks: 7 detected, 2 unmitigated
11:47:28 core.sweep_detector INFO: FVGs: 9 detected, 2 unfilled
11:47:29 core.sweep_detector INFO: SweepDetector v2: 2 raw → 1 confirmed (vol≥1.5× body≥40%)
11:47:29 core.sweep_detector INFO: OrderBlocks: 3 detected, 2 unmitigated
11:47:29 core.sweep_detector INFO: FVGs: 5 detected, 1 unfilled
11:47:31 core.sweep_detector INFO: SweepDetector v2: 4 raw → 4 confirmed (vol≥1.5× body≥40%)
11:47:31 core.sweep_detector INFO: OrderBlocks: 1 detected, 0 unmitigated
11:47:31 core.sweep_detector INFO: FVGs: 4 detected, 0 unfilled
11:47:33 core.sweep_detector INFO: SweepDetector v2: 5 raw → 2 confirmed (vol≥1.5× body≥40%)
11:47:33 core.sweep_detector INFO: OrderBlocks: 9 detected, 2 unmitigated
11:47:33 core.sweep_detector INFO: FVGs: 7 detected, 5 unfilled
11:47:35 core.sweep_detector INFO: SweepDetector v2: 1 raw → 1 confirmed (vol≥1.5× body≥40%)
11:47:35 core.sweep_detector INFO: OrderBlocks: 4 detected, 1 unmitigated
11:47:35 core.sweep_detector INFO: FVGs: 6 detected, 3 unfilled
11:47:36 core.sweep_detector INFO: SweepDetector v2: 5 raw → 3 confirmed (vol≥1.5× body≥40%)
11:47:36 core.sweep_detector INFO: OrderBlocks: 6 detected, 3 unmitigated
11:47:36 core.sweep_detector INFO: FVGs: 12 detected, 3 unfilled
11:47:38 core.sweep_detector INFO: SweepDetector v2: 8 raw → 4 confirmed (vol≥1.5× body≥40%)
11:47:38 core.sweep_detector INFO: OrderBlocks: 8 detected, 0 unmitigated
11:47:38 core.sweep_detector INFO: FVGs: 9 detected, 3 unfilled
11:47:40 core.sweep_detector INFO: SweepDetector v2: 1 raw → 0 confirmed (vol≥1.5× body≥40%)
11:47:40 core.sweep_detector INFO: OrderBlocks: 6 detected, 2 unmitigated
11:47:40 core.sweep_detector INFO: FVGs: 15 detected, 4 unfilled
11:47:41 core.sweep_detector INFO: SweepDetector v2: 4 raw → 2 confirmed (vol≥1.5× body≥40%)
11:47:41 core.sweep_detector INFO: OrderBlocks: 4 detected, 2 unmitigated
11:47:41 core.sweep_detector INFO: FVGs: 12 detected, 3 unfilled
11:47:43 core.sweep_detector INFO: SweepDetector v2: 0 raw → 0 confirmed (vol≥1.5× body≥40%)
11:47:43 core.sweep_detector INFO: OrderBlocks: 5 detected, 2 unmitigated
11:47:43 core.sweep_detector INFO: FVGs: 7 detected, 2 unfilled
11:47:45 core.sweep_detector INFO: SweepDetector v2: 5 raw → 2 confirmed (vol≥1.5× body≥40%)
11:47:45 core.sweep_detector INFO: OrderBlocks: 5 detected, 3 unmitigated
11:47:45 core.sweep_detector INFO: FVGs: 6 detected, 2 unfilled
11:47:46 core.sweep_detector INFO: SweepDetector v2: 1 raw → 0 confirmed (vol≥1.5× body≥40%)
11:47:46 core.sweep_detector INFO: OrderBlocks: 9 detected, 3 unmitigated
11:47:46 core.sweep_detector INFO: FVGs: 5 detected, 3 unfilled
11:47:48 core.sweep_detector INFO: SweepDetector v2: 1 raw → 0 confirmed (vol≥1.5× body≥40%)
11:47:48 core.sweep_detector INFO: OrderBlocks: 1 detected, 1 unmitigated
11:47:48 core.sweep_detector INFO: FVGs: 6 detected, 4 unfilled
11:47:50 core.sweep_detector INFO: SweepDetector v2: 1 raw → 0 confirmed (vol≥1.5× body≥40%)
11:47:50 core.sweep_detector INFO: OrderBlocks: 6 detected, 2 unmitigated
11:47:50 core.sweep_detector INFO: FVGs: 5 detected, 3 unfilled
11:47:51 core.sweep_detector INFO: SweepDetector v2: 1 raw → 1 confirmed (vol≥1.5× body≥40%)
11:47:51 core.sweep_detector INFO: OrderBlocks: 7 detected, 2 unmitigated
11:47:51 core.sweep_detector INFO: FVGs: 7 detected, 3 unfilled
11:47:53 core.sweep_detector INFO: SweepDetector v2: 3 raw → 3 confirmed (vol≥1.5× body≥40%)
11:47:53 core.sweep_detector INFO: OrderBlocks: 6 detected, 1 unmitigated
11:47:53 core.sweep_detector INFO: FVGs: 9 detected, 4 unfilled
11:47:55 core.sweep_detector INFO: SweepDetector v2: 7 raw → 5 confirmed (vol≥1.5× body≥40%)
11:47:55 core.sweep_detector INFO: OrderBlocks: 6 detected, 4 unmitigated
11:47:55 core.sweep_detector INFO: FVGs: 12 detected, 7 unfilled
11:47:57 core.sweep_detector INFO: SweepDetector v2: 2 raw → 0 confirmed (vol≥1.5× body≥40%)
11:47:57 core.sweep_detector INFO: OrderBlocks: 11 detected, 3 unmitigated
11:47:57 core.sweep_detector INFO: FVGs: 10 detected, 4 unfilled
11:47:59 core.sweep_detector INFO: SweepDetector v2: 1 raw → 1 confirmed (vol≥1.5× body≥40%)
11:47:59 core.sweep_detector INFO: OrderBlocks: 9 detected, 2 unmitigated
11:47:59 core.sweep_detector INFO: FVGs: 15 detected, 3 unfilled
11:48:01 core.sweep_detector INFO: SweepDetector v2: 4 raw → 3 confirmed (vol≥1.5× body≥40%)
11:48:01 core.sweep_detector INFO: OrderBlocks: 3 detected, 0 unmitigated
11:48:01 core.sweep_detector INFO: FVGs: 9 detected, 3 unfilled
11:48:02 core.sweep_detector INFO: SweepDetector v2: 0 raw → 0 confirmed (vol≥1.5× body≥40%)
11:48:02 core.sweep_detector INFO: OrderBlocks: 7 detected, 4 unmitigated
11:48:02 core.sweep_detector INFO: FVGs: 6 detected, 3 unfilled
11:48:04 core.sweep_detector INFO: SweepDetector v2: 4 raw → 2 confirmed (vol≥1.5× body≥40%)
11:48:04 core.sweep_detector INFO: OrderBlocks: 8 detected, 1 unmitigated
11:48:04 core.sweep_detector INFO: FVGs: 6 detected, 1 unfilled
11:48:07 core.sweep_detector INFO: SweepDetector v2: 6 raw → 3 confirmed (vol≥1.5× body≥40%)
11:48:07 core.sweep_detector INFO: OrderBlocks: 4 detected, 2 unmitigated
11:48:07 core.sweep_detector INFO: FVGs: 9 detected, 2 unfilled
11:48:09 core.sweep_detector INFO: SweepDetector v2: 4 raw → 2 confirmed (vol≥1.5× body≥40%)
11:48:09 core.sweep_detector INFO: OrderBlocks: 6 detected, 1 unmitigated
11:48:09 core.sweep_detector INFO: FVGs: 8 detected, 2 unfilled
11:48:10 core.sweep_detector INFO: SweepDetector v2: 2 raw → 1 confirmed (vol≥1.5× body≥40%)
11:48:10 core.sweep_detector INFO: OrderBlocks: 1 detected, 0 unmitigated
11:48:10 core.sweep_detector INFO: FVGs: 6 detected, 2 unfilled
11:48:12 core.sweep_detector INFO: SweepDetector v2: 4 raw → 3 confirmed (vol≥1.5× body≥40%)
11:48:12 core.sweep_detector INFO: OrderBlocks: 6 detected, 1 unmitigated
11:48:12 core.sweep_detector INFO: FVGs: 11 detected, 2 unfilled
11:48:14 core.sweep_detector INFO: SweepDetector v2: 1 raw → 0 confirmed (vol≥1.5× body≥40%)
11:48:14 core.sweep_detector INFO: OrderBlocks: 4 detected, 1 unmitigated
11:48:14 core.sweep_detector INFO: FVGs: 8 detected, 3 unfilled
11:48:16 core.sweep_detector INFO: SweepDetector v2: 7 raw → 5 confirmed (vol≥1.5× body≥40%)
11:48:16 core.sweep_detector INFO: OrderBlocks: 8 detected, 3 unmitigated
11:48:16 core.sweep_detector INFO: FVGs: 7 detected, 3 unfilled
11:48:18 core.sweep_detector INFO: SweepDetector v2: 1 raw → 0 confirmed (vol≥1.5× body≥40%)
11:48:18 core.sweep_detector INFO: OrderBlocks: 4 detected, 2 unmitigated
11:48:18 core.sweep_detector INFO: FVGs: 6 detected, 2 unfilled
11:48:19 core.sweep_detector INFO: SweepDetector v2: 4 raw → 3 confirmed (vol≥1.5× body≥40%)
11:48:19 core.sweep_detector INFO: OrderBlocks: 7 detected, 2 unmitigated
11:48:19 core.sweep_detector INFO: FVGs: 5 detected, 1 unfilled
11:48:21 core.sweep_detector INFO: SweepDetector v2: 4 raw → 4 confirmed (vol≥1.5× body≥40%)
11:48:21 core.sweep_detector INFO: OrderBlocks: 7 detected, 1 unmitigated
11:48:21 core.sweep_detector INFO: FVGs: 11 detected, 2 unfilled
11:48:23 core.sweep_detector INFO: SweepDetector v2: 7 raw → 3 confirmed (vol≥1.5× body≥40%)
11:48:23 core.sweep_detector INFO: OrderBlocks: 2 detected, 1 unmitigated
11:48:23 core.sweep_detector INFO: FVGs: 9 detected, 3 unfilled
11:48:25 core.sweep_detector INFO: SweepDetector v2: 1 raw → 1 confirmed (vol≥1.5× body≥40%)
11:48:25 core.sweep_detector INFO: OrderBlocks: 5 detected, 1 unmitigated
11:48:25 core.sweep_detector INFO: FVGs: 2 detected, 1 unfilled
11:48:27 core.sweep_detector INFO: SweepDetector v2: 2 raw → 0 confirmed (vol≥1.5× body≥40%)
11:48:27 core.sweep_detector INFO: OrderBlocks: 4 detected, 1 unmitigated
11:48:27 core.sweep_detector INFO: FVGs: 9 detected, 2 unfilled
11:48:28 core.sweep_detector INFO: SweepDetector v2: 6 raw → 4 confirmed (vol≥1.5× body≥40%)
11:48:28 core.sweep_detector INFO: OrderBlocks: 3 detected, 2 unmitigated
11:48:28 core.sweep_detector INFO: FVGs: 5 detected, 1 unfilled
11:48:30 core.sweep_detector INFO: SweepDetector v2: 0 raw → 0 confirmed (vol≥1.5× body≥40%)
11:48:30 core.sweep_detector INFO: OrderBlocks: 4 detected, 3 unmitigated
11:48:30 core.sweep_detector INFO: FVGs: 4 detected, 3 unfilled
11:48:32 core.sweep_detector INFO: SweepDetector v2: 2 raw → 2 confirmed (vol≥1.5× body≥40%)
11:48:32 core.sweep_detector INFO: OrderBlocks: 8 detected, 4 unmitigated
11:48:32 core.sweep_detector INFO: FVGs: 12 detected, 3 unfilled
11:48:33 core.sweep_detector INFO: SweepDetector v2: 3 raw → 3 confirmed (vol≥1.5× body≥40%)
11:48:33 core.sweep_detector INFO: OrderBlocks: 6 detected, 1 unmitigated
11:48:33 core.sweep_detector INFO: FVGs: 15 detected, 1 unfilled
11:48:35 core.sweep_detector INFO: SweepDetector v2: 1 raw → 0 confirmed (vol≥1.5× body≥40%)
11:48:35 core.sweep_detector INFO: OrderBlocks: 5 detected, 2 unmitigated
11:48:35 core.sweep_detector INFO: FVGs: 10 detected, 4 unfilled
11:48:37 core.sweep_detector INFO: SweepDetector v2: 5 raw → 4 confirmed (vol≥1.5× body≥40%)
11:48:37 core.sweep_detector INFO: OrderBlocks: 8 detected, 2 unmitigated
11:48:37 core.sweep_detector INFO: FVGs: 16 detected, 4 unfilled
11:48:38 core.sweep_detector INFO: SweepDetector v2: 3 raw → 3 confirmed (vol≥1.5× body≥40%)
11:48:38 core.sweep_detector INFO: OrderBlocks: 6 detected, 2 unmitigated
11:48:38 core.sweep_detector INFO: FVGs: 11 detected, 4 unfilled
11:48:40 core.sweep_detector INFO: SweepDetector v2: 1 raw → 1 confirmed (vol≥1.5× body≥40%)
11:48:40 core.sweep_detector INFO: OrderBlocks: 5 detected, 3 unmitigated
11:48:40 core.sweep_detector INFO: FVGs: 10 detected, 5 unfilled
11:48:42 core.sweep_detector INFO: SweepDetector v2: 2 raw → 2 confirmed (vol≥1.5× body≥40%)
11:48:42 core.sweep_detector INFO: OrderBlocks: 5 detected, 2 unmitigated
11:48:42 core.sweep_detector INFO: FVGs: 8 detected, 3 unfilled
11:48:43 core.sweep_detector INFO: SweepDetector v2: 1 raw → 1 confirmed (vol≥1.5× body≥40%)
11:48:43 core.sweep_detector INFO: OrderBlocks: 2 detected, 0 unmitigated
11:48:43 core.sweep_detector INFO: FVGs: 2 detected, 1 unfilled
11:48:45 core.sweep_detector INFO: SweepDetector v2: 4 raw → 3 confirmed (vol≥1.5× body≥40%)
11:48:45 core.sweep_detector INFO: OrderBlocks: 0 detected, 0 unmitigated
11:48:45 core.sweep_detector INFO: FVGs: 2 detected, 0 unfilled
11:48:47 core.sweep_detector INFO: SweepDetector v2: 4 raw → 2 confirmed (vol≥1.5× body≥40%)
11:48:47 core.sweep_detector INFO: OrderBlocks: 5 detected, 3 unmitigated
11:48:47 core.sweep_detector INFO: FVGs: 12 detected, 4 unfilled
11:48:49 core.sweep_detector INFO: SweepDetector v2: 6 raw → 3 confirmed (vol≥1.5× body≥40%)
11:48:49 core.sweep_detector INFO: OrderBlocks: 4 detected, 0 unmitigated
11:48:49 core.sweep_detector INFO: FVGs: 7 detected, 2 unfilled
11:48:51 core.sweep_detector INFO: SweepDetector v2: 5 raw → 2 confirmed (vol≥1.5× body≥40%)
11:48:51 core.sweep_detector INFO: OrderBlocks: 2 detected, 1 unmitigated
11:48:51 core.sweep_detector INFO: FVGs: 4 detected, 2 unfilled
11:48:53 core.sweep_detector INFO: SweepDetector v2: 3 raw → 2 confirmed (vol≥1.5× body≥40%)
11:48:53 core.sweep_detector INFO: OrderBlocks: 4 detected, 0 unmitigated
11:48:53 core.sweep_detector INFO: FVGs: 7 detected, 0 unfilled
11:48:54 core.sweep_detector INFO: SweepDetector v2: 3 raw → 1 confirmed (vol≥1.5× body≥40%)
11:48:54 core.sweep_detector INFO: OrderBlocks: 8 detected, 2 unmitigated
11:48:54 core.sweep_detector INFO: FVGs: 16 detected, 1 unfilled
11:48:56 core.sweep_detector INFO: SweepDetector v2: 5 raw → 3 confirmed (vol≥1.5× body≥40%)
11:48:56 core.sweep_detector INFO: OrderBlocks: 9 detected, 3 unmitigated
11:48:56 core.sweep_detector INFO: FVGs: 13 detected, 4 unfilled
11:48:58 core.sweep_detector INFO: SweepDetector v2: 2 raw → 2 confirmed (vol≥1.5× body≥40%)
11:48:58 core.sweep_detector INFO: OrderBlocks: 6 detected, 1 unmitigated
11:48:58 core.sweep_detector INFO: FVGs: 8 detected, 3 unfilled
11:49:00 core.sweep_detector INFO: SweepDetector v2: 4 raw → 2 confirmed (vol≥1.5× body≥40%)
11:49:00 core.sweep_detector INFO: OrderBlocks: 2 detected, 1 unmitigated
11:49:00 core.sweep_detector INFO: FVGs: 4 detected, 2 unfilled
11:49:01 core.sweep_detector INFO: SweepDetector v2: 2 raw → 0 confirmed (vol≥1.5× body≥40%)
11:49:01 core.sweep_detector INFO: OrderBlocks: 5 detected, 0 unmitigated
11:49:01 core.sweep_detector INFO: FVGs: 6 detected, 1 unfilled
11:49:03 core.sweep_detector INFO: SweepDetector v2: 5 raw → 3 confirmed (vol≥1.5× body≥40%)
11:49:03 core.sweep_detector INFO: OrderBlocks: 6 detected, 1 unmitigated
11:49:03 core.sweep_detector INFO: FVGs: 8 detected, 5 unfilled
11:49:04 core.sweep_detector INFO: SweepDetector v2: 2 raw → 1 confirmed (vol≥1.5× body≥40%)
11:49:04 core.sweep_detector INFO: OrderBlocks: 1 detected, 0 unmitigated
11:49:04 core.sweep_detector INFO: FVGs: 8 detected, 1 unfilled
11:49:06 core.sweep_detector INFO: SweepDetector v2: 4 raw → 2 confirmed (vol≥1.5× body≥40%)
11:49:06 core.sweep_detector INFO: OrderBlocks: 1 detected, 1 unmitigated
11:49:06 core.sweep_detector INFO: FVGs: 7 detected, 2 unfilled
11:49:09 core.sweep_detector INFO: SweepDetector v2: 6 raw → 2 confirmed (vol≥1.5× body≥40%)
11:49:09 core.sweep_detector INFO: OrderBlocks: 5 detected, 1 unmitigated
11:49:09 core.sweep_detector INFO: FVGs: 9 detected, 3 unfilled
11:49:11 core.sweep_detector INFO: SweepDetector v2: 7 raw → 3 confirmed (vol≥1.5× body≥40%)
11:49:11 core.sweep_detector INFO: OrderBlocks: 3 detected, 2 unmitigated
11:49:11 core.sweep_detector INFO: FVGs: 8 detected, 1 unfilled
11:49:12 core.sweep_detector INFO: SweepDetector v2: 2 raw → 1 confirmed (vol≥1.5× body≥40%)
11:49:12 core.sweep_detector INFO: OrderBlocks: 3 detected, 1 unmitigated
11:49:12 core.sweep_detector INFO: FVGs: 5 detected, 1 unfilled
11:49:14 core.sweep_detector INFO: SweepDetector v2: 1 raw → 1 confirmed (vol≥1.5× body≥40%)
11:49:14 core.sweep_detector INFO: OrderBlocks: 2 detected, 2 unmitigated
11:49:14 core.sweep_detector INFO: FVGs: 9 detected, 5 unfilled
11:49:16 core.sweep_detector INFO: SweepDetector v2: 3 raw → 2 confirmed (vol≥1.5× body≥40%)
11:49:16 core.sweep_detector INFO: OrderBlocks: 3 detected, 1 unmitigated
11:49:16 core.sweep_detector INFO: FVGs: 6 detected, 2 unfilled
11:49:18 core.sweep_detector INFO: SweepDetector v2: 1 raw → 0 confirmed (vol≥1.5× body≥40%)
11:49:18 core.sweep_detector INFO: OrderBlocks: 5 detected, 1 unmitigated
11:49:18 core.sweep_detector INFO: FVGs: 15 detected, 1 unfilled
11:49:19 core.sweep_detector INFO: SweepDetector v2: 6 raw → 2 confirmed (vol≥1.5× body≥40%)
11:49:19 core.sweep_detector INFO: OrderBlocks: 3 detected, 0 unmitigated
11:49:19 core.sweep_detector INFO: FVGs: 0 detected, 0 unfilled
11:49:21 core.sweep_detector INFO: SweepDetector v2: 3 raw → 1 confirmed (vol≥1.5× body≥40%)
11:49:21 core.sweep_detector INFO: OrderBlocks: 0 detected, 0 unmitigated
11:49:21 core.sweep_detector INFO: FVGs: 0 detected, 0 unfilled
11:49:23 core.sweep_detector INFO: SweepDetector v2: 1 raw → 1 confirmed (vol≥1.5× body≥40%)
11:49:23 core.sweep_detector INFO: OrderBlocks: 0 detected, 0 unmitigated
11:49:23 core.sweep_detector INFO: FVGs: 0 detected, 0 unfilled
11:49:25 core.sweep_detector INFO: SweepDetector v2: 5 raw → 1 confirmed (vol≥1.5× body≥40%)
11:49:25 core.sweep_detector INFO: OrderBlocks: 5 detected, 0 unmitigated
11:49:25 core.sweep_detector INFO: FVGs: 0 detected, 0 unfilled
11:49:26 core.sweep_detector INFO: SweepDetector v2: 2 raw → 1 confirmed (vol≥1.5× body≥40%)
11:49:26 core.sweep_detector INFO: OrderBlocks: 2 detected, 0 unmitigated
11:49:26 core.sweep_detector INFO: FVGs: 0 detected, 0 unfilled
11:49:28 core.sweep_detector INFO: SweepDetector v2: 0 raw → 0 confirmed (vol≥1.5× body≥40%)
11:49:28 core.sweep_detector INFO: OrderBlocks: 0 detected, 0 unmitigated
11:49:28 core.sweep_detector INFO: FVGs: 0 detected, 0 unfilled
11:49:30 core.sweep_detector INFO: SweepDetector v2: 0 raw → 0 confirmed (vol≥1.5× body≥40%)
11:49:30 core.sweep_detector INFO: OrderBlocks: 0 detected, 0 unmitigated
11:49:30 core.sweep_detector INFO: FVGs: 0 detected, 0 unfilled
11:49:31 core.sweep_detector INFO: SweepDetector v2: 0 raw → 0 confirmed (vol≥1.5× body≥40%)
11:49:31 core.sweep_detector INFO: OrderBlocks: 0 detected, 0 unmitigated
11:49:31 core.sweep_detector INFO: FVGs: 0 detected, 0 unfilled
11:49:33 core.sweep_detector INFO: SweepDetector v2: 0 raw → 0 confirmed (vol≥1.5× body≥40%)
11:49:33 core.sweep_detector INFO: OrderBlocks: 0 detected, 0 unmitigated
11:49:33 core.sweep_detector INFO: FVGs: 0 detected, 0 unfilled
11:49:35 core.sweep_detector INFO: SweepDetector v2: 2 raw → 0 confirmed (vol≥1.5× body≥40%)
11:49:35 core.sweep_detector INFO: OrderBlocks: 5 detected, 2 unmitigated
11:49:35 core.sweep_detector INFO: FVGs: 11 detected, 3 unfilled
11:49:36 core.sweep_detector INFO: SweepDetector v2: 5 raw → 4 confirmed (vol≥1.5× body≥40%)
11:49:36 core.sweep_detector INFO: OrderBlocks: 5 detected, 0 unmitigated
11:49:36 core.sweep_detector INFO: FVGs: 8 detected, 1 unfilled
11:49:38 core.sweep_detector INFO: SweepDetector v2: 1 raw → 1 confirmed (vol≥1.5× body≥40%)
11:49:38 core.sweep_detector INFO: OrderBlocks: 3 detected, 1 unmitigated
11:49:38 core.sweep_detector INFO: FVGs: 7 detected, 2 unfilled
11:49:40 core.sweep_detector INFO: SweepDetector v2: 1 raw → 1 confirmed (vol≥1.5× body≥40%)
11:49:40 core.sweep_detector INFO: OrderBlocks: 8 detected, 3 unmitigated
11:49:40 core.sweep_detector INFO: FVGs: 10 detected, 3 unfilled
11:49:42 core.sweep_detector INFO: SweepDetector v2: 2 raw → 1 confirmed (vol≥1.5× body≥40%)
11:49:42 core.sweep_detector INFO: OrderBlocks: 2 detected, 2 unmitigated
11:49:42 core.sweep_detector INFO: FVGs: 8 detected, 2 unfilled
11:49:44 core.sweep_detector INFO: SweepDetector v2: 4 raw → 4 confirmed (vol≥1.5× body≥40%)
11:49:44 core.sweep_detector INFO: OrderBlocks: 6 detected, 1 unmitigated
11:49:44 core.sweep_detector INFO: FVGs: 9 detected, 3 unfilled
11:49:46 core.sweep_detector INFO: SweepDetector v2: 2 raw → 1 confirmed (vol≥1.5× body≥40%)
11:49:46 core.sweep_detector INFO: OrderBlocks: 7 detected, 2 unmitigated
11:49:46 core.sweep_detector INFO: FVGs: 11 detected, 3 unfilled
11:49:47 core.sweep_detector INFO: SweepDetector v2: 3 raw → 3 confirmed (vol≥1.5× body≥40%)
11:49:47 core.sweep_detector INFO: OrderBlocks: 4 detected, 1 unmitigated
11:49:47 core.sweep_detector INFO: FVGs: 9 detected, 4 unfilled
11:49:49 core.sweep_detector INFO: SweepDetector v2: 3 raw → 3 confirmed (vol≥1.5× body≥40%)
11:49:49 core.sweep_detector INFO: OrderBlocks: 4 detected, 2 unmitigated
11:49:49 core.sweep_detector INFO: FVGs: 3 detected, 1 unfilled
11:49:50 core.sweep_detector INFO: SweepDetector v2: 5 raw → 4 confirmed (vol≥1.5× body≥40%)
11:49:51 core.sweep_detector INFO: OrderBlocks: 7 detected, 2 unmitigated
11:49:51 core.sweep_detector INFO: FVGs: 8 detected, 1 unfilled
11:49:52 core.sweep_detector INFO: SweepDetector v2: 7 raw → 7 confirmed (vol≥1.5× body≥40%)
11:49:52 core.sweep_detector INFO: OrderBlocks: 2 detected, 0 unmitigated
11:49:52 core.sweep_detector INFO: FVGs: 8 detected, 3 unfilled
11:49:54 core.sweep_detector INFO: SweepDetector v2: 6 raw → 4 confirmed (vol≥1.5× body≥40%)
11:49:54 core.sweep_detector INFO: OrderBlocks: 7 detected, 2 unmitigated
11:49:54 core.sweep_detector INFO: FVGs: 9 detected, 1 unfilled
11:49:56 core.sweep_detector INFO: SweepDetector v2: 0 raw → 0 confirmed (vol≥1.5× body≥40%)
11:49:56 core.sweep_detector INFO: OrderBlocks: 6 detected, 4 unmitigated
11:49:56 core.sweep_detector INFO: FVGs: 15 detected, 5 unfilled
11:49:57 core.sweep_detector INFO: SweepDetector v2: 3 raw → 3 confirmed (vol≥1.5× body≥40%)
11:49:57 core.sweep_detector INFO: OrderBlocks: 6 detected, 3 unmitigated
11:49:57 core.sweep_detector INFO: FVGs: 14 detected, 2 unfilled
11:50:00 core.sweep_detector INFO: SweepDetector v2: 3 raw → 0 confirmed (vol≥1.5× body≥40%)
11:50:00 core.sweep_detector INFO: OrderBlocks: 7 detected, 3 unmitigated
11:50:00 core.sweep_detector INFO: FVGs: 14 detected, 5 unfilled
11:50:02 core.sweep_detector INFO: SweepDetector v2: 5 raw → 4 confirmed (vol≥1.5× body≥40%)
11:50:02 core.sweep_detector INFO: OrderBlocks: 6 detected, 2 unmitigated
11:50:02 core.sweep_detector INFO: FVGs: 9 detected, 3 unfilled
11:50:04 core.sweep_detector INFO: SweepDetector v2: 3 raw → 2 confirmed (vol≥1.5× body≥40%)
11:50:04 core.sweep_detector INFO: OrderBlocks: 2 detected, 1 unmitigated
11:50:04 core.sweep_detector INFO: FVGs: 7 detected, 1 unfilled
11:50:06 core.sweep_detector INFO: SweepDetector v2: 0 raw → 0 confirmed (vol≥1.5× body≥40%)
11:50:06 core.sweep_detector INFO: OrderBlocks: 6 detected, 1 unmitigated
11:50:06 core.sweep_detector INFO: FVGs: 5 detected, 2 unfilled
11:50:08 core.sweep_detector INFO: SweepDetector v2: 3 raw → 2 confirmed (vol≥1.5× body≥40%)
11:50:08 core.sweep_detector INFO: OrderBlocks: 8 detected, 3 unmitigated
11:50:08 core.sweep_detector INFO: FVGs: 11 detected, 4 unfilled
11:50:09 core.sweep_detector INFO: SweepDetector v2: 4 raw → 4 confirmed (vol≥1.5× body≥40%)
11:50:09 core.sweep_detector INFO: OrderBlocks: 7 detected, 2 unmitigated
11:50:09 core.sweep_detector INFO: FVGs: 21 detected, 4 unfilled
11:50:11 core.sweep_detector INFO: SweepDetector v2: 5 raw → 2 confirmed (vol≥1.5× body≥40%)
11:50:11 core.sweep_detector INFO: OrderBlocks: 8 detected, 2 unmitigated
11:50:11 core.sweep_detector INFO: FVGs: 7 detected, 1 unfilled
11:50:13 core.sweep_detector INFO: SweepDetector v2: 4 raw → 3 confirmed (vol≥1.5× body≥40%)
11:50:13 core.sweep_detector INFO: OrderBlocks: 6 detected, 2 unmitigated
11:50:14 core.sweep_detector INFO: FVGs: 15 detected, 3 unfilled
11:50:16 core.sweep_detector INFO: SweepDetector v2: 3 raw → 0 confirmed (vol≥1.5× body≥40%)
11:50:16 core.sweep_detector INFO: OrderBlocks: 10 detected, 2 unmitigated
11:50:16 core.sweep_detector INFO: FVGs: 15 detected, 5 unfilled
11:50:18 core.sweep_detector INFO: SweepDetector v2: 4 raw → 2 confirmed (vol≥1.5× body≥40%)
11:50:18 core.sweep_detector INFO: OrderBlocks: 3 detected, 2 unmitigated
11:50:18 core.sweep_detector INFO: FVGs: 8 detected, 5 unfilled
11:50:20 core.sweep_detector INFO: SweepDetector v2: 5 raw → 4 confirmed (vol≥1.5× body≥40%)
11:50:20 core.sweep_detector INFO: OrderBlocks: 9 detected, 3 unmitigated
11:50:20 core.sweep_detector INFO: FVGs: 8 detected, 4 unfilled
11:50:21 core.sweep_detector INFO: SweepDetector v2: 4 raw → 3 confirmed (vol≥1.5× body≥40%)
11:50:21 core.sweep_detector INFO: OrderBlocks: 3 detected, 1 unmitigated
11:50:21 core.sweep_detector INFO: FVGs: 6 detected, 2 unfilled
11:50:23 core.sweep_detector INFO: SweepDetector v2: 3 raw → 2 confirmed (vol≥1.5× body≥40%)
11:50:23 core.sweep_detector INFO: OrderBlocks: 6 detected, 1 unmitigated
11:50:23 core.sweep_detector INFO: FVGs: 8 detected, 2 unfilled
11:50:25 core.sweep_detector INFO: SweepDetector v2: 2 raw → 2 confirmed (vol≥1.5× body≥40%)
11:50:25 core.sweep_detector INFO: OrderBlocks: 6 detected, 3 unmitigated
11:50:25 core.sweep_detector INFO: FVGs: 7 detected, 4 unfilled
11:50:28 core.sweep_detector INFO: SweepDetector v2: 4 raw → 3 confirmed (vol≥1.5× body≥40%)
11:50:28 core.sweep_detector INFO: OrderBlocks: 3 detected, 1 unmitigated
11:50:28 core.sweep_detector INFO: FVGs: 8 detected, 3 unfilled
11:50:30 core.sweep_detector INFO: SweepDetector v2: 1 raw → 1 confirmed (vol≥1.5× body≥40%)
11:50:30 core.sweep_detector INFO: OrderBlocks: 4 detected, 1 unmitigated
11:50:30 core.sweep_detector INFO: FVGs: 6 detected, 2 unfilled
11:50:32 core.sweep_detector INFO: SweepDetector v2: 3 raw → 2 confirmed (vol≥1.5× body≥40%)
11:50:32 core.sweep_detector INFO: OrderBlocks: 4 detected, 0 unmitigated
11:50:32 core.sweep_detector INFO: FVGs: 7 detected, 0 unfilled
11:50:33 core.sweep_detector INFO: SweepDetector v2: 3 raw → 2 confirmed (vol≥1.5× body≥40%)
11:50:33 core.sweep_detector INFO: OrderBlocks: 4 detected, 0 unmitigated
11:50:33 core.sweep_detector INFO: FVGs: 4 detected, 0 unfilled
11:50:35 core.sweep_detector INFO: SweepDetector v2: 2 raw → 1 confirmed (vol≥1.5× body≥40%)
11:50:35 core.sweep_detector INFO: OrderBlocks: 5 detected, 1 unmitigated
11:50:35 core.sweep_detector INFO: FVGs: 2 detected, 0 unfilled
11:50:37 core.sweep_detector INFO: SweepDetector v2: 0 raw → 0 confirmed (vol≥1.5× body≥40%)
11:50:37 core.sweep_detector INFO: OrderBlocks: 3 detected, 1 unmitigated
11:50:37 core.sweep_detector INFO: FVGs: 11 detected, 1 unfilled
11:50:38 core.sweep_detector INFO: SweepDetector v2: 1 raw → 0 confirmed (vol≥1.5× body≥40%)
11:50:38 core.sweep_detector INFO: OrderBlocks: 4 detected, 0 unmitigated
11:50:38 core.sweep_detector INFO: FVGs: 8 detected, 1 unfilled
11:50:40 core.sweep_detector INFO: SweepDetector v2: 4 raw → 4 confirmed (vol≥1.5× body≥40%)
11:50:40 core.sweep_detector INFO: OrderBlocks: 5 detected, 2 unmitigated
11:50:40 core.sweep_detector INFO: FVGs: 5 detected, 1 unfilled
11:50:42 core.sweep_detector INFO: SweepDetector v2: 1 raw → 1 confirmed (vol≥1.5× body≥40%)
11:50:42 core.sweep_detector INFO: OrderBlocks: 7 detected, 3 unmitigated
11:50:42 core.sweep_detector INFO: FVGs: 11 detected, 6 unfilled
11:50:44 core.sweep_detector INFO: SweepDetector v2: 1 raw → 1 confirmed (vol≥1.5× body≥40%)
11:50:44 core.sweep_detector INFO: OrderBlocks: 4 detected, 3 unmitigated
11:50:44 core.sweep_detector INFO: FVGs: 12 detected, 4 unfilled
11:50:46 core.sweep_detector INFO: SweepDetector v2: 4 raw → 3 confirmed (vol≥1.5× body≥40%)
11:50:46 core.sweep_detector INFO: OrderBlocks: 9 detected, 2 unmitigated
11:50:46 core.sweep_detector INFO: FVGs: 6 detected, 1 unfilled
11:50:47 core.sweep_detector INFO: SweepDetector v2: 5 raw → 4 confirmed (vol≥1.5× body≥40%)
11:50:47 core.sweep_detector INFO: OrderBlocks: 9 detected, 3 unmitigated
11:50:47 core.sweep_detector INFO: FVGs: 11 detected, 4 unfilled
11:50:50 core.sweep_detector INFO: SweepDetector v2: 6 raw → 6 confirmed (vol≥1.5× body≥40%)
11:50:50 core.sweep_detector INFO: OrderBlocks: 3 detected, 3 unmitigated
11:50:50 core.sweep_detector INFO: FVGs: 6 detected, 4 unfilled
11:50:53 core.sweep_detector INFO: SweepDetector v2: 3 raw → 1 confirmed (vol≥1.5× body≥40%)
11:50:53 core.sweep_detector INFO: OrderBlocks: 3 detected, 2 unmitigated
11:50:53 core.sweep_detector INFO: FVGs: 15 detected, 10 unfilled
11:50:54 core.sweep_detector INFO: SweepDetector v2: 11 raw → 6 confirmed (vol≥1.5× body≥40%)
11:50:54 core.sweep_detector INFO: OrderBlocks: 7 detected, 2 unmitigated
11:50:54 core.sweep_detector INFO: FVGs: 10 detected, 7 unfilled
11:50:56 core.sweep_detector INFO: SweepDetector v2: 8 raw → 4 confirmed (vol≥1.5× body≥40%)
11:50:56 core.sweep_detector INFO: OrderBlocks: 6 detected, 1 unmitigated
11:50:56 core.sweep_detector INFO: FVGs: 9 detected, 3 unfilled
11:50:58 core.sweep_detector INFO: SweepDetector v2: 2 raw → 1 confirmed (vol≥1.5× body≥40%)
11:50:58 core.sweep_detector INFO: OrderBlocks: 7 detected, 1 unmitigated
11:50:58 core.sweep_detector INFO: FVGs: 12 detected, 5 unfilled
11:51:00 core.sweep_detector INFO: SweepDetector v2: 6 raw → 3 confirmed (vol≥1.5× body≥40%)
11:51:00 core.sweep_detector INFO: OrderBlocks: 8 detected, 2 unmitigated
11:51:00 core.sweep_detector INFO: FVGs: 7 detected, 0 unfilled
11:51:02 core.sweep_detector INFO: SweepDetector v2: 8 raw → 4 confirmed (vol≥1.5× body≥40%)
11:51:02 core.sweep_detector INFO: OrderBlocks: 4 detected, 3 unmitigated
11:51:02 core.sweep_detector INFO: FVGs: 9 detected, 3 unfilled
11:51:04 core.sweep_detector INFO: SweepDetector v2: 2 raw → 1 confirmed (vol≥1.5× body≥40%)
11:51:04 core.sweep_detector INFO: OrderBlocks: 6 detected, 1 unmitigated
11:51:04 core.sweep_detector INFO: FVGs: 5 detected, 1 unfilled
11:51:05 core.sweep_detector INFO: SweepDetector v2: 1 raw → 1 confirmed (vol≥1.5× body≥40%)
11:51:05 core.sweep_detector INFO: OrderBlocks: 8 detected, 3 unmitigated
11:51:05 core.sweep_detector INFO: FVGs: 7 detected, 2 unfilled
11:51:07 core.sweep_detector INFO: SweepDetector v2: 4 raw → 3 confirmed (vol≥1.5× body≥40%)
11:51:07 core.sweep_detector INFO: OrderBlocks: 3 detected, 1 unmitigated
11:51:07 core.sweep_detector INFO: FVGs: 7 detected, 4 unfilled
11:51:09 core.sweep_detector INFO: SweepDetector v2: 5 raw → 3 confirmed (vol≥1.5× body≥40%)
11:51:09 core.sweep_detector INFO: OrderBlocks: 1 detected, 0 unmitigated
11:51:09 core.sweep_detector INFO: FVGs: 6 detected, 0 unfilled
11:51:11 core.sweep_detector INFO: SweepDetector v2: 4 raw → 2 confirmed (vol≥1.5× body≥40%)
11:51:11 core.sweep_detector INFO: OrderBlocks: 4 detected, 2 unmitigated
11:51:11 core.sweep_detector INFO: FVGs: 8 detected, 4 unfilled
11:51:13 core.sweep_detector INFO: SweepDetector v2: 5 raw → 1 confirmed (vol≥1.5× body≥40%)
11:51:13 core.sweep_detector INFO: OrderBlocks: 3 detected, 0 unmitigated
11:51:13 core.sweep_detector INFO: FVGs: 6 detected, 2 unfilled
11:51:15 core.sweep_detector INFO: SweepDetector v2: 0 raw → 0 confirmed (vol≥1.5× body≥40%)
11:51:15 core.sweep_detector INFO: OrderBlocks: 2 detected, 0 unmitigated
11:51:15 core.sweep_detector INFO: FVGs: 3 detected, 1 unfilled
11:51:17 core.sweep_detector INFO: SweepDetector v2: 2 raw → 1 confirmed (vol≥1.5× body≥40%)
11:51:17 core.sweep_detector INFO: OrderBlocks: 7 detected, 2 unmitigated
11:51:17 core.sweep_detector INFO: FVGs: 5 detected, 2 unfilled
11:51:20 core.sweep_detector INFO: SweepDetector v2: 2 raw → 2 confirmed (vol≥1.5× body≥40%)
11:51:20 core.sweep_detector INFO: OrderBlocks: 0 detected, 0 unmitigated
11:51:20 core.sweep_detector INFO: FVGs: 6 detected, 1 unfilled
11:51:21 core.sweep_detector INFO: SweepDetector v2: 1 raw → 1 confirmed (vol≥1.5× body≥40%)
11:51:21 core.sweep_detector INFO: OrderBlocks: 5 detected, 2 unmitigated
11:51:21 core.sweep_detector INFO: FVGs: 1 detected, 0 unfilled
11:51:23 core.sweep_detector INFO: SweepDetector v2: 7 raw → 3 confirmed (vol≥1.5× body≥40%)
11:51:23 core.sweep_detector INFO: OrderBlocks: 5 detected, 2 unmitigated
11:51:23 core.sweep_detector INFO: FVGs: 7 detected, 2 unfilled
11:51:25 core.sweep_detector INFO: SweepDetector v2: 1 raw → 1 confirmed (vol≥1.5× body≥40%)
11:51:25 core.sweep_detector INFO: OrderBlocks: 3 detected, 2 unmitigated
11:51:25 core.sweep_detector INFO: FVGs: 7 detected, 4 unfilled
11:51:27 core.sweep_detector INFO: SweepDetector v2: 1 raw → 1 confirmed (vol≥1.5× body≥40%)
11:51:27 core.sweep_detector INFO: OrderBlocks: 1 detected, 0 unmitigated
11:51:27 core.sweep_detector INFO: FVGs: 5 detected, 1 unfilled
11:51:29 core.sweep_detector INFO: SweepDetector v2: 1 raw → 1 confirmed (vol≥1.5× body≥40%)
11:51:29 core.sweep_detector INFO: OrderBlocks: 6 detected, 0 unmitigated
11:51:29 core.sweep_detector INFO: FVGs: 8 detected, 1 unfilled
11:51:30 core.sweep_detector INFO: SweepDetector v2: 6 raw → 5 confirmed (vol≥1.5× body≥40%)
11:51:30 core.sweep_detector INFO: OrderBlocks: 0 detected, 0 unmitigated
11:51:30 core.sweep_detector INFO: FVGs: 9 detected, 5 unfilled
11:51:32 core.sweep_detector INFO: SweepDetector v2: 4 raw → 3 confirmed (vol≥1.5× body≥40%)
11:51:32 core.sweep_detector INFO: OrderBlocks: 4 detected, 1 unmitigated
11:51:32 core.sweep_detector INFO: FVGs: 8 detected, 2 unfilled
11:51:34 core.sweep_detector INFO: SweepDetector v2: 2 raw → 1 confirmed (vol≥1.5× body≥40%)
11:51:34 core.sweep_detector INFO: OrderBlocks: 8 detected, 2 unmitigated
11:51:34 core.sweep_detector INFO: FVGs: 4 detected, 3 unfilled
11:51:36 core.sweep_detector INFO: SweepDetector v2: 4 raw → 2 confirmed (vol≥1.5× body≥40%)
11:51:36 core.sweep_detector INFO: OrderBlocks: 2 detected, 0 unmitigated
11:51:36 core.sweep_detector INFO: FVGs: 5 detected, 3 unfilled
11:51:37 core.sweep_detector INFO: SweepDetector v2: 0 raw → 0 confirmed (vol≥1.5× body≥40%)
11:51:37 core.sweep_detector INFO: OrderBlocks: 6 detected, 1 unmitigated
11:51:37 core.sweep_detector INFO: FVGs: 4 detected, 2 unfilled
11:51:39 core.sweep_detector INFO: SweepDetector v2: 3 raw → 3 confirmed (vol≥1.5× body≥40%)
11:51:39 core.sweep_detector INFO: OrderBlocks: 8 detected, 3 unmitigated
11:51:39 core.sweep_detector INFO: FVGs: 8 detected, 5 unfilled
11:51:41 core.sweep_detector INFO: SweepDetector v2: 5 raw → 3 confirmed (vol≥1.5× body≥40%)
11:51:41 core.sweep_detector INFO: OrderBlocks: 4 detected, 1 unmitigated
11:51:41 core.sweep_detector INFO: FVGs: 7 detected, 1 unfilled
11:51:43 core.sweep_detector INFO: SweepDetector v2: 4 raw → 1 confirmed (vol≥1.5× body≥40%)
11:51:43 core.sweep_detector INFO: OrderBlocks: 6 detected, 1 unmitigated
11:51:43 core.sweep_detector INFO: FVGs: 5 detected, 0 unfilled
11:51:45 core.sweep_detector INFO: SweepDetector v2: 0 raw → 0 confirmed (vol≥1.5× body≥40%)
11:51:45 core.sweep_detector INFO: OrderBlocks: 2 detected, 0 unmitigated
11:51:45 core.sweep_detector INFO: FVGs: 12 detected, 4 unfilled
11:51:47 core.sweep_detector INFO: SweepDetector v2: 5 raw → 2 confirmed (vol≥1.5× body≥40%)
11:51:47 core.sweep_detector INFO: OrderBlocks: 8 detected, 3 unmitigated
11:51:47 core.sweep_detector INFO: FVGs: 10 detected, 5 unfilled
11:51:49 core.sweep_detector INFO: SweepDetector v2: 2 raw → 0 confirmed (vol≥1.5× body≥40%)
11:51:49 core.sweep_detector INFO: OrderBlocks: 4 detected, 1 unmitigated
11:51:49 core.sweep_detector INFO: FVGs: 11 detected, 4 unfilled
11:51:51 core.sweep_detector INFO: SweepDetector v2: 6 raw → 3 confirmed (vol≥1.5× body≥40%)
11:51:51 core.sweep_detector INFO: OrderBlocks: 10 detected, 2 unmitigated
11:51:51 core.sweep_detector INFO: FVGs: 12 detected, 2 unfilled
11:51:52 core.sweep_detector INFO: SweepDetector v2: 3 raw → 2 confirmed (vol≥1.5× body≥40%)
11:51:52 core.sweep_detector INFO: OrderBlocks: 9 detected, 2 unmitigated
11:51:52 core.sweep_detector INFO: FVGs: 10 detected, 3 unfilled
11:51:54 core.sweep_detector INFO: SweepDetector v2: 3 raw → 1 confirmed (vol≥1.5× body≥40%)
11:51:54 core.sweep_detector INFO: OrderBlocks: 2 detected, 0 unmitigated
11:51:54 core.sweep_detector INFO: FVGs: 9 detected, 2 unfilled
11:51:56 core.sweep_detector INFO: SweepDetector v2: 6 raw → 4 confirmed (vol≥1.5× body≥40%)
11:51:56 core.sweep_detector INFO: OrderBlocks: 6 detected, 1 unmitigated
11:51:56 core.sweep_detector INFO: FVGs: 9 detected, 4 unfilled
11:51:58 core.sweep_detector INFO: SweepDetector v2: 5 raw → 2 confirmed (vol≥1.5× body≥40%)
11:51:58 core.sweep_detector INFO: OrderBlocks: 7 detected, 2 unmitigated
11:51:58 core.sweep_detector INFO: FVGs: 7 detected, 4 unfilled
11:52:00 core.sweep_detector INFO: SweepDetector v2: 4 raw → 2 confirmed (vol≥1.5× body≥40%)
11:52:00 core.sweep_detector INFO: OrderBlocks: 11 detected, 2 unmitigated
11:52:00 core.sweep_detector INFO: FVGs: 11 detected, 3 unfilled
11:52:02 core.sweep_detector INFO: SweepDetector v2: 3 raw → 2 confirmed (vol≥1.5× body≥40%)
11:52:02 core.sweep_detector INFO: OrderBlocks: 14 detected, 2 unmitigated
11:52:02 core.sweep_detector INFO: FVGs: 14 detected, 1 unfilled
11:52:04 core.sweep_detector INFO: SweepDetector v2: 4 raw → 3 confirmed (vol≥1.5× body≥40%)
11:52:04 core.sweep_detector INFO: OrderBlocks: 2 detected, 1 unmitigated
11:52:04 core.sweep_detector INFO: FVGs: 7 detected, 1 unfilled
11:52:06 core.sweep_detector INFO: SweepDetector v2: 6 raw → 2 confirmed (vol≥1.5× body≥40%)
11:52:06 core.sweep_detector INFO: OrderBlocks: 1 detected, 0 unmitigated
11:52:06 core.sweep_detector INFO: FVGs: 3 detected, 1 unfilled
11:52:07 core.sweep_detector INFO: SweepDetector v2: 6 raw → 3 confirmed (vol≥1.5× body≥40%)
11:52:07 core.sweep_detector INFO: OrderBlocks: 6 detected, 4 unmitigated
11:52:07 core.sweep_detector INFO: FVGs: 11 detected, 4 unfilled
11:52:09 core.sweep_detector INFO: SweepDetector v2: 5 raw → 4 confirmed (vol≥1.5× body≥40%)
11:52:09 core.sweep_detector INFO: OrderBlocks: 5 detected, 1 unmitigated
11:52:09 core.sweep_detector INFO: FVGs: 9 detected, 5 unfilled
11:52:13 core.sweep_detector INFO: SweepDetector v2: 2 raw → 1 confirmed (vol≥1.5× body≥40%)
11:52:13 core.sweep_detector INFO: OrderBlocks: 5 detected, 2 unmitigated
11:52:13 core.sweep_detector INFO: FVGs: 8 detected, 3 unfilled
11:52:15 core.sweep_detector INFO: SweepDetector v2: 3 raw → 2 confirmed (vol≥1.5× body≥40%)
11:52:15 core.sweep_detector INFO: OrderBlocks: 5 detected, 4 unmitigated
11:52:15 core.sweep_detector INFO: FVGs: 7 detected, 3 unfilled
11:52:17 core.sweep_detector INFO: SweepDetector v2: 3 raw → 3 confirmed (vol≥1.5× body≥40%)
11:52:17 core.sweep_detector INFO: OrderBlocks: 1 detected, 0 unmitigated
11:52:17 core.sweep_detector INFO: FVGs: 5 detected, 2 unfilled
11:52:19 core.sweep_detector INFO: SweepDetector v2: 3 raw → 2 confirmed (vol≥1.5× body≥40%)
11:52:19 core.sweep_detector INFO: OrderBlocks: 2 detected, 1 unmitigated
11:52:19 core.sweep_detector INFO: FVGs: 6 detected, 2 unfilled
11:52:21 core.sweep_detector INFO: SweepDetector v2: 3 raw → 1 confirmed (vol≥1.5× body≥40%)
11:52:21 core.sweep_detector INFO: OrderBlocks: 7 detected, 2 unmitigated
11:52:21 core.sweep_detector INFO: FVGs: 10 detected, 3 unfilled
11:52:22 core.sweep_detector INFO: SweepDetector v2: 5 raw → 3 confirmed (vol≥1.5× body≥40%)
11:52:22 core.sweep_detector INFO: OrderBlocks: 5 detected, 1 unmitigated
11:52:22 core.sweep_detector INFO: FVGs: 7 detected, 3 unfilled
11:52:24 core.sweep_detector INFO: SweepDetector v2: 5 raw → 4 confirmed (vol≥1.5× body≥40%)
11:52:24 core.sweep_detector INFO: OrderBlocks: 4 detected, 2 unmitigated
11:52:24 core.sweep_detector INFO: FVGs: 10 detected, 4 unfilled
11:52:26 core.sweep_detector INFO: SweepDetector v2: 1 raw → 1 confirmed (vol≥1.5× body≥40%)
11:52:26 core.sweep_detector INFO: OrderBlocks: 5 detected, 2 unmitigated
11:52:26 core.sweep_detector INFO: FVGs: 9 detected, 4 unfilled
11:52:27 core.sweep_detector INFO: SweepDetector v2: 3 raw → 0 confirmed (vol≥1.5× body≥40%)
11:52:27 core.sweep_detector INFO: OrderBlocks: 4 detected, 1 unmitigated
11:52:27 core.sweep_detector INFO: FVGs: 14 detected, 0 unfilled
11:52:29 core.sweep_detector INFO: SweepDetector v2: 5 raw → 3 confirmed (vol≥1.5× body≥40%)
11:52:29 core.sweep_detector INFO: OrderBlocks: 5 detected, 4 unmitigated
11:52:29 core.sweep_detector INFO: FVGs: 7 detected, 2 unfilled
11:52:31 core.sweep_detector INFO: SweepDetector v2: 6 raw → 2 confirmed (vol≥1.5× body≥40%)
11:52:31 core.sweep_detector INFO: OrderBlocks: 8 detected, 1 unmitigated
11:52:31 core.sweep_detector INFO: FVGs: 5 detected, 0 unfilled
11:52:33 core.sweep_detector INFO: SweepDetector v2: 3 raw → 1 confirmed (vol≥1.5× body≥40%)
11:52:33 core.sweep_detector INFO: OrderBlocks: 2 detected, 1 unmitigated
11:52:33 core.sweep_detector INFO: FVGs: 9 detected, 4 unfilled
11:52:34 core.sweep_detector INFO: SweepDetector v2: 6 raw → 3 confirmed (vol≥1.5× body≥40%)
11:52:34 core.sweep_detector INFO: OrderBlocks: 11 detected, 2 unmitigated
11:52:34 core.sweep_detector INFO: FVGs: 11 detected, 1 unfilled
11:52:36 core.sweep_detector INFO: SweepDetector v2: 6 raw → 5 confirmed (vol≥1.5× body≥40%)
11:52:36 core.sweep_detector INFO: OrderBlocks: 4 detected, 0 unmitigated
11:52:36 core.sweep_detector INFO: FVGs: 6 detected, 1 unfilled
11:52:38 core.sweep_detector INFO: SweepDetector v2: 4 raw → 3 confirmed (vol≥1.5× body≥40%)
11:52:38 core.sweep_detector INFO: OrderBlocks: 2 detected, 2 unmitigated
11:52:38 core.sweep_detector INFO: FVGs: 3 detected, 1 unfilled
11:52:40 core.sweep_detector INFO: SweepDetector v2: 2 raw → 2 confirmed (vol≥1.5× body≥40%)
11:52:40 core.sweep_detector INFO: OrderBlocks: 9 detected, 2 unmitigated
11:52:40 core.sweep_detector INFO: FVGs: 0 detected, 0 unfilled
11:52:42 core.sweep_detector INFO: SweepDetector v2: 2 raw → 2 confirmed (vol≥1.5× body≥40%)
11:52:42 core.sweep_detector INFO: OrderBlocks: 3 detected, 0 unmitigated
11:52:42 core.sweep_detector INFO: FVGs: 8 detected, 4 unfilled
11:52:43 core.sweep_detector INFO: SweepDetector v2: 2 raw → 1 confirmed (vol≥1.5× body≥40%)
11:52:43 core.sweep_detector INFO: OrderBlocks: 1 detected, 0 unmitigated
11:52:43 core.sweep_detector INFO: FVGs: 7 detected, 3 unfilled
11:52:45 core.sweep_detector INFO: SweepDetector v2: 3 raw → 1 confirmed (vol≥1.5× body≥40%)
11:52:45 core.sweep_detector INFO: OrderBlocks: 6 detected, 2 unmitigated
11:52:45 core.sweep_detector INFO: FVGs: 6 detected, 2 unfilled
11:52:47 core.sweep_detector INFO: SweepDetector v2: 4 raw → 3 confirmed (vol≥1.5× body≥40%)
11:52:47 core.sweep_detector INFO: OrderBlocks: 7 detected, 3 unmitigated
11:52:47 core.sweep_detector INFO: FVGs: 9 detected, 4 unfilled
11:52:49 core.sweep_detector INFO: SweepDetector v2: 4 raw → 4 confirmed (vol≥1.5× body≥40%)
11:52:49 core.sweep_detector INFO: OrderBlocks: 2 detected, 0 unmitigated
11:52:49 core.sweep_detector INFO: FVGs: 4 detected, 2 unfilled
11:52:52 core.sweep_detector INFO: SweepDetector v2: 1 raw → 1 confirmed (vol≥1.5× body≥40%)
11:52:52 core.sweep_detector INFO: OrderBlocks: 5 detected, 2 unmitigated
11:52:52 core.sweep_detector INFO: FVGs: 5 detected, 1 unfilled
11:52:53 core.sweep_detector INFO: SweepDetector v2: 2 raw → 2 confirmed (vol≥1.5× body≥40%)
11:52:53 core.sweep_detector INFO: OrderBlocks: 4 detected, 1 unmitigated
11:52:53 core.sweep_detector INFO: FVGs: 5 detected, 1 unfilled
11:52:55 core.sweep_detector INFO: SweepDetector v2: 4 raw → 3 confirmed (vol≥1.5× body≥40%)
11:52:55 core.sweep_detector INFO: OrderBlocks: 1 detected, 0 unmitigated
11:52:55 core.sweep_detector INFO: FVGs: 4 detected, 1 unfilled
11:52:57 core.sweep_detector INFO: SweepDetector v2: 2 raw → 2 confirmed (vol≥1.5× body≥40%)
11:52:57 core.sweep_detector INFO: OrderBlocks: 1 detected, 0 unmitigated
11:52:57 core.sweep_detector INFO: FVGs: 0 detected, 0 unfilled
11:52:59 core.sweep_detector INFO: SweepDetector v2: 5 raw → 3 confirmed (vol≥1.5× body≥40%)
11:52:59 core.sweep_detector INFO: OrderBlocks: 3 detected, 1 unmitigated
11:52:59 core.sweep_detector INFO: FVGs: 10 detected, 1 unfilled
11:53:01 core.sweep_detector INFO: SweepDetector v2: 4 raw → 2 confirmed (vol≥1.5× body≥40%)
11:53:01 core.sweep_detector INFO: OrderBlocks: 4 detected, 2 unmitigated
11:53:01 core.sweep_detector INFO: FVGs: 11 detected, 5 unfilled
11:53:02 core.sweep_detector INFO: SweepDetector v2: 5 raw → 4 confirmed (vol≥1.5× body≥40%)
11:53:02 core.sweep_detector INFO: OrderBlocks: 3 detected, 1 unmitigated
11:53:02 core.sweep_detector INFO: FVGs: 10 detected, 5 unfilled
11:53:04 core.sweep_detector INFO: SweepDetector v2: 3 raw → 2 confirmed (vol≥1.5× body≥40%)
11:53:04 core.sweep_detector INFO: OrderBlocks: 8 detected, 3 unmitigated
11:53:04 core.sweep_detector INFO: FVGs: 10 detected, 3 unfilled
11:53:07 core.sweep_detector INFO: SweepDetector v2: 7 raw → 3 confirmed (vol≥1.5× body≥40%)
11:53:07 core.sweep_detector INFO: OrderBlocks: 1 detected, 0 unmitigated
11:53:07 core.sweep_detector INFO: FVGs: 10 detected, 4 unfilled
11:53:08 core.sweep_detector INFO: SweepDetector v2: 3 raw → 1 confirmed (vol≥1.5× body≥40%)
11:53:09 core.sweep_detector INFO: OrderBlocks: 3 detected, 0 unmitigated
11:53:09 core.sweep_detector INFO: FVGs: 4 detected, 1 unfilled
11:53:10 core.sweep_detector INFO: SweepDetector v2: 1 raw → 0 confirmed (vol≥1.5× body≥40%)
11:53:10 core.sweep_detector INFO: OrderBlocks: 5 detected, 1 unmitigated
11:53:10 core.sweep_detector INFO: FVGs: 5 detected, 2 unfilled
11:53:12 core.sweep_detector INFO: SweepDetector v2: 8 raw → 6 confirmed (vol≥1.5× body≥40%)
11:53:12 core.sweep_detector INFO: OrderBlocks: 1 detected, 0 unmitigated
11:53:12 core.sweep_detector INFO: FVGs: 7 detected, 1 unfilled
11:53:14 core.sweep_detector INFO: SweepDetector v2: 1 raw → 1 confirmed (vol≥1.5× body≥40%)
11:53:14 core.sweep_detector INFO: OrderBlocks: 4 detected, 1 unmitigated
11:53:14 core.sweep_detector INFO: FVGs: 3 detected, 1 unfilled
11:53:15 core.sweep_detector INFO: SweepDetector v2: 1 raw → 1 confirmed (vol≥1.5× body≥40%)
11:53:15 core.sweep_detector INFO: OrderBlocks: 3 detected, 0 unmitigated
11:53:15 core.sweep_detector INFO: FVGs: 12 detected, 2 unfilled
11:53:18 core.sweep_detector INFO: SweepDetector v2: 3 raw → 2 confirmed (vol≥1.5× body≥40%)
11:53:18 core.sweep_detector INFO: OrderBlocks: 5 detected, 1 unmitigated
11:53:18 core.sweep_detector INFO: FVGs: 4 detected, 1 unfilled
11:53:20 core.sweep_detector INFO: SweepDetector v2: 5 raw → 3 confirmed (vol≥1.5× body≥40%)
11:53:20 core.sweep_detector INFO: OrderBlocks: 3 detected, 0 unmitigated
11:53:20 core.sweep_detector INFO: FVGs: 9 detected, 2 unfilled
11:53:21 core.sweep_detector INFO: SweepDetector v2: 4 raw → 4 confirmed (vol≥1.5× body≥40%)
11:53:21 core.sweep_detector INFO: OrderBlocks: 7 detected, 3 unmitigated
11:53:21 core.sweep_detector INFO: FVGs: 9 detected, 2 unfilled
11:53:24 core.sweep_detector INFO: SweepDetector v2: 6 raw → 4 confirmed (vol≥1.5× body≥40%)
11:53:24 core.sweep_detector INFO: OrderBlocks: 5 detected, 2 unmitigated
11:53:24 core.sweep_detector INFO: FVGs: 7 detected, 1 unfilled
11:53:26 core.sweep_detector INFO: SweepDetector v2: 3 raw → 3 confirmed (vol≥1.5× body≥40%)
11:53:26 core.sweep_detector INFO: OrderBlocks: 5 detected, 2 unmitigated
11:53:26 core.sweep_detector INFO: FVGs: 7 detected, 1 unfilled
11:53:27 core.sweep_detector INFO: SweepDetector v2: 4 raw → 2 confirmed (vol≥1.5× body≥40%)
11:53:27 core.sweep_detector INFO: OrderBlocks: 2 detected, 1 unmitigated
11:53:27 core.sweep_detector INFO: FVGs: 12 detected, 6 unfilled
11:53:29 core.sweep_detector INFO: SweepDetector v2: 3 raw → 1 confirmed (vol≥1.5× body≥40%)
11:53:29 core.sweep_detector INFO: OrderBlocks: 3 detected, 2 unmitigated
11:53:29 core.sweep_detector INFO: FVGs: 13 detected, 5 unfilled
11:53:31 core.sweep_detector INFO: SweepDetector v2: 1 raw → 0 confirmed (vol≥1.5× body≥40%)
11:53:31 core.sweep_detector INFO: OrderBlocks: 6 detected, 1 unmitigated
11:53:31 core.sweep_detector INFO: FVGs: 16 detected, 4 unfilled
11:53:32 core.sweep_detector INFO: SweepDetector v2: 0 raw → 0 confirmed (vol≥1.5× body≥40%)
11:53:32 core.sweep_detector INFO: OrderBlocks: 1 detected, 0 unmitigated
11:53:32 core.sweep_detector INFO: FVGs: 0 detected, 0 unfilled
11:53:34 core.sweep_detector INFO: SweepDetector v2: 0 raw → 0 confirmed (vol≥1.5× body≥40%)
11:53:34 core.sweep_detector INFO: OrderBlocks: 0 detected, 0 unmitigated
11:53:34 core.sweep_detector INFO: FVGs: 0 detected, 0 unfilled
11:53:36 core.sweep_detector INFO: SweepDetector v2: 0 raw → 0 confirmed (vol≥1.5× body≥40%)
11:53:36 core.sweep_detector INFO: OrderBlocks: 1 detected, 0 unmitigated
11:53:36 core.sweep_detector INFO: FVGs: 0 detected, 0 unfilled
11:53:37 core.sweep_detector INFO: SweepDetector v2: 2 raw → 2 confirmed (vol≥1.5× body≥40%)
11:53:37 core.sweep_detector INFO: OrderBlocks: 5 detected, 2 unmitigated
11:53:37 core.sweep_detector INFO: FVGs: 6 detected, 1 unfilled
11:53:39 core.sweep_detector INFO: SweepDetector v2: 4 raw → 4 confirmed (vol≥1.5× body≥40%)
11:53:39 core.sweep_detector INFO: OrderBlocks: 3 detected, 1 unmitigated
11:53:39 core.sweep_detector INFO: FVGs: 12 detected, 0 unfilled
11:53:41 core.sweep_detector INFO: SweepDetector v2: 2 raw → 1 confirmed (vol≥1.5× body≥40%)
11:53:41 core.sweep_detector INFO: OrderBlocks: 8 detected, 3 unmitigated
11:53:41 core.sweep_detector INFO: FVGs: 6 detected, 3 unfilled
11:53:43 core.sweep_detector INFO: SweepDetector v2: 2 raw → 1 confirmed (vol≥1.5× body≥40%)
11:53:43 core.sweep_detector INFO: OrderBlocks: 7 detected, 0 unmitigated
11:53:43 core.sweep_detector INFO: FVGs: 9 detected, 2 unfilled
11:53:44 core.sweep_detector INFO: SweepDetector v2: 4 raw → 2 confirmed (vol≥1.5× body≥40%)
11:53:44 core.sweep_detector INFO: OrderBlocks: 3 detected, 1 unmitigated
11:53:44 core.sweep_detector INFO: FVGs: 10 detected, 2 unfilled
11:53:46 core.sweep_detector INFO: SweepDetector v2: 0 raw → 0 confirmed (vol≥1.5× body≥40%)
11:53:46 core.sweep_detector INFO: OrderBlocks: 6 detected, 3 unmitigated
11:53:46 core.sweep_detector INFO: FVGs: 8 detected, 2 unfilled
11:53:48 core.sweep_detector INFO: SweepDetector v2: 6 raw → 3 confirmed (vol≥1.5× body≥40%)
11:53:48 core.sweep_detector INFO: OrderBlocks: 6 detected, 1 unmitigated
11:53:48 core.sweep_detector INFO: FVGs: 11 detected, 1 unfilled
11:53:50 core.sweep_detector INFO: SweepDetector v2: 4 raw → 2 confirmed (vol≥1.5× body≥40%)
11:53:50 core.sweep_detector INFO: OrderBlocks: 0 detected, 0 unmitigated
11:53:50 core.sweep_detector INFO: FVGs: 5 detected, 3 unfilled
11:53:52 core.sweep_detector INFO: SweepDetector v2: 5 raw → 1 confirmed (vol≥1.5× body≥40%)
11:53:52 core.sweep_detector INFO: OrderBlocks: 4 detected, 1 unmitigated
11:53:52 core.sweep_detector INFO: FVGs: 6 detected, 3 unfilled
11:53:54 core.sweep_detector INFO: SweepDetector v2: 3 raw → 2 confirmed (vol≥1.5× body≥40%)
11:53:54 core.sweep_detector INFO: OrderBlocks: 4 detected, 2 unmitigated
11:53:54 core.sweep_detector INFO: FVGs: 10 detected, 7 unfilled
11:53:55 core.sweep_detector INFO: SweepDetector v2: 3 raw → 1 confirmed (vol≥1.5× body≥40%)
11:53:55 core.sweep_detector INFO: OrderBlocks: 2 detected, 0 unmitigated
11:53:55 core.sweep_detector INFO: FVGs: 6 detected, 1 unfilled
11:53:58 core.sweep_detector INFO: SweepDetector v2: 2 raw → 1 confirmed (vol≥1.5× body≥40%)
11:53:58 core.sweep_detector INFO: OrderBlocks: 5 detected, 1 unmitigated
11:53:58 core.sweep_detector INFO: FVGs: 5 detected, 1 unfilled
11:54:00 core.sweep_detector INFO: SweepDetector v2: 6 raw → 4 confirmed (vol≥1.5× body≥40%)
11:54:00 core.sweep_detector INFO: OrderBlocks: 7 detected, 2 unmitigated
11:54:00 core.sweep_detector INFO: FVGs: 8 detected, 2 unfilled
11:54:01 core.sweep_detector INFO: SweepDetector v2: 4 raw → 3 confirmed (vol≥1.5× body≥40%)
11:54:01 core.sweep_detector INFO: OrderBlocks: 6 detected, 3 unmitigated
11:54:01 core.sweep_detector INFO: FVGs: 16 detected, 4 unfilled
11:54:03 core.sweep_detector INFO: SweepDetector v2: 2 raw → 2 confirmed (vol≥1.5× body≥40%)
11:54:03 core.sweep_detector INFO: OrderBlocks: 6 detected, 3 unmitigated
11:54:03 core.sweep_detector INFO: FVGs: 11 detected, 7 unfilled
11:54:05 core.sweep_detector INFO: SweepDetector v2: 1 raw → 1 confirmed (vol≥1.5× body≥40%)
11:54:05 core.sweep_detector INFO: OrderBlocks: 5 detected, 1 unmitigated
11:54:05 core.sweep_detector INFO: FVGs: 8 detected, 3 unfilled
11:54:06 core.sweep_detector INFO: SweepDetector v2: 3 raw → 2 confirmed (vol≥1.5× body≥40%)
11:54:06 core.sweep_detector INFO: OrderBlocks: 3 detected, 2 unmitigated
11:54:06 core.sweep_detector INFO: FVGs: 5 detected, 2 unfilled
11:54:08 core.sweep_detector INFO: SweepDetector v2: 1 raw → 1 confirmed (vol≥1.5× body≥40%)
11:54:08 core.sweep_detector INFO: OrderBlocks: 2 detected, 0 unmitigated
11:54:08 core.sweep_detector INFO: FVGs: 0 detected, 0 unfilled
11:54:10 core.sweep_detector INFO: SweepDetector v2: 5 raw → 2 confirmed (vol≥1.5× body≥40%)
11:54:10 core.sweep_detector INFO: OrderBlocks: 3 detected, 2 unmitigated
11:54:10 core.sweep_detector INFO: FVGs: 12 detected, 8 unfilled
11:54:11 core.sweep_detector INFO: SweepDetector v2: 3 raw → 2 confirmed (vol≥1.5× body≥40%)
11:54:11 core.sweep_detector INFO: OrderBlocks: 0 detected, 0 unmitigated
11:54:11 core.sweep_detector INFO: FVGs: 1 detected, 0 unfilled
11:54:13 core.sweep_detector INFO: SweepDetector v2: 5 raw → 5 confirmed (vol≥1.5× body≥40%)
11:54:13 core.sweep_detector INFO: OrderBlocks: 3 detected, 0 unmitigated
11:54:13 core.sweep_detector INFO: FVGs: 7 detected, 1 unfilled
11:54:15 core.sweep_detector INFO: SweepDetector v2: 3 raw → 3 confirmed (vol≥1.5× body≥40%)
11:54:15 core.sweep_detector INFO: OrderBlocks: 7 detected, 2 unmitigated
11:54:15 core.sweep_detector INFO: FVGs: 7 detected, 1 unfilled
11:54:17 core.sweep_detector INFO: SweepDetector v2: 3 raw → 0 confirmed (vol≥1.5× body≥40%)
11:54:17 core.sweep_detector INFO: OrderBlocks: 3 detected, 0 unmitigated
11:54:17 core.sweep_detector INFO: FVGs: 3 detected, 0 unfilled
11:54:18 core.sweep_detector INFO: SweepDetector v2: 6 raw → 3 confirmed (vol≥1.5× body≥40%)
11:54:18 core.sweep_detector INFO: OrderBlocks: 4 detected, 2 unmitigated
11:54:18 core.sweep_detector INFO: FVGs: 4 detected, 0 unfilled
11:54:20 core.sweep_detector INFO: SweepDetector v2: 6 raw → 2 confirmed (vol≥1.5× body≥40%)
11:54:20 core.sweep_detector INFO: OrderBlocks: 7 detected, 1 unmitigated
11:54:20 core.sweep_detector INFO: FVGs: 8 detected, 3 unfilled
11:54:22 core.sweep_detector INFO: SweepDetector v2: 5 raw → 2 confirmed (vol≥1.5× body≥40%)
11:54:22 core.sweep_detector INFO: OrderBlocks: 3 detected, 2 unmitigated
11:54:22 core.sweep_detector INFO: FVGs: 8 detected, 2 unfilled
11:54:23 core.sweep_detector INFO: SweepDetector v2: 1 raw → 1 confirmed (vol≥1.5× body≥40%)
11:54:23 core.sweep_detector INFO: OrderBlocks: 4 detected, 2 unmitigated
11:54:23 core.sweep_detector INFO: FVGs: 3 detected, 1 unfilled
11:54:25 core.sweep_detector INFO: SweepDetector v2: 5 raw → 3 confirmed (vol≥1.5× body≥40%)
11:54:25 core.sweep_detector INFO: OrderBlocks: 7 detected, 2 unmitigated
11:54:25 core.sweep_detector INFO: FVGs: 9 detected, 1 unfilled
11:54:26 core.sweep_detector INFO: SweepDetector v2: 4 raw → 2 confirmed (vol≥1.5× body≥40%)
11:54:26 core.sweep_detector INFO: OrderBlocks: 5 detected, 3 unmitigated
11:54:26 core.sweep_detector INFO: FVGs: 13 detected, 5 unfilled
11:54:28 core.sweep_detector INFO: SweepDetector v2: 7 raw → 4 confirmed (vol≥1.5× body≥40%)
11:54:28 core.sweep_detector INFO: OrderBlocks: 3 detected, 3 unmitigated
11:54:28 core.sweep_detector INFO: FVGs: 7 detected, 4 unfilled
11:54:30 core.sweep_detector INFO: SweepDetector v2: 3 raw → 1 confirmed (vol≥1.5× body≥40%)
11:54:30 core.sweep_detector INFO: OrderBlocks: 7 detected, 3 unmitigated
11:54:30 core.sweep_detector INFO: FVGs: 13 detected, 5 unfilled
11:54:31 core.sweep_detector INFO: SweepDetector v2: 6 raw → 4 confirmed (vol≥1.5× body≥40%)
11:54:31 core.sweep_detector INFO: OrderBlocks: 1 detected, 0 unmitigated
11:54:31 core.sweep_detector INFO: FVGs: 8 detected, 3 unfilled
11:54:33 core.sweep_detector INFO: SweepDetector v2: 1 raw → 1 confirmed (vol≥1.5× body≥40%)
11:54:33 core.sweep_detector INFO: OrderBlocks: 1 detected, 0 unmitigated
11:54:33 core.sweep_detector INFO: FVGs: 6 detected, 0 unfilled
11:54:35 core.sweep_detector INFO: SweepDetector v2: 10 raw → 6 confirmed (vol≥1.5× body≥40%)
11:54:35 core.sweep_detector INFO: OrderBlocks: 6 detected, 5 unmitigated
11:54:35 core.sweep_detector INFO: FVGs: 14 detected, 8 unfilled
11:54:37 core.sweep_detector INFO: SweepDetector v2: 4 raw → 2 confirmed (vol≥1.5× body≥40%)
11:54:37 core.sweep_detector INFO: OrderBlocks: 4 detected, 4 unmitigated
11:54:37 core.sweep_detector INFO: FVGs: 8 detected, 5 unfilled
11:54:38 core.sweep_detector INFO: SweepDetector v2: 4 raw → 4 confirmed (vol≥1.5× body≥40%)
11:54:38 core.sweep_detector INFO: OrderBlocks: 7 detected, 2 unmitigated
11:54:38 core.sweep_detector INFO: FVGs: 17 detected, 9 unfilled
11:54:40 core.sweep_detector INFO: SweepDetector v2: 3 raw → 3 confirmed (vol≥1.5× body≥40%)
11:54:40 core.sweep_detector INFO: OrderBlocks: 5 detected, 1 unmitigated
11:54:40 core.sweep_detector INFO: FVGs: 10 detected, 3 unfilled
11:54:43 core.sweep_detector INFO: SweepDetector v2: 0 raw → 0 confirmed (vol≥1.5× body≥40%)
11:54:43 core.sweep_detector INFO: OrderBlocks: 1 detected, 0 unmitigated
11:54:43 core.sweep_detector INFO: FVGs: 11 detected, 6 unfilled
11:54:45 core.sweep_detector INFO: SweepDetector v2: 4 raw → 2 confirmed (vol≥1.5× body≥40%)
11:54:45 core.sweep_detector INFO: OrderBlocks: 0 detected, 0 unmitigated
11:54:45 core.sweep_detector INFO: FVGs: 7 detected, 0 unfilled
11:54:51 core.sweep_detector INFO: SweepDetector v2: 1 raw → 0 confirmed (vol≥1.5× body≥40%)
11:54:51 core.sweep_detector INFO: OrderBlocks: 7 detected, 4 unmitigated
11:54:51 core.sweep_detector INFO: FVGs: 11 detected, 4 unfilled
11:54:53 core.sweep_detector INFO: SweepDetector v2: 4 raw → 3 confirmed (vol≥1.5× body≥40%)
11:54:53 core.sweep_detector INFO: OrderBlocks: 2 detected, 2 unmitigated
11:54:53 core.sweep_detector INFO: FVGs: 7 detected, 4 unfilled
11:54:55 core.sweep_detector INFO: SweepDetector v2: 2 raw → 1 confirmed (vol≥1.5× body≥40%)
11:54:55 core.sweep_detector INFO: OrderBlocks: 4 detected, 1 unmitigated
11:54:55 core.sweep_detector INFO: FVGs: 3 detected, 1 unfilled
11:54:56 core.sweep_detector INFO: SweepDetector v2: 6 raw → 2 confirmed (vol≥1.5× body≥40%)
11:54:56 core.sweep_detector INFO: OrderBlocks: 3 detected, 3 unmitigated
11:54:56 core.sweep_detector INFO: FVGs: 6 detected, 4 unfilled
11:54:59 core.sweep_detector INFO: SweepDetector v2: 3 raw → 1 confirmed (vol≥1.5× body≥40%)
11:54:59 core.sweep_detector INFO: OrderBlocks: 5 detected, 3 unmitigated
11:54:59 core.sweep_detector INFO: FVGs: 14 detected, 3 unfilled
11:55:01 core.sweep_detector INFO: SweepDetector v2: 1 raw → 1 confirmed (vol≥1.5× body≥40%)
11:55:01 core.sweep_detector INFO: OrderBlocks: 7 detected, 2 unmitigated
11:55:01 core.sweep_detector INFO: FVGs: 8 detected, 1 unfilled
11:55:03 core.sweep_detector INFO: SweepDetector v2: 9 raw → 5 confirmed (vol≥1.5× body≥40%)
11:55:03 core.sweep_detector INFO: OrderBlocks: 3 detected, 1 unmitigated
11:55:03 core.sweep_detector INFO: FVGs: 4 detected, 1 unfilled
11:55:05 core.sweep_detector INFO: SweepDetector v2: 5 raw → 4 confirmed (vol≥1.5× body≥40%)
11:55:05 core.sweep_detector INFO: OrderBlocks: 3 detected, 0 unmitigated
11:55:05 core.sweep_detector INFO: FVGs: 4 detected, 0 unfilled
11:55:07 core.sweep_detector INFO: SweepDetector v2: 3 raw → 2 confirmed (vol≥1.5× body≥40%)
11:55:07 core.sweep_detector INFO: OrderBlocks: 7 detected, 2 unmitigated
11:55:07 core.sweep_detector INFO: FVGs: 7 detected, 1 unfilled
11:55:09 core.sweep_detector INFO: SweepDetector v2: 5 raw → 3 confirmed (vol≥1.5× body≥40%)
11:55:09 core.sweep_detector INFO: OrderBlocks: 0 detected, 0 unmitigated
11:55:09 core.sweep_detector INFO: FVGs: 11 detected, 11 unfilled
11:55:10 core.sweep_detector INFO: SweepDetector v2: 4 raw → 3 confirmed (vol≥1.5× body≥40%)
11:55:10 core.sweep_detector INFO: OrderBlocks: 3 detected, 0 unmitigated
11:55:10 core.sweep_detector INFO: FVGs: 9 detected, 4 unfilled
11:55:12 core.sweep_detector INFO: SweepDetector v2: 5 raw → 5 confirmed (vol≥1.5× body≥40%)
11:55:12 core.sweep_detector INFO: OrderBlocks: 7 detected, 2 unmitigated
11:55:12 core.sweep_detector INFO: FVGs: 7 detected, 1 unfilled
11:55:14 core.sweep_detector INFO: SweepDetector v2: 4 raw → 1 confirmed (vol≥1.5× body≥40%)
11:55:14 core.sweep_detector INFO: OrderBlocks: 6 detected, 3 unmitigated
11:55:14 core.sweep_detector INFO: FVGs: 7 detected, 4 unfilled
11:55:16 core.sweep_detector INFO: SweepDetector v2: 5 raw → 3 confirmed (vol≥1.5× body≥40%)
11:55:16 core.sweep_detector INFO: OrderBlocks: 4 detected, 1 unmitigated
11:55:16 core.sweep_detector INFO: FVGs: 4 detected, 3 unfilled
11:55:18 core.sweep_detector INFO: SweepDetector v2: 3 raw → 2 confirmed (vol≥1.5× body≥40%)
11:55:18 core.sweep_detector INFO: OrderBlocks: 6 detected, 0 unmitigated
11:55:18 core.sweep_detector INFO: FVGs: 5 detected, 1 unfilled
11:55:20 core.sweep_detector INFO: SweepDetector v2: 2 raw → 1 confirmed (vol≥1.5× body≥40%)
11:55:20 core.sweep_detector INFO: OrderBlocks: 3 detected, 0 unmitigated
11:55:20 core.sweep_detector INFO: FVGs: 11 detected, 5 unfilled
11:55:21 core.sweep_detector INFO: SweepDetector v2: 1 raw → 1 confirmed (vol≥1.5× body≥40%)
11:55:21 core.sweep_detector INFO: OrderBlocks: 3 detected, 0 unmitigated
11:55:21 core.sweep_detector INFO: FVGs: 3 detected, 0 unfilled
11:55:23 core.sweep_detector INFO: SweepDetector v2: 3 raw → 1 confirmed (vol≥1.5× body≥40%)
11:55:23 core.sweep_detector INFO: OrderBlocks: 3 detected, 0 unmitigated
11:55:23 core.sweep_detector INFO: FVGs: 3 detected, 0 unfilled
11:55:23 __main__ INFO: Pending signal #18: binance:TON/USDT short entry=1.254 current=1.242 dist=0.97% expires=2h
11:55:23 alerts.telegram INFO: Alert suppressed (binance:TON/USDT short): conf 0.65 < threshold 0.75
11:55:25 core.sweep_detector INFO: SweepDetector v2: 1 raw → 0 confirmed (vol≥1.5× body≥40%)
11:55:25 core.sweep_detector INFO: OrderBlocks: 6 detected, 2 unmitigated
11:55:25 core.sweep_detector INFO: FVGs: 9 detected, 5 unfilled
11:55:26 core.sweep_detector INFO: SweepDetector v2: 4 raw → 3 confirmed (vol≥1.5× body≥40%)
11:55:26 core.sweep_detector INFO: OrderBlocks: 4 detected, 2 unmitigated
11:55:26 core.sweep_detector INFO: FVGs: 10 detected, 4 unfilled
11:55:28 core.sweep_detector INFO: SweepDetector v2: 2 raw → 1 confirmed (vol≥1.5× body≥40%)
11:55:28 core.sweep_detector INFO: OrderBlocks: 8 detected, 2 unmitigated
11:55:28 core.sweep_detector INFO: FVGs: 6 detected, 3 unfilled
11:55:30 core.sweep_detector INFO: SweepDetector v2: 3 raw → 1 confirmed (vol≥1.5× body≥40%)
11:55:30 core.sweep_detector INFO: OrderBlocks: 9 detected, 2 unmitigated
11:55:30 core.sweep_detector INFO: FVGs: 11 detected, 2 unfilled
11:55:31 core.sweep_detector INFO: SweepDetector v2: 4 raw → 2 confirmed (vol≥1.5× body≥40%)
11:55:31 core.sweep_detector INFO: OrderBlocks: 6 detected, 4 unmitigated
11:55:31 core.sweep_detector INFO: FVGs: 7 detected, 2 unfilled
11:55:33 core.sweep_detector INFO: SweepDetector v2: 2 raw → 1 confirmed (vol≥1.5× body≥40%)
11:55:33 core.sweep_detector INFO: OrderBlocks: 8 detected, 2 unmitigated
11:55:33 core.sweep_detector INFO: FVGs: 5 detected, 2 unfilled
11:55:35 core.sweep_detector INFO: SweepDetector v2: 0 raw → 0 confirmed (vol≥1.5× body≥40%)
11:55:35 core.sweep_detector INFO: OrderBlocks: 6 detected, 2 unmitigated
11:55:35 core.sweep_detector INFO: FVGs: 9 detected, 2 unfilled
11:55:37 core.sweep_detector INFO: SweepDetector v2: 4 raw → 2 confirmed (vol≥1.5× body≥40%)
11:55:37 core.sweep_detector INFO: OrderBlocks: 1 detected, 1 unmitigated
11:55:37 core.sweep_detector INFO: FVGs: 6 detected, 3 unfilled
11:55:38 core.sweep_detector INFO: SweepDetector v2: 2 raw → 0 confirmed (vol≥1.5× body≥40%)
11:55:38 core.sweep_detector INFO: OrderBlocks: 4 detected, 4 unmitigated
11:55:38 core.sweep_detector INFO: FVGs: 5 detected, 3 unfilled
11:55:40 core.sweep_detector INFO: SweepDetector v2: 4 raw → 2 confirmed (vol≥1.5× body≥40%)
11:55:40 core.sweep_detector INFO: OrderBlocks: 7 detected, 3 unmitigated
11:55:40 core.sweep_detector INFO: FVGs: 9 detected, 3 unfilled
11:55:42 core.sweep_detector INFO: SweepDetector v2: 3 raw → 0 confirmed (vol≥1.5× body≥40%)
11:55:42 core.sweep_detector INFO: OrderBlocks: 9 detected, 2 unmitigated
11:55:42 core.sweep_detector INFO: FVGs: 14 detected, 5 unfilled
11:55:44 core.sweep_detector INFO: SweepDetector v2: 1 raw → 0 confirmed (vol≥1.5× body≥40%)
11:55:44 core.sweep_detector INFO: OrderBlocks: 10 detected, 3 unmitigated
11:55:44 core.sweep_detector INFO: FVGs: 9 detected, 1 unfilled
11:55:45 core.sweep_detector INFO: SweepDetector v2: 0 raw → 0 confirmed (vol≥1.5× body≥40%)
11:55:45 core.sweep_detector INFO: OrderBlocks: 3 detected, 0 unmitigated
11:55:45 core.sweep_detector INFO: FVGs: 0 detected, 0 unfilled
11:55:47 core.sweep_detector INFO: SweepDetector v2: 0 raw → 0 confirmed (vol≥1.5× body≥40%)
11:55:47 core.sweep_detector INFO: OrderBlocks: 1 detected, 0 unmitigated
11:55:47 core.sweep_detector INFO: FVGs: 0 detected, 0 unfilled
11:55:49 core.sweep_detector INFO: SweepDetector v2: 0 raw → 0 confirmed (vol≥1.5× body≥40%)
11:55:49 core.sweep_detector INFO: OrderBlocks: 0 detected, 0 unmitigated
11:55:49 core.sweep_detector INFO: FVGs: 0 detected, 0 unfilled
11:55:51 core.sweep_detector INFO: SweepDetector v2: 4 raw → 3 confirmed (vol≥1.5× body≥40%)
11:55:51 core.sweep_detector INFO: OrderBlocks: 6 detected, 3 unmitigated
11:55:51 core.sweep_detector INFO: FVGs: 8 detected, 4 unfilled
11:55:53 core.sweep_detector INFO: SweepDetector v2: 5 raw → 3 confirmed (vol≥1.5× body≥40%)
11:55:53 core.sweep_detector INFO: OrderBlocks: 3 detected, 0 unmitigated
11:55:53 core.sweep_detector INFO: FVGs: 7 detected, 2 unfilled
11:55:55 core.sweep_detector INFO: SweepDetector v2: 1 raw → 1 confirmed (vol≥1.5× body≥40%)
11:55:55 core.sweep_detector INFO: OrderBlocks: 4 detected, 2 unmitigated
11:55:55 core.sweep_detector INFO: FVGs: 7 detected, 2 unfilled
11:55:57 core.sweep_detector INFO: SweepDetector v2: 1 raw → 1 confirmed (vol≥1.5× body≥40%)
11:55:57 core.sweep_detector INFO: OrderBlocks: 2 detected, 0 unmitigated
11:55:57 core.sweep_detector INFO: FVGs: 0 detected, 0 unfilled
11:55:58 core.sweep_detector INFO: SweepDetector v2: 0 raw → 0 confirmed (vol≥1.5× body≥40%)
11:55:58 core.sweep_detector INFO: OrderBlocks: 0 detected, 0 unmitigated
11:55:58 core.sweep_detector INFO: FVGs: 0 detected, 0 unfilled
11:56:00 core.sweep_detector INFO: SweepDetector v2: 0 raw → 0 confirmed (vol≥1.5× body≥40%)
11:56:00 core.sweep_detector INFO: OrderBlocks: 1 detected, 0 unmitigated
11:56:00 core.sweep_detector INFO: FVGs: 0 detected, 0 unfilled
11:56:02 core.sweep_detector INFO: SweepDetector v2: 0 raw → 0 confirmed (vol≥1.5× body≥40%)
11:56:02 core.sweep_detector INFO: OrderBlocks: 3 detected, 0 unmitigated
11:56:02 core.sweep_detector INFO: FVGs: 0 detected, 0 unfilled
11:56:04 core.sweep_detector INFO: SweepDetector v2: 0 raw → 0 confirmed (vol≥1.5× body≥40%)
11:56:04 core.sweep_detector INFO: OrderBlocks: 0 detected, 0 unmitigated
11:56:04 core.sweep_detector INFO: FVGs: 0 detected, 0 unfilled
11:56:06 core.sweep_detector INFO: SweepDetector v2: 0 raw → 0 confirmed (vol≥1.5× body≥40%)
11:56:06 core.sweep_detector INFO: OrderBlocks: 0 detected, 0 unmitigated
11:56:06 core.sweep_detector INFO: FVGs: 0 detected, 0 unfilled
11:56:08 core.sweep_detector INFO: SweepDetector v2: 0 raw → 0 confirmed (vol≥1.5× body≥40%)
11:56:08 core.sweep_detector INFO: OrderBlocks: 8 detected, 1 unmitigated
11:56:08 core.sweep_detector INFO: FVGs: 5 detected, 2 unfilled
11:56:09 core.sweep_detector INFO: SweepDetector v2: 5 raw → 4 confirmed (vol≥1.5× body≥40%)
11:56:09 core.sweep_detector INFO: OrderBlocks: 5 detected, 2 unmitigated
11:56:09 core.sweep_detector INFO: FVGs: 13 detected, 4 unfilled
11:56:11 core.sweep_detector INFO: SweepDetector v2: 1 raw → 1 confirmed (vol≥1.5× body≥40%)
11:56:11 core.sweep_detector INFO: OrderBlocks: 3 detected, 3 unmitigated
11:56:11 core.sweep_detector INFO: FVGs: 7 detected, 6 unfilled
11:56:13 core.sweep_detector INFO: SweepDetector v2: 4 raw → 3 confirmed (vol≥1.5× body≥40%)
11:56:13 core.sweep_detector INFO: OrderBlocks: 4 detected, 0 unmitigated
11:56:13 core.sweep_detector INFO: FVGs: 9 detected, 4 unfilled
11:56:15 core.sweep_detector INFO: SweepDetector v2: 3 raw → 3 confirmed (vol≥1.5× body≥40%)
11:56:15 core.sweep_detector INFO: OrderBlocks: 1 detected, 0 unmitigated
11:56:15 core.sweep_detector INFO: FVGs: 6 detected, 1 unfilled
11:56:17 core.sweep_detector INFO: SweepDetector v2: 3 raw → 0 confirmed (vol≥1.5× body≥40%)
11:56:17 core.sweep_detector INFO: OrderBlocks: 3 detected, 1 unmitigated
11:56:17 core.sweep_detector INFO: FVGs: 4 detected, 1 unfilled
11:56:19 core.sweep_detector INFO: SweepDetector v2: 3 raw → 3 confirmed (vol≥1.5× body≥40%)
11:56:19 core.sweep_detector INFO: OrderBlocks: 4 detected, 2 unmitigated
11:56:19 core.sweep_detector INFO: FVGs: 8 detected, 2 unfilled
11:56:21 core.sweep_detector INFO: SweepDetector v2: 3 raw → 3 confirmed (vol≥1.5× body≥40%)
11:56:21 core.sweep_detector INFO: OrderBlocks: 2 detected, 0 unmitigated
11:56:21 core.sweep_detector INFO: FVGs: 9 detected, 1 unfilled
11:56:23 core.sweep_detector INFO: SweepDetector v2: 2 raw → 1 confirmed (vol≥1.5× body≥40%)
11:56:23 core.sweep_detector INFO: OrderBlocks: 8 detected, 2 unmitigated
11:56:23 core.sweep_detector INFO: FVGs: 4 detected, 1 unfilled
11:56:25 core.sweep_detector INFO: SweepDetector v2: 4 raw → 3 confirmed (vol≥1.5× body≥40%)
11:56:25 core.sweep_detector INFO: OrderBlocks: 3 detected, 1 unmitigated
11:56:25 core.sweep_detector INFO: FVGs: 7 detected, 4 unfilled
11:56:27 core.sweep_detector INFO: SweepDetector v2: 4 raw → 2 confirmed (vol≥1.5× body≥40%)
11:56:27 core.sweep_detector INFO: OrderBlocks: 2 detected, 1 unmitigated
11:56:27 core.sweep_detector INFO: FVGs: 4 detected, 1 unfilled
11:56:28 core.sweep_detector INFO: SweepDetector v2: 2 raw → 1 confirmed (vol≥1.5× body≥40%)
11:56:29 core.sweep_detector INFO: OrderBlocks: 1 detected, 0 unmitigated
11:56:29 core.sweep_detector INFO: FVGs: 1 detected, 0 unfilled
11:56:30 core.sweep_detector INFO: SweepDetector v2: 3 raw → 1 confirmed (vol≥1.5× body≥40%)
11:56:30 core.sweep_detector INFO: OrderBlocks: 6 detected, 5 unmitigated
11:56:30 core.sweep_detector INFO: FVGs: 13 detected, 6 unfilled
11:56:32 core.sweep_detector INFO: SweepDetector v2: 5 raw → 4 confirmed (vol≥1.5× body≥40%)
11:56:32 core.sweep_detector INFO: OrderBlocks: 1 detected, 0 unmitigated
11:56:32 core.sweep_detector INFO: FVGs: 8 detected, 2 unfilled
11:56:34 core.sweep_detector INFO: SweepDetector v2: 4 raw → 2 confirmed (vol≥1.5× body≥40%)
11:56:34 core.sweep_detector INFO: OrderBlocks: 11 detected, 3 unmitigated
11:56:34 core.sweep_detector INFO: FVGs: 12 detected, 3 unfilled
11:56:35 core.sweep_detector INFO: SweepDetector v2: 6 raw → 1 confirmed (vol≥1.5× body≥40%)
11:56:35 core.sweep_detector INFO: OrderBlocks: 6 detected, 1 unmitigated
11:56:35 core.sweep_detector INFO: FVGs: 5 detected, 2 unfilled
11:56:37 core.sweep_detector INFO: SweepDetector v2: 3 raw → 2 confirmed (vol≥1.5× body≥40%)
11:56:37 core.sweep_detector INFO: OrderBlocks: 4 detected, 0 unmitigated
11:56:37 core.sweep_detector INFO: FVGs: 5 detected, 3 unfilled
11:56:39 core.sweep_detector INFO: SweepDetector v2: 4 raw → 2 confirmed (vol≥1.5× body≥40%)
11:56:39 core.sweep_detector INFO: OrderBlocks: 4 detected, 0 unmitigated
11:56:39 core.sweep_detector INFO: FVGs: 3 detected, 0 unfilled
11:56:41 core.sweep_detector INFO: SweepDetector v2: 0 raw → 0 confirmed (vol≥1.5× body≥40%)
11:56:41 core.sweep_detector INFO: OrderBlocks: 0 detected, 0 unmitigated
11:56:41 core.sweep_detector INFO: FVGs: 2 detected, 1 unfilled
11:56:42 core.sweep_detector INFO: SweepDetector v2: 0 raw → 0 confirmed (vol≥1.5× body≥40%)
11:56:42 core.sweep_detector INFO: OrderBlocks: 1 detected, 1 unmitigated
11:56:42 core.sweep_detector INFO: FVGs: 4 detected, 2 unfilled
11:56:44 core.sweep_detector INFO: SweepDetector v2: 0 raw → 0 confirmed (vol≥1.5× body≥40%)
11:56:44 core.sweep_detector INFO: OrderBlocks: 9 detected, 0 unmitigated
11:56:44 core.sweep_detector INFO: FVGs: 0 detected, 0 unfilled
11:56:46 core.sweep_detector INFO: SweepDetector v2: 2 raw → 2 confirmed (vol≥1.5× body≥40%)
11:56:46 core.sweep_detector INFO: OrderBlocks: 7 detected, 3 unmitigated
11:56:46 core.sweep_detector INFO: FVGs: 8 detected, 3 unfilled
11:56:48 core.sweep_detector INFO: SweepDetector v2: 2 raw → 1 confirmed (vol≥1.5× body≥40%)
11:56:48 core.sweep_detector INFO: OrderBlocks: 3 detected, 1 unmitigated
11:56:48 core.sweep_detector INFO: FVGs: 7 detected, 2 unfilled
11:56:50 core.sweep_detector INFO: SweepDetector v2: 0 raw → 0 confirmed (vol≥1.5× body≥40%)
11:56:50 core.sweep_detector INFO: OrderBlocks: 7 detected, 0 unmitigated
11:56:50 core.sweep_detector INFO: FVGs: 5 detected, 0 unfilled
11:56:52 core.sweep_detector INFO: SweepDetector v2: 1 raw → 1 confirmed (vol≥1.5× body≥40%)
11:56:52 core.sweep_detector INFO: OrderBlocks: 8 detected, 1 unmitigated
11:56:52 core.sweep_detector INFO: FVGs: 9 detected, 3 unfilled
11:56:53 core.sweep_detector INFO: SweepDetector v2: 5 raw → 4 confirmed (vol≥1.5× body≥40%)
11:56:53 core.sweep_detector INFO: OrderBlocks: 1 detected, 0 unmitigated
11:56:53 core.sweep_detector INFO: FVGs: 13 detected, 3 unfilled
11:56:55 core.sweep_detector INFO: SweepDetector v2: 1 raw → 1 confirmed (vol≥1.5× body≥40%)
11:56:55 core.sweep_detector INFO: OrderBlocks: 3 detected, 1 unmitigated
11:56:55 core.sweep_detector INFO: FVGs: 5 detected, 3 unfilled
11:56:57 core.sweep_detector INFO: SweepDetector v2: 6 raw → 5 confirmed (vol≥1.5× body≥40%)
11:56:57 core.sweep_detector INFO: OrderBlocks: 4 detected, 1 unmitigated
11:56:57 core.sweep_detector INFO: FVGs: 8 detected, 2 unfilled
11:56:59 core.sweep_detector INFO: SweepDetector v2: 2 raw → 1 confirmed (vol≥1.5× body≥40%)
11:56:59 core.sweep_detector INFO: OrderBlocks: 3 detected, 1 unmitigated
11:56:59 core.sweep_detector INFO: FVGs: 5 detected, 1 unfilled
11:57:00 core.sweep_detector INFO: SweepDetector v2: 2 raw → 2 confirmed (vol≥1.5× body≥40%)
11:57:01 core.sweep_detector INFO: OrderBlocks: 10 detected, 1 unmitigated
11:57:01 core.sweep_detector INFO: FVGs: 6 detected, 1 unfilled
11:57:02 core.sweep_detector INFO: SweepDetector v2: 1 raw → 1 confirmed (vol≥1.5× body≥40%)
11:57:02 core.sweep_detector INFO: OrderBlocks: 0 detected, 0 unmitigated
11:57:02 core.sweep_detector INFO: FVGs: 0 detected, 0 unfilled
11:57:04 core.sweep_detector INFO: SweepDetector v2: 0 raw → 0 confirmed (vol≥1.5× body≥40%)
11:57:04 core.sweep_detector INFO: OrderBlocks: 3 detected, 0 unmitigated
11:57:04 core.sweep_detector INFO: FVGs: 0 detected, 0 unfilled
11:57:06 core.sweep_detector INFO: SweepDetector v2: 0 raw → 0 confirmed (vol≥1.5× body≥40%)
11:57:06 core.sweep_detector INFO: OrderBlocks: 0 detected, 0 unmitigated
11:57:06 core.sweep_detector INFO: FVGs: 0 detected, 0 unfilled
11:57:08 core.sweep_detector INFO: SweepDetector v2: 3 raw → 0 confirmed (vol≥1.5× body≥40%)
11:57:08 core.sweep_detector INFO: OrderBlocks: 5 detected, 2 unmitigated
11:57:08 core.sweep_detector INFO: FVGs: 5 detected, 0 unfilled
11:57:09 core.sweep_detector INFO: SweepDetector v2: 1 raw → 1 confirmed (vol≥1.5× body≥40%)
11:57:09 core.sweep_detector INFO: OrderBlocks: 6 detected, 1 unmitigated
11:57:09 core.sweep_detector INFO: FVGs: 9 detected, 3 unfilled
11:57:11 core.sweep_detector INFO: SweepDetector v2: 2 raw → 1 confirmed (vol≥1.5× body≥40%)
11:57:11 core.sweep_detector INFO: OrderBlocks: 8 detected, 2 unmitigated
11:57:11 core.sweep_detector INFO: FVGs: 10 detected, 3 unfilled
11:57:13 core.sweep_detector INFO: SweepDetector v2: 7 raw → 3 confirmed (vol≥1.5× body≥40%)
11:57:13 core.sweep_detector INFO: OrderBlocks: 9 detected, 1 unmitigated
11:57:13 core.sweep_detector INFO: FVGs: 9 detected, 1 unfilled
11:57:15 core.sweep_detector INFO: SweepDetector v2: 2 raw → 2 confirmed (vol≥1.5× body≥40%)
11:57:15 core.sweep_detector INFO: OrderBlocks: 7 detected, 2 unmitigated
11:57:15 core.sweep_detector INFO: FVGs: 15 detected, 3 unfilled
11:57:17 core.sweep_detector INFO: SweepDetector v2: 2 raw → 2 confirmed (vol≥1.5× body≥40%)
11:57:17 core.sweep_detector INFO: OrderBlocks: 6 detected, 1 unmitigated
11:57:17 core.sweep_detector INFO: FVGs: 9 detected, 3 unfilled
11:57:19 core.sweep_detector INFO: SweepDetector v2: 2 raw → 1 confirmed (vol≥1.5× body≥40%)
11:57:19 core.sweep_detector INFO: OrderBlocks: 6 detected, 0 unmitigated
11:57:19 core.sweep_detector INFO: FVGs: 6 detected, 1 unfilled
11:57:20 core.sweep_detector INFO: SweepDetector v2: 3 raw → 2 confirmed (vol≥1.5× body≥40%)
11:57:20 core.sweep_detector INFO: OrderBlocks: 1 detected, 0 unmitigated
11:57:20 core.sweep_detector INFO: FVGs: 6 detected, 0 unfilled
11:57:22 core.sweep_detector INFO: SweepDetector v2: 5 raw → 5 confirmed (vol≥1.5× body≥40%)
11:57:22 core.sweep_detector INFO: OrderBlocks: 7 detected, 1 unmitigated
11:57:22 core.sweep_detector INFO: FVGs: 8 detected, 2 unfilled
11:57:24 core.sweep_detector INFO: SweepDetector v2: 4 raw → 2 confirmed (vol≥1.5× body≥40%)
11:57:24 core.sweep_detector INFO: OrderBlocks: 6 detected, 3 unmitigated
11:57:24 core.sweep_detector INFO: FVGs: 8 detected, 4 unfilled
11:57:26 core.sweep_detector INFO: SweepDetector v2: 4 raw → 2 confirmed (vol≥1.5× body≥40%)
11:57:26 core.sweep_detector INFO: OrderBlocks: 3 detected, 0 unmitigated
11:57:26 core.sweep_detector INFO: FVGs: 10 detected, 3 unfilled
11:57:27 core.sweep_detector INFO: SweepDetector v2: 1 raw → 1 confirmed (vol≥1.5× body≥40%)
11:57:27 core.sweep_detector INFO: OrderBlocks: 6 detected, 1 unmitigated
11:57:27 core.sweep_detector INFO: FVGs: 6 detected, 2 unfilled
11:57:29 core.sweep_detector INFO: SweepDetector v2: 3 raw → 2 confirmed (vol≥1.5× body≥40%)
11:57:29 core.sweep_detector INFO: OrderBlocks: 6 detected, 2 unmitigated
11:57:29 core.sweep_detector INFO: FVGs: 7 detected, 2 unfilled
11:57:31 core.sweep_detector INFO: SweepDetector v2: 4 raw → 4 confirmed (vol≥1.5× body≥40%)
11:57:31 core.sweep_detector INFO: OrderBlocks: 0 detected, 0 unmitigated
11:57:31 core.sweep_detector INFO: FVGs: 12 detected, 2 unfilled
11:57:32 core.sweep_detector INFO: SweepDetector v2: 1 raw → 1 confirmed (vol≥1.5× body≥40%)
11:57:32 core.sweep_detector INFO: OrderBlocks: 5 detected, 1 unmitigated
11:57:32 core.sweep_detector INFO: FVGs: 10 detected, 2 unfilled
11:57:34 core.sweep_detector INFO: SweepDetector v2: 5 raw → 3 confirmed (vol≥1.5× body≥40%)
11:57:34 core.sweep_detector INFO: OrderBlocks: 8 detected, 3 unmitigated
11:57:34 core.sweep_detector INFO: FVGs: 11 detected, 2 unfilled
11:57:36 core.sweep_detector INFO: SweepDetector v2: 3 raw → 2 confirmed (vol≥1.5× body≥40%)
11:57:36 core.sweep_detector INFO: OrderBlocks: 5 detected, 0 unmitigated
11:57:36 core.sweep_detector INFO: FVGs: 5 detected, 1 unfilled
11:57:38 core.sweep_detector INFO: SweepDetector v2: 2 raw → 1 confirmed (vol≥1.5× body≥40%)
11:57:38 core.sweep_detector INFO: OrderBlocks: 4 detected, 1 unmitigated
11:57:38 core.sweep_detector INFO: FVGs: 5 detected, 0 unfilled
11:57:40 core.sweep_detector INFO: SweepDetector v2: 6 raw → 5 confirmed (vol≥1.5× body≥40%)
11:57:40 core.sweep_detector INFO: OrderBlocks: 6 detected, 2 unmitigated
11:57:40 core.sweep_detector INFO: FVGs: 7 detected, 4 unfilled
11:57:42 core.sweep_detector INFO: SweepDetector v2: 6 raw → 4 confirmed (vol≥1.5× body≥40%)
11:57:42 core.sweep_detector INFO: OrderBlocks: 5 detected, 1 unmitigated
11:57:42 core.sweep_detector INFO: FVGs: 7 detected, 2 unfilled
11:57:44 core.sweep_detector INFO: SweepDetector v2: 3 raw → 3 confirmed (vol≥1.5× body≥40%)
11:57:44 core.sweep_detector INFO: OrderBlocks: 8 detected, 2 unmitigated
11:57:44 core.sweep_detector INFO: FVGs: 8 detected, 3 unfilled
11:57:44 __main__ INFO: Checking 3 open trades for exit conditions
/root/.openclaw/workspace/projects/crypto-liquidity-hunter/main.py:555: DeprecationWarning: datetime.datetime.utcnow() is deprecated and scheduled for removal in a future version. Use timezone-aware objects to represent datetimes in UTC: datetime.datetime.now(datetime.UTC).
  scan_end     = datetime.utcnow()

=== SCAN ALL: 137 pairs, 3 timeframes ===
Total signals generated: 1
  binance:TON/USDT 15m SHORT Entry=1.25 SL=1.26 TP=1.21 R:R=14.33
