22:45:02 __main__ INFO: Volume filter: fetching all tickers in one call...
22:45:03 __main__ INFO: Volume filter: 99/447 pairs pass $2M threshold
/root/.openclaw/workspace/projects/crypto-liquidity-hunter/main.py:292: DeprecationWarning: datetime.datetime.utcnow() is deprecated and scheduled for removal in a future version. Use timezone-aware objects to represent datetimes in UTC: datetime.datetime.now(datetime.UTC).
  scan_start = datetime.utcnow()   # for duration tracking
22:45:04 core.binance_connector INFO: BinanceConnector: connected [LIVE FUTURES MAINNET]
22:45:04 __main__ INFO: Auto-executor: account 'Liquiddbot1' mode=live exec=auto
22:45:06 core.sweep_detector INFO: SweepDetector v2: 2 raw â†’ 1 confirmed (volâ‰Ą2.5Ă— bodyâ‰Ą30%)
22:45:06 core.sweep_detector INFO: OrderBlocks: 6 detected, 0 unmitigated
22:45:06 core.sweep_detector INFO: FVGs: 12 detected, 0 unfilled
22:45:07 core.sweep_detector INFO: SweepDetector v2: 3 raw â†’ 2 confirmed (volâ‰Ą2.5Ă— bodyâ‰Ą30%)
22:45:07 core.sweep_detector INFO: OrderBlocks: 5 detected, 2 unmitigated
22:45:07 core.sweep_detector INFO: FVGs: 7 detected, 2 unfilled
22:45:09 core.sweep_detector INFO: SweepDetector v2: 0 raw â†’ 0 confirmed (volâ‰Ą2.5Ă— bodyâ‰Ą30%)
22:45:09 core.sweep_detector INFO: OrderBlocks: 4 detected, 0 unmitigated
22:45:09 core.sweep_detector INFO: FVGs: 5 detected, 2 unfilled
22:45:11 core.sweep_detector INFO: SweepDetector v2: 0 raw â†’ 0 confirmed (volâ‰Ą2.5Ă— bodyâ‰Ą30%)
22:45:11 core.sweep_detector INFO: OrderBlocks: 10 detected, 4 unmitigated
22:45:12 core.sweep_detector INFO: FVGs: 11 detected, 6 unfilled
22:45:13 core.sweep_detector INFO: SweepDetector v2: 2 raw â†’ 2 confirmed (volâ‰Ą2.5Ă— bodyâ‰Ą30%)
22:45:13 core.sweep_detector INFO: OrderBlocks: 2 detected, 1 unmitigated
22:45:13 core.sweep_detector INFO: FVGs: 10 detected, 2 unfilled
22:45:15 core.sweep_detector INFO: SweepDetector v2: 2 raw â†’ 2 confirmed (volâ‰Ą2.5Ă— bodyâ‰Ą30%)
22:45:15 core.sweep_detector INFO: OrderBlocks: 4 detected, 3 unmitigated
22:45:15 core.sweep_detector INFO: FVGs: 4 detected, 0 unfilled
22:45:17 core.sweep_detector INFO: SweepDetector v2: 1 raw â†’ 1 confirmed (volâ‰Ą2.5Ă— bodyâ‰Ą30%)
22:45:17 core.sweep_detector INFO: OrderBlocks: 10 detected, 3 unmitigated
22:45:17 core.sweep_detector INFO: FVGs: 11 detected, 5 unfilled
22:45:19 core.sweep_detector INFO: SweepDetector v2: 2 raw â†’ 1 confirmed (volâ‰Ą2.5Ă— bodyâ‰Ą30%)
22:45:19 core.sweep_detector INFO: OrderBlocks: 2 detected, 1 unmitigated
22:45:19 core.sweep_detector INFO: FVGs: 8 detected, 2 unfilled
22:45:20 core.sweep_detector INFO: SweepDetector v2: 2 raw â†’ 2 confirmed (volâ‰Ą2.5Ă— bodyâ‰Ą30%)
22:45:20 core.sweep_detector INFO: OrderBlocks: 6 detected, 2 unmitigated
22:45:20 core.sweep_detector INFO: FVGs: 5 detected, 1 unfilled
22:45:22 core.sweep_detector INFO: SweepDetector v2: 5 raw â†’ 5 confirmed (volâ‰Ą2.5Ă— bodyâ‰Ą30%)
22:45:22 core.sweep_detector INFO: OrderBlocks: 5 detected, 1 unmitigated
22:45:22 core.sweep_detector INFO: FVGs: 10 detected, 1 unfilled
22:45:23 core.sweep_detector INFO: SweepDetector v2: 3 raw â†’ 3 confirmed (volâ‰Ą2.5Ă— bodyâ‰Ą30%)
22:45:23 core.sweep_detector INFO: OrderBlocks: 3 detected, 1 unmitigated
22:45:23 core.sweep_detector INFO: FVGs: 8 detected, 1 unfilled
22:45:25 core.sweep_detector INFO: SweepDetector v2: 1 raw â†’ 1 confirmed (volâ‰Ą2.5Ă— bodyâ‰Ą30%)
22:45:25 core.sweep_detector INFO: OrderBlocks: 6 detected, 1 unmitigated
22:45:25 core.sweep_detector INFO: FVGs: 4 detected, 2 unfilled
22:45:27 core.sweep_detector INFO: SweepDetector v2: 3 raw â†’ 2 confirmed (volâ‰Ą2.5Ă— bodyâ‰Ą30%)
22:45:27 core.sweep_detector INFO: OrderBlocks: 7 detected, 0 unmitigated
22:45:27 core.sweep_detector INFO: FVGs: 10 detected, 0 unfilled
22:45:28 core.sweep_detector INFO: SweepDetector v2: 1 raw â†’ 0 confirmed (volâ‰Ą2.5Ă— bodyâ‰Ą30%)
22:45:29 core.sweep_detector INFO: OrderBlocks: 3 detected, 1 unmitigated
22:45:29 core.sweep_detector INFO: FVGs: 11 detected, 2 unfilled
22:45:30 core.sweep_detector INFO: SweepDetector v2: 0 raw â†’ 0 confirmed (volâ‰Ą2.5Ă— bodyâ‰Ą30%)
22:45:30 core.sweep_detector INFO: OrderBlocks: 5 detected, 1 unmitigated
22:45:30 core.sweep_detector INFO: FVGs: 10 detected, 2 unfilled
22:45:32 core.sweep_detector INFO: SweepDetector v2: 2 raw â†’ 1 confirmed (volâ‰Ą2.5Ă— bodyâ‰Ą30%)
22:45:32 core.sweep_detector INFO: OrderBlocks: 6 detected, 2 unmitigated
22:45:32 core.sweep_detector INFO: FVGs: 9 detected, 4 unfilled
22:45:33 core.sweep_detector INFO: SweepDetector v2: 1 raw â†’ 1 confirmed (volâ‰Ą2.5Ă— bodyâ‰Ą30%)
22:45:33 core.sweep_detector INFO: OrderBlocks: 2 detected, 0 unmitigated
22:45:33 core.sweep_detector INFO: FVGs: 10 detected, 1 unfilled
22:45:35 core.sweep_detector INFO: SweepDetector v2: 2 raw â†’ 1 confirmed (volâ‰Ą2.5Ă— bodyâ‰Ą30%)
22:45:35 core.sweep_detector INFO: OrderBlocks: 3 detected, 2 unmitigated
22:45:35 core.sweep_detector INFO: FVGs: 8 detected, 4 unfilled
22:45:36 core.sweep_detector INFO: SweepDetector v2: 2 raw â†’ 1 confirmed (volâ‰Ą2.5Ă— bodyâ‰Ą30%)
22:45:36 core.sweep_detector INFO: OrderBlocks: 5 detected, 1 unmitigated
22:45:36 core.sweep_detector INFO: FVGs: 10 detected, 3 unfilled
22:45:38 core.sweep_detector INFO: SweepDetector v2: 1 raw â†’ 1 confirmed (volâ‰Ą2.5Ă— bodyâ‰Ą30%)
22:45:38 core.sweep_detector INFO: OrderBlocks: 5 detected, 2 unmitigated
22:45:38 core.sweep_detector INFO: FVGs: 12 detected, 2 unfilled
22:45:39 core.sweep_detector INFO: SweepDetector v2: 3 raw â†’ 3 confirmed (volâ‰Ą2.5Ă— bodyâ‰Ą30%)
22:45:39 core.sweep_detector INFO: OrderBlocks: 2 detected, 2 unmitigated
22:45:39 core.sweep_detector INFO: FVGs: 7 detected, 2 unfilled
22:45:41 core.sweep_detector INFO: SweepDetector v2: 5 raw â†’ 5 confirmed (volâ‰Ą2.5Ă— bodyâ‰Ą30%)
22:45:41 core.sweep_detector INFO: OrderBlocks: 1 detected, 0 unmitigated
22:45:41 core.sweep_detector INFO: FVGs: 3 detected, 1 unfilled
22:45:42 core.sweep_detector INFO: SweepDetector v2: 2 raw â†’ 2 confirmed (volâ‰Ą2.5Ă— bodyâ‰Ą30%)
22:45:42 core.sweep_detector INFO: OrderBlocks: 4 detected, 2 unmitigated
22:45:42 core.sweep_detector INFO: FVGs: 4 detected, 3 unfilled
22:45:44 core.sweep_detector INFO: SweepDetector v2: 2 raw â†’ 2 confirmed (volâ‰Ą2.5Ă— bodyâ‰Ą30%)
22:45:44 core.sweep_detector INFO: OrderBlocks: 3 detected, 1 unmitigated
22:45:44 core.sweep_detector INFO: FVGs: 5 detected, 2 unfilled
22:45:46 core.sweep_detector INFO: SweepDetector v2: 2 raw â†’ 1 confirmed (volâ‰Ą2.5Ă— bodyâ‰Ą30%)
22:45:46 core.sweep_detector INFO: OrderBlocks: 7 detected, 3 unmitigated
22:45:46 core.sweep_detector INFO: FVGs: 9 detected, 4 unfilled
22:45:48 core.sweep_detector INFO: SweepDetector v2: 1 raw â†’ 0 confirmed (volâ‰Ą2.5Ă— bodyâ‰Ą30%)
22:45:48 core.sweep_detector INFO: OrderBlocks: 4 detected, 1 unmitigated
22:45:48 core.sweep_detector INFO: FVGs: 5 detected, 2 unfilled
22:45:49 core.sweep_detector INFO: SweepDetector v2: 2 raw â†’ 2 confirmed (volâ‰Ą2.5Ă— bodyâ‰Ą30%)
22:45:49 core.sweep_detector INFO: OrderBlocks: 4 detected, 1 unmitigated
22:45:49 core.sweep_detector INFO: FVGs: 5 detected, 3 unfilled
22:45:51 core.sweep_detector INFO: SweepDetector v2: 2 raw â†’ 2 confirmed (volâ‰Ą2.5Ă— bodyâ‰Ą30%)
22:45:51 core.sweep_detector INFO: OrderBlocks: 5 detected, 3 unmitigated
22:45:51 core.sweep_detector INFO: FVGs: 12 detected, 5 unfilled
22:45:53 core.sweep_detector INFO: SweepDetector v2: 1 raw â†’ 1 confirmed (volâ‰Ą2.5Ă— bodyâ‰Ą30%)
22:45:53 core.sweep_detector INFO: OrderBlocks: 3 detected, 1 unmitigated
22:45:53 core.sweep_detector INFO: FVGs: 10 detected, 1 unfilled
22:45:55 core.sweep_detector INFO: SweepDetector v2: 2 raw â†’ 2 confirmed (volâ‰Ą2.5Ă— bodyâ‰Ą30%)
22:45:55 core.sweep_detector INFO: OrderBlocks: 2 detected, 0 unmitigated
22:45:55 core.sweep_detector INFO: FVGs: 5 detected, 1 unfilled
22:45:56 core.sweep_detector INFO: SweepDetector v2: 1 raw â†’ 1 confirmed (volâ‰Ą2.5Ă— bodyâ‰Ą30%)
22:45:56 core.sweep_detector INFO: OrderBlocks: 5 detected, 1 unmitigated
22:45:56 core.sweep_detector INFO: FVGs: 7 detected, 0 unfilled
22:45:58 core.sweep_detector INFO: SweepDetector v2: 0 raw â†’ 0 confirmed (volâ‰Ą2.5Ă— bodyâ‰Ą30%)
22:45:58 core.sweep_detector INFO: OrderBlocks: 5 detected, 2 unmitigated
22:45:58 core.sweep_detector INFO: FVGs: 10 detected, 2 unfilled
22:46:00 core.sweep_detector INFO: SweepDetector v2: 0 raw â†’ 0 confirmed (volâ‰Ą2.5Ă— bodyâ‰Ą30%)
22:46:00 core.sweep_detector INFO: OrderBlocks: 7 detected, 4 unmitigated
22:46:00 core.sweep_detector INFO: FVGs: 12 detected, 5 unfilled
22:46:02 core.sweep_detector INFO: SweepDetector v2: 4 raw â†’ 4 confirmed (volâ‰Ą2.5Ă— bodyâ‰Ą30%)
22:46:02 core.sweep_detector INFO: OrderBlocks: 2 detected, 2 unmitigated
22:46:02 core.sweep_detector INFO: FVGs: 12 detected, 3 unfilled
22:46:03 core.sweep_detector INFO: SweepDetector v2: 1 raw â†’ 1 confirmed (volâ‰Ą2.5Ă— bodyâ‰Ą30%)
22:46:03 core.sweep_detector INFO: OrderBlocks: 5 detected, 1 unmitigated
22:46:03 core.sweep_detector INFO: FVGs: 11 detected, 1 unfilled
22:46:05 core.sweep_detector INFO: SweepDetector v2: 2 raw â†’ 1 confirmed (volâ‰Ą2.5Ă— bodyâ‰Ą30%)
22:46:06 core.sweep_detector INFO: OrderBlocks: 3 detected, 2 unmitigated
22:46:06 core.sweep_detector INFO: FVGs: 4 detected, 1 unfilled
22:46:07 core.sweep_detector INFO: SweepDetector v2: 0 raw â†’ 0 confirmed (volâ‰Ą2.5Ă— bodyâ‰Ą30%)
22:46:07 core.sweep_detector INFO: OrderBlocks: 4 detected, 2 unmitigated
22:46:07 core.sweep_detector INFO: FVGs: 6 detected, 1 unfilled
22:46:09 core.sweep_detector INFO: SweepDetector v2: 2 raw â†’ 2 confirmed (volâ‰Ą2.5Ă— bodyâ‰Ą30%)
22:46:09 core.sweep_detector INFO: OrderBlocks: 3 detected, 2 unmitigated
22:46:09 core.sweep_detector INFO: FVGs: 7 detected, 2 unfilled
22:46:10 core.sweep_detector INFO: SweepDetector v2: 2 raw â†’ 2 confirmed (volâ‰Ą2.5Ă— bodyâ‰Ą30%)
22:46:10 core.sweep_detector INFO: OrderBlocks: 7 detected, 3 unmitigated
22:46:10 core.sweep_detector INFO: FVGs: 7 detected, 1 unfilled
22:46:12 core.sweep_detector INFO: SweepDetector v2: 0 raw â†’ 0 confirmed (volâ‰Ą2.5Ă— bodyâ‰Ą30%)
22:46:12 core.sweep_detector INFO: OrderBlocks: 0 detected, 0 unmitigated
22:46:12 core.sweep_detector INFO: FVGs: 0 detected, 0 unfilled
22:46:14 core.sweep_detector INFO: SweepDetector v2: 0 raw â†’ 0 confirmed (volâ‰Ą2.5Ă— bodyâ‰Ą30%)
22:46:14 core.sweep_detector INFO: OrderBlocks: 0 detected, 0 unmitigated
22:46:14 core.sweep_detector INFO: FVGs: 0 detected, 0 unfilled
22:46:16 core.sweep_detector INFO: SweepDetector v2: 0 raw â†’ 0 confirmed (volâ‰Ą2.5Ă— bodyâ‰Ą30%)
22:46:16 core.sweep_detector INFO: OrderBlocks: 0 detected, 0 unmitigated
22:46:16 core.sweep_detector INFO: FVGs: 0 detected, 0 unfilled
22:46:18 core.sweep_detector INFO: SweepDetector v2: 1 raw â†’ 1 confirmed (volâ‰Ą2.5Ă— bodyâ‰Ą30%)
22:46:18 core.sweep_detector INFO: OrderBlocks: 8 detected, 4 unmitigated
22:46:18 core.sweep_detector INFO: FVGs: 10 detected, 4 unfilled
22:46:19 core.sweep_detector INFO: SweepDetector v2: 1 raw â†’ 1 confirmed (volâ‰Ą2.5Ă— bodyâ‰Ą30%)
22:46:19 core.sweep_detector INFO: OrderBlocks: 5 detected, 1 unmitigated
22:46:19 core.sweep_detector INFO: FVGs: 6 detected, 2 unfilled
22:46:21 core.sweep_detector INFO: SweepDetector v2: 1 raw â†’ 1 confirmed (volâ‰Ą2.5Ă— bodyâ‰Ą30%)
22:46:21 core.sweep_detector INFO: OrderBlocks: 6 detected, 2 unmitigated
22:46:21 core.sweep_detector INFO: FVGs: 6 detected, 3 unfilled
22:46:22 core.sweep_detector INFO: SweepDetector v2: 1 raw â†’ 1 confirmed (volâ‰Ą2.5Ă— bodyâ‰Ą30%)
22:46:22 core.sweep_detector INFO: OrderBlocks: 7 detected, 1 unmitigated
22:46:22 core.sweep_detector INFO: FVGs: 7 detected, 2 unfilled
22:46:24 core.sweep_detector INFO: SweepDetector v2: 1 raw â†’ 1 confirmed (volâ‰Ą2.5Ă— bodyâ‰Ą30%)
22:46:24 core.sweep_detector INFO: OrderBlocks: 1 detected, 1 unmitigated
22:46:24 core.sweep_detector INFO: FVGs: 11 detected, 2 unfilled
22:46:25 core.sweep_detector INFO: SweepDetector v2: 1 raw â†’ 1 confirmed (volâ‰Ą2.5Ă— bodyâ‰Ą30%)
22:46:25 core.sweep_detector INFO: OrderBlocks: 3 detected, 1 unmitigated
22:46:25 core.sweep_detector INFO: FVGs: 5 detected, 1 unfilled
22:46:27 core.sweep_detector INFO: SweepDetector v2: 0 raw â†’ 0 confirmed (volâ‰Ą2.5Ă— bodyâ‰Ą30%)
22:46:27 core.sweep_detector INFO: OrderBlocks: 7 detected, 3 unmitigated
22:46:27 core.sweep_detector INFO: FVGs: 8 detected, 3 unfilled
22:46:29 core.sweep_detector INFO: SweepDetector v2: 2 raw â†’ 1 confirmed (volâ‰Ą2.5Ă— bodyâ‰Ą30%)
22:46:29 core.sweep_detector INFO: OrderBlocks: 5 detected, 2 unmitigated
22:46:29 core.sweep_detector INFO: FVGs: 10 detected, 1 unfilled
22:46:31 core.sweep_detector INFO: SweepDetector v2: 1 raw â†’ 1 confirmed (volâ‰Ą2.5Ă— bodyâ‰Ą30%)
22:46:31 core.sweep_detector INFO: OrderBlocks: 2 detected, 1 unmitigated
22:46:31 core.sweep_detector INFO: FVGs: 5 detected, 4 unfilled
22:46:33 core.sweep_detector INFO: SweepDetector v2: 7 raw â†’ 5 confirmed (volâ‰Ą2.5Ă— bodyâ‰Ą30%)
22:46:33 core.sweep_detector INFO: OrderBlocks: 3 detected, 2 unmitigated
22:46:33 core.sweep_detector INFO: FVGs: 9 detected, 4 unfilled
22:46:34 core.sweep_detector INFO: SweepDetector v2: 3 raw â†’ 1 confirmed (volâ‰Ą2.5Ă— bodyâ‰Ą30%)
22:46:34 core.sweep_detector INFO: OrderBlocks: 5 detected, 2 unmitigated
22:46:34 core.sweep_detector INFO: FVGs: 10 detected, 2 unfilled
22:46:36 core.sweep_detector INFO: SweepDetector v2: 0 raw â†’ 0 confirmed (volâ‰Ą2.5Ă— bodyâ‰Ą30%)
22:46:36 core.sweep_detector INFO: OrderBlocks: 6 detected, 3 unmitigated
22:46:36 core.sweep_detector INFO: FVGs: 9 detected, 1 unfilled
22:46:38 core.sweep_detector INFO: SweepDetector v2: 1 raw â†’ 1 confirmed (volâ‰Ą2.5Ă— bodyâ‰Ą30%)
22:46:38 core.sweep_detector INFO: OrderBlocks: 7 detected, 3 unmitigated
22:46:38 core.sweep_detector INFO: FVGs: 13 detected, 3 unfilled
22:46:40 core.sweep_detector INFO: SweepDetector v2: 2 raw â†’ 1 confirmed (volâ‰Ą2.5Ă— bodyâ‰Ą30%)
22:46:40 core.sweep_detector INFO: OrderBlocks: 6 detected, 0 unmitigated
22:46:40 core.sweep_detector INFO: FVGs: 7 detected, 3 unfilled
22:46:41 core.sweep_detector INFO: SweepDetector v2: 2 raw â†’ 2 confirmed (volâ‰Ą2.5Ă— bodyâ‰Ą30%)
22:46:41 core.sweep_detector INFO: OrderBlocks: 2 detected, 0 unmitigated
22:46:41 core.sweep_detector INFO: FVGs: 2 detected, 1 unfilled
22:46:43 core.sweep_detector INFO: SweepDetector v2: 5 raw â†’ 4 confirmed (volâ‰Ą2.5Ă— bodyâ‰Ą30%)
22:46:43 core.sweep_detector INFO: OrderBlocks: 8 detected, 1 unmitigated
22:46:43 core.sweep_detector INFO: FVGs: 11 detected, 1 unfilled
22:46:45 core.sweep_detector INFO: SweepDetector v2: 1 raw â†’ 0 confirmed (volâ‰Ą2.5Ă— bodyâ‰Ą30%)
22:46:45 core.sweep_detector INFO: OrderBlocks: 7 detected, 1 unmitigated
22:46:45 core.sweep_detector INFO: FVGs: 18 detected, 2 unfilled
22:46:47 core.sweep_detector INFO: SweepDetector v2: 1 raw â†’ 0 confirmed (volâ‰Ą2.5Ă— bodyâ‰Ą30%)
22:46:47 core.sweep_detector INFO: OrderBlocks: 4 detected, 1 unmitigated
22:46:47 core.sweep_detector INFO: FVGs: 9 detected, 2 unfilled
22:46:49 core.sweep_detector INFO: SweepDetector v2: 0 raw â†’ 0 confirmed (volâ‰Ą2.5Ă— bodyâ‰Ą30%)
22:46:49 core.sweep_detector INFO: OrderBlocks: 6 detected, 3 unmitigated
22:46:49 core.sweep_detector INFO: FVGs: 4 detected, 3 unfilled
22:46:50 core.sweep_detector INFO: SweepDetector v2: 1 raw â†’ 1 confirmed (volâ‰Ą2.5Ă— bodyâ‰Ą30%)
22:46:50 core.sweep_detector INFO: OrderBlocks: 6 detected, 2 unmitigated
22:46:50 core.sweep_detector INFO: FVGs: 3 detected, 3 unfilled
22:46:52 core.sweep_detector INFO: SweepDetector v2: 1 raw â†’ 0 confirmed (volâ‰Ą2.5Ă— bodyâ‰Ą30%)
22:46:52 core.sweep_detector INFO: OrderBlocks: 2 detected, 0 unmitigated
22:46:52 core.sweep_detector INFO: FVGs: 5 detected, 1 unfilled
22:46:53 core.sweep_detector INFO: SweepDetector v2: 0 raw â†’ 0 confirmed (volâ‰Ą2.5Ă— bodyâ‰Ą30%)
22:46:54 core.sweep_detector INFO: OrderBlocks: 6 detected, 2 unmitigated
22:46:54 core.sweep_detector INFO: FVGs: 11 detected, 7 unfilled
22:46:55 core.sweep_detector INFO: SweepDetector v2: 3 raw â†’ 2 confirmed (volâ‰Ą2.5Ă— bodyâ‰Ą30%)
22:46:55 core.sweep_detector INFO: OrderBlocks: 4 detected, 1 unmitigated
22:46:55 core.sweep_detector INFO: FVGs: 10 detected, 2 unfilled
22:46:57 core.sweep_detector INFO: SweepDetector v2: 0 raw â†’ 0 confirmed (volâ‰Ą2.5Ă— bodyâ‰Ą30%)
22:46:57 core.sweep_detector INFO: OrderBlocks: 6 detected, 1 unmitigated
22:46:57 core.sweep_detector INFO: FVGs: 8 detected, 2 unfilled
22:47:00 core.sweep_detector INFO: SweepDetector v2: 0 raw â†’ 0 confirmed (volâ‰Ą2.5Ă— bodyâ‰Ą30%)
22:47:00 core.sweep_detector INFO: OrderBlocks: 10 detected, 3 unmitigated
22:47:00 core.sweep_detector INFO: FVGs: 13 detected, 2 unfilled
22:47:01 core.sweep_detector INFO: SweepDetector v2: 3 raw â†’ 2 confirmed (volâ‰Ą2.5Ă— bodyâ‰Ą30%)
22:47:01 core.sweep_detector INFO: OrderBlocks: 4 detected, 3 unmitigated
22:47:01 core.sweep_detector INFO: FVGs: 13 detected, 3 unfilled
22:47:03 core.sweep_detector INFO: SweepDetector v2: 3 raw â†’ 3 confirmed (volâ‰Ą2.5Ă— bodyâ‰Ą30%)
22:47:03 core.sweep_detector INFO: OrderBlocks: 7 detected, 2 unmitigated
22:47:03 core.sweep_detector INFO: FVGs: 9 detected, 6 unfilled
22:47:05 core.sweep_detector INFO: SweepDetector v2: 4 raw â†’ 2 confirmed (volâ‰Ą2.5Ă— bodyâ‰Ą30%)
22:47:05 core.sweep_detector INFO: OrderBlocks: 5 detected, 2 unmitigated
22:47:05 core.sweep_detector INFO: FVGs: 9 detected, 3 unfilled
22:47:06 core.sweep_detector INFO: SweepDetector v2: 5 raw â†’ 4 confirmed (volâ‰Ą2.5Ă— bodyâ‰Ą30%)
22:47:06 core.sweep_detector INFO: OrderBlocks: 4 detected, 1 unmitigated
22:47:06 core.sweep_detector INFO: FVGs: 10 detected, 5 unfilled
22:47:08 core.sweep_detector INFO: SweepDetector v2: 3 raw â†’ 2 confirmed (volâ‰Ą2.5Ă— bodyâ‰Ą30%)
22:47:08 core.sweep_detector INFO: OrderBlocks: 3 detected, 1 unmitigated
22:47:08 core.sweep_detector INFO: FVGs: 11 detected, 7 unfilled
22:47:10 core.sweep_detector INFO: SweepDetector v2: 3 raw â†’ 2 confirmed (volâ‰Ą2.5Ă— bodyâ‰Ą30%)
22:47:10 core.sweep_detector INFO: OrderBlocks: 6 detected, 2 unmitigated
22:47:10 core.sweep_detector INFO: FVGs: 4 detected, 1 unfilled
22:47:11 core.sweep_detector INFO: SweepDetector v2: 2 raw â†’ 1 confirmed (volâ‰Ą2.5Ă— bodyâ‰Ą30%)
22:47:11 core.sweep_detector INFO: OrderBlocks: 3 detected, 0 unmitigated
22:47:11 core.sweep_detector INFO: FVGs: 13 detected, 2 unfilled
22:47:13 core.sweep_detector INFO: SweepDetector v2: 0 raw â†’ 0 confirmed (volâ‰Ą2.5Ă— bodyâ‰Ą30%)
22:47:13 core.sweep_detector INFO: OrderBlocks: 5 detected, 4 unmitigated
22:47:13 core.sweep_detector INFO: FVGs: 8 detected, 4 unfilled
22:47:15 core.sweep_detector INFO: SweepDetector v2: 1 raw â†’ 1 confirmed (volâ‰Ą2.5Ă— bodyâ‰Ą30%)
22:47:15 core.sweep_detector INFO: OrderBlocks: 9 detected, 2 unmitigated
22:47:15 core.sweep_detector INFO: FVGs: 6 detected, 0 unfilled
22:47:16 core.sweep_detector INFO: SweepDetector v2: 0 raw â†’ 0 confirmed (volâ‰Ą2.5Ă— bodyâ‰Ą30%)
22:47:16 core.sweep_detector INFO: OrderBlocks: 8 detected, 2 unmitigated
22:47:16 core.sweep_detector INFO: FVGs: 9 detected, 2 unfilled
22:47:18 core.sweep_detector INFO: SweepDetector v2: 1 raw â†’ 1 confirmed (volâ‰Ą2.5Ă— bodyâ‰Ą30%)
22:47:18 core.sweep_detector INFO: OrderBlocks: 1 detected, 1 unmitigated
22:47:18 core.sweep_detector INFO: FVGs: 9 detected, 3 unfilled
22:47:19 core.sweep_detector INFO: SweepDetector v2: 0 raw â†’ 0 confirmed (volâ‰Ą2.5Ă— bodyâ‰Ą30%)
22:47:19 core.sweep_detector INFO: OrderBlocks: 8 detected, 1 unmitigated
22:47:19 core.sweep_detector INFO: FVGs: 12 detected, 2 unfilled
22:47:22 core.sweep_detector INFO: SweepDetector v2: 4 raw â†’ 3 confirmed (volâ‰Ą2.5Ă— bodyâ‰Ą30%)
22:47:22 core.sweep_detector INFO: OrderBlocks: 1 detected, 0 unmitigated
22:47:22 core.sweep_detector INFO: FVGs: 10 detected, 1 unfilled
22:47:23 core.sweep_detector INFO: SweepDetector v2: 1 raw â†’ 1 confirmed (volâ‰Ą2.5Ă— bodyâ‰Ą30%)
22:47:23 core.sweep_detector INFO: OrderBlocks: 4 detected, 2 unmitigated
22:47:23 core.sweep_detector INFO: FVGs: 4 detected, 2 unfilled
22:47:25 core.sweep_detector INFO: SweepDetector v2: 1 raw â†’ 0 confirmed (volâ‰Ą2.5Ă— bodyâ‰Ą30%)
22:47:25 core.sweep_detector INFO: OrderBlocks: 6 detected, 3 unmitigated
22:47:25 core.sweep_detector INFO: FVGs: 9 detected, 3 unfilled
22:47:27 core.sweep_detector INFO: SweepDetector v2: 3 raw â†’ 3 confirmed (volâ‰Ą2.5Ă— bodyâ‰Ą30%)
22:47:27 core.sweep_detector INFO: OrderBlocks: 3 detected, 1 unmitigated
22:47:27 core.sweep_detector INFO: FVGs: 7 detected, 1 unfilled
22:47:29 core.sweep_detector INFO: SweepDetector v2: 2 raw â†’ 2 confirmed (volâ‰Ą2.5Ă— bodyâ‰Ą30%)
22:47:29 core.sweep_detector INFO: OrderBlocks: 6 detected, 2 unmitigated
22:47:29 core.sweep_detector INFO: FVGs: 10 detected, 3 unfilled
22:47:30 core.sweep_detector INFO: SweepDetector v2: 2 raw â†’ 2 confirmed (volâ‰Ą2.5Ă— bodyâ‰Ą30%)
22:47:30 core.sweep_detector INFO: OrderBlocks: 9 detected, 3 unmitigated
22:47:30 core.sweep_detector INFO: FVGs: 15 detected, 4 unfilled
22:47:32 core.sweep_detector INFO: SweepDetector v2: 2 raw â†’ 2 confirmed (volâ‰Ą2.5Ă— bodyâ‰Ą30%)
22:47:32 core.sweep_detector INFO: OrderBlocks: 8 detected, 3 unmitigated
22:47:32 core.sweep_detector INFO: FVGs: 14 detected, 3 unfilled
22:47:33 core.sweep_detector INFO: SweepDetector v2: 2 raw â†’ 2 confirmed (volâ‰Ą2.5Ă— bodyâ‰Ą30%)
22:47:33 core.sweep_detector INFO: OrderBlocks: 9 detected, 5 unmitigated
22:47:33 core.sweep_detector INFO: FVGs: 11 detected, 4 unfilled
22:47:35 core.sweep_detector INFO: SweepDetector v2: 1 raw â†’ 1 confirmed (volâ‰Ą2.5Ă— bodyâ‰Ą30%)
22:47:35 core.sweep_detector INFO: OrderBlocks: 5 detected, 3 unmitigated
22:47:35 core.sweep_detector INFO: FVGs: 11 detected, 3 unfilled
22:47:36 core.sweep_detector INFO: SweepDetector v2: 4 raw â†’ 3 confirmed (volâ‰Ą2.5Ă— bodyâ‰Ą30%)
22:47:37 core.sweep_detector INFO: OrderBlocks: 6 detected, 1 unmitigated
22:47:37 core.sweep_detector INFO: FVGs: 9 detected, 2 unfilled
22:47:38 core.sweep_detector INFO: SweepDetector v2: 5 raw â†’ 3 confirmed (volâ‰Ą2.5Ă— bodyâ‰Ą30%)
22:47:38 core.sweep_detector INFO: OrderBlocks: 5 detected, 3 unmitigated
22:47:38 core.sweep_detector INFO: FVGs: 8 detected, 3 unfilled
22:47:40 core.sweep_detector INFO: SweepDetector v2: 2 raw â†’ 1 confirmed (volâ‰Ą2.5Ă— bodyâ‰Ą30%)
22:47:40 core.sweep_detector INFO: OrderBlocks: 6 detected, 2 unmitigated
22:47:40 core.sweep_detector INFO: FVGs: 9 detected, 5 unfilled
22:47:42 core.sweep_detector INFO: SweepDetector v2: 2 raw â†’ 2 confirmed (volâ‰Ą2.5Ă— bodyâ‰Ą30%)
22:47:42 core.sweep_detector INFO: OrderBlocks: 3 detected, 2 unmitigated
22:47:42 core.sweep_detector INFO: FVGs: 13 detected, 2 unfilled
22:47:43 core.sweep_detector INFO: SweepDetector v2: 1 raw â†’ 1 confirmed (volâ‰Ą2.5Ă— bodyâ‰Ą30%)
22:47:43 core.sweep_detector INFO: OrderBlocks: 6 detected, 3 unmitigated
22:47:43 core.sweep_detector INFO: FVGs: 11 detected, 2 unfilled
22:47:45 core.sweep_detector INFO: SweepDetector v2: 2 raw â†’ 1 confirmed (volâ‰Ą2.5Ă— bodyâ‰Ą30%)
22:47:45 core.sweep_detector INFO: OrderBlocks: 6 detected, 2 unmitigated
22:47:45 core.sweep_detector INFO: FVGs: 10 detected, 4 unfilled
22:47:47 core.sweep_detector INFO: SweepDetector v2: 3 raw â†’ 1 confirmed (volâ‰Ą2.5Ă— bodyâ‰Ą30%)
22:47:47 core.sweep_detector INFO: OrderBlocks: 4 detected, 2 unmitigated
22:47:47 core.sweep_detector INFO: FVGs: 12 detected, 3 unfilled
22:47:49 core.sweep_detector INFO: SweepDetector v2: 2 raw â†’ 2 confirmed (volâ‰Ą2.5Ă— bodyâ‰Ą30%)
22:47:49 core.sweep_detector INFO: OrderBlocks: 8 detected, 4 unmitigated
22:47:49 core.sweep_detector INFO: FVGs: 7 detected, 3 unfilled
22:47:50 core.sweep_detector INFO: SweepDetector v2: 0 raw â†’ 0 confirmed (volâ‰Ą2.5Ă— bodyâ‰Ą30%)
22:47:50 core.sweep_detector INFO: OrderBlocks: 5 detected, 1 unmitigated
22:47:50 core.sweep_detector INFO: FVGs: 1 detected, 1 unfilled
22:47:52 core.sweep_detector INFO: SweepDetector v2: 0 raw â†’ 0 confirmed (volâ‰Ą2.5Ă— bodyâ‰Ą30%)
22:47:52 core.sweep_detector INFO: OrderBlocks: 4 detected, 1 unmitigated
22:47:52 core.sweep_detector INFO: FVGs: 1 detected, 1 unfilled
22:47:54 core.sweep_detector INFO: SweepDetector v2: 0 raw â†’ 0 confirmed (volâ‰Ą2.5Ă— bodyâ‰Ą30%)
22:47:54 core.sweep_detector INFO: OrderBlocks: 3 detected, 1 unmitigated
22:47:54 core.sweep_detector INFO: FVGs: 0 detected, 0 unfilled
22:47:56 core.sweep_detector INFO: SweepDetector v2: 0 raw â†’ 0 confirmed (volâ‰Ą2.5Ă— bodyâ‰Ą30%)
22:47:56 core.sweep_detector INFO: OrderBlocks: 0 detected, 0 unmitigated
22:47:56 core.sweep_detector INFO: FVGs: 0 detected, 0 unfilled
22:47:58 core.sweep_detector INFO: SweepDetector v2: 0 raw â†’ 0 confirmed (volâ‰Ą2.5Ă— bodyâ‰Ą30%)
22:47:58 core.sweep_detector INFO: OrderBlocks: 0 detected, 0 unmitigated
22:47:58 core.sweep_detector INFO: FVGs: 0 detected, 0 unfilled
22:47:59 core.sweep_detector INFO: SweepDetector v2: 0 raw â†’ 0 confirmed (volâ‰Ą2.5Ă— bodyâ‰Ą30%)
22:47:59 core.sweep_detector INFO: OrderBlocks: 0 detected, 0 unmitigated
22:47:59 core.sweep_detector INFO: FVGs: 0 detected, 0 unfilled
22:48:01 core.sweep_detector INFO: SweepDetector v2: 0 raw â†’ 0 confirmed (volâ‰Ą2.5Ă— bodyâ‰Ą30%)
22:48:01 core.sweep_detector INFO: OrderBlocks: 6 detected, 1 unmitigated
22:48:01 core.sweep_detector INFO: FVGs: 14 detected, 4 unfilled
22:48:03 core.sweep_detector INFO: SweepDetector v2: 1 raw â†’ 1 confirmed (volâ‰Ą2.5Ă— bodyâ‰Ą30%)
22:48:03 core.sweep_detector INFO: OrderBlocks: 4 detected, 2 unmitigated
22:48:03 core.sweep_detector INFO: FVGs: 12 detected, 2 unfilled
22:48:04 core.sweep_detector INFO: SweepDetector v2: 2 raw â†’ 2 confirmed (volâ‰Ą2.5Ă— bodyâ‰Ą30%)
22:48:04 core.sweep_detector INFO: OrderBlocks: 3 detected, 3 unmitigated
22:48:04 core.sweep_detector INFO: FVGs: 4 detected, 3 unfilled
22:48:06 core.sweep_detector INFO: SweepDetector v2: 0 raw â†’ 0 confirmed (volâ‰Ą2.5Ă— bodyâ‰Ą30%)
22:48:06 core.sweep_detector INFO: OrderBlocks: 8 detected, 2 unmitigated
22:48:06 core.sweep_detector INFO: FVGs: 12 detected, 5 unfilled
22:48:08 core.sweep_detector INFO: SweepDetector v2: 2 raw â†’ 1 confirmed (volâ‰Ą2.5Ă— bodyâ‰Ą30%)
22:48:08 core.sweep_detector INFO: OrderBlocks: 2 detected, 0 unmitigated
22:48:08 core.sweep_detector INFO: FVGs: 14 detected, 3 unfilled
22:48:09 core.sweep_detector INFO: SweepDetector v2: 2 raw â†’ 2 confirmed (volâ‰Ą2.5Ă— bodyâ‰Ą30%)
22:48:09 core.sweep_detector INFO: OrderBlocks: 2 detected, 2 unmitigated
22:48:09 core.sweep_detector INFO: FVGs: 6 detected, 2 unfilled
22:48:11 core.sweep_detector INFO: SweepDetector v2: 0 raw â†’ 0 confirmed (volâ‰Ą2.5Ă— bodyâ‰Ą30%)
22:48:11 core.sweep_detector INFO: OrderBlocks: 9 detected, 3 unmitigated
22:48:11 core.sweep_detector INFO: FVGs: 13 detected, 3 unfilled
22:48:12 core.sweep_detector INFO: SweepDetector v2: 1 raw â†’ 1 confirmed (volâ‰Ą2.5Ă— bodyâ‰Ą30%)
22:48:12 core.sweep_detector INFO: OrderBlocks: 6 detected, 1 unmitigated
22:48:12 core.sweep_detector INFO: FVGs: 13 detected, 4 unfilled
22:48:14 core.sweep_detector INFO: SweepDetector v2: 4 raw â†’ 3 confirmed (volâ‰Ą2.5Ă— bodyâ‰Ą30%)
22:48:14 core.sweep_detector INFO: OrderBlocks: 3 detected, 1 unmitigated
22:48:14 core.sweep_detector INFO: FVGs: 7 detected, 2 unfilled
22:48:16 core.sweep_detector INFO: SweepDetector v2: 1 raw â†’ 1 confirmed (volâ‰Ą2.5Ă— bodyâ‰Ą30%)
22:48:16 core.sweep_detector INFO: OrderBlocks: 8 detected, 3 unmitigated
22:48:16 core.sweep_detector INFO: FVGs: 9 detected, 2 unfilled
22:48:18 core.sweep_detector INFO: SweepDetector v2: 1 raw â†’ 1 confirmed (volâ‰Ą2.5Ă— bodyâ‰Ą30%)
22:48:18 core.sweep_detector INFO: OrderBlocks: 3 detected, 1 unmitigated
22:48:18 core.sweep_detector INFO: FVGs: 9 detected, 2 unfilled
22:48:20 core.sweep_detector INFO: SweepDetector v2: 1 raw â†’ 1 confirmed (volâ‰Ą2.5Ă— bodyâ‰Ą30%)
22:48:20 core.sweep_detector INFO: OrderBlocks: 6 detected, 3 unmitigated
22:48:20 core.sweep_detector INFO: FVGs: 6 detected, 2 unfilled
22:48:21 core.sweep_detector INFO: SweepDetector v2: 2 raw â†’ 1 confirmed (volâ‰Ą2.5Ă— bodyâ‰Ą30%)
22:48:21 core.sweep_detector INFO: OrderBlocks: 7 detected, 3 unmitigated
22:48:21 core.sweep_detector INFO: FVGs: 14 detected, 3 unfilled
22:48:23 core.sweep_detector INFO: SweepDetector v2: 2 raw â†’ 2 confirmed (volâ‰Ą2.5Ă— bodyâ‰Ą30%)
22:48:23 core.sweep_detector INFO: OrderBlocks: 5 detected, 3 unmitigated
22:48:23 core.sweep_detector INFO: FVGs: 13 detected, 4 unfilled
22:48:25 core.sweep_detector INFO: SweepDetector v2: 4 raw â†’ 0 confirmed (volâ‰Ą2.5Ă— bodyâ‰Ą30%)
22:48:25 core.sweep_detector INFO: OrderBlocks: 7 detected, 2 unmitigated
22:48:25 core.sweep_detector INFO: FVGs: 12 detected, 5 unfilled
22:48:26 core.sweep_detector INFO: SweepDetector v2: 3 raw â†’ 2 confirmed (volâ‰Ą2.5Ă— bodyâ‰Ą30%)
22:48:27 core.sweep_detector INFO: OrderBlocks: 7 detected, 2 unmitigated
22:48:27 core.sweep_detector INFO: FVGs: 13 detected, 2 unfilled
22:48:28 core.sweep_detector INFO: SweepDetector v2: 2 raw â†’ 0 confirmed (volâ‰Ą2.5Ă— bodyâ‰Ą30%)
22:48:28 core.sweep_detector INFO: OrderBlocks: 7 detected, 2 unmitigated
22:48:28 core.sweep_detector INFO: FVGs: 13 detected, 4 unfilled
22:48:30 core.sweep_detector INFO: SweepDetector v2: 3 raw â†’ 0 confirmed (volâ‰Ą2.5Ă— bodyâ‰Ą30%)
22:48:30 core.sweep_detector INFO: OrderBlocks: 4 detected, 0 unmitigated
22:48:30 core.sweep_detector INFO: FVGs: 9 detected, 3 unfilled
22:48:31 core.sweep_detector INFO: SweepDetector v2: 2 raw â†’ 2 confirmed (volâ‰Ą2.5Ă— bodyâ‰Ą30%)
22:48:31 core.sweep_detector INFO: OrderBlocks: 9 detected, 1 unmitigated
22:48:31 core.sweep_detector INFO: FVGs: 8 detected, 2 unfilled
22:48:33 core.sweep_detector INFO: SweepDetector v2: 1 raw â†’ 1 confirmed (volâ‰Ą2.5Ă— bodyâ‰Ą30%)
22:48:33 core.sweep_detector INFO: OrderBlocks: 2 detected, 1 unmitigated
22:48:33 core.sweep_detector INFO: FVGs: 12 detected, 3 unfilled
22:48:34 core.sweep_detector INFO: SweepDetector v2: 4 raw â†’ 3 confirmed (volâ‰Ą2.5Ă— bodyâ‰Ą30%)
22:48:34 core.sweep_detector INFO: OrderBlocks: 7 detected, 0 unmitigated
22:48:34 core.sweep_detector INFO: FVGs: 10 detected, 2 unfilled
22:48:37 core.sweep_detector INFO: SweepDetector v2: 1 raw â†’ 1 confirmed (volâ‰Ą2.5Ă— bodyâ‰Ą30%)
22:48:37 core.sweep_detector INFO: OrderBlocks: 7 detected, 2 unmitigated
22:48:37 core.sweep_detector INFO: FVGs: 9 detected, 4 unfilled
22:48:38 core.sweep_detector INFO: SweepDetector v2: 2 raw â†’ 2 confirmed (volâ‰Ą2.5Ă— bodyâ‰Ą30%)
22:48:38 core.sweep_detector INFO: OrderBlocks: 2 detected, 1 unmitigated
22:48:38 core.sweep_detector INFO: FVGs: 13 detected, 2 unfilled
22:48:40 core.sweep_detector INFO: SweepDetector v2: 3 raw â†’ 3 confirmed (volâ‰Ą2.5Ă— bodyâ‰Ą30%)
22:48:40 core.sweep_detector INFO: OrderBlocks: 5 detected, 2 unmitigated
22:48:40 core.sweep_detector INFO: FVGs: 7 detected, 2 unfilled
22:48:41 core.sweep_detector INFO: SweepDetector v2: 2 raw â†’ 1 confirmed (volâ‰Ą2.5Ă— bodyâ‰Ą30%)
22:48:41 core.sweep_detector INFO: OrderBlocks: 4 detected, 1 unmitigated
22:48:41 core.sweep_detector INFO: FVGs: 8 detected, 1 unfilled
22:48:43 core.sweep_detector INFO: SweepDetector v2: 0 raw â†’ 0 confirmed (volâ‰Ą2.5Ă— bodyâ‰Ą30%)
22:48:43 core.sweep_detector INFO: OrderBlocks: 9 detected, 3 unmitigated
22:48:43 core.sweep_detector INFO: FVGs: 11 detected, 3 unfilled
22:48:45 core.sweep_detector INFO: SweepDetector v2: 0 raw â†’ 0 confirmed (volâ‰Ą2.5Ă— bodyâ‰Ą30%)
22:48:45 core.sweep_detector INFO: OrderBlocks: 5 detected, 5 unmitigated
22:48:45 core.sweep_detector INFO: FVGs: 14 detected, 7 unfilled
22:48:46 core.sweep_detector INFO: SweepDetector v2: 0 raw â†’ 0 confirmed (volâ‰Ą2.5Ă— bodyâ‰Ą30%)
22:48:46 core.sweep_detector INFO: OrderBlocks: 7 detected, 2 unmitigated
22:48:46 core.sweep_detector INFO: FVGs: 9 detected, 3 unfilled
22:48:49 core.sweep_detector INFO: SweepDetector v2: 3 raw â†’ 3 confirmed (volâ‰Ą2.5Ă— bodyâ‰Ą30%)
22:48:49 core.sweep_detector INFO: OrderBlocks: 5 detected, 2 unmitigated
22:48:49 core.sweep_detector INFO: FVGs: 8 detected, 3 unfilled
22:48:50 core.sweep_detector INFO: SweepDetector v2: 1 raw â†’ 1 confirmed (volâ‰Ą2.5Ă— bodyâ‰Ą30%)
22:48:50 core.sweep_detector INFO: OrderBlocks: 6 detected, 0 unmitigated
22:48:50 core.sweep_detector INFO: FVGs: 10 detected, 2 unfilled
22:48:52 core.sweep_detector INFO: SweepDetector v2: 0 raw â†’ 0 confirmed (volâ‰Ą2.5Ă— bodyâ‰Ą30%)
22:48:52 core.sweep_detector INFO: OrderBlocks: 2 detected, 1 unmitigated
22:48:52 core.sweep_detector INFO: FVGs: 10 detected, 2 unfilled
22:48:53 core.sweep_detector INFO: SweepDetector v2: 0 raw â†’ 0 confirmed (volâ‰Ą2.5Ă— bodyâ‰Ą30%)
22:48:53 core.sweep_detector INFO: OrderBlocks: 2 detected, 0 unmitigated
22:48:53 core.sweep_detector INFO: FVGs: 4 detected, 1 unfilled
22:48:55 core.sweep_detector INFO: SweepDetector v2: 2 raw â†’ 2 confirmed (volâ‰Ą2.5Ă— bodyâ‰Ą30%)
22:48:55 core.sweep_detector INFO: OrderBlocks: 4 detected, 3 unmitigated
22:48:55 core.sweep_detector INFO: FVGs: 7 detected, 2 unfilled
22:48:57 core.sweep_detector INFO: SweepDetector v2: 0 raw â†’ 0 confirmed (volâ‰Ą2.5Ă— bodyâ‰Ą30%)
22:48:57 core.sweep_detector INFO: OrderBlocks: 7 detected, 3 unmitigated
22:48:57 core.sweep_detector INFO: FVGs: 12 detected, 7 unfilled
22:48:58 core.sweep_detector INFO: SweepDetector v2: 1 raw â†’ 1 confirmed (volâ‰Ą2.5Ă— bodyâ‰Ą30%)
22:48:58 core.sweep_detector INFO: OrderBlocks: 5 detected, 2 unmitigated
22:48:58 core.sweep_detector INFO: FVGs: 11 detected, 2 unfilled
22:49:00 core.sweep_detector INFO: SweepDetector v2: 0 raw â†’ 0 confirmed (volâ‰Ą2.5Ă— bodyâ‰Ą30%)
22:49:00 core.sweep_detector INFO: OrderBlocks: 2 detected, 1 unmitigated
22:49:00 core.sweep_detector INFO: FVGs: 13 detected, 3 unfilled
22:49:02 core.sweep_detector INFO: SweepDetector v2: 1 raw â†’ 0 confirmed (volâ‰Ą2.5Ă— bodyâ‰Ą30%)
22:49:02 core.sweep_detector INFO: OrderBlocks: 9 detected, 3 unmitigated
22:49:02 core.sweep_detector INFO: FVGs: 8 detected, 1 unfilled
22:49:03 core.sweep_detector INFO: SweepDetector v2: 2 raw â†’ 1 confirmed (volâ‰Ą2.5Ă— bodyâ‰Ą30%)
22:49:03 core.sweep_detector INFO: OrderBlocks: 1 detected, 0 unmitigated
22:49:03 core.sweep_detector INFO: FVGs: 8 detected, 2 unfilled
22:49:05 core.sweep_detector INFO: SweepDetector v2: 0 raw â†’ 0 confirmed (volâ‰Ą2.5Ă— bodyâ‰Ą30%)
22:49:05 core.sweep_detector INFO: OrderBlocks: 4 detected, 3 unmitigated
22:49:05 core.sweep_detector INFO: FVGs: 6 detected, 3 unfilled
22:49:06 core.sweep_detector INFO: SweepDetector v2: 1 raw â†’ 1 confirmed (volâ‰Ą2.5Ă— bodyâ‰Ą30%)
22:49:07 core.sweep_detector INFO: OrderBlocks: 7 detected, 4 unmitigated
22:49:07 core.sweep_detector INFO: FVGs: 11 detected, 5 unfilled
22:49:08 core.sweep_detector INFO: SweepDetector v2: 3 raw â†’ 1 confirmed (volâ‰Ą2.5Ă— bodyâ‰Ą30%)
22:49:08 core.sweep_detector INFO: OrderBlocks: 5 detected, 2 unmitigated
22:49:08 core.sweep_detector INFO: FVGs: 10 detected, 2 unfilled
22:49:10 core.sweep_detector INFO: SweepDetector v2: 1 raw â†’ 1 confirmed (volâ‰Ą2.5Ă— bodyâ‰Ą30%)
22:49:10 core.sweep_detector INFO: OrderBlocks: 3 detected, 1 unmitigated
22:49:10 core.sweep_detector INFO: FVGs: 4 detected, 2 unfilled
22:49:12 core.sweep_detector INFO: SweepDetector v2: 0 raw â†’ 0 confirmed (volâ‰Ą2.5Ă— bodyâ‰Ą30%)
22:49:12 core.sweep_detector INFO: OrderBlocks: 6 detected, 2 unmitigated
22:49:12 core.sweep_detector INFO: FVGs: 3 detected, 2 unfilled
22:49:13 core.sweep_detector INFO: SweepDetector v2: 2 raw â†’ 2 confirmed (volâ‰Ą2.5Ă— bodyâ‰Ą30%)
22:49:13 core.sweep_detector INFO: OrderBlocks: 6 detected, 0 unmitigated
22:49:13 core.sweep_detector INFO: FVGs: 9 detected, 1 unfilled
22:49:15 core.sweep_detector INFO: SweepDetector v2: 1 raw â†’ 1 confirmed (volâ‰Ą2.5Ă— bodyâ‰Ą30%)
22:49:15 core.sweep_detector INFO: OrderBlocks: 3 detected, 1 unmitigated
22:49:15 core.sweep_detector INFO: FVGs: 2 detected, 2 unfilled
22:49:17 core.sweep_detector INFO: SweepDetector v2: 1 raw â†’ 1 confirmed (volâ‰Ą2.5Ă— bodyâ‰Ą30%)
22:49:17 core.sweep_detector INFO: OrderBlocks: 10 detected, 1 unmitigated
22:49:17 core.sweep_detector INFO: FVGs: 7 detected, 4 unfilled
22:49:18 core.sweep_detector INFO: SweepDetector v2: 3 raw â†’ 2 confirmed (volâ‰Ą2.5Ă— bodyâ‰Ą30%)
22:49:18 core.sweep_detector INFO: OrderBlocks: 4 detected, 1 unmitigated
22:49:18 core.sweep_detector INFO: FVGs: 9 detected, 3 unfilled
22:49:20 core.sweep_detector INFO: SweepDetector v2: 2 raw â†’ 1 confirmed (volâ‰Ą2.5Ă— bodyâ‰Ą30%)
22:49:20 core.sweep_detector INFO: OrderBlocks: 3 detected, 2 unmitigated
22:49:20 core.sweep_detector INFO: FVGs: 6 detected, 5 unfilled
22:49:22 core.sweep_detector INFO: SweepDetector v2: 0 raw â†’ 0 confirmed (volâ‰Ą2.5Ă— bodyâ‰Ą30%)
22:49:22 core.sweep_detector INFO: OrderBlocks: 4 detected, 2 unmitigated
22:49:22 core.sweep_detector INFO: FVGs: 15 detected, 4 unfilled
22:49:23 core.sweep_detector INFO: SweepDetector v2: 1 raw â†’ 1 confirmed (volâ‰Ą2.5Ă— bodyâ‰Ą30%)
22:49:23 core.sweep_detector INFO: OrderBlocks: 7 detected, 2 unmitigated
22:49:23 core.sweep_detector INFO: FVGs: 12 detected, 6 unfilled
22:49:25 core.sweep_detector INFO: SweepDetector v2: 2 raw â†’ 1 confirmed (volâ‰Ą2.5Ă— bodyâ‰Ą30%)
22:49:25 core.sweep_detector INFO: OrderBlocks: 3 detected, 2 unmitigated
22:49:25 core.sweep_detector INFO: FVGs: 12 detected, 6 unfilled
22:49:26 core.sweep_detector INFO: SweepDetector v2: 2 raw â†’ 1 confirmed (volâ‰Ą2.5Ă— bodyâ‰Ą30%)
22:49:26 core.sweep_detector INFO: OrderBlocks: 11 detected, 4 unmitigated
22:49:26 core.sweep_detector INFO: FVGs: 13 detected, 1 unfilled
22:49:28 core.sweep_detector INFO: SweepDetector v2: 3 raw â†’ 1 confirmed (volâ‰Ą2.5Ă— bodyâ‰Ą30%)
22:49:28 core.sweep_detector INFO: OrderBlocks: 1 detected, 0 unmitigated
22:49:28 core.sweep_detector INFO: FVGs: 11 detected, 3 unfilled
22:49:29 core.sweep_detector INFO: SweepDetector v2: 3 raw â†’ 3 confirmed (volâ‰Ą2.5Ă— bodyâ‰Ą30%)
22:49:29 core.sweep_detector INFO: OrderBlocks: 7 detected, 1 unmitigated
22:49:29 core.sweep_detector INFO: FVGs: 5 detected, 1 unfilled
22:49:31 core.sweep_detector INFO: SweepDetector v2: 2 raw â†’ 2 confirmed (volâ‰Ą2.5Ă— bodyâ‰Ą30%)
22:49:31 core.sweep_detector INFO: OrderBlocks: 15 detected, 1 unmitigated
22:49:31 core.sweep_detector INFO: FVGs: 15 detected, 1 unfilled
22:49:33 core.sweep_detector INFO: SweepDetector v2: 3 raw â†’ 3 confirmed (volâ‰Ą2.5Ă— bodyâ‰Ą30%)
22:49:33 core.sweep_detector INFO: OrderBlocks: 6 detected, 1 unmitigated
22:49:33 core.sweep_detector INFO: FVGs: 9 detected, 2 unfilled
22:49:34 core.sweep_detector INFO: SweepDetector v2: 1 raw â†’ 1 confirmed (volâ‰Ą2.5Ă— bodyâ‰Ą30%)
22:49:34 core.sweep_detector INFO: OrderBlocks: 9 detected, 4 unmitigated
22:49:34 core.sweep_detector INFO: FVGs: 10 detected, 3 unfilled
22:49:36 core.sweep_detector INFO: SweepDetector v2: 4 raw â†’ 4 confirmed (volâ‰Ą2.5Ă— bodyâ‰Ą30%)
22:49:36 core.sweep_detector INFO: OrderBlocks: 9 detected, 3 unmitigated
22:49:36 core.sweep_detector INFO: FVGs: 12 detected, 2 unfilled
22:49:37 core.sweep_detector INFO: SweepDetector v2: 5 raw â†’ 5 confirmed (volâ‰Ą2.5Ă— bodyâ‰Ą30%)
22:49:37 core.sweep_detector INFO: OrderBlocks: 3 detected, 2 unmitigated
22:49:37 core.sweep_detector INFO: FVGs: 6 detected, 2 unfilled
22:49:39 core.sweep_detector INFO: SweepDetector v2: 4 raw â†’ 2 confirmed (volâ‰Ą2.5Ă— bodyâ‰Ą30%)
22:49:39 core.sweep_detector INFO: OrderBlocks: 4 detected, 0 unmitigated
22:49:39 core.sweep_detector INFO: FVGs: 3 detected, 1 unfilled
22:49:41 core.sweep_detector INFO: SweepDetector v2: 6 raw â†’ 3 confirmed (volâ‰Ą2.5Ă— bodyâ‰Ą30%)
22:49:41 core.sweep_detector INFO: OrderBlocks: 8 detected, 6 unmitigated
22:49:41 core.sweep_detector INFO: FVGs: 12 detected, 7 unfilled
22:49:42 core.sweep_detector INFO: SweepDetector v2: 5 raw â†’ 4 confirmed (volâ‰Ą2.5Ă— bodyâ‰Ą30%)
22:49:42 core.sweep_detector INFO: OrderBlocks: 5 detected, 2 unmitigated
22:49:42 core.sweep_detector INFO: FVGs: 8 detected, 3 unfilled
22:49:44 core.sweep_detector INFO: SweepDetector v2: 1 raw â†’ 1 confirmed (volâ‰Ą2.5Ă— bodyâ‰Ą30%)
22:49:44 core.sweep_detector INFO: OrderBlocks: 3 detected, 3 unmitigated
22:49:44 core.sweep_detector INFO: FVGs: 13 detected, 5 unfilled
22:49:45 core.sweep_detector INFO: SweepDetector v2: 1 raw â†’ 1 confirmed (volâ‰Ą2.5Ă— bodyâ‰Ą30%)
22:49:45 core.sweep_detector INFO: OrderBlocks: 5 detected, 1 unmitigated
22:49:45 core.sweep_detector INFO: FVGs: 7 detected, 2 unfilled
22:49:47 core.sweep_detector INFO: SweepDetector v2: 3 raw â†’ 3 confirmed (volâ‰Ą2.5Ă— bodyâ‰Ą30%)
22:49:47 core.sweep_detector INFO: OrderBlocks: 8 detected, 2 unmitigated
22:49:47 core.sweep_detector INFO: FVGs: 10 detected, 2 unfilled
22:49:49 core.sweep_detector INFO: SweepDetector v2: 3 raw â†’ 3 confirmed (volâ‰Ą2.5Ă— bodyâ‰Ą30%)
22:49:49 core.sweep_detector INFO: OrderBlocks: 6 detected, 1 unmitigated
22:49:49 core.sweep_detector INFO: FVGs: 7 detected, 3 unfilled
22:49:50 core.sweep_detector INFO: SweepDetector v2: 1 raw â†’ 1 confirmed (volâ‰Ą2.5Ă— bodyâ‰Ą30%)
22:49:50 core.sweep_detector INFO: OrderBlocks: 7 detected, 3 unmitigated
22:49:50 core.sweep_detector INFO: FVGs: 13 detected, 6 unfilled
22:49:52 core.sweep_detector INFO: SweepDetector v2: 2 raw â†’ 0 confirmed (volâ‰Ą2.5Ă— bodyâ‰Ą30%)
22:49:52 core.sweep_detector INFO: OrderBlocks: 3 detected, 1 unmitigated
22:49:52 core.sweep_detector INFO: FVGs: 12 detected, 5 unfilled
22:49:53 core.sweep_detector INFO: SweepDetector v2: 1 raw â†’ 1 confirmed (volâ‰Ą2.5Ă— bodyâ‰Ą30%)
22:49:53 core.sweep_detector INFO: OrderBlocks: 4 detected, 4 unmitigated
22:49:53 core.sweep_detector INFO: FVGs: 7 detected, 2 unfilled
22:49:55 core.sweep_detector INFO: SweepDetector v2: 3 raw â†’ 2 confirmed (volâ‰Ą2.5Ă— bodyâ‰Ą30%)
22:49:55 core.sweep_detector INFO: OrderBlocks: 5 detected, 0 unmitigated
22:49:55 core.sweep_detector INFO: FVGs: 6 detected, 0 unfilled
22:49:56 core.sweep_detector INFO: SweepDetector v2: 2 raw â†’ 2 confirmed (volâ‰Ą2.5Ă— bodyâ‰Ą30%)
22:49:57 core.sweep_detector INFO: OrderBlocks: 7 detected, 1 unmitigated
22:49:57 core.sweep_detector INFO: FVGs: 8 detected, 2 unfilled
22:49:59 core.sweep_detector INFO: SweepDetector v2: 0 raw â†’ 0 confirmed (volâ‰Ą2.5Ă— bodyâ‰Ą30%)
22:49:59 core.sweep_detector INFO: OrderBlocks: 6 detected, 3 unmitigated
22:49:59 core.sweep_detector INFO: FVGs: 6 detected, 2 unfilled
22:50:01 core.sweep_detector INFO: SweepDetector v2: 0 raw â†’ 0 confirmed (volâ‰Ą2.5Ă— bodyâ‰Ą30%)
22:50:01 core.sweep_detector INFO: OrderBlocks: 8 detected, 3 unmitigated
22:50:01 core.sweep_detector INFO: FVGs: 10 detected, 3 unfilled
22:50:02 core.sweep_detector INFO: SweepDetector v2: 4 raw â†’ 3 confirmed (volâ‰Ą2.5Ă— bodyâ‰Ą30%)
22:50:02 core.sweep_detector INFO: OrderBlocks: 5 detected, 0 unmitigated
22:50:02 core.sweep_detector INFO: FVGs: 12 detected, 2 unfilled
22:50:05 core.sweep_detector INFO: SweepDetector v2: 2 raw â†’ 2 confirmed (volâ‰Ą2.5Ă— bodyâ‰Ą30%)
22:50:05 core.sweep_detector INFO: OrderBlocks: 6 detected, 3 unmitigated
22:50:05 core.sweep_detector INFO: FVGs: 5 detected, 2 unfilled
22:50:06 core.sweep_detector INFO: SweepDetector v2: 1 raw â†’ 1 confirmed (volâ‰Ą2.5Ă— bodyâ‰Ą30%)
22:50:06 core.sweep_detector INFO: OrderBlocks: 5 detected, 1 unmitigated
22:50:06 core.sweep_detector INFO: FVGs: 5 detected, 1 unfilled
22:50:08 core.sweep_detector INFO: SweepDetector v2: 3 raw â†’ 3 confirmed (volâ‰Ą2.5Ă— bodyâ‰Ą30%)
22:50:08 core.sweep_detector INFO: OrderBlocks: 3 detected, 0 unmitigated
22:50:08 core.sweep_detector INFO: FVGs: 5 detected, 0 unfilled
22:50:09 core.sweep_detector INFO: SweepDetector v2: 1 raw â†’ 1 confirmed (volâ‰Ą2.5Ă— bodyâ‰Ą30%)
22:50:09 core.sweep_detector INFO: OrderBlocks: 1 detected, 0 unmitigated
22:50:09 core.sweep_detector INFO: FVGs: 1 detected, 1 unfilled
22:50:11 core.sweep_detector INFO: SweepDetector v2: 2 raw â†’ 2 confirmed (volâ‰Ą2.5Ă— bodyâ‰Ą30%)
22:50:11 core.sweep_detector INFO: OrderBlocks: 11 detected, 3 unmitigated
22:50:11 core.sweep_detector INFO: FVGs: 12 detected, 4 unfilled
22:50:12 core.sweep_detector INFO: SweepDetector v2: 5 raw â†’ 3 confirmed (volâ‰Ą2.5Ă— bodyâ‰Ą30%)
22:50:12 core.sweep_detector INFO: OrderBlocks: 4 detected, 2 unmitigated
22:50:12 core.sweep_detector INFO: FVGs: 14 detected, 5 unfilled
22:50:14 core.sweep_detector INFO: SweepDetector v2: 2 raw â†’ 1 confirmed (volâ‰Ą2.5Ă— bodyâ‰Ą30%)
22:50:14 core.sweep_detector INFO: OrderBlocks: 3 detected, 3 unmitigated
22:50:14 core.sweep_detector INFO: FVGs: 7 detected, 5 unfilled
22:50:16 core.sweep_detector INFO: SweepDetector v2: 1 raw â†’ 0 confirmed (volâ‰Ą2.5Ă— bodyâ‰Ą30%)
22:50:16 core.sweep_detector INFO: OrderBlocks: 5 detected, 1 unmitigated
22:50:16 core.sweep_detector INFO: FVGs: 5 detected, 3 unfilled
22:50:18 core.sweep_detector INFO: SweepDetector v2: 4 raw â†’ 4 confirmed (volâ‰Ą2.5Ă— bodyâ‰Ą30%)
22:50:18 core.sweep_detector INFO: OrderBlocks: 3 detected, 2 unmitigated
22:50:18 core.sweep_detector INFO: FVGs: 9 detected, 1 unfilled
22:50:20 core.sweep_detector INFO: SweepDetector v2: 1 raw â†’ 1 confirmed (volâ‰Ą2.5Ă— bodyâ‰Ą30%)
22:50:20 core.sweep_detector INFO: OrderBlocks: 7 detected, 2 unmitigated
22:50:20 core.sweep_detector INFO: FVGs: 10 detected, 3 unfilled
22:50:21 core.sweep_detector INFO: SweepDetector v2: 2 raw â†’ 2 confirmed (volâ‰Ą2.5Ă— bodyâ‰Ą30%)
22:50:21 core.sweep_detector INFO: OrderBlocks: 8 detected, 3 unmitigated
22:50:21 core.sweep_detector INFO: FVGs: 9 detected, 2 unfilled
22:50:23 core.sweep_detector INFO: SweepDetector v2: 2 raw â†’ 1 confirmed (volâ‰Ą2.5Ă— bodyâ‰Ą30%)
22:50:23 core.sweep_detector INFO: OrderBlocks: 3 detected, 2 unmitigated
22:50:23 core.sweep_detector INFO: FVGs: 9 detected, 2 unfilled
22:50:25 core.sweep_detector INFO: SweepDetector v2: 1 raw â†’ 1 confirmed (volâ‰Ą2.5Ă— bodyâ‰Ą30%)
22:50:25 core.sweep_detector INFO: OrderBlocks: 6 detected, 2 unmitigated
22:50:25 core.sweep_detector INFO: FVGs: 11 detected, 2 unfilled
22:50:26 core.sweep_detector INFO: SweepDetector v2: 0 raw â†’ 0 confirmed (volâ‰Ą2.5Ă— bodyâ‰Ą30%)
22:50:26 core.sweep_detector INFO: OrderBlocks: 1 detected, 0 unmitigated
22:50:26 core.sweep_detector INFO: FVGs: 0 detected, 0 unfilled
22:50:28 core.sweep_detector INFO: SweepDetector v2: 0 raw â†’ 0 confirmed (volâ‰Ą2.5Ă— bodyâ‰Ą30%)
22:50:28 core.sweep_detector INFO: OrderBlocks: 0 detected, 0 unmitigated
22:50:28 core.sweep_detector INFO: FVGs: 0 detected, 0 unfilled
22:50:30 core.sweep_detector INFO: SweepDetector v2: 0 raw â†’ 0 confirmed (volâ‰Ą2.5Ă— bodyâ‰Ą30%)
22:50:30 core.sweep_detector INFO: OrderBlocks: 0 detected, 0 unmitigated
22:50:30 core.sweep_detector INFO: FVGs: 0 detected, 0 unfilled
22:50:31 core.sweep_detector INFO: SweepDetector v2: 2 raw â†’ 2 confirmed (volâ‰Ą2.5Ă— bodyâ‰Ą30%)
22:50:31 core.sweep_detector INFO: OrderBlocks: 5 detected, 2 unmitigated
22:50:31 core.sweep_detector INFO: FVGs: 6 detected, 1 unfilled
22:50:33 core.sweep_detector INFO: SweepDetector v2: 3 raw â†’ 3 confirmed (volâ‰Ą2.5Ă— bodyâ‰Ą30%)
22:50:33 core.sweep_detector INFO: OrderBlocks: 4 detected, 0 unmitigated
22:50:33 core.sweep_detector INFO: FVGs: 9 detected, 2 unfilled
22:50:35 core.sweep_detector INFO: SweepDetector v2: 2 raw â†’ 2 confirmed (volâ‰Ą2.5Ă— bodyâ‰Ą30%)
22:50:35 core.sweep_detector INFO: OrderBlocks: 7 detected, 2 unmitigated
22:50:35 core.sweep_detector INFO: FVGs: 7 detected, 2 unfilled
22:50:36 core.sweep_detector INFO: SweepDetector v2: 0 raw â†’ 0 confirmed (volâ‰Ą2.5Ă— bodyâ‰Ą30%)
22:50:36 core.sweep_detector INFO: OrderBlocks: 4 detected, 2 unmitigated
22:50:36 core.sweep_detector INFO: FVGs: 12 detected, 8 unfilled
22:50:38 core.sweep_detector INFO: SweepDetector v2: 0 raw â†’ 0 confirmed (volâ‰Ą2.5Ă— bodyâ‰Ą30%)
22:50:38 core.sweep_detector INFO: OrderBlocks: 1 detected, 0 unmitigated
22:50:38 core.sweep_detector INFO: FVGs: 10 detected, 3 unfilled
22:50:40 core.sweep_detector INFO: SweepDetector v2: 2 raw â†’ 2 confirmed (volâ‰Ą2.5Ă— bodyâ‰Ą30%)
22:50:40 core.sweep_detector INFO: OrderBlocks: 4 detected, 3 unmitigated
22:50:40 core.sweep_detector INFO: FVGs: 7 detected, 3 unfilled
22:50:41 core.sweep_detector INFO: SweepDetector v2: 5 raw â†’ 3 confirmed (volâ‰Ą2.5Ă— bodyâ‰Ą30%)
22:50:41 core.sweep_detector INFO: OrderBlocks: 6 detected, 2 unmitigated
22:50:41 core.sweep_detector INFO: FVGs: 10 detected, 3 unfilled
22:50:43 core.sweep_detector INFO: SweepDetector v2: 2 raw â†’ 2 confirmed (volâ‰Ą2.5Ă— bodyâ‰Ą30%)
22:50:43 core.sweep_detector INFO: OrderBlocks: 3 detected, 2 unmitigated
22:50:43 core.sweep_detector INFO: FVGs: 9 detected, 3 unfilled
22:50:45 core.sweep_detector INFO: SweepDetector v2: 3 raw â†’ 3 confirmed (volâ‰Ą2.5Ă— bodyâ‰Ą30%)
22:50:45 core.sweep_detector INFO: OrderBlocks: 1 detected, 0 unmitigated
22:50:45 core.sweep_detector INFO: FVGs: 6 detected, 2 unfilled
22:50:46 core.sweep_detector INFO: SweepDetector v2: 0 raw â†’ 0 confirmed (volâ‰Ą2.5Ă— bodyâ‰Ą30%)
22:50:46 core.sweep_detector INFO: OrderBlocks: 7 detected, 2 unmitigated
22:50:46 core.sweep_detector INFO: FVGs: 9 detected, 1 unfilled
22:50:48 core.sweep_detector INFO: SweepDetector v2: 3 raw â†’ 3 confirmed (volâ‰Ą2.5Ă— bodyâ‰Ą30%)
22:50:48 core.sweep_detector INFO: OrderBlocks: 3 detected, 3 unmitigated
22:50:48 core.sweep_detector INFO: FVGs: 10 detected, 3 unfilled
22:50:49 core.sweep_detector INFO: SweepDetector v2: 2 raw â†’ 1 confirmed (volâ‰Ą2.5Ă— bodyâ‰Ą30%)
22:50:49 core.sweep_detector INFO: OrderBlocks: 3 detected, 1 unmitigated
22:50:49 core.sweep_detector INFO: FVGs: 4 detected, 2 unfilled
22:50:51 core.sweep_detector INFO: SweepDetector v2: 1 raw â†’ 1 confirmed (volâ‰Ą2.5Ă— bodyâ‰Ą30%)
22:50:51 core.sweep_detector INFO: OrderBlocks: 4 detected, 2 unmitigated
22:50:51 core.sweep_detector INFO: FVGs: 11 detected, 8 unfilled
22:50:53 core.sweep_detector INFO: SweepDetector v2: 1 raw â†’ 1 confirmed (volâ‰Ą2.5Ă— bodyâ‰Ą30%)
22:50:53 core.sweep_detector INFO: OrderBlocks: 3 detected, 2 unmitigated
22:50:53 core.sweep_detector INFO: FVGs: 2 detected, 1 unfilled
22:50:55 core.sweep_detector INFO: SweepDetector v2: 2 raw â†’ 2 confirmed (volâ‰Ą2.5Ă— bodyâ‰Ą30%)
22:50:55 core.sweep_detector INFO: OrderBlocks: 7 detected, 3 unmitigated
22:50:55 core.sweep_detector INFO: FVGs: 8 detected, 1 unfilled
22:50:56 core.sweep_detector INFO: SweepDetector v2: 2 raw â†’ 2 confirmed (volâ‰Ą2.5Ă— bodyâ‰Ą30%)
22:50:56 core.sweep_detector INFO: OrderBlocks: 8 detected, 4 unmitigated
22:50:56 core.sweep_detector INFO: FVGs: 9 detected, 2 unfilled
22:50:58 core.sweep_detector INFO: SweepDetector v2: 3 raw â†’ 0 confirmed (volâ‰Ą2.5Ă— bodyâ‰Ą30%)
22:50:58 core.sweep_detector INFO: OrderBlocks: 6 detected, 3 unmitigated
22:50:58 core.sweep_detector INFO: FVGs: 8 detected, 4 unfilled
22:51:00 core.sweep_detector INFO: SweepDetector v2: 1 raw â†’ 0 confirmed (volâ‰Ą2.5Ă— bodyâ‰Ą30%)
22:51:00 core.sweep_detector INFO: OrderBlocks: 6 detected, 2 unmitigated
22:51:00 core.sweep_detector INFO: FVGs: 9 detected, 3 unfilled
22:51:02 core.sweep_detector INFO: SweepDetector v2: 1 raw â†’ 0 confirmed (volâ‰Ą2.5Ă— bodyâ‰Ą30%)
22:51:02 core.sweep_detector INFO: OrderBlocks: 9 detected, 1 unmitigated
22:51:02 core.sweep_detector INFO: FVGs: 8 detected, 3 unfilled
22:51:03 core.sweep_detector INFO: SweepDetector v2: 4 raw â†’ 1 confirmed (volâ‰Ą2.5Ă— bodyâ‰Ą30%)
22:51:03 core.sweep_detector INFO: OrderBlocks: 3 detected, 1 unmitigated
22:51:03 core.sweep_detector INFO: FVGs: 9 detected, 2 unfilled
22:51:05 core.sweep_detector INFO: SweepDetector v2: 1 raw â†’ 1 confirmed (volâ‰Ą2.5Ă— bodyâ‰Ą30%)
22:51:05 core.sweep_detector INFO: OrderBlocks: 5 detected, 2 unmitigated
22:51:05 core.sweep_detector INFO: FVGs: 7 detected, 4 unfilled
22:51:07 core.sweep_detector INFO: SweepDetector v2: 7 raw â†’ 5 confirmed (volâ‰Ą2.5Ă— bodyâ‰Ą30%)
22:51:07 core.sweep_detector INFO: OrderBlocks: 5 detected, 5 unmitigated
22:51:07 core.sweep_detector INFO: FVGs: 13 detected, 8 unfilled
22:51:08 core.sweep_detector INFO: SweepDetector v2: 2 raw â†’ 1 confirmed (volâ‰Ą2.5Ă— bodyâ‰Ą30%)
22:51:08 core.sweep_detector INFO: OrderBlocks: 1 detected, 0 unmitigated
22:51:08 core.sweep_detector INFO: FVGs: 6 detected, 2 unfilled
22:51:10 core.sweep_detector INFO: SweepDetector v2: 4 raw â†’ 4 confirmed (volâ‰Ą2.5Ă— bodyâ‰Ą30%)
22:51:10 core.sweep_detector INFO: OrderBlocks: 2 detected, 1 unmitigated
22:51:10 core.sweep_detector INFO: FVGs: 6 detected, 2 unfilled
22:51:12 core.sweep_detector INFO: SweepDetector v2: 0 raw â†’ 0 confirmed (volâ‰Ą2.5Ă— bodyâ‰Ą30%)
22:51:12 core.sweep_detector INFO: OrderBlocks: 10 detected, 5 unmitigated
22:51:12 core.sweep_detector INFO: FVGs: 14 detected, 5 unfilled
22:51:14 core.sweep_detector INFO: SweepDetector v2: 3 raw â†’ 2 confirmed (volâ‰Ą2.5Ă— bodyâ‰Ą30%)
22:51:14 core.sweep_detector INFO: OrderBlocks: 3 detected, 2 unmitigated
22:51:14 core.sweep_detector INFO: FVGs: 11 detected, 2 unfilled
22:51:15 core.sweep_detector INFO: SweepDetector v2: 2 raw â†’ 1 confirmed (volâ‰Ą2.5Ă— bodyâ‰Ą30%)
22:51:15 core.sweep_detector INFO: OrderBlocks: 4 detected, 1 unmitigated
22:51:15 core.sweep_detector INFO: FVGs: 7 detected, 3 unfilled
22:51:17 core.sweep_detector INFO: SweepDetector v2: 3 raw â†’ 3 confirmed (volâ‰Ą2.5Ă— bodyâ‰Ą30%)
22:51:17 core.sweep_detector INFO: OrderBlocks: 3 detected, 1 unmitigated
22:51:17 core.sweep_detector INFO: FVGs: 5 detected, 1 unfilled
22:51:19 core.sweep_detector INFO: SweepDetector v2: 3 raw â†’ 2 confirmed (volâ‰Ą2.5Ă— bodyâ‰Ą30%)
22:51:19 core.sweep_detector INFO: OrderBlocks: 5 detected, 2 unmitigated
22:51:19 core.sweep_detector INFO: FVGs: 7 detected, 2 unfilled
22:51:20 core.sweep_detector INFO: SweepDetector v2: 1 raw â†’ 1 confirmed (volâ‰Ą2.5Ă— bodyâ‰Ą30%)
22:51:20 core.sweep_detector INFO: OrderBlocks: 6 detected, 1 unmitigated
22:51:20 core.sweep_detector INFO: FVGs: 7 detected, 4 unfilled
22:51:22 core.sweep_detector INFO: SweepDetector v2: 3 raw â†’ 2 confirmed (volâ‰Ą2.5Ă— bodyâ‰Ą30%)
22:51:22 core.sweep_detector INFO: OrderBlocks: 3 detected, 3 unmitigated
22:51:22 core.sweep_detector INFO: FVGs: 13 detected, 8 unfilled
22:51:24 core.sweep_detector INFO: SweepDetector v2: 2 raw â†’ 2 confirmed (volâ‰Ą2.5Ă— bodyâ‰Ą30%)
22:51:24 core.sweep_detector INFO: OrderBlocks: 4 detected, 1 unmitigated
22:51:24 core.sweep_detector INFO: FVGs: 9 detected, 3 unfilled
22:51:28 core.sweep_detector INFO: SweepDetector v2: 2 raw â†’ 1 confirmed (volâ‰Ą2.5Ă— bodyâ‰Ą30%)
22:51:28 core.sweep_detector INFO: OrderBlocks: 1 detected, 0 unmitigated
22:51:28 core.sweep_detector INFO: FVGs: 3 detected, 0 unfilled
22:51:30 core.sweep_detector INFO: SweepDetector v2: 1 raw â†’ 0 confirmed (volâ‰Ą2.5Ă— bodyâ‰Ą30%)
22:51:30 core.sweep_detector INFO: OrderBlocks: 4 detected, 0 unmitigated
22:51:30 core.sweep_detector INFO: FVGs: 14 detected, 5 unfilled
22:51:31 core.sweep_detector INFO: SweepDetector v2: 0 raw â†’ 0 confirmed (volâ‰Ą2.5Ă— bodyâ‰Ą30%)
22:51:31 core.sweep_detector INFO: OrderBlocks: 7 detected, 2 unmitigated
22:51:31 core.sweep_detector INFO: FVGs: 5 detected, 2 unfilled
22:51:33 core.sweep_detector INFO: SweepDetector v2: 2 raw â†’ 2 confirmed (volâ‰Ą2.5Ă— bodyâ‰Ą30%)
22:51:33 core.sweep_detector INFO: OrderBlocks: 3 detected, 3 unmitigated
22:51:33 core.sweep_detector INFO: FVGs: 4 detected, 3 unfilled
22:51:35 core.sweep_detector INFO: SweepDetector v2: 1 raw â†’ 0 confirmed (volâ‰Ą2.5Ă— bodyâ‰Ą30%)
22:51:35 core.sweep_detector INFO: OrderBlocks: 7 detected, 3 unmitigated
22:51:35 core.sweep_detector INFO: FVGs: 9 detected, 5 unfilled
22:51:37 core.sweep_detector INFO: SweepDetector v2: 2 raw â†’ 2 confirmed (volâ‰Ą2.5Ă— bodyâ‰Ą30%)
22:51:37 core.sweep_detector INFO: OrderBlocks: 3 detected, 2 unmitigated
22:51:37 core.sweep_detector INFO: FVGs: 14 detected, 2 unfilled
22:51:38 core.sweep_detector INFO: SweepDetector v2: 4 raw â†’ 3 confirmed (volâ‰Ą2.5Ă— bodyâ‰Ą30%)
22:51:38 core.sweep_detector INFO: OrderBlocks: 6 detected, 2 unmitigated
22:51:38 core.sweep_detector INFO: FVGs: 6 detected, 3 unfilled
22:51:41 core.sweep_detector INFO: SweepDetector v2: 0 raw â†’ 0 confirmed (volâ‰Ą2.5Ă— bodyâ‰Ą30%)
22:51:41 core.sweep_detector INFO: OrderBlocks: 10 detected, 2 unmitigated
22:51:41 core.sweep_detector INFO: FVGs: 10 detected, 2 unfilled
22:51:43 core.sweep_detector INFO: SweepDetector v2: 1 raw â†’ 1 confirmed (volâ‰Ą2.5Ă— bodyâ‰Ą30%)
22:51:43 core.sweep_detector INFO: OrderBlocks: 5 detected, 2 unmitigated
22:51:43 core.sweep_detector INFO: FVGs: 5 detected, 1 unfilled
22:51:44 core.sweep_detector INFO: SweepDetector v2: 1 raw â†’ 1 confirmed (volâ‰Ą2.5Ă— bodyâ‰Ą30%)
22:51:44 core.sweep_detector INFO: OrderBlocks: 5 detected, 2 unmitigated
22:51:44 core.sweep_detector INFO: FVGs: 5 detected, 3 unfilled
22:51:46 core.sweep_detector INFO: SweepDetector v2: 0 raw â†’ 0 confirmed (volâ‰Ą2.5Ă— bodyâ‰Ą30%)
22:51:46 core.sweep_detector INFO: OrderBlocks: 2 detected, 0 unmitigated
22:51:46 core.sweep_detector INFO: FVGs: 0 detected, 0 unfilled
22:51:48 core.sweep_detector INFO: SweepDetector v2: 0 raw â†’ 0 confirmed (volâ‰Ą2.5Ă— bodyâ‰Ą30%)
22:51:48 core.sweep_detector INFO: OrderBlocks: 0 detected, 0 unmitigated
22:51:48 core.sweep_detector INFO: FVGs: 0 detected, 0 unfilled
22:51:49 core.sweep_detector INFO: SweepDetector v2: 0 raw â†’ 0 confirmed (volâ‰Ą2.5Ă— bodyâ‰Ą30%)
22:51:49 core.sweep_detector INFO: OrderBlocks: 2 detected, 0 unmitigated
22:51:49 core.sweep_detector INFO: FVGs: 0 detected, 0 unfilled
22:51:51 core.sweep_detector INFO: SweepDetector v2: 1 raw â†’ 1 confirmed (volâ‰Ą2.5Ă— bodyâ‰Ą30%)
22:51:51 core.sweep_detector INFO: OrderBlocks: 6 detected, 1 unmitigated
22:51:51 core.sweep_detector INFO: FVGs: 9 detected, 4 unfilled
22:51:52 core.sweep_detector INFO: SweepDetector v2: 2 raw â†’ 2 confirmed (volâ‰Ą2.5Ă— bodyâ‰Ą30%)
22:51:52 core.sweep_detector INFO: OrderBlocks: 6 detected, 1 unmitigated
22:51:52 core.sweep_detector INFO: FVGs: 9 detected, 2 unfilled
22:51:54 core.sweep_detector INFO: SweepDetector v2: 1 raw â†’ 1 confirmed (volâ‰Ą2.5Ă— bodyâ‰Ą30%)
22:51:54 core.sweep_detector INFO: OrderBlocks: 6 detected, 1 unmitigated
22:51:54 core.sweep_detector INFO: FVGs: 5 detected, 3 unfilled
22:51:56 core.sweep_detector INFO: SweepDetector v2: 1 raw â†’ 1 confirmed (volâ‰Ą2.5Ă— bodyâ‰Ą30%)
22:51:56 core.sweep_detector INFO: OrderBlocks: 2 detected, 0 unmitigated
22:51:56 core.sweep_detector INFO: FVGs: 0 detected, 0 unfilled
22:51:58 core.sweep_detector INFO: SweepDetector v2: 0 raw â†’ 0 confirmed (volâ‰Ą2.5Ă— bodyâ‰Ą30%)
22:51:58 core.sweep_detector INFO: OrderBlocks: 1 detected, 0 unmitigated
22:51:58 core.sweep_detector INFO: FVGs: 0 detected, 0 unfilled
22:52:00 core.sweep_detector INFO: SweepDetector v2: 0 raw â†’ 0 confirmed (volâ‰Ą2.5Ă— bodyâ‰Ą30%)
22:52:00 core.sweep_detector INFO: OrderBlocks: 0 detected, 0 unmitigated
22:52:00 core.sweep_detector INFO: FVGs: 0 detected, 0 unfilled
22:52:01 core.sweep_detector INFO: SweepDetector v2: 0 raw â†’ 0 confirmed (volâ‰Ą2.5Ă— bodyâ‰Ą30%)
22:52:01 core.sweep_detector INFO: OrderBlocks: 2 detected, 0 unmitigated
22:52:01 core.sweep_detector INFO: FVGs: 0 detected, 0 unfilled
22:52:03 core.sweep_detector INFO: SweepDetector v2: 0 raw â†’ 0 confirmed (volâ‰Ą2.5Ă— bodyâ‰Ą30%)
22:52:03 core.sweep_detector INFO: OrderBlocks: 1 detected, 0 unmitigated
22:52:03 core.sweep_detector INFO: FVGs: 0 detected, 0 unfilled
22:52:05 core.sweep_detector INFO: SweepDetector v2: 0 raw â†’ 0 confirmed (volâ‰Ą2.5Ă— bodyâ‰Ą30%)
22:52:05 core.sweep_detector INFO: OrderBlocks: 1 detected, 0 unmitigated
22:52:05 core.sweep_detector INFO: FVGs: 0 detected, 0 unfilled
22:52:06 core.sweep_detector INFO: SweepDetector v2: 0 raw â†’ 0 confirmed (volâ‰Ą2.5Ă— bodyâ‰Ą30%)
22:52:06 core.sweep_detector INFO: OrderBlocks: 1 detected, 0 unmitigated
22:52:06 core.sweep_detector INFO: FVGs: 0 detected, 0 unfilled
22:52:08 core.sweep_detector INFO: SweepDetector v2: 0 raw â†’ 0 confirmed (volâ‰Ą2.5Ă— bodyâ‰Ą30%)
22:52:08 core.sweep_detector INFO: OrderBlocks: 0 detected, 0 unmitigated
22:52:08 core.sweep_detector INFO: FVGs: 0 detected, 0 unfilled
22:52:10 core.sweep_detector INFO: SweepDetector v2: 0 raw â†’ 0 confirmed (volâ‰Ą2.5Ă— bodyâ‰Ą30%)
22:52:10 core.sweep_detector INFO: OrderBlocks: 0 detected, 0 unmitigated
22:52:10 core.sweep_detector INFO: FVGs: 0 detected, 0 unfilled
22:52:11 core.sweep_detector INFO: SweepDetector v2: 3 raw â†’ 3 confirmed (volâ‰Ą2.5Ă— bodyâ‰Ą30%)
22:52:11 core.sweep_detector INFO: OrderBlocks: 5 detected, 2 unmitigated
22:52:11 core.sweep_detector INFO: FVGs: 10 detected, 4 unfilled
22:52:13 core.sweep_detector INFO: SweepDetector v2: 5 raw â†’ 4 confirmed (volâ‰Ą2.5Ă— bodyâ‰Ą30%)
22:52:13 core.sweep_detector INFO: OrderBlocks: 8 detected, 3 unmitigated
22:52:13 core.sweep_detector INFO: FVGs: 10 detected, 4 unfilled
22:52:14 core.sweep_detector INFO: SweepDetector v2: 2 raw â†’ 2 confirmed (volâ‰Ą2.5Ă— bodyâ‰Ą30%)
22:52:14 core.sweep_detector INFO: OrderBlocks: 3 detected, 2 unmitigated
22:52:14 core.sweep_detector INFO: FVGs: 5 detected, 4 unfilled
22:52:16 core.sweep_detector INFO: SweepDetector v2: 0 raw â†’ 0 confirmed (volâ‰Ą2.5Ă— bodyâ‰Ą30%)
22:52:16 core.sweep_detector INFO: OrderBlocks: 6 detected, 1 unmitigated
22:52:16 core.sweep_detector INFO: FVGs: 11 detected, 5 unfilled
22:52:18 core.sweep_detector INFO: SweepDetector v2: 1 raw â†’ 1 confirmed (volâ‰Ą2.5Ă— bodyâ‰Ą30%)
22:52:18 core.sweep_detector INFO: OrderBlocks: 1 detected, 0 unmitigated
22:52:18 core.sweep_detector INFO: FVGs: 10 detected, 2 unfilled
22:52:19 core.sweep_detector INFO: SweepDetector v2: 2 raw â†’ 2 confirmed (volâ‰Ą2.5Ă— bodyâ‰Ą30%)
22:52:19 core.sweep_detector INFO: OrderBlocks: 6 detected, 3 unmitigated
22:52:19 core.sweep_detector INFO: FVGs: 10 detected, 4 unfilled
22:52:21 core.sweep_detector INFO: SweepDetector v2: 1 raw â†’ 1 confirmed (volâ‰Ą2.5Ă— bodyâ‰Ą30%)
22:52:21 core.sweep_detector INFO: OrderBlocks: 8 detected, 4 unmitigated
22:52:21 core.sweep_detector INFO: FVGs: 9 detected, 3 unfilled
22:52:23 core.sweep_detector INFO: SweepDetector v2: 1 raw â†’ 1 confirmed (volâ‰Ą2.5Ă— bodyâ‰Ą30%)
22:52:23 core.sweep_detector INFO: OrderBlocks: 2 detected, 2 unmitigated
22:52:23 core.sweep_detector INFO: FVGs: 11 detected, 1 unfilled
22:52:25 core.sweep_detector INFO: SweepDetector v2: 2 raw â†’ 2 confirmed (volâ‰Ą2.5Ă— bodyâ‰Ą30%)
22:52:25 core.sweep_detector INFO: OrderBlocks: 5 detected, 1 unmitigated
22:52:25 core.sweep_detector INFO: FVGs: 10 detected, 4 unfilled
22:52:27 core.sweep_detector INFO: SweepDetector v2: 1 raw â†’ 1 confirmed (volâ‰Ą2.5Ă— bodyâ‰Ą30%)
22:52:27 core.sweep_detector INFO: OrderBlocks: 2 detected, 1 unmitigated
22:52:27 core.sweep_detector INFO: FVGs: 8 detected, 3 unfilled
22:52:29 core.sweep_detector INFO: SweepDetector v2: 2 raw â†’ 1 confirmed (volâ‰Ą2.5Ă— bodyâ‰Ą30%)
22:52:29 core.sweep_detector INFO: OrderBlocks: 1 detected, 0 unmitigated
22:52:29 core.sweep_detector INFO: FVGs: 6 detected, 1 unfilled
22:52:31 core.sweep_detector INFO: SweepDetector v2: 0 raw â†’ 0 confirmed (volâ‰Ą2.5Ă— bodyâ‰Ą30%)
22:52:31 core.sweep_detector INFO: OrderBlocks: 4 detected, 0 unmitigated
22:52:31 core.sweep_detector INFO: FVGs: 1 detected, 0 unfilled
22:52:33 core.sweep_detector INFO: SweepDetector v2: 2 raw â†’ 1 confirmed (volâ‰Ą2.5Ă— bodyâ‰Ą30%)
22:52:33 core.sweep_detector INFO: OrderBlocks: 6 detected, 4 unmitigated
22:52:33 core.sweep_detector INFO: FVGs: 14 detected, 6 unfilled
22:52:34 core.sweep_detector INFO: SweepDetector v2: 4 raw â†’ 4 confirmed (volâ‰Ą2.5Ă— bodyâ‰Ą30%)
22:52:34 core.sweep_detector INFO: OrderBlocks: 3 detected, 1 unmitigated
22:52:34 core.sweep_detector INFO: FVGs: 7 detected, 2 unfilled
22:52:37 core.sweep_detector INFO: SweepDetector v2: 1 raw â†’ 1 confirmed (volâ‰Ą2.5Ă— bodyâ‰Ą30%)
22:52:37 core.sweep_detector INFO: OrderBlocks: 5 detected, 4 unmitigated
22:52:37 core.sweep_detector INFO: FVGs: 7 detected, 4 unfilled
22:52:38 core.sweep_detector INFO: SweepDetector v2: 2 raw â†’ 1 confirmed (volâ‰Ą2.5Ă— bodyâ‰Ą30%)
22:52:38 core.sweep_detector INFO: OrderBlocks: 5 detected, 1 unmitigated
22:52:38 core.sweep_detector INFO: FVGs: 5 detected, 1 unfilled
22:52:40 core.sweep_detector INFO: SweepDetector v2: 1 raw â†’ 1 confirmed (volâ‰Ą2.5Ă— bodyâ‰Ą30%)
22:52:41 core.sweep_detector INFO: OrderBlocks: 4 detected, 0 unmitigated
22:52:41 core.sweep_detector INFO: FVGs: 9 detected, 1 unfilled
22:52:43 core.sweep_detector INFO: SweepDetector v2: 3 raw â†’ 2 confirmed (volâ‰Ą2.5Ă— bodyâ‰Ą30%)
22:52:43 core.sweep_detector INFO: OrderBlocks: 5 detected, 2 unmitigated
22:52:43 core.sweep_detector INFO: FVGs: 9 detected, 2 unfilled
22:52:45 core.sweep_detector INFO: SweepDetector v2: 0 raw â†’ 0 confirmed (volâ‰Ą2.5Ă— bodyâ‰Ą30%)
22:52:45 core.sweep_detector INFO: OrderBlocks: 1 detected, 0 unmitigated
22:52:45 core.sweep_detector INFO: FVGs: 4 detected, 0 unfilled
22:52:46 core.sweep_detector INFO: SweepDetector v2: 0 raw â†’ 0 confirmed (volâ‰Ą2.5Ă— bodyâ‰Ą30%)
22:52:46 core.sweep_detector INFO: OrderBlocks: 6 detected, 2 unmitigated
22:52:46 core.sweep_detector INFO: FVGs: 7 detected, 2 unfilled
22:52:48 core.sweep_detector INFO: SweepDetector v2: 0 raw â†’ 0 confirmed (volâ‰Ą2.5Ă— bodyâ‰Ą30%)
22:52:48 core.sweep_detector INFO: OrderBlocks: 5 detected, 2 unmitigated
22:52:48 core.sweep_detector INFO: FVGs: 6 detected, 2 unfilled
22:52:50 core.sweep_detector INFO: SweepDetector v2: 0 raw â†’ 0 confirmed (volâ‰Ą2.5Ă— bodyâ‰Ą30%)
22:52:50 core.sweep_detector INFO: OrderBlocks: 9 detected, 3 unmitigated
22:52:50 core.sweep_detector INFO: FVGs: 11 detected, 2 unfilled
22:52:52 core.sweep_detector INFO: SweepDetector v2: 1 raw â†’ 1 confirmed (volâ‰Ą2.5Ă— bodyâ‰Ą30%)
22:52:52 core.sweep_detector INFO: OrderBlocks: 4 detected, 1 unmitigated
22:52:52 core.sweep_detector INFO: FVGs: 10 detected, 2 unfilled
22:52:54 core.sweep_detector INFO: SweepDetector v2: 1 raw â†’ 1 confirmed (volâ‰Ą2.5Ă— bodyâ‰Ą30%)
22:52:54 core.sweep_detector INFO: OrderBlocks: 5 detected, 2 unmitigated
22:52:54 core.sweep_detector INFO: FVGs: 7 detected, 1 unfilled
22:52:56 core.sweep_detector INFO: SweepDetector v2: 0 raw â†’ 0 confirmed (volâ‰Ą2.5Ă— bodyâ‰Ą30%)
22:52:56 core.sweep_detector INFO: OrderBlocks: 10 detected, 1 unmitigated
22:52:56 core.sweep_detector INFO: FVGs: 10 detected, 2 unfilled
22:52:58 core.sweep_detector INFO: SweepDetector v2: 2 raw â†’ 2 confirmed (volâ‰Ą2.5Ă— bodyâ‰Ą30%)
22:52:58 core.sweep_detector INFO: OrderBlocks: 4 detected, 1 unmitigated
22:52:58 core.sweep_detector INFO: FVGs: 13 detected, 2 unfilled
22:53:00 core.sweep_detector INFO: SweepDetector v2: 3 raw â†’ 3 confirmed (volâ‰Ą2.5Ă— bodyâ‰Ą30%)
22:53:00 core.sweep_detector INFO: OrderBlocks: 5 detected, 2 unmitigated
22:53:00 core.sweep_detector INFO: FVGs: 9 detected, 4 unfilled
22:53:02 core.sweep_detector INFO: SweepDetector v2: 2 raw â†’ 2 confirmed (volâ‰Ą2.5Ă— bodyâ‰Ą30%)
22:53:02 core.sweep_detector INFO: OrderBlocks: 8 detected, 2 unmitigated
22:53:02 core.sweep_detector INFO: FVGs: 8 detected, 2 unfilled
22:53:04 core.sweep_detector INFO: SweepDetector v2: 2 raw â†’ 2 confirmed (volâ‰Ą2.5Ă— bodyâ‰Ą30%)
22:53:04 core.sweep_detector INFO: OrderBlocks: 3 detected, 0 unmitigated
22:53:04 core.sweep_detector INFO: FVGs: 5 detected, 1 unfilled
22:53:06 core.sweep_detector INFO: SweepDetector v2: 0 raw â†’ 0 confirmed (volâ‰Ą2.5Ă— bodyâ‰Ą30%)
22:53:06 core.sweep_detector INFO: OrderBlocks: 5 detected, 1 unmitigated
22:53:06 core.sweep_detector INFO: FVGs: 5 detected, 1 unfilled
22:53:08 core.sweep_detector INFO: SweepDetector v2: 0 raw â†’ 0 confirmed (volâ‰Ą2.5Ă— bodyâ‰Ą30%)
22:53:08 core.sweep_detector INFO: OrderBlocks: 1 detected, 0 unmitigated
22:53:08 core.sweep_detector INFO: FVGs: 0 detected, 0 unfilled
22:53:10 core.sweep_detector INFO: SweepDetector v2: 0 raw â†’ 0 confirmed (volâ‰Ą2.5Ă— bodyâ‰Ą30%)
22:53:10 core.sweep_detector INFO: OrderBlocks: 6 detected, 0 unmitigated
22:53:10 core.sweep_detector INFO: FVGs: 0 detected, 0 unfilled
22:53:12 core.sweep_detector INFO: SweepDetector v2: 0 raw â†’ 0 confirmed (volâ‰Ą2.5Ă— bodyâ‰Ą30%)
22:53:12 core.sweep_detector INFO: OrderBlocks: 0 detected, 0 unmitigated
22:53:12 core.sweep_detector INFO: FVGs: 0 detected, 0 unfilled
22:53:13 core.sweep_detector INFO: SweepDetector v2: 2 raw â†’ 0 confirmed (volâ‰Ą2.5Ă— bodyâ‰Ą30%)
22:53:13 core.sweep_detector INFO: OrderBlocks: 7 detected, 2 unmitigated
22:53:13 core.sweep_detector INFO: FVGs: 6 detected, 1 unfilled
22:53:15 core.sweep_detector INFO: SweepDetector v2: 1 raw â†’ 1 confirmed (volâ‰Ą2.5Ă— bodyâ‰Ą30%)
22:53:15 core.sweep_detector INFO: OrderBlocks: 8 detected, 3 unmitigated
22:53:15 core.sweep_detector INFO: FVGs: 9 detected, 2 unfilled
22:53:17 core.sweep_detector INFO: SweepDetector v2: 4 raw â†’ 4 confirmed (volâ‰Ą2.5Ă— bodyâ‰Ą30%)
22:53:17 core.sweep_detector INFO: OrderBlocks: 5 detected, 2 unmitigated
22:53:17 core.sweep_detector INFO: FVGs: 7 detected, 5 unfilled
22:53:19 core.sweep_detector INFO: SweepDetector v2: 6 raw â†’ 3 confirmed (volâ‰Ą2.5Ă— bodyâ‰Ą30%)
22:53:19 core.sweep_detector INFO: OrderBlocks: 8 detected, 3 unmitigated
22:53:19 core.sweep_detector INFO: FVGs: 12 detected, 5 unfilled
22:53:20 core.sweep_detector INFO: SweepDetector v2: 1 raw â†’ 1 confirmed (volâ‰Ą2.5Ă— bodyâ‰Ą30%)
22:53:20 core.sweep_detector INFO: OrderBlocks: 5 detected, 2 unmitigated
22:53:20 core.sweep_detector INFO: FVGs: 10 detected, 2 unfilled
22:53:22 core.sweep_detector INFO: SweepDetector v2: 2 raw â†’ 1 confirmed (volâ‰Ą2.5Ă— bodyâ‰Ą30%)
22:53:22 core.sweep_detector INFO: OrderBlocks: 4 detected, 2 unmitigated
22:53:22 core.sweep_detector INFO: FVGs: 9 detected, 6 unfilled
22:53:24 core.sweep_detector INFO: SweepDetector v2: 1 raw â†’ 1 confirmed (volâ‰Ą2.5Ă— bodyâ‰Ą30%)
22:53:24 core.sweep_detector INFO: OrderBlocks: 7 detected, 2 unmitigated
22:53:24 core.sweep_detector INFO: FVGs: 7 detected, 1 unfilled
22:53:25 core.sweep_detector INFO: SweepDetector v2: 2 raw â†’ 1 confirmed (volâ‰Ą2.5Ă— bodyâ‰Ą30%)
22:53:25 core.sweep_detector INFO: OrderBlocks: 2 detected, 1 unmitigated
22:53:25 core.sweep_detector INFO: FVGs: 12 detected, 2 unfilled
22:53:27 core.sweep_detector INFO: SweepDetector v2: 0 raw â†’ 0 confirmed (volâ‰Ą2.5Ă— bodyâ‰Ą30%)
22:53:27 core.sweep_detector INFO: OrderBlocks: 5 detected, 3 unmitigated
22:53:27 core.sweep_detector INFO: FVGs: 7 detected, 3 unfilled
22:53:29 core.sweep_detector INFO: SweepDetector v2: 0 raw â†’ 0 confirmed (volâ‰Ą2.5Ă— bodyâ‰Ą30%)
22:53:29 core.sweep_detector INFO: OrderBlocks: 8 detected, 4 unmitigated
22:53:29 core.sweep_detector INFO: FVGs: 11 detected, 4 unfilled
22:53:30 core.sweep_detector INFO: SweepDetector v2: 0 raw â†’ 0 confirmed (volâ‰Ą2.5Ă— bodyâ‰Ą30%)
22:53:30 core.sweep_detector INFO: OrderBlocks: 10 detected, 3 unmitigated
22:53:30 core.sweep_detector INFO: FVGs: 7 detected, 2 unfilled
22:53:32 core.sweep_detector INFO: SweepDetector v2: 4 raw â†’ 3 confirmed (volâ‰Ą2.5Ă— bodyâ‰Ą30%)
22:53:32 core.sweep_detector INFO: OrderBlocks: 5 detected, 5 unmitigated
22:53:32 core.sweep_detector INFO: FVGs: 8 detected, 6 unfilled
22:53:34 core.sweep_detector INFO: SweepDetector v2: 2 raw â†’ 2 confirmed (volâ‰Ą2.5Ă— bodyâ‰Ą30%)
22:53:34 core.sweep_detector INFO: OrderBlocks: 5 detected, 1 unmitigated
22:53:34 core.sweep_detector INFO: FVGs: 5 detected, 3 unfilled
22:53:35 core.sweep_detector INFO: SweepDetector v2: 1 raw â†’ 1 confirmed (volâ‰Ą2.5Ă— bodyâ‰Ą30%)
22:53:35 core.sweep_detector INFO: OrderBlocks: 5 detected, 1 unmitigated
22:53:35 core.sweep_detector INFO: FVGs: 6 detected, 1 unfilled
22:53:37 core.sweep_detector INFO: SweepDetector v2: 2 raw â†’ 2 confirmed (volâ‰Ą2.5Ă— bodyâ‰Ą30%)
22:53:37 core.sweep_detector INFO: OrderBlocks: 5 detected, 3 unmitigated
22:53:37 core.sweep_detector INFO: FVGs: 7 detected, 2 unfilled
/root/.openclaw/workspace/projects/crypto-liquidity-hunter/main.py:555: DeprecationWarning: datetime.datetime.utcnow() is deprecated and scheduled for removal in a future version. Use timezone-aware objects to represent datetimes in UTC: datetime.datetime.now(datetime.UTC).
  scan_end     = datetime.utcnow()

=== SCAN ALL: 99 pairs, 3 timeframes ===
Total signals generated: 0
