16:55:02 __main__ INFO: Volume filter: fetching all tickers in one call...
16:55:03 __main__ INFO: Volume filter: 142/447 pairs pass $1M threshold
/root/.openclaw/workspace/projects/crypto-liquidity-hunter/main.py:292: DeprecationWarning: datetime.datetime.utcnow() is deprecated and scheduled for removal in a future version. Use timezone-aware objects to represent datetimes in UTC: datetime.datetime.now(datetime.UTC).
  scan_start = datetime.utcnow()   # for duration tracking
16:55:05 core.binance_connector INFO: BinanceConnector: connected [LIVE FUTURES MAINNET]
16:55:05 __main__ INFO: Auto-executor: account 'Liquiddbot1' mode=live exec=auto
16:55:05 __main__ INFO: Expired 1 pending signals
16:55:06 core.sweep_detector INFO: SweepDetector v2: 3 raw → 2 confirmed (vol≥1.5× body≥40%)
16:55:06 core.sweep_detector INFO: OrderBlocks: 8 detected, 0 unmitigated
16:55:06 core.sweep_detector INFO: FVGs: 12 detected, 2 unfilled
16:55:08 core.sweep_detector INFO: SweepDetector v2: 7 raw → 6 confirmed (vol≥1.5× body≥40%)
16:55:08 core.sweep_detector INFO: OrderBlocks: 3 detected, 2 unmitigated
16:55:08 core.sweep_detector INFO: FVGs: 13 detected, 5 unfilled
16:55:10 core.sweep_detector INFO: SweepDetector v2: 3 raw → 2 confirmed (vol≥1.5× body≥40%)
16:55:10 core.sweep_detector INFO: OrderBlocks: 3 detected, 1 unmitigated
16:55:10 core.sweep_detector INFO: FVGs: 4 detected, 0 unfilled
16:55:12 core.sweep_detector INFO: SweepDetector v2: 3 raw → 2 confirmed (vol≥1.5× body≥40%)
16:55:12 core.sweep_detector INFO: OrderBlocks: 3 detected, 2 unmitigated
16:55:12 core.sweep_detector INFO: FVGs: 7 detected, 3 unfilled
16:55:13 core.sweep_detector INFO: SweepDetector v2: 4 raw → 2 confirmed (vol≥1.5× body≥40%)
16:55:13 core.sweep_detector INFO: OrderBlocks: 2 detected, 0 unmitigated
16:55:13 core.sweep_detector INFO: FVGs: 5 detected, 0 unfilled
16:55:15 core.sweep_detector INFO: SweepDetector v2: 4 raw → 4 confirmed (vol≥1.5× body≥40%)
16:55:15 core.sweep_detector INFO: OrderBlocks: 2 detected, 1 unmitigated
16:55:15 core.sweep_detector INFO: FVGs: 4 detected, 1 unfilled
16:55:17 core.sweep_detector INFO: SweepDetector v2: 4 raw → 3 confirmed (vol≥1.5× body≥40%)
16:55:17 core.sweep_detector INFO: OrderBlocks: 9 detected, 4 unmitigated
16:55:17 core.sweep_detector INFO: FVGs: 12 detected, 7 unfilled
16:55:18 core.sweep_detector INFO: SweepDetector v2: 5 raw → 4 confirmed (vol≥1.5× body≥40%)
16:55:18 core.sweep_detector INFO: OrderBlocks: 2 detected, 0 unmitigated
16:55:18 core.sweep_detector INFO: FVGs: 6 detected, 3 unfilled
16:55:20 core.sweep_detector INFO: SweepDetector v2: 4 raw → 1 confirmed (vol≥1.5× body≥40%)
16:55:20 core.sweep_detector INFO: OrderBlocks: 8 detected, 2 unmitigated
16:55:20 core.sweep_detector INFO: FVGs: 4 detected, 1 unfilled
16:55:23 core.sweep_detector INFO: SweepDetector v2: 3 raw → 2 confirmed (vol≥1.5× body≥40%)
16:55:23 core.sweep_detector INFO: OrderBlocks: 7 detected, 0 unmitigated
16:55:23 core.sweep_detector INFO: FVGs: 10 detected, 4 unfilled
16:55:24 core.sweep_detector INFO: SweepDetector v2: 5 raw → 2 confirmed (vol≥1.5× body≥40%)
16:55:24 core.sweep_detector INFO: OrderBlocks: 3 detected, 2 unmitigated
16:55:24 core.sweep_detector INFO: FVGs: 4 detected, 2 unfilled
16:55:26 core.sweep_detector INFO: SweepDetector v2: 2 raw → 2 confirmed (vol≥1.5× body≥40%)
16:55:26 core.sweep_detector INFO: OrderBlocks: 6 detected, 1 unmitigated
16:55:26 core.sweep_detector INFO: FVGs: 4 detected, 1 unfilled
16:55:28 core.sweep_detector INFO: SweepDetector v2: 1 raw → 1 confirmed (vol≥1.5× body≥40%)
16:55:28 core.sweep_detector INFO: OrderBlocks: 5 detected, 0 unmitigated
16:55:28 core.sweep_detector INFO: FVGs: 5 detected, 1 unfilled
16:55:29 core.sweep_detector INFO: SweepDetector v2: 3 raw → 2 confirmed (vol≥1.5× body≥40%)
16:55:30 core.sweep_detector INFO: OrderBlocks: 5 detected, 2 unmitigated
16:55:30 core.sweep_detector INFO: FVGs: 3 detected, 0 unfilled
16:55:31 core.sweep_detector INFO: SweepDetector v2: 4 raw → 4 confirmed (vol≥1.5× body≥40%)
16:55:31 core.sweep_detector INFO: OrderBlocks: 2 detected, 0 unmitigated
16:55:31 core.sweep_detector INFO: FVGs: 5 detected, 1 unfilled
16:55:33 core.sweep_detector INFO: SweepDetector v2: 4 raw → 2 confirmed (vol≥1.5× body≥40%)
16:55:33 core.sweep_detector INFO: OrderBlocks: 6 detected, 2 unmitigated
16:55:33 core.sweep_detector INFO: FVGs: 8 detected, 1 unfilled
16:55:35 core.sweep_detector INFO: SweepDetector v2: 2 raw → 1 confirmed (vol≥1.5× body≥40%)
16:55:35 core.sweep_detector INFO: OrderBlocks: 4 detected, 2 unmitigated
16:55:35 core.sweep_detector INFO: FVGs: 7 detected, 3 unfilled
16:55:37 core.sweep_detector INFO: SweepDetector v2: 2 raw → 2 confirmed (vol≥1.5× body≥40%)
16:55:37 core.sweep_detector INFO: OrderBlocks: 2 detected, 2 unmitigated
16:55:37 core.sweep_detector INFO: FVGs: 8 detected, 4 unfilled
16:55:39 core.sweep_detector INFO: SweepDetector v2: 5 raw → 3 confirmed (vol≥1.5× body≥40%)
16:55:39 core.sweep_detector INFO: OrderBlocks: 7 detected, 2 unmitigated
16:55:39 core.sweep_detector INFO: FVGs: 8 detected, 2 unfilled
16:55:40 core.sweep_detector INFO: SweepDetector v2: 4 raw → 3 confirmed (vol≥1.5× body≥40%)
16:55:40 core.sweep_detector INFO: OrderBlocks: 1 detected, 0 unmitigated
16:55:40 core.sweep_detector INFO: FVGs: 9 detected, 4 unfilled
16:55:42 core.sweep_detector INFO: SweepDetector v2: 3 raw → 2 confirmed (vol≥1.5× body≥40%)
16:55:42 core.sweep_detector INFO: OrderBlocks: 1 detected, 0 unmitigated
16:55:42 core.sweep_detector INFO: FVGs: 6 detected, 2 unfilled
16:55:44 core.sweep_detector INFO: SweepDetector v2: 3 raw → 1 confirmed (vol≥1.5× body≥40%)
16:55:44 core.sweep_detector INFO: OrderBlocks: 4 detected, 2 unmitigated
16:55:44 core.sweep_detector INFO: FVGs: 6 detected, 1 unfilled
16:55:45 core.sweep_detector INFO: SweepDetector v2: 1 raw → 0 confirmed (vol≥1.5× body≥40%)
16:55:45 core.sweep_detector INFO: OrderBlocks: 1 detected, 0 unmitigated
16:55:45 core.sweep_detector INFO: FVGs: 3 detected, 0 unfilled
16:55:47 core.sweep_detector INFO: SweepDetector v2: 2 raw → 1 confirmed (vol≥1.5× body≥40%)
16:55:47 core.sweep_detector INFO: OrderBlocks: 2 detected, 0 unmitigated
16:55:47 core.sweep_detector INFO: FVGs: 2 detected, 0 unfilled
16:55:49 core.sweep_detector INFO: SweepDetector v2: 3 raw → 2 confirmed (vol≥1.5× body≥40%)
16:55:49 core.sweep_detector INFO: OrderBlocks: 5 detected, 3 unmitigated
16:55:49 core.sweep_detector INFO: FVGs: 10 detected, 5 unfilled
16:55:51 core.sweep_detector INFO: SweepDetector v2: 4 raw → 2 confirmed (vol≥1.5× body≥40%)
16:55:51 core.sweep_detector INFO: OrderBlocks: 3 detected, 1 unmitigated
16:55:51 core.sweep_detector INFO: FVGs: 4 detected, 1 unfilled
16:55:53 core.sweep_detector INFO: SweepDetector v2: 2 raw → 1 confirmed (vol≥1.5× body≥40%)
16:55:53 core.sweep_detector INFO: OrderBlocks: 2 detected, 2 unmitigated
16:55:53 core.sweep_detector INFO: FVGs: 9 detected, 2 unfilled
16:55:54 core.sweep_detector INFO: SweepDetector v2: 0 raw → 0 confirmed (vol≥1.5× body≥40%)
16:55:54 core.sweep_detector INFO: OrderBlocks: 2 detected, 0 unmitigated
16:55:54 core.sweep_detector INFO: FVGs: 2 detected, 1 unfilled
16:55:56 core.sweep_detector INFO: SweepDetector v2: 10 raw → 7 confirmed (vol≥1.5× body≥40%)
16:55:56 core.sweep_detector INFO: OrderBlocks: 0 detected, 0 unmitigated
16:55:56 core.sweep_detector INFO: FVGs: 0 detected, 0 unfilled
16:55:58 core.sweep_detector INFO: SweepDetector v2: 3 raw → 2 confirmed (vol≥1.5× body≥40%)
16:55:58 core.sweep_detector INFO: OrderBlocks: 2 detected, 0 unmitigated
16:55:58 core.sweep_detector INFO: FVGs: 0 detected, 0 unfilled
16:56:00 core.sweep_detector INFO: SweepDetector v2: 7 raw → 6 confirmed (vol≥1.5× body≥40%)
16:56:00 core.sweep_detector INFO: OrderBlocks: 9 detected, 3 unmitigated
16:56:00 core.sweep_detector INFO: FVGs: 10 detected, 3 unfilled
16:56:01 core.sweep_detector INFO: SweepDetector v2: 7 raw → 3 confirmed (vol≥1.5× body≥40%)
16:56:01 core.sweep_detector INFO: OrderBlocks: 6 detected, 2 unmitigated
16:56:01 core.sweep_detector INFO: FVGs: 10 detected, 8 unfilled
16:56:03 core.sweep_detector INFO: SweepDetector v2: 5 raw → 2 confirmed (vol≥1.5× body≥40%)
16:56:03 core.sweep_detector INFO: OrderBlocks: 4 detected, 1 unmitigated
16:56:03 core.sweep_detector INFO: FVGs: 12 detected, 5 unfilled
16:56:05 core.sweep_detector INFO: SweepDetector v2: 6 raw → 6 confirmed (vol≥1.5× body≥40%)
16:56:05 core.sweep_detector INFO: OrderBlocks: 1 detected, 0 unmitigated
16:56:05 core.sweep_detector INFO: FVGs: 3 detected, 0 unfilled
16:56:07 core.sweep_detector INFO: SweepDetector v2: 2 raw → 2 confirmed (vol≥1.5× body≥40%)
16:56:07 core.sweep_detector INFO: OrderBlocks: 4 detected, 0 unmitigated
16:56:07 core.sweep_detector INFO: FVGs: 1 detected, 0 unfilled
16:56:09 core.sweep_detector INFO: SweepDetector v2: 3 raw → 2 confirmed (vol≥1.5× body≥40%)
16:56:09 core.sweep_detector INFO: OrderBlocks: 1 detected, 0 unmitigated
16:56:09 core.sweep_detector INFO: FVGs: 2 detected, 0 unfilled
16:56:11 core.sweep_detector INFO: SweepDetector v2: 6 raw → 4 confirmed (vol≥1.5× body≥40%)
16:56:11 core.sweep_detector INFO: OrderBlocks: 7 detected, 2 unmitigated
16:56:11 core.sweep_detector INFO: FVGs: 9 detected, 5 unfilled
16:56:12 core.sweep_detector INFO: SweepDetector v2: 2 raw → 2 confirmed (vol≥1.5× body≥40%)
16:56:12 core.sweep_detector INFO: OrderBlocks: 4 detected, 0 unmitigated
16:56:12 core.sweep_detector INFO: FVGs: 3 detected, 1 unfilled
16:56:14 core.sweep_detector INFO: SweepDetector v2: 4 raw → 3 confirmed (vol≥1.5× body≥40%)
16:56:14 core.sweep_detector INFO: OrderBlocks: 2 detected, 1 unmitigated
16:56:14 core.sweep_detector INFO: FVGs: 2 detected, 0 unfilled
16:56:16 core.sweep_detector INFO: SweepDetector v2: 9 raw → 6 confirmed (vol≥1.5× body≥40%)
16:56:16 core.sweep_detector INFO: OrderBlocks: 3 detected, 1 unmitigated
16:56:16 core.sweep_detector INFO: FVGs: 12 detected, 6 unfilled
16:56:17 core.sweep_detector INFO: SweepDetector v2: 4 raw → 3 confirmed (vol≥1.5× body≥40%)
16:56:17 core.sweep_detector INFO: OrderBlocks: 2 detected, 1 unmitigated
16:56:17 core.sweep_detector INFO: FVGs: 5 detected, 1 unfilled
16:56:19 core.sweep_detector INFO: SweepDetector v2: 2 raw → 2 confirmed (vol≥1.5× body≥40%)
16:56:19 core.sweep_detector INFO: OrderBlocks: 5 detected, 2 unmitigated
16:56:19 core.sweep_detector INFO: FVGs: 3 detected, 0 unfilled
16:56:21 core.sweep_detector INFO: SweepDetector v2: 7 raw → 7 confirmed (vol≥1.5× body≥40%)
16:56:21 core.sweep_detector INFO: OrderBlocks: 6 detected, 1 unmitigated
16:56:21 core.sweep_detector INFO: FVGs: 11 detected, 2 unfilled
16:56:22 core.sweep_detector INFO: SweepDetector v2: 2 raw → 0 confirmed (vol≥1.5× body≥40%)
16:56:22 core.sweep_detector INFO: OrderBlocks: 3 detected, 1 unmitigated
16:56:22 core.sweep_detector INFO: FVGs: 9 detected, 3 unfilled
16:56:24 core.sweep_detector INFO: SweepDetector v2: 1 raw → 1 confirmed (vol≥1.5× body≥40%)
16:56:24 core.sweep_detector INFO: OrderBlocks: 7 detected, 1 unmitigated
16:56:24 core.sweep_detector INFO: FVGs: 10 detected, 1 unfilled
16:56:26 core.sweep_detector INFO: SweepDetector v2: 6 raw → 4 confirmed (vol≥1.5× body≥40%)
16:56:26 core.sweep_detector INFO: OrderBlocks: 6 detected, 3 unmitigated
16:56:26 core.sweep_detector INFO: FVGs: 7 detected, 3 unfilled
16:56:28 core.sweep_detector INFO: SweepDetector v2: 2 raw → 1 confirmed (vol≥1.5× body≥40%)
16:56:28 core.sweep_detector INFO: OrderBlocks: 3 detected, 1 unmitigated
16:56:28 core.sweep_detector INFO: FVGs: 6 detected, 1 unfilled
16:56:29 core.sweep_detector INFO: SweepDetector v2: 2 raw → 2 confirmed (vol≥1.5× body≥40%)
16:56:29 core.sweep_detector INFO: OrderBlocks: 5 detected, 0 unmitigated
16:56:29 core.sweep_detector INFO: FVGs: 4 detected, 0 unfilled
16:56:31 core.sweep_detector INFO: SweepDetector v2: 5 raw → 4 confirmed (vol≥1.5× body≥40%)
16:56:31 core.sweep_detector INFO: OrderBlocks: 2 detected, 2 unmitigated
16:56:31 core.sweep_detector INFO: FVGs: 14 detected, 3 unfilled
16:56:33 core.sweep_detector INFO: SweepDetector v2: 5 raw → 3 confirmed (vol≥1.5× body≥40%)
16:56:33 core.sweep_detector INFO: OrderBlocks: 8 detected, 2 unmitigated
16:56:33 core.sweep_detector INFO: FVGs: 13 detected, 2 unfilled
16:56:35 core.sweep_detector INFO: SweepDetector v2: 2 raw → 1 confirmed (vol≥1.5× body≥40%)
16:56:35 core.sweep_detector INFO: OrderBlocks: 5 detected, 2 unmitigated
16:56:35 core.sweep_detector INFO: FVGs: 11 detected, 4 unfilled
16:56:37 core.sweep_detector INFO: SweepDetector v2: 1 raw → 1 confirmed (vol≥1.5× body≥40%)
16:56:37 core.sweep_detector INFO: OrderBlocks: 3 detected, 1 unmitigated
16:56:37 core.sweep_detector INFO: FVGs: 5 detected, 1 unfilled
16:56:38 core.sweep_detector INFO: SweepDetector v2: 4 raw → 4 confirmed (vol≥1.5× body≥40%)
16:56:38 core.sweep_detector INFO: OrderBlocks: 1 detected, 1 unmitigated
16:56:38 core.sweep_detector INFO: FVGs: 7 detected, 2 unfilled
16:56:40 core.sweep_detector INFO: SweepDetector v2: 3 raw → 1 confirmed (vol≥1.5× body≥40%)
16:56:40 core.sweep_detector INFO: OrderBlocks: 7 detected, 3 unmitigated
16:56:40 core.sweep_detector INFO: FVGs: 8 detected, 7 unfilled
16:56:42 core.sweep_detector INFO: SweepDetector v2: 0 raw → 0 confirmed (vol≥1.5× body≥40%)
16:56:42 core.sweep_detector INFO: OrderBlocks: 0 detected, 0 unmitigated
16:56:42 core.sweep_detector INFO: FVGs: 0 detected, 0 unfilled
16:56:44 core.sweep_detector INFO: SweepDetector v2: 0 raw → 0 confirmed (vol≥1.5× body≥40%)
16:56:44 core.sweep_detector INFO: OrderBlocks: 1 detected, 0 unmitigated
16:56:44 core.sweep_detector INFO: FVGs: 0 detected, 0 unfilled
16:56:46 core.sweep_detector INFO: SweepDetector v2: 0 raw → 0 confirmed (vol≥1.5× body≥40%)
16:56:46 core.sweep_detector INFO: OrderBlocks: 0 detected, 0 unmitigated
16:56:46 core.sweep_detector INFO: FVGs: 0 detected, 0 unfilled
16:56:47 core.sweep_detector INFO: SweepDetector v2: 8 raw → 7 confirmed (vol≥1.5× body≥40%)
16:56:47 core.sweep_detector INFO: OrderBlocks: 4 detected, 1 unmitigated
16:56:47 core.sweep_detector INFO: FVGs: 3 detected, 1 unfilled
16:56:49 core.sweep_detector INFO: SweepDetector v2: 7 raw → 6 confirmed (vol≥1.5× body≥40%)
16:56:49 core.sweep_detector INFO: OrderBlocks: 5 detected, 2 unmitigated
16:56:49 core.sweep_detector INFO: FVGs: 7 detected, 3 unfilled
16:56:51 core.sweep_detector INFO: SweepDetector v2: 5 raw → 3 confirmed (vol≥1.5× body≥40%)
16:56:51 core.sweep_detector INFO: OrderBlocks: 6 detected, 2 unmitigated
16:56:51 core.sweep_detector INFO: FVGs: 6 detected, 3 unfilled
16:56:53 core.sweep_detector INFO: SweepDetector v2: 4 raw → 3 confirmed (vol≥1.5× body≥40%)
16:56:53 core.sweep_detector INFO: OrderBlocks: 6 detected, 4 unmitigated
16:56:53 core.sweep_detector INFO: FVGs: 10 detected, 4 unfilled
16:56:55 core.sweep_detector INFO: SweepDetector v2: 4 raw → 3 confirmed (vol≥1.5× body≥40%)
16:56:55 core.sweep_detector INFO: OrderBlocks: 4 detected, 2 unmitigated
16:56:55 core.sweep_detector INFO: FVGs: 4 detected, 0 unfilled
16:56:57 core.sweep_detector INFO: SweepDetector v2: 2 raw → 2 confirmed (vol≥1.5× body≥40%)
16:56:57 core.sweep_detector INFO: OrderBlocks: 9 detected, 1 unmitigated
16:56:57 core.sweep_detector INFO: FVGs: 1 detected, 1 unfilled
16:56:59 core.sweep_detector INFO: SweepDetector v2: 3 raw → 2 confirmed (vol≥1.5× body≥40%)
16:56:59 core.sweep_detector INFO: OrderBlocks: 6 detected, 0 unmitigated
16:56:59 core.sweep_detector INFO: FVGs: 7 detected, 3 unfilled
16:57:00 core.sweep_detector INFO: SweepDetector v2: 4 raw → 3 confirmed (vol≥1.5× body≥40%)
16:57:00 core.sweep_detector INFO: OrderBlocks: 2 detected, 0 unmitigated
16:57:00 core.sweep_detector INFO: FVGs: 6 detected, 1 unfilled
16:57:02 core.sweep_detector INFO: SweepDetector v2: 1 raw → 1 confirmed (vol≥1.5× body≥40%)
16:57:02 core.sweep_detector INFO: OrderBlocks: 6 detected, 0 unmitigated
16:57:02 core.sweep_detector INFO: FVGs: 4 detected, 0 unfilled
16:57:04 core.sweep_detector INFO: SweepDetector v2: 4 raw → 3 confirmed (vol≥1.5× body≥40%)
16:57:04 core.sweep_detector INFO: OrderBlocks: 4 detected, 2 unmitigated
16:57:04 core.sweep_detector INFO: FVGs: 7 detected, 2 unfilled
16:57:06 core.sweep_detector INFO: SweepDetector v2: 3 raw → 2 confirmed (vol≥1.5× body≥40%)
16:57:06 core.sweep_detector INFO: OrderBlocks: 3 detected, 0 unmitigated
16:57:06 core.sweep_detector INFO: FVGs: 6 detected, 0 unfilled
16:57:08 core.sweep_detector INFO: SweepDetector v2: 2 raw → 1 confirmed (vol≥1.5× body≥40%)
16:57:08 core.sweep_detector INFO: OrderBlocks: 8 detected, 0 unmitigated
16:57:08 core.sweep_detector INFO: FVGs: 2 detected, 0 unfilled
16:57:09 core.sweep_detector INFO: SweepDetector v2: 9 raw → 6 confirmed (vol≥1.5× body≥40%)
16:57:09 core.sweep_detector INFO: OrderBlocks: 5 detected, 3 unmitigated
16:57:09 core.sweep_detector INFO: FVGs: 9 detected, 3 unfilled
16:57:11 core.sweep_detector INFO: SweepDetector v2: 6 raw → 2 confirmed (vol≥1.5× body≥40%)
16:57:11 core.sweep_detector INFO: OrderBlocks: 3 detected, 1 unmitigated
16:57:11 core.sweep_detector INFO: FVGs: 7 detected, 0 unfilled
16:57:13 core.sweep_detector INFO: SweepDetector v2: 4 raw → 3 confirmed (vol≥1.5× body≥40%)
16:57:13 core.sweep_detector INFO: OrderBlocks: 3 detected, 0 unmitigated
16:57:13 core.sweep_detector INFO: FVGs: 9 detected, 4 unfilled
16:57:15 core.sweep_detector INFO: SweepDetector v2: 2 raw → 2 confirmed (vol≥1.5× body≥40%)
16:57:15 core.sweep_detector INFO: OrderBlocks: 7 detected, 2 unmitigated
16:57:15 core.sweep_detector INFO: FVGs: 10 detected, 3 unfilled
16:57:16 core.sweep_detector INFO: SweepDetector v2: 2 raw → 1 confirmed (vol≥1.5× body≥40%)
16:57:17 core.sweep_detector INFO: OrderBlocks: 4 detected, 4 unmitigated
16:57:17 core.sweep_detector INFO: FVGs: 4 detected, 1 unfilled
16:57:18 core.sweep_detector INFO: SweepDetector v2: 3 raw → 3 confirmed (vol≥1.5× body≥40%)
16:57:18 core.sweep_detector INFO: OrderBlocks: 2 detected, 0 unmitigated
16:57:18 core.sweep_detector INFO: FVGs: 2 detected, 0 unfilled
16:57:20 core.sweep_detector INFO: SweepDetector v2: 6 raw → 3 confirmed (vol≥1.5× body≥40%)
16:57:20 core.sweep_detector INFO: OrderBlocks: 8 detected, 2 unmitigated
16:57:20 core.sweep_detector INFO: FVGs: 7 detected, 5 unfilled
16:57:22 core.sweep_detector INFO: SweepDetector v2: 2 raw → 2 confirmed (vol≥1.5× body≥40%)
16:57:22 core.sweep_detector INFO: OrderBlocks: 4 detected, 2 unmitigated
16:57:22 core.sweep_detector INFO: FVGs: 6 detected, 3 unfilled
16:57:24 core.sweep_detector INFO: SweepDetector v2: 5 raw → 3 confirmed (vol≥1.5× body≥40%)
16:57:24 core.sweep_detector INFO: OrderBlocks: 6 detected, 0 unmitigated
16:57:24 core.sweep_detector INFO: FVGs: 12 detected, 1 unfilled
16:57:25 core.sweep_detector INFO: SweepDetector v2: 8 raw → 4 confirmed (vol≥1.5× body≥40%)
16:57:25 core.sweep_detector INFO: OrderBlocks: 8 detected, 0 unmitigated
16:57:25 core.sweep_detector INFO: FVGs: 9 detected, 3 unfilled
16:57:27 core.sweep_detector INFO: SweepDetector v2: 1 raw → 0 confirmed (vol≥1.5× body≥40%)
16:57:27 core.sweep_detector INFO: OrderBlocks: 7 detected, 2 unmitigated
16:57:27 core.sweep_detector INFO: FVGs: 15 detected, 2 unfilled
16:57:29 core.sweep_detector INFO: SweepDetector v2: 4 raw → 2 confirmed (vol≥1.5× body≥40%)
16:57:29 core.sweep_detector INFO: OrderBlocks: 4 detected, 2 unmitigated
16:57:29 core.sweep_detector INFO: FVGs: 12 detected, 4 unfilled
16:57:30 core.sweep_detector INFO: SweepDetector v2: 0 raw → 0 confirmed (vol≥1.5× body≥40%)
16:57:30 core.sweep_detector INFO: OrderBlocks: 6 detected, 3 unmitigated
16:57:30 core.sweep_detector INFO: FVGs: 6 detected, 3 unfilled
16:57:32 core.sweep_detector INFO: SweepDetector v2: 4 raw → 1 confirmed (vol≥1.5× body≥40%)
16:57:32 core.sweep_detector INFO: OrderBlocks: 6 detected, 4 unmitigated
16:57:32 core.sweep_detector INFO: FVGs: 7 detected, 3 unfilled
16:57:34 core.sweep_detector INFO: SweepDetector v2: 1 raw → 0 confirmed (vol≥1.5× body≥40%)
16:57:34 core.sweep_detector INFO: OrderBlocks: 8 detected, 3 unmitigated
16:57:34 core.sweep_detector INFO: FVGs: 6 detected, 3 unfilled
16:57:36 core.sweep_detector INFO: SweepDetector v2: 1 raw → 0 confirmed (vol≥1.5× body≥40%)
16:57:36 core.sweep_detector INFO: OrderBlocks: 2 detected, 2 unmitigated
16:57:36 core.sweep_detector INFO: FVGs: 8 detected, 6 unfilled
16:57:37 core.sweep_detector INFO: SweepDetector v2: 1 raw → 0 confirmed (vol≥1.5× body≥40%)
16:57:37 core.sweep_detector INFO: OrderBlocks: 5 detected, 2 unmitigated
16:57:37 core.sweep_detector INFO: FVGs: 5 detected, 3 unfilled
16:57:39 core.sweep_detector INFO: SweepDetector v2: 1 raw → 0 confirmed (vol≥1.5× body≥40%)
16:57:39 core.sweep_detector INFO: OrderBlocks: 4 detected, 2 unmitigated
16:57:39 core.sweep_detector INFO: FVGs: 5 detected, 3 unfilled
16:57:41 core.sweep_detector INFO: SweepDetector v2: 3 raw → 3 confirmed (vol≥1.5× body≥40%)
16:57:41 core.sweep_detector INFO: OrderBlocks: 6 detected, 1 unmitigated
16:57:41 core.sweep_detector INFO: FVGs: 9 detected, 4 unfilled
16:57:43 core.sweep_detector INFO: SweepDetector v2: 7 raw → 5 confirmed (vol≥1.5× body≥40%)
16:57:43 core.sweep_detector INFO: OrderBlocks: 7 detected, 5 unmitigated
16:57:43 core.sweep_detector INFO: FVGs: 13 detected, 7 unfilled
16:57:44 core.sweep_detector INFO: SweepDetector v2: 2 raw → 0 confirmed (vol≥1.5× body≥40%)
16:57:44 core.sweep_detector INFO: OrderBlocks: 8 detected, 4 unmitigated
16:57:44 core.sweep_detector INFO: FVGs: 10 detected, 5 unfilled
16:57:47 core.sweep_detector INFO: SweepDetector v2: 1 raw → 1 confirmed (vol≥1.5× body≥40%)
16:57:47 core.sweep_detector INFO: OrderBlocks: 5 detected, 0 unmitigated
16:57:47 core.sweep_detector INFO: FVGs: 7 detected, 0 unfilled
16:57:48 core.sweep_detector INFO: SweepDetector v2: 3 raw → 3 confirmed (vol≥1.5× body≥40%)
16:57:48 core.sweep_detector INFO: OrderBlocks: 3 detected, 0 unmitigated
16:57:48 core.sweep_detector INFO: FVGs: 7 detected, 0 unfilled
16:57:50 core.sweep_detector INFO: SweepDetector v2: 5 raw → 2 confirmed (vol≥1.5× body≥40%)
16:57:50 core.sweep_detector INFO: OrderBlocks: 3 detected, 0 unmitigated
16:57:50 core.sweep_detector INFO: FVGs: 11 detected, 0 unfilled
16:57:52 core.sweep_detector INFO: SweepDetector v2: 1 raw → 1 confirmed (vol≥1.5× body≥40%)
16:57:52 core.sweep_detector INFO: OrderBlocks: 9 detected, 2 unmitigated
16:57:52 core.sweep_detector INFO: FVGs: 14 detected, 3 unfilled
16:57:54 core.sweep_detector INFO: SweepDetector v2: 4 raw → 3 confirmed (vol≥1.5× body≥40%)
16:57:54 core.sweep_detector INFO: OrderBlocks: 4 detected, 1 unmitigated
16:57:54 core.sweep_detector INFO: FVGs: 8 detected, 2 unfilled
16:57:56 core.sweep_detector INFO: SweepDetector v2: 0 raw → 0 confirmed (vol≥1.5× body≥40%)
16:57:56 core.sweep_detector INFO: OrderBlocks: 8 detected, 2 unmitigated
16:57:56 core.sweep_detector INFO: FVGs: 5 detected, 2 unfilled
16:57:58 core.sweep_detector INFO: SweepDetector v2: 7 raw → 5 confirmed (vol≥1.5× body≥40%)
16:57:58 core.sweep_detector INFO: OrderBlocks: 3 detected, 0 unmitigated
16:57:58 core.sweep_detector INFO: FVGs: 8 detected, 0 unfilled
16:57:59 core.sweep_detector INFO: SweepDetector v2: 7 raw → 5 confirmed (vol≥1.5× body≥40%)
16:57:59 core.sweep_detector INFO: OrderBlocks: 4 detected, 1 unmitigated
16:57:59 core.sweep_detector INFO: FVGs: 14 detected, 0 unfilled
16:58:01 core.sweep_detector INFO: SweepDetector v2: 4 raw → 3 confirmed (vol≥1.5× body≥40%)
16:58:01 core.sweep_detector INFO: OrderBlocks: 4 detected, 1 unmitigated
16:58:01 core.sweep_detector INFO: FVGs: 13 detected, 2 unfilled
16:58:03 core.sweep_detector INFO: SweepDetector v2: 4 raw → 2 confirmed (vol≥1.5× body≥40%)
16:58:03 core.sweep_detector INFO: OrderBlocks: 6 detected, 1 unmitigated
16:58:03 core.sweep_detector INFO: FVGs: 5 detected, 1 unfilled
16:58:04 core.sweep_detector INFO: SweepDetector v2: 6 raw → 3 confirmed (vol≥1.5× body≥40%)
16:58:04 core.sweep_detector INFO: OrderBlocks: 4 detected, 2 unmitigated
16:58:04 core.sweep_detector INFO: FVGs: 8 detected, 2 unfilled
16:58:07 core.sweep_detector INFO: SweepDetector v2: 4 raw → 2 confirmed (vol≥1.5× body≥40%)
16:58:07 core.sweep_detector INFO: OrderBlocks: 5 detected, 0 unmitigated
16:58:07 core.sweep_detector INFO: FVGs: 6 detected, 1 unfilled
16:58:08 core.sweep_detector INFO: SweepDetector v2: 2 raw → 1 confirmed (vol≥1.5× body≥40%)
16:58:08 core.sweep_detector INFO: OrderBlocks: 1 detected, 0 unmitigated
16:58:08 core.sweep_detector INFO: FVGs: 5 detected, 2 unfilled
16:58:10 core.sweep_detector INFO: SweepDetector v2: 4 raw → 3 confirmed (vol≥1.5× body≥40%)
16:58:10 core.sweep_detector INFO: OrderBlocks: 7 detected, 1 unmitigated
16:58:10 core.sweep_detector INFO: FVGs: 11 detected, 2 unfilled
16:58:12 core.sweep_detector INFO: SweepDetector v2: 1 raw → 0 confirmed (vol≥1.5× body≥40%)
16:58:12 core.sweep_detector INFO: OrderBlocks: 5 detected, 0 unmitigated
16:58:12 core.sweep_detector INFO: FVGs: 6 detected, 1 unfilled
16:58:13 core.sweep_detector INFO: SweepDetector v2: 7 raw → 5 confirmed (vol≥1.5× body≥40%)
16:58:13 core.sweep_detector INFO: OrderBlocks: 8 detected, 4 unmitigated
16:58:14 core.sweep_detector INFO: FVGs: 7 detected, 3 unfilled
16:58:15 core.sweep_detector INFO: SweepDetector v2: 1 raw → 0 confirmed (vol≥1.5× body≥40%)
16:58:15 core.sweep_detector INFO: OrderBlocks: 2 detected, 2 unmitigated
16:58:15 core.sweep_detector INFO: FVGs: 5 detected, 2 unfilled
16:58:17 core.sweep_detector INFO: SweepDetector v2: 4 raw → 3 confirmed (vol≥1.5× body≥40%)
16:58:17 core.sweep_detector INFO: OrderBlocks: 8 detected, 4 unmitigated
16:58:17 core.sweep_detector INFO: FVGs: 7 detected, 3 unfilled
16:58:18 core.sweep_detector INFO: SweepDetector v2: 4 raw → 4 confirmed (vol≥1.5× body≥40%)
16:58:18 core.sweep_detector INFO: OrderBlocks: 7 detected, 1 unmitigated
16:58:18 core.sweep_detector INFO: FVGs: 11 detected, 2 unfilled
16:58:20 core.sweep_detector INFO: SweepDetector v2: 7 raw → 3 confirmed (vol≥1.5× body≥40%)
16:58:20 core.sweep_detector INFO: OrderBlocks: 2 detected, 1 unmitigated
16:58:20 core.sweep_detector INFO: FVGs: 8 detected, 2 unfilled
16:58:21 core.sweep_detector INFO: SweepDetector v2: 1 raw → 1 confirmed (vol≥1.5× body≥40%)
16:58:21 core.sweep_detector INFO: OrderBlocks: 8 detected, 0 unmitigated
16:58:21 core.sweep_detector INFO: FVGs: 2 detected, 0 unfilled
16:58:23 core.sweep_detector INFO: SweepDetector v2: 2 raw → 0 confirmed (vol≥1.5× body≥40%)
16:58:23 core.sweep_detector INFO: OrderBlocks: 4 detected, 1 unmitigated
16:58:23 core.sweep_detector INFO: FVGs: 10 detected, 3 unfilled
16:58:25 core.sweep_detector INFO: SweepDetector v2: 6 raw → 4 confirmed (vol≥1.5× body≥40%)
16:58:25 core.sweep_detector INFO: OrderBlocks: 3 detected, 2 unmitigated
16:58:25 core.sweep_detector INFO: FVGs: 4 detected, 1 unfilled
16:58:27 core.sweep_detector INFO: SweepDetector v2: 2 raw → 1 confirmed (vol≥1.5× body≥40%)
16:58:27 core.sweep_detector INFO: OrderBlocks: 2 detected, 0 unmitigated
16:58:27 core.sweep_detector INFO: FVGs: 4 detected, 1 unfilled
16:58:28 core.sweep_detector INFO: SweepDetector v2: 5 raw → 4 confirmed (vol≥1.5× body≥40%)
16:58:28 core.sweep_detector INFO: OrderBlocks: 8 detected, 2 unmitigated
16:58:28 core.sweep_detector INFO: FVGs: 16 detected, 4 unfilled
16:58:30 core.sweep_detector INFO: SweepDetector v2: 3 raw → 3 confirmed (vol≥1.5× body≥40%)
16:58:30 core.sweep_detector INFO: OrderBlocks: 5 detected, 1 unmitigated
16:58:30 core.sweep_detector INFO: FVGs: 9 detected, 3 unfilled
16:58:32 core.sweep_detector INFO: SweepDetector v2: 1 raw → 1 confirmed (vol≥1.5× body≥40%)
16:58:32 core.sweep_detector INFO: OrderBlocks: 5 detected, 1 unmitigated
16:58:32 core.sweep_detector INFO: FVGs: 14 detected, 5 unfilled
16:58:34 core.sweep_detector INFO: SweepDetector v2: 2 raw → 2 confirmed (vol≥1.5× body≥40%)
16:58:34 core.sweep_detector INFO: OrderBlocks: 5 detected, 2 unmitigated
16:58:34 core.sweep_detector INFO: FVGs: 7 detected, 3 unfilled
16:58:36 core.sweep_detector INFO: SweepDetector v2: 1 raw → 1 confirmed (vol≥1.5× body≥40%)
16:58:36 core.sweep_detector INFO: OrderBlocks: 2 detected, 0 unmitigated
16:58:36 core.sweep_detector INFO: FVGs: 2 detected, 1 unfilled
16:58:38 core.sweep_detector INFO: SweepDetector v2: 4 raw → 3 confirmed (vol≥1.5× body≥40%)
16:58:38 core.sweep_detector INFO: OrderBlocks: 1 detected, 0 unmitigated
16:58:38 core.sweep_detector INFO: FVGs: 1 detected, 0 unfilled
16:58:39 core.sweep_detector INFO: SweepDetector v2: 4 raw → 2 confirmed (vol≥1.5× body≥40%)
16:58:39 core.sweep_detector INFO: OrderBlocks: 5 detected, 3 unmitigated
16:58:39 core.sweep_detector INFO: FVGs: 12 detected, 4 unfilled
16:58:41 core.sweep_detector INFO: SweepDetector v2: 6 raw → 3 confirmed (vol≥1.5× body≥40%)
16:58:41 core.sweep_detector INFO: OrderBlocks: 4 detected, 0 unmitigated
16:58:41 core.sweep_detector INFO: FVGs: 6 detected, 2 unfilled
16:58:43 core.sweep_detector INFO: SweepDetector v2: 5 raw → 2 confirmed (vol≥1.5× body≥40%)
16:58:43 core.sweep_detector INFO: OrderBlocks: 4 detected, 2 unmitigated
16:58:43 core.sweep_detector INFO: FVGs: 7 detected, 2 unfilled
16:58:44 core.sweep_detector INFO: SweepDetector v2: 3 raw → 2 confirmed (vol≥1.5× body≥40%)
16:58:44 core.sweep_detector INFO: OrderBlocks: 4 detected, 0 unmitigated
16:58:44 core.sweep_detector INFO: FVGs: 7 detected, 0 unfilled
16:58:46 core.sweep_detector INFO: SweepDetector v2: 3 raw → 1 confirmed (vol≥1.5× body≥40%)
16:58:46 core.sweep_detector INFO: OrderBlocks: 8 detected, 2 unmitigated
16:58:46 core.sweep_detector INFO: FVGs: 15 detected, 0 unfilled
16:58:47 core.sweep_detector INFO: SweepDetector v2: 4 raw → 2 confirmed (vol≥1.5× body≥40%)
16:58:47 core.sweep_detector INFO: OrderBlocks: 6 detected, 2 unmitigated
16:58:47 core.sweep_detector INFO: FVGs: 9 detected, 2 unfilled
16:58:49 core.sweep_detector INFO: SweepDetector v2: 2 raw → 2 confirmed (vol≥1.5× body≥40%)
16:58:49 core.sweep_detector INFO: OrderBlocks: 6 detected, 1 unmitigated
16:58:49 core.sweep_detector INFO: FVGs: 8 detected, 3 unfilled
16:58:51 core.sweep_detector INFO: SweepDetector v2: 4 raw → 2 confirmed (vol≥1.5× body≥40%)
16:58:51 core.sweep_detector INFO: OrderBlocks: 3 detected, 0 unmitigated
16:58:51 core.sweep_detector INFO: FVGs: 4 detected, 2 unfilled
16:58:52 core.sweep_detector INFO: SweepDetector v2: 2 raw → 0 confirmed (vol≥1.5× body≥40%)
16:58:52 core.sweep_detector INFO: OrderBlocks: 7 detected, 0 unmitigated
16:58:52 core.sweep_detector INFO: FVGs: 6 detected, 0 unfilled
16:58:54 core.sweep_detector INFO: SweepDetector v2: 5 raw → 3 confirmed (vol≥1.5× body≥40%)
16:58:54 core.sweep_detector INFO: OrderBlocks: 5 detected, 1 unmitigated
16:58:54 core.sweep_detector INFO: FVGs: 8 detected, 5 unfilled
16:58:56 core.sweep_detector INFO: SweepDetector v2: 2 raw → 1 confirmed (vol≥1.5× body≥40%)
16:58:56 core.sweep_detector INFO: OrderBlocks: 2 detected, 0 unmitigated
16:58:56 core.sweep_detector INFO: FVGs: 7 detected, 1 unfilled
16:58:57 core.sweep_detector INFO: SweepDetector v2: 4 raw → 2 confirmed (vol≥1.5× body≥40%)
16:58:57 core.sweep_detector INFO: OrderBlocks: 3 detected, 0 unmitigated
16:58:57 core.sweep_detector INFO: FVGs: 7 detected, 1 unfilled
16:58:59 core.sweep_detector INFO: SweepDetector v2: 6 raw → 2 confirmed (vol≥1.5× body≥40%)
16:58:59 core.sweep_detector INFO: OrderBlocks: 4 detected, 1 unmitigated
16:58:59 core.sweep_detector INFO: FVGs: 9 detected, 3 unfilled
16:59:01 core.sweep_detector INFO: SweepDetector v2: 7 raw → 3 confirmed (vol≥1.5× body≥40%)
16:59:01 core.sweep_detector INFO: OrderBlocks: 4 detected, 2 unmitigated
16:59:01 core.sweep_detector INFO: FVGs: 7 detected, 1 unfilled
16:59:03 core.sweep_detector INFO: SweepDetector v2: 1 raw → 0 confirmed (vol≥1.5× body≥40%)
16:59:03 core.sweep_detector INFO: OrderBlocks: 4 detected, 0 unmitigated
16:59:03 core.sweep_detector INFO: FVGs: 6 detected, 1 unfilled
16:59:05 core.sweep_detector INFO: SweepDetector v2: 1 raw → 1 confirmed (vol≥1.5× body≥40%)
16:59:05 core.sweep_detector INFO: OrderBlocks: 2 detected, 2 unmitigated
16:59:05 core.sweep_detector INFO: FVGs: 10 detected, 5 unfilled
16:59:06 core.sweep_detector INFO: SweepDetector v2: 4 raw → 3 confirmed (vol≥1.5× body≥40%)
16:59:06 core.sweep_detector INFO: OrderBlocks: 3 detected, 0 unmitigated
16:59:06 core.sweep_detector INFO: FVGs: 5 detected, 0 unfilled
16:59:08 core.sweep_detector INFO: SweepDetector v2: 1 raw → 0 confirmed (vol≥1.5× body≥40%)
16:59:08 core.sweep_detector INFO: OrderBlocks: 7 detected, 2 unmitigated
16:59:08 core.sweep_detector INFO: FVGs: 11 detected, 1 unfilled
16:59:09 core.sweep_detector INFO: SweepDetector v2: 6 raw → 2 confirmed (vol≥1.5× body≥40%)
16:59:09 core.sweep_detector INFO: OrderBlocks: 3 detected, 0 unmitigated
16:59:09 core.sweep_detector INFO: FVGs: 0 detected, 0 unfilled
16:59:11 core.sweep_detector INFO: SweepDetector v2: 3 raw → 1 confirmed (vol≥1.5× body≥40%)
16:59:11 core.sweep_detector INFO: OrderBlocks: 0 detected, 0 unmitigated
16:59:11 core.sweep_detector INFO: FVGs: 0 detected, 0 unfilled
16:59:13 core.sweep_detector INFO: SweepDetector v2: 0 raw → 0 confirmed (vol≥1.5× body≥40%)
16:59:13 core.sweep_detector INFO: OrderBlocks: 2 detected, 1 unmitigated
16:59:13 core.sweep_detector INFO: FVGs: 0 detected, 0 unfilled
16:59:14 core.sweep_detector INFO: SweepDetector v2: 5 raw → 1 confirmed (vol≥1.5× body≥40%)
16:59:14 core.sweep_detector INFO: OrderBlocks: 5 detected, 0 unmitigated
16:59:14 core.sweep_detector INFO: FVGs: 0 detected, 0 unfilled
16:59:16 core.sweep_detector INFO: SweepDetector v2: 2 raw → 1 confirmed (vol≥1.5× body≥40%)
16:59:16 core.sweep_detector INFO: OrderBlocks: 1 detected, 0 unmitigated
16:59:16 core.sweep_detector INFO: FVGs: 0 detected, 0 unfilled
16:59:17 core.sweep_detector INFO: SweepDetector v2: 0 raw → 0 confirmed (vol≥1.5× body≥40%)
16:59:17 core.sweep_detector INFO: OrderBlocks: 0 detected, 0 unmitigated
16:59:17 core.sweep_detector INFO: FVGs: 0 detected, 0 unfilled
16:59:20 core.sweep_detector INFO: SweepDetector v2: 0 raw → 0 confirmed (vol≥1.5× body≥40%)
16:59:20 core.sweep_detector INFO: OrderBlocks: 0 detected, 0 unmitigated
16:59:20 core.sweep_detector INFO: FVGs: 0 detected, 0 unfilled
16:59:21 core.sweep_detector INFO: SweepDetector v2: 0 raw → 0 confirmed (vol≥1.5× body≥40%)
16:59:21 core.sweep_detector INFO: OrderBlocks: 0 detected, 0 unmitigated
16:59:21 core.sweep_detector INFO: FVGs: 0 detected, 0 unfilled
16:59:23 core.sweep_detector INFO: SweepDetector v2: 0 raw → 0 confirmed (vol≥1.5× body≥40%)
16:59:23 core.sweep_detector INFO: OrderBlocks: 1 detected, 0 unmitigated
16:59:23 core.sweep_detector INFO: FVGs: 0 detected, 0 unfilled
16:59:25 core.sweep_detector INFO: SweepDetector v2: 2 raw → 0 confirmed (vol≥1.5× body≥40%)
16:59:25 core.sweep_detector INFO: OrderBlocks: 5 detected, 2 unmitigated
16:59:25 core.sweep_detector INFO: FVGs: 12 detected, 4 unfilled
16:59:26 core.sweep_detector INFO: SweepDetector v2: 5 raw → 4 confirmed (vol≥1.5× body≥40%)
16:59:26 core.sweep_detector INFO: OrderBlocks: 4 detected, 1 unmitigated
16:59:26 core.sweep_detector INFO: FVGs: 8 detected, 2 unfilled
16:59:28 core.sweep_detector INFO: SweepDetector v2: 1 raw → 1 confirmed (vol≥1.5× body≥40%)
16:59:28 core.sweep_detector INFO: OrderBlocks: 4 detected, 0 unmitigated
16:59:28 core.sweep_detector INFO: FVGs: 9 detected, 4 unfilled
16:59:30 core.sweep_detector INFO: SweepDetector v2: 7 raw → 4 confirmed (vol≥1.5× body≥40%)
16:59:30 core.sweep_detector INFO: OrderBlocks: 7 detected, 0 unmitigated
16:59:30 core.sweep_detector INFO: FVGs: 7 detected, 0 unfilled
16:59:31 core.sweep_detector INFO: SweepDetector v2: 5 raw → 5 confirmed (vol≥1.5× body≥40%)
16:59:31 core.sweep_detector INFO: OrderBlocks: 4 detected, 2 unmitigated
16:59:31 core.sweep_detector INFO: FVGs: 8 detected, 1 unfilled
16:59:33 core.sweep_detector INFO: SweepDetector v2: 2 raw → 1 confirmed (vol≥1.5× body≥40%)
16:59:33 core.sweep_detector INFO: OrderBlocks: 7 detected, 1 unmitigated
16:59:33 core.sweep_detector INFO: FVGs: 8 detected, 2 unfilled
16:59:35 core.sweep_detector INFO: SweepDetector v2: 1 raw → 1 confirmed (vol≥1.5× body≥40%)
16:59:35 core.sweep_detector INFO: OrderBlocks: 7 detected, 3 unmitigated
16:59:35 core.sweep_detector INFO: FVGs: 10 detected, 3 unfilled
16:59:36 core.sweep_detector INFO: SweepDetector v2: 2 raw → 1 confirmed (vol≥1.5× body≥40%)
16:59:36 core.sweep_detector INFO: OrderBlocks: 3 detected, 3 unmitigated
16:59:36 core.sweep_detector INFO: FVGs: 8 detected, 2 unfilled
16:59:38 core.sweep_detector INFO: SweepDetector v2: 3 raw → 3 confirmed (vol≥1.5× body≥40%)
16:59:38 core.sweep_detector INFO: OrderBlocks: 3 detected, 0 unmitigated
16:59:38 core.sweep_detector INFO: FVGs: 10 detected, 1 unfilled
16:59:40 core.sweep_detector INFO: SweepDetector v2: 2 raw → 1 confirmed (vol≥1.5× body≥40%)
16:59:40 core.sweep_detector INFO: OrderBlocks: 7 detected, 2 unmitigated
16:59:40 core.sweep_detector INFO: FVGs: 11 detected, 3 unfilled
16:59:43 core.sweep_detector INFO: SweepDetector v2: 4 raw → 4 confirmed (vol≥1.5× body≥40%)
16:59:43 core.sweep_detector INFO: OrderBlocks: 5 detected, 1 unmitigated
16:59:43 core.sweep_detector INFO: FVGs: 8 detected, 4 unfilled
16:59:44 core.sweep_detector INFO: SweepDetector v2: 4 raw → 3 confirmed (vol≥1.5× body≥40%)
16:59:44 core.sweep_detector INFO: OrderBlocks: 6 detected, 2 unmitigated
16:59:44 core.sweep_detector INFO: FVGs: 3 detected, 1 unfilled
16:59:46 core.sweep_detector INFO: SweepDetector v2: 3 raw → 2 confirmed (vol≥1.5× body≥40%)
16:59:46 core.sweep_detector INFO: OrderBlocks: 5 detected, 4 unmitigated
16:59:46 core.sweep_detector INFO: FVGs: 7 detected, 3 unfilled
16:59:48 core.sweep_detector INFO: SweepDetector v2: 5 raw → 3 confirmed (vol≥1.5× body≥40%)
16:59:48 core.sweep_detector INFO: OrderBlocks: 5 detected, 0 unmitigated
16:59:48 core.sweep_detector INFO: FVGs: 7 detected, 0 unfilled
16:59:50 core.sweep_detector INFO: SweepDetector v2: 3 raw → 1 confirmed (vol≥1.5× body≥40%)
16:59:50 core.sweep_detector INFO: OrderBlocks: 6 detected, 1 unmitigated
16:59:50 core.sweep_detector INFO: FVGs: 6 detected, 1 unfilled
16:59:52 core.sweep_detector INFO: SweepDetector v2: 3 raw → 2 confirmed (vol≥1.5× body≥40%)
16:59:52 core.sweep_detector INFO: OrderBlocks: 5 detected, 4 unmitigated
16:59:52 core.sweep_detector INFO: FVGs: 6 detected, 4 unfilled
16:59:54 core.sweep_detector INFO: SweepDetector v2: 3 raw → 3 confirmed (vol≥1.5× body≥40%)
16:59:54 core.sweep_detector INFO: OrderBlocks: 3 detected, 1 unmitigated
16:59:54 core.sweep_detector INFO: FVGs: 1 detected, 0 unfilled
16:59:56 core.sweep_detector INFO: SweepDetector v2: 2 raw → 2 confirmed (vol≥1.5× body≥40%)
16:59:56 core.sweep_detector INFO: OrderBlocks: 1 detected, 0 unmitigated
16:59:56 core.sweep_detector INFO: FVGs: 0 detected, 0 unfilled
16:59:59 core.sweep_detector INFO: SweepDetector v2: 5 raw → 4 confirmed (vol≥1.5× body≥40%)
16:59:59 core.sweep_detector INFO: OrderBlocks: 7 detected, 0 unmitigated
16:59:59 core.sweep_detector INFO: FVGs: 7 detected, 0 unfilled
17:00:01 core.sweep_detector INFO: SweepDetector v2: 8 raw → 8 confirmed (vol≥1.5× body≥40%)
17:00:01 core.sweep_detector INFO: OrderBlocks: 2 detected, 1 unmitigated
17:00:01 core.sweep_detector INFO: FVGs: 9 detected, 1 unfilled
17:00:03 core.sweep_detector INFO: SweepDetector v2: 6 raw → 4 confirmed (vol≥1.5× body≥40%)
17:00:03 core.sweep_detector INFO: OrderBlocks: 8 detected, 2 unmitigated
17:00:03 core.sweep_detector INFO: FVGs: 10 detected, 2 unfilled
17:00:05 core.sweep_detector INFO: SweepDetector v2: 0 raw → 0 confirmed (vol≥1.5× body≥40%)
17:00:05 core.sweep_detector INFO: OrderBlocks: 6 detected, 3 unmitigated
17:00:05 core.sweep_detector INFO: FVGs: 17 detected, 6 unfilled
17:00:08 core.sweep_detector INFO: SweepDetector v2: 3 raw → 3 confirmed (vol≥1.5× body≥40%)
17:00:08 core.sweep_detector INFO: OrderBlocks: 6 detected, 1 unmitigated
17:00:08 core.sweep_detector INFO: FVGs: 16 detected, 3 unfilled
17:00:09 core.sweep_detector INFO: SweepDetector v2: 4 raw → 0 confirmed (vol≥1.5× body≥40%)
17:00:09 core.sweep_detector INFO: OrderBlocks: 4 detected, 3 unmitigated
17:00:09 core.sweep_detector INFO: FVGs: 9 detected, 5 unfilled
17:00:11 core.sweep_detector INFO: SweepDetector v2: 5 raw → 4 confirmed (vol≥1.5× body≥40%)
17:00:11 core.sweep_detector INFO: OrderBlocks: 6 detected, 2 unmitigated
17:00:11 core.sweep_detector INFO: FVGs: 9 detected, 3 unfilled
17:00:14 core.sweep_detector INFO: SweepDetector v2: 3 raw → 2 confirmed (vol≥1.5× body≥40%)
17:00:14 core.sweep_detector INFO: OrderBlocks: 2 detected, 1 unmitigated
17:00:14 core.sweep_detector INFO: FVGs: 6 detected, 1 unfilled
17:00:15 core.sweep_detector INFO: SweepDetector v2: 0 raw → 0 confirmed (vol≥1.5× body≥40%)
17:00:15 core.sweep_detector INFO: OrderBlocks: 9 detected, 3 unmitigated
17:00:15 core.sweep_detector INFO: FVGs: 4 detected, 0 unfilled
17:00:17 core.sweep_detector INFO: SweepDetector v2: 3 raw → 2 confirmed (vol≥1.5× body≥40%)
17:00:17 core.sweep_detector INFO: OrderBlocks: 9 detected, 3 unmitigated
17:00:17 core.sweep_detector INFO: FVGs: 12 detected, 5 unfilled
17:00:19 core.sweep_detector INFO: SweepDetector v2: 4 raw → 4 confirmed (vol≥1.5× body≥40%)
17:00:19 core.sweep_detector INFO: OrderBlocks: 5 detected, 2 unmitigated
17:00:19 core.sweep_detector INFO: FVGs: 18 detected, 4 unfilled
17:00:21 core.sweep_detector INFO: SweepDetector v2: 5 raw → 2 confirmed (vol≥1.5× body≥40%)
17:00:21 core.sweep_detector INFO: OrderBlocks: 7 detected, 2 unmitigated
17:00:21 core.sweep_detector INFO: FVGs: 11 detected, 3 unfilled
17:00:22 core.sweep_detector INFO: SweepDetector v2: 4 raw → 3 confirmed (vol≥1.5× body≥40%)
17:00:22 core.sweep_detector INFO: OrderBlocks: 6 detected, 3 unmitigated
17:00:22 core.sweep_detector INFO: FVGs: 15 detected, 4 unfilled
17:00:24 core.sweep_detector INFO: SweepDetector v2: 3 raw → 0 confirmed (vol≥1.5× body≥40%)
17:00:24 core.sweep_detector INFO: OrderBlocks: 10 detected, 4 unmitigated
17:00:24 core.sweep_detector INFO: FVGs: 15 detected, 4 unfilled
17:00:26 core.sweep_detector INFO: SweepDetector v2: 4 raw → 2 confirmed (vol≥1.5× body≥40%)
17:00:26 core.sweep_detector INFO: OrderBlocks: 5 detected, 3 unmitigated
17:00:26 core.sweep_detector INFO: FVGs: 13 detected, 9 unfilled
17:00:28 core.sweep_detector INFO: SweepDetector v2: 5 raw → 4 confirmed (vol≥1.5× body≥40%)
17:00:28 core.sweep_detector INFO: OrderBlocks: 9 detected, 3 unmitigated
17:00:28 core.sweep_detector INFO: FVGs: 8 detected, 4 unfilled
17:00:29 core.sweep_detector INFO: SweepDetector v2: 4 raw → 3 confirmed (vol≥1.5× body≥40%)
17:00:29 core.sweep_detector INFO: OrderBlocks: 3 detected, 1 unmitigated
17:00:29 core.sweep_detector INFO: FVGs: 5 detected, 2 unfilled
17:00:31 core.sweep_detector INFO: SweepDetector v2: 3 raw → 2 confirmed (vol≥1.5× body≥40%)
17:00:31 core.sweep_detector INFO: OrderBlocks: 8 detected, 2 unmitigated
17:00:31 core.sweep_detector INFO: FVGs: 6 detected, 2 unfilled
17:00:33 core.sweep_detector INFO: SweepDetector v2: 2 raw → 2 confirmed (vol≥1.5× body≥40%)
17:00:33 core.sweep_detector INFO: OrderBlocks: 6 detected, 3 unmitigated
17:00:33 core.sweep_detector INFO: FVGs: 8 detected, 5 unfilled
17:00:35 core.sweep_detector INFO: SweepDetector v2: 4 raw → 3 confirmed (vol≥1.5× body≥40%)
17:00:35 core.sweep_detector INFO: OrderBlocks: 3 detected, 1 unmitigated
17:00:35 core.sweep_detector INFO: FVGs: 8 detected, 3 unfilled
17:00:37 core.sweep_detector INFO: SweepDetector v2: 2 raw → 2 confirmed (vol≥1.5× body≥40%)
17:00:37 core.sweep_detector INFO: OrderBlocks: 7 detected, 1 unmitigated
17:00:37 core.sweep_detector INFO: FVGs: 4 detected, 2 unfilled
17:00:39 core.sweep_detector INFO: SweepDetector v2: 3 raw → 2 confirmed (vol≥1.5× body≥40%)
17:00:39 core.sweep_detector INFO: OrderBlocks: 3 detected, 0 unmitigated
17:00:39 core.sweep_detector INFO: FVGs: 8 detected, 1 unfilled
17:00:40 core.sweep_detector INFO: SweepDetector v2: 3 raw → 2 confirmed (vol≥1.5× body≥40%)
17:00:40 core.sweep_detector INFO: OrderBlocks: 5 detected, 2 unmitigated
17:00:40 core.sweep_detector INFO: FVGs: 5 detected, 2 unfilled
17:00:42 core.sweep_detector INFO: SweepDetector v2: 2 raw → 1 confirmed (vol≥1.5× body≥40%)
17:00:42 core.sweep_detector INFO: OrderBlocks: 9 detected, 4 unmitigated
17:00:42 core.sweep_detector INFO: FVGs: 6 detected, 5 unfilled
17:00:44 core.sweep_detector INFO: SweepDetector v2: 0 raw → 0 confirmed (vol≥1.5× body≥40%)
17:00:44 core.sweep_detector INFO: OrderBlocks: 3 detected, 1 unmitigated
17:00:44 core.sweep_detector INFO: FVGs: 12 detected, 2 unfilled
17:00:45 core.sweep_detector INFO: SweepDetector v2: 1 raw → 0 confirmed (vol≥1.5× body≥40%)
17:00:45 core.sweep_detector INFO: OrderBlocks: 4 detected, 0 unmitigated
17:00:45 core.sweep_detector INFO: FVGs: 9 detected, 2 unfilled
17:00:47 core.sweep_detector INFO: SweepDetector v2: 4 raw → 4 confirmed (vol≥1.5× body≥40%)
17:00:47 core.sweep_detector INFO: OrderBlocks: 4 detected, 2 unmitigated
17:00:47 core.sweep_detector INFO: FVGs: 5 detected, 3 unfilled
17:00:49 core.sweep_detector INFO: SweepDetector v2: 1 raw → 1 confirmed (vol≥1.5× body≥40%)
17:00:49 core.sweep_detector INFO: OrderBlocks: 7 detected, 3 unmitigated
17:00:49 core.sweep_detector INFO: FVGs: 11 detected, 6 unfilled
17:00:51 core.sweep_detector INFO: SweepDetector v2: 1 raw → 1 confirmed (vol≥1.5× body≥40%)
17:00:51 core.sweep_detector INFO: OrderBlocks: 2 detected, 1 unmitigated
17:00:51 core.sweep_detector INFO: FVGs: 13 detected, 5 unfilled
17:00:52 core.sweep_detector INFO: SweepDetector v2: 4 raw → 3 confirmed (vol≥1.5× body≥40%)
17:00:52 core.sweep_detector INFO: OrderBlocks: 9 detected, 3 unmitigated
17:00:52 core.sweep_detector INFO: FVGs: 8 detected, 2 unfilled
17:00:54 core.sweep_detector INFO: SweepDetector v2: 5 raw → 4 confirmed (vol≥1.5× body≥40%)
17:00:54 core.sweep_detector INFO: OrderBlocks: 8 detected, 3 unmitigated
17:00:54 core.sweep_detector INFO: FVGs: 11 detected, 4 unfilled
17:00:56 core.sweep_detector INFO: SweepDetector v2: 5 raw → 5 confirmed (vol≥1.5× body≥40%)
17:00:56 core.sweep_detector INFO: OrderBlocks: 3 detected, 3 unmitigated
17:00:56 core.sweep_detector INFO: FVGs: 5 detected, 3 unfilled
17:00:58 core.sweep_detector INFO: SweepDetector v2: 3 raw → 1 confirmed (vol≥1.5× body≥40%)
17:00:58 core.sweep_detector INFO: OrderBlocks: 4 detected, 1 unmitigated
17:00:58 core.sweep_detector INFO: FVGs: 10 detected, 6 unfilled
17:01:00 core.sweep_detector INFO: SweepDetector v2: 11 raw → 6 confirmed (vol≥1.5× body≥40%)
17:01:00 core.sweep_detector INFO: OrderBlocks: 7 detected, 2 unmitigated
17:01:00 core.sweep_detector INFO: FVGs: 10 detected, 7 unfilled
17:01:02 core.sweep_detector INFO: SweepDetector v2: 9 raw → 4 confirmed (vol≥1.5× body≥40%)
17:01:02 core.sweep_detector INFO: OrderBlocks: 6 detected, 1 unmitigated
17:01:02 core.sweep_detector INFO: FVGs: 8 detected, 3 unfilled
17:01:03 core.sweep_detector INFO: SweepDetector v2: 2 raw → 1 confirmed (vol≥1.5× body≥40%)
17:01:03 core.sweep_detector INFO: OrderBlocks: 7 detected, 2 unmitigated
17:01:03 core.sweep_detector INFO: FVGs: 7 detected, 1 unfilled
17:01:05 core.sweep_detector INFO: SweepDetector v2: 6 raw → 3 confirmed (vol≥1.5× body≥40%)
17:01:05 core.sweep_detector INFO: OrderBlocks: 8 detected, 2 unmitigated
17:01:05 core.sweep_detector INFO: FVGs: 7 detected, 0 unfilled
17:01:07 core.sweep_detector INFO: SweepDetector v2: 8 raw → 4 confirmed (vol≥1.5× body≥40%)
17:01:07 core.sweep_detector INFO: OrderBlocks: 2 detected, 1 unmitigated
17:01:07 core.sweep_detector INFO: FVGs: 6 detected, 1 unfilled
17:01:08 core.sweep_detector INFO: SweepDetector v2: 2 raw → 1 confirmed (vol≥1.5× body≥40%)
17:01:08 core.sweep_detector INFO: OrderBlocks: 6 detected, 1 unmitigated
17:01:08 core.sweep_detector INFO: FVGs: 4 detected, 0 unfilled
17:01:10 core.sweep_detector INFO: SweepDetector v2: 1 raw → 1 confirmed (vol≥1.5× body≥40%)
17:01:10 core.sweep_detector INFO: OrderBlocks: 8 detected, 3 unmitigated
17:01:10 core.sweep_detector INFO: FVGs: 7 detected, 2 unfilled
17:01:12 core.sweep_detector INFO: SweepDetector v2: 4 raw → 3 confirmed (vol≥1.5× body≥40%)
17:01:12 core.sweep_detector INFO: OrderBlocks: 3 detected, 1 unmitigated
17:01:12 core.sweep_detector INFO: FVGs: 6 detected, 4 unfilled
17:01:13 core.sweep_detector INFO: SweepDetector v2: 5 raw → 3 confirmed (vol≥1.5× body≥40%)
17:01:13 core.sweep_detector INFO: OrderBlocks: 2 detected, 0 unmitigated
17:01:13 core.sweep_detector INFO: FVGs: 7 detected, 2 unfilled
17:01:15 core.sweep_detector INFO: SweepDetector v2: 4 raw → 2 confirmed (vol≥1.5× body≥40%)
17:01:16 core.sweep_detector INFO: OrderBlocks: 4 detected, 2 unmitigated
17:01:16 core.sweep_detector INFO: FVGs: 8 detected, 4 unfilled
17:01:17 core.sweep_detector INFO: SweepDetector v2: 5 raw → 1 confirmed (vol≥1.5× body≥40%)
17:01:17 core.sweep_detector INFO: OrderBlocks: 4 detected, 0 unmitigated
17:01:17 core.sweep_detector INFO: FVGs: 5 detected, 1 unfilled
17:01:19 core.sweep_detector INFO: SweepDetector v2: 0 raw → 0 confirmed (vol≥1.5× body≥40%)
17:01:19 core.sweep_detector INFO: OrderBlocks: 4 detected, 0 unmitigated
17:01:19 core.sweep_detector INFO: FVGs: 3 detected, 0 unfilled
17:01:22 core.sweep_detector INFO: SweepDetector v2: 2 raw → 1 confirmed (vol≥1.5× body≥40%)
17:01:22 core.sweep_detector INFO: OrderBlocks: 7 detected, 2 unmitigated
17:01:22 core.sweep_detector INFO: FVGs: 4 detected, 2 unfilled
17:01:23 core.sweep_detector INFO: SweepDetector v2: 2 raw → 2 confirmed (vol≥1.5× body≥40%)
17:01:23 core.sweep_detector INFO: OrderBlocks: 2 detected, 2 unmitigated
17:01:23 core.sweep_detector INFO: FVGs: 5 detected, 1 unfilled
17:01:25 core.sweep_detector INFO: SweepDetector v2: 0 raw → 0 confirmed (vol≥1.5× body≥40%)
17:01:25 core.sweep_detector INFO: OrderBlocks: 8 detected, 1 unmitigated
17:01:25 core.sweep_detector INFO: FVGs: 3 detected, 1 unfilled
17:01:27 core.sweep_detector INFO: SweepDetector v2: 7 raw → 3 confirmed (vol≥1.5× body≥40%)
17:01:27 core.sweep_detector INFO: OrderBlocks: 5 detected, 2 unmitigated
17:01:27 core.sweep_detector INFO: FVGs: 9 detected, 4 unfilled
17:01:28 core.sweep_detector INFO: SweepDetector v2: 1 raw → 1 confirmed (vol≥1.5× body≥40%)
17:01:28 core.sweep_detector INFO: OrderBlocks: 4 detected, 3 unmitigated
17:01:28 core.sweep_detector INFO: FVGs: 6 detected, 3 unfilled
17:01:30 core.sweep_detector INFO: SweepDetector v2: 2 raw → 2 confirmed (vol≥1.5× body≥40%)
17:01:30 core.sweep_detector INFO: OrderBlocks: 1 detected, 0 unmitigated
17:01:30 core.sweep_detector INFO: FVGs: 4 detected, 1 unfilled
17:01:32 core.sweep_detector INFO: SweepDetector v2: 1 raw → 1 confirmed (vol≥1.5× body≥40%)
17:01:32 core.sweep_detector INFO: OrderBlocks: 6 detected, 0 unmitigated
17:01:32 core.sweep_detector INFO: FVGs: 9 detected, 2 unfilled
17:01:34 core.sweep_detector INFO: SweepDetector v2: 5 raw → 4 confirmed (vol≥1.5× body≥40%)
17:01:34 core.sweep_detector INFO: OrderBlocks: 0 detected, 0 unmitigated
17:01:34 core.sweep_detector INFO: FVGs: 7 detected, 5 unfilled
17:01:36 core.sweep_detector INFO: SweepDetector v2: 4 raw → 3 confirmed (vol≥1.5× body≥40%)
17:01:36 core.sweep_detector INFO: OrderBlocks: 6 detected, 2 unmitigated
17:01:36 core.sweep_detector INFO: FVGs: 6 detected, 3 unfilled
17:01:39 core.sweep_detector INFO: SweepDetector v2: 2 raw → 1 confirmed (vol≥1.5× body≥40%)
17:01:39 core.sweep_detector INFO: OrderBlocks: 8 detected, 2 unmitigated
17:01:39 core.sweep_detector INFO: FVGs: 4 detected, 3 unfilled
17:01:40 core.sweep_detector INFO: SweepDetector v2: 4 raw → 2 confirmed (vol≥1.5× body≥40%)
17:01:41 core.sweep_detector INFO: OrderBlocks: 2 detected, 0 unmitigated
17:01:41 core.sweep_detector INFO: FVGs: 4 detected, 3 unfilled
17:01:42 core.sweep_detector INFO: SweepDetector v2: 0 raw → 0 confirmed (vol≥1.5× body≥40%)
17:01:42 core.sweep_detector INFO: OrderBlocks: 7 detected, 2 unmitigated
17:01:42 core.sweep_detector INFO: FVGs: 3 detected, 1 unfilled
17:01:44 core.sweep_detector INFO: SweepDetector v2: 0 raw → 0 confirmed (vol≥1.5× body≥40%)
17:01:44 core.sweep_detector INFO: OrderBlocks: 3 detected, 1 unmitigated
17:01:44 core.sweep_detector INFO: FVGs: 12 detected, 4 unfilled
17:01:45 core.sweep_detector INFO: SweepDetector v2: 5 raw → 2 confirmed (vol≥1.5× body≥40%)
17:01:46 core.sweep_detector INFO: OrderBlocks: 8 detected, 2 unmitigated
17:01:46 core.sweep_detector INFO: FVGs: 12 detected, 5 unfilled
17:01:47 core.sweep_detector INFO: SweepDetector v2: 2 raw → 0 confirmed (vol≥1.5× body≥40%)
17:01:47 core.sweep_detector INFO: OrderBlocks: 2 detected, 0 unmitigated
17:01:47 core.sweep_detector INFO: FVGs: 8 detected, 4 unfilled
17:01:49 core.sweep_detector INFO: SweepDetector v2: 6 raw → 3 confirmed (vol≥1.5× body≥40%)
17:01:49 core.sweep_detector INFO: OrderBlocks: 10 detected, 2 unmitigated
17:01:49 core.sweep_detector INFO: FVGs: 13 detected, 2 unfilled
17:01:51 core.sweep_detector INFO: SweepDetector v2: 3 raw → 2 confirmed (vol≥1.5× body≥40%)
17:01:51 core.sweep_detector INFO: OrderBlocks: 7 detected, 0 unmitigated
17:01:51 core.sweep_detector INFO: FVGs: 10 detected, 2 unfilled
17:01:53 core.sweep_detector INFO: SweepDetector v2: 2 raw → 1 confirmed (vol≥1.5× body≥40%)
17:01:53 core.sweep_detector INFO: OrderBlocks: 3 detected, 0 unmitigated
17:01:53 core.sweep_detector INFO: FVGs: 10 detected, 2 unfilled
17:01:54 core.sweep_detector INFO: SweepDetector v2: 6 raw → 4 confirmed (vol≥1.5× body≥40%)
17:01:54 core.sweep_detector INFO: OrderBlocks: 6 detected, 1 unmitigated
17:01:54 core.sweep_detector INFO: FVGs: 9 detected, 4 unfilled
17:01:56 core.sweep_detector INFO: SweepDetector v2: 3 raw → 1 confirmed (vol≥1.5× body≥40%)
17:01:56 core.sweep_detector INFO: OrderBlocks: 6 detected, 2 unmitigated
17:01:56 core.sweep_detector INFO: FVGs: 6 detected, 4 unfilled
17:01:59 core.sweep_detector INFO: SweepDetector v2: 5 raw → 3 confirmed (vol≥1.5× body≥40%)
17:01:59 core.sweep_detector INFO: OrderBlocks: 11 detected, 0 unmitigated
17:01:59 core.sweep_detector INFO: FVGs: 9 detected, 1 unfilled
17:02:00 core.sweep_detector INFO: SweepDetector v2: 3 raw → 2 confirmed (vol≥1.5× body≥40%)
17:02:00 core.sweep_detector INFO: OrderBlocks: 14 detected, 2 unmitigated
17:02:00 core.sweep_detector INFO: FVGs: 15 detected, 2 unfilled
17:02:02 core.sweep_detector INFO: SweepDetector v2: 4 raw → 3 confirmed (vol≥1.5× body≥40%)
17:02:02 core.sweep_detector INFO: OrderBlocks: 4 detected, 2 unmitigated
17:02:02 core.sweep_detector INFO: FVGs: 6 detected, 2 unfilled
17:02:04 core.sweep_detector INFO: SweepDetector v2: 6 raw → 2 confirmed (vol≥1.5× body≥40%)
17:02:04 core.sweep_detector INFO: OrderBlocks: 3 detected, 1 unmitigated
17:02:04 core.sweep_detector INFO: FVGs: 4 detected, 1 unfilled
17:02:05 core.sweep_detector INFO: SweepDetector v2: 6 raw → 3 confirmed (vol≥1.5× body≥40%)
17:02:05 core.sweep_detector INFO: OrderBlocks: 6 detected, 4 unmitigated
17:02:05 core.sweep_detector INFO: FVGs: 10 detected, 4 unfilled
17:02:07 core.sweep_detector INFO: SweepDetector v2: 5 raw → 4 confirmed (vol≥1.5× body≥40%)
17:02:07 core.sweep_detector INFO: OrderBlocks: 5 detected, 1 unmitigated
17:02:07 core.sweep_detector INFO: FVGs: 9 detected, 5 unfilled
17:02:09 core.sweep_detector INFO: SweepDetector v2: 3 raw → 2 confirmed (vol≥1.5× body≥40%)
17:02:09 core.sweep_detector INFO: OrderBlocks: 6 detected, 1 unmitigated
17:02:09 core.sweep_detector INFO: FVGs: 6 detected, 2 unfilled
17:02:11 core.sweep_detector INFO: SweepDetector v2: 3 raw → 2 confirmed (vol≥1.5× body≥40%)
17:02:11 core.sweep_detector INFO: OrderBlocks: 5 detected, 4 unmitigated
17:02:11 core.sweep_detector INFO: FVGs: 7 detected, 3 unfilled
17:02:13 core.sweep_detector INFO: SweepDetector v2: 3 raw → 3 confirmed (vol≥1.5× body≥40%)
17:02:13 core.sweep_detector INFO: OrderBlocks: 3 detected, 1 unmitigated
17:02:13 core.sweep_detector INFO: FVGs: 5 detected, 1 unfilled
17:02:14 core.sweep_detector INFO: SweepDetector v2: 3 raw → 2 confirmed (vol≥1.5× body≥40%)
17:02:14 core.sweep_detector INFO: OrderBlocks: 3 detected, 2 unmitigated
17:02:14 core.sweep_detector INFO: FVGs: 7 detected, 1 unfilled
17:02:17 core.sweep_detector INFO: SweepDetector v2: 1 raw → 1 confirmed (vol≥1.5× body≥40%)
17:02:17 core.sweep_detector INFO: OrderBlocks: 5 detected, 2 unmitigated
17:02:17 core.sweep_detector INFO: FVGs: 10 detected, 5 unfilled
17:02:19 core.sweep_detector INFO: SweepDetector v2: 3 raw → 0 confirmed (vol≥1.5× body≥40%)
17:02:19 core.sweep_detector INFO: OrderBlocks: 4 detected, 0 unmitigated
17:02:19 core.sweep_detector INFO: FVGs: 13 detected, 1 unfilled
17:02:20 core.sweep_detector INFO: SweepDetector v2: 5 raw → 3 confirmed (vol≥1.5× body≥40%)
17:02:20 core.sweep_detector INFO: OrderBlocks: 7 detected, 3 unmitigated
17:02:20 core.sweep_detector INFO: FVGs: 4 detected, 0 unfilled
17:02:22 core.sweep_detector INFO: SweepDetector v2: 6 raw → 2 confirmed (vol≥1.5× body≥40%)
17:02:22 core.sweep_detector INFO: OrderBlocks: 7 detected, 1 unmitigated
17:02:22 core.sweep_detector INFO: FVGs: 5 detected, 0 unfilled
17:02:24 core.sweep_detector INFO: SweepDetector v2: 3 raw → 1 confirmed (vol≥1.5× body≥40%)
17:02:24 core.sweep_detector INFO: OrderBlocks: 2 detected, 1 unmitigated
17:02:24 core.sweep_detector INFO: FVGs: 8 detected, 4 unfilled
17:02:25 core.sweep_detector INFO: SweepDetector v2: 5 raw → 2 confirmed (vol≥1.5× body≥40%)
17:02:25 core.sweep_detector INFO: OrderBlocks: 14 detected, 1 unmitigated
17:02:25 core.sweep_detector INFO: FVGs: 13 detected, 0 unfilled
17:02:27 core.sweep_detector INFO: SweepDetector v2: 6 raw → 5 confirmed (vol≥1.5× body≥40%)
17:02:27 core.sweep_detector INFO: OrderBlocks: 4 detected, 0 unmitigated
17:02:27 core.sweep_detector INFO: FVGs: 7 detected, 2 unfilled
17:02:29 core.sweep_detector INFO: SweepDetector v2: 4 raw → 3 confirmed (vol≥1.5× body≥40%)
17:02:29 core.sweep_detector INFO: OrderBlocks: 2 detected, 2 unmitigated
17:02:29 core.sweep_detector INFO: FVGs: 3 detected, 1 unfilled
17:02:31 core.sweep_detector INFO: SweepDetector v2: 1 raw → 1 confirmed (vol≥1.5× body≥40%)
17:02:31 core.sweep_detector INFO: OrderBlocks: 9 detected, 3 unmitigated
17:02:31 core.sweep_detector INFO: FVGs: 1 detected, 1 unfilled
17:02:33 core.sweep_detector INFO: SweepDetector v2: 2 raw → 2 confirmed (vol≥1.5× body≥40%)
17:02:33 core.sweep_detector INFO: OrderBlocks: 3 detected, 0 unmitigated
17:02:33 core.sweep_detector INFO: FVGs: 9 detected, 5 unfilled
17:02:34 core.sweep_detector INFO: SweepDetector v2: 2 raw → 1 confirmed (vol≥1.5× body≥40%)
17:02:34 core.sweep_detector INFO: OrderBlocks: 1 detected, 0 unmitigated
17:02:34 core.sweep_detector INFO: FVGs: 6 detected, 3 unfilled
17:02:36 core.sweep_detector INFO: SweepDetector v2: 3 raw → 1 confirmed (vol≥1.5× body≥40%)
17:02:36 core.sweep_detector INFO: OrderBlocks: 6 detected, 2 unmitigated
17:02:36 core.sweep_detector INFO: FVGs: 3 detected, 2 unfilled
17:02:38 core.sweep_detector INFO: SweepDetector v2: 4 raw → 3 confirmed (vol≥1.5× body≥40%)
17:02:38 core.sweep_detector INFO: OrderBlocks: 7 detected, 3 unmitigated
17:02:38 core.sweep_detector INFO: FVGs: 10 detected, 5 unfilled
17:02:40 core.sweep_detector INFO: SweepDetector v2: 4 raw → 3 confirmed (vol≥1.5× body≥40%)
17:02:40 core.sweep_detector INFO: OrderBlocks: 3 detected, 1 unmitigated
17:02:40 core.sweep_detector INFO: FVGs: 4 detected, 2 unfilled
17:02:41 core.sweep_detector INFO: SweepDetector v2: 1 raw → 1 confirmed (vol≥1.5× body≥40%)
17:02:41 core.sweep_detector INFO: OrderBlocks: 4 detected, 1 unmitigated
17:02:41 core.sweep_detector INFO: FVGs: 4 detected, 1 unfilled
17:02:43 core.sweep_detector INFO: SweepDetector v2: 2 raw → 2 confirmed (vol≥1.5× body≥40%)
17:02:43 core.sweep_detector INFO: OrderBlocks: 4 detected, 1 unmitigated
17:02:43 core.sweep_detector INFO: FVGs: 5 detected, 1 unfilled
17:02:44 core.sweep_detector INFO: SweepDetector v2: 4 raw → 3 confirmed (vol≥1.5× body≥40%)
17:02:44 core.sweep_detector INFO: OrderBlocks: 2 detected, 0 unmitigated
17:02:44 core.sweep_detector INFO: FVGs: 3 detected, 1 unfilled
17:02:46 core.sweep_detector INFO: SweepDetector v2: 2 raw → 2 confirmed (vol≥1.5× body≥40%)
17:02:46 core.sweep_detector INFO: OrderBlocks: 0 detected, 0 unmitigated
17:02:46 core.sweep_detector INFO: FVGs: 0 detected, 0 unfilled
17:02:48 core.sweep_detector INFO: SweepDetector v2: 5 raw → 3 confirmed (vol≥1.5× body≥40%)
17:02:48 core.sweep_detector INFO: OrderBlocks: 3 detected, 1 unmitigated
17:02:48 core.sweep_detector INFO: FVGs: 10 detected, 2 unfilled
17:02:49 core.sweep_detector INFO: SweepDetector v2: 4 raw → 2 confirmed (vol≥1.5× body≥40%)
17:02:49 core.sweep_detector INFO: OrderBlocks: 4 detected, 3 unmitigated
17:02:49 core.sweep_detector INFO: FVGs: 12 detected, 6 unfilled
17:02:51 core.sweep_detector INFO: SweepDetector v2: 6 raw → 5 confirmed (vol≥1.5× body≥40%)
17:02:51 core.sweep_detector INFO: OrderBlocks: 2 detected, 0 unmitigated
17:02:51 core.sweep_detector INFO: FVGs: 10 detected, 6 unfilled
17:02:53 core.sweep_detector INFO: SweepDetector v2: 3 raw → 2 confirmed (vol≥1.5× body≥40%)
17:02:53 core.sweep_detector INFO: OrderBlocks: 8 detected, 3 unmitigated
17:02:53 core.sweep_detector INFO: FVGs: 9 detected, 3 unfilled
17:02:54 core.sweep_detector INFO: SweepDetector v2: 7 raw → 3 confirmed (vol≥1.5× body≥40%)
17:02:54 core.sweep_detector INFO: OrderBlocks: 1 detected, 0 unmitigated
17:02:54 core.sweep_detector INFO: FVGs: 7 detected, 2 unfilled
17:02:56 core.sweep_detector INFO: SweepDetector v2: 3 raw → 1 confirmed (vol≥1.5× body≥40%)
17:02:56 core.sweep_detector INFO: OrderBlocks: 6 detected, 0 unmitigated
17:02:56 core.sweep_detector INFO: FVGs: 3 detected, 0 unfilled
17:02:58 core.sweep_detector INFO: SweepDetector v2: 3 raw → 3 confirmed (vol≥1.5× body≥40%)
17:02:58 core.sweep_detector INFO: OrderBlocks: 7 detected, 0 unmitigated
17:02:58 core.sweep_detector INFO: FVGs: 12 detected, 4 unfilled
17:02:59 core.sweep_detector INFO: SweepDetector v2: 6 raw → 4 confirmed (vol≥1.5× body≥40%)
17:02:59 core.sweep_detector INFO: OrderBlocks: 8 detected, 5 unmitigated
17:02:59 core.sweep_detector INFO: FVGs: 11 detected, 9 unfilled
17:03:01 core.sweep_detector INFO: SweepDetector v2: 3 raw → 1 confirmed (vol≥1.5× body≥40%)
17:03:01 core.sweep_detector INFO: OrderBlocks: 7 detected, 2 unmitigated
17:03:01 core.sweep_detector INFO: FVGs: 10 detected, 6 unfilled
17:03:03 core.sweep_detector INFO: SweepDetector v2: 1 raw → 0 confirmed (vol≥1.5× body≥40%)
17:03:03 core.sweep_detector INFO: OrderBlocks: 5 detected, 1 unmitigated
17:03:03 core.sweep_detector INFO: FVGs: 5 detected, 2 unfilled
17:03:05 core.sweep_detector INFO: SweepDetector v2: 8 raw → 6 confirmed (vol≥1.5× body≥40%)
17:03:05 core.sweep_detector INFO: OrderBlocks: 1 detected, 0 unmitigated
17:03:05 core.sweep_detector INFO: FVGs: 6 detected, 1 unfilled
17:03:06 core.sweep_detector INFO: SweepDetector v2: 1 raw → 1 confirmed (vol≥1.5× body≥40%)
17:03:06 core.sweep_detector INFO: OrderBlocks: 4 detected, 0 unmitigated
17:03:06 core.sweep_detector INFO: FVGs: 5 detected, 0 unfilled
17:03:08 core.sweep_detector INFO: SweepDetector v2: 1 raw → 1 confirmed (vol≥1.5× body≥40%)
17:03:08 core.sweep_detector INFO: OrderBlocks: 3 detected, 0 unmitigated
17:03:08 core.sweep_detector INFO: FVGs: 11 detected, 1 unfilled
17:03:10 core.sweep_detector INFO: SweepDetector v2: 3 raw → 2 confirmed (vol≥1.5× body≥40%)
17:03:10 core.sweep_detector INFO: OrderBlocks: 5 detected, 1 unmitigated
17:03:10 core.sweep_detector INFO: FVGs: 4 detected, 1 unfilled
17:03:11 core.sweep_detector INFO: SweepDetector v2: 5 raw → 3 confirmed (vol≥1.5× body≥40%)
17:03:11 core.sweep_detector INFO: OrderBlocks: 6 detected, 2 unmitigated
17:03:11 core.sweep_detector INFO: FVGs: 11 detected, 3 unfilled
17:03:13 core.sweep_detector INFO: SweepDetector v2: 4 raw → 3 confirmed (vol≥1.5× body≥40%)
17:03:13 core.sweep_detector INFO: OrderBlocks: 3 detected, 0 unmitigated
17:03:13 core.sweep_detector INFO: FVGs: 6 detected, 0 unfilled
17:03:15 core.sweep_detector INFO: SweepDetector v2: 4 raw → 3 confirmed (vol≥1.5× body≥40%)
17:03:15 core.sweep_detector INFO: OrderBlocks: 1 detected, 0 unmitigated
17:03:15 core.sweep_detector INFO: FVGs: 7 detected, 1 unfilled
17:03:16 core.sweep_detector INFO: SweepDetector v2: 5 raw → 5 confirmed (vol≥1.5× body≥40%)
17:03:16 core.sweep_detector INFO: OrderBlocks: 6 detected, 0 unmitigated
17:03:16 core.sweep_detector INFO: FVGs: 10 detected, 2 unfilled
17:03:18 core.sweep_detector INFO: SweepDetector v2: 4 raw → 4 confirmed (vol≥1.5× body≥40%)
17:03:18 core.sweep_detector INFO: OrderBlocks: 7 detected, 3 unmitigated
17:03:18 core.sweep_detector INFO: FVGs: 9 detected, 2 unfilled
17:03:19 core.sweep_detector INFO: SweepDetector v2: 6 raw → 4 confirmed (vol≥1.5× body≥40%)
17:03:19 core.sweep_detector INFO: OrderBlocks: 4 detected, 1 unmitigated
17:03:19 core.sweep_detector INFO: FVGs: 6 detected, 1 unfilled
17:03:21 core.sweep_detector INFO: SweepDetector v2: 3 raw → 3 confirmed (vol≥1.5× body≥40%)
17:03:21 core.sweep_detector INFO: OrderBlocks: 7 detected, 4 unmitigated
17:03:21 core.sweep_detector INFO: FVGs: 8 detected, 3 unfilled
17:03:23 core.sweep_detector INFO: SweepDetector v2: 4 raw → 2 confirmed (vol≥1.5× body≥40%)
17:03:23 core.sweep_detector INFO: OrderBlocks: 2 detected, 1 unmitigated
17:03:23 core.sweep_detector INFO: FVGs: 12 detected, 6 unfilled
17:03:25 core.sweep_detector INFO: SweepDetector v2: 3 raw → 1 confirmed (vol≥1.5× body≥40%)
17:03:25 core.sweep_detector INFO: OrderBlocks: 4 detected, 2 unmitigated
17:03:25 core.sweep_detector INFO: FVGs: 11 detected, 4 unfilled
17:03:26 core.sweep_detector INFO: SweepDetector v2: 0 raw → 0 confirmed (vol≥1.5× body≥40%)
17:03:26 core.sweep_detector INFO: OrderBlocks: 5 detected, 2 unmitigated
17:03:26 core.sweep_detector INFO: FVGs: 14 detected, 4 unfilled
17:03:28 core.sweep_detector INFO: SweepDetector v2: 0 raw → 0 confirmed (vol≥1.5× body≥40%)
17:03:28 core.sweep_detector INFO: OrderBlocks: 1 detected, 0 unmitigated
17:03:28 core.sweep_detector INFO: FVGs: 0 detected, 0 unfilled
17:03:29 core.sweep_detector INFO: SweepDetector v2: 0 raw → 0 confirmed (vol≥1.5× body≥40%)
17:03:29 core.sweep_detector INFO: OrderBlocks: 0 detected, 0 unmitigated
17:03:29 core.sweep_detector INFO: FVGs: 0 detected, 0 unfilled
17:03:31 core.sweep_detector INFO: SweepDetector v2: 0 raw → 0 confirmed (vol≥1.5× body≥40%)
17:03:31 core.sweep_detector INFO: OrderBlocks: 0 detected, 0 unmitigated
17:03:31 core.sweep_detector INFO: FVGs: 0 detected, 0 unfilled
17:03:33 core.sweep_detector INFO: SweepDetector v2: 2 raw → 2 confirmed (vol≥1.5× body≥40%)
17:03:33 core.sweep_detector INFO: OrderBlocks: 5 detected, 2 unmitigated
17:03:33 core.sweep_detector INFO: FVGs: 6 detected, 1 unfilled
17:03:35 core.sweep_detector INFO: SweepDetector v2: 4 raw → 4 confirmed (vol≥1.5× body≥40%)
17:03:35 core.sweep_detector INFO: OrderBlocks: 4 detected, 1 unmitigated
17:03:35 core.sweep_detector INFO: FVGs: 11 detected, 1 unfilled
17:03:36 core.sweep_detector INFO: SweepDetector v2: 2 raw → 1 confirmed (vol≥1.5× body≥40%)
17:03:36 core.sweep_detector INFO: OrderBlocks: 7 detected, 3 unmitigated
17:03:36 core.sweep_detector INFO: FVGs: 6 detected, 2 unfilled
17:03:38 core.sweep_detector INFO: SweepDetector v2: 2 raw → 2 confirmed (vol≥1.5× body≥40%)
17:03:38 core.sweep_detector INFO: OrderBlocks: 4 detected, 1 unmitigated
17:03:38 core.sweep_detector INFO: FVGs: 4 detected, 1 unfilled
17:03:39 core.sweep_detector INFO: SweepDetector v2: 5 raw → 2 confirmed (vol≥1.5× body≥40%)
17:03:39 core.sweep_detector INFO: OrderBlocks: 5 detected, 2 unmitigated
17:03:39 core.sweep_detector INFO: FVGs: 7 detected, 1 unfilled
17:03:41 core.sweep_detector INFO: SweepDetector v2: 5 raw → 4 confirmed (vol≥1.5× body≥40%)
17:03:41 core.sweep_detector INFO: OrderBlocks: 8 detected, 2 unmitigated
17:03:41 core.sweep_detector INFO: FVGs: 6 detected, 1 unfilled
17:03:43 core.sweep_detector INFO: SweepDetector v2: 2 raw → 1 confirmed (vol≥1.5× body≥40%)
17:03:43 core.sweep_detector INFO: OrderBlocks: 7 detected, 0 unmitigated
17:03:43 core.sweep_detector INFO: FVGs: 9 detected, 2 unfilled
17:03:44 core.sweep_detector INFO: SweepDetector v2: 4 raw → 2 confirmed (vol≥1.5× body≥40%)
17:03:44 core.sweep_detector INFO: OrderBlocks: 3 detected, 1 unmitigated
17:03:44 core.sweep_detector INFO: FVGs: 8 detected, 2 unfilled
17:03:46 core.sweep_detector INFO: SweepDetector v2: 0 raw → 0 confirmed (vol≥1.5× body≥40%)
17:03:46 core.sweep_detector INFO: OrderBlocks: 6 detected, 0 unmitigated
17:03:46 core.sweep_detector INFO: FVGs: 8 detected, 0 unfilled
17:03:48 core.sweep_detector INFO: SweepDetector v2: 1 raw → 1 confirmed (vol≥1.5× body≥40%)
17:03:48 core.sweep_detector INFO: OrderBlocks: 7 detected, 3 unmitigated
17:03:48 core.sweep_detector INFO: FVGs: 12 detected, 5 unfilled
17:03:50 core.sweep_detector INFO: SweepDetector v2: 3 raw → 2 confirmed (vol≥1.5× body≥40%)
17:03:50 core.sweep_detector INFO: OrderBlocks: 4 detected, 2 unmitigated
17:03:50 core.sweep_detector INFO: FVGs: 6 detected, 3 unfilled
17:03:52 core.sweep_detector INFO: SweepDetector v2: 0 raw → 0 confirmed (vol≥1.5× body≥40%)
17:03:52 core.sweep_detector INFO: OrderBlocks: 2 detected, 0 unmitigated
17:03:52 core.sweep_detector INFO: FVGs: 6 detected, 3 unfilled
17:03:53 core.sweep_detector INFO: SweepDetector v2: 6 raw → 3 confirmed (vol≥1.5× body≥40%)
17:03:53 core.sweep_detector INFO: OrderBlocks: 6 detected, 1 unmitigated
17:03:53 core.sweep_detector INFO: FVGs: 11 detected, 1 unfilled
17:03:55 core.sweep_detector INFO: SweepDetector v2: 4 raw → 2 confirmed (vol≥1.5× body≥40%)
17:03:55 core.sweep_detector INFO: OrderBlocks: 0 detected, 0 unmitigated
17:03:55 core.sweep_detector INFO: FVGs: 5 detected, 3 unfilled
17:03:56 core.sweep_detector INFO: SweepDetector v2: 4 raw → 1 confirmed (vol≥1.5× body≥40%)
17:03:56 core.sweep_detector INFO: OrderBlocks: 4 detected, 1 unmitigated
17:03:56 core.sweep_detector INFO: FVGs: 5 detected, 2 unfilled
17:03:59 core.sweep_detector INFO: SweepDetector v2: 3 raw → 2 confirmed (vol≥1.5× body≥40%)
17:03:59 core.sweep_detector INFO: OrderBlocks: 4 detected, 2 unmitigated
17:03:59 core.sweep_detector INFO: FVGs: 10 detected, 7 unfilled
