01:10:02 __main__ INFO: Volume filter: fetching all tickers in one call...
01:10:04 __main__ INFO: Volume filter: 92/447 pairs pass $2M threshold
/root/.openclaw/workspace/projects/crypto-liquidity-hunter/main.py:292: DeprecationWarning: datetime.datetime.utcnow() is deprecated and scheduled for removal in a future version. Use timezone-aware objects to represent datetimes in UTC: datetime.datetime.now(datetime.UTC).
  scan_start = datetime.utcnow()   # for duration tracking
01:10:05 core.binance_connector INFO: BinanceConnector: connected [LIVE FUTURES MAINNET]
01:10:05 __main__ INFO: Auto-executor: account 'Liquiddbot1' mode=live exec=auto
01:10:07 core.sweep_detector INFO: SweepDetector v2: 0 raw → 0 confirmed (vol≥2.5× body≥30%)
01:10:07 core.sweep_detector INFO: OrderBlocks: 8 detected, 4 unmitigated
01:10:07 core.sweep_detector INFO: FVGs: 12 detected, 6 unfilled
01:10:08 core.sweep_detector INFO: SweepDetector v2: 2 raw → 2 confirmed (vol≥2.5× body≥30%)
01:10:08 core.sweep_detector INFO: OrderBlocks: 4 detected, 1 unmitigated
01:10:08 core.sweep_detector INFO: FVGs: 6 detected, 2 unfilled
01:10:10 core.sweep_detector INFO: SweepDetector v2: 2 raw → 2 confirmed (vol≥2.5× body≥30%)
01:10:10 core.sweep_detector INFO: OrderBlocks: 5 detected, 0 unmitigated
01:10:10 core.sweep_detector INFO: FVGs: 7 detected, 2 unfilled
01:10:12 core.sweep_detector INFO: SweepDetector v2: 1 raw → 1 confirmed (vol≥2.5× body≥30%)
01:10:12 core.sweep_detector INFO: OrderBlocks: 6 detected, 0 unmitigated
01:10:12 core.sweep_detector INFO: FVGs: 10 detected, 4 unfilled
01:10:13 core.sweep_detector INFO: SweepDetector v2: 2 raw → 1 confirmed (vol≥2.5× body≥30%)
01:10:13 core.sweep_detector INFO: OrderBlocks: 4 detected, 2 unmitigated
01:10:13 core.sweep_detector INFO: FVGs: 5 detected, 3 unfilled
01:10:15 core.sweep_detector INFO: SweepDetector v2: 1 raw → 1 confirmed (vol≥2.5× body≥30%)
01:10:15 core.sweep_detector INFO: OrderBlocks: 7 detected, 1 unmitigated
01:10:15 core.sweep_detector INFO: FVGs: 3 detected, 1 unfilled
01:10:16 core.sweep_detector INFO: SweepDetector v2: 3 raw → 2 confirmed (vol≥2.5× body≥30%)
01:10:16 core.sweep_detector INFO: OrderBlocks: 7 detected, 0 unmitigated
01:10:16 core.sweep_detector INFO: FVGs: 9 detected, 0 unfilled
01:10:18 core.sweep_detector INFO: SweepDetector v2: 1 raw → 0 confirmed (vol≥2.5× body≥30%)
01:10:18 core.sweep_detector INFO: OrderBlocks: 4 detected, 2 unmitigated
01:10:18 core.sweep_detector INFO: FVGs: 9 detected, 2 unfilled
01:10:19 core.sweep_detector INFO: SweepDetector v2: 1 raw → 1 confirmed (vol≥2.5× body≥30%)
01:10:19 core.sweep_detector INFO: OrderBlocks: 2 detected, 0 unmitigated
01:10:19 core.sweep_detector INFO: FVGs: 5 detected, 2 unfilled
01:10:21 core.sweep_detector INFO: SweepDetector v2: 2 raw → 1 confirmed (vol≥2.5× body≥30%)
01:10:21 core.sweep_detector INFO: OrderBlocks: 7 detected, 2 unmitigated
01:10:21 core.sweep_detector INFO: FVGs: 8 detected, 2 unfilled
01:10:22 core.sweep_detector INFO: SweepDetector v2: 1 raw → 1 confirmed (vol≥2.5× body≥30%)
01:10:22 core.sweep_detector INFO: OrderBlocks: 3 detected, 1 unmitigated
01:10:22 core.sweep_detector INFO: FVGs: 9 detected, 4 unfilled
01:10:24 core.sweep_detector INFO: SweepDetector v2: 3 raw → 2 confirmed (vol≥2.5× body≥30%)
01:10:24 core.sweep_detector INFO: OrderBlocks: 5 detected, 1 unmitigated
01:10:24 core.sweep_detector INFO: FVGs: 4 detected, 0 unfilled
01:10:26 core.sweep_detector INFO: SweepDetector v2: 2 raw → 1 confirmed (vol≥2.5× body≥30%)
01:10:26 core.sweep_detector INFO: OrderBlocks: 4 detected, 3 unmitigated
01:10:26 core.sweep_detector INFO: FVGs: 10 detected, 4 unfilled
01:10:27 core.sweep_detector INFO: SweepDetector v2: 1 raw → 1 confirmed (vol≥2.5× body≥30%)
01:10:27 core.sweep_detector INFO: OrderBlocks: 4 detected, 2 unmitigated
01:10:27 core.sweep_detector INFO: FVGs: 7 detected, 2 unfilled
01:10:28 core.sweep_detector INFO: SweepDetector v2: 2 raw → 2 confirmed (vol≥2.5× body≥30%)
01:10:28 core.sweep_detector INFO: OrderBlocks: 3 detected, 0 unmitigated
01:10:28 core.sweep_detector INFO: FVGs: 6 detected, 1 unfilled
01:10:30 core.sweep_detector INFO: SweepDetector v2: 5 raw → 5 confirmed (vol≥2.5× body≥30%)
01:10:30 core.sweep_detector INFO: OrderBlocks: 1 detected, 0 unmitigated
01:10:30 core.sweep_detector INFO: FVGs: 3 detected, 0 unfilled
01:10:32 core.sweep_detector INFO: SweepDetector v2: 2 raw → 2 confirmed (vol≥2.5× body≥30%)
01:10:32 core.sweep_detector INFO: OrderBlocks: 5 detected, 1 unmitigated
01:10:32 core.sweep_detector INFO: FVGs: 2 detected, 1 unfilled
01:10:32 __main__ INFO: Pending signal #47: binance:ASTER/USDT long entry=0.653 current=0.663 dist=1.51% expires=8h
01:10:43 alerts.telegram INFO: Alert sent: binance:ASTER/USDT long RR=8.31
01:10:44 core.sweep_detector INFO: SweepDetector v2: 1 raw → 1 confirmed (vol≥2.5× body≥30%)
01:10:44 core.sweep_detector INFO: OrderBlocks: 0 detected, 0 unmitigated
01:10:44 core.sweep_detector INFO: FVGs: 1 detected, 1 unfilled
01:10:44 __main__ INFO: Pending signal #47: binance:ASTER/USDT long entry=0.653 current=0.663 dist=1.51% expires=2h
01:10:44 alerts.telegram INFO: Alert suppressed (binance:ASTER/USDT long): conf 0.72 < threshold 0.80
01:10:46 core.sweep_detector INFO: SweepDetector v2: 2 raw → 2 confirmed (vol≥2.5× body≥30%)
01:10:46 core.sweep_detector INFO: OrderBlocks: 2 detected, 1 unmitigated
01:10:46 core.sweep_detector INFO: FVGs: 12 detected, 6 unfilled
01:10:47 core.sweep_detector INFO: SweepDetector v2: 1 raw → 1 confirmed (vol≥2.5× body≥30%)
01:10:47 core.sweep_detector INFO: OrderBlocks: 3 detected, 2 unmitigated
01:10:47 core.sweep_detector INFO: FVGs: 6 detected, 2 unfilled
01:10:49 core.sweep_detector INFO: SweepDetector v2: 2 raw → 2 confirmed (vol≥2.5× body≥30%)
01:10:49 core.sweep_detector INFO: OrderBlocks: 5 detected, 1 unmitigated
01:10:49 core.sweep_detector INFO: FVGs: 4 detected, 1 unfilled
01:10:51 core.sweep_detector INFO: SweepDetector v2: 2 raw → 2 confirmed (vol≥2.5× body≥30%)
01:10:51 core.sweep_detector INFO: OrderBlocks: 5 detected, 0 unmitigated
01:10:51 core.sweep_detector INFO: FVGs: 4 detected, 0 unfilled
01:10:53 core.sweep_detector INFO: SweepDetector v2: 1 raw → 1 confirmed (vol≥2.5× body≥30%)
01:10:53 core.sweep_detector INFO: OrderBlocks: 5 detected, 0 unmitigated
01:10:53 core.sweep_detector INFO: FVGs: 11 detected, 1 unfilled
01:10:54 core.sweep_detector INFO: SweepDetector v2: 2 raw → 1 confirmed (vol≥2.5× body≥30%)
01:10:54 core.sweep_detector INFO: OrderBlocks: 4 detected, 1 unmitigated
01:10:54 core.sweep_detector INFO: FVGs: 14 detected, 3 unfilled
01:10:56 core.sweep_detector INFO: SweepDetector v2: 1 raw → 1 confirmed (vol≥2.5× body≥30%)
01:10:56 core.sweep_detector INFO: OrderBlocks: 6 detected, 2 unmitigated
01:10:56 core.sweep_detector INFO: FVGs: 8 detected, 3 unfilled
01:10:58 core.sweep_detector INFO: SweepDetector v2: 0 raw → 0 confirmed (vol≥2.5× body≥30%)
01:10:58 core.sweep_detector INFO: OrderBlocks: 4 detected, 2 unmitigated
01:10:58 core.sweep_detector INFO: FVGs: 7 detected, 3 unfilled
01:11:00 core.sweep_detector INFO: SweepDetector v2: 1 raw → 1 confirmed (vol≥2.5× body≥30%)
01:11:00 core.sweep_detector INFO: OrderBlocks: 5 detected, 0 unmitigated
01:11:00 core.sweep_detector INFO: FVGs: 8 detected, 4 unfilled
01:11:02 core.sweep_detector INFO: SweepDetector v2: 4 raw → 4 confirmed (vol≥2.5× body≥30%)
01:11:02 core.sweep_detector INFO: OrderBlocks: 2 detected, 2 unmitigated
01:11:02 core.sweep_detector INFO: FVGs: 14 detected, 3 unfilled
01:11:03 core.sweep_detector INFO: SweepDetector v2: 1 raw → 1 confirmed (vol≥2.5× body≥30%)
01:11:03 core.sweep_detector INFO: OrderBlocks: 6 detected, 2 unmitigated
01:11:03 core.sweep_detector INFO: FVGs: 14 detected, 3 unfilled
01:11:05 core.sweep_detector INFO: SweepDetector v2: 1 raw → 0 confirmed (vol≥2.5× body≥30%)
01:11:05 core.sweep_detector INFO: OrderBlocks: 5 detected, 3 unmitigated
01:11:05 core.sweep_detector INFO: FVGs: 7 detected, 3 unfilled
01:11:06 core.sweep_detector INFO: SweepDetector v2: 0 raw → 0 confirmed (vol≥2.5× body≥30%)
01:11:06 core.sweep_detector INFO: OrderBlocks: 3 detected, 1 unmitigated
01:11:06 core.sweep_detector INFO: FVGs: 6 detected, 2 unfilled
01:11:08 core.sweep_detector INFO: SweepDetector v2: 3 raw → 3 confirmed (vol≥2.5× body≥30%)
01:11:08 core.sweep_detector INFO: OrderBlocks: 1 detected, 1 unmitigated
01:11:08 core.sweep_detector INFO: FVGs: 6 detected, 4 unfilled
01:11:10 core.sweep_detector INFO: SweepDetector v2: 2 raw → 2 confirmed (vol≥2.5× body≥30%)
01:11:10 core.sweep_detector INFO: OrderBlocks: 6 detected, 4 unmitigated
01:11:10 core.sweep_detector INFO: FVGs: 9 detected, 7 unfilled
01:11:12 core.sweep_detector INFO: SweepDetector v2: 0 raw → 0 confirmed (vol≥2.5× body≥30%)
01:11:12 core.sweep_detector INFO: OrderBlocks: 0 detected, 0 unmitigated
01:11:12 core.sweep_detector INFO: FVGs: 0 detected, 0 unfilled
01:11:13 core.sweep_detector INFO: SweepDetector v2: 0 raw → 0 confirmed (vol≥2.5× body≥30%)
01:11:13 core.sweep_detector INFO: OrderBlocks: 1 detected, 0 unmitigated
01:11:13 core.sweep_detector INFO: FVGs: 0 detected, 0 unfilled
01:11:15 core.sweep_detector INFO: SweepDetector v2: 0 raw → 0 confirmed (vol≥2.5× body≥30%)
01:11:15 core.sweep_detector INFO: OrderBlocks: 0 detected, 0 unmitigated
01:11:15 core.sweep_detector INFO: FVGs: 0 detected, 0 unfilled
01:11:16 core.sweep_detector INFO: SweepDetector v2: 4 raw → 4 confirmed (vol≥2.5× body≥30%)
01:11:16 core.sweep_detector INFO: OrderBlocks: 3 detected, 1 unmitigated
01:11:16 core.sweep_detector INFO: FVGs: 3 detected, 1 unfilled
01:11:18 core.sweep_detector INFO: SweepDetector v2: 3 raw → 3 confirmed (vol≥2.5× body≥30%)
01:11:18 core.sweep_detector INFO: OrderBlocks: 3 detected, 1 unmitigated
01:11:18 core.sweep_detector INFO: FVGs: 5 detected, 2 unfilled
01:11:20 core.sweep_detector INFO: SweepDetector v2: 5 raw → 3 confirmed (vol≥2.5× body≥30%)
01:11:20 core.sweep_detector INFO: OrderBlocks: 5 detected, 2 unmitigated
01:11:20 core.sweep_detector INFO: FVGs: 6 detected, 1 unfilled
01:11:21 core.sweep_detector INFO: SweepDetector v2: 1 raw → 1 confirmed (vol≥2.5× body≥30%)
01:11:21 core.sweep_detector INFO: OrderBlocks: 6 detected, 4 unmitigated
01:11:21 core.sweep_detector INFO: FVGs: 10 detected, 4 unfilled
01:11:23 core.sweep_detector INFO: SweepDetector v2: 1 raw → 1 confirmed (vol≥2.5× body≥30%)
01:11:23 core.sweep_detector INFO: OrderBlocks: 5 detected, 2 unmitigated
01:11:23 core.sweep_detector INFO: FVGs: 5 detected, 1 unfilled
01:11:25 core.sweep_detector INFO: SweepDetector v2: 1 raw → 1 confirmed (vol≥2.5× body≥30%)
01:11:25 core.sweep_detector INFO: OrderBlocks: 7 detected, 1 unmitigated
01:11:25 core.sweep_detector INFO: FVGs: 5 detected, 1 unfilled
01:11:26 __main__ INFO: Pending signal #46: binance:BNB/USDT long entry=600.37 current=611.43 dist=1.81% expires=2h
01:11:36 alerts.telegram INFO: Alert sent: binance:BNB/USDT long RR=3.87
01:11:38 core.sweep_detector INFO: SweepDetector v2: 1 raw → 1 confirmed (vol≥2.5× body≥30%)
01:11:38 core.sweep_detector INFO: OrderBlocks: 5 detected, 0 unmitigated
01:11:38 core.sweep_detector INFO: FVGs: 7 detected, 2 unfilled
01:11:39 core.sweep_detector INFO: SweepDetector v2: 1 raw → 1 confirmed (vol≥2.5× body≥30%)
01:11:39 core.sweep_detector INFO: OrderBlocks: 3 detected, 1 unmitigated
01:11:39 core.sweep_detector INFO: FVGs: 9 detected, 1 unfilled
01:11:41 core.sweep_detector INFO: SweepDetector v2: 1 raw → 1 confirmed (vol≥2.5× body≥30%)
01:11:41 core.sweep_detector INFO: OrderBlocks: 4 detected, 0 unmitigated
01:11:41 core.sweep_detector INFO: FVGs: 6 detected, 1 unfilled
01:11:43 core.sweep_detector INFO: SweepDetector v2: 0 raw → 0 confirmed (vol≥2.5× body≥30%)
01:11:43 core.sweep_detector INFO: OrderBlocks: 4 detected, 2 unmitigated
01:11:43 core.sweep_detector INFO: FVGs: 7 detected, 2 unfilled
01:11:44 core.sweep_detector INFO: SweepDetector v2: 2 raw → 2 confirmed (vol≥2.5× body≥30%)
01:11:44 core.sweep_detector INFO: OrderBlocks: 3 detected, 0 unmitigated
01:11:44 core.sweep_detector INFO: FVGs: 6 detected, 0 unfilled
01:11:46 core.sweep_detector INFO: SweepDetector v2: 1 raw → 1 confirmed (vol≥2.5× body≥30%)
01:11:46 core.sweep_detector INFO: OrderBlocks: 5 detected, 0 unmitigated
01:11:46 core.sweep_detector INFO: FVGs: 4 detected, 1 unfilled
01:11:46 __main__ INFO: Pending signal #40: binance:BTC/USDT long entry=65430.2 current=66440.3 dist=1.52% expires=2h
01:11:46 alerts.telegram INFO: Alert suppressed (binance:BTC/USDT long): conf 0.65 < threshold 0.80
01:11:48 core.sweep_detector INFO: SweepDetector v2: 7 raw → 5 confirmed (vol≥2.5× body≥30%)
01:11:48 core.sweep_detector INFO: OrderBlocks: 4 detected, 2 unmitigated
01:11:48 core.sweep_detector INFO: FVGs: 10 detected, 4 unfilled
01:11:49 core.sweep_detector INFO: SweepDetector v2: 5 raw → 2 confirmed (vol≥2.5× body≥30%)
01:11:49 core.sweep_detector INFO: OrderBlocks: 3 detected, 1 unmitigated
01:11:49 core.sweep_detector INFO: FVGs: 7 detected, 1 unfilled
01:11:51 core.sweep_detector INFO: SweepDetector v2: 2 raw → 1 confirmed (vol≥2.5× body≥30%)
01:11:51 core.sweep_detector INFO: OrderBlocks: 3 detected, 0 unmitigated
01:11:51 core.sweep_detector INFO: FVGs: 11 detected, 3 unfilled
01:11:53 core.sweep_detector INFO: SweepDetector v2: 1 raw → 1 confirmed (vol≥2.5× body≥30%)
01:11:53 core.sweep_detector INFO: OrderBlocks: 7 detected, 2 unmitigated
01:11:53 core.sweep_detector INFO: FVGs: 10 detected, 2 unfilled
01:11:54 core.sweep_detector INFO: SweepDetector v2: 2 raw → 1 confirmed (vol≥2.5× body≥30%)
01:11:54 core.sweep_detector INFO: OrderBlocks: 6 detected, 4 unmitigated
01:11:54 core.sweep_detector INFO: FVGs: 6 detected, 2 unfilled
01:11:56 core.sweep_detector INFO: SweepDetector v2: 2 raw → 2 confirmed (vol≥2.5× body≥30%)
01:11:56 core.sweep_detector INFO: OrderBlocks: 6 detected, 1 unmitigated
01:11:56 core.sweep_detector INFO: FVGs: 3 detected, 1 unfilled
01:11:57 core.sweep_detector INFO: SweepDetector v2: 0 raw → 0 confirmed (vol≥2.5× body≥30%)
01:11:57 core.sweep_detector INFO: OrderBlocks: 6 detected, 3 unmitigated
01:11:57 core.sweep_detector INFO: FVGs: 6 detected, 3 unfilled
01:12:00 core.sweep_detector INFO: SweepDetector v2: 1 raw → 1 confirmed (vol≥2.5× body≥30%)
01:12:00 core.sweep_detector INFO: OrderBlocks: 7 detected, 2 unmitigated
01:12:00 core.sweep_detector INFO: FVGs: 5 detected, 3 unfilled
01:12:01 core.sweep_detector INFO: SweepDetector v2: 1 raw → 0 confirmed (vol≥2.5× body≥30%)
01:12:01 core.sweep_detector INFO: OrderBlocks: 4 detected, 0 unmitigated
01:12:01 core.sweep_detector INFO: FVGs: 9 detected, 0 unfilled
01:12:03 core.sweep_detector INFO: SweepDetector v2: 1 raw → 0 confirmed (vol≥2.5× body≥30%)
01:12:03 core.sweep_detector INFO: OrderBlocks: 2 detected, 2 unmitigated
01:12:03 core.sweep_detector INFO: FVGs: 8 detected, 6 unfilled
01:12:05 core.sweep_detector INFO: SweepDetector v2: 1 raw → 0 confirmed (vol≥2.5× body≥30%)
01:12:05 core.sweep_detector INFO: OrderBlocks: 5 detected, 2 unmitigated
01:12:05 core.sweep_detector INFO: FVGs: 7 detected, 5 unfilled
01:12:07 core.sweep_detector INFO: SweepDetector v2: 2 raw → 1 confirmed (vol≥2.5× body≥30%)
01:12:07 core.sweep_detector INFO: OrderBlocks: 6 detected, 4 unmitigated
01:12:07 core.sweep_detector INFO: FVGs: 5 detected, 3 unfilled
01:12:09 core.sweep_detector INFO: SweepDetector v2: 0 raw → 0 confirmed (vol≥2.5× body≥30%)
01:12:09 core.sweep_detector INFO: OrderBlocks: 5 detected, 1 unmitigated
01:12:09 core.sweep_detector INFO: FVGs: 10 detected, 5 unfilled
01:12:10 core.sweep_detector INFO: SweepDetector v2: 3 raw → 2 confirmed (vol≥2.5× body≥30%)
01:12:10 core.sweep_detector INFO: OrderBlocks: 7 detected, 3 unmitigated
01:12:10 core.sweep_detector INFO: FVGs: 14 detected, 6 unfilled
01:12:12 core.sweep_detector INFO: SweepDetector v2: 0 raw → 0 confirmed (vol≥2.5× body≥30%)
01:12:12 core.sweep_detector INFO: OrderBlocks: 4 detected, 0 unmitigated
01:12:12 core.sweep_detector INFO: FVGs: 8 detected, 0 unfilled
01:12:14 core.sweep_detector INFO: SweepDetector v2: 0 raw → 0 confirmed (vol≥2.5× body≥30%)
01:12:14 core.sweep_detector INFO: OrderBlocks: 8 detected, 2 unmitigated
01:12:14 core.sweep_detector INFO: FVGs: 14 detected, 3 unfilled
01:12:15 core.sweep_detector INFO: SweepDetector v2: 3 raw → 2 confirmed (vol≥2.5× body≥30%)
01:12:15 core.sweep_detector INFO: OrderBlocks: 3 detected, 0 unmitigated
01:12:15 core.sweep_detector INFO: FVGs: 9 detected, 3 unfilled
01:12:17 core.sweep_detector INFO: SweepDetector v2: 1 raw → 1 confirmed (vol≥2.5× body≥30%)
01:12:17 core.sweep_detector INFO: OrderBlocks: 3 detected, 0 unmitigated
01:12:17 core.sweep_detector INFO: FVGs: 7 detected, 1 unfilled
01:12:18 core.sweep_detector INFO: SweepDetector v2: 4 raw → 3 confirmed (vol≥2.5× body≥30%)
01:12:18 core.sweep_detector INFO: OrderBlocks: 4 detected, 1 unmitigated
01:12:18 core.sweep_detector INFO: FVGs: 8 detected, 0 unfilled
01:12:20 core.sweep_detector INFO: SweepDetector v2: 5 raw → 4 confirmed (vol≥2.5× body≥30%)
01:12:20 core.sweep_detector INFO: OrderBlocks: 3 detected, 0 unmitigated
01:12:20 core.sweep_detector INFO: FVGs: 10 detected, 1 unfilled
01:12:22 core.sweep_detector INFO: SweepDetector v2: 4 raw → 3 confirmed (vol≥2.5× body≥30%)
01:12:22 core.sweep_detector INFO: OrderBlocks: 3 detected, 1 unmitigated
01:12:22 core.sweep_detector INFO: FVGs: 9 detected, 3 unfilled
01:12:23 core.sweep_detector INFO: SweepDetector v2: 3 raw → 2 confirmed (vol≥2.5× body≥30%)
01:12:23 core.sweep_detector INFO: OrderBlocks: 5 detected, 1 unmitigated
01:12:23 core.sweep_detector INFO: FVGs: 5 detected, 1 unfilled
01:12:25 core.sweep_detector INFO: SweepDetector v2: 2 raw → 1 confirmed (vol≥2.5× body≥30%)
01:12:25 core.sweep_detector INFO: OrderBlocks: 5 detected, 1 unmitigated
01:12:25 core.sweep_detector INFO: FVGs: 11 detected, 1 unfilled
01:12:27 core.sweep_detector INFO: SweepDetector v2: 0 raw → 0 confirmed (vol≥2.5× body≥30%)
01:12:27 core.sweep_detector INFO: OrderBlocks: 7 detected, 1 unmitigated
01:12:27 core.sweep_detector INFO: FVGs: 5 detected, 1 unfilled
01:12:29 core.sweep_detector INFO: SweepDetector v2: 0 raw → 0 confirmed (vol≥2.5× body≥30%)
01:12:29 core.sweep_detector INFO: OrderBlocks: 6 detected, 1 unmitigated
01:12:29 core.sweep_detector INFO: FVGs: 11 detected, 1 unfilled
01:12:30 core.sweep_detector INFO: SweepDetector v2: 4 raw → 3 confirmed (vol≥2.5× body≥30%)
01:12:30 core.sweep_detector INFO: OrderBlocks: 3 detected, 2 unmitigated
01:12:30 core.sweep_detector INFO: FVGs: 11 detected, 2 unfilled
01:12:32 core.sweep_detector INFO: SweepDetector v2: 1 raw → 1 confirmed (vol≥2.5× body≥30%)
01:12:32 core.sweep_detector INFO: OrderBlocks: 7 detected, 1 unmitigated
01:12:32 core.sweep_detector INFO: FVGs: 6 detected, 1 unfilled
01:12:33 core.sweep_detector INFO: SweepDetector v2: 1 raw → 0 confirmed (vol≥2.5× body≥30%)
01:12:33 core.sweep_detector INFO: OrderBlocks: 4 detected, 1 unmitigated
01:12:33 core.sweep_detector INFO: FVGs: 10 detected, 2 unfilled
01:12:35 core.sweep_detector INFO: SweepDetector v2: 3 raw → 3 confirmed (vol≥2.5× body≥30%)
01:12:35 core.sweep_detector INFO: OrderBlocks: 3 detected, 0 unmitigated
01:12:35 core.sweep_detector INFO: FVGs: 6 detected, 1 unfilled
01:12:37 core.sweep_detector INFO: SweepDetector v2: 1 raw → 1 confirmed (vol≥2.5× body≥30%)
01:12:37 core.sweep_detector INFO: OrderBlocks: 2 detected, 0 unmitigated
01:12:37 core.sweep_detector INFO: FVGs: 6 detected, 2 unfilled
01:12:38 core.sweep_detector INFO: SweepDetector v2: 1 raw → 1 confirmed (vol≥2.5× body≥30%)
01:12:38 core.sweep_detector INFO: OrderBlocks: 5 detected, 3 unmitigated
01:12:38 core.sweep_detector INFO: FVGs: 12 detected, 4 unfilled
01:12:40 core.sweep_detector INFO: SweepDetector v2: 4 raw → 3 confirmed (vol≥2.5× body≥30%)
01:12:40 core.sweep_detector INFO: OrderBlocks: 3 detected, 0 unmitigated
01:12:40 core.sweep_detector INFO: FVGs: 7 detected, 2 unfilled
01:12:41 core.sweep_detector INFO: SweepDetector v2: 3 raw → 2 confirmed (vol≥2.5× body≥30%)
01:12:41 core.sweep_detector INFO: OrderBlocks: 5 detected, 0 unmitigated
01:12:41 core.sweep_detector INFO: FVGs: 9 detected, 1 unfilled
01:12:44 core.sweep_detector INFO: SweepDetector v2: 2 raw → 1 confirmed (vol≥2.5× body≥30%)
01:12:44 core.sweep_detector INFO: OrderBlocks: 5 detected, 0 unmitigated
01:12:44 core.sweep_detector INFO: FVGs: 7 detected, 0 unfilled
01:12:46 core.sweep_detector INFO: SweepDetector v2: 1 raw → 0 confirmed (vol≥2.5× body≥30%)
01:12:46 core.sweep_detector INFO: OrderBlocks: 8 detected, 2 unmitigated
01:12:46 core.sweep_detector INFO: FVGs: 12 detected, 0 unfilled
01:12:47 core.sweep_detector INFO: SweepDetector v2: 4 raw → 2 confirmed (vol≥2.5× body≥30%)
01:12:47 core.sweep_detector INFO: OrderBlocks: 3 detected, 1 unmitigated
01:12:47 core.sweep_detector INFO: FVGs: 5 detected, 0 unfilled
01:12:49 core.sweep_detector INFO: SweepDetector v2: 2 raw → 1 confirmed (vol≥2.5× body≥30%)
01:12:49 core.sweep_detector INFO: OrderBlocks: 4 detected, 1 unmitigated
01:12:49 core.sweep_detector INFO: FVGs: 9 detected, 3 unfilled
01:12:51 core.sweep_detector INFO: SweepDetector v2: 4 raw → 2 confirmed (vol≥2.5× body≥30%)
01:12:51 core.sweep_detector INFO: OrderBlocks: 4 detected, 0 unmitigated
01:12:51 core.sweep_detector INFO: FVGs: 8 detected, 1 unfilled
01:12:53 core.sweep_detector INFO: SweepDetector v2: 1 raw → 1 confirmed (vol≥2.5× body≥30%)
01:12:53 core.sweep_detector INFO: OrderBlocks: 3 detected, 0 unmitigated
01:12:53 core.sweep_detector INFO: FVGs: 8 detected, 1 unfilled
01:12:54 core.sweep_detector INFO: SweepDetector v2: 0 raw → 0 confirmed (vol≥2.5× body≥30%)
01:12:54 core.sweep_detector INFO: OrderBlocks: 3 detected, 0 unmitigated
01:12:54 core.sweep_detector INFO: FVGs: 0 detected, 0 unfilled
01:12:56 core.sweep_detector INFO: SweepDetector v2: 0 raw → 0 confirmed (vol≥2.5× body≥30%)
01:12:56 core.sweep_detector INFO: OrderBlocks: 2 detected, 2 unmitigated
01:12:56 core.sweep_detector INFO: FVGs: 0 detected, 0 unfilled
01:12:58 core.sweep_detector INFO: SweepDetector v2: 0 raw → 0 confirmed (vol≥2.5× body≥30%)
01:12:58 core.sweep_detector INFO: OrderBlocks: 5 detected, 1 unmitigated
01:12:58 core.sweep_detector INFO: FVGs: 0 detected, 0 unfilled
01:13:00 core.sweep_detector INFO: SweepDetector v2: 0 raw → 0 confirmed (vol≥2.5× body≥30%)
01:13:00 core.sweep_detector INFO: OrderBlocks: 0 detected, 0 unmitigated
01:13:00 core.sweep_detector INFO: FVGs: 0 detected, 0 unfilled
01:13:01 core.sweep_detector INFO: SweepDetector v2: 0 raw → 0 confirmed (vol≥2.5× body≥30%)
01:13:01 core.sweep_detector INFO: OrderBlocks: 0 detected, 0 unmitigated
01:13:01 core.sweep_detector INFO: FVGs: 0 detected, 0 unfilled
01:13:03 core.sweep_detector INFO: SweepDetector v2: 0 raw → 0 confirmed (vol≥2.5× body≥30%)
01:13:03 core.sweep_detector INFO: OrderBlocks: 0 detected, 0 unmitigated
01:13:03 core.sweep_detector INFO: FVGs: 0 detected, 0 unfilled
01:13:05 core.sweep_detector INFO: SweepDetector v2: 0 raw → 0 confirmed (vol≥2.5× body≥30%)
01:13:05 core.sweep_detector INFO: OrderBlocks: 5 detected, 1 unmitigated
01:13:05 core.sweep_detector INFO: FVGs: 12 detected, 2 unfilled
01:13:06 core.sweep_detector INFO: SweepDetector v2: 1 raw → 1 confirmed (vol≥2.5× body≥30%)
01:13:06 core.sweep_detector INFO: OrderBlocks: 3 detected, 1 unmitigated
01:13:06 core.sweep_detector INFO: FVGs: 11 detected, 2 unfilled
01:13:08 core.sweep_detector INFO: SweepDetector v2: 2 raw → 2 confirmed (vol≥2.5× body≥30%)
01:13:08 core.sweep_detector INFO: OrderBlocks: 8 detected, 1 unmitigated
01:13:08 core.sweep_detector INFO: FVGs: 5 detected, 3 unfilled
01:13:09 core.sweep_detector INFO: SweepDetector v2: 0 raw → 0 confirmed (vol≥2.5× body≥30%)
01:13:09 core.sweep_detector INFO: OrderBlocks: 6 detected, 2 unmitigated
01:13:09 core.sweep_detector INFO: FVGs: 9 detected, 3 unfilled
01:13:11 core.sweep_detector INFO: SweepDetector v2: 2 raw → 1 confirmed (vol≥2.5× body≥30%)
01:13:11 core.sweep_detector INFO: OrderBlocks: 3 detected, 2 unmitigated
01:13:11 core.sweep_detector INFO: FVGs: 10 detected, 2 unfilled
01:13:13 core.sweep_detector INFO: SweepDetector v2: 2 raw → 2 confirmed (vol≥2.5× body≥30%)
01:13:13 core.sweep_detector INFO: OrderBlocks: 2 detected, 1 unmitigated
01:13:13 core.sweep_detector INFO: FVGs: 5 detected, 1 unfilled
01:13:14 core.sweep_detector INFO: SweepDetector v2: 2 raw → 2 confirmed (vol≥2.5× body≥30%)
01:13:14 core.sweep_detector INFO: OrderBlocks: 6 detected, 0 unmitigated
01:13:14 core.sweep_detector INFO: FVGs: 7 detected, 0 unfilled
01:13:16 core.sweep_detector INFO: SweepDetector v2: 6 raw → 6 confirmed (vol≥2.5× body≥30%)
01:13:16 core.sweep_detector INFO: OrderBlocks: 2 detected, 0 unmitigated
01:13:16 core.sweep_detector INFO: FVGs: 9 detected, 2 unfilled
01:13:17 core.sweep_detector INFO: SweepDetector v2: 5 raw → 4 confirmed (vol≥2.5× body≥30%)
01:13:17 core.sweep_detector INFO: OrderBlocks: 5 detected, 1 unmitigated
01:13:17 core.sweep_detector INFO: FVGs: 10 detected, 3 unfilled
01:13:19 core.sweep_detector INFO: SweepDetector v2: 1 raw → 1 confirmed (vol≥2.5× body≥30%)
01:13:19 core.sweep_detector INFO: OrderBlocks: 6 detected, 2 unmitigated
01:13:19 core.sweep_detector INFO: FVGs: 9 detected, 3 unfilled
01:13:21 core.sweep_detector INFO: SweepDetector v2: 1 raw → 1 confirmed (vol≥2.5× body≥30%)
01:13:21 core.sweep_detector INFO: OrderBlocks: 3 detected, 2 unmitigated
01:13:21 core.sweep_detector INFO: FVGs: 7 detected, 2 unfilled
01:13:22 core.sweep_detector INFO: SweepDetector v2: 1 raw → 1 confirmed (vol≥2.5× body≥30%)
01:13:22 core.sweep_detector INFO: OrderBlocks: 7 detected, 1 unmitigated
01:13:22 core.sweep_detector INFO: FVGs: 3 detected, 1 unfilled
01:13:24 core.sweep_detector INFO: SweepDetector v2: 2 raw → 1 confirmed (vol≥2.5× body≥30%)
01:13:24 core.sweep_detector INFO: OrderBlocks: 8 detected, 2 unmitigated
01:13:24 core.sweep_detector INFO: FVGs: 13 detected, 5 unfilled
01:13:25 core.sweep_detector INFO: SweepDetector v2: 3 raw → 3 confirmed (vol≥2.5× body≥30%)
01:13:25 core.sweep_detector INFO: OrderBlocks: 5 detected, 1 unmitigated
01:13:25 core.sweep_detector INFO: FVGs: 17 detected, 5 unfilled
01:13:27 core.sweep_detector INFO: SweepDetector v2: 2 raw → 0 confirmed (vol≥2.5× body≥30%)
01:13:27 core.sweep_detector INFO: OrderBlocks: 6 detected, 2 unmitigated
01:13:27 core.sweep_detector INFO: FVGs: 14 detected, 5 unfilled
01:13:29 core.sweep_detector INFO: SweepDetector v2: 3 raw → 2 confirmed (vol≥2.5× body≥30%)
01:13:29 core.sweep_detector INFO: OrderBlocks: 6 detected, 3 unmitigated
01:13:29 core.sweep_detector INFO: FVGs: 13 detected, 3 unfilled
01:13:30 core.sweep_detector INFO: SweepDetector v2: 2 raw → 0 confirmed (vol≥2.5× body≥30%)
01:13:30 core.sweep_detector INFO: OrderBlocks: 9 detected, 4 unmitigated
01:13:30 core.sweep_detector INFO: FVGs: 13 detected, 3 unfilled
01:13:32 core.sweep_detector INFO: SweepDetector v2: 1 raw → 0 confirmed (vol≥2.5× body≥30%)
01:13:32 core.sweep_detector INFO: OrderBlocks: 2 detected, 0 unmitigated
01:13:32 core.sweep_detector INFO: FVGs: 12 detected, 3 unfilled
01:13:33 core.sweep_detector INFO: SweepDetector v2: 2 raw → 2 confirmed (vol≥2.5× body≥30%)
01:13:33 core.sweep_detector INFO: OrderBlocks: 8 detected, 2 unmitigated
01:13:33 core.sweep_detector INFO: FVGs: 8 detected, 4 unfilled
01:13:35 core.sweep_detector INFO: SweepDetector v2: 1 raw → 1 confirmed (vol≥2.5× body≥30%)
01:13:35 core.sweep_detector INFO: OrderBlocks: 3 detected, 1 unmitigated
01:13:35 core.sweep_detector INFO: FVGs: 8 detected, 3 unfilled
01:13:37 core.sweep_detector INFO: SweepDetector v2: 3 raw → 2 confirmed (vol≥2.5× body≥30%)
01:13:37 core.sweep_detector INFO: OrderBlocks: 8 detected, 0 unmitigated
01:13:37 core.sweep_detector INFO: FVGs: 5 detected, 1 unfilled
01:13:39 core.sweep_detector INFO: SweepDetector v2: 0 raw → 0 confirmed (vol≥2.5× body≥30%)
01:13:39 core.sweep_detector INFO: OrderBlocks: 3 detected, 1 unmitigated
01:13:39 core.sweep_detector INFO: FVGs: 12 detected, 2 unfilled
01:13:41 core.sweep_detector INFO: SweepDetector v2: 0 raw → 0 confirmed (vol≥2.5× body≥30%)
01:13:41 core.sweep_detector INFO: OrderBlocks: 3 detected, 0 unmitigated
01:13:41 core.sweep_detector INFO: FVGs: 10 detected, 2 unfilled
01:13:42 core.sweep_detector INFO: SweepDetector v2: 2 raw → 2 confirmed (vol≥2.5× body≥30%)
01:13:42 core.sweep_detector INFO: OrderBlocks: 3 detected, 3 unmitigated
01:13:42 core.sweep_detector INFO: FVGs: 9 detected, 2 unfilled
01:13:44 core.sweep_detector INFO: SweepDetector v2: 0 raw → 0 confirmed (vol≥2.5× body≥30%)
01:13:44 core.sweep_detector INFO: OrderBlocks: 7 detected, 3 unmitigated
01:13:44 core.sweep_detector INFO: FVGs: 11 detected, 6 unfilled
01:13:46 core.sweep_detector INFO: SweepDetector v2: 0 raw → 0 confirmed (vol≥2.5× body≥30%)
01:13:46 core.sweep_detector INFO: OrderBlocks: 1 detected, 0 unmitigated
01:13:46 core.sweep_detector INFO: FVGs: 11 detected, 2 unfilled
01:13:47 core.sweep_detector INFO: SweepDetector v2: 1 raw → 1 confirmed (vol≥2.5× body≥30%)
01:13:47 core.sweep_detector INFO: OrderBlocks: 9 detected, 2 unmitigated
01:13:47 core.sweep_detector INFO: FVGs: 14 detected, 2 unfilled
01:13:49 core.sweep_detector INFO: SweepDetector v2: 9 raw → 6 confirmed (vol≥2.5× body≥30%)
01:13:49 core.sweep_detector INFO: OrderBlocks: 7 detected, 2 unmitigated
01:13:49 core.sweep_detector INFO: FVGs: 10 detected, 7 unfilled
01:13:50 core.sweep_detector INFO: SweepDetector v2: 4 raw → 3 confirmed (vol≥2.5× body≥30%)
01:13:50 core.sweep_detector INFO: OrderBlocks: 5 detected, 1 unmitigated
01:13:50 core.sweep_detector INFO: FVGs: 7 detected, 3 unfilled
01:13:52 core.sweep_detector INFO: SweepDetector v2: 1 raw → 0 confirmed (vol≥2.5× body≥30%)
01:13:52 core.sweep_detector INFO: OrderBlocks: 7 detected, 1 unmitigated
01:13:52 core.sweep_detector INFO: FVGs: 7 detected, 1 unfilled
01:13:54 core.sweep_detector INFO: SweepDetector v2: 1 raw → 0 confirmed (vol≥2.5× body≥30%)
01:13:54 core.sweep_detector INFO: OrderBlocks: 7 detected, 1 unmitigated
01:13:54 core.sweep_detector INFO: FVGs: 7 detected, 0 unfilled
01:13:55 core.sweep_detector INFO: SweepDetector v2: 2 raw → 1 confirmed (vol≥2.5× body≥30%)
01:13:55 core.sweep_detector INFO: OrderBlocks: 1 detected, 0 unmitigated
01:13:55 core.sweep_detector INFO: FVGs: 8 detected, 1 unfilled
01:13:57 core.sweep_detector INFO: SweepDetector v2: 1 raw → 1 confirmed (vol≥2.5× body≥30%)
01:13:57 core.sweep_detector INFO: OrderBlocks: 8 detected, 0 unmitigated
01:13:57 core.sweep_detector INFO: FVGs: 4 detected, 0 unfilled
01:13:59 core.sweep_detector INFO: SweepDetector v2: 1 raw → 1 confirmed (vol≥2.5× body≥30%)
01:13:59 core.sweep_detector INFO: OrderBlocks: 4 detected, 2 unmitigated
01:13:59 core.sweep_detector INFO: FVGs: 8 detected, 4 unfilled
01:14:00 core.sweep_detector INFO: SweepDetector v2: 3 raw → 2 confirmed (vol≥2.5× body≥30%)
01:14:00 core.sweep_detector INFO: OrderBlocks: 5 detected, 1 unmitigated
01:14:00 core.sweep_detector INFO: FVGs: 6 detected, 2 unfilled
01:14:03 core.sweep_detector INFO: SweepDetector v2: 1 raw → 1 confirmed (vol≥2.5× body≥30%)
01:14:03 core.sweep_detector INFO: OrderBlocks: 4 detected, 1 unmitigated
01:14:03 core.sweep_detector INFO: FVGs: 5 detected, 1 unfilled
01:14:05 core.sweep_detector INFO: SweepDetector v2: 0 raw → 0 confirmed (vol≥2.5× body≥30%)
01:14:05 core.sweep_detector INFO: OrderBlocks: 6 detected, 2 unmitigated
01:14:05 core.sweep_detector INFO: FVGs: 4 detected, 2 unfilled
01:14:06 core.sweep_detector INFO: SweepDetector v2: 2 raw → 2 confirmed (vol≥2.5× body≥30%)
01:14:06 core.sweep_detector INFO: OrderBlocks: 3 detected, 0 unmitigated
01:14:06 core.sweep_detector INFO: FVGs: 8 detected, 2 unfilled
01:14:08 core.sweep_detector INFO: SweepDetector v2: 1 raw → 1 confirmed (vol≥2.5× body≥30%)
01:14:08 core.sweep_detector INFO: OrderBlocks: 8 detected, 1 unmitigated
01:14:08 core.sweep_detector INFO: FVGs: 6 detected, 1 unfilled
01:14:10 core.sweep_detector INFO: SweepDetector v2: 1 raw → 1 confirmed (vol≥2.5× body≥30%)
01:14:10 core.sweep_detector INFO: OrderBlocks: 7 detected, 2 unmitigated
01:14:10 core.sweep_detector INFO: FVGs: 5 detected, 4 unfilled
01:14:11 core.sweep_detector INFO: SweepDetector v2: 3 raw → 2 confirmed (vol≥2.5× body≥30%)
01:14:11 core.sweep_detector INFO: OrderBlocks: 2 detected, 0 unmitigated
01:14:11 core.sweep_detector INFO: FVGs: 5 detected, 1 unfilled
01:14:13 core.sweep_detector INFO: SweepDetector v2: 1 raw → 1 confirmed (vol≥2.5× body≥30%)
01:14:13 core.sweep_detector INFO: OrderBlocks: 5 detected, 0 unmitigated
01:14:13 core.sweep_detector INFO: FVGs: 5 detected, 1 unfilled
01:14:15 core.sweep_detector INFO: SweepDetector v2: 0 raw → 0 confirmed (vol≥2.5× body≥30%)
01:14:15 core.sweep_detector INFO: OrderBlocks: 3 detected, 1 unmitigated
01:14:15 core.sweep_detector INFO: FVGs: 12 detected, 4 unfilled
01:14:16 core.sweep_detector INFO: SweepDetector v2: 1 raw → 1 confirmed (vol≥2.5× body≥30%)
01:14:16 core.sweep_detector INFO: OrderBlocks: 8 detected, 2 unmitigated
01:14:16 core.sweep_detector INFO: FVGs: 11 detected, 4 unfilled
01:14:18 core.sweep_detector INFO: SweepDetector v2: 3 raw → 1 confirmed (vol≥2.5× body≥30%)
01:14:18 core.sweep_detector INFO: OrderBlocks: 7 detected, 0 unmitigated
01:14:18 core.sweep_detector INFO: FVGs: 5 detected, 0 unfilled
01:14:19 core.sweep_detector INFO: SweepDetector v2: 3 raw → 2 confirmed (vol≥2.5× body≥30%)
01:14:19 core.sweep_detector INFO: OrderBlocks: 11 detected, 3 unmitigated
01:14:19 core.sweep_detector INFO: FVGs: 13 detected, 1 unfilled
01:14:21 core.sweep_detector INFO: SweepDetector v2: 3 raw → 2 confirmed (vol≥2.5× body≥30%)
01:14:21 core.sweep_detector INFO: OrderBlocks: 5 detected, 0 unmitigated
01:14:21 core.sweep_detector INFO: FVGs: 10 detected, 2 unfilled
01:14:22 core.sweep_detector INFO: SweepDetector v2: 2 raw → 2 confirmed (vol≥2.5× body≥30%)
01:14:22 core.sweep_detector INFO: OrderBlocks: 7 detected, 3 unmitigated
01:14:22 core.sweep_detector INFO: FVGs: 2 detected, 1 unfilled
01:14:24 core.sweep_detector INFO: SweepDetector v2: 2 raw → 2 confirmed (vol≥2.5× body≥30%)
01:14:24 core.sweep_detector INFO: OrderBlocks: 13 detected, 1 unmitigated
01:14:24 core.sweep_detector INFO: FVGs: 16 detected, 2 unfilled
01:14:26 core.sweep_detector INFO: SweepDetector v2: 3 raw → 3 confirmed (vol≥2.5× body≥30%)
01:14:26 core.sweep_detector INFO: OrderBlocks: 5 detected, 3 unmitigated
01:14:26 core.sweep_detector INFO: FVGs: 6 detected, 3 unfilled
01:14:28 core.sweep_detector INFO: SweepDetector v2: 2 raw → 1 confirmed (vol≥2.5× body≥30%)
01:14:28 core.sweep_detector INFO: OrderBlocks: 7 detected, 2 unmitigated
01:14:28 core.sweep_detector INFO: FVGs: 4 detected, 1 unfilled
01:14:29 core.sweep_detector INFO: SweepDetector v2: 6 raw → 3 confirmed (vol≥2.5× body≥30%)
01:14:29 core.sweep_detector INFO: OrderBlocks: 6 detected, 4 unmitigated
01:14:29 core.sweep_detector INFO: FVGs: 10 detected, 4 unfilled
01:14:31 core.sweep_detector INFO: SweepDetector v2: 5 raw → 4 confirmed (vol≥2.5× body≥30%)
01:14:31 core.sweep_detector INFO: OrderBlocks: 5 detected, 2 unmitigated
01:14:31 core.sweep_detector INFO: FVGs: 9 detected, 4 unfilled
01:14:33 core.sweep_detector INFO: SweepDetector v2: 1 raw → 1 confirmed (vol≥2.5× body≥30%)
01:14:33 core.sweep_detector INFO: OrderBlocks: 4 detected, 1 unmitigated
01:14:33 core.sweep_detector INFO: FVGs: 8 detected, 3 unfilled
01:14:34 core.sweep_detector INFO: SweepDetector v2: 1 raw → 1 confirmed (vol≥2.5× body≥30%)
01:14:34 core.sweep_detector INFO: OrderBlocks: 4 detected, 2 unmitigated
01:14:34 core.sweep_detector INFO: FVGs: 7 detected, 3 unfilled
01:14:36 core.sweep_detector INFO: SweepDetector v2: 3 raw → 3 confirmed (vol≥2.5× body≥30%)
01:14:36 core.sweep_detector INFO: OrderBlocks: 4 detected, 1 unmitigated
01:14:36 core.sweep_detector INFO: FVGs: 8 detected, 1 unfilled
01:14:37 core.sweep_detector INFO: SweepDetector v2: 2 raw → 2 confirmed (vol≥2.5× body≥30%)
01:14:37 core.sweep_detector INFO: OrderBlocks: 4 detected, 0 unmitigated
01:14:37 core.sweep_detector INFO: FVGs: 6 detected, 1 unfilled
01:14:39 core.sweep_detector INFO: SweepDetector v2: 1 raw → 1 confirmed (vol≥2.5× body≥30%)
01:14:39 core.sweep_detector INFO: OrderBlocks: 5 detected, 2 unmitigated
01:14:39 core.sweep_detector INFO: FVGs: 10 detected, 5 unfilled
01:14:40 core.sweep_detector INFO: SweepDetector v2: 2 raw → 0 confirmed (vol≥2.5× body≥30%)
01:14:40 core.sweep_detector INFO: OrderBlocks: 6 detected, 1 unmitigated
01:14:40 core.sweep_detector INFO: FVGs: 11 detected, 1 unfilled
01:14:42 core.sweep_detector INFO: SweepDetector v2: 1 raw → 1 confirmed (vol≥2.5× body≥30%)
01:14:42 core.sweep_detector INFO: OrderBlocks: 9 detected, 2 unmitigated
01:14:42 core.sweep_detector INFO: FVGs: 6 detected, 0 unfilled
01:14:44 core.sweep_detector INFO: SweepDetector v2: 3 raw → 2 confirmed (vol≥2.5× body≥30%)
01:14:44 core.sweep_detector INFO: OrderBlocks: 4 detected, 0 unmitigated
01:14:44 core.sweep_detector INFO: FVGs: 8 detected, 1 unfilled
01:14:45 core.sweep_detector INFO: SweepDetector v2: 3 raw → 3 confirmed (vol≥2.5× body≥30%)
01:14:45 core.sweep_detector INFO: OrderBlocks: 4 detected, 2 unmitigated
01:14:45 core.sweep_detector INFO: FVGs: 5 detected, 2 unfilled
01:14:47 core.sweep_detector INFO: SweepDetector v2: 0 raw → 0 confirmed (vol≥2.5× body≥30%)
01:14:47 core.sweep_detector INFO: OrderBlocks: 6 detected, 2 unmitigated
01:14:47 core.sweep_detector INFO: FVGs: 1 detected, 1 unfilled
01:14:49 core.sweep_detector INFO: SweepDetector v2: 0 raw → 0 confirmed (vol≥2.5× body≥30%)
01:14:49 core.sweep_detector INFO: OrderBlocks: 6 detected, 3 unmitigated
01:14:49 core.sweep_detector INFO: FVGs: 10 detected, 4 unfilled
01:14:50 core.sweep_detector INFO: SweepDetector v2: 4 raw → 3 confirmed (vol≥2.5× body≥30%)
01:14:50 core.sweep_detector INFO: OrderBlocks: 4 detected, 1 unmitigated
01:14:50 core.sweep_detector INFO: FVGs: 7 detected, 2 unfilled
01:14:52 core.sweep_detector INFO: SweepDetector v2: 2 raw → 2 confirmed (vol≥2.5× body≥30%)
01:14:52 core.sweep_detector INFO: OrderBlocks: 2 detected, 0 unmitigated
01:14:52 core.sweep_detector INFO: FVGs: 6 detected, 1 unfilled
01:14:54 core.sweep_detector INFO: SweepDetector v2: 1 raw → 1 confirmed (vol≥2.5× body≥30%)
01:14:54 core.sweep_detector INFO: OrderBlocks: 3 detected, 1 unmitigated
01:14:54 core.sweep_detector INFO: FVGs: 5 detected, 1 unfilled
01:14:55 core.sweep_detector INFO: SweepDetector v2: 3 raw → 3 confirmed (vol≥2.5× body≥30%)
01:14:56 core.sweep_detector INFO: OrderBlocks: 3 detected, 1 unmitigated
01:14:56 core.sweep_detector INFO: FVGs: 5 detected, 1 unfilled
01:14:58 core.sweep_detector INFO: SweepDetector v2: 2 raw → 2 confirmed (vol≥2.5× body≥30%)
01:14:58 core.sweep_detector INFO: OrderBlocks: 2 detected, 0 unmitigated
01:14:58 core.sweep_detector INFO: FVGs: 3 detected, 1 unfilled
01:15:00 core.sweep_detector INFO: SweepDetector v2: 2 raw → 2 confirmed (vol≥2.5× body≥30%)
01:15:00 core.sweep_detector INFO: OrderBlocks: 8 detected, 3 unmitigated
01:15:00 core.sweep_detector INFO: FVGs: 9 detected, 2 unfilled
01:15:02 core.sweep_detector INFO: SweepDetector v2: 4 raw → 2 confirmed (vol≥2.5× body≥30%)
01:15:02 core.sweep_detector INFO: OrderBlocks: 3 detected, 1 unmitigated
01:15:02 core.sweep_detector INFO: FVGs: 10 detected, 1 unfilled
01:15:03 core.sweep_detector INFO: SweepDetector v2: 3 raw → 1 confirmed (vol≥2.5× body≥30%)
01:15:03 core.sweep_detector INFO: OrderBlocks: 4 detected, 0 unmitigated
01:15:03 core.sweep_detector INFO: FVGs: 7 detected, 2 unfilled
01:15:05 core.sweep_detector INFO: SweepDetector v2: 1 raw → 0 confirmed (vol≥2.5× body≥30%)
01:15:05 core.sweep_detector INFO: OrderBlocks: 5 detected, 1 unmitigated
01:15:05 core.sweep_detector INFO: FVGs: 5 detected, 2 unfilled
01:15:07 core.sweep_detector INFO: SweepDetector v2: 4 raw → 4 confirmed (vol≥2.5× body≥30%)
01:15:07 core.sweep_detector INFO: OrderBlocks: 2 detected, 0 unmitigated
01:15:07 core.sweep_detector INFO: FVGs: 9 detected, 2 unfilled
01:15:09 core.sweep_detector INFO: SweepDetector v2: 1 raw → 1 confirmed (vol≥2.5× body≥30%)
01:15:09 core.sweep_detector INFO: OrderBlocks: 3 detected, 0 unmitigated
01:15:09 core.sweep_detector INFO: FVGs: 7 detected, 2 unfilled
01:15:10 core.sweep_detector INFO: SweepDetector v2: 3 raw → 2 confirmed (vol≥2.5× body≥30%)
01:15:10 core.sweep_detector INFO: OrderBlocks: 3 detected, 0 unmitigated
01:15:10 core.sweep_detector INFO: FVGs: 5 detected, 0 unfilled
01:15:12 core.sweep_detector INFO: SweepDetector v2: 3 raw → 3 confirmed (vol≥2.5× body≥30%)
01:15:12 core.sweep_detector INFO: OrderBlocks: 1 detected, 0 unmitigated
01:15:12 core.sweep_detector INFO: FVGs: 8 detected, 2 unfilled
01:15:14 core.sweep_detector INFO: SweepDetector v2: 2 raw → 2 confirmed (vol≥2.5× body≥30%)
01:15:14 core.sweep_detector INFO: OrderBlocks: 0 detected, 0 unmitigated
01:15:14 core.sweep_detector INFO: FVGs: 7 detected, 2 unfilled
01:15:15 core.sweep_detector INFO: SweepDetector v2: 2 raw → 2 confirmed (vol≥2.5× body≥30%)
01:15:15 core.sweep_detector INFO: OrderBlocks: 6 detected, 3 unmitigated
01:15:15 core.sweep_detector INFO: FVGs: 9 detected, 2 unfilled
01:15:17 core.sweep_detector INFO: SweepDetector v2: 1 raw → 1 confirmed (vol≥2.5× body≥30%)
01:15:17 core.sweep_detector INFO: OrderBlocks: 4 detected, 1 unmitigated
01:15:17 core.sweep_detector INFO: FVGs: 8 detected, 2 unfilled
01:15:18 core.sweep_detector INFO: SweepDetector v2: 1 raw → 1 confirmed (vol≥2.5× body≥30%)
01:15:18 core.sweep_detector INFO: OrderBlocks: 6 detected, 2 unmitigated
01:15:18 core.sweep_detector INFO: FVGs: 7 detected, 2 unfilled
01:15:20 core.sweep_detector INFO: SweepDetector v2: 0 raw → 0 confirmed (vol≥2.5× body≥30%)
01:15:20 core.sweep_detector INFO: OrderBlocks: 1 detected, 0 unmitigated
01:15:20 core.sweep_detector INFO: FVGs: 0 detected, 0 unfilled
01:15:22 core.sweep_detector INFO: SweepDetector v2: 0 raw → 0 confirmed (vol≥2.5× body≥30%)
01:15:22 core.sweep_detector INFO: OrderBlocks: 0 detected, 0 unmitigated
01:15:22 core.sweep_detector INFO: FVGs: 0 detected, 0 unfilled
01:15:23 core.sweep_detector INFO: SweepDetector v2: 0 raw → 0 confirmed (vol≥2.5× body≥30%)
01:15:23 core.sweep_detector INFO: OrderBlocks: 0 detected, 0 unmitigated
01:15:23 core.sweep_detector INFO: FVGs: 0 detected, 0 unfilled
01:15:25 core.sweep_detector INFO: SweepDetector v2: 2 raw → 2 confirmed (vol≥2.5× body≥30%)
01:15:25 core.sweep_detector INFO: OrderBlocks: 5 detected, 2 unmitigated
01:15:25 core.sweep_detector INFO: FVGs: 7 detected, 2 unfilled
01:15:27 core.sweep_detector INFO: SweepDetector v2: 3 raw → 3 confirmed (vol≥2.5× body≥30%)
01:15:27 core.sweep_detector INFO: OrderBlocks: 4 detected, 0 unmitigated
01:15:27 core.sweep_detector INFO: FVGs: 9 detected, 2 unfilled
01:15:30 core.sweep_detector INFO: SweepDetector v2: 1 raw → 1 confirmed (vol≥2.5× body≥30%)
01:15:30 core.sweep_detector INFO: OrderBlocks: 8 detected, 3 unmitigated
01:15:30 core.sweep_detector INFO: FVGs: 8 detected, 3 unfilled
01:15:31 core.sweep_detector INFO: SweepDetector v2: 2 raw → 1 confirmed (vol≥2.5× body≥30%)
01:15:31 core.sweep_detector INFO: OrderBlocks: 7 detected, 2 unmitigated
01:15:31 core.sweep_detector INFO: FVGs: 12 detected, 1 unfilled
01:15:33 core.sweep_detector INFO: SweepDetector v2: 1 raw → 0 confirmed (vol≥2.5× body≥30%)
01:15:33 core.sweep_detector INFO: OrderBlocks: 1 detected, 1 unmitigated
01:15:33 core.sweep_detector INFO: FVGs: 9 detected, 5 unfilled
01:15:34 core.sweep_detector INFO: SweepDetector v2: 1 raw → 0 confirmed (vol≥2.5× body≥30%)
01:15:34 core.sweep_detector INFO: OrderBlocks: 7 detected, 3 unmitigated
01:15:34 core.sweep_detector INFO: FVGs: 10 detected, 1 unfilled
01:15:36 core.sweep_detector INFO: SweepDetector v2: 0 raw → 0 confirmed (vol≥2.5× body≥30%)
01:15:36 core.sweep_detector INFO: OrderBlocks: 4 detected, 2 unmitigated
01:15:36 core.sweep_detector INFO: FVGs: 11 detected, 8 unfilled
01:15:38 core.sweep_detector INFO: SweepDetector v2: 0 raw → 0 confirmed (vol≥2.5× body≥30%)
01:15:38 core.sweep_detector INFO: OrderBlocks: 3 detected, 1 unmitigated
01:15:38 core.sweep_detector INFO: FVGs: 5 detected, 1 unfilled
01:15:40 core.sweep_detector INFO: SweepDetector v2: 2 raw → 2 confirmed (vol≥2.5× body≥30%)
01:15:40 core.sweep_detector INFO: OrderBlocks: 4 detected, 1 unmitigated
01:15:40 core.sweep_detector INFO: FVGs: 1 detected, 0 unfilled
01:15:41 core.sweep_detector INFO: SweepDetector v2: 5 raw → 3 confirmed (vol≥2.5× body≥30%)
01:15:41 core.sweep_detector INFO: OrderBlocks: 7 detected, 2 unmitigated
01:15:41 core.sweep_detector INFO: FVGs: 9 detected, 2 unfilled
01:15:43 core.sweep_detector INFO: SweepDetector v2: 2 raw → 2 confirmed (vol≥2.5× body≥30%)
01:15:43 core.sweep_detector INFO: OrderBlocks: 4 detected, 3 unmitigated
01:15:43 core.sweep_detector INFO: FVGs: 17 detected, 5 unfilled
01:15:44 core.sweep_detector INFO: SweepDetector v2: 1 raw → 1 confirmed (vol≥2.5× body≥30%)
01:15:44 core.sweep_detector INFO: OrderBlocks: 2 detected, 2 unmitigated
01:15:44 core.sweep_detector INFO: FVGs: 10 detected, 5 unfilled
01:15:46 core.sweep_detector INFO: SweepDetector v2: 0 raw → 0 confirmed (vol≥2.5× body≥30%)
01:15:46 core.sweep_detector INFO: OrderBlocks: 6 detected, 2 unmitigated
01:15:46 core.sweep_detector INFO: FVGs: 8 detected, 2 unfilled
01:15:48 core.sweep_detector INFO: SweepDetector v2: 3 raw → 3 confirmed (vol≥2.5× body≥30%)
01:15:48 core.sweep_detector INFO: OrderBlocks: 4 detected, 3 unmitigated
01:15:48 core.sweep_detector INFO: FVGs: 7 detected, 2 unfilled
01:15:50 core.sweep_detector INFO: SweepDetector v2: 1 raw → 1 confirmed (vol≥2.5× body≥30%)
01:15:50 core.sweep_detector INFO: OrderBlocks: 2 detected, 0 unmitigated
01:15:50 core.sweep_detector INFO: FVGs: 4 detected, 2 unfilled
01:15:51 core.sweep_detector INFO: SweepDetector v2: 1 raw → 1 confirmed (vol≥2.5× body≥30%)
01:15:51 core.sweep_detector INFO: OrderBlocks: 4 detected, 3 unmitigated
01:15:51 core.sweep_detector INFO: FVGs: 12 detected, 9 unfilled
01:15:54 core.sweep_detector INFO: SweepDetector v2: 1 raw → 1 confirmed (vol≥2.5× body≥30%)
01:15:54 core.sweep_detector INFO: OrderBlocks: 1 detected, 1 unmitigated
01:15:54 core.sweep_detector INFO: FVGs: 2 detected, 2 unfilled
01:15:56 core.sweep_detector INFO: SweepDetector v2: 3 raw → 3 confirmed (vol≥2.5× body≥30%)
01:15:56 core.sweep_detector INFO: OrderBlocks: 9 detected, 2 unmitigated
01:15:56 core.sweep_detector INFO: FVGs: 9 detected, 5 unfilled
01:15:58 core.sweep_detector INFO: SweepDetector v2: 1 raw → 0 confirmed (vol≥2.5× body≥30%)
01:15:58 core.sweep_detector INFO: OrderBlocks: 7 detected, 1 unmitigated
01:15:58 core.sweep_detector INFO: FVGs: 8 detected, 3 unfilled
01:16:00 core.sweep_detector INFO: SweepDetector v2: 4 raw → 2 confirmed (vol≥2.5× body≥30%)
01:16:00 core.sweep_detector INFO: OrderBlocks: 4 detected, 3 unmitigated
01:16:00 core.sweep_detector INFO: FVGs: 8 detected, 2 unfilled
01:16:02 core.sweep_detector INFO: SweepDetector v2: 1 raw → 1 confirmed (vol≥2.5× body≥30%)
01:16:02 core.sweep_detector INFO: OrderBlocks: 6 detected, 1 unmitigated
01:16:02 core.sweep_detector INFO: FVGs: 6 detected, 2 unfilled
01:16:03 core.sweep_detector INFO: SweepDetector v2: 2 raw → 2 confirmed (vol≥2.5× body≥30%)
01:16:03 core.sweep_detector INFO: OrderBlocks: 5 detected, 2 unmitigated
01:16:03 core.sweep_detector INFO: FVGs: 12 detected, 2 unfilled
01:16:05 core.sweep_detector INFO: SweepDetector v2: 1 raw → 1 confirmed (vol≥2.5× body≥30%)
01:16:05 core.sweep_detector INFO: OrderBlocks: 4 detected, 1 unmitigated
01:16:05 core.sweep_detector INFO: FVGs: 14 detected, 5 unfilled
01:16:07 core.sweep_detector INFO: SweepDetector v2: 0 raw → 0 confirmed (vol≥2.5× body≥30%)
01:16:07 core.sweep_detector INFO: OrderBlocks: 4 detected, 1 unmitigated
01:16:07 core.sweep_detector INFO: FVGs: 14 detected, 9 unfilled
01:16:09 core.sweep_detector INFO: SweepDetector v2: 7 raw → 5 confirmed (vol≥2.5× body≥30%)
01:16:09 core.sweep_detector INFO: OrderBlocks: 6 detected, 5 unmitigated
01:16:09 core.sweep_detector INFO: FVGs: 13 detected, 8 unfilled
01:16:10 core.sweep_detector INFO: SweepDetector v2: 2 raw → 1 confirmed (vol≥2.5× body≥30%)
01:16:10 core.sweep_detector INFO: OrderBlocks: 1 detected, 0 unmitigated
01:16:10 core.sweep_detector INFO: FVGs: 5 detected, 1 unfilled
01:16:12 core.sweep_detector INFO: SweepDetector v2: 3 raw → 3 confirmed (vol≥2.5× body≥30%)
01:16:12 core.sweep_detector INFO: OrderBlocks: 3 detected, 1 unmitigated
01:16:12 core.sweep_detector INFO: FVGs: 9 detected, 3 unfilled
01:16:14 core.sweep_detector INFO: SweepDetector v2: 0 raw → 0 confirmed (vol≥2.5× body≥30%)
01:16:14 core.sweep_detector INFO: OrderBlocks: 6 detected, 4 unmitigated
01:16:14 core.sweep_detector INFO: FVGs: 13 detected, 4 unfilled
01:16:15 core.sweep_detector INFO: SweepDetector v2: 3 raw → 2 confirmed (vol≥2.5× body≥30%)
01:16:15 core.sweep_detector INFO: OrderBlocks: 4 detected, 3 unmitigated
01:16:15 core.sweep_detector INFO: FVGs: 7 detected, 4 unfilled
01:16:17 core.sweep_detector INFO: SweepDetector v2: 2 raw → 1 confirmed (vol≥2.5× body≥30%)
01:16:17 core.sweep_detector INFO: OrderBlocks: 7 detected, 0 unmitigated
01:16:17 core.sweep_detector INFO: FVGs: 7 detected, 2 unfilled
01:16:19 core.sweep_detector INFO: SweepDetector v2: 3 raw → 3 confirmed (vol≥2.5× body≥30%)
01:16:19 core.sweep_detector INFO: OrderBlocks: 3 detected, 1 unmitigated
01:16:19 core.sweep_detector INFO: FVGs: 4 detected, 1 unfilled
01:16:20 core.sweep_detector INFO: SweepDetector v2: 3 raw → 2 confirmed (vol≥2.5× body≥30%)
01:16:20 core.sweep_detector INFO: OrderBlocks: 6 detected, 1 unmitigated
01:16:20 core.sweep_detector INFO: FVGs: 5 detected, 1 unfilled
01:16:22 core.sweep_detector INFO: SweepDetector v2: 1 raw → 1 confirmed (vol≥2.5× body≥30%)
01:16:22 core.sweep_detector INFO: OrderBlocks: 4 detected, 1 unmitigated
01:16:22 core.sweep_detector INFO: FVGs: 7 detected, 1 unfilled
01:16:23 core.sweep_detector INFO: SweepDetector v2: 3 raw → 2 confirmed (vol≥2.5× body≥30%)
01:16:23 core.sweep_detector INFO: OrderBlocks: 2 detected, 2 unmitigated
01:16:23 core.sweep_detector INFO: FVGs: 13 detected, 9 unfilled
01:16:25 core.sweep_detector INFO: SweepDetector v2: 2 raw → 2 confirmed (vol≥2.5× body≥30%)
01:16:25 core.sweep_detector INFO: OrderBlocks: 4 detected, 1 unmitigated
01:16:25 core.sweep_detector INFO: FVGs: 9 detected, 3 unfilled
01:16:26 core.sweep_detector INFO: SweepDetector v2: 2 raw → 1 confirmed (vol≥2.5× body≥30%)
01:16:26 core.sweep_detector INFO: OrderBlocks: 3 detected, 1 unmitigated
01:16:26 core.sweep_detector INFO: FVGs: 8 detected, 5 unfilled
01:16:29 core.sweep_detector INFO: SweepDetector v2: 1 raw → 0 confirmed (vol≥2.5× body≥30%)
01:16:29 core.sweep_detector INFO: OrderBlocks: 3 detected, 0 unmitigated
01:16:29 core.sweep_detector INFO: FVGs: 12 detected, 5 unfilled
01:16:31 core.sweep_detector INFO: SweepDetector v2: 1 raw → 1 confirmed (vol≥2.5× body≥30%)
01:16:31 core.sweep_detector INFO: OrderBlocks: 4 detected, 0 unmitigated
01:16:31 core.sweep_detector INFO: FVGs: 3 detected, 0 unfilled
01:16:32 core.sweep_detector INFO: SweepDetector v2: 2 raw → 2 confirmed (vol≥2.5× body≥30%)
01:16:32 core.sweep_detector INFO: OrderBlocks: 2 detected, 1 unmitigated
01:16:32 core.sweep_detector INFO: FVGs: 5 detected, 1 unfilled
01:16:34 core.sweep_detector INFO: SweepDetector v2: 1 raw → 0 confirmed (vol≥2.5× body≥30%)
01:16:34 core.sweep_detector INFO: OrderBlocks: 5 detected, 3 unmitigated
01:16:34 core.sweep_detector INFO: FVGs: 10 detected, 6 unfilled
01:16:36 core.sweep_detector INFO: SweepDetector v2: 2 raw → 2 confirmed (vol≥2.5× body≥30%)
01:16:36 core.sweep_detector INFO: OrderBlocks: 4 detected, 2 unmitigated
01:16:36 core.sweep_detector INFO: FVGs: 12 detected, 4 unfilled
01:16:37 core.sweep_detector INFO: SweepDetector v2: 3 raw → 2 confirmed (vol≥2.5× body≥30%)
01:16:37 core.sweep_detector INFO: OrderBlocks: 4 detected, 1 unmitigated
01:16:37 core.sweep_detector INFO: FVGs: 5 detected, 1 unfilled
01:16:39 core.sweep_detector INFO: SweepDetector v2: 0 raw → 0 confirmed (vol≥2.5× body≥30%)
01:16:39 core.sweep_detector INFO: OrderBlocks: 10 detected, 2 unmitigated
01:16:39 core.sweep_detector INFO: FVGs: 11 detected, 2 unfilled
01:16:41 core.sweep_detector INFO: SweepDetector v2: 1 raw → 1 confirmed (vol≥2.5× body≥30%)
01:16:41 core.sweep_detector INFO: OrderBlocks: 5 detected, 4 unmitigated
01:16:41 core.sweep_detector INFO: FVGs: 7 detected, 3 unfilled
01:16:43 core.sweep_detector INFO: SweepDetector v2: 0 raw → 0 confirmed (vol≥2.5× body≥30%)
01:16:43 core.sweep_detector INFO: OrderBlocks: 4 detected, 2 unmitigated
01:16:43 core.sweep_detector INFO: FVGs: 4 detected, 2 unfilled
01:16:45 core.sweep_detector INFO: SweepDetector v2: 0 raw → 0 confirmed (vol≥2.5× body≥30%)
01:16:45 core.sweep_detector INFO: OrderBlocks: 3 detected, 0 unmitigated
01:16:45 core.sweep_detector INFO: FVGs: 0 detected, 0 unfilled
01:16:46 core.sweep_detector INFO: SweepDetector v2: 0 raw → 0 confirmed (vol≥2.5× body≥30%)
01:16:46 core.sweep_detector INFO: OrderBlocks: 0 detected, 0 unmitigated
01:16:46 core.sweep_detector INFO: FVGs: 0 detected, 0 unfilled
01:16:48 core.sweep_detector INFO: SweepDetector v2: 0 raw → 0 confirmed (vol≥2.5× body≥30%)
01:16:48 core.sweep_detector INFO: OrderBlocks: 0 detected, 0 unmitigated
01:16:48 core.sweep_detector INFO: FVGs: 0 detected, 0 unfilled
01:16:50 core.sweep_detector INFO: SweepDetector v2: 1 raw → 1 confirmed (vol≥2.5× body≥30%)
01:16:50 core.sweep_detector INFO: OrderBlocks: 5 detected, 2 unmitigated
01:16:50 core.sweep_detector INFO: FVGs: 8 detected, 4 unfilled
01:16:51 core.sweep_detector INFO: SweepDetector v2: 2 raw → 2 confirmed (vol≥2.5× body≥30%)
01:16:51 core.sweep_detector INFO: OrderBlocks: 5 detected, 0 unmitigated
01:16:51 core.sweep_detector INFO: FVGs: 7 detected, 2 unfilled
01:16:53 core.sweep_detector INFO: SweepDetector v2: 2 raw → 2 confirmed (vol≥2.5× body≥30%)
01:16:53 core.sweep_detector INFO: OrderBlocks: 6 detected, 0 unmitigated
01:16:53 core.sweep_detector INFO: FVGs: 4 detected, 1 unfilled
01:16:55 core.sweep_detector INFO: SweepDetector v2: 1 raw → 1 confirmed (vol≥2.5× body≥30%)
01:16:55 core.sweep_detector INFO: OrderBlocks: 2 detected, 0 unmitigated
01:16:55 core.sweep_detector INFO: FVGs: 0 detected, 0 unfilled
01:16:56 core.sweep_detector INFO: SweepDetector v2: 0 raw → 0 confirmed (vol≥2.5× body≥30%)
01:16:56 core.sweep_detector INFO: OrderBlocks: 1 detected, 0 unmitigated
01:16:56 core.sweep_detector INFO: FVGs: 0 detected, 0 unfilled
01:16:58 core.sweep_detector INFO: SweepDetector v2: 0 raw → 0 confirmed (vol≥2.5× body≥30%)
01:16:58 core.sweep_detector INFO: OrderBlocks: 0 detected, 0 unmitigated
01:16:58 core.sweep_detector INFO: FVGs: 0 detected, 0 unfilled
01:17:00 core.sweep_detector INFO: SweepDetector v2: 0 raw → 0 confirmed (vol≥2.5× body≥30%)
01:17:00 core.sweep_detector INFO: OrderBlocks: 3 detected, 0 unmitigated
01:17:00 core.sweep_detector INFO: FVGs: 0 detected, 0 unfilled
01:17:01 core.sweep_detector INFO: SweepDetector v2: 0 raw → 0 confirmed (vol≥2.5× body≥30%)
01:17:01 core.sweep_detector INFO: OrderBlocks: 0 detected, 0 unmitigated
01:17:01 core.sweep_detector INFO: FVGs: 0 detected, 0 unfilled
01:17:03 core.sweep_detector INFO: SweepDetector v2: 0 raw → 0 confirmed (vol≥2.5× body≥30%)
01:17:03 core.sweep_detector INFO: OrderBlocks: 0 detected, 0 unmitigated
01:17:03 core.sweep_detector INFO: FVGs: 0 detected, 0 unfilled
01:17:05 core.sweep_detector INFO: SweepDetector v2: 0 raw → 0 confirmed (vol≥2.5× body≥30%)
01:17:05 core.sweep_detector INFO: OrderBlocks: 7 detected, 0 unmitigated
01:17:05 core.sweep_detector INFO: FVGs: 6 detected, 2 unfilled
01:17:07 core.sweep_detector INFO: SweepDetector v2: 2 raw → 2 confirmed (vol≥2.5× body≥30%)
01:17:07 core.sweep_detector INFO: OrderBlocks: 5 detected, 2 unmitigated
01:17:07 core.sweep_detector INFO: FVGs: 13 detected, 4 unfilled
01:17:08 core.sweep_detector INFO: SweepDetector v2: 2 raw → 2 confirmed (vol≥2.5× body≥30%)
01:17:08 core.sweep_detector INFO: OrderBlocks: 4 detected, 1 unmitigated
01:17:08 core.sweep_detector INFO: FVGs: 4 detected, 1 unfilled
01:17:10 core.sweep_detector INFO: SweepDetector v2: 0 raw → 0 confirmed (vol≥2.5× body≥30%)
01:17:10 core.sweep_detector INFO: OrderBlocks: 3 detected, 0 unmitigated
01:17:10 core.sweep_detector INFO: FVGs: 9 detected, 4 unfilled
01:17:12 core.sweep_detector INFO: SweepDetector v2: 1 raw → 1 confirmed (vol≥2.5× body≥30%)
01:17:12 core.sweep_detector INFO: OrderBlocks: 2 detected, 1 unmitigated
01:17:12 core.sweep_detector INFO: FVGs: 7 detected, 2 unfilled
01:17:13 core.sweep_detector INFO: SweepDetector v2: 1 raw → 1 confirmed (vol≥2.5× body≥30%)
01:17:13 core.sweep_detector INFO: OrderBlocks: 4 detected, 0 unmitigated
01:17:13 core.sweep_detector INFO: FVGs: 4 detected, 1 unfilled
01:17:16 core.sweep_detector INFO: SweepDetector v2: 1 raw → 1 confirmed (vol≥2.5× body≥30%)
01:17:16 core.sweep_detector INFO: OrderBlocks: 4 detected, 2 unmitigated
01:17:16 core.sweep_detector INFO: FVGs: 8 detected, 2 unfilled
01:17:17 core.sweep_detector INFO: SweepDetector v2: 1 raw → 1 confirmed (vol≥2.5× body≥30%)
01:17:17 core.sweep_detector INFO: OrderBlocks: 2 detected, 0 unmitigated
01:17:17 core.sweep_detector INFO: FVGs: 8 detected, 0 unfilled
01:17:19 core.sweep_detector INFO: SweepDetector v2: 2 raw → 1 confirmed (vol≥2.5× body≥30%)
01:17:19 core.sweep_detector INFO: OrderBlocks: 6 detected, 0 unmitigated
01:17:19 core.sweep_detector INFO: FVGs: 6 detected, 1 unfilled
01:17:21 core.sweep_detector INFO: SweepDetector v2: 1 raw → 1 confirmed (vol≥2.5× body≥30%)
01:17:21 core.sweep_detector INFO: OrderBlocks: 2 detected, 1 unmitigated
01:17:21 core.sweep_detector INFO: FVGs: 7 detected, 4 unfilled
01:17:22 core.sweep_detector INFO: SweepDetector v2: 2 raw → 1 confirmed (vol≥2.5× body≥30%)
01:17:22 core.sweep_detector INFO: OrderBlocks: 1 detected, 0 unmitigated
01:17:22 core.sweep_detector INFO: FVGs: 5 detected, 1 unfilled
01:17:24 core.sweep_detector INFO: SweepDetector v2: 1 raw → 0 confirmed (vol≥2.5× body≥30%)
01:17:24 core.sweep_detector INFO: OrderBlocks: 1 detected, 0 unmitigated
01:17:24 core.sweep_detector INFO: FVGs: 2 detected, 0 unfilled
01:17:26 core.sweep_detector INFO: SweepDetector v2: 2 raw → 1 confirmed (vol≥2.5× body≥30%)
01:17:26 core.sweep_detector INFO: OrderBlocks: 6 detected, 4 unmitigated
01:17:26 core.sweep_detector INFO: FVGs: 12 detected, 6 unfilled
01:17:28 core.sweep_detector INFO: SweepDetector v2: 4 raw → 4 confirmed (vol≥2.5× body≥30%)
01:17:28 core.sweep_detector INFO: OrderBlocks: 1 detected, 0 unmitigated
01:17:28 core.sweep_detector INFO: FVGs: 5 detected, 3 unfilled
01:17:29 core.sweep_detector INFO: SweepDetector v2: 0 raw → 0 confirmed (vol≥2.5× body≥30%)
01:17:29 core.sweep_detector INFO: OrderBlocks: 7 detected, 1 unmitigated
01:17:29 core.sweep_detector INFO: FVGs: 4 detected, 0 unfilled
01:17:31 core.sweep_detector INFO: SweepDetector v2: 2 raw → 1 confirmed (vol≥2.5× body≥30%)
01:17:31 core.sweep_detector INFO: OrderBlocks: 6 detected, 1 unmitigated
01:17:31 core.sweep_detector INFO: FVGs: 5 detected, 1 unfilled
01:17:32 core.sweep_detector INFO: SweepDetector v2: 1 raw → 1 confirmed (vol≥2.5× body≥30%)
01:17:32 core.sweep_detector INFO: OrderBlocks: 4 detected, 0 unmitigated
01:17:32 core.sweep_detector INFO: FVGs: 7 detected, 0 unfilled
01:17:34 core.sweep_detector INFO: SweepDetector v2: 4 raw → 3 confirmed (vol≥2.5× body≥30%)
01:17:34 core.sweep_detector INFO: OrderBlocks: 2 detected, 0 unmitigated
01:17:34 core.sweep_detector INFO: FVGs: 6 detected, 1 unfilled
01:17:36 core.sweep_detector INFO: SweepDetector v2: 0 raw → 0 confirmed (vol≥2.5× body≥30%)
01:17:36 core.sweep_detector INFO: OrderBlocks: 0 detected, 0 unmitigated
01:17:36 core.sweep_detector INFO: FVGs: 4 detected, 1 unfilled
01:17:37 core.sweep_detector INFO: SweepDetector v2: 0 raw → 0 confirmed (vol≥2.5× body≥30%)
01:17:37 core.sweep_detector INFO: OrderBlocks: 3 detected, 1 unmitigated
01:17:37 core.sweep_detector INFO: FVGs: 4 detected, 1 unfilled
01:17:39 core.sweep_detector INFO: SweepDetector v2: 0 raw → 0 confirmed (vol≥2.5× body≥30%)
01:17:39 core.sweep_detector INFO: OrderBlocks: 7 detected, 1 unmitigated
01:17:39 core.sweep_detector INFO: FVGs: 3 detected, 2 unfilled
01:17:41 core.sweep_detector INFO: SweepDetector v2: 0 raw → 0 confirmed (vol≥2.5× body≥30%)
01:17:41 core.sweep_detector INFO: OrderBlocks: 7 detected, 3 unmitigated
01:17:41 core.sweep_detector INFO: FVGs: 10 detected, 4 unfilled
01:17:43 core.sweep_detector INFO: SweepDetector v2: 1 raw → 1 confirmed (vol≥2.5× body≥30%)
01:17:43 core.sweep_detector INFO: OrderBlocks: 5 detected, 2 unmitigated
01:17:43 core.sweep_detector INFO: FVGs: 7 detected, 3 unfilled
01:17:45 core.sweep_detector INFO: SweepDetector v2: 1 raw → 1 confirmed (vol≥2.5× body≥30%)
01:17:45 core.sweep_detector INFO: OrderBlocks: 4 detected, 1 unmitigated
01:17:45 core.sweep_detector INFO: FVGs: 5 detected, 0 unfilled
01:17:46 core.sweep_detector INFO: SweepDetector v2: 0 raw → 0 confirmed (vol≥2.5× body≥30%)
01:17:46 core.sweep_detector INFO: OrderBlocks: 8 detected, 1 unmitigated
01:17:46 core.sweep_detector INFO: FVGs: 9 detected, 3 unfilled
01:17:48 core.sweep_detector INFO: SweepDetector v2: 2 raw → 2 confirmed (vol≥2.5× body≥30%)
01:17:48 core.sweep_detector INFO: OrderBlocks: 2 detected, 1 unmitigated
01:17:48 core.sweep_detector INFO: FVGs: 13 detected, 4 unfilled
01:17:50 core.sweep_detector INFO: SweepDetector v2: 2 raw → 2 confirmed (vol≥2.5× body≥30%)
01:17:50 core.sweep_detector INFO: OrderBlocks: 6 detected, 1 unmitigated
01:17:50 core.sweep_detector INFO: FVGs: 10 detected, 1 unfilled
01:17:52 core.sweep_detector INFO: SweepDetector v2: 2 raw → 2 confirmed (vol≥2.5× body≥30%)
01:17:52 core.sweep_detector INFO: OrderBlocks: 5 detected, 1 unmitigated
01:17:52 core.sweep_detector INFO: FVGs: 8 detected, 2 unfilled
01:17:54 core.sweep_detector INFO: SweepDetector v2: 2 raw → 2 confirmed (vol≥2.5× body≥30%)
01:17:54 core.sweep_detector INFO: OrderBlocks: 4 detected, 1 unmitigated
01:17:54 core.sweep_detector INFO: FVGs: 4 detected, 0 unfilled
01:17:56 core.sweep_detector INFO: SweepDetector v2: 0 raw → 0 confirmed (vol≥2.5× body≥30%)
01:17:56 core.sweep_detector INFO: OrderBlocks: 4 detected, 2 unmitigated
01:17:56 core.sweep_detector INFO: FVGs: 4 detected, 1 unfilled
01:17:58 core.sweep_detector INFO: SweepDetector v2: 0 raw → 0 confirmed (vol≥2.5× body≥30%)
01:17:58 core.sweep_detector INFO: OrderBlocks: 0 detected, 0 unmitigated
01:17:58 core.sweep_detector INFO: FVGs: 0 detected, 0 unfilled
01:17:59 core.sweep_detector INFO: SweepDetector v2: 0 raw → 0 confirmed (vol≥2.5× body≥30%)
01:17:59 core.sweep_detector INFO: OrderBlocks: 4 detected, 0 unmitigated
01:17:59 core.sweep_detector INFO: FVGs: 0 detected, 0 unfilled
01:18:02 core.sweep_detector INFO: SweepDetector v2: 0 raw → 0 confirmed (vol≥2.5× body≥30%)
01:18:02 core.sweep_detector INFO: OrderBlocks: 0 detected, 0 unmitigated
01:18:02 core.sweep_detector INFO: FVGs: 0 detected, 0 unfilled
01:18:03 core.sweep_detector INFO: SweepDetector v2: 7 raw → 3 confirmed (vol≥2.5× body≥30%)
01:18:03 core.sweep_detector INFO: OrderBlocks: 9 detected, 3 unmitigated
01:18:03 core.sweep_detector INFO: FVGs: 10 detected, 2 unfilled
01:18:05 core.sweep_detector INFO: SweepDetector v2: 1 raw → 1 confirmed (vol≥2.5× body≥30%)
01:18:05 core.sweep_detector INFO: OrderBlocks: 7 detected, 2 unmitigated
01:18:05 core.sweep_detector INFO: FVGs: 14 detected, 3 unfilled
01:18:07 core.sweep_detector INFO: SweepDetector v2: 4 raw → 3 confirmed (vol≥2.5× body≥30%)
01:18:07 core.sweep_detector INFO: OrderBlocks: 5 detected, 2 unmitigated
01:18:07 core.sweep_detector INFO: FVGs: 9 detected, 1 unfilled
01:18:08 core.sweep_detector INFO: SweepDetector v2: 1 raw → 1 confirmed (vol≥2.5× body≥30%)
01:18:08 core.sweep_detector INFO: OrderBlocks: 5 detected, 0 unmitigated
01:18:08 core.sweep_detector INFO: FVGs: 6 detected, 1 unfilled
01:18:10 core.sweep_detector INFO: SweepDetector v2: 2 raw → 1 confirmed (vol≥2.5× body≥30%)
01:18:10 core.sweep_detector INFO: OrderBlocks: 1 detected, 0 unmitigated
01:18:10 core.sweep_detector INFO: FVGs: 9 detected, 1 unfilled
01:18:12 core.sweep_detector INFO: SweepDetector v2: 0 raw → 0 confirmed (vol≥2.5× body≥30%)
01:18:12 core.sweep_detector INFO: OrderBlocks: 4 detected, 0 unmitigated
01:18:12 core.sweep_detector INFO: FVGs: 6 detected, 0 unfilled
01:18:14 core.sweep_detector INFO: SweepDetector v2: 2 raw → 2 confirmed (vol≥2.5× body≥30%)
01:18:14 core.sweep_detector INFO: OrderBlocks: 5 detected, 1 unmitigated
01:18:14 core.sweep_detector INFO: FVGs: 7 detected, 3 unfilled
01:18:17 core.sweep_detector INFO: SweepDetector v2: 2 raw → 2 confirmed (vol≥2.5× body≥30%)
01:18:17 core.sweep_detector INFO: OrderBlocks: 4 detected, 1 unmitigated
01:18:17 core.sweep_detector INFO: FVGs: 6 detected, 1 unfilled
01:18:18 core.sweep_detector INFO: SweepDetector v2: 3 raw → 3 confirmed (vol≥2.5× body≥30%)
01:18:18 core.sweep_detector INFO: OrderBlocks: 2 detected, 1 unmitigated
01:18:18 core.sweep_detector INFO: FVGs: 7 detected, 2 unfilled
01:18:18 __main__ INFO: Checking 1 open trades for exit conditions
/root/.openclaw/workspace/projects/crypto-liquidity-hunter/main.py:555: DeprecationWarning: datetime.datetime.utcnow() is deprecated and scheduled for removal in a future version. Use timezone-aware objects to represent datetimes in UTC: datetime.datetime.now(datetime.UTC).
  scan_end     = datetime.utcnow()

=== SCAN ALL: 92 pairs, 3 timeframes ===
Total signals generated: 4
  binance:ASTER/USDT 1h LONG Entry=0.65 SL=0.65 TP=0.70 R:R=8.31
  binance:ASTER/USDT 15m LONG Entry=0.65 SL=0.65 TP=0.68 R:R=4.15
  binance:BNB/USDT 15m LONG Entry=600.37 SL=595.23 TP=620.28 R:R=3.87
  binance:BTC/USDT 15m LONG Entry=65430.15 SL=64870.00 TP=67163.99 R:R=3.10
