23:10:01 __main__ INFO: Volume filter: fetching all tickers in one call...
23:10:04 __main__ INFO: Volume filter: 91/447 pairs pass $2M threshold
/root/.openclaw/workspace/projects/crypto-liquidity-hunter/main.py:292: DeprecationWarning: datetime.datetime.utcnow() is deprecated and scheduled for removal in a future version. Use timezone-aware objects to represent datetimes in UTC: datetime.datetime.now(datetime.UTC).
  scan_start = datetime.utcnow()   # for duration tracking
23:10:06 core.binance_connector INFO: BinanceConnector: connected [LIVE FUTURES MAINNET]
23:10:06 __main__ INFO: Auto-executor: account 'Liquiddbot1' mode=live exec=auto
23:10:08 core.sweep_detector INFO: SweepDetector v2: 0 raw → 0 confirmed (vol≥2.5× body≥30%)
23:10:08 core.sweep_detector INFO: OrderBlocks: 8 detected, 4 unmitigated
23:10:08 core.sweep_detector INFO: FVGs: 12 detected, 7 unfilled
23:10:10 core.sweep_detector INFO: SweepDetector v2: 2 raw → 2 confirmed (vol≥2.5× body≥30%)
23:10:10 core.sweep_detector INFO: OrderBlocks: 3 detected, 0 unmitigated
23:10:10 core.sweep_detector INFO: FVGs: 5 detected, 1 unfilled
23:10:12 core.sweep_detector INFO: SweepDetector v2: 2 raw → 2 confirmed (vol≥2.5× body≥30%)
23:10:12 core.sweep_detector INFO: OrderBlocks: 5 detected, 1 unmitigated
23:10:12 core.sweep_detector INFO: FVGs: 6 detected, 1 unfilled
23:10:14 core.sweep_detector INFO: SweepDetector v2: 1 raw → 1 confirmed (vol≥2.5× body≥30%)
23:10:14 core.sweep_detector INFO: OrderBlocks: 6 detected, 0 unmitigated
23:10:14 core.sweep_detector INFO: FVGs: 10 detected, 4 unfilled
23:10:15 core.sweep_detector INFO: SweepDetector v2: 2 raw → 1 confirmed (vol≥2.5× body≥30%)
23:10:15 core.sweep_detector INFO: OrderBlocks: 3 detected, 2 unmitigated
23:10:15 core.sweep_detector INFO: FVGs: 5 detected, 3 unfilled
23:10:18 core.sweep_detector INFO: SweepDetector v2: 1 raw → 1 confirmed (vol≥2.5× body≥30%)
23:10:18 core.sweep_detector INFO: OrderBlocks: 7 detected, 2 unmitigated
23:10:18 core.sweep_detector INFO: FVGs: 4 detected, 2 unfilled
23:10:20 core.sweep_detector INFO: SweepDetector v2: 3 raw → 2 confirmed (vol≥2.5× body≥30%)
23:10:20 core.sweep_detector INFO: OrderBlocks: 7 detected, 0 unmitigated
23:10:20 core.sweep_detector INFO: FVGs: 9 detected, 1 unfilled
23:10:22 core.sweep_detector INFO: SweepDetector v2: 1 raw → 0 confirmed (vol≥2.5× body≥30%)
23:10:22 core.sweep_detector INFO: OrderBlocks: 4 detected, 1 unmitigated
23:10:22 core.sweep_detector INFO: FVGs: 8 detected, 4 unfilled
23:10:24 core.sweep_detector INFO: SweepDetector v2: 2 raw → 2 confirmed (vol≥2.5× body≥30%)
23:10:24 core.sweep_detector INFO: OrderBlocks: 2 detected, 1 unmitigated
23:10:24 core.sweep_detector INFO: FVGs: 4 detected, 2 unfilled
23:10:26 core.sweep_detector INFO: SweepDetector v2: 2 raw → 1 confirmed (vol≥2.5× body≥30%)
23:10:26 core.sweep_detector INFO: OrderBlocks: 7 detected, 2 unmitigated
23:10:26 core.sweep_detector INFO: FVGs: 8 detected, 2 unfilled
23:10:28 core.sweep_detector INFO: SweepDetector v2: 1 raw → 1 confirmed (vol≥2.5× body≥30%)
23:10:28 core.sweep_detector INFO: OrderBlocks: 2 detected, 0 unmitigated
23:10:28 core.sweep_detector INFO: FVGs: 8 detected, 4 unfilled
23:10:30 core.sweep_detector INFO: SweepDetector v2: 3 raw → 2 confirmed (vol≥2.5× body≥30%)
23:10:30 core.sweep_detector INFO: OrderBlocks: 4 detected, 1 unmitigated
23:10:30 core.sweep_detector INFO: FVGs: 5 detected, 2 unfilled
23:10:32 core.sweep_detector INFO: SweepDetector v2: 2 raw → 1 confirmed (vol≥2.5× body≥30%)
23:10:32 core.sweep_detector INFO: OrderBlocks: 4 detected, 3 unmitigated
23:10:32 core.sweep_detector INFO: FVGs: 10 detected, 4 unfilled
23:10:34 core.sweep_detector INFO: SweepDetector v2: 1 raw → 1 confirmed (vol≥2.5× body≥30%)
23:10:34 core.sweep_detector INFO: OrderBlocks: 3 detected, 1 unmitigated
23:10:34 core.sweep_detector INFO: FVGs: 6 detected, 2 unfilled
23:10:37 core.sweep_detector INFO: SweepDetector v2: 2 raw → 2 confirmed (vol≥2.5× body≥30%)
23:10:37 core.sweep_detector INFO: OrderBlocks: 5 detected, 1 unmitigated
23:10:37 core.sweep_detector INFO: FVGs: 8 detected, 2 unfilled
23:10:39 core.sweep_detector INFO: SweepDetector v2: 5 raw → 5 confirmed (vol≥2.5× body≥30%)
23:10:39 core.sweep_detector INFO: OrderBlocks: 1 detected, 0 unmitigated
23:10:39 core.sweep_detector INFO: FVGs: 3 detected, 0 unfilled
23:10:41 core.sweep_detector INFO: SweepDetector v2: 2 raw → 2 confirmed (vol≥2.5× body≥30%)
23:10:41 core.sweep_detector INFO: OrderBlocks: 4 detected, 0 unmitigated
23:10:41 core.sweep_detector INFO: FVGs: 1 detected, 0 unfilled
23:10:43 core.sweep_detector INFO: SweepDetector v2: 1 raw → 1 confirmed (vol≥2.5× body≥30%)
23:10:43 core.sweep_detector INFO: OrderBlocks: 0 detected, 0 unmitigated
23:10:43 core.sweep_detector INFO: FVGs: 1 detected, 0 unfilled
23:10:43 __main__ INFO: Pending signal #37: binance:ASTER/USDT long entry=0.653 current=0.658 dist=0.76% expires=2h
23:10:43 alerts.telegram INFO: Alert suppressed (binance:ASTER/USDT long): conf 0.65 < threshold 0.80
23:10:45 core.sweep_detector INFO: SweepDetector v2: 2 raw → 2 confirmed (vol≥2.5× body≥30%)
23:10:45 core.sweep_detector INFO: OrderBlocks: 2 detected, 1 unmitigated
23:10:45 core.sweep_detector INFO: FVGs: 12 detected, 6 unfilled
23:10:47 core.sweep_detector INFO: SweepDetector v2: 1 raw → 1 confirmed (vol≥2.5× body≥30%)
23:10:47 core.sweep_detector INFO: OrderBlocks: 2 detected, 1 unmitigated
23:10:47 core.sweep_detector INFO: FVGs: 5 detected, 2 unfilled
23:10:49 core.sweep_detector INFO: SweepDetector v2: 2 raw → 2 confirmed (vol≥2.5× body≥30%)
23:10:49 core.sweep_detector INFO: OrderBlocks: 6 detected, 3 unmitigated
23:10:49 core.sweep_detector INFO: FVGs: 4 detected, 1 unfilled
23:10:51 core.sweep_detector INFO: SweepDetector v2: 2 raw → 2 confirmed (vol≥2.5× body≥30%)
23:10:51 core.sweep_detector INFO: OrderBlocks: 5 detected, 0 unmitigated
23:10:51 core.sweep_detector INFO: FVGs: 4 detected, 0 unfilled
23:10:53 core.sweep_detector INFO: SweepDetector v2: 1 raw → 1 confirmed (vol≥2.5× body≥30%)
23:10:53 core.sweep_detector INFO: OrderBlocks: 5 detected, 0 unmitigated
23:10:53 core.sweep_detector INFO: FVGs: 12 detected, 1 unfilled
23:10:55 core.sweep_detector INFO: SweepDetector v2: 2 raw → 1 confirmed (vol≥2.5× body≥30%)
23:10:55 core.sweep_detector INFO: OrderBlocks: 6 detected, 1 unmitigated
23:10:55 core.sweep_detector INFO: FVGs: 15 detected, 4 unfilled
23:10:57 core.sweep_detector INFO: SweepDetector v2: 1 raw → 1 confirmed (vol≥2.5× body≥30%)
23:10:57 core.sweep_detector INFO: OrderBlocks: 6 detected, 2 unmitigated
23:10:57 core.sweep_detector INFO: FVGs: 7 detected, 2 unfilled
23:10:59 core.sweep_detector INFO: SweepDetector v2: 0 raw → 0 confirmed (vol≥2.5× body≥30%)
23:10:59 core.sweep_detector INFO: OrderBlocks: 4 detected, 2 unmitigated
23:10:59 core.sweep_detector INFO: FVGs: 8 detected, 3 unfilled
23:11:02 core.sweep_detector INFO: SweepDetector v2: 1 raw → 1 confirmed (vol≥2.5× body≥30%)
23:11:02 core.sweep_detector INFO: OrderBlocks: 5 detected, 0 unmitigated
23:11:02 core.sweep_detector INFO: FVGs: 8 detected, 3 unfilled
23:11:04 core.sweep_detector INFO: SweepDetector v2: 4 raw → 4 confirmed (vol≥2.5× body≥30%)
23:11:04 core.sweep_detector INFO: OrderBlocks: 2 detected, 2 unmitigated
23:11:04 core.sweep_detector INFO: FVGs: 14 detected, 3 unfilled
23:11:06 core.sweep_detector INFO: SweepDetector v2: 2 raw → 1 confirmed (vol≥2.5× body≥30%)
23:11:06 core.sweep_detector INFO: OrderBlocks: 7 detected, 1 unmitigated
23:11:06 core.sweep_detector INFO: FVGs: 14 detected, 3 unfilled
23:11:08 core.sweep_detector INFO: SweepDetector v2: 1 raw → 0 confirmed (vol≥2.5× body≥30%)
23:11:08 core.sweep_detector INFO: OrderBlocks: 4 detected, 2 unmitigated
23:11:08 core.sweep_detector INFO: FVGs: 9 detected, 4 unfilled
23:11:09 core.sweep_detector INFO: SweepDetector v2: 0 raw → 0 confirmed (vol≥2.5× body≥30%)
23:11:09 core.sweep_detector INFO: OrderBlocks: 3 detected, 1 unmitigated
23:11:09 core.sweep_detector INFO: FVGs: 6 detected, 2 unfilled
23:11:11 core.sweep_detector INFO: SweepDetector v2: 3 raw → 3 confirmed (vol≥2.5× body≥30%)
23:11:11 core.sweep_detector INFO: OrderBlocks: 1 detected, 1 unmitigated
23:11:11 core.sweep_detector INFO: FVGs: 5 detected, 3 unfilled
23:11:13 core.sweep_detector INFO: SweepDetector v2: 2 raw → 2 confirmed (vol≥2.5× body≥30%)
23:11:13 core.sweep_detector INFO: OrderBlocks: 5 detected, 4 unmitigated
23:11:13 core.sweep_detector INFO: FVGs: 8 detected, 6 unfilled
23:11:14 core.sweep_detector INFO: SweepDetector v2: 0 raw → 0 confirmed (vol≥2.5× body≥30%)
23:11:14 core.sweep_detector INFO: OrderBlocks: 0 detected, 0 unmitigated
23:11:14 core.sweep_detector INFO: FVGs: 0 detected, 0 unfilled
23:11:16 core.sweep_detector INFO: SweepDetector v2: 0 raw → 0 confirmed (vol≥2.5× body≥30%)
23:11:16 core.sweep_detector INFO: OrderBlocks: 1 detected, 0 unmitigated
23:11:16 core.sweep_detector INFO: FVGs: 0 detected, 0 unfilled
23:11:18 core.sweep_detector INFO: SweepDetector v2: 0 raw → 0 confirmed (vol≥2.5× body≥30%)
23:11:18 core.sweep_detector INFO: OrderBlocks: 0 detected, 0 unmitigated
23:11:18 core.sweep_detector INFO: FVGs: 0 detected, 0 unfilled
23:11:19 core.sweep_detector INFO: SweepDetector v2: 4 raw → 4 confirmed (vol≥2.5× body≥30%)
23:11:19 core.sweep_detector INFO: OrderBlocks: 4 detected, 1 unmitigated
23:11:19 core.sweep_detector INFO: FVGs: 3 detected, 1 unfilled
23:11:21 core.sweep_detector INFO: SweepDetector v2: 3 raw → 3 confirmed (vol≥2.5× body≥30%)
23:11:21 core.sweep_detector INFO: OrderBlocks: 3 detected, 1 unmitigated
23:11:21 core.sweep_detector INFO: FVGs: 6 detected, 2 unfilled
23:11:23 core.sweep_detector INFO: SweepDetector v2: 5 raw → 3 confirmed (vol≥2.5× body≥30%)
23:11:23 core.sweep_detector INFO: OrderBlocks: 5 detected, 2 unmitigated
23:11:23 core.sweep_detector INFO: FVGs: 4 detected, 1 unfilled
23:11:25 core.sweep_detector INFO: SweepDetector v2: 1 raw → 1 confirmed (vol≥2.5× body≥30%)
23:11:25 core.sweep_detector INFO: OrderBlocks: 6 detected, 4 unmitigated
23:11:25 core.sweep_detector INFO: FVGs: 10 detected, 4 unfilled
23:11:27 core.sweep_detector INFO: SweepDetector v2: 1 raw → 1 confirmed (vol≥2.5× body≥30%)
23:11:27 core.sweep_detector INFO: OrderBlocks: 4 detected, 1 unmitigated
23:11:27 core.sweep_detector INFO: FVGs: 5 detected, 1 unfilled
23:11:29 core.sweep_detector INFO: SweepDetector v2: 1 raw → 1 confirmed (vol≥2.5× body≥30%)
23:11:29 core.sweep_detector INFO: OrderBlocks: 9 detected, 2 unmitigated
23:11:29 core.sweep_detector INFO: FVGs: 5 detected, 3 unfilled
23:11:30 core.sweep_detector INFO: SweepDetector v2: 1 raw → 1 confirmed (vol≥2.5× body≥30%)
23:11:30 core.sweep_detector INFO: OrderBlocks: 5 detected, 0 unmitigated
23:11:30 core.sweep_detector INFO: FVGs: 7 detected, 3 unfilled
23:11:32 core.sweep_detector INFO: SweepDetector v2: 1 raw → 1 confirmed (vol≥2.5× body≥30%)
23:11:32 core.sweep_detector INFO: OrderBlocks: 2 detected, 0 unmitigated
23:11:32 core.sweep_detector INFO: FVGs: 8 detected, 2 unfilled
23:11:34 core.sweep_detector INFO: SweepDetector v2: 1 raw → 1 confirmed (vol≥2.5× body≥30%)
23:11:34 core.sweep_detector INFO: OrderBlocks: 6 detected, 1 unmitigated
23:11:34 core.sweep_detector INFO: FVGs: 5 detected, 3 unfilled
23:11:35 core.sweep_detector INFO: SweepDetector v2: 0 raw → 0 confirmed (vol≥2.5× body≥30%)
23:11:35 core.sweep_detector INFO: OrderBlocks: 4 detected, 2 unmitigated
23:11:35 core.sweep_detector INFO: FVGs: 7 detected, 2 unfilled
23:11:37 core.sweep_detector INFO: SweepDetector v2: 1 raw → 1 confirmed (vol≥2.5× body≥30%)
23:11:37 core.sweep_detector INFO: OrderBlocks: 3 detected, 0 unmitigated
23:11:37 core.sweep_detector INFO: FVGs: 7 detected, 1 unfilled
23:11:38 core.sweep_detector INFO: SweepDetector v2: 1 raw → 1 confirmed (vol≥2.5× body≥30%)
23:11:39 core.sweep_detector INFO: OrderBlocks: 7 detected, 2 unmitigated
23:11:39 core.sweep_detector INFO: FVGs: 4 detected, 1 unfilled
23:11:40 core.sweep_detector INFO: SweepDetector v2: 7 raw → 5 confirmed (vol≥2.5× body≥30%)
23:11:40 core.sweep_detector INFO: OrderBlocks: 4 detected, 2 unmitigated
23:11:40 core.sweep_detector INFO: FVGs: 10 detected, 4 unfilled
23:11:42 core.sweep_detector INFO: SweepDetector v2: 5 raw → 2 confirmed (vol≥2.5× body≥30%)
23:11:42 core.sweep_detector INFO: OrderBlocks: 3 detected, 1 unmitigated
23:11:42 core.sweep_detector INFO: FVGs: 8 detected, 1 unfilled
23:11:43 core.sweep_detector INFO: SweepDetector v2: 2 raw → 1 confirmed (vol≥2.5× body≥30%)
23:11:43 core.sweep_detector INFO: OrderBlocks: 3 detected, 0 unmitigated
23:11:43 core.sweep_detector INFO: FVGs: 11 detected, 4 unfilled
23:11:47 core.sweep_detector INFO: SweepDetector v2: 1 raw → 1 confirmed (vol≥2.5× body≥30%)
23:11:47 core.sweep_detector INFO: OrderBlocks: 7 detected, 2 unmitigated
23:11:47 core.sweep_detector INFO: FVGs: 10 detected, 3 unfilled
23:11:49 core.sweep_detector INFO: SweepDetector v2: 2 raw → 1 confirmed (vol≥2.5× body≥30%)
23:11:49 core.sweep_detector INFO: OrderBlocks: 4 detected, 4 unmitigated
23:11:49 core.sweep_detector INFO: FVGs: 5 detected, 2 unfilled
23:11:51 core.sweep_detector INFO: SweepDetector v2: 2 raw → 2 confirmed (vol≥2.5× body≥30%)
23:11:51 core.sweep_detector INFO: OrderBlocks: 5 detected, 1 unmitigated
23:11:51 core.sweep_detector INFO: FVGs: 2 detected, 1 unfilled
23:11:53 core.sweep_detector INFO: SweepDetector v2: 0 raw → 0 confirmed (vol≥2.5× body≥30%)
23:11:53 core.sweep_detector INFO: OrderBlocks: 6 detected, 3 unmitigated
23:11:53 core.sweep_detector INFO: FVGs: 6 detected, 3 unfilled
23:11:54 core.sweep_detector INFO: SweepDetector v2: 1 raw → 1 confirmed (vol≥2.5× body≥30%)
23:11:54 core.sweep_detector INFO: OrderBlocks: 8 detected, 4 unmitigated
23:11:54 core.sweep_detector INFO: FVGs: 5 detected, 3 unfilled
23:11:56 core.sweep_detector INFO: SweepDetector v2: 1 raw → 1 confirmed (vol≥2.5× body≥30%)
23:11:56 core.sweep_detector INFO: OrderBlocks: 4 detected, 1 unmitigated
23:11:56 core.sweep_detector INFO: FVGs: 10 detected, 2 unfilled
23:11:58 core.sweep_detector INFO: SweepDetector v2: 1 raw → 0 confirmed (vol≥2.5× body≥30%)
23:11:58 core.sweep_detector INFO: OrderBlocks: 2 detected, 2 unmitigated
23:11:58 core.sweep_detector INFO: FVGs: 8 detected, 6 unfilled
23:12:00 core.sweep_detector INFO: SweepDetector v2: 1 raw → 0 confirmed (vol≥2.5× body≥30%)
23:12:00 core.sweep_detector INFO: OrderBlocks: 5 detected, 2 unmitigated
23:12:00 core.sweep_detector INFO: FVGs: 6 detected, 5 unfilled
23:12:01 core.sweep_detector INFO: SweepDetector v2: 2 raw → 1 confirmed (vol≥2.5× body≥30%)
23:12:01 core.sweep_detector INFO: OrderBlocks: 5 detected, 3 unmitigated
23:12:01 core.sweep_detector INFO: FVGs: 5 detected, 3 unfilled
23:12:03 core.sweep_detector INFO: SweepDetector v2: 0 raw → 0 confirmed (vol≥2.5× body≥30%)
23:12:03 core.sweep_detector INFO: OrderBlocks: 5 detected, 1 unmitigated
23:12:03 core.sweep_detector INFO: FVGs: 9 detected, 4 unfilled
23:12:05 core.sweep_detector INFO: SweepDetector v2: 3 raw → 2 confirmed (vol≥2.5× body≥30%)
23:12:05 core.sweep_detector INFO: OrderBlocks: 6 detected, 3 unmitigated
23:12:05 core.sweep_detector INFO: FVGs: 13 detected, 6 unfilled
23:12:06 core.sweep_detector INFO: SweepDetector v2: 0 raw → 0 confirmed (vol≥2.5× body≥30%)
23:12:06 core.sweep_detector INFO: OrderBlocks: 2 detected, 0 unmitigated
23:12:06 core.sweep_detector INFO: FVGs: 9 detected, 1 unfilled
23:12:08 core.sweep_detector INFO: SweepDetector v2: 0 raw → 0 confirmed (vol≥2.5× body≥30%)
23:12:08 core.sweep_detector INFO: OrderBlocks: 8 detected, 2 unmitigated
23:12:08 core.sweep_detector INFO: FVGs: 14 detected, 3 unfilled
23:12:10 core.sweep_detector INFO: SweepDetector v2: 3 raw → 2 confirmed (vol≥2.5× body≥30%)
23:12:10 core.sweep_detector INFO: OrderBlocks: 3 detected, 0 unmitigated
23:12:10 core.sweep_detector INFO: FVGs: 10 detected, 3 unfilled
23:12:12 core.sweep_detector INFO: SweepDetector v2: 1 raw → 1 confirmed (vol≥2.5× body≥30%)
23:12:12 core.sweep_detector INFO: OrderBlocks: 5 detected, 1 unmitigated
23:12:12 core.sweep_detector INFO: FVGs: 8 detected, 2 unfilled
23:12:14 core.sweep_detector INFO: SweepDetector v2: 3 raw → 2 confirmed (vol≥2.5× body≥30%)
23:12:14 core.sweep_detector INFO: OrderBlocks: 5 detected, 1 unmitigated
23:12:14 core.sweep_detector INFO: FVGs: 5 detected, 1 unfilled
23:12:16 core.sweep_detector INFO: SweepDetector v2: 2 raw → 1 confirmed (vol≥2.5× body≥30%)
23:12:16 core.sweep_detector INFO: OrderBlocks: 4 detected, 0 unmitigated
23:12:16 core.sweep_detector INFO: FVGs: 10 detected, 1 unfilled
23:12:17 core.sweep_detector INFO: SweepDetector v2: 0 raw → 0 confirmed (vol≥2.5× body≥30%)
23:12:17 core.sweep_detector INFO: OrderBlocks: 7 detected, 2 unmitigated
23:12:17 core.sweep_detector INFO: FVGs: 4 detected, 1 unfilled
23:12:19 core.sweep_detector INFO: SweepDetector v2: 0 raw → 0 confirmed (vol≥2.5× body≥30%)
23:12:19 core.sweep_detector INFO: OrderBlocks: 6 detected, 1 unmitigated
23:12:19 core.sweep_detector INFO: FVGs: 11 detected, 2 unfilled
23:12:20 core.sweep_detector INFO: SweepDetector v2: 4 raw → 3 confirmed (vol≥2.5× body≥30%)
23:12:20 core.sweep_detector INFO: OrderBlocks: 2 detected, 1 unmitigated
23:12:20 core.sweep_detector INFO: FVGs: 10 detected, 3 unfilled
23:12:22 core.sweep_detector INFO: SweepDetector v2: 1 raw → 1 confirmed (vol≥2.5× body≥30%)
23:12:22 core.sweep_detector INFO: OrderBlocks: 7 detected, 2 unmitigated
23:12:22 core.sweep_detector INFO: FVGs: 6 detected, 1 unfilled
23:12:24 core.sweep_detector INFO: SweepDetector v2: 1 raw → 0 confirmed (vol≥2.5× body≥30%)
23:12:24 core.sweep_detector INFO: OrderBlocks: 4 detected, 1 unmitigated
23:12:24 core.sweep_detector INFO: FVGs: 10 detected, 2 unfilled
23:12:25 core.sweep_detector INFO: SweepDetector v2: 3 raw → 3 confirmed (vol≥2.5× body≥30%)
23:12:25 core.sweep_detector INFO: OrderBlocks: 3 detected, 2 unmitigated
23:12:25 core.sweep_detector INFO: FVGs: 5 detected, 1 unfilled
23:12:27 core.sweep_detector INFO: SweepDetector v2: 1 raw → 1 confirmed (vol≥2.5× body≥30%)
23:12:27 core.sweep_detector INFO: OrderBlocks: 2 detected, 1 unmitigated
23:12:27 core.sweep_detector INFO: FVGs: 6 detected, 2 unfilled
23:12:29 core.sweep_detector INFO: SweepDetector v2: 1 raw → 1 confirmed (vol≥2.5× body≥30%)
23:12:29 core.sweep_detector INFO: OrderBlocks: 5 detected, 3 unmitigated
23:12:29 core.sweep_detector INFO: FVGs: 12 detected, 4 unfilled
23:12:30 core.sweep_detector INFO: SweepDetector v2: 4 raw → 3 confirmed (vol≥2.5× body≥30%)
23:12:30 core.sweep_detector INFO: OrderBlocks: 3 detected, 0 unmitigated
23:12:30 core.sweep_detector INFO: FVGs: 6 detected, 2 unfilled
23:12:32 core.sweep_detector INFO: SweepDetector v2: 3 raw → 2 confirmed (vol≥2.5× body≥30%)
23:12:32 core.sweep_detector INFO: OrderBlocks: 7 detected, 2 unmitigated
23:12:32 core.sweep_detector INFO: FVGs: 11 detected, 2 unfilled
23:12:35 core.sweep_detector INFO: SweepDetector v2: 2 raw → 1 confirmed (vol≥2.5× body≥30%)
23:12:35 core.sweep_detector INFO: OrderBlocks: 5 detected, 0 unmitigated
23:12:35 core.sweep_detector INFO: FVGs: 7 detected, 0 unfilled
23:12:36 core.sweep_detector INFO: SweepDetector v2: 1 raw → 0 confirmed (vol≥2.5× body≥30%)
23:12:36 core.sweep_detector INFO: OrderBlocks: 8 detected, 2 unmitigated
23:12:36 core.sweep_detector INFO: FVGs: 13 detected, 0 unfilled
23:12:38 core.sweep_detector INFO: SweepDetector v2: 4 raw → 2 confirmed (vol≥2.5× body≥30%)
23:12:38 core.sweep_detector INFO: OrderBlocks: 5 detected, 1 unmitigated
23:12:38 core.sweep_detector INFO: FVGs: 6 detected, 0 unfilled
23:12:39 core.sweep_detector INFO: SweepDetector v2: 2 raw → 1 confirmed (vol≥2.5× body≥30%)
23:12:39 core.sweep_detector INFO: OrderBlocks: 4 detected, 1 unmitigated
23:12:40 core.sweep_detector INFO: FVGs: 9 detected, 3 unfilled
23:12:41 core.sweep_detector INFO: SweepDetector v2: 3 raw → 1 confirmed (vol≥2.5× body≥30%)
23:12:41 core.sweep_detector INFO: OrderBlocks: 4 detected, 2 unmitigated
23:12:41 core.sweep_detector INFO: FVGs: 8 detected, 2 unfilled
23:12:44 core.sweep_detector INFO: SweepDetector v2: 1 raw → 1 confirmed (vol≥2.5× body≥30%)
23:12:44 core.sweep_detector INFO: OrderBlocks: 4 detected, 1 unmitigated
23:12:44 core.sweep_detector INFO: FVGs: 7 detected, 1 unfilled
23:12:46 core.sweep_detector INFO: SweepDetector v2: 0 raw → 0 confirmed (vol≥2.5× body≥30%)
23:12:46 core.sweep_detector INFO: OrderBlocks: 3 detected, 0 unmitigated
23:12:46 core.sweep_detector INFO: FVGs: 0 detected, 0 unfilled
23:12:47 core.sweep_detector INFO: SweepDetector v2: 0 raw → 0 confirmed (vol≥2.5× body≥30%)
23:12:47 core.sweep_detector INFO: OrderBlocks: 0 detected, 0 unmitigated
23:12:47 core.sweep_detector INFO: FVGs: 0 detected, 0 unfilled
23:12:49 core.sweep_detector INFO: SweepDetector v2: 0 raw → 0 confirmed (vol≥2.5× body≥30%)
23:12:49 core.sweep_detector INFO: OrderBlocks: 6 detected, 2 unmitigated
23:12:49 core.sweep_detector INFO: FVGs: 0 detected, 0 unfilled
23:12:51 core.sweep_detector INFO: SweepDetector v2: 0 raw → 0 confirmed (vol≥2.5× body≥30%)
23:12:51 core.sweep_detector INFO: OrderBlocks: 0 detected, 0 unmitigated
23:12:51 core.sweep_detector INFO: FVGs: 0 detected, 0 unfilled
23:12:52 core.sweep_detector INFO: SweepDetector v2: 0 raw → 0 confirmed (vol≥2.5× body≥30%)
23:12:52 core.sweep_detector INFO: OrderBlocks: 0 detected, 0 unmitigated
23:12:52 core.sweep_detector INFO: FVGs: 0 detected, 0 unfilled
23:12:54 core.sweep_detector INFO: SweepDetector v2: 0 raw → 0 confirmed (vol≥2.5× body≥30%)
23:12:54 core.sweep_detector INFO: OrderBlocks: 1 detected, 0 unmitigated
23:12:54 core.sweep_detector INFO: FVGs: 0 detected, 0 unfilled
23:12:56 core.sweep_detector INFO: SweepDetector v2: 0 raw → 0 confirmed (vol≥2.5× body≥30%)
23:12:56 core.sweep_detector INFO: OrderBlocks: 6 detected, 2 unmitigated
23:12:56 core.sweep_detector INFO: FVGs: 12 detected, 3 unfilled
23:12:57 core.sweep_detector INFO: SweepDetector v2: 1 raw → 1 confirmed (vol≥2.5× body≥30%)
23:12:57 core.sweep_detector INFO: OrderBlocks: 3 detected, 1 unmitigated
23:12:57 core.sweep_detector INFO: FVGs: 10 detected, 2 unfilled
23:12:59 core.sweep_detector INFO: SweepDetector v2: 1 raw → 1 confirmed (vol≥2.5× body≥30%)
23:12:59 core.sweep_detector INFO: OrderBlocks: 8 detected, 3 unmitigated
23:12:59 core.sweep_detector INFO: FVGs: 8 detected, 5 unfilled
23:13:01 core.sweep_detector INFO: SweepDetector v2: 0 raw → 0 confirmed (vol≥2.5× body≥30%)
23:13:01 core.sweep_detector INFO: OrderBlocks: 6 detected, 3 unmitigated
23:13:01 core.sweep_detector INFO: FVGs: 9 detected, 3 unfilled
23:13:02 core.sweep_detector INFO: SweepDetector v2: 2 raw → 1 confirmed (vol≥2.5× body≥30%)
23:13:02 core.sweep_detector INFO: OrderBlocks: 3 detected, 2 unmitigated
23:13:02 core.sweep_detector INFO: FVGs: 10 detected, 2 unfilled
23:13:04 core.sweep_detector INFO: SweepDetector v2: 2 raw → 2 confirmed (vol≥2.5× body≥30%)
23:13:04 core.sweep_detector INFO: OrderBlocks: 1 detected, 1 unmitigated
23:13:04 core.sweep_detector INFO: FVGs: 7 detected, 2 unfilled
23:13:06 core.sweep_detector INFO: SweepDetector v2: 2 raw → 2 confirmed (vol≥2.5× body≥30%)
23:13:06 core.sweep_detector INFO: OrderBlocks: 6 detected, 0 unmitigated
23:13:06 core.sweep_detector INFO: FVGs: 7 detected, 0 unfilled
23:13:07 core.sweep_detector INFO: SweepDetector v2: 6 raw → 6 confirmed (vol≥2.5× body≥30%)
23:13:07 core.sweep_detector INFO: OrderBlocks: 2 detected, 0 unmitigated
23:13:07 core.sweep_detector INFO: FVGs: 8 detected, 1 unfilled
23:13:09 core.sweep_detector INFO: SweepDetector v2: 5 raw → 4 confirmed (vol≥2.5× body≥30%)
23:13:09 core.sweep_detector INFO: OrderBlocks: 5 detected, 2 unmitigated
23:13:09 core.sweep_detector INFO: FVGs: 9 detected, 2 unfilled
23:13:10 core.sweep_detector INFO: SweepDetector v2: 1 raw → 1 confirmed (vol≥2.5× body≥30%)
23:13:10 core.sweep_detector INFO: OrderBlocks: 6 detected, 2 unmitigated
23:13:10 core.sweep_detector INFO: FVGs: 9 detected, 3 unfilled
23:13:12 core.sweep_detector INFO: SweepDetector v2: 1 raw → 1 confirmed (vol≥2.5× body≥30%)
23:13:12 core.sweep_detector INFO: OrderBlocks: 2 detected, 1 unmitigated
23:13:12 core.sweep_detector INFO: FVGs: 6 detected, 1 unfilled
23:13:14 core.sweep_detector INFO: SweepDetector v2: 1 raw → 1 confirmed (vol≥2.5× body≥30%)
23:13:14 core.sweep_detector INFO: OrderBlocks: 8 detected, 3 unmitigated
23:13:14 core.sweep_detector INFO: FVGs: 4 detected, 1 unfilled
23:13:16 core.sweep_detector INFO: SweepDetector v2: 2 raw → 1 confirmed (vol≥2.5× body≥30%)
23:13:16 core.sweep_detector INFO: OrderBlocks: 8 detected, 2 unmitigated
23:13:16 core.sweep_detector INFO: FVGs: 13 detected, 5 unfilled
23:13:17 core.sweep_detector INFO: SweepDetector v2: 3 raw → 3 confirmed (vol≥2.5× body≥30%)
23:13:17 core.sweep_detector INFO: OrderBlocks: 5 detected, 1 unmitigated
23:13:17 core.sweep_detector INFO: FVGs: 18 detected, 5 unfilled
23:13:19 core.sweep_detector INFO: SweepDetector v2: 2 raw → 0 confirmed (vol≥2.5× body≥30%)
23:13:19 core.sweep_detector INFO: OrderBlocks: 6 detected, 2 unmitigated
23:13:19 core.sweep_detector INFO: FVGs: 15 detected, 5 unfilled
23:13:21 core.sweep_detector INFO: SweepDetector v2: 3 raw → 2 confirmed (vol≥2.5× body≥30%)
23:13:21 core.sweep_detector INFO: OrderBlocks: 6 detected, 3 unmitigated
23:13:21 core.sweep_detector INFO: FVGs: 14 detected, 3 unfilled
23:13:22 core.sweep_detector INFO: SweepDetector v2: 2 raw → 0 confirmed (vol≥2.5× body≥30%)
23:13:22 core.sweep_detector INFO: OrderBlocks: 9 detected, 4 unmitigated
23:13:22 core.sweep_detector INFO: FVGs: 15 detected, 3 unfilled
23:13:24 core.sweep_detector INFO: SweepDetector v2: 1 raw → 0 confirmed (vol≥2.5× body≥30%)
23:13:24 core.sweep_detector INFO: OrderBlocks: 3 detected, 1 unmitigated
23:13:24 core.sweep_detector INFO: FVGs: 11 detected, 5 unfilled
23:13:27 core.sweep_detector INFO: SweepDetector v2: 2 raw → 2 confirmed (vol≥2.5× body≥30%)
23:13:27 core.sweep_detector INFO: OrderBlocks: 8 detected, 2 unmitigated
23:13:27 core.sweep_detector INFO: FVGs: 8 detected, 4 unfilled
23:13:28 core.sweep_detector INFO: SweepDetector v2: 1 raw → 1 confirmed (vol≥2.5× body≥30%)
23:13:28 core.sweep_detector INFO: OrderBlocks: 3 detected, 1 unmitigated
23:13:28 core.sweep_detector INFO: FVGs: 7 detected, 3 unfilled
23:13:30 core.sweep_detector INFO: SweepDetector v2: 3 raw → 2 confirmed (vol≥2.5× body≥30%)
23:13:30 core.sweep_detector INFO: OrderBlocks: 9 detected, 2 unmitigated
23:13:30 core.sweep_detector INFO: FVGs: 5 detected, 2 unfilled
23:13:32 core.sweep_detector INFO: SweepDetector v2: 0 raw → 0 confirmed (vol≥2.5× body≥30%)
23:13:32 core.sweep_detector INFO: OrderBlocks: 3 detected, 1 unmitigated
23:13:32 core.sweep_detector INFO: FVGs: 12 detected, 2 unfilled
23:13:33 core.sweep_detector INFO: SweepDetector v2: 0 raw → 0 confirmed (vol≥2.5× body≥30%)
23:13:33 core.sweep_detector INFO: OrderBlocks: 4 detected, 0 unmitigated
23:13:33 core.sweep_detector INFO: FVGs: 9 detected, 1 unfilled
23:13:35 core.sweep_detector INFO: SweepDetector v2: 2 raw → 2 confirmed (vol≥2.5× body≥30%)
23:13:35 core.sweep_detector INFO: OrderBlocks: 4 detected, 2 unmitigated
23:13:35 core.sweep_detector INFO: FVGs: 9 detected, 2 unfilled
23:13:36 core.sweep_detector INFO: SweepDetector v2: 0 raw → 0 confirmed (vol≥2.5× body≥30%)
23:13:36 core.sweep_detector INFO: OrderBlocks: 7 detected, 3 unmitigated
23:13:36 core.sweep_detector INFO: FVGs: 11 detected, 6 unfilled
23:13:38 core.sweep_detector INFO: SweepDetector v2: 0 raw → 0 confirmed (vol≥2.5× body≥30%)
23:13:38 core.sweep_detector INFO: OrderBlocks: 2 detected, 1 unmitigated
23:13:38 core.sweep_detector INFO: FVGs: 10 detected, 2 unfilled
23:13:40 core.sweep_detector INFO: SweepDetector v2: 1 raw → 1 confirmed (vol≥2.5× body≥30%)
23:13:40 core.sweep_detector INFO: OrderBlocks: 7 detected, 1 unmitigated
23:13:40 core.sweep_detector INFO: FVGs: 11 detected, 2 unfilled
23:13:41 core.sweep_detector INFO: SweepDetector v2: 9 raw → 6 confirmed (vol≥2.5× body≥30%)
23:13:41 core.sweep_detector INFO: OrderBlocks: 7 detected, 2 unmitigated
23:13:41 core.sweep_detector INFO: FVGs: 10 detected, 7 unfilled
23:13:43 core.sweep_detector INFO: SweepDetector v2: 4 raw → 3 confirmed (vol≥2.5× body≥30%)
23:13:43 core.sweep_detector INFO: OrderBlocks: 5 detected, 1 unmitigated
23:13:43 core.sweep_detector INFO: FVGs: 8 detected, 3 unfilled
23:13:45 core.sweep_detector INFO: SweepDetector v2: 1 raw → 0 confirmed (vol≥2.5× body≥30%)
23:13:45 core.sweep_detector INFO: OrderBlocks: 7 detected, 2 unmitigated
23:13:45 core.sweep_detector INFO: FVGs: 6 detected, 1 unfilled
23:13:46 core.sweep_detector INFO: SweepDetector v2: 1 raw → 0 confirmed (vol≥2.5× body≥30%)
23:13:46 core.sweep_detector INFO: OrderBlocks: 7 detected, 1 unmitigated
23:13:46 core.sweep_detector INFO: FVGs: 7 detected, 0 unfilled
23:13:49 core.sweep_detector INFO: SweepDetector v2: 2 raw → 1 confirmed (vol≥2.5× body≥30%)
23:13:49 core.sweep_detector INFO: OrderBlocks: 1 detected, 0 unmitigated
23:13:49 core.sweep_detector INFO: FVGs: 7 detected, 1 unfilled
23:13:54 core.sweep_detector INFO: SweepDetector v2: 1 raw → 1 confirmed (vol≥2.5× body≥30%)
23:13:54 core.sweep_detector INFO: OrderBlocks: 7 detected, 2 unmitigated
23:13:54 core.sweep_detector INFO: FVGs: 6 detected, 1 unfilled
23:13:56 core.sweep_detector INFO: SweepDetector v2: 1 raw → 1 confirmed (vol≥2.5× body≥30%)
23:13:56 core.sweep_detector INFO: OrderBlocks: 4 detected, 2 unmitigated
23:13:56 core.sweep_detector INFO: FVGs: 8 detected, 4 unfilled
23:14:00 core.sweep_detector INFO: SweepDetector v2: 2 raw → 1 confirmed (vol≥2.5× body≥30%)
23:14:00 core.sweep_detector INFO: OrderBlocks: 4 detected, 0 unmitigated
23:14:00 core.sweep_detector INFO: FVGs: 5 detected, 1 unfilled
23:14:04 core.sweep_detector INFO: SweepDetector v2: 1 raw → 1 confirmed (vol≥2.5× body≥30%)
23:14:04 core.sweep_detector INFO: OrderBlocks: 4 detected, 1 unmitigated
23:14:04 core.sweep_detector INFO: FVGs: 5 detected, 1 unfilled
23:14:06 core.sweep_detector INFO: SweepDetector v2: 0 raw → 0 confirmed (vol≥2.5× body≥30%)
23:14:06 core.sweep_detector INFO: OrderBlocks: 7 detected, 2 unmitigated
23:14:06 core.sweep_detector INFO: FVGs: 4 detected, 2 unfilled
23:14:08 core.sweep_detector INFO: SweepDetector v2: 2 raw → 2 confirmed (vol≥2.5× body≥30%)
23:14:08 core.sweep_detector INFO: OrderBlocks: 3 detected, 0 unmitigated
23:14:08 core.sweep_detector INFO: FVGs: 7 detected, 2 unfilled
23:14:10 core.sweep_detector INFO: SweepDetector v2: 1 raw → 1 confirmed (vol≥2.5× body≥30%)
23:14:10 core.sweep_detector INFO: OrderBlocks: 8 detected, 1 unmitigated
23:14:10 core.sweep_detector INFO: FVGs: 5 detected, 2 unfilled
23:14:11 core.sweep_detector INFO: SweepDetector v2: 1 raw → 1 confirmed (vol≥2.5× body≥30%)
23:14:11 core.sweep_detector INFO: OrderBlocks: 7 detected, 2 unmitigated
23:14:11 core.sweep_detector INFO: FVGs: 4 detected, 3 unfilled
23:14:13 core.sweep_detector INFO: SweepDetector v2: 3 raw → 2 confirmed (vol≥2.5× body≥30%)
23:14:13 core.sweep_detector INFO: OrderBlocks: 2 detected, 0 unmitigated
23:14:13 core.sweep_detector INFO: FVGs: 4 detected, 1 unfilled
23:14:15 core.sweep_detector INFO: SweepDetector v2: 1 raw → 1 confirmed (vol≥2.5× body≥30%)
23:14:15 core.sweep_detector INFO: OrderBlocks: 6 detected, 2 unmitigated
23:14:15 core.sweep_detector INFO: FVGs: 6 detected, 1 unfilled
23:14:16 core.sweep_detector INFO: SweepDetector v2: 0 raw → 0 confirmed (vol≥2.5× body≥30%)
23:14:16 core.sweep_detector INFO: OrderBlocks: 3 detected, 1 unmitigated
23:14:16 core.sweep_detector INFO: FVGs: 12 detected, 4 unfilled
23:14:18 core.sweep_detector INFO: SweepDetector v2: 1 raw → 1 confirmed (vol≥2.5× body≥30%)
23:14:18 core.sweep_detector INFO: OrderBlocks: 8 detected, 2 unmitigated
23:14:18 core.sweep_detector INFO: FVGs: 11 detected, 5 unfilled
23:14:19 core.sweep_detector INFO: SweepDetector v2: 2 raw → 0 confirmed (vol≥2.5× body≥30%)
23:14:20 core.sweep_detector INFO: OrderBlocks: 5 detected, 1 unmitigated
23:14:20 core.sweep_detector INFO: FVGs: 3 detected, 1 unfilled
23:14:21 core.sweep_detector INFO: SweepDetector v2: 3 raw → 2 confirmed (vol≥2.5× body≥30%)
23:14:21 core.sweep_detector INFO: OrderBlocks: 10 detected, 2 unmitigated
23:14:21 core.sweep_detector INFO: FVGs: 13 detected, 1 unfilled
23:14:23 core.sweep_detector INFO: SweepDetector v2: 2 raw → 1 confirmed (vol≥2.5× body≥30%)
23:14:23 core.sweep_detector INFO: OrderBlocks: 7 detected, 1 unmitigated
23:14:23 core.sweep_detector INFO: FVGs: 10 detected, 2 unfilled
23:14:24 core.sweep_detector INFO: SweepDetector v2: 1 raw → 1 confirmed (vol≥2.5× body≥30%)
23:14:24 core.sweep_detector INFO: OrderBlocks: 5 detected, 1 unmitigated
23:14:24 core.sweep_detector INFO: FVGs: 5 detected, 1 unfilled
23:14:26 core.sweep_detector INFO: SweepDetector v2: 2 raw → 2 confirmed (vol≥2.5× body≥30%)
23:14:26 core.sweep_detector INFO: OrderBlocks: 13 detected, 1 unmitigated
23:14:26 core.sweep_detector INFO: FVGs: 16 detected, 3 unfilled
23:14:27 core.sweep_detector INFO: SweepDetector v2: 3 raw → 3 confirmed (vol≥2.5× body≥30%)
23:14:27 core.sweep_detector INFO: OrderBlocks: 4 detected, 2 unmitigated
23:14:27 core.sweep_detector INFO: FVGs: 5 detected, 2 unfilled
23:14:29 core.sweep_detector INFO: SweepDetector v2: 3 raw → 2 confirmed (vol≥2.5× body≥30%)
23:14:29 core.sweep_detector INFO: OrderBlocks: 6 detected, 2 unmitigated
23:14:29 core.sweep_detector INFO: FVGs: 5 detected, 3 unfilled
23:14:31 core.sweep_detector INFO: SweepDetector v2: 6 raw → 3 confirmed (vol≥2.5× body≥30%)
23:14:31 core.sweep_detector INFO: OrderBlocks: 6 detected, 4 unmitigated
23:14:31 core.sweep_detector INFO: FVGs: 10 detected, 4 unfilled
23:14:32 core.sweep_detector INFO: SweepDetector v2: 5 raw → 4 confirmed (vol≥2.5× body≥30%)
23:14:32 core.sweep_detector INFO: OrderBlocks: 5 detected, 1 unmitigated
23:14:32 core.sweep_detector INFO: FVGs: 8 detected, 3 unfilled
23:14:34 core.sweep_detector INFO: SweepDetector v2: 1 raw → 1 confirmed (vol≥2.5× body≥30%)
23:14:34 core.sweep_detector INFO: OrderBlocks: 5 detected, 1 unmitigated
23:14:34 core.sweep_detector INFO: FVGs: 7 detected, 1 unfilled
23:14:36 core.sweep_detector INFO: SweepDetector v2: 1 raw → 1 confirmed (vol≥2.5× body≥30%)
23:14:36 core.sweep_detector INFO: OrderBlocks: 4 detected, 3 unmitigated
23:14:36 core.sweep_detector INFO: FVGs: 7 detected, 3 unfilled
23:14:37 core.sweep_detector INFO: SweepDetector v2: 3 raw → 3 confirmed (vol≥2.5× body≥30%)
23:14:37 core.sweep_detector INFO: OrderBlocks: 3 detected, 0 unmitigated
23:14:37 core.sweep_detector INFO: FVGs: 7 detected, 2 unfilled
23:14:39 core.sweep_detector INFO: SweepDetector v2: 2 raw → 2 confirmed (vol≥2.5× body≥30%)
23:14:39 core.sweep_detector INFO: OrderBlocks: 5 detected, 1 unmitigated
23:14:39 core.sweep_detector INFO: FVGs: 9 detected, 2 unfilled
23:14:41 core.sweep_detector INFO: SweepDetector v2: 1 raw → 1 confirmed (vol≥2.5× body≥30%)
23:14:41 core.sweep_detector INFO: OrderBlocks: 5 detected, 2 unmitigated
23:14:41 core.sweep_detector INFO: FVGs: 10 detected, 5 unfilled
23:14:42 core.sweep_detector INFO: SweepDetector v2: 2 raw → 0 confirmed (vol≥2.5× body≥30%)
23:14:42 core.sweep_detector INFO: OrderBlocks: 5 detected, 0 unmitigated
23:14:42 core.sweep_detector INFO: FVGs: 11 detected, 0 unfilled
23:14:44 core.sweep_detector INFO: SweepDetector v2: 1 raw → 1 confirmed (vol≥2.5× body≥30%)
23:14:44 core.sweep_detector INFO: OrderBlocks: 9 detected, 2 unmitigated
23:14:44 core.sweep_detector INFO: FVGs: 6 detected, 1 unfilled
23:14:45 core.sweep_detector INFO: SweepDetector v2: 3 raw → 2 confirmed (vol≥2.5× body≥30%)
23:14:45 core.sweep_detector INFO: OrderBlocks: 4 detected, 0 unmitigated
23:14:45 core.sweep_detector INFO: FVGs: 7 detected, 1 unfilled
23:14:48 core.sweep_detector INFO: SweepDetector v2: 3 raw → 3 confirmed (vol≥2.5× body≥30%)
23:14:48 core.sweep_detector INFO: OrderBlocks: 3 detected, 1 unmitigated
23:14:48 core.sweep_detector INFO: FVGs: 4 detected, 1 unfilled
23:14:49 core.sweep_detector INFO: SweepDetector v2: 0 raw → 0 confirmed (vol≥2.5× body≥30%)
23:14:49 core.sweep_detector INFO: OrderBlocks: 9 detected, 2 unmitigated
23:14:49 core.sweep_detector INFO: FVGs: 1 detected, 0 unfilled
23:14:51 core.sweep_detector INFO: SweepDetector v2: 0 raw → 0 confirmed (vol≥2.5× body≥30%)
23:14:51 core.sweep_detector INFO: OrderBlocks: 6 detected, 3 unmitigated
23:14:51 core.sweep_detector INFO: FVGs: 10 detected, 4 unfilled
23:14:53 core.sweep_detector INFO: SweepDetector v2: 4 raw → 3 confirmed (vol≥2.5× body≥30%)
23:14:53 core.sweep_detector INFO: OrderBlocks: 3 detected, 0 unmitigated
23:14:53 core.sweep_detector INFO: FVGs: 6 detected, 2 unfilled
23:14:55 core.sweep_detector INFO: SweepDetector v2: 2 raw → 2 confirmed (vol≥2.5× body≥30%)
23:14:55 core.sweep_detector INFO: OrderBlocks: 2 detected, 1 unmitigated
23:14:55 core.sweep_detector INFO: FVGs: 7 detected, 2 unfilled
23:14:56 core.sweep_detector INFO: SweepDetector v2: 1 raw → 1 confirmed (vol≥2.5× body≥30%)
23:14:56 core.sweep_detector INFO: OrderBlocks: 3 detected, 1 unmitigated
23:14:56 core.sweep_detector INFO: FVGs: 5 detected, 1 unfilled
23:14:58 core.sweep_detector INFO: SweepDetector v2: 3 raw → 3 confirmed (vol≥2.5× body≥30%)
23:14:58 core.sweep_detector INFO: OrderBlocks: 2 detected, 0 unmitigated
23:14:58 core.sweep_detector INFO: FVGs: 5 detected, 2 unfilled
23:15:01 core.sweep_detector INFO: SweepDetector v2: 2 raw → 2 confirmed (vol≥2.5× body≥30%)
23:15:01 core.sweep_detector INFO: OrderBlocks: 2 detected, 1 unmitigated
23:15:01 core.sweep_detector INFO: FVGs: 3 detected, 1 unfilled
23:15:01 __main__ INFO: Pending signal #38: binance:PEPE/USDT long entry=3.21e-06 current=3.27e-06 dist=1.83% expires=2h
23:15:01 alerts.telegram INFO: Alert suppressed (binance:PEPE/USDT long): conf 0.70 < threshold 0.80
23:15:02 core.sweep_detector INFO: SweepDetector v2: 2 raw → 2 confirmed (vol≥2.5× body≥30%)
23:15:02 core.sweep_detector INFO: OrderBlocks: 8 detected, 3 unmitigated
23:15:02 core.sweep_detector INFO: FVGs: 9 detected, 2 unfilled
23:15:04 core.sweep_detector INFO: SweepDetector v2: 4 raw → 2 confirmed (vol≥2.5× body≥30%)
23:15:04 core.sweep_detector INFO: OrderBlocks: 2 detected, 1 unmitigated
23:15:04 core.sweep_detector INFO: FVGs: 9 detected, 2 unfilled
23:15:06 core.sweep_detector INFO: SweepDetector v2: 3 raw → 1 confirmed (vol≥2.5× body≥30%)
23:15:06 core.sweep_detector INFO: OrderBlocks: 6 detected, 1 unmitigated
23:15:06 core.sweep_detector INFO: FVGs: 6 detected, 2 unfilled
23:15:08 core.sweep_detector INFO: SweepDetector v2: 1 raw → 0 confirmed (vol≥2.5× body≥30%)
23:15:08 core.sweep_detector INFO: OrderBlocks: 5 detected, 1 unmitigated
23:15:08 core.sweep_detector INFO: FVGs: 5 detected, 2 unfilled
23:15:10 core.sweep_detector INFO: SweepDetector v2: 4 raw → 4 confirmed (vol≥2.5× body≥30%)
23:15:10 core.sweep_detector INFO: OrderBlocks: 2 detected, 1 unmitigated
23:15:10 core.sweep_detector INFO: FVGs: 8 detected, 2 unfilled
23:15:11 core.sweep_detector INFO: SweepDetector v2: 1 raw → 1 confirmed (vol≥2.5× body≥30%)
23:15:11 core.sweep_detector INFO: OrderBlocks: 3 detected, 1 unmitigated
23:15:11 core.sweep_detector INFO: FVGs: 10 detected, 4 unfilled
23:15:13 core.sweep_detector INFO: SweepDetector v2: 3 raw → 2 confirmed (vol≥2.5× body≥30%)
23:15:13 core.sweep_detector INFO: OrderBlocks: 3 detected, 0 unmitigated
23:15:13 core.sweep_detector INFO: FVGs: 5 detected, 0 unfilled
23:15:16 core.sweep_detector INFO: SweepDetector v2: 3 raw → 3 confirmed (vol≥2.5× body≥30%)
23:15:16 core.sweep_detector INFO: OrderBlocks: 1 detected, 0 unmitigated
23:15:16 core.sweep_detector INFO: FVGs: 7 detected, 1 unfilled
23:15:17 core.sweep_detector INFO: SweepDetector v2: 2 raw → 2 confirmed (vol≥2.5× body≥30%)
23:15:17 core.sweep_detector INFO: OrderBlocks: 2 detected, 0 unmitigated
23:15:17 core.sweep_detector INFO: FVGs: 7 detected, 2 unfilled
23:15:19 core.sweep_detector INFO: SweepDetector v2: 2 raw → 2 confirmed (vol≥2.5× body≥30%)
23:15:19 core.sweep_detector INFO: OrderBlocks: 6 detected, 3 unmitigated
23:15:19 core.sweep_detector INFO: FVGs: 9 detected, 2 unfilled
23:15:20 core.sweep_detector INFO: SweepDetector v2: 1 raw → 1 confirmed (vol≥2.5× body≥30%)
23:15:20 core.sweep_detector INFO: OrderBlocks: 4 detected, 1 unmitigated
23:15:20 core.sweep_detector INFO: FVGs: 7 detected, 2 unfilled
23:15:22 core.sweep_detector INFO: SweepDetector v2: 1 raw → 1 confirmed (vol≥2.5× body≥30%)
23:15:22 core.sweep_detector INFO: OrderBlocks: 6 detected, 3 unmitigated
23:15:22 core.sweep_detector INFO: FVGs: 9 detected, 4 unfilled
23:15:24 core.sweep_detector INFO: SweepDetector v2: 0 raw → 0 confirmed (vol≥2.5× body≥30%)
23:15:24 core.sweep_detector INFO: OrderBlocks: 1 detected, 0 unmitigated
23:15:24 core.sweep_detector INFO: FVGs: 0 detected, 0 unfilled
23:15:25 core.sweep_detector INFO: SweepDetector v2: 0 raw → 0 confirmed (vol≥2.5× body≥30%)
23:15:25 core.sweep_detector INFO: OrderBlocks: 0 detected, 0 unmitigated
23:15:25 core.sweep_detector INFO: FVGs: 0 detected, 0 unfilled
23:15:27 core.sweep_detector INFO: SweepDetector v2: 0 raw → 0 confirmed (vol≥2.5× body≥30%)
23:15:27 core.sweep_detector INFO: OrderBlocks: 0 detected, 0 unmitigated
23:15:27 core.sweep_detector INFO: FVGs: 0 detected, 0 unfilled
23:15:29 core.sweep_detector INFO: SweepDetector v2: 2 raw → 2 confirmed (vol≥2.5× body≥30%)
23:15:29 core.sweep_detector INFO: OrderBlocks: 5 detected, 2 unmitigated
23:15:29 core.sweep_detector INFO: FVGs: 6 detected, 1 unfilled
23:15:30 core.sweep_detector INFO: SweepDetector v2: 3 raw → 3 confirmed (vol≥2.5× body≥30%)
23:15:30 core.sweep_detector INFO: OrderBlocks: 4 detected, 0 unmitigated
23:15:30 core.sweep_detector INFO: FVGs: 9 detected, 1 unfilled
23:15:32 core.sweep_detector INFO: SweepDetector v2: 1 raw → 1 confirmed (vol≥2.5× body≥30%)
23:15:32 core.sweep_detector INFO: OrderBlocks: 8 detected, 3 unmitigated
23:15:32 core.sweep_detector INFO: FVGs: 9 detected, 4 unfilled
23:15:34 core.sweep_detector INFO: SweepDetector v2: 2 raw → 1 confirmed (vol≥2.5× body≥30%)
23:15:34 core.sweep_detector INFO: OrderBlocks: 6 detected, 1 unmitigated
23:15:34 core.sweep_detector INFO: FVGs: 12 detected, 2 unfilled
23:15:35 core.sweep_detector INFO: SweepDetector v2: 1 raw → 0 confirmed (vol≥2.5× body≥30%)
23:15:35 core.sweep_detector INFO: OrderBlocks: 1 detected, 1 unmitigated
23:15:35 core.sweep_detector INFO: FVGs: 8 detected, 5 unfilled
23:15:37 core.sweep_detector INFO: SweepDetector v2: 1 raw → 0 confirmed (vol≥2.5× body≥30%)
23:15:37 core.sweep_detector INFO: OrderBlocks: 6 detected, 3 unmitigated
23:15:37 core.sweep_detector INFO: FVGs: 10 detected, 2 unfilled
23:15:39 core.sweep_detector INFO: SweepDetector v2: 0 raw → 0 confirmed (vol≥2.5× body≥30%)
23:15:39 core.sweep_detector INFO: OrderBlocks: 4 detected, 2 unmitigated
23:15:39 core.sweep_detector INFO: FVGs: 11 detected, 8 unfilled
23:15:41 core.sweep_detector INFO: SweepDetector v2: 0 raw → 0 confirmed (vol≥2.5× body≥30%)
23:15:41 core.sweep_detector INFO: OrderBlocks: 2 detected, 0 unmitigated
23:15:41 core.sweep_detector INFO: FVGs: 5 detected, 1 unfilled
23:15:43 core.sweep_detector INFO: SweepDetector v2: 2 raw → 2 confirmed (vol≥2.5× body≥30%)
23:15:43 core.sweep_detector INFO: OrderBlocks: 4 detected, 2 unmitigated
23:15:43 core.sweep_detector INFO: FVGs: 2 detected, 1 unfilled
23:15:45 core.sweep_detector INFO: SweepDetector v2: 5 raw → 3 confirmed (vol≥2.5× body≥30%)
23:15:45 core.sweep_detector INFO: OrderBlocks: 8 detected, 2 unmitigated
23:15:45 core.sweep_detector INFO: FVGs: 9 detected, 2 unfilled
23:15:46 core.sweep_detector INFO: SweepDetector v2: 2 raw → 2 confirmed (vol≥2.5× body≥30%)
23:15:46 core.sweep_detector INFO: OrderBlocks: 6 detected, 3 unmitigated
23:15:46 core.sweep_detector INFO: FVGs: 16 detected, 4 unfilled
23:15:49 core.sweep_detector INFO: SweepDetector v2: 1 raw → 1 confirmed (vol≥2.5× body≥30%)
23:15:49 core.sweep_detector INFO: OrderBlocks: 3 detected, 0 unmitigated
23:15:49 core.sweep_detector INFO: FVGs: 8 detected, 5 unfilled
23:15:50 core.sweep_detector INFO: SweepDetector v2: 0 raw → 0 confirmed (vol≥2.5× body≥30%)
23:15:50 core.sweep_detector INFO: OrderBlocks: 5 detected, 1 unmitigated
23:15:50 core.sweep_detector INFO: FVGs: 8 detected, 3 unfilled
23:15:52 core.sweep_detector INFO: SweepDetector v2: 3 raw → 3 confirmed (vol≥2.5× body≥30%)
23:15:52 core.sweep_detector INFO: OrderBlocks: 3 detected, 2 unmitigated
23:15:52 core.sweep_detector INFO: FVGs: 6 detected, 2 unfilled
23:15:54 core.sweep_detector INFO: SweepDetector v2: 1 raw → 1 confirmed (vol≥2.5× body≥30%)
23:15:54 core.sweep_detector INFO: OrderBlocks: 2 detected, 1 unmitigated
23:15:54 core.sweep_detector INFO: FVGs: 2 detected, 1 unfilled
23:15:56 core.sweep_detector INFO: SweepDetector v2: 1 raw → 1 confirmed (vol≥2.5× body≥30%)
23:15:56 core.sweep_detector INFO: OrderBlocks: 3 detected, 2 unmitigated
23:15:56 core.sweep_detector INFO: FVGs: 12 detected, 8 unfilled
23:15:57 core.sweep_detector INFO: SweepDetector v2: 1 raw → 1 confirmed (vol≥2.5× body≥30%)
23:15:57 core.sweep_detector INFO: OrderBlocks: 0 detected, 0 unmitigated
23:15:57 core.sweep_detector INFO: FVGs: 0 detected, 0 unfilled
23:15:59 core.sweep_detector INFO: SweepDetector v2: 3 raw → 3 confirmed (vol≥2.5× body≥30%)
23:15:59 core.sweep_detector INFO: OrderBlocks: 8 detected, 1 unmitigated
23:15:59 core.sweep_detector INFO: FVGs: 9 detected, 3 unfilled
23:16:01 core.sweep_detector INFO: SweepDetector v2: 1 raw → 0 confirmed (vol≥2.5× body≥30%)
23:16:01 core.sweep_detector INFO: OrderBlocks: 7 detected, 1 unmitigated
23:16:01 core.sweep_detector INFO: FVGs: 8 detected, 3 unfilled
23:16:02 core.sweep_detector INFO: SweepDetector v2: 3 raw → 1 confirmed (vol≥2.5× body≥30%)
23:16:02 core.sweep_detector INFO: OrderBlocks: 3 detected, 2 unmitigated
23:16:02 core.sweep_detector INFO: FVGs: 7 detected, 2 unfilled
23:16:04 core.sweep_detector INFO: SweepDetector v2: 1 raw → 1 confirmed (vol≥2.5× body≥30%)
23:16:04 core.sweep_detector INFO: OrderBlocks: 8 detected, 1 unmitigated
23:16:04 core.sweep_detector INFO: FVGs: 7 detected, 3 unfilled
23:16:06 core.sweep_detector INFO: SweepDetector v2: 4 raw → 3 confirmed (vol≥2.5× body≥30%)
23:16:06 core.sweep_detector INFO: OrderBlocks: 7 detected, 2 unmitigated
23:16:06 core.sweep_detector INFO: FVGs: 9 detected, 2 unfilled
23:16:07 core.sweep_detector INFO: SweepDetector v2: 2 raw → 1 confirmed (vol≥2.5× body≥30%)
23:16:07 core.sweep_detector INFO: OrderBlocks: 4 detected, 2 unmitigated
23:16:07 core.sweep_detector INFO: FVGs: 16 detected, 6 unfilled
23:16:09 core.sweep_detector INFO: SweepDetector v2: 3 raw → 2 confirmed (vol≥2.5× body≥30%)
23:16:09 core.sweep_detector INFO: OrderBlocks: 5 detected, 1 unmitigated
23:16:09 core.sweep_detector INFO: FVGs: 8 detected, 2 unfilled
23:16:10 core.sweep_detector INFO: SweepDetector v2: 7 raw → 5 confirmed (vol≥2.5× body≥30%)
23:16:10 core.sweep_detector INFO: OrderBlocks: 6 detected, 5 unmitigated
23:16:10 core.sweep_detector INFO: FVGs: 13 detected, 8 unfilled
23:16:12 core.sweep_detector INFO: SweepDetector v2: 2 raw → 1 confirmed (vol≥2.5× body≥30%)
23:16:12 core.sweep_detector INFO: OrderBlocks: 1 detected, 0 unmitigated
23:16:12 core.sweep_detector INFO: FVGs: 6 detected, 2 unfilled
23:16:16 core.sweep_detector INFO: SweepDetector v2: 3 raw → 3 confirmed (vol≥2.5× body≥30%)
23:16:16 core.sweep_detector INFO: OrderBlocks: 3 detected, 1 unmitigated
23:16:16 core.sweep_detector INFO: FVGs: 8 detected, 2 unfilled
23:16:17 core.sweep_detector INFO: SweepDetector v2: 0 raw → 0 confirmed (vol≥2.5× body≥30%)
23:16:17 core.sweep_detector INFO: OrderBlocks: 6 detected, 4 unmitigated
23:16:17 core.sweep_detector INFO: FVGs: 13 detected, 6 unfilled
23:16:19 core.sweep_detector INFO: SweepDetector v2: 3 raw → 2 confirmed (vol≥2.5× body≥30%)
23:16:19 core.sweep_detector INFO: OrderBlocks: 3 detected, 3 unmitigated
23:16:19 core.sweep_detector INFO: FVGs: 6 detected, 4 unfilled
23:16:21 core.sweep_detector INFO: SweepDetector v2: 2 raw → 1 confirmed (vol≥2.5× body≥30%)
23:16:21 core.sweep_detector INFO: OrderBlocks: 9 detected, 3 unmitigated
23:16:21 core.sweep_detector INFO: FVGs: 7 detected, 2 unfilled
23:16:23 core.sweep_detector INFO: SweepDetector v2: 3 raw → 3 confirmed (vol≥2.5× body≥30%)
23:16:23 core.sweep_detector INFO: OrderBlocks: 3 detected, 1 unmitigated
23:16:23 core.sweep_detector INFO: FVGs: 4 detected, 1 unfilled
23:16:24 core.sweep_detector INFO: SweepDetector v2: 3 raw → 2 confirmed (vol≥2.5× body≥30%)
23:16:24 core.sweep_detector INFO: OrderBlocks: 5 detected, 0 unmitigated
23:16:24 core.sweep_detector INFO: FVGs: 4 detected, 0 unfilled
23:16:26 core.sweep_detector INFO: SweepDetector v2: 1 raw → 1 confirmed (vol≥2.5× body≥30%)
23:16:26 core.sweep_detector INFO: OrderBlocks: 7 detected, 3 unmitigated
23:16:26 core.sweep_detector INFO: FVGs: 8 detected, 2 unfilled
23:16:28 core.sweep_detector INFO: SweepDetector v2: 4 raw → 3 confirmed (vol≥2.5× body≥30%)
23:16:28 core.sweep_detector INFO: OrderBlocks: 1 detected, 1 unmitigated
23:16:28 core.sweep_detector INFO: FVGs: 12 detected, 8 unfilled
23:16:30 core.sweep_detector INFO: SweepDetector v2: 2 raw → 2 confirmed (vol≥2.5× body≥30%)
23:16:30 core.sweep_detector INFO: OrderBlocks: 4 detected, 1 unmitigated
23:16:30 core.sweep_detector INFO: FVGs: 9 detected, 3 unfilled
23:16:31 core.sweep_detector INFO: SweepDetector v2: 2 raw → 1 confirmed (vol≥2.5× body≥30%)
23:16:32 core.sweep_detector INFO: OrderBlocks: 5 detected, 1 unmitigated
23:16:32 core.sweep_detector INFO: FVGs: 9 detected, 6 unfilled
23:16:33 core.sweep_detector INFO: SweepDetector v2: 1 raw → 0 confirmed (vol≥2.5× body≥30%)
23:16:33 core.sweep_detector INFO: OrderBlocks: 3 detected, 0 unmitigated
23:16:33 core.sweep_detector INFO: FVGs: 12 detected, 5 unfilled
23:16:35 core.sweep_detector INFO: SweepDetector v2: 1 raw → 1 confirmed (vol≥2.5× body≥30%)
23:16:35 core.sweep_detector INFO: OrderBlocks: 2 detected, 0 unmitigated
23:16:35 core.sweep_detector INFO: FVGs: 3 detected, 1 unfilled
23:16:37 core.sweep_detector INFO: SweepDetector v2: 2 raw → 2 confirmed (vol≥2.5× body≥30%)
23:16:37 core.sweep_detector INFO: OrderBlocks: 1 detected, 0 unmitigated
23:16:37 core.sweep_detector INFO: FVGs: 4 detected, 1 unfilled
23:16:39 core.sweep_detector INFO: SweepDetector v2: 1 raw → 0 confirmed (vol≥2.5× body≥30%)
23:16:39 core.sweep_detector INFO: OrderBlocks: 5 detected, 3 unmitigated
23:16:39 core.sweep_detector INFO: FVGs: 10 detected, 6 unfilled
23:16:40 core.sweep_detector INFO: SweepDetector v2: 2 raw → 2 confirmed (vol≥2.5× body≥30%)
23:16:40 core.sweep_detector INFO: OrderBlocks: 4 detected, 2 unmitigated
23:16:40 core.sweep_detector INFO: FVGs: 11 detected, 4 unfilled
23:16:42 core.sweep_detector INFO: SweepDetector v2: 3 raw → 2 confirmed (vol≥2.5× body≥30%)
23:16:42 core.sweep_detector INFO: OrderBlocks: 5 detected, 1 unmitigated
23:16:42 core.sweep_detector INFO: FVGs: 5 detected, 3 unfilled
23:16:44 core.sweep_detector INFO: SweepDetector v2: 0 raw → 0 confirmed (vol≥2.5× body≥30%)
23:16:44 core.sweep_detector INFO: OrderBlocks: 10 detected, 2 unmitigated
23:16:44 core.sweep_detector INFO: FVGs: 11 detected, 2 unfilled
23:16:45 core.sweep_detector INFO: SweepDetector v2: 1 raw → 1 confirmed (vol≥2.5× body≥30%)
23:16:45 core.sweep_detector INFO: OrderBlocks: 5 detected, 4 unmitigated
23:16:45 core.sweep_detector INFO: FVGs: 7 detected, 4 unfilled
23:16:47 core.sweep_detector INFO: SweepDetector v2: 0 raw → 0 confirmed (vol≥2.5× body≥30%)
23:16:47 core.sweep_detector INFO: OrderBlocks: 4 detected, 2 unmitigated
23:16:47 core.sweep_detector INFO: FVGs: 5 detected, 3 unfilled
23:16:49 core.sweep_detector INFO: SweepDetector v2: 0 raw → 0 confirmed (vol≥2.5× body≥30%)
23:16:49 core.sweep_detector INFO: OrderBlocks: 3 detected, 0 unmitigated
23:16:49 core.sweep_detector INFO: FVGs: 0 detected, 0 unfilled
23:16:50 core.sweep_detector INFO: SweepDetector v2: 0 raw → 0 confirmed (vol≥2.5× body≥30%)
23:16:50 core.sweep_detector INFO: OrderBlocks: 0 detected, 0 unmitigated
23:16:50 core.sweep_detector INFO: FVGs: 0 detected, 0 unfilled
23:16:52 core.sweep_detector INFO: SweepDetector v2: 0 raw → 0 confirmed (vol≥2.5× body≥30%)
23:16:52 core.sweep_detector INFO: OrderBlocks: 0 detected, 0 unmitigated
23:16:52 core.sweep_detector INFO: FVGs: 0 detected, 0 unfilled
23:16:54 core.sweep_detector INFO: SweepDetector v2: 1 raw → 1 confirmed (vol≥2.5× body≥30%)
23:16:54 core.sweep_detector INFO: OrderBlocks: 5 detected, 2 unmitigated
23:16:54 core.sweep_detector INFO: FVGs: 8 detected, 4 unfilled
23:16:55 core.sweep_detector INFO: SweepDetector v2: 2 raw → 2 confirmed (vol≥2.5× body≥30%)
23:16:55 core.sweep_detector INFO: OrderBlocks: 5 detected, 0 unmitigated
23:16:55 core.sweep_detector INFO: FVGs: 6 detected, 1 unfilled
23:16:57 core.sweep_detector INFO: SweepDetector v2: 2 raw → 2 confirmed (vol≥2.5× body≥30%)
23:16:57 core.sweep_detector INFO: OrderBlocks: 6 detected, 1 unmitigated
23:16:57 core.sweep_detector INFO: FVGs: 5 detected, 2 unfilled
23:16:59 core.sweep_detector INFO: SweepDetector v2: 1 raw → 1 confirmed (vol≥2.5× body≥30%)
23:16:59 core.sweep_detector INFO: OrderBlocks: 2 detected, 0 unmitigated
23:16:59 core.sweep_detector INFO: FVGs: 0 detected, 0 unfilled
23:17:01 core.sweep_detector INFO: SweepDetector v2: 0 raw → 0 confirmed (vol≥2.5× body≥30%)
23:17:01 core.sweep_detector INFO: OrderBlocks: 2 detected, 1 unmitigated
23:17:01 core.sweep_detector INFO: FVGs: 0 detected, 0 unfilled
23:17:03 core.sweep_detector INFO: SweepDetector v2: 0 raw → 0 confirmed (vol≥2.5× body≥30%)
23:17:03 core.sweep_detector INFO: OrderBlocks: 0 detected, 0 unmitigated
23:17:03 core.sweep_detector INFO: FVGs: 0 detected, 0 unfilled
23:17:05 core.sweep_detector INFO: SweepDetector v2: 0 raw → 0 confirmed (vol≥2.5× body≥30%)
23:17:05 core.sweep_detector INFO: OrderBlocks: 3 detected, 0 unmitigated
23:17:05 core.sweep_detector INFO: FVGs: 0 detected, 0 unfilled
23:17:07 core.sweep_detector INFO: SweepDetector v2: 0 raw → 0 confirmed (vol≥2.5× body≥30%)
23:17:07 core.sweep_detector INFO: OrderBlocks: 0 detected, 0 unmitigated
23:17:07 core.sweep_detector INFO: FVGs: 0 detected, 0 unfilled
23:17:08 core.sweep_detector INFO: SweepDetector v2: 0 raw → 0 confirmed (vol≥2.5× body≥30%)
23:17:08 core.sweep_detector INFO: OrderBlocks: 0 detected, 0 unmitigated
23:17:08 core.sweep_detector INFO: FVGs: 0 detected, 0 unfilled
23:17:10 core.sweep_detector INFO: SweepDetector v2: 0 raw → 0 confirmed (vol≥2.5× body≥30%)
23:17:10 core.sweep_detector INFO: OrderBlocks: 8 detected, 1 unmitigated
23:17:10 core.sweep_detector INFO: FVGs: 6 detected, 3 unfilled
23:17:12 core.sweep_detector INFO: SweepDetector v2: 2 raw → 2 confirmed (vol≥2.5× body≥30%)
23:17:12 core.sweep_detector INFO: OrderBlocks: 5 detected, 2 unmitigated
23:17:12 core.sweep_detector INFO: FVGs: 14 detected, 4 unfilled
23:17:15 core.sweep_detector INFO: SweepDetector v2: 2 raw → 2 confirmed (vol≥2.5× body≥30%)
23:17:15 core.sweep_detector INFO: OrderBlocks: 5 detected, 1 unmitigated
23:17:15 core.sweep_detector INFO: FVGs: 6 detected, 1 unfilled
23:17:16 core.sweep_detector INFO: SweepDetector v2: 0 raw → 0 confirmed (vol≥2.5× body≥30%)
23:17:16 core.sweep_detector INFO: OrderBlocks: 3 detected, 0 unmitigated
23:17:16 core.sweep_detector INFO: FVGs: 9 detected, 4 unfilled
23:17:18 core.sweep_detector INFO: SweepDetector v2: 1 raw → 1 confirmed (vol≥2.5× body≥30%)
23:17:18 core.sweep_detector INFO: OrderBlocks: 1 detected, 0 unmitigated
23:17:18 core.sweep_detector INFO: FVGs: 7 detected, 2 unfilled
23:17:20 core.sweep_detector INFO: SweepDetector v2: 1 raw → 1 confirmed (vol≥2.5× body≥30%)
23:17:20 core.sweep_detector INFO: OrderBlocks: 5 detected, 2 unmitigated
23:17:20 core.sweep_detector INFO: FVGs: 4 detected, 2 unfilled
23:17:22 core.sweep_detector INFO: SweepDetector v2: 2 raw → 2 confirmed (vol≥2.5× body≥30%)
23:17:22 core.sweep_detector INFO: OrderBlocks: 4 detected, 2 unmitigated
23:17:22 core.sweep_detector INFO: FVGs: 8 detected, 2 unfilled
23:17:24 core.sweep_detector INFO: SweepDetector v2: 1 raw → 1 confirmed (vol≥2.5× body≥30%)
23:17:24 core.sweep_detector INFO: OrderBlocks: 2 detected, 0 unmitigated
23:17:24 core.sweep_detector INFO: FVGs: 9 detected, 1 unfilled
23:17:26 core.sweep_detector INFO: SweepDetector v2: 2 raw → 1 confirmed (vol≥2.5× body≥30%)
23:17:26 core.sweep_detector INFO: OrderBlocks: 7 detected, 2 unmitigated
23:17:26 core.sweep_detector INFO: FVGs: 6 detected, 2 unfilled
23:17:29 core.sweep_detector INFO: SweepDetector v2: 1 raw → 1 confirmed (vol≥2.5× body≥30%)
23:17:29 core.sweep_detector INFO: OrderBlocks: 2 detected, 1 unmitigated
23:17:29 core.sweep_detector INFO: FVGs: 7 detected, 4 unfilled
23:17:31 core.sweep_detector INFO: SweepDetector v2: 2 raw → 1 confirmed (vol≥2.5× body≥30%)
23:17:31 core.sweep_detector INFO: OrderBlocks: 1 detected, 0 unmitigated
23:17:31 core.sweep_detector INFO: FVGs: 5 detected, 1 unfilled
23:17:33 core.sweep_detector INFO: SweepDetector v2: 1 raw → 0 confirmed (vol≥2.5× body≥30%)
23:17:33 core.sweep_detector INFO: OrderBlocks: 1 detected, 0 unmitigated
23:17:33 core.sweep_detector INFO: FVGs: 1 detected, 0 unfilled
23:17:35 core.sweep_detector INFO: SweepDetector v2: 2 raw → 1 confirmed (vol≥2.5× body≥30%)
23:17:35 core.sweep_detector INFO: OrderBlocks: 6 detected, 4 unmitigated
23:17:35 core.sweep_detector INFO: FVGs: 12 detected, 6 unfilled
23:17:37 core.sweep_detector INFO: SweepDetector v2: 4 raw → 4 confirmed (vol≥2.5× body≥30%)
23:17:37 core.sweep_detector INFO: OrderBlocks: 1 detected, 0 unmitigated
23:17:37 core.sweep_detector INFO: FVGs: 6 detected, 3 unfilled
23:17:39 core.sweep_detector INFO: SweepDetector v2: 0 raw → 0 confirmed (vol≥2.5× body≥30%)
23:17:39 core.sweep_detector INFO: OrderBlocks: 6 detected, 2 unmitigated
23:17:39 core.sweep_detector INFO: FVGs: 8 detected, 3 unfilled
23:17:41 core.sweep_detector INFO: SweepDetector v2: 2 raw → 1 confirmed (vol≥2.5× body≥30%)
23:17:41 core.sweep_detector INFO: OrderBlocks: 6 detected, 1 unmitigated
23:17:41 core.sweep_detector INFO: FVGs: 5 detected, 1 unfilled
23:17:43 core.sweep_detector INFO: SweepDetector v2: 1 raw → 1 confirmed (vol≥2.5× body≥30%)
23:17:43 core.sweep_detector INFO: OrderBlocks: 3 detected, 0 unmitigated
23:17:43 core.sweep_detector INFO: FVGs: 7 detected, 0 unfilled
23:17:45 core.sweep_detector INFO: SweepDetector v2: 4 raw → 3 confirmed (vol≥2.5× body≥30%)
23:17:45 core.sweep_detector INFO: OrderBlocks: 2 detected, 1 unmitigated
23:17:45 core.sweep_detector INFO: FVGs: 7 detected, 1 unfilled
23:17:50 core.sweep_detector INFO: SweepDetector v2: 0 raw → 0 confirmed (vol≥2.5× body≥30%)
23:17:50 core.sweep_detector INFO: OrderBlocks: 0 detected, 0 unmitigated
23:17:50 core.sweep_detector INFO: FVGs: 3 detected, 1 unfilled
23:17:52 core.sweep_detector INFO: SweepDetector v2: 0 raw → 0 confirmed (vol≥2.5× body≥30%)
23:17:52 core.sweep_detector INFO: OrderBlocks: 2 detected, 0 unmitigated
23:17:52 core.sweep_detector INFO: FVGs: 4 detected, 1 unfilled
23:17:57 core.sweep_detector INFO: SweepDetector v2: 0 raw → 0 confirmed (vol≥2.5× body≥30%)
23:17:57 core.sweep_detector INFO: OrderBlocks: 9 detected, 1 unmitigated
23:17:57 core.sweep_detector INFO: FVGs: 2 detected, 0 unfilled
23:17:59 core.sweep_detector INFO: SweepDetector v2: 0 raw → 0 confirmed (vol≥2.5× body≥30%)
23:17:59 core.sweep_detector INFO: OrderBlocks: 7 detected, 3 unmitigated
23:17:59 core.sweep_detector INFO: FVGs: 10 detected, 5 unfilled
23:18:01 core.sweep_detector INFO: SweepDetector v2: 1 raw → 1 confirmed (vol≥2.5× body≥30%)
23:18:01 core.sweep_detector INFO: OrderBlocks: 4 detected, 2 unmitigated
23:18:01 core.sweep_detector INFO: FVGs: 6 detected, 2 unfilled
23:18:03 core.sweep_detector INFO: SweepDetector v2: 1 raw → 1 confirmed (vol≥2.5× body≥30%)
23:18:03 core.sweep_detector INFO: OrderBlocks: 6 detected, 3 unmitigated
23:18:03 core.sweep_detector INFO: FVGs: 8 detected, 2 unfilled
23:18:05 core.sweep_detector INFO: SweepDetector v2: 0 raw → 0 confirmed (vol≥2.5× body≥30%)
23:18:05 core.sweep_detector INFO: OrderBlocks: 8 detected, 1 unmitigated
23:18:05 core.sweep_detector INFO: FVGs: 9 detected, 4 unfilled
23:18:06 core.sweep_detector INFO: SweepDetector v2: 2 raw → 2 confirmed (vol≥2.5× body≥30%)
23:18:06 core.sweep_detector INFO: OrderBlocks: 1 detected, 0 unmitigated
23:18:06 core.sweep_detector INFO: FVGs: 12 detected, 4 unfilled
23:18:08 core.sweep_detector INFO: SweepDetector v2: 2 raw → 2 confirmed (vol≥2.5× body≥30%)
23:18:08 core.sweep_detector INFO: OrderBlocks: 5 detected, 2 unmitigated
23:18:08 core.sweep_detector INFO: FVGs: 13 detected, 3 unfilled
23:18:10 core.sweep_detector INFO: SweepDetector v2: 2 raw → 2 confirmed (vol≥2.5× body≥30%)
23:18:10 core.sweep_detector INFO: OrderBlocks: 5 detected, 2 unmitigated
23:18:10 core.sweep_detector INFO: FVGs: 8 detected, 2 unfilled
23:18:11 core.sweep_detector INFO: SweepDetector v2: 2 raw → 2 confirmed (vol≥2.5× body≥30%)
23:18:11 core.sweep_detector INFO: OrderBlocks: 3 detected, 2 unmitigated
23:18:11 core.sweep_detector INFO: FVGs: 4 detected, 1 unfilled
23:18:13 core.sweep_detector INFO: SweepDetector v2: 0 raw → 0 confirmed (vol≥2.5× body≥30%)
23:18:13 core.sweep_detector INFO: OrderBlocks: 5 detected, 3 unmitigated
23:18:13 core.sweep_detector INFO: FVGs: 4 detected, 1 unfilled
23:18:15 core.sweep_detector INFO: SweepDetector v2: 0 raw → 0 confirmed (vol≥2.5× body≥30%)
23:18:15 core.sweep_detector INFO: OrderBlocks: 0 detected, 0 unmitigated
23:18:15 core.sweep_detector INFO: FVGs: 0 detected, 0 unfilled
23:18:16 core.sweep_detector INFO: SweepDetector v2: 0 raw → 0 confirmed (vol≥2.5× body≥30%)
23:18:16 core.sweep_detector INFO: OrderBlocks: 3 detected, 0 unmitigated
23:18:16 core.sweep_detector INFO: FVGs: 0 detected, 0 unfilled
23:18:18 core.sweep_detector INFO: SweepDetector v2: 0 raw → 0 confirmed (vol≥2.5× body≥30%)
23:18:18 core.sweep_detector INFO: OrderBlocks: 0 detected, 0 unmitigated
23:18:18 core.sweep_detector INFO: FVGs: 0 detected, 0 unfilled
23:18:20 core.sweep_detector INFO: SweepDetector v2: 7 raw → 3 confirmed (vol≥2.5× body≥30%)
23:18:20 core.sweep_detector INFO: OrderBlocks: 10 detected, 3 unmitigated
23:18:20 core.sweep_detector INFO: FVGs: 10 detected, 2 unfilled
23:18:21 core.sweep_detector INFO: SweepDetector v2: 1 raw → 1 confirmed (vol≥2.5× body≥30%)
23:18:21 core.sweep_detector INFO: OrderBlocks: 7 detected, 2 unmitigated
23:18:21 core.sweep_detector INFO: FVGs: 16 detected, 4 unfilled
23:18:24 core.sweep_detector INFO: SweepDetector v2: 4 raw → 3 confirmed (vol≥2.5× body≥30%)
23:18:24 core.sweep_detector INFO: OrderBlocks: 5 detected, 1 unmitigated
23:18:24 core.sweep_detector INFO: FVGs: 9 detected, 1 unfilled
23:18:26 core.sweep_detector INFO: SweepDetector v2: 1 raw → 1 confirmed (vol≥2.5× body≥30%)
23:18:26 core.sweep_detector INFO: OrderBlocks: 5 detected, 0 unmitigated
23:18:26 core.sweep_detector INFO: FVGs: 6 detected, 1 unfilled
23:18:27 core.sweep_detector INFO: SweepDetector v2: 2 raw → 1 confirmed (vol≥2.5× body≥30%)
23:18:27 core.sweep_detector INFO: OrderBlocks: 2 detected, 0 unmitigated
23:18:27 core.sweep_detector INFO: FVGs: 8 detected, 1 unfilled
23:18:29 core.sweep_detector INFO: SweepDetector v2: 0 raw → 0 confirmed (vol≥2.5× body≥30%)
23:18:29 core.sweep_detector INFO: OrderBlocks: 4 detected, 3 unmitigated
23:18:29 core.sweep_detector INFO: FVGs: 7 detected, 2 unfilled
23:18:31 core.sweep_detector INFO: SweepDetector v2: 2 raw → 2 confirmed (vol≥2.5× body≥30%)
23:18:31 core.sweep_detector INFO: OrderBlocks: 6 detected, 1 unmitigated
23:18:31 core.sweep_detector INFO: FVGs: 7 detected, 3 unfilled
23:18:33 core.sweep_detector INFO: SweepDetector v2: 2 raw → 2 confirmed (vol≥2.5× body≥30%)
23:18:33 core.sweep_detector INFO: OrderBlocks: 4 detected, 1 unmitigated
23:18:33 core.sweep_detector INFO: FVGs: 8 detected, 2 unfilled
23:18:34 core.sweep_detector INFO: SweepDetector v2: 3 raw → 3 confirmed (vol≥2.5× body≥30%)
23:18:34 core.sweep_detector INFO: OrderBlocks: 1 detected, 1 unmitigated
23:18:34 core.sweep_detector INFO: FVGs: 8 detected, 3 unfilled
23:18:34 __main__ INFO: Checking 2 open trades for exit conditions
/root/.openclaw/workspace/projects/crypto-liquidity-hunter/main.py:555: DeprecationWarning: datetime.datetime.utcnow() is deprecated and scheduled for removal in a future version. Use timezone-aware objects to represent datetimes in UTC: datetime.datetime.now(datetime.UTC).
  scan_end     = datetime.utcnow()

=== SCAN ALL: 91 pairs, 3 timeframes ===
Total signals generated: 2
  binance:ASTER/USDT 15m LONG Entry=0.65 SL=0.65 TP=0.68 R:R=4.15
  binance:PEPE/USDT 15m LONG Entry=0.00 SL=0.00 TP=0.00 R:R=3.00
