00:20:02 __main__ INFO: Volume filter: fetching all tickers in one call...
00:20:04 __main__ INFO: Volume filter: 92/447 pairs pass $2M threshold
/root/.openclaw/workspace/projects/crypto-liquidity-hunter/main.py:292: DeprecationWarning: datetime.datetime.utcnow() is deprecated and scheduled for removal in a future version. Use timezone-aware objects to represent datetimes in UTC: datetime.datetime.now(datetime.UTC).
  scan_start = datetime.utcnow()   # for duration tracking
00:20:05 core.binance_connector INFO: BinanceConnector: connected [LIVE FUTURES MAINNET]
00:20:05 __main__ INFO: Auto-executor: account 'Liquiddbot1' mode=live exec=auto
00:20:06 core.sweep_detector INFO: SweepDetector v2: 0 raw â†’ 0 confirmed (volâ‰Ą2.5Ă— bodyâ‰Ą30%)
00:20:06 core.sweep_detector INFO: OrderBlocks: 8 detected, 4 unmitigated
00:20:06 core.sweep_detector INFO: FVGs: 12 detected, 6 unfilled
00:20:08 core.sweep_detector INFO: SweepDetector v2: 2 raw â†’ 2 confirmed (volâ‰Ą2.5Ă— bodyâ‰Ą30%)
00:20:08 core.sweep_detector INFO: OrderBlocks: 3 detected, 0 unmitigated
00:20:08 core.sweep_detector INFO: FVGs: 5 detected, 1 unfilled
00:20:10 core.sweep_detector INFO: SweepDetector v2: 2 raw â†’ 2 confirmed (volâ‰Ą2.5Ă— bodyâ‰Ą30%)
00:20:10 core.sweep_detector INFO: OrderBlocks: 4 detected, 0 unmitigated
00:20:10 core.sweep_detector INFO: FVGs: 6 detected, 1 unfilled
00:20:12 core.sweep_detector INFO: SweepDetector v2: 1 raw â†’ 1 confirmed (volâ‰Ą2.5Ă— bodyâ‰Ą30%)
00:20:12 core.sweep_detector INFO: OrderBlocks: 6 detected, 0 unmitigated
00:20:12 core.sweep_detector INFO: FVGs: 10 detected, 4 unfilled
00:20:13 core.sweep_detector INFO: SweepDetector v2: 2 raw â†’ 1 confirmed (volâ‰Ą2.5Ă— bodyâ‰Ą30%)
00:20:13 core.sweep_detector INFO: OrderBlocks: 3 detected, 1 unmitigated
00:20:13 core.sweep_detector INFO: FVGs: 4 detected, 2 unfilled
00:20:15 core.sweep_detector INFO: SweepDetector v2: 1 raw â†’ 1 confirmed (volâ‰Ą2.5Ă— bodyâ‰Ą30%)
00:20:15 core.sweep_detector INFO: OrderBlocks: 6 detected, 0 unmitigated
00:20:15 core.sweep_detector INFO: FVGs: 3 detected, 0 unfilled
00:20:16 core.sweep_detector INFO: SweepDetector v2: 3 raw â†’ 2 confirmed (volâ‰Ą2.5Ă— bodyâ‰Ą30%)
00:20:16 core.sweep_detector INFO: OrderBlocks: 7 detected, 0 unmitigated
00:20:16 core.sweep_detector INFO: FVGs: 9 detected, 0 unfilled
00:20:18 core.sweep_detector INFO: SweepDetector v2: 1 raw â†’ 0 confirmed (volâ‰Ą2.5Ă— bodyâ‰Ą30%)
00:20:18 core.sweep_detector INFO: OrderBlocks: 4 detected, 1 unmitigated
00:20:18 core.sweep_detector INFO: FVGs: 8 detected, 2 unfilled
00:20:19 core.sweep_detector INFO: SweepDetector v2: 2 raw â†’ 2 confirmed (volâ‰Ą2.5Ă— bodyâ‰Ą30%)
00:20:19 core.sweep_detector INFO: OrderBlocks: 2 detected, 0 unmitigated
00:20:19 core.sweep_detector INFO: FVGs: 5 detected, 2 unfilled
00:20:21 core.sweep_detector INFO: SweepDetector v2: 2 raw â†’ 1 confirmed (volâ‰Ą2.5Ă— bodyâ‰Ą30%)
00:20:21 core.sweep_detector INFO: OrderBlocks: 7 detected, 2 unmitigated
00:20:21 core.sweep_detector INFO: FVGs: 8 detected, 2 unfilled
00:20:23 core.sweep_detector INFO: SweepDetector v2: 1 raw â†’ 1 confirmed (volâ‰Ą2.5Ă— bodyâ‰Ą30%)
00:20:23 core.sweep_detector INFO: OrderBlocks: 2 detected, 0 unmitigated
00:20:23 core.sweep_detector INFO: FVGs: 8 detected, 3 unfilled
00:20:24 core.sweep_detector INFO: SweepDetector v2: 3 raw â†’ 2 confirmed (volâ‰Ą2.5Ă— bodyâ‰Ą30%)
00:20:24 core.sweep_detector INFO: OrderBlocks: 4 detected, 0 unmitigated
00:20:24 core.sweep_detector INFO: FVGs: 4 detected, 0 unfilled
00:20:26 core.sweep_detector INFO: SweepDetector v2: 2 raw â†’ 1 confirmed (volâ‰Ą2.5Ă— bodyâ‰Ą30%)
00:20:26 core.sweep_detector INFO: OrderBlocks: 4 detected, 3 unmitigated
00:20:26 core.sweep_detector INFO: FVGs: 10 detected, 4 unfilled
00:20:28 core.sweep_detector INFO: SweepDetector v2: 1 raw â†’ 1 confirmed (volâ‰Ą2.5Ă— bodyâ‰Ą30%)
00:20:28 core.sweep_detector INFO: OrderBlocks: 3 detected, 1 unmitigated
00:20:28 core.sweep_detector INFO: FVGs: 6 detected, 1 unfilled
00:20:29 core.sweep_detector INFO: SweepDetector v2: 2 raw â†’ 2 confirmed (volâ‰Ą2.5Ă— bodyâ‰Ą30%)
00:20:29 core.sweep_detector INFO: OrderBlocks: 3 detected, 0 unmitigated
00:20:29 core.sweep_detector INFO: FVGs: 6 detected, 0 unfilled
00:20:31 core.sweep_detector INFO: SweepDetector v2: 5 raw â†’ 5 confirmed (volâ‰Ą2.5Ă— bodyâ‰Ą30%)
00:20:31 core.sweep_detector INFO: OrderBlocks: 1 detected, 0 unmitigated
00:20:31 core.sweep_detector INFO: FVGs: 3 detected, 0 unfilled
00:20:33 core.sweep_detector INFO: SweepDetector v2: 2 raw â†’ 2 confirmed (volâ‰Ą2.5Ă— bodyâ‰Ą30%)
00:20:33 core.sweep_detector INFO: OrderBlocks: 4 detected, 0 unmitigated
00:20:33 core.sweep_detector INFO: FVGs: 1 detected, 0 unfilled
00:20:33 __main__ INFO: Pending signal #37: binance:ASTER/USDT long entry=0.653 current=0.664 dist=1.66% expires=8h
00:20:33 alerts.telegram INFO: Alert suppressed (binance:ASTER/USDT long): conf 0.62 < threshold 0.80
00:20:34 core.sweep_detector INFO: SweepDetector v2: 1 raw â†’ 1 confirmed (volâ‰Ą2.5Ă— bodyâ‰Ą30%)
00:20:34 core.sweep_detector INFO: OrderBlocks: 0 detected, 0 unmitigated
00:20:34 core.sweep_detector INFO: FVGs: 1 detected, 0 unfilled
00:20:34 __main__ INFO: Pending signal #37: binance:ASTER/USDT long entry=0.653 current=0.664 dist=1.66% expires=2h
00:20:34 alerts.telegram INFO: Alert suppressed (binance:ASTER/USDT long): conf 0.67 < threshold 0.80
00:20:36 core.sweep_detector INFO: SweepDetector v2: 2 raw â†’ 2 confirmed (volâ‰Ą2.5Ă— bodyâ‰Ą30%)
00:20:36 core.sweep_detector INFO: OrderBlocks: 2 detected, 1 unmitigated
00:20:36 core.sweep_detector INFO: FVGs: 12 detected, 6 unfilled
00:20:37 core.sweep_detector INFO: SweepDetector v2: 1 raw â†’ 1 confirmed (volâ‰Ą2.5Ă— bodyâ‰Ą30%)
00:20:37 core.sweep_detector INFO: OrderBlocks: 2 detected, 1 unmitigated
00:20:37 core.sweep_detector INFO: FVGs: 5 detected, 1 unfilled
00:20:39 core.sweep_detector INFO: SweepDetector v2: 2 raw â†’ 2 confirmed (volâ‰Ą2.5Ă— bodyâ‰Ą30%)
00:20:39 core.sweep_detector INFO: OrderBlocks: 5 detected, 0 unmitigated
00:20:39 core.sweep_detector INFO: FVGs: 3 detected, 0 unfilled
00:20:40 core.sweep_detector INFO: SweepDetector v2: 2 raw â†’ 2 confirmed (volâ‰Ą2.5Ă— bodyâ‰Ą30%)
00:20:40 core.sweep_detector INFO: OrderBlocks: 5 detected, 0 unmitigated
00:20:40 core.sweep_detector INFO: FVGs: 4 detected, 0 unfilled
00:20:42 core.sweep_detector INFO: SweepDetector v2: 1 raw â†’ 1 confirmed (volâ‰Ą2.5Ă— bodyâ‰Ą30%)
00:20:42 core.sweep_detector INFO: OrderBlocks: 5 detected, 0 unmitigated
00:20:42 core.sweep_detector INFO: FVGs: 11 detected, 1 unfilled
00:20:43 core.sweep_detector INFO: SweepDetector v2: 2 raw â†’ 1 confirmed (volâ‰Ą2.5Ă— bodyâ‰Ą30%)
00:20:43 core.sweep_detector INFO: OrderBlocks: 4 detected, 1 unmitigated
00:20:43 core.sweep_detector INFO: FVGs: 15 detected, 4 unfilled
00:20:45 core.sweep_detector INFO: SweepDetector v2: 1 raw â†’ 1 confirmed (volâ‰Ą2.5Ă— bodyâ‰Ą30%)
00:20:45 core.sweep_detector INFO: OrderBlocks: 6 detected, 2 unmitigated
00:20:45 core.sweep_detector INFO: FVGs: 8 detected, 3 unfilled
00:20:47 core.sweep_detector INFO: SweepDetector v2: 0 raw â†’ 0 confirmed (volâ‰Ą2.5Ă— bodyâ‰Ą30%)
00:20:47 core.sweep_detector INFO: OrderBlocks: 4 detected, 2 unmitigated
00:20:47 core.sweep_detector INFO: FVGs: 8 detected, 3 unfilled
00:20:49 core.sweep_detector INFO: SweepDetector v2: 1 raw â†’ 1 confirmed (volâ‰Ą2.5Ă— bodyâ‰Ą30%)
00:20:49 core.sweep_detector INFO: OrderBlocks: 5 detected, 1 unmitigated
00:20:49 core.sweep_detector INFO: FVGs: 7 detected, 3 unfilled
00:20:50 core.sweep_detector INFO: SweepDetector v2: 4 raw â†’ 4 confirmed (volâ‰Ą2.5Ă— bodyâ‰Ą30%)
00:20:50 core.sweep_detector INFO: OrderBlocks: 2 detected, 2 unmitigated
00:20:50 core.sweep_detector INFO: FVGs: 14 detected, 3 unfilled
00:20:52 core.sweep_detector INFO: SweepDetector v2: 2 raw â†’ 1 confirmed (volâ‰Ą2.5Ă— bodyâ‰Ą30%)
00:20:52 core.sweep_detector INFO: OrderBlocks: 6 detected, 1 unmitigated
00:20:52 core.sweep_detector INFO: FVGs: 14 detected, 3 unfilled
00:20:54 core.sweep_detector INFO: SweepDetector v2: 1 raw â†’ 0 confirmed (volâ‰Ą2.5Ă— bodyâ‰Ą30%)
00:20:54 core.sweep_detector INFO: OrderBlocks: 4 detected, 2 unmitigated
00:20:54 core.sweep_detector INFO: FVGs: 8 detected, 3 unfilled
00:20:56 core.sweep_detector INFO: SweepDetector v2: 0 raw â†’ 0 confirmed (volâ‰Ą2.5Ă— bodyâ‰Ą30%)
00:20:56 core.sweep_detector INFO: OrderBlocks: 3 detected, 1 unmitigated
00:20:56 core.sweep_detector INFO: FVGs: 6 detected, 2 unfilled
00:20:58 core.sweep_detector INFO: SweepDetector v2: 3 raw â†’ 3 confirmed (volâ‰Ą2.5Ă— bodyâ‰Ą30%)
00:20:58 core.sweep_detector INFO: OrderBlocks: 1 detected, 1 unmitigated
00:20:58 core.sweep_detector INFO: FVGs: 5 detected, 3 unfilled
00:20:59 core.sweep_detector INFO: SweepDetector v2: 2 raw â†’ 2 confirmed (volâ‰Ą2.5Ă— bodyâ‰Ą30%)
00:20:59 core.sweep_detector INFO: OrderBlocks: 6 detected, 4 unmitigated
00:20:59 core.sweep_detector INFO: FVGs: 9 detected, 7 unfilled
00:21:01 core.sweep_detector INFO: SweepDetector v2: 0 raw â†’ 0 confirmed (volâ‰Ą2.5Ă— bodyâ‰Ą30%)
00:21:01 core.sweep_detector INFO: OrderBlocks: 0 detected, 0 unmitigated
00:21:01 core.sweep_detector INFO: FVGs: 0 detected, 0 unfilled
00:21:03 core.sweep_detector INFO: SweepDetector v2: 0 raw â†’ 0 confirmed (volâ‰Ą2.5Ă— bodyâ‰Ą30%)
00:21:03 core.sweep_detector INFO: OrderBlocks: 1 detected, 0 unmitigated
00:21:03 core.sweep_detector INFO: FVGs: 0 detected, 0 unfilled
00:21:04 core.sweep_detector INFO: SweepDetector v2: 0 raw â†’ 0 confirmed (volâ‰Ą2.5Ă— bodyâ‰Ą30%)
00:21:04 core.sweep_detector INFO: OrderBlocks: 0 detected, 0 unmitigated
00:21:04 core.sweep_detector INFO: FVGs: 0 detected, 0 unfilled
00:21:06 core.sweep_detector INFO: SweepDetector v2: 4 raw â†’ 4 confirmed (volâ‰Ą2.5Ă— bodyâ‰Ą30%)
00:21:06 core.sweep_detector INFO: OrderBlocks: 3 detected, 1 unmitigated
00:21:06 core.sweep_detector INFO: FVGs: 3 detected, 1 unfilled
00:21:08 core.sweep_detector INFO: SweepDetector v2: 3 raw â†’ 3 confirmed (volâ‰Ą2.5Ă— bodyâ‰Ą30%)
00:21:08 core.sweep_detector INFO: OrderBlocks: 3 detected, 1 unmitigated
00:21:08 core.sweep_detector INFO: FVGs: 6 detected, 2 unfilled
00:21:09 core.sweep_detector INFO: SweepDetector v2: 5 raw â†’ 3 confirmed (volâ‰Ą2.5Ă— bodyâ‰Ą30%)
00:21:09 core.sweep_detector INFO: OrderBlocks: 5 detected, 2 unmitigated
00:21:09 core.sweep_detector INFO: FVGs: 5 detected, 0 unfilled
00:21:11 core.sweep_detector INFO: SweepDetector v2: 1 raw â†’ 1 confirmed (volâ‰Ą2.5Ă— bodyâ‰Ą30%)
00:21:11 core.sweep_detector INFO: OrderBlocks: 6 detected, 4 unmitigated
00:21:11 core.sweep_detector INFO: FVGs: 10 detected, 4 unfilled
00:21:12 core.sweep_detector INFO: SweepDetector v2: 1 raw â†’ 1 confirmed (volâ‰Ą2.5Ă— bodyâ‰Ą30%)
00:21:12 core.sweep_detector INFO: OrderBlocks: 4 detected, 1 unmitigated
00:21:12 core.sweep_detector INFO: FVGs: 5 detected, 0 unfilled
00:21:14 core.sweep_detector INFO: SweepDetector v2: 1 raw â†’ 1 confirmed (volâ‰Ą2.5Ă— bodyâ‰Ą30%)
00:21:14 core.sweep_detector INFO: OrderBlocks: 6 detected, 0 unmitigated
00:21:14 core.sweep_detector INFO: FVGs: 5 detected, 0 unfilled
00:21:16 core.sweep_detector INFO: SweepDetector v2: 1 raw â†’ 1 confirmed (volâ‰Ą2.5Ă— bodyâ‰Ą30%)
00:21:16 core.sweep_detector INFO: OrderBlocks: 5 detected, 0 unmitigated
00:21:16 core.sweep_detector INFO: FVGs: 7 detected, 3 unfilled
00:21:17 core.sweep_detector INFO: SweepDetector v2: 1 raw â†’ 1 confirmed (volâ‰Ą2.5Ă— bodyâ‰Ą30%)
00:21:17 core.sweep_detector INFO: OrderBlocks: 2 detected, 0 unmitigated
00:21:17 core.sweep_detector INFO: FVGs: 8 detected, 1 unfilled
00:21:19 core.sweep_detector INFO: SweepDetector v2: 1 raw â†’ 1 confirmed (volâ‰Ą2.5Ă— bodyâ‰Ą30%)
00:21:19 core.sweep_detector INFO: OrderBlocks: 5 detected, 0 unmitigated
00:21:19 core.sweep_detector INFO: FVGs: 5 detected, 0 unfilled
00:21:20 core.sweep_detector INFO: SweepDetector v2: 0 raw â†’ 0 confirmed (volâ‰Ą2.5Ă— bodyâ‰Ą30%)
00:21:20 core.sweep_detector INFO: OrderBlocks: 4 detected, 2 unmitigated
00:21:20 core.sweep_detector INFO: FVGs: 7 detected, 2 unfilled
00:21:22 core.sweep_detector INFO: SweepDetector v2: 1 raw â†’ 1 confirmed (volâ‰Ą2.5Ă— bodyâ‰Ą30%)
00:21:22 core.sweep_detector INFO: OrderBlocks: 3 detected, 0 unmitigated
00:21:22 core.sweep_detector INFO: FVGs: 7 detected, 0 unfilled
00:21:24 core.sweep_detector INFO: SweepDetector v2: 1 raw â†’ 1 confirmed (volâ‰Ą2.5Ă— bodyâ‰Ą30%)
00:21:24 core.sweep_detector INFO: OrderBlocks: 6 detected, 0 unmitigated
00:21:24 core.sweep_detector INFO: FVGs: 3 detected, 0 unfilled
00:21:27 core.sweep_detector INFO: SweepDetector v2: 7 raw â†’ 5 confirmed (volâ‰Ą2.5Ă— bodyâ‰Ą30%)
00:21:27 core.sweep_detector INFO: OrderBlocks: 4 detected, 2 unmitigated
00:21:27 core.sweep_detector INFO: FVGs: 10 detected, 4 unfilled
00:21:28 core.sweep_detector INFO: SweepDetector v2: 5 raw â†’ 2 confirmed (volâ‰Ą2.5Ă— bodyâ‰Ą30%)
00:21:28 core.sweep_detector INFO: OrderBlocks: 3 detected, 1 unmitigated
00:21:28 core.sweep_detector INFO: FVGs: 7 detected, 1 unfilled
00:21:30 core.sweep_detector INFO: SweepDetector v2: 2 raw â†’ 1 confirmed (volâ‰Ą2.5Ă— bodyâ‰Ą30%)
00:21:30 core.sweep_detector INFO: OrderBlocks: 3 detected, 0 unmitigated
00:21:30 core.sweep_detector INFO: FVGs: 11 detected, 4 unfilled
00:21:31 core.sweep_detector INFO: SweepDetector v2: 1 raw â†’ 1 confirmed (volâ‰Ą2.5Ă— bodyâ‰Ą30%)
00:21:31 core.sweep_detector INFO: OrderBlocks: 7 detected, 2 unmitigated
00:21:31 core.sweep_detector INFO: FVGs: 10 detected, 2 unfilled
00:21:33 core.sweep_detector INFO: SweepDetector v2: 2 raw â†’ 1 confirmed (volâ‰Ą2.5Ă— bodyâ‰Ą30%)
00:21:33 core.sweep_detector INFO: OrderBlocks: 5 detected, 4 unmitigated
00:21:33 core.sweep_detector INFO: FVGs: 5 detected, 1 unfilled
00:21:35 core.sweep_detector INFO: SweepDetector v2: 2 raw â†’ 2 confirmed (volâ‰Ą2.5Ă— bodyâ‰Ą30%)
00:21:35 core.sweep_detector INFO: OrderBlocks: 6 detected, 1 unmitigated
00:21:35 core.sweep_detector INFO: FVGs: 2 detected, 0 unfilled
00:21:36 core.sweep_detector INFO: SweepDetector v2: 0 raw â†’ 0 confirmed (volâ‰Ą2.5Ă— bodyâ‰Ą30%)
00:21:36 core.sweep_detector INFO: OrderBlocks: 6 detected, 3 unmitigated
00:21:36 core.sweep_detector INFO: FVGs: 6 detected, 3 unfilled
00:21:38 core.sweep_detector INFO: SweepDetector v2: 1 raw â†’ 1 confirmed (volâ‰Ą2.5Ă— bodyâ‰Ą30%)
00:21:38 core.sweep_detector INFO: OrderBlocks: 9 detected, 4 unmitigated
00:21:38 core.sweep_detector INFO: FVGs: 5 detected, 3 unfilled
00:21:40 core.sweep_detector INFO: SweepDetector v2: 1 raw â†’ 0 confirmed (volâ‰Ą2.5Ă— bodyâ‰Ą30%)
00:21:40 core.sweep_detector INFO: OrderBlocks: 4 detected, 0 unmitigated
00:21:40 core.sweep_detector INFO: FVGs: 9 detected, 0 unfilled
00:21:41 core.sweep_detector INFO: SweepDetector v2: 1 raw â†’ 0 confirmed (volâ‰Ą2.5Ă— bodyâ‰Ą30%)
00:21:41 core.sweep_detector INFO: OrderBlocks: 2 detected, 2 unmitigated
00:21:41 core.sweep_detector INFO: FVGs: 8 detected, 6 unfilled
00:21:43 core.sweep_detector INFO: SweepDetector v2: 1 raw â†’ 0 confirmed (volâ‰Ą2.5Ă— bodyâ‰Ą30%)
00:21:43 core.sweep_detector INFO: OrderBlocks: 5 detected, 2 unmitigated
00:21:43 core.sweep_detector INFO: FVGs: 6 detected, 4 unfilled
00:21:45 core.sweep_detector INFO: SweepDetector v2: 2 raw â†’ 1 confirmed (volâ‰Ą2.5Ă— bodyâ‰Ą30%)
00:21:45 core.sweep_detector INFO: OrderBlocks: 5 detected, 4 unmitigated
00:21:45 core.sweep_detector INFO: FVGs: 5 detected, 3 unfilled
00:21:46 core.sweep_detector INFO: SweepDetector v2: 0 raw â†’ 0 confirmed (volâ‰Ą2.5Ă— bodyâ‰Ą30%)
00:21:46 core.sweep_detector INFO: OrderBlocks: 5 detected, 1 unmitigated
00:21:46 core.sweep_detector INFO: FVGs: 10 detected, 5 unfilled
00:21:48 core.sweep_detector INFO: SweepDetector v2: 3 raw â†’ 2 confirmed (volâ‰Ą2.5Ă— bodyâ‰Ą30%)
00:21:48 core.sweep_detector INFO: OrderBlocks: 6 detected, 2 unmitigated
00:21:48 core.sweep_detector INFO: FVGs: 14 detected, 6 unfilled
00:21:50 core.sweep_detector INFO: SweepDetector v2: 0 raw â†’ 0 confirmed (volâ‰Ą2.5Ă— bodyâ‰Ą30%)
00:21:50 core.sweep_detector INFO: OrderBlocks: 4 detected, 0 unmitigated
00:21:50 core.sweep_detector INFO: FVGs: 8 detected, 1 unfilled
00:21:51 core.sweep_detector INFO: SweepDetector v2: 0 raw â†’ 0 confirmed (volâ‰Ą2.5Ă— bodyâ‰Ą30%)
00:21:51 core.sweep_detector INFO: OrderBlocks: 8 detected, 2 unmitigated
00:21:51 core.sweep_detector INFO: FVGs: 14 detected, 3 unfilled
00:21:53 core.sweep_detector INFO: SweepDetector v2: 3 raw â†’ 2 confirmed (volâ‰Ą2.5Ă— bodyâ‰Ą30%)
00:21:53 core.sweep_detector INFO: OrderBlocks: 3 detected, 0 unmitigated
00:21:53 core.sweep_detector INFO: FVGs: 9 detected, 2 unfilled
00:21:55 core.sweep_detector INFO: SweepDetector v2: 1 raw â†’ 1 confirmed (volâ‰Ą2.5Ă— bodyâ‰Ą30%)
00:21:55 core.sweep_detector INFO: OrderBlocks: 4 detected, 0 unmitigated
00:21:55 core.sweep_detector INFO: FVGs: 7 detected, 0 unfilled
00:21:57 core.sweep_detector INFO: SweepDetector v2: 3 raw â†’ 2 confirmed (volâ‰Ą2.5Ă— bodyâ‰Ą30%)
00:21:57 core.sweep_detector INFO: OrderBlocks: 5 detected, 1 unmitigated
00:21:57 core.sweep_detector INFO: FVGs: 5 detected, 1 unfilled
00:21:58 core.sweep_detector INFO: SweepDetector v2: 2 raw â†’ 1 confirmed (volâ‰Ą2.5Ă— bodyâ‰Ą30%)
00:21:58 core.sweep_detector INFO: OrderBlocks: 4 detected, 0 unmitigated
00:21:58 core.sweep_detector INFO: FVGs: 10 detected, 0 unfilled
00:22:00 core.sweep_detector INFO: SweepDetector v2: 0 raw â†’ 0 confirmed (volâ‰Ą2.5Ă— bodyâ‰Ą30%)
00:22:00 core.sweep_detector INFO: OrderBlocks: 8 detected, 1 unmitigated
00:22:00 core.sweep_detector INFO: FVGs: 4 detected, 1 unfilled
00:22:02 core.sweep_detector INFO: SweepDetector v2: 0 raw â†’ 0 confirmed (volâ‰Ą2.5Ă— bodyâ‰Ą30%)
00:22:02 core.sweep_detector INFO: OrderBlocks: 6 detected, 1 unmitigated
00:22:02 core.sweep_detector INFO: FVGs: 11 detected, 1 unfilled
00:22:03 core.sweep_detector INFO: SweepDetector v2: 4 raw â†’ 3 confirmed (volâ‰Ą2.5Ă— bodyâ‰Ą30%)
00:22:03 core.sweep_detector INFO: OrderBlocks: 2 detected, 1 unmitigated
00:22:03 core.sweep_detector INFO: FVGs: 10 detected, 1 unfilled
00:22:05 core.sweep_detector INFO: SweepDetector v2: 1 raw â†’ 1 confirmed (volâ‰Ą2.5Ă— bodyâ‰Ą30%)
00:22:05 core.sweep_detector INFO: OrderBlocks: 6 detected, 0 unmitigated
00:22:05 core.sweep_detector INFO: FVGs: 5 detected, 0 unfilled
00:22:07 core.sweep_detector INFO: SweepDetector v2: 1 raw â†’ 0 confirmed (volâ‰Ą2.5Ă— bodyâ‰Ą30%)
00:22:07 core.sweep_detector INFO: OrderBlocks: 4 detected, 1 unmitigated
00:22:07 core.sweep_detector INFO: FVGs: 10 detected, 2 unfilled
00:22:08 core.sweep_detector INFO: SweepDetector v2: 3 raw â†’ 3 confirmed (volâ‰Ą2.5Ă— bodyâ‰Ą30%)
00:22:08 core.sweep_detector INFO: OrderBlocks: 3 detected, 0 unmitigated
00:22:08 core.sweep_detector INFO: FVGs: 5 detected, 0 unfilled
00:22:10 core.sweep_detector INFO: SweepDetector v2: 1 raw â†’ 1 confirmed (volâ‰Ą2.5Ă— bodyâ‰Ą30%)
00:22:10 core.sweep_detector INFO: OrderBlocks: 2 detected, 0 unmitigated
00:22:10 core.sweep_detector INFO: FVGs: 5 detected, 1 unfilled
00:22:12 core.sweep_detector INFO: SweepDetector v2: 1 raw â†’ 1 confirmed (volâ‰Ą2.5Ă— bodyâ‰Ą30%)
00:22:12 core.sweep_detector INFO: OrderBlocks: 5 detected, 3 unmitigated
00:22:12 core.sweep_detector INFO: FVGs: 12 detected, 4 unfilled
00:22:14 core.sweep_detector INFO: SweepDetector v2: 4 raw â†’ 3 confirmed (volâ‰Ą2.5Ă— bodyâ‰Ą30%)
00:22:14 core.sweep_detector INFO: OrderBlocks: 3 detected, 0 unmitigated
00:22:14 core.sweep_detector INFO: FVGs: 6 detected, 1 unfilled
00:22:16 core.sweep_detector INFO: SweepDetector v2: 3 raw â†’ 2 confirmed (volâ‰Ą2.5Ă— bodyâ‰Ą30%)
00:22:16 core.sweep_detector INFO: OrderBlocks: 5 detected, 0 unmitigated
00:22:16 core.sweep_detector INFO: FVGs: 10 detected, 1 unfilled
00:22:17 core.sweep_detector INFO: SweepDetector v2: 2 raw â†’ 1 confirmed (volâ‰Ą2.5Ă— bodyâ‰Ą30%)
00:22:17 core.sweep_detector INFO: OrderBlocks: 5 detected, 0 unmitigated
00:22:17 core.sweep_detector INFO: FVGs: 7 detected, 0 unfilled
00:22:19 core.sweep_detector INFO: SweepDetector v2: 1 raw â†’ 0 confirmed (volâ‰Ą2.5Ă— bodyâ‰Ą30%)
00:22:19 core.sweep_detector INFO: OrderBlocks: 8 detected, 2 unmitigated
00:22:19 core.sweep_detector INFO: FVGs: 12 detected, 0 unfilled
00:22:21 core.sweep_detector INFO: SweepDetector v2: 4 raw â†’ 2 confirmed (volâ‰Ą2.5Ă— bodyâ‰Ą30%)
00:22:21 core.sweep_detector INFO: OrderBlocks: 3 detected, 1 unmitigated
00:22:21 core.sweep_detector INFO: FVGs: 5 detected, 0 unfilled
00:22:22 core.sweep_detector INFO: SweepDetector v2: 2 raw â†’ 1 confirmed (volâ‰Ą2.5Ă— bodyâ‰Ą30%)
00:22:22 core.sweep_detector INFO: OrderBlocks: 4 detected, 1 unmitigated
00:22:22 core.sweep_detector INFO: FVGs: 9 detected, 3 unfilled
00:22:24 core.sweep_detector INFO: SweepDetector v2: 3 raw â†’ 1 confirmed (volâ‰Ą2.5Ă— bodyâ‰Ą30%)
00:22:24 core.sweep_detector INFO: OrderBlocks: 4 detected, 0 unmitigated
00:22:24 core.sweep_detector INFO: FVGs: 8 detected, 0 unfilled
00:22:26 core.sweep_detector INFO: SweepDetector v2: 1 raw â†’ 1 confirmed (volâ‰Ą2.5Ă— bodyâ‰Ą30%)
00:22:26 core.sweep_detector INFO: OrderBlocks: 4 detected, 0 unmitigated
00:22:26 core.sweep_detector INFO: FVGs: 7 detected, 0 unfilled
00:22:28 core.sweep_detector INFO: SweepDetector v2: 0 raw â†’ 0 confirmed (volâ‰Ą2.5Ă— bodyâ‰Ą30%)
00:22:28 core.sweep_detector INFO: OrderBlocks: 3 detected, 0 unmitigated
00:22:28 core.sweep_detector INFO: FVGs: 0 detected, 0 unfilled
00:22:30 core.sweep_detector INFO: SweepDetector v2: 0 raw â†’ 0 confirmed (volâ‰Ą2.5Ă— bodyâ‰Ą30%)
00:22:30 core.sweep_detector INFO: OrderBlocks: 1 detected, 1 unmitigated
00:22:30 core.sweep_detector INFO: FVGs: 0 detected, 0 unfilled
00:22:31 core.sweep_detector INFO: SweepDetector v2: 0 raw â†’ 0 confirmed (volâ‰Ą2.5Ă— bodyâ‰Ą30%)
00:22:31 core.sweep_detector INFO: OrderBlocks: 7 detected, 1 unmitigated
00:22:31 core.sweep_detector INFO: FVGs: 0 detected, 0 unfilled
00:22:33 core.sweep_detector INFO: SweepDetector v2: 0 raw â†’ 0 confirmed (volâ‰Ą2.5Ă— bodyâ‰Ą30%)
00:22:33 core.sweep_detector INFO: OrderBlocks: 0 detected, 0 unmitigated
00:22:33 core.sweep_detector INFO: FVGs: 0 detected, 0 unfilled
00:22:36 core.sweep_detector INFO: SweepDetector v2: 0 raw â†’ 0 confirmed (volâ‰Ą2.5Ă— bodyâ‰Ą30%)
00:22:36 core.sweep_detector INFO: OrderBlocks: 1 detected, 1 unmitigated
00:22:36 core.sweep_detector INFO: FVGs: 0 detected, 0 unfilled
00:22:38 core.sweep_detector INFO: SweepDetector v2: 0 raw â†’ 0 confirmed (volâ‰Ą2.5Ă— bodyâ‰Ą30%)
00:22:38 core.sweep_detector INFO: OrderBlocks: 1 detected, 0 unmitigated
00:22:38 core.sweep_detector INFO: FVGs: 0 detected, 0 unfilled
00:22:41 core.sweep_detector INFO: SweepDetector v2: 0 raw â†’ 0 confirmed (volâ‰Ą2.5Ă— bodyâ‰Ą30%)
00:22:41 core.sweep_detector INFO: OrderBlocks: 5 detected, 1 unmitigated
00:22:41 core.sweep_detector INFO: FVGs: 12 detected, 2 unfilled
00:22:42 core.sweep_detector INFO: SweepDetector v2: 1 raw â†’ 1 confirmed (volâ‰Ą2.5Ă— bodyâ‰Ą30%)
00:22:42 core.sweep_detector INFO: OrderBlocks: 3 detected, 1 unmitigated
00:22:42 core.sweep_detector INFO: FVGs: 10 detected, 1 unfilled
00:22:44 core.sweep_detector INFO: SweepDetector v2: 1 raw â†’ 1 confirmed (volâ‰Ą2.5Ă— bodyâ‰Ą30%)
00:22:44 core.sweep_detector INFO: OrderBlocks: 8 detected, 1 unmitigated
00:22:44 core.sweep_detector INFO: FVGs: 7 detected, 5 unfilled
00:22:46 core.sweep_detector INFO: SweepDetector v2: 0 raw â†’ 0 confirmed (volâ‰Ą2.5Ă— bodyâ‰Ą30%)
00:22:46 core.sweep_detector INFO: OrderBlocks: 6 detected, 2 unmitigated
00:22:46 core.sweep_detector INFO: FVGs: 9 detected, 3 unfilled
00:22:47 core.sweep_detector INFO: SweepDetector v2: 2 raw â†’ 1 confirmed (volâ‰Ą2.5Ă— bodyâ‰Ą30%)
00:22:47 core.sweep_detector INFO: OrderBlocks: 3 detected, 2 unmitigated
00:22:47 core.sweep_detector INFO: FVGs: 10 detected, 1 unfilled
00:22:49 core.sweep_detector INFO: SweepDetector v2: 2 raw â†’ 2 confirmed (volâ‰Ą2.5Ă— bodyâ‰Ą30%)
00:22:49 core.sweep_detector INFO: OrderBlocks: 2 detected, 1 unmitigated
00:22:49 core.sweep_detector INFO: FVGs: 6 detected, 1 unfilled
00:22:50 core.sweep_detector INFO: SweepDetector v2: 2 raw â†’ 2 confirmed (volâ‰Ą2.5Ă— bodyâ‰Ą30%)
00:22:50 core.sweep_detector INFO: OrderBlocks: 6 detected, 0 unmitigated
00:22:50 core.sweep_detector INFO: FVGs: 7 detected, 0 unfilled
00:22:52 core.sweep_detector INFO: SweepDetector v2: 6 raw â†’ 6 confirmed (volâ‰Ą2.5Ă— bodyâ‰Ą30%)
00:22:52 core.sweep_detector INFO: OrderBlocks: 2 detected, 0 unmitigated
00:22:52 core.sweep_detector INFO: FVGs: 8 detected, 1 unfilled
00:22:54 core.sweep_detector INFO: SweepDetector v2: 5 raw â†’ 4 confirmed (volâ‰Ą2.5Ă— bodyâ‰Ą30%)
00:22:54 core.sweep_detector INFO: OrderBlocks: 5 detected, 1 unmitigated
00:22:54 core.sweep_detector INFO: FVGs: 10 detected, 3 unfilled
00:22:56 core.sweep_detector INFO: SweepDetector v2: 1 raw â†’ 1 confirmed (volâ‰Ą2.5Ă— bodyâ‰Ą30%)
00:22:56 core.sweep_detector INFO: OrderBlocks: 6 detected, 2 unmitigated
00:22:56 core.sweep_detector INFO: FVGs: 9 detected, 3 unfilled
00:22:57 core.sweep_detector INFO: SweepDetector v2: 1 raw â†’ 1 confirmed (volâ‰Ą2.5Ă— bodyâ‰Ą30%)
00:22:57 core.sweep_detector INFO: OrderBlocks: 2 detected, 1 unmitigated
00:22:57 core.sweep_detector INFO: FVGs: 6 detected, 1 unfilled
00:22:59 core.sweep_detector INFO: SweepDetector v2: 1 raw â†’ 1 confirmed (volâ‰Ą2.5Ă— bodyâ‰Ą30%)
00:22:59 core.sweep_detector INFO: OrderBlocks: 7 detected, 1 unmitigated
00:22:59 core.sweep_detector INFO: FVGs: 2 detected, 0 unfilled
00:23:01 core.sweep_detector INFO: SweepDetector v2: 2 raw â†’ 1 confirmed (volâ‰Ą2.5Ă— bodyâ‰Ą30%)
00:23:01 core.sweep_detector INFO: OrderBlocks: 8 detected, 2 unmitigated
00:23:01 core.sweep_detector INFO: FVGs: 14 detected, 6 unfilled
00:23:02 core.sweep_detector INFO: SweepDetector v2: 3 raw â†’ 3 confirmed (volâ‰Ą2.5Ă— bodyâ‰Ą30%)
00:23:02 core.sweep_detector INFO: OrderBlocks: 5 detected, 1 unmitigated
00:23:02 core.sweep_detector INFO: FVGs: 17 detected, 4 unfilled
00:23:04 core.sweep_detector INFO: SweepDetector v2: 2 raw â†’ 0 confirmed (volâ‰Ą2.5Ă— bodyâ‰Ą30%)
00:23:04 core.sweep_detector INFO: OrderBlocks: 6 detected, 2 unmitigated
00:23:04 core.sweep_detector INFO: FVGs: 14 detected, 4 unfilled
00:23:05 core.sweep_detector INFO: SweepDetector v2: 3 raw â†’ 2 confirmed (volâ‰Ą2.5Ă— bodyâ‰Ą30%)
00:23:05 core.sweep_detector INFO: OrderBlocks: 6 detected, 3 unmitigated
00:23:05 core.sweep_detector INFO: FVGs: 13 detected, 3 unfilled
00:23:07 core.sweep_detector INFO: SweepDetector v2: 2 raw â†’ 0 confirmed (volâ‰Ą2.5Ă— bodyâ‰Ą30%)
00:23:07 core.sweep_detector INFO: OrderBlocks: 9 detected, 4 unmitigated
00:23:07 core.sweep_detector INFO: FVGs: 14 detected, 3 unfilled
00:23:09 core.sweep_detector INFO: SweepDetector v2: 1 raw â†’ 0 confirmed (volâ‰Ą2.5Ă— bodyâ‰Ą30%)
00:23:09 core.sweep_detector INFO: OrderBlocks: 1 detected, 0 unmitigated
00:23:09 core.sweep_detector INFO: FVGs: 11 detected, 4 unfilled
00:23:10 core.sweep_detector INFO: SweepDetector v2: 2 raw â†’ 2 confirmed (volâ‰Ą2.5Ă— bodyâ‰Ą30%)
00:23:10 core.sweep_detector INFO: OrderBlocks: 8 detected, 2 unmitigated
00:23:10 core.sweep_detector INFO: FVGs: 8 detected, 4 unfilled
00:23:12 core.sweep_detector INFO: SweepDetector v2: 1 raw â†’ 1 confirmed (volâ‰Ą2.5Ă— bodyâ‰Ą30%)
00:23:12 core.sweep_detector INFO: OrderBlocks: 3 detected, 1 unmitigated
00:23:12 core.sweep_detector INFO: FVGs: 7 detected, 2 unfilled
00:23:13 core.sweep_detector INFO: SweepDetector v2: 3 raw â†’ 2 confirmed (volâ‰Ą2.5Ă— bodyâ‰Ą30%)
00:23:13 core.sweep_detector INFO: OrderBlocks: 9 detected, 0 unmitigated
00:23:13 core.sweep_detector INFO: FVGs: 4 detected, 0 unfilled
00:23:15 core.sweep_detector INFO: SweepDetector v2: 0 raw â†’ 0 confirmed (volâ‰Ą2.5Ă— bodyâ‰Ą30%)
00:23:15 core.sweep_detector INFO: OrderBlocks: 3 detected, 1 unmitigated
00:23:15 core.sweep_detector INFO: FVGs: 12 detected, 2 unfilled
00:23:16 core.sweep_detector INFO: SweepDetector v2: 0 raw â†’ 0 confirmed (volâ‰Ą2.5Ă— bodyâ‰Ą30%)
00:23:16 core.sweep_detector INFO: OrderBlocks: 4 detected, 0 unmitigated
00:23:16 core.sweep_detector INFO: FVGs: 9 detected, 1 unfilled
00:23:18 core.sweep_detector INFO: SweepDetector v2: 2 raw â†’ 2 confirmed (volâ‰Ą2.5Ă— bodyâ‰Ą30%)
00:23:18 core.sweep_detector INFO: OrderBlocks: 4 detected, 3 unmitigated
00:23:18 core.sweep_detector INFO: FVGs: 8 detected, 1 unfilled
00:23:20 core.sweep_detector INFO: SweepDetector v2: 0 raw â†’ 0 confirmed (volâ‰Ą2.5Ă— bodyâ‰Ą30%)
00:23:20 core.sweep_detector INFO: OrderBlocks: 7 detected, 3 unmitigated
00:23:20 core.sweep_detector INFO: FVGs: 11 detected, 6 unfilled
00:23:22 core.sweep_detector INFO: SweepDetector v2: 0 raw â†’ 0 confirmed (volâ‰Ą2.5Ă— bodyâ‰Ą30%)
00:23:22 core.sweep_detector INFO: OrderBlocks: 1 detected, 0 unmitigated
00:23:22 core.sweep_detector INFO: FVGs: 10 detected, 2 unfilled
00:23:23 core.sweep_detector INFO: SweepDetector v2: 1 raw â†’ 1 confirmed (volâ‰Ą2.5Ă— bodyâ‰Ą30%)
00:23:23 core.sweep_detector INFO: OrderBlocks: 9 detected, 2 unmitigated
00:23:23 core.sweep_detector INFO: FVGs: 14 detected, 2 unfilled
00:23:25 core.sweep_detector INFO: SweepDetector v2: 9 raw â†’ 6 confirmed (volâ‰Ą2.5Ă— bodyâ‰Ą30%)
00:23:25 core.sweep_detector INFO: OrderBlocks: 7 detected, 2 unmitigated
00:23:25 core.sweep_detector INFO: FVGs: 10 detected, 7 unfilled
00:23:26 core.sweep_detector INFO: SweepDetector v2: 4 raw â†’ 3 confirmed (volâ‰Ą2.5Ă— bodyâ‰Ą30%)
00:23:26 core.sweep_detector INFO: OrderBlocks: 5 detected, 1 unmitigated
00:23:26 core.sweep_detector INFO: FVGs: 7 detected, 3 unfilled
00:23:28 core.sweep_detector INFO: SweepDetector v2: 1 raw â†’ 0 confirmed (volâ‰Ą2.5Ă— bodyâ‰Ą30%)
00:23:28 core.sweep_detector INFO: OrderBlocks: 6 detected, 0 unmitigated
00:23:28 core.sweep_detector INFO: FVGs: 7 detected, 0 unfilled
00:23:30 core.sweep_detector INFO: SweepDetector v2: 1 raw â†’ 0 confirmed (volâ‰Ą2.5Ă— bodyâ‰Ą30%)
00:23:30 core.sweep_detector INFO: OrderBlocks: 7 detected, 1 unmitigated
00:23:30 core.sweep_detector INFO: FVGs: 7 detected, 0 unfilled
00:23:32 core.sweep_detector INFO: SweepDetector v2: 2 raw â†’ 1 confirmed (volâ‰Ą2.5Ă— bodyâ‰Ą30%)
00:23:32 core.sweep_detector INFO: OrderBlocks: 1 detected, 0 unmitigated
00:23:32 core.sweep_detector INFO: FVGs: 7 detected, 0 unfilled
00:23:34 core.sweep_detector INFO: SweepDetector v2: 1 raw â†’ 1 confirmed (volâ‰Ą2.5Ă— bodyâ‰Ą30%)
00:23:34 core.sweep_detector INFO: OrderBlocks: 7 detected, 0 unmitigated
00:23:34 core.sweep_detector INFO: FVGs: 5 detected, 0 unfilled
00:23:36 core.sweep_detector INFO: SweepDetector v2: 1 raw â†’ 1 confirmed (volâ‰Ą2.5Ă— bodyâ‰Ą30%)
00:23:36 core.sweep_detector INFO: OrderBlocks: 4 detected, 2 unmitigated
00:23:36 core.sweep_detector INFO: FVGs: 8 detected, 4 unfilled
00:23:37 core.sweep_detector INFO: SweepDetector v2: 2 raw â†’ 1 confirmed (volâ‰Ą2.5Ă— bodyâ‰Ą30%)
00:23:37 core.sweep_detector INFO: OrderBlocks: 4 detected, 0 unmitigated
00:23:37 core.sweep_detector INFO: FVGs: 5 detected, 1 unfilled
00:23:39 core.sweep_detector INFO: SweepDetector v2: 1 raw â†’ 1 confirmed (volâ‰Ą2.5Ă— bodyâ‰Ą30%)
00:23:39 core.sweep_detector INFO: OrderBlocks: 4 detected, 0 unmitigated
00:23:39 core.sweep_detector INFO: FVGs: 4 detected, 0 unfilled
00:23:41 core.sweep_detector INFO: SweepDetector v2: 0 raw â†’ 0 confirmed (volâ‰Ą2.5Ă— bodyâ‰Ą30%)
00:23:41 core.sweep_detector INFO: OrderBlocks: 6 detected, 2 unmitigated
00:23:41 core.sweep_detector INFO: FVGs: 4 detected, 2 unfilled
00:23:42 core.sweep_detector INFO: SweepDetector v2: 2 raw â†’ 2 confirmed (volâ‰Ą2.5Ă— bodyâ‰Ą30%)
00:23:42 core.sweep_detector INFO: OrderBlocks: 3 detected, 0 unmitigated
00:23:42 core.sweep_detector INFO: FVGs: 7 detected, 1 unfilled
00:23:44 core.sweep_detector INFO: SweepDetector v2: 1 raw â†’ 1 confirmed (volâ‰Ą2.5Ă— bodyâ‰Ą30%)
00:23:44 core.sweep_detector INFO: OrderBlocks: 7 detected, 0 unmitigated
00:23:44 core.sweep_detector INFO: FVGs: 5 detected, 0 unfilled
00:23:45 core.sweep_detector INFO: SweepDetector v2: 1 raw â†’ 1 confirmed (volâ‰Ą2.5Ă— bodyâ‰Ą30%)
00:23:45 core.sweep_detector INFO: OrderBlocks: 7 detected, 2 unmitigated
00:23:45 core.sweep_detector INFO: FVGs: 5 detected, 4 unfilled
00:23:47 core.sweep_detector INFO: SweepDetector v2: 3 raw â†’ 2 confirmed (volâ‰Ą2.5Ă— bodyâ‰Ą30%)
00:23:47 core.sweep_detector INFO: OrderBlocks: 2 detected, 0 unmitigated
00:23:47 core.sweep_detector INFO: FVGs: 4 detected, 0 unfilled
00:23:48 core.sweep_detector INFO: SweepDetector v2: 1 raw â†’ 1 confirmed (volâ‰Ą2.5Ă— bodyâ‰Ą30%)
00:23:48 core.sweep_detector INFO: OrderBlocks: 5 detected, 0 unmitigated
00:23:48 core.sweep_detector INFO: FVGs: 6 detected, 1 unfilled
00:23:50 core.sweep_detector INFO: SweepDetector v2: 0 raw â†’ 0 confirmed (volâ‰Ą2.5Ă— bodyâ‰Ą30%)
00:23:50 core.sweep_detector INFO: OrderBlocks: 3 detected, 1 unmitigated
00:23:50 core.sweep_detector INFO: FVGs: 12 detected, 4 unfilled
00:23:52 core.sweep_detector INFO: SweepDetector v2: 1 raw â†’ 1 confirmed (volâ‰Ą2.5Ă— bodyâ‰Ą30%)
00:23:52 core.sweep_detector INFO: OrderBlocks: 8 detected, 2 unmitigated
00:23:52 core.sweep_detector INFO: FVGs: 11 detected, 4 unfilled
00:23:53 core.sweep_detector INFO: SweepDetector v2: 2 raw â†’ 0 confirmed (volâ‰Ą2.5Ă— bodyâ‰Ą30%)
00:23:53 core.sweep_detector INFO: OrderBlocks: 8 detected, 1 unmitigated
00:23:53 core.sweep_detector INFO: FVGs: 4 detected, 0 unfilled
00:23:55 core.sweep_detector INFO: SweepDetector v2: 3 raw â†’ 2 confirmed (volâ‰Ą2.5Ă— bodyâ‰Ą30%)
00:23:55 core.sweep_detector INFO: OrderBlocks: 10 detected, 2 unmitigated
00:23:55 core.sweep_detector INFO: FVGs: 13 detected, 1 unfilled
00:23:58 core.sweep_detector INFO: SweepDetector v2: 3 raw â†’ 2 confirmed (volâ‰Ą2.5Ă— bodyâ‰Ą30%)
00:23:58 core.sweep_detector INFO: OrderBlocks: 6 detected, 0 unmitigated
00:23:58 core.sweep_detector INFO: FVGs: 10 detected, 2 unfilled
00:23:59 core.sweep_detector INFO: SweepDetector v2: 2 raw â†’ 2 confirmed (volâ‰Ą2.5Ă— bodyâ‰Ą30%)
00:23:59 core.sweep_detector INFO: OrderBlocks: 6 detected, 2 unmitigated
00:23:59 core.sweep_detector INFO: FVGs: 4 detected, 1 unfilled
00:24:01 core.sweep_detector INFO: SweepDetector v2: 2 raw â†’ 2 confirmed (volâ‰Ą2.5Ă— bodyâ‰Ą30%)
00:24:01 core.sweep_detector INFO: OrderBlocks: 13 detected, 1 unmitigated
00:24:01 core.sweep_detector INFO: FVGs: 16 detected, 2 unfilled
00:24:03 core.sweep_detector INFO: SweepDetector v2: 3 raw â†’ 3 confirmed (volâ‰Ą2.5Ă— bodyâ‰Ą30%)
00:24:03 core.sweep_detector INFO: OrderBlocks: 4 detected, 2 unmitigated
00:24:03 core.sweep_detector INFO: FVGs: 5 detected, 2 unfilled
00:24:05 core.sweep_detector INFO: SweepDetector v2: 2 raw â†’ 1 confirmed (volâ‰Ą2.5Ă— bodyâ‰Ą30%)
00:24:05 core.sweep_detector INFO: OrderBlocks: 7 detected, 1 unmitigated
00:24:05 core.sweep_detector INFO: FVGs: 4 detected, 1 unfilled
00:24:07 core.sweep_detector INFO: SweepDetector v2: 6 raw â†’ 3 confirmed (volâ‰Ą2.5Ă— bodyâ‰Ą30%)
00:24:07 core.sweep_detector INFO: OrderBlocks: 6 detected, 4 unmitigated
00:24:07 core.sweep_detector INFO: FVGs: 10 detected, 4 unfilled
00:24:08 core.sweep_detector INFO: SweepDetector v2: 5 raw â†’ 4 confirmed (volâ‰Ą2.5Ă— bodyâ‰Ą30%)
00:24:08 core.sweep_detector INFO: OrderBlocks: 5 detected, 1 unmitigated
00:24:08 core.sweep_detector INFO: FVGs: 8 detected, 3 unfilled
00:24:10 core.sweep_detector INFO: SweepDetector v2: 1 raw â†’ 1 confirmed (volâ‰Ą2.5Ă— bodyâ‰Ą30%)
00:24:10 core.sweep_detector INFO: OrderBlocks: 5 detected, 1 unmitigated
00:24:10 core.sweep_detector INFO: FVGs: 8 detected, 2 unfilled
00:24:12 core.sweep_detector INFO: SweepDetector v2: 1 raw â†’ 1 confirmed (volâ‰Ą2.5Ă— bodyâ‰Ą30%)
00:24:12 core.sweep_detector INFO: OrderBlocks: 4 detected, 2 unmitigated
00:24:12 core.sweep_detector INFO: FVGs: 7 detected, 3 unfilled
00:24:13 core.sweep_detector INFO: SweepDetector v2: 3 raw â†’ 3 confirmed (volâ‰Ą2.5Ă— bodyâ‰Ą30%)
00:24:13 core.sweep_detector INFO: OrderBlocks: 3 detected, 0 unmitigated
00:24:13 core.sweep_detector INFO: FVGs: 7 detected, 0 unfilled
00:24:15 core.sweep_detector INFO: SweepDetector v2: 2 raw â†’ 2 confirmed (volâ‰Ą2.5Ă— bodyâ‰Ą30%)
00:24:15 core.sweep_detector INFO: OrderBlocks: 4 detected, 0 unmitigated
00:24:15 core.sweep_detector INFO: FVGs: 7 detected, 0 unfilled
00:24:17 core.sweep_detector INFO: SweepDetector v2: 1 raw â†’ 1 confirmed (volâ‰Ą2.5Ă— bodyâ‰Ą30%)
00:24:17 core.sweep_detector INFO: OrderBlocks: 5 detected, 2 unmitigated
00:24:17 core.sweep_detector INFO: FVGs: 10 detected, 5 unfilled
00:24:18 core.sweep_detector INFO: SweepDetector v2: 2 raw â†’ 0 confirmed (volâ‰Ą2.5Ă— bodyâ‰Ą30%)
00:24:18 core.sweep_detector INFO: OrderBlocks: 5 detected, 0 unmitigated
00:24:18 core.sweep_detector INFO: FVGs: 10 detected, 0 unfilled
00:24:20 core.sweep_detector INFO: SweepDetector v2: 1 raw â†’ 1 confirmed (volâ‰Ą2.5Ă— bodyâ‰Ą30%)
00:24:20 core.sweep_detector INFO: OrderBlocks: 9 detected, 2 unmitigated
00:24:20 core.sweep_detector INFO: FVGs: 6 detected, 0 unfilled
00:24:21 core.sweep_detector INFO: SweepDetector v2: 3 raw â†’ 2 confirmed (volâ‰Ą2.5Ă— bodyâ‰Ą30%)
00:24:21 core.sweep_detector INFO: OrderBlocks: 4 detected, 0 unmitigated
00:24:21 core.sweep_detector INFO: FVGs: 8 detected, 1 unfilled
00:24:23 core.sweep_detector INFO: SweepDetector v2: 3 raw â†’ 3 confirmed (volâ‰Ą2.5Ă— bodyâ‰Ą30%)
00:24:23 core.sweep_detector INFO: OrderBlocks: 4 detected, 2 unmitigated
00:24:23 core.sweep_detector INFO: FVGs: 5 detected, 2 unfilled
00:24:24 core.sweep_detector INFO: SweepDetector v2: 0 raw â†’ 0 confirmed (volâ‰Ą2.5Ă— bodyâ‰Ą30%)
00:24:24 core.sweep_detector INFO: OrderBlocks: 7 detected, 2 unmitigated
00:24:24 core.sweep_detector INFO: FVGs: 2 detected, 1 unfilled
00:24:26 core.sweep_detector INFO: SweepDetector v2: 0 raw â†’ 0 confirmed (volâ‰Ą2.5Ă— bodyâ‰Ą30%)
00:24:26 core.sweep_detector INFO: OrderBlocks: 6 detected, 3 unmitigated
00:24:26 core.sweep_detector INFO: FVGs: 10 detected, 4 unfilled
00:24:27 core.sweep_detector INFO: SweepDetector v2: 4 raw â†’ 3 confirmed (volâ‰Ą2.5Ă— bodyâ‰Ą30%)
00:24:27 core.sweep_detector INFO: OrderBlocks: 3 detected, 0 unmitigated
00:24:27 core.sweep_detector INFO: FVGs: 6 detected, 1 unfilled
00:24:29 core.sweep_detector INFO: SweepDetector v2: 2 raw â†’ 2 confirmed (volâ‰Ą2.5Ă— bodyâ‰Ą30%)
00:24:29 core.sweep_detector INFO: OrderBlocks: 2 detected, 0 unmitigated
00:24:29 core.sweep_detector INFO: FVGs: 6 detected, 0 unfilled
00:24:31 core.sweep_detector INFO: SweepDetector v2: 1 raw â†’ 1 confirmed (volâ‰Ą2.5Ă— bodyâ‰Ą30%)
00:24:31 core.sweep_detector INFO: OrderBlocks: 3 detected, 1 unmitigated
00:24:31 core.sweep_detector INFO: FVGs: 5 detected, 1 unfilled
00:24:32 core.sweep_detector INFO: SweepDetector v2: 3 raw â†’ 3 confirmed (volâ‰Ą2.5Ă— bodyâ‰Ą30%)
00:24:32 core.sweep_detector INFO: OrderBlocks: 2 detected, 0 unmitigated
00:24:32 core.sweep_detector INFO: FVGs: 4 detected, 0 unfilled
00:24:34 core.sweep_detector INFO: SweepDetector v2: 2 raw â†’ 2 confirmed (volâ‰Ą2.5Ă— bodyâ‰Ą30%)
00:24:34 core.sweep_detector INFO: OrderBlocks: 2 detected, 0 unmitigated
00:24:34 core.sweep_detector INFO: FVGs: 2 detected, 0 unfilled
00:24:36 core.sweep_detector INFO: SweepDetector v2: 2 raw â†’ 2 confirmed (volâ‰Ą2.5Ă— bodyâ‰Ą30%)
00:24:36 core.sweep_detector INFO: OrderBlocks: 8 detected, 3 unmitigated
00:24:36 core.sweep_detector INFO: FVGs: 9 detected, 2 unfilled
00:24:37 core.sweep_detector INFO: SweepDetector v2: 4 raw â†’ 2 confirmed (volâ‰Ą2.5Ă— bodyâ‰Ą30%)
00:24:37 core.sweep_detector INFO: OrderBlocks: 2 detected, 0 unmitigated
00:24:37 core.sweep_detector INFO: FVGs: 9 detected, 0 unfilled
00:24:39 core.sweep_detector INFO: SweepDetector v2: 3 raw â†’ 1 confirmed (volâ‰Ą2.5Ă— bodyâ‰Ą30%)
00:24:39 core.sweep_detector INFO: OrderBlocks: 5 detected, 0 unmitigated
00:24:39 core.sweep_detector INFO: FVGs: 5 detected, 0 unfilled
00:24:40 core.sweep_detector INFO: SweepDetector v2: 1 raw â†’ 0 confirmed (volâ‰Ą2.5Ă— bodyâ‰Ą30%)
00:24:40 core.sweep_detector INFO: OrderBlocks: 5 detected, 1 unmitigated
00:24:40 core.sweep_detector INFO: FVGs: 5 detected, 2 unfilled
00:24:43 core.sweep_detector INFO: SweepDetector v2: 4 raw â†’ 4 confirmed (volâ‰Ą2.5Ă— bodyâ‰Ą30%)
00:24:43 core.sweep_detector INFO: OrderBlocks: 2 detected, 0 unmitigated
00:24:43 core.sweep_detector INFO: FVGs: 8 detected, 1 unfilled
00:24:45 core.sweep_detector INFO: SweepDetector v2: 1 raw â†’ 1 confirmed (volâ‰Ą2.5Ă— bodyâ‰Ą30%)
00:24:45 core.sweep_detector INFO: OrderBlocks: 2 detected, 0 unmitigated
00:24:45 core.sweep_detector INFO: FVGs: 8 detected, 1 unfilled
00:24:47 core.sweep_detector INFO: SweepDetector v2: 3 raw â†’ 2 confirmed (volâ‰Ą2.5Ă— bodyâ‰Ą30%)
00:24:47 core.sweep_detector INFO: OrderBlocks: 3 detected, 0 unmitigated
00:24:47 core.sweep_detector INFO: FVGs: 5 detected, 0 unfilled
00:24:49 core.sweep_detector INFO: SweepDetector v2: 3 raw â†’ 3 confirmed (volâ‰Ą2.5Ă— bodyâ‰Ą30%)
00:24:49 core.sweep_detector INFO: OrderBlocks: 1 detected, 0 unmitigated
00:24:49 core.sweep_detector INFO: FVGs: 7 detected, 1 unfilled
00:24:51 core.sweep_detector INFO: SweepDetector v2: 2 raw â†’ 2 confirmed (volâ‰Ą2.5Ă— bodyâ‰Ą30%)
00:24:51 core.sweep_detector INFO: OrderBlocks: 2 detected, 0 unmitigated
00:24:51 core.sweep_detector INFO: FVGs: 7 detected, 1 unfilled
00:24:53 core.sweep_detector INFO: SweepDetector v2: 2 raw â†’ 2 confirmed (volâ‰Ą2.5Ă— bodyâ‰Ą30%)
00:24:53 core.sweep_detector INFO: OrderBlocks: 6 detected, 3 unmitigated
00:24:53 core.sweep_detector INFO: FVGs: 9 detected, 2 unfilled
00:24:55 core.sweep_detector INFO: SweepDetector v2: 1 raw â†’ 1 confirmed (volâ‰Ą2.5Ă— bodyâ‰Ą30%)
00:24:55 core.sweep_detector INFO: OrderBlocks: 4 detected, 1 unmitigated
00:24:55 core.sweep_detector INFO: FVGs: 7 detected, 1 unfilled
00:24:57 core.sweep_detector INFO: SweepDetector v2: 1 raw â†’ 1 confirmed (volâ‰Ą2.5Ă— bodyâ‰Ą30%)
00:24:57 core.sweep_detector INFO: OrderBlocks: 7 detected, 1 unmitigated
00:24:57 core.sweep_detector INFO: FVGs: 7 detected, 0 unfilled
00:24:59 core.sweep_detector INFO: SweepDetector v2: 0 raw â†’ 0 confirmed (volâ‰Ą2.5Ă— bodyâ‰Ą30%)
00:24:59 core.sweep_detector INFO: OrderBlocks: 1 detected, 0 unmitigated
00:24:59 core.sweep_detector INFO: FVGs: 0 detected, 0 unfilled
00:25:01 core.sweep_detector INFO: SweepDetector v2: 0 raw â†’ 0 confirmed (volâ‰Ą2.5Ă— bodyâ‰Ą30%)
00:25:01 core.sweep_detector INFO: OrderBlocks: 0 detected, 0 unmitigated
00:25:01 core.sweep_detector INFO: FVGs: 0 detected, 0 unfilled
00:25:03 core.sweep_detector INFO: SweepDetector v2: 0 raw â†’ 0 confirmed (volâ‰Ą2.5Ă— bodyâ‰Ą30%)
00:25:03 core.sweep_detector INFO: OrderBlocks: 0 detected, 0 unmitigated
00:25:03 core.sweep_detector INFO: FVGs: 0 detected, 0 unfilled
00:25:06 core.sweep_detector INFO: SweepDetector v2: 2 raw â†’ 2 confirmed (volâ‰Ą2.5Ă— bodyâ‰Ą30%)
00:25:06 core.sweep_detector INFO: OrderBlocks: 5 detected, 2 unmitigated
00:25:06 core.sweep_detector INFO: FVGs: 7 detected, 2 unfilled
00:25:08 core.sweep_detector INFO: SweepDetector v2: 3 raw â†’ 3 confirmed (volâ‰Ą2.5Ă— bodyâ‰Ą30%)
00:25:08 core.sweep_detector INFO: OrderBlocks: 4 detected, 0 unmitigated
00:25:08 core.sweep_detector INFO: FVGs: 8 detected, 1 unfilled
00:25:10 core.sweep_detector INFO: SweepDetector v2: 1 raw â†’ 1 confirmed (volâ‰Ą2.5Ă— bodyâ‰Ą30%)
00:25:10 core.sweep_detector INFO: OrderBlocks: 8 detected, 3 unmitigated
00:25:10 core.sweep_detector INFO: FVGs: 8 detected, 3 unfilled
00:25:12 core.sweep_detector INFO: SweepDetector v2: 2 raw â†’ 1 confirmed (volâ‰Ą2.5Ă— bodyâ‰Ą30%)
00:25:12 core.sweep_detector INFO: OrderBlocks: 6 detected, 1 unmitigated
00:25:12 core.sweep_detector INFO: FVGs: 12 detected, 1 unfilled
00:25:14 core.sweep_detector INFO: SweepDetector v2: 1 raw â†’ 0 confirmed (volâ‰Ą2.5Ă— bodyâ‰Ą30%)
00:25:14 core.sweep_detector INFO: OrderBlocks: 2 detected, 2 unmitigated
00:25:14 core.sweep_detector INFO: FVGs: 9 detected, 5 unfilled
00:25:16 core.sweep_detector INFO: SweepDetector v2: 1 raw â†’ 0 confirmed (volâ‰Ą2.5Ă— bodyâ‰Ą30%)
00:25:16 core.sweep_detector INFO: OrderBlocks: 7 detected, 3 unmitigated
00:25:16 core.sweep_detector INFO: FVGs: 9 detected, 1 unfilled
00:25:18 core.sweep_detector INFO: SweepDetector v2: 0 raw â†’ 0 confirmed (volâ‰Ą2.5Ă— bodyâ‰Ą30%)
00:25:18 core.sweep_detector INFO: OrderBlocks: 4 detected, 2 unmitigated
00:25:18 core.sweep_detector INFO: FVGs: 11 detected, 8 unfilled
00:25:20 core.sweep_detector INFO: SweepDetector v2: 0 raw â†’ 0 confirmed (volâ‰Ą2.5Ă— bodyâ‰Ą30%)
00:25:20 core.sweep_detector INFO: OrderBlocks: 2 detected, 0 unmitigated
00:25:20 core.sweep_detector INFO: FVGs: 5 detected, 1 unfilled
00:25:22 core.sweep_detector INFO: SweepDetector v2: 2 raw â†’ 2 confirmed (volâ‰Ą2.5Ă— bodyâ‰Ą30%)
00:25:22 core.sweep_detector INFO: OrderBlocks: 4 detected, 1 unmitigated
00:25:22 core.sweep_detector INFO: FVGs: 1 detected, 0 unfilled
00:25:24 core.sweep_detector INFO: SweepDetector v2: 5 raw â†’ 3 confirmed (volâ‰Ą2.5Ă— bodyâ‰Ą30%)
00:25:24 core.sweep_detector INFO: OrderBlocks: 7 detected, 2 unmitigated
00:25:24 core.sweep_detector INFO: FVGs: 9 detected, 2 unfilled
00:25:26 core.sweep_detector INFO: SweepDetector v2: 2 raw â†’ 2 confirmed (volâ‰Ą2.5Ă— bodyâ‰Ą30%)
00:25:26 core.sweep_detector INFO: OrderBlocks: 5 detected, 3 unmitigated
00:25:26 core.sweep_detector INFO: FVGs: 16 detected, 4 unfilled
00:25:28 core.sweep_detector INFO: SweepDetector v2: 1 raw â†’ 1 confirmed (volâ‰Ą2.5Ă— bodyâ‰Ą30%)
00:25:28 core.sweep_detector INFO: OrderBlocks: 2 detected, 0 unmitigated
00:25:28 core.sweep_detector INFO: FVGs: 8 detected, 3 unfilled
00:25:30 core.sweep_detector INFO: SweepDetector v2: 0 raw â†’ 0 confirmed (volâ‰Ą2.5Ă— bodyâ‰Ą30%)
00:25:30 core.sweep_detector INFO: OrderBlocks: 5 detected, 1 unmitigated
00:25:30 core.sweep_detector INFO: FVGs: 8 detected, 3 unfilled
00:25:32 core.sweep_detector INFO: SweepDetector v2: 3 raw â†’ 3 confirmed (volâ‰Ą2.5Ă— bodyâ‰Ą30%)
00:25:32 core.sweep_detector INFO: OrderBlocks: 3 detected, 2 unmitigated
00:25:32 core.sweep_detector INFO: FVGs: 6 detected, 1 unfilled
00:25:34 core.sweep_detector INFO: SweepDetector v2: 1 raw â†’ 1 confirmed (volâ‰Ą2.5Ă— bodyâ‰Ą30%)
00:25:34 core.sweep_detector INFO: OrderBlocks: 2 detected, 0 unmitigated
00:25:34 core.sweep_detector INFO: FVGs: 2 detected, 0 unfilled
00:25:36 core.sweep_detector INFO: SweepDetector v2: 1 raw â†’ 1 confirmed (volâ‰Ą2.5Ă— bodyâ‰Ą30%)
00:25:36 core.sweep_detector INFO: OrderBlocks: 3 detected, 2 unmitigated
00:25:36 core.sweep_detector INFO: FVGs: 12 detected, 9 unfilled
00:25:37 core.sweep_detector INFO: SweepDetector v2: 1 raw â†’ 1 confirmed (volâ‰Ą2.5Ă— bodyâ‰Ą30%)
00:25:37 core.sweep_detector INFO: OrderBlocks: 1 detected, 1 unmitigated
00:25:37 core.sweep_detector INFO: FVGs: 1 detected, 1 unfilled
00:25:39 core.sweep_detector INFO: SweepDetector v2: 3 raw â†’ 3 confirmed (volâ‰Ą2.5Ă— bodyâ‰Ą30%)
00:25:39 core.sweep_detector INFO: OrderBlocks: 9 detected, 2 unmitigated
00:25:39 core.sweep_detector INFO: FVGs: 8 detected, 4 unfilled
00:25:41 core.sweep_detector INFO: SweepDetector v2: 1 raw â†’ 0 confirmed (volâ‰Ą2.5Ă— bodyâ‰Ą30%)
00:25:41 core.sweep_detector INFO: OrderBlocks: 7 detected, 1 unmitigated
00:25:41 core.sweep_detector INFO: FVGs: 8 detected, 3 unfilled
00:25:43 core.sweep_detector INFO: SweepDetector v2: 3 raw â†’ 1 confirmed (volâ‰Ą2.5Ă— bodyâ‰Ą30%)
00:25:43 core.sweep_detector INFO: OrderBlocks: 3 detected, 2 unmitigated
00:25:43 core.sweep_detector INFO: FVGs: 7 detected, 1 unfilled
00:25:45 core.sweep_detector INFO: SweepDetector v2: 1 raw â†’ 1 confirmed (volâ‰Ą2.5Ă— bodyâ‰Ą30%)
00:25:45 core.sweep_detector INFO: OrderBlocks: 6 detected, 0 unmitigated
00:25:45 core.sweep_detector INFO: FVGs: 6 detected, 1 unfilled
00:25:47 core.sweep_detector INFO: SweepDetector v2: 2 raw â†’ 2 confirmed (volâ‰Ą2.5Ă— bodyâ‰Ą30%)
00:25:47 core.sweep_detector INFO: OrderBlocks: 5 detected, 2 unmitigated
00:25:47 core.sweep_detector INFO: FVGs: 12 detected, 2 unfilled
00:25:49 core.sweep_detector INFO: SweepDetector v2: 1 raw â†’ 1 confirmed (volâ‰Ą2.5Ă— bodyâ‰Ą30%)
00:25:49 core.sweep_detector INFO: OrderBlocks: 5 detected, 1 unmitigated
00:25:49 core.sweep_detector INFO: FVGs: 14 detected, 5 unfilled
00:25:51 core.sweep_detector INFO: SweepDetector v2: 0 raw â†’ 0 confirmed (volâ‰Ą2.5Ă— bodyâ‰Ą30%)
00:25:51 core.sweep_detector INFO: OrderBlocks: 4 detected, 1 unmitigated
00:25:51 core.sweep_detector INFO: FVGs: 13 detected, 8 unfilled
00:25:52 core.sweep_detector INFO: SweepDetector v2: 4 raw â†’ 3 confirmed (volâ‰Ą2.5Ă— bodyâ‰Ą30%)
00:25:52 core.sweep_detector INFO: OrderBlocks: 7 detected, 2 unmitigated
00:25:52 core.sweep_detector INFO: FVGs: 9 detected, 1 unfilled
00:25:54 core.sweep_detector INFO: SweepDetector v2: 3 raw â†’ 2 confirmed (volâ‰Ą2.5Ă— bodyâ‰Ą30%)
00:25:54 core.sweep_detector INFO: OrderBlocks: 5 detected, 2 unmitigated
00:25:54 core.sweep_detector INFO: FVGs: 15 detected, 3 unfilled
00:25:56 core.sweep_detector INFO: SweepDetector v2: 4 raw â†’ 3 confirmed (volâ‰Ą2.5Ă— bodyâ‰Ą30%)
00:25:56 core.sweep_detector INFO: OrderBlocks: 5 detected, 0 unmitigated
00:25:56 core.sweep_detector INFO: FVGs: 9 detected, 1 unfilled
00:25:57 core.sweep_detector INFO: SweepDetector v2: 7 raw â†’ 5 confirmed (volâ‰Ą2.5Ă— bodyâ‰Ą30%)
00:25:57 core.sweep_detector INFO: OrderBlocks: 6 detected, 5 unmitigated
00:25:57 core.sweep_detector INFO: FVGs: 13 detected, 8 unfilled
00:25:59 core.sweep_detector INFO: SweepDetector v2: 2 raw â†’ 1 confirmed (volâ‰Ą2.5Ă— bodyâ‰Ą30%)
00:25:59 core.sweep_detector INFO: OrderBlocks: 1 detected, 0 unmitigated
00:25:59 core.sweep_detector INFO: FVGs: 6 detected, 2 unfilled
00:26:01 core.sweep_detector INFO: SweepDetector v2: 3 raw â†’ 3 confirmed (volâ‰Ą2.5Ă— bodyâ‰Ą30%)
00:26:01 core.sweep_detector INFO: OrderBlocks: 3 detected, 1 unmitigated
00:26:01 core.sweep_detector INFO: FVGs: 7 detected, 1 unfilled
00:26:02 core.sweep_detector INFO: SweepDetector v2: 0 raw â†’ 0 confirmed (volâ‰Ą2.5Ă— bodyâ‰Ą30%)
00:26:02 core.sweep_detector INFO: OrderBlocks: 6 detected, 4 unmitigated
00:26:02 core.sweep_detector INFO: FVGs: 13 detected, 4 unfilled
00:26:05 core.sweep_detector INFO: SweepDetector v2: 3 raw â†’ 2 confirmed (volâ‰Ą2.5Ă— bodyâ‰Ą30%)
00:26:05 core.sweep_detector INFO: OrderBlocks: 3 detected, 2 unmitigated
00:26:05 core.sweep_detector INFO: FVGs: 6 detected, 3 unfilled
00:26:06 core.sweep_detector INFO: SweepDetector v2: 2 raw â†’ 1 confirmed (volâ‰Ą2.5Ă— bodyâ‰Ą30%)
00:26:06 core.sweep_detector INFO: OrderBlocks: 8 detected, 0 unmitigated
00:26:06 core.sweep_detector INFO: FVGs: 6 detected, 0 unfilled
00:26:08 core.sweep_detector INFO: SweepDetector v2: 3 raw â†’ 3 confirmed (volâ‰Ą2.5Ă— bodyâ‰Ą30%)
00:26:08 core.sweep_detector INFO: OrderBlocks: 3 detected, 1 unmitigated
00:26:08 core.sweep_detector INFO: FVGs: 4 detected, 1 unfilled
00:26:09 core.sweep_detector INFO: SweepDetector v2: 3 raw â†’ 2 confirmed (volâ‰Ą2.5Ă— bodyâ‰Ą30%)
00:26:09 core.sweep_detector INFO: OrderBlocks: 5 detected, 0 unmitigated
00:26:09 core.sweep_detector INFO: FVGs: 4 detected, 0 unfilled
00:26:11 core.sweep_detector INFO: SweepDetector v2: 1 raw â†’ 1 confirmed (volâ‰Ą2.5Ă— bodyâ‰Ą30%)
00:26:11 core.sweep_detector INFO: OrderBlocks: 6 detected, 1 unmitigated
00:26:11 core.sweep_detector INFO: FVGs: 7 detected, 0 unfilled
00:26:13 core.sweep_detector INFO: SweepDetector v2: 3 raw â†’ 2 confirmed (volâ‰Ą2.5Ă— bodyâ‰Ą30%)
00:26:13 core.sweep_detector INFO: OrderBlocks: 2 detected, 2 unmitigated
00:26:13 core.sweep_detector INFO: FVGs: 13 detected, 9 unfilled
00:26:15 core.sweep_detector INFO: SweepDetector v2: 2 raw â†’ 2 confirmed (volâ‰Ą2.5Ă— bodyâ‰Ą30%)
00:26:15 core.sweep_detector INFO: OrderBlocks: 4 detected, 1 unmitigated
00:26:15 core.sweep_detector INFO: FVGs: 9 detected, 3 unfilled
00:26:17 core.sweep_detector INFO: SweepDetector v2: 2 raw â†’ 1 confirmed (volâ‰Ą2.5Ă— bodyâ‰Ą30%)
00:26:17 core.sweep_detector INFO: OrderBlocks: 4 detected, 1 unmitigated
00:26:17 core.sweep_detector INFO: FVGs: 9 detected, 5 unfilled
00:26:18 core.sweep_detector INFO: SweepDetector v2: 1 raw â†’ 0 confirmed (volâ‰Ą2.5Ă— bodyâ‰Ą30%)
00:26:18 core.sweep_detector INFO: OrderBlocks: 3 detected, 0 unmitigated
00:26:18 core.sweep_detector INFO: FVGs: 12 detected, 5 unfilled
00:26:20 core.sweep_detector INFO: SweepDetector v2: 1 raw â†’ 1 confirmed (volâ‰Ą2.5Ă— bodyâ‰Ą30%)
00:26:20 core.sweep_detector INFO: OrderBlocks: 3 detected, 0 unmitigated
00:26:20 core.sweep_detector INFO: FVGs: 3 detected, 0 unfilled
00:26:21 core.sweep_detector INFO: SweepDetector v2: 2 raw â†’ 2 confirmed (volâ‰Ą2.5Ă— bodyâ‰Ą30%)
00:26:21 core.sweep_detector INFO: OrderBlocks: 1 detected, 0 unmitigated
00:26:21 core.sweep_detector INFO: FVGs: 4 detected, 1 unfilled
00:26:23 core.sweep_detector INFO: SweepDetector v2: 1 raw â†’ 0 confirmed (volâ‰Ą2.5Ă— bodyâ‰Ą30%)
00:26:23 core.sweep_detector INFO: OrderBlocks: 5 detected, 3 unmitigated
00:26:23 core.sweep_detector INFO: FVGs: 10 detected, 6 unfilled
00:26:25 core.sweep_detector INFO: SweepDetector v2: 2 raw â†’ 2 confirmed (volâ‰Ą2.5Ă— bodyâ‰Ą30%)
00:26:25 core.sweep_detector INFO: OrderBlocks: 4 detected, 2 unmitigated
00:26:25 core.sweep_detector INFO: FVGs: 11 detected, 3 unfilled
00:26:27 core.sweep_detector INFO: SweepDetector v2: 3 raw â†’ 2 confirmed (volâ‰Ą2.5Ă— bodyâ‰Ą30%)
00:26:27 core.sweep_detector INFO: OrderBlocks: 4 detected, 0 unmitigated
00:26:27 core.sweep_detector INFO: FVGs: 5 detected, 0 unfilled
00:26:29 core.sweep_detector INFO: SweepDetector v2: 0 raw â†’ 0 confirmed (volâ‰Ą2.5Ă— bodyâ‰Ą30%)
00:26:29 core.sweep_detector INFO: OrderBlocks: 10 detected, 2 unmitigated
00:26:29 core.sweep_detector INFO: FVGs: 12 detected, 3 unfilled
00:26:30 core.sweep_detector INFO: SweepDetector v2: 1 raw â†’ 1 confirmed (volâ‰Ą2.5Ă— bodyâ‰Ą30%)
00:26:30 core.sweep_detector INFO: OrderBlocks: 5 detected, 4 unmitigated
00:26:30 core.sweep_detector INFO: FVGs: 7 detected, 4 unfilled
00:26:32 core.sweep_detector INFO: SweepDetector v2: 0 raw â†’ 0 confirmed (volâ‰Ą2.5Ă— bodyâ‰Ą30%)
00:26:32 core.sweep_detector INFO: OrderBlocks: 4 detected, 2 unmitigated
00:26:32 core.sweep_detector INFO: FVGs: 4 detected, 3 unfilled
00:26:33 core.sweep_detector INFO: SweepDetector v2: 0 raw â†’ 0 confirmed (volâ‰Ą2.5Ă— bodyâ‰Ą30%)
00:26:33 core.sweep_detector INFO: OrderBlocks: 3 detected, 0 unmitigated
00:26:33 core.sweep_detector INFO: FVGs: 0 detected, 0 unfilled
00:26:35 core.sweep_detector INFO: SweepDetector v2: 0 raw â†’ 0 confirmed (volâ‰Ą2.5Ă— bodyâ‰Ą30%)
00:26:35 core.sweep_detector INFO: OrderBlocks: 0 detected, 0 unmitigated
00:26:35 core.sweep_detector INFO: FVGs: 0 detected, 0 unfilled
00:26:37 core.sweep_detector INFO: SweepDetector v2: 0 raw â†’ 0 confirmed (volâ‰Ą2.5Ă— bodyâ‰Ą30%)
00:26:37 core.sweep_detector INFO: OrderBlocks: 0 detected, 0 unmitigated
00:26:37 core.sweep_detector INFO: FVGs: 0 detected, 0 unfilled
00:26:39 core.sweep_detector INFO: SweepDetector v2: 1 raw â†’ 1 confirmed (volâ‰Ą2.5Ă— bodyâ‰Ą30%)
00:26:39 core.sweep_detector INFO: OrderBlocks: 5 detected, 2 unmitigated
00:26:39 core.sweep_detector INFO: FVGs: 8 detected, 4 unfilled
00:26:40 core.sweep_detector INFO: SweepDetector v2: 2 raw â†’ 2 confirmed (volâ‰Ą2.5Ă— bodyâ‰Ą30%)
00:26:40 core.sweep_detector INFO: OrderBlocks: 5 detected, 0 unmitigated
00:26:40 core.sweep_detector INFO: FVGs: 6 detected, 1 unfilled
00:26:42 core.sweep_detector INFO: SweepDetector v2: 2 raw â†’ 2 confirmed (volâ‰Ą2.5Ă— bodyâ‰Ą30%)
00:26:42 core.sweep_detector INFO: OrderBlocks: 6 detected, 0 unmitigated
00:26:42 core.sweep_detector INFO: FVGs: 3 detected, 0 unfilled
00:26:43 core.sweep_detector INFO: SweepDetector v2: 1 raw â†’ 1 confirmed (volâ‰Ą2.5Ă— bodyâ‰Ą30%)
00:26:43 core.sweep_detector INFO: OrderBlocks: 2 detected, 0 unmitigated
00:26:43 core.sweep_detector INFO: FVGs: 0 detected, 0 unfilled
00:26:45 core.sweep_detector INFO: SweepDetector v2: 0 raw â†’ 0 confirmed (volâ‰Ą2.5Ă— bodyâ‰Ą30%)
00:26:45 core.sweep_detector INFO: OrderBlocks: 1 detected, 0 unmitigated
00:26:45 core.sweep_detector INFO: FVGs: 0 detected, 0 unfilled
00:26:47 core.sweep_detector INFO: SweepDetector v2: 0 raw â†’ 0 confirmed (volâ‰Ą2.5Ă— bodyâ‰Ą30%)
00:26:47 core.sweep_detector INFO: OrderBlocks: 0 detected, 0 unmitigated
00:26:47 core.sweep_detector INFO: FVGs: 0 detected, 0 unfilled
00:26:48 core.sweep_detector INFO: SweepDetector v2: 0 raw â†’ 0 confirmed (volâ‰Ą2.5Ă— bodyâ‰Ą30%)
00:26:48 core.sweep_detector INFO: OrderBlocks: 3 detected, 0 unmitigated
00:26:48 core.sweep_detector INFO: FVGs: 0 detected, 0 unfilled
00:26:51 core.sweep_detector INFO: SweepDetector v2: 0 raw â†’ 0 confirmed (volâ‰Ą2.5Ă— bodyâ‰Ą30%)
00:26:51 core.sweep_detector INFO: OrderBlocks: 0 detected, 0 unmitigated
00:26:51 core.sweep_detector INFO: FVGs: 0 detected, 0 unfilled
00:26:52 core.sweep_detector INFO: SweepDetector v2: 0 raw â†’ 0 confirmed (volâ‰Ą2.5Ă— bodyâ‰Ą30%)
00:26:52 core.sweep_detector INFO: OrderBlocks: 0 detected, 0 unmitigated
00:26:52 core.sweep_detector INFO: FVGs: 0 detected, 0 unfilled
00:26:54 core.sweep_detector INFO: SweepDetector v2: 0 raw â†’ 0 confirmed (volâ‰Ą2.5Ă— bodyâ‰Ą30%)
00:26:54 core.sweep_detector INFO: OrderBlocks: 7 detected, 0 unmitigated
00:26:54 core.sweep_detector INFO: FVGs: 6 detected, 2 unfilled
00:26:55 core.sweep_detector INFO: SweepDetector v2: 2 raw â†’ 2 confirmed (volâ‰Ą2.5Ă— bodyâ‰Ą30%)
00:26:55 core.sweep_detector INFO: OrderBlocks: 6 detected, 3 unmitigated
00:26:55 core.sweep_detector INFO: FVGs: 13 detected, 4 unfilled
00:26:57 core.sweep_detector INFO: SweepDetector v2: 2 raw â†’ 2 confirmed (volâ‰Ą2.5Ă— bodyâ‰Ą30%)
00:26:57 core.sweep_detector INFO: OrderBlocks: 4 detected, 1 unmitigated
00:26:57 core.sweep_detector INFO: FVGs: 6 detected, 1 unfilled
00:26:59 core.sweep_detector INFO: SweepDetector v2: 0 raw â†’ 0 confirmed (volâ‰Ą2.5Ă— bodyâ‰Ą30%)
00:26:59 core.sweep_detector INFO: OrderBlocks: 3 detected, 0 unmitigated
00:26:59 core.sweep_detector INFO: FVGs: 9 detected, 4 unfilled
00:27:00 core.sweep_detector INFO: SweepDetector v2: 1 raw â†’ 1 confirmed (volâ‰Ą2.5Ă— bodyâ‰Ą30%)
00:27:00 core.sweep_detector INFO: OrderBlocks: 1 detected, 0 unmitigated
00:27:00 core.sweep_detector INFO: FVGs: 6 detected, 1 unfilled
00:27:02 core.sweep_detector INFO: SweepDetector v2: 1 raw â†’ 1 confirmed (volâ‰Ą2.5Ă— bodyâ‰Ą30%)
00:27:02 core.sweep_detector INFO: OrderBlocks: 5 detected, 0 unmitigated
00:27:02 core.sweep_detector INFO: FVGs: 3 detected, 0 unfilled
00:27:03 core.sweep_detector INFO: SweepDetector v2: 1 raw â†’ 1 confirmed (volâ‰Ą2.5Ă— bodyâ‰Ą30%)
00:27:03 core.sweep_detector INFO: OrderBlocks: 4 detected, 2 unmitigated
00:27:03 core.sweep_detector INFO: FVGs: 8 detected, 2 unfilled
00:27:05 core.sweep_detector INFO: SweepDetector v2: 1 raw â†’ 1 confirmed (volâ‰Ą2.5Ă— bodyâ‰Ą30%)
00:27:05 core.sweep_detector INFO: OrderBlocks: 2 detected, 0 unmitigated
00:27:05 core.sweep_detector INFO: FVGs: 9 detected, 0 unfilled
00:27:07 core.sweep_detector INFO: SweepDetector v2: 2 raw â†’ 1 confirmed (volâ‰Ą2.5Ă— bodyâ‰Ą30%)
00:27:07 core.sweep_detector INFO: OrderBlocks: 7 detected, 0 unmitigated
00:27:07 core.sweep_detector INFO: FVGs: 5 detected, 0 unfilled
00:27:08 core.sweep_detector INFO: SweepDetector v2: 1 raw â†’ 1 confirmed (volâ‰Ą2.5Ă— bodyâ‰Ą30%)
00:27:08 core.sweep_detector INFO: OrderBlocks: 2 detected, 1 unmitigated
00:27:08 core.sweep_detector INFO: FVGs: 7 detected, 4 unfilled
00:27:10 core.sweep_detector INFO: SweepDetector v2: 2 raw â†’ 1 confirmed (volâ‰Ą2.5Ă— bodyâ‰Ą30%)
00:27:10 core.sweep_detector INFO: OrderBlocks: 1 detected, 0 unmitigated
00:27:10 core.sweep_detector INFO: FVGs: 5 detected, 1 unfilled
00:27:12 core.sweep_detector INFO: SweepDetector v2: 1 raw â†’ 0 confirmed (volâ‰Ą2.5Ă— bodyâ‰Ą30%)
00:27:12 core.sweep_detector INFO: OrderBlocks: 1 detected, 0 unmitigated
00:27:12 core.sweep_detector INFO: FVGs: 1 detected, 0 unfilled
00:27:13 core.sweep_detector INFO: SweepDetector v2: 2 raw â†’ 1 confirmed (volâ‰Ą2.5Ă— bodyâ‰Ą30%)
00:27:13 core.sweep_detector INFO: OrderBlocks: 6 detected, 4 unmitigated
00:27:13 core.sweep_detector INFO: FVGs: 12 detected, 6 unfilled
00:27:15 core.sweep_detector INFO: SweepDetector v2: 4 raw â†’ 4 confirmed (volâ‰Ą2.5Ă— bodyâ‰Ą30%)
00:27:15 core.sweep_detector INFO: OrderBlocks: 1 detected, 0 unmitigated
00:27:15 core.sweep_detector INFO: FVGs: 5 detected, 2 unfilled
00:27:17 core.sweep_detector INFO: SweepDetector v2: 0 raw â†’ 0 confirmed (volâ‰Ą2.5Ă— bodyâ‰Ą30%)
00:27:17 core.sweep_detector INFO: OrderBlocks: 6 detected, 1 unmitigated
00:27:17 core.sweep_detector INFO: FVGs: 6 detected, 0 unfilled
00:27:18 core.sweep_detector INFO: SweepDetector v2: 2 raw â†’ 1 confirmed (volâ‰Ą2.5Ă— bodyâ‰Ą30%)
00:27:18 core.sweep_detector INFO: OrderBlocks: 6 detected, 1 unmitigated
00:27:18 core.sweep_detector INFO: FVGs: 5 detected, 1 unfilled
00:27:20 core.sweep_detector INFO: SweepDetector v2: 1 raw â†’ 1 confirmed (volâ‰Ą2.5Ă— bodyâ‰Ą30%)
00:27:20 core.sweep_detector INFO: OrderBlocks: 3 detected, 0 unmitigated
00:27:20 core.sweep_detector INFO: FVGs: 7 detected, 0 unfilled
00:27:21 core.sweep_detector INFO: SweepDetector v2: 4 raw â†’ 3 confirmed (volâ‰Ą2.5Ă— bodyâ‰Ą30%)
00:27:21 core.sweep_detector INFO: OrderBlocks: 2 detected, 0 unmitigated
00:27:21 core.sweep_detector INFO: FVGs: 8 detected, 1 unfilled
00:27:23 core.sweep_detector INFO: SweepDetector v2: 0 raw â†’ 0 confirmed (volâ‰Ą2.5Ă— bodyâ‰Ą30%)
00:27:23 core.sweep_detector INFO: OrderBlocks: 0 detected, 0 unmitigated
00:27:23 core.sweep_detector INFO: FVGs: 4 detected, 1 unfilled
00:27:24 core.sweep_detector INFO: SweepDetector v2: 0 raw â†’ 0 confirmed (volâ‰Ą2.5Ă— bodyâ‰Ą30%)
00:27:24 core.sweep_detector INFO: OrderBlocks: 3 detected, 1 unmitigated
00:27:24 core.sweep_detector INFO: FVGs: 4 detected, 1 unfilled
00:27:26 core.sweep_detector INFO: SweepDetector v2: 0 raw â†’ 0 confirmed (volâ‰Ą2.5Ă— bodyâ‰Ą30%)
00:27:26 core.sweep_detector INFO: OrderBlocks: 7 detected, 1 unmitigated
00:27:26 core.sweep_detector INFO: FVGs: 3 detected, 1 unfilled
00:27:28 core.sweep_detector INFO: SweepDetector v2: 0 raw â†’ 0 confirmed (volâ‰Ą2.5Ă— bodyâ‰Ą30%)
00:27:28 core.sweep_detector INFO: OrderBlocks: 7 detected, 3 unmitigated
00:27:28 core.sweep_detector INFO: FVGs: 10 detected, 4 unfilled
00:27:29 core.sweep_detector INFO: SweepDetector v2: 1 raw â†’ 1 confirmed (volâ‰Ą2.5Ă— bodyâ‰Ą30%)
00:27:29 core.sweep_detector INFO: OrderBlocks: 4 detected, 1 unmitigated
00:27:29 core.sweep_detector INFO: FVGs: 6 detected, 2 unfilled
00:27:31 core.sweep_detector INFO: SweepDetector v2: 1 raw â†’ 1 confirmed (volâ‰Ą2.5Ă— bodyâ‰Ą30%)
00:27:31 core.sweep_detector INFO: OrderBlocks: 4 detected, 0 unmitigated
00:27:31 core.sweep_detector INFO: FVGs: 5 detected, 0 unfilled
00:27:33 core.sweep_detector INFO: SweepDetector v2: 0 raw â†’ 0 confirmed (volâ‰Ą2.5Ă— bodyâ‰Ą30%)
00:27:33 core.sweep_detector INFO: OrderBlocks: 8 detected, 1 unmitigated
00:27:33 core.sweep_detector INFO: FVGs: 9 detected, 3 unfilled
00:27:34 core.sweep_detector INFO: SweepDetector v2: 2 raw â†’ 2 confirmed (volâ‰Ą2.5Ă— bodyâ‰Ą30%)
00:27:34 core.sweep_detector INFO: OrderBlocks: 1 detected, 0 unmitigated
00:27:34 core.sweep_detector INFO: FVGs: 12 detected, 3 unfilled
00:27:36 core.sweep_detector INFO: SweepDetector v2: 2 raw â†’ 2 confirmed (volâ‰Ą2.5Ă— bodyâ‰Ą30%)
00:27:36 core.sweep_detector INFO: OrderBlocks: 5 detected, 0 unmitigated
00:27:36 core.sweep_detector INFO: FVGs: 10 detected, 0 unfilled
00:27:38 core.sweep_detector INFO: SweepDetector v2: 2 raw â†’ 2 confirmed (volâ‰Ą2.5Ă— bodyâ‰Ą30%)
00:27:38 core.sweep_detector INFO: OrderBlocks: 6 detected, 2 unmitigated
00:27:38 core.sweep_detector INFO: FVGs: 8 detected, 2 unfilled
00:27:39 core.sweep_detector INFO: SweepDetector v2: 2 raw â†’ 2 confirmed (volâ‰Ą2.5Ă— bodyâ‰Ą30%)
00:27:39 core.sweep_detector INFO: OrderBlocks: 3 detected, 0 unmitigated
00:27:39 core.sweep_detector INFO: FVGs: 4 detected, 0 unfilled
00:27:41 core.sweep_detector INFO: SweepDetector v2: 0 raw â†’ 0 confirmed (volâ‰Ą2.5Ă— bodyâ‰Ą30%)
00:27:41 core.sweep_detector INFO: OrderBlocks: 5 detected, 1 unmitigated
00:27:41 core.sweep_detector INFO: FVGs: 3 detected, 0 unfilled
00:27:43 core.sweep_detector INFO: SweepDetector v2: 0 raw â†’ 0 confirmed (volâ‰Ą2.5Ă— bodyâ‰Ą30%)
00:27:43 core.sweep_detector INFO: OrderBlocks: 0 detected, 0 unmitigated
00:27:43 core.sweep_detector INFO: FVGs: 0 detected, 0 unfilled
00:27:44 core.sweep_detector INFO: SweepDetector v2: 0 raw â†’ 0 confirmed (volâ‰Ą2.5Ă— bodyâ‰Ą30%)
00:27:44 core.sweep_detector INFO: OrderBlocks: 3 detected, 0 unmitigated
00:27:44 core.sweep_detector INFO: FVGs: 0 detected, 0 unfilled
00:27:46 core.sweep_detector INFO: SweepDetector v2: 0 raw â†’ 0 confirmed (volâ‰Ą2.5Ă— bodyâ‰Ą30%)
00:27:46 core.sweep_detector INFO: OrderBlocks: 0 detected, 0 unmitigated
00:27:46 core.sweep_detector INFO: FVGs: 0 detected, 0 unfilled
00:27:48 core.sweep_detector INFO: SweepDetector v2: 7 raw â†’ 3 confirmed (volâ‰Ą2.5Ă— bodyâ‰Ą30%)
00:27:48 core.sweep_detector INFO: OrderBlocks: 9 detected, 3 unmitigated
00:27:48 core.sweep_detector INFO: FVGs: 10 detected, 2 unfilled
00:27:49 core.sweep_detector INFO: SweepDetector v2: 1 raw â†’ 1 confirmed (volâ‰Ą2.5Ă— bodyâ‰Ą30%)
00:27:49 core.sweep_detector INFO: OrderBlocks: 7 detected, 2 unmitigated
00:27:49 core.sweep_detector INFO: FVGs: 15 detected, 3 unfilled
00:27:51 core.sweep_detector INFO: SweepDetector v2: 4 raw â†’ 3 confirmed (volâ‰Ą2.5Ă— bodyâ‰Ą30%)
00:27:51 core.sweep_detector INFO: OrderBlocks: 6 detected, 1 unmitigated
00:27:51 core.sweep_detector INFO: FVGs: 8 detected, 0 unfilled
00:27:53 core.sweep_detector INFO: SweepDetector v2: 1 raw â†’ 1 confirmed (volâ‰Ą2.5Ă— bodyâ‰Ą30%)
00:27:53 core.sweep_detector INFO: OrderBlocks: 5 detected, 0 unmitigated
00:27:53 core.sweep_detector INFO: FVGs: 6 detected, 1 unfilled
00:27:54 core.sweep_detector INFO: SweepDetector v2: 2 raw â†’ 1 confirmed (volâ‰Ą2.5Ă— bodyâ‰Ą30%)
00:27:54 core.sweep_detector INFO: OrderBlocks: 2 detected, 0 unmitigated
00:27:54 core.sweep_detector INFO: FVGs: 8 detected, 0 unfilled
00:27:56 core.sweep_detector INFO: SweepDetector v2: 0 raw â†’ 0 confirmed (volâ‰Ą2.5Ă— bodyâ‰Ą30%)
00:27:56 core.sweep_detector INFO: OrderBlocks: 4 detected, 0 unmitigated
00:27:56 core.sweep_detector INFO: FVGs: 6 detected, 0 unfilled
00:27:58 core.sweep_detector INFO: SweepDetector v2: 2 raw â†’ 2 confirmed (volâ‰Ą2.5Ă— bodyâ‰Ą30%)
00:27:58 core.sweep_detector INFO: OrderBlocks: 5 detected, 1 unmitigated
00:27:58 core.sweep_detector INFO: FVGs: 7 detected, 3 unfilled
00:27:59 core.sweep_detector INFO: SweepDetector v2: 2 raw â†’ 2 confirmed (volâ‰Ą2.5Ă— bodyâ‰Ą30%)
00:27:59 core.sweep_detector INFO: OrderBlocks: 4 detected, 1 unmitigated
00:27:59 core.sweep_detector INFO: FVGs: 7 detected, 1 unfilled
00:28:01 core.sweep_detector INFO: SweepDetector v2: 3 raw â†’ 3 confirmed (volâ‰Ą2.5Ă— bodyâ‰Ą30%)
00:28:01 core.sweep_detector INFO: OrderBlocks: 1 detected, 0 unmitigated
00:28:01 core.sweep_detector INFO: FVGs: 7 detected, 1 unfilled
00:28:01 __main__ INFO: Checking 1 open trades for exit conditions
/root/.openclaw/workspace/projects/crypto-liquidity-hunter/main.py:555: DeprecationWarning: datetime.datetime.utcnow() is deprecated and scheduled for removal in a future version. Use timezone-aware objects to represent datetimes in UTC: datetime.datetime.now(datetime.UTC).
  scan_end     = datetime.utcnow()

=== SCAN ALL: 92 pairs, 3 timeframes ===
Total signals generated: 2
  binance:ASTER/USDT 1h LONG Entry=0.65 SL=0.65 TP=0.70 R:R=8.31
  binance:ASTER/USDT 15m LONG Entry=0.65 SL=0.65 TP=0.68 R:R=4.15
