07:00:02 __main__ INFO: Volume filter: fetching all tickers in one call...
07:00:04 __main__ INFO: Volume filter: 57/446 pairs pass $5M threshold
07:00:07 core.sweep_detector INFO: SweepDetector: 5 raw sweeps → 4 confirmed
/root/.openclaw/workspace/projects/crypto-liquidity-hunter/main.py:363: DeprecationWarning: datetime.datetime.utcnow() is deprecated and scheduled for removal in a future version. Use timezone-aware objects to represent datetimes in UTC: datetime.datetime.now(datetime.UTC).
  entry_time=datetime.utcnow(),
07:00:17 core.signal_engine INFO: Signal rejected: R:R too low 0.19 < 1.8
07:00:17 core.signal_engine INFO: Signal rejected: R:R too low 0.27 < 1.8
07:00:30 core.sweep_detector INFO: SweepDetector: 7 raw sweeps → 4 confirmed
07:00:30 core.signal_engine INFO: Signal rejected: R:R too low 0.13 < 1.8
/root/.openclaw/workspace/projects/crypto-liquidity-hunter/main.py:363: DeprecationWarning: datetime.datetime.utcnow() is deprecated and scheduled for removal in a future version. Use timezone-aware objects to represent datetimes in UTC: datetime.datetime.now(datetime.UTC).
  entry_time=datetime.utcnow(),
07:00:41 core.signal_engine INFO: Signal rejected: R:R too low 0.49 < 1.8
07:00:42 core.sweep_detector INFO: SweepDetector: 3 raw sweeps → 2 confirmed
07:00:42 core.signal_engine INFO: Signal rejected: R:R too low 1.27 < 1.8
07:00:42 core.signal_engine INFO: Signal rejected: R:R too low 0.71 < 1.8
07:00:44 core.sweep_detector INFO: SweepDetector: 7 raw sweeps → 5 confirmed
07:00:44 core.signal_engine INFO: Signal rejected: R:R too low 0.03 < 1.8
07:00:44 core.signal_engine INFO: Signal rejected: R:R too low 0.02 < 1.8
07:00:44 core.signal_engine INFO: Signal rejected: R:R too low 0.16 < 1.8
07:00:44 core.signal_engine INFO: Signal rejected: R:R too low 0.02 < 1.8
07:00:44 core.signal_engine INFO: Signal rejected: R:R too low 0.01 < 1.8
07:00:45 core.sweep_detector INFO: SweepDetector: 7 raw sweeps → 4 confirmed
07:00:45 core.signal_engine INFO: Signal rejected: R:R too low 1.02 < 1.8
07:00:45 core.signal_engine INFO: Signal rejected: R:R too low 0.52 < 1.8
/root/.openclaw/workspace/projects/crypto-liquidity-hunter/main.py:363: DeprecationWarning: datetime.datetime.utcnow() is deprecated and scheduled for removal in a future version. Use timezone-aware objects to represent datetimes in UTC: datetime.datetime.now(datetime.UTC).
  entry_time=datetime.utcnow(),
07:00:46 core.signal_engine INFO: Signal rejected: R:R too low 0.30 < 1.8
07:00:47 core.sweep_detector INFO: SweepDetector: 3 raw sweeps → 2 confirmed
07:00:47 core.signal_engine INFO: Signal rejected: R:R too low 0.29 < 1.8
07:00:47 core.signal_engine INFO: Signal rejected: R:R too low 1.01 < 1.8
07:00:49 core.sweep_detector INFO: SweepDetector: 6 raw sweeps → 6 confirmed
07:00:49 core.signal_engine INFO: Signal rejected: R:R too low 0.23 < 1.8
07:00:49 core.signal_engine INFO: Signal rejected: R:R too low 0.69 < 1.8
07:00:49 core.signal_engine INFO: Signal rejected: R:R too low 0.18 < 1.8
07:00:49 core.signal_engine INFO: Signal rejected: R:R too low 0.13 < 1.8
07:00:49 core.signal_engine INFO: Signal rejected: R:R too low 0.62 < 1.8
07:00:50 core.sweep_detector INFO: SweepDetector: 7 raw sweeps → 7 confirmed
/root/.openclaw/workspace/projects/crypto-liquidity-hunter/main.py:363: DeprecationWarning: datetime.datetime.utcnow() is deprecated and scheduled for removal in a future version. Use timezone-aware objects to represent datetimes in UTC: datetime.datetime.now(datetime.UTC).
  entry_time=datetime.utcnow(),
07:01:01 core.signal_engine INFO: Signal rejected: R:R too low 0.10 < 1.8
07:01:01 core.signal_engine INFO: Signal rejected: R:R too low 0.23 < 1.8
07:01:14 core.sweep_detector INFO: SweepDetector: 3 raw sweeps → 3 confirmed
/root/.openclaw/workspace/projects/crypto-liquidity-hunter/main.py:363: DeprecationWarning: datetime.datetime.utcnow() is deprecated and scheduled for removal in a future version. Use timezone-aware objects to represent datetimes in UTC: datetime.datetime.now(datetime.UTC).
  entry_time=datetime.utcnow(),
07:01:47 core.sweep_detector INFO: SweepDetector: 10 raw sweeps → 9 confirmed
07:01:47 core.signal_engine INFO: Signal rejected: R:R too low 0.10 < 1.8
07:01:47 core.signal_engine INFO: Signal rejected: R:R too low 0.05 < 1.8
07:01:47 core.signal_engine INFO: Signal rejected: R:R too low 0.16 < 1.8
07:01:47 core.signal_engine INFO: Signal rejected: R:R too low 0.04 < 1.8
07:01:47 core.signal_engine INFO: Signal rejected: R:R too low 1.13 < 1.8
07:01:49 core.sweep_detector INFO: SweepDetector: 6 raw sweeps → 3 confirmed
/root/.openclaw/workspace/projects/crypto-liquidity-hunter/main.py:363: DeprecationWarning: datetime.datetime.utcnow() is deprecated and scheduled for removal in a future version. Use timezone-aware objects to represent datetimes in UTC: datetime.datetime.now(datetime.UTC).
  entry_time=datetime.utcnow(),
07:01:59 core.signal_engine INFO: Signal rejected: R:R too low 1.33 < 1.8
07:02:11 core.sweep_detector INFO: SweepDetector: 5 raw sweeps → 2 confirmed
07:02:11 core.signal_engine INFO: Signal rejected: R:R too low 0.54 < 1.8
/root/.openclaw/workspace/projects/crypto-liquidity-hunter/main.py:363: DeprecationWarning: datetime.datetime.utcnow() is deprecated and scheduled for removal in a future version. Use timezone-aware objects to represent datetimes in UTC: datetime.datetime.now(datetime.UTC).
  entry_time=datetime.utcnow(),
07:02:24 core.sweep_detector INFO: SweepDetector: 10 raw sweeps → 7 confirmed
07:02:24 core.signal_engine INFO: Signal rejected: R:R too low 0.41 < 1.8
07:02:24 core.signal_engine INFO: Signal rejected: R:R too low 1.23 < 1.8
07:02:24 core.signal_engine INFO: Signal rejected: R:R too low 1.17 < 1.8
07:02:24 core.signal_engine INFO: Signal rejected: R:R too low 0.13 < 1.8
07:02:24 core.signal_engine INFO: Signal rejected: R:R too low 0.70 < 1.8
07:02:25 core.sweep_detector INFO: SweepDetector: 4 raw sweeps → 4 confirmed
07:02:25 core.signal_engine INFO: Signal rejected: R:R too low 0.07 < 1.8
07:02:25 core.signal_engine INFO: Signal rejected: R:R too low 0.26 < 1.8
07:02:25 core.signal_engine INFO: Signal rejected: R:R too low 0.53 < 1.8
07:02:25 core.signal_engine INFO: Signal rejected: R:R too low 0.27 < 1.8
07:02:27 core.sweep_detector INFO: SweepDetector: 4 raw sweeps → 3 confirmed
07:02:27 core.signal_engine INFO: Signal rejected: R:R too low 0.59 < 1.8
07:02:27 core.signal_engine INFO: Signal rejected: R:R too low 0.02 < 1.8
/root/.openclaw/workspace/projects/crypto-liquidity-hunter/main.py:363: DeprecationWarning: datetime.datetime.utcnow() is deprecated and scheduled for removal in a future version. Use timezone-aware objects to represent datetimes in UTC: datetime.datetime.now(datetime.UTC).
  entry_time=datetime.utcnow(),
07:02:29 core.sweep_detector INFO: SweepDetector: 7 raw sweeps → 7 confirmed
07:02:29 core.signal_engine INFO: Signal rejected: R:R too low 0.05 < 1.8
07:02:29 core.signal_engine INFO: Signal rejected: R:R too low 1.12 < 1.8
07:02:29 core.signal_engine INFO: Signal rejected: R:R too low 0.04 < 1.8
07:02:29 core.signal_engine INFO: Signal rejected: R:R too low 1.33 < 1.8
/root/.openclaw/workspace/projects/crypto-liquidity-hunter/main.py:363: DeprecationWarning: datetime.datetime.utcnow() is deprecated and scheduled for removal in a future version. Use timezone-aware objects to represent datetimes in UTC: datetime.datetime.now(datetime.UTC).
  entry_time=datetime.utcnow(),
07:02:32 core.sweep_detector INFO: SweepDetector: 5 raw sweeps → 3 confirmed
07:02:32 core.signal_engine INFO: Signal rejected: R:R too low 0.04 < 1.8
/root/.openclaw/workspace/projects/crypto-liquidity-hunter/main.py:363: DeprecationWarning: datetime.datetime.utcnow() is deprecated and scheduled for removal in a future version. Use timezone-aware objects to represent datetimes in UTC: datetime.datetime.now(datetime.UTC).
  entry_time=datetime.utcnow(),
07:02:43 core.signal_engine INFO: Signal rejected: R:R too low 0.14 < 1.8
07:02:45 core.sweep_detector INFO: SweepDetector: 3 raw sweeps → 3 confirmed
/root/.openclaw/workspace/projects/crypto-liquidity-hunter/main.py:363: DeprecationWarning: datetime.datetime.utcnow() is deprecated and scheduled for removal in a future version. Use timezone-aware objects to represent datetimes in UTC: datetime.datetime.now(datetime.UTC).
  entry_time=datetime.utcnow(),
07:02:55 core.signal_engine INFO: Signal rejected: R:R too low 0.02 < 1.8
07:02:55 core.signal_engine INFO: Signal rejected: R:R too low 0.28 < 1.8
07:02:57 core.sweep_detector INFO: SweepDetector: 1 raw sweeps → 1 confirmed
/root/.openclaw/workspace/projects/crypto-liquidity-hunter/main.py:363: DeprecationWarning: datetime.datetime.utcnow() is deprecated and scheduled for removal in a future version. Use timezone-aware objects to represent datetimes in UTC: datetime.datetime.now(datetime.UTC).
  entry_time=datetime.utcnow(),
07:03:09 core.sweep_detector INFO: SweepDetector: 4 raw sweeps → 4 confirmed
07:03:09 core.signal_engine INFO: Signal rejected: R:R too low 1.60 < 1.8
07:03:09 core.signal_engine INFO: Signal rejected: R:R too low 0.25 < 1.8
07:03:09 core.signal_engine INFO: Signal rejected: R:R too low 1.00 < 1.8
07:03:09 core.signal_engine INFO: Signal rejected: R:R too low 0.22 < 1.8
07:03:11 core.sweep_detector INFO: SweepDetector: 1 raw sweeps → 0 confirmed
07:03:12 core.sweep_detector INFO: SweepDetector: 5 raw sweeps → 5 confirmed
/root/.openclaw/workspace/projects/crypto-liquidity-hunter/main.py:363: DeprecationWarning: datetime.datetime.utcnow() is deprecated and scheduled for removal in a future version. Use timezone-aware objects to represent datetimes in UTC: datetime.datetime.now(datetime.UTC).
  entry_time=datetime.utcnow(),
07:03:24 core.signal_engine INFO: Signal rejected: R:R too low 0.36 < 1.8
07:03:24 core.signal_engine INFO: Signal rejected: R:R too low 0.43 < 1.8
07:03:24 core.signal_engine INFO: Signal rejected: R:R too low 0.17 < 1.8
07:03:26 core.sweep_detector INFO: SweepDetector: 5 raw sweeps → 5 confirmed
07:03:26 core.signal_engine INFO: Signal rejected: R:R too low 1.41 < 1.8
07:03:26 core.signal_engine INFO: Signal rejected: R:R too low 0.42 < 1.8
/root/.openclaw/workspace/projects/crypto-liquidity-hunter/main.py:363: DeprecationWarning: datetime.datetime.utcnow() is deprecated and scheduled for removal in a future version. Use timezone-aware objects to represent datetimes in UTC: datetime.datetime.now(datetime.UTC).
  entry_time=datetime.utcnow(),
07:03:26 core.signal_engine INFO: Signal rejected: R:R too low 0.04 < 1.8
07:03:26 core.signal_engine INFO: Signal rejected: R:R too low 0.38 < 1.8
07:03:28 core.sweep_detector INFO: SweepDetector: 1 raw sweeps → 0 confirmed
07:03:30 core.sweep_detector INFO: SweepDetector: 5 raw sweeps → 4 confirmed
/root/.openclaw/workspace/projects/crypto-liquidity-hunter/main.py:363: DeprecationWarning: datetime.datetime.utcnow() is deprecated and scheduled for removal in a future version. Use timezone-aware objects to represent datetimes in UTC: datetime.datetime.now(datetime.UTC).
  entry_time=datetime.utcnow(),
07:03:51 core.signal_engine INFO: Signal rejected: R:R too low 0.02 < 1.8
07:03:51 core.signal_engine INFO: Signal rejected: R:R too low 0.22 < 1.8
07:03:53 core.sweep_detector INFO: SweepDetector: 3 raw sweeps → 3 confirmed
07:03:53 core.signal_engine INFO: Signal rejected: R:R too low 0.55 < 1.8
07:03:53 core.signal_engine INFO: Signal rejected: R:R too low 0.61 < 1.8
/root/.openclaw/workspace/projects/crypto-liquidity-hunter/main.py:363: DeprecationWarning: datetime.datetime.utcnow() is deprecated and scheduled for removal in a future version. Use timezone-aware objects to represent datetimes in UTC: datetime.datetime.now(datetime.UTC).
  entry_time=datetime.utcnow(),
07:04:05 core.sweep_detector INFO: SweepDetector: 5 raw sweeps → 2 confirmed
/root/.openclaw/workspace/projects/crypto-liquidity-hunter/main.py:363: DeprecationWarning: datetime.datetime.utcnow() is deprecated and scheduled for removal in a future version. Use timezone-aware objects to represent datetimes in UTC: datetime.datetime.now(datetime.UTC).
  entry_time=datetime.utcnow(),
07:04:16 core.signal_engine INFO: Signal rejected: R:R too low 1.56 < 1.8
07:04:17 core.sweep_detector INFO: SweepDetector: 4 raw sweeps → 4 confirmed
/root/.openclaw/workspace/projects/crypto-liquidity-hunter/main.py:363: DeprecationWarning: datetime.datetime.utcnow() is deprecated and scheduled for removal in a future version. Use timezone-aware objects to represent datetimes in UTC: datetime.datetime.now(datetime.UTC).
  entry_time=datetime.utcnow(),
07:04:29 core.signal_engine INFO: Signal rejected: R:R too low 0.44 < 1.8
07:04:29 core.signal_engine INFO: Signal rejected: R:R too low 0.02 < 1.8
07:04:30 core.sweep_detector INFO: SweepDetector: 2 raw sweeps → 1 confirmed
/root/.openclaw/workspace/projects/crypto-liquidity-hunter/main.py:363: DeprecationWarning: datetime.datetime.utcnow() is deprecated and scheduled for removal in a future version. Use timezone-aware objects to represent datetimes in UTC: datetime.datetime.now(datetime.UTC).
  entry_time=datetime.utcnow(),
07:04:32 core.sweep_detector INFO: SweepDetector: 3 raw sweeps → 1 confirmed
/root/.openclaw/workspace/projects/crypto-liquidity-hunter/main.py:363: DeprecationWarning: datetime.datetime.utcnow() is deprecated and scheduled for removal in a future version. Use timezone-aware objects to represent datetimes in UTC: datetime.datetime.now(datetime.UTC).
  entry_time=datetime.utcnow(),
07:04:35 core.sweep_detector INFO: SweepDetector: 7 raw sweeps → 5 confirmed
07:04:35 core.signal_engine INFO: Signal rejected: R:R too low 0.28 < 1.8
07:04:35 core.signal_engine INFO: Signal rejected: R:R too low 0.95 < 1.8
07:04:35 core.signal_engine INFO: Signal rejected: R:R too low 0.75 < 1.8
07:04:35 core.signal_engine INFO: Signal rejected: R:R too low 0.12 < 1.8
07:04:35 core.signal_engine INFO: Signal rejected: R:R too low 0.54 < 1.8
07:04:36 core.sweep_detector INFO: SweepDetector: 6 raw sweeps → 3 confirmed
/root/.openclaw/workspace/projects/crypto-liquidity-hunter/main.py:363: DeprecationWarning: datetime.datetime.utcnow() is deprecated and scheduled for removal in a future version. Use timezone-aware objects to represent datetimes in UTC: datetime.datetime.now(datetime.UTC).
  entry_time=datetime.utcnow(),
07:04:47 core.signal_engine INFO: Signal rejected: R:R too low 0.58 < 1.8
07:05:00 core.sweep_detector INFO: SweepDetector: 6 raw sweeps → 4 confirmed
07:05:00 core.signal_engine INFO: Signal rejected: R:R too low 1.05 < 1.8
/root/.openclaw/workspace/projects/crypto-liquidity-hunter/main.py:363: DeprecationWarning: datetime.datetime.utcnow() is deprecated and scheduled for removal in a future version. Use timezone-aware objects to represent datetimes in UTC: datetime.datetime.now(datetime.UTC).
  entry_time=datetime.utcnow(),
07:05:12 core.signal_engine INFO: Signal rejected: R:R too low 1.47 < 1.8
07:05:13 core.sweep_detector INFO: SweepDetector: 8 raw sweeps → 6 confirmed
07:05:13 core.signal_engine INFO: Signal rejected: R:R too low 0.13 < 1.8
07:05:13 core.signal_engine INFO: Signal rejected: R:R too low 0.17 < 1.8
07:05:13 core.signal_engine INFO: Signal rejected: R:R too low 1.30 < 1.8
/root/.openclaw/workspace/projects/crypto-liquidity-hunter/main.py:363: DeprecationWarning: datetime.datetime.utcnow() is deprecated and scheduled for removal in a future version. Use timezone-aware objects to represent datetimes in UTC: datetime.datetime.now(datetime.UTC).
  entry_time=datetime.utcnow(),
07:05:26 core.sweep_detector INFO: SweepDetector: 3 raw sweeps → 2 confirmed
07:05:26 core.signal_engine INFO: Signal rejected: R:R too low 0.31 < 1.8
07:05:26 core.signal_engine INFO: Signal rejected: R:R too low 0.26 < 1.8
07:05:28 core.sweep_detector INFO: SweepDetector: 4 raw sweeps → 3 confirmed
07:05:28 core.signal_engine INFO: Signal rejected: R:R too low 0.84 < 1.8
/root/.openclaw/workspace/projects/crypto-liquidity-hunter/main.py:363: DeprecationWarning: datetime.datetime.utcnow() is deprecated and scheduled for removal in a future version. Use timezone-aware objects to represent datetimes in UTC: datetime.datetime.now(datetime.UTC).
  entry_time=datetime.utcnow(),
07:05:42 core.sweep_detector INFO: SweepDetector: 5 raw sweeps → 5 confirmed
/root/.openclaw/workspace/projects/crypto-liquidity-hunter/main.py:363: DeprecationWarning: datetime.datetime.utcnow() is deprecated and scheduled for removal in a future version. Use timezone-aware objects to represent datetimes in UTC: datetime.datetime.now(datetime.UTC).
  entry_time=datetime.utcnow(),
07:05:43 core.signal_engine INFO: Signal rejected: R:R too low 0.21 < 1.8
07:05:53 core.signal_engine INFO: Signal rejected: R:R too low 0.32 < 1.8
07:06:06 core.sweep_detector INFO: SweepDetector: 4 raw sweeps → 3 confirmed
07:06:06 core.signal_engine INFO: Signal rejected: R:R too low 0.02 < 1.8
07:06:06 core.signal_engine INFO: Signal rejected: R:R too low 0.70 < 1.8
07:06:06 core.signal_engine INFO: Signal rejected: R:R too low 1.13 < 1.8
07:06:07 core.sweep_detector INFO: SweepDetector: 3 raw sweeps → 2 confirmed
/root/.openclaw/workspace/projects/crypto-liquidity-hunter/main.py:363: DeprecationWarning: datetime.datetime.utcnow() is deprecated and scheduled for removal in a future version. Use timezone-aware objects to represent datetimes in UTC: datetime.datetime.now(datetime.UTC).
  entry_time=datetime.utcnow(),
07:06:10 core.sweep_detector INFO: SweepDetector: 3 raw sweeps → 3 confirmed
07:06:10 core.signal_engine INFO: Signal rejected: R:R too low 0.27 < 1.8
07:06:10 core.signal_engine INFO: Signal rejected: R:R too low 0.05 < 1.8
07:06:10 core.signal_engine INFO: Signal rejected: R:R too low 0.01 < 1.8
07:06:11 core.sweep_detector INFO: SweepDetector: 5 raw sweeps → 4 confirmed
07:06:11 core.signal_engine INFO: Signal rejected: R:R too low 0.28 < 1.8
07:06:11 core.signal_engine INFO: Signal rejected: R:R too low 1.35 < 1.8
07:06:11 core.signal_engine INFO: Signal rejected: R:R too low 0.11 < 1.8
/root/.openclaw/workspace/projects/crypto-liquidity-hunter/main.py:363: DeprecationWarning: datetime.datetime.utcnow() is deprecated and scheduled for removal in a future version. Use timezone-aware objects to represent datetimes in UTC: datetime.datetime.now(datetime.UTC).
  entry_time=datetime.utcnow(),
07:06:24 core.sweep_detector INFO: SweepDetector: 3 raw sweeps → 2 confirmed
07:06:24 core.signal_engine INFO: Signal rejected: R:R too low 0.23 < 1.8
07:06:24 core.signal_engine INFO: Signal rejected: R:R too low 1.14 < 1.8
07:06:25 core.sweep_detector INFO: SweepDetector: 5 raw sweeps → 4 confirmed
07:06:25 core.signal_engine INFO: Signal rejected: R:R too low 0.00 < 1.8
07:06:25 core.signal_engine INFO: Signal rejected: R:R too low 0.06 < 1.8
07:06:25 core.signal_engine INFO: Signal rejected: R:R too low 0.66 < 1.8
/root/.openclaw/workspace/projects/crypto-liquidity-hunter/main.py:363: DeprecationWarning: datetime.datetime.utcnow() is deprecated and scheduled for removal in a future version. Use timezone-aware objects to represent datetimes in UTC: datetime.datetime.now(datetime.UTC).
  entry_time=datetime.utcnow(),
07:06:37 core.sweep_detector INFO: SweepDetector: 6 raw sweeps → 3 confirmed
/root/.openclaw/workspace/projects/crypto-liquidity-hunter/main.py:363: DeprecationWarning: datetime.datetime.utcnow() is deprecated and scheduled for removal in a future version. Use timezone-aware objects to represent datetimes in UTC: datetime.datetime.now(datetime.UTC).
  entry_time=datetime.utcnow(),
07:06:59 core.signal_engine INFO: Signal rejected: R:R too low 0.44 < 1.8
07:07:00 core.sweep_detector INFO: SweepDetector: 0 raw sweeps → 0 confirmed
07:07:02 core.sweep_detector INFO: SweepDetector: 6 raw sweeps → 3 confirmed
07:07:02 core.signal_engine INFO: Signal rejected: R:R too low 0.04 < 1.8
07:07:02 core.signal_engine INFO: Signal rejected: R:R too low 0.07 < 1.8
07:07:02 core.signal_engine INFO: Signal rejected: R:R too low 0.10 < 1.8
07:07:03 core.sweep_detector INFO: SweepDetector: 9 raw sweeps → 4 confirmed
07:07:03 core.signal_engine INFO: Signal rejected: R:R too low 0.09 < 1.8
/root/.openclaw/workspace/projects/crypto-liquidity-hunter/main.py:363: DeprecationWarning: datetime.datetime.utcnow() is deprecated and scheduled for removal in a future version. Use timezone-aware objects to represent datetimes in UTC: datetime.datetime.now(datetime.UTC).
  entry_time=datetime.utcnow(),
07:07:14 core.signal_engine INFO: Signal rejected: R:R too low 0.25 < 1.8
07:07:16 core.sweep_detector INFO: SweepDetector: 6 raw sweeps → 4 confirmed
/root/.openclaw/workspace/projects/crypto-liquidity-hunter/main.py:363: DeprecationWarning: datetime.datetime.utcnow() is deprecated and scheduled for removal in a future version. Use timezone-aware objects to represent datetimes in UTC: datetime.datetime.now(datetime.UTC).
  entry_time=datetime.utcnow(),
07:07:31 core.signal_engine INFO: Signal rejected: R:R too low 0.48 < 1.8
07:07:43 core.sweep_detector INFO: SweepDetector: 1 raw sweeps → 1 confirmed
/root/.openclaw/workspace/projects/crypto-liquidity-hunter/main.py:363: DeprecationWarning: datetime.datetime.utcnow() is deprecated and scheduled for removal in a future version. Use timezone-aware objects to represent datetimes in UTC: datetime.datetime.now(datetime.UTC).
  entry_time=datetime.utcnow(),
07:07:55 core.sweep_detector INFO: SweepDetector: 0 raw sweeps → 0 confirmed
07:07:57 core.sweep_detector INFO: SweepDetector: 0 raw sweeps → 0 confirmed
07:07:59 core.sweep_detector INFO: SweepDetector: 0 raw sweeps → 0 confirmed
07:08:01 core.sweep_detector INFO: SweepDetector: 0 raw sweeps → 0 confirmed
07:08:02 core.sweep_detector INFO: SweepDetector: 0 raw sweeps → 0 confirmed
07:08:04 core.sweep_detector INFO: SweepDetector: 2 raw sweeps → 1 confirmed
07:08:04 core.signal_engine INFO: Signal rejected: R:R too low 1.61 < 1.8
07:08:05 core.sweep_detector INFO: SweepDetector: 9 raw sweeps → 8 confirmed
07:08:05 core.signal_engine INFO: Signal rejected: R:R too low 0.16 < 1.8
07:08:05 core.signal_engine INFO: Signal rejected: R:R too low 0.26 < 1.8
07:08:05 core.signal_engine INFO: Signal rejected: R:R too low 0.10 < 1.8
07:08:05 core.signal_engine INFO: Signal rejected: R:R too low 1.13 < 1.8
07:08:05 core.signal_engine INFO: Signal rejected: R:R too low 1.73 < 1.8
07:08:07 core.sweep_detector INFO: SweepDetector: 5 raw sweeps → 5 confirmed
/root/.openclaw/workspace/projects/crypto-liquidity-hunter/main.py:363: DeprecationWarning: datetime.datetime.utcnow() is deprecated and scheduled for removal in a future version. Use timezone-aware objects to represent datetimes in UTC: datetime.datetime.now(datetime.UTC).
  entry_time=datetime.utcnow(),
07:08:18 core.signal_engine INFO: Signal rejected: R:R too low 1.70 < 1.8
07:08:31 core.signal_engine INFO: Signal rejected: R:R too low 1.66 < 1.8
07:08:33 core.sweep_detector INFO: SweepDetector: 2 raw sweeps → 2 confirmed
07:08:33 core.signal_engine INFO: Signal rejected: R:R too low 1.29 < 1.8
07:08:33 core.signal_engine INFO: Signal rejected: R:R too low 0.16 < 1.8
07:08:35 core.sweep_detector INFO: SweepDetector: 4 raw sweeps → 2 confirmed
/root/.openclaw/workspace/projects/crypto-liquidity-hunter/main.py:363: DeprecationWarning: datetime.datetime.utcnow() is deprecated and scheduled for removal in a future version. Use timezone-aware objects to represent datetimes in UTC: datetime.datetime.now(datetime.UTC).
  entry_time=datetime.utcnow(),
07:08:46 core.signal_engine INFO: Signal rejected: R:R too low 0.63 < 1.8
07:08:48 core.sweep_detector INFO: SweepDetector: 4 raw sweeps → 2 confirmed
/root/.openclaw/workspace/projects/crypto-liquidity-hunter/main.py:363: DeprecationWarning: datetime.datetime.utcnow() is deprecated and scheduled for removal in a future version. Use timezone-aware objects to represent datetimes in UTC: datetime.datetime.now(datetime.UTC).
  entry_time=datetime.utcnow(),
07:09:01 core.sweep_detector INFO: SweepDetector: 5 raw sweeps → 4 confirmed
07:09:01 core.signal_engine INFO: Signal rejected: R:R too low 0.03 < 1.8
07:09:01 core.signal_engine INFO: Signal rejected: R:R too low 0.35 < 1.8
07:09:01 core.signal_engine INFO: Signal rejected: R:R too low 0.10 < 1.8
07:09:01 core.signal_engine INFO: Signal rejected: R:R too low 0.27 < 1.8
07:09:03 core.sweep_detector INFO: SweepDetector: 9 raw sweeps → 9 confirmed
07:09:03 core.signal_engine INFO: Signal rejected: R:R too low 0.10 < 1.8
07:09:03 core.signal_engine INFO: Signal rejected: R:R too low 0.06 < 1.8
07:09:03 core.signal_engine INFO: Signal rejected: R:R too low 0.03 < 1.8
/root/.openclaw/workspace/projects/crypto-liquidity-hunter/main.py:363: DeprecationWarning: datetime.datetime.utcnow() is deprecated and scheduled for removal in a future version. Use timezone-aware objects to represent datetimes in UTC: datetime.datetime.now(datetime.UTC).
  entry_time=datetime.utcnow(),
07:09:14 core.signal_engine INFO: Signal rejected: R:R too low 0.46 < 1.8
07:09:16 core.sweep_detector INFO: SweepDetector: 6 raw sweeps → 6 confirmed
07:09:16 core.signal_engine INFO: Signal rejected: R:R too low 0.76 < 1.8
07:09:16 core.signal_engine INFO: Signal rejected: R:R too low 1.15 < 1.8
07:09:16 core.signal_engine INFO: Signal rejected: R:R too low 0.96 < 1.8
07:09:16 core.signal_engine INFO: Signal rejected: R:R too low 0.16 < 1.8
/root/.openclaw/workspace/projects/crypto-liquidity-hunter/main.py:363: DeprecationWarning: datetime.datetime.utcnow() is deprecated and scheduled for removal in a future version. Use timezone-aware objects to represent datetimes in UTC: datetime.datetime.now(datetime.UTC).
  entry_time=datetime.utcnow(),
07:09:28 core.sweep_detector INFO: SweepDetector: 1 raw sweeps → 1 confirmed
07:09:28 core.signal_engine INFO: Signal rejected: R:R too low 1.02 < 1.8
07:09:30 core.sweep_detector INFO: SweepDetector: 2 raw sweeps → 2 confirmed
/root/.openclaw/workspace/projects/crypto-liquidity-hunter/main.py:363: DeprecationWarning: datetime.datetime.utcnow() is deprecated and scheduled for removal in a future version. Use timezone-aware objects to represent datetimes in UTC: datetime.datetime.now(datetime.UTC).
  entry_time=datetime.utcnow(),
07:09:40 core.signal_engine INFO: Signal rejected: R:R too low 0.01 < 1.8
07:09:42 core.sweep_detector INFO: SweepDetector: 3 raw sweeps → 1 confirmed
07:09:42 core.signal_engine INFO: Signal rejected: R:R too low 0.30 < 1.8
07:09:44 core.sweep_detector INFO: SweepDetector: 6 raw sweeps → 5 confirmed
/root/.openclaw/workspace/projects/crypto-liquidity-hunter/main.py:363: DeprecationWarning: datetime.datetime.utcnow() is deprecated and scheduled for removal in a future version. Use timezone-aware objects to represent datetimes in UTC: datetime.datetime.now(datetime.UTC).
  entry_time=datetime.utcnow(),
07:09:47 core.signal_engine INFO: Signal rejected: R:R too low 0.03 < 1.8
07:09:47 core.signal_engine INFO: Signal rejected: R:R too low 0.01 < 1.8
07:09:47 core.signal_engine INFO: Signal rejected: R:R too low 0.24 < 1.8
07:09:49 core.sweep_detector INFO: SweepDetector: 4 raw sweeps → 3 confirmed
/root/.openclaw/workspace/projects/crypto-liquidity-hunter/main.py:363: DeprecationWarning: datetime.datetime.utcnow() is deprecated and scheduled for removal in a future version. Use timezone-aware objects to represent datetimes in UTC: datetime.datetime.now(datetime.UTC).
  entry_time=datetime.utcnow(),
07:10:00 core.signal_engine INFO: Signal rejected: R:R too low 0.44 < 1.8
07:10:12 core.sweep_detector INFO: SweepDetector: 3 raw sweeps → 1 confirmed
/root/.openclaw/workspace/projects/crypto-liquidity-hunter/main.py:363: DeprecationWarning: datetime.datetime.utcnow() is deprecated and scheduled for removal in a future version. Use timezone-aware objects to represent datetimes in UTC: datetime.datetime.now(datetime.UTC).
  entry_time=datetime.utcnow(),
07:10:25 core.sweep_detector INFO: SweepDetector: 0 raw sweeps → 0 confirmed
07:10:26 core.sweep_detector INFO: SweepDetector: 1 raw sweeps → 1 confirmed
07:10:26 core.signal_engine INFO: Signal rejected: R:R too low 0.06 < 1.8
07:10:28 core.sweep_detector INFO: SweepDetector: 5 raw sweeps → 4 confirmed
/root/.openclaw/workspace/projects/crypto-liquidity-hunter/main.py:363: DeprecationWarning: datetime.datetime.utcnow() is deprecated and scheduled for removal in a future version. Use timezone-aware objects to represent datetimes in UTC: datetime.datetime.now(datetime.UTC).
  entry_time=datetime.utcnow(),
07:10:39 core.signal_engine INFO: Signal rejected: R:R too low 1.22 < 1.8
07:10:39 core.signal_engine INFO: Signal rejected: R:R too low 0.73 < 1.8
07:10:39 core.signal_engine INFO: Signal rejected: R:R too low 0.20 < 1.8
07:10:40 core.sweep_detector INFO: SweepDetector: 1 raw sweeps → 1 confirmed
07:10:40 core.signal_engine INFO: Signal rejected: R:R too low 0.00 < 1.8
07:10:42 core.sweep_detector INFO: SweepDetector: 5 raw sweeps → 4 confirmed
07:10:42 core.signal_engine INFO: Signal rejected: R:R too low 0.56 < 1.8
07:10:42 core.signal_engine INFO: Signal rejected: R:R too low 1.18 < 1.8
/root/.openclaw/workspace/projects/crypto-liquidity-hunter/main.py:363: DeprecationWarning: datetime.datetime.utcnow() is deprecated and scheduled for removal in a future version. Use timezone-aware objects to represent datetimes in UTC: datetime.datetime.now(datetime.UTC).
  entry_time=datetime.utcnow(),
07:11:05 core.sweep_detector INFO: SweepDetector: 2 raw sweeps → 1 confirmed
/root/.openclaw/workspace/projects/crypto-liquidity-hunter/main.py:363: DeprecationWarning: datetime.datetime.utcnow() is deprecated and scheduled for removal in a future version. Use timezone-aware objects to represent datetimes in UTC: datetime.datetime.now(datetime.UTC).
  entry_time=datetime.utcnow(),
07:11:17 core.sweep_detector INFO: SweepDetector: 5 raw sweeps → 5 confirmed
/root/.openclaw/workspace/projects/crypto-liquidity-hunter/main.py:363: DeprecationWarning: datetime.datetime.utcnow() is deprecated and scheduled for removal in a future version. Use timezone-aware objects to represent datetimes in UTC: datetime.datetime.now(datetime.UTC).
  entry_time=datetime.utcnow(),
07:11:18 core.signal_engine INFO: Signal rejected: R:R too low 0.21 < 1.8
07:11:18 core.signal_engine INFO: Signal rejected: R:R too low 0.26 < 1.8
07:11:18 core.signal_engine INFO: Signal rejected: R:R too low 1.09 < 1.8
07:11:18 core.signal_engine INFO: Signal rejected: R:R too low 0.08 < 1.8
07:11:20 core.sweep_detector INFO: SweepDetector: 4 raw sweeps → 2 confirmed
07:11:20 core.signal_engine INFO: Signal rejected: R:R too low 0.03 < 1.8
07:11:20 core.signal_engine INFO: Signal rejected: R:R too low 0.72 < 1.8
07:11:21 core.sweep_detector INFO: SweepDetector: 3 raw sweeps → 2 confirmed
/root/.openclaw/workspace/projects/crypto-liquidity-hunter/main.py:363: DeprecationWarning: datetime.datetime.utcnow() is deprecated and scheduled for removal in a future version. Use timezone-aware objects to represent datetimes in UTC: datetime.datetime.now(datetime.UTC).
  entry_time=datetime.utcnow(),
07:11:45 core.sweep_detector INFO: SweepDetector: 2 raw sweeps → 1 confirmed
07:11:45 core.signal_engine INFO: Signal rejected: R:R too low 0.23 < 1.8
07:11:47 core.sweep_detector INFO: SweepDetector: 3 raw sweeps → 3 confirmed
07:11:47 core.signal_engine INFO: Signal rejected: R:R too low 0.91 < 1.8
07:11:47 core.signal_engine INFO: Signal rejected: R:R too low 0.51 < 1.8
/root/.openclaw/workspace/projects/crypto-liquidity-hunter/main.py:363: DeprecationWarning: datetime.datetime.utcnow() is deprecated and scheduled for removal in a future version. Use timezone-aware objects to represent datetimes in UTC: datetime.datetime.now(datetime.UTC).
  entry_time=datetime.utcnow(),
07:12:00 core.sweep_detector INFO: SweepDetector: 4 raw sweeps → 4 confirmed
07:12:00 core.signal_engine INFO: Signal rejected: R:R too low 0.60 < 1.8
/root/.openclaw/workspace/projects/crypto-liquidity-hunter/main.py:363: DeprecationWarning: datetime.datetime.utcnow() is deprecated and scheduled for removal in a future version. Use timezone-aware objects to represent datetimes in UTC: datetime.datetime.now(datetime.UTC).
  entry_time=datetime.utcnow(),
07:12:10 core.signal_engine INFO: Signal rejected: R:R too low 1.55 < 1.8
07:12:10 core.signal_engine INFO: Signal rejected: R:R too low 0.11 < 1.8
07:12:12 core.sweep_detector INFO: SweepDetector: 2 raw sweeps → 1 confirmed
07:12:12 core.signal_engine INFO: Signal rejected: R:R too low 0.12 < 1.8
07:12:15 core.sweep_detector INFO: SweepDetector: 6 raw sweeps → 4 confirmed
/root/.openclaw/workspace/projects/crypto-liquidity-hunter/main.py:363: DeprecationWarning: datetime.datetime.utcnow() is deprecated and scheduled for removal in a future version. Use timezone-aware objects to represent datetimes in UTC: datetime.datetime.now(datetime.UTC).
  entry_time=datetime.utcnow(),
07:12:50 core.sweep_detector INFO: SweepDetector: 4 raw sweeps → 3 confirmed
/root/.openclaw/workspace/projects/crypto-liquidity-hunter/main.py:363: DeprecationWarning: datetime.datetime.utcnow() is deprecated and scheduled for removal in a future version. Use timezone-aware objects to represent datetimes in UTC: datetime.datetime.now(datetime.UTC).
  entry_time=datetime.utcnow(),
07:13:24 core.sweep_detector INFO: SweepDetector: 0 raw sweeps → 0 confirmed
07:13:25 core.sweep_detector INFO: SweepDetector: 3 raw sweeps → 2 confirmed
07:13:25 core.signal_engine INFO: Signal rejected: R:R too low 0.99 < 1.8
07:13:25 core.signal_engine INFO: Signal rejected: R:R too low 0.41 < 1.8
07:13:27 core.sweep_detector INFO: SweepDetector: 4 raw sweeps → 2 confirmed
07:13:27 core.signal_engine INFO: Signal rejected: R:R too low 0.15 < 1.8
07:13:27 core.signal_engine INFO: Signal rejected: R:R too low 1.23 < 1.8
07:13:28 core.sweep_detector INFO: SweepDetector: 1 raw sweeps → 1 confirmed
07:13:28 core.signal_engine INFO: Signal rejected: R:R too low 0.10 < 1.8
07:13:30 core.sweep_detector INFO: SweepDetector: 5 raw sweeps → 4 confirmed
07:13:30 core.signal_engine INFO: Signal rejected: R:R too low 0.33 < 1.8
07:13:30 core.signal_engine INFO: Signal rejected: R:R too low 0.36 < 1.8
07:13:30 core.signal_engine INFO: Signal rejected: R:R too low 0.18 < 1.8
/root/.openclaw/workspace/projects/crypto-liquidity-hunter/main.py:363: DeprecationWarning: datetime.datetime.utcnow() is deprecated and scheduled for removal in a future version. Use timezone-aware objects to represent datetimes in UTC: datetime.datetime.now(datetime.UTC).
  entry_time=datetime.utcnow(),
07:13:33 core.sweep_detector INFO: SweepDetector: 6 raw sweeps → 2 confirmed
07:13:33 core.signal_engine INFO: Signal rejected: R:R too low 1.31 < 1.8
/root/.openclaw/workspace/projects/crypto-liquidity-hunter/main.py:363: DeprecationWarning: datetime.datetime.utcnow() is deprecated and scheduled for removal in a future version. Use timezone-aware objects to represent datetimes in UTC: datetime.datetime.now(datetime.UTC).
  entry_time=datetime.utcnow(),
07:13:45 core.sweep_detector INFO: SweepDetector: 7 raw sweeps → 6 confirmed
07:13:45 core.signal_engine INFO: Signal rejected: R:R too low 0.60 < 1.8
/root/.openclaw/workspace/projects/crypto-liquidity-hunter/main.py:363: DeprecationWarning: datetime.datetime.utcnow() is deprecated and scheduled for removal in a future version. Use timezone-aware objects to represent datetimes in UTC: datetime.datetime.now(datetime.UTC).
  entry_time=datetime.utcnow(),
07:14:29 core.sweep_detector INFO: SweepDetector: 4 raw sweeps → 4 confirmed
/root/.openclaw/workspace/projects/crypto-liquidity-hunter/main.py:363: DeprecationWarning: datetime.datetime.utcnow() is deprecated and scheduled for removal in a future version. Use timezone-aware objects to represent datetimes in UTC: datetime.datetime.now(datetime.UTC).
  entry_time=datetime.utcnow(),
07:15:03 core.sweep_detector INFO: SweepDetector: 3 raw sweeps → 2 confirmed
/root/.openclaw/workspace/projects/crypto-liquidity-hunter/main.py:363: DeprecationWarning: datetime.datetime.utcnow() is deprecated and scheduled for removal in a future version. Use timezone-aware objects to represent datetimes in UTC: datetime.datetime.now(datetime.UTC).
  entry_time=datetime.utcnow(),
07:15:14 core.signal_engine INFO: Signal rejected: R:R too low 1.28 < 1.8
07:15:15 core.sweep_detector INFO: SweepDetector: 5 raw sweeps → 4 confirmed
/root/.openclaw/workspace/projects/crypto-liquidity-hunter/main.py:363: DeprecationWarning: datetime.datetime.utcnow() is deprecated and scheduled for removal in a future version. Use timezone-aware objects to represent datetimes in UTC: datetime.datetime.now(datetime.UTC).
  entry_time=datetime.utcnow(),
07:15:26 core.signal_engine INFO: Signal rejected: R:R too low 0.30 < 1.8
07:15:26 core.signal_engine INFO: Signal rejected: R:R too low 0.06 < 1.8
07:15:26 core.signal_engine INFO: Signal rejected: R:R too low 0.02 < 1.8
07:15:28 core.sweep_detector INFO: SweepDetector: 3 raw sweeps → 3 confirmed
07:15:28 core.signal_engine INFO: Signal rejected: R:R too low 0.05 < 1.8
07:15:28 core.signal_engine INFO: Signal rejected: R:R too low 0.36 < 1.8
07:15:28 core.signal_engine INFO: Signal rejected: R:R too low 0.87 < 1.8
07:15:29 core.sweep_detector INFO: SweepDetector: 9 raw sweeps → 8 confirmed
/root/.openclaw/workspace/projects/crypto-liquidity-hunter/main.py:363: DeprecationWarning: datetime.datetime.utcnow() is deprecated and scheduled for removal in a future version. Use timezone-aware objects to represent datetimes in UTC: datetime.datetime.now(datetime.UTC).
  entry_time=datetime.utcnow(),
07:16:02 core.signal_engine INFO: Signal rejected: R:R too low 0.70 < 1.8
07:16:03 core.sweep_detector INFO: SweepDetector: 2 raw sweeps → 2 confirmed
/root/.openclaw/workspace/projects/crypto-liquidity-hunter/main.py:363: DeprecationWarning: datetime.datetime.utcnow() is deprecated and scheduled for removal in a future version. Use timezone-aware objects to represent datetimes in UTC: datetime.datetime.now(datetime.UTC).
  entry_time=datetime.utcnow(),
07:16:14 core.signal_engine INFO: Signal rejected: R:R too low 0.43 < 1.8
07:16:16 core.sweep_detector INFO: SweepDetector: 5 raw sweeps → 4 confirmed
07:16:16 core.signal_engine INFO: Signal rejected: R:R too low 0.33 < 1.8
07:16:16 core.signal_engine INFO: Signal rejected: R:R too low 0.01 < 1.8
07:16:16 core.signal_engine INFO: Signal rejected: R:R too low 0.72 < 1.8
/root/.openclaw/workspace/projects/crypto-liquidity-hunter/main.py:363: DeprecationWarning: datetime.datetime.utcnow() is deprecated and scheduled for removal in a future version. Use timezone-aware objects to represent datetimes in UTC: datetime.datetime.now(datetime.UTC).
  entry_time=datetime.utcnow(),
07:16:28 core.sweep_detector INFO: SweepDetector: 2 raw sweeps → 2 confirmed
/root/.openclaw/workspace/projects/crypto-liquidity-hunter/main.py:363: DeprecationWarning: datetime.datetime.utcnow() is deprecated and scheduled for removal in a future version. Use timezone-aware objects to represent datetimes in UTC: datetime.datetime.now(datetime.UTC).
  entry_time=datetime.utcnow(),
07:16:41 core.sweep_detector INFO: SweepDetector: 1 raw sweeps → 0 confirmed
07:16:43 core.sweep_detector INFO: SweepDetector: 5 raw sweeps → 3 confirmed
07:16:43 core.signal_engine INFO: Signal rejected: R:R too low 0.03 < 1.8
/root/.openclaw/workspace/projects/crypto-liquidity-hunter/main.py:363: DeprecationWarning: datetime.datetime.utcnow() is deprecated and scheduled for removal in a future version. Use timezone-aware objects to represent datetimes in UTC: datetime.datetime.now(datetime.UTC).
  entry_time=datetime.utcnow(),
07:16:54 core.signal_engine INFO: Signal rejected: R:R too low 0.29 < 1.8
07:16:55 core.sweep_detector INFO: SweepDetector: 3 raw sweeps → 2 confirmed
/root/.openclaw/workspace/projects/crypto-liquidity-hunter/main.py:363: DeprecationWarning: datetime.datetime.utcnow() is deprecated and scheduled for removal in a future version. Use timezone-aware objects to represent datetimes in UTC: datetime.datetime.now(datetime.UTC).
  entry_time=datetime.utcnow(),
07:17:06 core.signal_engine INFO: Signal rejected: R:R too low 1.64 < 1.8
07:17:07 core.sweep_detector INFO: SweepDetector: 1 raw sweeps → 1 confirmed
/root/.openclaw/workspace/projects/crypto-liquidity-hunter/main.py:363: DeprecationWarning: datetime.datetime.utcnow() is deprecated and scheduled for removal in a future version. Use timezone-aware objects to represent datetimes in UTC: datetime.datetime.now(datetime.UTC).
  entry_time=datetime.utcnow(),
07:17:11 core.sweep_detector INFO: SweepDetector: 3 raw sweeps → 1 confirmed
07:17:11 core.signal_engine INFO: Signal rejected: R:R too low 1.12 < 1.8
07:17:12 core.sweep_detector INFO: SweepDetector: 3 raw sweeps → 2 confirmed
/root/.openclaw/workspace/projects/crypto-liquidity-hunter/main.py:363: DeprecationWarning: datetime.datetime.utcnow() is deprecated and scheduled for removal in a future version. Use timezone-aware objects to represent datetimes in UTC: datetime.datetime.now(datetime.UTC).
  entry_time=datetime.utcnow(),
07:17:35 core.sweep_detector INFO: SweepDetector: 0 raw sweeps → 0 confirmed
07:17:37 core.sweep_detector INFO: SweepDetector: 0 raw sweeps → 0 confirmed
07:17:39 core.sweep_detector INFO: SweepDetector: 0 raw sweeps → 0 confirmed
07:17:42 core.sweep_detector INFO: SweepDetector: 1 raw sweeps → 1 confirmed
07:17:42 core.signal_engine INFO: Signal rejected: R:R too low 0.16 < 1.8
07:17:44 core.sweep_detector INFO: SweepDetector: 5 raw sweeps → 4 confirmed
07:17:44 core.signal_engine INFO: Signal rejected: R:R too low 0.39 < 1.8
07:17:44 core.signal_engine INFO: Signal rejected: R:R too low 0.85 < 1.8
07:17:44 core.signal_engine INFO: Signal rejected: R:R too low 0.52 < 1.8
07:17:44 core.signal_engine INFO: Signal rejected: R:R too low 0.87 < 1.8
07:17:46 core.sweep_detector INFO: SweepDetector: 4 raw sweeps → 4 confirmed
07:17:46 core.signal_engine INFO: Signal rejected: R:R too low 0.29 < 1.8
07:17:46 core.signal_engine INFO: Signal rejected: R:R too low 0.66 < 1.8
07:17:46 core.signal_engine INFO: Signal rejected: R:R too low 0.08 < 1.8
07:17:46 core.signal_engine INFO: Signal rejected: R:R too low 0.72 < 1.8
07:17:48 core.sweep_detector INFO: SweepDetector: 3 raw sweeps → 3 confirmed
07:17:48 core.signal_engine INFO: Signal rejected: R:R too low 0.18 < 1.8
07:17:48 core.signal_engine INFO: Signal rejected: R:R too low 0.28 < 1.8
07:17:48 core.signal_engine INFO: Signal rejected: R:R too low 0.04 < 1.8
07:17:50 core.sweep_detector INFO: SweepDetector: 2 raw sweeps → 0 confirmed
07:17:52 core.sweep_detector INFO: SweepDetector: 5 raw sweeps → 5 confirmed
07:17:52 core.signal_engine INFO: Signal rejected: R:R too low 0.15 < 1.8
07:17:52 core.signal_engine INFO: Signal rejected: R:R too low 0.08 < 1.8
07:17:52 core.signal_engine INFO: Signal rejected: R:R too low 0.07 < 1.8
07:17:52 core.signal_engine INFO: Signal rejected: R:R too low 0.49 < 1.8
07:17:52 core.signal_engine INFO: Signal rejected: R:R too low 0.14 < 1.8
07:17:54 core.sweep_detector INFO: SweepDetector: 4 raw sweeps → 3 confirmed
07:17:54 core.signal_engine INFO: Signal rejected: R:R too low 0.48 < 1.8
07:17:54 core.signal_engine INFO: Signal rejected: R:R too low 0.12 < 1.8
07:17:54 core.signal_engine INFO: Signal rejected: R:R too low 0.41 < 1.8
07:17:56 core.sweep_detector INFO: SweepDetector: 3 raw sweeps → 2 confirmed
07:17:56 core.signal_engine INFO: Signal rejected: R:R too low 0.02 < 1.8
/root/.openclaw/workspace/projects/crypto-liquidity-hunter/main.py:363: DeprecationWarning: datetime.datetime.utcnow() is deprecated and scheduled for removal in a future version. Use timezone-aware objects to represent datetimes in UTC: datetime.datetime.now(datetime.UTC).
  entry_time=datetime.utcnow(),
07:18:08 core.sweep_detector INFO: SweepDetector: 3 raw sweeps → 3 confirmed
07:18:08 core.signal_engine INFO: Signal rejected: R:R too low 0.23 < 1.8
07:18:08 core.signal_engine INFO: Signal rejected: R:R too low 0.85 < 1.8
/root/.openclaw/workspace/projects/crypto-liquidity-hunter/main.py:363: DeprecationWarning: datetime.datetime.utcnow() is deprecated and scheduled for removal in a future version. Use timezone-aware objects to represent datetimes in UTC: datetime.datetime.now(datetime.UTC).
  entry_time=datetime.utcnow(),
07:18:21 core.sweep_detector INFO: SweepDetector: 5 raw sweeps → 5 confirmed
/root/.openclaw/workspace/projects/crypto-liquidity-hunter/main.py:363: DeprecationWarning: datetime.datetime.utcnow() is deprecated and scheduled for removal in a future version. Use timezone-aware objects to represent datetimes in UTC: datetime.datetime.now(datetime.UTC).
  entry_time=datetime.utcnow(),
07:18:32 core.signal_engine INFO: Signal rejected: R:R too low 0.06 < 1.8
07:18:32 core.signal_engine INFO: Signal rejected: R:R too low 0.42 < 1.8
07:18:32 core.signal_engine INFO: Signal rejected: R:R too low 0.16 < 1.8
07:18:32 core.signal_engine INFO: Signal rejected: R:R too low 0.13 < 1.8
07:18:33 core.sweep_detector INFO: SweepDetector: 2 raw sweeps → 1 confirmed
07:18:33 core.signal_engine INFO: Signal rejected: R:R too low 0.01 < 1.8
07:18:35 core.sweep_detector INFO: SweepDetector: 3 raw sweeps → 2 confirmed
07:18:35 core.signal_engine INFO: Signal rejected: R:R too low 0.14 < 1.8
07:18:35 core.signal_engine INFO: Signal rejected: R:R too low 0.17 < 1.8
07:18:36 core.sweep_detector INFO: SweepDetector: 7 raw sweeps → 4 confirmed
07:18:36 core.signal_engine INFO: Signal rejected: R:R too low 0.06 < 1.8
/root/.openclaw/workspace/projects/crypto-liquidity-hunter/main.py:363: DeprecationWarning: datetime.datetime.utcnow() is deprecated and scheduled for removal in a future version. Use timezone-aware objects to represent datetimes in UTC: datetime.datetime.now(datetime.UTC).
  entry_time=datetime.utcnow(),
07:18:47 core.signal_engine INFO: Signal rejected: R:R too low 0.36 < 1.8
07:18:47 core.signal_engine INFO: Signal rejected: R:R too low 0.92 < 1.8
07:18:48 core.sweep_detector INFO: SweepDetector: 6 raw sweeps → 5 confirmed
07:18:48 core.signal_engine INFO: Signal rejected: R:R too low 0.28 < 1.8
07:18:48 core.signal_engine INFO: Signal rejected: R:R too low 1.05 < 1.8
/root/.openclaw/workspace/projects/crypto-liquidity-hunter/main.py:363: DeprecationWarning: datetime.datetime.utcnow() is deprecated and scheduled for removal in a future version. Use timezone-aware objects to represent datetimes in UTC: datetime.datetime.now(datetime.UTC).
  entry_time=datetime.utcnow(),
07:18:49 core.signal_engine INFO: Signal rejected: R:R too low 0.97 < 1.8
07:18:49 core.signal_engine INFO: Signal rejected: R:R too low 0.68 < 1.8
07:18:50 core.sweep_detector INFO: SweepDetector: 5 raw sweeps → 3 confirmed
07:18:50 core.signal_engine INFO: Signal rejected: R:R too low 0.63 < 1.8
/root/.openclaw/workspace/projects/crypto-liquidity-hunter/main.py:363: DeprecationWarning: datetime.datetime.utcnow() is deprecated and scheduled for removal in a future version. Use timezone-aware objects to represent datetimes in UTC: datetime.datetime.now(datetime.UTC).
  entry_time=datetime.utcnow(),
07:19:13 core.sweep_detector INFO: SweepDetector: 10 raw sweeps → 7 confirmed
07:19:13 core.signal_engine INFO: Signal rejected: R:R too low 0.02 < 1.8
07:19:13 core.signal_engine INFO: Signal rejected: R:R too low 0.05 < 1.8
07:19:13 core.signal_engine INFO: Signal rejected: R:R too low 0.05 < 1.8
07:19:13 core.signal_engine INFO: Signal rejected: R:R too low 0.10 < 1.8
07:19:13 core.signal_engine INFO: Signal rejected: R:R too low 0.15 < 1.8
07:19:15 core.sweep_detector INFO: SweepDetector: 7 raw sweeps → 2 confirmed
07:19:15 core.signal_engine INFO: Signal rejected: R:R too low 0.29 < 1.8
07:19:15 core.signal_engine INFO: Signal rejected: R:R too low 0.98 < 1.8
07:19:16 core.sweep_detector INFO: SweepDetector: 4 raw sweeps → 2 confirmed
07:19:16 core.signal_engine INFO: Signal rejected: R:R too low 0.37 < 1.8
07:19:16 core.signal_engine INFO: Signal rejected: R:R too low 0.24 < 1.8
07:19:18 core.sweep_detector INFO: SweepDetector: 3 raw sweeps → 2 confirmed
/root/.openclaw/workspace/projects/crypto-liquidity-hunter/main.py:363: DeprecationWarning: datetime.datetime.utcnow() is deprecated and scheduled for removal in a future version. Use timezone-aware objects to represent datetimes in UTC: datetime.datetime.now(datetime.UTC).
  entry_time=datetime.utcnow(),
07:19:18 core.signal_engine INFO: Signal rejected: R:R too low 0.37 < 1.8
07:19:20 core.sweep_detector INFO: SweepDetector: 4 raw sweeps → 4 confirmed
07:19:20 core.signal_engine INFO: Signal rejected: R:R too low 0.25 < 1.8
07:19:20 core.signal_engine INFO: Signal rejected: R:R too low 1.09 < 1.8
07:19:20 core.signal_engine INFO: Signal rejected: R:R too low 0.60 < 1.8
07:19:20 core.signal_engine INFO: Signal rejected: R:R too low 0.20 < 1.8
07:19:21 core.sweep_detector INFO: SweepDetector: 5 raw sweeps → 4 confirmed
/root/.openclaw/workspace/projects/crypto-liquidity-hunter/main.py:363: DeprecationWarning: datetime.datetime.utcnow() is deprecated and scheduled for removal in a future version. Use timezone-aware objects to represent datetimes in UTC: datetime.datetime.now(datetime.UTC).
  entry_time=datetime.utcnow(),
07:19:22 core.signal_engine INFO: Signal rejected: R:R too low 0.83 < 1.8
07:19:23 core.signal_engine INFO: Signal rejected: R:R too low 0.92 < 1.8
07:19:24 core.sweep_detector INFO: SweepDetector: 9 raw sweeps → 8 confirmed
07:19:24 core.signal_engine INFO: Signal rejected: R:R too low 0.01 < 1.8
07:19:24 core.signal_engine INFO: Signal rejected: R:R too low 0.00 < 1.8
07:19:24 core.signal_engine INFO: Signal rejected: R:R too low 0.04 < 1.8
07:19:24 core.signal_engine INFO: Signal rejected: R:R too low 0.70 < 1.8
07:19:24 core.signal_engine INFO: Signal rejected: R:R too low 0.25 < 1.8
07:19:26 core.sweep_detector INFO: SweepDetector: 5 raw sweeps → 3 confirmed
07:19:26 core.signal_engine INFO: Signal rejected: R:R too low 0.83 < 1.8
07:19:26 core.signal_engine INFO: Signal rejected: R:R too low 0.64 < 1.8
07:19:26 core.signal_engine INFO: Signal rejected: R:R too low 0.02 < 1.8
07:19:27 core.sweep_detector INFO: SweepDetector: 5 raw sweeps → 4 confirmed
07:19:27 core.signal_engine INFO: Signal rejected: R:R too low 0.52 < 1.8
07:19:27 core.signal_engine INFO: Signal rejected: R:R too low 1.05 < 1.8
07:19:27 core.signal_engine INFO: Signal rejected: R:R too low 1.17 < 1.8
/root/.openclaw/workspace/projects/crypto-liquidity-hunter/main.py:363: DeprecationWarning: datetime.datetime.utcnow() is deprecated and scheduled for removal in a future version. Use timezone-aware objects to represent datetimes in UTC: datetime.datetime.now(datetime.UTC).
  entry_time=datetime.utcnow(),
07:19:40 core.sweep_detector INFO: SweepDetector: 1 raw sweeps → 0 confirmed
07:19:41 core.sweep_detector INFO: SweepDetector: 6 raw sweeps → 4 confirmed
/root/.openclaw/workspace/projects/crypto-liquidity-hunter/main.py:363: DeprecationWarning: datetime.datetime.utcnow() is deprecated and scheduled for removal in a future version. Use timezone-aware objects to represent datetimes in UTC: datetime.datetime.now(datetime.UTC).
  entry_time=datetime.utcnow(),
07:20:03 core.signal_engine INFO: Signal rejected: R:R too low 0.03 < 1.8
07:20:03 core.signal_engine INFO: Signal rejected: R:R too low 0.26 < 1.8
07:20:05 core.sweep_detector INFO: SweepDetector: 5 raw sweeps → 4 confirmed
07:20:05 core.signal_engine INFO: Signal rejected: R:R too low 0.48 < 1.8
07:20:05 core.signal_engine INFO: Signal rejected: R:R too low 1.52 < 1.8
/root/.openclaw/workspace/projects/crypto-liquidity-hunter/main.py:363: DeprecationWarning: datetime.datetime.utcnow() is deprecated and scheduled for removal in a future version. Use timezone-aware objects to represent datetimes in UTC: datetime.datetime.now(datetime.UTC).
  entry_time=datetime.utcnow(),
07:20:18 core.sweep_detector INFO: SweepDetector: 4 raw sweeps → 2 confirmed
07:20:18 core.signal_engine INFO: Signal rejected: R:R too low 0.18 < 1.8
07:20:18 core.signal_engine INFO: Signal rejected: R:R too low 0.38 < 1.8
07:20:20 core.sweep_detector INFO: SweepDetector: 5 raw sweeps → 4 confirmed
07:20:20 core.signal_engine INFO: Signal rejected: R:R too low 0.82 < 1.8
/root/.openclaw/workspace/projects/crypto-liquidity-hunter/main.py:363: DeprecationWarning: datetime.datetime.utcnow() is deprecated and scheduled for removal in a future version. Use timezone-aware objects to represent datetimes in UTC: datetime.datetime.now(datetime.UTC).
  entry_time=datetime.utcnow(),
07:20:44 core.sweep_detector INFO: SweepDetector: 0 raw sweeps → 0 confirmed
07:20:46 core.sweep_detector INFO: SweepDetector: 1 raw sweeps → 1 confirmed
07:20:46 core.signal_engine INFO: Signal rejected: R:R too low 0.20 < 1.8
07:20:48 core.sweep_detector INFO: SweepDetector: 10 raw sweeps → 6 confirmed
07:20:48 core.signal_engine INFO: Signal rejected: R:R too low 0.12 < 1.8
07:20:48 core.signal_engine INFO: Signal rejected: R:R too low 0.04 < 1.8
/root/.openclaw/workspace/projects/crypto-liquidity-hunter/main.py:363: DeprecationWarning: datetime.datetime.utcnow() is deprecated and scheduled for removal in a future version. Use timezone-aware objects to represent datetimes in UTC: datetime.datetime.now(datetime.UTC).
  entry_time=datetime.utcnow(),
07:20:48 core.signal_engine INFO: Signal rejected: R:R too low 0.78 < 1.8
07:20:48 core.signal_engine INFO: Signal rejected: R:R too low 0.09 < 1.8
07:20:50 core.sweep_detector INFO: SweepDetector: 5 raw sweeps → 3 confirmed
07:20:50 core.signal_engine INFO: Signal rejected: R:R too low 0.68 < 1.8
07:20:50 core.signal_engine INFO: Signal rejected: R:R too low 0.83 < 1.8
07:20:50 core.signal_engine INFO: Signal rejected: R:R too low 0.20 < 1.8
07:20:52 core.sweep_detector INFO: SweepDetector: 0 raw sweeps → 0 confirmed
07:20:53 core.sweep_detector INFO: SweepDetector: 0 raw sweeps → 0 confirmed
07:20:55 core.sweep_detector INFO: SweepDetector: 0 raw sweeps → 0 confirmed
07:20:56 core.sweep_detector INFO: SweepDetector: 1 raw sweeps → 1 confirmed
07:20:56 core.signal_engine INFO: Signal rejected: R:R too low 1.77 < 1.8
07:20:58 core.sweep_detector INFO: SweepDetector: 0 raw sweeps → 0 confirmed
07:20:59 core.sweep_detector INFO: SweepDetector: 0 raw sweeps → 0 confirmed
07:21:01 core.sweep_detector INFO: SweepDetector: 0 raw sweeps → 0 confirmed
07:21:03 core.sweep_detector INFO: SweepDetector: 0 raw sweeps → 0 confirmed
07:21:05 core.sweep_detector INFO: SweepDetector: 0 raw sweeps → 0 confirmed
07:21:06 core.sweep_detector INFO: SweepDetector: 0 raw sweeps → 0 confirmed
07:21:08 core.sweep_detector INFO: SweepDetector: 0 raw sweeps → 0 confirmed
07:21:09 core.sweep_detector INFO: SweepDetector: 0 raw sweeps → 0 confirmed
07:21:11 core.sweep_detector INFO: SweepDetector: 5 raw sweeps → 5 confirmed
/root/.openclaw/workspace/projects/crypto-liquidity-hunter/main.py:363: DeprecationWarning: datetime.datetime.utcnow() is deprecated and scheduled for removal in a future version. Use timezone-aware objects to represent datetimes in UTC: datetime.datetime.now(datetime.UTC).
  entry_time=datetime.utcnow(),
07:21:32 core.signal_engine INFO: Signal rejected: R:R too low 0.55 < 1.8
07:21:32 core.signal_engine INFO: Signal rejected: R:R too low 0.97 < 1.8
07:21:45 core.sweep_detector INFO: SweepDetector: 3 raw sweeps → 2 confirmed
/root/.openclaw/workspace/projects/crypto-liquidity-hunter/main.py:363: DeprecationWarning: datetime.datetime.utcnow() is deprecated and scheduled for removal in a future version. Use timezone-aware objects to represent datetimes in UTC: datetime.datetime.now(datetime.UTC).
  entry_time=datetime.utcnow(),
07:21:58 core.sweep_detector INFO: SweepDetector: 4 raw sweeps → 4 confirmed
/root/.openclaw/workspace/projects/crypto-liquidity-hunter/main.py:363: DeprecationWarning: datetime.datetime.utcnow() is deprecated and scheduled for removal in a future version. Use timezone-aware objects to represent datetimes in UTC: datetime.datetime.now(datetime.UTC).
  entry_time=datetime.utcnow(),
07:22:46 core.sweep_detector INFO: SweepDetector: 4 raw sweeps → 2 confirmed
07:22:46 core.signal_engine INFO: Signal rejected: R:R too low 0.24 < 1.8
07:22:46 core.signal_engine INFO: Signal rejected: R:R too low 0.28 < 1.8
07:22:57 core.data_fetcher ERROR: Fetch OHLCV failed: binance GET https://dapi.binance.com/dapi/v1/exchangeInfo
07:22:57 __main__ ERROR: Error scanning binance:WLD/USDT 1h: binance GET https://dapi.binance.com/dapi/v1/exchangeInfo
07:23:05 core.sweep_detector INFO: SweepDetector: 4 raw sweeps → 3 confirmed
07:23:05 core.signal_engine INFO: Signal rejected: R:R too low 1.38 < 1.8
07:23:05 core.signal_engine INFO: Signal rejected: R:R too low 0.82 < 1.8
07:23:05 core.signal_engine INFO: Signal rejected: R:R too low 0.08 < 1.8
07:23:11 core.sweep_detector INFO: SweepDetector: 8 raw sweeps → 5 confirmed
07:23:11 core.signal_engine INFO: Signal rejected: R:R too low 0.10 < 1.8
07:23:11 core.signal_engine INFO: Signal rejected: R:R too low 0.02 < 1.8
07:23:11 core.signal_engine INFO: Signal rejected: R:R too low 0.68 < 1.8
07:23:11 core.signal_engine INFO: Signal rejected: R:R too low 0.09 < 1.8
07:23:11 core.signal_engine INFO: Signal rejected: R:R too low 1.08 < 1.8
07:23:27 core.sweep_detector INFO: SweepDetector: 6 raw sweeps → 5 confirmed
/root/.openclaw/workspace/projects/crypto-liquidity-hunter/main.py:363: DeprecationWarning: datetime.datetime.utcnow() is deprecated and scheduled for removal in a future version. Use timezone-aware objects to represent datetimes in UTC: datetime.datetime.now(datetime.UTC).
  entry_time=datetime.utcnow(),
07:24:00 core.signal_engine INFO: Signal rejected: R:R too low 0.08 < 1.8
07:24:02 core.sweep_detector INFO: SweepDetector: 4 raw sweeps → 2 confirmed
07:24:02 core.signal_engine INFO: Signal rejected: R:R too low 0.38 < 1.8
07:24:02 core.signal_engine INFO: Signal rejected: R:R too low 0.33 < 1.8
07:24:03 core.sweep_detector INFO: SweepDetector: 4 raw sweeps → 3 confirmed
07:24:03 core.signal_engine INFO: Signal rejected: R:R too low 1.58 < 1.8
07:24:03 core.signal_engine INFO: Signal rejected: R:R too low 0.02 < 1.8
07:24:03 core.signal_engine INFO: Signal rejected: R:R too low 0.74 < 1.8
07:24:05 core.sweep_detector INFO: SweepDetector: 1 raw sweeps → 1 confirmed
/root/.openclaw/workspace/projects/crypto-liquidity-hunter/main.py:363: DeprecationWarning: datetime.datetime.utcnow() is deprecated and scheduled for removal in a future version. Use timezone-aware objects to represent datetimes in UTC: datetime.datetime.now(datetime.UTC).
  entry_time=datetime.utcnow(),
07:24:17 core.sweep_detector INFO: SweepDetector: 1 raw sweeps → 0 confirmed
07:24:19 core.sweep_detector INFO: SweepDetector: 8 raw sweeps → 4 confirmed
/root/.openclaw/workspace/projects/crypto-liquidity-hunter/main.py:363: DeprecationWarning: datetime.datetime.utcnow() is deprecated and scheduled for removal in a future version. Use timezone-aware objects to represent datetimes in UTC: datetime.datetime.now(datetime.UTC).
  entry_time=datetime.utcnow(),
07:24:40 core.signal_engine INFO: Signal rejected: R:R too low 0.33 < 1.8
07:24:40 core.signal_engine INFO: Signal rejected: R:R too low 0.01 < 1.8
07:24:42 core.sweep_detector INFO: SweepDetector: 2 raw sweeps → 2 confirmed
/root/.openclaw/workspace/projects/crypto-liquidity-hunter/main.py:363: DeprecationWarning: datetime.datetime.utcnow() is deprecated and scheduled for removal in a future version. Use timezone-aware objects to represent datetimes in UTC: datetime.datetime.now(datetime.UTC).
  entry_time=datetime.utcnow(),
07:24:52 core.signal_engine INFO: Signal rejected: R:R too low 1.51 < 1.8
07:24:54 core.sweep_detector INFO: SweepDetector: 5 raw sweeps → 4 confirmed
07:24:54 core.signal_engine INFO: Signal rejected: R:R too low 0.36 < 1.8
/root/.openclaw/workspace/projects/crypto-liquidity-hunter/main.py:363: DeprecationWarning: datetime.datetime.utcnow() is deprecated and scheduled for removal in a future version. Use timezone-aware objects to represent datetimes in UTC: datetime.datetime.now(datetime.UTC).
  entry_time=datetime.utcnow(),
07:25:15 core.signal_engine INFO: Signal rejected: R:R too low 0.59 < 1.8
07:25:17 core.sweep_detector INFO: SweepDetector: 3 raw sweeps → 3 confirmed
/root/.openclaw/workspace/projects/crypto-liquidity-hunter/main.py:363: DeprecationWarning: datetime.datetime.utcnow() is deprecated and scheduled for removal in a future version. Use timezone-aware objects to represent datetimes in UTC: datetime.datetime.now(datetime.UTC).
  entry_time=datetime.utcnow(),
07:25:28 core.signal_engine INFO: Signal rejected: R:R too low 0.03 < 1.8
07:25:28 core.signal_engine INFO: Signal rejected: R:R too low 0.08 < 1.8
07:25:30 core.sweep_detector INFO: SweepDetector: 6 raw sweeps → 3 confirmed
07:25:30 core.signal_engine INFO: Signal rejected: R:R too low 0.04 < 1.8
07:25:30 core.signal_engine INFO: Signal rejected: R:R too low 0.30 < 1.8
/root/.openclaw/workspace/projects/crypto-liquidity-hunter/main.py:363: DeprecationWarning: datetime.datetime.utcnow() is deprecated and scheduled for removal in a future version. Use timezone-aware objects to represent datetimes in UTC: datetime.datetime.now(datetime.UTC).
  entry_time=datetime.utcnow(),
07:25:42 core.sweep_detector INFO: SweepDetector: 7 raw sweeps → 7 confirmed
/root/.openclaw/workspace/projects/crypto-liquidity-hunter/main.py:363: DeprecationWarning: datetime.datetime.utcnow() is deprecated and scheduled for removal in a future version. Use timezone-aware objects to represent datetimes in UTC: datetime.datetime.now(datetime.UTC).
  entry_time=datetime.utcnow(),
07:26:03 core.signal_engine INFO: Signal rejected: R:R too low 0.36 < 1.8
07:26:03 core.signal_engine INFO: Signal rejected: R:R too low 0.71 < 1.8
07:26:14 __main__ INFO: Checking 303 open trades for exit conditions
/root/.openclaw/workspace/projects/crypto-liquidity-hunter/main.py:453: DeprecationWarning: datetime.datetime.utcnow() is deprecated and scheduled for removal in a future version. Use timezone-aware objects to represent datetimes in UTC: datetime.datetime.now(datetime.UTC).
  store.close_trade(trade['id'], exit_price, datetime.utcnow(), status, pnl_usd)
07:26:14 __main__ INFO: Closed trade 753 binance:ZEC/USDT target_hit P&L=$1.37
07:26:14 __main__ INFO: Closed trade 751 binance:ZEC/USDT stop_loss P&L=$-6.36
07:26:14 __main__ INFO: Closed trade 749 binance:ZEC/USDT target_hit P&L=$12.92
07:26:14 __main__ INFO: Closed trade 748 binance:XRP/USDT stop_loss P&L=$-1.05
07:26:14 __main__ INFO: Closed trade 747 binance:XRP/USDT stop_loss P&L=$-2.67
07:26:14 __main__ INFO: Closed trade 746 binance:XRP/USDT target_hit P&L=$3.65
07:26:14 __main__ INFO: Closed trade 743 binance:XLM/USDT stop_loss P&L=$-2.97
07:26:14 __main__ INFO: Closed trade 742 binance:WLFI/USDT target_hit P&L=$8.68
07:26:14 __main__ INFO: Closed trade 741 binance:WLFI/USDT stop_loss P&L=$-4.54
07:26:14 __main__ INFO: Closed trade 740 binance:WLFI/USDT stop_loss P&L=$-6.35
07:26:14 __main__ INFO: Closed trade 739 binance:WLFI/USDT target_hit P&L=$6.40
07:26:14 __main__ INFO: Closed trade 738 binance:WIF/USDT target_hit P&L=$1.70
07:26:14 __main__ INFO: Closed trade 737 binance:WIF/USDT target_hit P&L=$1.47
07:26:14 __main__ INFO: Closed trade 735 binance:WIF/USDT stop_loss P&L=$-1.89
07:26:14 __main__ INFO: Closed trade 731 binance:WIF/USDT target_hit P&L=$21.03
07:26:14 __main__ INFO: Closed trade 730 binance:WIF/USDT stop_loss P&L=$-11.42
07:26:14 __main__ INFO: Closed trade 729 binance:TURBO/USDT target_hit P&L=$9.31
07:26:14 __main__ INFO: Closed trade 726 binance:TRX/USDT stop_loss P&L=$-4.84
07:26:14 __main__ INFO: Closed trade 723 binance:TRUMP/USDT stop_loss P&L=$-12.77
07:26:14 __main__ INFO: Closed trade 722 binance:TRUMP/USDT target_hit P&L=$12.29
07:26:14 __main__ INFO: Closed trade 721 binance:TAO/USDT target_hit P&L=$2.15
07:26:14 __main__ INFO: Closed trade 720 binance:SUI/USDT target_hit P&L=$7.02
07:26:14 __main__ INFO: Closed trade 719 binance:SUI/USDT stop_loss P&L=$-6.79
07:26:14 __main__ INFO: Closed trade 715 binance:SOL/USDT target_hit P&L=$7.60
07:26:14 __main__ INFO: Closed trade 714 binance:SOL/USDT target_hit P&L=$5.72
07:26:14 __main__ INFO: Closed trade 713 binance:SKY/USDT target_hit P&L=$22.36
07:26:14 __main__ INFO: Closed trade 711 binance:SIGN/USDT target_hit P&L=$33.89
07:26:14 __main__ INFO: Closed trade 710 binance:PYTH/USDT stop_loss P&L=$-5.04
07:26:14 __main__ INFO: Closed trade 709 binance:PYTH/USDT stop_loss P&L=$-8.38
07:26:14 __main__ INFO: Closed trade 707 binance:PUMP/USDT stop_loss P&L=$-2.44
07:26:14 __main__ INFO: Closed trade 706 binance:PUMP/USDT stop_loss P&L=$-2.66
07:26:14 __main__ INFO: Closed trade 704 binance:PEPE/USDT stop_loss P&L=$-3.72
07:26:14 __main__ INFO: Closed trade 698 binance:PENGU/USDT target_hit P&L=$4.86
07:26:14 __main__ INFO: Closed trade 697 binance:PENGU/USDT target_hit P&L=$20.96
07:26:14 __main__ INFO: Closed trade 696 binance:PAXG/USDT stop_loss P&L=$-6.94
07:26:14 __main__ INFO: Closed trade 695 binance:PAXG/USDT stop_loss P&L=$-6.98
07:26:14 __main__ INFO: Closed trade 694 binance:PAXG/USDT stop_loss P&L=$-14.39
07:26:14 __main__ INFO: Closed trade 693 binance:PAXG/USDT stop_loss P&L=$-16.51
07:26:14 __main__ INFO: Closed trade 692 binance:PAXG/USDT stop_loss P&L=$-18.25
07:26:14 __main__ INFO: Closed trade 691 binance:PAXG/USDT target_hit P&L=$5.88
07:26:14 __main__ INFO: Closed trade 690 binance:PAXG/USDT stop_loss P&L=$-16.51
07:26:14 __main__ INFO: Closed trade 689 binance:PAXG/USDT stop_loss P&L=$-18.00
07:26:14 __main__ INFO: Closed trade 688 binance:PAXG/USDT stop_loss P&L=$-18.07
07:26:14 __main__ INFO: Closed trade 687 binance:OPN/USDT stop_loss P&L=$-4.15
07:26:14 __main__ INFO: Closed trade 686 binance:OPN/USDT stop_loss P&L=$-4.47
07:26:14 __main__ INFO: Closed trade 680 binance:NEAR/USDT target_hit P&L=$5.64
07:26:14 __main__ INFO: Closed trade 679 binance:NEAR/USDT stop_loss P&L=$-3.12
07:26:14 __main__ INFO: Closed trade 678 binance:LTC/USDT stop_loss P&L=$-1.67
07:26:14 __main__ INFO: Closed trade 677 binance:LTC/USDT stop_loss P&L=$-1.79
07:26:14 __main__ INFO: Closed trade 675 binance:LINK/USDT stop_loss P&L=$-1.40
07:26:14 __main__ INFO: Closed trade 674 binance:LINK/USDT target_hit P&L=$14.89
07:26:14 __main__ INFO: Closed trade 673 binance:KITE/USDT target_hit P&L=$6.07
07:26:14 __main__ INFO: Closed trade 671 binance:KITE/USDT target_hit P&L=$16.15
07:26:14 __main__ INFO: Closed trade 670 binance:KAT/USDT stop_loss P&L=$-13.26
07:26:14 __main__ INFO: Closed trade 668 binance:HBAR/USDT stop_loss P&L=$-1.97
07:26:14 __main__ INFO: Closed trade 667 binance:HBAR/USDT stop_loss P&L=$-2.71
07:26:14 __main__ INFO: Closed trade 664 binance:GUN/USDT target_hit P&L=$75.85
07:26:14 __main__ INFO: Closed trade 663 binance:GIGGLE/USDT target_hit P&L=$10.94
07:26:14 __main__ INFO: Closed trade 662 binance:GIGGLE/USDT target_hit P&L=$8.11
07:26:14 __main__ INFO: Closed trade 661 binance:FIL/USDT stop_loss P&L=$-3.01
07:26:14 __main__ INFO: Closed trade 660 binance:FIL/USDT stop_loss P&L=$-5.62
07:26:14 __main__ INFO: Closed trade 659 binance:FIL/USDT stop_loss P&L=$-1.19
07:26:14 __main__ INFO: Closed trade 658 binance:FET/USDT stop_loss P&L=$-1.36
07:26:14 __main__ INFO: Closed trade 657 binance:FET/USDT stop_loss P&L=$-5.21
07:26:14 __main__ INFO: Closed trade 656 binance:FET/USDT target_hit P&L=$12.15
07:26:14 __main__ INFO: Closed trade 655 binance:EUR/USDT stop_loss P&L=$-2.21
07:26:14 __main__ INFO: Closed trade 653 binance:ETH/USDT stop_loss P&L=$-1.44
07:26:14 __main__ INFO: Closed trade 652 binance:ETH/USDT stop_loss P&L=$-4.23
07:26:14 __main__ INFO: Closed trade 651 binance:ETH/USDT stop_loss P&L=$-1.82
07:26:14 __main__ INFO: Closed trade 650 binance:ETH/USDT stop_loss P&L=$-2.90
07:26:14 __main__ INFO: Closed trade 649 binance:ENA/USDT stop_loss P&L=$-6.60
07:26:14 __main__ INFO: Closed trade 648 binance:ENA/USDT stop_loss P&L=$-7.91
07:26:14 __main__ INFO: Closed trade 646 binance:DUSK/USDT target_hit P&L=$21.08
07:26:14 __main__ INFO: Closed trade 645 binance:DOGE/USDT stop_loss P&L=$-0.94
07:26:14 __main__ INFO: Closed trade 644 binance:DOGE/USDT stop_loss P&L=$-3.78
07:26:14 __main__ INFO: Closed trade 640 binance:DEXE/USDT target_hit P&L=$16.04
07:26:14 __main__ INFO: Closed trade 639 binance:DEXE/USDT stop_loss P&L=$-24.85
07:26:14 __main__ INFO: Closed trade 638 binance:DEXE/USDT target_hit P&L=$86.12
07:26:14 __main__ INFO: Closed trade 637 binance:DEXE/USDT stop_loss P&L=$-54.40
07:26:14 __main__ INFO: Closed trade 636 binance:DASH/USDT target_hit P&L=$7.17
07:26:14 __main__ INFO: Closed trade 635 binance:DASH/USDT target_hit P&L=$8.13
07:26:14 __main__ INFO: Closed trade 634 binance:DASH/USDT target_hit P&L=$7.94
07:26:14 __main__ INFO: Closed trade 633 binance:DASH/USDT target_hit P&L=$4.05
07:26:14 __main__ INFO: Closed trade 630 binance:CAKE/USDT target_hit P&L=$14.61
07:26:14 __main__ INFO: Closed trade 629 binance:CAKE/USDT target_hit P&L=$10.50
07:26:14 __main__ INFO: Closed trade 628 binance:BTC/USDT stop_loss P&L=$-1.36
07:26:14 __main__ INFO: Closed trade 627 binance:BTC/USDT stop_loss P&L=$-1.56
07:26:14 __main__ INFO: Closed trade 624 binance:BNB/USDT stop_loss P&L=$-4.04
07:26:14 __main__ INFO: Closed trade 621 binance:BCH/USDT stop_loss P&L=$-14.99
07:26:14 __main__ INFO: Closed trade 620 binance:BARD/USDT stop_loss P&L=$-5.06
07:26:14 __main__ INFO: Closed trade 619 binance:BARD/USDT stop_loss P&L=$-53.53
07:26:14 __main__ INFO: Closed trade 618 binance:BARD/USDT stop_loss P&L=$-17.24
07:26:14 __main__ INFO: Closed trade 617 binance:BANANAS31/USDT target_hit P&L=$10.36
07:26:14 __main__ INFO: Closed trade 616 binance:AVAX/USDT target_hit P&L=$5.07
07:26:14 __main__ INFO: Closed trade 614 binance:AVAX/USDT stop_loss P&L=$-5.50
07:26:14 __main__ INFO: Closed trade 613 binance:ASTER/USDT stop_loss P&L=$-0.80
07:26:14 __main__ INFO: Closed trade 611 binance:ASTER/USDT stop_loss P&L=$-0.88
07:26:14 __main__ INFO: Closed trade 609 binance:ASTER/USDT stop_loss P&L=$-3.21
07:26:14 __main__ INFO: Closed trade 608 binance:ASTER/USDT target_hit P&L=$8.25
07:26:14 __main__ INFO: Closed trade 607 binance:APT/USDT stop_loss P&L=$-1.17
07:26:14 __main__ INFO: Closed trade 606 binance:ADA/USDT stop_loss P&L=$-5.26
07:26:14 __main__ INFO: Closed trade 605 binance:ADA/USDT stop_loss P&L=$-6.00
07:26:14 __main__ INFO: Closed trade 604 binance:ADA/USDT stop_loss P&L=$-2.47
07:26:14 __main__ INFO: Closed trade 597 binance:XRP/USDT stop_loss P&L=$-0.96
07:26:14 __main__ INFO: Closed trade 595 binance:XRP/USDT target_hit P&L=$3.65
07:26:14 __main__ INFO: Closed trade 583 binance:WIF/USDT stop_loss P&L=$-1.76
07:26:14 __main__ INFO: Closed trade 539 binance:PAXG/USDT target_hit P&L=$5.88
07:26:14 __main__ INFO: Closed trade 535 binance:OPN/USDT stop_loss P&L=$-1.70
07:26:14 __main__ INFO: Closed trade 528 binance:NEAR/USDT target_hit P&L=$5.64
07:26:14 __main__ INFO: Closed trade 523 binance:LINK/USDT stop_loss P&L=$-1.40
07:26:14 __main__ INFO: Closed trade 508 binance:FIL/USDT stop_loss P&L=$-1.07
07:26:14 __main__ INFO: Closed trade 503 binance:ETH/USDT stop_loss P&L=$-1.31
07:26:14 __main__ INFO: Closed trade 501 binance:ETH/USDT stop_loss P&L=$-1.82
07:26:14 __main__ INFO: Closed trade 495 binance:DOGE/USDT stop_loss P&L=$-0.81
07:26:14 __main__ INFO: Closed trade 482 binance:BTC/USDT stop_loss P&L=$-1.29
07:26:14 __main__ INFO: Closed trade 481 binance:BTC/USDT stop_loss P&L=$-1.43
07:26:14 __main__ INFO: Closed trade 462 binance:APT/USDT stop_loss P&L=$-0.97
07:26:14 __main__ INFO: Closed trade 460 binance:ADA/USDT stop_loss P&L=$-2.47
07:26:14 __main__ INFO: Closed trade 439 binance:WIF/USDT stop_loss P&L=$-1.76
07:26:14 __main__ INFO: Closed trade 419 binance:SOL/USDT target_hit P&L=$1.86
07:26:14 __main__ INFO: Closed trade 394 binance:PAXG/USDT target_hit P&L=$5.88
07:26:14 __main__ INFO: Closed trade 384 binance:NEAR/USDT target_hit P&L=$5.64
07:26:14 __main__ INFO: Closed trade 379 binance:LINK/USDT stop_loss P&L=$-1.26
07:26:14 __main__ INFO: Closed trade 363 binance:FIL/USDT stop_loss P&L=$-1.07
07:26:14 __main__ INFO: Closed trade 358 binance:ETH/USDT stop_loss P&L=$-1.60
07:26:14 __main__ INFO: Closed trade 352 binance:DOGE/USDT stop_loss P&L=$-0.81
07:26:14 __main__ INFO: Closed trade 339 binance:BTC/USDT stop_loss P&L=$-1.29
07:26:14 __main__ INFO: Closed trade 338 binance:BTC/USDT stop_loss P&L=$-1.43
07:26:14 __main__ INFO: Closed trade 326 binance:AVAX/USDT stop_loss P&L=$-1.24
07:26:14 __main__ INFO: Closed trade 318 binance:APT/USDT stop_loss P&L=$-0.97
07:26:14 __main__ INFO: Closed trade 316 binance:ADA/USDT stop_loss P&L=$-2.47
07:26:14 __main__ INFO: Closed trade 295 binance:WIF/USDT stop_loss P&L=$-1.89
07:26:14 __main__ INFO: Closed trade 275 binance:SOL/USDT target_hit P&L=$1.86
07:26:14 __main__ INFO: Closed trade 250 binance:PAXG/USDT target_hit P&L=$5.88
07:26:14 __main__ INFO: Closed trade 240 binance:NEAR/USDT target_hit P&L=$5.64
07:26:14 __main__ INFO: Closed trade 235 binance:LINK/USDT stop_loss P&L=$-1.40
07:26:14 __main__ INFO: Closed trade 219 binance:FIL/USDT stop_loss P&L=$-1.07
07:26:14 __main__ INFO: Closed trade 213 binance:ETH/USDT stop_loss P&L=$-1.44
07:26:14 __main__ INFO: Closed trade 211 binance:ETH/USDT stop_loss P&L=$-1.82
07:26:14 __main__ INFO: Closed trade 205 binance:DOGE/USDT stop_loss P&L=$-0.81
07:26:14 __main__ INFO: Closed trade 172 binance:APT/USDT stop_loss P&L=$-0.97
07:26:14 __main__ INFO: Closed trade 160 binance:XRP/USDT stop_loss P&L=$-0.96
07:26:14 __main__ INFO: Closed trade 146 binance:WIF/USDT stop_loss P&L=$-1.89
07:26:14 __main__ INFO: Closed trade 125 binance:SOL/USDT target_hit P&L=$1.86
07:26:14 __main__ INFO: Closed trade 99 binance:PAXG/USDT target_hit P&L=$5.88
07:26:14 __main__ INFO: Closed trade 89 binance:NEAR/USDT target_hit P&L=$5.64
07:26:14 __main__ INFO: Closed trade 84 binance:LINK/USDT stop_loss P&L=$-1.26
07:26:14 __main__ INFO: Closed trade 70 binance:FIL/USDT stop_loss P&L=$-1.07
07:26:14 __main__ INFO: Closed trade 64 binance:ETH/USDT stop_loss P&L=$-1.31
07:26:14 __main__ INFO: Closed trade 62 binance:ETH/USDT stop_loss P&L=$-1.82
07:26:14 __main__ INFO: Closed trade 56 binance:DOGE/USDT stop_loss P&L=$-0.81
07:26:14 __main__ INFO: Closed trade 23 binance:APT/USDT stop_loss P&L=$-0.97
07:26:14 __main__ INFO: Closed trade 4 binance:APT/USDT stop_loss P&L=$-0.97

=== SCAN ALL: 57 pairs, 3 timeframes ===
Total signals generated: 151
  binance:XRP/USDT 4h LONG Entry=1.28 SL=1.27 TP=1.40 R:R=11.66
  binance:XRP/USDT 4h LONG Entry=1.33 SL=1.32 TP=1.40 R:R=8.30
  binance:XRP/USDT 1h SHORT Entry=1.42 SL=1.43 TP=1.39 R:R=2.74
  binance:XRP/USDT 15m LONG Entry=1.40 SL=1.39 TP=1.42 R:R=2.79
  binance:XRP/USDT 15m LONG Entry=1.38 SL=1.37 TP=1.39 R:R=1.96
  binance:ZEC/USDT 4h LONG Entry=192.68 SL=184.39 TP=213.81 R:R=2.55
  binance:ZEC/USDT 1h LONG Entry=214.72 SL=213.36 TP=219.98 R:R=3.87
  binance:ZEC/USDT 15m LONG Entry=232.28 SL=231.44 TP=236.22 R:R=4.68
  binance:ZEC/USDT 15m LONG Entry=218.51 SL=216.48 TP=222.22 R:R=1.83
  binance:ZEC/USDT 15m LONG Entry=214.59 SL=213.36 TP=216.92 R:R=1.89
