09:35:01 __main__ INFO: Volume filter: fetching all tickers in one call...
09:35:03 __main__ INFO: Volume filter: 135/447 pairs pass $1M threshold
/root/.openclaw/workspace/projects/crypto-liquidity-hunter/main.py:292: DeprecationWarning: datetime.datetime.utcnow() is deprecated and scheduled for removal in a future version. Use timezone-aware objects to represent datetimes in UTC: datetime.datetime.now(datetime.UTC).
  scan_start = datetime.utcnow()   # for duration tracking
09:35:04 core.binance_connector INFO: BinanceConnector: connected [LIVE FUTURES]
09:35:04 __main__ INFO: Auto-executor: account 'Liquiddbot1' mode=live exec=pending
09:35:05 core.sweep_detector INFO: SweepDetector v2: 3 raw → 3 confirmed (vol≥1.5× body≥40%)
09:35:05 core.sweep_detector INFO: OrderBlocks: 8 detected, 0 unmitigated
09:35:05 core.sweep_detector INFO: FVGs: 12 detected, 2 unfilled
09:35:07 core.sweep_detector INFO: SweepDetector v2: 4 raw → 4 confirmed (vol≥1.5× body≥40%)
09:35:07 core.sweep_detector INFO: OrderBlocks: 3 detected, 2 unmitigated
09:35:07 core.sweep_detector INFO: FVGs: 14 detected, 6 unfilled
09:35:09 core.sweep_detector INFO: SweepDetector v2: 2 raw → 1 confirmed (vol≥1.5× body≥40%)
09:35:09 core.sweep_detector INFO: OrderBlocks: 3 detected, 2 unmitigated
09:35:09 core.sweep_detector INFO: FVGs: 6 detected, 2 unfilled
09:35:11 core.sweep_detector INFO: SweepDetector v2: 3 raw → 2 confirmed (vol≥1.5× body≥40%)
09:35:11 core.sweep_detector INFO: OrderBlocks: 3 detected, 2 unmitigated
09:35:11 core.sweep_detector INFO: FVGs: 7 detected, 3 unfilled
09:35:12 core.sweep_detector INFO: SweepDetector v2: 3 raw → 2 confirmed (vol≥1.5× body≥40%)
09:35:12 core.sweep_detector INFO: OrderBlocks: 1 detected, 0 unmitigated
09:35:12 core.sweep_detector INFO: FVGs: 5 detected, 0 unfilled
09:35:14 core.sweep_detector INFO: SweepDetector v2: 4 raw → 4 confirmed (vol≥1.5× body≥40%)
09:35:14 core.sweep_detector INFO: OrderBlocks: 1 detected, 0 unmitigated
09:35:14 core.sweep_detector INFO: FVGs: 2 detected, 0 unfilled
09:35:16 core.sweep_detector INFO: SweepDetector v2: 4 raw → 3 confirmed (vol≥1.5× body≥40%)
09:35:16 core.sweep_detector INFO: OrderBlocks: 10 detected, 4 unmitigated
09:35:16 core.sweep_detector INFO: FVGs: 11 detected, 6 unfilled
09:35:18 core.sweep_detector INFO: SweepDetector v2: 4 raw → 3 confirmed (vol≥1.5× body≥40%)
09:35:18 core.sweep_detector INFO: OrderBlocks: 2 detected, 0 unmitigated
09:35:18 core.sweep_detector INFO: FVGs: 7 detected, 4 unfilled
09:35:19 core.sweep_detector INFO: SweepDetector v2: 2 raw → 1 confirmed (vol≥1.5× body≥40%)
09:35:19 core.sweep_detector INFO: OrderBlocks: 6 detected, 3 unmitigated
09:35:19 core.sweep_detector INFO: FVGs: 6 detected, 2 unfilled
09:35:21 core.sweep_detector INFO: SweepDetector v2: 5 raw → 4 confirmed (vol≥1.5× body≥40%)
09:35:21 core.sweep_detector INFO: OrderBlocks: 7 detected, 0 unmitigated
09:35:21 core.sweep_detector INFO: FVGs: 10 detected, 4 unfilled
09:35:22 core.sweep_detector INFO: SweepDetector v2: 3 raw → 2 confirmed (vol≥1.5× body≥40%)
09:35:22 core.sweep_detector INFO: OrderBlocks: 2 detected, 1 unmitigated
09:35:22 core.sweep_detector INFO: FVGs: 5 detected, 3 unfilled
09:35:24 core.sweep_detector INFO: SweepDetector v2: 3 raw → 3 confirmed (vol≥1.5× body≥40%)
09:35:24 core.sweep_detector INFO: OrderBlocks: 5 detected, 3 unmitigated
09:35:24 core.sweep_detector INFO: FVGs: 3 detected, 2 unfilled
09:35:26 core.sweep_detector INFO: SweepDetector v2: 2 raw → 2 confirmed (vol≥1.5× body≥40%)
09:35:26 core.sweep_detector INFO: OrderBlocks: 2 detected, 1 unmitigated
09:35:26 core.sweep_detector INFO: FVGs: 3 detected, 2 unfilled
09:35:27 core.sweep_detector INFO: SweepDetector v2: 1 raw → 1 confirmed (vol≥1.5× body≥40%)
09:35:27 core.sweep_detector INFO: OrderBlocks: 3 detected, 0 unmitigated
09:35:27 core.sweep_detector INFO: FVGs: 7 detected, 2 unfilled
09:35:29 core.sweep_detector INFO: SweepDetector v2: 6 raw → 2 confirmed (vol≥1.5× body≥40%)
09:35:29 core.sweep_detector INFO: OrderBlocks: 0 detected, 0 unmitigated
09:35:29 core.sweep_detector INFO: FVGs: 3 detected, 1 unfilled
09:35:31 core.sweep_detector INFO: SweepDetector v2: 1 raw → 1 confirmed (vol≥1.5× body≥40%)
09:35:31 core.sweep_detector INFO: OrderBlocks: 5 detected, 0 unmitigated
09:35:31 core.sweep_detector INFO: FVGs: 5 detected, 1 unfilled
09:35:33 core.sweep_detector INFO: SweepDetector v2: 2 raw → 2 confirmed (vol≥1.5× body≥40%)
09:35:33 core.sweep_detector INFO: OrderBlocks: 5 detected, 2 unmitigated
09:35:33 core.sweep_detector INFO: FVGs: 5 detected, 1 unfilled
09:35:34 core.sweep_detector INFO: SweepDetector v2: 4 raw → 4 confirmed (vol≥1.5× body≥40%)
09:35:34 core.sweep_detector INFO: OrderBlocks: 4 detected, 1 unmitigated
09:35:34 core.sweep_detector INFO: FVGs: 6 detected, 3 unfilled
09:35:36 core.sweep_detector INFO: SweepDetector v2: 4 raw → 2 confirmed (vol≥1.5× body≥40%)
09:35:36 core.sweep_detector INFO: OrderBlocks: 6 detected, 2 unmitigated
09:35:36 core.sweep_detector INFO: FVGs: 9 detected, 2 unfilled
09:35:38 core.sweep_detector INFO: SweepDetector v2: 2 raw → 2 confirmed (vol≥1.5× body≥40%)
09:35:38 core.sweep_detector INFO: OrderBlocks: 3 detected, 2 unmitigated
09:35:38 core.sweep_detector INFO: FVGs: 5 detected, 2 unfilled
09:35:40 core.sweep_detector INFO: SweepDetector v2: 2 raw → 2 confirmed (vol≥1.5× body≥40%)
09:35:40 core.sweep_detector INFO: OrderBlocks: 4 detected, 3 unmitigated
09:35:40 core.sweep_detector INFO: FVGs: 10 detected, 6 unfilled
09:35:41 core.sweep_detector INFO: SweepDetector v2: 4 raw → 3 confirmed (vol≥1.5× body≥40%)
09:35:41 core.sweep_detector INFO: OrderBlocks: 7 detected, 2 unmitigated
09:35:41 core.sweep_detector INFO: FVGs: 8 detected, 2 unfilled
09:35:43 core.sweep_detector INFO: SweepDetector v2: 4 raw → 4 confirmed (vol≥1.5× body≥40%)
09:35:43 core.sweep_detector INFO: OrderBlocks: 1 detected, 0 unmitigated
09:35:43 core.sweep_detector INFO: FVGs: 10 detected, 4 unfilled
09:35:45 core.sweep_detector INFO: SweepDetector v2: 3 raw → 3 confirmed (vol≥1.5× body≥40%)
09:35:45 core.sweep_detector INFO: OrderBlocks: 3 detected, 0 unmitigated
09:35:45 core.sweep_detector INFO: FVGs: 7 detected, 2 unfilled
09:35:46 core.sweep_detector INFO: SweepDetector v2: 3 raw → 2 confirmed (vol≥1.5× body≥40%)
09:35:46 core.sweep_detector INFO: OrderBlocks: 4 detected, 2 unmitigated
09:35:46 core.sweep_detector INFO: FVGs: 5 detected, 1 unfilled
09:35:48 core.sweep_detector INFO: SweepDetector v2: 1 raw → 0 confirmed (vol≥1.5× body≥40%)
09:35:48 core.sweep_detector INFO: OrderBlocks: 1 detected, 0 unmitigated
09:35:48 core.sweep_detector INFO: FVGs: 5 detected, 1 unfilled
09:35:50 core.sweep_detector INFO: SweepDetector v2: 1 raw → 1 confirmed (vol≥1.5× body≥40%)
09:35:50 core.sweep_detector INFO: OrderBlocks: 1 detected, 0 unmitigated
09:35:50 core.sweep_detector INFO: FVGs: 5 detected, 1 unfilled
09:35:52 core.sweep_detector INFO: SweepDetector v2: 3 raw → 2 confirmed (vol≥1.5× body≥40%)
09:35:52 core.sweep_detector INFO: OrderBlocks: 5 detected, 3 unmitigated
09:35:52 core.sweep_detector INFO: FVGs: 9 detected, 4 unfilled
09:35:54 core.sweep_detector INFO: SweepDetector v2: 3 raw → 2 confirmed (vol≥1.5× body≥40%)
09:35:54 core.sweep_detector INFO: OrderBlocks: 2 detected, 1 unmitigated
09:35:54 core.sweep_detector INFO: FVGs: 6 detected, 4 unfilled
09:35:55 core.sweep_detector INFO: SweepDetector v2: 0 raw → 0 confirmed (vol≥1.5× body≥40%)
09:35:55 core.sweep_detector INFO: OrderBlocks: 3 detected, 1 unmitigated
09:35:55 core.sweep_detector INFO: FVGs: 6 detected, 1 unfilled
09:35:57 core.sweep_detector INFO: SweepDetector v2: 0 raw → 0 confirmed (vol≥1.5× body≥40%)
09:35:57 core.sweep_detector INFO: OrderBlocks: 2 detected, 0 unmitigated
09:35:57 core.sweep_detector INFO: FVGs: 2 detected, 1 unfilled
09:35:59 core.sweep_detector INFO: SweepDetector v2: 8 raw → 5 confirmed (vol≥1.5× body≥40%)
09:35:59 core.sweep_detector INFO: OrderBlocks: 0 detected, 0 unmitigated
09:35:59 core.sweep_detector INFO: FVGs: 1 detected, 0 unfilled
09:36:01 core.sweep_detector INFO: SweepDetector v2: 5 raw → 4 confirmed (vol≥1.5× body≥40%)
09:36:01 core.sweep_detector INFO: OrderBlocks: 0 detected, 0 unmitigated
09:36:01 core.sweep_detector INFO: FVGs: 0 detected, 0 unfilled
09:36:02 core.sweep_detector INFO: SweepDetector v2: 7 raw → 6 confirmed (vol≥1.5× body≥40%)
09:36:02 core.sweep_detector INFO: OrderBlocks: 7 detected, 1 unmitigated
09:36:02 core.sweep_detector INFO: FVGs: 9 detected, 2 unfilled
09:36:04 core.sweep_detector INFO: SweepDetector v2: 7 raw → 4 confirmed (vol≥1.5× body≥40%)
09:36:04 core.sweep_detector INFO: OrderBlocks: 7 detected, 3 unmitigated
09:36:04 core.sweep_detector INFO: FVGs: 7 detected, 5 unfilled
09:36:06 core.sweep_detector INFO: SweepDetector v2: 5 raw → 4 confirmed (vol≥1.5× body≥40%)
09:36:06 core.sweep_detector INFO: OrderBlocks: 5 detected, 3 unmitigated
09:36:06 core.sweep_detector INFO: FVGs: 9 detected, 3 unfilled
09:36:07 core.sweep_detector INFO: SweepDetector v2: 5 raw → 5 confirmed (vol≥1.5× body≥40%)
09:36:07 core.sweep_detector INFO: OrderBlocks: 1 detected, 0 unmitigated
09:36:07 core.sweep_detector INFO: FVGs: 3 detected, 0 unfilled
09:36:09 core.sweep_detector INFO: SweepDetector v2: 2 raw → 2 confirmed (vol≥1.5× body≥40%)
09:36:09 core.sweep_detector INFO: OrderBlocks: 4 detected, 0 unmitigated
09:36:09 core.sweep_detector INFO: FVGs: 2 detected, 0 unfilled
09:36:11 core.sweep_detector INFO: SweepDetector v2: 1 raw → 1 confirmed (vol≥1.5× body≥40%)
09:36:11 core.sweep_detector INFO: OrderBlocks: 2 detected, 0 unmitigated
09:36:11 core.sweep_detector INFO: FVGs: 4 detected, 1 unfilled
09:36:13 core.sweep_detector INFO: SweepDetector v2: 5 raw → 4 confirmed (vol≥1.5× body≥40%)
09:36:13 core.sweep_detector INFO: OrderBlocks: 7 detected, 2 unmitigated
09:36:13 core.sweep_detector INFO: FVGs: 8 detected, 4 unfilled
09:36:14 core.sweep_detector INFO: SweepDetector v2: 1 raw → 1 confirmed (vol≥1.5× body≥40%)
09:36:15 core.sweep_detector INFO: OrderBlocks: 4 detected, 0 unmitigated
09:36:15 core.sweep_detector INFO: FVGs: 6 detected, 3 unfilled
09:36:16 core.sweep_detector INFO: SweepDetector v2: 5 raw → 4 confirmed (vol≥1.5× body≥40%)
09:36:16 core.sweep_detector INFO: OrderBlocks: 4 detected, 2 unmitigated
09:36:16 core.sweep_detector INFO: FVGs: 7 detected, 2 unfilled
09:36:18 core.sweep_detector INFO: SweepDetector v2: 7 raw → 6 confirmed (vol≥1.5× body≥40%)
09:36:18 core.sweep_detector INFO: OrderBlocks: 3 detected, 1 unmitigated
09:36:18 core.sweep_detector INFO: FVGs: 12 detected, 6 unfilled
09:36:20 core.sweep_detector INFO: SweepDetector v2: 4 raw → 3 confirmed (vol≥1.5× body≥40%)
09:36:20 core.sweep_detector INFO: OrderBlocks: 2 detected, 1 unmitigated
09:36:20 core.sweep_detector INFO: FVGs: 6 detected, 2 unfilled
09:36:21 core.sweep_detector INFO: SweepDetector v2: 2 raw → 2 confirmed (vol≥1.5× body≥40%)
09:36:21 core.sweep_detector INFO: OrderBlocks: 1 detected, 0 unmitigated
09:36:21 core.sweep_detector INFO: FVGs: 2 detected, 2 unfilled
09:36:23 core.sweep_detector INFO: SweepDetector v2: 6 raw → 6 confirmed (vol≥1.5× body≥40%)
09:36:23 core.sweep_detector INFO: OrderBlocks: 6 detected, 1 unmitigated
09:36:23 core.sweep_detector INFO: FVGs: 12 detected, 2 unfilled
09:36:25 core.sweep_detector INFO: SweepDetector v2: 2 raw → 1 confirmed (vol≥1.5× body≥40%)
09:36:25 core.sweep_detector INFO: OrderBlocks: 2 detected, 1 unmitigated
09:36:25 core.sweep_detector INFO: FVGs: 10 detected, 4 unfilled
09:36:26 core.sweep_detector INFO: SweepDetector v2: 1 raw → 1 confirmed (vol≥1.5× body≥40%)
09:36:26 core.sweep_detector INFO: OrderBlocks: 8 detected, 1 unmitigated
09:36:26 core.sweep_detector INFO: FVGs: 8 detected, 3 unfilled
09:36:28 core.sweep_detector INFO: SweepDetector v2: 5 raw → 5 confirmed (vol≥1.5× body≥40%)
09:36:28 core.sweep_detector INFO: OrderBlocks: 6 detected, 3 unmitigated
09:36:28 core.sweep_detector INFO: FVGs: 8 detected, 3 unfilled
09:36:31 core.sweep_detector INFO: SweepDetector v2: 1 raw → 1 confirmed (vol≥1.5× body≥40%)
09:36:31 core.sweep_detector INFO: OrderBlocks: 4 detected, 3 unmitigated
09:36:31 core.sweep_detector INFO: FVGs: 7 detected, 3 unfilled
09:36:32 core.sweep_detector INFO: SweepDetector v2: 2 raw → 2 confirmed (vol≥1.5× body≥40%)
09:36:32 core.sweep_detector INFO: OrderBlocks: 4 detected, 1 unmitigated
09:36:32 core.sweep_detector INFO: FVGs: 5 detected, 0 unfilled
09:36:34 core.sweep_detector INFO: SweepDetector v2: 5 raw → 5 confirmed (vol≥1.5× body≥40%)
09:36:34 core.sweep_detector INFO: OrderBlocks: 2 detected, 2 unmitigated
09:36:34 core.sweep_detector INFO: FVGs: 17 detected, 6 unfilled
09:36:35 core.sweep_detector INFO: SweepDetector v2: 5 raw → 3 confirmed (vol≥1.5× body≥40%)
09:36:35 core.sweep_detector INFO: OrderBlocks: 8 detected, 1 unmitigated
09:36:35 core.sweep_detector INFO: FVGs: 16 detected, 7 unfilled
09:36:37 core.sweep_detector INFO: SweepDetector v2: 2 raw → 1 confirmed (vol≥1.5× body≥40%)
09:36:37 core.sweep_detector INFO: OrderBlocks: 8 detected, 3 unmitigated
09:36:37 core.sweep_detector INFO: FVGs: 12 detected, 5 unfilled
09:36:39 core.sweep_detector INFO: SweepDetector v2: 0 raw → 0 confirmed (vol≥1.5× body≥40%)
09:36:39 core.sweep_detector INFO: OrderBlocks: 2 detected, 1 unmitigated
09:36:39 core.sweep_detector INFO: FVGs: 4 detected, 0 unfilled
09:36:41 core.sweep_detector INFO: SweepDetector v2: 4 raw → 3 confirmed (vol≥1.5× body≥40%)
09:36:41 core.sweep_detector INFO: OrderBlocks: 1 detected, 0 unmitigated
09:36:41 core.sweep_detector INFO: FVGs: 6 detected, 2 unfilled
09:36:42 core.sweep_detector INFO: SweepDetector v2: 3 raw → 1 confirmed (vol≥1.5× body≥40%)
09:36:42 core.sweep_detector INFO: OrderBlocks: 6 detected, 0 unmitigated
09:36:42 core.sweep_detector INFO: FVGs: 1 detected, 0 unfilled
09:36:44 core.sweep_detector INFO: SweepDetector v2: 0 raw → 0 confirmed (vol≥1.5× body≥40%)
09:36:44 core.sweep_detector INFO: OrderBlocks: 0 detected, 0 unmitigated
09:36:44 core.sweep_detector INFO: FVGs: 0 detected, 0 unfilled
09:36:46 core.sweep_detector INFO: SweepDetector v2: 0 raw → 0 confirmed (vol≥1.5× body≥40%)
09:36:46 core.sweep_detector INFO: OrderBlocks: 1 detected, 0 unmitigated
09:36:46 core.sweep_detector INFO: FVGs: 0 detected, 0 unfilled
09:36:47 core.sweep_detector INFO: SweepDetector v2: 0 raw → 0 confirmed (vol≥1.5× body≥40%)
09:36:47 core.sweep_detector INFO: OrderBlocks: 0 detected, 0 unmitigated
09:36:47 core.sweep_detector INFO: FVGs: 0 detected, 0 unfilled
09:36:49 core.sweep_detector INFO: SweepDetector v2: 1 raw → 1 confirmed (vol≥1.5× body≥40%)
09:36:49 core.sweep_detector INFO: OrderBlocks: 7 detected, 3 unmitigated
09:36:49 core.sweep_detector INFO: FVGs: 5 detected, 4 unfilled
09:36:51 core.sweep_detector INFO: SweepDetector v2: 3 raw → 1 confirmed (vol≥1.5× body≥40%)
09:36:51 core.sweep_detector INFO: OrderBlocks: 2 detected, 1 unmitigated
09:36:51 core.sweep_detector INFO: FVGs: 3 detected, 3 unfilled
09:36:53 core.sweep_detector INFO: SweepDetector v2: 3 raw → 3 confirmed (vol≥1.5× body≥40%)
09:36:53 core.sweep_detector INFO: OrderBlocks: 1 detected, 0 unmitigated
09:36:53 core.sweep_detector INFO: FVGs: 4 detected, 2 unfilled
09:36:54 core.sweep_detector INFO: SweepDetector v2: 3 raw → 3 confirmed (vol≥1.5× body≥40%)
09:36:54 core.sweep_detector INFO: OrderBlocks: 7 detected, 4 unmitigated
09:36:54 core.sweep_detector INFO: FVGs: 10 detected, 4 unfilled
09:36:56 core.sweep_detector INFO: SweepDetector v2: 2 raw → 2 confirmed (vol≥1.5× body≥40%)
09:36:56 core.sweep_detector INFO: OrderBlocks: 3 detected, 1 unmitigated
09:36:56 core.sweep_detector INFO: FVGs: 6 detected, 2 unfilled
09:36:58 core.sweep_detector INFO: SweepDetector v2: 1 raw → 1 confirmed (vol≥1.5× body≥40%)
09:36:58 core.sweep_detector INFO: OrderBlocks: 3 detected, 1 unmitigated
09:36:58 core.sweep_detector INFO: FVGs: 1 detected, 1 unfilled
09:37:00 core.sweep_detector INFO: SweepDetector v2: 2 raw → 2 confirmed (vol≥1.5× body≥40%)
09:37:00 core.sweep_detector INFO: OrderBlocks: 6 detected, 0 unmitigated
09:37:00 core.sweep_detector INFO: FVGs: 7 detected, 3 unfilled
09:37:01 core.sweep_detector INFO: SweepDetector v2: 3 raw → 3 confirmed (vol≥1.5× body≥40%)
09:37:01 core.sweep_detector INFO: OrderBlocks: 2 detected, 1 unmitigated
09:37:01 core.sweep_detector INFO: FVGs: 8 detected, 2 unfilled
09:37:03 core.sweep_detector INFO: SweepDetector v2: 1 raw → 1 confirmed (vol≥1.5× body≥40%)
09:37:03 core.sweep_detector INFO: OrderBlocks: 2 detected, 1 unmitigated
09:37:03 core.sweep_detector INFO: FVGs: 3 detected, 1 unfilled
09:37:05 core.sweep_detector INFO: SweepDetector v2: 3 raw → 2 confirmed (vol≥1.5× body≥40%)
09:37:05 core.sweep_detector INFO: OrderBlocks: 4 detected, 2 unmitigated
09:37:05 core.sweep_detector INFO: FVGs: 7 detected, 2 unfilled
09:37:06 core.sweep_detector INFO: SweepDetector v2: 2 raw → 2 confirmed (vol≥1.5× body≥40%)
09:37:06 core.sweep_detector INFO: OrderBlocks: 2 detected, 0 unmitigated
09:37:06 core.sweep_detector INFO: FVGs: 7 detected, 2 unfilled
09:37:08 core.sweep_detector INFO: SweepDetector v2: 2 raw → 1 confirmed (vol≥1.5× body≥40%)
09:37:08 core.sweep_detector INFO: OrderBlocks: 9 detected, 0 unmitigated
09:37:08 core.sweep_detector INFO: FVGs: 4 detected, 0 unfilled
09:37:10 core.sweep_detector INFO: SweepDetector v2: 8 raw → 6 confirmed (vol≥1.5× body≥40%)
09:37:10 core.sweep_detector INFO: OrderBlocks: 4 detected, 2 unmitigated
09:37:10 core.sweep_detector INFO: FVGs: 9 detected, 3 unfilled
09:37:12 core.sweep_detector INFO: SweepDetector v2: 5 raw → 2 confirmed (vol≥1.5× body≥40%)
09:37:12 core.sweep_detector INFO: OrderBlocks: 3 detected, 1 unmitigated
09:37:12 core.sweep_detector INFO: FVGs: 6 detected, 1 unfilled
09:37:14 core.sweep_detector INFO: SweepDetector v2: 4 raw → 2 confirmed (vol≥1.5× body≥40%)
09:37:14 core.sweep_detector INFO: OrderBlocks: 6 detected, 1 unmitigated
09:37:14 core.sweep_detector INFO: FVGs: 15 detected, 4 unfilled
09:37:16 core.sweep_detector INFO: SweepDetector v2: 2 raw → 2 confirmed (vol≥1.5× body≥40%)
09:37:16 core.sweep_detector INFO: OrderBlocks: 7 detected, 2 unmitigated
09:37:16 core.sweep_detector INFO: FVGs: 9 detected, 2 unfilled
09:37:18 core.sweep_detector INFO: SweepDetector v2: 2 raw → 1 confirmed (vol≥1.5× body≥40%)
09:37:18 core.sweep_detector INFO: OrderBlocks: 3 detected, 2 unmitigated
09:37:18 core.sweep_detector INFO: FVGs: 6 detected, 2 unfilled
09:37:20 core.sweep_detector INFO: SweepDetector v2: 2 raw → 2 confirmed (vol≥1.5× body≥40%)
09:37:20 core.sweep_detector INFO: OrderBlocks: 3 detected, 1 unmitigated
09:37:20 core.sweep_detector INFO: FVGs: 4 detected, 0 unfilled
09:37:21 core.sweep_detector INFO: SweepDetector v2: 5 raw → 5 confirmed (vol≥1.5× body≥40%)
09:37:21 core.sweep_detector INFO: OrderBlocks: 8 detected, 0 unmitigated
09:37:21 core.sweep_detector INFO: FVGs: 9 detected, 3 unfilled
09:37:23 core.sweep_detector INFO: SweepDetector v2: 2 raw → 2 confirmed (vol≥1.5× body≥40%)
09:37:23 core.sweep_detector INFO: OrderBlocks: 6 detected, 2 unmitigated
09:37:23 core.sweep_detector INFO: FVGs: 15 detected, 4 unfilled
09:37:25 core.sweep_detector INFO: SweepDetector v2: 4 raw → 3 confirmed (vol≥1.5× body≥40%)
09:37:25 core.sweep_detector INFO: OrderBlocks: 3 detected, 1 unmitigated
09:37:25 core.sweep_detector INFO: FVGs: 13 detected, 5 unfilled
09:37:27 core.sweep_detector INFO: SweepDetector v2: 0 raw → 0 confirmed (vol≥1.5× body≥40%)
09:37:27 core.sweep_detector INFO: OrderBlocks: 4 detected, 1 unmitigated
09:37:27 core.sweep_detector INFO: FVGs: 7 detected, 2 unfilled
09:37:28 core.sweep_detector INFO: SweepDetector v2: 4 raw → 2 confirmed (vol≥1.5× body≥40%)
09:37:28 core.sweep_detector INFO: OrderBlocks: 5 detected, 4 unmitigated
09:37:28 core.sweep_detector INFO: FVGs: 6 detected, 3 unfilled
09:37:30 core.sweep_detector INFO: SweepDetector v2: 1 raw → 1 confirmed (vol≥1.5× body≥40%)
09:37:30 core.sweep_detector INFO: OrderBlocks: 6 detected, 1 unmitigated
09:37:30 core.sweep_detector INFO: FVGs: 6 detected, 2 unfilled
09:37:32 core.sweep_detector INFO: SweepDetector v2: 1 raw → 0 confirmed (vol≥1.5× body≥40%)
09:37:32 core.sweep_detector INFO: OrderBlocks: 1 detected, 1 unmitigated
09:37:32 core.sweep_detector INFO: FVGs: 6 detected, 4 unfilled
09:37:33 core.sweep_detector INFO: SweepDetector v2: 1 raw → 0 confirmed (vol≥1.5× body≥40%)
09:37:33 core.sweep_detector INFO: OrderBlocks: 6 detected, 2 unmitigated
09:37:33 core.sweep_detector INFO: FVGs: 4 detected, 2 unfilled
09:37:36 core.sweep_detector INFO: SweepDetector v2: 0 raw → 0 confirmed (vol≥1.5× body≥40%)
09:37:36 core.sweep_detector INFO: OrderBlocks: 10 detected, 4 unmitigated
09:37:36 core.sweep_detector INFO: FVGs: 8 detected, 3 unfilled
09:37:37 core.sweep_detector INFO: SweepDetector v2: 3 raw → 3 confirmed (vol≥1.5× body≥40%)
09:37:37 core.sweep_detector INFO: OrderBlocks: 6 detected, 1 unmitigated
09:37:37 core.sweep_detector INFO: FVGs: 9 detected, 4 unfilled
09:37:39 core.sweep_detector INFO: SweepDetector v2: 3 raw → 3 confirmed (vol≥1.5× body≥40%)
09:37:39 core.sweep_detector INFO: OrderBlocks: 5 detected, 3 unmitigated
09:37:39 core.sweep_detector INFO: FVGs: 12 detected, 6 unfilled
09:37:41 core.sweep_detector INFO: SweepDetector v2: 1 raw → 0 confirmed (vol≥1.5× body≥40%)
09:37:41 core.sweep_detector INFO: OrderBlocks: 11 detected, 3 unmitigated
09:37:41 core.sweep_detector INFO: FVGs: 7 detected, 1 unfilled
09:37:43 core.sweep_detector INFO: SweepDetector v2: 0 raw → 0 confirmed (vol≥1.5× body≥40%)
09:37:43 core.sweep_detector INFO: OrderBlocks: 9 detected, 2 unmitigated
09:37:43 core.sweep_detector INFO: FVGs: 15 detected, 3 unfilled
09:37:44 core.sweep_detector INFO: SweepDetector v2: 4 raw → 4 confirmed (vol≥1.5× body≥40%)
09:37:44 core.sweep_detector INFO: OrderBlocks: 3 detected, 0 unmitigated
09:37:44 core.sweep_detector INFO: FVGs: 10 detected, 5 unfilled
09:37:46 core.sweep_detector INFO: SweepDetector v2: 0 raw → 0 confirmed (vol≥1.5× body≥40%)
09:37:46 core.sweep_detector INFO: OrderBlocks: 9 detected, 2 unmitigated
09:37:46 core.sweep_detector INFO: FVGs: 5 detected, 1 unfilled
09:37:49 core.sweep_detector INFO: SweepDetector v2: 3 raw → 2 confirmed (vol≥1.5× body≥40%)
09:37:49 core.sweep_detector INFO: OrderBlocks: 8 detected, 1 unmitigated
09:37:49 core.sweep_detector INFO: FVGs: 6 detected, 1 unfilled
09:37:50 core.sweep_detector INFO: SweepDetector v2: 2 raw → 1 confirmed (vol≥1.5× body≥40%)
09:37:50 core.sweep_detector INFO: OrderBlocks: 4 detected, 2 unmitigated
09:37:50 core.sweep_detector INFO: FVGs: 10 detected, 3 unfilled
09:37:52 core.sweep_detector INFO: SweepDetector v2: 1 raw → 0 confirmed (vol≥1.5× body≥40%)
09:37:52 core.sweep_detector INFO: OrderBlocks: 6 detected, 1 unmitigated
09:37:52 core.sweep_detector INFO: FVGs: 8 detected, 2 unfilled
09:37:54 core.sweep_detector INFO: SweepDetector v2: 1 raw → 1 confirmed (vol≥1.5× body≥40%)
09:37:54 core.sweep_detector INFO: OrderBlocks: 1 detected, 0 unmitigated
09:37:54 core.sweep_detector INFO: FVGs: 6 detected, 2 unfilled
09:37:56 core.sweep_detector INFO: SweepDetector v2: 4 raw → 4 confirmed (vol≥1.5× body≥40%)
09:37:56 core.sweep_detector INFO: OrderBlocks: 6 detected, 1 unmitigated
09:37:56 core.sweep_detector INFO: FVGs: 11 detected, 3 unfilled
09:37:57 core.sweep_detector INFO: SweepDetector v2: 0 raw → 0 confirmed (vol≥1.5× body≥40%)
09:37:57 core.sweep_detector INFO: OrderBlocks: 4 detected, 2 unmitigated
09:37:57 core.sweep_detector INFO: FVGs: 9 detected, 3 unfilled
09:37:59 core.sweep_detector INFO: SweepDetector v2: 7 raw → 5 confirmed (vol≥1.5× body≥40%)
09:37:59 core.sweep_detector INFO: OrderBlocks: 8 detected, 3 unmitigated
09:37:59 core.sweep_detector INFO: FVGs: 7 detected, 3 unfilled
09:38:01 core.sweep_detector INFO: SweepDetector v2: 1 raw → 0 confirmed (vol≥1.5× body≥40%)
09:38:01 core.sweep_detector INFO: OrderBlocks: 5 detected, 2 unmitigated
09:38:01 core.sweep_detector INFO: FVGs: 7 detected, 2 unfilled
09:38:03 core.sweep_detector INFO: SweepDetector v2: 4 raw → 3 confirmed (vol≥1.5× body≥40%)
09:38:03 core.sweep_detector INFO: OrderBlocks: 7 detected, 2 unmitigated
09:38:03 core.sweep_detector INFO: FVGs: 6 detected, 1 unfilled
09:38:06 core.sweep_detector INFO: SweepDetector v2: 3 raw → 3 confirmed (vol≥1.5× body≥40%)
09:38:06 core.sweep_detector INFO: OrderBlocks: 7 detected, 1 unmitigated
09:38:06 core.sweep_detector INFO: FVGs: 11 detected, 2 unfilled
09:38:07 core.sweep_detector INFO: SweepDetector v2: 5 raw → 4 confirmed (vol≥1.5× body≥40%)
09:38:07 core.sweep_detector INFO: OrderBlocks: 2 detected, 1 unmitigated
09:38:07 core.sweep_detector INFO: FVGs: 8 detected, 3 unfilled
09:38:09 core.sweep_detector INFO: SweepDetector v2: 1 raw → 1 confirmed (vol≥1.5× body≥40%)
09:38:09 core.sweep_detector INFO: OrderBlocks: 5 detected, 1 unmitigated
09:38:09 core.sweep_detector INFO: FVGs: 2 detected, 0 unfilled
09:38:11 core.sweep_detector INFO: SweepDetector v2: 1 raw → 0 confirmed (vol≥1.5× body≥40%)
09:38:11 core.sweep_detector INFO: OrderBlocks: 4 detected, 1 unmitigated
09:38:11 core.sweep_detector INFO: FVGs: 9 detected, 3 unfilled
09:38:13 core.sweep_detector INFO: SweepDetector v2: 3 raw → 2 confirmed (vol≥1.5× body≥40%)
09:38:13 core.sweep_detector INFO: OrderBlocks: 3 detected, 2 unmitigated
09:38:13 core.sweep_detector INFO: FVGs: 7 detected, 2 unfilled
09:38:15 core.sweep_detector INFO: SweepDetector v2: 0 raw → 0 confirmed (vol≥1.5× body≥40%)
09:38:15 core.sweep_detector INFO: OrderBlocks: 5 detected, 4 unmitigated
09:38:15 core.sweep_detector INFO: FVGs: 3 detected, 3 unfilled
09:38:17 core.sweep_detector INFO: SweepDetector v2: 2 raw → 2 confirmed (vol≥1.5× body≥40%)
09:38:17 core.sweep_detector INFO: OrderBlocks: 9 detected, 5 unmitigated
09:38:17 core.sweep_detector INFO: FVGs: 12 detected, 4 unfilled
09:38:18 core.sweep_detector INFO: SweepDetector v2: 3 raw → 3 confirmed (vol≥1.5× body≥40%)
09:38:18 core.sweep_detector INFO: OrderBlocks: 6 detected, 0 unmitigated
09:38:18 core.sweep_detector INFO: FVGs: 15 detected, 1 unfilled
09:38:20 core.sweep_detector INFO: SweepDetector v2: 1 raw → 0 confirmed (vol≥1.5× body≥40%)
09:38:20 core.sweep_detector INFO: OrderBlocks: 3 detected, 1 unmitigated
09:38:20 core.sweep_detector INFO: FVGs: 7 detected, 3 unfilled
09:38:22 core.sweep_detector INFO: SweepDetector v2: 5 raw → 4 confirmed (vol≥1.5× body≥40%)
09:38:22 core.sweep_detector INFO: OrderBlocks: 8 detected, 2 unmitigated
09:38:22 core.sweep_detector INFO: FVGs: 16 detected, 4 unfilled
09:38:24 core.sweep_detector INFO: SweepDetector v2: 3 raw → 3 confirmed (vol≥1.5× body≥40%)
09:38:24 core.sweep_detector INFO: OrderBlocks: 7 detected, 2 unmitigated
09:38:24 core.sweep_detector INFO: FVGs: 12 detected, 4 unfilled
09:38:25 core.sweep_detector INFO: SweepDetector v2: 1 raw → 1 confirmed (vol≥1.5× body≥40%)
09:38:25 core.sweep_detector INFO: OrderBlocks: 4 detected, 1 unmitigated
09:38:25 core.sweep_detector INFO: FVGs: 11 detected, 4 unfilled
09:38:27 core.sweep_detector INFO: SweepDetector v2: 0 raw → 0 confirmed (vol≥1.5× body≥40%)
09:38:27 core.sweep_detector INFO: OrderBlocks: 5 detected, 2 unmitigated
09:38:27 core.sweep_detector INFO: FVGs: 8 detected, 3 unfilled
09:38:29 core.sweep_detector INFO: SweepDetector v2: 1 raw → 1 confirmed (vol≥1.5× body≥40%)
09:38:29 core.sweep_detector INFO: OrderBlocks: 2 detected, 0 unmitigated
09:38:29 core.sweep_detector INFO: FVGs: 2 detected, 1 unfilled
09:38:31 core.sweep_detector INFO: SweepDetector v2: 4 raw → 4 confirmed (vol≥1.5× body≥40%)
09:38:31 core.sweep_detector INFO: OrderBlocks: 1 detected, 0 unmitigated
09:38:31 core.sweep_detector INFO: FVGs: 4 detected, 1 unfilled
09:38:32 core.sweep_detector INFO: SweepDetector v2: 3 raw → 2 confirmed (vol≥1.5× body≥40%)
09:38:32 core.sweep_detector INFO: OrderBlocks: 5 detected, 3 unmitigated
09:38:32 core.sweep_detector INFO: FVGs: 12 detected, 4 unfilled
09:38:34 core.sweep_detector INFO: SweepDetector v2: 4 raw → 4 confirmed (vol≥1.5× body≥40%)
09:38:34 core.sweep_detector INFO: OrderBlocks: 4 detected, 0 unmitigated
09:38:34 core.sweep_detector INFO: FVGs: 9 detected, 5 unfilled
09:38:35 core.sweep_detector INFO: SweepDetector v2: 3 raw → 1 confirmed (vol≥1.5× body≥40%)
09:38:35 core.sweep_detector INFO: OrderBlocks: 3 detected, 2 unmitigated
09:38:35 core.sweep_detector INFO: FVGs: 5 detected, 1 unfilled
09:38:37 core.sweep_detector INFO: SweepDetector v2: 2 raw → 2 confirmed (vol≥1.5× body≥40%)
09:38:37 core.sweep_detector INFO: OrderBlocks: 6 detected, 1 unmitigated
09:38:37 core.sweep_detector INFO: FVGs: 8 detected, 3 unfilled
09:38:38 core.sweep_detector INFO: SweepDetector v2: 4 raw → 3 confirmed (vol≥1.5× body≥40%)
09:38:38 core.sweep_detector INFO: OrderBlocks: 2 detected, 1 unmitigated
09:38:38 core.sweep_detector INFO: FVGs: 4 detected, 2 unfilled
09:38:40 core.sweep_detector INFO: SweepDetector v2: 2 raw → 0 confirmed (vol≥1.5× body≥40%)
09:38:40 core.sweep_detector INFO: OrderBlocks: 7 detected, 0 unmitigated
09:38:40 core.sweep_detector INFO: FVGs: 7 detected, 2 unfilled
09:38:42 core.sweep_detector INFO: SweepDetector v2: 4 raw → 3 confirmed (vol≥1.5× body≥40%)
09:38:42 core.sweep_detector INFO: OrderBlocks: 6 detected, 1 unmitigated
09:38:42 core.sweep_detector INFO: FVGs: 8 detected, 5 unfilled
09:38:44 core.sweep_detector INFO: SweepDetector v2: 1 raw → 1 confirmed (vol≥1.5× body≥40%)
09:38:44 core.sweep_detector INFO: OrderBlocks: 1 detected, 0 unmitigated
09:38:44 core.sweep_detector INFO: FVGs: 9 detected, 1 unfilled
09:38:46 core.sweep_detector INFO: SweepDetector v2: 1 raw → 0 confirmed (vol≥1.5× body≥40%)
09:38:46 core.sweep_detector INFO: OrderBlocks: 1 detected, 0 unmitigated
09:38:46 core.sweep_detector INFO: FVGs: 7 detected, 2 unfilled
09:38:47 core.sweep_detector INFO: SweepDetector v2: 5 raw → 3 confirmed (vol≥1.5× body≥40%)
09:38:48 core.sweep_detector INFO: OrderBlocks: 5 detected, 1 unmitigated
09:38:48 core.sweep_detector INFO: FVGs: 9 detected, 3 unfilled
09:38:49 core.sweep_detector INFO: SweepDetector v2: 5 raw → 3 confirmed (vol≥1.5× body≥40%)
09:38:49 core.sweep_detector INFO: OrderBlocks: 3 detected, 2 unmitigated
09:38:49 core.sweep_detector INFO: FVGs: 8 detected, 2 unfilled
09:38:52 core.sweep_detector INFO: SweepDetector v2: 3 raw → 2 confirmed (vol≥1.5× body≥40%)
09:38:52 core.sweep_detector INFO: OrderBlocks: 3 detected, 0 unmitigated
09:38:52 core.sweep_detector INFO: FVGs: 5 detected, 0 unfilled
09:38:54 core.sweep_detector INFO: SweepDetector v2: 1 raw → 1 confirmed (vol≥1.5× body≥40%)
09:38:54 core.sweep_detector INFO: OrderBlocks: 2 detected, 2 unmitigated
09:38:54 core.sweep_detector INFO: FVGs: 9 detected, 5 unfilled
09:38:56 core.sweep_detector INFO: SweepDetector v2: 2 raw → 2 confirmed (vol≥1.5× body≥40%)
09:38:56 core.sweep_detector INFO: OrderBlocks: 3 detected, 1 unmitigated
09:38:56 core.sweep_detector INFO: FVGs: 6 detected, 2 unfilled
09:38:59 core.sweep_detector INFO: SweepDetector v2: 1 raw → 0 confirmed (vol≥1.5× body≥40%)
09:38:59 core.sweep_detector INFO: OrderBlocks: 7 detected, 1 unmitigated
09:38:59 core.sweep_detector INFO: FVGs: 14 detected, 3 unfilled
09:39:01 core.sweep_detector INFO: SweepDetector v2: 6 raw → 3 confirmed (vol≥1.5× body≥40%)
09:39:01 core.sweep_detector INFO: OrderBlocks: 3 detected, 0 unmitigated
09:39:01 core.sweep_detector INFO: FVGs: 0 detected, 0 unfilled
09:39:03 core.sweep_detector INFO: SweepDetector v2: 2 raw → 1 confirmed (vol≥1.5× body≥40%)
09:39:03 core.sweep_detector INFO: OrderBlocks: 0 detected, 0 unmitigated
09:39:03 core.sweep_detector INFO: FVGs: 0 detected, 0 unfilled
09:39:05 core.sweep_detector INFO: SweepDetector v2: 1 raw → 1 confirmed (vol≥1.5× body≥40%)
09:39:05 core.sweep_detector INFO: OrderBlocks: 1 detected, 1 unmitigated
09:39:05 core.sweep_detector INFO: FVGs: 0 detected, 0 unfilled
09:39:07 core.sweep_detector INFO: SweepDetector v2: 0 raw → 0 confirmed (vol≥1.5× body≥40%)
09:39:07 core.sweep_detector INFO: OrderBlocks: 0 detected, 0 unmitigated
09:39:07 core.sweep_detector INFO: FVGs: 0 detected, 0 unfilled
09:39:12 core.sweep_detector INFO: SweepDetector v2: 0 raw → 0 confirmed (vol≥1.5× body≥40%)
09:39:12 core.sweep_detector INFO: OrderBlocks: 0 detected, 0 unmitigated
09:39:12 core.sweep_detector INFO: FVGs: 0 detected, 0 unfilled
09:39:14 core.sweep_detector INFO: SweepDetector v2: 0 raw → 0 confirmed (vol≥1.5× body≥40%)
09:39:14 core.sweep_detector INFO: OrderBlocks: 0 detected, 0 unmitigated
09:39:14 core.sweep_detector INFO: FVGs: 0 detected, 0 unfilled
09:39:16 core.sweep_detector INFO: SweepDetector v2: 2 raw → 0 confirmed (vol≥1.5× body≥40%)
09:39:16 core.sweep_detector INFO: OrderBlocks: 5 detected, 2 unmitigated
09:39:16 core.sweep_detector INFO: FVGs: 11 detected, 3 unfilled
09:39:19 core.sweep_detector INFO: SweepDetector v2: 4 raw → 3 confirmed (vol≥1.5× body≥40%)
09:39:19 core.sweep_detector INFO: OrderBlocks: 5 detected, 0 unmitigated
09:39:19 core.sweep_detector INFO: FVGs: 9 detected, 1 unfilled
09:39:21 core.sweep_detector INFO: SweepDetector v2: 3 raw → 2 confirmed (vol≥1.5× body≥40%)
09:39:21 core.sweep_detector INFO: OrderBlocks: 3 detected, 1 unmitigated
09:39:21 core.sweep_detector INFO: FVGs: 5 detected, 0 unfilled
09:39:23 core.sweep_detector INFO: SweepDetector v2: 1 raw → 1 confirmed (vol≥1.5× body≥40%)
09:39:23 core.sweep_detector INFO: OrderBlocks: 8 detected, 3 unmitigated
09:39:23 core.sweep_detector INFO: FVGs: 10 detected, 3 unfilled
09:39:25 core.sweep_detector INFO: SweepDetector v2: 2 raw → 1 confirmed (vol≥1.5× body≥40%)
09:39:25 core.sweep_detector INFO: OrderBlocks: 2 detected, 2 unmitigated
09:39:25 core.sweep_detector INFO: FVGs: 9 detected, 4 unfilled
09:39:27 core.sweep_detector INFO: SweepDetector v2: 4 raw → 3 confirmed (vol≥1.5× body≥40%)
09:39:27 core.sweep_detector INFO: OrderBlocks: 7 detected, 1 unmitigated
09:39:27 core.sweep_detector INFO: FVGs: 6 detected, 2 unfilled
09:39:29 core.sweep_detector INFO: SweepDetector v2: 2 raw → 2 confirmed (vol≥1.5× body≥40%)
09:39:29 core.sweep_detector INFO: OrderBlocks: 7 detected, 2 unmitigated
09:39:29 core.sweep_detector INFO: FVGs: 11 detected, 3 unfilled
09:39:32 core.sweep_detector INFO: SweepDetector v2: 4 raw → 4 confirmed (vol≥1.5× body≥40%)
09:39:32 core.sweep_detector INFO: OrderBlocks: 4 detected, 1 unmitigated
09:39:32 core.sweep_detector INFO: FVGs: 11 detected, 5 unfilled
09:39:34 core.sweep_detector INFO: SweepDetector v2: 2 raw → 2 confirmed (vol≥1.5× body≥40%)
09:39:34 core.sweep_detector INFO: OrderBlocks: 5 detected, 2 unmitigated
09:39:34 core.sweep_detector INFO: FVGs: 3 detected, 2 unfilled
09:39:36 core.sweep_detector INFO: SweepDetector v2: 1 raw → 1 confirmed (vol≥1.5× body≥40%)
09:39:36 core.sweep_detector INFO: OrderBlocks: 5 detected, 4 unmitigated
09:39:36 core.sweep_detector INFO: FVGs: 6 detected, 4 unfilled
