12:50:02 __main__ INFO: Volume filter: fetching all tickers in one call...
12:50:03 __main__ INFO: Volume filter: 98/447 pairs pass $2M threshold
/root/.openclaw/workspace/projects/crypto-liquidity-hunter/main.py:292: DeprecationWarning: datetime.datetime.utcnow() is deprecated and scheduled for removal in a future version. Use timezone-aware objects to represent datetimes in UTC: datetime.datetime.now(datetime.UTC).
  scan_start = datetime.utcnow()   # for duration tracking
12:50:04 core.binance_connector INFO: BinanceConnector: connected [LIVE FUTURES MAINNET]
12:50:04 __main__ INFO: Auto-executor: account 'Liquiddbot1' mode=live exec=auto
12:50:06 core.sweep_detector INFO: SweepDetector v2: 0 raw → 0 confirmed (vol≥2.5× body≥30%)
12:50:06 core.sweep_detector INFO: OrderBlocks: 10 detected, 5 unmitigated
12:50:06 core.sweep_detector INFO: FVGs: 12 detected, 7 unfilled
12:50:08 core.sweep_detector INFO: SweepDetector v2: 2 raw → 2 confirmed (vol≥2.5× body≥30%)
12:50:08 core.sweep_detector INFO: OrderBlocks: 4 detected, 1 unmitigated
12:50:08 core.sweep_detector INFO: FVGs: 10 detected, 2 unfilled
12:50:10 core.sweep_detector INFO: SweepDetector v2: 2 raw → 2 confirmed (vol≥2.5× body≥30%)
12:50:10 core.sweep_detector INFO: OrderBlocks: 3 detected, 1 unmitigated
12:50:10 core.sweep_detector INFO: FVGs: 6 detected, 2 unfilled
12:50:12 core.sweep_detector INFO: SweepDetector v2: 1 raw → 1 confirmed (vol≥2.5× body≥30%)
12:50:12 core.sweep_detector INFO: OrderBlocks: 8 detected, 2 unmitigated
12:50:12 core.sweep_detector INFO: FVGs: 11 detected, 5 unfilled
12:50:13 core.sweep_detector INFO: SweepDetector v2: 2 raw → 1 confirmed (vol≥2.5× body≥30%)
12:50:13 core.sweep_detector INFO: OrderBlocks: 4 detected, 1 unmitigated
12:50:13 core.sweep_detector INFO: FVGs: 6 detected, 2 unfilled
12:50:15 core.sweep_detector INFO: SweepDetector v2: 2 raw → 2 confirmed (vol≥2.5× body≥30%)
12:50:15 core.sweep_detector INFO: OrderBlocks: 5 detected, 3 unmitigated
12:50:15 core.sweep_detector INFO: FVGs: 7 detected, 4 unfilled
12:50:17 core.sweep_detector INFO: SweepDetector v2: 3 raw → 2 confirmed (vol≥2.5× body≥30%)
12:50:17 core.sweep_detector INFO: OrderBlocks: 7 detected, 0 unmitigated
12:50:17 core.sweep_detector INFO: FVGs: 10 detected, 0 unfilled
12:50:18 core.sweep_detector INFO: SweepDetector v2: 1 raw → 0 confirmed (vol≥2.5× body≥30%)
12:50:18 core.sweep_detector INFO: OrderBlocks: 3 detected, 1 unmitigated
12:50:18 core.sweep_detector INFO: FVGs: 9 detected, 1 unfilled
12:50:20 core.sweep_detector INFO: SweepDetector v2: 0 raw → 0 confirmed (vol≥2.5× body≥30%)
12:50:20 core.sweep_detector INFO: OrderBlocks: 2 detected, 1 unmitigated
12:50:20 core.sweep_detector INFO: FVGs: 13 detected, 4 unfilled
12:50:22 core.sweep_detector INFO: SweepDetector v2: 2 raw → 1 confirmed (vol≥2.5× body≥30%)
12:50:22 core.sweep_detector INFO: OrderBlocks: 7 detected, 3 unmitigated
12:50:22 core.sweep_detector INFO: FVGs: 8 detected, 3 unfilled
12:50:23 core.sweep_detector INFO: SweepDetector v2: 1 raw → 1 confirmed (vol≥2.5× body≥30%)
12:50:24 core.sweep_detector INFO: OrderBlocks: 3 detected, 1 unmitigated
12:50:24 core.sweep_detector INFO: FVGs: 9 detected, 1 unfilled
12:50:25 core.sweep_detector INFO: SweepDetector v2: 1 raw → 1 confirmed (vol≥2.5× body≥30%)
12:50:25 core.sweep_detector INFO: OrderBlocks: 2 detected, 1 unmitigated
12:50:25 core.sweep_detector INFO: FVGs: 6 detected, 1 unfilled
12:50:27 core.sweep_detector INFO: SweepDetector v2: 2 raw → 1 confirmed (vol≥2.5× body≥30%)
12:50:27 core.sweep_detector INFO: OrderBlocks: 5 detected, 3 unmitigated
12:50:27 core.sweep_detector INFO: FVGs: 11 detected, 5 unfilled
12:50:29 core.sweep_detector INFO: SweepDetector v2: 1 raw → 1 confirmed (vol≥2.5× body≥30%)
12:50:29 core.sweep_detector INFO: OrderBlocks: 5 detected, 1 unmitigated
12:50:29 core.sweep_detector INFO: FVGs: 11 detected, 4 unfilled
12:50:31 core.sweep_detector INFO: SweepDetector v2: 3 raw → 3 confirmed (vol≥2.5× body≥30%)
12:50:31 core.sweep_detector INFO: OrderBlocks: 1 detected, 0 unmitigated
12:50:31 core.sweep_detector INFO: FVGs: 10 detected, 5 unfilled
12:50:32 core.sweep_detector INFO: SweepDetector v2: 5 raw → 5 confirmed (vol≥2.5× body≥30%)
12:50:32 core.sweep_detector INFO: OrderBlocks: 1 detected, 0 unmitigated
12:50:32 core.sweep_detector INFO: FVGs: 3 detected, 1 unfilled
12:50:34 core.sweep_detector INFO: SweepDetector v2: 2 raw → 2 confirmed (vol≥2.5× body≥30%)
12:50:34 core.sweep_detector INFO: OrderBlocks: 5 detected, 1 unmitigated
12:50:34 core.sweep_detector INFO: FVGs: 2 detected, 1 unfilled
12:50:35 core.sweep_detector INFO: SweepDetector v2: 1 raw → 1 confirmed (vol≥2.5× body≥30%)
12:50:35 core.sweep_detector INFO: OrderBlocks: 2 detected, 0 unmitigated
12:50:35 core.sweep_detector INFO: FVGs: 3 detected, 0 unfilled
12:50:37 core.sweep_detector INFO: SweepDetector v2: 2 raw → 1 confirmed (vol≥2.5× body≥30%)
12:50:37 core.sweep_detector INFO: OrderBlocks: 7 detected, 3 unmitigated
12:50:37 core.sweep_detector INFO: FVGs: 9 detected, 4 unfilled
12:50:39 core.sweep_detector INFO: SweepDetector v2: 1 raw → 0 confirmed (vol≥2.5× body≥30%)
12:50:39 core.sweep_detector INFO: OrderBlocks: 4 detected, 1 unmitigated
12:50:39 core.sweep_detector INFO: FVGs: 2 detected, 0 unfilled
12:50:40 core.sweep_detector INFO: SweepDetector v2: 2 raw → 2 confirmed (vol≥2.5× body≥30%)
12:50:40 core.sweep_detector INFO: OrderBlocks: 6 detected, 2 unmitigated
12:50:40 core.sweep_detector INFO: FVGs: 9 detected, 3 unfilled
12:50:42 core.sweep_detector INFO: SweepDetector v2: 2 raw → 2 confirmed (vol≥2.5× body≥30%)
12:50:42 core.sweep_detector INFO: OrderBlocks: 4 detected, 2 unmitigated
12:50:42 core.sweep_detector INFO: FVGs: 14 detected, 7 unfilled
12:50:43 core.sweep_detector INFO: SweepDetector v2: 1 raw → 1 confirmed (vol≥2.5× body≥30%)
12:50:43 core.sweep_detector INFO: OrderBlocks: 5 detected, 2 unmitigated
12:50:43 core.sweep_detector INFO: FVGs: 9 detected, 4 unfilled
12:50:45 core.sweep_detector INFO: SweepDetector v2: 2 raw → 2 confirmed (vol≥2.5× body≥30%)
12:50:45 core.sweep_detector INFO: OrderBlocks: 2 detected, 2 unmitigated
12:50:45 core.sweep_detector INFO: FVGs: 8 detected, 3 unfilled
12:50:47 core.sweep_detector INFO: SweepDetector v2: 2 raw → 2 confirmed (vol≥2.5× body≥30%)
12:50:47 core.sweep_detector INFO: OrderBlocks: 6 detected, 0 unmitigated
12:50:47 core.sweep_detector INFO: FVGs: 4 detected, 0 unfilled
12:50:49 core.sweep_detector INFO: SweepDetector v2: 1 raw → 1 confirmed (vol≥2.5× body≥30%)
12:50:49 core.sweep_detector INFO: OrderBlocks: 4 detected, 0 unmitigated
12:50:49 core.sweep_detector INFO: FVGs: 11 detected, 1 unfilled
12:50:50 core.sweep_detector INFO: SweepDetector v2: 1 raw → 0 confirmed (vol≥2.5× body≥30%)
12:50:50 core.sweep_detector INFO: OrderBlocks: 2 detected, 0 unmitigated
12:50:50 core.sweep_detector INFO: FVGs: 6 detected, 1 unfilled
12:50:52 core.sweep_detector INFO: SweepDetector v2: 1 raw → 1 confirmed (vol≥2.5× body≥30%)
12:50:52 core.sweep_detector INFO: OrderBlocks: 4 detected, 0 unmitigated
12:50:52 core.sweep_detector INFO: FVGs: 8 detected, 3 unfilled
12:50:53 core.sweep_detector INFO: SweepDetector v2: 0 raw → 0 confirmed (vol≥2.5× body≥30%)
12:50:53 core.sweep_detector INFO: OrderBlocks: 2 detected, 1 unmitigated
12:50:53 core.sweep_detector INFO: FVGs: 7 detected, 4 unfilled
12:50:55 core.sweep_detector INFO: SweepDetector v2: 0 raw → 0 confirmed (vol≥2.5× body≥30%)
12:50:55 core.sweep_detector INFO: OrderBlocks: 8 detected, 6 unmitigated
12:50:55 core.sweep_detector INFO: FVGs: 10 detected, 3 unfilled
12:50:57 core.sweep_detector INFO: SweepDetector v2: 4 raw → 4 confirmed (vol≥2.5× body≥30%)
12:50:57 core.sweep_detector INFO: OrderBlocks: 2 detected, 2 unmitigated
12:50:57 core.sweep_detector INFO: FVGs: 12 detected, 3 unfilled
12:50:59 core.sweep_detector INFO: SweepDetector v2: 1 raw → 1 confirmed (vol≥2.5× body≥30%)
12:50:59 core.sweep_detector INFO: OrderBlocks: 7 detected, 1 unmitigated
12:50:59 core.sweep_detector INFO: FVGs: 11 detected, 0 unfilled
12:51:00 core.sweep_detector INFO: SweepDetector v2: 2 raw → 1 confirmed (vol≥2.5× body≥30%)
12:51:00 core.sweep_detector INFO: OrderBlocks: 8 detected, 4 unmitigated
12:51:00 core.sweep_detector INFO: FVGs: 10 detected, 4 unfilled
12:51:02 core.sweep_detector INFO: SweepDetector v2: 0 raw → 0 confirmed (vol≥2.5× body≥30%)
12:51:02 core.sweep_detector INFO: OrderBlocks: 3 detected, 1 unmitigated
12:51:02 core.sweep_detector INFO: FVGs: 6 detected, 1 unfilled
12:51:04 core.sweep_detector INFO: SweepDetector v2: 3 raw → 3 confirmed (vol≥2.5× body≥30%)
12:51:04 core.sweep_detector INFO: OrderBlocks: 1 detected, 1 unmitigated
12:51:04 core.sweep_detector INFO: FVGs: 5 detected, 2 unfilled
12:51:05 core.sweep_detector INFO: SweepDetector v2: 2 raw → 2 confirmed (vol≥2.5× body≥30%)
12:51:05 core.sweep_detector INFO: OrderBlocks: 3 detected, 1 unmitigated
12:51:05 core.sweep_detector INFO: FVGs: 5 detected, 2 unfilled
12:51:07 core.sweep_detector INFO: SweepDetector v2: 0 raw → 0 confirmed (vol≥2.5× body≥30%)
12:51:07 core.sweep_detector INFO: OrderBlocks: 0 detected, 0 unmitigated
12:51:07 core.sweep_detector INFO: FVGs: 0 detected, 0 unfilled
12:51:09 core.sweep_detector INFO: SweepDetector v2: 0 raw → 0 confirmed (vol≥2.5× body≥30%)
12:51:09 core.sweep_detector INFO: OrderBlocks: 0 detected, 0 unmitigated
12:51:09 core.sweep_detector INFO: FVGs: 0 detected, 0 unfilled
12:51:11 core.sweep_detector INFO: SweepDetector v2: 0 raw → 0 confirmed (vol≥2.5× body≥30%)
12:51:11 core.sweep_detector INFO: OrderBlocks: 0 detected, 0 unmitigated
12:51:11 core.sweep_detector INFO: FVGs: 0 detected, 0 unfilled
12:51:12 core.sweep_detector INFO: SweepDetector v2: 1 raw → 1 confirmed (vol≥2.5× body≥30%)
12:51:12 core.sweep_detector INFO: OrderBlocks: 8 detected, 6 unmitigated
12:51:12 core.sweep_detector INFO: FVGs: 10 detected, 5 unfilled
12:51:14 core.sweep_detector INFO: SweepDetector v2: 1 raw → 1 confirmed (vol≥2.5× body≥30%)
12:51:14 core.sweep_detector INFO: OrderBlocks: 5 detected, 1 unmitigated
12:51:14 core.sweep_detector INFO: FVGs: 5 detected, 1 unfilled
12:51:15 core.sweep_detector INFO: SweepDetector v2: 1 raw → 1 confirmed (vol≥2.5× body≥30%)
12:51:15 core.sweep_detector INFO: OrderBlocks: 2 detected, 0 unmitigated
12:51:15 core.sweep_detector INFO: FVGs: 4 detected, 2 unfilled
12:51:18 core.sweep_detector INFO: SweepDetector v2: 1 raw → 1 confirmed (vol≥2.5× body≥30%)
12:51:18 core.sweep_detector INFO: OrderBlocks: 7 detected, 2 unmitigated
12:51:18 core.sweep_detector INFO: FVGs: 7 detected, 3 unfilled
12:51:19 core.sweep_detector INFO: SweepDetector v2: 1 raw → 1 confirmed (vol≥2.5× body≥30%)
12:51:19 core.sweep_detector INFO: OrderBlocks: 2 detected, 1 unmitigated
12:51:19 core.sweep_detector INFO: FVGs: 10 detected, 2 unfilled
12:51:21 core.sweep_detector INFO: SweepDetector v2: 1 raw → 1 confirmed (vol≥2.5× body≥30%)
12:51:21 core.sweep_detector INFO: OrderBlocks: 3 detected, 0 unmitigated
12:51:21 core.sweep_detector INFO: FVGs: 7 detected, 3 unfilled
12:51:23 core.sweep_detector INFO: SweepDetector v2: 0 raw → 0 confirmed (vol≥2.5× body≥30%)
12:51:23 core.sweep_detector INFO: OrderBlocks: 6 detected, 4 unmitigated
12:51:23 core.sweep_detector INFO: FVGs: 7 detected, 3 unfilled
12:51:24 core.sweep_detector INFO: SweepDetector v2: 2 raw → 1 confirmed (vol≥2.5× body≥30%)
12:51:24 core.sweep_detector INFO: OrderBlocks: 2 detected, 0 unmitigated
12:51:24 core.sweep_detector INFO: FVGs: 10 detected, 2 unfilled
12:51:26 core.sweep_detector INFO: SweepDetector v2: 1 raw → 1 confirmed (vol≥2.5× body≥30%)
12:51:26 core.sweep_detector INFO: OrderBlocks: 2 detected, 0 unmitigated
12:51:26 core.sweep_detector INFO: FVGs: 3 detected, 1 unfilled
12:51:28 core.sweep_detector INFO: SweepDetector v2: 7 raw → 5 confirmed (vol≥2.5× body≥30%)
12:51:28 core.sweep_detector INFO: OrderBlocks: 4 detected, 2 unmitigated
12:51:28 core.sweep_detector INFO: FVGs: 10 detected, 4 unfilled
12:51:29 core.sweep_detector INFO: SweepDetector v2: 4 raw → 2 confirmed (vol≥2.5× body≥30%)
12:51:29 core.sweep_detector INFO: OrderBlocks: 5 detected, 2 unmitigated
12:51:29 core.sweep_detector INFO: FVGs: 9 detected, 2 unfilled
12:51:31 core.sweep_detector INFO: SweepDetector v2: 0 raw → 0 confirmed (vol≥2.5× body≥30%)
12:51:31 core.sweep_detector INFO: OrderBlocks: 5 detected, 3 unmitigated
12:51:31 core.sweep_detector INFO: FVGs: 9 detected, 4 unfilled
12:51:32 core.sweep_detector INFO: SweepDetector v2: 1 raw → 1 confirmed (vol≥2.5× body≥30%)
12:51:32 core.sweep_detector INFO: OrderBlocks: 8 detected, 3 unmitigated
12:51:32 core.sweep_detector INFO: FVGs: 12 detected, 3 unfilled
12:51:34 core.sweep_detector INFO: SweepDetector v2: 2 raw → 1 confirmed (vol≥2.5× body≥30%)
12:51:34 core.sweep_detector INFO: OrderBlocks: 7 detected, 0 unmitigated
12:51:34 core.sweep_detector INFO: FVGs: 7 detected, 3 unfilled
12:51:36 core.sweep_detector INFO: SweepDetector v2: 2 raw → 2 confirmed (vol≥2.5× body≥30%)
12:51:36 core.sweep_detector INFO: OrderBlocks: 4 detected, 3 unmitigated
12:51:36 core.sweep_detector INFO: FVGs: 3 detected, 2 unfilled
12:51:37 core.sweep_detector INFO: SweepDetector v2: 0 raw → 0 confirmed (vol≥2.5× body≥30%)
12:51:37 core.sweep_detector INFO: OrderBlocks: 6 detected, 3 unmitigated
12:51:37 core.sweep_detector INFO: FVGs: 5 detected, 4 unfilled
12:51:39 core.sweep_detector INFO: SweepDetector v2: 1 raw → 1 confirmed (vol≥2.5× body≥30%)
12:51:39 core.sweep_detector INFO: OrderBlocks: 6 detected, 2 unmitigated
12:51:39 core.sweep_detector INFO: FVGs: 3 detected, 3 unfilled
12:51:40 core.sweep_detector INFO: SweepDetector v2: 1 raw → 0 confirmed (vol≥2.5× body≥30%)
12:51:40 core.sweep_detector INFO: OrderBlocks: 7 detected, 1 unmitigated
12:51:40 core.sweep_detector INFO: FVGs: 8 detected, 4 unfilled
12:51:42 core.sweep_detector INFO: SweepDetector v2: 0 raw → 0 confirmed (vol≥2.5× body≥30%)
12:51:42 core.sweep_detector INFO: OrderBlocks: 6 detected, 2 unmitigated
12:51:42 core.sweep_detector INFO: FVGs: 11 detected, 7 unfilled
12:51:44 core.sweep_detector INFO: SweepDetector v2: 3 raw → 2 confirmed (vol≥2.5× body≥30%)
12:51:44 core.sweep_detector INFO: OrderBlocks: 6 detected, 1 unmitigated
12:51:44 core.sweep_detector INFO: FVGs: 14 detected, 5 unfilled
12:51:45 core.sweep_detector INFO: SweepDetector v2: 0 raw → 0 confirmed (vol≥2.5× body≥30%)
12:51:45 core.sweep_detector INFO: OrderBlocks: 5 detected, 1 unmitigated
12:51:45 core.sweep_detector INFO: FVGs: 7 detected, 3 unfilled
12:51:47 core.sweep_detector INFO: SweepDetector v2: 0 raw → 0 confirmed (vol≥2.5× body≥30%)
12:51:47 core.sweep_detector INFO: OrderBlocks: 9 detected, 2 unmitigated
12:51:47 core.sweep_detector INFO: FVGs: 16 detected, 4 unfilled
12:51:48 core.sweep_detector INFO: SweepDetector v2: 3 raw → 2 confirmed (vol≥2.5× body≥30%)
12:51:48 core.sweep_detector INFO: OrderBlocks: 3 detected, 1 unmitigated
12:51:48 core.sweep_detector INFO: FVGs: 11 detected, 3 unfilled
12:51:50 core.sweep_detector INFO: SweepDetector v2: 2 raw → 2 confirmed (vol≥2.5× body≥30%)
12:51:50 core.sweep_detector INFO: OrderBlocks: 3 detected, 2 unmitigated
12:51:50 core.sweep_detector INFO: FVGs: 5 detected, 4 unfilled
12:51:52 core.sweep_detector INFO: SweepDetector v2: 4 raw → 2 confirmed (vol≥2.5× body≥30%)
12:51:52 core.sweep_detector INFO: OrderBlocks: 5 detected, 2 unmitigated
12:51:52 core.sweep_detector INFO: FVGs: 9 detected, 2 unfilled
12:51:53 core.sweep_detector INFO: SweepDetector v2: 5 raw → 4 confirmed (vol≥2.5× body≥30%)
12:51:53 core.sweep_detector INFO: OrderBlocks: 6 detected, 2 unmitigated
12:51:53 core.sweep_detector INFO: FVGs: 11 detected, 4 unfilled
12:51:55 core.sweep_detector INFO: SweepDetector v2: 3 raw → 2 confirmed (vol≥2.5× body≥30%)
12:51:55 core.sweep_detector INFO: OrderBlocks: 9 detected, 6 unmitigated
12:51:55 core.sweep_detector INFO: FVGs: 12 detected, 9 unfilled
12:51:57 core.sweep_detector INFO: SweepDetector v2: 3 raw → 2 confirmed (vol≥2.5× body≥30%)
12:51:57 core.sweep_detector INFO: OrderBlocks: 5 detected, 2 unmitigated
12:51:57 core.sweep_detector INFO: FVGs: 4 detected, 1 unfilled
12:51:59 core.sweep_detector INFO: SweepDetector v2: 2 raw → 1 confirmed (vol≥2.5× body≥30%)
12:51:59 core.sweep_detector INFO: OrderBlocks: 4 detected, 0 unmitigated
12:51:59 core.sweep_detector INFO: FVGs: 9 detected, 2 unfilled
12:52:00 core.sweep_detector INFO: SweepDetector v2: 0 raw → 0 confirmed (vol≥2.5× body≥30%)
12:52:00 core.sweep_detector INFO: OrderBlocks: 5 detected, 2 unmitigated
12:52:00 core.sweep_detector INFO: FVGs: 3 detected, 2 unfilled
12:52:02 core.sweep_detector INFO: SweepDetector v2: 1 raw → 1 confirmed (vol≥2.5× body≥30%)
12:52:02 core.sweep_detector INFO: OrderBlocks: 8 detected, 1 unmitigated
12:52:02 core.sweep_detector INFO: FVGs: 8 detected, 2 unfilled
12:52:04 core.sweep_detector INFO: SweepDetector v2: 0 raw → 0 confirmed (vol≥2.5× body≥30%)
12:52:04 core.sweep_detector INFO: OrderBlocks: 8 detected, 5 unmitigated
12:52:04 core.sweep_detector INFO: FVGs: 9 detected, 3 unfilled
12:52:05 core.sweep_detector INFO: SweepDetector v2: 0 raw → 0 confirmed (vol≥2.5× body≥30%)
12:52:05 core.sweep_detector INFO: OrderBlocks: 6 detected, 2 unmitigated
12:52:05 core.sweep_detector INFO: FVGs: 11 detected, 3 unfilled
12:52:07 core.sweep_detector INFO: SweepDetector v2: 0 raw → 0 confirmed (vol≥2.5× body≥30%)
12:52:07 core.sweep_detector INFO: OrderBlocks: 8 detected, 3 unmitigated
12:52:07 core.sweep_detector INFO: FVGs: 11 detected, 2 unfilled
12:52:08 core.sweep_detector INFO: SweepDetector v2: 4 raw → 3 confirmed (vol≥2.5× body≥30%)
12:52:08 core.sweep_detector INFO: OrderBlocks: 3 detected, 1 unmitigated
12:52:08 core.sweep_detector INFO: FVGs: 11 detected, 1 unfilled
12:52:10 core.sweep_detector INFO: SweepDetector v2: 1 raw → 1 confirmed (vol≥2.5× body≥30%)
12:52:10 core.sweep_detector INFO: OrderBlocks: 4 detected, 1 unmitigated
12:52:10 core.sweep_detector INFO: FVGs: 3 detected, 0 unfilled
12:52:12 core.sweep_detector INFO: SweepDetector v2: 1 raw → 0 confirmed (vol≥2.5× body≥30%)
12:52:12 core.sweep_detector INFO: OrderBlocks: 4 detected, 1 unmitigated
12:52:12 core.sweep_detector INFO: FVGs: 9 detected, 2 unfilled
12:52:13 core.sweep_detector INFO: SweepDetector v2: 3 raw → 3 confirmed (vol≥2.5× body≥30%)
12:52:13 core.sweep_detector INFO: OrderBlocks: 3 detected, 0 unmitigated
12:52:13 core.sweep_detector INFO: FVGs: 7 detected, 1 unfilled
12:52:15 core.sweep_detector INFO: SweepDetector v2: 2 raw → 2 confirmed (vol≥2.5× body≥30%)
12:52:15 core.sweep_detector INFO: OrderBlocks: 5 detected, 1 unmitigated
12:52:15 core.sweep_detector INFO: FVGs: 8 detected, 4 unfilled
12:52:17 core.sweep_detector INFO: SweepDetector v2: 2 raw → 2 confirmed (vol≥2.5× body≥30%)
12:52:17 core.sweep_detector INFO: OrderBlocks: 9 detected, 3 unmitigated
12:52:17 core.sweep_detector INFO: FVGs: 16 detected, 5 unfilled
12:52:18 core.sweep_detector INFO: SweepDetector v2: 1 raw → 1 confirmed (vol≥2.5× body≥30%)
12:52:18 core.sweep_detector INFO: OrderBlocks: 9 detected, 3 unmitigated
12:52:18 core.sweep_detector INFO: FVGs: 10 detected, 4 unfilled
12:52:20 core.sweep_detector INFO: SweepDetector v2: 2 raw → 2 confirmed (vol≥2.5× body≥30%)
12:52:20 core.sweep_detector INFO: OrderBlocks: 3 detected, 1 unmitigated
12:52:20 core.sweep_detector INFO: FVGs: 12 detected, 1 unfilled
12:52:22 core.sweep_detector INFO: SweepDetector v2: 1 raw → 1 confirmed (vol≥2.5× body≥30%)
12:52:22 core.sweep_detector INFO: OrderBlocks: 5 detected, 3 unmitigated
12:52:22 core.sweep_detector INFO: FVGs: 11 detected, 3 unfilled
12:52:23 core.sweep_detector INFO: SweepDetector v2: 4 raw → 3 confirmed (vol≥2.5× body≥30%)
12:52:23 core.sweep_detector INFO: OrderBlocks: 5 detected, 0 unmitigated
12:52:23 core.sweep_detector INFO: FVGs: 7 detected, 3 unfilled
12:52:25 core.sweep_detector INFO: SweepDetector v2: 5 raw → 3 confirmed (vol≥2.5× body≥30%)
12:52:25 core.sweep_detector INFO: OrderBlocks: 0 detected, 0 unmitigated
12:52:25 core.sweep_detector INFO: FVGs: 5 detected, 2 unfilled
12:52:27 core.sweep_detector INFO: SweepDetector v2: 2 raw → 1 confirmed (vol≥2.5× body≥30%)
12:52:27 core.sweep_detector INFO: OrderBlocks: 5 detected, 0 unmitigated
12:52:27 core.sweep_detector INFO: FVGs: 6 detected, 0 unfilled
12:52:28 core.sweep_detector INFO: SweepDetector v2: 1 raw → 0 confirmed (vol≥2.5× body≥30%)
12:52:28 core.sweep_detector INFO: OrderBlocks: 4 detected, 2 unmitigated
12:52:28 core.sweep_detector INFO: FVGs: 9 detected, 0 unfilled
12:52:30 core.sweep_detector INFO: SweepDetector v2: 4 raw → 2 confirmed (vol≥2.5× body≥30%)
12:52:30 core.sweep_detector INFO: OrderBlocks: 4 detected, 1 unmitigated
12:52:30 core.sweep_detector INFO: FVGs: 7 detected, 0 unfilled
12:52:32 core.sweep_detector INFO: SweepDetector v2: 2 raw → 1 confirmed (vol≥2.5× body≥30%)
12:52:32 core.sweep_detector INFO: OrderBlocks: 5 detected, 1 unmitigated
12:52:32 core.sweep_detector INFO: FVGs: 8 detected, 4 unfilled
12:52:33 core.sweep_detector INFO: SweepDetector v2: 2 raw → 2 confirmed (vol≥2.5× body≥30%)
12:52:33 core.sweep_detector INFO: OrderBlocks: 3 detected, 1 unmitigated
12:52:33 core.sweep_detector INFO: FVGs: 12 detected, 3 unfilled
12:52:36 core.sweep_detector INFO: SweepDetector v2: 1 raw → 1 confirmed (vol≥2.5× body≥30%)
12:52:36 core.sweep_detector INFO: OrderBlocks: 3 detected, 0 unmitigated
12:52:36 core.sweep_detector INFO: FVGs: 13 detected, 5 unfilled
12:52:37 core.sweep_detector INFO: SweepDetector v2: 2 raw → 1 confirmed (vol≥2.5× body≥30%)
12:52:37 core.sweep_detector INFO: OrderBlocks: 6 detected, 2 unmitigated
12:52:37 core.sweep_detector INFO: FVGs: 10 detected, 5 unfilled
12:52:39 core.sweep_detector INFO: SweepDetector v2: 3 raw → 1 confirmed (vol≥2.5× body≥30%)
12:52:39 core.sweep_detector INFO: OrderBlocks: 4 detected, 1 unmitigated
12:52:39 core.sweep_detector INFO: FVGs: 11 detected, 3 unfilled
12:52:41 core.sweep_detector INFO: SweepDetector v2: 2 raw → 2 confirmed (vol≥2.5× body≥30%)
12:52:41 core.sweep_detector INFO: OrderBlocks: 3 detected, 3 unmitigated
12:52:41 core.sweep_detector INFO: FVGs: 4 detected, 4 unfilled
12:52:43 core.sweep_detector INFO: SweepDetector v2: 0 raw → 0 confirmed (vol≥2.5× body≥30%)
12:52:43 core.sweep_detector INFO: OrderBlocks: 2 detected, 2 unmitigated
12:52:43 core.sweep_detector INFO: FVGs: 11 detected, 6 unfilled
12:52:44 core.sweep_detector INFO: SweepDetector v2: 2 raw → 2 confirmed (vol≥2.5× body≥30%)
12:52:44 core.sweep_detector INFO: OrderBlocks: 3 detected, 0 unmitigated
12:52:44 core.sweep_detector INFO: FVGs: 3 detected, 1 unfilled
12:52:46 core.sweep_detector INFO: SweepDetector v2: 1 raw → 1 confirmed (vol≥2.5× body≥30%)
12:52:46 core.sweep_detector INFO: OrderBlocks: 2 detected, 0 unmitigated
12:52:46 core.sweep_detector INFO: FVGs: 11 detected, 4 unfilled
12:52:48 core.sweep_detector INFO: SweepDetector v2: 0 raw → 0 confirmed (vol≥2.5× body≥30%)
12:52:48 core.sweep_detector INFO: OrderBlocks: 5 detected, 1 unmitigated
12:52:48 core.sweep_detector INFO: FVGs: 0 detected, 0 unfilled
12:52:49 core.sweep_detector INFO: SweepDetector v2: 0 raw → 0 confirmed (vol≥2.5× body≥30%)
12:52:49 core.sweep_detector INFO: OrderBlocks: 4 detected, 1 unmitigated
12:52:49 core.sweep_detector INFO: FVGs: 1 detected, 1 unfilled
12:52:51 core.sweep_detector INFO: SweepDetector v2: 0 raw → 0 confirmed (vol≥2.5× body≥30%)
12:52:51 core.sweep_detector INFO: OrderBlocks: 3 detected, 1 unmitigated
12:52:51 core.sweep_detector INFO: FVGs: 0 detected, 0 unfilled
12:52:52 core.sweep_detector INFO: SweepDetector v2: 0 raw → 0 confirmed (vol≥2.5× body≥30%)
12:52:52 core.sweep_detector INFO: OrderBlocks: 0 detected, 0 unmitigated
12:52:52 core.sweep_detector INFO: FVGs: 0 detected, 0 unfilled
12:52:54 core.sweep_detector INFO: SweepDetector v2: 0 raw → 0 confirmed (vol≥2.5× body≥30%)
12:52:54 core.sweep_detector INFO: OrderBlocks: 1 detected, 1 unmitigated
12:52:54 core.sweep_detector INFO: FVGs: 0 detected, 0 unfilled
12:52:56 core.sweep_detector INFO: SweepDetector v2: 0 raw → 0 confirmed (vol≥2.5× body≥30%)
12:52:56 core.sweep_detector INFO: OrderBlocks: 0 detected, 0 unmitigated
12:52:56 core.sweep_detector INFO: FVGs: 0 detected, 0 unfilled
12:52:58 core.sweep_detector INFO: SweepDetector v2: 0 raw → 0 confirmed (vol≥2.5× body≥30%)
12:52:58 core.sweep_detector INFO: OrderBlocks: 6 detected, 2 unmitigated
12:52:58 core.sweep_detector INFO: FVGs: 13 detected, 4 unfilled
12:52:59 core.sweep_detector INFO: SweepDetector v2: 1 raw → 1 confirmed (vol≥2.5× body≥30%)
12:52:59 core.sweep_detector INFO: OrderBlocks: 3 detected, 1 unmitigated
12:52:59 core.sweep_detector INFO: FVGs: 11 detected, 3 unfilled
12:53:01 core.sweep_detector INFO: SweepDetector v2: 2 raw → 2 confirmed (vol≥2.5× body≥30%)
12:53:01 core.sweep_detector INFO: OrderBlocks: 5 detected, 2 unmitigated
12:53:01 core.sweep_detector INFO: FVGs: 7 detected, 3 unfilled
12:53:03 core.sweep_detector INFO: SweepDetector v2: 0 raw → 0 confirmed (vol≥2.5× body≥30%)
12:53:03 core.sweep_detector INFO: OrderBlocks: 8 detected, 4 unmitigated
12:53:03 core.sweep_detector INFO: FVGs: 10 detected, 5 unfilled
12:53:04 core.sweep_detector INFO: SweepDetector v2: 2 raw → 1 confirmed (vol≥2.5× body≥30%)
12:53:04 core.sweep_detector INFO: OrderBlocks: 4 detected, 0 unmitigated
12:53:04 core.sweep_detector INFO: FVGs: 11 detected, 3 unfilled
12:53:06 core.sweep_detector INFO: SweepDetector v2: 2 raw → 2 confirmed (vol≥2.5× body≥30%)
12:53:06 core.sweep_detector INFO: OrderBlocks: 2 detected, 0 unmitigated
12:53:06 core.sweep_detector INFO: FVGs: 10 detected, 6 unfilled
12:53:08 core.sweep_detector INFO: SweepDetector v2: 0 raw → 0 confirmed (vol≥2.5× body≥30%)
12:53:08 core.sweep_detector INFO: OrderBlocks: 8 detected, 3 unmitigated
12:53:08 core.sweep_detector INFO: FVGs: 12 detected, 4 unfilled
12:53:09 core.sweep_detector INFO: SweepDetector v2: 1 raw → 1 confirmed (vol≥2.5× body≥30%)
12:53:09 core.sweep_detector INFO: OrderBlocks: 8 detected, 1 unmitigated
12:53:09 core.sweep_detector INFO: FVGs: 12 detected, 3 unfilled
12:53:11 core.sweep_detector INFO: SweepDetector v2: 4 raw → 3 confirmed (vol≥2.5× body≥30%)
12:53:11 core.sweep_detector INFO: OrderBlocks: 2 detected, 1 unmitigated
12:53:11 core.sweep_detector INFO: FVGs: 7 detected, 2 unfilled
12:53:13 core.sweep_detector INFO: SweepDetector v2: 2 raw → 2 confirmed (vol≥2.5× body≥30%)
12:53:13 core.sweep_detector INFO: OrderBlocks: 6 detected, 0 unmitigated
12:53:13 core.sweep_detector INFO: FVGs: 4 detected, 0 unfilled
12:53:14 core.sweep_detector INFO: SweepDetector v2: 6 raw → 6 confirmed (vol≥2.5× body≥30%)
12:53:14 core.sweep_detector INFO: OrderBlocks: 2 detected, 0 unmitigated
12:53:14 core.sweep_detector INFO: FVGs: 9 detected, 0 unfilled
12:53:16 core.sweep_detector INFO: SweepDetector v2: 5 raw → 4 confirmed (vol≥2.5× body≥30%)
12:53:16 core.sweep_detector INFO: OrderBlocks: 0 detected, 0 unmitigated
12:53:16 core.sweep_detector INFO: FVGs: 0 detected, 0 unfilled
12:53:18 core.sweep_detector INFO: SweepDetector v2: 1 raw → 1 confirmed (vol≥2.5× body≥30%)
12:53:18 core.sweep_detector INFO: OrderBlocks: 7 detected, 4 unmitigated
12:53:18 core.sweep_detector INFO: FVGs: 9 detected, 3 unfilled
12:53:20 core.sweep_detector INFO: SweepDetector v2: 1 raw → 1 confirmed (vol≥2.5× body≥30%)
12:53:20 core.sweep_detector INFO: OrderBlocks: 3 detected, 1 unmitigated
12:53:20 core.sweep_detector INFO: FVGs: 6 detected, 2 unfilled
12:53:22 core.sweep_detector INFO: SweepDetector v2: 1 raw → 1 confirmed (vol≥2.5× body≥30%)
12:53:22 core.sweep_detector INFO: OrderBlocks: 4 detected, 1 unmitigated
12:53:22 core.sweep_detector INFO: FVGs: 8 detected, 1 unfilled
12:53:23 core.sweep_detector INFO: SweepDetector v2: 3 raw → 2 confirmed (vol≥2.5× body≥30%)
12:53:23 core.sweep_detector INFO: OrderBlocks: 7 detected, 3 unmitigated
12:53:23 core.sweep_detector INFO: FVGs: 14 detected, 3 unfilled
12:53:25 core.sweep_detector INFO: SweepDetector v2: 2 raw → 0 confirmed (vol≥2.5× body≥30%)
12:53:25 core.sweep_detector INFO: OrderBlocks: 8 detected, 3 unmitigated
12:53:25 core.sweep_detector INFO: FVGs: 14 detected, 3 unfilled
12:53:26 core.sweep_detector INFO: SweepDetector v2: 3 raw → 0 confirmed (vol≥2.5× body≥30%)
12:53:26 core.sweep_detector INFO: OrderBlocks: 10 detected, 3 unmitigated
12:53:26 core.sweep_detector INFO: FVGs: 10 detected, 3 unfilled
12:53:28 core.sweep_detector INFO: SweepDetector v2: 2 raw → 2 confirmed (vol≥2.5× body≥30%)
12:53:28 core.sweep_detector INFO: OrderBlocks: 10 detected, 3 unmitigated
12:53:28 core.sweep_detector INFO: FVGs: 8 detected, 3 unfilled
12:53:30 core.sweep_detector INFO: SweepDetector v2: 1 raw → 1 confirmed (vol≥2.5× body≥30%)
12:53:30 core.sweep_detector INFO: OrderBlocks: 2 detected, 0 unmitigated
12:53:30 core.sweep_detector INFO: FVGs: 9 detected, 2 unfilled
12:53:31 core.sweep_detector INFO: SweepDetector v2: 4 raw → 3 confirmed (vol≥2.5× body≥30%)
12:53:31 core.sweep_detector INFO: OrderBlocks: 3 detected, 0 unmitigated
12:53:31 core.sweep_detector INFO: FVGs: 7 detected, 2 unfilled
12:53:33 core.sweep_detector INFO: SweepDetector v2: 1 raw → 1 confirmed (vol≥2.5× body≥30%)
12:53:33 core.sweep_detector INFO: OrderBlocks: 7 detected, 2 unmitigated
12:53:33 core.sweep_detector INFO: FVGs: 9 detected, 4 unfilled
12:53:34 core.sweep_detector INFO: SweepDetector v2: 2 raw → 2 confirmed (vol≥2.5× body≥30%)
12:53:35 core.sweep_detector INFO: OrderBlocks: 5 detected, 1 unmitigated
12:53:35 core.sweep_detector INFO: FVGs: 13 detected, 5 unfilled
12:53:36 core.sweep_detector INFO: SweepDetector v2: 3 raw → 3 confirmed (vol≥2.5× body≥30%)
12:53:36 core.sweep_detector INFO: OrderBlocks: 4 detected, 1 unmitigated
12:53:36 core.sweep_detector INFO: FVGs: 9 detected, 6 unfilled
12:53:38 core.sweep_detector INFO: SweepDetector v2: 2 raw → 1 confirmed (vol≥2.5× body≥30%)
12:53:38 core.sweep_detector INFO: OrderBlocks: 3 detected, 0 unmitigated
12:53:38 core.sweep_detector INFO: FVGs: 7 detected, 1 unfilled
12:53:39 core.sweep_detector INFO: SweepDetector v2: 0 raw → 0 confirmed (vol≥2.5× body≥30%)
12:53:39 core.sweep_detector INFO: OrderBlocks: 10 detected, 4 unmitigated
12:53:39 core.sweep_detector INFO: FVGs: 8 detected, 3 unfilled
12:53:41 core.sweep_detector INFO: SweepDetector v2: 1 raw → 1 confirmed (vol≥2.5× body≥30%)
12:53:41 core.sweep_detector INFO: OrderBlocks: 7 detected, 3 unmitigated
12:53:41 core.sweep_detector INFO: FVGs: 13 detected, 6 unfilled
12:53:43 core.sweep_detector INFO: SweepDetector v2: 0 raw → 0 confirmed (vol≥2.5× body≥30%)
12:53:43 core.sweep_detector INFO: OrderBlocks: 2 detected, 1 unmitigated
12:53:43 core.sweep_detector INFO: FVGs: 11 detected, 2 unfilled
12:53:44 core.sweep_detector INFO: SweepDetector v2: 0 raw → 0 confirmed (vol≥2.5× body≥30%)
12:53:44 core.sweep_detector INFO: OrderBlocks: 2 detected, 0 unmitigated
12:53:44 core.sweep_detector INFO: FVGs: 8 detected, 0 unfilled
12:53:46 core.sweep_detector INFO: SweepDetector v2: 2 raw → 2 confirmed (vol≥2.5× body≥30%)
12:53:46 core.sweep_detector INFO: OrderBlocks: 3 detected, 0 unmitigated
12:53:46 core.sweep_detector INFO: FVGs: 6 detected, 0 unfilled
12:53:48 core.sweep_detector INFO: SweepDetector v2: 0 raw → 0 confirmed (vol≥2.5× body≥30%)
12:53:48 core.sweep_detector INFO: OrderBlocks: 7 detected, 3 unmitigated
12:53:48 core.sweep_detector INFO: FVGs: 12 detected, 7 unfilled
12:53:49 core.sweep_detector INFO: SweepDetector v2: 1 raw → 1 confirmed (vol≥2.5× body≥30%)
12:53:49 core.sweep_detector INFO: OrderBlocks: 3 detected, 2 unmitigated
12:53:49 core.sweep_detector INFO: FVGs: 11 detected, 2 unfilled
12:53:51 core.sweep_detector INFO: SweepDetector v2: 0 raw → 0 confirmed (vol≥2.5× body≥30%)
12:53:51 core.sweep_detector INFO: OrderBlocks: 11 detected, 4 unmitigated
12:53:51 core.sweep_detector INFO: FVGs: 11 detected, 6 unfilled
12:53:53 core.sweep_detector INFO: SweepDetector v2: 1 raw → 0 confirmed (vol≥2.5× body≥30%)
12:53:53 core.sweep_detector INFO: OrderBlocks: 9 detected, 3 unmitigated
12:53:53 core.sweep_detector INFO: FVGs: 8 detected, 2 unfilled
12:53:54 core.sweep_detector INFO: SweepDetector v2: 2 raw → 1 confirmed (vol≥2.5× body≥30%)
12:53:54 core.sweep_detector INFO: OrderBlocks: 2 detected, 1 unmitigated
12:53:54 core.sweep_detector INFO: FVGs: 9 detected, 3 unfilled
12:53:57 core.sweep_detector INFO: SweepDetector v2: 0 raw → 0 confirmed (vol≥2.5× body≥30%)
12:53:57 core.sweep_detector INFO: OrderBlocks: 6 detected, 2 unmitigated
12:53:57 core.sweep_detector INFO: FVGs: 8 detected, 5 unfilled
12:53:58 core.sweep_detector INFO: SweepDetector v2: 1 raw → 1 confirmed (vol≥2.5× body≥30%)
12:53:59 core.sweep_detector INFO: OrderBlocks: 6 detected, 3 unmitigated
12:53:59 core.sweep_detector INFO: FVGs: 10 detected, 6 unfilled
12:54:00 core.sweep_detector INFO: SweepDetector v2: 3 raw → 1 confirmed (vol≥2.5× body≥30%)
12:54:00 core.sweep_detector INFO: OrderBlocks: 6 detected, 3 unmitigated
12:54:00 core.sweep_detector INFO: FVGs: 9 detected, 4 unfilled
12:54:02 core.sweep_detector INFO: SweepDetector v2: 1 raw → 1 confirmed (vol≥2.5× body≥30%)
12:54:02 core.sweep_detector INFO: OrderBlocks: 2 detected, 2 unmitigated
12:54:02 core.sweep_detector INFO: FVGs: 4 detected, 2 unfilled
12:54:04 core.sweep_detector INFO: SweepDetector v2: 0 raw → 0 confirmed (vol≥2.5× body≥30%)
12:54:04 core.sweep_detector INFO: OrderBlocks: 6 detected, 2 unmitigated
12:54:04 core.sweep_detector INFO: FVGs: 3 detected, 2 unfilled
12:54:06 core.sweep_detector INFO: SweepDetector v2: 2 raw → 2 confirmed (vol≥2.5× body≥30%)
12:54:06 core.sweep_detector INFO: OrderBlocks: 6 detected, 0 unmitigated
12:54:06 core.sweep_detector INFO: FVGs: 9 detected, 1 unfilled
12:54:08 core.sweep_detector INFO: SweepDetector v2: 1 raw → 1 confirmed (vol≥2.5× body≥30%)
12:54:08 core.sweep_detector INFO: OrderBlocks: 1 detected, 0 unmitigated
12:54:08 core.sweep_detector INFO: FVGs: 6 detected, 0 unfilled
12:54:10 core.sweep_detector INFO: SweepDetector v2: 1 raw → 1 confirmed (vol≥2.5× body≥30%)
12:54:10 core.sweep_detector INFO: OrderBlocks: 9 detected, 2 unmitigated
12:54:10 core.sweep_detector INFO: FVGs: 5 detected, 4 unfilled
12:54:11 core.sweep_detector INFO: SweepDetector v2: 3 raw → 2 confirmed (vol≥2.5× body≥30%)
12:54:11 core.sweep_detector INFO: OrderBlocks: 4 detected, 1 unmitigated
12:54:11 core.sweep_detector INFO: FVGs: 6 detected, 2 unfilled
12:54:13 core.sweep_detector INFO: SweepDetector v2: 1 raw → 1 confirmed (vol≥2.5× body≥30%)
12:54:13 core.sweep_detector INFO: OrderBlocks: 6 detected, 3 unmitigated
12:54:13 core.sweep_detector INFO: FVGs: 7 detected, 2 unfilled
12:54:15 core.sweep_detector INFO: SweepDetector v2: 0 raw → 0 confirmed (vol≥2.5× body≥30%)
12:54:15 core.sweep_detector INFO: OrderBlocks: 4 detected, 2 unmitigated
12:54:15 core.sweep_detector INFO: FVGs: 13 detected, 4 unfilled
12:54:17 core.sweep_detector INFO: SweepDetector v2: 1 raw → 1 confirmed (vol≥2.5× body≥30%)
12:54:17 core.sweep_detector INFO: OrderBlocks: 5 detected, 0 unmitigated
12:54:17 core.sweep_detector INFO: FVGs: 10 detected, 3 unfilled
12:54:18 core.sweep_detector INFO: SweepDetector v2: 2 raw → 1 confirmed (vol≥2.5× body≥30%)
12:54:18 core.sweep_detector INFO: OrderBlocks: 5 detected, 3 unmitigated
12:54:18 core.sweep_detector INFO: FVGs: 7 detected, 3 unfilled
12:54:20 core.sweep_detector INFO: SweepDetector v2: 3 raw → 2 confirmed (vol≥2.5× body≥30%)
12:54:20 core.sweep_detector INFO: OrderBlocks: 11 detected, 4 unmitigated
12:54:20 core.sweep_detector INFO: FVGs: 14 detected, 1 unfilled
12:54:22 core.sweep_detector INFO: SweepDetector v2: 3 raw → 1 confirmed (vol≥2.5× body≥30%)
12:54:22 core.sweep_detector INFO: OrderBlocks: 5 detected, 0 unmitigated
12:54:22 core.sweep_detector INFO: FVGs: 12 detected, 4 unfilled
12:54:23 core.sweep_detector INFO: SweepDetector v2: 2 raw → 2 confirmed (vol≥2.5× body≥30%)
12:54:23 core.sweep_detector INFO: OrderBlocks: 0 detected, 0 unmitigated
12:54:23 core.sweep_detector INFO: FVGs: 10 detected, 4 unfilled
12:54:25 core.sweep_detector INFO: SweepDetector v2: 2 raw → 2 confirmed (vol≥2.5× body≥30%)
12:54:25 core.sweep_detector INFO: OrderBlocks: 3 detected, 1 unmitigated
12:54:25 core.sweep_detector INFO: FVGs: 7 detected, 2 unfilled
12:54:27 core.sweep_detector INFO: SweepDetector v2: 0 raw → 0 confirmed (vol≥2.5× body≥30%)
12:54:27 core.sweep_detector INFO: OrderBlocks: 2 detected, 1 unmitigated
12:54:27 core.sweep_detector INFO: FVGs: 11 detected, 5 unfilled
12:54:29 core.sweep_detector INFO: SweepDetector v2: 1 raw → 0 confirmed (vol≥2.5× body≥30%)
12:54:29 core.sweep_detector INFO: OrderBlocks: 1 detected, 0 unmitigated
12:54:29 core.sweep_detector INFO: FVGs: 7 detected, 3 unfilled
12:54:30 core.sweep_detector INFO: SweepDetector v2: 2 raw → 2 confirmed (vol≥2.5× body≥30%)
12:54:30 core.sweep_detector INFO: OrderBlocks: 15 detected, 3 unmitigated
12:54:30 core.sweep_detector INFO: FVGs: 16 detected, 2 unfilled
12:54:32 core.sweep_detector INFO: SweepDetector v2: 3 raw → 3 confirmed (vol≥2.5× body≥30%)
12:54:32 core.sweep_detector INFO: OrderBlocks: 5 detected, 2 unmitigated
12:54:32 core.sweep_detector INFO: FVGs: 8 detected, 1 unfilled
12:54:34 core.sweep_detector INFO: SweepDetector v2: 2 raw → 1 confirmed (vol≥2.5× body≥30%)
12:54:34 core.sweep_detector INFO: OrderBlocks: 2 detected, 1 unmitigated
12:54:34 core.sweep_detector INFO: FVGs: 9 detected, 3 unfilled
12:54:36 core.sweep_detector INFO: SweepDetector v2: 6 raw → 3 confirmed (vol≥2.5× body≥30%)
12:54:36 core.sweep_detector INFO: OrderBlocks: 6 detected, 4 unmitigated
12:54:36 core.sweep_detector INFO: FVGs: 10 detected, 5 unfilled
12:54:37 core.sweep_detector INFO: SweepDetector v2: 5 raw → 4 confirmed (vol≥2.5× body≥30%)
12:54:37 core.sweep_detector INFO: OrderBlocks: 4 detected, 1 unmitigated
12:54:37 core.sweep_detector INFO: FVGs: 6 detected, 1 unfilled
12:54:39 core.sweep_detector INFO: SweepDetector v2: 1 raw → 1 confirmed (vol≥2.5× body≥30%)
12:54:39 core.sweep_detector INFO: OrderBlocks: 1 detected, 0 unmitigated
12:54:39 core.sweep_detector INFO: FVGs: 6 detected, 2 unfilled
12:54:41 core.sweep_detector INFO: SweepDetector v2: 1 raw → 1 confirmed (vol≥2.5× body≥30%)
12:54:41 core.sweep_detector INFO: OrderBlocks: 5 detected, 1 unmitigated
12:54:41 core.sweep_detector INFO: FVGs: 8 detected, 3 unfilled
12:54:42 core.sweep_detector INFO: SweepDetector v2: 4 raw → 4 confirmed (vol≥2.5× body≥30%)
12:54:42 core.sweep_detector INFO: OrderBlocks: 6 detected, 1 unmitigated
12:54:42 core.sweep_detector INFO: FVGs: 9 detected, 3 unfilled
12:54:44 core.sweep_detector INFO: SweepDetector v2: 3 raw → 3 confirmed (vol≥2.5× body≥30%)
12:54:44 core.sweep_detector INFO: OrderBlocks: 2 detected, 1 unmitigated
12:54:44 core.sweep_detector INFO: FVGs: 12 detected, 5 unfilled
12:54:46 core.sweep_detector INFO: SweepDetector v2: 1 raw → 1 confirmed (vol≥2.5× body≥30%)
12:54:46 core.sweep_detector INFO: OrderBlocks: 5 detected, 1 unmitigated
12:54:46 core.sweep_detector INFO: FVGs: 12 detected, 5 unfilled
12:54:47 core.sweep_detector INFO: SweepDetector v2: 2 raw → 0 confirmed (vol≥2.5× body≥30%)
12:54:47 core.sweep_detector INFO: OrderBlocks: 6 detected, 1 unmitigated
12:54:47 core.sweep_detector INFO: FVGs: 9 detected, 1 unfilled
12:54:49 core.sweep_detector INFO: SweepDetector v2: 1 raw → 1 confirmed (vol≥2.5× body≥30%)
12:54:49 core.sweep_detector INFO: OrderBlocks: 4 detected, 2 unmitigated
12:54:49 core.sweep_detector INFO: FVGs: 4 detected, 2 unfilled
12:54:51 core.sweep_detector INFO: SweepDetector v2: 3 raw → 2 confirmed (vol≥2.5× body≥30%)
12:54:51 core.sweep_detector INFO: OrderBlocks: 5 detected, 1 unmitigated
12:54:51 core.sweep_detector INFO: FVGs: 7 detected, 0 unfilled
12:54:53 core.sweep_detector INFO: SweepDetector v2: 2 raw → 2 confirmed (vol≥2.5× body≥30%)
12:54:53 core.sweep_detector INFO: OrderBlocks: 5 detected, 1 unmitigated
12:54:53 core.sweep_detector INFO: FVGs: 6 detected, 3 unfilled
12:54:55 core.sweep_detector INFO: SweepDetector v2: 0 raw → 0 confirmed (vol≥2.5× body≥30%)
12:54:55 core.sweep_detector INFO: OrderBlocks: 7 detected, 4 unmitigated
12:54:55 core.sweep_detector INFO: FVGs: 6 detected, 4 unfilled
12:54:56 core.sweep_detector INFO: SweepDetector v2: 0 raw → 0 confirmed (vol≥2.5× body≥30%)
12:54:56 core.sweep_detector INFO: OrderBlocks: 8 detected, 4 unmitigated
12:54:56 core.sweep_detector INFO: FVGs: 10 detected, 4 unfilled
12:54:58 core.sweep_detector INFO: SweepDetector v2: 4 raw → 3 confirmed (vol≥2.5× body≥30%)
12:54:59 core.sweep_detector INFO: OrderBlocks: 5 detected, 1 unmitigated
12:54:59 core.sweep_detector INFO: FVGs: 11 detected, 2 unfilled
12:55:00 core.sweep_detector INFO: SweepDetector v2: 2 raw → 2 confirmed (vol≥2.5× body≥30%)
12:55:00 core.sweep_detector INFO: OrderBlocks: 2 detected, 1 unmitigated
12:55:00 core.sweep_detector INFO: FVGs: 8 detected, 3 unfilled
12:55:02 core.sweep_detector INFO: SweepDetector v2: 1 raw → 1 confirmed (vol≥2.5× body≥30%)
12:55:02 core.sweep_detector INFO: OrderBlocks: 4 detected, 2 unmitigated
12:55:02 core.sweep_detector INFO: FVGs: 5 detected, 2 unfilled
12:55:04 core.sweep_detector INFO: SweepDetector v2: 3 raw → 3 confirmed (vol≥2.5× body≥30%)
12:55:04 core.sweep_detector INFO: OrderBlocks: 4 detected, 0 unmitigated
12:55:04 core.sweep_detector INFO: FVGs: 4 detected, 1 unfilled
12:55:05 core.sweep_detector INFO: SweepDetector v2: 1 raw → 1 confirmed (vol≥2.5× body≥30%)
12:55:05 core.sweep_detector INFO: OrderBlocks: 0 detected, 0 unmitigated
12:55:05 core.sweep_detector INFO: FVGs: 1 detected, 0 unfilled
12:55:07 core.sweep_detector INFO: SweepDetector v2: 2 raw → 2 confirmed (vol≥2.5× body≥30%)
12:55:07 core.sweep_detector INFO: OrderBlocks: 10 detected, 4 unmitigated
12:55:07 core.sweep_detector INFO: FVGs: 10 detected, 4 unfilled
12:55:08 core.sweep_detector INFO: SweepDetector v2: 5 raw → 3 confirmed (vol≥2.5× body≥30%)
12:55:09 core.sweep_detector INFO: OrderBlocks: 2 detected, 1 unmitigated
12:55:09 core.sweep_detector INFO: FVGs: 8 detected, 2 unfilled
12:55:10 core.sweep_detector INFO: SweepDetector v2: 2 raw → 1 confirmed (vol≥2.5× body≥30%)
12:55:10 core.sweep_detector INFO: OrderBlocks: 2 detected, 0 unmitigated
12:55:10 core.sweep_detector INFO: FVGs: 9 detected, 2 unfilled
12:55:12 core.sweep_detector INFO: SweepDetector v2: 1 raw → 0 confirmed (vol≥2.5× body≥30%)
12:55:12 core.sweep_detector INFO: OrderBlocks: 5 detected, 1 unmitigated
12:55:12 core.sweep_detector INFO: FVGs: 5 detected, 2 unfilled
12:55:13 core.sweep_detector INFO: SweepDetector v2: 4 raw → 4 confirmed (vol≥2.5× body≥30%)
12:55:13 core.sweep_detector INFO: OrderBlocks: 2 detected, 0 unmitigated
12:55:13 core.sweep_detector INFO: FVGs: 8 detected, 1 unfilled
12:55:15 core.sweep_detector INFO: SweepDetector v2: 1 raw → 1 confirmed (vol≥2.5× body≥30%)
12:55:15 core.sweep_detector INFO: OrderBlocks: 4 detected, 1 unmitigated
12:55:15 core.sweep_detector INFO: FVGs: 8 detected, 0 unfilled
12:55:17 core.sweep_detector INFO: SweepDetector v2: 2 raw → 2 confirmed (vol≥2.5× body≥30%)
12:55:17 core.sweep_detector INFO: OrderBlocks: 8 detected, 4 unmitigated
12:55:17 core.sweep_detector INFO: FVGs: 9 detected, 2 unfilled
12:55:19 core.sweep_detector INFO: SweepDetector v2: 2 raw → 1 confirmed (vol≥2.5× body≥30%)
12:55:19 core.sweep_detector INFO: OrderBlocks: 4 detected, 1 unmitigated
12:55:19 core.sweep_detector INFO: FVGs: 7 detected, 3 unfilled
12:55:21 core.sweep_detector INFO: SweepDetector v2: 1 raw → 1 confirmed (vol≥2.5× body≥30%)
12:55:21 core.sweep_detector INFO: OrderBlocks: 1 detected, 0 unmitigated
12:55:21 core.sweep_detector INFO: FVGs: 10 detected, 4 unfilled
12:55:22 core.sweep_detector INFO: SweepDetector v2: 0 raw → 0 confirmed (vol≥2.5× body≥30%)
12:55:22 core.sweep_detector INFO: OrderBlocks: 1 detected, 0 unmitigated
12:55:22 core.sweep_detector INFO: FVGs: 0 detected, 0 unfilled
12:55:24 core.sweep_detector INFO: SweepDetector v2: 0 raw → 0 confirmed (vol≥2.5× body≥30%)
12:55:24 core.sweep_detector INFO: OrderBlocks: 0 detected, 0 unmitigated
12:55:24 core.sweep_detector INFO: FVGs: 0 detected, 0 unfilled
12:55:26 core.sweep_detector INFO: SweepDetector v2: 0 raw → 0 confirmed (vol≥2.5× body≥30%)
12:55:26 core.sweep_detector INFO: OrderBlocks: 0 detected, 0 unmitigated
12:55:26 core.sweep_detector INFO: FVGs: 0 detected, 0 unfilled
12:55:27 core.sweep_detector INFO: SweepDetector v2: 2 raw → 2 confirmed (vol≥2.5× body≥30%)
12:55:27 core.sweep_detector INFO: OrderBlocks: 5 detected, 2 unmitigated
12:55:27 core.sweep_detector INFO: FVGs: 6 detected, 1 unfilled
12:55:29 core.sweep_detector INFO: SweepDetector v2: 3 raw → 3 confirmed (vol≥2.5× body≥30%)
12:55:29 core.sweep_detector INFO: OrderBlocks: 4 detected, 0 unmitigated
12:55:29 core.sweep_detector INFO: FVGs: 10 detected, 2 unfilled
12:55:31 core.sweep_detector INFO: SweepDetector v2: 2 raw → 2 confirmed (vol≥2.5× body≥30%)
12:55:31 core.sweep_detector INFO: OrderBlocks: 2 detected, 1 unmitigated
12:55:31 core.sweep_detector INFO: FVGs: 4 detected, 1 unfilled
12:55:33 core.sweep_detector INFO: SweepDetector v2: 0 raw → 0 confirmed (vol≥2.5× body≥30%)
12:55:33 core.sweep_detector INFO: OrderBlocks: 4 detected, 2 unmitigated
12:55:33 core.sweep_detector INFO: FVGs: 11 detected, 7 unfilled
12:55:34 core.sweep_detector INFO: SweepDetector v2: 0 raw → 0 confirmed (vol≥2.5× body≥30%)
12:55:34 core.sweep_detector INFO: OrderBlocks: 1 detected, 0 unmitigated
12:55:34 core.sweep_detector INFO: FVGs: 6 detected, 2 unfilled
12:55:36 core.sweep_detector INFO: SweepDetector v2: 2 raw → 2 confirmed (vol≥2.5× body≥30%)
12:55:36 core.sweep_detector INFO: OrderBlocks: 1 detected, 0 unmitigated
12:55:36 core.sweep_detector INFO: FVGs: 10 detected, 1 unfilled
12:55:37 core.sweep_detector INFO: SweepDetector v2: 5 raw → 3 confirmed (vol≥2.5× body≥30%)
12:55:37 core.sweep_detector INFO: OrderBlocks: 6 detected, 2 unmitigated
12:55:37 core.sweep_detector INFO: FVGs: 9 detected, 2 unfilled
12:55:39 core.sweep_detector INFO: SweepDetector v2: 2 raw → 2 confirmed (vol≥2.5× body≥30%)
12:55:39 core.sweep_detector INFO: OrderBlocks: 3 detected, 2 unmitigated
12:55:39 core.sweep_detector INFO: FVGs: 13 detected, 2 unfilled
12:55:41 core.sweep_detector INFO: SweepDetector v2: 3 raw → 3 confirmed (vol≥2.5× body≥30%)
12:55:41 core.sweep_detector INFO: OrderBlocks: 3 detected, 0 unmitigated
12:55:41 core.sweep_detector INFO: FVGs: 5 detected, 1 unfilled
12:55:43 core.sweep_detector INFO: SweepDetector v2: 0 raw → 0 confirmed (vol≥2.5× body≥30%)
12:55:43 core.sweep_detector INFO: OrderBlocks: 7 detected, 2 unmitigated
12:55:43 core.sweep_detector INFO: FVGs: 9 detected, 2 unfilled
12:55:44 core.sweep_detector INFO: SweepDetector v2: 3 raw → 3 confirmed (vol≥2.5× body≥30%)
12:55:44 core.sweep_detector INFO: OrderBlocks: 4 detected, 1 unmitigated
12:55:44 core.sweep_detector INFO: FVGs: 8 detected, 3 unfilled
12:55:46 core.sweep_detector INFO: SweepDetector v2: 2 raw → 1 confirmed (vol≥2.5× body≥30%)
12:55:46 core.sweep_detector INFO: OrderBlocks: 5 detected, 2 unmitigated
12:55:46 core.sweep_detector INFO: FVGs: 7 detected, 3 unfilled
12:55:48 core.sweep_detector INFO: SweepDetector v2: 1 raw → 1 confirmed (vol≥2.5× body≥30%)
12:55:48 core.sweep_detector INFO: OrderBlocks: 4 detected, 2 unmitigated
12:55:48 core.sweep_detector INFO: FVGs: 12 detected, 9 unfilled
12:55:50 core.sweep_detector INFO: SweepDetector v2: 1 raw → 1 confirmed (vol≥2.5× body≥30%)
12:55:50 core.sweep_detector INFO: OrderBlocks: 3 detected, 2 unmitigated
12:55:50 core.sweep_detector INFO: FVGs: 2 detected, 1 unfilled
12:55:52 core.sweep_detector INFO: SweepDetector v2: 3 raw → 3 confirmed (vol≥2.5× body≥30%)
12:55:52 core.sweep_detector INFO: OrderBlocks: 2 detected, 2 unmitigated
12:55:52 core.sweep_detector INFO: FVGs: 7 detected, 3 unfilled
12:55:54 core.sweep_detector INFO: SweepDetector v2: 1 raw → 0 confirmed (vol≥2.5× body≥30%)
12:55:54 core.sweep_detector INFO: OrderBlocks: 9 detected, 3 unmitigated
12:55:54 core.sweep_detector INFO: FVGs: 8 detected, 4 unfilled
12:55:56 core.sweep_detector INFO: SweepDetector v2: 4 raw → 1 confirmed (vol≥2.5× body≥30%)
12:55:56 core.sweep_detector INFO: OrderBlocks: 5 detected, 1 unmitigated
12:55:56 core.sweep_detector INFO: FVGs: 7 detected, 1 unfilled
12:55:58 core.sweep_detector INFO: SweepDetector v2: 1 raw → 1 confirmed (vol≥2.5× body≥30%)
12:55:58 core.sweep_detector INFO: OrderBlocks: 1 detected, 0 unmitigated
12:55:58 core.sweep_detector INFO: FVGs: 2 detected, 1 unfilled
12:55:59 core.sweep_detector INFO: SweepDetector v2: 2 raw → 2 confirmed (vol≥2.5× body≥30%)
12:55:59 core.sweep_detector INFO: OrderBlocks: 5 detected, 2 unmitigated
12:55:59 core.sweep_detector INFO: FVGs: 11 detected, 1 unfilled
12:56:01 core.sweep_detector INFO: SweepDetector v2: 1 raw → 1 confirmed (vol≥2.5× body≥30%)
12:56:01 core.sweep_detector INFO: OrderBlocks: 4 detected, 1 unmitigated
12:56:01 core.sweep_detector INFO: FVGs: 14 detected, 5 unfilled
12:56:02 core.sweep_detector INFO: SweepDetector v2: 0 raw → 0 confirmed (vol≥2.5× body≥30%)
12:56:02 core.sweep_detector INFO: OrderBlocks: 0 detected, 0 unmitigated
12:56:02 core.sweep_detector INFO: FVGs: 8 detected, 1 unfilled
12:56:04 core.sweep_detector INFO: SweepDetector v2: 7 raw → 5 confirmed (vol≥2.5× body≥30%)
12:56:04 core.sweep_detector INFO: OrderBlocks: 5 detected, 5 unmitigated
12:56:04 core.sweep_detector INFO: FVGs: 13 detected, 8 unfilled
12:56:06 core.sweep_detector INFO: SweepDetector v2: 2 raw → 1 confirmed (vol≥2.5× body≥30%)
12:56:06 core.sweep_detector INFO: OrderBlocks: 1 detected, 0 unmitigated
12:56:06 core.sweep_detector INFO: FVGs: 5 detected, 2 unfilled
12:56:08 core.sweep_detector INFO: SweepDetector v2: 3 raw → 3 confirmed (vol≥2.5× body≥30%)
12:56:08 core.sweep_detector INFO: OrderBlocks: 5 detected, 1 unmitigated
12:56:08 core.sweep_detector INFO: FVGs: 11 detected, 2 unfilled
12:56:10 core.sweep_detector INFO: SweepDetector v2: 0 raw → 0 confirmed (vol≥2.5× body≥30%)
12:56:10 core.sweep_detector INFO: OrderBlocks: 8 detected, 5 unmitigated
12:56:10 core.sweep_detector INFO: FVGs: 13 detected, 4 unfilled
12:56:11 core.sweep_detector INFO: SweepDetector v2: 3 raw → 2 confirmed (vol≥2.5× body≥30%)
12:56:11 core.sweep_detector INFO: OrderBlocks: 4 detected, 1 unmitigated
12:56:11 core.sweep_detector INFO: FVGs: 9 detected, 3 unfilled
12:56:13 core.sweep_detector INFO: SweepDetector v2: 2 raw → 1 confirmed (vol≥2.5× body≥30%)
12:56:13 core.sweep_detector INFO: OrderBlocks: 3 detected, 1 unmitigated
12:56:13 core.sweep_detector INFO: FVGs: 5 detected, 3 unfilled
12:56:14 core.sweep_detector INFO: SweepDetector v2: 3 raw → 3 confirmed (vol≥2.5× body≥30%)
12:56:14 core.sweep_detector INFO: OrderBlocks: 3 detected, 1 unmitigated
12:56:14 core.sweep_detector INFO: FVGs: 4 detected, 1 unfilled
12:56:16 core.sweep_detector INFO: SweepDetector v2: 3 raw → 2 confirmed (vol≥2.5× body≥30%)
12:56:16 core.sweep_detector INFO: OrderBlocks: 7 detected, 2 unmitigated
12:56:16 core.sweep_detector INFO: FVGs: 6 detected, 1 unfilled
12:56:18 core.sweep_detector INFO: SweepDetector v2: 1 raw → 1 confirmed (vol≥2.5× body≥30%)
12:56:18 core.sweep_detector INFO: OrderBlocks: 1 detected, 1 unmitigated
12:56:18 core.sweep_detector INFO: FVGs: 7 detected, 2 unfilled
12:56:20 core.sweep_detector INFO: SweepDetector v2: 3 raw → 2 confirmed (vol≥2.5× body≥30%)
12:56:20 core.sweep_detector INFO: OrderBlocks: 3 detected, 3 unmitigated
12:56:20 core.sweep_detector INFO: FVGs: 13 detected, 8 unfilled
12:56:21 core.sweep_detector INFO: SweepDetector v2: 2 raw → 2 confirmed (vol≥2.5× body≥30%)
12:56:21 core.sweep_detector INFO: OrderBlocks: 3 detected, 2 unmitigated
12:56:21 core.sweep_detector INFO: FVGs: 9 detected, 3 unfilled
12:56:23 core.sweep_detector INFO: SweepDetector v2: 2 raw → 1 confirmed (vol≥2.5× body≥30%)
12:56:23 core.sweep_detector INFO: OrderBlocks: 5 detected, 1 unmitigated
12:56:23 core.sweep_detector INFO: FVGs: 5 detected, 2 unfilled
12:56:24 core.sweep_detector INFO: SweepDetector v2: 0 raw → 0 confirmed (vol≥2.5× body≥30%)
12:56:24 core.sweep_detector INFO: OrderBlocks: 7 detected, 4 unmitigated
12:56:24 core.sweep_detector INFO: FVGs: 7 detected, 4 unfilled
12:56:26 core.sweep_detector INFO: SweepDetector v2: 3 raw → 3 confirmed (vol≥2.5× body≥30%)
12:56:26 core.sweep_detector INFO: OrderBlocks: 5 detected, 1 unmitigated
12:56:26 core.sweep_detector INFO: FVGs: 8 detected, 2 unfilled
12:56:28 core.sweep_detector INFO: SweepDetector v2: 2 raw → 2 confirmed (vol≥2.5× body≥30%)
12:56:28 core.sweep_detector INFO: OrderBlocks: 2 detected, 1 unmitigated
12:56:28 core.sweep_detector INFO: FVGs: 6 detected, 3 unfilled
12:56:30 core.sweep_detector INFO: SweepDetector v2: 1 raw → 0 confirmed (vol≥2.5× body≥30%)
12:56:30 core.sweep_detector INFO: OrderBlocks: 4 detected, 0 unmitigated
12:56:30 core.sweep_detector INFO: FVGs: 14 detected, 5 unfilled
12:56:31 core.sweep_detector INFO: SweepDetector v2: 0 raw → 0 confirmed (vol≥2.5× body≥30%)
12:56:31 core.sweep_detector INFO: OrderBlocks: 7 detected, 1 unmitigated
12:56:31 core.sweep_detector INFO: FVGs: 4 detected, 2 unfilled
12:56:34 core.sweep_detector INFO: SweepDetector v2: 2 raw → 2 confirmed (vol≥2.5× body≥30%)
12:56:34 core.sweep_detector INFO: OrderBlocks: 2 detected, 1 unmitigated
12:56:34 core.sweep_detector INFO: FVGs: 5 detected, 2 unfilled
12:56:36 core.sweep_detector INFO: SweepDetector v2: 1 raw → 0 confirmed (vol≥2.5× body≥30%)
12:56:36 core.sweep_detector INFO: OrderBlocks: 6 detected, 3 unmitigated
12:56:36 core.sweep_detector INFO: FVGs: 10 detected, 5 unfilled
12:56:37 core.sweep_detector INFO: SweepDetector v2: 2 raw → 2 confirmed (vol≥2.5× body≥30%)
12:56:37 core.sweep_detector INFO: OrderBlocks: 3 detected, 1 unmitigated
12:56:37 core.sweep_detector INFO: FVGs: 15 detected, 3 unfilled
12:56:39 core.sweep_detector INFO: SweepDetector v2: 4 raw → 3 confirmed (vol≥2.5× body≥30%)
12:56:39 core.sweep_detector INFO: OrderBlocks: 4 detected, 1 unmitigated
12:56:39 core.sweep_detector INFO: FVGs: 7 detected, 3 unfilled
12:56:40 core.sweep_detector INFO: SweepDetector v2: 0 raw → 0 confirmed (vol≥2.5× body≥30%)
12:56:40 core.sweep_detector INFO: OrderBlocks: 10 detected, 3 unmitigated
12:56:40 core.sweep_detector INFO: FVGs: 11 detected, 2 unfilled
12:56:42 core.sweep_detector INFO: SweepDetector v2: 1 raw → 1 confirmed (vol≥2.5× body≥30%)
12:56:42 core.sweep_detector INFO: OrderBlocks: 5 detected, 2 unmitigated
12:56:42 core.sweep_detector INFO: FVGs: 6 detected, 2 unfilled
12:56:44 core.sweep_detector INFO: SweepDetector v2: 0 raw → 0 confirmed (vol≥2.5× body≥30%)
12:56:44 core.sweep_detector INFO: OrderBlocks: 4 detected, 1 unmitigated
12:56:44 core.sweep_detector INFO: FVGs: 4 detected, 2 unfilled
12:56:45 core.sweep_detector INFO: SweepDetector v2: 0 raw → 0 confirmed (vol≥2.5× body≥30%)
12:56:45 core.sweep_detector INFO: OrderBlocks: 2 detected, 0 unmitigated
12:56:45 core.sweep_detector INFO: FVGs: 0 detected, 0 unfilled
12:56:47 core.sweep_detector INFO: SweepDetector v2: 0 raw → 0 confirmed (vol≥2.5× body≥30%)
12:56:47 core.sweep_detector INFO: OrderBlocks: 0 detected, 0 unmitigated
12:56:47 core.sweep_detector INFO: FVGs: 0 detected, 0 unfilled
12:56:49 core.sweep_detector INFO: SweepDetector v2: 0 raw → 0 confirmed (vol≥2.5× body≥30%)
12:56:49 core.sweep_detector INFO: OrderBlocks: 0 detected, 0 unmitigated
12:56:49 core.sweep_detector INFO: FVGs: 0 detected, 0 unfilled
12:56:51 core.sweep_detector INFO: SweepDetector v2: 1 raw → 1 confirmed (vol≥2.5× body≥30%)
12:56:51 core.sweep_detector INFO: OrderBlocks: 6 detected, 1 unmitigated
12:56:51 core.sweep_detector INFO: FVGs: 9 detected, 5 unfilled
12:56:52 core.sweep_detector INFO: SweepDetector v2: 2 raw → 2 confirmed (vol≥2.5× body≥30%)
12:56:52 core.sweep_detector INFO: OrderBlocks: 7 detected, 2 unmitigated
12:56:52 core.sweep_detector INFO: FVGs: 8 detected, 3 unfilled
12:56:54 core.sweep_detector INFO: SweepDetector v2: 2 raw → 2 confirmed (vol≥2.5× body≥30%)
12:56:54 core.sweep_detector INFO: OrderBlocks: 3 detected, 2 unmitigated
12:56:54 core.sweep_detector INFO: FVGs: 11 detected, 4 unfilled
12:56:55 core.sweep_detector INFO: SweepDetector v2: 1 raw → 1 confirmed (vol≥2.5× body≥30%)
12:56:55 core.sweep_detector INFO: OrderBlocks: 2 detected, 0 unmitigated
12:56:55 core.sweep_detector INFO: FVGs: 0 detected, 0 unfilled
12:56:57 core.sweep_detector INFO: SweepDetector v2: 0 raw → 0 confirmed (vol≥2.5× body≥30%)
12:56:57 core.sweep_detector INFO: OrderBlocks: 1 detected, 0 unmitigated
12:56:57 core.sweep_detector INFO: FVGs: 0 detected, 0 unfilled
12:56:59 core.sweep_detector INFO: SweepDetector v2: 0 raw → 0 confirmed (vol≥2.5× body≥30%)
12:56:59 core.sweep_detector INFO: OrderBlocks: 1 detected, 0 unmitigated
12:56:59 core.sweep_detector INFO: FVGs: 0 detected, 0 unfilled
12:57:00 core.sweep_detector INFO: SweepDetector v2: 0 raw → 0 confirmed (vol≥2.5× body≥30%)
12:57:00 core.sweep_detector INFO: OrderBlocks: 3 detected, 0 unmitigated
12:57:00 core.sweep_detector INFO: FVGs: 0 detected, 0 unfilled
12:57:02 core.sweep_detector INFO: SweepDetector v2: 0 raw → 0 confirmed (vol≥2.5× body≥30%)
12:57:02 core.sweep_detector INFO: OrderBlocks: 1 detected, 0 unmitigated
12:57:02 core.sweep_detector INFO: FVGs: 0 detected, 0 unfilled
12:57:04 core.sweep_detector INFO: SweepDetector v2: 0 raw → 0 confirmed (vol≥2.5× body≥30%)
12:57:04 core.sweep_detector INFO: OrderBlocks: 2 detected, 0 unmitigated
12:57:04 core.sweep_detector INFO: FVGs: 0 detected, 0 unfilled
12:57:05 core.sweep_detector INFO: SweepDetector v2: 0 raw → 0 confirmed (vol≥2.5× body≥30%)
12:57:05 core.sweep_detector INFO: OrderBlocks: 2 detected, 0 unmitigated
12:57:05 core.sweep_detector INFO: FVGs: 0 detected, 0 unfilled
12:57:07 core.sweep_detector INFO: SweepDetector v2: 0 raw → 0 confirmed (vol≥2.5× body≥30%)
12:57:07 core.sweep_detector INFO: OrderBlocks: 0 detected, 0 unmitigated
12:57:07 core.sweep_detector INFO: FVGs: 0 detected, 0 unfilled
12:57:10 core.sweep_detector INFO: SweepDetector v2: 0 raw → 0 confirmed (vol≥2.5× body≥30%)
12:57:10 core.sweep_detector INFO: OrderBlocks: 0 detected, 0 unmitigated
12:57:10 core.sweep_detector INFO: FVGs: 0 detected, 0 unfilled
12:57:11 core.sweep_detector INFO: SweepDetector v2: 3 raw → 3 confirmed (vol≥2.5× body≥30%)
12:57:11 core.sweep_detector INFO: OrderBlocks: 4 detected, 1 unmitigated
12:57:11 core.sweep_detector INFO: FVGs: 8 detected, 3 unfilled
12:57:13 core.sweep_detector INFO: SweepDetector v2: 5 raw → 4 confirmed (vol≥2.5× body≥30%)
12:57:13 core.sweep_detector INFO: OrderBlocks: 7 detected, 2 unmitigated
12:57:13 core.sweep_detector INFO: FVGs: 7 detected, 3 unfilled
12:57:15 core.sweep_detector INFO: SweepDetector v2: 2 raw → 2 confirmed (vol≥2.5× body≥30%)
12:57:15 core.sweep_detector INFO: OrderBlocks: 5 detected, 1 unmitigated
12:57:15 core.sweep_detector INFO: FVGs: 8 detected, 3 unfilled
12:57:17 core.sweep_detector INFO: SweepDetector v2: 0 raw → 0 confirmed (vol≥2.5× body≥30%)
12:57:17 core.sweep_detector INFO: OrderBlocks: 5 detected, 2 unmitigated
12:57:17 core.sweep_detector INFO: FVGs: 9 detected, 4 unfilled
12:57:18 core.sweep_detector INFO: SweepDetector v2: 1 raw → 1 confirmed (vol≥2.5× body≥30%)
12:57:18 core.sweep_detector INFO: OrderBlocks: 1 detected, 1 unmitigated
12:57:18 core.sweep_detector INFO: FVGs: 8 detected, 2 unfilled
12:57:20 core.sweep_detector INFO: SweepDetector v2: 2 raw → 2 confirmed (vol≥2.5× body≥30%)
12:57:20 core.sweep_detector INFO: OrderBlocks: 2 detected, 0 unmitigated
12:57:20 core.sweep_detector INFO: FVGs: 7 detected, 2 unfilled
12:57:22 core.sweep_detector INFO: SweepDetector v2: 1 raw → 1 confirmed (vol≥2.5× body≥30%)
12:57:22 core.sweep_detector INFO: OrderBlocks: 6 detected, 4 unmitigated
12:57:22 core.sweep_detector INFO: FVGs: 8 detected, 3 unfilled
12:57:23 core.sweep_detector INFO: SweepDetector v2: 1 raw → 1 confirmed (vol≥2.5× body≥30%)
12:57:23 core.sweep_detector INFO: OrderBlocks: 1 detected, 0 unmitigated
12:57:23 core.sweep_detector INFO: FVGs: 12 detected, 2 unfilled
12:57:25 core.sweep_detector INFO: SweepDetector v2: 2 raw → 2 confirmed (vol≥2.5× body≥30%)
12:57:25 core.sweep_detector INFO: OrderBlocks: 4 detected, 2 unmitigated
12:57:25 core.sweep_detector INFO: FVGs: 6 detected, 3 unfilled
12:57:27 core.sweep_detector INFO: SweepDetector v2: 1 raw → 1 confirmed (vol≥2.5× body≥30%)
12:57:27 core.sweep_detector INFO: OrderBlocks: 2 detected, 1 unmitigated
12:57:27 core.sweep_detector INFO: FVGs: 8 detected, 4 unfilled
12:57:28 core.sweep_detector INFO: SweepDetector v2: 2 raw → 1 confirmed (vol≥2.5× body≥30%)
12:57:28 core.sweep_detector INFO: OrderBlocks: 1 detected, 0 unmitigated
12:57:28 core.sweep_detector INFO: FVGs: 6 detected, 0 unfilled
12:57:30 core.sweep_detector INFO: SweepDetector v2: 0 raw → 0 confirmed (vol≥2.5× body≥30%)
12:57:30 core.sweep_detector INFO: OrderBlocks: 1 detected, 0 unmitigated
12:57:30 core.sweep_detector INFO: FVGs: 1 detected, 0 unfilled
12:57:32 core.sweep_detector INFO: SweepDetector v2: 2 raw → 1 confirmed (vol≥2.5× body≥30%)
12:57:32 core.sweep_detector INFO: OrderBlocks: 6 detected, 4 unmitigated
12:57:32 core.sweep_detector INFO: FVGs: 13 detected, 6 unfilled
12:57:33 core.sweep_detector INFO: SweepDetector v2: 4 raw → 4 confirmed (vol≥2.5× body≥30%)
12:57:33 core.sweep_detector INFO: OrderBlocks: 2 detected, 1 unmitigated
12:57:33 core.sweep_detector INFO: FVGs: 5 detected, 2 unfilled
12:57:35 core.sweep_detector INFO: SweepDetector v2: 1 raw → 1 confirmed (vol≥2.5× body≥30%)
12:57:35 core.sweep_detector INFO: OrderBlocks: 4 detected, 1 unmitigated
12:57:35 core.sweep_detector INFO: FVGs: 6 detected, 1 unfilled
12:57:36 core.sweep_detector INFO: SweepDetector v2: 2 raw → 1 confirmed (vol≥2.5× body≥30%)
12:57:36 core.sweep_detector INFO: OrderBlocks: 5 detected, 1 unmitigated
12:57:36 core.sweep_detector INFO: FVGs: 5 detected, 1 unfilled
12:57:38 core.sweep_detector INFO: SweepDetector v2: 1 raw → 1 confirmed (vol≥2.5× body≥30%)
12:57:38 core.sweep_detector INFO: OrderBlocks: 5 detected, 0 unmitigated
12:57:38 core.sweep_detector INFO: FVGs: 9 detected, 1 unfilled
12:57:40 core.sweep_detector INFO: SweepDetector v2: 4 raw → 3 confirmed (vol≥2.5× body≥30%)
12:57:40 core.sweep_detector INFO: OrderBlocks: 5 detected, 1 unmitigated
12:57:40 core.sweep_detector INFO: FVGs: 11 detected, 3 unfilled
12:57:42 core.sweep_detector INFO: SweepDetector v2: 0 raw → 0 confirmed (vol≥2.5× body≥30%)
12:57:42 core.sweep_detector INFO: OrderBlocks: 1 detected, 1 unmitigated
12:57:42 core.sweep_detector INFO: FVGs: 4 detected, 1 unfilled
12:57:44 core.sweep_detector INFO: SweepDetector v2: 0 raw → 0 confirmed (vol≥2.5× body≥30%)
12:57:44 core.sweep_detector INFO: OrderBlocks: 5 detected, 2 unmitigated
12:57:44 core.sweep_detector INFO: FVGs: 5 detected, 3 unfilled
12:57:45 core.sweep_detector INFO: SweepDetector v2: 0 raw → 0 confirmed (vol≥2.5× body≥30%)
12:57:45 core.sweep_detector INFO: OrderBlocks: 7 detected, 6 unmitigated
12:57:45 core.sweep_detector INFO: FVGs: 7 detected, 5 unfilled
12:57:47 core.sweep_detector INFO: SweepDetector v2: 0 raw → 0 confirmed (vol≥2.5× body≥30%)
12:57:47 core.sweep_detector INFO: OrderBlocks: 8 detected, 3 unmitigated
12:57:47 core.sweep_detector INFO: FVGs: 12 detected, 4 unfilled
12:57:48 core.sweep_detector INFO: SweepDetector v2: 1 raw → 1 confirmed (vol≥2.5× body≥30%)
12:57:48 core.sweep_detector INFO: OrderBlocks: 5 detected, 2 unmitigated
12:57:48 core.sweep_detector INFO: FVGs: 9 detected, 4 unfilled
12:57:50 core.sweep_detector INFO: SweepDetector v2: 1 raw → 1 confirmed (vol≥2.5× body≥30%)
12:57:50 core.sweep_detector INFO: OrderBlocks: 7 detected, 4 unmitigated
12:57:50 core.sweep_detector INFO: FVGs: 10 detected, 6 unfilled
12:57:52 core.sweep_detector INFO: SweepDetector v2: 0 raw → 0 confirmed (vol≥2.5× body≥30%)
12:57:52 core.sweep_detector INFO: OrderBlocks: 10 detected, 3 unmitigated
12:57:52 core.sweep_detector INFO: FVGs: 10 detected, 3 unfilled
12:57:53 core.sweep_detector INFO: SweepDetector v2: 2 raw → 2 confirmed (vol≥2.5× body≥30%)
12:57:53 core.sweep_detector INFO: OrderBlocks: 2 detected, 1 unmitigated
12:57:53 core.sweep_detector INFO: FVGs: 12 detected, 2 unfilled
12:57:55 core.sweep_detector INFO: SweepDetector v2: 3 raw → 3 confirmed (vol≥2.5× body≥30%)
12:57:55 core.sweep_detector INFO: OrderBlocks: 1 detected, 0 unmitigated
12:57:55 core.sweep_detector INFO: FVGs: 14 detected, 3 unfilled
12:57:57 core.sweep_detector INFO: SweepDetector v2: 2 raw → 2 confirmed (vol≥2.5× body≥30%)
12:57:57 core.sweep_detector INFO: OrderBlocks: 7 detected, 3 unmitigated
12:57:57 core.sweep_detector INFO: FVGs: 8 detected, 3 unfilled
12:57:58 core.sweep_detector INFO: SweepDetector v2: 2 raw → 2 confirmed (vol≥2.5× body≥30%)
12:57:58 core.sweep_detector INFO: OrderBlocks: 5 detected, 1 unmitigated
12:57:58 core.sweep_detector INFO: FVGs: 5 detected, 1 unfilled
12:58:00 core.sweep_detector INFO: SweepDetector v2: 0 raw → 0 confirmed (vol≥2.5× body≥30%)
12:58:00 core.sweep_detector INFO: OrderBlocks: 4 detected, 1 unmitigated
12:58:00 core.sweep_detector INFO: FVGs: 8 detected, 1 unfilled
12:58:02 core.sweep_detector INFO: SweepDetector v2: 0 raw → 0 confirmed (vol≥2.5× body≥30%)
12:58:02 core.sweep_detector INFO: OrderBlocks: 0 detected, 0 unmitigated
12:58:02 core.sweep_detector INFO: FVGs: 0 detected, 0 unfilled
12:58:03 core.sweep_detector INFO: SweepDetector v2: 0 raw → 0 confirmed (vol≥2.5× body≥30%)
12:58:03 core.sweep_detector INFO: OrderBlocks: 5 detected, 1 unmitigated
12:58:03 core.sweep_detector INFO: FVGs: 0 detected, 0 unfilled
12:58:05 core.sweep_detector INFO: SweepDetector v2: 0 raw → 0 confirmed (vol≥2.5× body≥30%)
12:58:05 core.sweep_detector INFO: OrderBlocks: 0 detected, 0 unmitigated
12:58:05 core.sweep_detector INFO: FVGs: 0 detected, 0 unfilled
12:58:07 core.sweep_detector INFO: SweepDetector v2: 6 raw → 3 confirmed (vol≥2.5× body≥30%)
12:58:07 core.sweep_detector INFO: OrderBlocks: 9 detected, 3 unmitigated
12:58:07 core.sweep_detector INFO: FVGs: 10 detected, 3 unfilled
12:58:08 core.sweep_detector INFO: SweepDetector v2: 1 raw → 1 confirmed (vol≥2.5× body≥30%)
12:58:08 core.sweep_detector INFO: OrderBlocks: 6 detected, 1 unmitigated
12:58:08 core.sweep_detector INFO: FVGs: 10 detected, 2 unfilled
12:58:10 core.sweep_detector INFO: SweepDetector v2: 3 raw → 2 confirmed (vol≥2.5× body≥30%)
12:58:10 core.sweep_detector INFO: OrderBlocks: 10 detected, 3 unmitigated
12:58:10 core.sweep_detector INFO: FVGs: 12 detected, 3 unfilled
12:58:12 core.sweep_detector INFO: SweepDetector v2: 1 raw → 1 confirmed (vol≥2.5× body≥30%)
12:58:12 core.sweep_detector INFO: OrderBlocks: 7 detected, 2 unmitigated
12:58:12 core.sweep_detector INFO: FVGs: 7 detected, 2 unfilled
12:58:13 core.sweep_detector INFO: SweepDetector v2: 2 raw → 1 confirmed (vol≥2.5× body≥30%)
12:58:13 core.sweep_detector INFO: OrderBlocks: 1 detected, 0 unmitigated
12:58:13 core.sweep_detector INFO: FVGs: 11 detected, 3 unfilled
12:58:15 core.sweep_detector INFO: SweepDetector v2: 0 raw → 0 confirmed (vol≥2.5× body≥30%)
12:58:15 core.sweep_detector INFO: OrderBlocks: 5 detected, 0 unmitigated
12:58:15 core.sweep_detector INFO: FVGs: 5 detected, 2 unfilled
12:58:17 core.sweep_detector INFO: SweepDetector v2: 0 raw → 0 confirmed (vol≥2.5× body≥30%)
12:58:17 core.sweep_detector INFO: OrderBlocks: 7 detected, 3 unmitigated
12:58:17 core.sweep_detector INFO: FVGs: 9 detected, 2 unfilled
12:58:20 core.sweep_detector INFO: SweepDetector v2: 0 raw → 0 confirmed (vol≥2.5× body≥30%)
12:58:20 core.sweep_detector INFO: OrderBlocks: 11 detected, 0 unmitigated
12:58:20 core.sweep_detector INFO: FVGs: 6 detected, 0 unfilled
12:58:22 core.sweep_detector INFO: SweepDetector v2: 4 raw → 3 confirmed (vol≥2.5× body≥30%)
12:58:22 core.sweep_detector INFO: OrderBlocks: 4 detected, 0 unmitigated
12:58:22 core.sweep_detector INFO: FVGs: 4 detected, 2 unfilled
12:58:23 core.sweep_detector INFO: SweepDetector v2: 2 raw → 2 confirmed (vol≥2.5× body≥30%)
12:58:23 core.sweep_detector INFO: OrderBlocks: 5 detected, 1 unmitigated
12:58:23 core.sweep_detector INFO: FVGs: 5 detected, 3 unfilled
12:58:25 core.sweep_detector INFO: SweepDetector v2: 1 raw → 1 confirmed (vol≥2.5× body≥30%)
12:58:25 core.sweep_detector INFO: OrderBlocks: 3 detected, 1 unmitigated
12:58:25 core.sweep_detector INFO: FVGs: 4 detected, 1 unfilled
12:58:27 core.sweep_detector INFO: SweepDetector v2: 2 raw → 2 confirmed (vol≥2.5× body≥30%)
12:58:27 core.sweep_detector INFO: OrderBlocks: 4 detected, 0 unmitigated
12:58:27 core.sweep_detector INFO: FVGs: 5 detected, 0 unfilled
/root/.openclaw/workspace/projects/crypto-liquidity-hunter/main.py:555: DeprecationWarning: datetime.datetime.utcnow() is deprecated and scheduled for removal in a future version. Use timezone-aware objects to represent datetimes in UTC: datetime.datetime.now(datetime.UTC).
  scan_end     = datetime.utcnow()

=== SCAN ALL: 98 pairs, 3 timeframes ===
Total signals generated: 0
