23:55:02 __main__ INFO: Volume filter: fetching all tickers in one call...
23:55:04 __main__ INFO: Volume filter: 96/447 pairs pass $2M threshold
/root/.openclaw/workspace/projects/crypto-liquidity-hunter/main.py:292: DeprecationWarning: datetime.datetime.utcnow() is deprecated and scheduled for removal in a future version. Use timezone-aware objects to represent datetimes in UTC: datetime.datetime.now(datetime.UTC).
  scan_start = datetime.utcnow()   # for duration tracking
23:55:05 core.binance_connector INFO: BinanceConnector: connected [LIVE FUTURES MAINNET]
23:55:05 __main__ INFO: Auto-executor: account 'Liquiddbot1' mode=live exec=auto
23:55:07 core.sweep_detector INFO: SweepDetector v2: 2 raw â†’ 1 confirmed (volâ‰Ą2.5Ă— bodyâ‰Ą30%)
23:55:07 core.sweep_detector INFO: OrderBlocks: 6 detected, 0 unmitigated
23:55:07 core.sweep_detector INFO: FVGs: 12 detected, 0 unfilled
23:55:08 core.sweep_detector INFO: SweepDetector v2: 3 raw â†’ 2 confirmed (volâ‰Ą2.5Ă— bodyâ‰Ą30%)
23:55:08 core.sweep_detector INFO: OrderBlocks: 5 detected, 2 unmitigated
23:55:08 core.sweep_detector INFO: FVGs: 7 detected, 2 unfilled
23:55:10 core.sweep_detector INFO: SweepDetector v2: 0 raw â†’ 0 confirmed (volâ‰Ą2.5Ă— bodyâ‰Ą30%)
23:55:10 core.sweep_detector INFO: OrderBlocks: 4 detected, 0 unmitigated
23:55:10 core.sweep_detector INFO: FVGs: 4 detected, 2 unfilled
23:55:12 core.sweep_detector INFO: SweepDetector v2: 0 raw â†’ 0 confirmed (volâ‰Ą2.5Ă— bodyâ‰Ą30%)
23:55:12 core.sweep_detector INFO: OrderBlocks: 10 detected, 4 unmitigated
23:55:12 core.sweep_detector INFO: FVGs: 11 detected, 6 unfilled
23:55:13 core.sweep_detector INFO: SweepDetector v2: 2 raw â†’ 2 confirmed (volâ‰Ą2.5Ă— bodyâ‰Ą30%)
23:55:13 core.sweep_detector INFO: OrderBlocks: 2 detected, 1 unmitigated
23:55:13 core.sweep_detector INFO: FVGs: 9 detected, 2 unfilled
23:55:15 core.sweep_detector INFO: SweepDetector v2: 1 raw â†’ 1 confirmed (volâ‰Ą2.5Ă— bodyâ‰Ą30%)
23:55:15 core.sweep_detector INFO: OrderBlocks: 4 detected, 1 unmitigated
23:55:15 core.sweep_detector INFO: FVGs: 5 detected, 1 unfilled
23:55:17 core.sweep_detector INFO: SweepDetector v2: 1 raw â†’ 1 confirmed (volâ‰Ą2.5Ă— bodyâ‰Ą30%)
23:55:17 core.sweep_detector INFO: OrderBlocks: 10 detected, 3 unmitigated
23:55:17 core.sweep_detector INFO: FVGs: 11 detected, 5 unfilled
23:55:19 core.sweep_detector INFO: SweepDetector v2: 2 raw â†’ 1 confirmed (volâ‰Ą2.5Ă— bodyâ‰Ą30%)
23:55:19 core.sweep_detector INFO: OrderBlocks: 2 detected, 1 unmitigated
23:55:19 core.sweep_detector INFO: FVGs: 7 detected, 2 unfilled
23:55:21 core.sweep_detector INFO: SweepDetector v2: 2 raw â†’ 2 confirmed (volâ‰Ą2.5Ă— bodyâ‰Ą30%)
23:55:21 core.sweep_detector INFO: OrderBlocks: 7 detected, 3 unmitigated
23:55:21 core.sweep_detector INFO: FVGs: 5 detected, 3 unfilled
23:55:23 core.sweep_detector INFO: SweepDetector v2: 5 raw â†’ 5 confirmed (volâ‰Ą2.5Ă— bodyâ‰Ą30%)
23:55:23 core.sweep_detector INFO: OrderBlocks: 4 detected, 0 unmitigated
23:55:23 core.sweep_detector INFO: FVGs: 10 detected, 1 unfilled
23:55:25 core.sweep_detector INFO: SweepDetector v2: 3 raw â†’ 3 confirmed (volâ‰Ą2.5Ă— bodyâ‰Ą30%)
23:55:25 core.sweep_detector INFO: OrderBlocks: 4 detected, 2 unmitigated
23:55:25 core.sweep_detector INFO: FVGs: 9 detected, 2 unfilled
23:55:27 core.sweep_detector INFO: SweepDetector v2: 1 raw â†’ 1 confirmed (volâ‰Ą2.5Ă— bodyâ‰Ą30%)
23:55:27 core.sweep_detector INFO: OrderBlocks: 7 detected, 2 unmitigated
23:55:27 core.sweep_detector INFO: FVGs: 4 detected, 3 unfilled
23:55:29 core.sweep_detector INFO: SweepDetector v2: 3 raw â†’ 2 confirmed (volâ‰Ą2.5Ă— bodyâ‰Ą30%)
23:55:29 core.sweep_detector INFO: OrderBlocks: 7 detected, 0 unmitigated
23:55:29 core.sweep_detector INFO: FVGs: 10 detected, 0 unfilled
23:55:31 core.sweep_detector INFO: SweepDetector v2: 1 raw â†’ 0 confirmed (volâ‰Ą2.5Ă— bodyâ‰Ą30%)
23:55:31 core.sweep_detector INFO: OrderBlocks: 3 detected, 1 unmitigated
23:55:31 core.sweep_detector INFO: FVGs: 11 detected, 1 unfilled
23:55:33 core.sweep_detector INFO: SweepDetector v2: 0 raw â†’ 0 confirmed (volâ‰Ą2.5Ă— bodyâ‰Ą30%)
23:55:33 core.sweep_detector INFO: OrderBlocks: 5 detected, 0 unmitigated
23:55:33 core.sweep_detector INFO: FVGs: 10 detected, 2 unfilled
23:55:35 core.sweep_detector INFO: SweepDetector v2: 2 raw â†’ 1 confirmed (volâ‰Ą2.5Ă— bodyâ‰Ą30%)
23:55:35 core.sweep_detector INFO: OrderBlocks: 6 detected, 2 unmitigated
23:55:35 core.sweep_detector INFO: FVGs: 9 detected, 4 unfilled
23:55:37 core.sweep_detector INFO: SweepDetector v2: 1 raw â†’ 1 confirmed (volâ‰Ą2.5Ă— bodyâ‰Ą30%)
23:55:37 core.sweep_detector INFO: OrderBlocks: 2 detected, 0 unmitigated
23:55:37 core.sweep_detector INFO: FVGs: 9 detected, 1 unfilled
23:55:39 core.sweep_detector INFO: SweepDetector v2: 2 raw â†’ 1 confirmed (volâ‰Ą2.5Ă— bodyâ‰Ą30%)
23:55:39 core.sweep_detector INFO: OrderBlocks: 4 detected, 3 unmitigated
23:55:39 core.sweep_detector INFO: FVGs: 9 detected, 5 unfilled
23:55:41 core.sweep_detector INFO: SweepDetector v2: 2 raw â†’ 1 confirmed (volâ‰Ą2.5Ă— bodyâ‰Ą30%)
23:55:41 core.sweep_detector INFO: OrderBlocks: 5 detected, 1 unmitigated
23:55:41 core.sweep_detector INFO: FVGs: 10 detected, 3 unfilled
23:55:43 core.sweep_detector INFO: SweepDetector v2: 1 raw â†’ 1 confirmed (volâ‰Ą2.5Ă— bodyâ‰Ą30%)
23:55:43 core.sweep_detector INFO: OrderBlocks: 5 detected, 2 unmitigated
23:55:43 core.sweep_detector INFO: FVGs: 10 detected, 1 unfilled
23:55:45 core.sweep_detector INFO: SweepDetector v2: 3 raw â†’ 3 confirmed (volâ‰Ą2.5Ă— bodyâ‰Ą30%)
23:55:45 core.sweep_detector INFO: OrderBlocks: 2 detected, 1 unmitigated
23:55:45 core.sweep_detector INFO: FVGs: 6 detected, 1 unfilled
23:55:47 core.sweep_detector INFO: SweepDetector v2: 5 raw â†’ 5 confirmed (volâ‰Ą2.5Ă— bodyâ‰Ą30%)
23:55:47 core.sweep_detector INFO: OrderBlocks: 1 detected, 0 unmitigated
23:55:47 core.sweep_detector INFO: FVGs: 3 detected, 1 unfilled
23:55:49 core.sweep_detector INFO: SweepDetector v2: 2 raw â†’ 2 confirmed (volâ‰Ą2.5Ă— bodyâ‰Ą30%)
23:55:49 core.sweep_detector INFO: OrderBlocks: 4 detected, 2 unmitigated
23:55:49 core.sweep_detector INFO: FVGs: 4 detected, 3 unfilled
23:55:51 core.sweep_detector INFO: SweepDetector v2: 2 raw â†’ 2 confirmed (volâ‰Ą2.5Ă— bodyâ‰Ą30%)
23:55:51 core.sweep_detector INFO: OrderBlocks: 3 detected, 2 unmitigated
23:55:51 core.sweep_detector INFO: FVGs: 5 detected, 2 unfilled
23:55:53 core.sweep_detector INFO: SweepDetector v2: 2 raw â†’ 2 confirmed (volâ‰Ą2.5Ă— bodyâ‰Ą30%)
23:55:53 core.sweep_detector INFO: OrderBlocks: 4 detected, 2 unmitigated
23:55:53 core.sweep_detector INFO: FVGs: 12 detected, 5 unfilled
23:55:55 core.sweep_detector INFO: SweepDetector v2: 1 raw â†’ 1 confirmed (volâ‰Ą2.5Ă— bodyâ‰Ą30%)
23:55:55 core.sweep_detector INFO: OrderBlocks: 3 detected, 1 unmitigated
23:55:55 core.sweep_detector INFO: FVGs: 9 detected, 1 unfilled
23:55:57 core.sweep_detector INFO: SweepDetector v2: 2 raw â†’ 2 confirmed (volâ‰Ą2.5Ă— bodyâ‰Ą30%)
23:55:57 core.sweep_detector INFO: OrderBlocks: 3 detected, 1 unmitigated
23:55:57 core.sweep_detector INFO: FVGs: 3 detected, 1 unfilled
23:55:59 core.sweep_detector INFO: SweepDetector v2: 1 raw â†’ 1 confirmed (volâ‰Ą2.5Ă— bodyâ‰Ą30%)
23:55:59 core.sweep_detector INFO: OrderBlocks: 5 detected, 1 unmitigated
23:55:59 core.sweep_detector INFO: FVGs: 7 detected, 0 unfilled
23:56:01 core.sweep_detector INFO: SweepDetector v2: 0 raw â†’ 0 confirmed (volâ‰Ą2.5Ă— bodyâ‰Ą30%)
23:56:01 core.sweep_detector INFO: OrderBlocks: 5 detected, 2 unmitigated
23:56:01 core.sweep_detector INFO: FVGs: 10 detected, 2 unfilled
23:56:03 core.sweep_detector INFO: SweepDetector v2: 0 raw â†’ 0 confirmed (volâ‰Ą2.5Ă— bodyâ‰Ą30%)
23:56:03 core.sweep_detector INFO: OrderBlocks: 5 detected, 2 unmitigated
23:56:03 core.sweep_detector INFO: FVGs: 11 detected, 4 unfilled
23:56:05 core.sweep_detector INFO: SweepDetector v2: 4 raw â†’ 4 confirmed (volâ‰Ą2.5Ă— bodyâ‰Ą30%)
23:56:05 core.sweep_detector INFO: OrderBlocks: 2 detected, 2 unmitigated
23:56:05 core.sweep_detector INFO: FVGs: 12 detected, 3 unfilled
23:56:06 core.sweep_detector INFO: SweepDetector v2: 1 raw â†’ 1 confirmed (volâ‰Ą2.5Ă— bodyâ‰Ą30%)
23:56:06 core.sweep_detector INFO: OrderBlocks: 5 detected, 1 unmitigated
23:56:06 core.sweep_detector INFO: FVGs: 10 detected, 1 unfilled
23:56:08 core.sweep_detector INFO: SweepDetector v2: 2 raw â†’ 1 confirmed (volâ‰Ą2.5Ă— bodyâ‰Ą30%)
23:56:08 core.sweep_detector INFO: OrderBlocks: 2 detected, 2 unmitigated
23:56:08 core.sweep_detector INFO: FVGs: 5 detected, 1 unfilled
23:56:10 core.sweep_detector INFO: SweepDetector v2: 0 raw â†’ 0 confirmed (volâ‰Ą2.5Ă— bodyâ‰Ą30%)
23:56:10 core.sweep_detector INFO: OrderBlocks: 4 detected, 2 unmitigated
23:56:10 core.sweep_detector INFO: FVGs: 6 detected, 1 unfilled
23:56:12 core.sweep_detector INFO: SweepDetector v2: 2 raw â†’ 2 confirmed (volâ‰Ą2.5Ă— bodyâ‰Ą30%)
23:56:12 core.sweep_detector INFO: OrderBlocks: 3 detected, 2 unmitigated
23:56:12 core.sweep_detector INFO: FVGs: 7 detected, 2 unfilled
23:56:13 core.sweep_detector INFO: SweepDetector v2: 2 raw â†’ 2 confirmed (volâ‰Ą2.5Ă— bodyâ‰Ą30%)
23:56:13 core.sweep_detector INFO: OrderBlocks: 6 detected, 2 unmitigated
23:56:13 core.sweep_detector INFO: FVGs: 6 detected, 0 unfilled
23:56:15 core.sweep_detector INFO: SweepDetector v2: 0 raw â†’ 0 confirmed (volâ‰Ą2.5Ă— bodyâ‰Ą30%)
23:56:15 core.sweep_detector INFO: OrderBlocks: 0 detected, 0 unmitigated
23:56:15 core.sweep_detector INFO: FVGs: 0 detected, 0 unfilled
23:56:17 core.sweep_detector INFO: SweepDetector v2: 0 raw â†’ 0 confirmed (volâ‰Ą2.5Ă— bodyâ‰Ą30%)
23:56:17 core.sweep_detector INFO: OrderBlocks: 0 detected, 0 unmitigated
23:56:17 core.sweep_detector INFO: FVGs: 0 detected, 0 unfilled
23:56:18 core.sweep_detector INFO: SweepDetector v2: 0 raw â†’ 0 confirmed (volâ‰Ą2.5Ă— bodyâ‰Ą30%)
23:56:19 core.sweep_detector INFO: OrderBlocks: 0 detected, 0 unmitigated
23:56:19 core.sweep_detector INFO: FVGs: 0 detected, 0 unfilled
23:56:21 core.sweep_detector INFO: SweepDetector v2: 1 raw â†’ 1 confirmed (volâ‰Ą2.5Ă— bodyâ‰Ą30%)
23:56:21 core.sweep_detector INFO: OrderBlocks: 8 detected, 4 unmitigated
23:56:21 core.sweep_detector INFO: FVGs: 10 detected, 4 unfilled
23:56:23 core.sweep_detector INFO: SweepDetector v2: 1 raw â†’ 1 confirmed (volâ‰Ą2.5Ă— bodyâ‰Ą30%)
23:56:23 core.sweep_detector INFO: OrderBlocks: 5 detected, 1 unmitigated
23:56:23 core.sweep_detector INFO: FVGs: 6 detected, 1 unfilled
23:56:24 core.sweep_detector INFO: SweepDetector v2: 1 raw â†’ 1 confirmed (volâ‰Ą2.5Ă— bodyâ‰Ą30%)
23:56:24 core.sweep_detector INFO: OrderBlocks: 7 detected, 3 unmitigated
23:56:24 core.sweep_detector INFO: FVGs: 6 detected, 3 unfilled
23:56:26 core.sweep_detector INFO: SweepDetector v2: 1 raw â†’ 1 confirmed (volâ‰Ą2.5Ă— bodyâ‰Ą30%)
23:56:26 core.sweep_detector INFO: OrderBlocks: 7 detected, 1 unmitigated
23:56:26 core.sweep_detector INFO: FVGs: 7 detected, 2 unfilled
23:56:27 core.sweep_detector INFO: SweepDetector v2: 1 raw â†’ 1 confirmed (volâ‰Ą2.5Ă— bodyâ‰Ą30%)
23:56:28 core.sweep_detector INFO: OrderBlocks: 1 detected, 1 unmitigated
23:56:28 core.sweep_detector INFO: FVGs: 10 detected, 1 unfilled
23:56:29 core.sweep_detector INFO: SweepDetector v2: 1 raw â†’ 1 confirmed (volâ‰Ą2.5Ă— bodyâ‰Ą30%)
23:56:29 core.sweep_detector INFO: OrderBlocks: 4 detected, 1 unmitigated
23:56:29 core.sweep_detector INFO: FVGs: 5 detected, 1 unfilled
23:56:31 core.sweep_detector INFO: SweepDetector v2: 0 raw â†’ 0 confirmed (volâ‰Ą2.5Ă— bodyâ‰Ą30%)
23:56:31 core.sweep_detector INFO: OrderBlocks: 7 detected, 3 unmitigated
23:56:31 core.sweep_detector INFO: FVGs: 8 detected, 3 unfilled
23:56:32 core.sweep_detector INFO: SweepDetector v2: 2 raw â†’ 1 confirmed (volâ‰Ą2.5Ă— bodyâ‰Ą30%)
23:56:32 core.sweep_detector INFO: OrderBlocks: 5 detected, 2 unmitigated
23:56:32 core.sweep_detector INFO: FVGs: 9 detected, 1 unfilled
23:56:34 core.sweep_detector INFO: SweepDetector v2: 1 raw â†’ 1 confirmed (volâ‰Ą2.5Ă— bodyâ‰Ą30%)
23:56:34 core.sweep_detector INFO: OrderBlocks: 3 detected, 1 unmitigated
23:56:34 core.sweep_detector INFO: FVGs: 5 detected, 3 unfilled
23:56:35 core.sweep_detector INFO: SweepDetector v2: 7 raw â†’ 5 confirmed (volâ‰Ą2.5Ă— bodyâ‰Ą30%)
23:56:35 core.sweep_detector INFO: OrderBlocks: 3 detected, 2 unmitigated
23:56:35 core.sweep_detector INFO: FVGs: 9 detected, 4 unfilled
23:56:37 core.sweep_detector INFO: SweepDetector v2: 3 raw â†’ 1 confirmed (volâ‰Ą2.5Ă— bodyâ‰Ą30%)
23:56:37 core.sweep_detector INFO: OrderBlocks: 5 detected, 2 unmitigated
23:56:37 core.sweep_detector INFO: FVGs: 11 detected, 3 unfilled
23:56:38 core.sweep_detector INFO: SweepDetector v2: 0 raw â†’ 0 confirmed (volâ‰Ą2.5Ă— bodyâ‰Ą30%)
23:56:38 core.sweep_detector INFO: OrderBlocks: 7 detected, 3 unmitigated
23:56:38 core.sweep_detector INFO: FVGs: 8 detected, 1 unfilled
23:56:40 core.sweep_detector INFO: SweepDetector v2: 1 raw â†’ 1 confirmed (volâ‰Ą2.5Ă— bodyâ‰Ą30%)
23:56:40 core.sweep_detector INFO: OrderBlocks: 7 detected, 3 unmitigated
23:56:40 core.sweep_detector INFO: FVGs: 13 detected, 3 unfilled
23:56:42 core.sweep_detector INFO: SweepDetector v2: 2 raw â†’ 1 confirmed (volâ‰Ą2.5Ă— bodyâ‰Ą30%)
23:56:42 core.sweep_detector INFO: OrderBlocks: 6 detected, 0 unmitigated
23:56:42 core.sweep_detector INFO: FVGs: 6 detected, 2 unfilled
23:56:44 core.sweep_detector INFO: SweepDetector v2: 2 raw â†’ 2 confirmed (volâ‰Ą2.5Ă— bodyâ‰Ą30%)
23:56:44 core.sweep_detector INFO: OrderBlocks: 1 detected, 0 unmitigated
23:56:44 core.sweep_detector INFO: FVGs: 3 detected, 2 unfilled
23:56:45 core.sweep_detector INFO: SweepDetector v2: 5 raw â†’ 4 confirmed (volâ‰Ą2.5Ă— bodyâ‰Ą30%)
23:56:45 core.sweep_detector INFO: OrderBlocks: 8 detected, 1 unmitigated
23:56:45 core.sweep_detector INFO: FVGs: 11 detected, 1 unfilled
23:56:47 core.sweep_detector INFO: SweepDetector v2: 1 raw â†’ 0 confirmed (volâ‰Ą2.5Ă— bodyâ‰Ą30%)
23:56:47 core.sweep_detector INFO: OrderBlocks: 7 detected, 1 unmitigated
23:56:47 core.sweep_detector INFO: FVGs: 18 detected, 2 unfilled
23:56:48 core.sweep_detector INFO: SweepDetector v2: 1 raw â†’ 0 confirmed (volâ‰Ą2.5Ă— bodyâ‰Ą30%)
23:56:48 core.sweep_detector INFO: OrderBlocks: 4 detected, 1 unmitigated
23:56:48 core.sweep_detector INFO: FVGs: 6 detected, 2 unfilled
23:56:50 core.sweep_detector INFO: SweepDetector v2: 0 raw â†’ 0 confirmed (volâ‰Ą2.5Ă— bodyâ‰Ą30%)
23:56:50 core.sweep_detector INFO: OrderBlocks: 6 detected, 3 unmitigated
23:56:50 core.sweep_detector INFO: FVGs: 4 detected, 3 unfilled
23:56:51 core.sweep_detector INFO: SweepDetector v2: 1 raw â†’ 1 confirmed (volâ‰Ą2.5Ă— bodyâ‰Ą30%)
23:56:51 core.sweep_detector INFO: OrderBlocks: 6 detected, 2 unmitigated
23:56:51 core.sweep_detector INFO: FVGs: 3 detected, 3 unfilled
23:56:53 core.sweep_detector INFO: SweepDetector v2: 1 raw â†’ 0 confirmed (volâ‰Ą2.5Ă— bodyâ‰Ą30%)
23:56:53 core.sweep_detector INFO: OrderBlocks: 2 detected, 0 unmitigated
23:56:53 core.sweep_detector INFO: FVGs: 7 detected, 3 unfilled
23:56:55 core.sweep_detector INFO: SweepDetector v2: 0 raw â†’ 0 confirmed (volâ‰Ą2.5Ă— bodyâ‰Ą30%)
23:56:55 core.sweep_detector INFO: OrderBlocks: 6 detected, 2 unmitigated
23:56:55 core.sweep_detector INFO: FVGs: 11 detected, 7 unfilled
23:56:56 core.sweep_detector INFO: SweepDetector v2: 3 raw â†’ 2 confirmed (volâ‰Ą2.5Ă— bodyâ‰Ą30%)
23:56:56 core.sweep_detector INFO: OrderBlocks: 4 detected, 1 unmitigated
23:56:56 core.sweep_detector INFO: FVGs: 10 detected, 2 unfilled
23:56:58 core.sweep_detector INFO: SweepDetector v2: 0 raw â†’ 0 confirmed (volâ‰Ą2.5Ă— bodyâ‰Ą30%)
23:56:58 core.sweep_detector INFO: OrderBlocks: 6 detected, 1 unmitigated
23:56:58 core.sweep_detector INFO: FVGs: 8 detected, 2 unfilled
23:57:00 core.sweep_detector INFO: SweepDetector v2: 0 raw â†’ 0 confirmed (volâ‰Ą2.5Ă— bodyâ‰Ą30%)
23:57:00 core.sweep_detector INFO: OrderBlocks: 9 detected, 2 unmitigated
23:57:00 core.sweep_detector INFO: FVGs: 13 detected, 2 unfilled
23:57:02 core.sweep_detector INFO: SweepDetector v2: 3 raw â†’ 2 confirmed (volâ‰Ą2.5Ă— bodyâ‰Ą30%)
23:57:02 core.sweep_detector INFO: OrderBlocks: 4 detected, 2 unmitigated
23:57:02 core.sweep_detector INFO: FVGs: 12 detected, 2 unfilled
23:57:03 core.sweep_detector INFO: SweepDetector v2: 3 raw â†’ 3 confirmed (volâ‰Ą2.5Ă— bodyâ‰Ą30%)
23:57:03 core.sweep_detector INFO: OrderBlocks: 8 detected, 2 unmitigated
23:57:03 core.sweep_detector INFO: FVGs: 9 detected, 6 unfilled
23:57:05 core.sweep_detector INFO: SweepDetector v2: 4 raw â†’ 2 confirmed (volâ‰Ą2.5Ă— bodyâ‰Ą30%)
23:57:05 core.sweep_detector INFO: OrderBlocks: 5 detected, 2 unmitigated
23:57:05 core.sweep_detector INFO: FVGs: 9 detected, 3 unfilled
23:57:06 core.sweep_detector INFO: SweepDetector v2: 5 raw â†’ 4 confirmed (volâ‰Ą2.5Ă— bodyâ‰Ą30%)
23:57:06 core.sweep_detector INFO: OrderBlocks: 4 detected, 1 unmitigated
23:57:06 core.sweep_detector INFO: FVGs: 9 detected, 4 unfilled
23:57:08 core.sweep_detector INFO: SweepDetector v2: 3 raw â†’ 2 confirmed (volâ‰Ą2.5Ă— bodyâ‰Ą30%)
23:57:08 core.sweep_detector INFO: OrderBlocks: 2 detected, 2 unmitigated
23:57:08 core.sweep_detector INFO: FVGs: 9 detected, 6 unfilled
23:57:09 core.sweep_detector INFO: SweepDetector v2: 3 raw â†’ 2 confirmed (volâ‰Ą2.5Ă— bodyâ‰Ą30%)
23:57:09 core.sweep_detector INFO: OrderBlocks: 6 detected, 2 unmitigated
23:57:09 core.sweep_detector INFO: FVGs: 4 detected, 1 unfilled
23:57:11 core.sweep_detector INFO: SweepDetector v2: 2 raw â†’ 1 confirmed (volâ‰Ą2.5Ă— bodyâ‰Ą30%)
23:57:11 core.sweep_detector INFO: OrderBlocks: 3 detected, 0 unmitigated
23:57:11 core.sweep_detector INFO: FVGs: 12 detected, 1 unfilled
23:57:13 core.sweep_detector INFO: SweepDetector v2: 0 raw â†’ 0 confirmed (volâ‰Ą2.5Ă— bodyâ‰Ą30%)
23:57:13 core.sweep_detector INFO: OrderBlocks: 6 detected, 5 unmitigated
23:57:13 core.sweep_detector INFO: FVGs: 9 detected, 4 unfilled
23:57:14 core.sweep_detector INFO: SweepDetector v2: 1 raw â†’ 1 confirmed (volâ‰Ą2.5Ă— bodyâ‰Ą30%)
23:57:14 core.sweep_detector INFO: OrderBlocks: 9 detected, 2 unmitigated
23:57:14 core.sweep_detector INFO: FVGs: 6 detected, 0 unfilled
23:57:16 core.sweep_detector INFO: SweepDetector v2: 0 raw â†’ 0 confirmed (volâ‰Ą2.5Ă— bodyâ‰Ą30%)
23:57:16 core.sweep_detector INFO: OrderBlocks: 8 detected, 2 unmitigated
23:57:16 core.sweep_detector INFO: FVGs: 9 detected, 2 unfilled
23:57:17 core.sweep_detector INFO: SweepDetector v2: 1 raw â†’ 1 confirmed (volâ‰Ą2.5Ă— bodyâ‰Ą30%)
23:57:17 core.sweep_detector INFO: OrderBlocks: 1 detected, 0 unmitigated
23:57:17 core.sweep_detector INFO: FVGs: 7 detected, 0 unfilled
23:57:19 core.sweep_detector INFO: SweepDetector v2: 0 raw â†’ 0 confirmed (volâ‰Ą2.5Ă— bodyâ‰Ą30%)
23:57:19 core.sweep_detector INFO: OrderBlocks: 8 detected, 1 unmitigated
23:57:19 core.sweep_detector INFO: FVGs: 12 detected, 2 unfilled
23:57:21 core.sweep_detector INFO: SweepDetector v2: 4 raw â†’ 3 confirmed (volâ‰Ą2.5Ă— bodyâ‰Ą30%)
23:57:21 core.sweep_detector INFO: OrderBlocks: 1 detected, 0 unmitigated
23:57:21 core.sweep_detector INFO: FVGs: 9 detected, 1 unfilled
23:57:22 core.sweep_detector INFO: SweepDetector v2: 2 raw â†’ 2 confirmed (volâ‰Ą2.5Ă— bodyâ‰Ą30%)
23:57:22 core.sweep_detector INFO: OrderBlocks: 4 detected, 3 unmitigated
23:57:22 core.sweep_detector INFO: FVGs: 5 detected, 3 unfilled
23:57:24 core.sweep_detector INFO: SweepDetector v2: 1 raw â†’ 0 confirmed (volâ‰Ą2.5Ă— bodyâ‰Ą30%)
23:57:24 core.sweep_detector INFO: OrderBlocks: 6 detected, 3 unmitigated
23:57:24 core.sweep_detector INFO: FVGs: 9 detected, 3 unfilled
23:57:25 core.sweep_detector INFO: SweepDetector v2: 3 raw â†’ 3 confirmed (volâ‰Ą2.5Ă— bodyâ‰Ą30%)
23:57:25 core.sweep_detector INFO: OrderBlocks: 3 detected, 1 unmitigated
23:57:25 core.sweep_detector INFO: FVGs: 6 detected, 1 unfilled
23:57:27 core.sweep_detector INFO: SweepDetector v2: 2 raw â†’ 2 confirmed (volâ‰Ą2.5Ă— bodyâ‰Ą30%)
23:57:27 core.sweep_detector INFO: OrderBlocks: 6 detected, 2 unmitigated
23:57:27 core.sweep_detector INFO: FVGs: 8 detected, 2 unfilled
23:57:29 core.sweep_detector INFO: SweepDetector v2: 2 raw â†’ 2 confirmed (volâ‰Ą2.5Ă— bodyâ‰Ą30%)
23:57:29 core.sweep_detector INFO: OrderBlocks: 9 detected, 3 unmitigated
23:57:29 core.sweep_detector INFO: FVGs: 15 detected, 4 unfilled
23:57:30 core.sweep_detector INFO: SweepDetector v2: 2 raw â†’ 2 confirmed (volâ‰Ą2.5Ă— bodyâ‰Ą30%)
23:57:30 core.sweep_detector INFO: OrderBlocks: 8 detected, 2 unmitigated
23:57:30 core.sweep_detector INFO: FVGs: 14 detected, 3 unfilled
23:57:33 core.sweep_detector INFO: SweepDetector v2: 2 raw â†’ 2 confirmed (volâ‰Ą2.5Ă— bodyâ‰Ą30%)
23:57:33 core.sweep_detector INFO: OrderBlocks: 8 detected, 5 unmitigated
23:57:33 core.sweep_detector INFO: FVGs: 10 detected, 4 unfilled
23:57:35 core.sweep_detector INFO: SweepDetector v2: 1 raw â†’ 1 confirmed (volâ‰Ą2.5Ă— bodyâ‰Ą30%)
23:57:35 core.sweep_detector INFO: OrderBlocks: 5 detected, 3 unmitigated
23:57:35 core.sweep_detector INFO: FVGs: 11 detected, 3 unfilled
23:57:36 core.sweep_detector INFO: SweepDetector v2: 4 raw â†’ 3 confirmed (volâ‰Ą2.5Ă— bodyâ‰Ą30%)
23:57:36 core.sweep_detector INFO: OrderBlocks: 6 detected, 0 unmitigated
23:57:36 core.sweep_detector INFO: FVGs: 7 detected, 0 unfilled
23:57:38 core.sweep_detector INFO: SweepDetector v2: 5 raw â†’ 3 confirmed (volâ‰Ą2.5Ă— bodyâ‰Ą30%)
23:57:38 core.sweep_detector INFO: OrderBlocks: 5 detected, 2 unmitigated
23:57:38 core.sweep_detector INFO: FVGs: 8 detected, 3 unfilled
23:57:39 core.sweep_detector INFO: SweepDetector v2: 2 raw â†’ 1 confirmed (volâ‰Ą2.5Ă— bodyâ‰Ą30%)
23:57:39 core.sweep_detector INFO: OrderBlocks: 6 detected, 2 unmitigated
23:57:39 core.sweep_detector INFO: FVGs: 9 detected, 5 unfilled
23:57:41 core.sweep_detector INFO: SweepDetector v2: 2 raw â†’ 2 confirmed (volâ‰Ą2.5Ă— bodyâ‰Ą30%)
23:57:41 core.sweep_detector INFO: OrderBlocks: 3 detected, 2 unmitigated
23:57:41 core.sweep_detector INFO: FVGs: 12 detected, 2 unfilled
23:57:43 core.sweep_detector INFO: SweepDetector v2: 1 raw â†’ 1 confirmed (volâ‰Ą2.5Ă— bodyâ‰Ą30%)
23:57:43 core.sweep_detector INFO: OrderBlocks: 8 detected, 4 unmitigated
23:57:43 core.sweep_detector INFO: FVGs: 9 detected, 3 unfilled
23:57:45 core.sweep_detector INFO: SweepDetector v2: 2 raw â†’ 1 confirmed (volâ‰Ą2.5Ă— bodyâ‰Ą30%)
23:57:45 core.sweep_detector INFO: OrderBlocks: 6 detected, 2 unmitigated
23:57:45 core.sweep_detector INFO: FVGs: 10 detected, 4 unfilled
23:57:47 core.sweep_detector INFO: SweepDetector v2: 3 raw â†’ 1 confirmed (volâ‰Ą2.5Ă— bodyâ‰Ą30%)
23:57:47 core.sweep_detector INFO: OrderBlocks: 4 detected, 2 unmitigated
23:57:47 core.sweep_detector INFO: FVGs: 10 detected, 2 unfilled
23:57:48 core.sweep_detector INFO: SweepDetector v2: 2 raw â†’ 2 confirmed (volâ‰Ą2.5Ă— bodyâ‰Ą30%)
23:57:48 core.sweep_detector INFO: OrderBlocks: 8 detected, 3 unmitigated
23:57:48 core.sweep_detector INFO: FVGs: 6 detected, 2 unfilled
23:57:50 core.sweep_detector INFO: SweepDetector v2: 0 raw â†’ 0 confirmed (volâ‰Ą2.5Ă— bodyâ‰Ą30%)
23:57:50 core.sweep_detector INFO: OrderBlocks: 5 detected, 1 unmitigated
23:57:50 core.sweep_detector INFO: FVGs: 1 detected, 1 unfilled
23:57:52 core.sweep_detector INFO: SweepDetector v2: 0 raw â†’ 0 confirmed (volâ‰Ą2.5Ă— bodyâ‰Ą30%)
23:57:52 core.sweep_detector INFO: OrderBlocks: 4 detected, 1 unmitigated
23:57:52 core.sweep_detector INFO: FVGs: 1 detected, 1 unfilled
23:57:54 core.sweep_detector INFO: SweepDetector v2: 0 raw â†’ 0 confirmed (volâ‰Ą2.5Ă— bodyâ‰Ą30%)
23:57:54 core.sweep_detector INFO: OrderBlocks: 3 detected, 2 unmitigated
23:57:54 core.sweep_detector INFO: FVGs: 0 detected, 0 unfilled
23:57:55 core.sweep_detector INFO: SweepDetector v2: 0 raw â†’ 0 confirmed (volâ‰Ą2.5Ă— bodyâ‰Ą30%)
23:57:55 core.sweep_detector INFO: OrderBlocks: 0 detected, 0 unmitigated
23:57:55 core.sweep_detector INFO: FVGs: 0 detected, 0 unfilled
23:57:58 core.sweep_detector INFO: SweepDetector v2: 0 raw â†’ 0 confirmed (volâ‰Ą2.5Ă— bodyâ‰Ą30%)
23:57:58 core.sweep_detector INFO: OrderBlocks: 0 detected, 0 unmitigated
23:57:58 core.sweep_detector INFO: FVGs: 0 detected, 0 unfilled
23:57:59 core.sweep_detector INFO: SweepDetector v2: 0 raw â†’ 0 confirmed (volâ‰Ą2.5Ă— bodyâ‰Ą30%)
23:57:59 core.sweep_detector INFO: OrderBlocks: 0 detected, 0 unmitigated
23:58:00 core.sweep_detector INFO: FVGs: 0 detected, 0 unfilled
23:58:01 core.sweep_detector INFO: SweepDetector v2: 0 raw â†’ 0 confirmed (volâ‰Ą2.5Ă— bodyâ‰Ą30%)
23:58:01 core.sweep_detector INFO: OrderBlocks: 6 detected, 1 unmitigated
23:58:01 core.sweep_detector INFO: FVGs: 14 detected, 4 unfilled
23:58:03 core.sweep_detector INFO: SweepDetector v2: 1 raw â†’ 1 confirmed (volâ‰Ą2.5Ă— bodyâ‰Ą30%)
23:58:03 core.sweep_detector INFO: OrderBlocks: 4 detected, 2 unmitigated
23:58:03 core.sweep_detector INFO: FVGs: 11 detected, 2 unfilled
23:58:04 core.sweep_detector INFO: SweepDetector v2: 2 raw â†’ 2 confirmed (volâ‰Ą2.5Ă— bodyâ‰Ą30%)
23:58:04 core.sweep_detector INFO: OrderBlocks: 4 detected, 3 unmitigated
23:58:05 core.sweep_detector INFO: FVGs: 5 detected, 3 unfilled
23:58:06 core.sweep_detector INFO: SweepDetector v2: 0 raw â†’ 0 confirmed (volâ‰Ą2.5Ă— bodyâ‰Ą30%)
23:58:06 core.sweep_detector INFO: OrderBlocks: 8 detected, 2 unmitigated
23:58:06 core.sweep_detector INFO: FVGs: 12 detected, 5 unfilled
23:58:08 core.sweep_detector INFO: SweepDetector v2: 2 raw â†’ 1 confirmed (volâ‰Ą2.5Ă— bodyâ‰Ą30%)
23:58:08 core.sweep_detector INFO: OrderBlocks: 2 detected, 0 unmitigated
23:58:08 core.sweep_detector INFO: FVGs: 13 detected, 2 unfilled
23:58:11 core.sweep_detector INFO: SweepDetector v2: 1 raw â†’ 1 confirmed (volâ‰Ą2.5Ă— bodyâ‰Ą30%)
23:58:11 core.sweep_detector INFO: OrderBlocks: 3 detected, 2 unmitigated
23:58:11 core.sweep_detector INFO: FVGs: 8 detected, 2 unfilled
23:58:12 core.sweep_detector INFO: SweepDetector v2: 0 raw â†’ 0 confirmed (volâ‰Ą2.5Ă— bodyâ‰Ą30%)
23:58:12 core.sweep_detector INFO: OrderBlocks: 9 detected, 2 unmitigated
23:58:12 core.sweep_detector INFO: FVGs: 13 detected, 3 unfilled
23:58:14 core.sweep_detector INFO: SweepDetector v2: 1 raw â†’ 1 confirmed (volâ‰Ą2.5Ă— bodyâ‰Ą30%)
23:58:14 core.sweep_detector INFO: OrderBlocks: 6 detected, 1 unmitigated
23:58:14 core.sweep_detector INFO: FVGs: 12 detected, 4 unfilled
23:58:16 core.sweep_detector INFO: SweepDetector v2: 3 raw â†’ 2 confirmed (volâ‰Ą2.5Ă— bodyâ‰Ą30%)
23:58:16 core.sweep_detector INFO: OrderBlocks: 3 detected, 1 unmitigated
23:58:16 core.sweep_detector INFO: FVGs: 6 detected, 2 unfilled
23:58:17 core.sweep_detector INFO: SweepDetector v2: 1 raw â†’ 1 confirmed (volâ‰Ą2.5Ă— bodyâ‰Ą30%)
23:58:17 core.sweep_detector INFO: OrderBlocks: 8 detected, 3 unmitigated
23:58:17 core.sweep_detector INFO: FVGs: 9 detected, 2 unfilled
23:58:19 core.sweep_detector INFO: SweepDetector v2: 1 raw â†’ 1 confirmed (volâ‰Ą2.5Ă— bodyâ‰Ą30%)
23:58:19 core.sweep_detector INFO: OrderBlocks: 4 detected, 1 unmitigated
23:58:19 core.sweep_detector INFO: FVGs: 7 detected, 1 unfilled
23:58:20 core.sweep_detector INFO: SweepDetector v2: 1 raw â†’ 1 confirmed (volâ‰Ą2.5Ă— bodyâ‰Ą30%)
23:58:20 core.sweep_detector INFO: OrderBlocks: 6 detected, 3 unmitigated
23:58:20 core.sweep_detector INFO: FVGs: 7 detected, 3 unfilled
23:58:22 core.sweep_detector INFO: SweepDetector v2: 2 raw â†’ 1 confirmed (volâ‰Ą2.5Ă— bodyâ‰Ą30%)
23:58:22 core.sweep_detector INFO: OrderBlocks: 7 detected, 3 unmitigated
23:58:22 core.sweep_detector INFO: FVGs: 14 detected, 3 unfilled
23:58:24 core.sweep_detector INFO: SweepDetector v2: 2 raw â†’ 2 confirmed (volâ‰Ą2.5Ă— bodyâ‰Ą30%)
23:58:24 core.sweep_detector INFO: OrderBlocks: 5 detected, 3 unmitigated
23:58:24 core.sweep_detector INFO: FVGs: 13 detected, 4 unfilled
23:58:25 core.sweep_detector INFO: SweepDetector v2: 4 raw â†’ 0 confirmed (volâ‰Ą2.5Ă— bodyâ‰Ą30%)
23:58:25 core.sweep_detector INFO: OrderBlocks: 6 detected, 1 unmitigated
23:58:25 core.sweep_detector INFO: FVGs: 12 detected, 4 unfilled
23:58:27 core.sweep_detector INFO: SweepDetector v2: 3 raw â†’ 2 confirmed (volâ‰Ą2.5Ă— bodyâ‰Ą30%)
23:58:27 core.sweep_detector INFO: OrderBlocks: 7 detected, 2 unmitigated
23:58:27 core.sweep_detector INFO: FVGs: 13 detected, 2 unfilled
23:58:29 core.sweep_detector INFO: SweepDetector v2: 2 raw â†’ 0 confirmed (volâ‰Ą2.5Ă— bodyâ‰Ą30%)
23:58:29 core.sweep_detector INFO: OrderBlocks: 7 detected, 2 unmitigated
23:58:29 core.sweep_detector INFO: FVGs: 13 detected, 4 unfilled
23:58:31 core.sweep_detector INFO: SweepDetector v2: 3 raw â†’ 0 confirmed (volâ‰Ą2.5Ă— bodyâ‰Ą30%)
23:58:31 core.sweep_detector INFO: OrderBlocks: 4 detected, 0 unmitigated
23:58:31 core.sweep_detector INFO: FVGs: 10 detected, 3 unfilled
23:58:33 core.sweep_detector INFO: SweepDetector v2: 2 raw â†’ 2 confirmed (volâ‰Ą2.5Ă— bodyâ‰Ą30%)
23:58:33 core.sweep_detector INFO: OrderBlocks: 9 detected, 1 unmitigated
23:58:33 core.sweep_detector INFO: FVGs: 8 detected, 2 unfilled
23:58:35 core.sweep_detector INFO: SweepDetector v2: 1 raw â†’ 1 confirmed (volâ‰Ą2.5Ă— bodyâ‰Ą30%)
23:58:35 core.sweep_detector INFO: OrderBlocks: 2 detected, 1 unmitigated
23:58:35 core.sweep_detector INFO: FVGs: 11 detected, 2 unfilled
23:58:37 core.sweep_detector INFO: SweepDetector v2: 3 raw â†’ 2 confirmed (volâ‰Ą2.5Ă— bodyâ‰Ą30%)
23:58:37 core.sweep_detector INFO: OrderBlocks: 8 detected, 0 unmitigated
23:58:37 core.sweep_detector INFO: FVGs: 9 detected, 1 unfilled
23:58:38 core.sweep_detector INFO: SweepDetector v2: 1 raw â†’ 1 confirmed (volâ‰Ą2.5Ă— bodyâ‰Ą30%)
23:58:38 core.sweep_detector INFO: OrderBlocks: 7 detected, 2 unmitigated
23:58:38 core.sweep_detector INFO: FVGs: 9 detected, 4 unfilled
23:58:40 core.sweep_detector INFO: SweepDetector v2: 2 raw â†’ 2 confirmed (volâ‰Ą2.5Ă— bodyâ‰Ą30%)
23:58:40 core.sweep_detector INFO: OrderBlocks: 2 detected, 1 unmitigated
23:58:40 core.sweep_detector INFO: FVGs: 12 detected, 2 unfilled
23:58:41 core.sweep_detector INFO: SweepDetector v2: 3 raw â†’ 3 confirmed (volâ‰Ą2.5Ă— bodyâ‰Ą30%)
23:58:41 core.sweep_detector INFO: OrderBlocks: 4 detected, 1 unmitigated
23:58:41 core.sweep_detector INFO: FVGs: 7 detected, 3 unfilled
23:58:43 core.sweep_detector INFO: SweepDetector v2: 2 raw â†’ 1 confirmed (volâ‰Ą2.5Ă— bodyâ‰Ą30%)
23:58:43 core.sweep_detector INFO: OrderBlocks: 4 detected, 1 unmitigated
23:58:43 core.sweep_detector INFO: FVGs: 8 detected, 1 unfilled
23:58:44 core.sweep_detector INFO: SweepDetector v2: 0 raw â†’ 0 confirmed (volâ‰Ą2.5Ă— bodyâ‰Ą30%)
23:58:44 core.sweep_detector INFO: OrderBlocks: 9 detected, 3 unmitigated
23:58:44 core.sweep_detector INFO: FVGs: 12 detected, 4 unfilled
23:58:46 core.sweep_detector INFO: SweepDetector v2: 0 raw â†’ 0 confirmed (volâ‰Ą2.5Ă— bodyâ‰Ą30%)
23:58:46 core.sweep_detector INFO: OrderBlocks: 5 detected, 5 unmitigated
23:58:46 core.sweep_detector INFO: FVGs: 11 detected, 4 unfilled
23:58:48 core.sweep_detector INFO: SweepDetector v2: 0 raw â†’ 0 confirmed (volâ‰Ą2.5Ă— bodyâ‰Ą30%)
23:58:48 core.sweep_detector INFO: OrderBlocks: 2 detected, 1 unmitigated
23:58:48 core.sweep_detector INFO: FVGs: 10 detected, 2 unfilled
23:58:49 core.sweep_detector INFO: SweepDetector v2: 0 raw â†’ 0 confirmed (volâ‰Ą2.5Ă— bodyâ‰Ą30%)
23:58:49 core.sweep_detector INFO: OrderBlocks: 2 detected, 0 unmitigated
23:58:49 core.sweep_detector INFO: FVGs: 4 detected, 1 unfilled
23:58:51 core.sweep_detector INFO: SweepDetector v2: 2 raw â†’ 2 confirmed (volâ‰Ą2.5Ă— bodyâ‰Ą30%)
23:58:51 core.sweep_detector INFO: OrderBlocks: 4 detected, 2 unmitigated
23:58:51 core.sweep_detector INFO: FVGs: 7 detected, 1 unfilled
23:58:52 core.sweep_detector INFO: SweepDetector v2: 0 raw â†’ 0 confirmed (volâ‰Ą2.5Ă— bodyâ‰Ą30%)
23:58:52 core.sweep_detector INFO: OrderBlocks: 7 detected, 3 unmitigated
23:58:52 core.sweep_detector INFO: FVGs: 12 detected, 7 unfilled
23:58:54 core.sweep_detector INFO: SweepDetector v2: 1 raw â†’ 1 confirmed (volâ‰Ą2.5Ă— bodyâ‰Ą30%)
23:58:54 core.sweep_detector INFO: OrderBlocks: 5 detected, 2 unmitigated
23:58:54 core.sweep_detector INFO: FVGs: 11 detected, 3 unfilled
23:58:55 core.sweep_detector INFO: SweepDetector v2: 0 raw â†’ 0 confirmed (volâ‰Ą2.5Ă— bodyâ‰Ą30%)
23:58:55 core.sweep_detector INFO: OrderBlocks: 2 detected, 1 unmitigated
23:58:55 core.sweep_detector INFO: FVGs: 14 detected, 4 unfilled
23:58:57 core.sweep_detector INFO: SweepDetector v2: 1 raw â†’ 0 confirmed (volâ‰Ą2.5Ă— bodyâ‰Ą30%)
23:58:57 core.sweep_detector INFO: OrderBlocks: 9 detected, 3 unmitigated
23:58:57 core.sweep_detector INFO: FVGs: 8 detected, 1 unfilled
23:58:59 core.sweep_detector INFO: SweepDetector v2: 2 raw â†’ 1 confirmed (volâ‰Ą2.5Ă— bodyâ‰Ą30%)
23:58:59 core.sweep_detector INFO: OrderBlocks: 1 detected, 0 unmitigated
23:58:59 core.sweep_detector INFO: FVGs: 7 detected, 2 unfilled
23:59:01 core.sweep_detector INFO: SweepDetector v2: 0 raw â†’ 0 confirmed (volâ‰Ą2.5Ă— bodyâ‰Ą30%)
23:59:01 core.sweep_detector INFO: OrderBlocks: 4 detected, 2 unmitigated
23:59:01 core.sweep_detector INFO: FVGs: 6 detected, 2 unfilled
23:59:02 core.sweep_detector INFO: SweepDetector v2: 1 raw â†’ 1 confirmed (volâ‰Ą2.5Ă— bodyâ‰Ą30%)
23:59:02 core.sweep_detector INFO: OrderBlocks: 6 detected, 3 unmitigated
23:59:03 core.sweep_detector INFO: FVGs: 11 detected, 5 unfilled
23:59:04 core.sweep_detector INFO: SweepDetector v2: 3 raw â†’ 1 confirmed (volâ‰Ą2.5Ă— bodyâ‰Ą30%)
23:59:04 core.sweep_detector INFO: OrderBlocks: 5 detected, 2 unmitigated
23:59:04 core.sweep_detector INFO: FVGs: 9 detected, 2 unfilled
23:59:06 core.sweep_detector INFO: SweepDetector v2: 1 raw â†’ 1 confirmed (volâ‰Ą2.5Ă— bodyâ‰Ą30%)
23:59:06 core.sweep_detector INFO: OrderBlocks: 2 detected, 1 unmitigated
23:59:06 core.sweep_detector INFO: FVGs: 3 detected, 1 unfilled
23:59:08 core.sweep_detector INFO: SweepDetector v2: 0 raw â†’ 0 confirmed (volâ‰Ą2.5Ă— bodyâ‰Ą30%)
23:59:08 core.sweep_detector INFO: OrderBlocks: 6 detected, 2 unmitigated
23:59:08 core.sweep_detector INFO: FVGs: 3 detected, 2 unfilled
23:59:10 core.sweep_detector INFO: SweepDetector v2: 2 raw â†’ 2 confirmed (volâ‰Ą2.5Ă— bodyâ‰Ą30%)
23:59:10 core.sweep_detector INFO: OrderBlocks: 6 detected, 0 unmitigated
23:59:10 core.sweep_detector INFO: FVGs: 9 detected, 1 unfilled
23:59:12 core.sweep_detector INFO: SweepDetector v2: 1 raw â†’ 1 confirmed (volâ‰Ą2.5Ă— bodyâ‰Ą30%)
23:59:12 core.sweep_detector INFO: OrderBlocks: 4 detected, 2 unmitigated
23:59:12 core.sweep_detector INFO: FVGs: 2 detected, 1 unfilled
23:59:14 core.sweep_detector INFO: SweepDetector v2: 1 raw â†’ 1 confirmed (volâ‰Ą2.5Ă— bodyâ‰Ą30%)
23:59:14 core.sweep_detector INFO: OrderBlocks: 10 detected, 1 unmitigated
23:59:14 core.sweep_detector INFO: FVGs: 7 detected, 4 unfilled
23:59:16 core.sweep_detector INFO: SweepDetector v2: 3 raw â†’ 2 confirmed (volâ‰Ą2.5Ă— bodyâ‰Ą30%)
23:59:16 core.sweep_detector INFO: OrderBlocks: 4 detected, 1 unmitigated
23:59:16 core.sweep_detector INFO: FVGs: 8 detected, 2 unfilled
23:59:19 core.sweep_detector INFO: SweepDetector v2: 2 raw â†’ 1 confirmed (volâ‰Ą2.5Ă— bodyâ‰Ą30%)
23:59:19 core.sweep_detector INFO: OrderBlocks: 4 detected, 2 unmitigated
23:59:19 core.sweep_detector INFO: FVGs: 7 detected, 5 unfilled
23:59:21 core.sweep_detector INFO: SweepDetector v2: 0 raw â†’ 0 confirmed (volâ‰Ą2.5Ă— bodyâ‰Ą30%)
23:59:21 core.sweep_detector INFO: OrderBlocks: 4 detected, 2 unmitigated
23:59:21 core.sweep_detector INFO: FVGs: 15 detected, 4 unfilled
23:59:23 core.sweep_detector INFO: SweepDetector v2: 1 raw â†’ 1 confirmed (volâ‰Ą2.5Ă— bodyâ‰Ą30%)
23:59:23 core.sweep_detector INFO: OrderBlocks: 7 detected, 2 unmitigated
23:59:23 core.sweep_detector INFO: FVGs: 11 detected, 5 unfilled
23:59:25 core.sweep_detector INFO: SweepDetector v2: 2 raw â†’ 1 confirmed (volâ‰Ą2.5Ă— bodyâ‰Ą30%)
23:59:25 core.sweep_detector INFO: OrderBlocks: 4 detected, 2 unmitigated
23:59:25 core.sweep_detector INFO: FVGs: 10 detected, 6 unfilled
23:59:27 core.sweep_detector INFO: SweepDetector v2: 2 raw â†’ 1 confirmed (volâ‰Ą2.5Ă— bodyâ‰Ą30%)
23:59:27 core.sweep_detector INFO: OrderBlocks: 11 detected, 4 unmitigated
23:59:27 core.sweep_detector INFO: FVGs: 13 detected, 1 unfilled
23:59:29 core.sweep_detector INFO: SweepDetector v2: 3 raw â†’ 1 confirmed (volâ‰Ą2.5Ă— bodyâ‰Ą30%)
23:59:29 core.sweep_detector INFO: OrderBlocks: 1 detected, 0 unmitigated
23:59:29 core.sweep_detector INFO: FVGs: 10 detected, 2 unfilled
23:59:31 core.sweep_detector INFO: SweepDetector v2: 3 raw â†’ 3 confirmed (volâ‰Ą2.5Ă— bodyâ‰Ą30%)
23:59:31 core.sweep_detector INFO: OrderBlocks: 8 detected, 2 unmitigated
23:59:31 core.sweep_detector INFO: FVGs: 4 detected, 1 unfilled
23:59:35 core.sweep_detector INFO: SweepDetector v2: 2 raw â†’ 2 confirmed (volâ‰Ą2.5Ă— bodyâ‰Ą30%)
23:59:35 core.sweep_detector INFO: OrderBlocks: 15 detected, 1 unmitigated
23:59:35 core.sweep_detector INFO: FVGs: 15 detected, 1 unfilled
23:59:37 core.sweep_detector INFO: SweepDetector v2: 3 raw â†’ 3 confirmed (volâ‰Ą2.5Ă— bodyâ‰Ą30%)
23:59:37 core.sweep_detector INFO: OrderBlocks: 6 detected, 1 unmitigated
23:59:37 core.sweep_detector INFO: FVGs: 9 detected, 2 unfilled
23:59:41 core.sweep_detector INFO: SweepDetector v2: 1 raw â†’ 1 confirmed (volâ‰Ą2.5Ă— bodyâ‰Ą30%)
23:59:41 core.sweep_detector INFO: OrderBlocks: 10 detected, 4 unmitigated
23:59:41 core.sweep_detector INFO: FVGs: 10 detected, 3 unfilled
23:59:43 core.sweep_detector INFO: SweepDetector v2: 4 raw â†’ 4 confirmed (volâ‰Ą2.5Ă— bodyâ‰Ą30%)
23:59:43 core.sweep_detector INFO: OrderBlocks: 9 detected, 3 unmitigated
23:59:43 core.sweep_detector INFO: FVGs: 12 detected, 2 unfilled
23:59:46 core.sweep_detector INFO: SweepDetector v2: 5 raw â†’ 5 confirmed (volâ‰Ą2.5Ă— bodyâ‰Ą30%)
23:59:46 core.sweep_detector INFO: OrderBlocks: 3 detected, 2 unmitigated
23:59:46 core.sweep_detector INFO: FVGs: 6 detected, 2 unfilled
23:59:48 core.sweep_detector INFO: SweepDetector v2: 4 raw â†’ 2 confirmed (volâ‰Ą2.5Ă— bodyâ‰Ą30%)
23:59:48 core.sweep_detector INFO: OrderBlocks: 4 detected, 0 unmitigated
23:59:48 core.sweep_detector INFO: FVGs: 4 detected, 1 unfilled
23:59:50 core.sweep_detector INFO: SweepDetector v2: 6 raw â†’ 3 confirmed (volâ‰Ą2.5Ă— bodyâ‰Ą30%)
23:59:50 core.sweep_detector INFO: OrderBlocks: 8 detected, 6 unmitigated
23:59:50 core.sweep_detector INFO: FVGs: 12 detected, 7 unfilled
23:59:52 core.sweep_detector INFO: SweepDetector v2: 5 raw â†’ 4 confirmed (volâ‰Ą2.5Ă— bodyâ‰Ą30%)
23:59:52 core.sweep_detector INFO: OrderBlocks: 5 detected, 2 unmitigated
23:59:52 core.sweep_detector INFO: FVGs: 8 detected, 3 unfilled
23:59:54 core.sweep_detector INFO: SweepDetector v2: 2 raw â†’ 1 confirmed (volâ‰Ą2.5Ă— bodyâ‰Ą30%)
23:59:54 core.sweep_detector INFO: OrderBlocks: 5 detected, 5 unmitigated
23:59:54 core.sweep_detector INFO: FVGs: 14 detected, 6 unfilled
23:59:56 core.sweep_detector INFO: SweepDetector v2: 1 raw â†’ 1 confirmed (volâ‰Ą2.5Ă— bodyâ‰Ą30%)
23:59:56 core.sweep_detector INFO: OrderBlocks: 5 detected, 1 unmitigated
23:59:56 core.sweep_detector INFO: FVGs: 7 detected, 2 unfilled
00:00:00 core.sweep_detector INFO: SweepDetector v2: 3 raw â†’ 3 confirmed (volâ‰Ą2.5Ă— bodyâ‰Ą30%)
00:00:00 core.sweep_detector INFO: OrderBlocks: 7 detected, 2 unmitigated
00:00:00 core.sweep_detector INFO: FVGs: 10 detected, 3 unfilled
00:00:04 core.sweep_detector INFO: SweepDetector v2: 3 raw â†’ 3 confirmed (volâ‰Ą2.5Ă— bodyâ‰Ą30%)
00:00:04 core.sweep_detector INFO: OrderBlocks: 6 detected, 2 unmitigated
00:00:04 core.sweep_detector INFO: FVGs: 7 detected, 3 unfilled
00:00:09 core.sweep_detector INFO: SweepDetector v2: 1 raw â†’ 1 confirmed (volâ‰Ą2.5Ă— bodyâ‰Ą30%)
00:00:10 core.sweep_detector INFO: OrderBlocks: 6 detected, 3 unmitigated
00:00:10 core.sweep_detector INFO: FVGs: 14 detected, 7 unfilled
00:00:13 core.sweep_detector INFO: SweepDetector v2: 2 raw â†’ 0 confirmed (volâ‰Ą2.5Ă— bodyâ‰Ą30%)
00:00:13 core.sweep_detector INFO: OrderBlocks: 4 detected, 2 unmitigated
00:00:13 core.sweep_detector INFO: FVGs: 11 detected, 6 unfilled
00:00:16 core.sweep_detector INFO: SweepDetector v2: 1 raw â†’ 1 confirmed (volâ‰Ą2.5Ă— bodyâ‰Ą30%)
00:00:16 core.sweep_detector INFO: OrderBlocks: 5 detected, 5 unmitigated
00:00:16 core.sweep_detector INFO: FVGs: 11 detected, 6 unfilled
00:00:19 core.sweep_detector INFO: SweepDetector v2: 3 raw â†’ 2 confirmed (volâ‰Ą2.5Ă— bodyâ‰Ą30%)
00:00:19 core.sweep_detector INFO: OrderBlocks: 4 detected, 0 unmitigated
00:00:19 core.sweep_detector INFO: FVGs: 6 detected, 0 unfilled
00:00:21 core.sweep_detector INFO: SweepDetector v2: 2 raw â†’ 2 confirmed (volâ‰Ą2.5Ă— bodyâ‰Ą30%)
00:00:21 core.sweep_detector INFO: OrderBlocks: 7 detected, 1 unmitigated
00:00:21 core.sweep_detector INFO: FVGs: 8 detected, 2 unfilled
00:00:23 core.sweep_detector INFO: SweepDetector v2: 0 raw â†’ 0 confirmed (volâ‰Ą2.5Ă— bodyâ‰Ą30%)
00:00:23 core.sweep_detector INFO: OrderBlocks: 7 detected, 3 unmitigated
00:00:23 core.sweep_detector INFO: FVGs: 5 detected, 2 unfilled
00:00:25 core.sweep_detector INFO: SweepDetector v2: 0 raw â†’ 0 confirmed (volâ‰Ą2.5Ă— bodyâ‰Ą30%)
00:00:25 core.sweep_detector INFO: OrderBlocks: 8 detected, 3 unmitigated
00:00:25 core.sweep_detector INFO: FVGs: 10 detected, 3 unfilled
00:00:27 core.sweep_detector INFO: SweepDetector v2: 4 raw â†’ 3 confirmed (volâ‰Ą2.5Ă— bodyâ‰Ą30%)
00:00:27 core.sweep_detector INFO: OrderBlocks: 4 detected, 0 unmitigated
00:00:27 core.sweep_detector INFO: FVGs: 11 detected, 2 unfilled
00:00:29 core.sweep_detector INFO: SweepDetector v2: 2 raw â†’ 2 confirmed (volâ‰Ą2.5Ă— bodyâ‰Ą30%)
00:00:29 core.sweep_detector INFO: OrderBlocks: 6 detected, 2 unmitigated
00:00:29 core.sweep_detector INFO: FVGs: 5 detected, 2 unfilled
00:00:31 core.sweep_detector INFO: SweepDetector v2: 1 raw â†’ 1 confirmed (volâ‰Ą2.5Ă— bodyâ‰Ą30%)
00:00:31 core.sweep_detector INFO: OrderBlocks: 5 detected, 1 unmitigated
00:00:31 core.sweep_detector INFO: FVGs: 5 detected, 1 unfilled
00:00:33 core.sweep_detector INFO: SweepDetector v2: 3 raw â†’ 3 confirmed (volâ‰Ą2.5Ă— bodyâ‰Ą30%)
00:00:33 core.sweep_detector INFO: OrderBlocks: 3 detected, 0 unmitigated
00:00:33 core.sweep_detector INFO: FVGs: 4 detected, 0 unfilled
00:00:35 core.sweep_detector INFO: SweepDetector v2: 1 raw â†’ 1 confirmed (volâ‰Ą2.5Ă— bodyâ‰Ą30%)
00:00:35 core.sweep_detector INFO: OrderBlocks: 2 detected, 0 unmitigated
00:00:35 core.sweep_detector INFO: FVGs: 1 detected, 0 unfilled
00:00:37 core.sweep_detector INFO: SweepDetector v2: 2 raw â†’ 2 confirmed (volâ‰Ą2.5Ă— bodyâ‰Ą30%)
00:00:37 core.sweep_detector INFO: OrderBlocks: 11 detected, 3 unmitigated
00:00:37 core.sweep_detector INFO: FVGs: 12 detected, 4 unfilled
00:00:39 core.sweep_detector INFO: SweepDetector v2: 5 raw â†’ 3 confirmed (volâ‰Ą2.5Ă— bodyâ‰Ą30%)
00:00:39 core.sweep_detector INFO: OrderBlocks: 4 detected, 2 unmitigated
00:00:39 core.sweep_detector INFO: FVGs: 13 detected, 4 unfilled
00:00:41 core.sweep_detector INFO: SweepDetector v2: 2 raw â†’ 1 confirmed (volâ‰Ą2.5Ă— bodyâ‰Ą30%)
00:00:41 core.sweep_detector INFO: OrderBlocks: 4 detected, 3 unmitigated
00:00:41 core.sweep_detector INFO: FVGs: 6 detected, 4 unfilled
00:00:42 core.sweep_detector INFO: SweepDetector v2: 1 raw â†’ 0 confirmed (volâ‰Ą2.5Ă— bodyâ‰Ą30%)
00:00:42 core.sweep_detector INFO: OrderBlocks: 5 detected, 1 unmitigated
00:00:42 core.sweep_detector INFO: FVGs: 5 detected, 3 unfilled
00:00:44 core.sweep_detector INFO: SweepDetector v2: 4 raw â†’ 4 confirmed (volâ‰Ą2.5Ă— bodyâ‰Ą30%)
00:00:44 core.sweep_detector INFO: OrderBlocks: 3 detected, 2 unmitigated
00:00:44 core.sweep_detector INFO: FVGs: 8 detected, 1 unfilled
00:00:46 core.sweep_detector INFO: SweepDetector v2: 1 raw â†’ 1 confirmed (volâ‰Ą2.5Ă— bodyâ‰Ą30%)
00:00:46 core.sweep_detector INFO: OrderBlocks: 7 detected, 2 unmitigated
00:00:46 core.sweep_detector INFO: FVGs: 10 detected, 3 unfilled
00:00:48 core.sweep_detector INFO: SweepDetector v2: 2 raw â†’ 2 confirmed (volâ‰Ą2.5Ă— bodyâ‰Ą30%)
00:00:48 core.sweep_detector INFO: OrderBlocks: 8 detected, 2 unmitigated
00:00:48 core.sweep_detector INFO: FVGs: 9 detected, 1 unfilled
00:00:50 core.sweep_detector INFO: SweepDetector v2: 2 raw â†’ 1 confirmed (volâ‰Ą2.5Ă— bodyâ‰Ą30%)
00:00:50 core.sweep_detector INFO: OrderBlocks: 3 detected, 1 unmitigated
00:00:50 core.sweep_detector INFO: FVGs: 8 detected, 2 unfilled
00:00:52 core.sweep_detector INFO: SweepDetector v2: 1 raw â†’ 1 confirmed (volâ‰Ą2.5Ă— bodyâ‰Ą30%)
00:00:52 core.sweep_detector INFO: OrderBlocks: 6 detected, 2 unmitigated
00:00:52 core.sweep_detector INFO: FVGs: 12 detected, 1 unfilled
00:00:54 core.sweep_detector INFO: SweepDetector v2: 0 raw â†’ 0 confirmed (volâ‰Ą2.5Ă— bodyâ‰Ą30%)
00:00:54 core.sweep_detector INFO: OrderBlocks: 1 detected, 0 unmitigated
00:00:54 core.sweep_detector INFO: FVGs: 0 detected, 0 unfilled
00:00:56 core.sweep_detector INFO: SweepDetector v2: 0 raw â†’ 0 confirmed (volâ‰Ą2.5Ă— bodyâ‰Ą30%)
00:00:56 core.sweep_detector INFO: OrderBlocks: 0 detected, 0 unmitigated
00:00:56 core.sweep_detector INFO: FVGs: 0 detected, 0 unfilled
00:00:58 core.sweep_detector INFO: SweepDetector v2: 0 raw â†’ 0 confirmed (volâ‰Ą2.5Ă— bodyâ‰Ą30%)
00:00:58 core.sweep_detector INFO: OrderBlocks: 0 detected, 0 unmitigated
00:00:58 core.sweep_detector INFO: FVGs: 0 detected, 0 unfilled
00:01:00 core.sweep_detector INFO: SweepDetector v2: 2 raw â†’ 2 confirmed (volâ‰Ą2.5Ă— bodyâ‰Ą30%)
00:01:00 core.sweep_detector INFO: OrderBlocks: 5 detected, 2 unmitigated
00:01:00 core.sweep_detector INFO: FVGs: 5 detected, 1 unfilled
00:01:02 core.sweep_detector INFO: SweepDetector v2: 2 raw â†’ 2 confirmed (volâ‰Ą2.5Ă— bodyâ‰Ą30%)
00:01:02 core.sweep_detector INFO: OrderBlocks: 4 detected, 0 unmitigated
00:01:02 core.sweep_detector INFO: FVGs: 7 detected, 2 unfilled
00:01:04 core.sweep_detector INFO: SweepDetector v2: 2 raw â†’ 2 confirmed (volâ‰Ą2.5Ă— bodyâ‰Ą30%)
00:01:04 core.sweep_detector INFO: OrderBlocks: 7 detected, 1 unmitigated
00:01:04 core.sweep_detector INFO: FVGs: 9 detected, 2 unfilled
00:01:06 core.sweep_detector INFO: SweepDetector v2: 0 raw â†’ 0 confirmed (volâ‰Ą2.5Ă— bodyâ‰Ą30%)
00:01:06 core.sweep_detector INFO: OrderBlocks: 4 detected, 2 unmitigated
00:01:06 core.sweep_detector INFO: FVGs: 12 detected, 8 unfilled
00:01:08 core.sweep_detector INFO: SweepDetector v2: 0 raw â†’ 0 confirmed (volâ‰Ą2.5Ă— bodyâ‰Ą30%)
00:01:08 core.sweep_detector INFO: OrderBlocks: 1 detected, 0 unmitigated
00:01:08 core.sweep_detector INFO: FVGs: 10 detected, 2 unfilled
00:01:10 core.sweep_detector INFO: SweepDetector v2: 2 raw â†’ 2 confirmed (volâ‰Ą2.5Ă— bodyâ‰Ą30%)
00:01:10 core.sweep_detector INFO: OrderBlocks: 5 detected, 2 unmitigated
00:01:10 core.sweep_detector INFO: FVGs: 7 detected, 3 unfilled
00:01:11 core.sweep_detector INFO: SweepDetector v2: 5 raw â†’ 3 confirmed (volâ‰Ą2.5Ă— bodyâ‰Ą30%)
00:01:11 core.sweep_detector INFO: OrderBlocks: 6 detected, 2 unmitigated
00:01:11 core.sweep_detector INFO: FVGs: 8 detected, 2 unfilled
00:01:13 core.sweep_detector INFO: SweepDetector v2: 2 raw â†’ 2 confirmed (volâ‰Ą2.5Ă— bodyâ‰Ą30%)
00:01:13 core.sweep_detector INFO: OrderBlocks: 3 detected, 2 unmitigated
00:01:13 core.sweep_detector INFO: FVGs: 9 detected, 2 unfilled
00:01:15 core.sweep_detector INFO: SweepDetector v2: 3 raw â†’ 3 confirmed (volâ‰Ą2.5Ă— bodyâ‰Ą30%)
00:01:15 core.sweep_detector INFO: OrderBlocks: 2 detected, 1 unmitigated
00:01:15 core.sweep_detector INFO: FVGs: 6 detected, 0 unfilled
00:01:17 core.sweep_detector INFO: SweepDetector v2: 0 raw â†’ 0 confirmed (volâ‰Ą2.5Ă— bodyâ‰Ą30%)
00:01:17 core.sweep_detector INFO: OrderBlocks: 8 detected, 3 unmitigated
00:01:17 core.sweep_detector INFO: FVGs: 8 detected, 1 unfilled
00:01:19 core.sweep_detector INFO: SweepDetector v2: 3 raw â†’ 3 confirmed (volâ‰Ą2.5Ă— bodyâ‰Ą30%)
00:01:19 core.sweep_detector INFO: OrderBlocks: 3 detected, 3 unmitigated
00:01:19 core.sweep_detector INFO: FVGs: 10 detected, 4 unfilled
00:01:21 core.sweep_detector INFO: SweepDetector v2: 2 raw â†’ 1 confirmed (volâ‰Ą2.5Ă— bodyâ‰Ą30%)
00:01:21 core.sweep_detector INFO: OrderBlocks: 3 detected, 1 unmitigated
00:01:21 core.sweep_detector INFO: FVGs: 5 detected, 2 unfilled
00:01:23 core.sweep_detector INFO: SweepDetector v2: 1 raw â†’ 1 confirmed (volâ‰Ą2.5Ă— bodyâ‰Ą30%)
00:01:23 core.sweep_detector INFO: OrderBlocks: 4 detected, 2 unmitigated
00:01:23 core.sweep_detector INFO: FVGs: 11 detected, 8 unfilled
00:01:25 core.sweep_detector INFO: SweepDetector v2: 1 raw â†’ 1 confirmed (volâ‰Ą2.5Ă— bodyâ‰Ą30%)
00:01:25 core.sweep_detector INFO: OrderBlocks: 3 detected, 2 unmitigated
00:01:25 core.sweep_detector INFO: FVGs: 2 detected, 1 unfilled
00:01:26 core.sweep_detector INFO: SweepDetector v2: 2 raw â†’ 2 confirmed (volâ‰Ą2.5Ă— bodyâ‰Ą30%)
00:01:26 core.sweep_detector INFO: OrderBlocks: 7 detected, 2 unmitigated
00:01:26 core.sweep_detector INFO: FVGs: 7 detected, 1 unfilled
00:01:28 core.sweep_detector INFO: SweepDetector v2: 2 raw â†’ 2 confirmed (volâ‰Ą2.5Ă— bodyâ‰Ą30%)
00:01:28 core.sweep_detector INFO: OrderBlocks: 8 detected, 4 unmitigated
00:01:28 core.sweep_detector INFO: FVGs: 9 detected, 2 unfilled
00:01:30 core.sweep_detector INFO: SweepDetector v2: 3 raw â†’ 0 confirmed (volâ‰Ą2.5Ă— bodyâ‰Ą30%)
00:01:30 core.sweep_detector INFO: OrderBlocks: 6 detected, 3 unmitigated
00:01:30 core.sweep_detector INFO: FVGs: 9 detected, 5 unfilled
00:01:32 core.sweep_detector INFO: SweepDetector v2: 1 raw â†’ 0 confirmed (volâ‰Ą2.5Ă— bodyâ‰Ą30%)
00:01:32 core.sweep_detector INFO: OrderBlocks: 8 detected, 4 unmitigated
00:01:32 core.sweep_detector INFO: FVGs: 9 detected, 4 unfilled
00:01:33 core.sweep_detector INFO: SweepDetector v2: 1 raw â†’ 0 confirmed (volâ‰Ą2.5Ă— bodyâ‰Ą30%)
00:01:33 core.sweep_detector INFO: OrderBlocks: 10 detected, 2 unmitigated
00:01:33 core.sweep_detector INFO: FVGs: 8 detected, 3 unfilled
00:01:35 core.sweep_detector INFO: SweepDetector v2: 4 raw â†’ 1 confirmed (volâ‰Ą2.5Ă— bodyâ‰Ą30%)
00:01:35 core.sweep_detector INFO: OrderBlocks: 3 detected, 1 unmitigated
00:01:35 core.sweep_detector INFO: FVGs: 8 detected, 2 unfilled
00:01:37 core.sweep_detector INFO: SweepDetector v2: 1 raw â†’ 1 confirmed (volâ‰Ą2.5Ă— bodyâ‰Ą30%)
00:01:37 core.sweep_detector INFO: OrderBlocks: 7 detected, 3 unmitigated
00:01:37 core.sweep_detector INFO: FVGs: 8 detected, 4 unfilled
00:01:39 core.sweep_detector INFO: SweepDetector v2: 7 raw â†’ 5 confirmed (volâ‰Ą2.5Ă— bodyâ‰Ą30%)
00:01:39 core.sweep_detector INFO: OrderBlocks: 5 detected, 5 unmitigated
00:01:39 core.sweep_detector INFO: FVGs: 13 detected, 9 unfilled
00:01:41 core.sweep_detector INFO: SweepDetector v2: 2 raw â†’ 1 confirmed (volâ‰Ą2.5Ă— bodyâ‰Ą30%)
00:01:41 core.sweep_detector INFO: OrderBlocks: 1 detected, 0 unmitigated
00:01:41 core.sweep_detector INFO: FVGs: 6 detected, 2 unfilled
00:01:42 core.sweep_detector INFO: SweepDetector v2: 4 raw â†’ 4 confirmed (volâ‰Ą2.5Ă— bodyâ‰Ą30%)
00:01:42 core.sweep_detector INFO: OrderBlocks: 2 detected, 1 unmitigated
00:01:42 core.sweep_detector INFO: FVGs: 4 detected, 2 unfilled
00:01:44 core.sweep_detector INFO: SweepDetector v2: 0 raw â†’ 0 confirmed (volâ‰Ą2.5Ă— bodyâ‰Ą30%)
00:01:44 core.sweep_detector INFO: OrderBlocks: 9 detected, 4 unmitigated
00:01:44 core.sweep_detector INFO: FVGs: 13 detected, 5 unfilled
00:01:46 core.sweep_detector INFO: SweepDetector v2: 3 raw â†’ 2 confirmed (volâ‰Ą2.5Ă— bodyâ‰Ą30%)
00:01:46 core.sweep_detector INFO: OrderBlocks: 3 detected, 2 unmitigated
00:01:46 core.sweep_detector INFO: FVGs: 10 detected, 2 unfilled
00:01:48 core.sweep_detector INFO: SweepDetector v2: 2 raw â†’ 1 confirmed (volâ‰Ą2.5Ă— bodyâ‰Ą30%)
00:01:48 core.sweep_detector INFO: OrderBlocks: 5 detected, 2 unmitigated
00:01:48 core.sweep_detector INFO: FVGs: 5 detected, 2 unfilled
00:01:50 core.sweep_detector INFO: SweepDetector v2: 3 raw â†’ 3 confirmed (volâ‰Ą2.5Ă— bodyâ‰Ą30%)
00:01:50 core.sweep_detector INFO: OrderBlocks: 3 detected, 1 unmitigated
00:01:50 core.sweep_detector INFO: FVGs: 5 detected, 1 unfilled
00:01:52 core.sweep_detector INFO: SweepDetector v2: 3 raw â†’ 2 confirmed (volâ‰Ą2.5Ă— bodyâ‰Ą30%)
00:01:52 core.sweep_detector INFO: OrderBlocks: 5 detected, 2 unmitigated
00:01:52 core.sweep_detector INFO: FVGs: 8 detected, 3 unfilled
00:01:53 core.sweep_detector INFO: SweepDetector v2: 1 raw â†’ 1 confirmed (volâ‰Ą2.5Ă— bodyâ‰Ą30%)
00:01:53 core.sweep_detector INFO: OrderBlocks: 6 detected, 2 unmitigated
00:01:53 core.sweep_detector INFO: FVGs: 9 detected, 4 unfilled
00:01:55 core.sweep_detector INFO: SweepDetector v2: 3 raw â†’ 2 confirmed (volâ‰Ą2.5Ă— bodyâ‰Ą30%)
00:01:55 core.sweep_detector INFO: OrderBlocks: 3 detected, 3 unmitigated
00:01:55 core.sweep_detector INFO: FVGs: 13 detected, 8 unfilled
00:01:57 core.sweep_detector INFO: SweepDetector v2: 2 raw â†’ 2 confirmed (volâ‰Ą2.5Ă— bodyâ‰Ą30%)
00:01:57 core.sweep_detector INFO: OrderBlocks: 4 detected, 1 unmitigated
00:01:57 core.sweep_detector INFO: FVGs: 8 detected, 3 unfilled
00:01:59 core.sweep_detector INFO: SweepDetector v2: 2 raw â†’ 1 confirmed (volâ‰Ą2.5Ă— bodyâ‰Ą30%)
00:01:59 core.sweep_detector INFO: OrderBlocks: 0 detected, 0 unmitigated
00:01:59 core.sweep_detector INFO: FVGs: 3 detected, 1 unfilled
00:02:01 core.sweep_detector INFO: SweepDetector v2: 1 raw â†’ 0 confirmed (volâ‰Ą2.5Ă— bodyâ‰Ą30%)
00:02:01 core.sweep_detector INFO: OrderBlocks: 4 detected, 0 unmitigated
00:02:01 core.sweep_detector INFO: FVGs: 15 detected, 6 unfilled
00:02:02 core.sweep_detector INFO: SweepDetector v2: 0 raw â†’ 0 confirmed (volâ‰Ą2.5Ă— bodyâ‰Ą30%)
00:02:03 core.sweep_detector INFO: OrderBlocks: 7 detected, 2 unmitigated
00:02:03 core.sweep_detector INFO: FVGs: 4 detected, 2 unfilled
00:02:04 core.sweep_detector INFO: SweepDetector v2: 2 raw â†’ 2 confirmed (volâ‰Ą2.5Ă— bodyâ‰Ą30%)
00:02:04 core.sweep_detector INFO: OrderBlocks: 3 detected, 1 unmitigated
00:02:04 core.sweep_detector INFO: FVGs: 4 detected, 2 unfilled
00:02:06 core.sweep_detector INFO: SweepDetector v2: 1 raw â†’ 0 confirmed (volâ‰Ą2.5Ă— bodyâ‰Ą30%)
00:02:06 core.sweep_detector INFO: OrderBlocks: 7 detected, 3 unmitigated
00:02:06 core.sweep_detector INFO: FVGs: 9 detected, 5 unfilled
00:02:07 core.sweep_detector INFO: SweepDetector v2: 2 raw â†’ 2 confirmed (volâ‰Ą2.5Ă— bodyâ‰Ą30%)
00:02:07 core.sweep_detector INFO: OrderBlocks: 3 detected, 2 unmitigated
00:02:07 core.sweep_detector INFO: FVGs: 13 detected, 2 unfilled
00:02:09 core.sweep_detector INFO: SweepDetector v2: 3 raw â†’ 2 confirmed (volâ‰Ą2.5Ă— bodyâ‰Ą30%)
00:02:09 core.sweep_detector INFO: OrderBlocks: 8 detected, 2 unmitigated
00:02:09 core.sweep_detector INFO: FVGs: 7 detected, 3 unfilled
00:02:11 core.sweep_detector INFO: SweepDetector v2: 0 raw â†’ 0 confirmed (volâ‰Ą2.5Ă— bodyâ‰Ą30%)
00:02:11 core.sweep_detector INFO: OrderBlocks: 9 detected, 2 unmitigated
00:02:11 core.sweep_detector INFO: FVGs: 10 detected, 2 unfilled
00:02:13 core.sweep_detector INFO: SweepDetector v2: 1 raw â†’ 1 confirmed (volâ‰Ą2.5Ă— bodyâ‰Ą30%)
00:02:13 core.sweep_detector INFO: OrderBlocks: 5 detected, 2 unmitigated
00:02:13 core.sweep_detector INFO: FVGs: 5 detected, 1 unfilled
00:02:15 core.sweep_detector INFO: SweepDetector v2: 1 raw â†’ 1 confirmed (volâ‰Ą2.5Ă— bodyâ‰Ą30%)
00:02:15 core.sweep_detector INFO: OrderBlocks: 4 detected, 1 unmitigated
00:02:15 core.sweep_detector INFO: FVGs: 5 detected, 3 unfilled
00:02:17 core.sweep_detector INFO: SweepDetector v2: 0 raw â†’ 0 confirmed (volâ‰Ą2.5Ă— bodyâ‰Ą30%)
00:02:17 core.sweep_detector INFO: OrderBlocks: 1 detected, 0 unmitigated
00:02:17 core.sweep_detector INFO: FVGs: 0 detected, 0 unfilled
00:02:19 core.sweep_detector INFO: SweepDetector v2: 0 raw â†’ 0 confirmed (volâ‰Ą2.5Ă— bodyâ‰Ą30%)
00:02:19 core.sweep_detector INFO: OrderBlocks: 1 detected, 0 unmitigated
00:02:19 core.sweep_detector INFO: FVGs: 0 detected, 0 unfilled
00:02:20 core.sweep_detector INFO: SweepDetector v2: 0 raw â†’ 0 confirmed (volâ‰Ą2.5Ă— bodyâ‰Ą30%)
00:02:20 core.sweep_detector INFO: OrderBlocks: 2 detected, 0 unmitigated
00:02:20 core.sweep_detector INFO: FVGs: 0 detected, 0 unfilled
00:02:22 core.sweep_detector INFO: SweepDetector v2: 1 raw â†’ 1 confirmed (volâ‰Ą2.5Ă— bodyâ‰Ą30%)
00:02:22 core.sweep_detector INFO: OrderBlocks: 6 detected, 1 unmitigated
00:02:22 core.sweep_detector INFO: FVGs: 9 detected, 4 unfilled
00:02:24 core.sweep_detector INFO: SweepDetector v2: 2 raw â†’ 2 confirmed (volâ‰Ą2.5Ă— bodyâ‰Ą30%)
00:02:24 core.sweep_detector INFO: OrderBlocks: 5 detected, 1 unmitigated
00:02:24 core.sweep_detector INFO: FVGs: 8 detected, 2 unfilled
00:02:25 core.sweep_detector INFO: SweepDetector v2: 1 raw â†’ 1 confirmed (volâ‰Ą2.5Ă— bodyâ‰Ą30%)
00:02:25 core.sweep_detector INFO: OrderBlocks: 6 detected, 0 unmitigated
00:02:25 core.sweep_detector INFO: FVGs: 5 detected, 1 unfilled
00:02:27 core.sweep_detector INFO: SweepDetector v2: 1 raw â†’ 1 confirmed (volâ‰Ą2.5Ă— bodyâ‰Ą30%)
00:02:27 core.sweep_detector INFO: OrderBlocks: 2 detected, 0 unmitigated
00:02:27 core.sweep_detector INFO: FVGs: 0 detected, 0 unfilled
00:02:30 core.sweep_detector INFO: SweepDetector v2: 0 raw â†’ 0 confirmed (volâ‰Ą2.5Ă— bodyâ‰Ą30%)
00:02:30 core.sweep_detector INFO: OrderBlocks: 1 detected, 0 unmitigated
00:02:30 core.sweep_detector INFO: FVGs: 0 detected, 0 unfilled
00:02:31 core.sweep_detector INFO: SweepDetector v2: 0 raw â†’ 0 confirmed (volâ‰Ą2.5Ă— bodyâ‰Ą30%)
00:02:31 core.sweep_detector INFO: OrderBlocks: 0 detected, 0 unmitigated
00:02:31 core.sweep_detector INFO: FVGs: 0 detected, 0 unfilled
00:02:33 core.sweep_detector INFO: SweepDetector v2: 0 raw â†’ 0 confirmed (volâ‰Ą2.5Ă— bodyâ‰Ą30%)
00:02:33 core.sweep_detector INFO: OrderBlocks: 3 detected, 0 unmitigated
00:02:33 core.sweep_detector INFO: FVGs: 0 detected, 0 unfilled
00:02:35 core.sweep_detector INFO: SweepDetector v2: 0 raw â†’ 0 confirmed (volâ‰Ą2.5Ă— bodyâ‰Ą30%)
00:02:35 core.sweep_detector INFO: OrderBlocks: 1 detected, 0 unmitigated
00:02:35 core.sweep_detector INFO: FVGs: 0 detected, 0 unfilled
00:02:37 core.sweep_detector INFO: SweepDetector v2: 0 raw â†’ 0 confirmed (volâ‰Ą2.5Ă— bodyâ‰Ą30%)
00:02:37 core.sweep_detector INFO: OrderBlocks: 1 detected, 0 unmitigated
00:02:37 core.sweep_detector INFO: FVGs: 0 detected, 0 unfilled
00:02:38 core.sweep_detector INFO: SweepDetector v2: 0 raw â†’ 0 confirmed (volâ‰Ą2.5Ă— bodyâ‰Ą30%)
00:02:38 core.sweep_detector INFO: OrderBlocks: 1 detected, 0 unmitigated
00:02:38 core.sweep_detector INFO: FVGs: 0 detected, 0 unfilled
00:02:40 core.sweep_detector INFO: SweepDetector v2: 0 raw â†’ 0 confirmed (volâ‰Ą2.5Ă— bodyâ‰Ą30%)
00:02:40 core.sweep_detector INFO: OrderBlocks: 0 detected, 0 unmitigated
00:02:40 core.sweep_detector INFO: FVGs: 0 detected, 0 unfilled
00:02:42 core.sweep_detector INFO: SweepDetector v2: 0 raw â†’ 0 confirmed (volâ‰Ą2.5Ă— bodyâ‰Ą30%)
00:02:42 core.sweep_detector INFO: OrderBlocks: 0 detected, 0 unmitigated
00:02:42 core.sweep_detector INFO: FVGs: 0 detected, 0 unfilled
00:02:44 core.sweep_detector INFO: SweepDetector v2: 3 raw â†’ 3 confirmed (volâ‰Ą2.5Ă— bodyâ‰Ą30%)
00:02:44 core.sweep_detector INFO: OrderBlocks: 5 detected, 1 unmitigated
00:02:44 core.sweep_detector INFO: FVGs: 10 detected, 4 unfilled
00:02:46 core.sweep_detector INFO: SweepDetector v2: 5 raw â†’ 4 confirmed (volâ‰Ą2.5Ă— bodyâ‰Ą30%)
00:02:46 core.sweep_detector INFO: OrderBlocks: 7 detected, 3 unmitigated
00:02:46 core.sweep_detector INFO: FVGs: 10 detected, 5 unfilled
00:02:47 core.sweep_detector INFO: SweepDetector v2: 1 raw â†’ 1 confirmed (volâ‰Ą2.5Ă— bodyâ‰Ą30%)
00:02:47 core.sweep_detector INFO: OrderBlocks: 2 detected, 2 unmitigated
00:02:47 core.sweep_detector INFO: FVGs: 6 detected, 5 unfilled
00:02:49 core.sweep_detector INFO: SweepDetector v2: 0 raw â†’ 0 confirmed (volâ‰Ą2.5Ă— bodyâ‰Ą30%)
00:02:49 core.sweep_detector INFO: OrderBlocks: 6 detected, 1 unmitigated
00:02:49 core.sweep_detector INFO: FVGs: 11 detected, 5 unfilled
00:02:51 core.sweep_detector INFO: SweepDetector v2: 1 raw â†’ 1 confirmed (volâ‰Ą2.5Ă— bodyâ‰Ą30%)
00:02:51 core.sweep_detector INFO: OrderBlocks: 1 detected, 0 unmitigated
00:02:51 core.sweep_detector INFO: FVGs: 10 detected, 3 unfilled
00:02:52 core.sweep_detector INFO: SweepDetector v2: 2 raw â†’ 2 confirmed (volâ‰Ą2.5Ă— bodyâ‰Ą30%)
00:02:52 core.sweep_detector INFO: OrderBlocks: 7 detected, 4 unmitigated
00:02:52 core.sweep_detector INFO: FVGs: 11 detected, 6 unfilled
00:02:55 core.sweep_detector INFO: SweepDetector v2: 1 raw â†’ 1 confirmed (volâ‰Ą2.5Ă— bodyâ‰Ą30%)
00:02:55 core.sweep_detector INFO: OrderBlocks: 8 detected, 4 unmitigated
00:02:55 core.sweep_detector INFO: FVGs: 9 detected, 3 unfilled
00:02:57 core.sweep_detector INFO: SweepDetector v2: 1 raw â†’ 1 confirmed (volâ‰Ą2.5Ă— bodyâ‰Ą30%)
00:02:57 core.sweep_detector INFO: OrderBlocks: 2 detected, 2 unmitigated
00:02:57 core.sweep_detector INFO: FVGs: 10 detected, 1 unfilled
00:02:59 core.sweep_detector INFO: SweepDetector v2: 2 raw â†’ 2 confirmed (volâ‰Ą2.5Ă— bodyâ‰Ą30%)
00:02:59 core.sweep_detector INFO: OrderBlocks: 6 detected, 1 unmitigated
00:02:59 core.sweep_detector INFO: FVGs: 9 detected, 3 unfilled
00:03:00 core.sweep_detector INFO: SweepDetector v2: 1 raw â†’ 1 confirmed (volâ‰Ą2.5Ă— bodyâ‰Ą30%)
00:03:00 core.sweep_detector INFO: OrderBlocks: 2 detected, 1 unmitigated
00:03:00 core.sweep_detector INFO: FVGs: 8 detected, 3 unfilled
00:03:02 core.sweep_detector INFO: SweepDetector v2: 2 raw â†’ 1 confirmed (volâ‰Ą2.5Ă— bodyâ‰Ą30%)
00:03:02 core.sweep_detector INFO: OrderBlocks: 1 detected, 0 unmitigated
00:03:02 core.sweep_detector INFO: FVGs: 7 detected, 1 unfilled
00:03:05 core.sweep_detector INFO: SweepDetector v2: 0 raw â†’ 0 confirmed (volâ‰Ą2.5Ă— bodyâ‰Ą30%)
00:03:05 core.sweep_detector INFO: OrderBlocks: 4 detected, 0 unmitigated
00:03:05 core.sweep_detector INFO: FVGs: 2 detected, 1 unfilled
00:03:06 core.sweep_detector INFO: SweepDetector v2: 2 raw â†’ 1 confirmed (volâ‰Ą2.5Ă— bodyâ‰Ą30%)
00:03:06 core.sweep_detector INFO: OrderBlocks: 6 detected, 4 unmitigated
00:03:06 core.sweep_detector INFO: FVGs: 13 detected, 6 unfilled
00:03:08 core.sweep_detector INFO: SweepDetector v2: 4 raw â†’ 4 confirmed (volâ‰Ą2.5Ă— bodyâ‰Ą30%)
00:03:08 core.sweep_detector INFO: OrderBlocks: 3 detected, 1 unmitigated
00:03:08 core.sweep_detector INFO: FVGs: 7 detected, 3 unfilled
00:03:09 core.sweep_detector INFO: SweepDetector v2: 1 raw â†’ 1 confirmed (volâ‰Ą2.5Ă— bodyâ‰Ą30%)
00:03:09 core.sweep_detector INFO: OrderBlocks: 4 detected, 3 unmitigated
00:03:09 core.sweep_detector INFO: FVGs: 7 detected, 4 unfilled
00:03:11 core.sweep_detector INFO: SweepDetector v2: 2 raw â†’ 1 confirmed (volâ‰Ą2.5Ă— bodyâ‰Ą30%)
00:03:11 core.sweep_detector INFO: OrderBlocks: 5 detected, 1 unmitigated
00:03:11 core.sweep_detector INFO: FVGs: 5 detected, 1 unfilled
00:03:13 core.sweep_detector INFO: SweepDetector v2: 1 raw â†’ 1 confirmed (volâ‰Ą2.5Ă— bodyâ‰Ą30%)
00:03:13 core.sweep_detector INFO: OrderBlocks: 4 detected, 0 unmitigated
00:03:13 core.sweep_detector INFO: FVGs: 8 detected, 1 unfilled
00:03:14 core.sweep_detector INFO: SweepDetector v2: 3 raw â†’ 2 confirmed (volâ‰Ą2.5Ă— bodyâ‰Ą30%)
00:03:14 core.sweep_detector INFO: OrderBlocks: 6 detected, 2 unmitigated
00:03:14 core.sweep_detector INFO: FVGs: 8 detected, 2 unfilled
00:03:16 core.sweep_detector INFO: SweepDetector v2: 0 raw â†’ 0 confirmed (volâ‰Ą2.5Ă— bodyâ‰Ą30%)
00:03:16 core.sweep_detector INFO: OrderBlocks: 1 detected, 0 unmitigated
00:03:16 core.sweep_detector INFO: FVGs: 4 detected, 0 unfilled
00:03:17 core.sweep_detector INFO: SweepDetector v2: 0 raw â†’ 0 confirmed (volâ‰Ą2.5Ă— bodyâ‰Ą30%)
00:03:17 core.sweep_detector INFO: OrderBlocks: 6 detected, 1 unmitigated
00:03:17 core.sweep_detector INFO: FVGs: 7 detected, 2 unfilled
00:03:19 core.sweep_detector INFO: SweepDetector v2: 0 raw â†’ 0 confirmed (volâ‰Ą2.5Ă— bodyâ‰Ą30%)
00:03:19 core.sweep_detector INFO: OrderBlocks: 6 detected, 3 unmitigated
00:03:19 core.sweep_detector INFO: FVGs: 5 detected, 2 unfilled
00:03:22 core.sweep_detector INFO: SweepDetector v2: 0 raw â†’ 0 confirmed (volâ‰Ą2.5Ă— bodyâ‰Ą30%)
00:03:22 core.sweep_detector INFO: OrderBlocks: 9 detected, 3 unmitigated
00:03:22 core.sweep_detector INFO: FVGs: 10 detected, 2 unfilled
00:03:23 core.sweep_detector INFO: SweepDetector v2: 1 raw â†’ 1 confirmed (volâ‰Ą2.5Ă— bodyâ‰Ą30%)
00:03:23 core.sweep_detector INFO: OrderBlocks: 4 detected, 1 unmitigated
00:03:23 core.sweep_detector INFO: FVGs: 10 detected, 2 unfilled
00:03:25 core.sweep_detector INFO: SweepDetector v2: 1 raw â†’ 1 confirmed (volâ‰Ą2.5Ă— bodyâ‰Ą30%)
00:03:25 core.sweep_detector INFO: OrderBlocks: 5 detected, 1 unmitigated
00:03:25 core.sweep_detector INFO: FVGs: 6 detected, 1 unfilled
00:03:27 core.sweep_detector INFO: SweepDetector v2: 0 raw â†’ 0 confirmed (volâ‰Ą2.5Ă— bodyâ‰Ą30%)
00:03:27 core.sweep_detector INFO: OrderBlocks: 10 detected, 1 unmitigated
00:03:27 core.sweep_detector INFO: FVGs: 10 detected, 2 unfilled
00:03:28 core.sweep_detector INFO: SweepDetector v2: 2 raw â†’ 2 confirmed (volâ‰Ą2.5Ă— bodyâ‰Ą30%)
00:03:28 core.sweep_detector INFO: OrderBlocks: 3 detected, 1 unmitigated
00:03:28 core.sweep_detector INFO: FVGs: 12 detected, 1 unfilled
00:03:30 core.sweep_detector INFO: SweepDetector v2: 3 raw â†’ 3 confirmed (volâ‰Ą2.5Ă— bodyâ‰Ą30%)
00:03:30 core.sweep_detector INFO: OrderBlocks: 6 detected, 3 unmitigated
00:03:30 core.sweep_detector INFO: FVGs: 10 detected, 5 unfilled
00:03:32 core.sweep_detector INFO: SweepDetector v2: 2 raw â†’ 2 confirmed (volâ‰Ą2.5Ă— bodyâ‰Ą30%)
00:03:32 core.sweep_detector INFO: OrderBlocks: 8 detected, 2 unmitigated
00:03:32 core.sweep_detector INFO: FVGs: 8 detected, 2 unfilled
00:03:33 core.sweep_detector INFO: SweepDetector v2: 2 raw â†’ 2 confirmed (volâ‰Ą2.5Ă— bodyâ‰Ą30%)
00:03:33 core.sweep_detector INFO: OrderBlocks: 3 detected, 0 unmitigated
00:03:33 core.sweep_detector INFO: FVGs: 6 detected, 2 unfilled
00:03:35 core.sweep_detector INFO: SweepDetector v2: 0 raw â†’ 0 confirmed (volâ‰Ą2.5Ă— bodyâ‰Ą30%)
00:03:35 core.sweep_detector INFO: OrderBlocks: 6 detected, 2 unmitigated
00:03:35 core.sweep_detector INFO: FVGs: 6 detected, 2 unfilled
00:03:37 core.sweep_detector INFO: SweepDetector v2: 0 raw â†’ 0 confirmed (volâ‰Ą2.5Ă— bodyâ‰Ą30%)
00:03:37 core.sweep_detector INFO: OrderBlocks: 1 detected, 0 unmitigated
00:03:37 core.sweep_detector INFO: FVGs: 0 detected, 0 unfilled
00:03:39 core.sweep_detector INFO: SweepDetector v2: 0 raw â†’ 0 confirmed (volâ‰Ą2.5Ă— bodyâ‰Ą30%)
00:03:39 core.sweep_detector INFO: OrderBlocks: 6 detected, 0 unmitigated
00:03:39 core.sweep_detector INFO: FVGs: 0 detected, 0 unfilled
00:03:41 core.sweep_detector INFO: SweepDetector v2: 0 raw â†’ 0 confirmed (volâ‰Ą2.5Ă— bodyâ‰Ą30%)
00:03:41 core.sweep_detector INFO: OrderBlocks: 0 detected, 0 unmitigated
00:03:41 core.sweep_detector INFO: FVGs: 0 detected, 0 unfilled
00:03:42 core.sweep_detector INFO: SweepDetector v2: 6 raw â†’ 3 confirmed (volâ‰Ą2.5Ă— bodyâ‰Ą30%)
00:03:42 core.sweep_detector INFO: OrderBlocks: 8 detected, 3 unmitigated
00:03:42 core.sweep_detector INFO: FVGs: 11 detected, 4 unfilled
00:03:44 core.sweep_detector INFO: SweepDetector v2: 1 raw â†’ 1 confirmed (volâ‰Ą2.5Ă— bodyâ‰Ą30%)
00:03:44 core.sweep_detector INFO: OrderBlocks: 4 detected, 2 unmitigated
00:03:44 core.sweep_detector INFO: FVGs: 12 detected, 3 unfilled
00:03:45 core.sweep_detector INFO: SweepDetector v2: 2 raw â†’ 1 confirmed (volâ‰Ą2.5Ă— bodyâ‰Ą30%)
00:03:45 core.sweep_detector INFO: OrderBlocks: 3 detected, 0 unmitigated
00:03:45 core.sweep_detector INFO: FVGs: 10 detected, 5 unfilled
00:03:47 core.sweep_detector INFO: SweepDetector v2: 1 raw â†’ 1 confirmed (volâ‰Ą2.5Ă— bodyâ‰Ą30%)
00:03:47 core.sweep_detector INFO: OrderBlocks: 7 detected, 2 unmitigated
00:03:47 core.sweep_detector INFO: FVGs: 7 detected, 1 unfilled
00:03:49 core.sweep_detector INFO: SweepDetector v2: 2 raw â†’ 1 confirmed (volâ‰Ą2.5Ă— bodyâ‰Ą30%)
00:03:49 core.sweep_detector INFO: OrderBlocks: 2 detected, 0 unmitigated
00:03:49 core.sweep_detector INFO: FVGs: 12 detected, 3 unfilled
00:03:50 core.sweep_detector INFO: SweepDetector v2: 0 raw â†’ 0 confirmed (volâ‰Ą2.5Ă— bodyâ‰Ą30%)
00:03:50 core.sweep_detector INFO: OrderBlocks: 5 detected, 1 unmitigated
00:03:50 core.sweep_detector INFO: FVGs: 8 detected, 3 unfilled
00:03:52 core.sweep_detector INFO: SweepDetector v2: 0 raw â†’ 0 confirmed (volâ‰Ą2.5Ă— bodyâ‰Ą30%)
00:03:52 core.sweep_detector INFO: OrderBlocks: 7 detected, 4 unmitigated
00:03:52 core.sweep_detector INFO: FVGs: 12 detected, 5 unfilled
00:03:54 core.sweep_detector INFO: SweepDetector v2: 0 raw â†’ 0 confirmed (volâ‰Ą2.5Ă— bodyâ‰Ą30%)
00:03:54 core.sweep_detector INFO: OrderBlocks: 10 detected, 3 unmitigated
00:03:54 core.sweep_detector INFO: FVGs: 9 detected, 4 unfilled
00:03:55 core.sweep_detector INFO: SweepDetector v2: 4 raw â†’ 3 confirmed (volâ‰Ą2.5Ă— bodyâ‰Ą30%)
00:03:55 core.sweep_detector INFO: OrderBlocks: 6 detected, 6 unmitigated
00:03:55 core.sweep_detector INFO: FVGs: 9 detected, 7 unfilled
00:03:58 core.sweep_detector INFO: SweepDetector v2: 2 raw â†’ 2 confirmed (volâ‰Ą2.5Ă— bodyâ‰Ą30%)
00:03:58 core.sweep_detector INFO: OrderBlocks: 5 detected, 1 unmitigated
00:03:58 core.sweep_detector INFO: FVGs: 5 detected, 3 unfilled
00:04:00 core.sweep_detector INFO: SweepDetector v2: 1 raw â†’ 1 confirmed (volâ‰Ą2.5Ă— bodyâ‰Ą30%)
00:04:00 core.sweep_detector INFO: OrderBlocks: 4 detected, 1 unmitigated
00:04:00 core.sweep_detector INFO: FVGs: 7 detected, 2 unfilled
00:04:02 core.sweep_detector INFO: SweepDetector v2: 2 raw â†’ 2 confirmed (volâ‰Ą2.5Ă— bodyâ‰Ą30%)
00:04:02 core.sweep_detector INFO: OrderBlocks: 5 detected, 3 unmitigated
00:04:02 core.sweep_detector INFO: FVGs: 9 detected, 2 unfilled
/root/.openclaw/workspace/projects/crypto-liquidity-hunter/main.py:555: DeprecationWarning: datetime.datetime.utcnow() is deprecated and scheduled for removal in a future version. Use timezone-aware objects to represent datetimes in UTC: datetime.datetime.now(datetime.UTC).
  scan_end     = datetime.utcnow()

=== SCAN ALL: 96 pairs, 3 timeframes ===
Total signals generated: 0
