14:20:02 __main__ INFO: Volume filter: fetching all tickers in one call...
14:20:03 __main__ INFO: Volume filter: 98/447 pairs pass $2M threshold
/root/.openclaw/workspace/projects/crypto-liquidity-hunter/main.py:292: DeprecationWarning: datetime.datetime.utcnow() is deprecated and scheduled for removal in a future version. Use timezone-aware objects to represent datetimes in UTC: datetime.datetime.now(datetime.UTC).
  scan_start = datetime.utcnow()   # for duration tracking
14:20:05 core.binance_connector INFO: BinanceConnector: connected [LIVE FUTURES MAINNET]
14:20:05 __main__ INFO: Auto-executor: account 'Liquiddbot1' mode=live exec=auto
14:20:07 core.sweep_detector INFO: SweepDetector v2: 0 raw → 0 confirmed (vol≥2.5× body≥30%)
14:20:07 core.sweep_detector INFO: OrderBlocks: 10 detected, 5 unmitigated
14:20:07 core.sweep_detector INFO: FVGs: 12 detected, 6 unfilled
14:20:08 core.sweep_detector INFO: SweepDetector v2: 2 raw → 2 confirmed (vol≥2.5× body≥30%)
14:20:08 core.sweep_detector INFO: OrderBlocks: 3 detected, 1 unmitigated
14:20:08 core.sweep_detector INFO: FVGs: 10 detected, 2 unfilled
14:20:10 core.sweep_detector INFO: SweepDetector v2: 2 raw → 2 confirmed (vol≥2.5× body≥30%)
14:20:10 core.sweep_detector INFO: OrderBlocks: 3 detected, 1 unmitigated
14:20:10 core.sweep_detector INFO: FVGs: 6 detected, 1 unfilled
14:20:12 core.sweep_detector INFO: SweepDetector v2: 1 raw → 1 confirmed (vol≥2.5× body≥30%)
14:20:12 core.sweep_detector INFO: OrderBlocks: 8 detected, 2 unmitigated
14:20:12 core.sweep_detector INFO: FVGs: 10 detected, 4 unfilled
14:20:13 core.sweep_detector INFO: SweepDetector v2: 2 raw → 1 confirmed (vol≥2.5× body≥30%)
14:20:13 core.sweep_detector INFO: OrderBlocks: 3 detected, 1 unmitigated
14:20:13 core.sweep_detector INFO: FVGs: 6 detected, 1 unfilled
14:20:15 core.sweep_detector INFO: SweepDetector v2: 2 raw → 2 confirmed (vol≥2.5× body≥30%)
14:20:15 core.sweep_detector INFO: OrderBlocks: 5 detected, 2 unmitigated
14:20:15 core.sweep_detector INFO: FVGs: 6 detected, 2 unfilled
14:20:17 core.sweep_detector INFO: SweepDetector v2: 3 raw → 2 confirmed (vol≥2.5× body≥30%)
14:20:17 core.sweep_detector INFO: OrderBlocks: 7 detected, 0 unmitigated
14:20:17 core.sweep_detector INFO: FVGs: 10 detected, 0 unfilled
14:20:19 core.sweep_detector INFO: SweepDetector v2: 1 raw → 0 confirmed (vol≥2.5× body≥30%)
14:20:19 core.sweep_detector INFO: OrderBlocks: 3 detected, 1 unmitigated
14:20:19 core.sweep_detector INFO: FVGs: 9 detected, 1 unfilled
14:20:20 core.sweep_detector INFO: SweepDetector v2: 0 raw → 0 confirmed (vol≥2.5× body≥30%)
14:20:20 core.sweep_detector INFO: OrderBlocks: 2 detected, 1 unmitigated
14:20:20 core.sweep_detector INFO: FVGs: 11 detected, 3 unfilled
14:20:22 core.sweep_detector INFO: SweepDetector v2: 2 raw → 1 confirmed (vol≥2.5× body≥30%)
14:20:22 core.sweep_detector INFO: OrderBlocks: 7 detected, 2 unmitigated
14:20:22 core.sweep_detector INFO: FVGs: 8 detected, 2 unfilled
14:20:24 core.sweep_detector INFO: SweepDetector v2: 1 raw → 1 confirmed (vol≥2.5× body≥30%)
14:20:24 core.sweep_detector INFO: OrderBlocks: 3 detected, 1 unmitigated
14:20:24 core.sweep_detector INFO: FVGs: 9 detected, 1 unfilled
14:20:26 core.sweep_detector INFO: SweepDetector v2: 1 raw → 1 confirmed (vol≥2.5× body≥30%)
14:20:26 core.sweep_detector INFO: OrderBlocks: 2 detected, 1 unmitigated
14:20:26 core.sweep_detector INFO: FVGs: 6 detected, 1 unfilled
14:20:28 core.sweep_detector INFO: SweepDetector v2: 2 raw → 1 confirmed (vol≥2.5× body≥30%)
14:20:28 core.sweep_detector INFO: OrderBlocks: 5 detected, 1 unmitigated
14:20:28 core.sweep_detector INFO: FVGs: 11 detected, 4 unfilled
14:20:30 core.sweep_detector INFO: SweepDetector v2: 1 raw → 1 confirmed (vol≥2.5× body≥30%)
14:20:30 core.sweep_detector INFO: OrderBlocks: 5 detected, 1 unmitigated
14:20:30 core.sweep_detector INFO: FVGs: 11 detected, 3 unfilled
14:20:31 core.sweep_detector INFO: SweepDetector v2: 3 raw → 3 confirmed (vol≥2.5× body≥30%)
14:20:31 core.sweep_detector INFO: OrderBlocks: 2 detected, 1 unmitigated
14:20:31 core.sweep_detector INFO: FVGs: 8 detected, 3 unfilled
14:20:33 core.sweep_detector INFO: SweepDetector v2: 5 raw → 5 confirmed (vol≥2.5× body≥30%)
14:20:33 core.sweep_detector INFO: OrderBlocks: 1 detected, 0 unmitigated
14:20:33 core.sweep_detector INFO: FVGs: 3 detected, 1 unfilled
14:20:35 core.sweep_detector INFO: SweepDetector v2: 2 raw → 2 confirmed (vol≥2.5× body≥30%)
14:20:35 core.sweep_detector INFO: OrderBlocks: 4 detected, 1 unmitigated
14:20:35 core.sweep_detector INFO: FVGs: 3 detected, 2 unfilled
14:20:36 core.sweep_detector INFO: SweepDetector v2: 2 raw → 2 confirmed (vol≥2.5× body≥30%)
14:20:36 core.sweep_detector INFO: OrderBlocks: 4 detected, 2 unmitigated
14:20:36 core.sweep_detector INFO: FVGs: 6 detected, 3 unfilled
14:20:38 core.sweep_detector INFO: SweepDetector v2: 2 raw → 1 confirmed (vol≥2.5× body≥30%)
14:20:38 core.sweep_detector INFO: OrderBlocks: 7 detected, 3 unmitigated
14:20:38 core.sweep_detector INFO: FVGs: 9 detected, 4 unfilled
14:20:39 core.sweep_detector INFO: SweepDetector v2: 1 raw → 0 confirmed (vol≥2.5× body≥30%)
14:20:39 core.sweep_detector INFO: OrderBlocks: 2 detected, 1 unmitigated
14:20:40 core.sweep_detector INFO: FVGs: 2 detected, 0 unfilled
14:20:41 core.sweep_detector INFO: SweepDetector v2: 2 raw → 2 confirmed (vol≥2.5× body≥30%)
14:20:41 core.sweep_detector INFO: OrderBlocks: 6 detected, 1 unmitigated
14:20:41 core.sweep_detector INFO: FVGs: 8 detected, 2 unfilled
14:20:43 core.sweep_detector INFO: SweepDetector v2: 2 raw → 2 confirmed (vol≥2.5× body≥30%)
14:20:43 core.sweep_detector INFO: OrderBlocks: 4 detected, 2 unmitigated
14:20:43 core.sweep_detector INFO: FVGs: 13 detected, 6 unfilled
14:20:44 core.sweep_detector INFO: SweepDetector v2: 1 raw → 1 confirmed (vol≥2.5× body≥30%)
14:20:44 core.sweep_detector INFO: OrderBlocks: 4 detected, 2 unmitigated
14:20:44 core.sweep_detector INFO: FVGs: 9 detected, 3 unfilled
14:20:47 core.sweep_detector INFO: SweepDetector v2: 2 raw → 2 confirmed (vol≥2.5× body≥30%)
14:20:47 core.sweep_detector INFO: OrderBlocks: 2 detected, 2 unmitigated
14:20:47 core.sweep_detector INFO: FVGs: 8 detected, 2 unfilled
14:20:48 core.sweep_detector INFO: SweepDetector v2: 2 raw → 2 confirmed (vol≥2.5× body≥30%)
14:20:48 core.sweep_detector INFO: OrderBlocks: 6 detected, 0 unmitigated
14:20:48 core.sweep_detector INFO: FVGs: 4 detected, 0 unfilled
14:20:50 core.sweep_detector INFO: SweepDetector v2: 1 raw → 1 confirmed (vol≥2.5× body≥30%)
14:20:50 core.sweep_detector INFO: OrderBlocks: 4 detected, 0 unmitigated
14:20:50 core.sweep_detector INFO: FVGs: 11 detected, 1 unfilled
14:20:52 core.sweep_detector INFO: SweepDetector v2: 1 raw → 0 confirmed (vol≥2.5× body≥30%)
14:20:52 core.sweep_detector INFO: OrderBlocks: 2 detected, 0 unmitigated
14:20:52 core.sweep_detector INFO: FVGs: 5 detected, 0 unfilled
14:20:53 core.sweep_detector INFO: SweepDetector v2: 1 raw → 1 confirmed (vol≥2.5× body≥30%)
14:20:53 core.sweep_detector INFO: OrderBlocks: 4 detected, 0 unmitigated
14:20:53 core.sweep_detector INFO: FVGs: 8 detected, 1 unfilled
14:20:55 core.sweep_detector INFO: SweepDetector v2: 0 raw → 0 confirmed (vol≥2.5× body≥30%)
14:20:55 core.sweep_detector INFO: OrderBlocks: 3 detected, 1 unmitigated
14:20:55 core.sweep_detector INFO: FVGs: 7 detected, 1 unfilled
14:20:56 core.sweep_detector INFO: SweepDetector v2: 0 raw → 0 confirmed (vol≥2.5× body≥30%)
14:20:56 core.sweep_detector INFO: OrderBlocks: 10 detected, 4 unmitigated
14:20:56 core.sweep_detector INFO: FVGs: 13 detected, 4 unfilled
14:20:58 core.sweep_detector INFO: SweepDetector v2: 4 raw → 4 confirmed (vol≥2.5× body≥30%)
14:20:58 core.sweep_detector INFO: OrderBlocks: 2 detected, 2 unmitigated
14:20:58 core.sweep_detector INFO: FVGs: 12 detected, 3 unfilled
14:21:00 core.sweep_detector INFO: SweepDetector v2: 1 raw → 1 confirmed (vol≥2.5× body≥30%)
14:21:00 core.sweep_detector INFO: OrderBlocks: 6 detected, 1 unmitigated
14:21:00 core.sweep_detector INFO: FVGs: 11 detected, 0 unfilled
14:21:01 core.sweep_detector INFO: SweepDetector v2: 2 raw → 1 confirmed (vol≥2.5× body≥30%)
14:21:01 core.sweep_detector INFO: OrderBlocks: 4 detected, 1 unmitigated
14:21:01 core.sweep_detector INFO: FVGs: 8 detected, 1 unfilled
14:21:03 core.sweep_detector INFO: SweepDetector v2: 0 raw → 0 confirmed (vol≥2.5× body≥30%)
14:21:03 core.sweep_detector INFO: OrderBlocks: 3 detected, 1 unmitigated
14:21:03 core.sweep_detector INFO: FVGs: 6 detected, 1 unfilled
14:21:05 core.sweep_detector INFO: SweepDetector v2: 3 raw → 3 confirmed (vol≥2.5× body≥30%)
14:21:05 core.sweep_detector INFO: OrderBlocks: 1 detected, 1 unmitigated
14:21:05 core.sweep_detector INFO: FVGs: 5 detected, 2 unfilled
14:21:06 core.sweep_detector INFO: SweepDetector v2: 2 raw → 2 confirmed (vol≥2.5× body≥30%)
14:21:06 core.sweep_detector INFO: OrderBlocks: 3 detected, 1 unmitigated
14:21:06 core.sweep_detector INFO: FVGs: 5 detected, 1 unfilled
14:21:08 core.sweep_detector INFO: SweepDetector v2: 0 raw → 0 confirmed (vol≥2.5× body≥30%)
14:21:08 core.sweep_detector INFO: OrderBlocks: 0 detected, 0 unmitigated
14:21:08 core.sweep_detector INFO: FVGs: 0 detected, 0 unfilled
14:21:10 core.sweep_detector INFO: SweepDetector v2: 0 raw → 0 confirmed (vol≥2.5× body≥30%)
14:21:10 core.sweep_detector INFO: OrderBlocks: 0 detected, 0 unmitigated
14:21:10 core.sweep_detector INFO: FVGs: 0 detected, 0 unfilled
14:21:12 core.sweep_detector INFO: SweepDetector v2: 0 raw → 0 confirmed (vol≥2.5× body≥30%)
14:21:12 core.sweep_detector INFO: OrderBlocks: 0 detected, 0 unmitigated
14:21:12 core.sweep_detector INFO: FVGs: 0 detected, 0 unfilled
14:21:14 core.sweep_detector INFO: SweepDetector v2: 1 raw → 1 confirmed (vol≥2.5× body≥30%)
14:21:14 core.sweep_detector INFO: OrderBlocks: 8 detected, 6 unmitigated
14:21:14 core.sweep_detector INFO: FVGs: 10 detected, 5 unfilled
14:21:15 core.sweep_detector INFO: SweepDetector v2: 1 raw → 1 confirmed (vol≥2.5× body≥30%)
14:21:15 core.sweep_detector INFO: OrderBlocks: 4 detected, 1 unmitigated
14:21:15 core.sweep_detector INFO: FVGs: 5 detected, 1 unfilled
14:21:17 core.sweep_detector INFO: SweepDetector v2: 1 raw → 1 confirmed (vol≥2.5× body≥30%)
14:21:17 core.sweep_detector INFO: OrderBlocks: 2 detected, 0 unmitigated
14:21:17 core.sweep_detector INFO: FVGs: 3 detected, 0 unfilled
14:21:19 core.sweep_detector INFO: SweepDetector v2: 1 raw → 1 confirmed (vol≥2.5× body≥30%)
14:21:19 core.sweep_detector INFO: OrderBlocks: 7 detected, 2 unmitigated
14:21:19 core.sweep_detector INFO: FVGs: 7 detected, 3 unfilled
14:21:20 core.sweep_detector INFO: SweepDetector v2: 1 raw → 1 confirmed (vol≥2.5× body≥30%)
14:21:20 core.sweep_detector INFO: OrderBlocks: 1 detected, 1 unmitigated
14:21:20 core.sweep_detector INFO: FVGs: 10 detected, 1 unfilled
14:21:22 core.sweep_detector INFO: SweepDetector v2: 1 raw → 1 confirmed (vol≥2.5× body≥30%)
14:21:22 core.sweep_detector INFO: OrderBlocks: 2 detected, 0 unmitigated
14:21:22 core.sweep_detector INFO: FVGs: 7 detected, 2 unfilled
14:21:24 core.sweep_detector INFO: SweepDetector v2: 0 raw → 0 confirmed (vol≥2.5× body≥30%)
14:21:24 core.sweep_detector INFO: OrderBlocks: 6 detected, 4 unmitigated
14:21:24 core.sweep_detector INFO: FVGs: 7 detected, 3 unfilled
14:21:25 core.sweep_detector INFO: SweepDetector v2: 2 raw → 1 confirmed (vol≥2.5× body≥30%)
14:21:25 core.sweep_detector INFO: OrderBlocks: 3 detected, 0 unmitigated
14:21:25 core.sweep_detector INFO: FVGs: 10 detected, 1 unfilled
14:21:27 core.sweep_detector INFO: SweepDetector v2: 1 raw → 1 confirmed (vol≥2.5× body≥30%)
14:21:27 core.sweep_detector INFO: OrderBlocks: 3 detected, 1 unmitigated
14:21:27 core.sweep_detector INFO: FVGs: 3 detected, 1 unfilled
14:21:29 core.sweep_detector INFO: SweepDetector v2: 7 raw → 5 confirmed (vol≥2.5× body≥30%)
14:21:29 core.sweep_detector INFO: OrderBlocks: 4 detected, 2 unmitigated
14:21:29 core.sweep_detector INFO: FVGs: 10 detected, 4 unfilled
14:21:30 core.sweep_detector INFO: SweepDetector v2: 3 raw → 1 confirmed (vol≥2.5× body≥30%)
14:21:30 core.sweep_detector INFO: OrderBlocks: 5 detected, 2 unmitigated
14:21:30 core.sweep_detector INFO: FVGs: 10 detected, 3 unfilled
14:21:32 core.sweep_detector INFO: SweepDetector v2: 0 raw → 0 confirmed (vol≥2.5× body≥30%)
14:21:32 core.sweep_detector INFO: OrderBlocks: 5 detected, 3 unmitigated
14:21:32 core.sweep_detector INFO: FVGs: 8 detected, 4 unfilled
14:21:34 core.sweep_detector INFO: SweepDetector v2: 1 raw → 1 confirmed (vol≥2.5× body≥30%)
14:21:34 core.sweep_detector INFO: OrderBlocks: 8 detected, 3 unmitigated
14:21:34 core.sweep_detector INFO: FVGs: 12 detected, 3 unfilled
14:21:36 core.sweep_detector INFO: SweepDetector v2: 2 raw → 1 confirmed (vol≥2.5× body≥30%)
14:21:36 core.sweep_detector INFO: OrderBlocks: 8 detected, 0 unmitigated
14:21:36 core.sweep_detector INFO: FVGs: 7 detected, 3 unfilled
14:21:37 core.sweep_detector INFO: SweepDetector v2: 2 raw → 2 confirmed (vol≥2.5× body≥30%)
14:21:37 core.sweep_detector INFO: OrderBlocks: 4 detected, 3 unmitigated
14:21:37 core.sweep_detector INFO: FVGs: 3 detected, 2 unfilled
14:21:39 core.sweep_detector INFO: SweepDetector v2: 0 raw → 0 confirmed (vol≥2.5× body≥30%)
14:21:39 core.sweep_detector INFO: OrderBlocks: 6 detected, 3 unmitigated
14:21:39 core.sweep_detector INFO: FVGs: 5 detected, 4 unfilled
14:21:41 core.sweep_detector INFO: SweepDetector v2: 1 raw → 1 confirmed (vol≥2.5× body≥30%)
14:21:41 core.sweep_detector INFO: OrderBlocks: 6 detected, 2 unmitigated
14:21:41 core.sweep_detector INFO: FVGs: 3 detected, 3 unfilled
14:21:42 core.sweep_detector INFO: SweepDetector v2: 1 raw → 0 confirmed (vol≥2.5× body≥30%)
14:21:42 core.sweep_detector INFO: OrderBlocks: 7 detected, 1 unmitigated
14:21:42 core.sweep_detector INFO: FVGs: 9 detected, 3 unfilled
14:21:44 core.sweep_detector INFO: SweepDetector v2: 1 raw → 0 confirmed (vol≥2.5× body≥30%)
14:21:44 core.sweep_detector INFO: OrderBlocks: 2 detected, 2 unmitigated
14:21:44 core.sweep_detector INFO: FVGs: 7 detected, 6 unfilled
14:21:45 core.sweep_detector INFO: SweepDetector v2: 1 raw → 0 confirmed (vol≥2.5× body≥30%)
14:21:45 core.sweep_detector INFO: OrderBlocks: 5 detected, 3 unmitigated
14:21:45 core.sweep_detector INFO: FVGs: 6 detected, 4 unfilled
14:21:48 core.sweep_detector INFO: SweepDetector v2: 2 raw → 1 confirmed (vol≥2.5× body≥30%)
14:21:48 core.sweep_detector INFO: OrderBlocks: 12 detected, 1 unmitigated
14:21:48 core.sweep_detector INFO: FVGs: 7 detected, 1 unfilled
14:21:49 core.sweep_detector INFO: SweepDetector v2: 0 raw → 0 confirmed (vol≥2.5× body≥30%)
14:21:49 core.sweep_detector INFO: OrderBlocks: 6 detected, 2 unmitigated
14:21:49 core.sweep_detector INFO: FVGs: 11 detected, 7 unfilled
14:21:51 core.sweep_detector INFO: SweepDetector v2: 3 raw → 2 confirmed (vol≥2.5× body≥30%)
14:21:51 core.sweep_detector INFO: OrderBlocks: 6 detected, 1 unmitigated
14:21:51 core.sweep_detector INFO: FVGs: 13 detected, 4 unfilled
14:21:52 core.sweep_detector INFO: SweepDetector v2: 0 raw → 0 confirmed (vol≥2.5× body≥30%)
14:21:52 core.sweep_detector INFO: OrderBlocks: 5 detected, 1 unmitigated
14:21:52 core.sweep_detector INFO: FVGs: 6 detected, 2 unfilled
14:21:54 core.sweep_detector INFO: SweepDetector v2: 0 raw → 0 confirmed (vol≥2.5× body≥30%)
14:21:54 core.sweep_detector INFO: OrderBlocks: 9 detected, 2 unmitigated
14:21:54 core.sweep_detector INFO: FVGs: 15 detected, 3 unfilled
14:21:56 core.sweep_detector INFO: SweepDetector v2: 3 raw → 2 confirmed (vol≥2.5× body≥30%)
14:21:56 core.sweep_detector INFO: OrderBlocks: 3 detected, 2 unmitigated
14:21:56 core.sweep_detector INFO: FVGs: 12 detected, 3 unfilled
14:21:58 core.sweep_detector INFO: SweepDetector v2: 2 raw → 2 confirmed (vol≥2.5× body≥30%)
14:21:58 core.sweep_detector INFO: OrderBlocks: 5 detected, 3 unmitigated
14:21:58 core.sweep_detector INFO: FVGs: 6 detected, 4 unfilled
14:21:59 core.sweep_detector INFO: SweepDetector v2: 4 raw → 2 confirmed (vol≥2.5× body≥30%)
14:22:00 core.sweep_detector INFO: OrderBlocks: 5 detected, 2 unmitigated
14:22:00 core.sweep_detector INFO: FVGs: 9 detected, 2 unfilled
14:22:01 core.sweep_detector INFO: SweepDetector v2: 5 raw → 4 confirmed (vol≥2.5× body≥30%)
14:22:01 core.sweep_detector INFO: OrderBlocks: 6 detected, 2 unmitigated
14:22:01 core.sweep_detector INFO: FVGs: 11 detected, 5 unfilled
14:22:03 core.sweep_detector INFO: SweepDetector v2: 3 raw → 2 confirmed (vol≥2.5× body≥30%)
14:22:03 core.sweep_detector INFO: OrderBlocks: 7 detected, 3 unmitigated
14:22:03 core.sweep_detector INFO: FVGs: 13 detected, 9 unfilled
14:22:04 core.sweep_detector INFO: SweepDetector v2: 3 raw → 2 confirmed (vol≥2.5× body≥30%)
14:22:04 core.sweep_detector INFO: OrderBlocks: 5 detected, 2 unmitigated
14:22:04 core.sweep_detector INFO: FVGs: 4 detected, 1 unfilled
14:22:06 core.sweep_detector INFO: SweepDetector v2: 2 raw → 1 confirmed (vol≥2.5× body≥30%)
14:22:06 core.sweep_detector INFO: OrderBlocks: 3 detected, 0 unmitigated
14:22:06 core.sweep_detector INFO: FVGs: 10 detected, 2 unfilled
14:22:08 core.sweep_detector INFO: SweepDetector v2: 0 raw → 0 confirmed (vol≥2.5× body≥30%)
14:22:08 core.sweep_detector INFO: OrderBlocks: 6 detected, 2 unmitigated
14:22:08 core.sweep_detector INFO: FVGs: 3 detected, 1 unfilled
14:22:09 core.sweep_detector INFO: SweepDetector v2: 1 raw → 1 confirmed (vol≥2.5× body≥30%)
14:22:09 core.sweep_detector INFO: OrderBlocks: 8 detected, 1 unmitigated
14:22:09 core.sweep_detector INFO: FVGs: 7 detected, 1 unfilled
14:22:11 core.sweep_detector INFO: SweepDetector v2: 0 raw → 0 confirmed (vol≥2.5× body≥30%)
14:22:11 core.sweep_detector INFO: OrderBlocks: 8 detected, 2 unmitigated
14:22:11 core.sweep_detector INFO: FVGs: 9 detected, 2 unfilled
14:22:13 core.sweep_detector INFO: SweepDetector v2: 1 raw → 1 confirmed (vol≥2.5× body≥30%)
14:22:13 core.sweep_detector INFO: OrderBlocks: 4 detected, 0 unmitigated
14:22:13 core.sweep_detector INFO: FVGs: 12 detected, 4 unfilled
14:22:14 core.sweep_detector INFO: SweepDetector v2: 0 raw → 0 confirmed (vol≥2.5× body≥30%)
14:22:14 core.sweep_detector INFO: OrderBlocks: 8 detected, 3 unmitigated
14:22:14 core.sweep_detector INFO: FVGs: 11 detected, 2 unfilled
14:22:16 core.sweep_detector INFO: SweepDetector v2: 4 raw → 3 confirmed (vol≥2.5× body≥30%)
14:22:16 core.sweep_detector INFO: OrderBlocks: 2 detected, 1 unmitigated
14:22:16 core.sweep_detector INFO: FVGs: 11 detected, 1 unfilled
14:22:18 core.sweep_detector INFO: SweepDetector v2: 1 raw → 1 confirmed (vol≥2.5× body≥30%)
14:22:18 core.sweep_detector INFO: OrderBlocks: 4 detected, 0 unmitigated
14:22:18 core.sweep_detector INFO: FVGs: 3 detected, 0 unfilled
14:22:20 core.sweep_detector INFO: SweepDetector v2: 1 raw → 0 confirmed (vol≥2.5× body≥30%)
14:22:20 core.sweep_detector INFO: OrderBlocks: 4 detected, 1 unmitigated
14:22:20 core.sweep_detector INFO: FVGs: 9 detected, 2 unfilled
14:22:22 core.sweep_detector INFO: SweepDetector v2: 3 raw → 3 confirmed (vol≥2.5× body≥30%)
14:22:22 core.sweep_detector INFO: OrderBlocks: 4 detected, 0 unmitigated
14:22:22 core.sweep_detector INFO: FVGs: 7 detected, 1 unfilled
14:22:23 core.sweep_detector INFO: SweepDetector v2: 2 raw → 2 confirmed (vol≥2.5× body≥30%)
14:22:23 core.sweep_detector INFO: OrderBlocks: 6 detected, 1 unmitigated
14:22:23 core.sweep_detector INFO: FVGs: 9 detected, 1 unfilled
14:22:23 __main__ INFO: Pending signal #63: binance:DOT/USDT short entry=1.2835 current=1.264 dist=1.54% expires=2h
14:22:34 alerts.telegram INFO: Alert sent: binance:DOT/USDT short RR=5.16
14:22:36 core.sweep_detector INFO: SweepDetector v2: 2 raw → 2 confirmed (vol≥2.5× body≥30%)
14:22:36 core.sweep_detector INFO: OrderBlocks: 9 detected, 3 unmitigated
14:22:36 core.sweep_detector INFO: FVGs: 16 detected, 5 unfilled
14:22:37 core.sweep_detector INFO: SweepDetector v2: 2 raw → 2 confirmed (vol≥2.5× body≥30%)
14:22:37 core.sweep_detector INFO: OrderBlocks: 8 detected, 2 unmitigated
14:22:37 core.sweep_detector INFO: FVGs: 11 detected, 3 unfilled
14:22:39 core.sweep_detector INFO: SweepDetector v2: 2 raw → 2 confirmed (vol≥2.5× body≥30%)
14:22:39 core.sweep_detector INFO: OrderBlocks: 6 detected, 3 unmitigated
14:22:39 core.sweep_detector INFO: FVGs: 13 detected, 2 unfilled
14:22:41 core.sweep_detector INFO: SweepDetector v2: 1 raw → 1 confirmed (vol≥2.5× body≥30%)
14:22:41 core.sweep_detector INFO: OrderBlocks: 5 detected, 3 unmitigated
14:22:41 core.sweep_detector INFO: FVGs: 11 detected, 3 unfilled
14:22:42 core.sweep_detector INFO: SweepDetector v2: 4 raw → 3 confirmed (vol≥2.5× body≥30%)
14:22:42 core.sweep_detector INFO: OrderBlocks: 4 detected, 0 unmitigated
14:22:42 core.sweep_detector INFO: FVGs: 7 detected, 3 unfilled
14:22:44 core.sweep_detector INFO: SweepDetector v2: 5 raw → 3 confirmed (vol≥2.5× body≥30%)
14:22:44 core.sweep_detector INFO: OrderBlocks: 0 detected, 0 unmitigated
14:22:44 core.sweep_detector INFO: FVGs: 5 detected, 1 unfilled
14:22:45 core.sweep_detector INFO: SweepDetector v2: 2 raw → 1 confirmed (vol≥2.5× body≥30%)
14:22:45 core.sweep_detector INFO: OrderBlocks: 5 detected, 0 unmitigated
14:22:45 core.sweep_detector INFO: FVGs: 6 detected, 0 unfilled
14:22:47 core.sweep_detector INFO: SweepDetector v2: 1 raw → 0 confirmed (vol≥2.5× body≥30%)
14:22:47 core.sweep_detector INFO: OrderBlocks: 4 detected, 2 unmitigated
14:22:47 core.sweep_detector INFO: FVGs: 9 detected, 0 unfilled
14:22:49 core.sweep_detector INFO: SweepDetector v2: 3 raw → 2 confirmed (vol≥2.5× body≥30%)
14:22:49 core.sweep_detector INFO: OrderBlocks: 5 detected, 1 unmitigated
14:22:49 core.sweep_detector INFO: FVGs: 8 detected, 1 unfilled
14:22:51 core.sweep_detector INFO: SweepDetector v2: 2 raw → 1 confirmed (vol≥2.5× body≥30%)
14:22:51 core.sweep_detector INFO: OrderBlocks: 5 detected, 1 unmitigated
14:22:51 core.sweep_detector INFO: FVGs: 8 detected, 4 unfilled
14:22:52 core.sweep_detector INFO: SweepDetector v2: 2 raw → 2 confirmed (vol≥2.5× body≥30%)
14:22:52 core.sweep_detector INFO: OrderBlocks: 2 detected, 1 unmitigated
14:22:52 core.sweep_detector INFO: FVGs: 12 detected, 3 unfilled
14:22:54 core.sweep_detector INFO: SweepDetector v2: 1 raw → 1 confirmed (vol≥2.5× body≥30%)
14:22:54 core.sweep_detector INFO: OrderBlocks: 4 detected, 0 unmitigated
14:22:54 core.sweep_detector INFO: FVGs: 12 detected, 2 unfilled
14:22:56 core.sweep_detector INFO: SweepDetector v2: 2 raw → 1 confirmed (vol≥2.5× body≥30%)
14:22:56 core.sweep_detector INFO: OrderBlocks: 6 detected, 2 unmitigated
14:22:56 core.sweep_detector INFO: FVGs: 10 detected, 5 unfilled
14:22:58 core.sweep_detector INFO: SweepDetector v2: 3 raw → 1 confirmed (vol≥2.5× body≥30%)
14:22:58 core.sweep_detector INFO: OrderBlocks: 4 detected, 1 unmitigated
14:22:58 core.sweep_detector INFO: FVGs: 11 detected, 2 unfilled
14:22:59 core.sweep_detector INFO: SweepDetector v2: 2 raw → 2 confirmed (vol≥2.5× body≥30%)
14:22:59 core.sweep_detector INFO: OrderBlocks: 4 detected, 4 unmitigated
14:22:59 core.sweep_detector INFO: FVGs: 4 detected, 3 unfilled
14:23:01 core.sweep_detector INFO: SweepDetector v2: 0 raw → 0 confirmed (vol≥2.5× body≥30%)
14:23:01 core.sweep_detector INFO: OrderBlocks: 2 detected, 2 unmitigated
14:23:01 core.sweep_detector INFO: FVGs: 11 detected, 6 unfilled
14:23:02 core.sweep_detector INFO: SweepDetector v2: 2 raw → 2 confirmed (vol≥2.5× body≥30%)
14:23:02 core.sweep_detector INFO: OrderBlocks: 3 detected, 0 unmitigated
14:23:02 core.sweep_detector INFO: FVGs: 3 detected, 1 unfilled
14:23:04 core.sweep_detector INFO: SweepDetector v2: 1 raw → 1 confirmed (vol≥2.5× body≥30%)
14:23:04 core.sweep_detector INFO: OrderBlocks: 2 detected, 0 unmitigated
14:23:04 core.sweep_detector INFO: FVGs: 11 detected, 1 unfilled
14:23:06 core.sweep_detector INFO: SweepDetector v2: 0 raw → 0 confirmed (vol≥2.5× body≥30%)
14:23:06 core.sweep_detector INFO: OrderBlocks: 5 detected, 1 unmitigated
14:23:06 core.sweep_detector INFO: FVGs: 0 detected, 0 unfilled
14:23:08 core.sweep_detector INFO: SweepDetector v2: 0 raw → 0 confirmed (vol≥2.5× body≥30%)
14:23:08 core.sweep_detector INFO: OrderBlocks: 4 detected, 1 unmitigated
14:23:08 core.sweep_detector INFO: FVGs: 1 detected, 1 unfilled
14:23:10 core.sweep_detector INFO: SweepDetector v2: 0 raw → 0 confirmed (vol≥2.5× body≥30%)
14:23:10 core.sweep_detector INFO: OrderBlocks: 4 detected, 2 unmitigated
14:23:10 core.sweep_detector INFO: FVGs: 0 detected, 0 unfilled
14:23:12 core.sweep_detector INFO: SweepDetector v2: 0 raw → 0 confirmed (vol≥2.5× body≥30%)
14:23:12 core.sweep_detector INFO: OrderBlocks: 0 detected, 0 unmitigated
14:23:12 core.sweep_detector INFO: FVGs: 0 detected, 0 unfilled
14:23:13 core.sweep_detector INFO: SweepDetector v2: 0 raw → 0 confirmed (vol≥2.5× body≥30%)
14:23:13 core.sweep_detector INFO: OrderBlocks: 0 detected, 0 unmitigated
14:23:13 core.sweep_detector INFO: FVGs: 0 detected, 0 unfilled
14:23:15 core.sweep_detector INFO: SweepDetector v2: 0 raw → 0 confirmed (vol≥2.5× body≥30%)
14:23:15 core.sweep_detector INFO: OrderBlocks: 0 detected, 0 unmitigated
14:23:15 core.sweep_detector INFO: FVGs: 0 detected, 0 unfilled
14:23:18 core.sweep_detector INFO: SweepDetector v2: 0 raw → 0 confirmed (vol≥2.5× body≥30%)
14:23:18 core.sweep_detector INFO: OrderBlocks: 6 detected, 1 unmitigated
14:23:18 core.sweep_detector INFO: FVGs: 13 detected, 3 unfilled
14:23:20 core.sweep_detector INFO: SweepDetector v2: 1 raw → 1 confirmed (vol≥2.5× body≥30%)
14:23:20 core.sweep_detector INFO: OrderBlocks: 3 detected, 0 unmitigated
14:23:20 core.sweep_detector INFO: FVGs: 11 detected, 3 unfilled
14:23:22 core.sweep_detector INFO: SweepDetector v2: 2 raw → 2 confirmed (vol≥2.5× body≥30%)
14:23:22 core.sweep_detector INFO: OrderBlocks: 7 detected, 3 unmitigated
14:23:22 core.sweep_detector INFO: FVGs: 9 detected, 3 unfilled
14:23:24 core.sweep_detector INFO: SweepDetector v2: 0 raw → 0 confirmed (vol≥2.5× body≥30%)
14:23:24 core.sweep_detector INFO: OrderBlocks: 8 detected, 4 unmitigated
14:23:24 core.sweep_detector INFO: FVGs: 10 detected, 5 unfilled
14:23:26 core.sweep_detector INFO: SweepDetector v2: 2 raw → 1 confirmed (vol≥2.5× body≥30%)
14:23:26 core.sweep_detector INFO: OrderBlocks: 4 detected, 0 unmitigated
14:23:26 core.sweep_detector INFO: FVGs: 11 detected, 3 unfilled
14:23:28 core.sweep_detector INFO: SweepDetector v2: 2 raw → 2 confirmed (vol≥2.5× body≥30%)
14:23:28 core.sweep_detector INFO: OrderBlocks: 2 detected, 0 unmitigated
14:23:28 core.sweep_detector INFO: FVGs: 9 detected, 4 unfilled
14:23:30 core.sweep_detector INFO: SweepDetector v2: 0 raw → 0 confirmed (vol≥2.5× body≥30%)
14:23:30 core.sweep_detector INFO: OrderBlocks: 8 detected, 3 unmitigated
14:23:30 core.sweep_detector INFO: FVGs: 12 detected, 4 unfilled
14:23:32 core.sweep_detector INFO: SweepDetector v2: 1 raw → 1 confirmed (vol≥2.5× body≥30%)
14:23:32 core.sweep_detector INFO: OrderBlocks: 7 detected, 1 unmitigated
14:23:32 core.sweep_detector INFO: FVGs: 13 detected, 3 unfilled
14:23:34 core.sweep_detector INFO: SweepDetector v2: 4 raw → 3 confirmed (vol≥2.5× body≥30%)
14:23:34 core.sweep_detector INFO: OrderBlocks: 2 detected, 0 unmitigated
14:23:34 core.sweep_detector INFO: FVGs: 8 detected, 2 unfilled
14:23:36 core.sweep_detector INFO: SweepDetector v2: 2 raw → 2 confirmed (vol≥2.5× body≥30%)
14:23:36 core.sweep_detector INFO: OrderBlocks: 6 detected, 0 unmitigated
14:23:36 core.sweep_detector INFO: FVGs: 4 detected, 0 unfilled
14:23:38 core.sweep_detector INFO: SweepDetector v2: 6 raw → 6 confirmed (vol≥2.5× body≥30%)
14:23:38 core.sweep_detector INFO: OrderBlocks: 2 detected, 0 unmitigated
14:23:38 core.sweep_detector INFO: FVGs: 9 detected, 0 unfilled
14:23:41 core.sweep_detector INFO: SweepDetector v2: 5 raw → 4 confirmed (vol≥2.5× body≥30%)
14:23:41 core.sweep_detector INFO: OrderBlocks: 1 detected, 1 unmitigated
14:23:41 core.sweep_detector INFO: FVGs: 0 detected, 0 unfilled
14:23:43 core.sweep_detector INFO: SweepDetector v2: 1 raw → 1 confirmed (vol≥2.5× body≥30%)
14:23:43 core.sweep_detector INFO: OrderBlocks: 7 detected, 4 unmitigated
14:23:43 core.sweep_detector INFO: FVGs: 9 detected, 3 unfilled
14:23:45 core.sweep_detector INFO: SweepDetector v2: 1 raw → 1 confirmed (vol≥2.5× body≥30%)
14:23:45 core.sweep_detector INFO: OrderBlocks: 3 detected, 1 unmitigated
14:23:45 core.sweep_detector INFO: FVGs: 6 detected, 2 unfilled
14:23:47 core.sweep_detector INFO: SweepDetector v2: 1 raw → 1 confirmed (vol≥2.5× body≥30%)
14:23:47 core.sweep_detector INFO: OrderBlocks: 5 detected, 1 unmitigated
14:23:47 core.sweep_detector INFO: FVGs: 8 detected, 0 unfilled
14:23:49 core.sweep_detector INFO: SweepDetector v2: 3 raw → 2 confirmed (vol≥2.5× body≥30%)
14:23:49 core.sweep_detector INFO: OrderBlocks: 7 detected, 3 unmitigated
14:23:49 core.sweep_detector INFO: FVGs: 13 detected, 2 unfilled
14:23:50 core.sweep_detector INFO: SweepDetector v2: 2 raw → 0 confirmed (vol≥2.5× body≥30%)
14:23:50 core.sweep_detector INFO: OrderBlocks: 9 detected, 3 unmitigated
14:23:50 core.sweep_detector INFO: FVGs: 13 detected, 2 unfilled
14:23:53 core.sweep_detector INFO: SweepDetector v2: 3 raw → 0 confirmed (vol≥2.5× body≥30%)
14:23:53 core.sweep_detector INFO: OrderBlocks: 6 detected, 3 unmitigated
14:23:53 core.sweep_detector INFO: FVGs: 9 detected, 3 unfilled
14:23:55 core.sweep_detector INFO: SweepDetector v2: 2 raw → 2 confirmed (vol≥2.5× body≥30%)
14:23:55 core.sweep_detector INFO: OrderBlocks: 10 detected, 3 unmitigated
14:23:55 core.sweep_detector INFO: FVGs: 8 detected, 3 unfilled
14:23:57 core.sweep_detector INFO: SweepDetector v2: 1 raw → 1 confirmed (vol≥2.5× body≥30%)
14:23:57 core.sweep_detector INFO: OrderBlocks: 1 detected, 0 unmitigated
14:23:57 core.sweep_detector INFO: FVGs: 10 detected, 3 unfilled
14:23:59 core.sweep_detector INFO: SweepDetector v2: 4 raw → 3 confirmed (vol≥2.5× body≥30%)
14:23:59 core.sweep_detector INFO: OrderBlocks: 4 detected, 1 unmitigated
14:23:59 core.sweep_detector INFO: FVGs: 8 detected, 1 unfilled
14:23:59 __main__ INFO: Pending signal #62: binance:ICP/USDT short entry=2.2775 current=2.247 dist=1.36% expires=2h
14:24:10 alerts.telegram INFO: Alert sent: binance:ICP/USDT short RR=5.67
14:24:12 core.sweep_detector INFO: SweepDetector v2: 1 raw → 1 confirmed (vol≥2.5× body≥30%)
14:24:12 core.sweep_detector INFO: OrderBlocks: 7 detected, 2 unmitigated
14:24:12 core.sweep_detector INFO: FVGs: 9 detected, 4 unfilled
14:24:14 core.sweep_detector INFO: SweepDetector v2: 2 raw → 2 confirmed (vol≥2.5× body≥30%)
14:24:14 core.sweep_detector INFO: OrderBlocks: 3 detected, 1 unmitigated
14:24:14 core.sweep_detector INFO: FVGs: 13 detected, 4 unfilled
14:24:16 core.sweep_detector INFO: SweepDetector v2: 3 raw → 3 confirmed (vol≥2.5× body≥30%)
14:24:16 core.sweep_detector INFO: OrderBlocks: 4 detected, 1 unmitigated
14:24:16 core.sweep_detector INFO: FVGs: 7 detected, 3 unfilled
14:24:17 core.sweep_detector INFO: SweepDetector v2: 2 raw → 1 confirmed (vol≥2.5× body≥30%)
14:24:18 core.sweep_detector INFO: OrderBlocks: 4 detected, 1 unmitigated
14:24:18 core.sweep_detector INFO: FVGs: 7 detected, 0 unfilled
14:24:19 core.sweep_detector INFO: SweepDetector v2: 0 raw → 0 confirmed (vol≥2.5× body≥30%)
14:24:19 core.sweep_detector INFO: OrderBlocks: 7 detected, 1 unmitigated
14:24:19 core.sweep_detector INFO: FVGs: 8 detected, 3 unfilled
14:24:21 core.sweep_detector INFO: SweepDetector v2: 1 raw → 1 confirmed (vol≥2.5× body≥30%)
14:24:21 core.sweep_detector INFO: OrderBlocks: 7 detected, 4 unmitigated
14:24:21 core.sweep_detector INFO: FVGs: 12 detected, 7 unfilled
14:24:23 core.sweep_detector INFO: SweepDetector v2: 0 raw → 0 confirmed (vol≥2.5× body≥30%)
14:24:23 core.sweep_detector INFO: OrderBlocks: 2 detected, 1 unmitigated
14:24:23 core.sweep_detector INFO: FVGs: 11 detected, 2 unfilled
14:24:25 core.sweep_detector INFO: SweepDetector v2: 0 raw → 0 confirmed (vol≥2.5× body≥30%)
14:24:25 core.sweep_detector INFO: OrderBlocks: 2 detected, 0 unmitigated
14:24:25 core.sweep_detector INFO: FVGs: 7 detected, 0 unfilled
14:24:26 core.sweep_detector INFO: SweepDetector v2: 2 raw → 2 confirmed (vol≥2.5× body≥30%)
14:24:26 core.sweep_detector INFO: OrderBlocks: 2 detected, 0 unmitigated
14:24:26 core.sweep_detector INFO: FVGs: 4 detected, 0 unfilled
14:24:28 core.sweep_detector INFO: SweepDetector v2: 0 raw → 0 confirmed (vol≥2.5× body≥30%)
14:24:28 core.sweep_detector INFO: OrderBlocks: 7 detected, 3 unmitigated
14:24:28 core.sweep_detector INFO: FVGs: 12 detected, 7 unfilled
14:24:30 core.sweep_detector INFO: SweepDetector v2: 1 raw → 1 confirmed (vol≥2.5× body≥30%)
14:24:30 core.sweep_detector INFO: OrderBlocks: 3 detected, 2 unmitigated
14:24:30 core.sweep_detector INFO: FVGs: 12 detected, 3 unfilled
14:24:32 core.sweep_detector INFO: SweepDetector v2: 0 raw → 0 confirmed (vol≥2.5× body≥30%)
14:24:32 core.sweep_detector INFO: OrderBlocks: 9 detected, 3 unmitigated
14:24:32 core.sweep_detector INFO: FVGs: 12 detected, 6 unfilled
14:24:34 core.sweep_detector INFO: SweepDetector v2: 1 raw → 0 confirmed (vol≥2.5× body≥30%)
14:24:34 core.sweep_detector INFO: OrderBlocks: 9 detected, 3 unmitigated
14:24:34 core.sweep_detector INFO: FVGs: 8 detected, 2 unfilled
14:24:36 core.sweep_detector INFO: SweepDetector v2: 2 raw → 1 confirmed (vol≥2.5× body≥30%)
14:24:36 core.sweep_detector INFO: OrderBlocks: 1 detected, 1 unmitigated
14:24:36 core.sweep_detector INFO: FVGs: 9 detected, 3 unfilled
14:24:37 core.sweep_detector INFO: SweepDetector v2: 0 raw → 0 confirmed (vol≥2.5× body≥30%)
14:24:37 core.sweep_detector INFO: OrderBlocks: 7 detected, 3 unmitigated
14:24:37 core.sweep_detector INFO: FVGs: 5 detected, 3 unfilled
14:24:39 core.sweep_detector INFO: SweepDetector v2: 1 raw → 1 confirmed (vol≥2.5× body≥30%)
14:24:39 core.sweep_detector INFO: OrderBlocks: 6 detected, 3 unmitigated
14:24:39 core.sweep_detector INFO: FVGs: 10 detected, 6 unfilled
14:24:41 core.sweep_detector INFO: SweepDetector v2: 3 raw → 1 confirmed (vol≥2.5× body≥30%)
14:24:41 core.sweep_detector INFO: OrderBlocks: 4 detected, 2 unmitigated
14:24:41 core.sweep_detector INFO: FVGs: 9 detected, 4 unfilled
14:24:42 core.sweep_detector INFO: SweepDetector v2: 1 raw → 1 confirmed (vol≥2.5× body≥30%)
14:24:42 core.sweep_detector INFO: OrderBlocks: 2 detected, 2 unmitigated
14:24:42 core.sweep_detector INFO: FVGs: 4 detected, 2 unfilled
14:24:44 core.sweep_detector INFO: SweepDetector v2: 0 raw → 0 confirmed (vol≥2.5× body≥30%)
14:24:44 core.sweep_detector INFO: OrderBlocks: 6 detected, 2 unmitigated
14:24:44 core.sweep_detector INFO: FVGs: 3 detected, 2 unfilled
14:24:46 core.sweep_detector INFO: SweepDetector v2: 2 raw → 2 confirmed (vol≥2.5× body≥30%)
14:24:46 core.sweep_detector INFO: OrderBlocks: 6 detected, 0 unmitigated
14:24:46 core.sweep_detector INFO: FVGs: 9 detected, 1 unfilled
14:24:47 core.sweep_detector INFO: SweepDetector v2: 1 raw → 1 confirmed (vol≥2.5× body≥30%)
14:24:47 core.sweep_detector INFO: OrderBlocks: 2 detected, 0 unmitigated
14:24:47 core.sweep_detector INFO: FVGs: 6 detected, 0 unfilled
14:24:49 core.sweep_detector INFO: SweepDetector v2: 1 raw → 1 confirmed (vol≥2.5× body≥30%)
14:24:49 core.sweep_detector INFO: OrderBlocks: 9 detected, 2 unmitigated
14:24:49 core.sweep_detector INFO: FVGs: 5 detected, 4 unfilled
14:24:51 core.sweep_detector INFO: SweepDetector v2: 3 raw → 2 confirmed (vol≥2.5× body≥30%)
14:24:51 core.sweep_detector INFO: OrderBlocks: 3 detected, 1 unmitigated
14:24:51 core.sweep_detector INFO: FVGs: 7 detected, 3 unfilled
14:24:52 core.sweep_detector INFO: SweepDetector v2: 1 raw → 1 confirmed (vol≥2.5× body≥30%)
14:24:52 core.sweep_detector INFO: OrderBlocks: 6 detected, 3 unmitigated
14:24:52 core.sweep_detector INFO: FVGs: 8 detected, 3 unfilled
14:24:54 core.sweep_detector INFO: SweepDetector v2: 0 raw → 0 confirmed (vol≥2.5× body≥30%)
14:24:54 core.sweep_detector INFO: OrderBlocks: 4 detected, 2 unmitigated
14:24:54 core.sweep_detector INFO: FVGs: 13 detected, 3 unfilled
14:24:56 core.sweep_detector INFO: SweepDetector v2: 1 raw → 1 confirmed (vol≥2.5× body≥30%)
14:24:56 core.sweep_detector INFO: OrderBlocks: 6 detected, 1 unmitigated
14:24:56 core.sweep_detector INFO: FVGs: 10 detected, 4 unfilled
14:24:58 core.sweep_detector INFO: SweepDetector v2: 2 raw → 1 confirmed (vol≥2.5× body≥30%)
14:24:58 core.sweep_detector INFO: OrderBlocks: 4 detected, 2 unmitigated
14:24:58 core.sweep_detector INFO: FVGs: 10 detected, 5 unfilled
14:25:00 core.sweep_detector INFO: SweepDetector v2: 3 raw → 2 confirmed (vol≥2.5× body≥30%)
14:25:00 core.sweep_detector INFO: OrderBlocks: 11 detected, 4 unmitigated
14:25:00 core.sweep_detector INFO: FVGs: 14 detected, 1 unfilled
14:25:01 core.sweep_detector INFO: SweepDetector v2: 3 raw → 1 confirmed (vol≥2.5× body≥30%)
14:25:01 core.sweep_detector INFO: OrderBlocks: 5 detected, 0 unmitigated
14:25:01 core.sweep_detector INFO: FVGs: 11 detected, 2 unfilled
14:25:03 core.sweep_detector INFO: SweepDetector v2: 3 raw → 3 confirmed (vol≥2.5× body≥30%)
14:25:03 core.sweep_detector INFO: OrderBlocks: 3 detected, 0 unmitigated
14:25:03 core.sweep_detector INFO: FVGs: 7 detected, 0 unfilled
14:25:05 core.sweep_detector INFO: SweepDetector v2: 2 raw → 2 confirmed (vol≥2.5× body≥30%)
14:25:05 core.sweep_detector INFO: OrderBlocks: 3 detected, 1 unmitigated
14:25:05 core.sweep_detector INFO: FVGs: 7 detected, 2 unfilled
14:25:06 core.sweep_detector INFO: SweepDetector v2: 0 raw → 0 confirmed (vol≥2.5× body≥30%)
14:25:06 core.sweep_detector INFO: OrderBlocks: 2 detected, 1 unmitigated
14:25:06 core.sweep_detector INFO: FVGs: 11 detected, 5 unfilled
14:25:08 core.sweep_detector INFO: SweepDetector v2: 1 raw → 0 confirmed (vol≥2.5× body≥30%)
14:25:08 core.sweep_detector INFO: OrderBlocks: 1 detected, 0 unmitigated
14:25:08 core.sweep_detector INFO: FVGs: 7 detected, 4 unfilled
14:25:10 core.sweep_detector INFO: SweepDetector v2: 2 raw → 2 confirmed (vol≥2.5× body≥30%)
14:25:10 core.sweep_detector INFO: OrderBlocks: 15 detected, 3 unmitigated
14:25:10 core.sweep_detector INFO: FVGs: 16 detected, 2 unfilled
14:25:12 core.sweep_detector INFO: SweepDetector v2: 3 raw → 3 confirmed (vol≥2.5× body≥30%)
14:25:12 core.sweep_detector INFO: OrderBlocks: 4 detected, 2 unmitigated
14:25:12 core.sweep_detector INFO: FVGs: 9 detected, 2 unfilled
14:25:14 core.sweep_detector INFO: SweepDetector v2: 2 raw → 1 confirmed (vol≥2.5× body≥30%)
14:25:14 core.sweep_detector INFO: OrderBlocks: 3 detected, 2 unmitigated
14:25:14 core.sweep_detector INFO: FVGs: 7 detected, 1 unfilled
14:25:16 core.sweep_detector INFO: SweepDetector v2: 6 raw → 3 confirmed (vol≥2.5× body≥30%)
14:25:16 core.sweep_detector INFO: OrderBlocks: 6 detected, 4 unmitigated
14:25:16 core.sweep_detector INFO: FVGs: 10 detected, 5 unfilled
14:25:18 core.sweep_detector INFO: SweepDetector v2: 5 raw → 4 confirmed (vol≥2.5× body≥30%)
14:25:18 core.sweep_detector INFO: OrderBlocks: 4 detected, 1 unmitigated
14:25:18 core.sweep_detector INFO: FVGs: 6 detected, 1 unfilled
14:25:19 core.sweep_detector INFO: SweepDetector v2: 1 raw → 1 confirmed (vol≥2.5× body≥30%)
14:25:19 core.sweep_detector INFO: OrderBlocks: 2 detected, 1 unmitigated
14:25:19 core.sweep_detector INFO: FVGs: 7 detected, 1 unfilled
14:25:21 core.sweep_detector INFO: SweepDetector v2: 1 raw → 1 confirmed (vol≥2.5× body≥30%)
14:25:21 core.sweep_detector INFO: OrderBlocks: 5 detected, 1 unmitigated
14:25:21 core.sweep_detector INFO: FVGs: 8 detected, 3 unfilled
14:25:23 core.sweep_detector INFO: SweepDetector v2: 3 raw → 3 confirmed (vol≥2.5× body≥30%)
14:25:23 core.sweep_detector INFO: OrderBlocks: 7 detected, 1 unmitigated
14:25:23 core.sweep_detector INFO: FVGs: 10 detected, 3 unfilled
14:25:25 core.sweep_detector INFO: SweepDetector v2: 3 raw → 3 confirmed (vol≥2.5× body≥30%)
14:25:25 core.sweep_detector INFO: OrderBlocks: 3 detected, 0 unmitigated
14:25:25 core.sweep_detector INFO: FVGs: 12 detected, 5 unfilled
14:25:27 core.sweep_detector INFO: SweepDetector v2: 1 raw → 1 confirmed (vol≥2.5× body≥30%)
14:25:27 core.sweep_detector INFO: OrderBlocks: 6 detected, 2 unmitigated
14:25:27 core.sweep_detector INFO: FVGs: 12 detected, 5 unfilled
14:25:29 core.sweep_detector INFO: SweepDetector v2: 2 raw → 0 confirmed (vol≥2.5× body≥30%)
14:25:29 core.sweep_detector INFO: OrderBlocks: 6 detected, 1 unmitigated
14:25:29 core.sweep_detector INFO: FVGs: 10 detected, 2 unfilled
14:25:31 core.sweep_detector INFO: SweepDetector v2: 1 raw → 1 confirmed (vol≥2.5× body≥30%)
14:25:31 core.sweep_detector INFO: OrderBlocks: 5 detected, 3 unmitigated
14:25:31 core.sweep_detector INFO: FVGs: 3 detected, 2 unfilled
14:25:32 core.sweep_detector INFO: SweepDetector v2: 3 raw → 2 confirmed (vol≥2.5× body≥30%)
14:25:32 core.sweep_detector INFO: OrderBlocks: 5 detected, 0 unmitigated
14:25:32 core.sweep_detector INFO: FVGs: 7 detected, 0 unfilled
14:25:34 core.sweep_detector INFO: SweepDetector v2: 2 raw → 2 confirmed (vol≥2.5× body≥30%)
14:25:34 core.sweep_detector INFO: OrderBlocks: 6 detected, 1 unmitigated
14:25:34 core.sweep_detector INFO: FVGs: 7 detected, 3 unfilled
14:25:36 core.sweep_detector INFO: SweepDetector v2: 0 raw → 0 confirmed (vol≥2.5× body≥30%)
14:25:36 core.sweep_detector INFO: OrderBlocks: 6 detected, 2 unmitigated
14:25:36 core.sweep_detector INFO: FVGs: 7 detected, 5 unfilled
14:25:37 core.sweep_detector INFO: SweepDetector v2: 0 raw → 0 confirmed (vol≥2.5× body≥30%)
14:25:37 core.sweep_detector INFO: OrderBlocks: 8 detected, 4 unmitigated
14:25:37 core.sweep_detector INFO: FVGs: 10 detected, 4 unfilled
14:25:39 core.sweep_detector INFO: SweepDetector v2: 4 raw → 3 confirmed (vol≥2.5× body≥30%)
14:25:39 core.sweep_detector INFO: OrderBlocks: 5 detected, 1 unmitigated
14:25:39 core.sweep_detector INFO: FVGs: 11 detected, 2 unfilled
14:25:41 core.sweep_detector INFO: SweepDetector v2: 2 raw → 2 confirmed (vol≥2.5× body≥30%)
14:25:41 core.sweep_detector INFO: OrderBlocks: 4 detected, 1 unmitigated
14:25:41 core.sweep_detector INFO: FVGs: 7 detected, 1 unfilled
14:25:42 core.sweep_detector INFO: SweepDetector v2: 1 raw → 1 confirmed (vol≥2.5× body≥30%)
14:25:42 core.sweep_detector INFO: OrderBlocks: 4 detected, 2 unmitigated
14:25:42 core.sweep_detector INFO: FVGs: 5 detected, 2 unfilled
14:25:44 core.sweep_detector INFO: SweepDetector v2: 3 raw → 3 confirmed (vol≥2.5× body≥30%)
14:25:44 core.sweep_detector INFO: OrderBlocks: 3 detected, 0 unmitigated
14:25:44 core.sweep_detector INFO: FVGs: 4 detected, 1 unfilled
14:25:46 core.sweep_detector INFO: SweepDetector v2: 1 raw → 1 confirmed (vol≥2.5× body≥30%)
14:25:46 core.sweep_detector INFO: OrderBlocks: 0 detected, 0 unmitigated
14:25:46 core.sweep_detector INFO: FVGs: 1 detected, 0 unfilled
14:25:48 core.sweep_detector INFO: SweepDetector v2: 2 raw → 2 confirmed (vol≥2.5× body≥30%)
14:25:48 core.sweep_detector INFO: OrderBlocks: 10 detected, 4 unmitigated
14:25:48 core.sweep_detector INFO: FVGs: 10 detected, 3 unfilled
14:25:49 core.sweep_detector INFO: SweepDetector v2: 5 raw → 3 confirmed (vol≥2.5× body≥30%)
14:25:49 core.sweep_detector INFO: OrderBlocks: 4 detected, 3 unmitigated
14:25:49 core.sweep_detector INFO: FVGs: 10 detected, 3 unfilled
14:25:49 __main__ INFO: Pending signal #61: binance:POL/USDT short entry=0.09465 current=0.093 dist=1.77% expires=8h
14:26:00 alerts.telegram INFO: Alert sent: binance:POL/USDT short RR=4.45
14:26:02 core.sweep_detector INFO: SweepDetector v2: 2 raw → 1 confirmed (vol≥2.5× body≥30%)
14:26:02 core.sweep_detector INFO: OrderBlocks: 2 detected, 0 unmitigated
14:26:02 core.sweep_detector INFO: FVGs: 8 detected, 1 unfilled
14:26:03 core.sweep_detector INFO: SweepDetector v2: 1 raw → 0 confirmed (vol≥2.5× body≥30%)
14:26:03 core.sweep_detector INFO: OrderBlocks: 5 detected, 1 unmitigated
14:26:03 core.sweep_detector INFO: FVGs: 5 detected, 2 unfilled
14:26:05 core.sweep_detector INFO: SweepDetector v2: 4 raw → 4 confirmed (vol≥2.5× body≥30%)
14:26:05 core.sweep_detector INFO: OrderBlocks: 1 detected, 0 unmitigated
14:26:05 core.sweep_detector INFO: FVGs: 8 detected, 1 unfilled
14:26:07 core.sweep_detector INFO: SweepDetector v2: 1 raw → 1 confirmed (vol≥2.5× body≥30%)
14:26:07 core.sweep_detector INFO: OrderBlocks: 4 detected, 0 unmitigated
14:26:07 core.sweep_detector INFO: FVGs: 9 detected, 1 unfilled
14:26:09 core.sweep_detector INFO: SweepDetector v2: 2 raw → 2 confirmed (vol≥2.5× body≥30%)
14:26:09 core.sweep_detector INFO: OrderBlocks: 8 detected, 4 unmitigated
14:26:09 core.sweep_detector INFO: FVGs: 9 detected, 2 unfilled
14:26:10 core.sweep_detector INFO: SweepDetector v2: 2 raw → 1 confirmed (vol≥2.5× body≥30%)
14:26:10 core.sweep_detector INFO: OrderBlocks: 3 detected, 1 unmitigated
14:26:10 core.sweep_detector INFO: FVGs: 8 detected, 3 unfilled
14:26:13 core.sweep_detector INFO: SweepDetector v2: 1 raw → 1 confirmed (vol≥2.5× body≥30%)
14:26:13 core.sweep_detector INFO: OrderBlocks: 2 detected, 1 unmitigated
14:26:13 core.sweep_detector INFO: FVGs: 10 detected, 2 unfilled
14:26:15 core.sweep_detector INFO: SweepDetector v2: 0 raw → 0 confirmed (vol≥2.5× body≥30%)
14:26:15 core.sweep_detector INFO: OrderBlocks: 1 detected, 0 unmitigated
14:26:15 core.sweep_detector INFO: FVGs: 0 detected, 0 unfilled
14:26:16 core.sweep_detector INFO: SweepDetector v2: 0 raw → 0 confirmed (vol≥2.5× body≥30%)
14:26:16 core.sweep_detector INFO: OrderBlocks: 0 detected, 0 unmitigated
14:26:16 core.sweep_detector INFO: FVGs: 0 detected, 0 unfilled
14:26:19 core.sweep_detector INFO: SweepDetector v2: 0 raw → 0 confirmed (vol≥2.5× body≥30%)
14:26:19 core.sweep_detector INFO: OrderBlocks: 0 detected, 0 unmitigated
14:26:19 core.sweep_detector INFO: FVGs: 0 detected, 0 unfilled
14:26:20 core.sweep_detector INFO: SweepDetector v2: 2 raw → 2 confirmed (vol≥2.5× body≥30%)
14:26:20 core.sweep_detector INFO: OrderBlocks: 5 detected, 2 unmitigated
14:26:20 core.sweep_detector INFO: FVGs: 6 detected, 1 unfilled
14:26:22 core.sweep_detector INFO: SweepDetector v2: 3 raw → 3 confirmed (vol≥2.5× body≥30%)
14:26:22 core.sweep_detector INFO: OrderBlocks: 3 detected, 0 unmitigated
14:26:22 core.sweep_detector INFO: FVGs: 10 detected, 2 unfilled
14:26:24 core.sweep_detector INFO: SweepDetector v2: 2 raw → 2 confirmed (vol≥2.5× body≥30%)
14:26:24 core.sweep_detector INFO: OrderBlocks: 2 detected, 1 unmitigated
14:26:24 core.sweep_detector INFO: FVGs: 4 detected, 1 unfilled
14:26:26 core.sweep_detector INFO: SweepDetector v2: 0 raw → 0 confirmed (vol≥2.5× body≥30%)
14:26:26 core.sweep_detector INFO: OrderBlocks: 4 detected, 2 unmitigated
14:26:26 core.sweep_detector INFO: FVGs: 11 detected, 7 unfilled
14:26:28 core.sweep_detector INFO: SweepDetector v2: 0 raw → 0 confirmed (vol≥2.5× body≥30%)
14:26:28 core.sweep_detector INFO: OrderBlocks: 1 detected, 0 unmitigated
14:26:28 core.sweep_detector INFO: FVGs: 6 detected, 2 unfilled
14:26:30 core.sweep_detector INFO: SweepDetector v2: 2 raw → 2 confirmed (vol≥2.5× body≥30%)
14:26:30 core.sweep_detector INFO: OrderBlocks: 3 detected, 1 unmitigated
14:26:30 core.sweep_detector INFO: FVGs: 12 detected, 2 unfilled
14:26:32 core.sweep_detector INFO: SweepDetector v2: 5 raw → 3 confirmed (vol≥2.5× body≥30%)
14:26:32 core.sweep_detector INFO: OrderBlocks: 6 detected, 2 unmitigated
14:26:32 core.sweep_detector INFO: FVGs: 9 detected, 2 unfilled
14:26:33 core.sweep_detector INFO: SweepDetector v2: 2 raw → 2 confirmed (vol≥2.5× body≥30%)
14:26:33 core.sweep_detector INFO: OrderBlocks: 3 detected, 2 unmitigated
14:26:33 core.sweep_detector INFO: FVGs: 13 detected, 2 unfilled
14:26:35 core.sweep_detector INFO: SweepDetector v2: 3 raw → 3 confirmed (vol≥2.5× body≥30%)
14:26:35 core.sweep_detector INFO: OrderBlocks: 3 detected, 0 unmitigated
14:26:35 core.sweep_detector INFO: FVGs: 6 detected, 2 unfilled
14:26:37 core.sweep_detector INFO: SweepDetector v2: 0 raw → 0 confirmed (vol≥2.5× body≥30%)
14:26:37 core.sweep_detector INFO: OrderBlocks: 7 detected, 2 unmitigated
14:26:37 core.sweep_detector INFO: FVGs: 9 detected, 2 unfilled
14:26:39 core.sweep_detector INFO: SweepDetector v2: 3 raw → 3 confirmed (vol≥2.5× body≥30%)
14:26:39 core.sweep_detector INFO: OrderBlocks: 3 detected, 1 unmitigated
14:26:39 core.sweep_detector INFO: FVGs: 8 detected, 3 unfilled
14:26:41 core.sweep_detector INFO: SweepDetector v2: 2 raw → 1 confirmed (vol≥2.5× body≥30%)
14:26:41 core.sweep_detector INFO: OrderBlocks: 5 detected, 2 unmitigated
14:26:41 core.sweep_detector INFO: FVGs: 7 detected, 3 unfilled
14:26:43 core.sweep_detector INFO: SweepDetector v2: 1 raw → 1 confirmed (vol≥2.5× body≥30%)
14:26:43 core.sweep_detector INFO: OrderBlocks: 4 detected, 2 unmitigated
14:26:43 core.sweep_detector INFO: FVGs: 12 detected, 9 unfilled
14:26:45 core.sweep_detector INFO: SweepDetector v2: 1 raw → 1 confirmed (vol≥2.5× body≥30%)
14:26:45 core.sweep_detector INFO: OrderBlocks: 3 detected, 2 unmitigated
14:26:45 core.sweep_detector INFO: FVGs: 2 detected, 1 unfilled
14:26:46 core.sweep_detector INFO: SweepDetector v2: 3 raw → 3 confirmed (vol≥2.5× body≥30%)
14:26:46 core.sweep_detector INFO: OrderBlocks: 2 detected, 2 unmitigated
14:26:46 core.sweep_detector INFO: FVGs: 7 detected, 3 unfilled
14:26:48 core.sweep_detector INFO: SweepDetector v2: 1 raw → 0 confirmed (vol≥2.5× body≥30%)
14:26:48 core.sweep_detector INFO: OrderBlocks: 9 detected, 3 unmitigated
14:26:48 core.sweep_detector INFO: FVGs: 8 detected, 4 unfilled
14:26:50 core.sweep_detector INFO: SweepDetector v2: 4 raw → 1 confirmed (vol≥2.5× body≥30%)
14:26:50 core.sweep_detector INFO: OrderBlocks: 4 detected, 1 unmitigated
14:26:50 core.sweep_detector INFO: FVGs: 7 detected, 1 unfilled
14:26:52 core.sweep_detector INFO: SweepDetector v2: 1 raw → 1 confirmed (vol≥2.5× body≥30%)
14:26:52 core.sweep_detector INFO: OrderBlocks: 3 detected, 0 unmitigated
14:26:52 core.sweep_detector INFO: FVGs: 2 detected, 0 unfilled
14:26:54 core.sweep_detector INFO: SweepDetector v2: 2 raw → 2 confirmed (vol≥2.5× body≥30%)
14:26:54 core.sweep_detector INFO: OrderBlocks: 5 detected, 2 unmitigated
14:26:54 core.sweep_detector INFO: FVGs: 11 detected, 1 unfilled
14:26:56 core.sweep_detector INFO: SweepDetector v2: 1 raw → 1 confirmed (vol≥2.5× body≥30%)
14:26:56 core.sweep_detector INFO: OrderBlocks: 3 detected, 1 unmitigated
14:26:56 core.sweep_detector INFO: FVGs: 13 detected, 5 unfilled
14:26:57 core.sweep_detector INFO: SweepDetector v2: 0 raw → 0 confirmed (vol≥2.5× body≥30%)
14:26:57 core.sweep_detector INFO: OrderBlocks: 0 detected, 0 unmitigated
14:26:57 core.sweep_detector INFO: FVGs: 7 detected, 1 unfilled
14:27:00 core.sweep_detector INFO: SweepDetector v2: 7 raw → 5 confirmed (vol≥2.5× body≥30%)
14:27:00 core.sweep_detector INFO: OrderBlocks: 5 detected, 5 unmitigated
14:27:00 core.sweep_detector INFO: FVGs: 13 detected, 8 unfilled
14:27:01 core.sweep_detector INFO: SweepDetector v2: 2 raw → 1 confirmed (vol≥2.5× body≥30%)
14:27:01 core.sweep_detector INFO: OrderBlocks: 1 detected, 0 unmitigated
14:27:01 core.sweep_detector INFO: FVGs: 5 detected, 2 unfilled
14:27:03 core.sweep_detector INFO: SweepDetector v2: 4 raw → 4 confirmed (vol≥2.5× body≥30%)
14:27:03 core.sweep_detector INFO: OrderBlocks: 5 detected, 0 unmitigated
14:27:03 core.sweep_detector INFO: FVGs: 11 detected, 2 unfilled
14:27:05 core.sweep_detector INFO: SweepDetector v2: 0 raw → 0 confirmed (vol≥2.5× body≥30%)
14:27:05 core.sweep_detector INFO: OrderBlocks: 8 detected, 5 unmitigated
14:27:05 core.sweep_detector INFO: FVGs: 13 detected, 4 unfilled
14:27:07 core.sweep_detector INFO: SweepDetector v2: 3 raw → 2 confirmed (vol≥2.5× body≥30%)
14:27:07 core.sweep_detector INFO: OrderBlocks: 4 detected, 1 unmitigated
14:27:07 core.sweep_detector INFO: FVGs: 9 detected, 2 unfilled
14:27:08 core.sweep_detector INFO: SweepDetector v2: 2 raw → 1 confirmed (vol≥2.5× body≥30%)
14:27:08 core.sweep_detector INFO: OrderBlocks: 4 detected, 2 unmitigated
14:27:08 core.sweep_detector INFO: FVGs: 5 detected, 1 unfilled
14:27:10 core.sweep_detector INFO: SweepDetector v2: 3 raw → 3 confirmed (vol≥2.5× body≥30%)
14:27:10 core.sweep_detector INFO: OrderBlocks: 4 detected, 2 unmitigated
14:27:10 core.sweep_detector INFO: FVGs: 4 detected, 1 unfilled
14:27:12 core.sweep_detector INFO: SweepDetector v2: 3 raw → 2 confirmed (vol≥2.5× body≥30%)
14:27:12 core.sweep_detector INFO: OrderBlocks: 8 detected, 3 unmitigated
14:27:12 core.sweep_detector INFO: FVGs: 6 detected, 2 unfilled
14:27:13 core.sweep_detector INFO: SweepDetector v2: 1 raw → 1 confirmed (vol≥2.5× body≥30%)
14:27:13 core.sweep_detector INFO: OrderBlocks: 3 detected, 1 unmitigated
14:27:13 core.sweep_detector INFO: FVGs: 7 detected, 3 unfilled
14:27:15 core.sweep_detector INFO: SweepDetector v2: 3 raw → 2 confirmed (vol≥2.5× body≥30%)
14:27:15 core.sweep_detector INFO: OrderBlocks: 3 detected, 3 unmitigated
14:27:15 core.sweep_detector INFO: FVGs: 13 detected, 8 unfilled
14:27:17 core.sweep_detector INFO: SweepDetector v2: 2 raw → 2 confirmed (vol≥2.5× body≥30%)
14:27:17 core.sweep_detector INFO: OrderBlocks: 3 detected, 1 unmitigated
14:27:17 core.sweep_detector INFO: FVGs: 9 detected, 3 unfilled
14:27:19 core.sweep_detector INFO: SweepDetector v2: 2 raw → 1 confirmed (vol≥2.5× body≥30%)
14:27:19 core.sweep_detector INFO: OrderBlocks: 5 detected, 1 unmitigated
14:27:19 core.sweep_detector INFO: FVGs: 6 detected, 2 unfilled
14:27:20 core.sweep_detector INFO: SweepDetector v2: 1 raw → 0 confirmed (vol≥2.5× body≥30%)
14:27:20 core.sweep_detector INFO: OrderBlocks: 4 detected, 0 unmitigated
14:27:20 core.sweep_detector INFO: FVGs: 14 detected, 5 unfilled
14:27:22 core.sweep_detector INFO: SweepDetector v2: 0 raw → 0 confirmed (vol≥2.5× body≥30%)
14:27:22 core.sweep_detector INFO: OrderBlocks: 7 detected, 1 unmitigated
14:27:22 core.sweep_detector INFO: FVGs: 4 detected, 2 unfilled
14:27:24 core.sweep_detector INFO: SweepDetector v2: 2 raw → 2 confirmed (vol≥2.5× body≥30%)
14:27:24 core.sweep_detector INFO: OrderBlocks: 1 detected, 1 unmitigated
14:27:24 core.sweep_detector INFO: FVGs: 4 detected, 2 unfilled
14:27:25 core.sweep_detector INFO: SweepDetector v2: 1 raw → 0 confirmed (vol≥2.5× body≥30%)
14:27:25 core.sweep_detector INFO: OrderBlocks: 6 detected, 3 unmitigated
14:27:25 core.sweep_detector INFO: FVGs: 10 detected, 5 unfilled
14:27:27 core.sweep_detector INFO: SweepDetector v2: 2 raw → 2 confirmed (vol≥2.5× body≥30%)
14:27:27 core.sweep_detector INFO: OrderBlocks: 3 detected, 1 unmitigated
14:27:27 core.sweep_detector INFO: FVGs: 14 detected, 3 unfilled
14:27:29 core.sweep_detector INFO: SweepDetector v2: 4 raw → 3 confirmed (vol≥2.5× body≥30%)
14:27:29 core.sweep_detector INFO: OrderBlocks: 4 detected, 0 unmitigated
14:27:29 core.sweep_detector INFO: FVGs: 6 detected, 1 unfilled
14:27:31 core.sweep_detector INFO: SweepDetector v2: 0 raw → 0 confirmed (vol≥2.5× body≥30%)
14:27:31 core.sweep_detector INFO: OrderBlocks: 10 detected, 2 unmitigated
14:27:31 core.sweep_detector INFO: FVGs: 11 detected, 2 unfilled
14:27:32 core.sweep_detector INFO: SweepDetector v2: 1 raw → 1 confirmed (vol≥2.5× body≥30%)
14:27:32 core.sweep_detector INFO: OrderBlocks: 6 detected, 3 unmitigated
14:27:32 core.sweep_detector INFO: FVGs: 6 detected, 2 unfilled
14:27:34 core.sweep_detector INFO: SweepDetector v2: 1 raw → 1 confirmed (vol≥2.5× body≥30%)
14:27:34 core.sweep_detector INFO: OrderBlocks: 5 detected, 2 unmitigated
14:27:34 core.sweep_detector INFO: FVGs: 5 detected, 3 unfilled
14:27:36 core.sweep_detector INFO: SweepDetector v2: 0 raw → 0 confirmed (vol≥2.5× body≥30%)
14:27:36 core.sweep_detector INFO: OrderBlocks: 2 detected, 0 unmitigated
14:27:36 core.sweep_detector INFO: FVGs: 0 detected, 0 unfilled
14:27:37 core.sweep_detector INFO: SweepDetector v2: 0 raw → 0 confirmed (vol≥2.5× body≥30%)
14:27:37 core.sweep_detector INFO: OrderBlocks: 0 detected, 0 unmitigated
14:27:37 core.sweep_detector INFO: FVGs: 0 detected, 0 unfilled
14:27:39 core.sweep_detector INFO: SweepDetector v2: 0 raw → 0 confirmed (vol≥2.5× body≥30%)
14:27:39 core.sweep_detector INFO: OrderBlocks: 0 detected, 0 unmitigated
14:27:39 core.sweep_detector INFO: FVGs: 0 detected, 0 unfilled
14:27:41 core.sweep_detector INFO: SweepDetector v2: 1 raw → 1 confirmed (vol≥2.5× body≥30%)
14:27:41 core.sweep_detector INFO: OrderBlocks: 6 detected, 1 unmitigated
14:27:41 core.sweep_detector INFO: FVGs: 9 detected, 5 unfilled
14:27:43 core.sweep_detector INFO: SweepDetector v2: 2 raw → 2 confirmed (vol≥2.5× body≥30%)
14:27:43 core.sweep_detector INFO: OrderBlocks: 6 detected, 2 unmitigated
14:27:43 core.sweep_detector INFO: FVGs: 8 detected, 3 unfilled
14:27:44 core.sweep_detector INFO: SweepDetector v2: 1 raw → 1 confirmed (vol≥2.5× body≥30%)
14:27:44 core.sweep_detector INFO: OrderBlocks: 4 detected, 1 unmitigated
14:27:44 core.sweep_detector INFO: FVGs: 12 detected, 3 unfilled
14:27:46 core.sweep_detector INFO: SweepDetector v2: 1 raw → 1 confirmed (vol≥2.5× body≥30%)
14:27:46 core.sweep_detector INFO: OrderBlocks: 2 detected, 0 unmitigated
14:27:46 core.sweep_detector INFO: FVGs: 0 detected, 0 unfilled
14:27:48 core.sweep_detector INFO: SweepDetector v2: 0 raw → 0 confirmed (vol≥2.5× body≥30%)
14:27:48 core.sweep_detector INFO: OrderBlocks: 1 detected, 0 unmitigated
14:27:48 core.sweep_detector INFO: FVGs: 0 detected, 0 unfilled
14:27:49 core.sweep_detector INFO: SweepDetector v2: 0 raw → 0 confirmed (vol≥2.5× body≥30%)
14:27:49 core.sweep_detector INFO: OrderBlocks: 1 detected, 0 unmitigated
14:27:49 core.sweep_detector INFO: FVGs: 0 detected, 0 unfilled
14:27:51 core.sweep_detector INFO: SweepDetector v2: 0 raw → 0 confirmed (vol≥2.5× body≥30%)
14:27:51 core.sweep_detector INFO: OrderBlocks: 3 detected, 0 unmitigated
14:27:51 core.sweep_detector INFO: FVGs: 0 detected, 0 unfilled
14:27:52 core.sweep_detector INFO: SweepDetector v2: 0 raw → 0 confirmed (vol≥2.5× body≥30%)
14:27:52 core.sweep_detector INFO: OrderBlocks: 1 detected, 0 unmitigated
14:27:52 core.sweep_detector INFO: FVGs: 0 detected, 0 unfilled
14:27:54 core.sweep_detector INFO: SweepDetector v2: 0 raw → 0 confirmed (vol≥2.5× body≥30%)
14:27:54 core.sweep_detector INFO: OrderBlocks: 2 detected, 0 unmitigated
14:27:54 core.sweep_detector INFO: FVGs: 0 detected, 0 unfilled
14:27:56 core.sweep_detector INFO: SweepDetector v2: 0 raw → 0 confirmed (vol≥2.5× body≥30%)
14:27:56 core.sweep_detector INFO: OrderBlocks: 2 detected, 0 unmitigated
14:27:56 core.sweep_detector INFO: FVGs: 0 detected, 0 unfilled
14:27:57 core.sweep_detector INFO: SweepDetector v2: 0 raw → 0 confirmed (vol≥2.5× body≥30%)
14:27:57 core.sweep_detector INFO: OrderBlocks: 0 detected, 0 unmitigated
14:27:57 core.sweep_detector INFO: FVGs: 0 detected, 0 unfilled
14:27:59 core.sweep_detector INFO: SweepDetector v2: 0 raw → 0 confirmed (vol≥2.5× body≥30%)
14:27:59 core.sweep_detector INFO: OrderBlocks: 0 detected, 0 unmitigated
14:27:59 core.sweep_detector INFO: FVGs: 0 detected, 0 unfilled
14:28:01 core.sweep_detector INFO: SweepDetector v2: 3 raw → 3 confirmed (vol≥2.5× body≥30%)
14:28:01 core.sweep_detector INFO: OrderBlocks: 4 detected, 1 unmitigated
14:28:01 core.sweep_detector INFO: FVGs: 8 detected, 3 unfilled
14:28:03 core.sweep_detector INFO: SweepDetector v2: 5 raw → 4 confirmed (vol≥2.5× body≥30%)
14:28:03 core.sweep_detector INFO: OrderBlocks: 8 detected, 3 unmitigated
14:28:03 core.sweep_detector INFO: FVGs: 8 detected, 4 unfilled
14:28:04 core.sweep_detector INFO: SweepDetector v2: 2 raw → 2 confirmed (vol≥2.5× body≥30%)
14:28:04 core.sweep_detector INFO: OrderBlocks: 5 detected, 1 unmitigated
14:28:04 core.sweep_detector INFO: FVGs: 8 detected, 3 unfilled
14:28:06 core.sweep_detector INFO: SweepDetector v2: 0 raw → 0 confirmed (vol≥2.5× body≥30%)
14:28:06 core.sweep_detector INFO: OrderBlocks: 5 detected, 2 unmitigated
14:28:06 core.sweep_detector INFO: FVGs: 9 detected, 4 unfilled
14:28:08 core.sweep_detector INFO: SweepDetector v2: 1 raw → 1 confirmed (vol≥2.5× body≥30%)
14:28:08 core.sweep_detector INFO: OrderBlocks: 1 detected, 1 unmitigated
14:28:08 core.sweep_detector INFO: FVGs: 9 detected, 2 unfilled
14:28:10 core.sweep_detector INFO: SweepDetector v2: 2 raw → 2 confirmed (vol≥2.5× body≥30%)
14:28:10 core.sweep_detector INFO: OrderBlocks: 4 detected, 2 unmitigated
14:28:10 core.sweep_detector INFO: FVGs: 8 detected, 2 unfilled
14:28:10 __main__ INFO: Pending signal #64: binance:VIRTUAL/USDT short entry=0.67395 current=0.6633 dist=1.61% expires=2h
14:28:11 alerts.telegram INFO: Alert sent: binance:VIRTUAL/USDT short RR=3.65
14:28:12 core.sweep_detector INFO: SweepDetector v2: 1 raw → 1 confirmed (vol≥2.5× body≥30%)
14:28:12 core.sweep_detector INFO: OrderBlocks: 6 detected, 4 unmitigated
14:28:12 core.sweep_detector INFO: FVGs: 8 detected, 3 unfilled
14:28:14 core.sweep_detector INFO: SweepDetector v2: 1 raw → 1 confirmed (vol≥2.5× body≥30%)
14:28:14 core.sweep_detector INFO: OrderBlocks: 2 detected, 1 unmitigated
14:28:14 core.sweep_detector INFO: FVGs: 11 detected, 1 unfilled
14:28:16 core.sweep_detector INFO: SweepDetector v2: 2 raw → 2 confirmed (vol≥2.5× body≥30%)
14:28:16 core.sweep_detector INFO: OrderBlocks: 4 detected, 1 unmitigated
14:28:16 core.sweep_detector INFO: FVGs: 7 detected, 3 unfilled
14:28:19 core.sweep_detector INFO: SweepDetector v2: 1 raw → 1 confirmed (vol≥2.5× body≥30%)
14:28:19 core.sweep_detector INFO: OrderBlocks: 2 detected, 1 unmitigated
14:28:19 core.sweep_detector INFO: FVGs: 8 detected, 4 unfilled
14:28:20 core.sweep_detector INFO: SweepDetector v2: 2 raw → 1 confirmed (vol≥2.5× body≥30%)
14:28:20 core.sweep_detector INFO: OrderBlocks: 1 detected, 0 unmitigated
14:28:20 core.sweep_detector INFO: FVGs: 6 detected, 0 unfilled
14:28:22 core.sweep_detector INFO: SweepDetector v2: 0 raw → 0 confirmed (vol≥2.5× body≥30%)
14:28:22 core.sweep_detector INFO: OrderBlocks: 2 detected, 0 unmitigated
14:28:22 core.sweep_detector INFO: FVGs: 1 detected, 0 unfilled
14:28:24 core.sweep_detector INFO: SweepDetector v2: 2 raw → 1 confirmed (vol≥2.5× body≥30%)
14:28:24 core.sweep_detector INFO: OrderBlocks: 6 detected, 4 unmitigated
14:28:24 core.sweep_detector INFO: FVGs: 13 detected, 6 unfilled
14:28:25 core.sweep_detector INFO: SweepDetector v2: 4 raw → 4 confirmed (vol≥2.5× body≥30%)
14:28:25 core.sweep_detector INFO: OrderBlocks: 2 detected, 1 unmitigated
14:28:25 core.sweep_detector INFO: FVGs: 6 detected, 3 unfilled
14:28:27 core.sweep_detector INFO: SweepDetector v2: 1 raw → 1 confirmed (vol≥2.5× body≥30%)
14:28:27 core.sweep_detector INFO: OrderBlocks: 5 detected, 2 unmitigated
14:28:27 core.sweep_detector INFO: FVGs: 7 detected, 1 unfilled
14:28:29 core.sweep_detector INFO: SweepDetector v2: 2 raw → 1 confirmed (vol≥2.5× body≥30%)
14:28:29 core.sweep_detector INFO: OrderBlocks: 5 detected, 1 unmitigated
14:28:29 core.sweep_detector INFO: FVGs: 5 detected, 1 unfilled
14:28:31 core.sweep_detector INFO: SweepDetector v2: 1 raw → 1 confirmed (vol≥2.5× body≥30%)
14:28:31 core.sweep_detector INFO: OrderBlocks: 4 detected, 0 unmitigated
14:28:31 core.sweep_detector INFO: FVGs: 9 detected, 0 unfilled
14:28:32 core.sweep_detector INFO: SweepDetector v2: 4 raw → 3 confirmed (vol≥2.5× body≥30%)
14:28:32 core.sweep_detector INFO: OrderBlocks: 6 detected, 1 unmitigated
14:28:32 core.sweep_detector INFO: FVGs: 10 detected, 0 unfilled
14:28:34 core.sweep_detector INFO: SweepDetector v2: 0 raw → 0 confirmed (vol≥2.5× body≥30%)
14:28:34 core.sweep_detector INFO: OrderBlocks: 1 detected, 0 unmitigated
14:28:34 core.sweep_detector INFO: FVGs: 4 detected, 0 unfilled
14:28:35 core.sweep_detector INFO: SweepDetector v2: 0 raw → 0 confirmed (vol≥2.5× body≥30%)
14:28:35 core.sweep_detector INFO: OrderBlocks: 6 detected, 2 unmitigated
14:28:35 core.sweep_detector INFO: FVGs: 6 detected, 3 unfilled
14:28:37 core.sweep_detector INFO: SweepDetector v2: 0 raw → 0 confirmed (vol≥2.5× body≥30%)
14:28:37 core.sweep_detector INFO: OrderBlocks: 7 detected, 2 unmitigated
14:28:37 core.sweep_detector INFO: FVGs: 8 detected, 5 unfilled
14:28:39 core.sweep_detector INFO: SweepDetector v2: 0 raw → 0 confirmed (vol≥2.5× body≥30%)
14:28:39 core.sweep_detector INFO: OrderBlocks: 8 detected, 3 unmitigated
14:28:39 core.sweep_detector INFO: FVGs: 11 detected, 3 unfilled
14:28:41 core.sweep_detector INFO: SweepDetector v2: 1 raw → 1 confirmed (vol≥2.5× body≥30%)
14:28:41 core.sweep_detector INFO: OrderBlocks: 3 detected, 1 unmitigated
14:28:41 core.sweep_detector INFO: FVGs: 9 detected, 3 unfilled
14:28:42 core.sweep_detector INFO: SweepDetector v2: 1 raw → 1 confirmed (vol≥2.5× body≥30%)
14:28:42 core.sweep_detector INFO: OrderBlocks: 7 detected, 2 unmitigated
14:28:42 core.sweep_detector INFO: FVGs: 9 detected, 4 unfilled
14:28:44 core.sweep_detector INFO: SweepDetector v2: 0 raw → 0 confirmed (vol≥2.5× body≥30%)
14:28:44 core.sweep_detector INFO: OrderBlocks: 10 detected, 3 unmitigated
14:28:44 core.sweep_detector INFO: FVGs: 10 detected, 3 unfilled
14:28:46 core.sweep_detector INFO: SweepDetector v2: 2 raw → 2 confirmed (vol≥2.5× body≥30%)
14:28:46 core.sweep_detector INFO: OrderBlocks: 2 detected, 1 unmitigated
14:28:46 core.sweep_detector INFO: FVGs: 12 detected, 3 unfilled
14:28:48 core.sweep_detector INFO: SweepDetector v2: 3 raw → 3 confirmed (vol≥2.5× body≥30%)
14:28:48 core.sweep_detector INFO: OrderBlocks: 1 detected, 0 unmitigated
14:28:48 core.sweep_detector INFO: FVGs: 14 detected, 3 unfilled
14:28:49 core.sweep_detector INFO: SweepDetector v2: 2 raw → 2 confirmed (vol≥2.5× body≥30%)
14:28:49 core.sweep_detector INFO: OrderBlocks: 7 detected, 3 unmitigated
14:28:49 core.sweep_detector INFO: FVGs: 8 detected, 3 unfilled
14:28:51 core.sweep_detector INFO: SweepDetector v2: 2 raw → 2 confirmed (vol≥2.5× body≥30%)
14:28:51 core.sweep_detector INFO: OrderBlocks: 4 detected, 1 unmitigated
14:28:51 core.sweep_detector INFO: FVGs: 5 detected, 0 unfilled
14:28:53 core.sweep_detector INFO: SweepDetector v2: 0 raw → 0 confirmed (vol≥2.5× body≥30%)
14:28:53 core.sweep_detector INFO: OrderBlocks: 6 detected, 2 unmitigated
14:28:53 core.sweep_detector INFO: FVGs: 7 detected, 0 unfilled
14:28:55 core.sweep_detector INFO: SweepDetector v2: 0 raw → 0 confirmed (vol≥2.5× body≥30%)
14:28:55 core.sweep_detector INFO: OrderBlocks: 0 detected, 0 unmitigated
14:28:55 core.sweep_detector INFO: FVGs: 0 detected, 0 unfilled
14:28:58 core.sweep_detector INFO: SweepDetector v2: 0 raw → 0 confirmed (vol≥2.5× body≥30%)
14:28:58 core.sweep_detector INFO: OrderBlocks: 5 detected, 0 unmitigated
14:28:58 core.sweep_detector INFO: FVGs: 0 detected, 0 unfilled
14:28:59 core.sweep_detector INFO: SweepDetector v2: 0 raw → 0 confirmed (vol≥2.5× body≥30%)
14:28:59 core.sweep_detector INFO: OrderBlocks: 0 detected, 0 unmitigated
14:28:59 core.sweep_detector INFO: FVGs: 0 detected, 0 unfilled
14:29:02 core.sweep_detector INFO: SweepDetector v2: 6 raw → 3 confirmed (vol≥2.5× body≥30%)
14:29:02 core.sweep_detector INFO: OrderBlocks: 9 detected, 3 unmitigated
14:29:02 core.sweep_detector INFO: FVGs: 10 detected, 3 unfilled
14:29:03 core.sweep_detector INFO: SweepDetector v2: 1 raw → 1 confirmed (vol≥2.5× body≥30%)
14:29:03 core.sweep_detector INFO: OrderBlocks: 5 detected, 1 unmitigated
14:29:03 core.sweep_detector INFO: FVGs: 11 detected, 2 unfilled
14:29:06 core.sweep_detector INFO: SweepDetector v2: 3 raw → 2 confirmed (vol≥2.5× body≥30%)
14:29:06 core.sweep_detector INFO: OrderBlocks: 9 detected, 4 unmitigated
14:29:06 core.sweep_detector INFO: FVGs: 10 detected, 2 unfilled
14:29:07 core.sweep_detector INFO: SweepDetector v2: 1 raw → 1 confirmed (vol≥2.5× body≥30%)
14:29:07 core.sweep_detector INFO: OrderBlocks: 7 detected, 2 unmitigated
14:29:07 core.sweep_detector INFO: FVGs: 7 detected, 2 unfilled
14:29:09 core.sweep_detector INFO: SweepDetector v2: 2 raw → 1 confirmed (vol≥2.5× body≥30%)
14:29:09 core.sweep_detector INFO: OrderBlocks: 1 detected, 0 unmitigated
14:29:09 core.sweep_detector INFO: FVGs: 12 detected, 4 unfilled
14:29:10 core.sweep_detector INFO: SweepDetector v2: 0 raw → 0 confirmed (vol≥2.5× body≥30%)
14:29:10 core.sweep_detector INFO: OrderBlocks: 6 detected, 1 unmitigated
14:29:10 core.sweep_detector INFO: FVGs: 7 detected, 3 unfilled
14:29:13 core.sweep_detector INFO: SweepDetector v2: 0 raw → 0 confirmed (vol≥2.5× body≥30%)
14:29:13 core.sweep_detector INFO: OrderBlocks: 7 detected, 3 unmitigated
14:29:13 core.sweep_detector INFO: FVGs: 9 detected, 2 unfilled
14:29:14 core.sweep_detector INFO: SweepDetector v2: 0 raw → 0 confirmed (vol≥2.5× body≥30%)
14:29:14 core.sweep_detector INFO: OrderBlocks: 10 detected, 0 unmitigated
14:29:14 core.sweep_detector INFO: FVGs: 6 detected, 0 unfilled
14:29:16 core.sweep_detector INFO: SweepDetector v2: 4 raw → 3 confirmed (vol≥2.5× body≥30%)
14:29:16 core.sweep_detector INFO: OrderBlocks: 5 detected, 2 unmitigated
14:29:16 core.sweep_detector INFO: FVGs: 3 detected, 2 unfilled
14:29:18 core.sweep_detector INFO: SweepDetector v2: 2 raw → 2 confirmed (vol≥2.5× body≥30%)
14:29:18 core.sweep_detector INFO: OrderBlocks: 5 detected, 1 unmitigated
14:29:18 core.sweep_detector INFO: FVGs: 5 detected, 3 unfilled
14:29:20 core.sweep_detector INFO: SweepDetector v2: 1 raw → 1 confirmed (vol≥2.5× body≥30%)
14:29:20 core.sweep_detector INFO: OrderBlocks: 3 detected, 1 unmitigated
14:29:20 core.sweep_detector INFO: FVGs: 4 detected, 1 unfilled
14:29:21 core.sweep_detector INFO: SweepDetector v2: 2 raw → 2 confirmed (vol≥2.5× body≥30%)
14:29:21 core.sweep_detector INFO: OrderBlocks: 3 detected, 0 unmitigated
14:29:21 core.sweep_detector INFO: FVGs: 3 detected, 0 unfilled
/root/.openclaw/workspace/projects/crypto-liquidity-hunter/main.py:555: DeprecationWarning: datetime.datetime.utcnow() is deprecated and scheduled for removal in a future version. Use timezone-aware objects to represent datetimes in UTC: datetime.datetime.now(datetime.UTC).
  scan_end     = datetime.utcnow()

=== SCAN ALL: 98 pairs, 3 timeframes ===
Total signals generated: 4
  binance:DOT/USDT 15m SHORT Entry=1.28 SL=1.29 TP=1.25 R:R=5.16
  binance:ICP/USDT 15m SHORT Entry=2.28 SL=2.29 TP=2.19 R:R=5.67
  binance:POL/USDT 1h SHORT Entry=0.09 SL=0.10 TP=0.09 R:R=4.45
  binance:VIRTUAL/USDT 15m SHORT Entry=0.67 SL=0.68 TP=0.66 R:R=3.65
