04:55:02 __main__ INFO: Volume filter: fetching all tickers in one call...
04:55:03 __main__ INFO: Volume filter: 97/447 pairs pass $2M threshold
/root/.openclaw/workspace/projects/crypto-liquidity-hunter/main.py:292: DeprecationWarning: datetime.datetime.utcnow() is deprecated and scheduled for removal in a future version. Use timezone-aware objects to represent datetimes in UTC: datetime.datetime.now(datetime.UTC).
  scan_start = datetime.utcnow()   # for duration tracking
04:55:04 core.binance_connector INFO: BinanceConnector: connected [LIVE FUTURES MAINNET]
04:55:04 __main__ INFO: Auto-executor: account 'Liquiddbot1' mode=live exec=auto
04:55:06 core.sweep_detector INFO: SweepDetector v2: 2 raw → 1 confirmed (vol≥2.5× body≥30%)
04:55:06 core.sweep_detector INFO: OrderBlocks: 6 detected, 0 unmitigated
04:55:06 core.sweep_detector INFO: FVGs: 11 detected, 0 unfilled
04:55:08 core.sweep_detector INFO: SweepDetector v2: 3 raw → 2 confirmed (vol≥2.5× body≥30%)
04:55:08 core.sweep_detector INFO: OrderBlocks: 4 detected, 1 unmitigated
04:55:08 core.sweep_detector INFO: FVGs: 5 detected, 2 unfilled
04:55:10 core.sweep_detector INFO: SweepDetector v2: 0 raw → 0 confirmed (vol≥2.5× body≥30%)
04:55:10 core.sweep_detector INFO: OrderBlocks: 4 detected, 0 unmitigated
04:55:10 core.sweep_detector INFO: FVGs: 8 detected, 3 unfilled
04:55:13 core.sweep_detector INFO: SweepDetector v2: 0 raw → 0 confirmed (vol≥2.5× body≥30%)
04:55:13 core.sweep_detector INFO: OrderBlocks: 9 detected, 4 unmitigated
04:55:13 core.sweep_detector INFO: FVGs: 11 detected, 6 unfilled
04:55:14 core.sweep_detector INFO: SweepDetector v2: 2 raw → 2 confirmed (vol≥2.5× body≥30%)
04:55:14 core.sweep_detector INFO: OrderBlocks: 4 detected, 3 unmitigated
04:55:14 core.sweep_detector INFO: FVGs: 10 detected, 2 unfilled
04:55:16 core.sweep_detector INFO: SweepDetector v2: 2 raw → 2 confirmed (vol≥2.5× body≥30%)
04:55:16 core.sweep_detector INFO: OrderBlocks: 3 detected, 0 unmitigated
04:55:16 core.sweep_detector INFO: FVGs: 7 detected, 2 unfilled
04:55:18 core.sweep_detector INFO: SweepDetector v2: 1 raw → 1 confirmed (vol≥2.5× body≥30%)
04:55:18 core.sweep_detector INFO: OrderBlocks: 9 detected, 2 unmitigated
04:55:18 core.sweep_detector INFO: FVGs: 10 detected, 4 unfilled
04:55:19 core.sweep_detector INFO: SweepDetector v2: 1 raw → 1 confirmed (vol≥2.5× body≥30%)
04:55:19 core.sweep_detector INFO: OrderBlocks: 4 detected, 2 unmitigated
04:55:19 core.sweep_detector INFO: FVGs: 8 detected, 2 unfilled
04:55:21 core.sweep_detector INFO: SweepDetector v2: 2 raw → 2 confirmed (vol≥2.5× body≥30%)
04:55:21 core.sweep_detector INFO: OrderBlocks: 8 detected, 1 unmitigated
04:55:21 core.sweep_detector INFO: FVGs: 9 detected, 3 unfilled
04:55:22 core.sweep_detector INFO: SweepDetector v2: 5 raw → 5 confirmed (vol≥2.5× body≥30%)
04:55:22 core.sweep_detector INFO: OrderBlocks: 4 detected, 0 unmitigated
04:55:22 core.sweep_detector INFO: FVGs: 9 detected, 1 unfilled
04:55:24 core.sweep_detector INFO: SweepDetector v2: 3 raw → 3 confirmed (vol≥2.5× body≥30%)
04:55:24 core.sweep_detector INFO: OrderBlocks: 4 detected, 2 unmitigated
04:55:24 core.sweep_detector INFO: FVGs: 8 detected, 2 unfilled
04:55:26 core.sweep_detector INFO: SweepDetector v2: 1 raw → 1 confirmed (vol≥2.5× body≥30%)
04:55:26 core.sweep_detector INFO: OrderBlocks: 5 detected, 1 unmitigated
04:55:26 core.sweep_detector INFO: FVGs: 4 detected, 1 unfilled
04:55:28 core.sweep_detector INFO: SweepDetector v2: 3 raw → 2 confirmed (vol≥2.5× body≥30%)
04:55:28 core.sweep_detector INFO: OrderBlocks: 7 detected, 0 unmitigated
04:55:28 core.sweep_detector INFO: FVGs: 8 detected, 0 unfilled
04:55:29 core.sweep_detector INFO: SweepDetector v2: 1 raw → 0 confirmed (vol≥2.5× body≥30%)
04:55:29 core.sweep_detector INFO: OrderBlocks: 5 detected, 2 unmitigated
04:55:29 core.sweep_detector INFO: FVGs: 10 detected, 0 unfilled
04:55:31 core.sweep_detector INFO: SweepDetector v2: 1 raw → 1 confirmed (vol≥2.5× body≥30%)
04:55:31 core.sweep_detector INFO: OrderBlocks: 6 detected, 0 unmitigated
04:55:31 core.sweep_detector INFO: FVGs: 12 detected, 2 unfilled
04:55:33 core.sweep_detector INFO: SweepDetector v2: 2 raw → 1 confirmed (vol≥2.5× body≥30%)
04:55:33 core.sweep_detector INFO: OrderBlocks: 6 detected, 2 unmitigated
04:55:33 core.sweep_detector INFO: FVGs: 9 detected, 4 unfilled
04:55:34 core.sweep_detector INFO: SweepDetector v2: 1 raw → 1 confirmed (vol≥2.5× body≥30%)
04:55:34 core.sweep_detector INFO: OrderBlocks: 2 detected, 0 unmitigated
04:55:34 core.sweep_detector INFO: FVGs: 9 detected, 1 unfilled
04:55:36 core.sweep_detector INFO: SweepDetector v2: 2 raw → 1 confirmed (vol≥2.5× body≥30%)
04:55:36 core.sweep_detector INFO: OrderBlocks: 2 detected, 1 unmitigated
04:55:36 core.sweep_detector INFO: FVGs: 10 detected, 2 unfilled
04:55:38 core.sweep_detector INFO: SweepDetector v2: 2 raw → 1 confirmed (vol≥2.5× body≥30%)
04:55:38 core.sweep_detector INFO: OrderBlocks: 5 detected, 1 unmitigated
04:55:38 core.sweep_detector INFO: FVGs: 11 detected, 4 unfilled
04:55:40 core.sweep_detector INFO: SweepDetector v2: 1 raw → 1 confirmed (vol≥2.5× body≥30%)
04:55:40 core.sweep_detector INFO: OrderBlocks: 6 detected, 2 unmitigated
04:55:40 core.sweep_detector INFO: FVGs: 11 detected, 3 unfilled
04:55:41 core.sweep_detector INFO: SweepDetector v2: 3 raw → 3 confirmed (vol≥2.5× body≥30%)
04:55:41 core.sweep_detector INFO: OrderBlocks: 1 detected, 0 unmitigated
04:55:41 core.sweep_detector INFO: FVGs: 11 detected, 3 unfilled
04:55:43 core.sweep_detector INFO: SweepDetector v2: 5 raw → 5 confirmed (vol≥2.5× body≥30%)
04:55:43 core.sweep_detector INFO: OrderBlocks: 1 detected, 0 unmitigated
04:55:43 core.sweep_detector INFO: FVGs: 3 detected, 1 unfilled
04:55:45 core.sweep_detector INFO: SweepDetector v2: 2 raw → 2 confirmed (vol≥2.5× body≥30%)
04:55:45 core.sweep_detector INFO: OrderBlocks: 3 detected, 2 unmitigated
04:55:45 core.sweep_detector INFO: FVGs: 6 detected, 2 unfilled
04:55:47 core.sweep_detector INFO: SweepDetector v2: 2 raw → 2 confirmed (vol≥2.5× body≥30%)
04:55:47 core.sweep_detector INFO: OrderBlocks: 4 detected, 1 unmitigated
04:55:47 core.sweep_detector INFO: FVGs: 7 detected, 2 unfilled
04:55:49 core.sweep_detector INFO: SweepDetector v2: 2 raw → 2 confirmed (vol≥2.5× body≥30%)
04:55:49 core.sweep_detector INFO: OrderBlocks: 4 detected, 2 unmitigated
04:55:49 core.sweep_detector INFO: FVGs: 13 detected, 6 unfilled
04:55:50 core.sweep_detector INFO: SweepDetector v2: 1 raw → 1 confirmed (vol≥2.5× body≥30%)
04:55:50 core.sweep_detector INFO: OrderBlocks: 5 detected, 3 unmitigated
04:55:50 core.sweep_detector INFO: FVGs: 10 detected, 3 unfilled
04:55:52 core.sweep_detector INFO: SweepDetector v2: 2 raw → 2 confirmed (vol≥2.5× body≥30%)
04:55:52 core.sweep_detector INFO: OrderBlocks: 3 detected, 0 unmitigated
04:55:52 core.sweep_detector INFO: FVGs: 6 detected, 2 unfilled
04:55:54 core.sweep_detector INFO: SweepDetector v2: 1 raw → 1 confirmed (vol≥2.5× body≥30%)
04:55:54 core.sweep_detector INFO: OrderBlocks: 5 detected, 0 unmitigated
04:55:54 core.sweep_detector INFO: FVGs: 7 detected, 0 unfilled
04:55:56 core.sweep_detector INFO: SweepDetector v2: 0 raw → 0 confirmed (vol≥2.5× body≥30%)
04:55:56 core.sweep_detector INFO: OrderBlocks: 5 detected, 2 unmitigated
04:55:56 core.sweep_detector INFO: FVGs: 10 detected, 3 unfilled
04:55:57 core.sweep_detector INFO: SweepDetector v2: 0 raw → 0 confirmed (vol≥2.5× body≥30%)
04:55:57 core.sweep_detector INFO: OrderBlocks: 6 detected, 3 unmitigated
04:55:57 core.sweep_detector INFO: FVGs: 8 detected, 4 unfilled
04:55:59 core.sweep_detector INFO: SweepDetector v2: 4 raw → 4 confirmed (vol≥2.5× body≥30%)
04:55:59 core.sweep_detector INFO: OrderBlocks: 2 detected, 2 unmitigated
04:55:59 core.sweep_detector INFO: FVGs: 12 detected, 4 unfilled
04:56:01 core.sweep_detector INFO: SweepDetector v2: 1 raw → 1 confirmed (vol≥2.5× body≥30%)
04:56:01 core.sweep_detector INFO: OrderBlocks: 6 detected, 2 unmitigated
04:56:01 core.sweep_detector INFO: FVGs: 12 detected, 2 unfilled
04:56:02 core.sweep_detector INFO: SweepDetector v2: 2 raw → 1 confirmed (vol≥2.5× body≥30%)
04:56:02 core.sweep_detector INFO: OrderBlocks: 3 detected, 0 unmitigated
04:56:02 core.sweep_detector INFO: FVGs: 8 detected, 2 unfilled
04:56:04 core.sweep_detector INFO: SweepDetector v2: 0 raw → 0 confirmed (vol≥2.5× body≥30%)
04:56:04 core.sweep_detector INFO: OrderBlocks: 4 detected, 2 unmitigated
04:56:04 core.sweep_detector INFO: FVGs: 7 detected, 2 unfilled
04:56:05 core.sweep_detector INFO: SweepDetector v2: 2 raw → 2 confirmed (vol≥2.5× body≥30%)
04:56:05 core.sweep_detector INFO: OrderBlocks: 5 detected, 3 unmitigated
04:56:05 core.sweep_detector INFO: FVGs: 7 detected, 3 unfilled
04:56:07 core.sweep_detector INFO: SweepDetector v2: 2 raw → 2 confirmed (vol≥2.5× body≥30%)
04:56:07 core.sweep_detector INFO: OrderBlocks: 5 detected, 0 unmitigated
04:56:07 core.sweep_detector INFO: FVGs: 5 detected, 0 unfilled
04:56:09 core.sweep_detector INFO: SweepDetector v2: 1 raw → 1 confirmed (vol≥2.5× body≥30%)
04:56:09 core.sweep_detector INFO: OrderBlocks: 7 detected, 4 unmitigated
04:56:09 core.sweep_detector INFO: FVGs: 10 detected, 4 unfilled
04:56:10 core.sweep_detector INFO: SweepDetector v2: 1 raw → 1 confirmed (vol≥2.5× body≥30%)
04:56:10 core.sweep_detector INFO: OrderBlocks: 7 detected, 1 unmitigated
04:56:10 core.sweep_detector INFO: FVGs: 5 detected, 0 unfilled
04:56:12 core.sweep_detector INFO: SweepDetector v2: 2 raw → 2 confirmed (vol≥2.5× body≥30%)
04:56:12 core.sweep_detector INFO: OrderBlocks: 6 detected, 1 unmitigated
04:56:12 core.sweep_detector INFO: FVGs: 5 detected, 1 unfilled
04:56:12 __main__ INFO: Pending signal #74: binance:BNB/USDT short entry=618.045 current=612.61 dist=0.89% expires=2h
04:56:23 alerts.telegram INFO: Alert sent: binance:BNB/USDT short RR=3.36
04:56:25 core.sweep_detector INFO: SweepDetector v2: 1 raw → 1 confirmed (vol≥2.5× body≥30%)
04:56:25 core.sweep_detector INFO: OrderBlocks: 6 detected, 1 unmitigated
04:56:25 core.sweep_detector INFO: FVGs: 7 detected, 2 unfilled
04:56:26 core.sweep_detector INFO: SweepDetector v2: 1 raw → 1 confirmed (vol≥2.5× body≥30%)
04:56:26 core.sweep_detector INFO: OrderBlocks: 2 detected, 1 unmitigated
04:56:26 core.sweep_detector INFO: FVGs: 10 detected, 2 unfilled
04:56:28 core.sweep_detector INFO: SweepDetector v2: 2 raw → 2 confirmed (vol≥2.5× body≥30%)
04:56:28 core.sweep_detector INFO: OrderBlocks: 3 detected, 0 unmitigated
04:56:28 core.sweep_detector INFO: FVGs: 8 detected, 1 unfilled
04:56:30 core.sweep_detector INFO: SweepDetector v2: 0 raw → 0 confirmed (vol≥2.5× body≥30%)
04:56:30 core.sweep_detector INFO: OrderBlocks: 6 detected, 2 unmitigated
04:56:30 core.sweep_detector INFO: FVGs: 9 detected, 2 unfilled
04:56:31 core.sweep_detector INFO: SweepDetector v2: 2 raw → 1 confirmed (vol≥2.5× body≥30%)
04:56:31 core.sweep_detector INFO: OrderBlocks: 5 detected, 1 unmitigated
04:56:31 core.sweep_detector INFO: FVGs: 9 detected, 2 unfilled
04:56:33 core.sweep_detector INFO: SweepDetector v2: 1 raw → 1 confirmed (vol≥2.5× body≥30%)
04:56:33 core.sweep_detector INFO: OrderBlocks: 3 detected, 1 unmitigated
04:56:33 core.sweep_detector INFO: FVGs: 6 detected, 4 unfilled
04:56:35 core.sweep_detector INFO: SweepDetector v2: 7 raw → 5 confirmed (vol≥2.5× body≥30%)
04:56:35 core.sweep_detector INFO: OrderBlocks: 3 detected, 2 unmitigated
04:56:35 core.sweep_detector INFO: FVGs: 10 detected, 5 unfilled
04:56:36 core.sweep_detector INFO: SweepDetector v2: 3 raw → 1 confirmed (vol≥2.5× body≥30%)
04:56:36 core.sweep_detector INFO: OrderBlocks: 5 detected, 4 unmitigated
04:56:36 core.sweep_detector INFO: FVGs: 10 detected, 3 unfilled
04:56:38 core.sweep_detector INFO: SweepDetector v2: 0 raw → 0 confirmed (vol≥2.5× body≥30%)
04:56:38 core.sweep_detector INFO: OrderBlocks: 5 detected, 1 unmitigated
04:56:38 core.sweep_detector INFO: FVGs: 13 detected, 4 unfilled
04:56:39 core.sweep_detector INFO: SweepDetector v2: 1 raw → 1 confirmed (vol≥2.5× body≥30%)
04:56:40 core.sweep_detector INFO: OrderBlocks: 7 detected, 3 unmitigated
04:56:40 core.sweep_detector INFO: FVGs: 12 detected, 2 unfilled
04:56:41 core.sweep_detector INFO: SweepDetector v2: 2 raw → 1 confirmed (vol≥2.5× body≥30%)
04:56:41 core.sweep_detector INFO: OrderBlocks: 8 detected, 2 unmitigated
04:56:41 core.sweep_detector INFO: FVGs: 7 detected, 3 unfilled
04:56:43 core.sweep_detector INFO: SweepDetector v2: 2 raw → 2 confirmed (vol≥2.5× body≥30%)
04:56:43 core.sweep_detector INFO: OrderBlocks: 1 detected, 1 unmitigated
04:56:43 core.sweep_detector INFO: FVGs: 8 detected, 5 unfilled
04:56:45 core.sweep_detector INFO: SweepDetector v2: 5 raw → 4 confirmed (vol≥2.5× body≥30%)
04:56:45 core.sweep_detector INFO: OrderBlocks: 8 detected, 2 unmitigated
04:56:45 core.sweep_detector INFO: FVGs: 11 detected, 1 unfilled
04:56:46 core.sweep_detector INFO: SweepDetector v2: 1 raw → 0 confirmed (vol≥2.5× body≥30%)
04:56:46 core.sweep_detector INFO: OrderBlocks: 7 detected, 1 unmitigated
04:56:46 core.sweep_detector INFO: FVGs: 16 detected, 2 unfilled
04:56:48 core.sweep_detector INFO: SweepDetector v2: 0 raw → 0 confirmed (vol≥2.5× body≥30%)
04:56:48 core.sweep_detector INFO: OrderBlocks: 3 detected, 2 unmitigated
04:56:48 core.sweep_detector INFO: FVGs: 5 detected, 3 unfilled
04:56:50 core.sweep_detector INFO: SweepDetector v2: 0 raw → 0 confirmed (vol≥2.5× body≥30%)
04:56:50 core.sweep_detector INFO: OrderBlocks: 6 detected, 3 unmitigated
04:56:50 core.sweep_detector INFO: FVGs: 5 detected, 4 unfilled
04:56:51 core.sweep_detector INFO: SweepDetector v2: 0 raw → 0 confirmed (vol≥2.5× body≥30%)
04:56:51 core.sweep_detector INFO: OrderBlocks: 8 detected, 4 unmitigated
04:56:51 core.sweep_detector INFO: FVGs: 4 detected, 4 unfilled
04:56:53 core.sweep_detector INFO: SweepDetector v2: 1 raw → 0 confirmed (vol≥2.5× body≥30%)
04:56:53 core.sweep_detector INFO: OrderBlocks: 6 detected, 2 unmitigated
04:56:53 core.sweep_detector INFO: FVGs: 7 detected, 2 unfilled
04:56:56 core.sweep_detector INFO: SweepDetector v2: 0 raw → 0 confirmed (vol≥2.5× body≥30%)
04:56:56 core.sweep_detector INFO: OrderBlocks: 5 detected, 2 unmitigated
04:56:56 core.sweep_detector INFO: FVGs: 11 detected, 7 unfilled
04:56:58 core.sweep_detector INFO: SweepDetector v2: 3 raw → 2 confirmed (vol≥2.5× body≥30%)
04:56:58 core.sweep_detector INFO: OrderBlocks: 6 detected, 2 unmitigated
04:56:58 core.sweep_detector INFO: FVGs: 10 detected, 3 unfilled
04:56:59 core.sweep_detector INFO: SweepDetector v2: 1 raw → 0 confirmed (vol≥2.5× body≥30%)
04:56:59 core.sweep_detector INFO: OrderBlocks: 8 detected, 3 unmitigated
04:56:59 core.sweep_detector INFO: FVGs: 6 detected, 0 unfilled
04:57:01 core.sweep_detector INFO: SweepDetector v2: 0 raw → 0 confirmed (vol≥2.5× body≥30%)
04:57:01 core.sweep_detector INFO: OrderBlocks: 8 detected, 2 unmitigated
04:57:01 core.sweep_detector INFO: FVGs: 13 detected, 2 unfilled
04:57:03 core.sweep_detector INFO: SweepDetector v2: 2 raw → 2 confirmed (vol≥2.5× body≥30%)
04:57:03 core.sweep_detector INFO: OrderBlocks: 6 detected, 2 unmitigated
04:57:03 core.sweep_detector INFO: FVGs: 11 detected, 2 unfilled
04:57:04 core.sweep_detector INFO: SweepDetector v2: 3 raw → 3 confirmed (vol≥2.5× body≥30%)
04:57:04 core.sweep_detector INFO: OrderBlocks: 5 detected, 0 unmitigated
04:57:04 core.sweep_detector INFO: FVGs: 8 detected, 3 unfilled
04:57:06 core.sweep_detector INFO: SweepDetector v2: 4 raw → 2 confirmed (vol≥2.5× body≥30%)
04:57:06 core.sweep_detector INFO: OrderBlocks: 5 detected, 2 unmitigated
04:57:06 core.sweep_detector INFO: FVGs: 9 detected, 2 unfilled
04:57:08 core.sweep_detector INFO: SweepDetector v2: 5 raw → 4 confirmed (vol≥2.5× body≥30%)
04:57:08 core.sweep_detector INFO: OrderBlocks: 5 detected, 2 unmitigated
04:57:08 core.sweep_detector INFO: FVGs: 8 detected, 3 unfilled
04:57:09 core.sweep_detector INFO: SweepDetector v2: 3 raw → 2 confirmed (vol≥2.5× body≥30%)
04:57:09 core.sweep_detector INFO: OrderBlocks: 6 detected, 3 unmitigated
04:57:09 core.sweep_detector INFO: FVGs: 11 detected, 1 unfilled
04:57:11 core.sweep_detector INFO: SweepDetector v2: 3 raw → 2 confirmed (vol≥2.5× body≥30%)
04:57:11 core.sweep_detector INFO: OrderBlocks: 6 detected, 2 unmitigated
04:57:11 core.sweep_detector INFO: FVGs: 4 detected, 1 unfilled
04:57:12 core.sweep_detector INFO: SweepDetector v2: 2 raw → 1 confirmed (vol≥2.5× body≥30%)
04:57:12 core.sweep_detector INFO: OrderBlocks: 5 detected, 1 unmitigated
04:57:12 core.sweep_detector INFO: FVGs: 11 detected, 2 unfilled
04:57:14 core.sweep_detector INFO: SweepDetector v2: 0 raw → 0 confirmed (vol≥2.5× body≥30%)
04:57:14 core.sweep_detector INFO: OrderBlocks: 7 detected, 4 unmitigated
04:57:14 core.sweep_detector INFO: FVGs: 14 detected, 7 unfilled
04:57:16 core.sweep_detector INFO: SweepDetector v2: 1 raw → 1 confirmed (vol≥2.5× body≥30%)
04:57:16 core.sweep_detector INFO: OrderBlocks: 9 detected, 1 unmitigated
04:57:16 core.sweep_detector INFO: FVGs: 7 detected, 1 unfilled
04:57:17 core.sweep_detector INFO: SweepDetector v2: 0 raw → 0 confirmed (vol≥2.5× body≥30%)
04:57:17 core.sweep_detector INFO: OrderBlocks: 8 detected, 2 unmitigated
04:57:17 core.sweep_detector INFO: FVGs: 10 detected, 3 unfilled
04:57:19 core.sweep_detector INFO: SweepDetector v2: 1 raw → 1 confirmed (vol≥2.5× body≥30%)
04:57:19 core.sweep_detector INFO: OrderBlocks: 3 detected, 1 unmitigated
04:57:19 core.sweep_detector INFO: FVGs: 5 detected, 1 unfilled
04:57:21 core.sweep_detector INFO: SweepDetector v2: 0 raw → 0 confirmed (vol≥2.5× body≥30%)
04:57:21 core.sweep_detector INFO: OrderBlocks: 8 detected, 2 unmitigated
04:57:21 core.sweep_detector INFO: FVGs: 11 detected, 1 unfilled
04:57:22 core.sweep_detector INFO: SweepDetector v2: 4 raw → 3 confirmed (vol≥2.5× body≥30%)
04:57:22 core.sweep_detector INFO: OrderBlocks: 3 detected, 1 unmitigated
04:57:22 core.sweep_detector INFO: FVGs: 9 detected, 1 unfilled
04:57:24 core.sweep_detector INFO: SweepDetector v2: 2 raw → 2 confirmed (vol≥2.5× body≥30%)
04:57:24 core.sweep_detector INFO: OrderBlocks: 4 detected, 0 unmitigated
04:57:24 core.sweep_detector INFO: FVGs: 7 detected, 1 unfilled
04:57:26 core.sweep_detector INFO: SweepDetector v2: 1 raw → 0 confirmed (vol≥2.5× body≥30%)
04:57:26 core.sweep_detector INFO: OrderBlocks: 5 detected, 2 unmitigated
04:57:26 core.sweep_detector INFO: FVGs: 8 detected, 2 unfilled
04:57:27 core.sweep_detector INFO: SweepDetector v2: 3 raw → 3 confirmed (vol≥2.5× body≥30%)
04:57:27 core.sweep_detector INFO: OrderBlocks: 3 detected, 0 unmitigated
04:57:27 core.sweep_detector INFO: FVGs: 7 detected, 0 unfilled
04:57:29 core.sweep_detector INFO: SweepDetector v2: 2 raw → 2 confirmed (vol≥2.5× body≥30%)
04:57:29 core.sweep_detector INFO: OrderBlocks: 5 detected, 0 unmitigated
04:57:29 core.sweep_detector INFO: FVGs: 7 detected, 0 unfilled
04:57:31 core.sweep_detector INFO: SweepDetector v2: 2 raw → 2 confirmed (vol≥2.5× body≥30%)
04:57:31 core.sweep_detector INFO: OrderBlocks: 10 detected, 4 unmitigated
04:57:31 core.sweep_detector INFO: FVGs: 15 detected, 5 unfilled
04:57:32 core.sweep_detector INFO: SweepDetector v2: 2 raw → 2 confirmed (vol≥2.5× body≥30%)
04:57:32 core.sweep_detector INFO: OrderBlocks: 8 detected, 2 unmitigated
04:57:32 core.sweep_detector INFO: FVGs: 17 detected, 5 unfilled
04:57:34 core.sweep_detector INFO: SweepDetector v2: 3 raw → 2 confirmed (vol≥2.5× body≥30%)
04:57:34 core.sweep_detector INFO: OrderBlocks: 7 detected, 3 unmitigated
04:57:34 core.sweep_detector INFO: FVGs: 12 detected, 3 unfilled
04:57:36 core.sweep_detector INFO: SweepDetector v2: 1 raw → 1 confirmed (vol≥2.5× body≥30%)
04:57:36 core.sweep_detector INFO: OrderBlocks: 5 detected, 3 unmitigated
04:57:36 core.sweep_detector INFO: FVGs: 10 detected, 3 unfilled
04:57:37 core.sweep_detector INFO: SweepDetector v2: 4 raw → 3 confirmed (vol≥2.5× body≥30%)
04:57:37 core.sweep_detector INFO: OrderBlocks: 8 detected, 0 unmitigated
04:57:37 core.sweep_detector INFO: FVGs: 7 detected, 0 unfilled
04:57:39 core.sweep_detector INFO: SweepDetector v2: 6 raw → 4 confirmed (vol≥2.5× body≥30%)
04:57:39 core.sweep_detector INFO: OrderBlocks: 5 detected, 3 unmitigated
04:57:39 core.sweep_detector INFO: FVGs: 9 detected, 2 unfilled
04:57:39 __main__ INFO: Pending signal #73: binance:ENA/USDT short entry=0.0935 current=0.0918 dist=1.85% expires=2h
04:57:40 alerts.telegram INFO: Alert sent: binance:ENA/USDT short RR=3.30
04:57:41 core.sweep_detector INFO: SweepDetector v2: 2 raw → 1 confirmed (vol≥2.5× body≥30%)
04:57:41 core.sweep_detector INFO: OrderBlocks: 5 detected, 1 unmitigated
04:57:41 core.sweep_detector INFO: FVGs: 9 detected, 4 unfilled
04:57:43 core.sweep_detector INFO: SweepDetector v2: 2 raw → 2 confirmed (vol≥2.5× body≥30%)
04:57:43 core.sweep_detector INFO: OrderBlocks: 4 detected, 2 unmitigated
04:57:43 core.sweep_detector INFO: FVGs: 12 detected, 3 unfilled
04:57:44 core.sweep_detector INFO: SweepDetector v2: 1 raw → 1 confirmed (vol≥2.5× body≥30%)
04:57:44 core.sweep_detector INFO: OrderBlocks: 7 detected, 1 unmitigated
04:57:44 core.sweep_detector INFO: FVGs: 11 detected, 3 unfilled
04:57:46 core.sweep_detector INFO: SweepDetector v2: 2 raw → 1 confirmed (vol≥2.5× body≥30%)
04:57:46 core.sweep_detector INFO: OrderBlocks: 6 detected, 2 unmitigated
04:57:46 core.sweep_detector INFO: FVGs: 11 detected, 5 unfilled
04:57:47 core.sweep_detector INFO: SweepDetector v2: 2 raw → 1 confirmed (vol≥2.5× body≥30%)
04:57:47 core.sweep_detector INFO: OrderBlocks: 6 detected, 3 unmitigated
04:57:47 core.sweep_detector INFO: FVGs: 9 detected, 2 unfilled
04:57:49 core.sweep_detector INFO: SweepDetector v2: 2 raw → 2 confirmed (vol≥2.5× body≥30%)
04:57:49 core.sweep_detector INFO: OrderBlocks: 7 detected, 1 unmitigated
04:57:49 core.sweep_detector INFO: FVGs: 8 detected, 2 unfilled
04:57:51 core.sweep_detector INFO: SweepDetector v2: 0 raw → 0 confirmed (vol≥2.5× body≥30%)
04:57:51 core.sweep_detector INFO: OrderBlocks: 2 detected, 2 unmitigated
04:57:51 core.sweep_detector INFO: FVGs: 11 detected, 5 unfilled
04:57:52 core.sweep_detector INFO: SweepDetector v2: 2 raw → 2 confirmed (vol≥2.5× body≥30%)
04:57:52 core.sweep_detector INFO: OrderBlocks: 2 detected, 1 unmitigated
04:57:52 core.sweep_detector INFO: FVGs: 7 detected, 2 unfilled
04:57:54 core.sweep_detector INFO: SweepDetector v2: 1 raw → 1 confirmed (vol≥2.5× body≥30%)
04:57:54 core.sweep_detector INFO: OrderBlocks: 6 detected, 3 unmitigated
04:57:54 core.sweep_detector INFO: FVGs: 10 detected, 4 unfilled
04:57:56 core.sweep_detector INFO: SweepDetector v2: 0 raw → 0 confirmed (vol≥2.5× body≥30%)
04:57:56 core.sweep_detector INFO: OrderBlocks: 5 detected, 0 unmitigated
04:57:56 core.sweep_detector INFO: FVGs: 1 detected, 0 unfilled
04:57:58 core.sweep_detector INFO: SweepDetector v2: 0 raw → 0 confirmed (vol≥2.5× body≥30%)
04:57:58 core.sweep_detector INFO: OrderBlocks: 6 detected, 3 unmitigated
04:57:58 core.sweep_detector INFO: FVGs: 2 detected, 2 unfilled
04:58:00 core.sweep_detector INFO: SweepDetector v2: 0 raw → 0 confirmed (vol≥2.5× body≥30%)
04:58:00 core.sweep_detector INFO: OrderBlocks: 2 detected, 1 unmitigated
04:58:00 core.sweep_detector INFO: FVGs: 0 detected, 0 unfilled
04:58:01 core.sweep_detector INFO: SweepDetector v2: 0 raw → 0 confirmed (vol≥2.5× body≥30%)
04:58:01 core.sweep_detector INFO: OrderBlocks: 0 detected, 0 unmitigated
04:58:01 core.sweep_detector INFO: FVGs: 0 detected, 0 unfilled
04:58:03 core.sweep_detector INFO: SweepDetector v2: 0 raw → 0 confirmed (vol≥2.5× body≥30%)
04:58:03 core.sweep_detector INFO: OrderBlocks: 0 detected, 0 unmitigated
04:58:03 core.sweep_detector INFO: FVGs: 0 detected, 0 unfilled
04:58:04 core.sweep_detector INFO: SweepDetector v2: 0 raw → 0 confirmed (vol≥2.5× body≥30%)
04:58:04 core.sweep_detector INFO: OrderBlocks: 0 detected, 0 unmitigated
04:58:04 core.sweep_detector INFO: FVGs: 0 detected, 0 unfilled
04:58:06 core.sweep_detector INFO: SweepDetector v2: 0 raw → 0 confirmed (vol≥2.5× body≥30%)
04:58:06 core.sweep_detector INFO: OrderBlocks: 6 detected, 1 unmitigated
04:58:06 core.sweep_detector INFO: FVGs: 14 detected, 3 unfilled
04:58:07 core.sweep_detector INFO: SweepDetector v2: 1 raw → 1 confirmed (vol≥2.5× body≥30%)
04:58:07 core.sweep_detector INFO: OrderBlocks: 5 detected, 2 unmitigated
04:58:07 core.sweep_detector INFO: FVGs: 11 detected, 2 unfilled
04:58:09 core.sweep_detector INFO: SweepDetector v2: 2 raw → 2 confirmed (vol≥2.5× body≥30%)
04:58:09 core.sweep_detector INFO: OrderBlocks: 5 detected, 2 unmitigated
04:58:09 core.sweep_detector INFO: FVGs: 4 detected, 1 unfilled
04:58:11 core.sweep_detector INFO: SweepDetector v2: 0 raw → 0 confirmed (vol≥2.5× body≥30%)
04:58:11 core.sweep_detector INFO: OrderBlocks: 7 detected, 2 unmitigated
04:58:11 core.sweep_detector INFO: FVGs: 12 detected, 5 unfilled
04:58:13 core.sweep_detector INFO: SweepDetector v2: 1 raw → 1 confirmed (vol≥2.5× body≥30%)
04:58:13 core.sweep_detector INFO: OrderBlocks: 2 detected, 0 unmitigated
04:58:13 core.sweep_detector INFO: FVGs: 13 detected, 2 unfilled
04:58:14 core.sweep_detector INFO: SweepDetector v2: 0 raw → 0 confirmed (vol≥2.5× body≥30%)
04:58:14 core.sweep_detector INFO: OrderBlocks: 3 detected, 0 unmitigated
04:58:14 core.sweep_detector INFO: FVGs: 12 detected, 2 unfilled
04:58:16 core.sweep_detector INFO: SweepDetector v2: 4 raw → 3 confirmed (vol≥2.5× body≥30%)
04:58:16 core.sweep_detector INFO: OrderBlocks: 8 detected, 3 unmitigated
04:58:16 core.sweep_detector INFO: FVGs: 9 detected, 1 unfilled
04:58:18 core.sweep_detector INFO: SweepDetector v2: 7 raw → 7 confirmed (vol≥2.5× body≥30%)
04:58:18 core.sweep_detector INFO: OrderBlocks: 9 detected, 3 unmitigated
04:58:18 core.sweep_detector INFO: FVGs: 11 detected, 2 unfilled
04:58:19 core.sweep_detector INFO: SweepDetector v2: 5 raw → 3 confirmed (vol≥2.5× body≥30%)
04:58:19 core.sweep_detector INFO: OrderBlocks: 7 detected, 2 unmitigated
04:58:19 core.sweep_detector INFO: FVGs: 8 detected, 6 unfilled
04:58:21 core.sweep_detector INFO: SweepDetector v2: 1 raw → 1 confirmed (vol≥2.5× body≥30%)
04:58:21 core.sweep_detector INFO: OrderBlocks: 8 detected, 3 unmitigated
04:58:21 core.sweep_detector INFO: FVGs: 9 detected, 2 unfilled
04:58:22 core.sweep_detector INFO: SweepDetector v2: 1 raw → 1 confirmed (vol≥2.5× body≥30%)
04:58:22 core.sweep_detector INFO: OrderBlocks: 4 detected, 1 unmitigated
04:58:22 core.sweep_detector INFO: FVGs: 9 detected, 2 unfilled
04:58:24 core.sweep_detector INFO: SweepDetector v2: 2 raw → 2 confirmed (vol≥2.5× body≥30%)
04:58:24 core.sweep_detector INFO: OrderBlocks: 5 detected, 2 unmitigated
04:58:24 core.sweep_detector INFO: FVGs: 8 detected, 2 unfilled
04:58:26 core.sweep_detector INFO: SweepDetector v2: 2 raw → 1 confirmed (vol≥2.5× body≥30%)
04:58:26 core.sweep_detector INFO: OrderBlocks: 8 detected, 3 unmitigated
04:58:26 core.sweep_detector INFO: FVGs: 14 detected, 3 unfilled
04:58:27 core.sweep_detector INFO: SweepDetector v2: 2 raw → 2 confirmed (vol≥2.5× body≥30%)
04:58:27 core.sweep_detector INFO: OrderBlocks: 5 detected, 3 unmitigated
04:58:27 core.sweep_detector INFO: FVGs: 13 detected, 5 unfilled
04:58:29 core.sweep_detector INFO: SweepDetector v2: 4 raw → 0 confirmed (vol≥2.5× body≥30%)
04:58:29 core.sweep_detector INFO: OrderBlocks: 3 detected, 2 unmitigated
04:58:29 core.sweep_detector INFO: FVGs: 14 detected, 7 unfilled
04:58:31 core.sweep_detector INFO: SweepDetector v2: 3 raw → 2 confirmed (vol≥2.5× body≥30%)
04:58:31 core.sweep_detector INFO: OrderBlocks: 6 detected, 2 unmitigated
04:58:31 core.sweep_detector INFO: FVGs: 13 detected, 2 unfilled
04:58:32 core.sweep_detector INFO: SweepDetector v2: 2 raw → 0 confirmed (vol≥2.5× body≥30%)
04:58:32 core.sweep_detector INFO: OrderBlocks: 7 detected, 2 unmitigated
04:58:32 core.sweep_detector INFO: FVGs: 15 detected, 4 unfilled
04:58:34 core.sweep_detector INFO: SweepDetector v2: 3 raw → 0 confirmed (vol≥2.5× body≥30%)
04:58:34 core.sweep_detector INFO: OrderBlocks: 5 detected, 1 unmitigated
04:58:34 core.sweep_detector INFO: FVGs: 7 detected, 2 unfilled
04:58:36 core.sweep_detector INFO: SweepDetector v2: 2 raw → 2 confirmed (vol≥2.5× body≥30%)
04:58:36 core.sweep_detector INFO: OrderBlocks: 8 detected, 1 unmitigated
04:58:36 core.sweep_detector INFO: FVGs: 8 detected, 3 unfilled
04:58:38 core.sweep_detector INFO: SweepDetector v2: 1 raw → 1 confirmed (vol≥2.5× body≥30%)
04:58:38 core.sweep_detector INFO: OrderBlocks: 2 detected, 0 unmitigated
04:58:38 core.sweep_detector INFO: FVGs: 12 detected, 3 unfilled
04:58:39 core.sweep_detector INFO: SweepDetector v2: 3 raw → 2 confirmed (vol≥2.5× body≥30%)
04:58:39 core.sweep_detector INFO: OrderBlocks: 6 detected, 1 unmitigated
04:58:39 core.sweep_detector INFO: FVGs: 8 detected, 0 unfilled
04:58:41 core.sweep_detector INFO: SweepDetector v2: 1 raw → 1 confirmed (vol≥2.5× body≥30%)
04:58:41 core.sweep_detector INFO: OrderBlocks: 7 detected, 2 unmitigated
04:58:41 core.sweep_detector INFO: FVGs: 9 detected, 3 unfilled
04:58:42 core.sweep_detector INFO: SweepDetector v2: 2 raw → 2 confirmed (vol≥2.5× body≥30%)
04:58:42 core.sweep_detector INFO: OrderBlocks: 4 detected, 2 unmitigated
04:58:42 core.sweep_detector INFO: FVGs: 12 detected, 2 unfilled
04:58:44 core.sweep_detector INFO: SweepDetector v2: 3 raw → 3 confirmed (vol≥2.5× body≥30%)
04:58:44 core.sweep_detector INFO: OrderBlocks: 3 detected, 0 unmitigated
04:58:44 core.sweep_detector INFO: FVGs: 9 detected, 2 unfilled
04:58:46 core.sweep_detector INFO: SweepDetector v2: 2 raw → 1 confirmed (vol≥2.5× body≥30%)
04:58:46 core.sweep_detector INFO: OrderBlocks: 2 detected, 0 unmitigated
04:58:46 core.sweep_detector INFO: FVGs: 8 detected, 0 unfilled
04:58:47 core.sweep_detector INFO: SweepDetector v2: 0 raw → 0 confirmed (vol≥2.5× body≥30%)
04:58:47 core.sweep_detector INFO: OrderBlocks: 9 detected, 3 unmitigated
04:58:47 core.sweep_detector INFO: FVGs: 12 detected, 3 unfilled
04:58:49 core.sweep_detector INFO: SweepDetector v2: 0 raw → 0 confirmed (vol≥2.5× body≥30%)
04:58:49 core.sweep_detector INFO: OrderBlocks: 9 detected, 4 unmitigated
04:58:49 core.sweep_detector INFO: FVGs: 11 detected, 2 unfilled
04:58:51 core.sweep_detector INFO: SweepDetector v2: 0 raw → 0 confirmed (vol≥2.5× body≥30%)
04:58:51 core.sweep_detector INFO: OrderBlocks: 2 detected, 0 unmitigated
04:58:51 core.sweep_detector INFO: FVGs: 11 detected, 3 unfilled
04:58:52 core.sweep_detector INFO: SweepDetector v2: 0 raw → 0 confirmed (vol≥2.5× body≥30%)
04:58:52 core.sweep_detector INFO: OrderBlocks: 2 detected, 1 unmitigated
04:58:52 core.sweep_detector INFO: FVGs: 5 detected, 3 unfilled
04:58:54 core.sweep_detector INFO: SweepDetector v2: 2 raw → 2 confirmed (vol≥2.5× body≥30%)
04:58:54 core.sweep_detector INFO: OrderBlocks: 5 detected, 0 unmitigated
04:58:54 core.sweep_detector INFO: FVGs: 9 detected, 3 unfilled
04:58:56 core.sweep_detector INFO: SweepDetector v2: 0 raw → 0 confirmed (vol≥2.5× body≥30%)
04:58:56 core.sweep_detector INFO: OrderBlocks: 7 detected, 4 unmitigated
04:58:56 core.sweep_detector INFO: FVGs: 13 detected, 7 unfilled
04:58:57 core.sweep_detector INFO: SweepDetector v2: 1 raw → 1 confirmed (vol≥2.5× body≥30%)
04:58:57 core.sweep_detector INFO: OrderBlocks: 4 detected, 0 unmitigated
04:58:57 core.sweep_detector INFO: FVGs: 12 detected, 3 unfilled
04:58:59 core.sweep_detector INFO: SweepDetector v2: 0 raw → 0 confirmed (vol≥2.5× body≥30%)
04:58:59 core.sweep_detector INFO: OrderBlocks: 5 detected, 3 unmitigated
04:58:59 core.sweep_detector INFO: FVGs: 14 detected, 7 unfilled
04:59:01 core.sweep_detector INFO: SweepDetector v2: 1 raw → 0 confirmed (vol≥2.5× body≥30%)
04:59:01 core.sweep_detector INFO: OrderBlocks: 10 detected, 5 unmitigated
04:59:01 core.sweep_detector INFO: FVGs: 9 detected, 2 unfilled
04:59:02 core.sweep_detector INFO: SweepDetector v2: 2 raw → 1 confirmed (vol≥2.5× body≥30%)
04:59:02 core.sweep_detector INFO: OrderBlocks: 3 detected, 2 unmitigated
04:59:02 core.sweep_detector INFO: FVGs: 9 detected, 4 unfilled
04:59:04 core.sweep_detector INFO: SweepDetector v2: 0 raw → 0 confirmed (vol≥2.5× body≥30%)
04:59:04 core.sweep_detector INFO: OrderBlocks: 3 detected, 2 unmitigated
04:59:04 core.sweep_detector INFO: FVGs: 10 detected, 4 unfilled
04:59:07 core.sweep_detector INFO: SweepDetector v2: 1 raw → 1 confirmed (vol≥2.5× body≥30%)
04:59:07 core.sweep_detector INFO: OrderBlocks: 5 detected, 3 unmitigated
04:59:07 core.sweep_detector INFO: FVGs: 11 detected, 4 unfilled
04:59:08 core.sweep_detector INFO: SweepDetector v2: 2 raw → 1 confirmed (vol≥2.5× body≥30%)
04:59:08 core.sweep_detector INFO: OrderBlocks: 7 detected, 3 unmitigated
04:59:08 core.sweep_detector INFO: FVGs: 8 detected, 2 unfilled
04:59:10 core.sweep_detector INFO: SweepDetector v2: 1 raw → 1 confirmed (vol≥2.5× body≥30%)
04:59:10 core.sweep_detector INFO: OrderBlocks: 1 detected, 0 unmitigated
04:59:10 core.sweep_detector INFO: FVGs: 4 detected, 1 unfilled
04:59:12 core.sweep_detector INFO: SweepDetector v2: 0 raw → 0 confirmed (vol≥2.5× body≥30%)
04:59:12 core.sweep_detector INFO: OrderBlocks: 5 detected, 2 unmitigated
04:59:12 core.sweep_detector INFO: FVGs: 3 detected, 2 unfilled
04:59:13 core.sweep_detector INFO: SweepDetector v2: 2 raw → 2 confirmed (vol≥2.5× body≥30%)
04:59:13 core.sweep_detector INFO: OrderBlocks: 8 detected, 1 unmitigated
04:59:13 core.sweep_detector INFO: FVGs: 9 detected, 0 unfilled
04:59:15 core.sweep_detector INFO: SweepDetector v2: 1 raw → 1 confirmed (vol≥2.5× body≥30%)
04:59:15 core.sweep_detector INFO: OrderBlocks: 4 detected, 1 unmitigated
04:59:15 core.sweep_detector INFO: FVGs: 4 detected, 1 unfilled
04:59:17 core.sweep_detector INFO: SweepDetector v2: 1 raw → 1 confirmed (vol≥2.5× body≥30%)
04:59:17 core.sweep_detector INFO: OrderBlocks: 9 detected, 0 unmitigated
04:59:17 core.sweep_detector INFO: FVGs: 8 detected, 3 unfilled
04:59:18 core.sweep_detector INFO: SweepDetector v2: 2 raw → 2 confirmed (vol≥2.5× body≥30%)
04:59:18 core.sweep_detector INFO: OrderBlocks: 6 detected, 2 unmitigated
04:59:18 core.sweep_detector INFO: FVGs: 10 detected, 2 unfilled
04:59:20 core.sweep_detector INFO: SweepDetector v2: 2 raw → 1 confirmed (vol≥2.5× body≥30%)
04:59:20 core.sweep_detector INFO: OrderBlocks: 4 detected, 2 unmitigated
04:59:20 core.sweep_detector INFO: FVGs: 7 detected, 3 unfilled
04:59:21 core.sweep_detector INFO: SweepDetector v2: 0 raw → 0 confirmed (vol≥2.5× body≥30%)
04:59:21 core.sweep_detector INFO: OrderBlocks: 5 detected, 3 unmitigated
04:59:21 core.sweep_detector INFO: FVGs: 16 detected, 3 unfilled
04:59:23 core.sweep_detector INFO: SweepDetector v2: 1 raw → 1 confirmed (vol≥2.5× body≥30%)
04:59:23 core.sweep_detector INFO: OrderBlocks: 6 detected, 1 unmitigated
04:59:23 core.sweep_detector INFO: FVGs: 13 detected, 5 unfilled
04:59:25 core.sweep_detector INFO: SweepDetector v2: 1 raw → 1 confirmed (vol≥2.5× body≥30%)
04:59:25 core.sweep_detector INFO: OrderBlocks: 3 detected, 0 unmitigated
04:59:25 core.sweep_detector INFO: FVGs: 11 detected, 4 unfilled
04:59:26 core.sweep_detector INFO: SweepDetector v2: 2 raw → 1 confirmed (vol≥2.5× body≥30%)
04:59:26 core.sweep_detector INFO: OrderBlocks: 10 detected, 4 unmitigated
04:59:26 core.sweep_detector INFO: FVGs: 12 detected, 1 unfilled
04:59:28 core.sweep_detector INFO: SweepDetector v2: 3 raw → 1 confirmed (vol≥2.5× body≥30%)
04:59:28 core.sweep_detector INFO: OrderBlocks: 0 detected, 0 unmitigated
04:59:28 core.sweep_detector INFO: FVGs: 9 detected, 3 unfilled
04:59:30 core.sweep_detector INFO: SweepDetector v2: 4 raw → 4 confirmed (vol≥2.5× body≥30%)
04:59:30 core.sweep_detector INFO: OrderBlocks: 3 detected, 0 unmitigated
04:59:30 core.sweep_detector INFO: FVGs: 3 detected, 1 unfilled
04:59:32 core.sweep_detector INFO: SweepDetector v2: 2 raw → 2 confirmed (vol≥2.5× body≥30%)
04:59:32 core.sweep_detector INFO: OrderBlocks: 14 detected, 0 unmitigated
04:59:32 core.sweep_detector INFO: FVGs: 15 detected, 1 unfilled
04:59:33 core.sweep_detector INFO: SweepDetector v2: 3 raw → 3 confirmed (vol≥2.5× body≥30%)
04:59:33 core.sweep_detector INFO: OrderBlocks: 6 detected, 1 unmitigated
04:59:33 core.sweep_detector INFO: FVGs: 10 detected, 3 unfilled
04:59:35 core.sweep_detector INFO: SweepDetector v2: 1 raw → 1 confirmed (vol≥2.5× body≥30%)
04:59:35 core.sweep_detector INFO: OrderBlocks: 10 detected, 3 unmitigated
04:59:35 core.sweep_detector INFO: FVGs: 11 detected, 2 unfilled
04:59:36 core.sweep_detector INFO: SweepDetector v2: 6 raw → 3 confirmed (vol≥2.5× body≥30%)
04:59:36 core.sweep_detector INFO: OrderBlocks: 7 detected, 5 unmitigated
04:59:36 core.sweep_detector INFO: FVGs: 13 detected, 7 unfilled
04:59:38 core.sweep_detector INFO: SweepDetector v2: 5 raw → 4 confirmed (vol≥2.5× body≥30%)
04:59:38 core.sweep_detector INFO: OrderBlocks: 6 detected, 3 unmitigated
04:59:38 core.sweep_detector INFO: FVGs: 9 detected, 3 unfilled
04:59:40 core.sweep_detector INFO: SweepDetector v2: 2 raw → 1 confirmed (vol≥2.5× body≥30%)
04:59:40 core.sweep_detector INFO: OrderBlocks: 4 detected, 2 unmitigated
04:59:40 core.sweep_detector INFO: FVGs: 11 detected, 2 unfilled
04:59:41 core.sweep_detector INFO: SweepDetector v2: 1 raw → 1 confirmed (vol≥2.5× body≥30%)
04:59:41 core.sweep_detector INFO: OrderBlocks: 4 detected, 1 unmitigated
04:59:41 core.sweep_detector INFO: FVGs: 8 detected, 3 unfilled
04:59:43 core.sweep_detector INFO: SweepDetector v2: 3 raw → 3 confirmed (vol≥2.5× body≥30%)
04:59:43 core.sweep_detector INFO: OrderBlocks: 9 detected, 3 unmitigated
04:59:43 core.sweep_detector INFO: FVGs: 9 detected, 2 unfilled
04:59:44 core.sweep_detector INFO: SweepDetector v2: 3 raw → 3 confirmed (vol≥2.5× body≥30%)
04:59:44 core.sweep_detector INFO: OrderBlocks: 7 detected, 1 unmitigated
04:59:44 core.sweep_detector INFO: FVGs: 6 detected, 2 unfilled
04:59:46 core.sweep_detector INFO: SweepDetector v2: 1 raw → 1 confirmed (vol≥2.5× body≥30%)
04:59:46 core.sweep_detector INFO: OrderBlocks: 5 detected, 2 unmitigated
04:59:46 core.sweep_detector INFO: FVGs: 13 detected, 6 unfilled
04:59:48 core.sweep_detector INFO: SweepDetector v2: 1 raw → 0 confirmed (vol≥2.5× body≥30%)
04:59:48 core.sweep_detector INFO: OrderBlocks: 6 detected, 2 unmitigated
04:59:48 core.sweep_detector INFO: FVGs: 10 detected, 4 unfilled
04:59:49 core.sweep_detector INFO: SweepDetector v2: 1 raw → 1 confirmed (vol≥2.5× body≥30%)
04:59:49 core.sweep_detector INFO: OrderBlocks: 6 detected, 2 unmitigated
04:59:49 core.sweep_detector INFO: FVGs: 13 detected, 2 unfilled
04:59:51 core.sweep_detector INFO: SweepDetector v2: 3 raw → 2 confirmed (vol≥2.5× body≥30%)
04:59:51 core.sweep_detector INFO: OrderBlocks: 4 detected, 0 unmitigated
04:59:51 core.sweep_detector INFO: FVGs: 7 detected, 1 unfilled
04:59:53 core.sweep_detector INFO: SweepDetector v2: 2 raw → 2 confirmed (vol≥2.5× body≥30%)
04:59:53 core.sweep_detector INFO: OrderBlocks: 8 detected, 2 unmitigated
04:59:53 core.sweep_detector INFO: FVGs: 10 detected, 2 unfilled
04:59:58 core.sweep_detector INFO: SweepDetector v2: 1 raw → 1 confirmed (vol≥2.5× body≥30%)
04:59:58 core.sweep_detector INFO: OrderBlocks: 8 detected, 4 unmitigated
04:59:58 core.sweep_detector INFO: FVGs: 5 detected, 2 unfilled
05:00:01 core.sweep_detector INFO: SweepDetector v2: 0 raw → 0 confirmed (vol≥2.5× body≥30%)
05:00:01 core.sweep_detector INFO: OrderBlocks: 7 detected, 3 unmitigated
05:00:01 core.sweep_detector INFO: FVGs: 10 detected, 3 unfilled
05:00:03 core.sweep_detector INFO: SweepDetector v2: 4 raw → 3 confirmed (vol≥2.5× body≥30%)
05:00:03 core.sweep_detector INFO: OrderBlocks: 6 detected, 1 unmitigated
05:00:03 core.sweep_detector INFO: FVGs: 13 detected, 4 unfilled
05:00:05 core.sweep_detector INFO: SweepDetector v2: 3 raw → 3 confirmed (vol≥2.5× body≥30%)
05:00:05 core.sweep_detector INFO: OrderBlocks: 3 detected, 0 unmitigated
05:00:05 core.sweep_detector INFO: FVGs: 7 detected, 1 unfilled
05:00:08 core.sweep_detector INFO: SweepDetector v2: 1 raw → 1 confirmed (vol≥2.5× body≥30%)
05:00:08 core.sweep_detector INFO: OrderBlocks: 5 detected, 1 unmitigated
05:00:08 core.sweep_detector INFO: FVGs: 5 detected, 1 unfilled
05:00:09 core.sweep_detector INFO: SweepDetector v2: 3 raw → 3 confirmed (vol≥2.5× body≥30%)
05:00:09 core.sweep_detector INFO: OrderBlocks: 4 detected, 0 unmitigated
05:00:09 core.sweep_detector INFO: FVGs: 4 detected, 0 unfilled
05:00:11 core.sweep_detector INFO: SweepDetector v2: 2 raw → 2 confirmed (vol≥2.5× body≥30%)
05:00:11 core.sweep_detector INFO: OrderBlocks: 1 detected, 0 unmitigated
05:00:11 core.sweep_detector INFO: FVGs: 2 detected, 1 unfilled
05:00:13 core.sweep_detector INFO: SweepDetector v2: 4 raw → 2 confirmed (vol≥2.5× body≥30%)
05:00:13 core.sweep_detector INFO: OrderBlocks: 3 detected, 1 unmitigated
05:00:13 core.sweep_detector INFO: FVGs: 9 detected, 2 unfilled
05:00:15 core.sweep_detector INFO: SweepDetector v2: 4 raw → 3 confirmed (vol≥2.5× body≥30%)
05:00:15 core.sweep_detector INFO: OrderBlocks: 7 detected, 1 unmitigated
05:00:15 core.sweep_detector INFO: FVGs: 12 detected, 2 unfilled
05:00:16 core.sweep_detector INFO: SweepDetector v2: 2 raw → 2 confirmed (vol≥2.5× body≥30%)
05:00:16 core.sweep_detector INFO: OrderBlocks: 4 detected, 0 unmitigated
05:00:16 core.sweep_detector INFO: FVGs: 13 detected, 2 unfilled
05:00:18 core.sweep_detector INFO: SweepDetector v2: 2 raw → 2 confirmed (vol≥2.5× body≥30%)
05:00:18 core.sweep_detector INFO: OrderBlocks: 10 detected, 2 unmitigated
05:00:18 core.sweep_detector INFO: FVGs: 12 detected, 3 unfilled
05:00:20 core.sweep_detector INFO: SweepDetector v2: 4 raw → 3 confirmed (vol≥2.5× body≥30%)
05:00:20 core.sweep_detector INFO: OrderBlocks: 7 detected, 3 unmitigated
05:00:20 core.sweep_detector INFO: FVGs: 13 detected, 4 unfilled
05:00:21 core.sweep_detector INFO: SweepDetector v2: 2 raw → 1 confirmed (vol≥2.5× body≥30%)
05:00:21 core.sweep_detector INFO: OrderBlocks: 3 detected, 1 unmitigated
05:00:21 core.sweep_detector INFO: FVGs: 7 detected, 3 unfilled
05:00:23 core.sweep_detector INFO: SweepDetector v2: 1 raw → 0 confirmed (vol≥2.5× body≥30%)
05:00:23 core.sweep_detector INFO: OrderBlocks: 4 detected, 1 unmitigated
05:00:23 core.sweep_detector INFO: FVGs: 5 detected, 2 unfilled
05:00:25 core.sweep_detector INFO: SweepDetector v2: 4 raw → 4 confirmed (vol≥2.5× body≥30%)
05:00:25 core.sweep_detector INFO: OrderBlocks: 5 detected, 1 unmitigated
05:00:25 core.sweep_detector INFO: FVGs: 9 detected, 2 unfilled
05:00:27 core.sweep_detector INFO: SweepDetector v2: 1 raw → 1 confirmed (vol≥2.5× body≥30%)
05:00:27 core.sweep_detector INFO: OrderBlocks: 6 detected, 1 unmitigated
05:00:27 core.sweep_detector INFO: FVGs: 12 detected, 3 unfilled
05:00:29 core.sweep_detector INFO: SweepDetector v2: 2 raw → 2 confirmed (vol≥2.5× body≥30%)
05:00:29 core.sweep_detector INFO: OrderBlocks: 8 detected, 2 unmitigated
05:00:29 core.sweep_detector INFO: FVGs: 9 detected, 1 unfilled
05:00:31 core.sweep_detector INFO: SweepDetector v2: 2 raw → 1 confirmed (vol≥2.5× body≥30%)
05:00:31 core.sweep_detector INFO: OrderBlocks: 4 detected, 1 unmitigated
05:00:31 core.sweep_detector INFO: FVGs: 9 detected, 4 unfilled
05:00:33 core.sweep_detector INFO: SweepDetector v2: 1 raw → 1 confirmed (vol≥2.5× body≥30%)
05:00:33 core.sweep_detector INFO: OrderBlocks: 5 detected, 1 unmitigated
05:00:33 core.sweep_detector INFO: FVGs: 9 detected, 0 unfilled
05:00:34 core.sweep_detector INFO: SweepDetector v2: 0 raw → 0 confirmed (vol≥2.5× body≥30%)
05:00:34 core.sweep_detector INFO: OrderBlocks: 1 detected, 0 unmitigated
05:00:34 core.sweep_detector INFO: FVGs: 0 detected, 0 unfilled
05:00:36 core.sweep_detector INFO: SweepDetector v2: 0 raw → 0 confirmed (vol≥2.5× body≥30%)
05:00:36 core.sweep_detector INFO: OrderBlocks: 0 detected, 0 unmitigated
05:00:36 core.sweep_detector INFO: FVGs: 0 detected, 0 unfilled
05:00:38 core.sweep_detector INFO: SweepDetector v2: 0 raw → 0 confirmed (vol≥2.5× body≥30%)
05:00:38 core.sweep_detector INFO: OrderBlocks: 0 detected, 0 unmitigated
05:00:38 core.sweep_detector INFO: FVGs: 0 detected, 0 unfilled
05:00:39 core.sweep_detector INFO: SweepDetector v2: 2 raw → 2 confirmed (vol≥2.5× body≥30%)
05:00:39 core.sweep_detector INFO: OrderBlocks: 5 detected, 2 unmitigated
05:00:39 core.sweep_detector INFO: FVGs: 5 detected, 1 unfilled
05:00:41 core.sweep_detector INFO: SweepDetector v2: 2 raw → 2 confirmed (vol≥2.5× body≥30%)
05:00:41 core.sweep_detector INFO: OrderBlocks: 3 detected, 0 unmitigated
05:00:41 core.sweep_detector INFO: FVGs: 6 detected, 2 unfilled
05:00:43 core.sweep_detector INFO: SweepDetector v2: 2 raw → 2 confirmed (vol≥2.5× body≥30%)
05:00:43 core.sweep_detector INFO: OrderBlocks: 4 detected, 0 unmitigated
05:00:43 core.sweep_detector INFO: FVGs: 8 detected, 0 unfilled
05:00:44 core.sweep_detector INFO: SweepDetector v2: 0 raw → 0 confirmed (vol≥2.5× body≥30%)
05:00:44 core.sweep_detector INFO: OrderBlocks: 3 detected, 2 unmitigated
05:00:44 core.sweep_detector INFO: FVGs: 12 detected, 7 unfilled
05:00:46 core.sweep_detector INFO: SweepDetector v2: 0 raw → 0 confirmed (vol≥2.5× body≥30%)
05:00:46 core.sweep_detector INFO: OrderBlocks: 2 detected, 0 unmitigated
05:00:46 core.sweep_detector INFO: FVGs: 9 detected, 0 unfilled
05:00:48 core.sweep_detector INFO: SweepDetector v2: 3 raw → 3 confirmed (vol≥2.5× body≥30%)
05:00:48 core.sweep_detector INFO: OrderBlocks: 3 detected, 0 unmitigated
05:00:48 core.sweep_detector INFO: FVGs: 10 detected, 1 unfilled
05:00:48 __main__ INFO: Pending signal #72: binance:SEI/USDT short entry=0.0524 current=0.0517 dist=1.35% expires=2h
05:00:48 alerts.telegram INFO: Alert suppressed (binance:SEI/USDT short): conf 0.70 < threshold 0.80
05:00:50 core.sweep_detector INFO: SweepDetector v2: 5 raw → 3 confirmed (vol≥2.5× body≥30%)
05:00:50 core.sweep_detector INFO: OrderBlocks: 5 detected, 2 unmitigated
05:00:50 core.sweep_detector INFO: FVGs: 9 detected, 3 unfilled
05:00:51 core.sweep_detector INFO: SweepDetector v2: 2 raw → 2 confirmed (vol≥2.5× body≥30%)
05:00:51 core.sweep_detector INFO: OrderBlocks: 3 detected, 2 unmitigated
05:00:51 core.sweep_detector INFO: FVGs: 9 detected, 3 unfilled
05:00:54 core.sweep_detector INFO: SweepDetector v2: 4 raw → 4 confirmed (vol≥2.5× body≥30%)
05:00:54 core.sweep_detector INFO: OrderBlocks: 4 detected, 1 unmitigated
05:00:54 core.sweep_detector INFO: FVGs: 8 detected, 2 unfilled
05:00:56 core.sweep_detector INFO: SweepDetector v2: 0 raw → 0 confirmed (vol≥2.5× body≥30%)
05:00:56 core.sweep_detector INFO: OrderBlocks: 7 detected, 3 unmitigated
05:00:56 core.sweep_detector INFO: FVGs: 8 detected, 1 unfilled
05:00:57 core.sweep_detector INFO: SweepDetector v2: 3 raw → 3 confirmed (vol≥2.5× body≥30%)
05:00:57 core.sweep_detector INFO: OrderBlocks: 3 detected, 3 unmitigated
05:00:57 core.sweep_detector INFO: FVGs: 9 detected, 4 unfilled
05:00:59 core.sweep_detector INFO: SweepDetector v2: 2 raw → 1 confirmed (vol≥2.5× body≥30%)
05:00:59 core.sweep_detector INFO: OrderBlocks: 3 detected, 2 unmitigated
05:00:59 core.sweep_detector INFO: FVGs: 6 detected, 2 unfilled
05:01:01 core.sweep_detector INFO: SweepDetector v2: 1 raw → 1 confirmed (vol≥2.5× body≥30%)
05:01:01 core.sweep_detector INFO: OrderBlocks: 4 detected, 2 unmitigated
05:01:01 core.sweep_detector INFO: FVGs: 11 detected, 8 unfilled
05:01:03 core.sweep_detector INFO: SweepDetector v2: 1 raw → 1 confirmed (vol≥2.5× body≥30%)
05:01:03 core.sweep_detector INFO: OrderBlocks: 3 detected, 2 unmitigated
05:01:03 core.sweep_detector INFO: FVGs: 2 detected, 1 unfilled
05:01:05 core.sweep_detector INFO: SweepDetector v2: 2 raw → 2 confirmed (vol≥2.5× body≥30%)
05:01:05 core.sweep_detector INFO: OrderBlocks: 8 detected, 0 unmitigated
05:01:05 core.sweep_detector INFO: FVGs: 9 detected, 1 unfilled
05:01:06 core.sweep_detector INFO: SweepDetector v2: 2 raw → 2 confirmed (vol≥2.5× body≥30%)
05:01:06 core.sweep_detector INFO: OrderBlocks: 7 detected, 3 unmitigated
05:01:06 core.sweep_detector INFO: FVGs: 9 detected, 2 unfilled
05:01:08 core.sweep_detector INFO: SweepDetector v2: 3 raw → 0 confirmed (vol≥2.5× body≥30%)
05:01:08 core.sweep_detector INFO: OrderBlocks: 7 detected, 2 unmitigated
05:01:08 core.sweep_detector INFO: FVGs: 8 detected, 3 unfilled
05:01:09 core.sweep_detector INFO: SweepDetector v2: 1 raw → 0 confirmed (vol≥2.5× body≥30%)
05:01:10 core.sweep_detector INFO: OrderBlocks: 8 detected, 6 unmitigated
05:01:10 core.sweep_detector INFO: FVGs: 10 detected, 3 unfilled
05:01:12 core.sweep_detector INFO: SweepDetector v2: 1 raw → 0 confirmed (vol≥2.5× body≥30%)
05:01:12 core.sweep_detector INFO: OrderBlocks: 8 detected, 1 unmitigated
05:01:12 core.sweep_detector INFO: FVGs: 8 detected, 3 unfilled
05:01:13 core.sweep_detector INFO: SweepDetector v2: 4 raw → 1 confirmed (vol≥2.5× body≥30%)
05:01:13 core.sweep_detector INFO: OrderBlocks: 5 detected, 1 unmitigated
05:01:13 core.sweep_detector INFO: FVGs: 6 detected, 2 unfilled
05:01:15 core.sweep_detector INFO: SweepDetector v2: 2 raw → 2 confirmed (vol≥2.5× body≥30%)
05:01:15 core.sweep_detector INFO: OrderBlocks: 5 detected, 0 unmitigated
05:01:15 core.sweep_detector INFO: FVGs: 6 detected, 1 unfilled
05:01:16 core.sweep_detector INFO: SweepDetector v2: 2 raw → 0 confirmed (vol≥2.5× body≥30%)
05:01:16 core.sweep_detector INFO: OrderBlocks: 6 detected, 2 unmitigated
05:01:16 core.sweep_detector INFO: FVGs: 12 detected, 5 unfilled
05:01:18 core.sweep_detector INFO: SweepDetector v2: 4 raw → 3 confirmed (vol≥2.5× body≥30%)
05:01:18 core.sweep_detector INFO: OrderBlocks: 2 detected, 2 unmitigated
05:01:18 core.sweep_detector INFO: FVGs: 3 detected, 1 unfilled
05:01:20 core.sweep_detector INFO: SweepDetector v2: 1 raw → 1 confirmed (vol≥2.5× body≥30%)
05:01:20 core.sweep_detector INFO: OrderBlocks: 3 detected, 0 unmitigated
05:01:20 core.sweep_detector INFO: FVGs: 8 detected, 1 unfilled
05:01:22 core.sweep_detector INFO: SweepDetector v2: 7 raw → 5 confirmed (vol≥2.5× body≥30%)
05:01:22 core.sweep_detector INFO: OrderBlocks: 5 detected, 5 unmitigated
05:01:22 core.sweep_detector INFO: FVGs: 13 detected, 9 unfilled
05:01:24 core.sweep_detector INFO: SweepDetector v2: 2 raw → 1 confirmed (vol≥2.5× body≥30%)
05:01:24 core.sweep_detector INFO: OrderBlocks: 3 detected, 2 unmitigated
05:01:24 core.sweep_detector INFO: FVGs: 7 detected, 2 unfilled
05:01:26 core.sweep_detector INFO: SweepDetector v2: 4 raw → 4 confirmed (vol≥2.5× body≥30%)
05:01:26 core.sweep_detector INFO: OrderBlocks: 4 detected, 2 unmitigated
05:01:26 core.sweep_detector INFO: FVGs: 7 detected, 5 unfilled
05:01:30 core.sweep_detector INFO: SweepDetector v2: 0 raw → 0 confirmed (vol≥2.5× body≥30%)
05:01:30 core.sweep_detector INFO: OrderBlocks: 8 detected, 4 unmitigated
05:01:30 core.sweep_detector INFO: FVGs: 13 detected, 4 unfilled
05:01:32 core.sweep_detector INFO: SweepDetector v2: 3 raw → 2 confirmed (vol≥2.5× body≥30%)
05:01:32 core.sweep_detector INFO: OrderBlocks: 5 detected, 2 unmitigated
05:01:32 core.sweep_detector INFO: FVGs: 11 detected, 2 unfilled
05:01:35 core.sweep_detector INFO: SweepDetector v2: 3 raw → 2 confirmed (vol≥2.5× body≥30%)
05:01:35 core.sweep_detector INFO: OrderBlocks: 4 detected, 0 unmitigated
05:01:35 core.sweep_detector INFO: FVGs: 8 detected, 2 unfilled
05:01:37 core.sweep_detector INFO: SweepDetector v2: 3 raw → 3 confirmed (vol≥2.5× body≥30%)
05:01:37 core.sweep_detector INFO: OrderBlocks: 2 detected, 0 unmitigated
05:01:37 core.sweep_detector INFO: FVGs: 5 detected, 1 unfilled
05:01:39 core.sweep_detector INFO: SweepDetector v2: 3 raw → 2 confirmed (vol≥2.5× body≥30%)
05:01:39 core.sweep_detector INFO: OrderBlocks: 5 detected, 2 unmitigated
05:01:39 core.sweep_detector INFO: FVGs: 11 detected, 3 unfilled
05:01:41 core.sweep_detector INFO: SweepDetector v2: 1 raw → 1 confirmed (vol≥2.5× body≥30%)
05:01:41 core.sweep_detector INFO: OrderBlocks: 8 detected, 1 unmitigated
05:01:41 core.sweep_detector INFO: FVGs: 8 detected, 0 unfilled
05:01:43 core.sweep_detector INFO: SweepDetector v2: 3 raw → 2 confirmed (vol≥2.5× body≥30%)
05:01:43 core.sweep_detector INFO: OrderBlocks: 3 detected, 3 unmitigated
05:01:43 core.sweep_detector INFO: FVGs: 13 detected, 8 unfilled
05:01:45 core.sweep_detector INFO: SweepDetector v2: 2 raw → 2 confirmed (vol≥2.5× body≥30%)
05:01:45 core.sweep_detector INFO: OrderBlocks: 4 detected, 1 unmitigated
05:01:45 core.sweep_detector INFO: FVGs: 7 detected, 3 unfilled
05:01:47 core.sweep_detector INFO: SweepDetector v2: 2 raw → 1 confirmed (vol≥2.5× body≥30%)
05:01:47 core.sweep_detector INFO: OrderBlocks: 4 detected, 2 unmitigated
05:01:47 core.sweep_detector INFO: FVGs: 6 detected, 3 unfilled
05:01:49 core.sweep_detector INFO: SweepDetector v2: 1 raw → 0 confirmed (vol≥2.5× body≥30%)
05:01:49 core.sweep_detector INFO: OrderBlocks: 4 detected, 0 unmitigated
05:01:49 core.sweep_detector INFO: FVGs: 15 detected, 5 unfilled
05:01:51 core.sweep_detector INFO: SweepDetector v2: 0 raw → 0 confirmed (vol≥2.5× body≥30%)
05:01:51 core.sweep_detector INFO: OrderBlocks: 7 detected, 1 unmitigated
05:01:51 core.sweep_detector INFO: FVGs: 5 detected, 1 unfilled
05:01:53 core.sweep_detector INFO: SweepDetector v2: 2 raw → 2 confirmed (vol≥2.5× body≥30%)
05:01:53 core.sweep_detector INFO: OrderBlocks: 7 detected, 4 unmitigated
05:01:53 core.sweep_detector INFO: FVGs: 5 detected, 2 unfilled
05:01:55 core.sweep_detector INFO: SweepDetector v2: 1 raw → 0 confirmed (vol≥2.5× body≥30%)
05:01:55 core.sweep_detector INFO: OrderBlocks: 7 detected, 4 unmitigated
05:01:55 core.sweep_detector INFO: FVGs: 10 detected, 6 unfilled
05:01:57 core.sweep_detector INFO: SweepDetector v2: 2 raw → 2 confirmed (vol≥2.5× body≥30%)
05:01:57 core.sweep_detector INFO: OrderBlocks: 5 detected, 3 unmitigated
05:01:57 core.sweep_detector INFO: FVGs: 14 detected, 4 unfilled
05:01:59 core.sweep_detector INFO: SweepDetector v2: 4 raw → 3 confirmed (vol≥2.5× body≥30%)
05:01:59 core.sweep_detector INFO: OrderBlocks: 7 detected, 2 unmitigated
05:01:59 core.sweep_detector INFO: FVGs: 10 detected, 4 unfilled
05:02:02 core.sweep_detector INFO: SweepDetector v2: 0 raw → 0 confirmed (vol≥2.5× body≥30%)
05:02:02 core.sweep_detector INFO: OrderBlocks: 9 detected, 2 unmitigated
05:02:02 core.sweep_detector INFO: FVGs: 9 detected, 2 unfilled
05:02:04 core.sweep_detector INFO: SweepDetector v2: 1 raw → 1 confirmed (vol≥2.5× body≥30%)
05:02:04 core.sweep_detector INFO: OrderBlocks: 5 detected, 2 unmitigated
05:02:04 core.sweep_detector INFO: FVGs: 6 detected, 2 unfilled
05:02:06 core.sweep_detector INFO: SweepDetector v2: 1 raw → 1 confirmed (vol≥2.5× body≥30%)
05:02:06 core.sweep_detector INFO: OrderBlocks: 4 detected, 2 unmitigated
05:02:06 core.sweep_detector INFO: FVGs: 2 detected, 0 unfilled
05:02:08 core.sweep_detector INFO: SweepDetector v2: 0 raw → 0 confirmed (vol≥2.5× body≥30%)
05:02:08 core.sweep_detector INFO: OrderBlocks: 0 detected, 0 unmitigated
05:02:08 core.sweep_detector INFO: FVGs: 0 detected, 0 unfilled
05:02:10 core.sweep_detector INFO: SweepDetector v2: 0 raw → 0 confirmed (vol≥2.5× body≥30%)
05:02:10 core.sweep_detector INFO: OrderBlocks: 1 detected, 0 unmitigated
05:02:10 core.sweep_detector INFO: FVGs: 0 detected, 0 unfilled
05:02:12 core.sweep_detector INFO: SweepDetector v2: 0 raw → 0 confirmed (vol≥2.5× body≥30%)
05:02:12 core.sweep_detector INFO: OrderBlocks: 1 detected, 0 unmitigated
05:02:12 core.sweep_detector INFO: FVGs: 0 detected, 0 unfilled
05:02:15 core.sweep_detector INFO: SweepDetector v2: 1 raw → 1 confirmed (vol≥2.5× body≥30%)
05:02:15 core.sweep_detector INFO: OrderBlocks: 6 detected, 1 unmitigated
05:02:15 core.sweep_detector INFO: FVGs: 9 detected, 4 unfilled
05:02:16 core.sweep_detector INFO: SweepDetector v2: 2 raw → 2 confirmed (vol≥2.5× body≥30%)
05:02:16 core.sweep_detector INFO: OrderBlocks: 6 detected, 2 unmitigated
05:02:16 core.sweep_detector INFO: FVGs: 10 detected, 5 unfilled
05:02:18 core.sweep_detector INFO: SweepDetector v2: 2 raw → 2 confirmed (vol≥2.5× body≥30%)
05:02:18 core.sweep_detector INFO: OrderBlocks: 5 detected, 2 unmitigated
05:02:18 core.sweep_detector INFO: FVGs: 6 detected, 2 unfilled
05:02:20 core.sweep_detector INFO: SweepDetector v2: 1 raw → 1 confirmed (vol≥2.5× body≥30%)
05:02:20 core.sweep_detector INFO: OrderBlocks: 2 detected, 0 unmitigated
05:02:20 core.sweep_detector INFO: FVGs: 0 detected, 0 unfilled
05:02:21 core.sweep_detector INFO: SweepDetector v2: 0 raw → 0 confirmed (vol≥2.5× body≥30%)
05:02:21 core.sweep_detector INFO: OrderBlocks: 2 detected, 0 unmitigated
05:02:21 core.sweep_detector INFO: FVGs: 0 detected, 0 unfilled
05:02:23 core.sweep_detector INFO: SweepDetector v2: 0 raw → 0 confirmed (vol≥2.5× body≥30%)
05:02:23 core.sweep_detector INFO: OrderBlocks: 1 detected, 0 unmitigated
05:02:23 core.sweep_detector INFO: FVGs: 0 detected, 0 unfilled
05:02:25 core.sweep_detector INFO: SweepDetector v2: 0 raw → 0 confirmed (vol≥2.5× body≥30%)
05:02:25 core.sweep_detector INFO: OrderBlocks: 3 detected, 0 unmitigated
05:02:25 core.sweep_detector INFO: FVGs: 0 detected, 0 unfilled
05:02:26 core.sweep_detector INFO: SweepDetector v2: 0 raw → 0 confirmed (vol≥2.5× body≥30%)
05:02:26 core.sweep_detector INFO: OrderBlocks: 1 detected, 0 unmitigated
05:02:26 core.sweep_detector INFO: FVGs: 0 detected, 0 unfilled
05:02:28 core.sweep_detector INFO: SweepDetector v2: 0 raw → 0 confirmed (vol≥2.5× body≥30%)
05:02:28 core.sweep_detector INFO: OrderBlocks: 0 detected, 0 unmitigated
05:02:28 core.sweep_detector INFO: FVGs: 0 detected, 0 unfilled
05:02:30 core.sweep_detector INFO: SweepDetector v2: 0 raw → 0 confirmed (vol≥2.5× body≥30%)
05:02:30 core.sweep_detector INFO: OrderBlocks: 1 detected, 0 unmitigated
05:02:30 core.sweep_detector INFO: FVGs: 0 detected, 0 unfilled
05:02:32 core.sweep_detector INFO: SweepDetector v2: 0 raw → 0 confirmed (vol≥2.5× body≥30%)
05:02:32 core.sweep_detector INFO: OrderBlocks: 0 detected, 0 unmitigated
05:02:32 core.sweep_detector INFO: FVGs: 0 detected, 0 unfilled
05:02:34 core.sweep_detector INFO: SweepDetector v2: 0 raw → 0 confirmed (vol≥2.5× body≥30%)
05:02:34 core.sweep_detector INFO: OrderBlocks: 2 detected, 2 unmitigated
05:02:34 core.sweep_detector INFO: FVGs: 0 detected, 0 unfilled
05:02:36 core.sweep_detector INFO: SweepDetector v2: 3 raw → 3 confirmed (vol≥2.5× body≥30%)
05:02:36 core.sweep_detector INFO: OrderBlocks: 5 detected, 1 unmitigated
05:02:36 core.sweep_detector INFO: FVGs: 10 detected, 3 unfilled
05:02:37 core.sweep_detector INFO: SweepDetector v2: 5 raw → 4 confirmed (vol≥2.5× body≥30%)
05:02:37 core.sweep_detector INFO: OrderBlocks: 7 detected, 3 unmitigated
05:02:37 core.sweep_detector INFO: FVGs: 9 detected, 5 unfilled
05:02:39 core.sweep_detector INFO: SweepDetector v2: 1 raw → 1 confirmed (vol≥2.5× body≥30%)
05:02:39 core.sweep_detector INFO: OrderBlocks: 4 detected, 2 unmitigated
05:02:39 core.sweep_detector INFO: FVGs: 4 detected, 2 unfilled
05:02:41 core.sweep_detector INFO: SweepDetector v2: 0 raw → 0 confirmed (vol≥2.5× body≥30%)
05:02:41 core.sweep_detector INFO: OrderBlocks: 6 detected, 1 unmitigated
05:02:41 core.sweep_detector INFO: FVGs: 11 detected, 4 unfilled
05:02:43 core.sweep_detector INFO: SweepDetector v2: 1 raw → 1 confirmed (vol≥2.5× body≥30%)
05:02:43 core.sweep_detector INFO: OrderBlocks: 3 detected, 1 unmitigated
05:02:43 core.sweep_detector INFO: FVGs: 10 detected, 3 unfilled
05:02:45 core.sweep_detector INFO: SweepDetector v2: 3 raw → 3 confirmed (vol≥2.5× body≥30%)
05:02:45 core.sweep_detector INFO: OrderBlocks: 5 detected, 1 unmitigated
05:02:45 core.sweep_detector INFO: FVGs: 8 detected, 1 unfilled
05:02:47 core.sweep_detector INFO: SweepDetector v2: 1 raw → 1 confirmed (vol≥2.5× body≥30%)
05:02:47 core.sweep_detector INFO: OrderBlocks: 7 detected, 1 unmitigated
05:02:47 core.sweep_detector INFO: FVGs: 10 detected, 2 unfilled
05:02:48 core.sweep_detector INFO: SweepDetector v2: 1 raw → 1 confirmed (vol≥2.5× body≥30%)
05:02:48 core.sweep_detector INFO: OrderBlocks: 3 detected, 1 unmitigated
05:02:48 core.sweep_detector INFO: FVGs: 10 detected, 3 unfilled
05:02:50 core.sweep_detector INFO: SweepDetector v2: 2 raw → 2 confirmed (vol≥2.5× body≥30%)
05:02:50 core.sweep_detector INFO: OrderBlocks: 5 detected, 1 unmitigated
05:02:50 core.sweep_detector INFO: FVGs: 9 detected, 5 unfilled
05:02:52 core.sweep_detector INFO: SweepDetector v2: 1 raw → 1 confirmed (vol≥2.5× body≥30%)
05:02:52 core.sweep_detector INFO: OrderBlocks: 2 detected, 1 unmitigated
05:02:52 core.sweep_detector INFO: FVGs: 8 detected, 3 unfilled
05:02:53 core.sweep_detector INFO: SweepDetector v2: 2 raw → 1 confirmed (vol≥2.5× body≥30%)
05:02:53 core.sweep_detector INFO: OrderBlocks: 2 detected, 0 unmitigated
05:02:53 core.sweep_detector INFO: FVGs: 7 detected, 1 unfilled
05:02:55 core.sweep_detector INFO: SweepDetector v2: 0 raw → 0 confirmed (vol≥2.5× body≥30%)
05:02:55 core.sweep_detector INFO: OrderBlocks: 2 detected, 0 unmitigated
05:02:55 core.sweep_detector INFO: FVGs: 3 detected, 1 unfilled
05:02:59 core.sweep_detector INFO: SweepDetector v2: 2 raw → 1 confirmed (vol≥2.5× body≥30%)
05:02:59 core.sweep_detector INFO: OrderBlocks: 6 detected, 4 unmitigated
05:02:59 core.sweep_detector INFO: FVGs: 13 detected, 6 unfilled
05:03:00 core.sweep_detector INFO: SweepDetector v2: 4 raw → 4 confirmed (vol≥2.5× body≥30%)
05:03:00 core.sweep_detector INFO: OrderBlocks: 3 detected, 0 unmitigated
05:03:00 core.sweep_detector INFO: FVGs: 6 detected, 1 unfilled
05:03:02 core.sweep_detector INFO: SweepDetector v2: 1 raw → 1 confirmed (vol≥2.5× body≥30%)
05:03:02 core.sweep_detector INFO: OrderBlocks: 6 detected, 2 unmitigated
05:03:02 core.sweep_detector INFO: FVGs: 11 detected, 3 unfilled
05:03:04 core.sweep_detector INFO: SweepDetector v2: 2 raw → 1 confirmed (vol≥2.5× body≥30%)
05:03:04 core.sweep_detector INFO: OrderBlocks: 5 detected, 1 unmitigated
05:03:04 core.sweep_detector INFO: FVGs: 6 detected, 2 unfilled
05:03:05 core.sweep_detector INFO: SweepDetector v2: 1 raw → 1 confirmed (vol≥2.5× body≥30%)
05:03:05 core.sweep_detector INFO: OrderBlocks: 5 detected, 1 unmitigated
05:03:05 core.sweep_detector INFO: FVGs: 8 detected, 1 unfilled
05:03:07 core.sweep_detector INFO: SweepDetector v2: 3 raw → 2 confirmed (vol≥2.5× body≥30%)
05:03:07 core.sweep_detector INFO: OrderBlocks: 5 detected, 1 unmitigated
05:03:07 core.sweep_detector INFO: FVGs: 7 detected, 2 unfilled
05:03:09 core.sweep_detector INFO: SweepDetector v2: 0 raw → 0 confirmed (vol≥2.5× body≥30%)
05:03:09 core.sweep_detector INFO: OrderBlocks: 1 detected, 0 unmitigated
05:03:09 core.sweep_detector INFO: FVGs: 5 detected, 1 unfilled
05:03:10 core.sweep_detector INFO: SweepDetector v2: 0 raw → 0 confirmed (vol≥2.5× body≥30%)
05:03:10 core.sweep_detector INFO: OrderBlocks: 7 detected, 2 unmitigated
05:03:10 core.sweep_detector INFO: FVGs: 9 detected, 3 unfilled
05:03:12 core.sweep_detector INFO: SweepDetector v2: 1 raw → 1 confirmed (vol≥2.5× body≥30%)
05:03:12 core.sweep_detector INFO: OrderBlocks: 6 detected, 2 unmitigated
05:03:12 core.sweep_detector INFO: FVGs: 5 detected, 1 unfilled
05:03:14 core.sweep_detector INFO: SweepDetector v2: 0 raw → 0 confirmed (vol≥2.5× body≥30%)
05:03:14 core.sweep_detector INFO: OrderBlocks: 8 detected, 1 unmitigated
05:03:14 core.sweep_detector INFO: FVGs: 10 detected, 2 unfilled
05:03:15 core.sweep_detector INFO: SweepDetector v2: 1 raw → 1 confirmed (vol≥2.5× body≥30%)
05:03:15 core.sweep_detector INFO: OrderBlocks: 6 detected, 1 unmitigated
05:03:15 core.sweep_detector INFO: FVGs: 10 detected, 2 unfilled
05:03:17 core.sweep_detector INFO: SweepDetector v2: 2 raw → 1 confirmed (vol≥2.5× body≥30%)
05:03:17 core.sweep_detector INFO: OrderBlocks: 5 detected, 1 unmitigated
05:03:17 core.sweep_detector INFO: FVGs: 8 detected, 2 unfilled
05:03:19 core.sweep_detector INFO: SweepDetector v2: 0 raw → 0 confirmed (vol≥2.5× body≥30%)
05:03:19 core.sweep_detector INFO: OrderBlocks: 9 detected, 1 unmitigated
05:03:19 core.sweep_detector INFO: FVGs: 10 detected, 2 unfilled
05:03:21 core.sweep_detector INFO: SweepDetector v2: 2 raw → 2 confirmed (vol≥2.5× body≥30%)
05:03:21 core.sweep_detector INFO: OrderBlocks: 5 detected, 1 unmitigated
05:03:21 core.sweep_detector INFO: FVGs: 11 detected, 1 unfilled
05:03:22 core.sweep_detector INFO: SweepDetector v2: 4 raw → 4 confirmed (vol≥2.5× body≥30%)
05:03:22 core.sweep_detector INFO: OrderBlocks: 5 detected, 2 unmitigated
05:03:22 core.sweep_detector INFO: FVGs: 14 detected, 5 unfilled
05:03:24 core.sweep_detector INFO: SweepDetector v2: 2 raw → 2 confirmed (vol≥2.5× body≥30%)
05:03:24 core.sweep_detector INFO: OrderBlocks: 8 detected, 1 unmitigated
05:03:24 core.sweep_detector INFO: FVGs: 8 detected, 2 unfilled
05:03:27 core.sweep_detector INFO: SweepDetector v2: 2 raw → 2 confirmed (vol≥2.5× body≥30%)
05:03:27 core.sweep_detector INFO: OrderBlocks: 5 detected, 0 unmitigated
05:03:27 core.sweep_detector INFO: FVGs: 7 detected, 2 unfilled
05:03:29 core.sweep_detector INFO: SweepDetector v2: 1 raw → 1 confirmed (vol≥2.5× body≥30%)
05:03:29 core.sweep_detector INFO: OrderBlocks: 4 detected, 0 unmitigated
05:03:29 core.sweep_detector INFO: FVGs: 7 detected, 2 unfilled
05:03:32 core.sweep_detector INFO: SweepDetector v2: 0 raw → 0 confirmed (vol≥2.5× body≥30%)
05:03:32 core.sweep_detector INFO: OrderBlocks: 1 detected, 0 unmitigated
05:03:32 core.sweep_detector INFO: FVGs: 0 detected, 0 unfilled
05:03:34 core.sweep_detector INFO: SweepDetector v2: 0 raw → 0 confirmed (vol≥2.5× body≥30%)
05:03:34 core.sweep_detector INFO: OrderBlocks: 4 detected, 0 unmitigated
05:03:34 core.sweep_detector INFO: FVGs: 0 detected, 0 unfilled
05:03:36 core.sweep_detector INFO: SweepDetector v2: 0 raw → 0 confirmed (vol≥2.5× body≥30%)
05:03:36 core.sweep_detector INFO: OrderBlocks: 0 detected, 0 unmitigated
05:03:36 core.sweep_detector INFO: FVGs: 0 detected, 0 unfilled
05:03:39 core.sweep_detector INFO: SweepDetector v2: 6 raw → 3 confirmed (vol≥2.5× body≥30%)
05:03:39 core.sweep_detector INFO: OrderBlocks: 7 detected, 3 unmitigated
05:03:39 core.sweep_detector INFO: FVGs: 11 detected, 3 unfilled
05:03:40 core.sweep_detector INFO: SweepDetector v2: 1 raw → 1 confirmed (vol≥2.5× body≥30%)
05:03:40 core.sweep_detector INFO: OrderBlocks: 6 detected, 3 unmitigated
05:03:40 core.sweep_detector INFO: FVGs: 12 detected, 3 unfilled
05:03:42 core.sweep_detector INFO: SweepDetector v2: 2 raw → 1 confirmed (vol≥2.5× body≥30%)
05:03:42 core.sweep_detector INFO: OrderBlocks: 2 detected, 1 unmitigated
05:03:42 core.sweep_detector INFO: FVGs: 9 detected, 2 unfilled
05:03:45 core.sweep_detector INFO: SweepDetector v2: 1 raw → 1 confirmed (vol≥2.5× body≥30%)
05:03:45 core.sweep_detector INFO: OrderBlocks: 7 detected, 2 unmitigated
05:03:45 core.sweep_detector INFO: FVGs: 7 detected, 1 unfilled
05:03:47 core.sweep_detector INFO: SweepDetector v2: 3 raw → 2 confirmed (vol≥2.5× body≥30%)
05:03:47 core.sweep_detector INFO: OrderBlocks: 3 detected, 1 unmitigated
05:03:47 core.sweep_detector INFO: FVGs: 11 detected, 4 unfilled
05:03:50 core.sweep_detector INFO: SweepDetector v2: 1 raw → 1 confirmed (vol≥2.5× body≥30%)
05:03:50 core.sweep_detector INFO: OrderBlocks: 5 detected, 0 unmitigated
05:03:50 core.sweep_detector INFO: FVGs: 7 detected, 1 unfilled
05:03:52 core.sweep_detector INFO: SweepDetector v2: 0 raw → 0 confirmed (vol≥2.5× body≥30%)
05:03:52 core.sweep_detector INFO: OrderBlocks: 7 detected, 4 unmitigated
05:03:52 core.sweep_detector INFO: FVGs: 11 detected, 4 unfilled
05:03:54 core.sweep_detector INFO: SweepDetector v2: 0 raw → 0 confirmed (vol≥2.5× body≥30%)
05:03:54 core.sweep_detector INFO: OrderBlocks: 10 detected, 3 unmitigated
05:03:54 core.sweep_detector INFO: FVGs: 9 detected, 4 unfilled
05:03:59 core.sweep_detector INFO: SweepDetector v2: 4 raw → 3 confirmed (vol≥2.5× body≥30%)
05:03:59 core.sweep_detector INFO: OrderBlocks: 7 detected, 3 unmitigated
05:03:59 core.sweep_detector INFO: FVGs: 11 detected, 5 unfilled
05:04:01 core.sweep_detector INFO: SweepDetector v2: 2 raw → 2 confirmed (vol≥2.5× body≥30%)
05:04:01 core.sweep_detector INFO: OrderBlocks: 4 detected, 1 unmitigated
05:04:01 core.sweep_detector INFO: FVGs: 5 detected, 3 unfilled
05:04:03 core.sweep_detector INFO: SweepDetector v2: 1 raw → 1 confirmed (vol≥2.5× body≥30%)
05:04:03 core.sweep_detector INFO: OrderBlocks: 4 detected, 1 unmitigated
05:04:03 core.sweep_detector INFO: FVGs: 8 detected, 3 unfilled
05:04:05 core.sweep_detector INFO: SweepDetector v2: 2 raw → 2 confirmed (vol≥2.5× body≥30%)
05:04:05 core.sweep_detector INFO: OrderBlocks: 4 detected, 2 unmitigated
05:04:05 core.sweep_detector INFO: FVGs: 10 detected, 2 unfilled
/root/.openclaw/workspace/projects/crypto-liquidity-hunter/main.py:555: DeprecationWarning: datetime.datetime.utcnow() is deprecated and scheduled for removal in a future version. Use timezone-aware objects to represent datetimes in UTC: datetime.datetime.now(datetime.UTC).
  scan_end     = datetime.utcnow()

=== SCAN ALL: 97 pairs, 3 timeframes ===
Total signals generated: 3
  binance:BNB/USDT 15m SHORT Entry=618.04 SL=621.00 TP=608.11 R:R=3.36
  binance:ENA/USDT 15m SHORT Entry=0.09 SL=0.09 TP=0.09 R:R=3.30
  binance:SEI/USDT 15m SHORT Entry=0.05 SL=0.05 TP=0.05 R:R=3.70
