11:30:02 __main__ INFO: Volume filter: fetching all tickers in one call...
11:30:03 __main__ INFO: Volume filter: 139/447 pairs pass $1M threshold
/root/.openclaw/workspace/projects/crypto-liquidity-hunter/main.py:292: DeprecationWarning: datetime.datetime.utcnow() is deprecated and scheduled for removal in a future version. Use timezone-aware objects to represent datetimes in UTC: datetime.datetime.now(datetime.UTC).
  scan_start = datetime.utcnow()   # for duration tracking
11:30:04 core.binance_connector INFO: BinanceConnector: connected [LIVE FUTURES]
11:30:04 __main__ INFO: Auto-executor: account 'Liquiddbot1' mode=live exec=auto
11:30:06 core.sweep_detector INFO: SweepDetector v2: 3 raw → 2 confirmed (vol≥1.5× body≥40%)
11:30:06 core.sweep_detector INFO: OrderBlocks: 8 detected, 0 unmitigated
11:30:06 core.sweep_detector INFO: FVGs: 12 detected, 2 unfilled
11:30:07 core.sweep_detector INFO: SweepDetector v2: 7 raw → 6 confirmed (vol≥1.5× body≥40%)
11:30:07 core.sweep_detector INFO: OrderBlocks: 3 detected, 2 unmitigated
11:30:07 core.sweep_detector INFO: FVGs: 14 detected, 6 unfilled
11:30:09 core.sweep_detector INFO: SweepDetector v2: 3 raw → 2 confirmed (vol≥1.5× body≥40%)
11:30:09 core.sweep_detector INFO: OrderBlocks: 3 detected, 2 unmitigated
11:30:09 core.sweep_detector INFO: FVGs: 6 detected, 2 unfilled
11:30:11 core.sweep_detector INFO: SweepDetector v2: 3 raw → 2 confirmed (vol≥1.5× body≥40%)
11:30:11 core.sweep_detector INFO: OrderBlocks: 3 detected, 2 unmitigated
11:30:11 core.sweep_detector INFO: FVGs: 7 detected, 3 unfilled
11:30:12 core.sweep_detector INFO: SweepDetector v2: 3 raw → 1 confirmed (vol≥1.5× body≥40%)
11:30:12 core.sweep_detector INFO: OrderBlocks: 1 detected, 0 unmitigated
11:30:12 core.sweep_detector INFO: FVGs: 5 detected, 0 unfilled
11:30:14 core.sweep_detector INFO: SweepDetector v2: 4 raw → 4 confirmed (vol≥1.5× body≥40%)
11:30:14 core.sweep_detector INFO: OrderBlocks: 1 detected, 0 unmitigated
11:30:14 core.sweep_detector INFO: FVGs: 3 detected, 0 unfilled
11:30:16 core.sweep_detector INFO: SweepDetector v2: 4 raw → 3 confirmed (vol≥1.5× body≥40%)
11:30:16 core.sweep_detector INFO: OrderBlocks: 10 detected, 4 unmitigated
11:30:16 core.sweep_detector INFO: FVGs: 11 detected, 6 unfilled
11:30:17 core.sweep_detector INFO: SweepDetector v2: 5 raw → 4 confirmed (vol≥1.5× body≥40%)
11:30:17 core.sweep_detector INFO: OrderBlocks: 2 detected, 0 unmitigated
11:30:17 core.sweep_detector INFO: FVGs: 8 detected, 4 unfilled
11:30:19 core.sweep_detector INFO: SweepDetector v2: 4 raw → 1 confirmed (vol≥1.5× body≥40%)
11:30:19 core.sweep_detector INFO: OrderBlocks: 7 detected, 3 unmitigated
11:30:19 core.sweep_detector INFO: FVGs: 6 detected, 2 unfilled
11:30:22 core.sweep_detector INFO: SweepDetector v2: 3 raw → 2 confirmed (vol≥1.5× body≥40%)
11:30:22 core.sweep_detector INFO: OrderBlocks: 7 detected, 0 unmitigated
11:30:22 core.sweep_detector INFO: FVGs: 10 detected, 4 unfilled
11:30:23 core.sweep_detector INFO: SweepDetector v2: 5 raw → 2 confirmed (vol≥1.5× body≥40%)
11:30:23 core.sweep_detector INFO: OrderBlocks: 2 detected, 1 unmitigated
11:30:23 core.sweep_detector INFO: FVGs: 5 detected, 3 unfilled
11:30:25 core.sweep_detector INFO: SweepDetector v2: 2 raw → 2 confirmed (vol≥1.5× body≥40%)
11:30:25 core.sweep_detector INFO: OrderBlocks: 3 detected, 0 unmitigated
11:30:25 core.sweep_detector INFO: FVGs: 3 detected, 1 unfilled
11:30:27 core.sweep_detector INFO: SweepDetector v2: 3 raw → 2 confirmed (vol≥1.5× body≥40%)
11:30:27 core.sweep_detector INFO: OrderBlocks: 2 detected, 1 unmitigated
11:30:27 core.sweep_detector INFO: FVGs: 3 detected, 2 unfilled
11:30:28 core.sweep_detector INFO: SweepDetector v2: 1 raw → 0 confirmed (vol≥1.5× body≥40%)
11:30:28 core.sweep_detector INFO: OrderBlocks: 2 detected, 0 unmitigated
11:30:28 core.sweep_detector INFO: FVGs: 7 detected, 2 unfilled
11:30:30 core.sweep_detector INFO: SweepDetector v2: 6 raw → 2 confirmed (vol≥1.5× body≥40%)
11:30:30 core.sweep_detector INFO: OrderBlocks: 0 detected, 0 unmitigated
11:30:30 core.sweep_detector INFO: FVGs: 5 detected, 2 unfilled
11:30:32 core.sweep_detector INFO: SweepDetector v2: 1 raw → 1 confirmed (vol≥1.5× body≥40%)
11:30:32 core.sweep_detector INFO: OrderBlocks: 5 detected, 0 unmitigated
11:30:32 core.sweep_detector INFO: FVGs: 5 detected, 1 unfilled
11:30:34 core.sweep_detector INFO: SweepDetector v2: 3 raw → 2 confirmed (vol≥1.5× body≥40%)
11:30:34 core.sweep_detector INFO: OrderBlocks: 5 detected, 2 unmitigated
11:30:34 core.sweep_detector INFO: FVGs: 4 detected, 0 unfilled
11:30:35 core.sweep_detector INFO: SweepDetector v2: 4 raw → 4 confirmed (vol≥1.5× body≥40%)
11:30:35 core.sweep_detector INFO: OrderBlocks: 3 detected, 1 unmitigated
11:30:35 core.sweep_detector INFO: FVGs: 6 detected, 3 unfilled
11:30:37 core.sweep_detector INFO: SweepDetector v2: 4 raw → 2 confirmed (vol≥1.5× body≥40%)
11:30:37 core.sweep_detector INFO: OrderBlocks: 6 detected, 2 unmitigated
11:30:37 core.sweep_detector INFO: FVGs: 8 detected, 1 unfilled
11:30:39 core.sweep_detector INFO: SweepDetector v2: 2 raw → 1 confirmed (vol≥1.5× body≥40%)
11:30:39 core.sweep_detector INFO: OrderBlocks: 4 detected, 2 unmitigated
11:30:39 core.sweep_detector INFO: FVGs: 6 detected, 3 unfilled
11:30:41 core.sweep_detector INFO: SweepDetector v2: 2 raw → 2 confirmed (vol≥1.5× body≥40%)
11:30:41 core.sweep_detector INFO: OrderBlocks: 4 detected, 3 unmitigated
11:30:41 core.sweep_detector INFO: FVGs: 9 detected, 6 unfilled
11:30:42 core.sweep_detector INFO: SweepDetector v2: 5 raw → 3 confirmed (vol≥1.5× body≥40%)
11:30:42 core.sweep_detector INFO: OrderBlocks: 7 detected, 2 unmitigated
11:30:42 core.sweep_detector INFO: FVGs: 8 detected, 2 unfilled
11:30:44 core.sweep_detector INFO: SweepDetector v2: 4 raw → 3 confirmed (vol≥1.5× body≥40%)
11:30:44 core.sweep_detector INFO: OrderBlocks: 1 detected, 0 unmitigated
11:30:44 core.sweep_detector INFO: FVGs: 10 detected, 4 unfilled
11:30:46 core.sweep_detector INFO: SweepDetector v2: 3 raw → 2 confirmed (vol≥1.5× body≥40%)
11:30:46 core.sweep_detector INFO: OrderBlocks: 2 detected, 0 unmitigated
11:30:46 core.sweep_detector INFO: FVGs: 9 detected, 4 unfilled
11:30:47 core.sweep_detector INFO: SweepDetector v2: 3 raw → 1 confirmed (vol≥1.5× body≥40%)
11:30:47 core.sweep_detector INFO: OrderBlocks: 4 detected, 2 unmitigated
11:30:47 core.sweep_detector INFO: FVGs: 5 detected, 1 unfilled
11:30:49 core.sweep_detector INFO: SweepDetector v2: 1 raw → 0 confirmed (vol≥1.5× body≥40%)
11:30:49 core.sweep_detector INFO: OrderBlocks: 1 detected, 0 unmitigated
11:30:49 core.sweep_detector INFO: FVGs: 4 detected, 0 unfilled
11:30:51 core.sweep_detector INFO: SweepDetector v2: 2 raw → 1 confirmed (vol≥1.5× body≥40%)
11:30:51 core.sweep_detector INFO: OrderBlocks: 3 detected, 0 unmitigated
11:30:51 core.sweep_detector INFO: FVGs: 5 detected, 0 unfilled
11:30:52 core.sweep_detector INFO: SweepDetector v2: 3 raw → 2 confirmed (vol≥1.5× body≥40%)
11:30:52 core.sweep_detector INFO: OrderBlocks: 5 detected, 3 unmitigated
11:30:52 core.sweep_detector INFO: FVGs: 9 detected, 4 unfilled
11:30:54 core.sweep_detector INFO: SweepDetector v2: 4 raw → 2 confirmed (vol≥1.5× body≥40%)
11:30:54 core.sweep_detector INFO: OrderBlocks: 2 detected, 1 unmitigated
11:30:54 core.sweep_detector INFO: FVGs: 4 detected, 2 unfilled
11:30:56 core.sweep_detector INFO: SweepDetector v2: 0 raw → 0 confirmed (vol≥1.5× body≥40%)
11:30:56 core.sweep_detector INFO: OrderBlocks: 0 detected, 0 unmitigated
11:30:56 core.sweep_detector INFO: FVGs: 8 detected, 1 unfilled
11:30:58 core.sweep_detector INFO: SweepDetector v2: 0 raw → 0 confirmed (vol≥1.5× body≥40%)
11:30:58 core.sweep_detector INFO: OrderBlocks: 2 detected, 0 unmitigated
11:30:58 core.sweep_detector INFO: FVGs: 2 detected, 1 unfilled
11:31:00 core.sweep_detector INFO: SweepDetector v2: 9 raw → 6 confirmed (vol≥1.5× body≥40%)
11:31:00 core.sweep_detector INFO: OrderBlocks: 0 detected, 0 unmitigated
11:31:00 core.sweep_detector INFO: FVGs: 1 detected, 0 unfilled
11:31:02 core.sweep_detector INFO: SweepDetector v2: 3 raw → 2 confirmed (vol≥1.5× body≥40%)
11:31:02 core.sweep_detector INFO: OrderBlocks: 1 detected, 0 unmitigated
11:31:02 core.sweep_detector INFO: FVGs: 0 detected, 0 unfilled
11:31:04 core.sweep_detector INFO: SweepDetector v2: 7 raw → 6 confirmed (vol≥1.5× body≥40%)
11:31:04 core.sweep_detector INFO: OrderBlocks: 7 detected, 1 unmitigated
11:31:04 core.sweep_detector INFO: FVGs: 9 detected, 2 unfilled
11:31:05 core.sweep_detector INFO: SweepDetector v2: 7 raw → 3 confirmed (vol≥1.5× body≥40%)
11:31:05 core.sweep_detector INFO: OrderBlocks: 7 detected, 3 unmitigated
11:31:05 core.sweep_detector INFO: FVGs: 8 detected, 5 unfilled
11:31:07 core.sweep_detector INFO: SweepDetector v2: 4 raw → 2 confirmed (vol≥1.5× body≥40%)
11:31:07 core.sweep_detector INFO: OrderBlocks: 7 detected, 2 unmitigated
11:31:07 core.sweep_detector INFO: FVGs: 12 detected, 4 unfilled
11:31:10 core.sweep_detector INFO: SweepDetector v2: 6 raw → 6 confirmed (vol≥1.5× body≥40%)
11:31:10 core.sweep_detector INFO: OrderBlocks: 1 detected, 0 unmitigated
11:31:10 core.sweep_detector INFO: FVGs: 3 detected, 0 unfilled
11:31:12 core.sweep_detector INFO: SweepDetector v2: 2 raw → 2 confirmed (vol≥1.5× body≥40%)
11:31:12 core.sweep_detector INFO: OrderBlocks: 4 detected, 0 unmitigated
11:31:12 core.sweep_detector INFO: FVGs: 1 detected, 0 unfilled
11:31:14 core.sweep_detector INFO: SweepDetector v2: 3 raw → 2 confirmed (vol≥1.5× body≥40%)
11:31:14 core.sweep_detector INFO: OrderBlocks: 2 detected, 0 unmitigated
11:31:14 core.sweep_detector INFO: FVGs: 3 detected, 1 unfilled
11:31:16 core.sweep_detector INFO: SweepDetector v2: 6 raw → 4 confirmed (vol≥1.5× body≥40%)
11:31:16 core.sweep_detector INFO: OrderBlocks: 7 detected, 2 unmitigated
11:31:16 core.sweep_detector INFO: FVGs: 8 detected, 4 unfilled
11:31:18 core.sweep_detector INFO: SweepDetector v2: 2 raw → 2 confirmed (vol≥1.5× body≥40%)
11:31:18 core.sweep_detector INFO: OrderBlocks: 4 detected, 0 unmitigated
11:31:18 core.sweep_detector INFO: FVGs: 4 detected, 1 unfilled
11:31:20 core.sweep_detector INFO: SweepDetector v2: 4 raw → 3 confirmed (vol≥1.5× body≥40%)
11:31:20 core.sweep_detector INFO: OrderBlocks: 3 detected, 1 unmitigated
11:31:20 core.sweep_detector INFO: FVGs: 5 detected, 0 unfilled
11:31:22 core.sweep_detector INFO: SweepDetector v2: 9 raw → 6 confirmed (vol≥1.5× body≥40%)
11:31:22 core.sweep_detector INFO: OrderBlocks: 3 detected, 1 unmitigated
11:31:22 core.sweep_detector INFO: FVGs: 12 detected, 6 unfilled
11:31:24 core.sweep_detector INFO: SweepDetector v2: 4 raw → 3 confirmed (vol≥1.5× body≥40%)
11:31:24 core.sweep_detector INFO: OrderBlocks: 2 detected, 1 unmitigated
11:31:24 core.sweep_detector INFO: FVGs: 6 detected, 1 unfilled
11:31:25 core.sweep_detector INFO: SweepDetector v2: 2 raw → 2 confirmed (vol≥1.5× body≥40%)
11:31:25 core.sweep_detector INFO: OrderBlocks: 2 detected, 1 unmitigated
11:31:25 core.sweep_detector INFO: FVGs: 2 detected, 1 unfilled
11:31:27 core.sweep_detector INFO: SweepDetector v2: 7 raw → 7 confirmed (vol≥1.5× body≥40%)
11:31:27 core.sweep_detector INFO: OrderBlocks: 6 detected, 1 unmitigated
11:31:27 core.sweep_detector INFO: FVGs: 12 detected, 2 unfilled
11:31:29 core.sweep_detector INFO: SweepDetector v2: 2 raw → 0 confirmed (vol≥1.5× body≥40%)
11:31:29 core.sweep_detector INFO: OrderBlocks: 2 detected, 1 unmitigated
11:31:29 core.sweep_detector INFO: FVGs: 9 detected, 3 unfilled
11:31:31 core.sweep_detector INFO: SweepDetector v2: 1 raw → 1 confirmed (vol≥1.5× body≥40%)
11:31:31 core.sweep_detector INFO: OrderBlocks: 8 detected, 0 unmitigated
11:31:31 core.sweep_detector INFO: FVGs: 10 detected, 1 unfilled
11:31:33 core.sweep_detector INFO: SweepDetector v2: 6 raw → 4 confirmed (vol≥1.5× body≥40%)
11:31:33 core.sweep_detector INFO: OrderBlocks: 6 detected, 3 unmitigated
11:31:33 core.sweep_detector INFO: FVGs: 8 detected, 3 unfilled
11:31:34 core.sweep_detector INFO: SweepDetector v2: 2 raw → 1 confirmed (vol≥1.5× body≥40%)
11:31:34 core.sweep_detector INFO: OrderBlocks: 4 detected, 2 unmitigated
11:31:34 core.sweep_detector INFO: FVGs: 7 detected, 2 unfilled
11:31:36 core.sweep_detector INFO: SweepDetector v2: 2 raw → 2 confirmed (vol≥1.5× body≥40%)
11:31:36 core.sweep_detector INFO: OrderBlocks: 4 detected, 2 unmitigated
11:31:36 core.sweep_detector INFO: FVGs: 3 detected, 0 unfilled
11:31:38 core.sweep_detector INFO: SweepDetector v2: 5 raw → 4 confirmed (vol≥1.5× body≥40%)
11:31:38 core.sweep_detector INFO: OrderBlocks: 2 detected, 2 unmitigated
11:31:38 core.sweep_detector INFO: FVGs: 16 detected, 5 unfilled
11:31:40 core.sweep_detector INFO: SweepDetector v2: 6 raw → 4 confirmed (vol≥1.5× body≥40%)
11:31:40 core.sweep_detector INFO: OrderBlocks: 9 detected, 2 unmitigated
11:31:40 core.sweep_detector INFO: FVGs: 16 detected, 5 unfilled
11:31:42 core.sweep_detector INFO: SweepDetector v2: 2 raw → 1 confirmed (vol≥1.5× body≥40%)
11:31:42 core.sweep_detector INFO: OrderBlocks: 7 detected, 2 unmitigated
11:31:42 core.sweep_detector INFO: FVGs: 12 detected, 5 unfilled
11:31:44 core.sweep_detector INFO: SweepDetector v2: 1 raw → 1 confirmed (vol≥1.5× body≥40%)
11:31:44 core.sweep_detector INFO: OrderBlocks: 2 detected, 1 unmitigated
11:31:44 core.sweep_detector INFO: FVGs: 4 detected, 0 unfilled
11:31:46 core.sweep_detector INFO: SweepDetector v2: 4 raw → 4 confirmed (vol≥1.5× body≥40%)
11:31:46 core.sweep_detector INFO: OrderBlocks: 1 detected, 0 unmitigated
11:31:46 core.sweep_detector INFO: FVGs: 6 detected, 2 unfilled
11:31:47 core.sweep_detector INFO: SweepDetector v2: 3 raw → 1 confirmed (vol≥1.5× body≥40%)
11:31:47 core.sweep_detector INFO: OrderBlocks: 5 detected, 0 unmitigated
11:31:47 core.sweep_detector INFO: FVGs: 1 detected, 0 unfilled
11:31:49 core.sweep_detector INFO: SweepDetector v2: 0 raw → 0 confirmed (vol≥1.5× body≥40%)
11:31:49 core.sweep_detector INFO: OrderBlocks: 0 detected, 0 unmitigated
11:31:49 core.sweep_detector INFO: FVGs: 0 detected, 0 unfilled
11:31:50 core.sweep_detector INFO: SweepDetector v2: 0 raw → 0 confirmed (vol≥1.5× body≥40%)
11:31:50 core.sweep_detector INFO: OrderBlocks: 1 detected, 0 unmitigated
11:31:50 core.sweep_detector INFO: FVGs: 0 detected, 0 unfilled
11:31:52 core.sweep_detector INFO: SweepDetector v2: 0 raw → 0 confirmed (vol≥1.5× body≥40%)
11:31:52 core.sweep_detector INFO: OrderBlocks: 0 detected, 0 unmitigated
11:31:52 core.sweep_detector INFO: FVGs: 0 detected, 0 unfilled
11:31:54 core.sweep_detector INFO: SweepDetector v2: 8 raw → 7 confirmed (vol≥1.5× body≥40%)
11:31:54 core.sweep_detector INFO: OrderBlocks: 4 detected, 2 unmitigated
11:31:54 core.sweep_detector INFO: FVGs: 3 detected, 1 unfilled
11:31:56 core.sweep_detector INFO: SweepDetector v2: 7 raw → 6 confirmed (vol≥1.5× body≥40%)
11:31:56 core.sweep_detector INFO: OrderBlocks: 4 detected, 1 unmitigated
11:31:56 core.sweep_detector INFO: FVGs: 6 detected, 2 unfilled
11:31:58 core.sweep_detector INFO: SweepDetector v2: 4 raw → 2 confirmed (vol≥1.5× body≥40%)
11:31:58 core.sweep_detector INFO: OrderBlocks: 1 detected, 1 unmitigated
11:31:58 core.sweep_detector INFO: FVGs: 10 detected, 6 unfilled
11:32:00 core.sweep_detector INFO: SweepDetector v2: 2 raw → 2 confirmed (vol≥1.5× body≥40%)
11:32:00 core.sweep_detector INFO: OrderBlocks: 7 detected, 3 unmitigated
11:32:00 core.sweep_detector INFO: FVGs: 5 detected, 4 unfilled
11:32:01 core.sweep_detector INFO: SweepDetector v2: 3 raw → 0 confirmed (vol≥1.5× body≥40%)
11:32:01 core.sweep_detector INFO: OrderBlocks: 2 detected, 1 unmitigated
11:32:01 core.sweep_detector INFO: FVGs: 1 detected, 1 unfilled
11:32:03 core.sweep_detector INFO: SweepDetector v2: 3 raw → 3 confirmed (vol≥1.5× body≥40%)
11:32:03 core.sweep_detector INFO: OrderBlocks: 0 detected, 0 unmitigated
11:32:03 core.sweep_detector INFO: FVGs: 2 detected, 1 unfilled
11:32:05 core.sweep_detector INFO: SweepDetector v2: 4 raw → 3 confirmed (vol≥1.5× body≥40%)
11:32:05 core.sweep_detector INFO: OrderBlocks: 7 detected, 4 unmitigated
11:32:05 core.sweep_detector INFO: FVGs: 10 detected, 4 unfilled
11:32:07 core.sweep_detector INFO: SweepDetector v2: 3 raw → 2 confirmed (vol≥1.5× body≥40%)
11:32:07 core.sweep_detector INFO: OrderBlocks: 3 detected, 1 unmitigated
11:32:07 core.sweep_detector INFO: FVGs: 5 detected, 0 unfilled
11:32:08 core.sweep_detector INFO: SweepDetector v2: 3 raw → 3 confirmed (vol≥1.5× body≥40%)
11:32:08 core.sweep_detector INFO: OrderBlocks: 5 detected, 1 unmitigated
11:32:08 core.sweep_detector INFO: FVGs: 0 detected, 0 unfilled
11:32:10 core.sweep_detector INFO: SweepDetector v2: 3 raw → 2 confirmed (vol≥1.5× body≥40%)
11:32:10 core.sweep_detector INFO: OrderBlocks: 6 detected, 0 unmitigated
11:32:10 core.sweep_detector INFO: FVGs: 7 detected, 3 unfilled
11:32:12 core.sweep_detector INFO: SweepDetector v2: 4 raw → 3 confirmed (vol≥1.5× body≥40%)
11:32:12 core.sweep_detector INFO: OrderBlocks: 2 detected, 0 unmitigated
11:32:12 core.sweep_detector INFO: FVGs: 7 detected, 1 unfilled
11:32:14 core.sweep_detector INFO: SweepDetector v2: 2 raw → 2 confirmed (vol≥1.5× body≥40%)
11:32:14 core.sweep_detector INFO: OrderBlocks: 2 detected, 0 unmitigated
11:32:14 core.sweep_detector INFO: FVGs: 3 detected, 0 unfilled
11:32:15 core.sweep_detector INFO: SweepDetector v2: 4 raw → 3 confirmed (vol≥1.5× body≥40%)
11:32:15 core.sweep_detector INFO: OrderBlocks: 4 detected, 2 unmitigated
11:32:15 core.sweep_detector INFO: FVGs: 7 detected, 2 unfilled
11:32:17 core.sweep_detector INFO: SweepDetector v2: 3 raw → 2 confirmed (vol≥1.5× body≥40%)
11:32:17 core.sweep_detector INFO: OrderBlocks: 2 detected, 0 unmitigated
11:32:17 core.sweep_detector INFO: FVGs: 6 detected, 1 unfilled
11:32:19 core.sweep_detector INFO: SweepDetector v2: 3 raw → 2 confirmed (vol≥1.5× body≥40%)
11:32:19 core.sweep_detector INFO: OrderBlocks: 7 detected, 2 unmitigated
11:32:19 core.sweep_detector INFO: FVGs: 3 detected, 1 unfilled
11:32:20 core.sweep_detector INFO: SweepDetector v2: 9 raw → 6 confirmed (vol≥1.5× body≥40%)
11:32:20 core.sweep_detector INFO: OrderBlocks: 4 detected, 2 unmitigated
11:32:21 core.sweep_detector INFO: FVGs: 9 detected, 3 unfilled
11:32:22 core.sweep_detector INFO: SweepDetector v2: 6 raw → 2 confirmed (vol≥1.5× body≥40%)
11:32:22 core.sweep_detector INFO: OrderBlocks: 3 detected, 1 unmitigated
11:32:22 core.sweep_detector INFO: FVGs: 7 detected, 2 unfilled
11:32:25 core.sweep_detector INFO: SweepDetector v2: 5 raw → 3 confirmed (vol≥1.5× body≥40%)
11:32:25 core.sweep_detector INFO: OrderBlocks: 7 detected, 1 unmitigated
11:32:25 core.sweep_detector INFO: FVGs: 13 detected, 4 unfilled
11:32:26 core.sweep_detector INFO: SweepDetector v2: 2 raw → 2 confirmed (vol≥1.5× body≥40%)
11:32:26 core.sweep_detector INFO: OrderBlocks: 7 detected, 2 unmitigated
11:32:26 core.sweep_detector INFO: FVGs: 9 detected, 2 unfilled
11:32:28 core.sweep_detector INFO: SweepDetector v2: 2 raw → 1 confirmed (vol≥1.5× body≥40%)
11:32:28 core.sweep_detector INFO: OrderBlocks: 3 detected, 2 unmitigated
11:32:28 core.sweep_detector INFO: FVGs: 5 detected, 1 unfilled
11:32:30 core.sweep_detector INFO: SweepDetector v2: 4 raw → 4 confirmed (vol≥1.5× body≥40%)
11:32:30 core.sweep_detector INFO: OrderBlocks: 1 detected, 0 unmitigated
11:32:30 core.sweep_detector INFO: FVGs: 4 detected, 0 unfilled
11:32:31 core.sweep_detector INFO: SweepDetector v2: 8 raw → 4 confirmed (vol≥1.5× body≥40%)
11:32:31 core.sweep_detector INFO: OrderBlocks: 8 detected, 0 unmitigated
11:32:31 core.sweep_detector INFO: FVGs: 9 detected, 3 unfilled
11:32:33 core.sweep_detector INFO: SweepDetector v2: 1 raw → 0 confirmed (vol≥1.5× body≥40%)
11:32:33 core.sweep_detector INFO: OrderBlocks: 6 detected, 2 unmitigated
11:32:33 core.sweep_detector INFO: FVGs: 15 detected, 4 unfilled
11:32:34 core.sweep_detector INFO: SweepDetector v2: 4 raw → 2 confirmed (vol≥1.5× body≥40%)
11:32:34 core.sweep_detector INFO: OrderBlocks: 4 detected, 2 unmitigated
11:32:34 core.sweep_detector INFO: FVGs: 12 detected, 3 unfilled
11:32:37 core.sweep_detector INFO: SweepDetector v2: 0 raw → 0 confirmed (vol≥1.5× body≥40%)
11:32:37 core.sweep_detector INFO: OrderBlocks: 5 detected, 2 unmitigated
11:32:37 core.sweep_detector INFO: FVGs: 7 detected, 2 unfilled
11:32:38 core.sweep_detector INFO: SweepDetector v2: 5 raw → 2 confirmed (vol≥1.5× body≥40%)
11:32:38 core.sweep_detector INFO: OrderBlocks: 5 detected, 3 unmitigated
11:32:38 core.sweep_detector INFO: FVGs: 6 detected, 2 unfilled
11:32:40 core.sweep_detector INFO: SweepDetector v2: 1 raw → 0 confirmed (vol≥1.5× body≥40%)
11:32:40 core.sweep_detector INFO: OrderBlocks: 10 detected, 3 unmitigated
11:32:40 core.sweep_detector INFO: FVGs: 6 detected, 4 unfilled
11:32:42 core.sweep_detector INFO: SweepDetector v2: 1 raw → 0 confirmed (vol≥1.5× body≥40%)
11:32:42 core.sweep_detector INFO: OrderBlocks: 1 detected, 1 unmitigated
11:32:42 core.sweep_detector INFO: FVGs: 6 detected, 4 unfilled
11:32:43 core.sweep_detector INFO: SweepDetector v2: 1 raw → 0 confirmed (vol≥1.5× body≥40%)
11:32:43 core.sweep_detector INFO: OrderBlocks: 6 detected, 2 unmitigated
11:32:43 core.sweep_detector INFO: FVGs: 5 detected, 3 unfilled
11:32:45 core.sweep_detector INFO: SweepDetector v2: 1 raw → 1 confirmed (vol≥1.5× body≥40%)
11:32:45 core.sweep_detector INFO: OrderBlocks: 7 detected, 2 unmitigated
11:32:45 core.sweep_detector INFO: FVGs: 7 detected, 3 unfilled
11:32:47 core.sweep_detector INFO: SweepDetector v2: 3 raw → 3 confirmed (vol≥1.5× body≥40%)
11:32:47 core.sweep_detector INFO: OrderBlocks: 6 detected, 1 unmitigated
11:32:47 core.sweep_detector INFO: FVGs: 9 detected, 4 unfilled
11:32:48 core.sweep_detector INFO: SweepDetector v2: 7 raw → 5 confirmed (vol≥1.5× body≥40%)
11:32:48 core.sweep_detector INFO: OrderBlocks: 6 detected, 4 unmitigated
11:32:48 core.sweep_detector INFO: FVGs: 12 detected, 7 unfilled
11:32:50 core.sweep_detector INFO: SweepDetector v2: 2 raw → 0 confirmed (vol≥1.5× body≥40%)
11:32:50 core.sweep_detector INFO: OrderBlocks: 11 detected, 3 unmitigated
11:32:50 core.sweep_detector INFO: FVGs: 10 detected, 4 unfilled
11:32:51 core.sweep_detector INFO: SweepDetector v2: 1 raw → 1 confirmed (vol≥1.5× body≥40%)
11:32:51 core.sweep_detector INFO: OrderBlocks: 9 detected, 2 unmitigated
11:32:51 core.sweep_detector INFO: FVGs: 15 detected, 3 unfilled
11:32:53 core.sweep_detector INFO: SweepDetector v2: 4 raw → 3 confirmed (vol≥1.5× body≥40%)
11:32:53 core.sweep_detector INFO: OrderBlocks: 3 detected, 0 unmitigated
11:32:53 core.sweep_detector INFO: FVGs: 10 detected, 4 unfilled
11:32:54 core.sweep_detector INFO: SweepDetector v2: 0 raw → 0 confirmed (vol≥1.5× body≥40%)
11:32:54 core.sweep_detector INFO: OrderBlocks: 7 detected, 4 unmitigated
11:32:54 core.sweep_detector INFO: FVGs: 6 detected, 3 unfilled
11:32:56 core.sweep_detector INFO: SweepDetector v2: 4 raw → 2 confirmed (vol≥1.5× body≥40%)
11:32:56 core.sweep_detector INFO: OrderBlocks: 8 detected, 1 unmitigated
11:32:56 core.sweep_detector INFO: FVGs: 6 detected, 1 unfilled
11:32:58 core.sweep_detector INFO: SweepDetector v2: 6 raw → 3 confirmed (vol≥1.5× body≥40%)
11:32:58 core.sweep_detector INFO: OrderBlocks: 4 detected, 2 unmitigated
11:32:58 core.sweep_detector INFO: FVGs: 9 detected, 2 unfilled
11:33:00 core.sweep_detector INFO: SweepDetector v2: 4 raw → 2 confirmed (vol≥1.5× body≥40%)
11:33:00 core.sweep_detector INFO: OrderBlocks: 6 detected, 1 unmitigated
11:33:00 core.sweep_detector INFO: FVGs: 8 detected, 2 unfilled
11:33:01 core.sweep_detector INFO: SweepDetector v2: 2 raw → 1 confirmed (vol≥1.5× body≥40%)
11:33:01 core.sweep_detector INFO: OrderBlocks: 1 detected, 0 unmitigated
11:33:01 core.sweep_detector INFO: FVGs: 6 detected, 2 unfilled
11:33:03 core.sweep_detector INFO: SweepDetector v2: 4 raw → 3 confirmed (vol≥1.5× body≥40%)
11:33:03 core.sweep_detector INFO: OrderBlocks: 6 detected, 1 unmitigated
11:33:03 core.sweep_detector INFO: FVGs: 11 detected, 3 unfilled
11:33:05 core.sweep_detector INFO: SweepDetector v2: 1 raw → 0 confirmed (vol≥1.5× body≥40%)
11:33:05 core.sweep_detector INFO: OrderBlocks: 5 detected, 2 unmitigated
11:33:05 core.sweep_detector INFO: FVGs: 8 detected, 3 unfilled
11:33:06 core.sweep_detector INFO: SweepDetector v2: 7 raw → 5 confirmed (vol≥1.5× body≥40%)
11:33:06 core.sweep_detector INFO: OrderBlocks: 8 detected, 3 unmitigated
11:33:06 core.sweep_detector INFO: FVGs: 7 detected, 3 unfilled
11:33:08 core.sweep_detector INFO: SweepDetector v2: 1 raw → 0 confirmed (vol≥1.5× body≥40%)
11:33:08 core.sweep_detector INFO: OrderBlocks: 4 detected, 2 unmitigated
11:33:08 core.sweep_detector INFO: FVGs: 6 detected, 2 unfilled
11:33:10 core.sweep_detector INFO: SweepDetector v2: 4 raw → 3 confirmed (vol≥1.5× body≥40%)
11:33:10 core.sweep_detector INFO: OrderBlocks: 7 detected, 2 unmitigated
11:33:10 core.sweep_detector INFO: FVGs: 5 detected, 1 unfilled
11:33:11 core.sweep_detector INFO: SweepDetector v2: 4 raw → 4 confirmed (vol≥1.5× body≥40%)
11:33:11 core.sweep_detector INFO: OrderBlocks: 7 detected, 1 unmitigated
11:33:11 core.sweep_detector INFO: FVGs: 11 detected, 2 unfilled
11:33:13 core.sweep_detector INFO: SweepDetector v2: 7 raw → 3 confirmed (vol≥1.5× body≥40%)
11:33:13 core.sweep_detector INFO: OrderBlocks: 2 detected, 1 unmitigated
11:33:13 core.sweep_detector INFO: FVGs: 9 detected, 3 unfilled
11:33:15 core.sweep_detector INFO: SweepDetector v2: 1 raw → 1 confirmed (vol≥1.5× body≥40%)
11:33:15 core.sweep_detector INFO: OrderBlocks: 5 detected, 1 unmitigated
11:33:15 core.sweep_detector INFO: FVGs: 2 detected, 1 unfilled
11:33:17 core.sweep_detector INFO: SweepDetector v2: 2 raw → 0 confirmed (vol≥1.5× body≥40%)
11:33:17 core.sweep_detector INFO: OrderBlocks: 4 detected, 1 unmitigated
11:33:17 core.sweep_detector INFO: FVGs: 9 detected, 2 unfilled
11:33:18 core.sweep_detector INFO: SweepDetector v2: 6 raw → 4 confirmed (vol≥1.5× body≥40%)
11:33:18 core.sweep_detector INFO: OrderBlocks: 3 detected, 2 unmitigated
11:33:18 core.sweep_detector INFO: FVGs: 5 detected, 1 unfilled
11:33:20 core.sweep_detector INFO: SweepDetector v2: 0 raw → 0 confirmed (vol≥1.5× body≥40%)
11:33:20 core.sweep_detector INFO: OrderBlocks: 4 detected, 4 unmitigated
11:33:20 core.sweep_detector INFO: FVGs: 4 detected, 3 unfilled
11:33:22 core.sweep_detector INFO: SweepDetector v2: 2 raw → 2 confirmed (vol≥1.5× body≥40%)
11:33:22 core.sweep_detector INFO: OrderBlocks: 9 detected, 5 unmitigated
11:33:22 core.sweep_detector INFO: FVGs: 12 detected, 3 unfilled
11:33:23 core.sweep_detector INFO: SweepDetector v2: 3 raw → 3 confirmed (vol≥1.5× body≥40%)
11:33:23 core.sweep_detector INFO: OrderBlocks: 6 detected, 1 unmitigated
11:33:23 core.sweep_detector INFO: FVGs: 15 detected, 1 unfilled
11:33:25 core.sweep_detector INFO: SweepDetector v2: 1 raw → 0 confirmed (vol≥1.5× body≥40%)
11:33:25 core.sweep_detector INFO: OrderBlocks: 4 detected, 1 unmitigated
11:33:25 core.sweep_detector INFO: FVGs: 9 detected, 3 unfilled
11:33:27 core.sweep_detector INFO: SweepDetector v2: 5 raw → 4 confirmed (vol≥1.5× body≥40%)
11:33:27 core.sweep_detector INFO: OrderBlocks: 8 detected, 2 unmitigated
11:33:27 core.sweep_detector INFO: FVGs: 16 detected, 4 unfilled
11:33:28 core.sweep_detector INFO: SweepDetector v2: 3 raw → 3 confirmed (vol≥1.5× body≥40%)
11:33:28 core.sweep_detector INFO: OrderBlocks: 6 detected, 2 unmitigated
11:33:28 core.sweep_detector INFO: FVGs: 11 detected, 4 unfilled
11:33:30 core.sweep_detector INFO: SweepDetector v2: 1 raw → 1 confirmed (vol≥1.5× body≥40%)
11:33:30 core.sweep_detector INFO: OrderBlocks: 5 detected, 3 unmitigated
11:33:30 core.sweep_detector INFO: FVGs: 10 detected, 5 unfilled
11:33:32 core.sweep_detector INFO: SweepDetector v2: 2 raw → 2 confirmed (vol≥1.5× body≥40%)
11:33:32 core.sweep_detector INFO: OrderBlocks: 5 detected, 2 unmitigated
11:33:32 core.sweep_detector INFO: FVGs: 8 detected, 3 unfilled
11:33:33 core.sweep_detector INFO: SweepDetector v2: 1 raw → 1 confirmed (vol≥1.5× body≥40%)
11:33:33 core.sweep_detector INFO: OrderBlocks: 2 detected, 0 unmitigated
11:33:33 core.sweep_detector INFO: FVGs: 2 detected, 1 unfilled
11:33:35 core.sweep_detector INFO: SweepDetector v2: 4 raw → 3 confirmed (vol≥1.5× body≥40%)
11:33:35 core.sweep_detector INFO: OrderBlocks: 0 detected, 0 unmitigated
11:33:35 core.sweep_detector INFO: FVGs: 2 detected, 0 unfilled
11:33:37 core.sweep_detector INFO: SweepDetector v2: 4 raw → 2 confirmed (vol≥1.5× body≥40%)
11:33:37 core.sweep_detector INFO: OrderBlocks: 5 detected, 3 unmitigated
11:33:37 core.sweep_detector INFO: FVGs: 12 detected, 4 unfilled
11:33:38 core.sweep_detector INFO: SweepDetector v2: 6 raw → 3 confirmed (vol≥1.5× body≥40%)
11:33:38 core.sweep_detector INFO: OrderBlocks: 4 detected, 0 unmitigated
11:33:38 core.sweep_detector INFO: FVGs: 7 detected, 2 unfilled
11:33:40 core.sweep_detector INFO: SweepDetector v2: 4 raw → 1 confirmed (vol≥1.5× body≥40%)
11:33:40 core.sweep_detector INFO: OrderBlocks: 2 detected, 1 unmitigated
11:33:40 core.sweep_detector INFO: FVGs: 4 detected, 2 unfilled
11:33:42 core.sweep_detector INFO: SweepDetector v2: 4 raw → 3 confirmed (vol≥1.5× body≥40%)
11:33:42 core.sweep_detector INFO: OrderBlocks: 4 detected, 0 unmitigated
11:33:42 core.sweep_detector INFO: FVGs: 7 detected, 0 unfilled
11:33:43 core.sweep_detector INFO: SweepDetector v2: 3 raw → 1 confirmed (vol≥1.5× body≥40%)
11:33:43 core.sweep_detector INFO: OrderBlocks: 8 detected, 2 unmitigated
11:33:43 core.sweep_detector INFO: FVGs: 16 detected, 1 unfilled
11:33:45 core.sweep_detector INFO: SweepDetector v2: 5 raw → 3 confirmed (vol≥1.5× body≥40%)
11:33:45 core.sweep_detector INFO: OrderBlocks: 9 detected, 3 unmitigated
11:33:45 core.sweep_detector INFO: FVGs: 13 detected, 4 unfilled
11:33:47 core.sweep_detector INFO: SweepDetector v2: 2 raw → 2 confirmed (vol≥1.5× body≥40%)
11:33:47 core.sweep_detector INFO: OrderBlocks: 6 detected, 1 unmitigated
11:33:47 core.sweep_detector INFO: FVGs: 8 detected, 3 unfilled
11:33:48 core.sweep_detector INFO: SweepDetector v2: 4 raw → 2 confirmed (vol≥1.5× body≥40%)
11:33:48 core.sweep_detector INFO: OrderBlocks: 2 detected, 1 unmitigated
11:33:48 core.sweep_detector INFO: FVGs: 4 detected, 2 unfilled
11:33:50 core.sweep_detector INFO: SweepDetector v2: 2 raw → 0 confirmed (vol≥1.5× body≥40%)
11:33:50 core.sweep_detector INFO: OrderBlocks: 6 detected, 0 unmitigated
11:33:50 core.sweep_detector INFO: FVGs: 6 detected, 1 unfilled
11:33:52 core.sweep_detector INFO: SweepDetector v2: 5 raw → 3 confirmed (vol≥1.5× body≥40%)
11:33:52 core.sweep_detector INFO: OrderBlocks: 6 detected, 1 unmitigated
11:33:52 core.sweep_detector INFO: FVGs: 8 detected, 5 unfilled
11:33:53 core.sweep_detector INFO: SweepDetector v2: 2 raw → 1 confirmed (vol≥1.5× body≥40%)
11:33:53 core.sweep_detector INFO: OrderBlocks: 1 detected, 0 unmitigated
11:33:53 core.sweep_detector INFO: FVGs: 8 detected, 1 unfilled
11:33:55 core.sweep_detector INFO: SweepDetector v2: 4 raw → 2 confirmed (vol≥1.5× body≥40%)
11:33:55 core.sweep_detector INFO: OrderBlocks: 1 detected, 1 unmitigated
11:33:55 core.sweep_detector INFO: FVGs: 7 detected, 2 unfilled
11:33:57 core.sweep_detector INFO: SweepDetector v2: 6 raw → 2 confirmed (vol≥1.5× body≥40%)
11:33:57 core.sweep_detector INFO: OrderBlocks: 5 detected, 1 unmitigated
11:33:57 core.sweep_detector INFO: FVGs: 9 detected, 3 unfilled
11:33:58 core.sweep_detector INFO: SweepDetector v2: 7 raw → 3 confirmed (vol≥1.5× body≥40%)
11:33:58 core.sweep_detector INFO: OrderBlocks: 3 detected, 2 unmitigated
11:33:58 core.sweep_detector INFO: FVGs: 8 detected, 1 unfilled
11:34:00 core.sweep_detector INFO: SweepDetector v2: 2 raw → 1 confirmed (vol≥1.5× body≥40%)
11:34:00 core.sweep_detector INFO: OrderBlocks: 3 detected, 1 unmitigated
11:34:00 core.sweep_detector INFO: FVGs: 5 detected, 1 unfilled
11:34:01 core.sweep_detector INFO: SweepDetector v2: 1 raw → 1 confirmed (vol≥1.5× body≥40%)
11:34:01 core.sweep_detector INFO: OrderBlocks: 2 detected, 2 unmitigated
11:34:01 core.sweep_detector INFO: FVGs: 9 detected, 5 unfilled
11:34:03 core.sweep_detector INFO: SweepDetector v2: 3 raw → 2 confirmed (vol≥1.5× body≥40%)
11:34:03 core.sweep_detector INFO: OrderBlocks: 3 detected, 1 unmitigated
11:34:03 core.sweep_detector INFO: FVGs: 6 detected, 2 unfilled
11:34:05 core.sweep_detector INFO: SweepDetector v2: 1 raw → 0 confirmed (vol≥1.5× body≥40%)
11:34:05 core.sweep_detector INFO: OrderBlocks: 5 detected, 1 unmitigated
11:34:05 core.sweep_detector INFO: FVGs: 15 detected, 1 unfilled
11:34:06 core.sweep_detector INFO: SweepDetector v2: 6 raw → 2 confirmed (vol≥1.5× body≥40%)
11:34:06 core.sweep_detector INFO: OrderBlocks: 3 detected, 0 unmitigated
11:34:06 core.sweep_detector INFO: FVGs: 0 detected, 0 unfilled
11:34:08 core.sweep_detector INFO: SweepDetector v2: 3 raw → 1 confirmed (vol≥1.5× body≥40%)
11:34:08 core.sweep_detector INFO: OrderBlocks: 0 detected, 0 unmitigated
11:34:08 core.sweep_detector INFO: FVGs: 0 detected, 0 unfilled
11:34:10 core.sweep_detector INFO: SweepDetector v2: 1 raw → 1 confirmed (vol≥1.5× body≥40%)
11:34:10 core.sweep_detector INFO: OrderBlocks: 0 detected, 0 unmitigated
11:34:10 core.sweep_detector INFO: FVGs: 0 detected, 0 unfilled
11:34:12 core.sweep_detector INFO: SweepDetector v2: 5 raw → 1 confirmed (vol≥1.5× body≥40%)
11:34:12 core.sweep_detector INFO: OrderBlocks: 5 detected, 0 unmitigated
11:34:12 core.sweep_detector INFO: FVGs: 0 detected, 0 unfilled
11:34:13 core.sweep_detector INFO: SweepDetector v2: 2 raw → 1 confirmed (vol≥1.5× body≥40%)
11:34:13 core.sweep_detector INFO: OrderBlocks: 2 detected, 0 unmitigated
11:34:13 core.sweep_detector INFO: FVGs: 0 detected, 0 unfilled
11:34:15 core.sweep_detector INFO: SweepDetector v2: 0 raw → 0 confirmed (vol≥1.5× body≥40%)
11:34:15 core.sweep_detector INFO: OrderBlocks: 0 detected, 0 unmitigated
11:34:15 core.sweep_detector INFO: FVGs: 0 detected, 0 unfilled
11:34:17 core.sweep_detector INFO: SweepDetector v2: 0 raw → 0 confirmed (vol≥1.5× body≥40%)
11:34:17 core.sweep_detector INFO: OrderBlocks: 0 detected, 0 unmitigated
11:34:17 core.sweep_detector INFO: FVGs: 0 detected, 0 unfilled
11:34:18 core.sweep_detector INFO: SweepDetector v2: 0 raw → 0 confirmed (vol≥1.5× body≥40%)
11:34:18 core.sweep_detector INFO: OrderBlocks: 0 detected, 0 unmitigated
11:34:18 core.sweep_detector INFO: FVGs: 0 detected, 0 unfilled
11:34:20 core.sweep_detector INFO: SweepDetector v2: 0 raw → 0 confirmed (vol≥1.5× body≥40%)
11:34:20 core.sweep_detector INFO: OrderBlocks: 0 detected, 0 unmitigated
11:34:20 core.sweep_detector INFO: FVGs: 0 detected, 0 unfilled
11:34:22 core.sweep_detector INFO: SweepDetector v2: 2 raw → 0 confirmed (vol≥1.5× body≥40%)
11:34:22 core.sweep_detector INFO: OrderBlocks: 5 detected, 2 unmitigated
11:34:22 core.sweep_detector INFO: FVGs: 11 detected, 3 unfilled
11:34:24 core.sweep_detector INFO: SweepDetector v2: 5 raw → 4 confirmed (vol≥1.5× body≥40%)
11:34:24 core.sweep_detector INFO: OrderBlocks: 5 detected, 0 unmitigated
11:34:24 core.sweep_detector INFO: FVGs: 8 detected, 1 unfilled
11:34:26 core.sweep_detector INFO: SweepDetector v2: 2 raw → 2 confirmed (vol≥1.5× body≥40%)
11:34:26 core.sweep_detector INFO: OrderBlocks: 3 detected, 1 unmitigated
11:34:26 core.sweep_detector INFO: FVGs: 7 detected, 2 unfilled
11:34:27 core.sweep_detector INFO: SweepDetector v2: 1 raw → 1 confirmed (vol≥1.5× body≥40%)
11:34:27 core.sweep_detector INFO: OrderBlocks: 8 detected, 3 unmitigated
11:34:27 core.sweep_detector INFO: FVGs: 10 detected, 3 unfilled
11:34:29 core.sweep_detector INFO: SweepDetector v2: 2 raw → 1 confirmed (vol≥1.5× body≥40%)
11:34:29 core.sweep_detector INFO: OrderBlocks: 2 detected, 2 unmitigated
11:34:29 core.sweep_detector INFO: FVGs: 8 detected, 2 unfilled
11:34:32 core.sweep_detector INFO: SweepDetector v2: 4 raw → 4 confirmed (vol≥1.5× body≥40%)
11:34:32 core.sweep_detector INFO: OrderBlocks: 6 detected, 1 unmitigated
11:34:32 core.sweep_detector INFO: FVGs: 9 detected, 3 unfilled
11:34:33 core.sweep_detector INFO: SweepDetector v2: 2 raw → 1 confirmed (vol≥1.5× body≥40%)
11:34:33 core.sweep_detector INFO: OrderBlocks: 7 detected, 2 unmitigated
11:34:33 core.sweep_detector INFO: FVGs: 11 detected, 3 unfilled
11:34:35 core.sweep_detector INFO: SweepDetector v2: 3 raw → 3 confirmed (vol≥1.5× body≥40%)
11:34:35 core.sweep_detector INFO: OrderBlocks: 4 detected, 1 unmitigated
11:34:35 core.sweep_detector INFO: FVGs: 9 detected, 4 unfilled
11:34:37 core.sweep_detector INFO: SweepDetector v2: 3 raw → 3 confirmed (vol≥1.5× body≥40%)
11:34:37 core.sweep_detector INFO: OrderBlocks: 5 detected, 2 unmitigated
11:34:37 core.sweep_detector INFO: FVGs: 3 detected, 1 unfilled
11:34:38 core.sweep_detector INFO: SweepDetector v2: 5 raw → 4 confirmed (vol≥1.5× body≥40%)
11:34:38 core.sweep_detector INFO: OrderBlocks: 7 detected, 2 unmitigated
11:34:38 core.sweep_detector INFO: FVGs: 8 detected, 1 unfilled
11:34:40 core.sweep_detector INFO: SweepDetector v2: 7 raw → 7 confirmed (vol≥1.5× body≥40%)
11:34:40 core.sweep_detector INFO: OrderBlocks: 2 detected, 0 unmitigated
11:34:40 core.sweep_detector INFO: FVGs: 8 detected, 3 unfilled
11:34:42 core.sweep_detector INFO: SweepDetector v2: 6 raw → 4 confirmed (vol≥1.5× body≥40%)
11:34:42 core.sweep_detector INFO: OrderBlocks: 7 detected, 2 unmitigated
11:34:42 core.sweep_detector INFO: FVGs: 9 detected, 1 unfilled
11:34:43 core.sweep_detector INFO: SweepDetector v2: 0 raw → 0 confirmed (vol≥1.5× body≥40%)
11:34:43 core.sweep_detector INFO: OrderBlocks: 6 detected, 4 unmitigated
11:34:43 core.sweep_detector INFO: FVGs: 15 detected, 5 unfilled
11:34:45 core.sweep_detector INFO: SweepDetector v2: 3 raw → 3 confirmed (vol≥1.5× body≥40%)
11:34:45 core.sweep_detector INFO: OrderBlocks: 6 detected, 3 unmitigated
11:34:45 core.sweep_detector INFO: FVGs: 14 detected, 2 unfilled
11:34:47 core.sweep_detector INFO: SweepDetector v2: 3 raw → 0 confirmed (vol≥1.5× body≥40%)
11:34:47 core.sweep_detector INFO: OrderBlocks: 8 detected, 3 unmitigated
11:34:47 core.sweep_detector INFO: FVGs: 14 detected, 5 unfilled
11:34:49 core.sweep_detector INFO: SweepDetector v2: 5 raw → 4 confirmed (vol≥1.5× body≥40%)
11:34:49 core.sweep_detector INFO: OrderBlocks: 6 detected, 2 unmitigated
11:34:49 core.sweep_detector INFO: FVGs: 9 detected, 3 unfilled
11:34:50 core.sweep_detector INFO: SweepDetector v2: 3 raw → 2 confirmed (vol≥1.5× body≥40%)
11:34:50 core.sweep_detector INFO: OrderBlocks: 2 detected, 1 unmitigated
11:34:50 core.sweep_detector INFO: FVGs: 7 detected, 1 unfilled
11:34:52 core.sweep_detector INFO: SweepDetector v2: 0 raw → 0 confirmed (vol≥1.5× body≥40%)
11:34:52 core.sweep_detector INFO: OrderBlocks: 7 detected, 1 unmitigated
11:34:52 core.sweep_detector INFO: FVGs: 5 detected, 2 unfilled
11:34:53 core.sweep_detector INFO: SweepDetector v2: 3 raw → 2 confirmed (vol≥1.5× body≥40%)
11:34:53 core.sweep_detector INFO: OrderBlocks: 8 detected, 3 unmitigated
11:34:53 core.sweep_detector INFO: FVGs: 11 detected, 4 unfilled
11:34:55 core.sweep_detector INFO: SweepDetector v2: 4 raw → 4 confirmed (vol≥1.5× body≥40%)
11:34:55 core.sweep_detector INFO: OrderBlocks: 7 detected, 2 unmitigated
11:34:55 core.sweep_detector INFO: FVGs: 21 detected, 4 unfilled
11:34:57 core.sweep_detector INFO: SweepDetector v2: 5 raw → 2 confirmed (vol≥1.5× body≥40%)
11:34:57 core.sweep_detector INFO: OrderBlocks: 8 detected, 2 unmitigated
11:34:57 core.sweep_detector INFO: FVGs: 7 detected, 1 unfilled
11:34:59 core.sweep_detector INFO: SweepDetector v2: 4 raw → 3 confirmed (vol≥1.5× body≥40%)
11:34:59 core.sweep_detector INFO: OrderBlocks: 6 detected, 2 unmitigated
11:34:59 core.sweep_detector INFO: FVGs: 15 detected, 3 unfilled
11:35:00 core.sweep_detector INFO: SweepDetector v2: 3 raw → 0 confirmed (vol≥1.5× body≥40%)
11:35:00 core.sweep_detector INFO: OrderBlocks: 10 detected, 2 unmitigated
11:35:00 core.sweep_detector INFO: FVGs: 15 detected, 5 unfilled
11:35:03 core.sweep_detector INFO: SweepDetector v2: 4 raw → 2 confirmed (vol≥1.5× body≥40%)
11:35:03 core.sweep_detector INFO: OrderBlocks: 4 detected, 2 unmitigated
11:35:03 core.sweep_detector INFO: FVGs: 8 detected, 5 unfilled
11:35:04 core.sweep_detector INFO: SweepDetector v2: 5 raw → 4 confirmed (vol≥1.5× body≥40%)
11:35:04 core.sweep_detector INFO: OrderBlocks: 9 detected, 3 unmitigated
11:35:04 core.sweep_detector INFO: FVGs: 8 detected, 4 unfilled
11:35:06 core.sweep_detector INFO: SweepDetector v2: 4 raw → 3 confirmed (vol≥1.5× body≥40%)
11:35:06 core.sweep_detector INFO: OrderBlocks: 3 detected, 1 unmitigated
11:35:06 core.sweep_detector INFO: FVGs: 6 detected, 2 unfilled
11:35:08 core.sweep_detector INFO: SweepDetector v2: 3 raw → 2 confirmed (vol≥1.5× body≥40%)
11:35:08 core.sweep_detector INFO: OrderBlocks: 6 detected, 1 unmitigated
11:35:08 core.sweep_detector INFO: FVGs: 8 detected, 2 unfilled
11:35:10 core.sweep_detector INFO: SweepDetector v2: 2 raw → 2 confirmed (vol≥1.5× body≥40%)
11:35:10 core.sweep_detector INFO: OrderBlocks: 6 detected, 3 unmitigated
11:35:10 core.sweep_detector INFO: FVGs: 7 detected, 4 unfilled
11:35:12 core.sweep_detector INFO: SweepDetector v2: 4 raw → 3 confirmed (vol≥1.5× body≥40%)
11:35:12 core.sweep_detector INFO: OrderBlocks: 3 detected, 1 unmitigated
11:35:12 core.sweep_detector INFO: FVGs: 8 detected, 3 unfilled
11:35:14 core.sweep_detector INFO: SweepDetector v2: 1 raw → 1 confirmed (vol≥1.5× body≥40%)
11:35:14 core.sweep_detector INFO: OrderBlocks: 5 detected, 1 unmitigated
11:35:14 core.sweep_detector INFO: FVGs: 6 detected, 2 unfilled
11:35:15 core.sweep_detector INFO: SweepDetector v2: 3 raw → 2 confirmed (vol≥1.5× body≥40%)
11:35:15 core.sweep_detector INFO: OrderBlocks: 4 detected, 0 unmitigated
11:35:15 core.sweep_detector INFO: FVGs: 7 detected, 0 unfilled
11:35:17 core.sweep_detector INFO: SweepDetector v2: 3 raw → 2 confirmed (vol≥1.5× body≥40%)
11:35:17 core.sweep_detector INFO: OrderBlocks: 4 detected, 0 unmitigated
11:35:17 core.sweep_detector INFO: FVGs: 4 detected, 0 unfilled
11:35:19 core.sweep_detector INFO: SweepDetector v2: 2 raw → 1 confirmed (vol≥1.5× body≥40%)
11:35:19 core.sweep_detector INFO: OrderBlocks: 4 detected, 0 unmitigated
11:35:19 core.sweep_detector INFO: FVGs: 2 detected, 0 unfilled
11:35:20 core.sweep_detector INFO: SweepDetector v2: 0 raw → 0 confirmed (vol≥1.5× body≥40%)
11:35:20 core.sweep_detector INFO: OrderBlocks: 3 detected, 1 unmitigated
11:35:20 core.sweep_detector INFO: FVGs: 11 detected, 1 unfilled
11:35:22 core.sweep_detector INFO: SweepDetector v2: 1 raw → 0 confirmed (vol≥1.5× body≥40%)
11:35:22 core.sweep_detector INFO: OrderBlocks: 4 detected, 0 unmitigated
11:35:22 core.sweep_detector INFO: FVGs: 8 detected, 1 unfilled
11:35:24 core.sweep_detector INFO: SweepDetector v2: 4 raw → 4 confirmed (vol≥1.5× body≥40%)
11:35:24 core.sweep_detector INFO: OrderBlocks: 5 detected, 2 unmitigated
11:35:24 core.sweep_detector INFO: FVGs: 5 detected, 2 unfilled
11:35:26 core.sweep_detector INFO: SweepDetector v2: 1 raw → 1 confirmed (vol≥1.5× body≥40%)
11:35:26 core.sweep_detector INFO: OrderBlocks: 7 detected, 3 unmitigated
11:35:26 core.sweep_detector INFO: FVGs: 11 detected, 6 unfilled
11:35:28 core.sweep_detector INFO: SweepDetector v2: 1 raw → 1 confirmed (vol≥1.5× body≥40%)
11:35:28 core.sweep_detector INFO: OrderBlocks: 4 detected, 3 unmitigated
11:35:28 core.sweep_detector INFO: FVGs: 12 detected, 4 unfilled
11:35:30 core.sweep_detector INFO: SweepDetector v2: 4 raw → 3 confirmed (vol≥1.5× body≥40%)
11:35:30 core.sweep_detector INFO: OrderBlocks: 9 detected, 2 unmitigated
11:35:30 core.sweep_detector INFO: FVGs: 7 detected, 1 unfilled
11:35:32 core.sweep_detector INFO: SweepDetector v2: 5 raw → 4 confirmed (vol≥1.5× body≥40%)
11:35:32 core.sweep_detector INFO: OrderBlocks: 9 detected, 3 unmitigated
11:35:32 core.sweep_detector INFO: FVGs: 11 detected, 4 unfilled
11:35:33 core.sweep_detector INFO: SweepDetector v2: 6 raw → 6 confirmed (vol≥1.5× body≥40%)
11:35:33 core.sweep_detector INFO: OrderBlocks: 3 detected, 3 unmitigated
11:35:33 core.sweep_detector INFO: FVGs: 6 detected, 4 unfilled
11:35:35 core.sweep_detector INFO: SweepDetector v2: 3 raw → 1 confirmed (vol≥1.5× body≥40%)
11:35:35 core.sweep_detector INFO: OrderBlocks: 3 detected, 2 unmitigated
11:35:35 core.sweep_detector INFO: FVGs: 15 detected, 10 unfilled
11:35:37 core.sweep_detector INFO: SweepDetector v2: 11 raw → 6 confirmed (vol≥1.5× body≥40%)
11:35:37 core.sweep_detector INFO: OrderBlocks: 7 detected, 2 unmitigated
11:35:37 core.sweep_detector INFO: FVGs: 10 detected, 7 unfilled
11:35:38 core.sweep_detector INFO: SweepDetector v2: 8 raw → 4 confirmed (vol≥1.5× body≥40%)
11:35:38 core.sweep_detector INFO: OrderBlocks: 6 detected, 1 unmitigated
11:35:38 core.sweep_detector INFO: FVGs: 9 detected, 3 unfilled
11:35:40 core.sweep_detector INFO: SweepDetector v2: 1 raw → 0 confirmed (vol≥1.5× body≥40%)
11:35:40 core.sweep_detector INFO: OrderBlocks: 7 detected, 2 unmitigated
11:35:40 core.sweep_detector INFO: FVGs: 12 detected, 5 unfilled
11:35:42 core.sweep_detector INFO: SweepDetector v2: 6 raw → 3 confirmed (vol≥1.5× body≥40%)
11:35:42 core.sweep_detector INFO: OrderBlocks: 8 detected, 2 unmitigated
11:35:42 core.sweep_detector INFO: FVGs: 7 detected, 0 unfilled
11:35:44 core.sweep_detector INFO: SweepDetector v2: 8 raw → 4 confirmed (vol≥1.5× body≥40%)
11:35:44 core.sweep_detector INFO: OrderBlocks: 4 detected, 3 unmitigated
11:35:44 core.sweep_detector INFO: FVGs: 9 detected, 3 unfilled
11:35:46 core.sweep_detector INFO: SweepDetector v2: 2 raw → 1 confirmed (vol≥1.5× body≥40%)
11:35:46 core.sweep_detector INFO: OrderBlocks: 6 detected, 1 unmitigated
11:35:46 core.sweep_detector INFO: FVGs: 5 detected, 1 unfilled
11:35:48 core.sweep_detector INFO: SweepDetector v2: 1 raw → 1 confirmed (vol≥1.5× body≥40%)
11:35:48 core.sweep_detector INFO: OrderBlocks: 8 detected, 3 unmitigated
11:35:48 core.sweep_detector INFO: FVGs: 7 detected, 2 unfilled
11:35:49 core.sweep_detector INFO: SweepDetector v2: 4 raw → 3 confirmed (vol≥1.5× body≥40%)
11:35:49 core.sweep_detector INFO: OrderBlocks: 3 detected, 1 unmitigated
11:35:49 core.sweep_detector INFO: FVGs: 7 detected, 4 unfilled
11:35:51 core.sweep_detector INFO: SweepDetector v2: 5 raw → 3 confirmed (vol≥1.5× body≥40%)
11:35:51 core.sweep_detector INFO: OrderBlocks: 1 detected, 0 unmitigated
11:35:51 core.sweep_detector INFO: FVGs: 6 detected, 0 unfilled
11:35:53 core.sweep_detector INFO: SweepDetector v2: 4 raw → 2 confirmed (vol≥1.5× body≥40%)
11:35:53 core.sweep_detector INFO: OrderBlocks: 4 detected, 2 unmitigated
11:35:53 core.sweep_detector INFO: FVGs: 8 detected, 4 unfilled
11:35:54 core.sweep_detector INFO: SweepDetector v2: 5 raw → 1 confirmed (vol≥1.5× body≥40%)
11:35:54 core.sweep_detector INFO: OrderBlocks: 3 detected, 0 unmitigated
11:35:54 core.sweep_detector INFO: FVGs: 6 detected, 2 unfilled
11:35:56 core.sweep_detector INFO: SweepDetector v2: 0 raw → 0 confirmed (vol≥1.5× body≥40%)
11:35:56 core.sweep_detector INFO: OrderBlocks: 2 detected, 0 unmitigated
11:35:56 core.sweep_detector INFO: FVGs: 3 detected, 1 unfilled
11:35:58 core.sweep_detector INFO: SweepDetector v2: 2 raw → 1 confirmed (vol≥1.5× body≥40%)
11:35:58 core.sweep_detector INFO: OrderBlocks: 7 detected, 2 unmitigated
11:35:58 core.sweep_detector INFO: FVGs: 5 detected, 2 unfilled
11:36:00 core.sweep_detector INFO: SweepDetector v2: 2 raw → 2 confirmed (vol≥1.5× body≥40%)
11:36:00 core.sweep_detector INFO: OrderBlocks: 0 detected, 0 unmitigated
11:36:00 core.sweep_detector INFO: FVGs: 6 detected, 1 unfilled
11:36:01 core.sweep_detector INFO: SweepDetector v2: 1 raw → 1 confirmed (vol≥1.5× body≥40%)
11:36:02 core.sweep_detector INFO: OrderBlocks: 5 detected, 3 unmitigated
11:36:02 core.sweep_detector INFO: FVGs: 1 detected, 1 unfilled
11:36:04 core.sweep_detector INFO: SweepDetector v2: 1 raw → 1 confirmed (vol≥1.5× body≥40%)
11:36:04 core.sweep_detector INFO: OrderBlocks: 8 detected, 1 unmitigated
11:36:04 core.sweep_detector INFO: FVGs: 13 detected, 2 unfilled
11:36:05 core.sweep_detector INFO: SweepDetector v2: 5 raw → 3 confirmed (vol≥1.5× body≥40%)
11:36:05 core.sweep_detector INFO: OrderBlocks: 5 detected, 2 unmitigated
11:36:05 core.sweep_detector INFO: FVGs: 9 detected, 5 unfilled
11:36:07 core.sweep_detector INFO: SweepDetector v2: 4 raw → 3 confirmed (vol≥1.5× body≥40%)
11:36:07 core.sweep_detector INFO: OrderBlocks: 6 detected, 4 unmitigated
11:36:07 core.sweep_detector INFO: FVGs: 13 detected, 5 unfilled
11:36:09 core.sweep_detector INFO: SweepDetector v2: 7 raw → 3 confirmed (vol≥1.5× body≥40%)
11:36:09 core.sweep_detector INFO: OrderBlocks: 5 detected, 2 unmitigated
11:36:09 core.sweep_detector INFO: FVGs: 7 detected, 2 unfilled
11:36:11 core.sweep_detector INFO: SweepDetector v2: 1 raw → 1 confirmed (vol≥1.5× body≥40%)
11:36:11 core.sweep_detector INFO: OrderBlocks: 3 detected, 2 unmitigated
11:36:11 core.sweep_detector INFO: FVGs: 7 detected, 4 unfilled
11:36:13 core.sweep_detector INFO: SweepDetector v2: 1 raw → 1 confirmed (vol≥1.5× body≥40%)
11:36:13 core.sweep_detector INFO: OrderBlocks: 1 detected, 0 unmitigated
11:36:13 core.sweep_detector INFO: FVGs: 5 detected, 1 unfilled
11:36:15 core.sweep_detector INFO: SweepDetector v2: 1 raw → 1 confirmed (vol≥1.5× body≥40%)
11:36:15 core.sweep_detector INFO: OrderBlocks: 6 detected, 0 unmitigated
11:36:15 core.sweep_detector INFO: FVGs: 8 detected, 1 unfilled
11:36:17 core.sweep_detector INFO: SweepDetector v2: 6 raw → 5 confirmed (vol≥1.5× body≥40%)
11:36:17 core.sweep_detector INFO: OrderBlocks: 1 detected, 1 unmitigated
11:36:17 core.sweep_detector INFO: FVGs: 9 detected, 5 unfilled
11:36:18 core.sweep_detector INFO: SweepDetector v2: 4 raw → 3 confirmed (vol≥1.5× body≥40%)
11:36:18 core.sweep_detector INFO: OrderBlocks: 5 detected, 1 unmitigated
11:36:18 core.sweep_detector INFO: FVGs: 8 detected, 2 unfilled
11:36:20 core.sweep_detector INFO: SweepDetector v2: 2 raw → 1 confirmed (vol≥1.5× body≥40%)
11:36:20 core.sweep_detector INFO: OrderBlocks: 8 detected, 2 unmitigated
11:36:20 core.sweep_detector INFO: FVGs: 4 detected, 3 unfilled
11:36:22 core.sweep_detector INFO: SweepDetector v2: 4 raw → 2 confirmed (vol≥1.5× body≥40%)
11:36:22 core.sweep_detector INFO: OrderBlocks: 2 detected, 0 unmitigated
11:36:22 core.sweep_detector INFO: FVGs: 5 detected, 3 unfilled
11:36:24 core.sweep_detector INFO: SweepDetector v2: 0 raw → 0 confirmed (vol≥1.5× body≥40%)
11:36:24 core.sweep_detector INFO: OrderBlocks: 6 detected, 1 unmitigated
11:36:24 core.sweep_detector INFO: FVGs: 4 detected, 2 unfilled
11:36:26 core.sweep_detector INFO: SweepDetector v2: 3 raw → 3 confirmed (vol≥1.5× body≥40%)
11:36:26 core.sweep_detector INFO: OrderBlocks: 8 detected, 3 unmitigated
11:36:26 core.sweep_detector INFO: FVGs: 8 detected, 5 unfilled
11:36:28 core.sweep_detector INFO: SweepDetector v2: 5 raw → 3 confirmed (vol≥1.5× body≥40%)
11:36:28 core.sweep_detector INFO: OrderBlocks: 4 detected, 1 unmitigated
11:36:28 core.sweep_detector INFO: FVGs: 7 detected, 1 unfilled
11:36:29 core.sweep_detector INFO: SweepDetector v2: 4 raw → 1 confirmed (vol≥1.5× body≥40%)
11:36:29 core.sweep_detector INFO: OrderBlocks: 6 detected, 1 unmitigated
11:36:29 core.sweep_detector INFO: FVGs: 5 detected, 0 unfilled
11:36:31 core.sweep_detector INFO: SweepDetector v2: 0 raw → 0 confirmed (vol≥1.5× body≥40%)
11:36:31 core.sweep_detector INFO: OrderBlocks: 2 detected, 0 unmitigated
11:36:31 core.sweep_detector INFO: FVGs: 12 detected, 4 unfilled
11:36:33 core.sweep_detector INFO: SweepDetector v2: 5 raw → 2 confirmed (vol≥1.5× body≥40%)
11:36:33 core.sweep_detector INFO: OrderBlocks: 8 detected, 3 unmitigated
11:36:33 core.sweep_detector INFO: FVGs: 10 detected, 5 unfilled
11:36:35 core.sweep_detector INFO: SweepDetector v2: 2 raw → 0 confirmed (vol≥1.5× body≥40%)
11:36:35 core.sweep_detector INFO: OrderBlocks: 4 detected, 1 unmitigated
11:36:35 core.sweep_detector INFO: FVGs: 12 detected, 5 unfilled
11:36:37 core.sweep_detector INFO: SweepDetector v2: 6 raw → 3 confirmed (vol≥1.5× body≥40%)
11:36:37 core.sweep_detector INFO: OrderBlocks: 10 detected, 2 unmitigated
11:36:37 core.sweep_detector INFO: FVGs: 12 detected, 2 unfilled
11:36:39 core.sweep_detector INFO: SweepDetector v2: 3 raw → 2 confirmed (vol≥1.5× body≥40%)
11:36:39 core.sweep_detector INFO: OrderBlocks: 9 detected, 2 unmitigated
11:36:39 core.sweep_detector INFO: FVGs: 10 detected, 3 unfilled
11:36:40 core.sweep_detector INFO: SweepDetector v2: 3 raw → 1 confirmed (vol≥1.5× body≥40%)
11:36:40 core.sweep_detector INFO: OrderBlocks: 2 detected, 0 unmitigated
11:36:40 core.sweep_detector INFO: FVGs: 9 detected, 2 unfilled
11:36:42 core.sweep_detector INFO: SweepDetector v2: 6 raw → 4 confirmed (vol≥1.5× body≥40%)
11:36:42 core.sweep_detector INFO: OrderBlocks: 6 detected, 1 unmitigated
11:36:42 core.sweep_detector INFO: FVGs: 9 detected, 4 unfilled
11:36:44 core.sweep_detector INFO: SweepDetector v2: 5 raw → 2 confirmed (vol≥1.5× body≥40%)
11:36:44 core.sweep_detector INFO: OrderBlocks: 7 detected, 2 unmitigated
11:36:44 core.sweep_detector INFO: FVGs: 8 detected, 5 unfilled
11:36:45 core.sweep_detector INFO: SweepDetector v2: 4 raw → 2 confirmed (vol≥1.5× body≥40%)
11:36:45 core.sweep_detector INFO: OrderBlocks: 11 detected, 2 unmitigated
11:36:45 core.sweep_detector INFO: FVGs: 11 detected, 3 unfilled
11:36:47 core.sweep_detector INFO: SweepDetector v2: 3 raw → 2 confirmed (vol≥1.5× body≥40%)
11:36:47 core.sweep_detector INFO: OrderBlocks: 14 detected, 2 unmitigated
11:36:47 core.sweep_detector INFO: FVGs: 14 detected, 1 unfilled
11:36:49 core.sweep_detector INFO: SweepDetector v2: 4 raw → 3 confirmed (vol≥1.5× body≥40%)
11:36:49 core.sweep_detector INFO: OrderBlocks: 2 detected, 1 unmitigated
11:36:49 core.sweep_detector INFO: FVGs: 7 detected, 1 unfilled
11:36:50 core.sweep_detector INFO: SweepDetector v2: 6 raw → 2 confirmed (vol≥1.5× body≥40%)
11:36:50 core.sweep_detector INFO: OrderBlocks: 1 detected, 0 unmitigated
11:36:50 core.sweep_detector INFO: FVGs: 3 detected, 1 unfilled
11:36:52 core.sweep_detector INFO: SweepDetector v2: 6 raw → 3 confirmed (vol≥1.5× body≥40%)
11:36:52 core.sweep_detector INFO: OrderBlocks: 6 detected, 4 unmitigated
11:36:52 core.sweep_detector INFO: FVGs: 11 detected, 4 unfilled
11:36:54 core.sweep_detector INFO: SweepDetector v2: 5 raw → 4 confirmed (vol≥1.5× body≥40%)
11:36:54 core.sweep_detector INFO: OrderBlocks: 5 detected, 1 unmitigated
11:36:54 core.sweep_detector INFO: FVGs: 9 detected, 5 unfilled
11:36:56 core.sweep_detector INFO: SweepDetector v2: 2 raw → 1 confirmed (vol≥1.5× body≥40%)
11:36:56 core.sweep_detector INFO: OrderBlocks: 5 detected, 2 unmitigated
11:36:56 core.sweep_detector INFO: FVGs: 9 detected, 3 unfilled
11:36:57 core.sweep_detector INFO: SweepDetector v2: 3 raw → 2 confirmed (vol≥1.5× body≥40%)
11:36:57 core.sweep_detector INFO: OrderBlocks: 5 detected, 4 unmitigated
11:36:57 core.sweep_detector INFO: FVGs: 7 detected, 3 unfilled
11:36:59 core.sweep_detector INFO: SweepDetector v2: 3 raw → 3 confirmed (vol≥1.5× body≥40%)
11:36:59 core.sweep_detector INFO: OrderBlocks: 1 detected, 0 unmitigated
11:36:59 core.sweep_detector INFO: FVGs: 5 detected, 2 unfilled
11:37:01 core.sweep_detector INFO: SweepDetector v2: 3 raw → 2 confirmed (vol≥1.5× body≥40%)
11:37:01 core.sweep_detector INFO: OrderBlocks: 2 detected, 1 unmitigated
11:37:01 core.sweep_detector INFO: FVGs: 6 detected, 2 unfilled
11:37:02 core.sweep_detector INFO: SweepDetector v2: 3 raw → 1 confirmed (vol≥1.5× body≥40%)
11:37:02 core.sweep_detector INFO: OrderBlocks: 7 detected, 2 unmitigated
11:37:03 core.sweep_detector INFO: FVGs: 10 detected, 3 unfilled
11:37:04 core.sweep_detector INFO: SweepDetector v2: 5 raw → 3 confirmed (vol≥1.5× body≥40%)
11:37:04 core.sweep_detector INFO: OrderBlocks: 5 detected, 1 unmitigated
11:37:04 core.sweep_detector INFO: FVGs: 7 detected, 3 unfilled
11:37:06 core.sweep_detector INFO: SweepDetector v2: 5 raw → 4 confirmed (vol≥1.5× body≥40%)
11:37:06 core.sweep_detector INFO: OrderBlocks: 5 detected, 3 unmitigated
11:37:06 core.sweep_detector INFO: FVGs: 10 detected, 4 unfilled
11:37:08 core.sweep_detector INFO: SweepDetector v2: 1 raw → 1 confirmed (vol≥1.5× body≥40%)
11:37:08 core.sweep_detector INFO: OrderBlocks: 5 detected, 2 unmitigated
11:37:08 core.sweep_detector INFO: FVGs: 9 detected, 4 unfilled
11:37:09 core.sweep_detector INFO: SweepDetector v2: 3 raw → 0 confirmed (vol≥1.5× body≥40%)
11:37:09 core.sweep_detector INFO: OrderBlocks: 4 detected, 1 unmitigated
11:37:09 core.sweep_detector INFO: FVGs: 14 detected, 0 unfilled
11:37:11 core.sweep_detector INFO: SweepDetector v2: 5 raw → 3 confirmed (vol≥1.5× body≥40%)
11:37:11 core.sweep_detector INFO: OrderBlocks: 5 detected, 4 unmitigated
11:37:11 core.sweep_detector INFO: FVGs: 7 detected, 2 unfilled
11:37:14 core.sweep_detector INFO: SweepDetector v2: 6 raw → 2 confirmed (vol≥1.5× body≥40%)
11:37:14 core.sweep_detector INFO: OrderBlocks: 8 detected, 1 unmitigated
11:37:14 core.sweep_detector INFO: FVGs: 5 detected, 0 unfilled
11:37:16 core.sweep_detector INFO: SweepDetector v2: 3 raw → 1 confirmed (vol≥1.5× body≥40%)
11:37:16 core.sweep_detector INFO: OrderBlocks: 2 detected, 1 unmitigated
11:37:16 core.sweep_detector INFO: FVGs: 9 detected, 4 unfilled
11:37:18 core.sweep_detector INFO: SweepDetector v2: 6 raw → 3 confirmed (vol≥1.5× body≥40%)
11:37:18 core.sweep_detector INFO: OrderBlocks: 11 detected, 2 unmitigated
11:37:18 core.sweep_detector INFO: FVGs: 11 detected, 1 unfilled
11:37:19 core.sweep_detector INFO: SweepDetector v2: 6 raw → 5 confirmed (vol≥1.5× body≥40%)
11:37:19 core.sweep_detector INFO: OrderBlocks: 4 detected, 0 unmitigated
11:37:19 core.sweep_detector INFO: FVGs: 6 detected, 1 unfilled
11:37:21 core.sweep_detector INFO: SweepDetector v2: 4 raw → 3 confirmed (vol≥1.5× body≥40%)
11:37:21 core.sweep_detector INFO: OrderBlocks: 1 detected, 1 unmitigated
11:37:21 core.sweep_detector INFO: FVGs: 3 detected, 1 unfilled
11:37:23 core.sweep_detector INFO: SweepDetector v2: 2 raw → 2 confirmed (vol≥1.5× body≥40%)
11:37:23 core.sweep_detector INFO: OrderBlocks: 8 detected, 1 unmitigated
11:37:23 core.sweep_detector INFO: FVGs: 0 detected, 0 unfilled
11:37:26 core.sweep_detector INFO: SweepDetector v2: 2 raw → 2 confirmed (vol≥1.5× body≥40%)
11:37:26 core.sweep_detector INFO: OrderBlocks: 3 detected, 0 unmitigated
11:37:26 core.sweep_detector INFO: FVGs: 8 detected, 4 unfilled
11:37:29 core.sweep_detector INFO: SweepDetector v2: 2 raw → 1 confirmed (vol≥1.5× body≥40%)
11:37:29 core.sweep_detector INFO: OrderBlocks: 1 detected, 0 unmitigated
11:37:29 core.sweep_detector INFO: FVGs: 7 detected, 3 unfilled
11:37:31 core.sweep_detector INFO: SweepDetector v2: 3 raw → 1 confirmed (vol≥1.5× body≥40%)
11:37:31 core.sweep_detector INFO: OrderBlocks: 6 detected, 2 unmitigated
11:37:31 core.sweep_detector INFO: FVGs: 6 detected, 2 unfilled
11:37:33 core.sweep_detector INFO: SweepDetector v2: 4 raw → 3 confirmed (vol≥1.5× body≥40%)
11:37:33 core.sweep_detector INFO: OrderBlocks: 7 detected, 3 unmitigated
11:37:33 core.sweep_detector INFO: FVGs: 9 detected, 4 unfilled
11:37:35 core.sweep_detector INFO: SweepDetector v2: 4 raw → 4 confirmed (vol≥1.5× body≥40%)
11:37:35 core.sweep_detector INFO: OrderBlocks: 2 detected, 0 unmitigated
11:37:35 core.sweep_detector INFO: FVGs: 4 detected, 2 unfilled
11:37:36 core.sweep_detector INFO: SweepDetector v2: 1 raw → 1 confirmed (vol≥1.5× body≥40%)
11:37:36 core.sweep_detector INFO: OrderBlocks: 6 detected, 2 unmitigated
11:37:36 core.sweep_detector INFO: FVGs: 5 detected, 1 unfilled
11:37:38 core.sweep_detector INFO: SweepDetector v2: 2 raw → 2 confirmed (vol≥1.5× body≥40%)
11:37:38 core.sweep_detector INFO: OrderBlocks: 4 detected, 1 unmitigated
11:37:38 core.sweep_detector INFO: FVGs: 5 detected, 1 unfilled
11:37:40 core.sweep_detector INFO: SweepDetector v2: 4 raw → 3 confirmed (vol≥1.5× body≥40%)
11:37:40 core.sweep_detector INFO: OrderBlocks: 1 detected, 0 unmitigated
11:37:40 core.sweep_detector INFO: FVGs: 4 detected, 1 unfilled
11:37:42 core.sweep_detector INFO: SweepDetector v2: 2 raw → 2 confirmed (vol≥1.5× body≥40%)
11:37:42 core.sweep_detector INFO: OrderBlocks: 2 detected, 1 unmitigated
11:37:42 core.sweep_detector INFO: FVGs: 0 detected, 0 unfilled
11:37:44 core.sweep_detector INFO: SweepDetector v2: 5 raw → 3 confirmed (vol≥1.5× body≥40%)
11:37:44 core.sweep_detector INFO: OrderBlocks: 3 detected, 1 unmitigated
11:37:44 core.sweep_detector INFO: FVGs: 10 detected, 1 unfilled
11:37:45 core.sweep_detector INFO: SweepDetector v2: 4 raw → 2 confirmed (vol≥1.5× body≥40%)
11:37:45 core.sweep_detector INFO: OrderBlocks: 5 detected, 3 unmitigated
11:37:45 core.sweep_detector INFO: FVGs: 11 detected, 5 unfilled
11:37:47 core.sweep_detector INFO: SweepDetector v2: 5 raw → 4 confirmed (vol≥1.5× body≥40%)
11:37:47 core.sweep_detector INFO: OrderBlocks: 3 detected, 1 unmitigated
11:37:47 core.sweep_detector INFO: FVGs: 10 detected, 5 unfilled
11:37:49 core.sweep_detector INFO: SweepDetector v2: 3 raw → 2 confirmed (vol≥1.5× body≥40%)
11:37:49 core.sweep_detector INFO: OrderBlocks: 8 detected, 3 unmitigated
11:37:49 core.sweep_detector INFO: FVGs: 10 detected, 3 unfilled
11:37:51 core.sweep_detector INFO: SweepDetector v2: 7 raw → 3 confirmed (vol≥1.5× body≥40%)
11:37:51 core.sweep_detector INFO: OrderBlocks: 1 detected, 0 unmitigated
11:37:51 core.sweep_detector INFO: FVGs: 10 detected, 4 unfilled
11:37:53 core.sweep_detector INFO: SweepDetector v2: 3 raw → 1 confirmed (vol≥1.5× body≥40%)
11:37:53 core.sweep_detector INFO: OrderBlocks: 3 detected, 0 unmitigated
11:37:53 core.sweep_detector INFO: FVGs: 4 detected, 1 unfilled
11:37:55 core.sweep_detector INFO: SweepDetector v2: 1 raw → 0 confirmed (vol≥1.5× body≥40%)
11:37:55 core.sweep_detector INFO: OrderBlocks: 5 detected, 1 unmitigated
11:37:55 core.sweep_detector INFO: FVGs: 5 detected, 2 unfilled
11:37:56 core.sweep_detector INFO: SweepDetector v2: 8 raw → 6 confirmed (vol≥1.5× body≥40%)
11:37:56 core.sweep_detector INFO: OrderBlocks: 1 detected, 0 unmitigated
11:37:56 core.sweep_detector INFO: FVGs: 7 detected, 1 unfilled
11:37:58 core.sweep_detector INFO: SweepDetector v2: 1 raw → 1 confirmed (vol≥1.5× body≥40%)
11:37:58 core.sweep_detector INFO: OrderBlocks: 4 detected, 1 unmitigated
11:37:58 core.sweep_detector INFO: FVGs: 3 detected, 1 unfilled
11:38:00 core.sweep_detector INFO: SweepDetector v2: 1 raw → 1 confirmed (vol≥1.5× body≥40%)
11:38:00 core.sweep_detector INFO: OrderBlocks: 3 detected, 0 unmitigated
11:38:00 core.sweep_detector INFO: FVGs: 12 detected, 2 unfilled
11:38:02 core.sweep_detector INFO: SweepDetector v2: 3 raw → 2 confirmed (vol≥1.5× body≥40%)
11:38:02 core.sweep_detector INFO: OrderBlocks: 5 detected, 1 unmitigated
11:38:02 core.sweep_detector INFO: FVGs: 4 detected, 1 unfilled
11:38:03 core.sweep_detector INFO: SweepDetector v2: 5 raw → 3 confirmed (vol≥1.5× body≥40%)
11:38:03 core.sweep_detector INFO: OrderBlocks: 4 detected, 0 unmitigated
11:38:03 core.sweep_detector INFO: FVGs: 8 detected, 1 unfilled
11:38:05 core.sweep_detector INFO: SweepDetector v2: 4 raw → 4 confirmed (vol≥1.5× body≥40%)
11:38:05 core.sweep_detector INFO: OrderBlocks: 7 detected, 3 unmitigated
11:38:05 core.sweep_detector INFO: FVGs: 9 detected, 2 unfilled
11:38:07 core.sweep_detector INFO: SweepDetector v2: 6 raw → 4 confirmed (vol≥1.5× body≥40%)
11:38:07 core.sweep_detector INFO: OrderBlocks: 5 detected, 2 unmitigated
11:38:07 core.sweep_detector INFO: FVGs: 7 detected, 1 unfilled
11:38:08 core.sweep_detector INFO: SweepDetector v2: 3 raw → 3 confirmed (vol≥1.5× body≥40%)
11:38:08 core.sweep_detector INFO: OrderBlocks: 5 detected, 2 unmitigated
11:38:08 core.sweep_detector INFO: FVGs: 7 detected, 1 unfilled
11:38:10 core.sweep_detector INFO: SweepDetector v2: 4 raw → 2 confirmed (vol≥1.5× body≥40%)
11:38:10 core.sweep_detector INFO: OrderBlocks: 2 detected, 1 unmitigated
11:38:10 core.sweep_detector INFO: FVGs: 12 detected, 6 unfilled
11:38:12 core.sweep_detector INFO: SweepDetector v2: 3 raw → 1 confirmed (vol≥1.5× body≥40%)
11:38:12 core.sweep_detector INFO: OrderBlocks: 3 detected, 2 unmitigated
11:38:12 core.sweep_detector INFO: FVGs: 13 detected, 5 unfilled
11:38:13 core.sweep_detector INFO: SweepDetector v2: 1 raw → 0 confirmed (vol≥1.5× body≥40%)
11:38:13 core.sweep_detector INFO: OrderBlocks: 6 detected, 1 unmitigated
11:38:13 core.sweep_detector INFO: FVGs: 15 detected, 3 unfilled
11:38:15 core.sweep_detector INFO: SweepDetector v2: 0 raw → 0 confirmed (vol≥1.5× body≥40%)
11:38:15 core.sweep_detector INFO: OrderBlocks: 1 detected, 0 unmitigated
11:38:15 core.sweep_detector INFO: FVGs: 0 detected, 0 unfilled
11:38:17 core.sweep_detector INFO: SweepDetector v2: 0 raw → 0 confirmed (vol≥1.5× body≥40%)
11:38:17 core.sweep_detector INFO: OrderBlocks: 0 detected, 0 unmitigated
11:38:17 core.sweep_detector INFO: FVGs: 0 detected, 0 unfilled
11:38:18 core.sweep_detector INFO: SweepDetector v2: 0 raw → 0 confirmed (vol≥1.5× body≥40%)
11:38:18 core.sweep_detector INFO: OrderBlocks: 1 detected, 0 unmitigated
11:38:18 core.sweep_detector INFO: FVGs: 0 detected, 0 unfilled
11:38:20 core.sweep_detector INFO: SweepDetector v2: 2 raw → 2 confirmed (vol≥1.5× body≥40%)
11:38:20 core.sweep_detector INFO: OrderBlocks: 5 detected, 2 unmitigated
11:38:20 core.sweep_detector INFO: FVGs: 6 detected, 1 unfilled
11:38:22 core.sweep_detector INFO: SweepDetector v2: 4 raw → 4 confirmed (vol≥1.5× body≥40%)
11:38:22 core.sweep_detector INFO: OrderBlocks: 3 detected, 1 unmitigated
11:38:22 core.sweep_detector INFO: FVGs: 12 detected, 0 unfilled
11:38:23 core.sweep_detector INFO: SweepDetector v2: 2 raw → 1 confirmed (vol≥1.5× body≥40%)
11:38:23 core.sweep_detector INFO: OrderBlocks: 8 detected, 3 unmitigated
11:38:23 core.sweep_detector INFO: FVGs: 5 detected, 2 unfilled
11:38:25 core.sweep_detector INFO: SweepDetector v2: 6 raw → 3 confirmed (vol≥1.5× body≥40%)
11:38:25 core.sweep_detector INFO: OrderBlocks: 9 detected, 1 unmitigated
11:38:25 core.sweep_detector INFO: FVGs: 13 detected, 6 unfilled
11:38:26 core.sweep_detector INFO: SweepDetector v2: 6 raw → 4 confirmed (vol≥1.5× body≥40%)
11:38:26 core.sweep_detector INFO: OrderBlocks: 2 detected, 1 unmitigated
11:38:26 core.sweep_detector INFO: FVGs: 6 detected, 2 unfilled
11:38:28 core.sweep_detector INFO: SweepDetector v2: 3 raw → 1 confirmed (vol≥1.5× body≥40%)
11:38:28 core.sweep_detector INFO: OrderBlocks: 2 detected, 0 unmitigated
11:38:28 core.sweep_detector INFO: FVGs: 3 detected, 0 unfilled
11:38:30 core.sweep_detector INFO: SweepDetector v2: 2 raw → 1 confirmed (vol≥1.5× body≥40%)
11:38:30 core.sweep_detector INFO: OrderBlocks: 7 detected, 0 unmitigated
11:38:30 core.sweep_detector INFO: FVGs: 9 detected, 2 unfilled
11:38:31 core.sweep_detector INFO: SweepDetector v2: 4 raw → 2 confirmed (vol≥1.5× body≥40%)
11:38:31 core.sweep_detector INFO: OrderBlocks: 3 detected, 1 unmitigated
11:38:31 core.sweep_detector INFO: FVGs: 10 detected, 2 unfilled
11:38:33 core.sweep_detector INFO: SweepDetector v2: 0 raw → 0 confirmed (vol≥1.5× body≥40%)
11:38:33 core.sweep_detector INFO: OrderBlocks: 6 detected, 3 unmitigated
11:38:33 core.sweep_detector INFO: FVGs: 7 detected, 2 unfilled
11:38:36 core.sweep_detector INFO: SweepDetector v2: 6 raw → 3 confirmed (vol≥1.5× body≥40%)
11:38:36 core.sweep_detector INFO: OrderBlocks: 6 detected, 1 unmitigated
11:38:36 core.sweep_detector INFO: FVGs: 11 detected, 1 unfilled
11:38:37 core.sweep_detector INFO: SweepDetector v2: 4 raw → 2 confirmed (vol≥1.5× body≥40%)
11:38:37 core.sweep_detector INFO: OrderBlocks: 0 detected, 0 unmitigated
11:38:37 core.sweep_detector INFO: FVGs: 5 detected, 3 unfilled
11:38:39 core.sweep_detector INFO: SweepDetector v2: 5 raw → 1 confirmed (vol≥1.5× body≥40%)
11:38:39 core.sweep_detector INFO: OrderBlocks: 4 detected, 1 unmitigated
11:38:39 core.sweep_detector INFO: FVGs: 6 detected, 3 unfilled
11:38:41 core.sweep_detector INFO: SweepDetector v2: 3 raw → 2 confirmed (vol≥1.5× body≥40%)
11:38:41 core.sweep_detector INFO: OrderBlocks: 4 detected, 2 unmitigated
11:38:41 core.sweep_detector INFO: FVGs: 10 detected, 7 unfilled
11:38:43 core.sweep_detector INFO: SweepDetector v2: 3 raw → 1 confirmed (vol≥1.5× body≥40%)
11:38:43 core.sweep_detector INFO: OrderBlocks: 2 detected, 0 unmitigated
11:38:44 core.sweep_detector INFO: FVGs: 6 detected, 1 unfilled
11:38:45 core.sweep_detector INFO: SweepDetector v2: 2 raw → 1 confirmed (vol≥1.5× body≥40%)
11:38:45 core.sweep_detector INFO: OrderBlocks: 5 detected, 1 unmitigated
11:38:45 core.sweep_detector INFO: FVGs: 5 detected, 1 unfilled
11:38:47 core.sweep_detector INFO: SweepDetector v2: 6 raw → 4 confirmed (vol≥1.5× body≥40%)
11:38:47 core.sweep_detector INFO: OrderBlocks: 7 detected, 2 unmitigated
11:38:47 core.sweep_detector INFO: FVGs: 8 detected, 2 unfilled
11:38:48 core.sweep_detector INFO: SweepDetector v2: 4 raw → 3 confirmed (vol≥1.5× body≥40%)
11:38:48 core.sweep_detector INFO: OrderBlocks: 6 detected, 3 unmitigated
11:38:48 core.sweep_detector INFO: FVGs: 16 detected, 4 unfilled
11:38:50 core.sweep_detector INFO: SweepDetector v2: 2 raw → 2 confirmed (vol≥1.5× body≥40%)
11:38:50 core.sweep_detector INFO: OrderBlocks: 7 detected, 3 unmitigated
11:38:50 core.sweep_detector INFO: FVGs: 11 detected, 8 unfilled
11:38:52 core.sweep_detector INFO: SweepDetector v2: 1 raw → 1 confirmed (vol≥1.5× body≥40%)
11:38:52 core.sweep_detector INFO: OrderBlocks: 5 detected, 1 unmitigated
11:38:52 core.sweep_detector INFO: FVGs: 8 detected, 3 unfilled
11:38:55 core.sweep_detector INFO: SweepDetector v2: 3 raw → 2 confirmed (vol≥1.5× body≥40%)
11:38:55 core.sweep_detector INFO: OrderBlocks: 3 detected, 2 unmitigated
11:38:55 core.sweep_detector INFO: FVGs: 5 detected, 2 unfilled
11:38:57 core.sweep_detector INFO: SweepDetector v2: 1 raw → 1 confirmed (vol≥1.5× body≥40%)
11:38:57 core.sweep_detector INFO: OrderBlocks: 2 detected, 0 unmitigated
11:38:57 core.sweep_detector INFO: FVGs: 0 detected, 0 unfilled
11:38:59 core.sweep_detector INFO: SweepDetector v2: 5 raw → 2 confirmed (vol≥1.5× body≥40%)
11:38:59 core.sweep_detector INFO: OrderBlocks: 3 detected, 2 unmitigated
11:38:59 core.sweep_detector INFO: FVGs: 12 detected, 8 unfilled
11:39:00 core.sweep_detector INFO: SweepDetector v2: 3 raw → 2 confirmed (vol≥1.5× body≥40%)
11:39:00 core.sweep_detector INFO: OrderBlocks: 0 detected, 0 unmitigated
11:39:00 core.sweep_detector INFO: FVGs: 1 detected, 0 unfilled
11:39:02 core.sweep_detector INFO: SweepDetector v2: 5 raw → 5 confirmed (vol≥1.5× body≥40%)
11:39:02 core.sweep_detector INFO: OrderBlocks: 3 detected, 0 unmitigated
11:39:02 core.sweep_detector INFO: FVGs: 6 detected, 1 unfilled
11:39:04 core.sweep_detector INFO: SweepDetector v2: 3 raw → 3 confirmed (vol≥1.5× body≥40%)
11:39:04 core.sweep_detector INFO: OrderBlocks: 7 detected, 2 unmitigated
11:39:04 core.sweep_detector INFO: FVGs: 7 detected, 1 unfilled
11:39:05 core.sweep_detector INFO: SweepDetector v2: 3 raw → 0 confirmed (vol≥1.5× body≥40%)
11:39:05 core.sweep_detector INFO: OrderBlocks: 3 detected, 0 unmitigated
11:39:05 core.sweep_detector INFO: FVGs: 3 detected, 0 unfilled
11:39:07 core.sweep_detector INFO: SweepDetector v2: 6 raw → 3 confirmed (vol≥1.5× body≥40%)
11:39:07 core.sweep_detector INFO: OrderBlocks: 5 detected, 2 unmitigated
11:39:07 core.sweep_detector INFO: FVGs: 4 detected, 0 unfilled
11:39:09 core.sweep_detector INFO: SweepDetector v2: 6 raw → 2 confirmed (vol≥1.5× body≥40%)
11:39:09 core.sweep_detector INFO: OrderBlocks: 7 detected, 1 unmitigated
11:39:09 core.sweep_detector INFO: FVGs: 8 detected, 3 unfilled
11:39:10 core.sweep_detector INFO: SweepDetector v2: 5 raw → 2 confirmed (vol≥1.5× body≥40%)
11:39:10 core.sweep_detector INFO: OrderBlocks: 3 detected, 2 unmitigated
11:39:10 core.sweep_detector INFO: FVGs: 8 detected, 2 unfilled
11:39:12 core.sweep_detector INFO: SweepDetector v2: 1 raw → 1 confirmed (vol≥1.5× body≥40%)
11:39:12 core.sweep_detector INFO: OrderBlocks: 4 detected, 2 unmitigated
11:39:12 core.sweep_detector INFO: FVGs: 3 detected, 1 unfilled
11:39:14 core.sweep_detector INFO: SweepDetector v2: 5 raw → 3 confirmed (vol≥1.5× body≥40%)
11:39:14 core.sweep_detector INFO: OrderBlocks: 7 detected, 2 unmitigated
11:39:14 core.sweep_detector INFO: FVGs: 9 detected, 1 unfilled
11:39:16 core.sweep_detector INFO: SweepDetector v2: 4 raw → 2 confirmed (vol≥1.5× body≥40%)
11:39:16 core.sweep_detector INFO: OrderBlocks: 4 detected, 2 unmitigated
11:39:16 core.sweep_detector INFO: FVGs: 13 detected, 5 unfilled
11:39:18 core.sweep_detector INFO: SweepDetector v2: 7 raw → 4 confirmed (vol≥1.5× body≥40%)
11:39:18 core.sweep_detector INFO: OrderBlocks: 3 detected, 3 unmitigated
11:39:18 core.sweep_detector INFO: FVGs: 7 detected, 4 unfilled
11:39:20 core.sweep_detector INFO: SweepDetector v2: 3 raw → 1 confirmed (vol≥1.5× body≥40%)
11:39:20 core.sweep_detector INFO: OrderBlocks: 7 detected, 3 unmitigated
11:39:20 core.sweep_detector INFO: FVGs: 13 detected, 5 unfilled
11:39:21 core.sweep_detector INFO: SweepDetector v2: 6 raw → 4 confirmed (vol≥1.5× body≥40%)
11:39:21 core.sweep_detector INFO: OrderBlocks: 1 detected, 0 unmitigated
11:39:21 core.sweep_detector INFO: FVGs: 8 detected, 3 unfilled
11:39:23 core.sweep_detector INFO: SweepDetector v2: 1 raw → 1 confirmed (vol≥1.5× body≥40%)
11:39:23 core.sweep_detector INFO: OrderBlocks: 1 detected, 0 unmitigated
11:39:23 core.sweep_detector INFO: FVGs: 6 detected, 0 unfilled
11:39:25 core.sweep_detector INFO: SweepDetector v2: 10 raw → 6 confirmed (vol≥1.5× body≥40%)
11:39:25 core.sweep_detector INFO: OrderBlocks: 6 detected, 5 unmitigated
11:39:25 core.sweep_detector INFO: FVGs: 14 detected, 8 unfilled
11:39:27 core.sweep_detector INFO: SweepDetector v2: 4 raw → 2 confirmed (vol≥1.5× body≥40%)
11:39:27 core.sweep_detector INFO: OrderBlocks: 4 detected, 4 unmitigated
11:39:27 core.sweep_detector INFO: FVGs: 8 detected, 5 unfilled
11:39:28 core.sweep_detector INFO: SweepDetector v2: 4 raw → 4 confirmed (vol≥1.5× body≥40%)
11:39:28 core.sweep_detector INFO: OrderBlocks: 7 detected, 2 unmitigated
11:39:28 core.sweep_detector INFO: FVGs: 17 detected, 9 unfilled
11:39:30 core.sweep_detector INFO: SweepDetector v2: 3 raw → 3 confirmed (vol≥1.5× body≥40%)
11:39:30 core.sweep_detector INFO: OrderBlocks: 5 detected, 1 unmitigated
11:39:30 core.sweep_detector INFO: FVGs: 10 detected, 3 unfilled
11:39:32 core.sweep_detector INFO: SweepDetector v2: 0 raw → 0 confirmed (vol≥1.5× body≥40%)
11:39:32 core.sweep_detector INFO: OrderBlocks: 1 detected, 0 unmitigated
11:39:32 core.sweep_detector INFO: FVGs: 11 detected, 6 unfilled
11:39:33 core.sweep_detector INFO: SweepDetector v2: 4 raw → 2 confirmed (vol≥1.5× body≥40%)
11:39:33 core.sweep_detector INFO: OrderBlocks: 0 detected, 0 unmitigated
11:39:33 core.sweep_detector INFO: FVGs: 7 detected, 0 unfilled
11:39:35 core.sweep_detector INFO: SweepDetector v2: 1 raw → 0 confirmed (vol≥1.5× body≥40%)
11:39:35 core.sweep_detector INFO: OrderBlocks: 7 detected, 4 unmitigated
11:39:35 core.sweep_detector INFO: FVGs: 11 detected, 4 unfilled
11:39:37 core.sweep_detector INFO: SweepDetector v2: 4 raw → 3 confirmed (vol≥1.5× body≥40%)
11:39:37 core.sweep_detector INFO: OrderBlocks: 2 detected, 2 unmitigated
11:39:37 core.sweep_detector INFO: FVGs: 7 detected, 4 unfilled
11:39:38 core.sweep_detector INFO: SweepDetector v2: 2 raw → 1 confirmed (vol≥1.5× body≥40%)
11:39:38 core.sweep_detector INFO: OrderBlocks: 4 detected, 1 unmitigated
11:39:38 core.sweep_detector INFO: FVGs: 3 detected, 1 unfilled
11:39:40 core.sweep_detector INFO: SweepDetector v2: 6 raw → 2 confirmed (vol≥1.5× body≥40%)
11:39:40 core.sweep_detector INFO: OrderBlocks: 3 detected, 3 unmitigated
11:39:40 core.sweep_detector INFO: FVGs: 6 detected, 4 unfilled
11:39:41 core.sweep_detector INFO: SweepDetector v2: 3 raw → 1 confirmed (vol≥1.5× body≥40%)
11:39:41 core.sweep_detector INFO: OrderBlocks: 5 detected, 3 unmitigated
11:39:42 core.sweep_detector INFO: FVGs: 14 detected, 3 unfilled
11:39:43 core.sweep_detector INFO: SweepDetector v2: 1 raw → 1 confirmed (vol≥1.5× body≥40%)
11:39:43 core.sweep_detector INFO: OrderBlocks: 8 detected, 2 unmitigated
11:39:43 core.sweep_detector INFO: FVGs: 8 detected, 1 unfilled
11:39:45 core.sweep_detector INFO: SweepDetector v2: 9 raw → 5 confirmed (vol≥1.5× body≥40%)
11:39:45 core.sweep_detector INFO: OrderBlocks: 3 detected, 1 unmitigated
11:39:45 core.sweep_detector INFO: FVGs: 4 detected, 1 unfilled
11:39:47 core.sweep_detector INFO: SweepDetector v2: 5 raw → 4 confirmed (vol≥1.5× body≥40%)
11:39:47 core.sweep_detector INFO: OrderBlocks: 3 detected, 0 unmitigated
11:39:47 core.sweep_detector INFO: FVGs: 4 detected, 0 unfilled
11:39:48 core.sweep_detector INFO: SweepDetector v2: 3 raw → 2 confirmed (vol≥1.5× body≥40%)
11:39:48 core.sweep_detector INFO: OrderBlocks: 7 detected, 2 unmitigated
11:39:48 core.sweep_detector INFO: FVGs: 7 detected, 1 unfilled
11:39:50 core.sweep_detector INFO: SweepDetector v2: 5 raw → 3 confirmed (vol≥1.5× body≥40%)
11:39:50 core.sweep_detector INFO: OrderBlocks: 0 detected, 0 unmitigated
11:39:50 core.sweep_detector INFO: FVGs: 11 detected, 11 unfilled
11:39:52 core.sweep_detector INFO: SweepDetector v2: 4 raw → 3 confirmed (vol≥1.5× body≥40%)
11:39:52 core.sweep_detector INFO: OrderBlocks: 3 detected, 0 unmitigated
11:39:52 core.sweep_detector INFO: FVGs: 9 detected, 4 unfilled
11:39:54 core.sweep_detector INFO: SweepDetector v2: 5 raw → 5 confirmed (vol≥1.5× body≥40%)
11:39:54 core.sweep_detector INFO: OrderBlocks: 7 detected, 1 unmitigated
11:39:54 core.sweep_detector INFO: FVGs: 7 detected, 1 unfilled
11:39:56 core.sweep_detector INFO: SweepDetector v2: 4 raw → 1 confirmed (vol≥1.5× body≥40%)
11:39:56 core.sweep_detector INFO: OrderBlocks: 6 detected, 3 unmitigated
11:39:56 core.sweep_detector INFO: FVGs: 7 detected, 4 unfilled
11:39:58 core.sweep_detector INFO: SweepDetector v2: 5 raw → 3 confirmed (vol≥1.5× body≥40%)
11:39:58 core.sweep_detector INFO: OrderBlocks: 4 detected, 1 unmitigated
11:39:58 core.sweep_detector INFO: FVGs: 4 detected, 3 unfilled
11:40:01 core.sweep_detector INFO: SweepDetector v2: 3 raw → 2 confirmed (vol≥1.5× body≥40%)
11:40:01 core.sweep_detector INFO: OrderBlocks: 6 detected, 0 unmitigated
11:40:01 core.sweep_detector INFO: FVGs: 5 detected, 1 unfilled
11:40:02 core.sweep_detector INFO: SweepDetector v2: 2 raw → 1 confirmed (vol≥1.5× body≥40%)
11:40:02 core.sweep_detector INFO: OrderBlocks: 3 detected, 0 unmitigated
11:40:02 core.sweep_detector INFO: FVGs: 11 detected, 5 unfilled
11:40:04 core.sweep_detector INFO: SweepDetector v2: 1 raw → 1 confirmed (vol≥1.5× body≥40%)
11:40:04 core.sweep_detector INFO: OrderBlocks: 3 detected, 0 unmitigated
11:40:04 core.sweep_detector INFO: FVGs: 3 detected, 0 unfilled
11:40:06 core.sweep_detector INFO: SweepDetector v2: 3 raw → 1 confirmed (vol≥1.5× body≥40%)
11:40:06 core.sweep_detector INFO: OrderBlocks: 3 detected, 0 unmitigated
11:40:06 core.sweep_detector INFO: FVGs: 3 detected, 0 unfilled
11:40:06 __main__ INFO: Pending signal #18: binance:TON/USDT short entry=1.254 current=1.243 dist=0.88% expires=2h
11:40:06 alerts.telegram INFO: Alert suppressed (binance:TON/USDT short): conf 0.70 < threshold 0.75
11:40:08 core.sweep_detector INFO: SweepDetector v2: 1 raw → 0 confirmed (vol≥1.5× body≥40%)
11:40:08 core.sweep_detector INFO: OrderBlocks: 6 detected, 2 unmitigated
11:40:08 core.sweep_detector INFO: FVGs: 9 detected, 5 unfilled
11:40:09 core.sweep_detector INFO: SweepDetector v2: 4 raw → 3 confirmed (vol≥1.5× body≥40%)
11:40:09 core.sweep_detector INFO: OrderBlocks: 4 detected, 2 unmitigated
11:40:09 core.sweep_detector INFO: FVGs: 10 detected, 4 unfilled
11:40:11 core.sweep_detector INFO: SweepDetector v2: 2 raw → 1 confirmed (vol≥1.5× body≥40%)
11:40:11 core.sweep_detector INFO: OrderBlocks: 7 detected, 2 unmitigated
11:40:11 core.sweep_detector INFO: FVGs: 6 detected, 3 unfilled
11:40:14 core.sweep_detector INFO: SweepDetector v2: 3 raw → 1 confirmed (vol≥1.5× body≥40%)
11:40:14 core.sweep_detector INFO: OrderBlocks: 9 detected, 2 unmitigated
11:40:14 core.sweep_detector INFO: FVGs: 11 detected, 2 unfilled
11:40:16 core.sweep_detector INFO: SweepDetector v2: 4 raw → 2 confirmed (vol≥1.5× body≥40%)
11:40:16 core.sweep_detector INFO: OrderBlocks: 6 detected, 4 unmitigated
11:40:16 core.sweep_detector INFO: FVGs: 7 detected, 2 unfilled
11:40:18 core.sweep_detector INFO: SweepDetector v2: 2 raw → 1 confirmed (vol≥1.5× body≥40%)
11:40:18 core.sweep_detector INFO: OrderBlocks: 8 detected, 2 unmitigated
11:40:18 core.sweep_detector INFO: FVGs: 5 detected, 2 unfilled
11:40:20 core.sweep_detector INFO: SweepDetector v2: 0 raw → 0 confirmed (vol≥1.5× body≥40%)
11:40:20 core.sweep_detector INFO: OrderBlocks: 6 detected, 2 unmitigated
11:40:20 core.sweep_detector INFO: FVGs: 9 detected, 2 unfilled
11:40:22 core.sweep_detector INFO: SweepDetector v2: 4 raw → 2 confirmed (vol≥1.5× body≥40%)
11:40:22 core.sweep_detector INFO: OrderBlocks: 0 detected, 0 unmitigated
11:40:22 core.sweep_detector INFO: FVGs: 6 detected, 3 unfilled
11:40:24 core.sweep_detector INFO: SweepDetector v2: 2 raw → 0 confirmed (vol≥1.5× body≥40%)
11:40:24 core.sweep_detector INFO: OrderBlocks: 4 detected, 4 unmitigated
11:40:24 core.sweep_detector INFO: FVGs: 5 detected, 3 unfilled
11:40:26 core.sweep_detector INFO: SweepDetector v2: 4 raw → 2 confirmed (vol≥1.5× body≥40%)
11:40:26 core.sweep_detector INFO: OrderBlocks: 7 detected, 3 unmitigated
11:40:26 core.sweep_detector INFO: FVGs: 9 detected, 3 unfilled
11:40:28 core.sweep_detector INFO: SweepDetector v2: 3 raw → 0 confirmed (vol≥1.5× body≥40%)
11:40:28 core.sweep_detector INFO: OrderBlocks: 9 detected, 2 unmitigated
11:40:28 core.sweep_detector INFO: FVGs: 14 detected, 5 unfilled
11:40:29 core.sweep_detector INFO: SweepDetector v2: 1 raw → 0 confirmed (vol≥1.5× body≥40%)
11:40:29 core.sweep_detector INFO: OrderBlocks: 10 detected, 4 unmitigated
11:40:29 core.sweep_detector INFO: FVGs: 9 detected, 2 unfilled
11:40:31 core.sweep_detector INFO: SweepDetector v2: 0 raw → 0 confirmed (vol≥1.5× body≥40%)
11:40:31 core.sweep_detector INFO: OrderBlocks: 3 detected, 0 unmitigated
11:40:31 core.sweep_detector INFO: FVGs: 0 detected, 0 unfilled
11:40:33 core.sweep_detector INFO: SweepDetector v2: 0 raw → 0 confirmed (vol≥1.5× body≥40%)
11:40:33 core.sweep_detector INFO: OrderBlocks: 1 detected, 0 unmitigated
11:40:33 core.sweep_detector INFO: FVGs: 0 detected, 0 unfilled
11:40:34 core.sweep_detector INFO: SweepDetector v2: 0 raw → 0 confirmed (vol≥1.5× body≥40%)
11:40:34 core.sweep_detector INFO: OrderBlocks: 0 detected, 0 unmitigated
11:40:34 core.sweep_detector INFO: FVGs: 0 detected, 0 unfilled
11:40:36 core.sweep_detector INFO: SweepDetector v2: 4 raw → 3 confirmed (vol≥1.5× body≥40%)
11:40:36 core.sweep_detector INFO: OrderBlocks: 6 detected, 3 unmitigated
11:40:36 core.sweep_detector INFO: FVGs: 8 detected, 4 unfilled
11:40:38 core.sweep_detector INFO: SweepDetector v2: 5 raw → 3 confirmed (vol≥1.5× body≥40%)
11:40:38 core.sweep_detector INFO: OrderBlocks: 3 detected, 0 unmitigated
11:40:38 core.sweep_detector INFO: FVGs: 7 detected, 2 unfilled
11:40:39 core.sweep_detector INFO: SweepDetector v2: 1 raw → 1 confirmed (vol≥1.5× body≥40%)
11:40:39 core.sweep_detector INFO: OrderBlocks: 4 detected, 2 unmitigated
11:40:39 core.sweep_detector INFO: FVGs: 7 detected, 2 unfilled
11:40:41 core.sweep_detector INFO: SweepDetector v2: 1 raw → 1 confirmed (vol≥1.5× body≥40%)
11:40:41 core.sweep_detector INFO: OrderBlocks: 2 detected, 0 unmitigated
11:40:41 core.sweep_detector INFO: FVGs: 0 detected, 0 unfilled
11:40:43 core.sweep_detector INFO: SweepDetector v2: 0 raw → 0 confirmed (vol≥1.5× body≥40%)
11:40:43 core.sweep_detector INFO: OrderBlocks: 0 detected, 0 unmitigated
11:40:43 core.sweep_detector INFO: FVGs: 0 detected, 0 unfilled
11:40:45 core.sweep_detector INFO: SweepDetector v2: 0 raw → 0 confirmed (vol≥1.5× body≥40%)
11:40:45 core.sweep_detector INFO: OrderBlocks: 1 detected, 0 unmitigated
11:40:45 core.sweep_detector INFO: FVGs: 0 detected, 0 unfilled
11:40:47 core.sweep_detector INFO: SweepDetector v2: 0 raw → 0 confirmed (vol≥1.5× body≥40%)
11:40:47 core.sweep_detector INFO: OrderBlocks: 3 detected, 0 unmitigated
11:40:47 core.sweep_detector INFO: FVGs: 0 detected, 0 unfilled
11:40:49 core.sweep_detector INFO: SweepDetector v2: 0 raw → 0 confirmed (vol≥1.5× body≥40%)
11:40:49 core.sweep_detector INFO: OrderBlocks: 0 detected, 0 unmitigated
11:40:49 core.sweep_detector INFO: FVGs: 0 detected, 0 unfilled
11:40:51 core.sweep_detector INFO: SweepDetector v2: 0 raw → 0 confirmed (vol≥1.5× body≥40%)
11:40:51 core.sweep_detector INFO: OrderBlocks: 0 detected, 0 unmitigated
11:40:51 core.sweep_detector INFO: FVGs: 0 detected, 0 unfilled
11:40:53 core.sweep_detector INFO: SweepDetector v2: 0 raw → 0 confirmed (vol≥1.5× body≥40%)
11:40:53 core.sweep_detector INFO: OrderBlocks: 8 detected, 1 unmitigated
11:40:53 core.sweep_detector INFO: FVGs: 5 detected, 2 unfilled
11:40:55 core.sweep_detector INFO: SweepDetector v2: 5 raw → 4 confirmed (vol≥1.5× body≥40%)
11:40:55 core.sweep_detector INFO: OrderBlocks: 5 detected, 2 unmitigated
11:40:55 core.sweep_detector INFO: FVGs: 13 detected, 4 unfilled
11:40:57 core.sweep_detector INFO: SweepDetector v2: 1 raw → 1 confirmed (vol≥1.5× body≥40%)
11:40:57 core.sweep_detector INFO: OrderBlocks: 3 detected, 3 unmitigated
11:40:57 core.sweep_detector INFO: FVGs: 7 detected, 6 unfilled
11:40:59 core.sweep_detector INFO: SweepDetector v2: 4 raw → 3 confirmed (vol≥1.5× body≥40%)
11:40:59 core.sweep_detector INFO: OrderBlocks: 4 detected, 0 unmitigated
11:40:59 core.sweep_detector INFO: FVGs: 9 detected, 4 unfilled
11:41:00 core.sweep_detector INFO: SweepDetector v2: 3 raw → 3 confirmed (vol≥1.5× body≥40%)
11:41:00 core.sweep_detector INFO: OrderBlocks: 1 detected, 0 unmitigated
11:41:00 core.sweep_detector INFO: FVGs: 6 detected, 1 unfilled
11:41:02 core.sweep_detector INFO: SweepDetector v2: 4 raw → 1 confirmed (vol≥1.5× body≥40%)
11:41:02 core.sweep_detector INFO: OrderBlocks: 3 detected, 1 unmitigated
11:41:02 core.sweep_detector INFO: FVGs: 4 detected, 1 unfilled
11:41:04 core.sweep_detector INFO: SweepDetector v2: 3 raw → 3 confirmed (vol≥1.5× body≥40%)
11:41:04 core.sweep_detector INFO: OrderBlocks: 4 detected, 2 unmitigated
11:41:04 core.sweep_detector INFO: FVGs: 8 detected, 2 unfilled
11:41:05 core.sweep_detector INFO: SweepDetector v2: 3 raw → 3 confirmed (vol≥1.5× body≥40%)
11:41:05 core.sweep_detector INFO: OrderBlocks: 2 detected, 0 unmitigated
11:41:05 core.sweep_detector INFO: FVGs: 9 detected, 1 unfilled
11:41:07 core.sweep_detector INFO: SweepDetector v2: 2 raw → 1 confirmed (vol≥1.5× body≥40%)
11:41:07 core.sweep_detector INFO: OrderBlocks: 8 detected, 2 unmitigated
11:41:07 core.sweep_detector INFO: FVGs: 4 detected, 1 unfilled
11:41:09 core.sweep_detector INFO: SweepDetector v2: 4 raw → 3 confirmed (vol≥1.5× body≥40%)
11:41:09 core.sweep_detector INFO: OrderBlocks: 3 detected, 1 unmitigated
11:41:09 core.sweep_detector INFO: FVGs: 7 detected, 4 unfilled
11:41:11 core.sweep_detector INFO: SweepDetector v2: 4 raw → 2 confirmed (vol≥1.5× body≥40%)
11:41:11 core.sweep_detector INFO: OrderBlocks: 2 detected, 1 unmitigated
11:41:11 core.sweep_detector INFO: FVGs: 4 detected, 1 unfilled
11:41:12 core.sweep_detector INFO: SweepDetector v2: 2 raw → 1 confirmed (vol≥1.5× body≥40%)
11:41:12 core.sweep_detector INFO: OrderBlocks: 1 detected, 0 unmitigated
11:41:12 core.sweep_detector INFO: FVGs: 1 detected, 0 unfilled
11:41:14 core.sweep_detector INFO: SweepDetector v2: 3 raw → 1 confirmed (vol≥1.5× body≥40%)
11:41:14 core.sweep_detector INFO: OrderBlocks: 6 detected, 5 unmitigated
11:41:14 core.sweep_detector INFO: FVGs: 13 detected, 6 unfilled
11:41:16 core.sweep_detector INFO: SweepDetector v2: 5 raw → 4 confirmed (vol≥1.5× body≥40%)
11:41:16 core.sweep_detector INFO: OrderBlocks: 1 detected, 0 unmitigated
11:41:16 core.sweep_detector INFO: FVGs: 8 detected, 2 unfilled
11:41:18 core.sweep_detector INFO: SweepDetector v2: 4 raw → 2 confirmed (vol≥1.5× body≥40%)
11:41:18 core.sweep_detector INFO: OrderBlocks: 11 detected, 3 unmitigated
11:41:18 core.sweep_detector INFO: FVGs: 12 detected, 3 unfilled
11:41:20 core.sweep_detector INFO: SweepDetector v2: 6 raw → 1 confirmed (vol≥1.5× body≥40%)
11:41:20 core.sweep_detector INFO: OrderBlocks: 6 detected, 1 unmitigated
11:41:20 core.sweep_detector INFO: FVGs: 5 detected, 2 unfilled
11:41:22 core.sweep_detector INFO: SweepDetector v2: 3 raw → 2 confirmed (vol≥1.5× body≥40%)
11:41:22 core.sweep_detector INFO: OrderBlocks: 4 detected, 0 unmitigated
11:41:22 core.sweep_detector INFO: FVGs: 5 detected, 3 unfilled
11:41:23 core.sweep_detector INFO: SweepDetector v2: 4 raw → 2 confirmed (vol≥1.5× body≥40%)
11:41:23 core.sweep_detector INFO: OrderBlocks: 5 detected, 0 unmitigated
11:41:23 core.sweep_detector INFO: FVGs: 3 detected, 0 unfilled
11:41:25 core.sweep_detector INFO: SweepDetector v2: 0 raw → 0 confirmed (vol≥1.5× body≥40%)
11:41:25 core.sweep_detector INFO: OrderBlocks: 0 detected, 0 unmitigated
11:41:25 core.sweep_detector INFO: FVGs: 2 detected, 1 unfilled
11:41:27 core.sweep_detector INFO: SweepDetector v2: 0 raw → 0 confirmed (vol≥1.5× body≥40%)
11:41:27 core.sweep_detector INFO: OrderBlocks: 1 detected, 1 unmitigated
11:41:27 core.sweep_detector INFO: FVGs: 4 detected, 2 unfilled
11:41:29 core.sweep_detector INFO: SweepDetector v2: 0 raw → 0 confirmed (vol≥1.5× body≥40%)
11:41:29 core.sweep_detector INFO: OrderBlocks: 10 detected, 0 unmitigated
11:41:29 core.sweep_detector INFO: FVGs: 0 detected, 0 unfilled
11:41:30 core.sweep_detector INFO: SweepDetector v2: 2 raw → 2 confirmed (vol≥1.5× body≥40%)
11:41:30 core.sweep_detector INFO: OrderBlocks: 7 detected, 3 unmitigated
11:41:30 core.sweep_detector INFO: FVGs: 8 detected, 3 unfilled
11:41:33 core.sweep_detector INFO: SweepDetector v2: 2 raw → 1 confirmed (vol≥1.5× body≥40%)
11:41:33 core.sweep_detector INFO: OrderBlocks: 3 detected, 1 unmitigated
11:41:33 core.sweep_detector INFO: FVGs: 7 detected, 2 unfilled
11:41:35 core.sweep_detector INFO: SweepDetector v2: 0 raw → 0 confirmed (vol≥1.5× body≥40%)
11:41:35 core.sweep_detector INFO: OrderBlocks: 7 detected, 2 unmitigated
11:41:35 core.sweep_detector INFO: FVGs: 5 detected, 1 unfilled
11:41:37 core.sweep_detector INFO: SweepDetector v2: 1 raw → 1 confirmed (vol≥1.5× body≥40%)
11:41:37 core.sweep_detector INFO: OrderBlocks: 8 detected, 1 unmitigated
11:41:37 core.sweep_detector INFO: FVGs: 9 detected, 3 unfilled
11:41:39 core.sweep_detector INFO: SweepDetector v2: 5 raw → 4 confirmed (vol≥1.5× body≥40%)
11:41:39 core.sweep_detector INFO: OrderBlocks: 1 detected, 0 unmitigated
11:41:39 core.sweep_detector INFO: FVGs: 13 detected, 3 unfilled
11:41:41 core.sweep_detector INFO: SweepDetector v2: 1 raw → 1 confirmed (vol≥1.5× body≥40%)
11:41:41 core.sweep_detector INFO: OrderBlocks: 3 detected, 2 unmitigated
11:41:41 core.sweep_detector INFO: FVGs: 5 detected, 3 unfilled
11:41:43 core.sweep_detector INFO: SweepDetector v2: 6 raw → 5 confirmed (vol≥1.5× body≥40%)
11:41:43 core.sweep_detector INFO: OrderBlocks: 4 detected, 1 unmitigated
11:41:43 core.sweep_detector INFO: FVGs: 8 detected, 2 unfilled
11:41:45 core.sweep_detector INFO: SweepDetector v2: 2 raw → 1 confirmed (vol≥1.5× body≥40%)
11:41:45 core.sweep_detector INFO: OrderBlocks: 3 detected, 1 unmitigated
11:41:45 core.sweep_detector INFO: FVGs: 5 detected, 1 unfilled
11:41:47 core.sweep_detector INFO: SweepDetector v2: 2 raw → 2 confirmed (vol≥1.5× body≥40%)
11:41:47 core.sweep_detector INFO: OrderBlocks: 10 detected, 1 unmitigated
11:41:47 core.sweep_detector INFO: FVGs: 6 detected, 1 unfilled
11:41:49 core.sweep_detector INFO: SweepDetector v2: 1 raw → 1 confirmed (vol≥1.5× body≥40%)
11:41:49 core.sweep_detector INFO: OrderBlocks: 0 detected, 0 unmitigated
11:41:49 core.sweep_detector INFO: FVGs: 0 detected, 0 unfilled
11:41:51 core.sweep_detector INFO: SweepDetector v2: 0 raw → 0 confirmed (vol≥1.5× body≥40%)
11:41:51 core.sweep_detector INFO: OrderBlocks: 3 detected, 0 unmitigated
11:41:51 core.sweep_detector INFO: FVGs: 0 detected, 0 unfilled
11:41:53 core.sweep_detector INFO: SweepDetector v2: 0 raw → 0 confirmed (vol≥1.5× body≥40%)
11:41:53 core.sweep_detector INFO: OrderBlocks: 0 detected, 0 unmitigated
11:41:53 core.sweep_detector INFO: FVGs: 0 detected, 0 unfilled
11:41:56 core.sweep_detector INFO: SweepDetector v2: 3 raw → 0 confirmed (vol≥1.5× body≥40%)
11:41:56 core.sweep_detector INFO: OrderBlocks: 5 detected, 2 unmitigated
11:41:56 core.sweep_detector INFO: FVGs: 5 detected, 0 unfilled
11:41:58 core.sweep_detector INFO: SweepDetector v2: 1 raw → 1 confirmed (vol≥1.5× body≥40%)
11:41:58 core.sweep_detector INFO: OrderBlocks: 6 detected, 1 unmitigated
11:41:58 core.sweep_detector INFO: FVGs: 9 detected, 3 unfilled
11:42:00 core.sweep_detector INFO: SweepDetector v2: 2 raw → 1 confirmed (vol≥1.5× body≥40%)
11:42:00 core.sweep_detector INFO: OrderBlocks: 8 detected, 2 unmitigated
11:42:00 core.sweep_detector INFO: FVGs: 10 detected, 3 unfilled
11:42:02 core.sweep_detector INFO: SweepDetector v2: 7 raw → 3 confirmed (vol≥1.5× body≥40%)
11:42:02 core.sweep_detector INFO: OrderBlocks: 9 detected, 1 unmitigated
11:42:02 core.sweep_detector INFO: FVGs: 9 detected, 1 unfilled
11:42:04 core.sweep_detector INFO: SweepDetector v2: 2 raw → 2 confirmed (vol≥1.5× body≥40%)
11:42:04 core.sweep_detector INFO: OrderBlocks: 7 detected, 2 unmitigated
11:42:04 core.sweep_detector INFO: FVGs: 15 detected, 3 unfilled
11:42:06 core.sweep_detector INFO: SweepDetector v2: 2 raw → 2 confirmed (vol≥1.5× body≥40%)
11:42:06 core.sweep_detector INFO: OrderBlocks: 6 detected, 1 unmitigated
11:42:06 core.sweep_detector INFO: FVGs: 9 detected, 3 unfilled
11:42:08 core.sweep_detector INFO: SweepDetector v2: 2 raw → 1 confirmed (vol≥1.5× body≥40%)
11:42:08 core.sweep_detector INFO: OrderBlocks: 6 detected, 0 unmitigated
11:42:08 core.sweep_detector INFO: FVGs: 6 detected, 1 unfilled
11:42:10 core.sweep_detector INFO: SweepDetector v2: 3 raw → 2 confirmed (vol≥1.5× body≥40%)
11:42:10 core.sweep_detector INFO: OrderBlocks: 1 detected, 0 unmitigated
11:42:10 core.sweep_detector INFO: FVGs: 6 detected, 0 unfilled
11:42:12 core.sweep_detector INFO: SweepDetector v2: 5 raw → 5 confirmed (vol≥1.5× body≥40%)
11:42:12 core.sweep_detector INFO: OrderBlocks: 8 detected, 1 unmitigated
11:42:12 core.sweep_detector INFO: FVGs: 8 detected, 2 unfilled
11:42:14 core.sweep_detector INFO: SweepDetector v2: 4 raw → 2 confirmed (vol≥1.5× body≥40%)
11:42:14 core.sweep_detector INFO: OrderBlocks: 6 detected, 3 unmitigated
11:42:14 core.sweep_detector INFO: FVGs: 8 detected, 4 unfilled
11:42:16 core.sweep_detector INFO: SweepDetector v2: 4 raw → 2 confirmed (vol≥1.5× body≥40%)
11:42:16 core.sweep_detector INFO: OrderBlocks: 3 detected, 0 unmitigated
11:42:16 core.sweep_detector INFO: FVGs: 10 detected, 3 unfilled
11:42:18 core.sweep_detector INFO: SweepDetector v2: 1 raw → 1 confirmed (vol≥1.5× body≥40%)
11:42:18 core.sweep_detector INFO: OrderBlocks: 7 detected, 1 unmitigated
11:42:18 core.sweep_detector INFO: FVGs: 6 detected, 2 unfilled
11:42:21 core.sweep_detector INFO: SweepDetector v2: 3 raw → 2 confirmed (vol≥1.5× body≥40%)
11:42:21 core.sweep_detector INFO: OrderBlocks: 6 detected, 2 unmitigated
11:42:21 core.sweep_detector INFO: FVGs: 7 detected, 2 unfilled
11:42:23 core.sweep_detector INFO: SweepDetector v2: 4 raw → 4 confirmed (vol≥1.5× body≥40%)
11:42:23 core.sweep_detector INFO: OrderBlocks: 0 detected, 0 unmitigated
11:42:23 core.sweep_detector INFO: FVGs: 12 detected, 2 unfilled
11:42:25 core.sweep_detector INFO: SweepDetector v2: 1 raw → 1 confirmed (vol≥1.5× body≥40%)
11:42:25 core.sweep_detector INFO: OrderBlocks: 5 detected, 1 unmitigated
11:42:25 core.sweep_detector INFO: FVGs: 10 detected, 2 unfilled
11:42:27 core.sweep_detector INFO: SweepDetector v2: 5 raw → 3 confirmed (vol≥1.5× body≥40%)
11:42:27 core.sweep_detector INFO: OrderBlocks: 8 detected, 3 unmitigated
11:42:27 core.sweep_detector INFO: FVGs: 11 detected, 2 unfilled
11:42:29 core.sweep_detector INFO: SweepDetector v2: 3 raw → 2 confirmed (vol≥1.5× body≥40%)
11:42:29 core.sweep_detector INFO: OrderBlocks: 5 detected, 0 unmitigated
11:42:29 core.sweep_detector INFO: FVGs: 5 detected, 1 unfilled
11:42:30 core.sweep_detector INFO: SweepDetector v2: 2 raw → 1 confirmed (vol≥1.5× body≥40%)
11:42:30 core.sweep_detector INFO: OrderBlocks: 4 detected, 1 unmitigated
11:42:30 core.sweep_detector INFO: FVGs: 5 detected, 0 unfilled
11:42:32 core.sweep_detector INFO: SweepDetector v2: 6 raw → 5 confirmed (vol≥1.5× body≥40%)
11:42:32 core.sweep_detector INFO: OrderBlocks: 6 detected, 2 unmitigated
11:42:32 core.sweep_detector INFO: FVGs: 7 detected, 4 unfilled
11:42:34 core.sweep_detector INFO: SweepDetector v2: 6 raw → 4 confirmed (vol≥1.5× body≥40%)
11:42:34 core.sweep_detector INFO: OrderBlocks: 5 detected, 1 unmitigated
11:42:34 core.sweep_detector INFO: FVGs: 7 detected, 2 unfilled
11:42:36 core.sweep_detector INFO: SweepDetector v2: 3 raw → 3 confirmed (vol≥1.5× body≥40%)
11:42:36 core.sweep_detector INFO: OrderBlocks: 8 detected, 2 unmitigated
11:42:36 core.sweep_detector INFO: FVGs: 8 detected, 3 unfilled
11:42:36 __main__ INFO: Checking 2 open trades for exit conditions
/root/.openclaw/workspace/projects/crypto-liquidity-hunter/main.py:555: DeprecationWarning: datetime.datetime.utcnow() is deprecated and scheduled for removal in a future version. Use timezone-aware objects to represent datetimes in UTC: datetime.datetime.now(datetime.UTC).
  scan_end     = datetime.utcnow()

=== SCAN ALL: 139 pairs, 3 timeframes ===
Total signals generated: 1
  binance:TON/USDT 15m SHORT Entry=1.25 SL=1.26 TP=1.24 R:R=4.76
