17:50:02 __main__ INFO: Volume filter: fetching all tickers in one call...
17:50:03 __main__ INFO: Volume filter: 79/447 pairs pass $2M threshold
/root/.openclaw/workspace/projects/crypto-liquidity-hunter/main.py:292: DeprecationWarning: datetime.datetime.utcnow() is deprecated and scheduled for removal in a future version. Use timezone-aware objects to represent datetimes in UTC: datetime.datetime.now(datetime.UTC).
  scan_start = datetime.utcnow()   # for duration tracking
17:50:05 core.binance_connector INFO: BinanceConnector: connected [LIVE FUTURES MAINNET]
17:50:05 __main__ INFO: Auto-executor: account 'Liquiddbot1' mode=live exec=auto
17:50:06 core.sweep_detector INFO: SweepDetector v2: 0 raw → 0 confirmed (vol≥2.5× body≥30%)
17:50:06 core.sweep_detector INFO: OrderBlocks: 9 detected, 4 unmitigated
17:50:06 core.sweep_detector INFO: FVGs: 12 detected, 7 unfilled
17:50:08 core.sweep_detector INFO: SweepDetector v2: 1 raw → 1 confirmed (vol≥2.5× body≥30%)
17:50:08 core.sweep_detector INFO: OrderBlocks: 2 detected, 0 unmitigated
17:50:08 core.sweep_detector INFO: FVGs: 6 detected, 3 unfilled
17:50:09 core.sweep_detector INFO: SweepDetector v2: 1 raw → 1 confirmed (vol≥2.5× body≥30%)
17:50:09 core.sweep_detector INFO: OrderBlocks: 9 detected, 3 unmitigated
17:50:09 core.sweep_detector INFO: FVGs: 7 detected, 4 unfilled
17:50:11 core.sweep_detector INFO: SweepDetector v2: 1 raw → 1 confirmed (vol≥2.5× body≥30%)
17:50:11 core.sweep_detector INFO: OrderBlocks: 7 detected, 0 unmitigated
17:50:11 core.sweep_detector INFO: FVGs: 10 detected, 4 unfilled
17:50:13 core.sweep_detector INFO: SweepDetector v2: 2 raw → 1 confirmed (vol≥2.5× body≥30%)
17:50:13 core.sweep_detector INFO: OrderBlocks: 3 detected, 2 unmitigated
17:50:13 core.sweep_detector INFO: FVGs: 4 detected, 2 unfilled
17:50:14 core.sweep_detector INFO: SweepDetector v2: 0 raw → 0 confirmed (vol≥2.5× body≥30%)
17:50:14 core.sweep_detector INFO: OrderBlocks: 6 detected, 2 unmitigated
17:50:14 core.sweep_detector INFO: FVGs: 4 detected, 2 unfilled
17:50:16 core.sweep_detector INFO: SweepDetector v2: 3 raw → 2 confirmed (vol≥2.5× body≥30%)
17:50:16 core.sweep_detector INFO: OrderBlocks: 6 detected, 2 unmitigated
17:50:16 core.sweep_detector INFO: FVGs: 8 detected, 1 unfilled
17:50:18 core.sweep_detector INFO: SweepDetector v2: 1 raw → 0 confirmed (vol≥2.5× body≥30%)
17:50:18 core.sweep_detector INFO: OrderBlocks: 4 detected, 2 unmitigated
17:50:18 core.sweep_detector INFO: FVGs: 7 detected, 3 unfilled
17:50:19 core.sweep_detector INFO: SweepDetector v2: 2 raw → 2 confirmed (vol≥2.5× body≥30%)
17:50:19 core.sweep_detector INFO: OrderBlocks: 3 detected, 2 unmitigated
17:50:19 core.sweep_detector INFO: FVGs: 9 detected, 5 unfilled
17:50:21 core.sweep_detector INFO: SweepDetector v2: 2 raw → 1 confirmed (vol≥2.5× body≥30%)
17:50:21 core.sweep_detector INFO: OrderBlocks: 7 detected, 2 unmitigated
17:50:21 core.sweep_detector INFO: FVGs: 8 detected, 2 unfilled
17:50:23 core.sweep_detector INFO: SweepDetector v2: 0 raw → 0 confirmed (vol≥2.5× body≥30%)
17:50:23 core.sweep_detector INFO: OrderBlocks: 1 detected, 0 unmitigated
17:50:23 core.sweep_detector INFO: FVGs: 9 detected, 4 unfilled
17:50:25 core.sweep_detector INFO: SweepDetector v2: 2 raw → 1 confirmed (vol≥2.5× body≥30%)
17:50:25 core.sweep_detector INFO: OrderBlocks: 1 detected, 0 unmitigated
17:50:25 core.sweep_detector INFO: FVGs: 5 detected, 1 unfilled
17:50:27 core.sweep_detector INFO: SweepDetector v2: 2 raw → 1 confirmed (vol≥2.5× body≥30%)
17:50:27 core.sweep_detector INFO: OrderBlocks: 5 detected, 3 unmitigated
17:50:27 core.sweep_detector INFO: FVGs: 10 detected, 5 unfilled
17:50:28 core.sweep_detector INFO: SweepDetector v2: 1 raw → 1 confirmed (vol≥2.5× body≥30%)
17:50:28 core.sweep_detector INFO: OrderBlocks: 3 detected, 1 unmitigated
17:50:28 core.sweep_detector INFO: FVGs: 4 detected, 1 unfilled
17:50:30 core.sweep_detector INFO: SweepDetector v2: 1 raw → 1 confirmed (vol≥2.5× body≥30%)
17:50:30 core.sweep_detector INFO: OrderBlocks: 2 detected, 2 unmitigated
17:50:30 core.sweep_detector INFO: FVGs: 10 detected, 3 unfilled
17:50:32 core.sweep_detector INFO: SweepDetector v2: 5 raw → 5 confirmed (vol≥2.5× body≥30%)
17:50:32 core.sweep_detector INFO: OrderBlocks: 1 detected, 0 unmitigated
17:50:32 core.sweep_detector INFO: FVGs: 3 detected, 0 unfilled
17:50:34 core.sweep_detector INFO: SweepDetector v2: 1 raw → 1 confirmed (vol≥2.5× body≥30%)
17:50:34 core.sweep_detector INFO: OrderBlocks: 4 detected, 0 unmitigated
17:50:34 core.sweep_detector INFO: FVGs: 1 detected, 0 unfilled
17:50:35 core.sweep_detector INFO: SweepDetector v2: 0 raw → 0 confirmed (vol≥2.5× body≥30%)
17:50:35 core.sweep_detector INFO: OrderBlocks: 1 detected, 0 unmitigated
17:50:35 core.sweep_detector INFO: FVGs: 1 detected, 0 unfilled
17:50:37 core.sweep_detector INFO: SweepDetector v2: 2 raw → 2 confirmed (vol≥2.5× body≥30%)
17:50:37 core.sweep_detector INFO: OrderBlocks: 3 detected, 1 unmitigated
17:50:37 core.sweep_detector INFO: FVGs: 12 detected, 6 unfilled
17:50:38 core.sweep_detector INFO: SweepDetector v2: 1 raw → 1 confirmed (vol≥2.5× body≥30%)
17:50:38 core.sweep_detector INFO: OrderBlocks: 2 detected, 1 unmitigated
17:50:38 core.sweep_detector INFO: FVGs: 5 detected, 1 unfilled
17:50:40 core.sweep_detector INFO: SweepDetector v2: 1 raw → 1 confirmed (vol≥2.5× body≥30%)
17:50:40 core.sweep_detector INFO: OrderBlocks: 5 detected, 1 unmitigated
17:50:40 core.sweep_detector INFO: FVGs: 3 detected, 0 unfilled
17:50:42 core.sweep_detector INFO: SweepDetector v2: 1 raw → 1 confirmed (vol≥2.5× body≥30%)
17:50:42 core.sweep_detector INFO: OrderBlocks: 6 detected, 3 unmitigated
17:50:42 core.sweep_detector INFO: FVGs: 7 detected, 3 unfilled
17:50:43 core.sweep_detector INFO: SweepDetector v2: 0 raw → 0 confirmed (vol≥2.5× body≥30%)
17:50:43 core.sweep_detector INFO: OrderBlocks: 3 detected, 1 unmitigated
17:50:43 core.sweep_detector INFO: FVGs: 6 detected, 1 unfilled
17:50:45 core.sweep_detector INFO: SweepDetector v2: 1 raw → 1 confirmed (vol≥2.5× body≥30%)
17:50:45 core.sweep_detector INFO: OrderBlocks: 6 detected, 0 unmitigated
17:50:45 core.sweep_detector INFO: FVGs: 4 detected, 1 unfilled
17:50:47 core.sweep_detector INFO: SweepDetector v2: 4 raw → 4 confirmed (vol≥2.5× body≥30%)
17:50:47 core.sweep_detector INFO: OrderBlocks: 2 detected, 2 unmitigated
17:50:47 core.sweep_detector INFO: FVGs: 14 detected, 3 unfilled
17:50:48 core.sweep_detector INFO: SweepDetector v2: 2 raw → 1 confirmed (vol≥2.5× body≥30%)
17:50:48 core.sweep_detector INFO: OrderBlocks: 8 detected, 2 unmitigated
17:50:48 core.sweep_detector INFO: FVGs: 13 detected, 2 unfilled
17:50:51 core.sweep_detector INFO: SweepDetector v2: 1 raw → 0 confirmed (vol≥2.5× body≥30%)
17:50:51 core.sweep_detector INFO: OrderBlocks: 3 detected, 2 unmitigated
17:50:51 core.sweep_detector INFO: FVGs: 10 detected, 4 unfilled
17:50:53 core.sweep_detector INFO: SweepDetector v2: 0 raw → 0 confirmed (vol≥2.5× body≥30%)
17:50:53 core.sweep_detector INFO: OrderBlocks: 3 detected, 1 unmitigated
17:50:53 core.sweep_detector INFO: FVGs: 5 detected, 1 unfilled
17:50:54 core.sweep_detector INFO: SweepDetector v2: 3 raw → 3 confirmed (vol≥2.5× body≥30%)
17:50:54 core.sweep_detector INFO: OrderBlocks: 1 detected, 1 unmitigated
17:50:54 core.sweep_detector INFO: FVGs: 7 detected, 3 unfilled
17:50:56 core.sweep_detector INFO: SweepDetector v2: 1 raw → 1 confirmed (vol≥2.5× body≥30%)
17:50:56 core.sweep_detector INFO: OrderBlocks: 5 detected, 3 unmitigated
17:50:56 core.sweep_detector INFO: FVGs: 8 detected, 7 unfilled
17:50:58 core.sweep_detector INFO: SweepDetector v2: 0 raw → 0 confirmed (vol≥2.5× body≥30%)
17:50:58 core.sweep_detector INFO: OrderBlocks: 0 detected, 0 unmitigated
17:50:58 core.sweep_detector INFO: FVGs: 0 detected, 0 unfilled
17:50:59 core.sweep_detector INFO: SweepDetector v2: 0 raw → 0 confirmed (vol≥2.5× body≥30%)
17:51:00 core.sweep_detector INFO: OrderBlocks: 1 detected, 0 unmitigated
17:51:00 core.sweep_detector INFO: FVGs: 0 detected, 0 unfilled
17:51:01 core.sweep_detector INFO: SweepDetector v2: 0 raw → 0 confirmed (vol≥2.5× body≥30%)
17:51:01 core.sweep_detector INFO: OrderBlocks: 0 detected, 0 unmitigated
17:51:01 core.sweep_detector INFO: FVGs: 0 detected, 0 unfilled
17:51:03 core.sweep_detector INFO: SweepDetector v2: 1 raw → 1 confirmed (vol≥2.5× body≥30%)
17:51:03 core.sweep_detector INFO: OrderBlocks: 6 detected, 4 unmitigated
17:51:03 core.sweep_detector INFO: FVGs: 10 detected, 4 unfilled
17:51:04 core.sweep_detector INFO: SweepDetector v2: 1 raw → 1 confirmed (vol≥2.5× body≥30%)
17:51:04 core.sweep_detector INFO: OrderBlocks: 4 detected, 2 unmitigated
17:51:04 core.sweep_detector INFO: FVGs: 4 detected, 0 unfilled
17:51:06 core.sweep_detector INFO: SweepDetector v2: 0 raw → 0 confirmed (vol≥2.5× body≥30%)
17:51:06 core.sweep_detector INFO: OrderBlocks: 9 detected, 1 unmitigated
17:51:06 core.sweep_detector INFO: FVGs: 1 detected, 1 unfilled
17:51:07 core.sweep_detector INFO: SweepDetector v2: 1 raw → 1 confirmed (vol≥2.5× body≥30%)
17:51:08 core.sweep_detector INFO: OrderBlocks: 6 detected, 0 unmitigated
17:51:08 core.sweep_detector INFO: FVGs: 7 detected, 3 unfilled
17:51:09 core.sweep_detector INFO: SweepDetector v2: 2 raw → 2 confirmed (vol≥2.5× body≥30%)
17:51:09 core.sweep_detector INFO: OrderBlocks: 2 detected, 0 unmitigated
17:51:09 core.sweep_detector INFO: FVGs: 6 detected, 1 unfilled
17:51:11 core.sweep_detector INFO: SweepDetector v2: 0 raw → 0 confirmed (vol≥2.5× body≥30%)
17:51:11 core.sweep_detector INFO: OrderBlocks: 7 detected, 0 unmitigated
17:51:11 core.sweep_detector INFO: FVGs: 4 detected, 0 unfilled
17:51:12 core.sweep_detector INFO: SweepDetector v2: 0 raw → 0 confirmed (vol≥2.5× body≥30%)
17:51:12 core.sweep_detector INFO: OrderBlocks: 4 detected, 2 unmitigated
17:51:12 core.sweep_detector INFO: FVGs: 7 detected, 2 unfilled
17:51:14 core.sweep_detector INFO: SweepDetector v2: 1 raw → 1 confirmed (vol≥2.5× body≥30%)
17:51:14 core.sweep_detector INFO: OrderBlocks: 3 detected, 0 unmitigated
17:51:14 core.sweep_detector INFO: FVGs: 6 detected, 0 unfilled
17:51:16 core.sweep_detector INFO: SweepDetector v2: 0 raw → 0 confirmed (vol≥2.5× body≥30%)
17:51:16 core.sweep_detector INFO: OrderBlocks: 7 detected, 0 unmitigated
17:51:16 core.sweep_detector INFO: FVGs: 2 detected, 0 unfilled
17:51:18 core.sweep_detector INFO: SweepDetector v2: 7 raw → 5 confirmed (vol≥2.5× body≥30%)
17:51:18 core.sweep_detector INFO: OrderBlocks: 5 detected, 3 unmitigated
17:51:18 core.sweep_detector INFO: FVGs: 9 detected, 3 unfilled
17:51:19 core.sweep_detector INFO: SweepDetector v2: 5 raw → 2 confirmed (vol≥2.5× body≥30%)
17:51:19 core.sweep_detector INFO: OrderBlocks: 3 detected, 1 unmitigated
17:51:19 core.sweep_detector INFO: FVGs: 8 detected, 1 unfilled
17:51:21 core.sweep_detector INFO: SweepDetector v2: 2 raw → 1 confirmed (vol≥2.5× body≥30%)
17:51:21 core.sweep_detector INFO: OrderBlocks: 3 detected, 0 unmitigated
17:51:21 core.sweep_detector INFO: FVGs: 7 detected, 3 unfilled
17:51:23 core.sweep_detector INFO: SweepDetector v2: 0 raw → 0 confirmed (vol≥2.5× body≥30%)
17:51:23 core.sweep_detector INFO: OrderBlocks: 6 detected, 3 unmitigated
17:51:23 core.sweep_detector INFO: FVGs: 6 detected, 3 unfilled
17:51:24 core.sweep_detector INFO: SweepDetector v2: 1 raw → 1 confirmed (vol≥2.5× body≥30%)
17:51:24 core.sweep_detector INFO: OrderBlocks: 6 detected, 4 unmitigated
17:51:24 core.sweep_detector INFO: FVGs: 6 detected, 3 unfilled
17:51:26 core.sweep_detector INFO: SweepDetector v2: 0 raw → 0 confirmed (vol≥2.5× body≥30%)
17:51:26 core.sweep_detector INFO: OrderBlocks: 8 detected, 3 unmitigated
17:51:26 core.sweep_detector INFO: FVGs: 8 detected, 3 unfilled
17:51:28 core.sweep_detector INFO: SweepDetector v2: 0 raw → 0 confirmed (vol≥2.5× body≥30%)
17:51:28 core.sweep_detector INFO: OrderBlocks: 6 detected, 1 unmitigated
17:51:28 core.sweep_detector INFO: FVGs: 9 detected, 4 unfilled
17:51:29 core.sweep_detector INFO: SweepDetector v2: 3 raw → 2 confirmed (vol≥2.5× body≥30%)
17:51:29 core.sweep_detector INFO: OrderBlocks: 7 detected, 5 unmitigated
17:51:29 core.sweep_detector INFO: FVGs: 14 detected, 8 unfilled
17:51:31 core.sweep_detector INFO: SweepDetector v2: 0 raw → 0 confirmed (vol≥2.5× body≥30%)
17:51:31 core.sweep_detector INFO: OrderBlocks: 8 detected, 4 unmitigated
17:51:31 core.sweep_detector INFO: FVGs: 9 detected, 5 unfilled
17:51:32 core.sweep_detector INFO: SweepDetector v2: 0 raw → 0 confirmed (vol≥2.5× body≥30%)
17:51:32 core.sweep_detector INFO: OrderBlocks: 9 detected, 2 unmitigated
17:51:32 core.sweep_detector INFO: FVGs: 14 detected, 3 unfilled
17:51:34 core.sweep_detector INFO: SweepDetector v2: 2 raw → 1 confirmed (vol≥2.5× body≥30%)
17:51:34 core.sweep_detector INFO: OrderBlocks: 4 detected, 1 unmitigated
17:51:34 core.sweep_detector INFO: FVGs: 8 detected, 2 unfilled
17:51:36 core.sweep_detector INFO: SweepDetector v2: 0 raw → 0 confirmed (vol≥2.5× body≥30%)
17:51:36 core.sweep_detector INFO: OrderBlocks: 8 detected, 2 unmitigated
17:51:36 core.sweep_detector INFO: FVGs: 6 detected, 3 unfilled
17:51:38 core.sweep_detector INFO: SweepDetector v2: 0 raw → 0 confirmed (vol≥2.5× body≥30%)
17:51:38 core.sweep_detector INFO: OrderBlocks: 7 detected, 1 unmitigated
17:51:38 core.sweep_detector INFO: FVGs: 11 detected, 2 unfilled
17:51:39 core.sweep_detector INFO: SweepDetector v2: 3 raw → 2 confirmed (vol≥2.5× body≥30%)
17:51:39 core.sweep_detector INFO: OrderBlocks: 2 detected, 1 unmitigated
17:51:39 core.sweep_detector INFO: FVGs: 8 detected, 2 unfilled
17:51:41 core.sweep_detector INFO: SweepDetector v2: 0 raw → 0 confirmed (vol≥2.5× body≥30%)
17:51:41 core.sweep_detector INFO: OrderBlocks: 7 detected, 0 unmitigated
17:51:41 core.sweep_detector INFO: FVGs: 2 detected, 0 unfilled
17:51:42 core.sweep_detector INFO: SweepDetector v2: 1 raw → 0 confirmed (vol≥2.5× body≥30%)
17:51:42 core.sweep_detector INFO: OrderBlocks: 4 detected, 1 unmitigated
17:51:42 core.sweep_detector INFO: FVGs: 10 detected, 3 unfilled
17:51:44 core.sweep_detector INFO: SweepDetector v2: 2 raw → 2 confirmed (vol≥2.5× body≥30%)
17:51:44 core.sweep_detector INFO: OrderBlocks: 3 detected, 2 unmitigated
17:51:44 core.sweep_detector INFO: FVGs: 4 detected, 1 unfilled
17:51:46 core.sweep_detector INFO: SweepDetector v2: 0 raw → 0 confirmed (vol≥2.5× body≥30%)
17:51:46 core.sweep_detector INFO: OrderBlocks: 2 detected, 0 unmitigated
17:51:46 core.sweep_detector INFO: FVGs: 4 detected, 1 unfilled
17:51:47 core.sweep_detector INFO: SweepDetector v2: 1 raw → 1 confirmed (vol≥2.5× body≥30%)
17:51:47 core.sweep_detector INFO: OrderBlocks: 5 detected, 3 unmitigated
17:51:47 core.sweep_detector INFO: FVGs: 12 detected, 4 unfilled
17:51:49 core.sweep_detector INFO: SweepDetector v2: 4 raw → 3 confirmed (vol≥2.5× body≥30%)
17:51:49 core.sweep_detector INFO: OrderBlocks: 3 detected, 0 unmitigated
17:51:49 core.sweep_detector INFO: FVGs: 6 detected, 1 unfilled
17:51:51 core.sweep_detector INFO: SweepDetector v2: 2 raw → 1 confirmed (vol≥2.5× body≥30%)
17:51:51 core.sweep_detector INFO: OrderBlocks: 5 detected, 3 unmitigated
17:51:51 core.sweep_detector INFO: FVGs: 7 detected, 2 unfilled
17:51:53 core.sweep_detector INFO: SweepDetector v2: 2 raw → 1 confirmed (vol≥2.5× body≥30%)
17:51:53 core.sweep_detector INFO: OrderBlocks: 4 detected, 0 unmitigated
17:51:53 core.sweep_detector INFO: FVGs: 7 detected, 0 unfilled
17:51:54 core.sweep_detector INFO: SweepDetector v2: 2 raw → 0 confirmed (vol≥2.5× body≥30%)
17:51:54 core.sweep_detector INFO: OrderBlocks: 8 detected, 2 unmitigated
17:51:54 core.sweep_detector INFO: FVGs: 14 detected, 0 unfilled
17:51:56 core.sweep_detector INFO: SweepDetector v2: 3 raw → 1 confirmed (vol≥2.5× body≥30%)
17:51:56 core.sweep_detector INFO: OrderBlocks: 7 detected, 2 unmitigated
17:51:56 core.sweep_detector INFO: FVGs: 6 detected, 1 unfilled
17:51:58 core.sweep_detector INFO: SweepDetector v2: 2 raw → 1 confirmed (vol≥2.5× body≥30%)
17:51:58 core.sweep_detector INFO: OrderBlocks: 4 detected, 1 unmitigated
17:51:58 core.sweep_detector INFO: FVGs: 9 detected, 3 unfilled
17:52:00 core.sweep_detector INFO: SweepDetector v2: 3 raw → 1 confirmed (vol≥2.5× body≥30%)
17:52:00 core.sweep_detector INFO: OrderBlocks: 4 detected, 2 unmitigated
17:52:00 core.sweep_detector INFO: FVGs: 7 detected, 1 unfilled
17:52:02 core.sweep_detector INFO: SweepDetector v2: 0 raw → 0 confirmed (vol≥2.5× body≥30%)
17:52:02 core.sweep_detector INFO: OrderBlocks: 4 detected, 0 unmitigated
17:52:02 core.sweep_detector INFO: FVGs: 6 detected, 0 unfilled
17:52:03 core.sweep_detector INFO: SweepDetector v2: 0 raw → 0 confirmed (vol≥2.5× body≥30%)
17:52:03 core.sweep_detector INFO: OrderBlocks: 3 detected, 0 unmitigated
17:52:03 core.sweep_detector INFO: FVGs: 0 detected, 0 unfilled
17:52:05 core.sweep_detector INFO: SweepDetector v2: 0 raw → 0 confirmed (vol≥2.5× body≥30%)
17:52:05 core.sweep_detector INFO: OrderBlocks: 0 detected, 0 unmitigated
17:52:05 core.sweep_detector INFO: FVGs: 0 detected, 0 unfilled
17:52:06 core.sweep_detector INFO: SweepDetector v2: 0 raw → 0 confirmed (vol≥2.5× body≥30%)
17:52:06 core.sweep_detector INFO: OrderBlocks: 2 detected, 0 unmitigated
17:52:06 core.sweep_detector INFO: FVGs: 0 detected, 0 unfilled
17:52:08 core.sweep_detector INFO: SweepDetector v2: 0 raw → 0 confirmed (vol≥2.5× body≥30%)
17:52:08 core.sweep_detector INFO: OrderBlocks: 0 detected, 0 unmitigated
17:52:08 core.sweep_detector INFO: FVGs: 0 detected, 0 unfilled
17:52:09 core.sweep_detector INFO: SweepDetector v2: 0 raw → 0 confirmed (vol≥2.5× body≥30%)
17:52:09 core.sweep_detector INFO: OrderBlocks: 0 detected, 0 unmitigated
17:52:10 core.sweep_detector INFO: FVGs: 0 detected, 0 unfilled
17:52:11 core.sweep_detector INFO: SweepDetector v2: 0 raw → 0 confirmed (vol≥2.5× body≥30%)
17:52:11 core.sweep_detector INFO: OrderBlocks: 1 detected, 0 unmitigated
17:52:11 core.sweep_detector INFO: FVGs: 0 detected, 0 unfilled
17:52:13 core.sweep_detector INFO: SweepDetector v2: 0 raw → 0 confirmed (vol≥2.5× body≥30%)
17:52:13 core.sweep_detector INFO: OrderBlocks: 5 detected, 1 unmitigated
17:52:13 core.sweep_detector INFO: FVGs: 12 detected, 3 unfilled
17:52:14 core.sweep_detector INFO: SweepDetector v2: 1 raw → 1 confirmed (vol≥2.5× body≥30%)
17:52:14 core.sweep_detector INFO: OrderBlocks: 3 detected, 1 unmitigated
17:52:14 core.sweep_detector INFO: FVGs: 8 detected, 2 unfilled
17:52:16 core.sweep_detector INFO: SweepDetector v2: 0 raw → 0 confirmed (vol≥2.5× body≥30%)
17:52:16 core.sweep_detector INFO: OrderBlocks: 6 detected, 2 unmitigated
17:52:16 core.sweep_detector INFO: FVGs: 10 detected, 5 unfilled
17:52:17 core.sweep_detector INFO: SweepDetector v2: 0 raw → 0 confirmed (vol≥2.5× body≥30%)
17:52:17 core.sweep_detector INFO: OrderBlocks: 7 detected, 3 unmitigated
17:52:17 core.sweep_detector INFO: FVGs: 10 detected, 3 unfilled
17:52:19 core.sweep_detector INFO: SweepDetector v2: 1 raw → 0 confirmed (vol≥2.5× body≥30%)
17:52:19 core.sweep_detector INFO: OrderBlocks: 3 detected, 3 unmitigated
17:52:19 core.sweep_detector INFO: FVGs: 8 detected, 2 unfilled
17:52:21 core.sweep_detector INFO: SweepDetector v2: 2 raw → 2 confirmed (vol≥2.5× body≥30%)
17:52:21 core.sweep_detector INFO: OrderBlocks: 3 detected, 0 unmitigated
17:52:21 core.sweep_detector INFO: FVGs: 11 detected, 2 unfilled
17:52:22 core.sweep_detector INFO: SweepDetector v2: 2 raw → 2 confirmed (vol≥2.5× body≥30%)
17:52:22 core.sweep_detector INFO: OrderBlocks: 7 detected, 0 unmitigated
17:52:22 core.sweep_detector INFO: FVGs: 7 detected, 0 unfilled
17:52:24 core.sweep_detector INFO: SweepDetector v2: 6 raw → 6 confirmed (vol≥2.5× body≥30%)
17:52:24 core.sweep_detector INFO: OrderBlocks: 2 detected, 1 unmitigated
17:52:24 core.sweep_detector INFO: FVGs: 9 detected, 1 unfilled
17:52:25 core.sweep_detector INFO: SweepDetector v2: 5 raw → 4 confirmed (vol≥2.5× body≥30%)
17:52:25 core.sweep_detector INFO: OrderBlocks: 7 detected, 2 unmitigated
17:52:25 core.sweep_detector INFO: FVGs: 9 detected, 2 unfilled
17:52:27 core.sweep_detector INFO: SweepDetector v2: 1 raw → 1 confirmed (vol≥2.5× body≥30%)
17:52:27 core.sweep_detector INFO: OrderBlocks: 6 detected, 2 unmitigated
17:52:27 core.sweep_detector INFO: FVGs: 9 detected, 3 unfilled
17:52:29 core.sweep_detector INFO: SweepDetector v2: 1 raw → 1 confirmed (vol≥2.5× body≥30%)
17:52:29 core.sweep_detector INFO: OrderBlocks: 2 detected, 1 unmitigated
17:52:29 core.sweep_detector INFO: FVGs: 6 detected, 1 unfilled
17:52:30 core.sweep_detector INFO: SweepDetector v2: 0 raw → 0 confirmed (vol≥2.5× body≥30%)
17:52:30 core.sweep_detector INFO: OrderBlocks: 8 detected, 3 unmitigated
17:52:30 core.sweep_detector INFO: FVGs: 3 detected, 0 unfilled
17:52:32 core.sweep_detector INFO: SweepDetector v2: 2 raw → 1 confirmed (vol≥2.5× body≥30%)
17:52:32 core.sweep_detector INFO: OrderBlocks: 9 detected, 3 unmitigated
17:52:32 core.sweep_detector INFO: FVGs: 12 detected, 5 unfilled
17:52:34 core.sweep_detector INFO: SweepDetector v2: 3 raw → 3 confirmed (vol≥2.5× body≥30%)
17:52:34 core.sweep_detector INFO: OrderBlocks: 5 detected, 2 unmitigated
17:52:34 core.sweep_detector INFO: FVGs: 18 detected, 4 unfilled
17:52:35 core.sweep_detector INFO: SweepDetector v2: 2 raw → 0 confirmed (vol≥2.5× body≥30%)
17:52:35 core.sweep_detector INFO: OrderBlocks: 8 detected, 2 unmitigated
17:52:35 core.sweep_detector INFO: FVGs: 11 detected, 2 unfilled
17:52:37 core.sweep_detector INFO: SweepDetector v2: 3 raw → 2 confirmed (vol≥2.5× body≥30%)
17:52:37 core.sweep_detector INFO: OrderBlocks: 6 detected, 3 unmitigated
17:52:37 core.sweep_detector INFO: FVGs: 15 detected, 4 unfilled
17:52:38 core.sweep_detector INFO: SweepDetector v2: 2 raw → 0 confirmed (vol≥2.5× body≥30%)
17:52:39 core.sweep_detector INFO: OrderBlocks: 10 detected, 4 unmitigated
17:52:39 core.sweep_detector INFO: FVGs: 15 detected, 4 unfilled
17:52:40 core.sweep_detector INFO: SweepDetector v2: 2 raw → 1 confirmed (vol≥2.5× body≥30%)
17:52:40 core.sweep_detector INFO: OrderBlocks: 4 detected, 3 unmitigated
17:52:40 core.sweep_detector INFO: FVGs: 13 detected, 10 unfilled
17:52:42 core.sweep_detector INFO: SweepDetector v2: 2 raw → 2 confirmed (vol≥2.5× body≥30%)
17:52:42 core.sweep_detector INFO: OrderBlocks: 9 detected, 3 unmitigated
17:52:42 core.sweep_detector INFO: FVGs: 8 detected, 4 unfilled
17:52:44 core.sweep_detector INFO: SweepDetector v2: 1 raw → 1 confirmed (vol≥2.5× body≥30%)
17:52:44 core.sweep_detector INFO: OrderBlocks: 3 detected, 1 unmitigated
17:52:44 core.sweep_detector INFO: FVGs: 5 detected, 2 unfilled
17:52:46 core.sweep_detector INFO: SweepDetector v2: 2 raw → 1 confirmed (vol≥2.5× body≥30%)
17:52:46 core.sweep_detector INFO: OrderBlocks: 8 detected, 1 unmitigated
17:52:46 core.sweep_detector INFO: FVGs: 5 detected, 1 unfilled
17:52:47 core.sweep_detector INFO: SweepDetector v2: 0 raw → 0 confirmed (vol≥2.5× body≥30%)
17:52:47 core.sweep_detector INFO: OrderBlocks: 3 detected, 1 unmitigated
17:52:47 core.sweep_detector INFO: FVGs: 12 detected, 2 unfilled
17:52:49 core.sweep_detector INFO: SweepDetector v2: 0 raw → 0 confirmed (vol≥2.5× body≥30%)
17:52:49 core.sweep_detector INFO: OrderBlocks: 4 detected, 0 unmitigated
17:52:49 core.sweep_detector INFO: FVGs: 8 detected, 1 unfilled
17:52:51 core.sweep_detector INFO: SweepDetector v2: 1 raw → 1 confirmed (vol≥2.5× body≥30%)
17:52:51 core.sweep_detector INFO: OrderBlocks: 4 detected, 2 unmitigated
17:52:51 core.sweep_detector INFO: FVGs: 7 detected, 3 unfilled
17:52:52 core.sweep_detector INFO: SweepDetector v2: 0 raw → 0 confirmed (vol≥2.5× body≥30%)
17:52:52 core.sweep_detector INFO: OrderBlocks: 7 detected, 3 unmitigated
17:52:52 core.sweep_detector INFO: FVGs: 11 detected, 6 unfilled
17:52:54 core.sweep_detector INFO: SweepDetector v2: 0 raw → 0 confirmed (vol≥2.5× body≥30%)
17:52:54 core.sweep_detector INFO: OrderBlocks: 2 detected, 1 unmitigated
17:52:54 core.sweep_detector INFO: FVGs: 13 detected, 4 unfilled
17:52:56 core.sweep_detector INFO: SweepDetector v2: 2 raw → 1 confirmed (vol≥2.5× body≥30%)
17:52:56 core.sweep_detector INFO: OrderBlocks: 10 detected, 2 unmitigated
17:52:56 core.sweep_detector INFO: FVGs: 9 detected, 2 unfilled
17:52:57 core.sweep_detector INFO: SweepDetector v2: 1 raw → 0 confirmed (vol≥2.5× body≥30%)
17:52:57 core.sweep_detector INFO: OrderBlocks: 8 detected, 2 unmitigated
17:52:57 core.sweep_detector INFO: FVGs: 7 detected, 0 unfilled
17:52:59 core.sweep_detector INFO: SweepDetector v2: 2 raw → 1 confirmed (vol≥2.5× body≥30%)
17:52:59 core.sweep_detector INFO: OrderBlocks: 2 detected, 1 unmitigated
17:52:59 core.sweep_detector INFO: FVGs: 6 detected, 1 unfilled
17:53:00 core.sweep_detector INFO: SweepDetector v2: 1 raw → 1 confirmed (vol≥2.5× body≥30%)
17:53:00 core.sweep_detector INFO: OrderBlocks: 6 detected, 0 unmitigated
17:53:00 core.sweep_detector INFO: FVGs: 5 detected, 1 unfilled
17:53:02 core.sweep_detector INFO: SweepDetector v2: 1 raw → 1 confirmed (vol≥2.5× body≥30%)
17:53:02 core.sweep_detector INFO: OrderBlocks: 4 detected, 2 unmitigated
17:53:02 core.sweep_detector INFO: FVGs: 8 detected, 4 unfilled
17:53:04 core.sweep_detector INFO: SweepDetector v2: 2 raw → 1 confirmed (vol≥2.5× body≥30%)
17:53:04 core.sweep_detector INFO: OrderBlocks: 4 detected, 0 unmitigated
17:53:04 core.sweep_detector INFO: FVGs: 5 detected, 1 unfilled
17:53:06 core.sweep_detector INFO: SweepDetector v2: 0 raw → 0 confirmed (vol≥2.5× body≥30%)
17:53:06 core.sweep_detector INFO: OrderBlocks: 4 detected, 0 unmitigated
17:53:06 core.sweep_detector INFO: FVGs: 3 detected, 0 unfilled
17:53:07 core.sweep_detector INFO: SweepDetector v2: 0 raw → 0 confirmed (vol≥2.5× body≥30%)
17:53:07 core.sweep_detector INFO: OrderBlocks: 7 detected, 2 unmitigated
17:53:07 core.sweep_detector INFO: FVGs: 4 detected, 2 unfilled
17:53:09 core.sweep_detector INFO: SweepDetector v2: 1 raw → 1 confirmed (vol≥2.5× body≥30%)
17:53:09 core.sweep_detector INFO: OrderBlocks: 2 detected, 2 unmitigated
17:53:09 core.sweep_detector INFO: FVGs: 5 detected, 1 unfilled
17:53:10 core.sweep_detector INFO: SweepDetector v2: 0 raw → 0 confirmed (vol≥2.5× body≥30%)
17:53:10 core.sweep_detector INFO: OrderBlocks: 8 detected, 1 unmitigated
17:53:10 core.sweep_detector INFO: FVGs: 3 detected, 1 unfilled
17:53:13 core.sweep_detector INFO: SweepDetector v2: 1 raw → 1 confirmed (vol≥2.5× body≥30%)
17:53:13 core.sweep_detector INFO: OrderBlocks: 8 detected, 2 unmitigated
17:53:13 core.sweep_detector INFO: FVGs: 4 detected, 3 unfilled
17:53:14 core.sweep_detector INFO: SweepDetector v2: 2 raw → 1 confirmed (vol≥2.5× body≥30%)
17:53:14 core.sweep_detector INFO: OrderBlocks: 2 detected, 0 unmitigated
17:53:14 core.sweep_detector INFO: FVGs: 3 detected, 2 unfilled
17:53:16 core.sweep_detector INFO: SweepDetector v2: 0 raw → 0 confirmed (vol≥2.5× body≥30%)
17:53:16 core.sweep_detector INFO: OrderBlocks: 6 detected, 1 unmitigated
17:53:16 core.sweep_detector INFO: FVGs: 3 detected, 1 unfilled
17:53:18 core.sweep_detector INFO: SweepDetector v2: 0 raw → 0 confirmed (vol≥2.5× body≥30%)
17:53:18 core.sweep_detector INFO: OrderBlocks: 3 detected, 1 unmitigated
17:53:18 core.sweep_detector INFO: FVGs: 12 detected, 4 unfilled
17:53:19 core.sweep_detector INFO: SweepDetector v2: 1 raw → 1 confirmed (vol≥2.5× body≥30%)
17:53:19 core.sweep_detector INFO: OrderBlocks: 8 detected, 2 unmitigated
17:53:19 core.sweep_detector INFO: FVGs: 12 detected, 5 unfilled
17:53:21 core.sweep_detector INFO: SweepDetector v2: 2 raw → 0 confirmed (vol≥2.5× body≥30%)
17:53:22 core.sweep_detector INFO: OrderBlocks: 4 detected, 1 unmitigated
17:53:22 core.sweep_detector INFO: FVGs: 8 detected, 3 unfilled
17:53:23 core.sweep_detector INFO: SweepDetector v2: 3 raw → 2 confirmed (vol≥2.5× body≥30%)
17:53:23 core.sweep_detector INFO: OrderBlocks: 10 detected, 2 unmitigated
17:53:23 core.sweep_detector INFO: FVGs: 13 detected, 2 unfilled
17:53:25 core.sweep_detector INFO: SweepDetector v2: 2 raw → 1 confirmed (vol≥2.5× body≥30%)
17:53:25 core.sweep_detector INFO: OrderBlocks: 7 detected, 0 unmitigated
17:53:25 core.sweep_detector INFO: FVGs: 10 detected, 2 unfilled
17:53:26 core.sweep_detector INFO: SweepDetector v2: 1 raw → 1 confirmed (vol≥2.5× body≥30%)
17:53:26 core.sweep_detector INFO: OrderBlocks: 3 detected, 0 unmitigated
17:53:26 core.sweep_detector INFO: FVGs: 10 detected, 2 unfilled
17:53:28 core.sweep_detector INFO: SweepDetector v2: 2 raw → 2 confirmed (vol≥2.5× body≥30%)
17:53:28 core.sweep_detector INFO: OrderBlocks: 14 detected, 2 unmitigated
17:53:28 core.sweep_detector INFO: FVGs: 15 detected, 2 unfilled
17:53:29 core.sweep_detector INFO: SweepDetector v2: 3 raw → 3 confirmed (vol≥2.5× body≥30%)
17:53:29 core.sweep_detector INFO: OrderBlocks: 4 detected, 2 unmitigated
17:53:29 core.sweep_detector INFO: FVGs: 6 detected, 2 unfilled
17:53:31 core.sweep_detector INFO: SweepDetector v2: 2 raw → 1 confirmed (vol≥2.5× body≥30%)
17:53:31 core.sweep_detector INFO: OrderBlocks: 3 detected, 1 unmitigated
17:53:31 core.sweep_detector INFO: FVGs: 5 detected, 2 unfilled
17:53:32 core.sweep_detector INFO: SweepDetector v2: 6 raw → 3 confirmed (vol≥2.5× body≥30%)
17:53:32 core.sweep_detector INFO: OrderBlocks: 6 detected, 4 unmitigated
17:53:32 core.sweep_detector INFO: FVGs: 10 detected, 4 unfilled
17:53:34 core.sweep_detector INFO: SweepDetector v2: 5 raw → 4 confirmed (vol≥2.5× body≥30%)
17:53:34 core.sweep_detector INFO: OrderBlocks: 5 detected, 1 unmitigated
17:53:34 core.sweep_detector INFO: FVGs: 9 detected, 5 unfilled
17:53:36 core.sweep_detector INFO: SweepDetector v2: 1 raw → 1 confirmed (vol≥2.5× body≥30%)
17:53:36 core.sweep_detector INFO: OrderBlocks: 6 detected, 1 unmitigated
17:53:36 core.sweep_detector INFO: FVGs: 6 detected, 2 unfilled
17:53:37 core.sweep_detector INFO: SweepDetector v2: 1 raw → 1 confirmed (vol≥2.5× body≥30%)
17:53:37 core.sweep_detector INFO: OrderBlocks: 5 detected, 2 unmitigated
17:53:37 core.sweep_detector INFO: FVGs: 10 detected, 5 unfilled
17:53:39 core.sweep_detector INFO: SweepDetector v2: 2 raw → 0 confirmed (vol≥2.5× body≥30%)
17:53:39 core.sweep_detector INFO: OrderBlocks: 4 detected, 0 unmitigated
17:53:39 core.sweep_detector INFO: FVGs: 13 detected, 1 unfilled
17:53:40 core.sweep_detector INFO: SweepDetector v2: 1 raw → 1 confirmed (vol≥2.5× body≥30%)
17:53:40 core.sweep_detector INFO: OrderBlocks: 6 detected, 2 unmitigated
17:53:40 core.sweep_detector INFO: FVGs: 4 detected, 0 unfilled
17:53:42 core.sweep_detector INFO: SweepDetector v2: 3 raw → 2 confirmed (vol≥2.5× body≥30%)
17:53:42 core.sweep_detector INFO: OrderBlocks: 4 detected, 0 unmitigated
17:53:42 core.sweep_detector INFO: FVGs: 7 detected, 2 unfilled
17:53:43 core.sweep_detector INFO: SweepDetector v2: 3 raw → 3 confirmed (vol≥2.5× body≥30%)
17:53:43 core.sweep_detector INFO: OrderBlocks: 2 detected, 2 unmitigated
17:53:43 core.sweep_detector INFO: FVGs: 3 detected, 1 unfilled
17:53:45 core.sweep_detector INFO: SweepDetector v2: 0 raw → 0 confirmed (vol≥2.5× body≥30%)
17:53:45 core.sweep_detector INFO: OrderBlocks: 9 detected, 3 unmitigated
17:53:45 core.sweep_detector INFO: FVGs: 1 detected, 1 unfilled
17:53:47 core.sweep_detector INFO: SweepDetector v2: 0 raw → 0 confirmed (vol≥2.5× body≥30%)
17:53:47 core.sweep_detector INFO: OrderBlocks: 7 detected, 3 unmitigated
17:53:47 core.sweep_detector INFO: FVGs: 10 detected, 5 unfilled
17:53:48 core.sweep_detector INFO: SweepDetector v2: 4 raw → 3 confirmed (vol≥2.5× body≥30%)
17:53:48 core.sweep_detector INFO: OrderBlocks: 3 detected, 1 unmitigated
17:53:48 core.sweep_detector INFO: FVGs: 4 detected, 2 unfilled
17:53:50 core.sweep_detector INFO: SweepDetector v2: 1 raw → 1 confirmed (vol≥2.5× body≥30%)
17:53:50 core.sweep_detector INFO: OrderBlocks: 4 detected, 1 unmitigated
17:53:50 core.sweep_detector INFO: FVGs: 4 detected, 1 unfilled
17:53:52 core.sweep_detector INFO: SweepDetector v2: 1 raw → 1 confirmed (vol≥2.5× body≥30%)
17:53:52 core.sweep_detector INFO: OrderBlocks: 4 detected, 1 unmitigated
17:53:52 core.sweep_detector INFO: FVGs: 5 detected, 1 unfilled
17:53:53 core.sweep_detector INFO: SweepDetector v2: 2 raw → 2 confirmed (vol≥2.5× body≥30%)
17:53:53 core.sweep_detector INFO: OrderBlocks: 2 detected, 0 unmitigated
17:53:53 core.sweep_detector INFO: FVGs: 3 detected, 1 unfilled
17:53:55 core.sweep_detector INFO: SweepDetector v2: 1 raw → 1 confirmed (vol≥2.5× body≥30%)
17:53:55 core.sweep_detector INFO: OrderBlocks: 0 detected, 0 unmitigated
17:53:55 core.sweep_detector INFO: FVGs: 0 detected, 0 unfilled
17:53:56 core.sweep_detector INFO: SweepDetector v2: 2 raw → 2 confirmed (vol≥2.5× body≥30%)
17:53:56 core.sweep_detector INFO: OrderBlocks: 8 detected, 3 unmitigated
17:53:56 core.sweep_detector INFO: FVGs: 9 detected, 3 unfilled
17:53:58 core.sweep_detector INFO: SweepDetector v2: 4 raw → 2 confirmed (vol≥2.5× body≥30%)
17:53:58 core.sweep_detector INFO: OrderBlocks: 1 detected, 0 unmitigated
17:53:58 core.sweep_detector INFO: FVGs: 7 detected, 2 unfilled
17:54:00 core.sweep_detector INFO: SweepDetector v2: 2 raw → 0 confirmed (vol≥2.5× body≥30%)
17:54:00 core.sweep_detector INFO: OrderBlocks: 6 detected, 0 unmitigated
17:54:00 core.sweep_detector INFO: FVGs: 3 detected, 0 unfilled
17:54:01 core.sweep_detector INFO: SweepDetector v2: 1 raw → 0 confirmed (vol≥2.5× body≥30%)
17:54:02 core.sweep_detector INFO: OrderBlocks: 5 detected, 1 unmitigated
17:54:02 core.sweep_detector INFO: FVGs: 5 detected, 2 unfilled
17:54:03 core.sweep_detector INFO: SweepDetector v2: 4 raw → 4 confirmed (vol≥2.5× body≥30%)
17:54:03 core.sweep_detector INFO: OrderBlocks: 1 detected, 0 unmitigated
17:54:03 core.sweep_detector INFO: FVGs: 6 detected, 1 unfilled
17:54:04 core.sweep_detector INFO: SweepDetector v2: 0 raw → 0 confirmed (vol≥2.5× body≥30%)
17:54:04 core.sweep_detector INFO: OrderBlocks: 4 detected, 0 unmitigated
17:54:04 core.sweep_detector INFO: FVGs: 5 detected, 0 unfilled
17:54:07 core.sweep_detector INFO: SweepDetector v2: 2 raw → 2 confirmed (vol≥2.5× body≥30%)
17:54:07 core.sweep_detector INFO: OrderBlocks: 7 detected, 3 unmitigated
17:54:07 core.sweep_detector INFO: FVGs: 9 detected, 2 unfilled
17:54:09 core.sweep_detector INFO: SweepDetector v2: 1 raw → 1 confirmed (vol≥2.5× body≥30%)
17:54:09 core.sweep_detector INFO: OrderBlocks: 4 detected, 1 unmitigated
17:54:09 core.sweep_detector INFO: FVGs: 6 detected, 1 unfilled
17:54:11 core.sweep_detector INFO: SweepDetector v2: 1 raw → 1 confirmed (vol≥2.5× body≥30%)
17:54:11 core.sweep_detector INFO: OrderBlocks: 7 detected, 2 unmitigated
17:54:11 core.sweep_detector INFO: FVGs: 9 detected, 3 unfilled
17:54:12 core.sweep_detector INFO: SweepDetector v2: 0 raw → 0 confirmed (vol≥2.5× body≥30%)
17:54:12 core.sweep_detector INFO: OrderBlocks: 1 detected, 0 unmitigated
17:54:12 core.sweep_detector INFO: FVGs: 0 detected, 0 unfilled
17:54:14 core.sweep_detector INFO: SweepDetector v2: 0 raw → 0 confirmed (vol≥2.5× body≥30%)
17:54:14 core.sweep_detector INFO: OrderBlocks: 0 detected, 0 unmitigated
17:54:14 core.sweep_detector INFO: FVGs: 0 detected, 0 unfilled
17:54:16 core.sweep_detector INFO: SweepDetector v2: 0 raw → 0 confirmed (vol≥2.5× body≥30%)
17:54:16 core.sweep_detector INFO: OrderBlocks: 0 detected, 0 unmitigated
17:54:16 core.sweep_detector INFO: FVGs: 0 detected, 0 unfilled
17:54:17 core.sweep_detector INFO: SweepDetector v2: 2 raw → 2 confirmed (vol≥2.5× body≥30%)
17:54:17 core.sweep_detector INFO: OrderBlocks: 5 detected, 2 unmitigated
17:54:17 core.sweep_detector INFO: FVGs: 6 detected, 1 unfilled
17:54:19 core.sweep_detector INFO: SweepDetector v2: 3 raw → 3 confirmed (vol≥2.5× body≥30%)
17:54:19 core.sweep_detector INFO: OrderBlocks: 4 detected, 1 unmitigated
17:54:19 core.sweep_detector INFO: FVGs: 10 detected, 0 unfilled
17:54:20 core.sweep_detector INFO: SweepDetector v2: 1 raw → 1 confirmed (vol≥2.5× body≥30%)
17:54:20 core.sweep_detector INFO: OrderBlocks: 7 detected, 1 unmitigated
17:54:20 core.sweep_detector INFO: FVGs: 7 detected, 2 unfilled
17:54:22 core.sweep_detector INFO: SweepDetector v2: 2 raw → 1 confirmed (vol≥2.5× body≥30%)
17:54:22 core.sweep_detector INFO: OrderBlocks: 6 detected, 1 unmitigated
17:54:22 core.sweep_detector INFO: FVGs: 11 detected, 1 unfilled
17:54:24 core.sweep_detector INFO: SweepDetector v2: 1 raw → 0 confirmed (vol≥2.5× body≥30%)
17:54:24 core.sweep_detector INFO: OrderBlocks: 0 detected, 0 unmitigated
17:54:24 core.sweep_detector INFO: FVGs: 5 detected, 3 unfilled
17:54:26 core.sweep_detector INFO: SweepDetector v2: 1 raw → 0 confirmed (vol≥2.5× body≥30%)
17:54:26 core.sweep_detector INFO: OrderBlocks: 4 detected, 0 unmitigated
17:54:26 core.sweep_detector INFO: FVGs: 4 detected, 1 unfilled
17:54:27 core.sweep_detector INFO: SweepDetector v2: 5 raw → 3 confirmed (vol≥2.5× body≥30%)
17:54:27 core.sweep_detector INFO: OrderBlocks: 8 detected, 2 unmitigated
17:54:27 core.sweep_detector INFO: FVGs: 9 detected, 2 unfilled
17:54:29 core.sweep_detector INFO: SweepDetector v2: 2 raw → 2 confirmed (vol≥2.5× body≥30%)
17:54:29 core.sweep_detector INFO: OrderBlocks: 6 detected, 4 unmitigated
17:54:29 core.sweep_detector INFO: FVGs: 15 detected, 4 unfilled
17:54:30 core.sweep_detector INFO: SweepDetector v2: 1 raw → 1 confirmed (vol≥2.5× body≥30%)
17:54:30 core.sweep_detector INFO: OrderBlocks: 7 detected, 3 unmitigated
17:54:30 core.sweep_detector INFO: FVGs: 11 detected, 9 unfilled
17:54:32 core.sweep_detector INFO: SweepDetector v2: 0 raw → 0 confirmed (vol≥2.5× body≥30%)
17:54:32 core.sweep_detector INFO: OrderBlocks: 5 detected, 1 unmitigated
17:54:32 core.sweep_detector INFO: FVGs: 8 detected, 3 unfilled
17:54:34 core.sweep_detector INFO: SweepDetector v2: 2 raw → 2 confirmed (vol≥2.5× body≥30%)
17:54:34 core.sweep_detector INFO: OrderBlocks: 3 detected, 2 unmitigated
17:54:34 core.sweep_detector INFO: FVGs: 4 detected, 1 unfilled
17:54:35 core.sweep_detector INFO: SweepDetector v2: 0 raw → 0 confirmed (vol≥2.5× body≥30%)
17:54:35 core.sweep_detector INFO: OrderBlocks: 0 detected, 0 unmitigated
17:54:35 core.sweep_detector INFO: FVGs: 0 detected, 0 unfilled
17:54:37 core.sweep_detector INFO: SweepDetector v2: 1 raw → 1 confirmed (vol≥2.5× body≥30%)
17:54:37 core.sweep_detector INFO: OrderBlocks: 3 detected, 2 unmitigated
17:54:37 core.sweep_detector INFO: FVGs: 12 detected, 8 unfilled
17:54:38 core.sweep_detector INFO: SweepDetector v2: 1 raw → 1 confirmed (vol≥2.5× body≥30%)
17:54:39 core.sweep_detector INFO: OrderBlocks: 0 detected, 0 unmitigated
17:54:39 core.sweep_detector INFO: FVGs: 0 detected, 0 unfilled
17:54:40 core.sweep_detector INFO: SweepDetector v2: 3 raw → 3 confirmed (vol≥2.5× body≥30%)
17:54:40 core.sweep_detector INFO: OrderBlocks: 5 detected, 0 unmitigated
17:54:40 core.sweep_detector INFO: FVGs: 3 detected, 0 unfilled
17:54:42 core.sweep_detector INFO: SweepDetector v2: 1 raw → 0 confirmed (vol≥2.5× body≥30%)
17:54:42 core.sweep_detector INFO: OrderBlocks: 7 detected, 1 unmitigated
17:54:42 core.sweep_detector INFO: FVGs: 8 detected, 3 unfilled
17:54:44 core.sweep_detector INFO: SweepDetector v2: 3 raw → 1 confirmed (vol≥2.5× body≥30%)
17:54:44 core.sweep_detector INFO: OrderBlocks: 3 detected, 2 unmitigated
17:54:44 core.sweep_detector INFO: FVGs: 7 detected, 1 unfilled
17:54:46 core.sweep_detector INFO: SweepDetector v2: 0 raw → 0 confirmed (vol≥2.5× body≥30%)
17:54:46 core.sweep_detector INFO: OrderBlocks: 9 detected, 0 unmitigated
17:54:46 core.sweep_detector INFO: FVGs: 5 detected, 1 unfilled
17:54:47 core.sweep_detector INFO: SweepDetector v2: 4 raw → 3 confirmed (vol≥2.5× body≥30%)
17:54:47 core.sweep_detector INFO: OrderBlocks: 7 detected, 2 unmitigated
17:54:47 core.sweep_detector INFO: FVGs: 10 detected, 2 unfilled
17:54:49 core.sweep_detector INFO: SweepDetector v2: 2 raw → 1 confirmed (vol≥2.5× body≥30%)
17:54:49 core.sweep_detector INFO: OrderBlocks: 4 detected, 2 unmitigated
17:54:49 core.sweep_detector INFO: FVGs: 14 detected, 6 unfilled
17:54:50 core.sweep_detector INFO: SweepDetector v2: 2 raw → 1 confirmed (vol≥2.5× body≥30%)
17:54:51 core.sweep_detector INFO: OrderBlocks: 5 detected, 2 unmitigated
17:54:51 core.sweep_detector INFO: FVGs: 9 detected, 5 unfilled
17:54:52 core.sweep_detector INFO: SweepDetector v2: 7 raw → 5 confirmed (vol≥2.5× body≥30%)
17:54:52 core.sweep_detector INFO: OrderBlocks: 6 detected, 5 unmitigated
17:54:52 core.sweep_detector INFO: FVGs: 14 detected, 8 unfilled
17:54:54 core.sweep_detector INFO: SweepDetector v2: 2 raw → 1 confirmed (vol≥2.5× body≥30%)
17:54:54 core.sweep_detector INFO: OrderBlocks: 3 detected, 2 unmitigated
17:54:54 core.sweep_detector INFO: FVGs: 6 detected, 2 unfilled
17:54:56 core.sweep_detector INFO: SweepDetector v2: 3 raw → 3 confirmed (vol≥2.5× body≥30%)
17:54:56 core.sweep_detector INFO: OrderBlocks: 3 detected, 1 unmitigated
17:54:56 core.sweep_detector INFO: FVGs: 7 detected, 2 unfilled
17:54:58 core.sweep_detector INFO: SweepDetector v2: 0 raw → 0 confirmed (vol≥2.5× body≥30%)
17:54:58 core.sweep_detector INFO: OrderBlocks: 7 detected, 4 unmitigated
17:54:58 core.sweep_detector INFO: FVGs: 13 detected, 6 unfilled
17:55:00 core.sweep_detector INFO: SweepDetector v2: 2 raw → 1 confirmed (vol≥2.5× body≥30%)
17:55:00 core.sweep_detector INFO: OrderBlocks: 3 detected, 3 unmitigated
17:55:00 core.sweep_detector INFO: FVGs: 7 detected, 4 unfilled
17:55:02 core.sweep_detector INFO: SweepDetector v2: 1 raw → 0 confirmed (vol≥2.5× body≥30%)
17:55:02 core.sweep_detector INFO: OrderBlocks: 8 detected, 3 unmitigated
17:55:02 core.sweep_detector INFO: FVGs: 3 detected, 2 unfilled
17:55:03 core.sweep_detector INFO: SweepDetector v2: 3 raw → 3 confirmed (vol≥2.5× body≥30%)
17:55:03 core.sweep_detector INFO: OrderBlocks: 3 detected, 1 unmitigated
17:55:03 core.sweep_detector INFO: FVGs: 4 detected, 1 unfilled
17:55:05 core.sweep_detector INFO: SweepDetector v2: 2 raw → 1 confirmed (vol≥2.5× body≥30%)
17:55:05 core.sweep_detector INFO: OrderBlocks: 5 detected, 0 unmitigated
17:55:05 core.sweep_detector INFO: FVGs: 6 detected, 0 unfilled
17:55:07 core.sweep_detector INFO: SweepDetector v2: 1 raw → 1 confirmed (vol≥2.5× body≥30%)
17:55:07 core.sweep_detector INFO: OrderBlocks: 7 detected, 2 unmitigated
17:55:07 core.sweep_detector INFO: FVGs: 6 detected, 1 unfilled
17:55:09 core.sweep_detector INFO: SweepDetector v2: 1 raw → 0 confirmed (vol≥2.5× body≥30%)
17:55:09 core.sweep_detector INFO: OrderBlocks: 3 detected, 0 unmitigated
17:55:09 core.sweep_detector INFO: FVGs: 12 detected, 5 unfilled
17:55:10 core.sweep_detector INFO: SweepDetector v2: 1 raw → 1 confirmed (vol≥2.5× body≥30%)
17:55:10 core.sweep_detector INFO: OrderBlocks: 2 detected, 0 unmitigated
17:55:10 core.sweep_detector INFO: FVGs: 3 detected, 1 unfilled
17:55:12 core.sweep_detector INFO: SweepDetector v2: 1 raw → 1 confirmed (vol≥2.5× body≥30%)
17:55:12 core.sweep_detector INFO: OrderBlocks: 2 detected, 0 unmitigated
17:55:12 core.sweep_detector INFO: FVGs: 5 detected, 2 unfilled
17:55:14 core.sweep_detector INFO: SweepDetector v2: 1 raw → 0 confirmed (vol≥2.5× body≥30%)
17:55:14 core.sweep_detector INFO: OrderBlocks: 6 detected, 3 unmitigated
17:55:14 core.sweep_detector INFO: FVGs: 10 detected, 6 unfilled
17:55:15 core.sweep_detector INFO: SweepDetector v2: 1 raw → 1 confirmed (vol≥2.5× body≥30%)
17:55:15 core.sweep_detector INFO: OrderBlocks: 4 detected, 2 unmitigated
17:55:15 core.sweep_detector INFO: FVGs: 9 detected, 4 unfilled
17:55:17 core.sweep_detector INFO: SweepDetector v2: 2 raw → 1 confirmed (vol≥2.5× body≥30%)
17:55:17 core.sweep_detector INFO: OrderBlocks: 7 detected, 2 unmitigated
17:55:17 core.sweep_detector INFO: FVGs: 6 detected, 3 unfilled
17:55:18 core.sweep_detector INFO: SweepDetector v2: 0 raw → 0 confirmed (vol≥2.5× body≥30%)
17:55:18 core.sweep_detector INFO: OrderBlocks: 10 detected, 2 unmitigated
17:55:18 core.sweep_detector INFO: FVGs: 11 detected, 2 unfilled
17:55:20 core.sweep_detector INFO: SweepDetector v2: 1 raw → 1 confirmed (vol≥2.5× body≥30%)
17:55:20 core.sweep_detector INFO: OrderBlocks: 5 detected, 4 unmitigated
17:55:20 core.sweep_detector INFO: FVGs: 5 detected, 2 unfilled
17:55:22 core.sweep_detector INFO: SweepDetector v2: 0 raw → 0 confirmed (vol≥2.5× body≥30%)
17:55:22 core.sweep_detector INFO: OrderBlocks: 5 detected, 2 unmitigated
17:55:22 core.sweep_detector INFO: FVGs: 5 detected, 1 unfilled
17:55:24 core.sweep_detector INFO: SweepDetector v2: 0 raw → 0 confirmed (vol≥2.5× body≥30%)
17:55:24 core.sweep_detector INFO: OrderBlocks: 3 detected, 0 unmitigated
17:55:24 core.sweep_detector INFO: FVGs: 0 detected, 0 unfilled
17:55:25 core.sweep_detector INFO: SweepDetector v2: 0 raw → 0 confirmed (vol≥2.5× body≥30%)
17:55:25 core.sweep_detector INFO: OrderBlocks: 1 detected, 0 unmitigated
17:55:25 core.sweep_detector INFO: FVGs: 0 detected, 0 unfilled
17:55:27 core.sweep_detector INFO: SweepDetector v2: 0 raw → 0 confirmed (vol≥2.5× body≥30%)
17:55:27 core.sweep_detector INFO: OrderBlocks: 0 detected, 0 unmitigated
17:55:27 core.sweep_detector INFO: FVGs: 0 detected, 0 unfilled
17:55:29 core.sweep_detector INFO: SweepDetector v2: 1 raw → 1 confirmed (vol≥2.5× body≥30%)
17:55:29 core.sweep_detector INFO: OrderBlocks: 6 detected, 3 unmitigated
17:55:29 core.sweep_detector INFO: FVGs: 8 detected, 4 unfilled
17:55:31 core.sweep_detector INFO: SweepDetector v2: 1 raw → 1 confirmed (vol≥2.5× body≥30%)
17:55:31 core.sweep_detector INFO: OrderBlocks: 4 detected, 0 unmitigated
17:55:31 core.sweep_detector INFO: FVGs: 6 detected, 1 unfilled
17:55:32 core.sweep_detector INFO: SweepDetector v2: 1 raw → 1 confirmed (vol≥2.5× body≥30%)
17:55:32 core.sweep_detector INFO: OrderBlocks: 4 detected, 1 unmitigated
17:55:32 core.sweep_detector INFO: FVGs: 4 detected, 1 unfilled
17:55:34 core.sweep_detector INFO: SweepDetector v2: 1 raw → 1 confirmed (vol≥2.5× body≥30%)
17:55:34 core.sweep_detector INFO: OrderBlocks: 2 detected, 0 unmitigated
17:55:34 core.sweep_detector INFO: FVGs: 0 detected, 0 unfilled
17:55:35 core.sweep_detector INFO: SweepDetector v2: 0 raw → 0 confirmed (vol≥2.5× body≥30%)
17:55:35 core.sweep_detector INFO: OrderBlocks: 0 detected, 0 unmitigated
17:55:35 core.sweep_detector INFO: FVGs: 0 detected, 0 unfilled
17:55:37 core.sweep_detector INFO: SweepDetector v2: 0 raw → 0 confirmed (vol≥2.5× body≥30%)
17:55:37 core.sweep_detector INFO: OrderBlocks: 0 detected, 0 unmitigated
17:55:37 core.sweep_detector INFO: FVGs: 0 detected, 0 unfilled
17:55:39 core.sweep_detector INFO: SweepDetector v2: 0 raw → 0 confirmed (vol≥2.5× body≥30%)
17:55:39 core.sweep_detector INFO: OrderBlocks: 3 detected, 0 unmitigated
17:55:39 core.sweep_detector INFO: FVGs: 0 detected, 0 unfilled
17:55:40 core.sweep_detector INFO: SweepDetector v2: 0 raw → 0 confirmed (vol≥2.5× body≥30%)
17:55:40 core.sweep_detector INFO: OrderBlocks: 0 detected, 0 unmitigated
17:55:40 core.sweep_detector INFO: FVGs: 0 detected, 0 unfilled
17:55:42 core.sweep_detector INFO: SweepDetector v2: 0 raw → 0 confirmed (vol≥2.5× body≥30%)
17:55:42 core.sweep_detector INFO: OrderBlocks: 0 detected, 0 unmitigated
17:55:42 core.sweep_detector INFO: FVGs: 0 detected, 0 unfilled
17:55:45 core.sweep_detector INFO: SweepDetector v2: 0 raw → 0 confirmed (vol≥2.5× body≥30%)
17:55:45 core.sweep_detector INFO: OrderBlocks: 8 detected, 1 unmitigated
17:55:45 core.sweep_detector INFO: FVGs: 7 detected, 4 unfilled
17:55:46 core.sweep_detector INFO: SweepDetector v2: 2 raw → 2 confirmed (vol≥2.5× body≥30%)
17:55:46 core.sweep_detector INFO: OrderBlocks: 5 detected, 2 unmitigated
17:55:46 core.sweep_detector INFO: FVGs: 13 detected, 5 unfilled
17:55:48 core.sweep_detector INFO: SweepDetector v2: 1 raw → 1 confirmed (vol≥2.5× body≥30%)
17:55:48 core.sweep_detector INFO: OrderBlocks: 3 detected, 2 unmitigated
17:55:48 core.sweep_detector INFO: FVGs: 8 detected, 6 unfilled
17:55:50 core.sweep_detector INFO: SweepDetector v2: 0 raw → 0 confirmed (vol≥2.5× body≥30%)
17:55:50 core.sweep_detector INFO: OrderBlocks: 4 detected, 0 unmitigated
17:55:50 core.sweep_detector INFO: FVGs: 9 detected, 4 unfilled
17:55:51 core.sweep_detector INFO: SweepDetector v2: 1 raw → 1 confirmed (vol≥2.5× body≥30%)
17:55:51 core.sweep_detector INFO: OrderBlocks: 1 detected, 0 unmitigated
17:55:51 core.sweep_detector INFO: FVGs: 5 detected, 1 unfilled
17:55:53 core.sweep_detector INFO: SweepDetector v2: 0 raw → 0 confirmed (vol≥2.5× body≥30%)
17:55:53 core.sweep_detector INFO: OrderBlocks: 5 detected, 1 unmitigated
17:55:53 core.sweep_detector INFO: FVGs: 3 detected, 0 unfilled
17:55:55 core.sweep_detector INFO: SweepDetector v2: 2 raw → 1 confirmed (vol≥2.5× body≥30%)
17:55:55 core.sweep_detector INFO: OrderBlocks: 6 detected, 5 unmitigated
17:55:55 core.sweep_detector INFO: FVGs: 12 detected, 6 unfilled
17:55:57 core.sweep_detector INFO: SweepDetector v2: 3 raw → 3 confirmed (vol≥2.5× body≥30%)
17:55:57 core.sweep_detector INFO: OrderBlocks: 1 detected, 0 unmitigated
17:55:57 core.sweep_detector INFO: FVGs: 7 detected, 2 unfilled
17:55:59 core.sweep_detector INFO: SweepDetector v2: 0 raw → 0 confirmed (vol≥2.5× body≥30%)
17:55:59 core.sweep_detector INFO: OrderBlocks: 10 detected, 1 unmitigated
17:55:59 core.sweep_detector INFO: FVGs: 7 detected, 1 unfilled
17:56:01 core.sweep_detector INFO: SweepDetector v2: 2 raw → 1 confirmed (vol≥2.5× body≥30%)
17:56:01 core.sweep_detector INFO: OrderBlocks: 6 detected, 1 unmitigated
17:56:01 core.sweep_detector INFO: FVGs: 5 detected, 2 unfilled
17:56:03 core.sweep_detector INFO: SweepDetector v2: 1 raw → 1 confirmed (vol≥2.5× body≥30%)
17:56:03 core.sweep_detector INFO: OrderBlocks: 2 detected, 0 unmitigated
17:56:03 core.sweep_detector INFO: FVGs: 5 detected, 3 unfilled
17:56:04 core.sweep_detector INFO: SweepDetector v2: 3 raw → 2 confirmed (vol≥2.5× body≥30%)
17:56:04 core.sweep_detector INFO: OrderBlocks: 2 detected, 0 unmitigated
17:56:04 core.sweep_detector INFO: FVGs: 5 detected, 1 unfilled
17:56:06 core.sweep_detector INFO: SweepDetector v2: 0 raw → 0 confirmed (vol≥2.5× body≥30%)
17:56:06 core.sweep_detector INFO: OrderBlocks: 0 detected, 0 unmitigated
17:56:06 core.sweep_detector INFO: FVGs: 3 detected, 2 unfilled
17:56:07 core.sweep_detector INFO: SweepDetector v2: 0 raw → 0 confirmed (vol≥2.5× body≥30%)
17:56:07 core.sweep_detector INFO: OrderBlocks: 2 detected, 2 unmitigated
17:56:07 core.sweep_detector INFO: FVGs: 4 detected, 2 unfilled
17:56:09 core.sweep_detector INFO: SweepDetector v2: 0 raw → 0 confirmed (vol≥2.5× body≥30%)
17:56:09 core.sweep_detector INFO: OrderBlocks: 9 detected, 3 unmitigated
17:56:09 core.sweep_detector INFO: FVGs: 1 detected, 1 unfilled
17:56:12 core.sweep_detector INFO: SweepDetector v2: 0 raw → 0 confirmed (vol≥2.5× body≥30%)
17:56:12 core.sweep_detector INFO: OrderBlocks: 7 detected, 3 unmitigated
17:56:12 core.sweep_detector INFO: FVGs: 10 detected, 5 unfilled
17:56:16 core.sweep_detector INFO: SweepDetector v2: 1 raw → 1 confirmed (vol≥2.5× body≥30%)
17:56:16 core.sweep_detector INFO: OrderBlocks: 4 detected, 2 unmitigated
17:56:16 core.sweep_detector INFO: FVGs: 6 detected, 2 unfilled
17:56:19 core.sweep_detector INFO: SweepDetector v2: 0 raw → 0 confirmed (vol≥2.5× body≥30%)
17:56:19 core.sweep_detector INFO: OrderBlocks: 10 detected, 2 unmitigated
17:56:19 core.sweep_detector INFO: FVGs: 7 detected, 1 unfilled
17:56:23 core.sweep_detector INFO: SweepDetector v2: 0 raw → 0 confirmed (vol≥2.5× body≥30%)
17:56:23 core.sweep_detector INFO: OrderBlocks: 8 detected, 1 unmitigated
17:56:23 core.sweep_detector INFO: FVGs: 10 detected, 4 unfilled
17:56:24 core.sweep_detector INFO: SweepDetector v2: 2 raw → 2 confirmed (vol≥2.5× body≥30%)
17:56:24 core.sweep_detector INFO: OrderBlocks: 1 detected, 0 unmitigated
17:56:24 core.sweep_detector INFO: FVGs: 12 detected, 3 unfilled
17:56:26 core.sweep_detector INFO: SweepDetector v2: 1 raw → 1 confirmed (vol≥2.5× body≥30%)
17:56:26 core.sweep_detector INFO: OrderBlocks: 2 detected, 0 unmitigated
17:56:26 core.sweep_detector INFO: FVGs: 6 detected, 3 unfilled
17:56:29 core.sweep_detector INFO: SweepDetector v2: 2 raw → 2 confirmed (vol≥2.5× body≥30%)
17:56:29 core.sweep_detector INFO: OrderBlocks: 4 detected, 1 unmitigated
17:56:29 core.sweep_detector INFO: FVGs: 8 detected, 2 unfilled
17:56:31 core.sweep_detector INFO: SweepDetector v2: 1 raw → 1 confirmed (vol≥2.5× body≥30%)
17:56:31 core.sweep_detector INFO: OrderBlocks: 3 detected, 2 unmitigated
17:56:31 core.sweep_detector INFO: FVGs: 5 detected, 1 unfilled
17:56:33 core.sweep_detector INFO: SweepDetector v2: 0 raw → 0 confirmed (vol≥2.5× body≥30%)
17:56:33 core.sweep_detector INFO: OrderBlocks: 8 detected, 2 unmitigated
17:56:33 core.sweep_detector INFO: FVGs: 5 detected, 1 unfilled
17:56:35 core.sweep_detector INFO: SweepDetector v2: 0 raw → 0 confirmed (vol≥2.5× body≥30%)
17:56:35 core.sweep_detector INFO: OrderBlocks: 0 detected, 0 unmitigated
17:56:35 core.sweep_detector INFO: FVGs: 0 detected, 0 unfilled
17:56:36 core.sweep_detector INFO: SweepDetector v2: 0 raw → 0 confirmed (vol≥2.5× body≥30%)
17:56:36 core.sweep_detector INFO: OrderBlocks: 3 detected, 0 unmitigated
17:56:36 core.sweep_detector INFO: FVGs: 0 detected, 0 unfilled
17:56:38 core.sweep_detector INFO: SweepDetector v2: 0 raw → 0 confirmed (vol≥2.5× body≥30%)
17:56:38 core.sweep_detector INFO: OrderBlocks: 0 detected, 0 unmitigated
17:56:38 core.sweep_detector INFO: FVGs: 0 detected, 0 unfilled
17:56:39 core.sweep_detector INFO: SweepDetector v2: 7 raw → 3 confirmed (vol≥2.5× body≥30%)
17:56:39 core.sweep_detector INFO: OrderBlocks: 11 detected, 3 unmitigated
17:56:39 core.sweep_detector INFO: FVGs: 10 detected, 2 unfilled
17:56:41 core.sweep_detector INFO: SweepDetector v2: 1 raw → 1 confirmed (vol≥2.5× body≥30%)
17:56:41 core.sweep_detector INFO: OrderBlocks: 8 detected, 2 unmitigated
17:56:41 core.sweep_detector INFO: FVGs: 16 detected, 4 unfilled
17:56:43 core.sweep_detector INFO: SweepDetector v2: 3 raw → 2 confirmed (vol≥2.5× body≥30%)
17:56:43 core.sweep_detector INFO: OrderBlocks: 9 detected, 1 unmitigated
17:56:43 core.sweep_detector INFO: FVGs: 10 detected, 2 unfilled
17:56:44 core.sweep_detector INFO: SweepDetector v2: 1 raw → 1 confirmed (vol≥2.5× body≥30%)
17:56:44 core.sweep_detector INFO: OrderBlocks: 5 detected, 0 unmitigated
17:56:44 core.sweep_detector INFO: FVGs: 6 detected, 1 unfilled
17:56:46 core.sweep_detector INFO: SweepDetector v2: 2 raw → 1 confirmed (vol≥2.5× body≥30%)
17:56:46 core.sweep_detector INFO: OrderBlocks: 1 detected, 0 unmitigated
17:56:46 core.sweep_detector INFO: FVGs: 6 detected, 1 unfilled
17:56:47 core.sweep_detector INFO: SweepDetector v2: 0 raw → 0 confirmed (vol≥2.5× body≥30%)
17:56:47 core.sweep_detector INFO: OrderBlocks: 6 detected, 1 unmitigated
17:56:47 core.sweep_detector INFO: FVGs: 7 detected, 1 unfilled
17:56:49 core.sweep_detector INFO: SweepDetector v2: 2 raw → 2 confirmed (vol≥2.5× body≥30%)
17:56:49 core.sweep_detector INFO: OrderBlocks: 7 detected, 1 unmitigated
17:56:49 core.sweep_detector INFO: FVGs: 7 detected, 3 unfilled
17:56:51 core.sweep_detector INFO: SweepDetector v2: 2 raw → 2 confirmed (vol≥2.5× body≥30%)
17:56:51 core.sweep_detector INFO: OrderBlocks: 6 detected, 1 unmitigated
17:56:51 core.sweep_detector INFO: FVGs: 7 detected, 1 unfilled
17:56:53 core.sweep_detector INFO: SweepDetector v2: 2 raw → 2 confirmed (vol≥2.5× body≥30%)
17:56:53 core.sweep_detector INFO: OrderBlocks: 3 detected, 2 unmitigated
17:56:53 core.sweep_detector INFO: FVGs: 8 detected, 3 unfilled
17:56:53 __main__ INFO: Checking 1 open trades for exit conditions
/root/.openclaw/workspace/projects/crypto-liquidity-hunter/main.py:555: DeprecationWarning: datetime.datetime.utcnow() is deprecated and scheduled for removal in a future version. Use timezone-aware objects to represent datetimes in UTC: datetime.datetime.now(datetime.UTC).
  scan_end     = datetime.utcnow()

=== SCAN ALL: 79 pairs, 3 timeframes ===
Total signals generated: 0
