10:00:02 __main__ INFO: Volume filter: fetching all tickers in one call...
10:00:04 __main__ INFO: Volume filter: 100/447 pairs pass $2M threshold
/root/.openclaw/workspace/projects/crypto-liquidity-hunter/main.py:292: DeprecationWarning: datetime.datetime.utcnow() is deprecated and scheduled for removal in a future version. Use timezone-aware objects to represent datetimes in UTC: datetime.datetime.now(datetime.UTC).
  scan_start = datetime.utcnow()   # for duration tracking
10:00:06 core.binance_connector INFO: BinanceConnector: connected [LIVE FUTURES MAINNET]
10:00:06 __main__ INFO: Auto-executor: account 'Liquiddbot1' mode=live exec=auto
10:00:08 core.sweep_detector INFO: SweepDetector v2: 0 raw → 0 confirmed (vol≥2.5× body≥30%)
10:00:08 core.sweep_detector INFO: OrderBlocks: 10 detected, 5 unmitigated
10:00:08 core.sweep_detector INFO: FVGs: 12 detected, 7 unfilled
10:00:10 core.sweep_detector INFO: SweepDetector v2: 2 raw → 2 confirmed (vol≥2.5× body≥30%)
10:00:10 core.sweep_detector INFO: OrderBlocks: 4 detected, 1 unmitigated
10:00:10 core.sweep_detector INFO: FVGs: 9 detected, 2 unfilled
10:00:13 core.sweep_detector INFO: SweepDetector v2: 2 raw → 2 confirmed (vol≥2.5× body≥30%)
10:00:13 core.sweep_detector INFO: OrderBlocks: 5 detected, 2 unmitigated
10:00:13 core.sweep_detector INFO: FVGs: 10 detected, 5 unfilled
10:00:15 core.sweep_detector INFO: SweepDetector v2: 1 raw → 1 confirmed (vol≥2.5× body≥30%)
10:00:15 core.sweep_detector INFO: OrderBlocks: 8 detected, 2 unmitigated
10:00:15 core.sweep_detector INFO: FVGs: 11 detected, 5 unfilled
10:00:17 core.sweep_detector INFO: SweepDetector v2: 2 raw → 1 confirmed (vol≥2.5× body≥30%)
10:00:17 core.sweep_detector INFO: OrderBlocks: 4 detected, 1 unmitigated
10:00:17 core.sweep_detector INFO: FVGs: 6 detected, 3 unfilled
10:00:19 core.sweep_detector INFO: SweepDetector v2: 1 raw → 1 confirmed (vol≥2.5× body≥30%)
10:00:19 core.sweep_detector INFO: OrderBlocks: 4 detected, 4 unmitigated
10:00:19 core.sweep_detector INFO: FVGs: 7 detected, 4 unfilled
10:00:21 core.sweep_detector INFO: SweepDetector v2: 3 raw → 2 confirmed (vol≥2.5× body≥30%)
10:00:21 core.sweep_detector INFO: OrderBlocks: 7 detected, 0 unmitigated
10:00:21 core.sweep_detector INFO: FVGs: 10 detected, 0 unfilled
10:00:23 core.sweep_detector INFO: SweepDetector v2: 1 raw → 0 confirmed (vol≥2.5× body≥30%)
10:00:23 core.sweep_detector INFO: OrderBlocks: 3 detected, 1 unmitigated
10:00:23 core.sweep_detector INFO: FVGs: 9 detected, 2 unfilled
10:00:25 core.sweep_detector INFO: SweepDetector v2: 0 raw → 0 confirmed (vol≥2.5× body≥30%)
10:00:25 core.sweep_detector INFO: OrderBlocks: 3 detected, 1 unmitigated
10:00:25 core.sweep_detector INFO: FVGs: 14 detected, 7 unfilled
10:00:27 core.sweep_detector INFO: SweepDetector v2: 2 raw → 1 confirmed (vol≥2.5× body≥30%)
10:00:27 core.sweep_detector INFO: OrderBlocks: 7 detected, 3 unmitigated
10:00:27 core.sweep_detector INFO: FVGs: 8 detected, 3 unfilled
10:00:29 core.sweep_detector INFO: SweepDetector v2: 1 raw → 1 confirmed (vol≥2.5× body≥30%)
10:00:29 core.sweep_detector INFO: OrderBlocks: 3 detected, 1 unmitigated
10:00:29 core.sweep_detector INFO: FVGs: 9 detected, 2 unfilled
10:00:31 core.sweep_detector INFO: SweepDetector v2: 1 raw → 1 confirmed (vol≥2.5× body≥30%)
10:00:31 core.sweep_detector INFO: OrderBlocks: 4 detected, 2 unmitigated
10:00:31 core.sweep_detector INFO: FVGs: 8 detected, 2 unfilled
10:00:33 core.sweep_detector INFO: SweepDetector v2: 2 raw → 1 confirmed (vol≥2.5× body≥30%)
10:00:33 core.sweep_detector INFO: OrderBlocks: 5 detected, 3 unmitigated
10:00:33 core.sweep_detector INFO: FVGs: 11 detected, 5 unfilled
10:00:34 core.sweep_detector INFO: SweepDetector v2: 1 raw → 1 confirmed (vol≥2.5× body≥30%)
10:00:34 core.sweep_detector INFO: OrderBlocks: 5 detected, 1 unmitigated
10:00:34 core.sweep_detector INFO: FVGs: 10 detected, 4 unfilled
10:00:36 core.sweep_detector INFO: SweepDetector v2: 2 raw → 2 confirmed (vol≥2.5× body≥30%)
10:00:36 core.sweep_detector INFO: OrderBlocks: 2 detected, 1 unmitigated
10:00:36 core.sweep_detector INFO: FVGs: 12 detected, 7 unfilled
10:00:38 core.sweep_detector INFO: SweepDetector v2: 5 raw → 5 confirmed (vol≥2.5× body≥30%)
10:00:38 core.sweep_detector INFO: OrderBlocks: 1 detected, 0 unmitigated
10:00:38 core.sweep_detector INFO: FVGs: 3 detected, 1 unfilled
10:00:39 core.sweep_detector INFO: SweepDetector v2: 2 raw → 2 confirmed (vol≥2.5× body≥30%)
10:00:39 core.sweep_detector INFO: OrderBlocks: 5 detected, 1 unmitigated
10:00:39 core.sweep_detector INFO: FVGs: 2 detected, 1 unfilled
10:00:41 core.sweep_detector INFO: SweepDetector v2: 1 raw → 1 confirmed (vol≥2.5× body≥30%)
10:00:41 core.sweep_detector INFO: OrderBlocks: 1 detected, 0 unmitigated
10:00:41 core.sweep_detector INFO: FVGs: 4 detected, 1 unfilled
10:00:42 core.sweep_detector INFO: SweepDetector v2: 2 raw → 1 confirmed (vol≥2.5× body≥30%)
10:00:42 core.sweep_detector INFO: OrderBlocks: 7 detected, 3 unmitigated
10:00:42 core.sweep_detector INFO: FVGs: 9 detected, 4 unfilled
10:00:44 core.sweep_detector INFO: SweepDetector v2: 1 raw → 0 confirmed (vol≥2.5× body≥30%)
10:00:44 core.sweep_detector INFO: OrderBlocks: 4 detected, 1 unmitigated
10:00:44 core.sweep_detector INFO: FVGs: 3 detected, 1 unfilled
10:00:46 core.sweep_detector INFO: SweepDetector v2: 1 raw → 1 confirmed (vol≥2.5× body≥30%)
10:00:46 core.sweep_detector INFO: OrderBlocks: 6 detected, 3 unmitigated
10:00:46 core.sweep_detector INFO: FVGs: 12 detected, 7 unfilled
10:00:47 core.sweep_detector INFO: SweepDetector v2: 2 raw → 2 confirmed (vol≥2.5× body≥30%)
10:00:47 core.sweep_detector INFO: OrderBlocks: 4 detected, 2 unmitigated
10:00:47 core.sweep_detector INFO: FVGs: 13 detected, 6 unfilled
10:00:49 core.sweep_detector INFO: SweepDetector v2: 1 raw → 1 confirmed (vol≥2.5× body≥30%)
10:00:49 core.sweep_detector INFO: OrderBlocks: 5 detected, 3 unmitigated
10:00:49 core.sweep_detector INFO: FVGs: 8 detected, 3 unfilled
10:00:51 core.sweep_detector INFO: SweepDetector v2: 2 raw → 2 confirmed (vol≥2.5× body≥30%)
10:00:51 core.sweep_detector INFO: OrderBlocks: 3 detected, 2 unmitigated
10:00:51 core.sweep_detector INFO: FVGs: 10 detected, 6 unfilled
10:00:53 core.sweep_detector INFO: SweepDetector v2: 2 raw → 2 confirmed (vol≥2.5× body≥30%)
10:00:53 core.sweep_detector INFO: OrderBlocks: 6 detected, 0 unmitigated
10:00:53 core.sweep_detector INFO: FVGs: 4 detected, 0 unfilled
10:00:54 core.sweep_detector INFO: SweepDetector v2: 1 raw → 1 confirmed (vol≥2.5× body≥30%)
10:00:54 core.sweep_detector INFO: OrderBlocks: 4 detected, 0 unmitigated
10:00:54 core.sweep_detector INFO: FVGs: 12 detected, 2 unfilled
10:00:56 core.sweep_detector INFO: SweepDetector v2: 1 raw → 0 confirmed (vol≥2.5× body≥30%)
10:00:56 core.sweep_detector INFO: OrderBlocks: 2 detected, 0 unmitigated
10:00:56 core.sweep_detector INFO: FVGs: 8 detected, 0 unfilled
10:00:58 core.sweep_detector INFO: SweepDetector v2: 1 raw → 1 confirmed (vol≥2.5× body≥30%)
10:00:58 core.sweep_detector INFO: OrderBlocks: 4 detected, 0 unmitigated
10:00:58 core.sweep_detector INFO: FVGs: 9 detected, 4 unfilled
10:00:59 core.sweep_detector INFO: SweepDetector v2: 0 raw → 0 confirmed (vol≥2.5× body≥30%)
10:00:59 core.sweep_detector INFO: OrderBlocks: 3 detected, 2 unmitigated
10:00:59 core.sweep_detector INFO: FVGs: 7 detected, 5 unfilled
10:01:01 core.sweep_detector INFO: SweepDetector v2: 0 raw → 0 confirmed (vol≥2.5× body≥30%)
10:01:01 core.sweep_detector INFO: OrderBlocks: 9 detected, 4 unmitigated
10:01:01 core.sweep_detector INFO: FVGs: 7 detected, 2 unfilled
10:01:03 core.sweep_detector INFO: SweepDetector v2: 4 raw → 4 confirmed (vol≥2.5× body≥30%)
10:01:03 core.sweep_detector INFO: OrderBlocks: 2 detected, 2 unmitigated
10:01:03 core.sweep_detector INFO: FVGs: 12 detected, 3 unfilled
10:01:04 core.sweep_detector INFO: SweepDetector v2: 1 raw → 1 confirmed (vol≥2.5× body≥30%)
10:01:04 core.sweep_detector INFO: OrderBlocks: 8 detected, 1 unmitigated
10:01:04 core.sweep_detector INFO: FVGs: 11 detected, 0 unfilled
10:01:06 core.sweep_detector INFO: SweepDetector v2: 2 raw → 1 confirmed (vol≥2.5× body≥30%)
10:01:06 core.sweep_detector INFO: OrderBlocks: 9 detected, 3 unmitigated
10:01:06 core.sweep_detector INFO: FVGs: 12 detected, 4 unfilled
10:01:08 core.sweep_detector INFO: SweepDetector v2: 0 raw → 0 confirmed (vol≥2.5× body≥30%)
10:01:08 core.sweep_detector INFO: OrderBlocks: 3 detected, 1 unmitigated
10:01:08 core.sweep_detector INFO: FVGs: 6 detected, 1 unfilled
10:01:09 core.sweep_detector INFO: SweepDetector v2: 3 raw → 3 confirmed (vol≥2.5× body≥30%)
10:01:09 core.sweep_detector INFO: OrderBlocks: 1 detected, 1 unmitigated
10:01:09 core.sweep_detector INFO: FVGs: 5 detected, 2 unfilled
10:01:11 core.sweep_detector INFO: SweepDetector v2: 2 raw → 2 confirmed (vol≥2.5× body≥30%)
10:01:11 core.sweep_detector INFO: OrderBlocks: 6 detected, 1 unmitigated
10:01:11 core.sweep_detector INFO: FVGs: 4 detected, 2 unfilled
10:01:12 core.sweep_detector INFO: SweepDetector v2: 0 raw → 0 confirmed (vol≥2.5× body≥30%)
10:01:12 core.sweep_detector INFO: OrderBlocks: 0 detected, 0 unmitigated
10:01:12 core.sweep_detector INFO: FVGs: 0 detected, 0 unfilled
10:01:14 core.sweep_detector INFO: SweepDetector v2: 0 raw → 0 confirmed (vol≥2.5× body≥30%)
10:01:14 core.sweep_detector INFO: OrderBlocks: 0 detected, 0 unmitigated
10:01:14 core.sweep_detector INFO: FVGs: 0 detected, 0 unfilled
10:01:16 core.sweep_detector INFO: SweepDetector v2: 0 raw → 0 confirmed (vol≥2.5× body≥30%)
10:01:16 core.sweep_detector INFO: OrderBlocks: 0 detected, 0 unmitigated
10:01:16 core.sweep_detector INFO: FVGs: 0 detected, 0 unfilled
10:01:18 core.sweep_detector INFO: SweepDetector v2: 1 raw → 1 confirmed (vol≥2.5× body≥30%)
10:01:18 core.sweep_detector INFO: OrderBlocks: 8 detected, 6 unmitigated
10:01:18 core.sweep_detector INFO: FVGs: 10 detected, 5 unfilled
10:01:20 core.sweep_detector INFO: SweepDetector v2: 1 raw → 1 confirmed (vol≥2.5× body≥30%)
10:01:20 core.sweep_detector INFO: OrderBlocks: 6 detected, 1 unmitigated
10:01:20 core.sweep_detector INFO: FVGs: 5 detected, 1 unfilled
10:01:21 core.sweep_detector INFO: SweepDetector v2: 1 raw → 1 confirmed (vol≥2.5× body≥30%)
10:01:21 core.sweep_detector INFO: OrderBlocks: 4 detected, 3 unmitigated
10:01:21 core.sweep_detector INFO: FVGs: 6 detected, 4 unfilled
10:01:23 core.sweep_detector INFO: SweepDetector v2: 1 raw → 1 confirmed (vol≥2.5× body≥30%)
10:01:23 core.sweep_detector INFO: OrderBlocks: 7 detected, 2 unmitigated
10:01:23 core.sweep_detector INFO: FVGs: 7 detected, 3 unfilled
10:01:24 core.sweep_detector INFO: SweepDetector v2: 1 raw → 1 confirmed (vol≥2.5× body≥30%)
10:01:24 core.sweep_detector INFO: OrderBlocks: 3 detected, 2 unmitigated
10:01:24 core.sweep_detector INFO: FVGs: 9 detected, 2 unfilled
10:01:26 core.sweep_detector INFO: SweepDetector v2: 1 raw → 1 confirmed (vol≥2.5× body≥30%)
10:01:26 core.sweep_detector INFO: OrderBlocks: 3 detected, 1 unmitigated
10:01:26 core.sweep_detector INFO: FVGs: 10 detected, 6 unfilled
10:01:28 core.sweep_detector INFO: SweepDetector v2: 0 raw → 0 confirmed (vol≥2.5× body≥30%)
10:01:28 core.sweep_detector INFO: OrderBlocks: 6 detected, 4 unmitigated
10:01:28 core.sweep_detector INFO: FVGs: 7 detected, 3 unfilled
10:01:29 core.sweep_detector INFO: SweepDetector v2: 2 raw → 1 confirmed (vol≥2.5× body≥30%)
10:01:29 core.sweep_detector INFO: OrderBlocks: 3 detected, 0 unmitigated
10:01:29 core.sweep_detector INFO: FVGs: 9 detected, 2 unfilled
10:01:31 core.sweep_detector INFO: SweepDetector v2: 1 raw → 1 confirmed (vol≥2.5× body≥30%)
10:01:31 core.sweep_detector INFO: OrderBlocks: 3 detected, 1 unmitigated
10:01:31 core.sweep_detector INFO: FVGs: 6 detected, 3 unfilled
10:01:32 core.sweep_detector INFO: SweepDetector v2: 7 raw → 5 confirmed (vol≥2.5× body≥30%)
10:01:32 core.sweep_detector INFO: OrderBlocks: 4 detected, 2 unmitigated
10:01:32 core.sweep_detector INFO: FVGs: 10 detected, 5 unfilled
10:01:34 core.sweep_detector INFO: SweepDetector v2: 5 raw → 2 confirmed (vol≥2.5× body≥30%)
10:01:34 core.sweep_detector INFO: OrderBlocks: 5 detected, 3 unmitigated
10:01:34 core.sweep_detector INFO: FVGs: 9 detected, 3 unfilled
10:01:36 core.sweep_detector INFO: SweepDetector v2: 0 raw → 0 confirmed (vol≥2.5× body≥30%)
10:01:36 core.sweep_detector INFO: OrderBlocks: 3 detected, 1 unmitigated
10:01:36 core.sweep_detector INFO: FVGs: 9 detected, 4 unfilled
10:01:37 core.sweep_detector INFO: SweepDetector v2: 1 raw → 1 confirmed (vol≥2.5× body≥30%)
10:01:37 core.sweep_detector INFO: OrderBlocks: 9 detected, 3 unmitigated
10:01:37 core.sweep_detector INFO: FVGs: 12 detected, 3 unfilled
10:01:39 core.sweep_detector INFO: SweepDetector v2: 2 raw → 1 confirmed (vol≥2.5× body≥30%)
10:01:39 core.sweep_detector INFO: OrderBlocks: 7 detected, 0 unmitigated
10:01:39 core.sweep_detector INFO: FVGs: 7 detected, 3 unfilled
10:01:41 core.sweep_detector INFO: SweepDetector v2: 2 raw → 2 confirmed (vol≥2.5× body≥30%)
10:01:41 core.sweep_detector INFO: OrderBlocks: 5 detected, 4 unmitigated
10:01:41 core.sweep_detector INFO: FVGs: 5 detected, 3 unfilled
10:01:42 core.sweep_detector INFO: SweepDetector v2: 0 raw → 0 confirmed (vol≥2.5× body≥30%)
10:01:42 core.sweep_detector INFO: OrderBlocks: 7 detected, 4 unmitigated
10:01:42 core.sweep_detector INFO: FVGs: 4 detected, 3 unfilled
10:01:44 core.sweep_detector INFO: SweepDetector v2: 1 raw → 1 confirmed (vol≥2.5× body≥30%)
10:01:44 core.sweep_detector INFO: OrderBlocks: 6 detected, 2 unmitigated
10:01:44 core.sweep_detector INFO: FVGs: 4 detected, 4 unfilled
10:01:45 core.sweep_detector INFO: SweepDetector v2: 1 raw → 0 confirmed (vol≥2.5× body≥30%)
10:01:45 core.sweep_detector INFO: OrderBlocks: 6 detected, 3 unmitigated
10:01:45 core.sweep_detector INFO: FVGs: 7 detected, 4 unfilled
10:01:47 core.sweep_detector INFO: SweepDetector v2: 1 raw → 0 confirmed (vol≥2.5× body≥30%)
10:01:47 core.sweep_detector INFO: OrderBlocks: 2 detected, 2 unmitigated
10:01:47 core.sweep_detector INFO: FVGs: 7 detected, 6 unfilled
10:01:49 core.sweep_detector INFO: SweepDetector v2: 1 raw → 0 confirmed (vol≥2.5× body≥30%)
10:01:49 core.sweep_detector INFO: OrderBlocks: 7 detected, 3 unmitigated
10:01:49 core.sweep_detector INFO: FVGs: 6 detected, 4 unfilled
10:01:50 core.sweep_detector INFO: SweepDetector v2: 2 raw → 1 confirmed (vol≥2.5× body≥30%)
10:01:50 core.sweep_detector INFO: OrderBlocks: 12 detected, 2 unmitigated
10:01:50 core.sweep_detector INFO: FVGs: 8 detected, 2 unfilled
10:01:52 core.sweep_detector INFO: SweepDetector v2: 0 raw → 0 confirmed (vol≥2.5× body≥30%)
10:01:52 core.sweep_detector INFO: OrderBlocks: 6 detected, 2 unmitigated
10:01:52 core.sweep_detector INFO: FVGs: 11 detected, 7 unfilled
10:01:53 core.sweep_detector INFO: SweepDetector v2: 3 raw → 2 confirmed (vol≥2.5× body≥30%)
10:01:53 core.sweep_detector INFO: OrderBlocks: 7 detected, 2 unmitigated
10:01:53 core.sweep_detector INFO: FVGs: 13 detected, 5 unfilled
10:01:55 core.sweep_detector INFO: SweepDetector v2: 0 raw → 0 confirmed (vol≥2.5× body≥30%)
10:01:55 core.sweep_detector INFO: OrderBlocks: 5 detected, 1 unmitigated
10:01:55 core.sweep_detector INFO: FVGs: 6 detected, 2 unfilled
10:01:57 core.sweep_detector INFO: SweepDetector v2: 0 raw → 0 confirmed (vol≥2.5× body≥30%)
10:01:57 core.sweep_detector INFO: OrderBlocks: 9 detected, 4 unmitigated
10:01:57 core.sweep_detector INFO: FVGs: 15 detected, 4 unfilled
10:01:58 core.sweep_detector INFO: SweepDetector v2: 3 raw → 2 confirmed (vol≥2.5× body≥30%)
10:01:58 core.sweep_detector INFO: OrderBlocks: 3 detected, 1 unmitigated
10:01:58 core.sweep_detector INFO: FVGs: 10 detected, 2 unfilled
10:02:00 core.sweep_detector INFO: SweepDetector v2: 1 raw → 1 confirmed (vol≥2.5× body≥30%)
10:02:00 core.sweep_detector INFO: OrderBlocks: 4 detected, 2 unmitigated
10:02:00 core.sweep_detector INFO: FVGs: 7 detected, 4 unfilled
10:02:02 core.sweep_detector INFO: SweepDetector v2: 4 raw → 2 confirmed (vol≥2.5× body≥30%)
10:02:02 core.sweep_detector INFO: OrderBlocks: 5 detected, 2 unmitigated
10:02:02 core.sweep_detector INFO: FVGs: 9 detected, 2 unfilled
10:02:03 core.sweep_detector INFO: SweepDetector v2: 5 raw → 4 confirmed (vol≥2.5× body≥30%)
10:02:03 core.sweep_detector INFO: OrderBlocks: 5 detected, 1 unmitigated
10:02:03 core.sweep_detector INFO: FVGs: 11 detected, 4 unfilled
10:02:05 core.sweep_detector INFO: SweepDetector v2: 4 raw → 3 confirmed (vol≥2.5× body≥30%)
10:02:05 core.sweep_detector INFO: OrderBlocks: 8 detected, 4 unmitigated
10:02:05 core.sweep_detector INFO: FVGs: 12 detected, 9 unfilled
10:02:07 core.sweep_detector INFO: SweepDetector v2: 3 raw → 2 confirmed (vol≥2.5× body≥30%)
10:02:07 core.sweep_detector INFO: OrderBlocks: 6 detected, 2 unmitigated
10:02:07 core.sweep_detector INFO: FVGs: 4 detected, 1 unfilled
10:02:08 core.sweep_detector INFO: SweepDetector v2: 2 raw → 1 confirmed (vol≥2.5× body≥30%)
10:02:08 core.sweep_detector INFO: OrderBlocks: 5 detected, 0 unmitigated
10:02:08 core.sweep_detector INFO: FVGs: 9 detected, 2 unfilled
10:02:10 core.sweep_detector INFO: SweepDetector v2: 0 raw → 0 confirmed (vol≥2.5× body≥30%)
10:02:10 core.sweep_detector INFO: OrderBlocks: 7 detected, 4 unmitigated
10:02:10 core.sweep_detector INFO: FVGs: 6 detected, 3 unfilled
10:02:12 core.sweep_detector INFO: SweepDetector v2: 1 raw → 1 confirmed (vol≥2.5× body≥30%)
10:02:12 core.sweep_detector INFO: OrderBlocks: 9 detected, 2 unmitigated
10:02:12 core.sweep_detector INFO: FVGs: 7 detected, 1 unfilled
10:02:13 core.sweep_detector INFO: SweepDetector v2: 0 raw → 0 confirmed (vol≥2.5× body≥30%)
10:02:13 core.sweep_detector INFO: OrderBlocks: 7 detected, 4 unmitigated
10:02:13 core.sweep_detector INFO: FVGs: 8 detected, 3 unfilled
10:02:15 core.sweep_detector INFO: SweepDetector v2: 0 raw → 0 confirmed (vol≥2.5× body≥30%)
10:02:15 core.sweep_detector INFO: OrderBlocks: 7 detected, 4 unmitigated
10:02:15 core.sweep_detector INFO: FVGs: 9 detected, 4 unfilled
10:02:16 core.sweep_detector INFO: SweepDetector v2: 0 raw → 0 confirmed (vol≥2.5× body≥30%)
10:02:16 core.sweep_detector INFO: OrderBlocks: 8 detected, 3 unmitigated
10:02:16 core.sweep_detector INFO: FVGs: 11 detected, 2 unfilled
10:02:18 core.sweep_detector INFO: SweepDetector v2: 4 raw → 3 confirmed (vol≥2.5× body≥30%)
10:02:18 core.sweep_detector INFO: OrderBlocks: 3 detected, 1 unmitigated
10:02:18 core.sweep_detector INFO: FVGs: 11 detected, 2 unfilled
10:02:20 core.sweep_detector INFO: SweepDetector v2: 1 raw → 1 confirmed (vol≥2.5× body≥30%)
10:02:20 core.sweep_detector INFO: OrderBlocks: 4 detected, 2 unmitigated
10:02:20 core.sweep_detector INFO: FVGs: 6 detected, 3 unfilled
10:02:22 core.sweep_detector INFO: SweepDetector v2: 1 raw → 0 confirmed (vol≥2.5× body≥30%)
10:02:22 core.sweep_detector INFO: OrderBlocks: 4 detected, 1 unmitigated
10:02:22 core.sweep_detector INFO: FVGs: 9 detected, 2 unfilled
10:02:24 core.sweep_detector INFO: SweepDetector v2: 3 raw → 3 confirmed (vol≥2.5× body≥30%)
10:02:24 core.sweep_detector INFO: OrderBlocks: 3 detected, 0 unmitigated
10:02:24 core.sweep_detector INFO: FVGs: 7 detected, 1 unfilled
10:02:25 core.sweep_detector INFO: SweepDetector v2: 1 raw → 1 confirmed (vol≥2.5× body≥30%)
10:02:25 core.sweep_detector INFO: OrderBlocks: 5 detected, 2 unmitigated
10:02:25 core.sweep_detector INFO: FVGs: 8 detected, 4 unfilled
10:02:27 core.sweep_detector INFO: SweepDetector v2: 2 raw → 2 confirmed (vol≥2.5× body≥30%)
10:02:27 core.sweep_detector INFO: OrderBlocks: 9 detected, 3 unmitigated
10:02:27 core.sweep_detector INFO: FVGs: 16 detected, 5 unfilled
10:02:29 core.sweep_detector INFO: SweepDetector v2: 1 raw → 1 confirmed (vol≥2.5× body≥30%)
10:02:29 core.sweep_detector INFO: OrderBlocks: 8 detected, 2 unmitigated
10:02:29 core.sweep_detector INFO: FVGs: 8 detected, 3 unfilled
10:02:30 core.sweep_detector INFO: SweepDetector v2: 2 raw → 2 confirmed (vol≥2.5× body≥30%)
10:02:30 core.sweep_detector INFO: OrderBlocks: 5 detected, 2 unmitigated
10:02:30 core.sweep_detector INFO: FVGs: 14 detected, 5 unfilled
10:02:32 core.sweep_detector INFO: SweepDetector v2: 1 raw → 1 confirmed (vol≥2.5× body≥30%)
10:02:32 core.sweep_detector INFO: OrderBlocks: 5 detected, 3 unmitigated
10:02:32 core.sweep_detector INFO: FVGs: 11 detected, 3 unfilled
10:02:33 core.sweep_detector INFO: SweepDetector v2: 4 raw → 3 confirmed (vol≥2.5× body≥30%)
10:02:33 core.sweep_detector INFO: OrderBlocks: 5 detected, 0 unmitigated
10:02:33 core.sweep_detector INFO: FVGs: 6 detected, 2 unfilled
10:02:35 core.sweep_detector INFO: SweepDetector v2: 3 raw → 2 confirmed (vol≥2.5× body≥30%)
10:02:35 core.sweep_detector INFO: OrderBlocks: 1 detected, 0 unmitigated
10:02:35 core.sweep_detector INFO: FVGs: 7 detected, 1 unfilled
10:02:37 core.sweep_detector INFO: SweepDetector v2: 2 raw → 1 confirmed (vol≥2.5× body≥30%)
10:02:37 core.sweep_detector INFO: OrderBlocks: 5 detected, 0 unmitigated
10:02:37 core.sweep_detector INFO: FVGs: 6 detected, 0 unfilled
10:02:38 core.sweep_detector INFO: SweepDetector v2: 1 raw → 0 confirmed (vol≥2.5× body≥30%)
10:02:38 core.sweep_detector INFO: OrderBlocks: 4 detected, 2 unmitigated
10:02:38 core.sweep_detector INFO: FVGs: 9 detected, 0 unfilled
10:02:40 core.sweep_detector INFO: SweepDetector v2: 4 raw → 2 confirmed (vol≥2.5× body≥30%)
10:02:40 core.sweep_detector INFO: OrderBlocks: 1 detected, 0 unmitigated
10:02:40 core.sweep_detector INFO: FVGs: 3 detected, 0 unfilled
10:02:42 core.sweep_detector INFO: SweepDetector v2: 2 raw → 1 confirmed (vol≥2.5× body≥30%)
10:02:42 core.sweep_detector INFO: OrderBlocks: 5 detected, 1 unmitigated
10:02:42 core.sweep_detector INFO: FVGs: 8 detected, 4 unfilled
10:02:43 core.sweep_detector INFO: SweepDetector v2: 2 raw → 2 confirmed (vol≥2.5× body≥30%)
10:02:43 core.sweep_detector INFO: OrderBlocks: 3 detected, 1 unmitigated
10:02:43 core.sweep_detector INFO: FVGs: 12 detected, 4 unfilled
10:02:45 core.sweep_detector INFO: SweepDetector v2: 1 raw → 1 confirmed (vol≥2.5× body≥30%)
10:02:45 core.sweep_detector INFO: OrderBlocks: 4 detected, 2 unmitigated
10:02:45 core.sweep_detector INFO: FVGs: 12 detected, 8 unfilled
10:02:47 core.sweep_detector INFO: SweepDetector v2: 2 raw → 1 confirmed (vol≥2.5× body≥30%)
10:02:47 core.sweep_detector INFO: OrderBlocks: 6 detected, 2 unmitigated
10:02:47 core.sweep_detector INFO: FVGs: 10 detected, 5 unfilled
10:02:49 core.sweep_detector INFO: SweepDetector v2: 3 raw → 1 confirmed (vol≥2.5× body≥30%)
10:02:49 core.sweep_detector INFO: OrderBlocks: 5 detected, 1 unmitigated
10:02:49 core.sweep_detector INFO: FVGs: 11 detected, 4 unfilled
10:02:50 core.sweep_detector INFO: SweepDetector v2: 1 raw → 1 confirmed (vol≥2.5× body≥30%)
10:02:50 core.sweep_detector INFO: OrderBlocks: 3 detected, 2 unmitigated
10:02:50 core.sweep_detector INFO: FVGs: 6 detected, 3 unfilled
10:02:52 core.sweep_detector INFO: SweepDetector v2: 0 raw → 0 confirmed (vol≥2.5× body≥30%)
10:02:52 core.sweep_detector INFO: OrderBlocks: 2 detected, 2 unmitigated
10:02:52 core.sweep_detector INFO: FVGs: 11 detected, 6 unfilled
10:02:53 core.sweep_detector INFO: SweepDetector v2: 2 raw → 2 confirmed (vol≥2.5× body≥30%)
10:02:54 core.sweep_detector INFO: OrderBlocks: 3 detected, 0 unmitigated
10:02:54 core.sweep_detector INFO: FVGs: 5 detected, 2 unfilled
10:02:55 core.sweep_detector INFO: SweepDetector v2: 1 raw → 1 confirmed (vol≥2.5× body≥30%)
10:02:55 core.sweep_detector INFO: OrderBlocks: 3 detected, 2 unmitigated
10:02:55 core.sweep_detector INFO: FVGs: 11 detected, 6 unfilled
10:02:57 core.sweep_detector INFO: SweepDetector v2: 0 raw → 0 confirmed (vol≥2.5× body≥30%)
10:02:57 core.sweep_detector INFO: OrderBlocks: 4 detected, 0 unmitigated
10:02:57 core.sweep_detector INFO: FVGs: 0 detected, 0 unfilled
10:02:58 core.sweep_detector INFO: SweepDetector v2: 0 raw → 0 confirmed (vol≥2.5× body≥30%)
10:02:58 core.sweep_detector INFO: OrderBlocks: 4 detected, 1 unmitigated
10:02:58 core.sweep_detector INFO: FVGs: 1 detected, 1 unfilled
10:03:00 core.sweep_detector INFO: SweepDetector v2: 0 raw → 0 confirmed (vol≥2.5× body≥30%)
10:03:00 core.sweep_detector INFO: OrderBlocks: 3 detected, 1 unmitigated
10:03:00 core.sweep_detector INFO: FVGs: 0 detected, 0 unfilled
10:03:02 core.sweep_detector INFO: SweepDetector v2: 1 raw → 1 confirmed (vol≥2.5× body≥30%)
10:03:02 core.sweep_detector INFO: OrderBlocks: 5 detected, 0 unmitigated
10:03:02 core.sweep_detector INFO: FVGs: 0 detected, 0 unfilled
10:03:03 core.sweep_detector INFO: SweepDetector v2: 0 raw → 0 confirmed (vol≥2.5× body≥30%)
10:03:03 core.sweep_detector INFO: OrderBlocks: 6 detected, 0 unmitigated
10:03:03 core.sweep_detector INFO: FVGs: 0 detected, 0 unfilled
10:03:05 core.sweep_detector INFO: SweepDetector v2: 0 raw → 0 confirmed (vol≥2.5× body≥30%)
10:03:05 core.sweep_detector INFO: OrderBlocks: 6 detected, 1 unmitigated
10:03:05 core.sweep_detector INFO: FVGs: 0 detected, 0 unfilled
10:03:07 core.sweep_detector INFO: SweepDetector v2: 0 raw → 0 confirmed (vol≥2.5× body≥30%)
10:03:07 core.sweep_detector INFO: OrderBlocks: 0 detected, 0 unmitigated
10:03:07 core.sweep_detector INFO: FVGs: 0 detected, 0 unfilled
10:03:08 core.sweep_detector INFO: SweepDetector v2: 0 raw → 0 confirmed (vol≥2.5× body≥30%)
10:03:08 core.sweep_detector INFO: OrderBlocks: 0 detected, 0 unmitigated
10:03:08 core.sweep_detector INFO: FVGs: 0 detected, 0 unfilled
10:03:10 core.sweep_detector INFO: SweepDetector v2: 0 raw → 0 confirmed (vol≥2.5× body≥30%)
10:03:10 core.sweep_detector INFO: OrderBlocks: 0 detected, 0 unmitigated
10:03:10 core.sweep_detector INFO: FVGs: 0 detected, 0 unfilled
10:03:12 core.sweep_detector INFO: SweepDetector v2: 0 raw → 0 confirmed (vol≥2.5× body≥30%)
10:03:12 core.sweep_detector INFO: OrderBlocks: 6 detected, 2 unmitigated
10:03:12 core.sweep_detector INFO: FVGs: 13 detected, 4 unfilled
10:03:13 core.sweep_detector INFO: SweepDetector v2: 1 raw → 1 confirmed (vol≥2.5× body≥30%)
10:03:13 core.sweep_detector INFO: OrderBlocks: 4 detected, 1 unmitigated
10:03:13 core.sweep_detector INFO: FVGs: 12 detected, 4 unfilled
10:03:15 core.sweep_detector INFO: SweepDetector v2: 2 raw → 2 confirmed (vol≥2.5× body≥30%)
10:03:15 core.sweep_detector INFO: OrderBlocks: 8 detected, 3 unmitigated
10:03:15 core.sweep_detector INFO: FVGs: 9 detected, 5 unfilled
10:03:16 core.sweep_detector INFO: SweepDetector v2: 0 raw → 0 confirmed (vol≥2.5× body≥30%)
10:03:16 core.sweep_detector INFO: OrderBlocks: 8 detected, 4 unmitigated
10:03:16 core.sweep_detector INFO: FVGs: 10 detected, 5 unfilled
10:03:18 core.sweep_detector INFO: SweepDetector v2: 2 raw → 1 confirmed (vol≥2.5× body≥30%)
10:03:18 core.sweep_detector INFO: OrderBlocks: 4 detected, 0 unmitigated
10:03:18 core.sweep_detector INFO: FVGs: 12 detected, 4 unfilled
10:03:20 core.sweep_detector INFO: SweepDetector v2: 2 raw → 2 confirmed (vol≥2.5× body≥30%)
10:03:20 core.sweep_detector INFO: OrderBlocks: 4 detected, 1 unmitigated
10:03:20 core.sweep_detector INFO: FVGs: 14 detected, 9 unfilled
10:03:22 core.sweep_detector INFO: SweepDetector v2: 0 raw → 0 confirmed (vol≥2.5× body≥30%)
10:03:22 core.sweep_detector INFO: OrderBlocks: 8 detected, 3 unmitigated
10:03:22 core.sweep_detector INFO: FVGs: 12 detected, 4 unfilled
10:03:24 core.sweep_detector INFO: SweepDetector v2: 1 raw → 1 confirmed (vol≥2.5× body≥30%)
10:03:24 core.sweep_detector INFO: OrderBlocks: 10 detected, 3 unmitigated
10:03:24 core.sweep_detector INFO: FVGs: 11 detected, 3 unfilled
10:03:26 core.sweep_detector INFO: SweepDetector v2: 3 raw → 2 confirmed (vol≥2.5× body≥30%)
10:03:26 core.sweep_detector INFO: OrderBlocks: 3 detected, 1 unmitigated
10:03:26 core.sweep_detector INFO: FVGs: 9 detected, 6 unfilled
10:03:28 core.sweep_detector INFO: SweepDetector v2: 2 raw → 2 confirmed (vol≥2.5× body≥30%)
10:03:28 core.sweep_detector INFO: OrderBlocks: 6 detected, 0 unmitigated
10:03:28 core.sweep_detector INFO: FVGs: 5 detected, 0 unfilled
10:03:30 core.sweep_detector INFO: SweepDetector v2: 6 raw → 6 confirmed (vol≥2.5× body≥30%)
10:03:30 core.sweep_detector INFO: OrderBlocks: 2 detected, 0 unmitigated
10:03:30 core.sweep_detector INFO: FVGs: 9 detected, 2 unfilled
10:03:32 core.sweep_detector INFO: SweepDetector v2: 4 raw → 3 confirmed (vol≥2.5× body≥30%)
10:03:32 core.sweep_detector INFO: OrderBlocks: 2 detected, 0 unmitigated
10:03:32 core.sweep_detector INFO: FVGs: 5 detected, 2 unfilled
10:03:34 core.sweep_detector INFO: SweepDetector v2: 1 raw → 1 confirmed (vol≥2.5× body≥30%)
10:03:34 core.sweep_detector INFO: OrderBlocks: 7 detected, 4 unmitigated
10:03:34 core.sweep_detector INFO: FVGs: 9 detected, 3 unfilled
10:03:35 core.sweep_detector INFO: SweepDetector v2: 1 raw → 1 confirmed (vol≥2.5× body≥30%)
10:03:35 core.sweep_detector INFO: OrderBlocks: 3 detected, 1 unmitigated
10:03:35 core.sweep_detector INFO: FVGs: 7 detected, 3 unfilled
10:03:37 core.sweep_detector INFO: SweepDetector v2: 1 raw → 1 confirmed (vol≥2.5× body≥30%)
10:03:37 core.sweep_detector INFO: OrderBlocks: 5 detected, 2 unmitigated
10:03:37 core.sweep_detector INFO: FVGs: 10 detected, 5 unfilled
10:03:38 core.sweep_detector INFO: SweepDetector v2: 3 raw → 2 confirmed (vol≥2.5× body≥30%)
10:03:38 core.sweep_detector INFO: OrderBlocks: 6 detected, 2 unmitigated
10:03:38 core.sweep_detector INFO: FVGs: 13 detected, 2 unfilled
10:03:40 core.sweep_detector INFO: SweepDetector v2: 2 raw → 0 confirmed (vol≥2.5× body≥30%)
10:03:40 core.sweep_detector INFO: OrderBlocks: 9 detected, 3 unmitigated
10:03:40 core.sweep_detector INFO: FVGs: 13 detected, 2 unfilled
10:03:41 core.sweep_detector INFO: SweepDetector v2: 2 raw → 0 confirmed (vol≥2.5× body≥30%)
10:03:41 core.sweep_detector INFO: OrderBlocks: 12 detected, 3 unmitigated
10:03:41 core.sweep_detector INFO: FVGs: 11 detected, 2 unfilled
10:03:43 core.sweep_detector INFO: SweepDetector v2: 2 raw → 2 confirmed (vol≥2.5× body≥30%)
10:03:43 core.sweep_detector INFO: OrderBlocks: 10 detected, 3 unmitigated
10:03:43 core.sweep_detector INFO: FVGs: 8 detected, 3 unfilled
10:03:45 core.sweep_detector INFO: SweepDetector v2: 1 raw → 1 confirmed (vol≥2.5× body≥30%)
10:03:45 core.sweep_detector INFO: OrderBlocks: 3 detected, 0 unmitigated
10:03:45 core.sweep_detector INFO: FVGs: 10 detected, 3 unfilled
10:03:47 core.sweep_detector INFO: SweepDetector v2: 3 raw → 2 confirmed (vol≥2.5× body≥30%)
10:03:47 core.sweep_detector INFO: OrderBlocks: 3 detected, 0 unmitigated
10:03:47 core.sweep_detector INFO: FVGs: 9 detected, 4 unfilled
10:03:48 core.sweep_detector INFO: SweepDetector v2: 1 raw → 1 confirmed (vol≥2.5× body≥30%)
10:03:48 core.sweep_detector INFO: OrderBlocks: 7 detected, 4 unmitigated
10:03:48 core.sweep_detector INFO: FVGs: 9 detected, 5 unfilled
10:03:50 core.sweep_detector INFO: SweepDetector v2: 2 raw → 2 confirmed (vol≥2.5× body≥30%)
10:03:50 core.sweep_detector INFO: OrderBlocks: 5 detected, 1 unmitigated
10:03:50 core.sweep_detector INFO: FVGs: 12 detected, 5 unfilled
10:03:51 core.sweep_detector INFO: SweepDetector v2: 2 raw → 2 confirmed (vol≥2.5× body≥30%)
10:03:51 core.sweep_detector INFO: OrderBlocks: 4 detected, 2 unmitigated
10:03:51 core.sweep_detector INFO: FVGs: 11 detected, 8 unfilled
10:03:53 core.sweep_detector INFO: SweepDetector v2: 2 raw → 1 confirmed (vol≥2.5× body≥30%)
10:03:53 core.sweep_detector INFO: OrderBlocks: 3 detected, 0 unmitigated
10:03:53 core.sweep_detector INFO: FVGs: 7 detected, 1 unfilled
10:03:55 core.sweep_detector INFO: SweepDetector v2: 0 raw → 0 confirmed (vol≥2.5× body≥30%)
10:03:55 core.sweep_detector INFO: OrderBlocks: 8 detected, 3 unmitigated
10:03:55 core.sweep_detector INFO: FVGs: 7 detected, 2 unfilled
10:03:56 core.sweep_detector INFO: SweepDetector v2: 1 raw → 1 confirmed (vol≥2.5× body≥30%)
10:03:56 core.sweep_detector INFO: OrderBlocks: 8 detected, 3 unmitigated
10:03:56 core.sweep_detector INFO: FVGs: 9 detected, 2 unfilled
10:03:58 core.sweep_detector INFO: SweepDetector v2: 0 raw → 0 confirmed (vol≥2.5× body≥30%)
10:03:58 core.sweep_detector INFO: OrderBlocks: 2 detected, 1 unmitigated
10:03:58 core.sweep_detector INFO: FVGs: 12 detected, 2 unfilled
10:04:00 core.sweep_detector INFO: SweepDetector v2: 0 raw → 0 confirmed (vol≥2.5× body≥30%)
10:04:00 core.sweep_detector INFO: OrderBlocks: 2 detected, 0 unmitigated
10:04:00 core.sweep_detector INFO: FVGs: 8 detected, 0 unfilled
10:04:01 core.sweep_detector INFO: SweepDetector v2: 2 raw → 2 confirmed (vol≥2.5× body≥30%)
10:04:01 core.sweep_detector INFO: OrderBlocks: 4 detected, 1 unmitigated
10:04:01 core.sweep_detector INFO: FVGs: 9 detected, 2 unfilled
10:04:03 core.sweep_detector INFO: SweepDetector v2: 0 raw → 0 confirmed (vol≥2.5× body≥30%)
10:04:03 core.sweep_detector INFO: OrderBlocks: 7 detected, 3 unmitigated
10:04:03 core.sweep_detector INFO: FVGs: 12 detected, 7 unfilled
10:04:04 core.sweep_detector INFO: SweepDetector v2: 1 raw → 1 confirmed (vol≥2.5× body≥30%)
10:04:04 core.sweep_detector INFO: OrderBlocks: 3 detected, 2 unmitigated
10:04:04 core.sweep_detector INFO: FVGs: 11 detected, 3 unfilled
10:04:06 core.sweep_detector INFO: SweepDetector v2: 1 raw → 1 confirmed (vol≥2.5× body≥30%)
10:04:06 core.sweep_detector INFO: OrderBlocks: 13 detected, 6 unmitigated
10:04:06 core.sweep_detector INFO: FVGs: 14 detected, 4 unfilled
10:04:09 core.sweep_detector INFO: SweepDetector v2: 1 raw → 0 confirmed (vol≥2.5× body≥30%)
10:04:09 core.sweep_detector INFO: OrderBlocks: 9 detected, 3 unmitigated
10:04:09 core.sweep_detector INFO: FVGs: 8 detected, 2 unfilled
10:04:10 core.sweep_detector INFO: SweepDetector v2: 2 raw → 1 confirmed (vol≥2.5× body≥30%)
10:04:10 core.sweep_detector INFO: OrderBlocks: 2 detected, 1 unmitigated
10:04:10 core.sweep_detector INFO: FVGs: 9 detected, 3 unfilled
10:04:12 core.sweep_detector INFO: SweepDetector v2: 0 raw → 0 confirmed (vol≥2.5× body≥30%)
10:04:12 core.sweep_detector INFO: OrderBlocks: 9 detected, 4 unmitigated
10:04:12 core.sweep_detector INFO: FVGs: 9 detected, 6 unfilled
10:04:14 core.sweep_detector INFO: SweepDetector v2: 1 raw → 1 confirmed (vol≥2.5× body≥30%)
10:04:14 core.sweep_detector INFO: OrderBlocks: 6 detected, 3 unmitigated
10:04:14 core.sweep_detector INFO: FVGs: 9 detected, 6 unfilled
10:04:16 core.sweep_detector INFO: SweepDetector v2: 3 raw → 1 confirmed (vol≥2.5× body≥30%)
10:04:16 core.sweep_detector INFO: OrderBlocks: 6 detected, 3 unmitigated
10:04:16 core.sweep_detector INFO: FVGs: 8 detected, 3 unfilled
10:04:17 core.sweep_detector INFO: SweepDetector v2: 1 raw → 1 confirmed (vol≥2.5× body≥30%)
10:04:17 core.sweep_detector INFO: OrderBlocks: 3 detected, 2 unmitigated
10:04:17 core.sweep_detector INFO: FVGs: 6 detected, 2 unfilled
10:04:19 core.sweep_detector INFO: SweepDetector v2: 0 raw → 0 confirmed (vol≥2.5× body≥30%)
10:04:19 core.sweep_detector INFO: OrderBlocks: 6 detected, 2 unmitigated
10:04:19 core.sweep_detector INFO: FVGs: 3 detected, 2 unfilled
10:04:21 core.sweep_detector INFO: SweepDetector v2: 2 raw → 2 confirmed (vol≥2.5× body≥30%)
10:04:21 core.sweep_detector INFO: OrderBlocks: 6 detected, 1 unmitigated
10:04:21 core.sweep_detector INFO: FVGs: 10 detected, 3 unfilled
10:04:22 core.sweep_detector INFO: SweepDetector v2: 1 raw → 1 confirmed (vol≥2.5× body≥30%)
10:04:22 core.sweep_detector INFO: OrderBlocks: 3 detected, 0 unmitigated
10:04:22 core.sweep_detector INFO: FVGs: 9 detected, 3 unfilled
10:04:24 core.sweep_detector INFO: SweepDetector v2: 1 raw → 1 confirmed (vol≥2.5× body≥30%)
10:04:24 core.sweep_detector INFO: OrderBlocks: 9 detected, 2 unmitigated
10:04:24 core.sweep_detector INFO: FVGs: 5 detected, 4 unfilled
10:04:26 core.sweep_detector INFO: SweepDetector v2: 3 raw → 2 confirmed (vol≥2.5× body≥30%)
10:04:26 core.sweep_detector INFO: OrderBlocks: 3 detected, 1 unmitigated
10:04:26 core.sweep_detector INFO: FVGs: 7 detected, 2 unfilled
10:04:28 core.sweep_detector INFO: SweepDetector v2: 1 raw → 1 confirmed (vol≥2.5× body≥30%)
10:04:28 core.sweep_detector INFO: OrderBlocks: 7 detected, 4 unmitigated
10:04:28 core.sweep_detector INFO: FVGs: 10 detected, 5 unfilled
10:04:29 core.sweep_detector INFO: SweepDetector v2: 0 raw → 0 confirmed (vol≥2.5× body≥30%)
10:04:29 core.sweep_detector INFO: OrderBlocks: 3 detected, 1 unmitigated
10:04:29 core.sweep_detector INFO: FVGs: 13 detected, 5 unfilled
10:04:31 core.sweep_detector INFO: SweepDetector v2: 1 raw → 1 confirmed (vol≥2.5× body≥30%)
10:04:31 core.sweep_detector INFO: OrderBlocks: 6 detected, 0 unmitigated
10:04:31 core.sweep_detector INFO: FVGs: 9 detected, 3 unfilled
10:04:32 core.sweep_detector INFO: SweepDetector v2: 2 raw → 1 confirmed (vol≥2.5× body≥30%)
10:04:32 core.sweep_detector INFO: OrderBlocks: 7 detected, 2 unmitigated
10:04:32 core.sweep_detector INFO: FVGs: 6 detected, 2 unfilled
10:04:34 core.sweep_detector INFO: SweepDetector v2: 3 raw → 2 confirmed (vol≥2.5× body≥30%)
10:04:34 core.sweep_detector INFO: OrderBlocks: 11 detected, 4 unmitigated
10:04:34 core.sweep_detector INFO: FVGs: 14 detected, 2 unfilled
10:04:36 core.sweep_detector INFO: SweepDetector v2: 3 raw → 1 confirmed (vol≥2.5× body≥30%)
10:04:36 core.sweep_detector INFO: OrderBlocks: 5 detected, 0 unmitigated
10:04:36 core.sweep_detector INFO: FVGs: 11 detected, 3 unfilled
10:04:37 core.sweep_detector INFO: SweepDetector v2: 2 raw → 2 confirmed (vol≥2.5× body≥30%)
10:04:37 core.sweep_detector INFO: OrderBlocks: 3 detected, 2 unmitigated
10:04:37 core.sweep_detector INFO: FVGs: 9 detected, 3 unfilled
10:04:39 core.sweep_detector INFO: SweepDetector v2: 2 raw → 2 confirmed (vol≥2.5× body≥30%)
10:04:39 core.sweep_detector INFO: OrderBlocks: 3 detected, 1 unmitigated
10:04:39 core.sweep_detector INFO: FVGs: 6 detected, 1 unfilled
10:04:40 core.sweep_detector INFO: SweepDetector v2: 0 raw → 0 confirmed (vol≥2.5× body≥30%)
10:04:40 core.sweep_detector INFO: OrderBlocks: 2 detected, 1 unmitigated
10:04:40 core.sweep_detector INFO: FVGs: 12 detected, 5 unfilled
10:04:42 core.sweep_detector INFO: SweepDetector v2: 1 raw → 0 confirmed (vol≥2.5× body≥30%)
10:04:42 core.sweep_detector INFO: OrderBlocks: 1 detected, 0 unmitigated
10:04:42 core.sweep_detector INFO: FVGs: 8 detected, 4 unfilled
10:04:44 core.sweep_detector INFO: SweepDetector v2: 2 raw → 2 confirmed (vol≥2.5× body≥30%)
10:04:44 core.sweep_detector INFO: OrderBlocks: 15 detected, 3 unmitigated
10:04:44 core.sweep_detector INFO: FVGs: 16 detected, 2 unfilled
10:04:45 core.sweep_detector INFO: SweepDetector v2: 3 raw → 3 confirmed (vol≥2.5× body≥30%)
10:04:45 core.sweep_detector INFO: OrderBlocks: 5 detected, 2 unmitigated
10:04:45 core.sweep_detector INFO: FVGs: 8 detected, 2 unfilled
10:04:47 core.sweep_detector INFO: SweepDetector v2: 2 raw → 1 confirmed (vol≥2.5× body≥30%)
10:04:47 core.sweep_detector INFO: OrderBlocks: 5 detected, 3 unmitigated
10:04:47 core.sweep_detector INFO: FVGs: 10 detected, 6 unfilled
10:04:49 core.sweep_detector INFO: SweepDetector v2: 6 raw → 3 confirmed (vol≥2.5× body≥30%)
10:04:49 core.sweep_detector INFO: OrderBlocks: 6 detected, 4 unmitigated
10:04:49 core.sweep_detector INFO: FVGs: 10 detected, 5 unfilled
10:04:51 core.sweep_detector INFO: SweepDetector v2: 5 raw → 4 confirmed (vol≥2.5× body≥30%)
10:04:51 core.sweep_detector INFO: OrderBlocks: 5 detected, 1 unmitigated
10:04:51 core.sweep_detector INFO: FVGs: 6 detected, 1 unfilled
10:04:53 core.sweep_detector INFO: SweepDetector v2: 1 raw → 1 confirmed (vol≥2.5× body≥30%)
10:04:53 core.sweep_detector INFO: OrderBlocks: 1 detected, 1 unmitigated
10:04:53 core.sweep_detector INFO: FVGs: 8 detected, 4 unfilled
10:04:55 core.sweep_detector INFO: SweepDetector v2: 1 raw → 1 confirmed (vol≥2.5× body≥30%)
10:04:55 core.sweep_detector INFO: OrderBlocks: 5 detected, 1 unmitigated
10:04:55 core.sweep_detector INFO: FVGs: 8 detected, 3 unfilled
10:04:58 core.sweep_detector INFO: SweepDetector v2: 3 raw → 3 confirmed (vol≥2.5× body≥30%)
10:04:58 core.sweep_detector INFO: OrderBlocks: 5 detected, 2 unmitigated
10:04:58 core.sweep_detector INFO: FVGs: 8 detected, 3 unfilled
10:05:01 core.sweep_detector INFO: SweepDetector v2: 2 raw → 2 confirmed (vol≥2.5× body≥30%)
10:05:01 core.sweep_detector INFO: OrderBlocks: 2 detected, 1 unmitigated
10:05:01 core.sweep_detector INFO: FVGs: 14 detected, 10 unfilled
10:05:03 core.sweep_detector INFO: SweepDetector v2: 1 raw → 1 confirmed (vol≥2.5× body≥30%)
10:05:03 core.sweep_detector INFO: OrderBlocks: 5 detected, 1 unmitigated
10:05:03 core.sweep_detector INFO: FVGs: 11 detected, 5 unfilled
10:05:05 core.sweep_detector INFO: SweepDetector v2: 2 raw → 0 confirmed (vol≥2.5× body≥30%)
10:05:05 core.sweep_detector INFO: OrderBlocks: 5 detected, 1 unmitigated
10:05:05 core.sweep_detector INFO: FVGs: 9 detected, 2 unfilled
10:05:07 core.sweep_detector INFO: SweepDetector v2: 1 raw → 1 confirmed (vol≥2.5× body≥30%)
10:05:07 core.sweep_detector INFO: OrderBlocks: 7 detected, 4 unmitigated
10:05:07 core.sweep_detector INFO: FVGs: 5 detected, 1 unfilled
10:05:09 core.sweep_detector INFO: SweepDetector v2: 3 raw → 2 confirmed (vol≥2.5× body≥30%)
10:05:09 core.sweep_detector INFO: OrderBlocks: 5 detected, 1 unmitigated
10:05:09 core.sweep_detector INFO: FVGs: 7 detected, 0 unfilled
10:05:11 core.sweep_detector INFO: SweepDetector v2: 2 raw → 2 confirmed (vol≥2.5× body≥30%)
10:05:11 core.sweep_detector INFO: OrderBlocks: 5 detected, 1 unmitigated
10:05:11 core.sweep_detector INFO: FVGs: 5 detected, 2 unfilled
10:05:13 core.sweep_detector INFO: SweepDetector v2: 0 raw → 0 confirmed (vol≥2.5× body≥30%)
10:05:13 core.sweep_detector INFO: OrderBlocks: 6 detected, 2 unmitigated
10:05:13 core.sweep_detector INFO: FVGs: 6 detected, 4 unfilled
10:05:15 core.sweep_detector INFO: SweepDetector v2: 0 raw → 0 confirmed (vol≥2.5× body≥30%)
10:05:15 core.sweep_detector INFO: OrderBlocks: 8 detected, 4 unmitigated
10:05:15 core.sweep_detector INFO: FVGs: 10 detected, 4 unfilled
10:05:17 core.sweep_detector INFO: SweepDetector v2: 4 raw → 3 confirmed (vol≥2.5× body≥30%)
10:05:17 core.sweep_detector INFO: OrderBlocks: 5 detected, 2 unmitigated
10:05:17 core.sweep_detector INFO: FVGs: 11 detected, 3 unfilled
10:05:19 core.sweep_detector INFO: SweepDetector v2: 2 raw → 2 confirmed (vol≥2.5× body≥30%)
10:05:19 core.sweep_detector INFO: OrderBlocks: 2 detected, 0 unmitigated
10:05:19 core.sweep_detector INFO: FVGs: 10 detected, 6 unfilled
10:05:21 core.sweep_detector INFO: SweepDetector v2: 1 raw → 1 confirmed (vol≥2.5× body≥30%)
10:05:21 core.sweep_detector INFO: OrderBlocks: 4 detected, 2 unmitigated
10:05:21 core.sweep_detector INFO: FVGs: 5 detected, 2 unfilled
10:05:24 core.sweep_detector INFO: SweepDetector v2: 3 raw → 3 confirmed (vol≥2.5× body≥30%)
10:05:24 core.sweep_detector INFO: OrderBlocks: 4 detected, 1 unmitigated
10:05:24 core.sweep_detector INFO: FVGs: 5 detected, 2 unfilled
10:05:26 core.sweep_detector INFO: SweepDetector v2: 1 raw → 1 confirmed (vol≥2.5× body≥30%)
10:05:26 core.sweep_detector INFO: OrderBlocks: 1 detected, 0 unmitigated
10:05:26 core.sweep_detector INFO: FVGs: 2 detected, 0 unfilled
10:05:28 core.sweep_detector INFO: SweepDetector v2: 2 raw → 2 confirmed (vol≥2.5× body≥30%)
10:05:28 core.sweep_detector INFO: OrderBlocks: 10 detected, 4 unmitigated
10:05:28 core.sweep_detector INFO: FVGs: 10 detected, 4 unfilled
10:05:30 core.sweep_detector INFO: SweepDetector v2: 5 raw → 3 confirmed (vol≥2.5× body≥30%)
10:05:30 core.sweep_detector INFO: OrderBlocks: 3 detected, 1 unmitigated
10:05:30 core.sweep_detector INFO: FVGs: 8 detected, 2 unfilled
10:05:32 core.sweep_detector INFO: SweepDetector v2: 2 raw → 1 confirmed (vol≥2.5× body≥30%)
10:05:32 core.sweep_detector INFO: OrderBlocks: 3 detected, 2 unmitigated
10:05:32 core.sweep_detector INFO: FVGs: 10 detected, 3 unfilled
10:05:34 core.sweep_detector INFO: SweepDetector v2: 1 raw → 0 confirmed (vol≥2.5× body≥30%)
10:05:34 core.sweep_detector INFO: OrderBlocks: 5 detected, 1 unmitigated
10:05:34 core.sweep_detector INFO: FVGs: 5 detected, 2 unfilled
10:05:36 core.sweep_detector INFO: SweepDetector v2: 4 raw → 4 confirmed (vol≥2.5× body≥30%)
10:05:36 core.sweep_detector INFO: OrderBlocks: 2 detected, 0 unmitigated
10:05:36 core.sweep_detector INFO: FVGs: 9 detected, 2 unfilled
10:05:37 core.sweep_detector INFO: SweepDetector v2: 1 raw → 1 confirmed (vol≥2.5× body≥30%)
10:05:37 core.sweep_detector INFO: OrderBlocks: 4 detected, 0 unmitigated
10:05:37 core.sweep_detector INFO: FVGs: 10 detected, 5 unfilled
10:05:39 core.sweep_detector INFO: SweepDetector v2: 3 raw → 2 confirmed (vol≥2.5× body≥30%)
10:05:39 core.sweep_detector INFO: OrderBlocks: 2 detected, 0 unmitigated
10:05:39 core.sweep_detector INFO: FVGs: 4 detected, 0 unfilled
10:05:41 core.sweep_detector INFO: SweepDetector v2: 3 raw → 3 confirmed (vol≥2.5× body≥30%)
10:05:41 core.sweep_detector INFO: OrderBlocks: 2 detected, 1 unmitigated
10:05:41 core.sweep_detector INFO: FVGs: 5 detected, 1 unfilled
10:05:43 core.sweep_detector INFO: SweepDetector v2: 2 raw → 2 confirmed (vol≥2.5× body≥30%)
10:05:43 core.sweep_detector INFO: OrderBlocks: 2 detected, 1 unmitigated
10:05:43 core.sweep_detector INFO: FVGs: 9 detected, 1 unfilled
10:05:45 core.sweep_detector INFO: SweepDetector v2: 2 raw → 2 confirmed (vol≥2.5× body≥30%)
10:05:45 core.sweep_detector INFO: OrderBlocks: 8 detected, 4 unmitigated
10:05:45 core.sweep_detector INFO: FVGs: 9 detected, 2 unfilled
10:05:47 core.sweep_detector INFO: SweepDetector v2: 2 raw → 2 confirmed (vol≥2.5× body≥30%)
10:05:47 core.sweep_detector INFO: OrderBlocks: 5 detected, 1 unmitigated
10:05:47 core.sweep_detector INFO: FVGs: 8 detected, 4 unfilled
10:05:48 core.sweep_detector INFO: SweepDetector v2: 1 raw → 1 confirmed (vol≥2.5× body≥30%)
10:05:48 core.sweep_detector INFO: OrderBlocks: 4 detected, 2 unmitigated
10:05:48 core.sweep_detector INFO: FVGs: 13 detected, 6 unfilled
10:05:50 core.sweep_detector INFO: SweepDetector v2: 0 raw → 0 confirmed (vol≥2.5× body≥30%)
10:05:50 core.sweep_detector INFO: OrderBlocks: 1 detected, 0 unmitigated
10:05:50 core.sweep_detector INFO: FVGs: 0 detected, 0 unfilled
10:05:51 core.sweep_detector INFO: SweepDetector v2: 0 raw → 0 confirmed (vol≥2.5× body≥30%)
10:05:51 core.sweep_detector INFO: OrderBlocks: 0 detected, 0 unmitigated
10:05:51 core.sweep_detector INFO: FVGs: 0 detected, 0 unfilled
10:05:53 core.sweep_detector INFO: SweepDetector v2: 0 raw → 0 confirmed (vol≥2.5× body≥30%)
10:05:53 core.sweep_detector INFO: OrderBlocks: 0 detected, 0 unmitigated
10:05:53 core.sweep_detector INFO: FVGs: 0 detected, 0 unfilled
10:05:55 core.sweep_detector INFO: SweepDetector v2: 2 raw → 2 confirmed (vol≥2.5× body≥30%)
10:05:55 core.sweep_detector INFO: OrderBlocks: 5 detected, 2 unmitigated
10:05:55 core.sweep_detector INFO: FVGs: 6 detected, 1 unfilled
10:05:57 core.sweep_detector INFO: SweepDetector v2: 3 raw → 3 confirmed (vol≥2.5× body≥30%)
10:05:57 core.sweep_detector INFO: OrderBlocks: 4 detected, 0 unmitigated
10:05:57 core.sweep_detector INFO: FVGs: 10 detected, 2 unfilled
10:05:58 core.sweep_detector INFO: SweepDetector v2: 2 raw → 2 confirmed (vol≥2.5× body≥30%)
10:05:58 core.sweep_detector INFO: OrderBlocks: 3 detected, 2 unmitigated
10:05:58 core.sweep_detector INFO: FVGs: 7 detected, 2 unfilled
10:06:01 core.sweep_detector INFO: SweepDetector v2: 0 raw → 0 confirmed (vol≥2.5× body≥30%)
10:06:01 core.sweep_detector INFO: OrderBlocks: 4 detected, 2 unmitigated
10:06:01 core.sweep_detector INFO: FVGs: 11 detected, 7 unfilled
10:06:02 core.sweep_detector INFO: SweepDetector v2: 0 raw → 0 confirmed (vol≥2.5× body≥30%)
10:06:02 core.sweep_detector INFO: OrderBlocks: 2 detected, 0 unmitigated
10:06:02 core.sweep_detector INFO: FVGs: 6 detected, 3 unfilled
10:06:05 core.sweep_detector INFO: SweepDetector v2: 2 raw → 2 confirmed (vol≥2.5× body≥30%)
10:06:05 core.sweep_detector INFO: OrderBlocks: 2 detected, 1 unmitigated
10:06:05 core.sweep_detector INFO: FVGs: 10 detected, 3 unfilled
10:06:06 core.sweep_detector INFO: SweepDetector v2: 5 raw → 3 confirmed (vol≥2.5× body≥30%)
10:06:06 core.sweep_detector INFO: OrderBlocks: 6 detected, 2 unmitigated
10:06:06 core.sweep_detector INFO: FVGs: 9 detected, 2 unfilled
10:06:08 core.sweep_detector INFO: SweepDetector v2: 2 raw → 2 confirmed (vol≥2.5× body≥30%)
10:06:08 core.sweep_detector INFO: OrderBlocks: 3 detected, 2 unmitigated
10:06:08 core.sweep_detector INFO: FVGs: 14 detected, 2 unfilled
10:06:10 core.sweep_detector INFO: SweepDetector v2: 3 raw → 3 confirmed (vol≥2.5× body≥30%)
10:06:10 core.sweep_detector INFO: OrderBlocks: 5 detected, 0 unmitigated
10:06:10 core.sweep_detector INFO: FVGs: 7 detected, 1 unfilled
10:06:11 core.sweep_detector INFO: SweepDetector v2: 0 raw → 0 confirmed (vol≥2.5× body≥30%)
10:06:11 core.sweep_detector INFO: OrderBlocks: 7 detected, 2 unmitigated
10:06:11 core.sweep_detector INFO: FVGs: 9 detected, 2 unfilled
10:06:13 core.sweep_detector INFO: SweepDetector v2: 3 raw → 3 confirmed (vol≥2.5× body≥30%)
10:06:13 core.sweep_detector INFO: OrderBlocks: 4 detected, 1 unmitigated
10:06:13 core.sweep_detector INFO: FVGs: 8 detected, 3 unfilled
10:06:15 core.sweep_detector INFO: SweepDetector v2: 2 raw → 1 confirmed (vol≥2.5× body≥30%)
10:06:15 core.sweep_detector INFO: OrderBlocks: 6 detected, 2 unmitigated
10:06:15 core.sweep_detector INFO: FVGs: 9 detected, 4 unfilled
10:06:17 core.sweep_detector INFO: SweepDetector v2: 1 raw → 1 confirmed (vol≥2.5× body≥30%)
10:06:17 core.sweep_detector INFO: OrderBlocks: 4 detected, 2 unmitigated
10:06:17 core.sweep_detector INFO: FVGs: 12 detected, 9 unfilled
10:06:18 core.sweep_detector INFO: SweepDetector v2: 1 raw → 1 confirmed (vol≥2.5× body≥30%)
10:06:18 core.sweep_detector INFO: OrderBlocks: 3 detected, 2 unmitigated
10:06:18 core.sweep_detector INFO: FVGs: 2 detected, 1 unfilled
10:06:20 core.sweep_detector INFO: SweepDetector v2: 3 raw → 3 confirmed (vol≥2.5× body≥30%)
10:06:20 core.sweep_detector INFO: OrderBlocks: 5 detected, 2 unmitigated
10:06:20 core.sweep_detector INFO: FVGs: 6 detected, 3 unfilled
10:06:21 core.sweep_detector INFO: SweepDetector v2: 1 raw → 0 confirmed (vol≥2.5× body≥30%)
10:06:21 core.sweep_detector INFO: OrderBlocks: 9 detected, 3 unmitigated
10:06:21 core.sweep_detector INFO: FVGs: 8 detected, 4 unfilled
10:06:23 core.sweep_detector INFO: SweepDetector v2: 4 raw → 1 confirmed (vol≥2.5× body≥30%)
10:06:23 core.sweep_detector INFO: OrderBlocks: 5 detected, 2 unmitigated
10:06:23 core.sweep_detector INFO: FVGs: 7 detected, 2 unfilled
10:06:25 core.sweep_detector INFO: SweepDetector v2: 1 raw → 1 confirmed (vol≥2.5× body≥30%)
10:06:25 core.sweep_detector INFO: OrderBlocks: 3 detected, 2 unmitigated
10:06:25 core.sweep_detector INFO: FVGs: 5 detected, 3 unfilled
10:06:27 core.sweep_detector INFO: SweepDetector v2: 2 raw → 2 confirmed (vol≥2.5× body≥30%)
10:06:27 core.sweep_detector INFO: OrderBlocks: 5 detected, 2 unmitigated
10:06:27 core.sweep_detector INFO: FVGs: 11 detected, 1 unfilled
10:06:29 core.sweep_detector INFO: SweepDetector v2: 1 raw → 1 confirmed (vol≥2.5× body≥30%)
10:06:29 core.sweep_detector INFO: OrderBlocks: 4 detected, 1 unmitigated
10:06:29 core.sweep_detector INFO: FVGs: 14 detected, 6 unfilled
10:06:30 core.sweep_detector INFO: SweepDetector v2: 0 raw → 0 confirmed (vol≥2.5× body≥30%)
10:06:30 core.sweep_detector INFO: OrderBlocks: 0 detected, 0 unmitigated
10:06:30 core.sweep_detector INFO: FVGs: 10 detected, 3 unfilled
10:06:32 core.sweep_detector INFO: SweepDetector v2: 7 raw → 5 confirmed (vol≥2.5× body≥30%)
10:06:32 core.sweep_detector INFO: OrderBlocks: 6 detected, 5 unmitigated
10:06:32 core.sweep_detector INFO: FVGs: 13 detected, 8 unfilled
10:06:34 core.sweep_detector INFO: SweepDetector v2: 2 raw → 1 confirmed (vol≥2.5× body≥30%)
10:06:34 core.sweep_detector INFO: OrderBlocks: 1 detected, 0 unmitigated
10:06:34 core.sweep_detector INFO: FVGs: 5 detected, 2 unfilled
10:06:36 core.sweep_detector INFO: SweepDetector v2: 3 raw → 3 confirmed (vol≥2.5× body≥30%)
10:06:36 core.sweep_detector INFO: OrderBlocks: 6 detected, 2 unmitigated
10:06:36 core.sweep_detector INFO: FVGs: 10 detected, 3 unfilled
10:06:38 core.sweep_detector INFO: SweepDetector v2: 0 raw → 0 confirmed (vol≥2.5× body≥30%)
10:06:38 core.sweep_detector INFO: OrderBlocks: 8 detected, 5 unmitigated
10:06:38 core.sweep_detector INFO: FVGs: 13 detected, 4 unfilled
10:06:40 core.sweep_detector INFO: SweepDetector v2: 3 raw → 2 confirmed (vol≥2.5× body≥30%)
10:06:40 core.sweep_detector INFO: OrderBlocks: 4 detected, 1 unmitigated
10:06:40 core.sweep_detector INFO: FVGs: 8 detected, 3 unfilled
10:06:41 core.sweep_detector INFO: SweepDetector v2: 2 raw → 1 confirmed (vol≥2.5× body≥30%)
10:06:41 core.sweep_detector INFO: OrderBlocks: 4 detected, 0 unmitigated
10:06:41 core.sweep_detector INFO: FVGs: 4 detected, 2 unfilled
10:06:43 core.sweep_detector INFO: SweepDetector v2: 3 raw → 3 confirmed (vol≥2.5× body≥30%)
10:06:43 core.sweep_detector INFO: OrderBlocks: 3 detected, 1 unmitigated
10:06:43 core.sweep_detector INFO: FVGs: 4 detected, 1 unfilled
10:06:44 core.sweep_detector INFO: SweepDetector v2: 3 raw → 2 confirmed (vol≥2.5× body≥30%)
10:06:44 core.sweep_detector INFO: OrderBlocks: 7 detected, 2 unmitigated
10:06:44 core.sweep_detector INFO: FVGs: 7 detected, 1 unfilled
10:06:46 core.sweep_detector INFO: SweepDetector v2: 1 raw → 1 confirmed (vol≥2.5× body≥30%)
10:06:46 core.sweep_detector INFO: OrderBlocks: 2 detected, 0 unmitigated
10:06:46 core.sweep_detector INFO: FVGs: 9 detected, 2 unfilled
10:06:48 core.sweep_detector INFO: SweepDetector v2: 3 raw → 2 confirmed (vol≥2.5× body≥30%)
10:06:48 core.sweep_detector INFO: OrderBlocks: 2 detected, 2 unmitigated
10:06:48 core.sweep_detector INFO: FVGs: 12 detected, 7 unfilled
10:06:49 core.sweep_detector INFO: SweepDetector v2: 2 raw → 2 confirmed (vol≥2.5× body≥30%)
10:06:49 core.sweep_detector INFO: OrderBlocks: 2 detected, 1 unmitigated
10:06:49 core.sweep_detector INFO: FVGs: 10 detected, 3 unfilled
10:06:51 core.sweep_detector INFO: SweepDetector v2: 2 raw → 1 confirmed (vol≥2.5× body≥30%)
10:06:51 core.sweep_detector INFO: OrderBlocks: 3 detected, 1 unmitigated
10:06:51 core.sweep_detector INFO: FVGs: 5 detected, 1 unfilled
10:06:52 core.sweep_detector INFO: SweepDetector v2: 1 raw → 0 confirmed (vol≥2.5× body≥30%)
10:06:52 core.sweep_detector INFO: OrderBlocks: 4 detected, 0 unmitigated
10:06:52 core.sweep_detector INFO: FVGs: 13 detected, 4 unfilled
10:06:54 core.sweep_detector INFO: SweepDetector v2: 0 raw → 0 confirmed (vol≥2.5× body≥30%)
10:06:54 core.sweep_detector INFO: OrderBlocks: 7 detected, 1 unmitigated
10:06:54 core.sweep_detector INFO: FVGs: 4 detected, 2 unfilled
10:06:56 core.sweep_detector INFO: SweepDetector v2: 2 raw → 2 confirmed (vol≥2.5× body≥30%)
10:06:56 core.sweep_detector INFO: OrderBlocks: 3 detected, 1 unmitigated
10:06:56 core.sweep_detector INFO: FVGs: 7 detected, 3 unfilled
10:06:58 core.sweep_detector INFO: SweepDetector v2: 1 raw → 0 confirmed (vol≥2.5× body≥30%)
10:06:58 core.sweep_detector INFO: OrderBlocks: 6 detected, 3 unmitigated
10:06:58 core.sweep_detector INFO: FVGs: 10 detected, 5 unfilled
10:07:00 core.sweep_detector INFO: SweepDetector v2: 2 raw → 2 confirmed (vol≥2.5× body≥30%)
10:07:00 core.sweep_detector INFO: OrderBlocks: 4 detected, 1 unmitigated
10:07:00 core.sweep_detector INFO: FVGs: 15 detected, 4 unfilled
10:07:01 core.sweep_detector INFO: SweepDetector v2: 4 raw → 3 confirmed (vol≥2.5× body≥30%)
10:07:01 core.sweep_detector INFO: OrderBlocks: 6 detected, 3 unmitigated
10:07:01 core.sweep_detector INFO: FVGs: 10 detected, 5 unfilled
10:07:03 core.sweep_detector INFO: SweepDetector v2: 0 raw → 0 confirmed (vol≥2.5× body≥30%)
10:07:03 core.sweep_detector INFO: OrderBlocks: 10 detected, 3 unmitigated
10:07:03 core.sweep_detector INFO: FVGs: 11 detected, 2 unfilled
10:07:04 core.sweep_detector INFO: SweepDetector v2: 1 raw → 1 confirmed (vol≥2.5× body≥30%)
10:07:04 core.sweep_detector INFO: OrderBlocks: 7 detected, 4 unmitigated
10:07:04 core.sweep_detector INFO: FVGs: 6 detected, 3 unfilled
10:07:06 core.sweep_detector INFO: SweepDetector v2: 0 raw → 0 confirmed (vol≥2.5× body≥30%)
10:07:06 core.sweep_detector INFO: OrderBlocks: 5 detected, 2 unmitigated
10:07:06 core.sweep_detector INFO: FVGs: 3 detected, 1 unfilled
10:07:08 core.sweep_detector INFO: SweepDetector v2: 0 raw → 0 confirmed (vol≥2.5× body≥30%)
10:07:08 core.sweep_detector INFO: OrderBlocks: 3 detected, 0 unmitigated
10:07:08 core.sweep_detector INFO: FVGs: 0 detected, 0 unfilled
10:07:10 core.sweep_detector INFO: SweepDetector v2: 0 raw → 0 confirmed (vol≥2.5× body≥30%)
10:07:10 core.sweep_detector INFO: OrderBlocks: 0 detected, 0 unmitigated
10:07:10 core.sweep_detector INFO: FVGs: 0 detected, 0 unfilled
10:07:12 core.sweep_detector INFO: SweepDetector v2: 0 raw → 0 confirmed (vol≥2.5× body≥30%)
10:07:12 core.sweep_detector INFO: OrderBlocks: 0 detected, 0 unmitigated
10:07:12 core.sweep_detector INFO: FVGs: 0 detected, 0 unfilled
10:07:13 core.sweep_detector INFO: SweepDetector v2: 1 raw → 1 confirmed (vol≥2.5× body≥30%)
10:07:13 core.sweep_detector INFO: OrderBlocks: 6 detected, 1 unmitigated
10:07:13 core.sweep_detector INFO: FVGs: 9 detected, 5 unfilled
10:07:15 core.sweep_detector INFO: SweepDetector v2: 2 raw → 2 confirmed (vol≥2.5× body≥30%)
10:07:15 core.sweep_detector INFO: OrderBlocks: 8 detected, 3 unmitigated
10:07:15 core.sweep_detector INFO: FVGs: 8 detected, 4 unfilled
10:07:17 core.sweep_detector INFO: SweepDetector v2: 2 raw → 2 confirmed (vol≥2.5× body≥30%)
10:07:17 core.sweep_detector INFO: OrderBlocks: 4 detected, 3 unmitigated
10:07:17 core.sweep_detector INFO: FVGs: 13 detected, 6 unfilled
10:07:19 core.sweep_detector INFO: SweepDetector v2: 1 raw → 1 confirmed (vol≥2.5× body≥30%)
10:07:19 core.sweep_detector INFO: OrderBlocks: 2 detected, 0 unmitigated
10:07:19 core.sweep_detector INFO: FVGs: 0 detected, 0 unfilled
10:07:20 core.sweep_detector INFO: SweepDetector v2: 0 raw → 0 confirmed (vol≥2.5× body≥30%)
10:07:20 core.sweep_detector INFO: OrderBlocks: 1 detected, 0 unmitigated
10:07:20 core.sweep_detector INFO: FVGs: 0 detected, 0 unfilled
10:07:22 core.sweep_detector INFO: SweepDetector v2: 0 raw → 0 confirmed (vol≥2.5× body≥30%)
10:07:22 core.sweep_detector INFO: OrderBlocks: 1 detected, 0 unmitigated
10:07:22 core.sweep_detector INFO: FVGs: 0 detected, 0 unfilled
10:07:24 core.sweep_detector INFO: SweepDetector v2: 0 raw → 0 confirmed (vol≥2.5× body≥30%)
10:07:24 core.sweep_detector INFO: OrderBlocks: 3 detected, 0 unmitigated
10:07:24 core.sweep_detector INFO: FVGs: 0 detected, 0 unfilled
10:07:26 core.sweep_detector INFO: SweepDetector v2: 0 raw → 0 confirmed (vol≥2.5× body≥30%)
10:07:26 core.sweep_detector INFO: OrderBlocks: 1 detected, 0 unmitigated
10:07:26 core.sweep_detector INFO: FVGs: 0 detected, 0 unfilled
10:07:28 core.sweep_detector INFO: SweepDetector v2: 0 raw → 0 confirmed (vol≥2.5× body≥30%)
10:07:28 core.sweep_detector INFO: OrderBlocks: 2 detected, 0 unmitigated
10:07:28 core.sweep_detector INFO: FVGs: 0 detected, 0 unfilled
10:07:29 core.sweep_detector INFO: SweepDetector v2: 0 raw → 0 confirmed (vol≥2.5× body≥30%)
10:07:29 core.sweep_detector INFO: OrderBlocks: 2 detected, 0 unmitigated
10:07:29 core.sweep_detector INFO: FVGs: 0 detected, 0 unfilled
10:07:31 core.sweep_detector INFO: SweepDetector v2: 0 raw → 0 confirmed (vol≥2.5× body≥30%)
10:07:31 core.sweep_detector INFO: OrderBlocks: 0 detected, 0 unmitigated
10:07:31 core.sweep_detector INFO: FVGs: 0 detected, 0 unfilled
10:07:33 core.sweep_detector INFO: SweepDetector v2: 0 raw → 0 confirmed (vol≥2.5× body≥30%)
10:07:33 core.sweep_detector INFO: OrderBlocks: 0 detected, 0 unmitigated
10:07:33 core.sweep_detector INFO: FVGs: 0 detected, 0 unfilled
10:07:35 core.sweep_detector INFO: SweepDetector v2: 2 raw → 2 confirmed (vol≥2.5× body≥30%)
10:07:35 core.sweep_detector INFO: OrderBlocks: 4 detected, 1 unmitigated
10:07:35 core.sweep_detector INFO: FVGs: 8 detected, 3 unfilled
10:07:36 core.sweep_detector INFO: SweepDetector v2: 5 raw → 4 confirmed (vol≥2.5× body≥30%)
10:07:36 core.sweep_detector INFO: OrderBlocks: 7 detected, 2 unmitigated
10:07:36 core.sweep_detector INFO: FVGs: 7 detected, 3 unfilled
10:07:38 core.sweep_detector INFO: SweepDetector v2: 2 raw → 2 confirmed (vol≥2.5× body≥30%)
10:07:38 core.sweep_detector INFO: OrderBlocks: 5 detected, 2 unmitigated
10:07:38 core.sweep_detector INFO: FVGs: 8 detected, 4 unfilled
10:07:40 core.sweep_detector INFO: SweepDetector v2: 0 raw → 0 confirmed (vol≥2.5× body≥30%)
10:07:40 core.sweep_detector INFO: OrderBlocks: 5 detected, 2 unmitigated
10:07:40 core.sweep_detector INFO: FVGs: 9 detected, 4 unfilled
10:07:41 core.sweep_detector INFO: SweepDetector v2: 1 raw → 1 confirmed (vol≥2.5× body≥30%)
10:07:41 core.sweep_detector INFO: OrderBlocks: 2 detected, 1 unmitigated
10:07:41 core.sweep_detector INFO: FVGs: 8 detected, 3 unfilled
10:07:43 core.sweep_detector INFO: SweepDetector v2: 1 raw → 1 confirmed (vol≥2.5× body≥30%)
10:07:43 core.sweep_detector INFO: OrderBlocks: 4 detected, 1 unmitigated
10:07:43 core.sweep_detector INFO: FVGs: 9 detected, 4 unfilled
10:07:44 core.sweep_detector INFO: SweepDetector v2: 1 raw → 1 confirmed (vol≥2.5× body≥30%)
10:07:44 core.sweep_detector INFO: OrderBlocks: 6 detected, 4 unmitigated
10:07:44 core.sweep_detector INFO: FVGs: 8 detected, 3 unfilled
10:07:46 core.sweep_detector INFO: SweepDetector v2: 1 raw → 1 confirmed (vol≥2.5× body≥30%)
10:07:46 core.sweep_detector INFO: OrderBlocks: 2 detected, 0 unmitigated
10:07:46 core.sweep_detector INFO: FVGs: 11 detected, 2 unfilled
10:07:47 core.sweep_detector INFO: SweepDetector v2: 2 raw → 1 confirmed (vol≥2.5× body≥30%)
10:07:47 core.sweep_detector INFO: OrderBlocks: 4 detected, 3 unmitigated
10:07:47 core.sweep_detector INFO: FVGs: 8 detected, 5 unfilled
10:07:49 core.sweep_detector INFO: SweepDetector v2: 1 raw → 1 confirmed (vol≥2.5× body≥30%)
10:07:49 core.sweep_detector INFO: OrderBlocks: 2 detected, 1 unmitigated
10:07:49 core.sweep_detector INFO: FVGs: 8 detected, 4 unfilled
10:07:50 core.sweep_detector INFO: SweepDetector v2: 2 raw → 1 confirmed (vol≥2.5× body≥30%)
10:07:50 core.sweep_detector INFO: OrderBlocks: 1 detected, 1 unmitigated
10:07:50 core.sweep_detector INFO: FVGs: 6 detected, 1 unfilled
10:07:52 core.sweep_detector INFO: SweepDetector v2: 0 raw → 0 confirmed (vol≥2.5× body≥30%)
10:07:52 core.sweep_detector INFO: OrderBlocks: 1 detected, 0 unmitigated
10:07:52 core.sweep_detector INFO: FVGs: 3 detected, 2 unfilled
10:07:54 core.sweep_detector INFO: SweepDetector v2: 2 raw → 1 confirmed (vol≥2.5× body≥30%)
10:07:54 core.sweep_detector INFO: OrderBlocks: 6 detected, 4 unmitigated
10:07:54 core.sweep_detector INFO: FVGs: 13 detected, 6 unfilled
10:07:56 core.sweep_detector INFO: SweepDetector v2: 4 raw → 4 confirmed (vol≥2.5× body≥30%)
10:07:56 core.sweep_detector INFO: OrderBlocks: 2 detected, 1 unmitigated
10:07:56 core.sweep_detector INFO: FVGs: 6 detected, 3 unfilled
10:07:58 core.sweep_detector INFO: SweepDetector v2: 1 raw → 1 confirmed (vol≥2.5× body≥30%)
10:07:58 core.sweep_detector INFO: OrderBlocks: 6 detected, 1 unmitigated
10:07:58 core.sweep_detector INFO: FVGs: 6 detected, 1 unfilled
10:07:59 core.sweep_detector INFO: SweepDetector v2: 2 raw → 1 confirmed (vol≥2.5× body≥30%)
10:07:59 core.sweep_detector INFO: OrderBlocks: 5 detected, 1 unmitigated
10:07:59 core.sweep_detector INFO: FVGs: 5 detected, 1 unfilled
10:08:01 core.sweep_detector INFO: SweepDetector v2: 1 raw → 1 confirmed (vol≥2.5× body≥30%)
10:08:01 core.sweep_detector INFO: OrderBlocks: 5 detected, 0 unmitigated
10:08:01 core.sweep_detector INFO: FVGs: 10 detected, 1 unfilled
10:08:03 core.sweep_detector INFO: SweepDetector v2: 3 raw → 2 confirmed (vol≥2.5× body≥30%)
10:08:03 core.sweep_detector INFO: OrderBlocks: 5 detected, 1 unmitigated
10:08:03 core.sweep_detector INFO: FVGs: 10 detected, 2 unfilled
10:08:05 core.sweep_detector INFO: SweepDetector v2: 0 raw → 0 confirmed (vol≥2.5× body≥30%)
10:08:05 core.sweep_detector INFO: OrderBlocks: 1 detected, 1 unmitigated
10:08:05 core.sweep_detector INFO: FVGs: 4 detected, 1 unfilled
10:08:06 core.sweep_detector INFO: SweepDetector v2: 0 raw → 0 confirmed (vol≥2.5× body≥30%)
10:08:06 core.sweep_detector INFO: OrderBlocks: 4 detected, 1 unmitigated
10:08:06 core.sweep_detector INFO: FVGs: 4 detected, 2 unfilled
10:08:08 core.sweep_detector INFO: SweepDetector v2: 0 raw → 0 confirmed (vol≥2.5× body≥30%)
10:08:08 core.sweep_detector INFO: OrderBlocks: 6 detected, 4 unmitigated
10:08:08 core.sweep_detector INFO: FVGs: 7 detected, 5 unfilled
10:08:09 core.sweep_detector INFO: SweepDetector v2: 0 raw → 0 confirmed (vol≥2.5× body≥30%)
10:08:09 core.sweep_detector INFO: OrderBlocks: 8 detected, 3 unmitigated
10:08:09 core.sweep_detector INFO: FVGs: 11 detected, 3 unfilled
10:08:11 core.sweep_detector INFO: SweepDetector v2: 1 raw → 1 confirmed (vol≥2.5× body≥30%)
10:08:11 core.sweep_detector INFO: OrderBlocks: 5 detected, 1 unmitigated
10:08:11 core.sweep_detector INFO: FVGs: 9 detected, 4 unfilled
10:08:12 core.sweep_detector INFO: SweepDetector v2: 1 raw → 1 confirmed (vol≥2.5× body≥30%)
10:08:12 core.sweep_detector INFO: OrderBlocks: 5 detected, 4 unmitigated
10:08:12 core.sweep_detector INFO: FVGs: 8 detected, 6 unfilled
10:08:14 core.sweep_detector INFO: SweepDetector v2: 0 raw → 0 confirmed (vol≥2.5× body≥30%)
10:08:14 core.sweep_detector INFO: OrderBlocks: 10 detected, 3 unmitigated
10:08:14 core.sweep_detector INFO: FVGs: 10 detected, 3 unfilled
10:08:16 core.sweep_detector INFO: SweepDetector v2: 2 raw → 2 confirmed (vol≥2.5× body≥30%)
10:08:16 core.sweep_detector INFO: OrderBlocks: 2 detected, 1 unmitigated
10:08:16 core.sweep_detector INFO: FVGs: 13 detected, 3 unfilled
10:08:18 core.sweep_detector INFO: SweepDetector v2: 2 raw → 2 confirmed (vol≥2.5× body≥30%)
10:08:18 core.sweep_detector INFO: OrderBlocks: 3 detected, 1 unmitigated
10:08:18 core.sweep_detector INFO: FVGs: 16 detected, 6 unfilled
10:08:20 core.sweep_detector INFO: SweepDetector v2: 2 raw → 2 confirmed (vol≥2.5× body≥30%)
10:08:20 core.sweep_detector INFO: OrderBlocks: 7 detected, 3 unmitigated
10:08:20 core.sweep_detector INFO: FVGs: 8 detected, 3 unfilled
10:08:22 core.sweep_detector INFO: SweepDetector v2: 2 raw → 2 confirmed (vol≥2.5× body≥30%)
10:08:22 core.sweep_detector INFO: OrderBlocks: 4 detected, 1 unmitigated
10:08:22 core.sweep_detector INFO: FVGs: 5 detected, 2 unfilled
10:08:23 core.sweep_detector INFO: SweepDetector v2: 0 raw → 0 confirmed (vol≥2.5× body≥30%)
10:08:23 core.sweep_detector INFO: OrderBlocks: 5 detected, 2 unmitigated
10:08:23 core.sweep_detector INFO: FVGs: 9 detected, 5 unfilled
10:08:25 core.sweep_detector INFO: SweepDetector v2: 0 raw → 0 confirmed (vol≥2.5× body≥30%)
10:08:25 core.sweep_detector INFO: OrderBlocks: 0 detected, 0 unmitigated
10:08:25 core.sweep_detector INFO: FVGs: 0 detected, 0 unfilled
10:08:26 core.sweep_detector INFO: SweepDetector v2: 0 raw → 0 confirmed (vol≥2.5× body≥30%)
10:08:26 core.sweep_detector INFO: OrderBlocks: 4 detected, 0 unmitigated
10:08:26 core.sweep_detector INFO: FVGs: 0 detected, 0 unfilled
10:08:28 core.sweep_detector INFO: SweepDetector v2: 0 raw → 0 confirmed (vol≥2.5× body≥30%)
10:08:28 core.sweep_detector INFO: OrderBlocks: 0 detected, 0 unmitigated
10:08:28 core.sweep_detector INFO: FVGs: 0 detected, 0 unfilled
10:08:30 core.sweep_detector INFO: SweepDetector v2: 6 raw → 3 confirmed (vol≥2.5× body≥30%)
10:08:30 core.sweep_detector INFO: OrderBlocks: 9 detected, 3 unmitigated
10:08:30 core.sweep_detector INFO: FVGs: 9 detected, 2 unfilled
10:08:31 core.sweep_detector INFO: SweepDetector v2: 1 raw → 1 confirmed (vol≥2.5× body≥30%)
10:08:31 core.sweep_detector INFO: OrderBlocks: 5 detected, 0 unmitigated
10:08:31 core.sweep_detector INFO: FVGs: 11 detected, 2 unfilled
10:08:33 core.sweep_detector INFO: SweepDetector v2: 3 raw → 2 confirmed (vol≥2.5× body≥30%)
10:08:33 core.sweep_detector INFO: OrderBlocks: 10 detected, 2 unmitigated
10:08:33 core.sweep_detector INFO: FVGs: 12 detected, 2 unfilled
10:08:35 core.sweep_detector INFO: SweepDetector v2: 1 raw → 1 confirmed (vol≥2.5× body≥30%)
10:08:35 core.sweep_detector INFO: OrderBlocks: 7 detected, 2 unmitigated
10:08:35 core.sweep_detector INFO: FVGs: 7 detected, 2 unfilled
10:08:37 core.sweep_detector INFO: SweepDetector v2: 2 raw → 1 confirmed (vol≥2.5× body≥30%)
10:08:37 core.sweep_detector INFO: OrderBlocks: 1 detected, 0 unmitigated
10:08:37 core.sweep_detector INFO: FVGs: 11 detected, 4 unfilled
10:08:38 core.sweep_detector INFO: SweepDetector v2: 0 raw → 0 confirmed (vol≥2.5× body≥30%)
10:08:38 core.sweep_detector INFO: OrderBlocks: 7 detected, 1 unmitigated
10:08:38 core.sweep_detector INFO: FVGs: 7 detected, 4 unfilled
10:08:40 core.sweep_detector INFO: SweepDetector v2: 0 raw → 0 confirmed (vol≥2.5× body≥30%)
10:08:40 core.sweep_detector INFO: OrderBlocks: 7 detected, 3 unmitigated
10:08:40 core.sweep_detector INFO: FVGs: 9 detected, 2 unfilled
10:08:42 core.sweep_detector INFO: SweepDetector v2: 0 raw → 0 confirmed (vol≥2.5× body≥30%)
10:08:42 core.sweep_detector INFO: OrderBlocks: 11 detected, 0 unmitigated
10:08:42 core.sweep_detector INFO: FVGs: 6 detected, 0 unfilled
10:08:44 core.sweep_detector INFO: SweepDetector v2: 2 raw → 2 confirmed (vol≥2.5× body≥30%)
10:08:44 core.sweep_detector INFO: OrderBlocks: 6 detected, 1 unmitigated
10:08:44 core.sweep_detector INFO: FVGs: 6 detected, 3 unfilled
10:08:46 core.sweep_detector INFO: SweepDetector v2: 2 raw → 2 confirmed (vol≥2.5× body≥30%)
10:08:46 core.sweep_detector INFO: OrderBlocks: 5 detected, 1 unmitigated
10:08:46 core.sweep_detector INFO: FVGs: 6 detected, 3 unfilled
10:08:47 core.sweep_detector INFO: SweepDetector v2: 1 raw → 1 confirmed (vol≥2.5× body≥30%)
10:08:47 core.sweep_detector INFO: OrderBlocks: 3 detected, 1 unmitigated
10:08:47 core.sweep_detector INFO: FVGs: 4 detected, 1 unfilled
10:08:49 core.sweep_detector INFO: SweepDetector v2: 2 raw → 2 confirmed (vol≥2.5× body≥30%)
10:08:49 core.sweep_detector INFO: OrderBlocks: 3 detected, 0 unmitigated
10:08:49 core.sweep_detector INFO: FVGs: 8 detected, 0 unfilled
/root/.openclaw/workspace/projects/crypto-liquidity-hunter/main.py:555: DeprecationWarning: datetime.datetime.utcnow() is deprecated and scheduled for removal in a future version. Use timezone-aware objects to represent datetimes in UTC: datetime.datetime.now(datetime.UTC).
  scan_end     = datetime.utcnow()

=== SCAN ALL: 100 pairs, 3 timeframes ===
Total signals generated: 0
