19:40:02 __main__ INFO: Volume filter: fetching all tickers in one call...
19:40:03 __main__ INFO: Volume filter: 80/447 pairs pass $2M threshold
/root/.openclaw/workspace/projects/crypto-liquidity-hunter/main.py:292: DeprecationWarning: datetime.datetime.utcnow() is deprecated and scheduled for removal in a future version. Use timezone-aware objects to represent datetimes in UTC: datetime.datetime.now(datetime.UTC).
  scan_start = datetime.utcnow()   # for duration tracking
19:40:04 core.binance_connector INFO: BinanceConnector: connected [LIVE FUTURES MAINNET]
19:40:04 __main__ INFO: Auto-executor: account 'Liquiddbot1' mode=live exec=auto
19:40:06 core.sweep_detector INFO: SweepDetector v2: 0 raw â†’ 0 confirmed (volâ‰Ą2.5Ă— bodyâ‰Ą30%)
19:40:06 core.sweep_detector INFO: OrderBlocks: 9 detected, 4 unmitigated
19:40:06 core.sweep_detector INFO: FVGs: 12 detected, 7 unfilled
19:40:08 core.sweep_detector INFO: SweepDetector v2: 1 raw â†’ 1 confirmed (volâ‰Ą2.5Ă— bodyâ‰Ą30%)
19:40:08 core.sweep_detector INFO: OrderBlocks: 2 detected, 0 unmitigated
19:40:08 core.sweep_detector INFO: FVGs: 5 detected, 2 unfilled
19:40:09 core.sweep_detector INFO: SweepDetector v2: 1 raw â†’ 1 confirmed (volâ‰Ą2.5Ă— bodyâ‰Ą30%)
19:40:09 core.sweep_detector INFO: OrderBlocks: 7 detected, 1 unmitigated
19:40:09 core.sweep_detector INFO: FVGs: 6 detected, 1 unfilled
19:40:12 core.sweep_detector INFO: SweepDetector v2: 1 raw â†’ 1 confirmed (volâ‰Ą2.5Ă— bodyâ‰Ą30%)
19:40:12 core.sweep_detector INFO: OrderBlocks: 7 detected, 0 unmitigated
19:40:12 core.sweep_detector INFO: FVGs: 10 detected, 4 unfilled
19:40:13 core.sweep_detector INFO: SweepDetector v2: 2 raw â†’ 1 confirmed (volâ‰Ą2.5Ă— bodyâ‰Ą30%)
19:40:13 core.sweep_detector INFO: OrderBlocks: 3 detected, 2 unmitigated
19:40:13 core.sweep_detector INFO: FVGs: 4 detected, 2 unfilled
19:40:15 core.sweep_detector INFO: SweepDetector v2: 0 raw â†’ 0 confirmed (volâ‰Ą2.5Ă— bodyâ‰Ą30%)
19:40:15 core.sweep_detector INFO: OrderBlocks: 6 detected, 1 unmitigated
19:40:15 core.sweep_detector INFO: FVGs: 4 detected, 1 unfilled
19:40:17 core.sweep_detector INFO: SweepDetector v2: 3 raw â†’ 2 confirmed (volâ‰Ą2.5Ă— bodyâ‰Ą30%)
19:40:17 core.sweep_detector INFO: OrderBlocks: 7 detected, 3 unmitigated
19:40:17 core.sweep_detector INFO: FVGs: 8 detected, 1 unfilled
19:40:18 core.sweep_detector INFO: SweepDetector v2: 1 raw â†’ 0 confirmed (volâ‰Ą2.5Ă— bodyâ‰Ą30%)
19:40:18 core.sweep_detector INFO: OrderBlocks: 4 detected, 2 unmitigated
19:40:18 core.sweep_detector INFO: FVGs: 8 detected, 4 unfilled
19:40:19 core.sweep_detector INFO: SweepDetector v2: 2 raw â†’ 2 confirmed (volâ‰Ą2.5Ă— bodyâ‰Ą30%)
19:40:20 core.sweep_detector INFO: OrderBlocks: 3 detected, 2 unmitigated
19:40:20 core.sweep_detector INFO: FVGs: 7 detected, 5 unfilled
19:40:21 core.sweep_detector INFO: SweepDetector v2: 2 raw â†’ 1 confirmed (volâ‰Ą2.5Ă— bodyâ‰Ą30%)
19:40:21 core.sweep_detector INFO: OrderBlocks: 7 detected, 2 unmitigated
19:40:21 core.sweep_detector INFO: FVGs: 8 detected, 2 unfilled
19:40:22 core.sweep_detector INFO: SweepDetector v2: 0 raw â†’ 0 confirmed (volâ‰Ą2.5Ă— bodyâ‰Ą30%)
19:40:22 core.sweep_detector INFO: OrderBlocks: 1 detected, 0 unmitigated
19:40:22 core.sweep_detector INFO: FVGs: 8 detected, 3 unfilled
19:40:24 core.sweep_detector INFO: SweepDetector v2: 2 raw â†’ 1 confirmed (volâ‰Ą2.5Ă— bodyâ‰Ą30%)
19:40:24 core.sweep_detector INFO: OrderBlocks: 1 detected, 0 unmitigated
19:40:24 core.sweep_detector INFO: FVGs: 4 detected, 1 unfilled
19:40:26 core.sweep_detector INFO: SweepDetector v2: 2 raw â†’ 1 confirmed (volâ‰Ą2.5Ă— bodyâ‰Ą30%)
19:40:26 core.sweep_detector INFO: OrderBlocks: 5 detected, 3 unmitigated
19:40:26 core.sweep_detector INFO: FVGs: 10 detected, 5 unfilled
19:40:27 core.sweep_detector INFO: SweepDetector v2: 1 raw â†’ 1 confirmed (volâ‰Ą2.5Ă— bodyâ‰Ą30%)
19:40:27 core.sweep_detector INFO: OrderBlocks: 3 detected, 1 unmitigated
19:40:27 core.sweep_detector INFO: FVGs: 4 detected, 1 unfilled
19:40:29 core.sweep_detector INFO: SweepDetector v2: 1 raw â†’ 1 confirmed (volâ‰Ą2.5Ă— bodyâ‰Ą30%)
19:40:29 core.sweep_detector INFO: OrderBlocks: 3 detected, 1 unmitigated
19:40:29 core.sweep_detector INFO: FVGs: 7 detected, 1 unfilled
19:40:31 core.sweep_detector INFO: SweepDetector v2: 5 raw â†’ 5 confirmed (volâ‰Ą2.5Ă— bodyâ‰Ą30%)
19:40:31 core.sweep_detector INFO: OrderBlocks: 1 detected, 0 unmitigated
19:40:31 core.sweep_detector INFO: FVGs: 3 detected, 0 unfilled
19:40:32 core.sweep_detector INFO: SweepDetector v2: 1 raw â†’ 1 confirmed (volâ‰Ą2.5Ă— bodyâ‰Ą30%)
19:40:32 core.sweep_detector INFO: OrderBlocks: 4 detected, 0 unmitigated
19:40:32 core.sweep_detector INFO: FVGs: 1 detected, 0 unfilled
19:40:34 core.sweep_detector INFO: SweepDetector v2: 0 raw â†’ 0 confirmed (volâ‰Ą2.5Ă— bodyâ‰Ą30%)
19:40:34 core.sweep_detector INFO: OrderBlocks: 1 detected, 0 unmitigated
19:40:34 core.sweep_detector INFO: FVGs: 1 detected, 0 unfilled
19:40:35 core.sweep_detector INFO: SweepDetector v2: 2 raw â†’ 2 confirmed (volâ‰Ą2.5Ă— bodyâ‰Ą30%)
19:40:35 core.sweep_detector INFO: OrderBlocks: 3 detected, 1 unmitigated
19:40:35 core.sweep_detector INFO: FVGs: 12 detected, 6 unfilled
19:40:37 core.sweep_detector INFO: SweepDetector v2: 1 raw â†’ 1 confirmed (volâ‰Ą2.5Ă— bodyâ‰Ą30%)
19:40:37 core.sweep_detector INFO: OrderBlocks: 2 detected, 1 unmitigated
19:40:37 core.sweep_detector INFO: FVGs: 4 detected, 1 unfilled
19:40:38 core.sweep_detector INFO: SweepDetector v2: 1 raw â†’ 1 confirmed (volâ‰Ą2.5Ă— bodyâ‰Ą30%)
19:40:38 core.sweep_detector INFO: OrderBlocks: 5 detected, 1 unmitigated
19:40:38 core.sweep_detector INFO: FVGs: 3 detected, 0 unfilled
19:40:40 core.sweep_detector INFO: SweepDetector v2: 4 raw â†’ 4 confirmed (volâ‰Ą2.5Ă— bodyâ‰Ą30%)
19:40:40 core.sweep_detector INFO: OrderBlocks: 2 detected, 2 unmitigated
19:40:40 core.sweep_detector INFO: FVGs: 14 detected, 3 unfilled
19:40:41 core.sweep_detector INFO: SweepDetector v2: 2 raw â†’ 1 confirmed (volâ‰Ą2.5Ă— bodyâ‰Ą30%)
19:40:41 core.sweep_detector INFO: OrderBlocks: 8 detected, 1 unmitigated
19:40:41 core.sweep_detector INFO: FVGs: 12 detected, 2 unfilled
19:40:43 core.sweep_detector INFO: SweepDetector v2: 1 raw â†’ 0 confirmed (volâ‰Ą2.5Ă— bodyâ‰Ą30%)
19:40:43 core.sweep_detector INFO: OrderBlocks: 2 detected, 2 unmitigated
19:40:43 core.sweep_detector INFO: FVGs: 8 detected, 4 unfilled
19:40:45 core.sweep_detector INFO: SweepDetector v2: 0 raw â†’ 0 confirmed (volâ‰Ą2.5Ă— bodyâ‰Ą30%)
19:40:45 core.sweep_detector INFO: OrderBlocks: 3 detected, 1 unmitigated
19:40:45 core.sweep_detector INFO: FVGs: 5 detected, 1 unfilled
19:40:46 core.sweep_detector INFO: SweepDetector v2: 3 raw â†’ 3 confirmed (volâ‰Ą2.5Ă— bodyâ‰Ą30%)
19:40:46 core.sweep_detector INFO: OrderBlocks: 1 detected, 1 unmitigated
19:40:46 core.sweep_detector INFO: FVGs: 7 detected, 3 unfilled
19:40:48 core.sweep_detector INFO: SweepDetector v2: 1 raw â†’ 1 confirmed (volâ‰Ą2.5Ă— bodyâ‰Ą30%)
19:40:48 core.sweep_detector INFO: OrderBlocks: 3 detected, 3 unmitigated
19:40:48 core.sweep_detector INFO: FVGs: 8 detected, 6 unfilled
19:40:49 core.sweep_detector INFO: SweepDetector v2: 0 raw â†’ 0 confirmed (volâ‰Ą2.5Ă— bodyâ‰Ą30%)
19:40:49 core.sweep_detector INFO: OrderBlocks: 0 detected, 0 unmitigated
19:40:49 core.sweep_detector INFO: FVGs: 0 detected, 0 unfilled
19:40:51 core.sweep_detector INFO: SweepDetector v2: 0 raw â†’ 0 confirmed (volâ‰Ą2.5Ă— bodyâ‰Ą30%)
19:40:51 core.sweep_detector INFO: OrderBlocks: 1 detected, 0 unmitigated
19:40:51 core.sweep_detector INFO: FVGs: 0 detected, 0 unfilled
19:40:52 core.sweep_detector INFO: SweepDetector v2: 0 raw â†’ 0 confirmed (volâ‰Ą2.5Ă— bodyâ‰Ą30%)
19:40:52 core.sweep_detector INFO: OrderBlocks: 0 detected, 0 unmitigated
19:40:52 core.sweep_detector INFO: FVGs: 0 detected, 0 unfilled
19:40:54 core.sweep_detector INFO: SweepDetector v2: 1 raw â†’ 1 confirmed (volâ‰Ą2.5Ă— bodyâ‰Ą30%)
19:40:54 core.sweep_detector INFO: OrderBlocks: 6 detected, 4 unmitigated
19:40:54 core.sweep_detector INFO: FVGs: 10 detected, 4 unfilled
19:40:55 core.sweep_detector INFO: SweepDetector v2: 1 raw â†’ 1 confirmed (volâ‰Ą2.5Ă— bodyâ‰Ą30%)
19:40:55 core.sweep_detector INFO: OrderBlocks: 4 detected, 2 unmitigated
19:40:55 core.sweep_detector INFO: FVGs: 4 detected, 0 unfilled
19:40:58 core.sweep_detector INFO: SweepDetector v2: 0 raw â†’ 0 confirmed (volâ‰Ą2.5Ă— bodyâ‰Ą30%)
19:40:58 core.sweep_detector INFO: OrderBlocks: 9 detected, 1 unmitigated
19:40:58 core.sweep_detector INFO: FVGs: 1 detected, 1 unfilled
19:40:59 core.sweep_detector INFO: SweepDetector v2: 1 raw â†’ 1 confirmed (volâ‰Ą2.5Ă— bodyâ‰Ą30%)
19:40:59 core.sweep_detector INFO: OrderBlocks: 6 detected, 0 unmitigated
19:40:59 core.sweep_detector INFO: FVGs: 7 detected, 3 unfilled
19:41:01 core.sweep_detector INFO: SweepDetector v2: 1 raw â†’ 1 confirmed (volâ‰Ą2.5Ă— bodyâ‰Ą30%)
19:41:01 core.sweep_detector INFO: OrderBlocks: 2 detected, 0 unmitigated
19:41:01 core.sweep_detector INFO: FVGs: 6 detected, 1 unfilled
19:41:02 core.sweep_detector INFO: SweepDetector v2: 0 raw â†’ 0 confirmed (volâ‰Ą2.5Ă— bodyâ‰Ą30%)
19:41:02 core.sweep_detector INFO: OrderBlocks: 7 detected, 0 unmitigated
19:41:02 core.sweep_detector INFO: FVGs: 3 detected, 0 unfilled
19:41:04 core.sweep_detector INFO: SweepDetector v2: 0 raw â†’ 0 confirmed (volâ‰Ą2.5Ă— bodyâ‰Ą30%)
19:41:04 core.sweep_detector INFO: OrderBlocks: 4 detected, 2 unmitigated
19:41:04 core.sweep_detector INFO: FVGs: 7 detected, 2 unfilled
19:41:06 core.sweep_detector INFO: SweepDetector v2: 1 raw â†’ 1 confirmed (volâ‰Ą2.5Ă— bodyâ‰Ą30%)
19:41:06 core.sweep_detector INFO: OrderBlocks: 3 detected, 0 unmitigated
19:41:06 core.sweep_detector INFO: FVGs: 6 detected, 0 unfilled
19:41:08 core.sweep_detector INFO: SweepDetector v2: 0 raw â†’ 0 confirmed (volâ‰Ą2.5Ă— bodyâ‰Ą30%)
19:41:08 core.sweep_detector INFO: OrderBlocks: 5 detected, 0 unmitigated
19:41:08 core.sweep_detector INFO: FVGs: 1 detected, 0 unfilled
19:41:10 core.sweep_detector INFO: SweepDetector v2: 7 raw â†’ 5 confirmed (volâ‰Ą2.5Ă— bodyâ‰Ą30%)
19:41:10 core.sweep_detector INFO: OrderBlocks: 4 detected, 2 unmitigated
19:41:10 core.sweep_detector INFO: FVGs: 9 detected, 3 unfilled
19:41:11 core.sweep_detector INFO: SweepDetector v2: 5 raw â†’ 2 confirmed (volâ‰Ą2.5Ă— bodyâ‰Ą30%)
19:41:11 core.sweep_detector INFO: OrderBlocks: 3 detected, 1 unmitigated
19:41:11 core.sweep_detector INFO: FVGs: 9 detected, 2 unfilled
19:41:13 core.sweep_detector INFO: SweepDetector v2: 2 raw â†’ 1 confirmed (volâ‰Ą2.5Ă— bodyâ‰Ą30%)
19:41:13 core.sweep_detector INFO: OrderBlocks: 3 detected, 0 unmitigated
19:41:13 core.sweep_detector INFO: FVGs: 8 detected, 3 unfilled
19:41:14 core.sweep_detector INFO: SweepDetector v2: 0 raw â†’ 0 confirmed (volâ‰Ą2.5Ă— bodyâ‰Ą30%)
19:41:14 core.sweep_detector INFO: OrderBlocks: 6 detected, 3 unmitigated
19:41:14 core.sweep_detector INFO: FVGs: 6 detected, 3 unfilled
19:41:16 core.sweep_detector INFO: SweepDetector v2: 1 raw â†’ 1 confirmed (volâ‰Ą2.5Ă— bodyâ‰Ą30%)
19:41:16 core.sweep_detector INFO: OrderBlocks: 7 detected, 4 unmitigated
19:41:16 core.sweep_detector INFO: FVGs: 6 detected, 3 unfilled
19:41:18 core.sweep_detector INFO: SweepDetector v2: 0 raw â†’ 0 confirmed (volâ‰Ą2.5Ă— bodyâ‰Ą30%)
19:41:18 core.sweep_detector INFO: OrderBlocks: 9 detected, 4 unmitigated
19:41:18 core.sweep_detector INFO: FVGs: 10 detected, 4 unfilled
19:41:19 core.sweep_detector INFO: SweepDetector v2: 1 raw â†’ 0 confirmed (volâ‰Ą2.5Ă— bodyâ‰Ą30%)
19:41:19 core.sweep_detector INFO: OrderBlocks: 2 detected, 2 unmitigated
19:41:19 core.sweep_detector INFO: FVGs: 8 detected, 6 unfilled
19:41:21 core.sweep_detector INFO: SweepDetector v2: 1 raw â†’ 0 confirmed (volâ‰Ą2.5Ă— bodyâ‰Ą30%)
19:41:21 core.sweep_detector INFO: OrderBlocks: 5 detected, 2 unmitigated
19:41:21 core.sweep_detector INFO: FVGs: 5 detected, 4 unfilled
19:41:22 core.sweep_detector INFO: SweepDetector v2: 1 raw â†’ 0 confirmed (volâ‰Ą2.5Ă— bodyâ‰Ą30%)
19:41:22 core.sweep_detector INFO: OrderBlocks: 5 detected, 4 unmitigated
19:41:22 core.sweep_detector INFO: FVGs: 6 detected, 5 unfilled
19:41:24 core.sweep_detector INFO: SweepDetector v2: 0 raw â†’ 0 confirmed (volâ‰Ą2.5Ă— bodyâ‰Ą30%)
19:41:24 core.sweep_detector INFO: OrderBlocks: 6 detected, 1 unmitigated
19:41:24 core.sweep_detector INFO: FVGs: 9 detected, 4 unfilled
19:41:26 core.sweep_detector INFO: SweepDetector v2: 3 raw â†’ 2 confirmed (volâ‰Ą2.5Ă— bodyâ‰Ą30%)
19:41:26 core.sweep_detector INFO: OrderBlocks: 6 detected, 4 unmitigated
19:41:26 core.sweep_detector INFO: FVGs: 14 detected, 7 unfilled
19:41:28 core.sweep_detector INFO: SweepDetector v2: 0 raw â†’ 0 confirmed (volâ‰Ą2.5Ă— bodyâ‰Ą30%)
19:41:28 core.sweep_detector INFO: OrderBlocks: 6 detected, 2 unmitigated
19:41:28 core.sweep_detector INFO: FVGs: 8 detected, 3 unfilled
19:41:29 core.sweep_detector INFO: SweepDetector v2: 0 raw â†’ 0 confirmed (volâ‰Ą2.5Ă— bodyâ‰Ą30%)
19:41:29 core.sweep_detector INFO: OrderBlocks: 9 detected, 2 unmitigated
19:41:29 core.sweep_detector INFO: FVGs: 14 detected, 3 unfilled
19:41:31 core.sweep_detector INFO: SweepDetector v2: 2 raw â†’ 1 confirmed (volâ‰Ą2.5Ă— bodyâ‰Ą30%)
19:41:31 core.sweep_detector INFO: OrderBlocks: 4 detected, 0 unmitigated
19:41:31 core.sweep_detector INFO: FVGs: 8 detected, 2 unfilled
19:41:33 core.sweep_detector INFO: SweepDetector v2: 0 raw â†’ 0 confirmed (volâ‰Ą2.5Ă— bodyâ‰Ą30%)
19:41:33 core.sweep_detector INFO: OrderBlocks: 6 detected, 2 unmitigated
19:41:33 core.sweep_detector INFO: FVGs: 6 detected, 4 unfilled
19:41:35 core.sweep_detector INFO: SweepDetector v2: 0 raw â†’ 0 confirmed (volâ‰Ą2.5Ă— bodyâ‰Ą30%)
19:41:35 core.sweep_detector INFO: OrderBlocks: 7 detected, 1 unmitigated
19:41:35 core.sweep_detector INFO: FVGs: 11 detected, 2 unfilled
19:41:37 core.sweep_detector INFO: SweepDetector v2: 3 raw â†’ 2 confirmed (volâ‰Ą2.5Ă— bodyâ‰Ą30%)
19:41:37 core.sweep_detector INFO: OrderBlocks: 2 detected, 1 unmitigated
19:41:37 core.sweep_detector INFO: FVGs: 8 detected, 2 unfilled
19:41:39 core.sweep_detector INFO: SweepDetector v2: 0 raw â†’ 0 confirmed (volâ‰Ą2.5Ă— bodyâ‰Ą30%)
19:41:39 core.sweep_detector INFO: OrderBlocks: 7 detected, 0 unmitigated
19:41:39 core.sweep_detector INFO: FVGs: 2 detected, 0 unfilled
19:41:41 core.sweep_detector INFO: SweepDetector v2: 1 raw â†’ 0 confirmed (volâ‰Ą2.5Ă— bodyâ‰Ą30%)
19:41:41 core.sweep_detector INFO: OrderBlocks: 4 detected, 1 unmitigated
19:41:41 core.sweep_detector INFO: FVGs: 10 detected, 3 unfilled
19:41:42 core.sweep_detector INFO: SweepDetector v2: 2 raw â†’ 2 confirmed (volâ‰Ą2.5Ă— bodyâ‰Ą30%)
19:41:42 core.sweep_detector INFO: OrderBlocks: 3 detected, 2 unmitigated
19:41:42 core.sweep_detector INFO: FVGs: 4 detected, 1 unfilled
19:41:44 core.sweep_detector INFO: SweepDetector v2: 0 raw â†’ 0 confirmed (volâ‰Ą2.5Ă— bodyâ‰Ą30%)
19:41:44 core.sweep_detector INFO: OrderBlocks: 2 detected, 0 unmitigated
19:41:44 core.sweep_detector INFO: FVGs: 4 detected, 1 unfilled
19:41:46 core.sweep_detector INFO: SweepDetector v2: 1 raw â†’ 1 confirmed (volâ‰Ą2.5Ă— bodyâ‰Ą30%)
19:41:46 core.sweep_detector INFO: OrderBlocks: 5 detected, 3 unmitigated
19:41:46 core.sweep_detector INFO: FVGs: 12 detected, 4 unfilled
19:41:48 core.sweep_detector INFO: SweepDetector v2: 4 raw â†’ 3 confirmed (volâ‰Ą2.5Ă— bodyâ‰Ą30%)
19:41:48 core.sweep_detector INFO: OrderBlocks: 3 detected, 0 unmitigated
19:41:48 core.sweep_detector INFO: FVGs: 5 detected, 1 unfilled
19:41:49 core.sweep_detector INFO: SweepDetector v2: 2 raw â†’ 1 confirmed (volâ‰Ą2.5Ă— bodyâ‰Ą30%)
19:41:49 core.sweep_detector INFO: OrderBlocks: 5 detected, 2 unmitigated
19:41:49 core.sweep_detector INFO: FVGs: 8 detected, 1 unfilled
19:41:51 core.sweep_detector INFO: SweepDetector v2: 2 raw â†’ 1 confirmed (volâ‰Ą2.5Ă— bodyâ‰Ą30%)
19:41:51 core.sweep_detector INFO: OrderBlocks: 5 detected, 1 unmitigated
19:41:51 core.sweep_detector INFO: FVGs: 7 detected, 0 unfilled
19:41:53 core.sweep_detector INFO: SweepDetector v2: 1 raw â†’ 0 confirmed (volâ‰Ą2.5Ă— bodyâ‰Ą30%)
19:41:53 core.sweep_detector INFO: OrderBlocks: 8 detected, 2 unmitigated
19:41:53 core.sweep_detector INFO: FVGs: 14 detected, 0 unfilled
19:41:54 core.sweep_detector INFO: SweepDetector v2: 4 raw â†’ 2 confirmed (volâ‰Ą2.5Ă— bodyâ‰Ą30%)
19:41:54 core.sweep_detector INFO: OrderBlocks: 8 detected, 3 unmitigated
19:41:54 core.sweep_detector INFO: FVGs: 8 detected, 3 unfilled
19:41:57 core.sweep_detector INFO: SweepDetector v2: 2 raw â†’ 1 confirmed (volâ‰Ą2.5Ă— bodyâ‰Ą30%)
19:41:57 core.sweep_detector INFO: OrderBlocks: 4 detected, 1 unmitigated
19:41:57 core.sweep_detector INFO: FVGs: 9 detected, 3 unfilled
19:41:59 core.sweep_detector INFO: SweepDetector v2: 3 raw â†’ 1 confirmed (volâ‰Ą2.5Ă— bodyâ‰Ą30%)
19:41:59 core.sweep_detector INFO: OrderBlocks: 4 detected, 2 unmitigated
19:41:59 core.sweep_detector INFO: FVGs: 7 detected, 1 unfilled
19:42:01 core.sweep_detector INFO: SweepDetector v2: 0 raw â†’ 0 confirmed (volâ‰Ą2.5Ă— bodyâ‰Ą30%)
19:42:01 core.sweep_detector INFO: OrderBlocks: 4 detected, 0 unmitigated
19:42:01 core.sweep_detector INFO: FVGs: 5 detected, 0 unfilled
19:42:03 core.sweep_detector INFO: SweepDetector v2: 0 raw â†’ 0 confirmed (volâ‰Ą2.5Ă— bodyâ‰Ą30%)
19:42:03 core.sweep_detector INFO: OrderBlocks: 3 detected, 0 unmitigated
19:42:03 core.sweep_detector INFO: FVGs: 0 detected, 0 unfilled
19:42:04 core.sweep_detector INFO: SweepDetector v2: 0 raw â†’ 0 confirmed (volâ‰Ą2.5Ă— bodyâ‰Ą30%)
19:42:04 core.sweep_detector INFO: OrderBlocks: 0 detected, 0 unmitigated
19:42:04 core.sweep_detector INFO: FVGs: 0 detected, 0 unfilled
19:42:06 core.sweep_detector INFO: SweepDetector v2: 0 raw â†’ 0 confirmed (volâ‰Ą2.5Ă— bodyâ‰Ą30%)
19:42:06 core.sweep_detector INFO: OrderBlocks: 3 detected, 0 unmitigated
19:42:06 core.sweep_detector INFO: FVGs: 0 detected, 0 unfilled
19:42:08 core.sweep_detector INFO: SweepDetector v2: 0 raw â†’ 0 confirmed (volâ‰Ą2.5Ă— bodyâ‰Ą30%)
19:42:08 core.sweep_detector INFO: OrderBlocks: 0 detected, 0 unmitigated
19:42:08 core.sweep_detector INFO: FVGs: 0 detected, 0 unfilled
19:42:09 core.sweep_detector INFO: SweepDetector v2: 0 raw â†’ 0 confirmed (volâ‰Ą2.5Ă— bodyâ‰Ą30%)
19:42:09 core.sweep_detector INFO: OrderBlocks: 0 detected, 0 unmitigated
19:42:09 core.sweep_detector INFO: FVGs: 0 detected, 0 unfilled
19:42:11 core.sweep_detector INFO: SweepDetector v2: 0 raw â†’ 0 confirmed (volâ‰Ą2.5Ă— bodyâ‰Ą30%)
19:42:11 core.sweep_detector INFO: OrderBlocks: 1 detected, 0 unmitigated
19:42:11 core.sweep_detector INFO: FVGs: 0 detected, 0 unfilled
19:42:12 core.sweep_detector INFO: SweepDetector v2: 0 raw â†’ 0 confirmed (volâ‰Ą2.5Ă— bodyâ‰Ą30%)
19:42:12 core.sweep_detector INFO: OrderBlocks: 5 detected, 1 unmitigated
19:42:12 core.sweep_detector INFO: FVGs: 12 detected, 3 unfilled
19:42:14 core.sweep_detector INFO: SweepDetector v2: 1 raw â†’ 1 confirmed (volâ‰Ą2.5Ă— bodyâ‰Ą30%)
19:42:14 core.sweep_detector INFO: OrderBlocks: 3 detected, 1 unmitigated
19:42:14 core.sweep_detector INFO: FVGs: 9 detected, 3 unfilled
19:42:16 core.sweep_detector INFO: SweepDetector v2: 0 raw â†’ 0 confirmed (volâ‰Ą2.5Ă— bodyâ‰Ą30%)
19:42:16 core.sweep_detector INFO: OrderBlocks: 6 detected, 2 unmitigated
19:42:16 core.sweep_detector INFO: FVGs: 9 detected, 5 unfilled
19:42:17 core.sweep_detector INFO: SweepDetector v2: 0 raw â†’ 0 confirmed (volâ‰Ą2.5Ă— bodyâ‰Ą30%)
19:42:17 core.sweep_detector INFO: OrderBlocks: 7 detected, 3 unmitigated
19:42:17 core.sweep_detector INFO: FVGs: 10 detected, 3 unfilled
19:42:19 core.sweep_detector INFO: SweepDetector v2: 1 raw â†’ 0 confirmed (volâ‰Ą2.5Ă— bodyâ‰Ą30%)
19:42:19 core.sweep_detector INFO: OrderBlocks: 3 detected, 3 unmitigated
19:42:19 core.sweep_detector INFO: FVGs: 8 detected, 2 unfilled
19:42:21 core.sweep_detector INFO: SweepDetector v2: 2 raw â†’ 2 confirmed (volâ‰Ą2.5Ă— bodyâ‰Ą30%)
19:42:21 core.sweep_detector INFO: OrderBlocks: 3 detected, 0 unmitigated
19:42:21 core.sweep_detector INFO: FVGs: 9 detected, 1 unfilled
19:42:22 core.sweep_detector INFO: SweepDetector v2: 2 raw â†’ 2 confirmed (volâ‰Ą2.5Ă— bodyâ‰Ą30%)
19:42:22 core.sweep_detector INFO: OrderBlocks: 7 detected, 0 unmitigated
19:42:22 core.sweep_detector INFO: FVGs: 7 detected, 0 unfilled
19:42:24 core.sweep_detector INFO: SweepDetector v2: 6 raw â†’ 6 confirmed (volâ‰Ą2.5Ă— bodyâ‰Ą30%)
19:42:24 core.sweep_detector INFO: OrderBlocks: 2 detected, 1 unmitigated
19:42:24 core.sweep_detector INFO: FVGs: 8 detected, 1 unfilled
19:42:25 core.sweep_detector INFO: SweepDetector v2: 5 raw â†’ 4 confirmed (volâ‰Ą2.5Ă— bodyâ‰Ą30%)
19:42:25 core.sweep_detector INFO: OrderBlocks: 5 detected, 2 unmitigated
19:42:25 core.sweep_detector INFO: FVGs: 7 detected, 2 unfilled
19:42:27 core.sweep_detector INFO: SweepDetector v2: 1 raw â†’ 1 confirmed (volâ‰Ą2.5Ă— bodyâ‰Ą30%)
19:42:27 core.sweep_detector INFO: OrderBlocks: 6 detected, 2 unmitigated
19:42:27 core.sweep_detector INFO: FVGs: 9 detected, 3 unfilled
19:42:28 core.sweep_detector INFO: SweepDetector v2: 1 raw â†’ 1 confirmed (volâ‰Ą2.5Ă— bodyâ‰Ą30%)
19:42:28 core.sweep_detector INFO: OrderBlocks: 2 detected, 1 unmitigated
19:42:28 core.sweep_detector INFO: FVGs: 6 detected, 1 unfilled
19:42:30 core.sweep_detector INFO: SweepDetector v2: 0 raw â†’ 0 confirmed (volâ‰Ą2.5Ă— bodyâ‰Ą30%)
19:42:30 core.sweep_detector INFO: OrderBlocks: 7 detected, 3 unmitigated
19:42:30 core.sweep_detector INFO: FVGs: 2 detected, 0 unfilled
19:42:32 core.sweep_detector INFO: SweepDetector v2: 2 raw â†’ 1 confirmed (volâ‰Ą2.5Ă— bodyâ‰Ą30%)
19:42:32 core.sweep_detector INFO: OrderBlocks: 9 detected, 3 unmitigated
19:42:32 core.sweep_detector INFO: FVGs: 12 detected, 5 unfilled
19:42:33 core.sweep_detector INFO: SweepDetector v2: 3 raw â†’ 3 confirmed (volâ‰Ą2.5Ă— bodyâ‰Ą30%)
19:42:33 core.sweep_detector INFO: OrderBlocks: 5 detected, 2 unmitigated
19:42:33 core.sweep_detector INFO: FVGs: 19 detected, 5 unfilled
19:42:35 core.sweep_detector INFO: SweepDetector v2: 2 raw â†’ 0 confirmed (volâ‰Ą2.5Ă— bodyâ‰Ą30%)
19:42:35 core.sweep_detector INFO: OrderBlocks: 8 detected, 3 unmitigated
19:42:35 core.sweep_detector INFO: FVGs: 11 detected, 3 unfilled
19:42:38 core.sweep_detector INFO: SweepDetector v2: 3 raw â†’ 2 confirmed (volâ‰Ą2.5Ă— bodyâ‰Ą30%)
19:42:38 core.sweep_detector INFO: OrderBlocks: 6 detected, 3 unmitigated
19:42:38 core.sweep_detector INFO: FVGs: 15 detected, 4 unfilled
19:42:39 core.sweep_detector INFO: SweepDetector v2: 2 raw â†’ 0 confirmed (volâ‰Ą2.5Ă— bodyâ‰Ą30%)
19:42:39 core.sweep_detector INFO: OrderBlocks: 10 detected, 4 unmitigated
19:42:39 core.sweep_detector INFO: FVGs: 15 detected, 4 unfilled
19:42:41 core.sweep_detector INFO: SweepDetector v2: 2 raw â†’ 1 confirmed (volâ‰Ą2.5Ă— bodyâ‰Ą30%)
19:42:41 core.sweep_detector INFO: OrderBlocks: 3 detected, 2 unmitigated
19:42:41 core.sweep_detector INFO: FVGs: 11 detected, 5 unfilled
19:42:43 core.sweep_detector INFO: SweepDetector v2: 2 raw â†’ 2 confirmed (volâ‰Ą2.5Ă— bodyâ‰Ą30%)
19:42:43 core.sweep_detector INFO: OrderBlocks: 9 detected, 3 unmitigated
19:42:43 core.sweep_detector INFO: FVGs: 8 detected, 4 unfilled
19:42:44 core.sweep_detector INFO: SweepDetector v2: 1 raw â†’ 1 confirmed (volâ‰Ą2.5Ă— bodyâ‰Ą30%)
19:42:44 core.sweep_detector INFO: OrderBlocks: 3 detected, 1 unmitigated
19:42:44 core.sweep_detector INFO: FVGs: 5 detected, 2 unfilled
19:42:46 core.sweep_detector INFO: SweepDetector v2: 2 raw â†’ 1 confirmed (volâ‰Ą2.5Ă— bodyâ‰Ą30%)
19:42:46 core.sweep_detector INFO: OrderBlocks: 7 detected, 0 unmitigated
19:42:46 core.sweep_detector INFO: FVGs: 5 detected, 0 unfilled
19:42:48 core.sweep_detector INFO: SweepDetector v2: 0 raw â†’ 0 confirmed (volâ‰Ą2.5Ă— bodyâ‰Ą30%)
19:42:48 core.sweep_detector INFO: OrderBlocks: 3 detected, 1 unmitigated
19:42:48 core.sweep_detector INFO: FVGs: 12 detected, 2 unfilled
19:42:50 core.sweep_detector INFO: SweepDetector v2: 0 raw â†’ 0 confirmed (volâ‰Ą2.5Ă— bodyâ‰Ą30%)
19:42:50 core.sweep_detector INFO: OrderBlocks: 4 detected, 0 unmitigated
19:42:50 core.sweep_detector INFO: FVGs: 8 detected, 1 unfilled
19:42:52 core.sweep_detector INFO: SweepDetector v2: 1 raw â†’ 1 confirmed (volâ‰Ą2.5Ă— bodyâ‰Ą30%)
19:42:52 core.sweep_detector INFO: OrderBlocks: 4 detected, 2 unmitigated
19:42:52 core.sweep_detector INFO: FVGs: 7 detected, 1 unfilled
19:42:53 core.sweep_detector INFO: SweepDetector v2: 0 raw â†’ 0 confirmed (volâ‰Ą2.5Ă— bodyâ‰Ą30%)
19:42:53 core.sweep_detector INFO: OrderBlocks: 7 detected, 3 unmitigated
19:42:53 core.sweep_detector INFO: FVGs: 11 detected, 6 unfilled
19:42:55 core.sweep_detector INFO: SweepDetector v2: 0 raw â†’ 0 confirmed (volâ‰Ą2.5Ă— bodyâ‰Ą30%)
19:42:55 core.sweep_detector INFO: OrderBlocks: 2 detected, 1 unmitigated
19:42:55 core.sweep_detector INFO: FVGs: 12 detected, 3 unfilled
19:42:57 core.sweep_detector INFO: SweepDetector v2: 2 raw â†’ 1 confirmed (volâ‰Ą2.5Ă— bodyâ‰Ą30%)
19:42:57 core.sweep_detector INFO: OrderBlocks: 9 detected, 2 unmitigated
19:42:57 core.sweep_detector INFO: FVGs: 8 detected, 3 unfilled
19:42:58 core.sweep_detector INFO: SweepDetector v2: 9 raw â†’ 6 confirmed (volâ‰Ą2.5Ă— bodyâ‰Ą30%)
19:42:58 core.sweep_detector INFO: OrderBlocks: 7 detected, 2 unmitigated
19:42:58 core.sweep_detector INFO: FVGs: 10 detected, 7 unfilled
19:43:00 core.sweep_detector INFO: SweepDetector v2: 4 raw â†’ 3 confirmed (volâ‰Ą2.5Ă— bodyâ‰Ą30%)
19:43:00 core.sweep_detector INFO: OrderBlocks: 7 detected, 1 unmitigated
19:43:00 core.sweep_detector INFO: FVGs: 8 detected, 3 unfilled
19:43:01 core.sweep_detector INFO: SweepDetector v2: 1 raw â†’ 0 confirmed (volâ‰Ą2.5Ă— bodyâ‰Ą30%)
19:43:01 core.sweep_detector INFO: OrderBlocks: 7 detected, 2 unmitigated
19:43:01 core.sweep_detector INFO: FVGs: 6 detected, 2 unfilled
19:43:03 core.sweep_detector INFO: SweepDetector v2: 1 raw â†’ 1 confirmed (volâ‰Ą2.5Ă— bodyâ‰Ą30%)
19:43:03 core.sweep_detector INFO: OrderBlocks: 4 detected, 2 unmitigated
19:43:03 core.sweep_detector INFO: FVGs: 8 detected, 4 unfilled
19:43:05 core.sweep_detector INFO: SweepDetector v2: 2 raw â†’ 1 confirmed (volâ‰Ą2.5Ă— bodyâ‰Ą30%)
19:43:05 core.sweep_detector INFO: OrderBlocks: 4 detected, 0 unmitigated
19:43:05 core.sweep_detector INFO: FVGs: 5 detected, 1 unfilled
19:43:06 core.sweep_detector INFO: SweepDetector v2: 0 raw â†’ 0 confirmed (volâ‰Ą2.5Ă— bodyâ‰Ą30%)
19:43:06 core.sweep_detector INFO: OrderBlocks: 4 detected, 0 unmitigated
19:43:06 core.sweep_detector INFO: FVGs: 3 detected, 0 unfilled
19:43:08 core.sweep_detector INFO: SweepDetector v2: 0 raw â†’ 0 confirmed (volâ‰Ą2.5Ă— bodyâ‰Ą30%)
19:43:08 core.sweep_detector INFO: OrderBlocks: 7 detected, 2 unmitigated
19:43:08 core.sweep_detector INFO: FVGs: 4 detected, 2 unfilled
19:43:10 core.sweep_detector INFO: SweepDetector v2: 1 raw â†’ 1 confirmed (volâ‰Ą2.5Ă— bodyâ‰Ą30%)
19:43:10 core.sweep_detector INFO: OrderBlocks: 2 detected, 2 unmitigated
19:43:10 core.sweep_detector INFO: FVGs: 5 detected, 1 unfilled
19:43:11 core.sweep_detector INFO: SweepDetector v2: 0 raw â†’ 0 confirmed (volâ‰Ą2.5Ă— bodyâ‰Ą30%)
19:43:11 core.sweep_detector INFO: OrderBlocks: 7 detected, 0 unmitigated
19:43:11 core.sweep_detector INFO: FVGs: 3 detected, 0 unfilled
19:43:13 core.sweep_detector INFO: SweepDetector v2: 1 raw â†’ 1 confirmed (volâ‰Ą2.5Ă— bodyâ‰Ą30%)
19:43:13 core.sweep_detector INFO: OrderBlocks: 8 detected, 2 unmitigated
19:43:13 core.sweep_detector INFO: FVGs: 4 detected, 3 unfilled
19:43:15 core.sweep_detector INFO: SweepDetector v2: 2 raw â†’ 1 confirmed (volâ‰Ą2.5Ă— bodyâ‰Ą30%)
19:43:15 core.sweep_detector INFO: OrderBlocks: 2 detected, 0 unmitigated
19:43:15 core.sweep_detector INFO: FVGs: 3 detected, 2 unfilled
19:43:16 core.sweep_detector INFO: SweepDetector v2: 0 raw â†’ 0 confirmed (volâ‰Ą2.5Ă— bodyâ‰Ą30%)
19:43:16 core.sweep_detector INFO: OrderBlocks: 5 detected, 0 unmitigated
19:43:16 core.sweep_detector INFO: FVGs: 2 detected, 0 unfilled
19:43:18 core.sweep_detector INFO: SweepDetector v2: 0 raw â†’ 0 confirmed (volâ‰Ą2.5Ă— bodyâ‰Ą30%)
19:43:18 core.sweep_detector INFO: OrderBlocks: 3 detected, 1 unmitigated
19:43:18 core.sweep_detector INFO: FVGs: 12 detected, 4 unfilled
19:43:19 core.sweep_detector INFO: SweepDetector v2: 1 raw â†’ 1 confirmed (volâ‰Ą2.5Ă— bodyâ‰Ą30%)
19:43:19 core.sweep_detector INFO: OrderBlocks: 8 detected, 2 unmitigated
19:43:19 core.sweep_detector INFO: FVGs: 11 detected, 5 unfilled
19:43:21 core.sweep_detector INFO: SweepDetector v2: 2 raw â†’ 0 confirmed (volâ‰Ą2.5Ă— bodyâ‰Ą30%)
19:43:21 core.sweep_detector INFO: OrderBlocks: 3 detected, 0 unmitigated
19:43:21 core.sweep_detector INFO: FVGs: 7 detected, 1 unfilled
19:43:23 core.sweep_detector INFO: SweepDetector v2: 3 raw â†’ 2 confirmed (volâ‰Ą2.5Ă— bodyâ‰Ą30%)
19:43:23 core.sweep_detector INFO: OrderBlocks: 10 detected, 2 unmitigated
19:43:23 core.sweep_detector INFO: FVGs: 13 detected, 2 unfilled
19:43:24 core.sweep_detector INFO: SweepDetector v2: 2 raw â†’ 1 confirmed (volâ‰Ą2.5Ă— bodyâ‰Ą30%)
19:43:24 core.sweep_detector INFO: OrderBlocks: 6 detected, 0 unmitigated
19:43:24 core.sweep_detector INFO: FVGs: 10 detected, 2 unfilled
19:43:26 core.sweep_detector INFO: SweepDetector v2: 1 raw â†’ 1 confirmed (volâ‰Ą2.5Ă— bodyâ‰Ą30%)
19:43:26 core.sweep_detector INFO: OrderBlocks: 2 detected, 0 unmitigated
19:43:26 core.sweep_detector INFO: FVGs: 8 detected, 3 unfilled
19:43:28 core.sweep_detector INFO: SweepDetector v2: 2 raw â†’ 2 confirmed (volâ‰Ą2.5Ă— bodyâ‰Ą30%)
19:43:28 core.sweep_detector INFO: OrderBlocks: 14 detected, 2 unmitigated
19:43:28 core.sweep_detector INFO: FVGs: 15 detected, 2 unfilled
19:43:29 core.sweep_detector INFO: SweepDetector v2: 3 raw â†’ 3 confirmed (volâ‰Ą2.5Ă— bodyâ‰Ą30%)
19:43:29 core.sweep_detector INFO: OrderBlocks: 4 detected, 2 unmitigated
19:43:29 core.sweep_detector INFO: FVGs: 6 detected, 2 unfilled
19:43:31 core.sweep_detector INFO: SweepDetector v2: 2 raw â†’ 1 confirmed (volâ‰Ą2.5Ă— bodyâ‰Ą30%)
19:43:31 core.sweep_detector INFO: OrderBlocks: 3 detected, 1 unmitigated
19:43:31 core.sweep_detector INFO: FVGs: 4 detected, 2 unfilled
19:43:32 core.sweep_detector INFO: SweepDetector v2: 6 raw â†’ 3 confirmed (volâ‰Ą2.5Ă— bodyâ‰Ą30%)
19:43:32 core.sweep_detector INFO: OrderBlocks: 6 detected, 4 unmitigated
19:43:32 core.sweep_detector INFO: FVGs: 10 detected, 4 unfilled
19:43:34 core.sweep_detector INFO: SweepDetector v2: 5 raw â†’ 4 confirmed (volâ‰Ą2.5Ă— bodyâ‰Ą30%)
19:43:34 core.sweep_detector INFO: OrderBlocks: 5 detected, 1 unmitigated
19:43:34 core.sweep_detector INFO: FVGs: 8 detected, 4 unfilled
19:43:35 core.sweep_detector INFO: SweepDetector v2: 1 raw â†’ 1 confirmed (volâ‰Ą2.5Ă— bodyâ‰Ą30%)
19:43:35 core.sweep_detector INFO: OrderBlocks: 7 detected, 1 unmitigated
19:43:35 core.sweep_detector INFO: FVGs: 8 detected, 3 unfilled
19:43:37 core.sweep_detector INFO: SweepDetector v2: 1 raw â†’ 1 confirmed (volâ‰Ą2.5Ă— bodyâ‰Ą30%)
19:43:37 core.sweep_detector INFO: OrderBlocks: 6 detected, 3 unmitigated
19:43:37 core.sweep_detector INFO: FVGs: 10 detected, 5 unfilled
19:43:38 core.sweep_detector INFO: SweepDetector v2: 2 raw â†’ 0 confirmed (volâ‰Ą2.5Ă— bodyâ‰Ą30%)
19:43:38 core.sweep_detector INFO: OrderBlocks: 5 detected, 1 unmitigated
19:43:38 core.sweep_detector INFO: FVGs: 13 detected, 2 unfilled
19:43:40 core.sweep_detector INFO: SweepDetector v2: 1 raw â†’ 1 confirmed (volâ‰Ą2.5Ă— bodyâ‰Ą30%)
19:43:40 core.sweep_detector INFO: OrderBlocks: 9 detected, 3 unmitigated
19:43:40 core.sweep_detector INFO: FVGs: 6 detected, 2 unfilled
19:43:42 core.sweep_detector INFO: SweepDetector v2: 3 raw â†’ 2 confirmed (volâ‰Ą2.5Ă— bodyâ‰Ą30%)
19:43:42 core.sweep_detector INFO: OrderBlocks: 4 detected, 0 unmitigated
19:43:42 core.sweep_detector INFO: FVGs: 7 detected, 2 unfilled
19:43:43 core.sweep_detector INFO: SweepDetector v2: 3 raw â†’ 3 confirmed (volâ‰Ą2.5Ă— bodyâ‰Ą30%)
19:43:43 core.sweep_detector INFO: OrderBlocks: 2 detected, 2 unmitigated
19:43:43 core.sweep_detector INFO: FVGs: 3 detected, 1 unfilled
19:43:45 core.sweep_detector INFO: SweepDetector v2: 0 raw â†’ 0 confirmed (volâ‰Ą2.5Ă— bodyâ‰Ą30%)
19:43:45 core.sweep_detector INFO: OrderBlocks: 8 detected, 4 unmitigated
19:43:45 core.sweep_detector INFO: FVGs: 1 detected, 1 unfilled
19:43:47 core.sweep_detector INFO: SweepDetector v2: 0 raw â†’ 0 confirmed (volâ‰Ą2.5Ă— bodyâ‰Ą30%)
19:43:47 core.sweep_detector INFO: OrderBlocks: 7 detected, 3 unmitigated
19:43:47 core.sweep_detector INFO: FVGs: 10 detected, 5 unfilled
19:43:49 core.sweep_detector INFO: SweepDetector v2: 4 raw â†’ 3 confirmed (volâ‰Ą2.5Ă— bodyâ‰Ą30%)
19:43:49 core.sweep_detector INFO: OrderBlocks: 3 detected, 1 unmitigated
19:43:49 core.sweep_detector INFO: FVGs: 4 detected, 2 unfilled
19:43:50 core.sweep_detector INFO: SweepDetector v2: 1 raw â†’ 1 confirmed (volâ‰Ą2.5Ă— bodyâ‰Ą30%)
19:43:50 core.sweep_detector INFO: OrderBlocks: 3 detected, 0 unmitigated
19:43:50 core.sweep_detector INFO: FVGs: 5 detected, 2 unfilled
19:43:52 core.sweep_detector INFO: SweepDetector v2: 1 raw â†’ 1 confirmed (volâ‰Ą2.5Ă— bodyâ‰Ą30%)
19:43:52 core.sweep_detector INFO: OrderBlocks: 4 detected, 1 unmitigated
19:43:52 core.sweep_detector INFO: FVGs: 5 detected, 1 unfilled
19:43:53 core.sweep_detector INFO: SweepDetector v2: 2 raw â†’ 2 confirmed (volâ‰Ą2.5Ă— bodyâ‰Ą30%)
19:43:53 core.sweep_detector INFO: OrderBlocks: 2 detected, 0 unmitigated
19:43:53 core.sweep_detector INFO: FVGs: 3 detected, 1 unfilled
19:43:55 core.sweep_detector INFO: SweepDetector v2: 1 raw â†’ 1 confirmed (volâ‰Ą2.5Ă— bodyâ‰Ą30%)
19:43:55 core.sweep_detector INFO: OrderBlocks: 0 detected, 0 unmitigated
19:43:55 core.sweep_detector INFO: FVGs: 0 detected, 0 unfilled
19:43:56 core.sweep_detector INFO: SweepDetector v2: 2 raw â†’ 2 confirmed (volâ‰Ą2.5Ă— bodyâ‰Ą30%)
19:43:56 core.sweep_detector INFO: OrderBlocks: 8 detected, 3 unmitigated
19:43:56 core.sweep_detector INFO: FVGs: 9 detected, 3 unfilled
19:43:58 core.sweep_detector INFO: SweepDetector v2: 4 raw â†’ 2 confirmed (volâ‰Ą2.5Ă— bodyâ‰Ą30%)
19:43:58 core.sweep_detector INFO: OrderBlocks: 1 detected, 0 unmitigated
19:43:58 core.sweep_detector INFO: FVGs: 7 detected, 2 unfilled
19:44:00 core.sweep_detector INFO: SweepDetector v2: 2 raw â†’ 0 confirmed (volâ‰Ą2.5Ă— bodyâ‰Ą30%)
19:44:00 core.sweep_detector INFO: OrderBlocks: 8 detected, 2 unmitigated
19:44:00 core.sweep_detector INFO: FVGs: 4 detected, 1 unfilled
19:44:01 core.sweep_detector INFO: SweepDetector v2: 1 raw â†’ 0 confirmed (volâ‰Ą2.5Ă— bodyâ‰Ą30%)
19:44:01 core.sweep_detector INFO: OrderBlocks: 5 detected, 1 unmitigated
19:44:01 core.sweep_detector INFO: FVGs: 5 detected, 2 unfilled
19:44:03 core.sweep_detector INFO: SweepDetector v2: 4 raw â†’ 4 confirmed (volâ‰Ą2.5Ă— bodyâ‰Ą30%)
19:44:03 core.sweep_detector INFO: OrderBlocks: 1 detected, 0 unmitigated
19:44:03 core.sweep_detector INFO: FVGs: 6 detected, 1 unfilled
19:44:04 core.sweep_detector INFO: SweepDetector v2: 0 raw â†’ 0 confirmed (volâ‰Ą2.5Ă— bodyâ‰Ą30%)
19:44:04 core.sweep_detector INFO: OrderBlocks: 3 detected, 0 unmitigated
19:44:04 core.sweep_detector INFO: FVGs: 5 detected, 0 unfilled
19:44:06 core.sweep_detector INFO: SweepDetector v2: 2 raw â†’ 2 confirmed (volâ‰Ą2.5Ă— bodyâ‰Ą30%)
19:44:06 core.sweep_detector INFO: OrderBlocks: 7 detected, 3 unmitigated
19:44:06 core.sweep_detector INFO: FVGs: 9 detected, 2 unfilled
19:44:08 core.sweep_detector INFO: SweepDetector v2: 1 raw â†’ 1 confirmed (volâ‰Ą2.5Ă— bodyâ‰Ą30%)
19:44:08 core.sweep_detector INFO: OrderBlocks: 4 detected, 1 unmitigated
19:44:08 core.sweep_detector INFO: FVGs: 6 detected, 1 unfilled
19:44:09 core.sweep_detector INFO: SweepDetector v2: 1 raw â†’ 1 confirmed (volâ‰Ą2.5Ă— bodyâ‰Ą30%)
19:44:09 core.sweep_detector INFO: OrderBlocks: 7 detected, 2 unmitigated
19:44:09 core.sweep_detector INFO: FVGs: 8 detected, 2 unfilled
19:44:11 core.sweep_detector INFO: SweepDetector v2: 0 raw â†’ 0 confirmed (volâ‰Ą2.5Ă— bodyâ‰Ą30%)
19:44:11 core.sweep_detector INFO: OrderBlocks: 1 detected, 0 unmitigated
19:44:11 core.sweep_detector INFO: FVGs: 0 detected, 0 unfilled
19:44:13 core.sweep_detector INFO: SweepDetector v2: 0 raw â†’ 0 confirmed (volâ‰Ą2.5Ă— bodyâ‰Ą30%)
19:44:13 core.sweep_detector INFO: OrderBlocks: 0 detected, 0 unmitigated
19:44:13 core.sweep_detector INFO: FVGs: 0 detected, 0 unfilled
19:44:14 core.sweep_detector INFO: SweepDetector v2: 0 raw â†’ 0 confirmed (volâ‰Ą2.5Ă— bodyâ‰Ą30%)
19:44:14 core.sweep_detector INFO: OrderBlocks: 0 detected, 0 unmitigated
19:44:14 core.sweep_detector INFO: FVGs: 0 detected, 0 unfilled
19:44:16 core.sweep_detector INFO: SweepDetector v2: 2 raw â†’ 2 confirmed (volâ‰Ą2.5Ă— bodyâ‰Ą30%)
19:44:16 core.sweep_detector INFO: OrderBlocks: 5 detected, 2 unmitigated
19:44:16 core.sweep_detector INFO: FVGs: 6 detected, 1 unfilled
19:44:17 core.sweep_detector INFO: SweepDetector v2: 3 raw â†’ 3 confirmed (volâ‰Ą2.5Ă— bodyâ‰Ą30%)
19:44:17 core.sweep_detector INFO: OrderBlocks: 4 detected, 0 unmitigated
19:44:17 core.sweep_detector INFO: FVGs: 9 detected, 0 unfilled
19:44:19 core.sweep_detector INFO: SweepDetector v2: 1 raw â†’ 1 confirmed (volâ‰Ą2.5Ă— bodyâ‰Ą30%)
19:44:19 core.sweep_detector INFO: OrderBlocks: 6 detected, 1 unmitigated
19:44:19 core.sweep_detector INFO: FVGs: 7 detected, 1 unfilled
19:44:21 core.sweep_detector INFO: SweepDetector v2: 2 raw â†’ 1 confirmed (volâ‰Ą2.5Ă— bodyâ‰Ą30%)
19:44:21 core.sweep_detector INFO: OrderBlocks: 6 detected, 1 unmitigated
19:44:21 core.sweep_detector INFO: FVGs: 11 detected, 1 unfilled
19:44:22 core.sweep_detector INFO: SweepDetector v2: 1 raw â†’ 0 confirmed (volâ‰Ą2.5Ă— bodyâ‰Ą30%)
19:44:22 core.sweep_detector INFO: OrderBlocks: 0 detected, 0 unmitigated
19:44:22 core.sweep_detector INFO: FVGs: 5 detected, 3 unfilled
19:44:24 core.sweep_detector INFO: SweepDetector v2: 1 raw â†’ 0 confirmed (volâ‰Ą2.5Ă— bodyâ‰Ą30%)
19:44:24 core.sweep_detector INFO: OrderBlocks: 4 detected, 0 unmitigated
19:44:24 core.sweep_detector INFO: FVGs: 5 detected, 1 unfilled
19:44:25 core.sweep_detector INFO: SweepDetector v2: 0 raw â†’ 0 confirmed (volâ‰Ą2.5Ă— bodyâ‰Ą30%)
19:44:25 core.sweep_detector INFO: OrderBlocks: 4 detected, 2 unmitigated
19:44:25 core.sweep_detector INFO: FVGs: 10 detected, 7 unfilled
19:44:28 core.sweep_detector INFO: SweepDetector v2: 0 raw â†’ 0 confirmed (volâ‰Ą2.5Ă— bodyâ‰Ą30%)
19:44:28 core.sweep_detector INFO: OrderBlocks: 2 detected, 0 unmitigated
19:44:28 core.sweep_detector INFO: FVGs: 5 detected, 1 unfilled
19:44:30 core.sweep_detector INFO: SweepDetector v2: 1 raw â†’ 1 confirmed (volâ‰Ą2.5Ă— bodyâ‰Ą30%)
19:44:30 core.sweep_detector INFO: OrderBlocks: 5 detected, 1 unmitigated
19:44:30 core.sweep_detector INFO: FVGs: 2 detected, 0 unfilled
19:44:32 core.sweep_detector INFO: SweepDetector v2: 5 raw â†’ 3 confirmed (volâ‰Ą2.5Ă— bodyâ‰Ą30%)
19:44:32 core.sweep_detector INFO: OrderBlocks: 8 detected, 2 unmitigated
19:44:32 core.sweep_detector INFO: FVGs: 9 detected, 2 unfilled
19:44:34 core.sweep_detector INFO: SweepDetector v2: 2 raw â†’ 2 confirmed (volâ‰Ą2.5Ă— bodyâ‰Ą30%)
19:44:34 core.sweep_detector INFO: OrderBlocks: 6 detected, 4 unmitigated
19:44:34 core.sweep_detector INFO: FVGs: 15 detected, 4 unfilled
19:44:35 core.sweep_detector INFO: SweepDetector v2: 1 raw â†’ 1 confirmed (volâ‰Ą2.5Ă— bodyâ‰Ą30%)
19:44:35 core.sweep_detector INFO: OrderBlocks: 5 detected, 3 unmitigated
19:44:35 core.sweep_detector INFO: FVGs: 12 detected, 10 unfilled
19:44:37 core.sweep_detector INFO: SweepDetector v2: 0 raw â†’ 0 confirmed (volâ‰Ą2.5Ă— bodyâ‰Ą30%)
19:44:37 core.sweep_detector INFO: OrderBlocks: 5 detected, 1 unmitigated
19:44:37 core.sweep_detector INFO: FVGs: 8 detected, 3 unfilled
19:44:39 core.sweep_detector INFO: SweepDetector v2: 2 raw â†’ 2 confirmed (volâ‰Ą2.5Ă— bodyâ‰Ą30%)
19:44:39 core.sweep_detector INFO: OrderBlocks: 3 detected, 2 unmitigated
19:44:39 core.sweep_detector INFO: FVGs: 4 detected, 1 unfilled
19:44:41 core.sweep_detector INFO: SweepDetector v2: 0 raw â†’ 0 confirmed (volâ‰Ą2.5Ă— bodyâ‰Ą30%)
19:44:41 core.sweep_detector INFO: OrderBlocks: 0 detected, 0 unmitigated
19:44:41 core.sweep_detector INFO: FVGs: 0 detected, 0 unfilled
19:44:42 core.sweep_detector INFO: SweepDetector v2: 1 raw â†’ 1 confirmed (volâ‰Ą2.5Ă— bodyâ‰Ą30%)
19:44:42 core.sweep_detector INFO: OrderBlocks: 3 detected, 2 unmitigated
19:44:42 core.sweep_detector INFO: FVGs: 12 detected, 8 unfilled
19:44:44 core.sweep_detector INFO: SweepDetector v2: 1 raw â†’ 1 confirmed (volâ‰Ą2.5Ă— bodyâ‰Ą30%)
19:44:44 core.sweep_detector INFO: OrderBlocks: 0 detected, 0 unmitigated
19:44:44 core.sweep_detector INFO: FVGs: 0 detected, 0 unfilled
19:44:46 core.sweep_detector INFO: SweepDetector v2: 3 raw â†’ 3 confirmed (volâ‰Ą2.5Ă— bodyâ‰Ą30%)
19:44:46 core.sweep_detector INFO: OrderBlocks: 5 detected, 0 unmitigated
19:44:46 core.sweep_detector INFO: FVGs: 5 detected, 3 unfilled
19:44:47 core.sweep_detector INFO: SweepDetector v2: 1 raw â†’ 0 confirmed (volâ‰Ą2.5Ă— bodyâ‰Ą30%)
19:44:47 core.sweep_detector INFO: OrderBlocks: 7 detected, 1 unmitigated
19:44:47 core.sweep_detector INFO: FVGs: 8 detected, 3 unfilled
19:44:49 core.sweep_detector INFO: SweepDetector v2: 3 raw â†’ 1 confirmed (volâ‰Ą2.5Ă— bodyâ‰Ą30%)
19:44:49 core.sweep_detector INFO: OrderBlocks: 3 detected, 2 unmitigated
19:44:49 core.sweep_detector INFO: FVGs: 6 detected, 1 unfilled
19:44:50 core.sweep_detector INFO: SweepDetector v2: 0 raw â†’ 0 confirmed (volâ‰Ą2.5Ă— bodyâ‰Ą30%)
19:44:50 core.sweep_detector INFO: OrderBlocks: 7 detected, 0 unmitigated
19:44:50 core.sweep_detector INFO: FVGs: 4 detected, 1 unfilled
19:44:52 core.sweep_detector INFO: SweepDetector v2: 4 raw â†’ 3 confirmed (volâ‰Ą2.5Ă— bodyâ‰Ą30%)
19:44:52 core.sweep_detector INFO: OrderBlocks: 7 detected, 2 unmitigated
19:44:52 core.sweep_detector INFO: FVGs: 10 detected, 2 unfilled
19:44:54 core.sweep_detector INFO: SweepDetector v2: 2 raw â†’ 1 confirmed (volâ‰Ą2.5Ă— bodyâ‰Ą30%)
19:44:54 core.sweep_detector INFO: OrderBlocks: 4 detected, 2 unmitigated
19:44:54 core.sweep_detector INFO: FVGs: 14 detected, 6 unfilled
19:44:55 core.sweep_detector INFO: SweepDetector v2: 2 raw â†’ 1 confirmed (volâ‰Ą2.5Ă— bodyâ‰Ą30%)
19:44:55 core.sweep_detector INFO: OrderBlocks: 5 detected, 2 unmitigated
19:44:55 core.sweep_detector INFO: FVGs: 9 detected, 3 unfilled
19:44:57 core.sweep_detector INFO: SweepDetector v2: 7 raw â†’ 5 confirmed (volâ‰Ą2.5Ă— bodyâ‰Ą30%)
19:44:57 core.sweep_detector INFO: OrderBlocks: 6 detected, 5 unmitigated
19:44:57 core.sweep_detector INFO: FVGs: 14 detected, 8 unfilled
19:44:59 core.sweep_detector INFO: SweepDetector v2: 2 raw â†’ 1 confirmed (volâ‰Ą2.5Ă— bodyâ‰Ą30%)
19:44:59 core.sweep_detector INFO: OrderBlocks: 3 detected, 2 unmitigated
19:44:59 core.sweep_detector INFO: FVGs: 6 detected, 2 unfilled
19:45:01 core.sweep_detector INFO: SweepDetector v2: 3 raw â†’ 3 confirmed (volâ‰Ą2.5Ă— bodyâ‰Ą30%)
19:45:01 core.sweep_detector INFO: OrderBlocks: 2 detected, 1 unmitigated
19:45:01 core.sweep_detector INFO: FVGs: 7 detected, 3 unfilled
19:45:03 core.sweep_detector INFO: SweepDetector v2: 0 raw â†’ 0 confirmed (volâ‰Ą2.5Ă— bodyâ‰Ą30%)
19:45:03 core.sweep_detector INFO: OrderBlocks: 7 detected, 4 unmitigated
19:45:03 core.sweep_detector INFO: FVGs: 13 detected, 6 unfilled
19:45:05 core.sweep_detector INFO: SweepDetector v2: 2 raw â†’ 1 confirmed (volâ‰Ą2.5Ă— bodyâ‰Ą30%)
19:45:05 core.sweep_detector INFO: OrderBlocks: 3 detected, 3 unmitigated
19:45:05 core.sweep_detector INFO: FVGs: 7 detected, 4 unfilled
19:45:06 core.sweep_detector INFO: SweepDetector v2: 1 raw â†’ 0 confirmed (volâ‰Ą2.5Ă— bodyâ‰Ą30%)
19:45:06 core.sweep_detector INFO: OrderBlocks: 9 detected, 3 unmitigated
19:45:06 core.sweep_detector INFO: FVGs: 4 detected, 3 unfilled
19:45:08 core.sweep_detector INFO: SweepDetector v2: 3 raw â†’ 3 confirmed (volâ‰Ą2.5Ă— bodyâ‰Ą30%)
19:45:08 core.sweep_detector INFO: OrderBlocks: 3 detected, 1 unmitigated
19:45:08 core.sweep_detector INFO: FVGs: 4 detected, 1 unfilled
19:45:10 core.sweep_detector INFO: SweepDetector v2: 2 raw â†’ 1 confirmed (volâ‰Ą2.5Ă— bodyâ‰Ą30%)
19:45:10 core.sweep_detector INFO: OrderBlocks: 5 detected, 0 unmitigated
19:45:10 core.sweep_detector INFO: FVGs: 6 detected, 0 unfilled
19:45:11 core.sweep_detector INFO: SweepDetector v2: 1 raw â†’ 1 confirmed (volâ‰Ą2.5Ă— bodyâ‰Ą30%)
19:45:11 core.sweep_detector INFO: OrderBlocks: 6 detected, 2 unmitigated
19:45:11 core.sweep_detector INFO: FVGs: 7 detected, 2 unfilled
19:45:13 core.sweep_detector INFO: SweepDetector v2: 1 raw â†’ 0 confirmed (volâ‰Ą2.5Ă— bodyâ‰Ą30%)
19:45:13 core.sweep_detector INFO: OrderBlocks: 3 detected, 0 unmitigated
19:45:13 core.sweep_detector INFO: FVGs: 12 detected, 5 unfilled
19:45:15 core.sweep_detector INFO: SweepDetector v2: 1 raw â†’ 1 confirmed (volâ‰Ą2.5Ă— bodyâ‰Ą30%)
19:45:15 core.sweep_detector INFO: OrderBlocks: 2 detected, 0 unmitigated
19:45:15 core.sweep_detector INFO: FVGs: 3 detected, 1 unfilled
19:45:17 core.sweep_detector INFO: SweepDetector v2: 1 raw â†’ 1 confirmed (volâ‰Ą2.5Ă— bodyâ‰Ą30%)
19:45:17 core.sweep_detector INFO: OrderBlocks: 1 detected, 0 unmitigated
19:45:17 core.sweep_detector INFO: FVGs: 5 detected, 1 unfilled
19:45:18 core.sweep_detector INFO: SweepDetector v2: 1 raw â†’ 0 confirmed (volâ‰Ą2.5Ă— bodyâ‰Ą30%)
19:45:18 core.sweep_detector INFO: OrderBlocks: 6 detected, 3 unmitigated
19:45:18 core.sweep_detector INFO: FVGs: 10 detected, 6 unfilled
19:45:20 core.sweep_detector INFO: SweepDetector v2: 1 raw â†’ 1 confirmed (volâ‰Ą2.5Ă— bodyâ‰Ą30%)
19:45:20 core.sweep_detector INFO: OrderBlocks: 4 detected, 2 unmitigated
19:45:20 core.sweep_detector INFO: FVGs: 9 detected, 3 unfilled
19:45:22 core.sweep_detector INFO: SweepDetector v2: 2 raw â†’ 1 confirmed (volâ‰Ą2.5Ă— bodyâ‰Ą30%)
19:45:22 core.sweep_detector INFO: OrderBlocks: 5 detected, 0 unmitigated
19:45:22 core.sweep_detector INFO: FVGs: 4 detected, 1 unfilled
19:45:23 core.sweep_detector INFO: SweepDetector v2: 0 raw â†’ 0 confirmed (volâ‰Ą2.5Ă— bodyâ‰Ą30%)
19:45:23 core.sweep_detector INFO: OrderBlocks: 10 detected, 2 unmitigated
19:45:23 core.sweep_detector INFO: FVGs: 11 detected, 2 unfilled
19:45:25 core.sweep_detector INFO: SweepDetector v2: 1 raw â†’ 1 confirmed (volâ‰Ą2.5Ă— bodyâ‰Ą30%)
19:45:25 core.sweep_detector INFO: OrderBlocks: 5 detected, 4 unmitigated
19:45:25 core.sweep_detector INFO: FVGs: 5 detected, 2 unfilled
19:45:27 core.sweep_detector INFO: SweepDetector v2: 0 raw â†’ 0 confirmed (volâ‰Ą2.5Ă— bodyâ‰Ą30%)
19:45:27 core.sweep_detector INFO: OrderBlocks: 2 detected, 0 unmitigated
19:45:27 core.sweep_detector INFO: FVGs: 6 detected, 2 unfilled
19:45:28 core.sweep_detector INFO: SweepDetector v2: 0 raw â†’ 0 confirmed (volâ‰Ą2.5Ă— bodyâ‰Ą30%)
19:45:28 core.sweep_detector INFO: OrderBlocks: 3 detected, 0 unmitigated
19:45:28 core.sweep_detector INFO: FVGs: 0 detected, 0 unfilled
19:45:30 core.sweep_detector INFO: SweepDetector v2: 0 raw â†’ 0 confirmed (volâ‰Ą2.5Ă— bodyâ‰Ą30%)
19:45:30 core.sweep_detector INFO: OrderBlocks: 0 detected, 0 unmitigated
19:45:30 core.sweep_detector INFO: FVGs: 0 detected, 0 unfilled
19:45:32 core.sweep_detector INFO: SweepDetector v2: 0 raw â†’ 0 confirmed (volâ‰Ą2.5Ă— bodyâ‰Ą30%)
19:45:32 core.sweep_detector INFO: OrderBlocks: 0 detected, 0 unmitigated
19:45:32 core.sweep_detector INFO: FVGs: 0 detected, 0 unfilled
19:45:34 core.sweep_detector INFO: SweepDetector v2: 1 raw â†’ 1 confirmed (volâ‰Ą2.5Ă— bodyâ‰Ą30%)
19:45:34 core.sweep_detector INFO: OrderBlocks: 6 detected, 3 unmitigated
19:45:34 core.sweep_detector INFO: FVGs: 8 detected, 4 unfilled
19:45:35 core.sweep_detector INFO: SweepDetector v2: 1 raw â†’ 1 confirmed (volâ‰Ą2.5Ă— bodyâ‰Ą30%)
19:45:35 core.sweep_detector INFO: OrderBlocks: 4 detected, 0 unmitigated
19:45:35 core.sweep_detector INFO: FVGs: 6 detected, 1 unfilled
19:45:37 core.sweep_detector INFO: SweepDetector v2: 1 raw â†’ 1 confirmed (volâ‰Ą2.5Ă— bodyâ‰Ą30%)
19:45:37 core.sweep_detector INFO: OrderBlocks: 3 detected, 1 unmitigated
19:45:37 core.sweep_detector INFO: FVGs: 4 detected, 1 unfilled
19:45:39 core.sweep_detector INFO: SweepDetector v2: 1 raw â†’ 1 confirmed (volâ‰Ą2.5Ă— bodyâ‰Ą30%)
19:45:39 core.sweep_detector INFO: OrderBlocks: 2 detected, 0 unmitigated
19:45:39 core.sweep_detector INFO: FVGs: 0 detected, 0 unfilled
19:45:41 core.sweep_detector INFO: SweepDetector v2: 0 raw â†’ 0 confirmed (volâ‰Ą2.5Ă— bodyâ‰Ą30%)
19:45:41 core.sweep_detector INFO: OrderBlocks: 0 detected, 0 unmitigated
19:45:41 core.sweep_detector INFO: FVGs: 0 detected, 0 unfilled
19:45:42 core.sweep_detector INFO: SweepDetector v2: 0 raw â†’ 0 confirmed (volâ‰Ą2.5Ă— bodyâ‰Ą30%)
19:45:42 core.sweep_detector INFO: OrderBlocks: 0 detected, 0 unmitigated
19:45:42 core.sweep_detector INFO: FVGs: 0 detected, 0 unfilled
19:45:44 core.sweep_detector INFO: SweepDetector v2: 0 raw â†’ 0 confirmed (volâ‰Ą2.5Ă— bodyâ‰Ą30%)
19:45:44 core.sweep_detector INFO: OrderBlocks: 3 detected, 0 unmitigated
19:45:44 core.sweep_detector INFO: FVGs: 0 detected, 0 unfilled
19:45:46 core.sweep_detector INFO: SweepDetector v2: 0 raw â†’ 0 confirmed (volâ‰Ą2.5Ă— bodyâ‰Ą30%)
19:45:46 core.sweep_detector INFO: OrderBlocks: 0 detected, 0 unmitigated
19:45:46 core.sweep_detector INFO: FVGs: 0 detected, 0 unfilled
19:45:47 core.sweep_detector INFO: SweepDetector v2: 0 raw â†’ 0 confirmed (volâ‰Ą2.5Ă— bodyâ‰Ą30%)
19:45:47 core.sweep_detector INFO: OrderBlocks: 0 detected, 0 unmitigated
19:45:47 core.sweep_detector INFO: FVGs: 0 detected, 0 unfilled
19:45:49 core.sweep_detector INFO: SweepDetector v2: 0 raw â†’ 0 confirmed (volâ‰Ą2.5Ă— bodyâ‰Ą30%)
19:45:49 core.sweep_detector INFO: OrderBlocks: 8 detected, 1 unmitigated
19:45:49 core.sweep_detector INFO: FVGs: 6 detected, 3 unfilled
19:45:51 core.sweep_detector INFO: SweepDetector v2: 2 raw â†’ 2 confirmed (volâ‰Ą2.5Ă— bodyâ‰Ą30%)
19:45:51 core.sweep_detector INFO: OrderBlocks: 5 detected, 2 unmitigated
19:45:51 core.sweep_detector INFO: FVGs: 14 detected, 5 unfilled
19:45:53 core.sweep_detector INFO: SweepDetector v2: 2 raw â†’ 2 confirmed (volâ‰Ą2.5Ă— bodyâ‰Ą30%)
19:45:53 core.sweep_detector INFO: OrderBlocks: 4 detected, 2 unmitigated
19:45:53 core.sweep_detector INFO: FVGs: 6 detected, 2 unfilled
19:45:55 core.sweep_detector INFO: SweepDetector v2: 0 raw â†’ 0 confirmed (volâ‰Ą2.5Ă— bodyâ‰Ą30%)
19:45:55 core.sweep_detector INFO: OrderBlocks: 4 detected, 0 unmitigated
19:45:55 core.sweep_detector INFO: FVGs: 9 detected, 4 unfilled
19:45:56 core.sweep_detector INFO: SweepDetector v2: 1 raw â†’ 1 confirmed (volâ‰Ą2.5Ă— bodyâ‰Ą30%)
19:45:56 core.sweep_detector INFO: OrderBlocks: 1 detected, 0 unmitigated
19:45:56 core.sweep_detector INFO: FVGs: 5 detected, 1 unfilled
19:45:58 core.sweep_detector INFO: SweepDetector v2: 0 raw â†’ 0 confirmed (volâ‰Ą2.5Ă— bodyâ‰Ą30%)
19:45:58 core.sweep_detector INFO: OrderBlocks: 4 detected, 1 unmitigated
19:45:58 core.sweep_detector INFO: FVGs: 2 detected, 0 unfilled
19:45:59 core.sweep_detector INFO: SweepDetector v2: 2 raw â†’ 1 confirmed (volâ‰Ą2.5Ă— bodyâ‰Ą30%)
19:45:59 core.sweep_detector INFO: OrderBlocks: 6 detected, 5 unmitigated
19:45:59 core.sweep_detector INFO: FVGs: 12 detected, 6 unfilled
19:46:01 core.sweep_detector INFO: SweepDetector v2: 3 raw â†’ 3 confirmed (volâ‰Ą2.5Ă— bodyâ‰Ą30%)
19:46:01 core.sweep_detector INFO: OrderBlocks: 1 detected, 0 unmitigated
19:46:01 core.sweep_detector INFO: FVGs: 7 detected, 2 unfilled
19:46:03 core.sweep_detector INFO: SweepDetector v2: 0 raw â†’ 0 confirmed (volâ‰Ą2.5Ă— bodyâ‰Ą30%)
19:46:03 core.sweep_detector INFO: OrderBlocks: 9 detected, 0 unmitigated
19:46:03 core.sweep_detector INFO: FVGs: 8 detected, 0 unfilled
19:46:05 core.sweep_detector INFO: SweepDetector v2: 2 raw â†’ 1 confirmed (volâ‰Ą2.5Ă— bodyâ‰Ą30%)
19:46:05 core.sweep_detector INFO: OrderBlocks: 6 detected, 1 unmitigated
19:46:05 core.sweep_detector INFO: FVGs: 5 detected, 2 unfilled
19:46:06 core.sweep_detector INFO: SweepDetector v2: 1 raw â†’ 1 confirmed (volâ‰Ą2.5Ă— bodyâ‰Ą30%)
19:46:06 core.sweep_detector INFO: OrderBlocks: 2 detected, 0 unmitigated
19:46:06 core.sweep_detector INFO: FVGs: 6 detected, 3 unfilled
19:46:09 core.sweep_detector INFO: SweepDetector v2: 3 raw â†’ 2 confirmed (volâ‰Ą2.5Ă— bodyâ‰Ą30%)
19:46:09 core.sweep_detector INFO: OrderBlocks: 2 detected, 0 unmitigated
19:46:09 core.sweep_detector INFO: FVGs: 5 detected, 1 unfilled
19:46:11 core.sweep_detector INFO: SweepDetector v2: 0 raw â†’ 0 confirmed (volâ‰Ą2.5Ă— bodyâ‰Ą30%)
19:46:11 core.sweep_detector INFO: OrderBlocks: 0 detected, 0 unmitigated
19:46:11 core.sweep_detector INFO: FVGs: 3 detected, 2 unfilled
19:46:13 core.sweep_detector INFO: SweepDetector v2: 0 raw â†’ 0 confirmed (volâ‰Ą2.5Ă— bodyâ‰Ą30%)
19:46:13 core.sweep_detector INFO: OrderBlocks: 2 detected, 2 unmitigated
19:46:13 core.sweep_detector INFO: FVGs: 4 detected, 2 unfilled
19:46:14 core.sweep_detector INFO: SweepDetector v2: 0 raw â†’ 0 confirmed (volâ‰Ą2.5Ă— bodyâ‰Ą30%)
19:46:14 core.sweep_detector INFO: OrderBlocks: 7 detected, 4 unmitigated
19:46:14 core.sweep_detector INFO: FVGs: 1 detected, 1 unfilled
19:46:16 core.sweep_detector INFO: SweepDetector v2: 0 raw â†’ 0 confirmed (volâ‰Ą2.5Ă— bodyâ‰Ą30%)
19:46:16 core.sweep_detector INFO: OrderBlocks: 7 detected, 3 unmitigated
19:46:16 core.sweep_detector INFO: FVGs: 10 detected, 5 unfilled
19:46:17 core.sweep_detector INFO: SweepDetector v2: 1 raw â†’ 1 confirmed (volâ‰Ą2.5Ă— bodyâ‰Ą30%)
19:46:17 core.sweep_detector INFO: OrderBlocks: 4 detected, 2 unmitigated
19:46:17 core.sweep_detector INFO: FVGs: 6 detected, 2 unfilled
19:46:19 core.sweep_detector INFO: SweepDetector v2: 0 raw â†’ 0 confirmed (volâ‰Ą2.5Ă— bodyâ‰Ą30%)
19:46:19 core.sweep_detector INFO: OrderBlocks: 10 detected, 3 unmitigated
19:46:19 core.sweep_detector INFO: FVGs: 7 detected, 2 unfilled
19:46:21 core.sweep_detector INFO: SweepDetector v2: 0 raw â†’ 0 confirmed (volâ‰Ą2.5Ă— bodyâ‰Ą30%)
19:46:21 core.sweep_detector INFO: OrderBlocks: 8 detected, 1 unmitigated
19:46:21 core.sweep_detector INFO: FVGs: 10 detected, 4 unfilled
19:46:23 core.sweep_detector INFO: SweepDetector v2: 2 raw â†’ 2 confirmed (volâ‰Ą2.5Ă— bodyâ‰Ą30%)
19:46:23 core.sweep_detector INFO: OrderBlocks: 1 detected, 0 unmitigated
19:46:23 core.sweep_detector INFO: FVGs: 10 detected, 3 unfilled
19:46:25 core.sweep_detector INFO: SweepDetector v2: 1 raw â†’ 1 confirmed (volâ‰Ą2.5Ă— bodyâ‰Ą30%)
19:46:25 core.sweep_detector INFO: OrderBlocks: 2 detected, 0 unmitigated
19:46:25 core.sweep_detector INFO: FVGs: 9 detected, 4 unfilled
19:46:26 core.sweep_detector INFO: SweepDetector v2: 2 raw â†’ 2 confirmed (volâ‰Ą2.5Ă— bodyâ‰Ą30%)
19:46:26 core.sweep_detector INFO: OrderBlocks: 4 detected, 1 unmitigated
19:46:26 core.sweep_detector INFO: FVGs: 8 detected, 2 unfilled
19:46:28 core.sweep_detector INFO: SweepDetector v2: 1 raw â†’ 1 confirmed (volâ‰Ą2.5Ă— bodyâ‰Ą30%)
19:46:28 core.sweep_detector INFO: OrderBlocks: 3 detected, 2 unmitigated
19:46:28 core.sweep_detector INFO: FVGs: 4 detected, 1 unfilled
19:46:30 core.sweep_detector INFO: SweepDetector v2: 0 raw â†’ 0 confirmed (volâ‰Ą2.5Ă— bodyâ‰Ą30%)
19:46:30 core.sweep_detector INFO: OrderBlocks: 6 detected, 3 unmitigated
19:46:30 core.sweep_detector INFO: FVGs: 4 detected, 2 unfilled
19:46:32 core.sweep_detector INFO: SweepDetector v2: 0 raw â†’ 0 confirmed (volâ‰Ą2.5Ă— bodyâ‰Ą30%)
19:46:32 core.sweep_detector INFO: OrderBlocks: 0 detected, 0 unmitigated
19:46:32 core.sweep_detector INFO: FVGs: 0 detected, 0 unfilled
19:46:34 core.sweep_detector INFO: SweepDetector v2: 0 raw â†’ 0 confirmed (volâ‰Ą2.5Ă— bodyâ‰Ą30%)
19:46:34 core.sweep_detector INFO: OrderBlocks: 3 detected, 0 unmitigated
19:46:34 core.sweep_detector INFO: FVGs: 0 detected, 0 unfilled
19:46:36 core.sweep_detector INFO: SweepDetector v2: 0 raw â†’ 0 confirmed (volâ‰Ą2.5Ă— bodyâ‰Ą30%)
19:46:36 core.sweep_detector INFO: OrderBlocks: 0 detected, 0 unmitigated
19:46:36 core.sweep_detector INFO: FVGs: 0 detected, 0 unfilled
19:46:38 core.sweep_detector INFO: SweepDetector v2: 7 raw â†’ 3 confirmed (volâ‰Ą2.5Ă— bodyâ‰Ą30%)
19:46:38 core.sweep_detector INFO: OrderBlocks: 11 detected, 3 unmitigated
19:46:38 core.sweep_detector INFO: FVGs: 10 detected, 2 unfilled
19:46:39 core.sweep_detector INFO: SweepDetector v2: 1 raw â†’ 1 confirmed (volâ‰Ą2.5Ă— bodyâ‰Ą30%)
19:46:39 core.sweep_detector INFO: OrderBlocks: 7 detected, 2 unmitigated
19:46:39 core.sweep_detector INFO: FVGs: 17 detected, 4 unfilled
19:46:41 core.sweep_detector INFO: SweepDetector v2: 3 raw â†’ 2 confirmed (volâ‰Ą2.5Ă— bodyâ‰Ą30%)
19:46:41 core.sweep_detector INFO: OrderBlocks: 9 detected, 2 unmitigated
19:46:41 core.sweep_detector INFO: FVGs: 10 detected, 2 unfilled
19:46:43 core.sweep_detector INFO: SweepDetector v2: 1 raw â†’ 1 confirmed (volâ‰Ą2.5Ă— bodyâ‰Ą30%)
19:46:43 core.sweep_detector INFO: OrderBlocks: 5 detected, 0 unmitigated
19:46:43 core.sweep_detector INFO: FVGs: 6 detected, 1 unfilled
19:46:44 core.sweep_detector INFO: SweepDetector v2: 2 raw â†’ 1 confirmed (volâ‰Ą2.5Ă— bodyâ‰Ą30%)
19:46:44 core.sweep_detector INFO: OrderBlocks: 2 detected, 0 unmitigated
19:46:44 core.sweep_detector INFO: FVGs: 6 detected, 1 unfilled
19:46:46 core.sweep_detector INFO: SweepDetector v2: 0 raw â†’ 0 confirmed (volâ‰Ą2.5Ă— bodyâ‰Ą30%)
19:46:46 core.sweep_detector INFO: OrderBlocks: 6 detected, 0 unmitigated
19:46:46 core.sweep_detector INFO: FVGs: 5 detected, 1 unfilled
19:46:48 core.sweep_detector INFO: SweepDetector v2: 2 raw â†’ 2 confirmed (volâ‰Ą2.5Ă— bodyâ‰Ą30%)
19:46:48 core.sweep_detector INFO: OrderBlocks: 7 detected, 1 unmitigated
19:46:48 core.sweep_detector INFO: FVGs: 7 detected, 3 unfilled
19:46:50 core.sweep_detector INFO: SweepDetector v2: 2 raw â†’ 2 confirmed (volâ‰Ą2.5Ă— bodyâ‰Ą30%)
19:46:50 core.sweep_detector INFO: OrderBlocks: 4 detected, 1 unmitigated
19:46:50 core.sweep_detector INFO: FVGs: 7 detected, 1 unfilled
19:46:52 core.sweep_detector INFO: SweepDetector v2: 2 raw â†’ 2 confirmed (volâ‰Ą2.5Ă— bodyâ‰Ą30%)
19:46:52 core.sweep_detector INFO: OrderBlocks: 1 detected, 0 unmitigated
19:46:52 core.sweep_detector INFO: FVGs: 7 detected, 2 unfilled
19:46:52 __main__ INFO: Checking 1 open trades for exit conditions
/root/.openclaw/workspace/projects/crypto-liquidity-hunter/main.py:555: DeprecationWarning: datetime.datetime.utcnow() is deprecated and scheduled for removal in a future version. Use timezone-aware objects to represent datetimes in UTC: datetime.datetime.now(datetime.UTC).
  scan_end     = datetime.utcnow()

=== SCAN ALL: 80 pairs, 3 timeframes ===
Total signals generated: 0
