16:50:02 __main__ INFO: Volume filter: fetching all tickers in one call...
16:50:04 __main__ INFO: Volume filter: 101/447 pairs pass $2M threshold
/root/.openclaw/workspace/projects/crypto-liquidity-hunter/main.py:292: DeprecationWarning: datetime.datetime.utcnow() is deprecated and scheduled for removal in a future version. Use timezone-aware objects to represent datetimes in UTC: datetime.datetime.now(datetime.UTC).
  scan_start = datetime.utcnow()   # for duration tracking
16:50:05 core.binance_connector INFO: BinanceConnector: connected [LIVE FUTURES MAINNET]
16:50:05 __main__ INFO: Auto-executor: account 'Liquiddbot1' mode=live exec=auto
16:50:06 core.sweep_detector INFO: SweepDetector v2: 0 raw â†’ 0 confirmed (volâ‰Ą2.5Ă— bodyâ‰Ą30%)
16:50:06 core.sweep_detector INFO: OrderBlocks: 10 detected, 5 unmitigated
16:50:06 core.sweep_detector INFO: FVGs: 11 detected, 6 unfilled
16:50:08 core.sweep_detector INFO: SweepDetector v2: 2 raw â†’ 2 confirmed (volâ‰Ą2.5Ă— bodyâ‰Ą30%)
16:50:08 core.sweep_detector INFO: OrderBlocks: 2 detected, 1 unmitigated
16:50:08 core.sweep_detector INFO: FVGs: 10 detected, 1 unfilled
16:50:10 core.sweep_detector INFO: SweepDetector v2: 2 raw â†’ 2 confirmed (volâ‰Ą2.5Ă— bodyâ‰Ą30%)
16:50:10 core.sweep_detector INFO: OrderBlocks: 3 detected, 0 unmitigated
16:50:10 core.sweep_detector INFO: FVGs: 5 detected, 0 unfilled
16:50:12 core.sweep_detector INFO: SweepDetector v2: 1 raw â†’ 1 confirmed (volâ‰Ą2.5Ă— bodyâ‰Ą30%)
16:50:12 core.sweep_detector INFO: OrderBlocks: 8 detected, 2 unmitigated
16:50:12 core.sweep_detector INFO: FVGs: 10 detected, 4 unfilled
16:50:13 core.sweep_detector INFO: SweepDetector v2: 2 raw â†’ 1 confirmed (volâ‰Ą2.5Ă— bodyâ‰Ą30%)
16:50:13 core.sweep_detector INFO: OrderBlocks: 3 detected, 1 unmitigated
16:50:13 core.sweep_detector INFO: FVGs: 6 detected, 1 unfilled
16:50:15 core.sweep_detector INFO: SweepDetector v2: 2 raw â†’ 2 confirmed (volâ‰Ą2.5Ă— bodyâ‰Ą30%)
16:50:15 core.sweep_detector INFO: OrderBlocks: 5 detected, 1 unmitigated
16:50:15 core.sweep_detector INFO: FVGs: 5 detected, 1 unfilled
16:50:17 core.sweep_detector INFO: SweepDetector v2: 5 raw â†’ 5 confirmed (volâ‰Ą2.5Ă— bodyâ‰Ą30%)
16:50:17 core.sweep_detector INFO: OrderBlocks: 5 detected, 0 unmitigated
16:50:17 core.sweep_detector INFO: FVGs: 10 detected, 1 unfilled
16:50:19 core.sweep_detector INFO: SweepDetector v2: 3 raw â†’ 3 confirmed (volâ‰Ą2.5Ă— bodyâ‰Ą30%)
16:50:19 core.sweep_detector INFO: OrderBlocks: 4 detected, 1 unmitigated
16:50:19 core.sweep_detector INFO: FVGs: 9 detected, 1 unfilled
16:50:20 core.sweep_detector INFO: SweepDetector v2: 1 raw â†’ 1 confirmed (volâ‰Ą2.5Ă— bodyâ‰Ą30%)
16:50:20 core.sweep_detector INFO: OrderBlocks: 5 detected, 2 unmitigated
16:50:20 core.sweep_detector INFO: FVGs: 6 detected, 4 unfilled
16:50:22 core.sweep_detector INFO: SweepDetector v2: 3 raw â†’ 2 confirmed (volâ‰Ą2.5Ă— bodyâ‰Ą30%)
16:50:22 core.sweep_detector INFO: OrderBlocks: 7 detected, 0 unmitigated
16:50:22 core.sweep_detector INFO: FVGs: 10 detected, 0 unfilled
16:50:24 core.sweep_detector INFO: SweepDetector v2: 1 raw â†’ 0 confirmed (volâ‰Ą2.5Ă— bodyâ‰Ą30%)
16:50:24 core.sweep_detector INFO: OrderBlocks: 3 detected, 1 unmitigated
16:50:24 core.sweep_detector INFO: FVGs: 10 detected, 2 unfilled
16:50:25 core.sweep_detector INFO: SweepDetector v2: 0 raw â†’ 0 confirmed (volâ‰Ą2.5Ă— bodyâ‰Ą30%)
16:50:25 core.sweep_detector INFO: OrderBlocks: 3 detected, 1 unmitigated
16:50:25 core.sweep_detector INFO: FVGs: 7 detected, 1 unfilled
16:50:28 core.sweep_detector INFO: SweepDetector v2: 2 raw â†’ 1 confirmed (volâ‰Ą2.5Ă— bodyâ‰Ą30%)
16:50:28 core.sweep_detector INFO: OrderBlocks: 7 detected, 2 unmitigated
16:50:28 core.sweep_detector INFO: FVGs: 8 detected, 3 unfilled
16:50:29 core.sweep_detector INFO: SweepDetector v2: 1 raw â†’ 1 confirmed (volâ‰Ą2.5Ă— bodyâ‰Ą30%)
16:50:29 core.sweep_detector INFO: OrderBlocks: 3 detected, 0 unmitigated
16:50:29 core.sweep_detector INFO: FVGs: 10 detected, 1 unfilled
16:50:31 core.sweep_detector INFO: SweepDetector v2: 1 raw â†’ 1 confirmed (volâ‰Ą2.5Ă— bodyâ‰Ą30%)
16:50:31 core.sweep_detector INFO: OrderBlocks: 4 detected, 2 unmitigated
16:50:31 core.sweep_detector INFO: FVGs: 8 detected, 3 unfilled
16:50:33 core.sweep_detector INFO: SweepDetector v2: 2 raw â†’ 1 confirmed (volâ‰Ą2.5Ă— bodyâ‰Ą30%)
16:50:33 core.sweep_detector INFO: OrderBlocks: 5 detected, 1 unmitigated
16:50:33 core.sweep_detector INFO: FVGs: 10 detected, 3 unfilled
16:50:35 core.sweep_detector INFO: SweepDetector v2: 1 raw â†’ 1 confirmed (volâ‰Ą2.5Ă— bodyâ‰Ą30%)
16:50:35 core.sweep_detector INFO: OrderBlocks: 6 detected, 2 unmitigated
16:50:35 core.sweep_detector INFO: FVGs: 10 detected, 3 unfilled
16:50:36 core.sweep_detector INFO: SweepDetector v2: 3 raw â†’ 3 confirmed (volâ‰Ą2.5Ă— bodyâ‰Ą30%)
16:50:36 core.sweep_detector INFO: OrderBlocks: 2 detected, 1 unmitigated
16:50:36 core.sweep_detector INFO: FVGs: 6 detected, 2 unfilled
16:50:38 core.sweep_detector INFO: SweepDetector v2: 5 raw â†’ 5 confirmed (volâ‰Ą2.5Ă— bodyâ‰Ą30%)
16:50:38 core.sweep_detector INFO: OrderBlocks: 1 detected, 0 unmitigated
16:50:38 core.sweep_detector INFO: FVGs: 4 detected, 2 unfilled
16:50:39 core.sweep_detector INFO: SweepDetector v2: 2 raw â†’ 2 confirmed (volâ‰Ą2.5Ă— bodyâ‰Ą30%)
16:50:39 core.sweep_detector INFO: OrderBlocks: 4 detected, 2 unmitigated
16:50:39 core.sweep_detector INFO: FVGs: 3 detected, 2 unfilled
16:50:41 core.sweep_detector INFO: SweepDetector v2: 2 raw â†’ 2 confirmed (volâ‰Ą2.5Ă— bodyâ‰Ą30%)
16:50:41 core.sweep_detector INFO: OrderBlocks: 3 detected, 1 unmitigated
16:50:41 core.sweep_detector INFO: FVGs: 5 detected, 2 unfilled
16:50:43 core.sweep_detector INFO: SweepDetector v2: 2 raw â†’ 1 confirmed (volâ‰Ą2.5Ă— bodyâ‰Ą30%)
16:50:43 core.sweep_detector INFO: OrderBlocks: 7 detected, 3 unmitigated
16:50:43 core.sweep_detector INFO: FVGs: 9 detected, 4 unfilled
16:50:44 core.sweep_detector INFO: SweepDetector v2: 1 raw â†’ 0 confirmed (volâ‰Ą2.5Ă— bodyâ‰Ą30%)
16:50:44 core.sweep_detector INFO: OrderBlocks: 2 detected, 1 unmitigated
16:50:44 core.sweep_detector INFO: FVGs: 2 detected, 0 unfilled
16:50:46 core.sweep_detector INFO: SweepDetector v2: 2 raw â†’ 2 confirmed (volâ‰Ą2.5Ă— bodyâ‰Ą30%)
16:50:46 core.sweep_detector INFO: OrderBlocks: 9 detected, 3 unmitigated
16:50:46 core.sweep_detector INFO: FVGs: 7 detected, 2 unfilled
16:50:48 core.sweep_detector INFO: SweepDetector v2: 2 raw â†’ 2 confirmed (volâ‰Ą2.5Ă— bodyâ‰Ą30%)
16:50:48 core.sweep_detector INFO: OrderBlocks: 4 detected, 2 unmitigated
16:50:48 core.sweep_detector INFO: FVGs: 12 detected, 6 unfilled
16:50:50 core.sweep_detector INFO: SweepDetector v2: 1 raw â†’ 1 confirmed (volâ‰Ą2.5Ă— bodyâ‰Ą30%)
16:50:50 core.sweep_detector INFO: OrderBlocks: 4 detected, 2 unmitigated
16:50:50 core.sweep_detector INFO: FVGs: 8 detected, 3 unfilled
16:50:52 core.sweep_detector INFO: SweepDetector v2: 2 raw â†’ 2 confirmed (volâ‰Ą2.5Ă— bodyâ‰Ą30%)
16:50:52 core.sweep_detector INFO: OrderBlocks: 2 detected, 1 unmitigated
16:50:52 core.sweep_detector INFO: FVGs: 8 detected, 1 unfilled
16:50:55 core.sweep_detector INFO: SweepDetector v2: 2 raw â†’ 2 confirmed (volâ‰Ą2.5Ă— bodyâ‰Ą30%)
16:50:55 core.sweep_detector INFO: OrderBlocks: 5 detected, 0 unmitigated
16:50:55 core.sweep_detector INFO: FVGs: 4 detected, 0 unfilled
16:50:56 core.sweep_detector INFO: SweepDetector v2: 1 raw â†’ 1 confirmed (volâ‰Ą2.5Ă— bodyâ‰Ą30%)
16:50:56 core.sweep_detector INFO: OrderBlocks: 4 detected, 0 unmitigated
16:50:56 core.sweep_detector INFO: FVGs: 11 detected, 1 unfilled
16:50:59 core.sweep_detector INFO: SweepDetector v2: 1 raw â†’ 0 confirmed (volâ‰Ą2.5Ă— bodyâ‰Ą30%)
16:50:59 core.sweep_detector INFO: OrderBlocks: 1 detected, 0 unmitigated
16:50:59 core.sweep_detector INFO: FVGs: 5 detected, 0 unfilled
16:51:01 core.sweep_detector INFO: SweepDetector v2: 1 raw â†’ 1 confirmed (volâ‰Ą2.5Ă— bodyâ‰Ą30%)
16:51:01 core.sweep_detector INFO: OrderBlocks: 5 detected, 1 unmitigated
16:51:01 core.sweep_detector INFO: FVGs: 8 detected, 1 unfilled
16:51:03 core.sweep_detector INFO: SweepDetector v2: 0 raw â†’ 0 confirmed (volâ‰Ą2.5Ă— bodyâ‰Ą30%)
16:51:03 core.sweep_detector INFO: OrderBlocks: 4 detected, 2 unmitigated
16:51:03 core.sweep_detector INFO: FVGs: 8 detected, 2 unfilled
16:51:05 core.sweep_detector INFO: SweepDetector v2: 0 raw â†’ 0 confirmed (volâ‰Ą2.5Ă— bodyâ‰Ą30%)
16:51:05 core.sweep_detector INFO: OrderBlocks: 8 detected, 4 unmitigated
16:51:05 core.sweep_detector INFO: FVGs: 11 detected, 4 unfilled
16:51:07 core.sweep_detector INFO: SweepDetector v2: 4 raw â†’ 4 confirmed (volâ‰Ą2.5Ă— bodyâ‰Ą30%)
16:51:07 core.sweep_detector INFO: OrderBlocks: 2 detected, 2 unmitigated
16:51:07 core.sweep_detector INFO: FVGs: 12 detected, 3 unfilled
16:51:09 core.sweep_detector INFO: SweepDetector v2: 1 raw â†’ 1 confirmed (volâ‰Ą2.5Ă— bodyâ‰Ą30%)
16:51:09 core.sweep_detector INFO: OrderBlocks: 6 detected, 1 unmitigated
16:51:09 core.sweep_detector INFO: FVGs: 11 detected, 0 unfilled
16:51:10 core.sweep_detector INFO: SweepDetector v2: 2 raw â†’ 1 confirmed (volâ‰Ą2.5Ă— bodyâ‰Ą30%)
16:51:10 core.sweep_detector INFO: OrderBlocks: 2 detected, 0 unmitigated
16:51:10 core.sweep_detector INFO: FVGs: 5 detected, 0 unfilled
16:51:12 core.sweep_detector INFO: SweepDetector v2: 0 raw â†’ 0 confirmed (volâ‰Ą2.5Ă— bodyâ‰Ą30%)
16:51:12 core.sweep_detector INFO: OrderBlocks: 4 detected, 2 unmitigated
16:51:12 core.sweep_detector INFO: FVGs: 7 detected, 2 unfilled
16:51:14 core.sweep_detector INFO: SweepDetector v2: 3 raw â†’ 3 confirmed (volâ‰Ą2.5Ă— bodyâ‰Ą30%)
16:51:14 core.sweep_detector INFO: OrderBlocks: 2 detected, 2 unmitigated
16:51:14 core.sweep_detector INFO: FVGs: 6 detected, 3 unfilled
16:51:15 core.sweep_detector INFO: SweepDetector v2: 2 raw â†’ 2 confirmed (volâ‰Ą2.5Ă— bodyâ‰Ą30%)
16:51:15 core.sweep_detector INFO: OrderBlocks: 5 detected, 3 unmitigated
16:51:15 core.sweep_detector INFO: FVGs: 6 detected, 3 unfilled
16:51:17 core.sweep_detector INFO: SweepDetector v2: 0 raw â†’ 0 confirmed (volâ‰Ą2.5Ă— bodyâ‰Ą30%)
16:51:17 core.sweep_detector INFO: OrderBlocks: 0 detected, 0 unmitigated
16:51:17 core.sweep_detector INFO: FVGs: 0 detected, 0 unfilled
16:51:18 core.sweep_detector INFO: SweepDetector v2: 0 raw â†’ 0 confirmed (volâ‰Ą2.5Ă— bodyâ‰Ą30%)
16:51:18 core.sweep_detector INFO: OrderBlocks: 0 detected, 0 unmitigated
16:51:18 core.sweep_detector INFO: FVGs: 0 detected, 0 unfilled
16:51:20 core.sweep_detector INFO: SweepDetector v2: 0 raw â†’ 0 confirmed (volâ‰Ą2.5Ă— bodyâ‰Ą30%)
16:51:20 core.sweep_detector INFO: OrderBlocks: 0 detected, 0 unmitigated
16:51:20 core.sweep_detector INFO: FVGs: 0 detected, 0 unfilled
16:51:22 core.sweep_detector INFO: SweepDetector v2: 1 raw â†’ 1 confirmed (volâ‰Ą2.5Ă— bodyâ‰Ą30%)
16:51:22 core.sweep_detector INFO: OrderBlocks: 8 detected, 6 unmitigated
16:51:22 core.sweep_detector INFO: FVGs: 10 detected, 5 unfilled
16:51:23 core.sweep_detector INFO: SweepDetector v2: 1 raw â†’ 1 confirmed (volâ‰Ą2.5Ă— bodyâ‰Ą30%)
16:51:23 core.sweep_detector INFO: OrderBlocks: 4 detected, 1 unmitigated
16:51:23 core.sweep_detector INFO: FVGs: 4 detected, 1 unfilled
16:51:25 core.sweep_detector INFO: SweepDetector v2: 1 raw â†’ 1 confirmed (volâ‰Ą2.5Ă— bodyâ‰Ą30%)
16:51:25 core.sweep_detector INFO: OrderBlocks: 4 detected, 0 unmitigated
16:51:25 core.sweep_detector INFO: FVGs: 6 detected, 1 unfilled
16:51:27 core.sweep_detector INFO: SweepDetector v2: 1 raw â†’ 1 confirmed (volâ‰Ą2.5Ă— bodyâ‰Ą30%)
16:51:27 core.sweep_detector INFO: OrderBlocks: 7 detected, 2 unmitigated
16:51:27 core.sweep_detector INFO: FVGs: 7 detected, 3 unfilled
16:51:28 core.sweep_detector INFO: SweepDetector v2: 1 raw â†’ 1 confirmed (volâ‰Ą2.5Ă— bodyâ‰Ą30%)
16:51:28 core.sweep_detector INFO: OrderBlocks: 1 detected, 1 unmitigated
16:51:28 core.sweep_detector INFO: FVGs: 9 detected, 1 unfilled
16:51:30 core.sweep_detector INFO: SweepDetector v2: 1 raw â†’ 1 confirmed (volâ‰Ą2.5Ă— bodyâ‰Ą30%)
16:51:30 core.sweep_detector INFO: OrderBlocks: 3 detected, 0 unmitigated
16:51:30 core.sweep_detector INFO: FVGs: 5 detected, 0 unfilled
16:51:32 core.sweep_detector INFO: SweepDetector v2: 0 raw â†’ 0 confirmed (volâ‰Ą2.5Ă— bodyâ‰Ą30%)
16:51:32 core.sweep_detector INFO: OrderBlocks: 6 detected, 4 unmitigated
16:51:32 core.sweep_detector INFO: FVGs: 7 detected, 3 unfilled
16:51:34 core.sweep_detector INFO: SweepDetector v2: 2 raw â†’ 1 confirmed (volâ‰Ą2.5Ă— bodyâ‰Ą30%)
16:51:34 core.sweep_detector INFO: OrderBlocks: 4 detected, 1 unmitigated
16:51:34 core.sweep_detector INFO: FVGs: 9 detected, 1 unfilled
16:51:36 core.sweep_detector INFO: SweepDetector v2: 1 raw â†’ 1 confirmed (volâ‰Ą2.5Ă— bodyâ‰Ą30%)
16:51:36 core.sweep_detector INFO: OrderBlocks: 3 detected, 0 unmitigated
16:51:36 core.sweep_detector INFO: FVGs: 4 detected, 1 unfilled
16:51:37 core.sweep_detector INFO: SweepDetector v2: 7 raw â†’ 5 confirmed (volâ‰Ą2.5Ă— bodyâ‰Ą30%)
16:51:37 core.sweep_detector INFO: OrderBlocks: 4 detected, 2 unmitigated
16:51:37 core.sweep_detector INFO: FVGs: 9 detected, 4 unfilled
16:51:39 core.sweep_detector INFO: SweepDetector v2: 3 raw â†’ 1 confirmed (volâ‰Ą2.5Ă— bodyâ‰Ą30%)
16:51:39 core.sweep_detector INFO: OrderBlocks: 5 detected, 2 unmitigated
16:51:39 core.sweep_detector INFO: FVGs: 10 detected, 2 unfilled
16:51:41 core.sweep_detector INFO: SweepDetector v2: 0 raw â†’ 0 confirmed (volâ‰Ą2.5Ă— bodyâ‰Ą30%)
16:51:41 core.sweep_detector INFO: OrderBlocks: 4 detected, 3 unmitigated
16:51:41 core.sweep_detector INFO: FVGs: 12 detected, 5 unfilled
16:51:43 core.sweep_detector INFO: SweepDetector v2: 1 raw â†’ 1 confirmed (volâ‰Ą2.5Ă— bodyâ‰Ą30%)
16:51:43 core.sweep_detector INFO: OrderBlocks: 7 detected, 3 unmitigated
16:51:43 core.sweep_detector INFO: FVGs: 12 detected, 3 unfilled
16:51:45 core.sweep_detector INFO: SweepDetector v2: 2 raw â†’ 1 confirmed (volâ‰Ą2.5Ă— bodyâ‰Ą30%)
16:51:45 core.sweep_detector INFO: OrderBlocks: 8 detected, 0 unmitigated
16:51:45 core.sweep_detector INFO: FVGs: 6 detected, 2 unfilled
16:51:47 core.sweep_detector INFO: SweepDetector v2: 2 raw â†’ 2 confirmed (volâ‰Ą2.5Ă— bodyâ‰Ą30%)
16:51:47 core.sweep_detector INFO: OrderBlocks: 3 detected, 0 unmitigated
16:51:47 core.sweep_detector INFO: FVGs: 2 detected, 0 unfilled
16:51:49 core.sweep_detector INFO: SweepDetector v2: 5 raw â†’ 4 confirmed (volâ‰Ą2.5Ă— bodyâ‰Ą30%)
16:51:49 core.sweep_detector INFO: OrderBlocks: 8 detected, 1 unmitigated
16:51:49 core.sweep_detector INFO: FVGs: 12 detected, 4 unfilled
16:51:50 core.sweep_detector INFO: SweepDetector v2: 1 raw â†’ 0 confirmed (volâ‰Ą2.5Ă— bodyâ‰Ą30%)
16:51:50 core.sweep_detector INFO: OrderBlocks: 6 detected, 1 unmitigated
16:51:50 core.sweep_detector INFO: FVGs: 19 detected, 4 unfilled
16:51:52 core.sweep_detector INFO: SweepDetector v2: 1 raw â†’ 0 confirmed (volâ‰Ą2.5Ă— bodyâ‰Ą30%)
16:51:52 core.sweep_detector INFO: OrderBlocks: 4 detected, 2 unmitigated
16:51:52 core.sweep_detector INFO: FVGs: 13 detected, 9 unfilled
16:51:54 core.sweep_detector INFO: SweepDetector v2: 0 raw â†’ 0 confirmed (volâ‰Ą2.5Ă— bodyâ‰Ą30%)
16:51:54 core.sweep_detector INFO: OrderBlocks: 6 detected, 3 unmitigated
16:51:54 core.sweep_detector INFO: FVGs: 4 detected, 3 unfilled
16:51:56 core.sweep_detector INFO: SweepDetector v2: 1 raw â†’ 1 confirmed (volâ‰Ą2.5Ă— bodyâ‰Ą30%)
16:51:56 core.sweep_detector INFO: OrderBlocks: 6 detected, 2 unmitigated
16:51:56 core.sweep_detector INFO: FVGs: 3 detected, 3 unfilled
16:51:57 core.sweep_detector INFO: SweepDetector v2: 1 raw â†’ 0 confirmed (volâ‰Ą2.5Ă— bodyâ‰Ą30%)
16:51:57 core.sweep_detector INFO: OrderBlocks: 6 detected, 0 unmitigated
16:51:57 core.sweep_detector INFO: FVGs: 8 detected, 1 unfilled
16:51:59 core.sweep_detector INFO: SweepDetector v2: 1 raw â†’ 0 confirmed (volâ‰Ą2.5Ă— bodyâ‰Ą30%)
16:51:59 core.sweep_detector INFO: OrderBlocks: 2 detected, 2 unmitigated
16:51:59 core.sweep_detector INFO: FVGs: 7 detected, 6 unfilled
16:52:01 core.sweep_detector INFO: SweepDetector v2: 1 raw â†’ 0 confirmed (volâ‰Ą2.5Ă— bodyâ‰Ą30%)
16:52:01 core.sweep_detector INFO: OrderBlocks: 4 detected, 3 unmitigated
16:52:01 core.sweep_detector INFO: FVGs: 6 detected, 4 unfilled
16:52:02 core.sweep_detector INFO: SweepDetector v2: 2 raw â†’ 1 confirmed (volâ‰Ą2.5Ă— bodyâ‰Ą30%)
16:52:02 core.sweep_detector INFO: OrderBlocks: 12 detected, 0 unmitigated
16:52:02 core.sweep_detector INFO: FVGs: 7 detected, 0 unfilled
16:52:04 core.sweep_detector INFO: SweepDetector v2: 0 raw â†’ 0 confirmed (volâ‰Ą2.5Ă— bodyâ‰Ą30%)
16:52:04 core.sweep_detector INFO: OrderBlocks: 6 detected, 2 unmitigated
16:52:04 core.sweep_detector INFO: FVGs: 11 detected, 7 unfilled
16:52:05 core.sweep_detector INFO: SweepDetector v2: 3 raw â†’ 2 confirmed (volâ‰Ą2.5Ă— bodyâ‰Ą30%)
16:52:05 core.sweep_detector INFO: OrderBlocks: 6 detected, 1 unmitigated
16:52:05 core.sweep_detector INFO: FVGs: 12 detected, 3 unfilled
16:52:07 core.sweep_detector INFO: SweepDetector v2: 0 raw â†’ 0 confirmed (volâ‰Ą2.5Ă— bodyâ‰Ą30%)
16:52:07 core.sweep_detector INFO: OrderBlocks: 6 detected, 0 unmitigated
16:52:07 core.sweep_detector INFO: FVGs: 7 detected, 2 unfilled
16:52:09 core.sweep_detector INFO: SweepDetector v2: 0 raw â†’ 0 confirmed (volâ‰Ą2.5Ă— bodyâ‰Ą30%)
16:52:09 core.sweep_detector INFO: OrderBlocks: 9 detected, 2 unmitigated
16:52:09 core.sweep_detector INFO: FVGs: 14 detected, 3 unfilled
16:52:11 core.sweep_detector INFO: SweepDetector v2: 3 raw â†’ 2 confirmed (volâ‰Ą2.5Ă— bodyâ‰Ą30%)
16:52:11 core.sweep_detector INFO: OrderBlocks: 3 detected, 2 unmitigated
16:52:11 core.sweep_detector INFO: FVGs: 12 detected, 2 unfilled
16:52:12 core.sweep_detector INFO: SweepDetector v2: 2 raw â†’ 2 confirmed (volâ‰Ą2.5Ă— bodyâ‰Ą30%)
16:52:12 core.sweep_detector INFO: OrderBlocks: 6 detected, 1 unmitigated
16:52:12 core.sweep_detector INFO: FVGs: 5 detected, 2 unfilled
16:52:17 core.sweep_detector INFO: SweepDetector v2: 4 raw â†’ 2 confirmed (volâ‰Ą2.5Ă— bodyâ‰Ą30%)
16:52:17 core.sweep_detector INFO: OrderBlocks: 5 detected, 2 unmitigated
16:52:17 core.sweep_detector INFO: FVGs: 9 detected, 2 unfilled
16:52:19 core.sweep_detector INFO: SweepDetector v2: 5 raw â†’ 4 confirmed (volâ‰Ą2.5Ă— bodyâ‰Ą30%)
16:52:19 core.sweep_detector INFO: OrderBlocks: 6 detected, 2 unmitigated
16:52:19 core.sweep_detector INFO: FVGs: 10 detected, 4 unfilled
16:52:21 core.sweep_detector INFO: SweepDetector v2: 3 raw â†’ 2 confirmed (volâ‰Ą2.5Ă— bodyâ‰Ą30%)
16:52:21 core.sweep_detector INFO: OrderBlocks: 6 detected, 3 unmitigated
16:52:21 core.sweep_detector INFO: FVGs: 12 detected, 7 unfilled
16:52:22 core.sweep_detector INFO: SweepDetector v2: 3 raw â†’ 2 confirmed (volâ‰Ą2.5Ă— bodyâ‰Ą30%)
16:52:22 core.sweep_detector INFO: OrderBlocks: 5 detected, 2 unmitigated
16:52:22 core.sweep_detector INFO: FVGs: 5 detected, 2 unfilled
16:52:24 core.sweep_detector INFO: SweepDetector v2: 2 raw â†’ 1 confirmed (volâ‰Ą2.5Ă— bodyâ‰Ą30%)
16:52:24 core.sweep_detector INFO: OrderBlocks: 3 detected, 0 unmitigated
16:52:24 core.sweep_detector INFO: FVGs: 10 detected, 2 unfilled
16:52:25 core.sweep_detector INFO: SweepDetector v2: 0 raw â†’ 0 confirmed (volâ‰Ą2.5Ă— bodyâ‰Ą30%)
16:52:25 core.sweep_detector INFO: OrderBlocks: 6 detected, 2 unmitigated
16:52:25 core.sweep_detector INFO: FVGs: 4 detected, 1 unfilled
16:52:27 core.sweep_detector INFO: SweepDetector v2: 1 raw â†’ 1 confirmed (volâ‰Ą2.5Ă— bodyâ‰Ą30%)
16:52:27 core.sweep_detector INFO: OrderBlocks: 9 detected, 2 unmitigated
16:52:27 core.sweep_detector INFO: FVGs: 7 detected, 1 unfilled
16:52:29 core.sweep_detector INFO: SweepDetector v2: 0 raw â†’ 0 confirmed (volâ‰Ą2.5Ă— bodyâ‰Ą30%)
16:52:29 core.sweep_detector INFO: OrderBlocks: 8 detected, 2 unmitigated
16:52:29 core.sweep_detector INFO: FVGs: 9 detected, 2 unfilled
16:52:30 core.sweep_detector INFO: SweepDetector v2: 1 raw â†’ 1 confirmed (volâ‰Ą2.5Ă— bodyâ‰Ą30%)
16:52:30 core.sweep_detector INFO: OrderBlocks: 3 detected, 0 unmitigated
16:52:30 core.sweep_detector INFO: FVGs: 9 detected, 2 unfilled
16:52:32 core.sweep_detector INFO: SweepDetector v2: 0 raw â†’ 0 confirmed (volâ‰Ą2.5Ă— bodyâ‰Ą30%)
16:52:32 core.sweep_detector INFO: OrderBlocks: 8 detected, 3 unmitigated
16:52:32 core.sweep_detector INFO: FVGs: 11 detected, 2 unfilled
16:52:34 core.sweep_detector INFO: SweepDetector v2: 4 raw â†’ 3 confirmed (volâ‰Ą2.5Ă— bodyâ‰Ą30%)
16:52:34 core.sweep_detector INFO: OrderBlocks: 2 detected, 1 unmitigated
16:52:34 core.sweep_detector INFO: FVGs: 9 detected, 1 unfilled
16:52:36 core.sweep_detector INFO: SweepDetector v2: 1 raw â†’ 1 confirmed (volâ‰Ą2.5Ă— bodyâ‰Ą30%)
16:52:36 core.sweep_detector INFO: OrderBlocks: 3 detected, 0 unmitigated
16:52:36 core.sweep_detector INFO: FVGs: 3 detected, 0 unfilled
16:52:37 core.sweep_detector INFO: SweepDetector v2: 1 raw â†’ 0 confirmed (volâ‰Ą2.5Ă— bodyâ‰Ą30%)
16:52:37 core.sweep_detector INFO: OrderBlocks: 4 detected, 1 unmitigated
16:52:37 core.sweep_detector INFO: FVGs: 8 detected, 2 unfilled
16:52:39 core.sweep_detector INFO: SweepDetector v2: 3 raw â†’ 3 confirmed (volâ‰Ą2.5Ă— bodyâ‰Ą30%)
16:52:39 core.sweep_detector INFO: OrderBlocks: 4 detected, 0 unmitigated
16:52:39 core.sweep_detector INFO: FVGs: 6 detected, 0 unfilled
16:52:41 core.sweep_detector INFO: SweepDetector v2: 2 raw â†’ 2 confirmed (volâ‰Ą2.5Ă— bodyâ‰Ą30%)
16:52:41 core.sweep_detector INFO: OrderBlocks: 6 detected, 1 unmitigated
16:52:41 core.sweep_detector INFO: FVGs: 9 detected, 1 unfilled
16:52:42 core.sweep_detector INFO: SweepDetector v2: 2 raw â†’ 2 confirmed (volâ‰Ą2.5Ă— bodyâ‰Ą30%)
16:52:42 core.sweep_detector INFO: OrderBlocks: 9 detected, 3 unmitigated
16:52:42 core.sweep_detector INFO: FVGs: 15 detected, 5 unfilled
16:52:44 core.sweep_detector INFO: SweepDetector v2: 2 raw â†’ 2 confirmed (volâ‰Ą2.5Ă— bodyâ‰Ą30%)
16:52:44 core.sweep_detector INFO: OrderBlocks: 8 detected, 2 unmitigated
16:52:44 core.sweep_detector INFO: FVGs: 11 detected, 3 unfilled
16:52:46 core.sweep_detector INFO: SweepDetector v2: 2 raw â†’ 2 confirmed (volâ‰Ą2.5Ă— bodyâ‰Ą30%)
16:52:46 core.sweep_detector INFO: OrderBlocks: 6 detected, 3 unmitigated
16:52:46 core.sweep_detector INFO: FVGs: 10 detected, 2 unfilled
16:52:48 core.sweep_detector INFO: SweepDetector v2: 1 raw â†’ 1 confirmed (volâ‰Ą2.5Ă— bodyâ‰Ą30%)
16:52:48 core.sweep_detector INFO: OrderBlocks: 5 detected, 3 unmitigated
16:52:48 core.sweep_detector INFO: FVGs: 11 detected, 3 unfilled
16:52:49 core.sweep_detector INFO: SweepDetector v2: 4 raw â†’ 3 confirmed (volâ‰Ą2.5Ă— bodyâ‰Ą30%)
16:52:49 core.sweep_detector INFO: OrderBlocks: 3 detected, 0 unmitigated
16:52:49 core.sweep_detector INFO: FVGs: 7 detected, 2 unfilled
16:52:51 core.sweep_detector INFO: SweepDetector v2: 5 raw â†’ 3 confirmed (volâ‰Ą2.5Ă— bodyâ‰Ą30%)
16:52:51 core.sweep_detector INFO: OrderBlocks: 1 detected, 1 unmitigated
16:52:51 core.sweep_detector INFO: FVGs: 6 detected, 1 unfilled
16:52:53 core.sweep_detector INFO: SweepDetector v2: 2 raw â†’ 1 confirmed (volâ‰Ą2.5Ă— bodyâ‰Ą30%)
16:52:53 core.sweep_detector INFO: OrderBlocks: 5 detected, 0 unmitigated
16:52:53 core.sweep_detector INFO: FVGs: 6 detected, 0 unfilled
16:52:54 core.sweep_detector INFO: SweepDetector v2: 1 raw â†’ 0 confirmed (volâ‰Ą2.5Ă— bodyâ‰Ą30%)
16:52:54 core.sweep_detector INFO: OrderBlocks: 4 detected, 2 unmitigated
16:52:54 core.sweep_detector INFO: FVGs: 10 detected, 1 unfilled
16:52:56 core.sweep_detector INFO: SweepDetector v2: 3 raw â†’ 2 confirmed (volâ‰Ą2.5Ă— bodyâ‰Ą30%)
16:52:56 core.sweep_detector INFO: OrderBlocks: 6 detected, 2 unmitigated
16:52:56 core.sweep_detector INFO: FVGs: 8 detected, 2 unfilled
16:52:58 core.sweep_detector INFO: SweepDetector v2: 2 raw â†’ 1 confirmed (volâ‰Ą2.5Ă— bodyâ‰Ą30%)
16:52:58 core.sweep_detector INFO: OrderBlocks: 5 detected, 1 unmitigated
16:52:58 core.sweep_detector INFO: FVGs: 8 detected, 4 unfilled
16:52:59 core.sweep_detector INFO: SweepDetector v2: 2 raw â†’ 2 confirmed (volâ‰Ą2.5Ă— bodyâ‰Ą30%)
16:52:59 core.sweep_detector INFO: OrderBlocks: 2 detected, 1 unmitigated
16:52:59 core.sweep_detector INFO: FVGs: 12 detected, 3 unfilled
16:53:01 core.sweep_detector INFO: SweepDetector v2: 1 raw â†’ 1 confirmed (volâ‰Ą2.5Ă— bodyâ‰Ą30%)
16:53:01 core.sweep_detector INFO: OrderBlocks: 5 detected, 1 unmitigated
16:53:01 core.sweep_detector INFO: FVGs: 11 detected, 2 unfilled
16:53:02 core.sweep_detector INFO: SweepDetector v2: 2 raw â†’ 1 confirmed (volâ‰Ą2.5Ă— bodyâ‰Ą30%)
16:53:02 core.sweep_detector INFO: OrderBlocks: 6 detected, 2 unmitigated
16:53:02 core.sweep_detector INFO: FVGs: 10 detected, 5 unfilled
16:53:04 core.sweep_detector INFO: SweepDetector v2: 3 raw â†’ 1 confirmed (volâ‰Ą2.5Ă— bodyâ‰Ą30%)
16:53:04 core.sweep_detector INFO: OrderBlocks: 4 detected, 1 unmitigated
16:53:04 core.sweep_detector INFO: FVGs: 10 detected, 2 unfilled
16:53:06 core.sweep_detector INFO: SweepDetector v2: 2 raw â†’ 2 confirmed (volâ‰Ą2.5Ă— bodyâ‰Ą30%)
16:53:06 core.sweep_detector INFO: OrderBlocks: 5 detected, 1 unmitigated
16:53:06 core.sweep_detector INFO: FVGs: 4 detected, 1 unfilled
16:53:08 core.sweep_detector INFO: SweepDetector v2: 0 raw â†’ 0 confirmed (volâ‰Ą2.5Ă— bodyâ‰Ą30%)
16:53:08 core.sweep_detector INFO: OrderBlocks: 2 detected, 2 unmitigated
16:53:08 core.sweep_detector INFO: FVGs: 10 detected, 4 unfilled
16:53:10 core.sweep_detector INFO: SweepDetector v2: 2 raw â†’ 2 confirmed (volâ‰Ą2.5Ă— bodyâ‰Ą30%)
16:53:10 core.sweep_detector INFO: OrderBlocks: 3 detected, 0 unmitigated
16:53:10 core.sweep_detector INFO: FVGs: 3 detected, 1 unfilled
16:53:11 core.sweep_detector INFO: SweepDetector v2: 1 raw â†’ 1 confirmed (volâ‰Ą2.5Ă— bodyâ‰Ą30%)
16:53:11 core.sweep_detector INFO: OrderBlocks: 2 detected, 0 unmitigated
16:53:11 core.sweep_detector INFO: FVGs: 11 detected, 1 unfilled
16:53:13 core.sweep_detector INFO: SweepDetector v2: 0 raw â†’ 0 confirmed (volâ‰Ą2.5Ă— bodyâ‰Ą30%)
16:53:13 core.sweep_detector INFO: OrderBlocks: 5 detected, 1 unmitigated
16:53:13 core.sweep_detector INFO: FVGs: 1 detected, 1 unfilled
16:53:15 core.sweep_detector INFO: SweepDetector v2: 0 raw â†’ 0 confirmed (volâ‰Ą2.5Ă— bodyâ‰Ą30%)
16:53:15 core.sweep_detector INFO: OrderBlocks: 4 detected, 1 unmitigated
16:53:15 core.sweep_detector INFO: FVGs: 1 detected, 1 unfilled
16:53:17 core.sweep_detector INFO: SweepDetector v2: 0 raw â†’ 0 confirmed (volâ‰Ą2.5Ă— bodyâ‰Ą30%)
16:53:17 core.sweep_detector INFO: OrderBlocks: 4 detected, 2 unmitigated
16:53:17 core.sweep_detector INFO: FVGs: 0 detected, 0 unfilled
16:53:19 core.sweep_detector INFO: SweepDetector v2: 0 raw â†’ 0 confirmed (volâ‰Ą2.5Ă— bodyâ‰Ą30%)
16:53:19 core.sweep_detector INFO: OrderBlocks: 0 detected, 0 unmitigated
16:53:19 core.sweep_detector INFO: FVGs: 0 detected, 0 unfilled
16:53:20 core.sweep_detector INFO: SweepDetector v2: 0 raw â†’ 0 confirmed (volâ‰Ą2.5Ă— bodyâ‰Ą30%)
16:53:20 core.sweep_detector INFO: OrderBlocks: 0 detected, 0 unmitigated
16:53:20 core.sweep_detector INFO: FVGs: 0 detected, 0 unfilled
16:53:22 core.sweep_detector INFO: SweepDetector v2: 0 raw â†’ 0 confirmed (volâ‰Ą2.5Ă— bodyâ‰Ą30%)
16:53:22 core.sweep_detector INFO: OrderBlocks: 0 detected, 0 unmitigated
16:53:22 core.sweep_detector INFO: FVGs: 0 detected, 0 unfilled
16:53:24 core.sweep_detector INFO: SweepDetector v2: 0 raw â†’ 0 confirmed (volâ‰Ą2.5Ă— bodyâ‰Ą30%)
16:53:24 core.sweep_detector INFO: OrderBlocks: 6 detected, 1 unmitigated
16:53:24 core.sweep_detector INFO: FVGs: 13 detected, 3 unfilled
16:53:25 core.sweep_detector INFO: SweepDetector v2: 1 raw â†’ 1 confirmed (volâ‰Ą2.5Ă— bodyâ‰Ą30%)
16:53:25 core.sweep_detector INFO: OrderBlocks: 4 detected, 1 unmitigated
16:53:25 core.sweep_detector INFO: FVGs: 10 detected, 1 unfilled
16:53:27 core.sweep_detector INFO: SweepDetector v2: 2 raw â†’ 2 confirmed (volâ‰Ą2.5Ă— bodyâ‰Ą30%)
16:53:27 core.sweep_detector INFO: OrderBlocks: 6 detected, 3 unmitigated
16:53:27 core.sweep_detector INFO: FVGs: 7 detected, 3 unfilled
16:53:29 core.sweep_detector INFO: SweepDetector v2: 0 raw â†’ 0 confirmed (volâ‰Ą2.5Ă— bodyâ‰Ą30%)
16:53:29 core.sweep_detector INFO: OrderBlocks: 8 detected, 4 unmitigated
16:53:29 core.sweep_detector INFO: FVGs: 11 detected, 5 unfilled
16:53:31 core.sweep_detector INFO: SweepDetector v2: 2 raw â†’ 1 confirmed (volâ‰Ą2.5Ă— bodyâ‰Ą30%)
16:53:31 core.sweep_detector INFO: OrderBlocks: 4 detected, 0 unmitigated
16:53:31 core.sweep_detector INFO: FVGs: 11 detected, 2 unfilled
16:53:33 core.sweep_detector INFO: SweepDetector v2: 2 raw â†’ 2 confirmed (volâ‰Ą2.5Ă— bodyâ‰Ą30%)
16:53:33 core.sweep_detector INFO: OrderBlocks: 2 detected, 0 unmitigated
16:53:33 core.sweep_detector INFO: FVGs: 7 detected, 0 unfilled
16:53:34 core.sweep_detector INFO: SweepDetector v2: 0 raw â†’ 0 confirmed (volâ‰Ą2.5Ă— bodyâ‰Ą30%)
16:53:34 core.sweep_detector INFO: OrderBlocks: 8 detected, 3 unmitigated
16:53:34 core.sweep_detector INFO: FVGs: 12 detected, 3 unfilled
16:53:36 core.sweep_detector INFO: SweepDetector v2: 1 raw â†’ 1 confirmed (volâ‰Ą2.5Ă— bodyâ‰Ą30%)
16:53:36 core.sweep_detector INFO: OrderBlocks: 6 detected, 0 unmitigated
16:53:36 core.sweep_detector INFO: FVGs: 12 detected, 2 unfilled
16:53:37 core.sweep_detector INFO: SweepDetector v2: 4 raw â†’ 3 confirmed (volâ‰Ą2.5Ă— bodyâ‰Ą30%)
16:53:37 core.sweep_detector INFO: OrderBlocks: 2 detected, 0 unmitigated
16:53:37 core.sweep_detector INFO: FVGs: 8 detected, 1 unfilled
16:53:39 core.sweep_detector INFO: SweepDetector v2: 1 raw â†’ 1 confirmed (volâ‰Ą2.5Ă— bodyâ‰Ą30%)
16:53:39 core.sweep_detector INFO: OrderBlocks: 7 detected, 2 unmitigated
16:53:39 core.sweep_detector INFO: FVGs: 9 detected, 2 unfilled
16:53:40 core.sweep_detector INFO: SweepDetector v2: 1 raw â†’ 1 confirmed (volâ‰Ą2.5Ă— bodyâ‰Ą30%)
16:53:40 core.sweep_detector INFO: OrderBlocks: 3 detected, 0 unmitigated
16:53:40 core.sweep_detector INFO: FVGs: 6 detected, 1 unfilled
16:53:42 core.sweep_detector INFO: SweepDetector v2: 1 raw â†’ 1 confirmed (volâ‰Ą2.5Ă— bodyâ‰Ą30%)
16:53:42 core.sweep_detector INFO: OrderBlocks: 6 detected, 0 unmitigated
16:53:42 core.sweep_detector INFO: FVGs: 8 detected, 0 unfilled
16:53:44 core.sweep_detector INFO: SweepDetector v2: 3 raw â†’ 2 confirmed (volâ‰Ą2.5Ă— bodyâ‰Ą30%)
16:53:44 core.sweep_detector INFO: OrderBlocks: 7 detected, 2 unmitigated
16:53:44 core.sweep_detector INFO: FVGs: 13 detected, 2 unfilled
16:53:45 core.sweep_detector INFO: SweepDetector v2: 2 raw â†’ 0 confirmed (volâ‰Ą2.5Ă— bodyâ‰Ą30%)
16:53:45 core.sweep_detector INFO: OrderBlocks: 7 detected, 2 unmitigated
16:53:45 core.sweep_detector INFO: FVGs: 13 detected, 2 unfilled
16:53:47 core.sweep_detector INFO: SweepDetector v2: 4 raw â†’ 0 confirmed (volâ‰Ą2.5Ă— bodyâ‰Ą30%)
16:53:47 core.sweep_detector INFO: OrderBlocks: 8 detected, 3 unmitigated
16:53:47 core.sweep_detector INFO: FVGs: 10 detected, 5 unfilled
16:53:49 core.sweep_detector INFO: SweepDetector v2: 2 raw â†’ 2 confirmed (volâ‰Ą2.5Ă— bodyâ‰Ą30%)
16:53:49 core.sweep_detector INFO: OrderBlocks: 10 detected, 2 unmitigated
16:53:49 core.sweep_detector INFO: FVGs: 8 detected, 2 unfilled
16:53:51 core.sweep_detector INFO: SweepDetector v2: 1 raw â†’ 1 confirmed (volâ‰Ą2.5Ă— bodyâ‰Ą30%)
16:53:51 core.sweep_detector INFO: OrderBlocks: 1 detected, 0 unmitigated
16:53:51 core.sweep_detector INFO: FVGs: 10 detected, 3 unfilled
16:53:53 core.sweep_detector INFO: SweepDetector v2: 4 raw â†’ 3 confirmed (volâ‰Ą2.5Ă— bodyâ‰Ą30%)
16:53:53 core.sweep_detector INFO: OrderBlocks: 6 detected, 2 unmitigated
16:53:53 core.sweep_detector INFO: FVGs: 9 detected, 1 unfilled
16:53:54 core.sweep_detector INFO: SweepDetector v2: 1 raw â†’ 1 confirmed (volâ‰Ą2.5Ă— bodyâ‰Ą30%)
16:53:54 core.sweep_detector INFO: OrderBlocks: 7 detected, 2 unmitigated
16:53:54 core.sweep_detector INFO: FVGs: 8 detected, 4 unfilled
16:53:56 core.sweep_detector INFO: SweepDetector v2: 2 raw â†’ 2 confirmed (volâ‰Ą2.5Ă— bodyâ‰Ą30%)
16:53:56 core.sweep_detector INFO: OrderBlocks: 3 detected, 1 unmitigated
16:53:56 core.sweep_detector INFO: FVGs: 12 detected, 4 unfilled
16:53:58 core.sweep_detector INFO: SweepDetector v2: 3 raw â†’ 3 confirmed (volâ‰Ą2.5Ă— bodyâ‰Ą30%)
16:53:58 core.sweep_detector INFO: OrderBlocks: 5 detected, 0 unmitigated
16:53:58 core.sweep_detector INFO: FVGs: 5 detected, 0 unfilled
16:54:00 core.sweep_detector INFO: SweepDetector v2: 2 raw â†’ 1 confirmed (volâ‰Ą2.5Ă— bodyâ‰Ą30%)
16:54:00 core.sweep_detector INFO: OrderBlocks: 4 detected, 1 unmitigated
16:54:00 core.sweep_detector INFO: FVGs: 8 detected, 1 unfilled
16:54:02 core.sweep_detector INFO: SweepDetector v2: 0 raw â†’ 0 confirmed (volâ‰Ą2.5Ă— bodyâ‰Ą30%)
16:54:02 core.sweep_detector INFO: OrderBlocks: 7 detected, 1 unmitigated
16:54:02 core.sweep_detector INFO: FVGs: 9 detected, 5 unfilled
16:54:03 core.sweep_detector INFO: SweepDetector v2: 1 raw â†’ 1 confirmed (volâ‰Ą2.5Ă— bodyâ‰Ą30%)
16:54:03 core.sweep_detector INFO: OrderBlocks: 6 detected, 3 unmitigated
16:54:03 core.sweep_detector INFO: FVGs: 11 detected, 6 unfilled
16:54:05 core.sweep_detector INFO: SweepDetector v2: 0 raw â†’ 0 confirmed (volâ‰Ą2.5Ă— bodyâ‰Ą30%)
16:54:05 core.sweep_detector INFO: OrderBlocks: 2 detected, 1 unmitigated
16:54:05 core.sweep_detector INFO: FVGs: 11 detected, 3 unfilled
16:54:07 core.sweep_detector INFO: SweepDetector v2: 0 raw â†’ 0 confirmed (volâ‰Ą2.5Ă— bodyâ‰Ą30%)
16:54:07 core.sweep_detector INFO: OrderBlocks: 2 detected, 0 unmitigated
16:54:07 core.sweep_detector INFO: FVGs: 8 detected, 1 unfilled
16:54:08 core.sweep_detector INFO: SweepDetector v2: 2 raw â†’ 2 confirmed (volâ‰Ą2.5Ă— bodyâ‰Ą30%)
16:54:08 core.sweep_detector INFO: OrderBlocks: 4 detected, 2 unmitigated
16:54:08 core.sweep_detector INFO: FVGs: 7 detected, 4 unfilled
16:54:10 core.sweep_detector INFO: SweepDetector v2: 0 raw â†’ 0 confirmed (volâ‰Ą2.5Ă— bodyâ‰Ą30%)
16:54:10 core.sweep_detector INFO: OrderBlocks: 7 detected, 3 unmitigated
16:54:10 core.sweep_detector INFO: FVGs: 12 detected, 7 unfilled
16:54:11 core.sweep_detector INFO: SweepDetector v2: 1 raw â†’ 1 confirmed (volâ‰Ą2.5Ă— bodyâ‰Ą30%)
16:54:11 core.sweep_detector INFO: OrderBlocks: 5 detected, 2 unmitigated
16:54:11 core.sweep_detector INFO: FVGs: 12 detected, 2 unfilled
16:54:13 core.sweep_detector INFO: SweepDetector v2: 0 raw â†’ 0 confirmed (volâ‰Ą2.5Ă— bodyâ‰Ą30%)
16:54:13 core.sweep_detector INFO: OrderBlocks: 9 detected, 4 unmitigated
16:54:13 core.sweep_detector INFO: FVGs: 13 detected, 6 unfilled
16:54:15 core.sweep_detector INFO: SweepDetector v2: 1 raw â†’ 0 confirmed (volâ‰Ą2.5Ă— bodyâ‰Ą30%)
16:54:15 core.sweep_detector INFO: OrderBlocks: 9 detected, 3 unmitigated
16:54:15 core.sweep_detector INFO: FVGs: 8 detected, 2 unfilled
16:54:17 core.sweep_detector INFO: SweepDetector v2: 2 raw â†’ 1 confirmed (volâ‰Ą2.5Ă— bodyâ‰Ą30%)
16:54:17 core.sweep_detector INFO: OrderBlocks: 1 detected, 0 unmitigated
16:54:17 core.sweep_detector INFO: FVGs: 8 detected, 3 unfilled
16:54:18 core.sweep_detector INFO: SweepDetector v2: 0 raw â†’ 0 confirmed (volâ‰Ą2.5Ă— bodyâ‰Ą30%)
16:54:18 core.sweep_detector INFO: OrderBlocks: 7 detected, 2 unmitigated
16:54:18 core.sweep_detector INFO: FVGs: 4 detected, 2 unfilled
16:54:20 core.sweep_detector INFO: SweepDetector v2: 1 raw â†’ 1 confirmed (volâ‰Ą2.5Ă— bodyâ‰Ą30%)
16:54:20 core.sweep_detector INFO: OrderBlocks: 6 detected, 3 unmitigated
16:54:20 core.sweep_detector INFO: FVGs: 10 detected, 6 unfilled
16:54:22 core.sweep_detector INFO: SweepDetector v2: 3 raw â†’ 1 confirmed (volâ‰Ą2.5Ă— bodyâ‰Ą30%)
16:54:22 core.sweep_detector INFO: OrderBlocks: 4 detected, 2 unmitigated
16:54:22 core.sweep_detector INFO: FVGs: 8 detected, 3 unfilled
16:54:24 core.sweep_detector INFO: SweepDetector v2: 1 raw â†’ 1 confirmed (volâ‰Ą2.5Ă— bodyâ‰Ą30%)
16:54:24 core.sweep_detector INFO: OrderBlocks: 3 detected, 1 unmitigated
16:54:24 core.sweep_detector INFO: FVGs: 3 detected, 1 unfilled
16:54:26 core.sweep_detector INFO: SweepDetector v2: 0 raw â†’ 0 confirmed (volâ‰Ą2.5Ă— bodyâ‰Ą30%)
16:54:26 core.sweep_detector INFO: OrderBlocks: 6 detected, 2 unmitigated
16:54:26 core.sweep_detector INFO: FVGs: 3 detected, 2 unfilled
16:54:27 core.sweep_detector INFO: SweepDetector v2: 2 raw â†’ 2 confirmed (volâ‰Ą2.5Ă— bodyâ‰Ą30%)
16:54:27 core.sweep_detector INFO: OrderBlocks: 6 detected, 0 unmitigated
16:54:27 core.sweep_detector INFO: FVGs: 8 detected, 1 unfilled
16:54:29 core.sweep_detector INFO: SweepDetector v2: 1 raw â†’ 1 confirmed (volâ‰Ą2.5Ă— bodyâ‰Ą30%)
16:54:29 core.sweep_detector INFO: OrderBlocks: 3 detected, 0 unmitigated
16:54:29 core.sweep_detector INFO: FVGs: 6 detected, 0 unfilled
16:54:31 core.sweep_detector INFO: SweepDetector v2: 1 raw â†’ 1 confirmed (volâ‰Ą2.5Ă— bodyâ‰Ą30%)
16:54:31 core.sweep_detector INFO: OrderBlocks: 10 detected, 3 unmitigated
16:54:31 core.sweep_detector INFO: FVGs: 6 detected, 4 unfilled
16:54:32 core.sweep_detector INFO: SweepDetector v2: 3 raw â†’ 2 confirmed (volâ‰Ą2.5Ă— bodyâ‰Ą30%)
16:54:32 core.sweep_detector INFO: OrderBlocks: 4 detected, 1 unmitigated
16:54:32 core.sweep_detector INFO: FVGs: 8 detected, 3 unfilled
16:54:34 core.sweep_detector INFO: SweepDetector v2: 1 raw â†’ 1 confirmed (volâ‰Ą2.5Ă— bodyâ‰Ą30%)
16:54:34 core.sweep_detector INFO: OrderBlocks: 6 detected, 3 unmitigated
16:54:34 core.sweep_detector INFO: FVGs: 8 detected, 4 unfilled
16:54:36 core.sweep_detector INFO: SweepDetector v2: 0 raw â†’ 0 confirmed (volâ‰Ą2.5Ă— bodyâ‰Ą30%)
16:54:36 core.sweep_detector INFO: OrderBlocks: 4 detected, 2 unmitigated
16:54:36 core.sweep_detector INFO: FVGs: 14 detected, 4 unfilled
16:54:38 core.sweep_detector INFO: SweepDetector v2: 1 raw â†’ 1 confirmed (volâ‰Ą2.5Ă— bodyâ‰Ą30%)
16:54:38 core.sweep_detector INFO: OrderBlocks: 7 detected, 2 unmitigated
16:54:38 core.sweep_detector INFO: FVGs: 10 detected, 5 unfilled
16:54:40 core.sweep_detector INFO: SweepDetector v2: 2 raw â†’ 1 confirmed (volâ‰Ą2.5Ă— bodyâ‰Ą30%)
16:54:40 core.sweep_detector INFO: OrderBlocks: 6 detected, 4 unmitigated
16:54:40 core.sweep_detector INFO: FVGs: 12 detected, 7 unfilled
16:54:42 core.sweep_detector INFO: SweepDetector v2: 2 raw â†’ 1 confirmed (volâ‰Ą2.5Ă— bodyâ‰Ą30%)
16:54:42 core.sweep_detector INFO: OrderBlocks: 11 detected, 4 unmitigated
16:54:42 core.sweep_detector INFO: FVGs: 13 detected, 1 unfilled
16:54:44 core.sweep_detector INFO: SweepDetector v2: 3 raw â†’ 1 confirmed (volâ‰Ą2.5Ă— bodyâ‰Ą30%)
16:54:44 core.sweep_detector INFO: OrderBlocks: 3 detected, 0 unmitigated
16:54:44 core.sweep_detector INFO: FVGs: 11 detected, 2 unfilled
16:54:46 core.sweep_detector INFO: SweepDetector v2: 3 raw â†’ 3 confirmed (volâ‰Ą2.5Ă— bodyâ‰Ą30%)
16:54:46 core.sweep_detector INFO: OrderBlocks: 5 detected, 1 unmitigated
16:54:46 core.sweep_detector INFO: FVGs: 6 detected, 1 unfilled
16:54:47 core.sweep_detector INFO: SweepDetector v2: 2 raw â†’ 2 confirmed (volâ‰Ą2.5Ă— bodyâ‰Ą30%)
16:54:47 core.sweep_detector INFO: OrderBlocks: 4 detected, 2 unmitigated
16:54:47 core.sweep_detector INFO: FVGs: 7 detected, 2 unfilled
16:54:49 core.sweep_detector INFO: SweepDetector v2: 0 raw â†’ 0 confirmed (volâ‰Ą2.5Ă— bodyâ‰Ą30%)
16:54:49 core.sweep_detector INFO: OrderBlocks: 2 detected, 1 unmitigated
16:54:49 core.sweep_detector INFO: FVGs: 11 detected, 5 unfilled
16:54:51 core.sweep_detector INFO: SweepDetector v2: 1 raw â†’ 0 confirmed (volâ‰Ą2.5Ă— bodyâ‰Ą30%)
16:54:51 core.sweep_detector INFO: OrderBlocks: 3 detected, 1 unmitigated
16:54:51 core.sweep_detector INFO: FVGs: 6 detected, 4 unfilled
16:54:53 core.sweep_detector INFO: SweepDetector v2: 2 raw â†’ 2 confirmed (volâ‰Ą2.5Ă— bodyâ‰Ą30%)
16:54:53 core.sweep_detector INFO: OrderBlocks: 15 detected, 3 unmitigated
16:54:53 core.sweep_detector INFO: FVGs: 15 detected, 2 unfilled
16:54:54 core.sweep_detector INFO: SweepDetector v2: 3 raw â†’ 3 confirmed (volâ‰Ą2.5Ă— bodyâ‰Ą30%)
16:54:54 core.sweep_detector INFO: OrderBlocks: 6 detected, 3 unmitigated
16:54:54 core.sweep_detector INFO: FVGs: 7 detected, 1 unfilled
16:54:56 core.sweep_detector INFO: SweepDetector v2: 2 raw â†’ 1 confirmed (volâ‰Ą2.5Ă— bodyâ‰Ą30%)
16:54:56 core.sweep_detector INFO: OrderBlocks: 5 detected, 1 unmitigated
16:54:56 core.sweep_detector INFO: FVGs: 7 detected, 1 unfilled
16:54:58 core.sweep_detector INFO: SweepDetector v2: 6 raw â†’ 3 confirmed (volâ‰Ą2.5Ă— bodyâ‰Ą30%)
16:54:58 core.sweep_detector INFO: OrderBlocks: 7 detected, 5 unmitigated
16:54:58 core.sweep_detector INFO: FVGs: 11 detected, 6 unfilled
16:55:00 core.sweep_detector INFO: SweepDetector v2: 5 raw â†’ 4 confirmed (volâ‰Ą2.5Ă— bodyâ‰Ą30%)
16:55:00 core.sweep_detector INFO: OrderBlocks: 5 detected, 2 unmitigated
16:55:00 core.sweep_detector INFO: FVGs: 7 detected, 2 unfilled
16:55:02 core.sweep_detector INFO: SweepDetector v2: 1 raw â†’ 1 confirmed (volâ‰Ą2.5Ă— bodyâ‰Ą30%)
16:55:02 core.sweep_detector INFO: OrderBlocks: 4 detected, 3 unmitigated
16:55:02 core.sweep_detector INFO: FVGs: 10 detected, 6 unfilled
16:55:03 core.sweep_detector INFO: SweepDetector v2: 1 raw â†’ 1 confirmed (volâ‰Ą2.5Ă— bodyâ‰Ą30%)
16:55:03 core.sweep_detector INFO: OrderBlocks: 5 detected, 1 unmitigated
16:55:03 core.sweep_detector INFO: FVGs: 7 detected, 3 unfilled
16:55:05 core.sweep_detector INFO: SweepDetector v2: 3 raw â†’ 3 confirmed (volâ‰Ą2.5Ă— bodyâ‰Ą30%)
16:55:05 core.sweep_detector INFO: OrderBlocks: 8 detected, 2 unmitigated
16:55:05 core.sweep_detector INFO: FVGs: 10 detected, 3 unfilled
16:55:07 core.sweep_detector INFO: SweepDetector v2: 3 raw â†’ 3 confirmed (volâ‰Ą2.5Ă— bodyâ‰Ą30%)
16:55:07 core.sweep_detector INFO: OrderBlocks: 3 detected, 0 unmitigated
16:55:07 core.sweep_detector INFO: FVGs: 10 detected, 2 unfilled
16:55:09 core.sweep_detector INFO: SweepDetector v2: 1 raw â†’ 1 confirmed (volâ‰Ą2.5Ă— bodyâ‰Ą30%)
16:55:09 core.sweep_detector INFO: OrderBlocks: 7 detected, 3 unmitigated
16:55:09 core.sweep_detector INFO: FVGs: 12 detected, 6 unfilled
16:55:10 core.sweep_detector INFO: SweepDetector v2: 2 raw â†’ 0 confirmed (volâ‰Ą2.5Ă— bodyâ‰Ą30%)
16:55:10 core.sweep_detector INFO: OrderBlocks: 5 detected, 1 unmitigated
16:55:10 core.sweep_detector INFO: FVGs: 11 detected, 3 unfilled
16:55:12 core.sweep_detector INFO: SweepDetector v2: 1 raw â†’ 1 confirmed (volâ‰Ą2.5Ă— bodyâ‰Ą30%)
16:55:12 core.sweep_detector INFO: OrderBlocks: 6 detected, 4 unmitigated
16:55:12 core.sweep_detector INFO: FVGs: 6 detected, 3 unfilled
16:55:14 core.sweep_detector INFO: SweepDetector v2: 3 raw â†’ 2 confirmed (volâ‰Ą2.5Ă— bodyâ‰Ą30%)
16:55:14 core.sweep_detector INFO: OrderBlocks: 5 detected, 0 unmitigated
16:55:14 core.sweep_detector INFO: FVGs: 6 detected, 0 unfilled
16:55:16 core.sweep_detector INFO: SweepDetector v2: 2 raw â†’ 2 confirmed (volâ‰Ą2.5Ă— bodyâ‰Ą30%)
16:55:16 core.sweep_detector INFO: OrderBlocks: 6 detected, 1 unmitigated
16:55:16 core.sweep_detector INFO: FVGs: 7 detected, 2 unfilled
16:55:18 core.sweep_detector INFO: SweepDetector v2: 0 raw â†’ 0 confirmed (volâ‰Ą2.5Ă— bodyâ‰Ą30%)
16:55:18 core.sweep_detector INFO: OrderBlocks: 5 detected, 1 unmitigated
16:55:18 core.sweep_detector INFO: FVGs: 6 detected, 3 unfilled
16:55:19 core.sweep_detector INFO: SweepDetector v2: 0 raw â†’ 0 confirmed (volâ‰Ą2.5Ă— bodyâ‰Ą30%)
16:55:19 core.sweep_detector INFO: OrderBlocks: 8 detected, 4 unmitigated
16:55:19 core.sweep_detector INFO: FVGs: 10 detected, 4 unfilled
16:55:21 core.sweep_detector INFO: SweepDetector v2: 4 raw â†’ 3 confirmed (volâ‰Ą2.5Ă— bodyâ‰Ą30%)
16:55:21 core.sweep_detector INFO: OrderBlocks: 5 detected, 1 unmitigated
16:55:21 core.sweep_detector INFO: FVGs: 10 detected, 2 unfilled
16:55:23 core.sweep_detector INFO: SweepDetector v2: 2 raw â†’ 2 confirmed (volâ‰Ą2.5Ă— bodyâ‰Ą30%)
16:55:23 core.sweep_detector INFO: OrderBlocks: 4 detected, 0 unmitigated
16:55:23 core.sweep_detector INFO: FVGs: 5 detected, 0 unfilled
16:55:25 core.sweep_detector INFO: SweepDetector v2: 1 raw â†’ 1 confirmed (volâ‰Ą2.5Ă— bodyâ‰Ą30%)
16:55:25 core.sweep_detector INFO: OrderBlocks: 4 detected, 2 unmitigated
16:55:25 core.sweep_detector INFO: FVGs: 5 detected, 2 unfilled
16:55:26 core.sweep_detector INFO: SweepDetector v2: 3 raw â†’ 3 confirmed (volâ‰Ą2.5Ă— bodyâ‰Ą30%)
16:55:26 core.sweep_detector INFO: OrderBlocks: 3 detected, 0 unmitigated
16:55:26 core.sweep_detector INFO: FVGs: 4 detected, 1 unfilled
16:55:28 core.sweep_detector INFO: SweepDetector v2: 1 raw â†’ 1 confirmed (volâ‰Ą2.5Ă— bodyâ‰Ą30%)
16:55:28 core.sweep_detector INFO: OrderBlocks: 1 detected, 0 unmitigated
16:55:28 core.sweep_detector INFO: FVGs: 1 detected, 0 unfilled
16:55:29 core.sweep_detector INFO: SweepDetector v2: 2 raw â†’ 2 confirmed (volâ‰Ą2.5Ă— bodyâ‰Ą30%)
16:55:29 core.sweep_detector INFO: OrderBlocks: 11 detected, 3 unmitigated
16:55:29 core.sweep_detector INFO: FVGs: 11 detected, 3 unfilled
16:55:31 core.sweep_detector INFO: SweepDetector v2: 5 raw â†’ 3 confirmed (volâ‰Ą2.5Ă— bodyâ‰Ą30%)
16:55:31 core.sweep_detector INFO: OrderBlocks: 4 detected, 2 unmitigated
16:55:31 core.sweep_detector INFO: FVGs: 9 detected, 3 unfilled
16:55:33 core.sweep_detector INFO: SweepDetector v2: 2 raw â†’ 1 confirmed (volâ‰Ą2.5Ă— bodyâ‰Ą30%)
16:55:33 core.sweep_detector INFO: OrderBlocks: 4 detected, 2 unmitigated
16:55:33 core.sweep_detector INFO: FVGs: 9 detected, 4 unfilled
16:55:35 core.sweep_detector INFO: SweepDetector v2: 1 raw â†’ 0 confirmed (volâ‰Ą2.5Ă— bodyâ‰Ą30%)
16:55:35 core.sweep_detector INFO: OrderBlocks: 5 detected, 1 unmitigated
16:55:35 core.sweep_detector INFO: FVGs: 4 detected, 2 unfilled
16:55:36 core.sweep_detector INFO: SweepDetector v2: 4 raw â†’ 4 confirmed (volâ‰Ą2.5Ă— bodyâ‰Ą30%)
16:55:36 core.sweep_detector INFO: OrderBlocks: 2 detected, 1 unmitigated
16:55:36 core.sweep_detector INFO: FVGs: 7 detected, 0 unfilled
16:55:38 core.sweep_detector INFO: SweepDetector v2: 1 raw â†’ 1 confirmed (volâ‰Ą2.5Ă— bodyâ‰Ą30%)
16:55:38 core.sweep_detector INFO: OrderBlocks: 5 detected, 1 unmitigated
16:55:38 core.sweep_detector INFO: FVGs: 12 detected, 2 unfilled
16:55:40 core.sweep_detector INFO: SweepDetector v2: 2 raw â†’ 2 confirmed (volâ‰Ą2.5Ă— bodyâ‰Ą30%)
16:55:40 core.sweep_detector INFO: OrderBlocks: 8 detected, 4 unmitigated
16:55:40 core.sweep_detector INFO: FVGs: 9 detected, 2 unfilled
16:55:41 core.sweep_detector INFO: SweepDetector v2: 2 raw â†’ 1 confirmed (volâ‰Ą2.5Ă— bodyâ‰Ą30%)
16:55:41 core.sweep_detector INFO: OrderBlocks: 4 detected, 2 unmitigated
16:55:41 core.sweep_detector INFO: FVGs: 7 detected, 3 unfilled
16:55:43 core.sweep_detector INFO: SweepDetector v2: 1 raw â†’ 1 confirmed (volâ‰Ą2.5Ă— bodyâ‰Ą30%)
16:55:43 core.sweep_detector INFO: OrderBlocks: 2 detected, 1 unmitigated
16:55:43 core.sweep_detector INFO: FVGs: 10 detected, 1 unfilled
16:55:45 core.sweep_detector INFO: SweepDetector v2: 0 raw â†’ 0 confirmed (volâ‰Ą2.5Ă— bodyâ‰Ą30%)
16:55:45 core.sweep_detector INFO: OrderBlocks: 1 detected, 0 unmitigated
16:55:45 core.sweep_detector INFO: FVGs: 0 detected, 0 unfilled
16:55:46 core.sweep_detector INFO: SweepDetector v2: 0 raw â†’ 0 confirmed (volâ‰Ą2.5Ă— bodyâ‰Ą30%)
16:55:46 core.sweep_detector INFO: OrderBlocks: 0 detected, 0 unmitigated
16:55:46 core.sweep_detector INFO: FVGs: 0 detected, 0 unfilled
16:55:48 core.sweep_detector INFO: SweepDetector v2: 0 raw â†’ 0 confirmed (volâ‰Ą2.5Ă— bodyâ‰Ą30%)
16:55:48 core.sweep_detector INFO: OrderBlocks: 0 detected, 0 unmitigated
16:55:48 core.sweep_detector INFO: FVGs: 0 detected, 0 unfilled
16:55:50 core.sweep_detector INFO: SweepDetector v2: 2 raw â†’ 2 confirmed (volâ‰Ą2.5Ă— bodyâ‰Ą30%)
16:55:50 core.sweep_detector INFO: OrderBlocks: 5 detected, 2 unmitigated
16:55:50 core.sweep_detector INFO: FVGs: 6 detected, 1 unfilled
16:55:51 core.sweep_detector INFO: SweepDetector v2: 3 raw â†’ 3 confirmed (volâ‰Ą2.5Ă— bodyâ‰Ą30%)
16:55:51 core.sweep_detector INFO: OrderBlocks: 3 detected, 0 unmitigated
16:55:51 core.sweep_detector INFO: FVGs: 8 detected, 2 unfilled
16:55:53 core.sweep_detector INFO: SweepDetector v2: 2 raw â†’ 2 confirmed (volâ‰Ą2.5Ă— bodyâ‰Ą30%)
16:55:53 core.sweep_detector INFO: OrderBlocks: 4 detected, 1 unmitigated
16:55:53 core.sweep_detector INFO: FVGs: 5 detected, 2 unfilled
16:55:55 core.sweep_detector INFO: SweepDetector v2: 0 raw â†’ 0 confirmed (volâ‰Ą2.5Ă— bodyâ‰Ą30%)
16:55:55 core.sweep_detector INFO: OrderBlocks: 4 detected, 2 unmitigated
16:55:55 core.sweep_detector INFO: FVGs: 11 detected, 7 unfilled
16:55:57 core.sweep_detector INFO: SweepDetector v2: 0 raw â†’ 0 confirmed (volâ‰Ą2.5Ă— bodyâ‰Ą30%)
16:55:57 core.sweep_detector INFO: OrderBlocks: 1 detected, 0 unmitigated
16:55:57 core.sweep_detector INFO: FVGs: 6 detected, 1 unfilled
16:55:58 core.sweep_detector INFO: SweepDetector v2: 2 raw â†’ 2 confirmed (volâ‰Ą2.5Ă— bodyâ‰Ą30%)
16:55:59 core.sweep_detector INFO: OrderBlocks: 3 detected, 1 unmitigated
16:55:59 core.sweep_detector INFO: FVGs: 10 detected, 1 unfilled
16:56:00 core.sweep_detector INFO: SweepDetector v2: 5 raw â†’ 3 confirmed (volâ‰Ą2.5Ă— bodyâ‰Ą30%)
16:56:00 core.sweep_detector INFO: OrderBlocks: 6 detected, 2 unmitigated
16:56:00 core.sweep_detector INFO: FVGs: 9 detected, 2 unfilled
16:56:02 core.sweep_detector INFO: SweepDetector v2: 2 raw â†’ 2 confirmed (volâ‰Ą2.5Ă— bodyâ‰Ą30%)
16:56:02 core.sweep_detector INFO: OrderBlocks: 3 detected, 2 unmitigated
16:56:02 core.sweep_detector INFO: FVGs: 12 detected, 2 unfilled
16:56:04 core.sweep_detector INFO: SweepDetector v2: 3 raw â†’ 3 confirmed (volâ‰Ą2.5Ă— bodyâ‰Ą30%)
16:56:04 core.sweep_detector INFO: OrderBlocks: 3 detected, 0 unmitigated
16:56:04 core.sweep_detector INFO: FVGs: 4 detected, 1 unfilled
16:56:06 core.sweep_detector INFO: SweepDetector v2: 0 raw â†’ 0 confirmed (volâ‰Ą2.5Ă— bodyâ‰Ą30%)
16:56:06 core.sweep_detector INFO: OrderBlocks: 7 detected, 2 unmitigated
16:56:06 core.sweep_detector INFO: FVGs: 9 detected, 2 unfilled
16:56:08 core.sweep_detector INFO: SweepDetector v2: 3 raw â†’ 3 confirmed (volâ‰Ą2.5Ă— bodyâ‰Ą30%)
16:56:08 core.sweep_detector INFO: OrderBlocks: 3 detected, 1 unmitigated
16:56:08 core.sweep_detector INFO: FVGs: 8 detected, 2 unfilled
16:56:10 core.sweep_detector INFO: SweepDetector v2: 2 raw â†’ 1 confirmed (volâ‰Ą2.5Ă— bodyâ‰Ą30%)
16:56:10 core.sweep_detector INFO: OrderBlocks: 6 detected, 2 unmitigated
16:56:10 core.sweep_detector INFO: FVGs: 5 detected, 0 unfilled
16:56:12 core.sweep_detector INFO: SweepDetector v2: 1 raw â†’ 1 confirmed (volâ‰Ą2.5Ă— bodyâ‰Ą30%)
16:56:12 core.sweep_detector INFO: OrderBlocks: 4 detected, 2 unmitigated
16:56:12 core.sweep_detector INFO: FVGs: 11 detected, 9 unfilled
16:56:14 core.sweep_detector INFO: SweepDetector v2: 1 raw â†’ 1 confirmed (volâ‰Ą2.5Ă— bodyâ‰Ą30%)
16:56:14 core.sweep_detector INFO: OrderBlocks: 3 detected, 2 unmitigated
16:56:14 core.sweep_detector INFO: FVGs: 2 detected, 1 unfilled
16:56:15 core.sweep_detector INFO: SweepDetector v2: 3 raw â†’ 3 confirmed (volâ‰Ą2.5Ă— bodyâ‰Ą30%)
16:56:15 core.sweep_detector INFO: OrderBlocks: 1 detected, 0 unmitigated
16:56:15 core.sweep_detector INFO: FVGs: 5 detected, 1 unfilled
16:56:17 core.sweep_detector INFO: SweepDetector v2: 2 raw â†’ 2 confirmed (volâ‰Ą2.5Ă— bodyâ‰Ą30%)
16:56:17 core.sweep_detector INFO: OrderBlocks: 7 detected, 3 unmitigated
16:56:17 core.sweep_detector INFO: FVGs: 8 detected, 2 unfilled
16:56:19 core.sweep_detector INFO: SweepDetector v2: 3 raw â†’ 0 confirmed (volâ‰Ą2.5Ă— bodyâ‰Ą30%)
16:56:19 core.sweep_detector INFO: OrderBlocks: 4 detected, 1 unmitigated
16:56:19 core.sweep_detector INFO: FVGs: 6 detected, 3 unfilled
16:56:20 core.sweep_detector INFO: SweepDetector v2: 1 raw â†’ 0 confirmed (volâ‰Ą2.5Ă— bodyâ‰Ą30%)
16:56:20 core.sweep_detector INFO: OrderBlocks: 10 detected, 5 unmitigated
16:56:20 core.sweep_detector INFO: FVGs: 9 detected, 5 unfilled
16:56:22 core.sweep_detector INFO: SweepDetector v2: 1 raw â†’ 0 confirmed (volâ‰Ą2.5Ă— bodyâ‰Ą30%)
16:56:22 core.sweep_detector INFO: OrderBlocks: 9 detected, 3 unmitigated
16:56:22 core.sweep_detector INFO: FVGs: 8 detected, 4 unfilled
16:56:24 core.sweep_detector INFO: SweepDetector v2: 4 raw â†’ 1 confirmed (volâ‰Ą2.5Ă— bodyâ‰Ą30%)
16:56:24 core.sweep_detector INFO: OrderBlocks: 4 detected, 1 unmitigated
16:56:24 core.sweep_detector INFO: FVGs: 7 detected, 1 unfilled
16:56:26 core.sweep_detector INFO: SweepDetector v2: 1 raw â†’ 1 confirmed (volâ‰Ą2.5Ă— bodyâ‰Ą30%)
16:56:26 core.sweep_detector INFO: OrderBlocks: 3 detected, 0 unmitigated
16:56:26 core.sweep_detector INFO: FVGs: 4 detected, 1 unfilled
16:56:27 core.sweep_detector INFO: SweepDetector v2: 2 raw â†’ 2 confirmed (volâ‰Ą2.5Ă— bodyâ‰Ą30%)
16:56:27 core.sweep_detector INFO: OrderBlocks: 5 detected, 2 unmitigated
16:56:27 core.sweep_detector INFO: FVGs: 11 detected, 1 unfilled
16:56:29 core.sweep_detector INFO: SweepDetector v2: 1 raw â†’ 1 confirmed (volâ‰Ą2.5Ă— bodyâ‰Ą30%)
16:56:29 core.sweep_detector INFO: OrderBlocks: 2 detected, 1 unmitigated
16:56:29 core.sweep_detector INFO: FVGs: 12 detected, 5 unfilled
16:56:31 core.sweep_detector INFO: SweepDetector v2: 0 raw â†’ 0 confirmed (volâ‰Ą2.5Ă— bodyâ‰Ą30%)
16:56:31 core.sweep_detector INFO: OrderBlocks: 3 detected, 1 unmitigated
16:56:31 core.sweep_detector INFO: FVGs: 5 detected, 1 unfilled
16:56:32 core.sweep_detector INFO: SweepDetector v2: 7 raw â†’ 5 confirmed (volâ‰Ą2.5Ă— bodyâ‰Ą30%)
16:56:32 core.sweep_detector INFO: OrderBlocks: 5 detected, 5 unmitigated
16:56:32 core.sweep_detector INFO: FVGs: 13 detected, 8 unfilled
16:56:35 core.sweep_detector INFO: SweepDetector v2: 2 raw â†’ 1 confirmed (volâ‰Ą2.5Ă— bodyâ‰Ą30%)
16:56:35 core.sweep_detector INFO: OrderBlocks: 1 detected, 0 unmitigated
16:56:35 core.sweep_detector INFO: FVGs: 5 detected, 2 unfilled
16:56:36 core.sweep_detector INFO: SweepDetector v2: 4 raw â†’ 4 confirmed (volâ‰Ą2.5Ă— bodyâ‰Ą30%)
16:56:37 core.sweep_detector INFO: OrderBlocks: 6 detected, 1 unmitigated
16:56:37 core.sweep_detector INFO: FVGs: 10 detected, 2 unfilled
16:56:38 core.sweep_detector INFO: SweepDetector v2: 0 raw â†’ 0 confirmed (volâ‰Ą2.5Ă— bodyâ‰Ą30%)
16:56:38 core.sweep_detector INFO: OrderBlocks: 8 detected, 5 unmitigated
16:56:38 core.sweep_detector INFO: FVGs: 13 detected, 4 unfilled
16:56:40 core.sweep_detector INFO: SweepDetector v2: 3 raw â†’ 2 confirmed (volâ‰Ą2.5Ă— bodyâ‰Ą30%)
16:56:40 core.sweep_detector INFO: OrderBlocks: 4 detected, 1 unmitigated
16:56:40 core.sweep_detector INFO: FVGs: 9 detected, 2 unfilled
16:56:42 core.sweep_detector INFO: SweepDetector v2: 2 raw â†’ 1 confirmed (volâ‰Ą2.5Ă— bodyâ‰Ą30%)
16:56:42 core.sweep_detector INFO: OrderBlocks: 4 detected, 0 unmitigated
16:56:42 core.sweep_detector INFO: FVGs: 5 detected, 0 unfilled
16:56:44 core.sweep_detector INFO: SweepDetector v2: 3 raw â†’ 3 confirmed (volâ‰Ą2.5Ă— bodyâ‰Ą30%)
16:56:44 core.sweep_detector INFO: OrderBlocks: 3 detected, 1 unmitigated
16:56:44 core.sweep_detector INFO: FVGs: 5 detected, 2 unfilled
16:56:46 core.sweep_detector INFO: SweepDetector v2: 3 raw â†’ 2 confirmed (volâ‰Ą2.5Ă— bodyâ‰Ą30%)
16:56:46 core.sweep_detector INFO: OrderBlocks: 7 detected, 2 unmitigated
16:56:46 core.sweep_detector INFO: FVGs: 6 detected, 2 unfilled
16:56:48 core.sweep_detector INFO: SweepDetector v2: 1 raw â†’ 1 confirmed (volâ‰Ą2.5Ă— bodyâ‰Ą30%)
16:56:48 core.sweep_detector INFO: OrderBlocks: 4 detected, 1 unmitigated
16:56:48 core.sweep_detector INFO: FVGs: 6 detected, 3 unfilled
16:56:49 core.sweep_detector INFO: SweepDetector v2: 3 raw â†’ 2 confirmed (volâ‰Ą2.5Ă— bodyâ‰Ą30%)
16:56:49 core.sweep_detector INFO: OrderBlocks: 3 detected, 3 unmitigated
16:56:49 core.sweep_detector INFO: FVGs: 13 detected, 8 unfilled
16:56:51 core.sweep_detector INFO: SweepDetector v2: 2 raw â†’ 2 confirmed (volâ‰Ą2.5Ă— bodyâ‰Ą30%)
16:56:51 core.sweep_detector INFO: OrderBlocks: 4 detected, 1 unmitigated
16:56:51 core.sweep_detector INFO: FVGs: 9 detected, 3 unfilled
16:56:53 core.sweep_detector INFO: SweepDetector v2: 2 raw â†’ 1 confirmed (volâ‰Ą2.5Ă— bodyâ‰Ą30%)
16:56:53 core.sweep_detector INFO: OrderBlocks: 5 detected, 1 unmitigated
16:56:53 core.sweep_detector INFO: FVGs: 6 detected, 1 unfilled
16:56:55 core.sweep_detector INFO: SweepDetector v2: 1 raw â†’ 0 confirmed (volâ‰Ą2.5Ă— bodyâ‰Ą30%)
16:56:55 core.sweep_detector INFO: OrderBlocks: 4 detected, 0 unmitigated
16:56:55 core.sweep_detector INFO: FVGs: 14 detected, 5 unfilled
16:56:58 core.sweep_detector INFO: SweepDetector v2: 0 raw â†’ 0 confirmed (volâ‰Ą2.5Ă— bodyâ‰Ą30%)
16:56:58 core.sweep_detector INFO: OrderBlocks: 8 detected, 1 unmitigated
16:56:58 core.sweep_detector INFO: FVGs: 4 detected, 2 unfilled
16:57:00 core.sweep_detector INFO: SweepDetector v2: 2 raw â†’ 2 confirmed (volâ‰Ą2.5Ă— bodyâ‰Ą30%)
16:57:00 core.sweep_detector INFO: OrderBlocks: 1 detected, 1 unmitigated
16:57:00 core.sweep_detector INFO: FVGs: 3 detected, 2 unfilled
16:57:01 core.sweep_detector INFO: SweepDetector v2: 1 raw â†’ 0 confirmed (volâ‰Ą2.5Ă— bodyâ‰Ą30%)
16:57:01 core.sweep_detector INFO: OrderBlocks: 6 detected, 3 unmitigated
16:57:01 core.sweep_detector INFO: FVGs: 9 detected, 5 unfilled
16:57:03 core.sweep_detector INFO: SweepDetector v2: 2 raw â†’ 2 confirmed (volâ‰Ą2.5Ă— bodyâ‰Ą30%)
16:57:03 core.sweep_detector INFO: OrderBlocks: 3 detected, 1 unmitigated
16:57:03 core.sweep_detector INFO: FVGs: 13 detected, 3 unfilled
16:57:05 core.sweep_detector INFO: SweepDetector v2: 4 raw â†’ 3 confirmed (volâ‰Ą2.5Ă— bodyâ‰Ą30%)
16:57:05 core.sweep_detector INFO: OrderBlocks: 5 detected, 0 unmitigated
16:57:05 core.sweep_detector INFO: FVGs: 6 detected, 0 unfilled
16:57:07 core.sweep_detector INFO: SweepDetector v2: 0 raw â†’ 0 confirmed (volâ‰Ą2.5Ă— bodyâ‰Ą30%)
16:57:07 core.sweep_detector INFO: OrderBlocks: 10 detected, 2 unmitigated
16:57:07 core.sweep_detector INFO: FVGs: 12 detected, 3 unfilled
16:57:09 core.sweep_detector INFO: SweepDetector v2: 1 raw â†’ 1 confirmed (volâ‰Ą2.5Ă— bodyâ‰Ą30%)
16:57:09 core.sweep_detector INFO: OrderBlocks: 6 detected, 2 unmitigated
16:57:09 core.sweep_detector INFO: FVGs: 6 detected, 1 unfilled
16:57:10 core.sweep_detector INFO: SweepDetector v2: 1 raw â†’ 1 confirmed (volâ‰Ą2.5Ă— bodyâ‰Ą30%)
16:57:10 core.sweep_detector INFO: OrderBlocks: 4 detected, 1 unmitigated
16:57:10 core.sweep_detector INFO: FVGs: 6 detected, 3 unfilled
16:57:12 core.sweep_detector INFO: SweepDetector v2: 0 raw â†’ 0 confirmed (volâ‰Ą2.5Ă— bodyâ‰Ą30%)
16:57:12 core.sweep_detector INFO: OrderBlocks: 2 detected, 0 unmitigated
16:57:12 core.sweep_detector INFO: FVGs: 0 detected, 0 unfilled
16:57:14 core.sweep_detector INFO: SweepDetector v2: 0 raw â†’ 0 confirmed (volâ‰Ą2.5Ă— bodyâ‰Ą30%)
16:57:14 core.sweep_detector INFO: OrderBlocks: 0 detected, 0 unmitigated
16:57:14 core.sweep_detector INFO: FVGs: 0 detected, 0 unfilled
16:57:15 core.sweep_detector INFO: SweepDetector v2: 0 raw â†’ 0 confirmed (volâ‰Ą2.5Ă— bodyâ‰Ą30%)
16:57:15 core.sweep_detector INFO: OrderBlocks: 0 detected, 0 unmitigated
16:57:15 core.sweep_detector INFO: FVGs: 0 detected, 0 unfilled
16:57:18 core.sweep_detector INFO: SweepDetector v2: 1 raw â†’ 1 confirmed (volâ‰Ą2.5Ă— bodyâ‰Ą30%)
16:57:18 core.sweep_detector INFO: OrderBlocks: 6 detected, 1 unmitigated
16:57:18 core.sweep_detector INFO: FVGs: 9 detected, 5 unfilled
16:57:20 core.sweep_detector INFO: SweepDetector v2: 2 raw â†’ 2 confirmed (volâ‰Ą2.5Ă— bodyâ‰Ą30%)
16:57:20 core.sweep_detector INFO: OrderBlocks: 6 detected, 2 unmitigated
16:57:20 core.sweep_detector INFO: FVGs: 8 detected, 3 unfilled
16:57:21 core.sweep_detector INFO: SweepDetector v2: 1 raw â†’ 1 confirmed (volâ‰Ą2.5Ă— bodyâ‰Ą30%)
16:57:21 core.sweep_detector INFO: OrderBlocks: 6 detected, 1 unmitigated
16:57:21 core.sweep_detector INFO: FVGs: 10 detected, 2 unfilled
16:57:23 core.sweep_detector INFO: SweepDetector v2: 1 raw â†’ 1 confirmed (volâ‰Ą2.5Ă— bodyâ‰Ą30%)
16:57:23 core.sweep_detector INFO: OrderBlocks: 2 detected, 0 unmitigated
16:57:23 core.sweep_detector INFO: FVGs: 0 detected, 0 unfilled
16:57:25 core.sweep_detector INFO: SweepDetector v2: 0 raw â†’ 0 confirmed (volâ‰Ą2.5Ă— bodyâ‰Ą30%)
16:57:25 core.sweep_detector INFO: OrderBlocks: 1 detected, 0 unmitigated
16:57:25 core.sweep_detector INFO: FVGs: 0 detected, 0 unfilled
16:57:27 core.sweep_detector INFO: SweepDetector v2: 0 raw â†’ 0 confirmed (volâ‰Ą2.5Ă— bodyâ‰Ą30%)
16:57:27 core.sweep_detector INFO: OrderBlocks: 1 detected, 0 unmitigated
16:57:27 core.sweep_detector INFO: FVGs: 0 detected, 0 unfilled
16:57:28 core.sweep_detector INFO: SweepDetector v2: 0 raw â†’ 0 confirmed (volâ‰Ą2.5Ă— bodyâ‰Ą30%)
16:57:28 core.sweep_detector INFO: OrderBlocks: 3 detected, 0 unmitigated
16:57:28 core.sweep_detector INFO: FVGs: 0 detected, 0 unfilled
16:57:30 core.sweep_detector INFO: SweepDetector v2: 0 raw â†’ 0 confirmed (volâ‰Ą2.5Ă— bodyâ‰Ą30%)
16:57:30 core.sweep_detector INFO: OrderBlocks: 1 detected, 0 unmitigated
16:57:30 core.sweep_detector INFO: FVGs: 0 detected, 0 unfilled
16:57:32 core.sweep_detector INFO: SweepDetector v2: 0 raw â†’ 0 confirmed (volâ‰Ą2.5Ă— bodyâ‰Ą30%)
16:57:32 core.sweep_detector INFO: OrderBlocks: 1 detected, 0 unmitigated
16:57:32 core.sweep_detector INFO: FVGs: 0 detected, 0 unfilled
16:57:35 core.sweep_detector INFO: SweepDetector v2: 0 raw â†’ 0 confirmed (volâ‰Ą2.5Ă— bodyâ‰Ą30%)
16:57:35 core.sweep_detector INFO: OrderBlocks: 1 detected, 0 unmitigated
16:57:35 core.sweep_detector INFO: FVGs: 0 detected, 0 unfilled
16:57:36 core.sweep_detector INFO: SweepDetector v2: 0 raw â†’ 0 confirmed (volâ‰Ą2.5Ă— bodyâ‰Ą30%)
16:57:36 core.sweep_detector INFO: OrderBlocks: 0 detected, 0 unmitigated
16:57:36 core.sweep_detector INFO: FVGs: 0 detected, 0 unfilled
16:57:38 core.sweep_detector INFO: SweepDetector v2: 0 raw â†’ 0 confirmed (volâ‰Ą2.5Ă— bodyâ‰Ą30%)
16:57:38 core.sweep_detector INFO: OrderBlocks: 0 detected, 0 unmitigated
16:57:38 core.sweep_detector INFO: FVGs: 0 detected, 0 unfilled
16:57:39 core.sweep_detector INFO: SweepDetector v2: 3 raw â†’ 3 confirmed (volâ‰Ą2.5Ă— bodyâ‰Ą30%)
16:57:39 core.sweep_detector INFO: OrderBlocks: 4 detected, 1 unmitigated
16:57:39 core.sweep_detector INFO: FVGs: 9 detected, 3 unfilled
16:57:41 core.sweep_detector INFO: SweepDetector v2: 5 raw â†’ 4 confirmed (volâ‰Ą2.5Ă— bodyâ‰Ą30%)
16:57:41 core.sweep_detector INFO: OrderBlocks: 9 detected, 3 unmitigated
16:57:41 core.sweep_detector INFO: FVGs: 9 detected, 3 unfilled
16:57:43 core.sweep_detector INFO: SweepDetector v2: 2 raw â†’ 2 confirmed (volâ‰Ą2.5Ă— bodyâ‰Ą30%)
16:57:43 core.sweep_detector INFO: OrderBlocks: 5 detected, 0 unmitigated
16:57:43 core.sweep_detector INFO: FVGs: 8 detected, 3 unfilled
16:57:45 core.sweep_detector INFO: SweepDetector v2: 0 raw â†’ 0 confirmed (volâ‰Ą2.5Ă— bodyâ‰Ą30%)
16:57:45 core.sweep_detector INFO: OrderBlocks: 5 detected, 1 unmitigated
16:57:45 core.sweep_detector INFO: FVGs: 10 detected, 4 unfilled
16:57:47 core.sweep_detector INFO: SweepDetector v2: 1 raw â†’ 1 confirmed (volâ‰Ą2.5Ă— bodyâ‰Ą30%)
16:57:47 core.sweep_detector INFO: OrderBlocks: 1 detected, 0 unmitigated
16:57:47 core.sweep_detector INFO: FVGs: 8 detected, 2 unfilled
16:57:49 core.sweep_detector INFO: SweepDetector v2: 2 raw â†’ 2 confirmed (volâ‰Ą2.5Ă— bodyâ‰Ą30%)
16:57:49 core.sweep_detector INFO: OrderBlocks: 5 detected, 2 unmitigated
16:57:49 core.sweep_detector INFO: FVGs: 10 detected, 3 unfilled
16:57:52 core.sweep_detector INFO: SweepDetector v2: 1 raw â†’ 1 confirmed (volâ‰Ą2.5Ă— bodyâ‰Ą30%)
16:57:52 core.sweep_detector INFO: OrderBlocks: 6 detected, 4 unmitigated
16:57:52 core.sweep_detector INFO: FVGs: 8 detected, 3 unfilled
16:57:53 core.sweep_detector INFO: SweepDetector v2: 1 raw â†’ 1 confirmed (volâ‰Ą2.5Ă— bodyâ‰Ą30%)
16:57:54 core.sweep_detector INFO: OrderBlocks: 2 detected, 1 unmitigated
16:57:54 core.sweep_detector INFO: FVGs: 10 detected, 1 unfilled
16:57:56 core.sweep_detector INFO: SweepDetector v2: 2 raw â†’ 2 confirmed (volâ‰Ą2.5Ă— bodyâ‰Ą30%)
16:57:56 core.sweep_detector INFO: OrderBlocks: 5 detected, 0 unmitigated
16:57:56 core.sweep_detector INFO: FVGs: 9 detected, 1 unfilled
16:57:58 core.sweep_detector INFO: SweepDetector v2: 1 raw â†’ 1 confirmed (volâ‰Ą2.5Ă— bodyâ‰Ą30%)
16:57:58 core.sweep_detector INFO: OrderBlocks: 2 detected, 1 unmitigated
16:57:58 core.sweep_detector INFO: FVGs: 8 detected, 4 unfilled
16:58:00 core.sweep_detector INFO: SweepDetector v2: 2 raw â†’ 1 confirmed (volâ‰Ą2.5Ă— bodyâ‰Ą30%)
16:58:00 core.sweep_detector INFO: OrderBlocks: 1 detected, 0 unmitigated
16:58:00 core.sweep_detector INFO: FVGs: 5 detected, 0 unfilled
16:58:02 core.sweep_detector INFO: SweepDetector v2: 0 raw â†’ 0 confirmed (volâ‰Ą2.5Ă— bodyâ‰Ą30%)
16:58:02 core.sweep_detector INFO: OrderBlocks: 2 detected, 0 unmitigated
16:58:02 core.sweep_detector INFO: FVGs: 2 detected, 0 unfilled
16:58:04 core.sweep_detector INFO: SweepDetector v2: 2 raw â†’ 1 confirmed (volâ‰Ą2.5Ă— bodyâ‰Ą30%)
16:58:04 core.sweep_detector INFO: OrderBlocks: 6 detected, 4 unmitigated
16:58:04 core.sweep_detector INFO: FVGs: 14 detected, 6 unfilled
16:58:07 core.sweep_detector INFO: SweepDetector v2: 4 raw â†’ 4 confirmed (volâ‰Ą2.5Ă— bodyâ‰Ą30%)
16:58:07 core.sweep_detector INFO: OrderBlocks: 2 detected, 1 unmitigated
16:58:07 core.sweep_detector INFO: FVGs: 6 detected, 2 unfilled
16:58:09 core.sweep_detector INFO: SweepDetector v2: 1 raw â†’ 1 confirmed (volâ‰Ą2.5Ă— bodyâ‰Ą30%)
16:58:09 core.sweep_detector INFO: OrderBlocks: 4 detected, 2 unmitigated
16:58:09 core.sweep_detector INFO: FVGs: 6 detected, 1 unfilled
16:58:11 core.sweep_detector INFO: SweepDetector v2: 2 raw â†’ 1 confirmed (volâ‰Ą2.5Ă— bodyâ‰Ą30%)
16:58:11 core.sweep_detector INFO: OrderBlocks: 5 detected, 1 unmitigated
16:58:11 core.sweep_detector INFO: FVGs: 5 detected, 1 unfilled
16:58:13 core.sweep_detector INFO: SweepDetector v2: 1 raw â†’ 1 confirmed (volâ‰Ą2.5Ă— bodyâ‰Ą30%)
16:58:13 core.sweep_detector INFO: OrderBlocks: 4 detected, 0 unmitigated
16:58:13 core.sweep_detector INFO: FVGs: 10 detected, 1 unfilled
16:58:15 core.sweep_detector INFO: SweepDetector v2: 4 raw â†’ 3 confirmed (volâ‰Ą2.5Ă— bodyâ‰Ą30%)
16:58:15 core.sweep_detector INFO: OrderBlocks: 7 detected, 2 unmitigated
16:58:15 core.sweep_detector INFO: FVGs: 8 detected, 0 unfilled
16:58:17 core.sweep_detector INFO: SweepDetector v2: 0 raw â†’ 0 confirmed (volâ‰Ą2.5Ă— bodyâ‰Ą30%)
16:58:17 core.sweep_detector INFO: OrderBlocks: 1 detected, 0 unmitigated
16:58:17 core.sweep_detector INFO: FVGs: 4 detected, 0 unfilled
16:58:19 core.sweep_detector INFO: SweepDetector v2: 0 raw â†’ 0 confirmed (volâ‰Ą2.5Ă— bodyâ‰Ą30%)
16:58:19 core.sweep_detector INFO: OrderBlocks: 5 detected, 1 unmitigated
16:58:19 core.sweep_detector INFO: FVGs: 6 detected, 2 unfilled
16:58:21 core.sweep_detector INFO: SweepDetector v2: 0 raw â†’ 0 confirmed (volâ‰Ą2.5Ă— bodyâ‰Ą30%)
16:58:21 core.sweep_detector INFO: OrderBlocks: 6 detected, 1 unmitigated
16:58:21 core.sweep_detector INFO: FVGs: 7 detected, 3 unfilled
16:58:23 core.sweep_detector INFO: SweepDetector v2: 0 raw â†’ 0 confirmed (volâ‰Ą2.5Ă— bodyâ‰Ą30%)
16:58:23 core.sweep_detector INFO: OrderBlocks: 8 detected, 3 unmitigated
16:58:23 core.sweep_detector INFO: FVGs: 11 detected, 3 unfilled
16:58:25 core.sweep_detector INFO: SweepDetector v2: 1 raw â†’ 1 confirmed (volâ‰Ą2.5Ă— bodyâ‰Ą30%)
16:58:25 core.sweep_detector INFO: OrderBlocks: 4 detected, 1 unmitigated
16:58:25 core.sweep_detector INFO: FVGs: 7 detected, 3 unfilled
16:58:27 core.sweep_detector INFO: SweepDetector v2: 1 raw â†’ 1 confirmed (volâ‰Ą2.5Ă— bodyâ‰Ą30%)
16:58:27 core.sweep_detector INFO: OrderBlocks: 7 detected, 0 unmitigated
16:58:27 core.sweep_detector INFO: FVGs: 9 detected, 1 unfilled
16:58:29 core.sweep_detector INFO: SweepDetector v2: 0 raw â†’ 0 confirmed (volâ‰Ą2.5Ă— bodyâ‰Ą30%)
16:58:29 core.sweep_detector INFO: OrderBlocks: 10 detected, 3 unmitigated
16:58:29 core.sweep_detector INFO: FVGs: 10 detected, 3 unfilled
16:58:31 core.sweep_detector INFO: SweepDetector v2: 2 raw â†’ 2 confirmed (volâ‰Ą2.5Ă— bodyâ‰Ą30%)
16:58:31 core.sweep_detector INFO: OrderBlocks: 3 detected, 1 unmitigated
16:58:31 core.sweep_detector INFO: FVGs: 11 detected, 1 unfilled
16:58:34 core.sweep_detector INFO: SweepDetector v2: 3 raw â†’ 3 confirmed (volâ‰Ą2.5Ă— bodyâ‰Ą30%)
16:58:34 core.sweep_detector INFO: OrderBlocks: 2 detected, 0 unmitigated
16:58:34 core.sweep_detector INFO: FVGs: 12 detected, 0 unfilled
16:58:36 core.sweep_detector INFO: SweepDetector v2: 2 raw â†’ 2 confirmed (volâ‰Ą2.5Ă— bodyâ‰Ą30%)
16:58:36 core.sweep_detector INFO: OrderBlocks: 7 detected, 2 unmitigated
16:58:36 core.sweep_detector INFO: FVGs: 8 detected, 3 unfilled
16:58:38 core.sweep_detector INFO: SweepDetector v2: 2 raw â†’ 2 confirmed (volâ‰Ą2.5Ă— bodyâ‰Ą30%)
16:58:38 core.sweep_detector INFO: OrderBlocks: 4 detected, 1 unmitigated
16:58:38 core.sweep_detector INFO: FVGs: 4 detected, 0 unfilled
16:58:40 core.sweep_detector INFO: SweepDetector v2: 0 raw â†’ 0 confirmed (volâ‰Ą2.5Ă— bodyâ‰Ą30%)
16:58:40 core.sweep_detector INFO: OrderBlocks: 6 detected, 1 unmitigated
16:58:40 core.sweep_detector INFO: FVGs: 8 detected, 0 unfilled
16:58:43 core.sweep_detector INFO: SweepDetector v2: 0 raw â†’ 0 confirmed (volâ‰Ą2.5Ă— bodyâ‰Ą30%)
16:58:43 core.sweep_detector INFO: OrderBlocks: 2 detected, 1 unmitigated
16:58:43 core.sweep_detector INFO: FVGs: 0 detected, 0 unfilled
16:58:44 core.sweep_detector INFO: SweepDetector v2: 0 raw â†’ 0 confirmed (volâ‰Ą2.5Ă— bodyâ‰Ą30%)
16:58:44 core.sweep_detector INFO: OrderBlocks: 5 detected, 0 unmitigated
16:58:44 core.sweep_detector INFO: FVGs: 0 detected, 0 unfilled
16:58:46 core.sweep_detector INFO: SweepDetector v2: 0 raw â†’ 0 confirmed (volâ‰Ą2.5Ă— bodyâ‰Ą30%)
16:58:46 core.sweep_detector INFO: OrderBlocks: 0 detected, 0 unmitigated
16:58:46 core.sweep_detector INFO: FVGs: 0 detected, 0 unfilled
16:58:48 core.sweep_detector INFO: SweepDetector v2: 2 raw â†’ 0 confirmed (volâ‰Ą2.5Ă— bodyâ‰Ą30%)
16:58:48 core.sweep_detector INFO: OrderBlocks: 7 detected, 3 unmitigated
16:58:48 core.sweep_detector INFO: FVGs: 6 detected, 1 unfilled
16:58:49 core.sweep_detector INFO: SweepDetector v2: 1 raw â†’ 1 confirmed (volâ‰Ą2.5Ă— bodyâ‰Ą30%)
16:58:49 core.sweep_detector INFO: OrderBlocks: 10 detected, 4 unmitigated
16:58:49 core.sweep_detector INFO: FVGs: 9 detected, 2 unfilled
16:58:51 core.sweep_detector INFO: SweepDetector v2: 4 raw â†’ 4 confirmed (volâ‰Ą2.5Ă— bodyâ‰Ą30%)
16:58:51 core.sweep_detector INFO: OrderBlocks: 4 detected, 0 unmitigated
16:58:51 core.sweep_detector INFO: FVGs: 8 detected, 4 unfilled
16:58:53 core.sweep_detector INFO: SweepDetector v2: 6 raw â†’ 3 confirmed (volâ‰Ą2.5Ă— bodyâ‰Ą30%)
16:58:53 core.sweep_detector INFO: OrderBlocks: 9 detected, 3 unmitigated
16:58:53 core.sweep_detector INFO: FVGs: 11 detected, 4 unfilled
16:58:54 core.sweep_detector INFO: SweepDetector v2: 1 raw â†’ 1 confirmed (volâ‰Ą2.5Ă— bodyâ‰Ą30%)
16:58:54 core.sweep_detector INFO: OrderBlocks: 5 detected, 1 unmitigated
16:58:54 core.sweep_detector INFO: FVGs: 10 detected, 2 unfilled
16:58:56 core.sweep_detector INFO: SweepDetector v2: 3 raw â†’ 2 confirmed (volâ‰Ą2.5Ă— bodyâ‰Ą30%)
16:58:56 core.sweep_detector INFO: OrderBlocks: 7 detected, 3 unmitigated
16:58:56 core.sweep_detector INFO: FVGs: 12 detected, 5 unfilled
16:58:58 core.sweep_detector INFO: SweepDetector v2: 1 raw â†’ 1 confirmed (volâ‰Ą2.5Ă— bodyâ‰Ą30%)
16:58:58 core.sweep_detector INFO: OrderBlocks: 7 detected, 2 unmitigated
16:58:58 core.sweep_detector INFO: FVGs: 7 detected, 1 unfilled
16:58:59 core.sweep_detector INFO: SweepDetector v2: 2 raw â†’ 1 confirmed (volâ‰Ą2.5Ă— bodyâ‰Ą30%)
16:59:00 core.sweep_detector INFO: OrderBlocks: 1 detected, 0 unmitigated
16:59:00 core.sweep_detector INFO: FVGs: 12 detected, 3 unfilled
16:59:01 core.sweep_detector INFO: SweepDetector v2: 0 raw â†’ 0 confirmed (volâ‰Ą2.5Ă— bodyâ‰Ą30%)
16:59:01 core.sweep_detector INFO: OrderBlocks: 6 detected, 1 unmitigated
16:59:01 core.sweep_detector INFO: FVGs: 7 detected, 1 unfilled
16:59:03 core.sweep_detector INFO: SweepDetector v2: 0 raw â†’ 0 confirmed (volâ‰Ą2.5Ă— bodyâ‰Ą30%)
16:59:03 core.sweep_detector INFO: OrderBlocks: 7 detected, 3 unmitigated
16:59:03 core.sweep_detector INFO: FVGs: 10 detected, 3 unfilled
16:59:06 core.sweep_detector INFO: SweepDetector v2: 0 raw â†’ 0 confirmed (volâ‰Ą2.5Ă— bodyâ‰Ą30%)
16:59:06 core.sweep_detector INFO: OrderBlocks: 11 detected, 2 unmitigated
16:59:06 core.sweep_detector INFO: FVGs: 7 detected, 1 unfilled
16:59:08 core.sweep_detector INFO: SweepDetector v2: 4 raw â†’ 3 confirmed (volâ‰Ą2.5Ă— bodyâ‰Ą30%)
16:59:08 core.sweep_detector INFO: OrderBlocks: 5 detected, 3 unmitigated
16:59:08 core.sweep_detector INFO: FVGs: 5 detected, 2 unfilled
16:59:09 core.sweep_detector INFO: SweepDetector v2: 2 raw â†’ 2 confirmed (volâ‰Ą2.5Ă— bodyâ‰Ą30%)
16:59:09 core.sweep_detector INFO: OrderBlocks: 5 detected, 1 unmitigated
16:59:09 core.sweep_detector INFO: FVGs: 6 detected, 4 unfilled
16:59:11 core.sweep_detector INFO: SweepDetector v2: 1 raw â†’ 1 confirmed (volâ‰Ą2.5Ă— bodyâ‰Ą30%)
16:59:11 core.sweep_detector INFO: OrderBlocks: 5 detected, 3 unmitigated
16:59:11 core.sweep_detector INFO: FVGs: 5 detected, 2 unfilled
16:59:13 core.sweep_detector INFO: SweepDetector v2: 2 raw â†’ 2 confirmed (volâ‰Ą2.5Ă— bodyâ‰Ą30%)
16:59:13 core.sweep_detector INFO: OrderBlocks: 7 detected, 3 unmitigated
16:59:13 core.sweep_detector INFO: FVGs: 5 detected, 2 unfilled
/root/.openclaw/workspace/projects/crypto-liquidity-hunter/main.py:555: DeprecationWarning: datetime.datetime.utcnow() is deprecated and scheduled for removal in a future version. Use timezone-aware objects to represent datetimes in UTC: datetime.datetime.now(datetime.UTC).
  scan_end     = datetime.utcnow()

=== SCAN ALL: 101 pairs, 3 timeframes ===
Total signals generated: 0
