00:35:02 __main__ INFO: Volume filter: fetching all tickers in one call...
00:35:04 __main__ INFO: Volume filter: 92/447 pairs pass $2M threshold
/root/.openclaw/workspace/projects/crypto-liquidity-hunter/main.py:292: DeprecationWarning: datetime.datetime.utcnow() is deprecated and scheduled for removal in a future version. Use timezone-aware objects to represent datetimes in UTC: datetime.datetime.now(datetime.UTC).
  scan_start = datetime.utcnow()   # for duration tracking
00:35:05 core.binance_connector INFO: BinanceConnector: connected [LIVE FUTURES MAINNET]
00:35:05 __main__ INFO: Auto-executor: account 'Liquiddbot1' mode=live exec=auto
00:35:07 core.sweep_detector INFO: SweepDetector v2: 0 raw â†’ 0 confirmed (volâ‰Ą2.5Ă— bodyâ‰Ą30%)
00:35:07 core.sweep_detector INFO: OrderBlocks: 8 detected, 4 unmitigated
00:35:07 core.sweep_detector INFO: FVGs: 12 detected, 6 unfilled
00:35:09 core.sweep_detector INFO: SweepDetector v2: 2 raw â†’ 2 confirmed (volâ‰Ą2.5Ă— bodyâ‰Ą30%)
00:35:09 core.sweep_detector INFO: OrderBlocks: 3 detected, 0 unmitigated
00:35:09 core.sweep_detector INFO: FVGs: 5 detected, 1 unfilled
00:35:11 core.sweep_detector INFO: SweepDetector v2: 2 raw â†’ 2 confirmed (volâ‰Ą2.5Ă— bodyâ‰Ą30%)
00:35:11 core.sweep_detector INFO: OrderBlocks: 5 detected, 1 unmitigated
00:35:11 core.sweep_detector INFO: FVGs: 7 detected, 2 unfilled
00:35:13 core.sweep_detector INFO: SweepDetector v2: 1 raw â†’ 1 confirmed (volâ‰Ą2.5Ă— bodyâ‰Ą30%)
00:35:13 core.sweep_detector INFO: OrderBlocks: 6 detected, 0 unmitigated
00:35:13 core.sweep_detector INFO: FVGs: 10 detected, 4 unfilled
00:35:15 core.sweep_detector INFO: SweepDetector v2: 2 raw â†’ 1 confirmed (volâ‰Ą2.5Ă— bodyâ‰Ą30%)
00:35:15 core.sweep_detector INFO: OrderBlocks: 3 detected, 1 unmitigated
00:35:15 core.sweep_detector INFO: FVGs: 4 detected, 2 unfilled
00:35:17 core.sweep_detector INFO: SweepDetector v2: 1 raw â†’ 1 confirmed (volâ‰Ą2.5Ă— bodyâ‰Ą30%)
00:35:17 core.sweep_detector INFO: OrderBlocks: 7 detected, 1 unmitigated
00:35:17 core.sweep_detector INFO: FVGs: 3 detected, 1 unfilled
00:35:19 core.sweep_detector INFO: SweepDetector v2: 3 raw â†’ 2 confirmed (volâ‰Ą2.5Ă— bodyâ‰Ą30%)
00:35:19 core.sweep_detector INFO: OrderBlocks: 7 detected, 0 unmitigated
00:35:19 core.sweep_detector INFO: FVGs: 9 detected, 0 unfilled
00:35:21 core.sweep_detector INFO: SweepDetector v2: 1 raw â†’ 0 confirmed (volâ‰Ą2.5Ă— bodyâ‰Ą30%)
00:35:21 core.sweep_detector INFO: OrderBlocks: 4 detected, 1 unmitigated
00:35:21 core.sweep_detector INFO: FVGs: 8 detected, 2 unfilled
00:35:22 core.sweep_detector INFO: SweepDetector v2: 2 raw â†’ 2 confirmed (volâ‰Ą2.5Ă— bodyâ‰Ą30%)
00:35:22 core.sweep_detector INFO: OrderBlocks: 2 detected, 0 unmitigated
00:35:22 core.sweep_detector INFO: FVGs: 6 detected, 2 unfilled
00:35:24 core.sweep_detector INFO: SweepDetector v2: 2 raw â†’ 1 confirmed (volâ‰Ą2.5Ă— bodyâ‰Ą30%)
00:35:24 core.sweep_detector INFO: OrderBlocks: 7 detected, 2 unmitigated
00:35:24 core.sweep_detector INFO: FVGs: 8 detected, 2 unfilled
00:35:25 core.sweep_detector INFO: SweepDetector v2: 1 raw â†’ 1 confirmed (volâ‰Ą2.5Ă— bodyâ‰Ą30%)
00:35:25 core.sweep_detector INFO: OrderBlocks: 2 detected, 0 unmitigated
00:35:25 core.sweep_detector INFO: FVGs: 8 detected, 3 unfilled
00:35:27 core.sweep_detector INFO: SweepDetector v2: 3 raw â†’ 2 confirmed (volâ‰Ą2.5Ă— bodyâ‰Ą30%)
00:35:27 core.sweep_detector INFO: OrderBlocks: 4 detected, 0 unmitigated
00:35:27 core.sweep_detector INFO: FVGs: 5 detected, 1 unfilled
00:35:29 core.sweep_detector INFO: SweepDetector v2: 2 raw â†’ 1 confirmed (volâ‰Ą2.5Ă— bodyâ‰Ą30%)
00:35:29 core.sweep_detector INFO: OrderBlocks: 4 detected, 3 unmitigated
00:35:29 core.sweep_detector INFO: FVGs: 10 detected, 4 unfilled
00:35:31 core.sweep_detector INFO: SweepDetector v2: 1 raw â†’ 1 confirmed (volâ‰Ą2.5Ă— bodyâ‰Ą30%)
00:35:31 core.sweep_detector INFO: OrderBlocks: 3 detected, 1 unmitigated
00:35:31 core.sweep_detector INFO: FVGs: 6 detected, 1 unfilled
00:35:32 core.sweep_detector INFO: SweepDetector v2: 2 raw â†’ 2 confirmed (volâ‰Ą2.5Ă— bodyâ‰Ą30%)
00:35:32 core.sweep_detector INFO: OrderBlocks: 3 detected, 0 unmitigated
00:35:32 core.sweep_detector INFO: FVGs: 6 detected, 1 unfilled
00:35:34 core.sweep_detector INFO: SweepDetector v2: 5 raw â†’ 5 confirmed (volâ‰Ą2.5Ă— bodyâ‰Ą30%)
00:35:34 core.sweep_detector INFO: OrderBlocks: 1 detected, 0 unmitigated
00:35:34 core.sweep_detector INFO: FVGs: 3 detected, 0 unfilled
00:35:35 core.sweep_detector INFO: SweepDetector v2: 2 raw â†’ 2 confirmed (volâ‰Ą2.5Ă— bodyâ‰Ą30%)
00:35:35 core.sweep_detector INFO: OrderBlocks: 4 detected, 0 unmitigated
00:35:35 core.sweep_detector INFO: FVGs: 1 detected, 0 unfilled
00:35:36 __main__ INFO: Pending signal #37: binance:ASTER/USDT long entry=0.653 current=0.663 dist=1.51% expires=8h
00:35:36 alerts.telegram INFO: Alert suppressed (binance:ASTER/USDT long): conf 0.62 < threshold 0.80
00:35:37 core.sweep_detector INFO: SweepDetector v2: 1 raw â†’ 1 confirmed (volâ‰Ą2.5Ă— bodyâ‰Ą30%)
00:35:37 core.sweep_detector INFO: OrderBlocks: 0 detected, 0 unmitigated
00:35:37 core.sweep_detector INFO: FVGs: 2 detected, 1 unfilled
00:35:37 __main__ INFO: Pending signal #37: binance:ASTER/USDT long entry=0.653 current=0.663 dist=1.51% expires=2h
00:35:37 alerts.telegram INFO: Alert suppressed (binance:ASTER/USDT long): conf 0.72 < threshold 0.80
00:35:38 core.sweep_detector INFO: SweepDetector v2: 2 raw â†’ 2 confirmed (volâ‰Ą2.5Ă— bodyâ‰Ą30%)
00:35:38 core.sweep_detector INFO: OrderBlocks: 2 detected, 1 unmitigated
00:35:38 core.sweep_detector INFO: FVGs: 12 detected, 6 unfilled
00:35:40 core.sweep_detector INFO: SweepDetector v2: 1 raw â†’ 1 confirmed (volâ‰Ą2.5Ă— bodyâ‰Ą30%)
00:35:40 core.sweep_detector INFO: OrderBlocks: 2 detected, 1 unmitigated
00:35:40 core.sweep_detector INFO: FVGs: 5 detected, 1 unfilled
00:35:42 core.sweep_detector INFO: SweepDetector v2: 2 raw â†’ 2 confirmed (volâ‰Ą2.5Ă— bodyâ‰Ą30%)
00:35:42 core.sweep_detector INFO: OrderBlocks: 5 detected, 0 unmitigated
00:35:42 core.sweep_detector INFO: FVGs: 4 detected, 1 unfilled
00:35:43 core.sweep_detector INFO: SweepDetector v2: 2 raw â†’ 2 confirmed (volâ‰Ą2.5Ă— bodyâ‰Ą30%)
00:35:43 core.sweep_detector INFO: OrderBlocks: 5 detected, 0 unmitigated
00:35:43 core.sweep_detector INFO: FVGs: 4 detected, 0 unfilled
00:35:45 core.sweep_detector INFO: SweepDetector v2: 1 raw â†’ 1 confirmed (volâ‰Ą2.5Ă— bodyâ‰Ą30%)
00:35:45 core.sweep_detector INFO: OrderBlocks: 5 detected, 0 unmitigated
00:35:45 core.sweep_detector INFO: FVGs: 11 detected, 1 unfilled
00:35:46 core.sweep_detector INFO: SweepDetector v2: 2 raw â†’ 1 confirmed (volâ‰Ą2.5Ă— bodyâ‰Ą30%)
00:35:46 core.sweep_detector INFO: OrderBlocks: 4 detected, 1 unmitigated
00:35:46 core.sweep_detector INFO: FVGs: 15 detected, 5 unfilled
00:35:48 core.sweep_detector INFO: SweepDetector v2: 1 raw â†’ 1 confirmed (volâ‰Ą2.5Ă— bodyâ‰Ą30%)
00:35:48 core.sweep_detector INFO: OrderBlocks: 6 detected, 2 unmitigated
00:35:48 core.sweep_detector INFO: FVGs: 8 detected, 3 unfilled
00:35:51 core.sweep_detector INFO: SweepDetector v2: 0 raw â†’ 0 confirmed (volâ‰Ą2.5Ă— bodyâ‰Ą30%)
00:35:51 core.sweep_detector INFO: OrderBlocks: 4 detected, 2 unmitigated
00:35:51 core.sweep_detector INFO: FVGs: 8 detected, 3 unfilled
00:35:53 core.sweep_detector INFO: SweepDetector v2: 1 raw â†’ 1 confirmed (volâ‰Ą2.5Ă— bodyâ‰Ą30%)
00:35:53 core.sweep_detector INFO: OrderBlocks: 5 detected, 0 unmitigated
00:35:53 core.sweep_detector INFO: FVGs: 7 detected, 3 unfilled
00:35:56 core.sweep_detector INFO: SweepDetector v2: 4 raw â†’ 4 confirmed (volâ‰Ą2.5Ă— bodyâ‰Ą30%)
00:35:56 core.sweep_detector INFO: OrderBlocks: 2 detected, 2 unmitigated
00:35:56 core.sweep_detector INFO: FVGs: 14 detected, 3 unfilled
00:36:00 core.sweep_detector INFO: SweepDetector v2: 2 raw â†’ 1 confirmed (volâ‰Ą2.5Ă— bodyâ‰Ą30%)
00:36:00 core.sweep_detector INFO: OrderBlocks: 7 detected, 2 unmitigated
00:36:00 core.sweep_detector INFO: FVGs: 14 detected, 3 unfilled
00:36:03 core.sweep_detector INFO: SweepDetector v2: 1 raw â†’ 0 confirmed (volâ‰Ą2.5Ă— bodyâ‰Ą30%)
00:36:03 core.sweep_detector INFO: OrderBlocks: 4 detected, 2 unmitigated
00:36:03 core.sweep_detector INFO: FVGs: 7 detected, 3 unfilled
00:36:06 core.sweep_detector INFO: SweepDetector v2: 0 raw â†’ 0 confirmed (volâ‰Ą2.5Ă— bodyâ‰Ą30%)
00:36:06 core.sweep_detector INFO: OrderBlocks: 3 detected, 1 unmitigated
00:36:06 core.sweep_detector INFO: FVGs: 6 detected, 2 unfilled
00:36:07 core.sweep_detector INFO: SweepDetector v2: 3 raw â†’ 3 confirmed (volâ‰Ą2.5Ă— bodyâ‰Ą30%)
00:36:07 core.sweep_detector INFO: OrderBlocks: 1 detected, 1 unmitigated
00:36:07 core.sweep_detector INFO: FVGs: 5 detected, 3 unfilled
00:36:10 core.sweep_detector INFO: SweepDetector v2: 2 raw â†’ 2 confirmed (volâ‰Ą2.5Ă— bodyâ‰Ą30%)
00:36:10 core.sweep_detector INFO: OrderBlocks: 6 detected, 4 unmitigated
00:36:10 core.sweep_detector INFO: FVGs: 10 detected, 8 unfilled
00:36:11 core.sweep_detector INFO: SweepDetector v2: 0 raw â†’ 0 confirmed (volâ‰Ą2.5Ă— bodyâ‰Ą30%)
00:36:11 core.sweep_detector INFO: OrderBlocks: 0 detected, 0 unmitigated
00:36:11 core.sweep_detector INFO: FVGs: 0 detected, 0 unfilled
00:36:13 core.sweep_detector INFO: SweepDetector v2: 0 raw â†’ 0 confirmed (volâ‰Ą2.5Ă— bodyâ‰Ą30%)
00:36:13 core.sweep_detector INFO: OrderBlocks: 1 detected, 0 unmitigated
00:36:13 core.sweep_detector INFO: FVGs: 0 detected, 0 unfilled
00:36:15 core.sweep_detector INFO: SweepDetector v2: 0 raw â†’ 0 confirmed (volâ‰Ą2.5Ă— bodyâ‰Ą30%)
00:36:15 core.sweep_detector INFO: OrderBlocks: 0 detected, 0 unmitigated
00:36:15 core.sweep_detector INFO: FVGs: 0 detected, 0 unfilled
00:36:17 core.sweep_detector INFO: SweepDetector v2: 4 raw â†’ 4 confirmed (volâ‰Ą2.5Ă— bodyâ‰Ą30%)
00:36:17 core.sweep_detector INFO: OrderBlocks: 3 detected, 1 unmitigated
00:36:17 core.sweep_detector INFO: FVGs: 3 detected, 1 unfilled
00:36:18 core.sweep_detector INFO: SweepDetector v2: 3 raw â†’ 3 confirmed (volâ‰Ą2.5Ă— bodyâ‰Ą30%)
00:36:18 core.sweep_detector INFO: OrderBlocks: 3 detected, 1 unmitigated
00:36:18 core.sweep_detector INFO: FVGs: 6 detected, 2 unfilled
00:36:20 core.sweep_detector INFO: SweepDetector v2: 5 raw â†’ 3 confirmed (volâ‰Ą2.5Ă— bodyâ‰Ą30%)
00:36:20 core.sweep_detector INFO: OrderBlocks: 5 detected, 2 unmitigated
00:36:20 core.sweep_detector INFO: FVGs: 5 detected, 0 unfilled
00:36:22 core.sweep_detector INFO: SweepDetector v2: 1 raw â†’ 1 confirmed (volâ‰Ą2.5Ă— bodyâ‰Ą30%)
00:36:22 core.sweep_detector INFO: OrderBlocks: 6 detected, 4 unmitigated
00:36:22 core.sweep_detector INFO: FVGs: 10 detected, 4 unfilled
00:36:23 core.sweep_detector INFO: SweepDetector v2: 1 raw â†’ 1 confirmed (volâ‰Ą2.5Ă— bodyâ‰Ą30%)
00:36:23 core.sweep_detector INFO: OrderBlocks: 4 detected, 1 unmitigated
00:36:23 core.sweep_detector INFO: FVGs: 5 detected, 0 unfilled
00:36:25 core.sweep_detector INFO: SweepDetector v2: 1 raw â†’ 1 confirmed (volâ‰Ą2.5Ă— bodyâ‰Ą30%)
00:36:25 core.sweep_detector INFO: OrderBlocks: 6 detected, 0 unmitigated
00:36:25 core.sweep_detector INFO: FVGs: 5 detected, 1 unfilled
00:36:27 core.sweep_detector INFO: SweepDetector v2: 1 raw â†’ 1 confirmed (volâ‰Ą2.5Ă— bodyâ‰Ą30%)
00:36:27 core.sweep_detector INFO: OrderBlocks: 5 detected, 0 unmitigated
00:36:27 core.sweep_detector INFO: FVGs: 7 detected, 3 unfilled
00:36:28 core.sweep_detector INFO: SweepDetector v2: 1 raw â†’ 1 confirmed (volâ‰Ą2.5Ă— bodyâ‰Ą30%)
00:36:28 core.sweep_detector INFO: OrderBlocks: 2 detected, 0 unmitigated
00:36:28 core.sweep_detector INFO: FVGs: 8 detected, 1 unfilled
00:36:30 core.sweep_detector INFO: SweepDetector v2: 1 raw â†’ 1 confirmed (volâ‰Ą2.5Ă— bodyâ‰Ą30%)
00:36:30 core.sweep_detector INFO: OrderBlocks: 5 detected, 0 unmitigated
00:36:30 core.sweep_detector INFO: FVGs: 6 detected, 1 unfilled
00:36:32 core.sweep_detector INFO: SweepDetector v2: 0 raw â†’ 0 confirmed (volâ‰Ą2.5Ă— bodyâ‰Ą30%)
00:36:32 core.sweep_detector INFO: OrderBlocks: 4 detected, 2 unmitigated
00:36:32 core.sweep_detector INFO: FVGs: 7 detected, 2 unfilled
00:36:33 core.sweep_detector INFO: SweepDetector v2: 1 raw â†’ 1 confirmed (volâ‰Ą2.5Ă— bodyâ‰Ą30%)
00:36:33 core.sweep_detector INFO: OrderBlocks: 3 detected, 0 unmitigated
00:36:33 core.sweep_detector INFO: FVGs: 7 detected, 0 unfilled
00:36:35 core.sweep_detector INFO: SweepDetector v2: 1 raw â†’ 1 confirmed (volâ‰Ą2.5Ă— bodyâ‰Ą30%)
00:36:35 core.sweep_detector INFO: OrderBlocks: 6 detected, 0 unmitigated
00:36:35 core.sweep_detector INFO: FVGs: 4 detected, 1 unfilled
00:36:35 __main__ INFO: Pending signal #40: binance:BTC/USDT long entry=65430.2 current=66510.1 dist=1.62% expires=2h
00:36:35 alerts.telegram INFO: Alert suppressed (binance:BTC/USDT long): conf 0.65 < threshold 0.80
00:36:36 core.sweep_detector INFO: SweepDetector v2: 7 raw â†’ 5 confirmed (volâ‰Ą2.5Ă— bodyâ‰Ą30%)
00:36:36 core.sweep_detector INFO: OrderBlocks: 4 detected, 2 unmitigated
00:36:36 core.sweep_detector INFO: FVGs: 10 detected, 4 unfilled
00:36:38 core.sweep_detector INFO: SweepDetector v2: 5 raw â†’ 2 confirmed (volâ‰Ą2.5Ă— bodyâ‰Ą30%)
00:36:38 core.sweep_detector INFO: OrderBlocks: 3 detected, 1 unmitigated
00:36:38 core.sweep_detector INFO: FVGs: 7 detected, 1 unfilled
00:36:40 core.sweep_detector INFO: SweepDetector v2: 2 raw â†’ 1 confirmed (volâ‰Ą2.5Ă— bodyâ‰Ą30%)
00:36:40 core.sweep_detector INFO: OrderBlocks: 3 detected, 0 unmitigated
00:36:40 core.sweep_detector INFO: FVGs: 11 detected, 3 unfilled
00:36:42 core.sweep_detector INFO: SweepDetector v2: 1 raw â†’ 1 confirmed (volâ‰Ą2.5Ă— bodyâ‰Ą30%)
00:36:42 core.sweep_detector INFO: OrderBlocks: 7 detected, 2 unmitigated
00:36:42 core.sweep_detector INFO: FVGs: 10 detected, 2 unfilled
00:36:44 core.sweep_detector INFO: SweepDetector v2: 2 raw â†’ 1 confirmed (volâ‰Ą2.5Ă— bodyâ‰Ą30%)
00:36:44 core.sweep_detector INFO: OrderBlocks: 5 detected, 4 unmitigated
00:36:44 core.sweep_detector INFO: FVGs: 5 detected, 1 unfilled
00:36:45 core.sweep_detector INFO: SweepDetector v2: 2 raw â†’ 2 confirmed (volâ‰Ą2.5Ă— bodyâ‰Ą30%)
00:36:45 core.sweep_detector INFO: OrderBlocks: 6 detected, 1 unmitigated
00:36:45 core.sweep_detector INFO: FVGs: 3 detected, 1 unfilled
00:36:47 core.sweep_detector INFO: SweepDetector v2: 0 raw â†’ 0 confirmed (volâ‰Ą2.5Ă— bodyâ‰Ą30%)
00:36:47 core.sweep_detector INFO: OrderBlocks: 6 detected, 3 unmitigated
00:36:47 core.sweep_detector INFO: FVGs: 6 detected, 3 unfilled
00:36:49 core.sweep_detector INFO: SweepDetector v2: 1 raw â†’ 1 confirmed (volâ‰Ą2.5Ă— bodyâ‰Ą30%)
00:36:49 core.sweep_detector INFO: OrderBlocks: 8 detected, 3 unmitigated
00:36:49 core.sweep_detector INFO: FVGs: 5 detected, 3 unfilled
00:36:50 core.sweep_detector INFO: SweepDetector v2: 1 raw â†’ 0 confirmed (volâ‰Ą2.5Ă— bodyâ‰Ą30%)
00:36:50 core.sweep_detector INFO: OrderBlocks: 4 detected, 0 unmitigated
00:36:50 core.sweep_detector INFO: FVGs: 9 detected, 0 unfilled
00:36:52 core.sweep_detector INFO: SweepDetector v2: 1 raw â†’ 0 confirmed (volâ‰Ą2.5Ă— bodyâ‰Ą30%)
00:36:52 core.sweep_detector INFO: OrderBlocks: 2 detected, 2 unmitigated
00:36:52 core.sweep_detector INFO: FVGs: 8 detected, 6 unfilled
00:36:54 core.sweep_detector INFO: SweepDetector v2: 1 raw â†’ 0 confirmed (volâ‰Ą2.5Ă— bodyâ‰Ą30%)
00:36:54 core.sweep_detector INFO: OrderBlocks: 5 detected, 2 unmitigated
00:36:54 core.sweep_detector INFO: FVGs: 6 detected, 4 unfilled
00:36:56 core.sweep_detector INFO: SweepDetector v2: 2 raw â†’ 1 confirmed (volâ‰Ą2.5Ă— bodyâ‰Ą30%)
00:36:56 core.sweep_detector INFO: OrderBlocks: 5 detected, 3 unmitigated
00:36:56 core.sweep_detector INFO: FVGs: 5 detected, 3 unfilled
00:36:57 core.sweep_detector INFO: SweepDetector v2: 0 raw â†’ 0 confirmed (volâ‰Ą2.5Ă— bodyâ‰Ą30%)
00:36:57 core.sweep_detector INFO: OrderBlocks: 5 detected, 1 unmitigated
00:36:57 core.sweep_detector INFO: FVGs: 10 detected, 5 unfilled
00:36:59 core.sweep_detector INFO: SweepDetector v2: 3 raw â†’ 2 confirmed (volâ‰Ą2.5Ă— bodyâ‰Ą30%)
00:36:59 core.sweep_detector INFO: OrderBlocks: 6 detected, 2 unmitigated
00:36:59 core.sweep_detector INFO: FVGs: 14 detected, 6 unfilled
00:37:00 core.sweep_detector INFO: SweepDetector v2: 0 raw â†’ 0 confirmed (volâ‰Ą2.5Ă— bodyâ‰Ą30%)
00:37:00 core.sweep_detector INFO: OrderBlocks: 4 detected, 0 unmitigated
00:37:00 core.sweep_detector INFO: FVGs: 9 detected, 2 unfilled
00:37:02 core.sweep_detector INFO: SweepDetector v2: 0 raw â†’ 0 confirmed (volâ‰Ą2.5Ă— bodyâ‰Ą30%)
00:37:02 core.sweep_detector INFO: OrderBlocks: 8 detected, 2 unmitigated
00:37:02 core.sweep_detector INFO: FVGs: 14 detected, 3 unfilled
00:37:04 core.sweep_detector INFO: SweepDetector v2: 3 raw â†’ 2 confirmed (volâ‰Ą2.5Ă— bodyâ‰Ą30%)
00:37:04 core.sweep_detector INFO: OrderBlocks: 3 detected, 0 unmitigated
00:37:04 core.sweep_detector INFO: FVGs: 9 detected, 2 unfilled
00:37:05 core.sweep_detector INFO: SweepDetector v2: 1 raw â†’ 1 confirmed (volâ‰Ą2.5Ă— bodyâ‰Ą30%)
00:37:05 core.sweep_detector INFO: OrderBlocks: 4 detected, 0 unmitigated
00:37:05 core.sweep_detector INFO: FVGs: 8 detected, 1 unfilled
00:37:07 core.sweep_detector INFO: SweepDetector v2: 4 raw â†’ 3 confirmed (volâ‰Ą2.5Ă— bodyâ‰Ą30%)
00:37:07 core.sweep_detector INFO: OrderBlocks: 4 detected, 1 unmitigated
00:37:07 core.sweep_detector INFO: FVGs: 8 detected, 0 unfilled
00:37:09 core.sweep_detector INFO: SweepDetector v2: 5 raw â†’ 4 confirmed (volâ‰Ą2.5Ă— bodyâ‰Ą30%)
00:37:09 core.sweep_detector INFO: OrderBlocks: 3 detected, 0 unmitigated
00:37:09 core.sweep_detector INFO: FVGs: 9 detected, 0 unfilled
00:37:10 core.sweep_detector INFO: SweepDetector v2: 4 raw â†’ 3 confirmed (volâ‰Ą2.5Ă— bodyâ‰Ą30%)
00:37:10 core.sweep_detector INFO: OrderBlocks: 4 detected, 1 unmitigated
00:37:10 core.sweep_detector INFO: FVGs: 9 detected, 3 unfilled
00:37:12 core.sweep_detector INFO: SweepDetector v2: 3 raw â†’ 2 confirmed (volâ‰Ą2.5Ă— bodyâ‰Ą30%)
00:37:12 core.sweep_detector INFO: OrderBlocks: 5 detected, 1 unmitigated
00:37:12 core.sweep_detector INFO: FVGs: 5 detected, 1 unfilled
00:37:14 core.sweep_detector INFO: SweepDetector v2: 2 raw â†’ 1 confirmed (volâ‰Ą2.5Ă— bodyâ‰Ą30%)
00:37:14 core.sweep_detector INFO: OrderBlocks: 4 detected, 0 unmitigated
00:37:14 core.sweep_detector INFO: FVGs: 10 detected, 0 unfilled
00:37:16 core.sweep_detector INFO: SweepDetector v2: 0 raw â†’ 0 confirmed (volâ‰Ą2.5Ă— bodyâ‰Ą30%)
00:37:16 core.sweep_detector INFO: OrderBlocks: 8 detected, 1 unmitigated
00:37:16 core.sweep_detector INFO: FVGs: 5 detected, 2 unfilled
00:37:17 core.sweep_detector INFO: SweepDetector v2: 0 raw â†’ 0 confirmed (volâ‰Ą2.5Ă— bodyâ‰Ą30%)
00:37:17 core.sweep_detector INFO: OrderBlocks: 6 detected, 1 unmitigated
00:37:17 core.sweep_detector INFO: FVGs: 11 detected, 1 unfilled
00:37:19 core.sweep_detector INFO: SweepDetector v2: 4 raw â†’ 3 confirmed (volâ‰Ą2.5Ă— bodyâ‰Ą30%)
00:37:19 core.sweep_detector INFO: OrderBlocks: 2 detected, 1 unmitigated
00:37:19 core.sweep_detector INFO: FVGs: 10 detected, 1 unfilled
00:37:20 core.sweep_detector INFO: SweepDetector v2: 1 raw â†’ 1 confirmed (volâ‰Ą2.5Ă— bodyâ‰Ą30%)
00:37:20 core.sweep_detector INFO: OrderBlocks: 6 detected, 0 unmitigated
00:37:20 core.sweep_detector INFO: FVGs: 6 detected, 1 unfilled
00:37:22 core.sweep_detector INFO: SweepDetector v2: 1 raw â†’ 0 confirmed (volâ‰Ą2.5Ă— bodyâ‰Ą30%)
00:37:22 core.sweep_detector INFO: OrderBlocks: 4 detected, 1 unmitigated
00:37:22 core.sweep_detector INFO: FVGs: 10 detected, 2 unfilled
00:37:23 core.sweep_detector INFO: SweepDetector v2: 3 raw â†’ 3 confirmed (volâ‰Ą2.5Ă— bodyâ‰Ą30%)
00:37:23 core.sweep_detector INFO: OrderBlocks: 3 detected, 0 unmitigated
00:37:23 core.sweep_detector INFO: FVGs: 5 detected, 0 unfilled
00:37:25 core.sweep_detector INFO: SweepDetector v2: 1 raw â†’ 1 confirmed (volâ‰Ą2.5Ă— bodyâ‰Ą30%)
00:37:25 core.sweep_detector INFO: OrderBlocks: 2 detected, 0 unmitigated
00:37:25 core.sweep_detector INFO: FVGs: 6 detected, 2 unfilled
00:37:27 core.sweep_detector INFO: SweepDetector v2: 1 raw â†’ 1 confirmed (volâ‰Ą2.5Ă— bodyâ‰Ą30%)
00:37:27 core.sweep_detector INFO: OrderBlocks: 5 detected, 3 unmitigated
00:37:27 core.sweep_detector INFO: FVGs: 12 detected, 4 unfilled
00:37:28 core.sweep_detector INFO: SweepDetector v2: 4 raw â†’ 3 confirmed (volâ‰Ą2.5Ă— bodyâ‰Ą30%)
00:37:28 core.sweep_detector INFO: OrderBlocks: 3 detected, 0 unmitigated
00:37:28 core.sweep_detector INFO: FVGs: 6 detected, 1 unfilled
00:37:30 core.sweep_detector INFO: SweepDetector v2: 3 raw â†’ 2 confirmed (volâ‰Ą2.5Ă— bodyâ‰Ą30%)
00:37:30 core.sweep_detector INFO: OrderBlocks: 5 detected, 0 unmitigated
00:37:30 core.sweep_detector INFO: FVGs: 10 detected, 2 unfilled
00:37:32 core.sweep_detector INFO: SweepDetector v2: 2 raw â†’ 1 confirmed (volâ‰Ą2.5Ă— bodyâ‰Ą30%)
00:37:32 core.sweep_detector INFO: OrderBlocks: 5 detected, 0 unmitigated
00:37:32 core.sweep_detector INFO: FVGs: 7 detected, 0 unfilled
00:37:34 core.sweep_detector INFO: SweepDetector v2: 1 raw â†’ 0 confirmed (volâ‰Ą2.5Ă— bodyâ‰Ą30%)
00:37:34 core.sweep_detector INFO: OrderBlocks: 8 detected, 2 unmitigated
00:37:34 core.sweep_detector INFO: FVGs: 12 detected, 0 unfilled
00:37:36 core.sweep_detector INFO: SweepDetector v2: 4 raw â†’ 2 confirmed (volâ‰Ą2.5Ă— bodyâ‰Ą30%)
00:37:36 core.sweep_detector INFO: OrderBlocks: 3 detected, 1 unmitigated
00:37:36 core.sweep_detector INFO: FVGs: 5 detected, 0 unfilled
00:37:37 core.sweep_detector INFO: SweepDetector v2: 2 raw â†’ 1 confirmed (volâ‰Ą2.5Ă— bodyâ‰Ą30%)
00:37:37 core.sweep_detector INFO: OrderBlocks: 4 detected, 1 unmitigated
00:37:37 core.sweep_detector INFO: FVGs: 9 detected, 3 unfilled
00:37:39 core.sweep_detector INFO: SweepDetector v2: 3 raw â†’ 1 confirmed (volâ‰Ą2.5Ă— bodyâ‰Ą30%)
00:37:39 core.sweep_detector INFO: OrderBlocks: 4 detected, 0 unmitigated
00:37:39 core.sweep_detector INFO: FVGs: 8 detected, 0 unfilled
00:37:41 core.sweep_detector INFO: SweepDetector v2: 1 raw â†’ 1 confirmed (volâ‰Ą2.5Ă— bodyâ‰Ą30%)
00:37:41 core.sweep_detector INFO: OrderBlocks: 4 detected, 0 unmitigated
00:37:41 core.sweep_detector INFO: FVGs: 8 detected, 1 unfilled
00:37:42 core.sweep_detector INFO: SweepDetector v2: 0 raw â†’ 0 confirmed (volâ‰Ą2.5Ă— bodyâ‰Ą30%)
00:37:42 core.sweep_detector INFO: OrderBlocks: 3 detected, 0 unmitigated
00:37:42 core.sweep_detector INFO: FVGs: 0 detected, 0 unfilled
00:37:44 core.sweep_detector INFO: SweepDetector v2: 0 raw â†’ 0 confirmed (volâ‰Ą2.5Ă— bodyâ‰Ą30%)
00:37:44 core.sweep_detector INFO: OrderBlocks: 1 detected, 1 unmitigated
00:37:44 core.sweep_detector INFO: FVGs: 0 detected, 0 unfilled
00:37:45 core.sweep_detector INFO: SweepDetector v2: 0 raw â†’ 0 confirmed (volâ‰Ą2.5Ă— bodyâ‰Ą30%)
00:37:45 core.sweep_detector INFO: OrderBlocks: 7 detected, 1 unmitigated
00:37:45 core.sweep_detector INFO: FVGs: 0 detected, 0 unfilled
00:37:47 core.sweep_detector INFO: SweepDetector v2: 0 raw â†’ 0 confirmed (volâ‰Ą2.5Ă— bodyâ‰Ą30%)
00:37:47 core.sweep_detector INFO: OrderBlocks: 0 detected, 0 unmitigated
00:37:47 core.sweep_detector INFO: FVGs: 0 detected, 0 unfilled
00:37:49 core.sweep_detector INFO: SweepDetector v2: 0 raw â†’ 0 confirmed (volâ‰Ą2.5Ă— bodyâ‰Ą30%)
00:37:49 core.sweep_detector INFO: OrderBlocks: 0 detected, 0 unmitigated
00:37:49 core.sweep_detector INFO: FVGs: 0 detected, 0 unfilled
00:37:51 core.sweep_detector INFO: SweepDetector v2: 0 raw â†’ 0 confirmed (volâ‰Ą2.5Ă— bodyâ‰Ą30%)
00:37:51 core.sweep_detector INFO: OrderBlocks: 1 detected, 0 unmitigated
00:37:51 core.sweep_detector INFO: FVGs: 0 detected, 0 unfilled
00:37:52 core.sweep_detector INFO: SweepDetector v2: 0 raw â†’ 0 confirmed (volâ‰Ą2.5Ă— bodyâ‰Ą30%)
00:37:52 core.sweep_detector INFO: OrderBlocks: 5 detected, 1 unmitigated
00:37:52 core.sweep_detector INFO: FVGs: 12 detected, 2 unfilled
00:37:54 core.sweep_detector INFO: SweepDetector v2: 1 raw â†’ 1 confirmed (volâ‰Ą2.5Ă— bodyâ‰Ą30%)
00:37:54 core.sweep_detector INFO: OrderBlocks: 3 detected, 1 unmitigated
00:37:54 core.sweep_detector INFO: FVGs: 10 detected, 1 unfilled
00:37:56 core.sweep_detector INFO: SweepDetector v2: 2 raw â†’ 2 confirmed (volâ‰Ą2.5Ă— bodyâ‰Ą30%)
00:37:56 core.sweep_detector INFO: OrderBlocks: 8 detected, 1 unmitigated
00:37:56 core.sweep_detector INFO: FVGs: 7 detected, 5 unfilled
00:37:57 core.sweep_detector INFO: SweepDetector v2: 0 raw â†’ 0 confirmed (volâ‰Ą2.5Ă— bodyâ‰Ą30%)
00:37:57 core.sweep_detector INFO: OrderBlocks: 6 detected, 2 unmitigated
00:37:57 core.sweep_detector INFO: FVGs: 9 detected, 3 unfilled
00:37:59 core.sweep_detector INFO: SweepDetector v2: 2 raw â†’ 1 confirmed (volâ‰Ą2.5Ă— bodyâ‰Ą30%)
00:37:59 core.sweep_detector INFO: OrderBlocks: 3 detected, 2 unmitigated
00:37:59 core.sweep_detector INFO: FVGs: 10 detected, 1 unfilled
00:38:02 core.sweep_detector INFO: SweepDetector v2: 2 raw â†’ 2 confirmed (volâ‰Ą2.5Ă— bodyâ‰Ą30%)
00:38:02 core.sweep_detector INFO: OrderBlocks: 2 detected, 1 unmitigated
00:38:02 core.sweep_detector INFO: FVGs: 6 detected, 2 unfilled
00:38:04 core.sweep_detector INFO: SweepDetector v2: 2 raw â†’ 2 confirmed (volâ‰Ą2.5Ă— bodyâ‰Ą30%)
00:38:04 core.sweep_detector INFO: OrderBlocks: 6 detected, 0 unmitigated
00:38:04 core.sweep_detector INFO: FVGs: 7 detected, 0 unfilled
00:38:06 core.sweep_detector INFO: SweepDetector v2: 6 raw â†’ 6 confirmed (volâ‰Ą2.5Ă— bodyâ‰Ą30%)
00:38:06 core.sweep_detector INFO: OrderBlocks: 2 detected, 0 unmitigated
00:38:06 core.sweep_detector INFO: FVGs: 8 detected, 1 unfilled
00:38:08 core.sweep_detector INFO: SweepDetector v2: 5 raw â†’ 4 confirmed (volâ‰Ą2.5Ă— bodyâ‰Ą30%)
00:38:08 core.sweep_detector INFO: OrderBlocks: 5 detected, 1 unmitigated
00:38:08 core.sweep_detector INFO: FVGs: 11 detected, 4 unfilled
00:38:11 core.sweep_detector INFO: SweepDetector v2: 1 raw â†’ 1 confirmed (volâ‰Ą2.5Ă— bodyâ‰Ą30%)
00:38:11 core.sweep_detector INFO: OrderBlocks: 6 detected, 2 unmitigated
00:38:11 core.sweep_detector INFO: FVGs: 9 detected, 3 unfilled
00:38:12 core.sweep_detector INFO: SweepDetector v2: 1 raw â†’ 1 confirmed (volâ‰Ą2.5Ă— bodyâ‰Ą30%)
00:38:12 core.sweep_detector INFO: OrderBlocks: 2 detected, 1 unmitigated
00:38:12 core.sweep_detector INFO: FVGs: 6 detected, 1 unfilled
00:38:14 core.sweep_detector INFO: SweepDetector v2: 1 raw â†’ 1 confirmed (volâ‰Ą2.5Ă— bodyâ‰Ą30%)
00:38:14 core.sweep_detector INFO: OrderBlocks: 7 detected, 1 unmitigated
00:38:14 core.sweep_detector INFO: FVGs: 3 detected, 1 unfilled
00:38:16 core.sweep_detector INFO: SweepDetector v2: 2 raw â†’ 1 confirmed (volâ‰Ą2.5Ă— bodyâ‰Ą30%)
00:38:16 core.sweep_detector INFO: OrderBlocks: 8 detected, 2 unmitigated
00:38:16 core.sweep_detector INFO: FVGs: 14 detected, 6 unfilled
00:38:18 core.sweep_detector INFO: SweepDetector v2: 3 raw â†’ 3 confirmed (volâ‰Ą2.5Ă— bodyâ‰Ą30%)
00:38:18 core.sweep_detector INFO: OrderBlocks: 5 detected, 1 unmitigated
00:38:18 core.sweep_detector INFO: FVGs: 17 detected, 4 unfilled
00:38:19 core.sweep_detector INFO: SweepDetector v2: 2 raw â†’ 0 confirmed (volâ‰Ą2.5Ă— bodyâ‰Ą30%)
00:38:19 core.sweep_detector INFO: OrderBlocks: 6 detected, 2 unmitigated
00:38:19 core.sweep_detector INFO: FVGs: 15 detected, 5 unfilled
00:38:23 core.sweep_detector INFO: SweepDetector v2: 3 raw â†’ 2 confirmed (volâ‰Ą2.5Ă— bodyâ‰Ą30%)
00:38:23 core.sweep_detector INFO: OrderBlocks: 6 detected, 3 unmitigated
00:38:23 core.sweep_detector INFO: FVGs: 13 detected, 3 unfilled
00:38:24 core.sweep_detector INFO: SweepDetector v2: 2 raw â†’ 0 confirmed (volâ‰Ą2.5Ă— bodyâ‰Ą30%)
00:38:24 core.sweep_detector INFO: OrderBlocks: 9 detected, 4 unmitigated
00:38:24 core.sweep_detector INFO: FVGs: 14 detected, 3 unfilled
00:38:26 core.sweep_detector INFO: SweepDetector v2: 1 raw â†’ 0 confirmed (volâ‰Ą2.5Ă— bodyâ‰Ą30%)
00:38:26 core.sweep_detector INFO: OrderBlocks: 2 detected, 1 unmitigated
00:38:26 core.sweep_detector INFO: FVGs: 11 detected, 4 unfilled
00:38:28 core.sweep_detector INFO: SweepDetector v2: 2 raw â†’ 2 confirmed (volâ‰Ą2.5Ă— bodyâ‰Ą30%)
00:38:28 core.sweep_detector INFO: OrderBlocks: 8 detected, 2 unmitigated
00:38:28 core.sweep_detector INFO: FVGs: 8 detected, 4 unfilled
00:38:29 core.sweep_detector INFO: SweepDetector v2: 1 raw â†’ 1 confirmed (volâ‰Ą2.5Ă— bodyâ‰Ą30%)
00:38:29 core.sweep_detector INFO: OrderBlocks: 3 detected, 1 unmitigated
00:38:29 core.sweep_detector INFO: FVGs: 7 detected, 2 unfilled
00:38:31 core.sweep_detector INFO: SweepDetector v2: 3 raw â†’ 2 confirmed (volâ‰Ą2.5Ă— bodyâ‰Ą30%)
00:38:31 core.sweep_detector INFO: OrderBlocks: 9 detected, 0 unmitigated
00:38:31 core.sweep_detector INFO: FVGs: 5 detected, 1 unfilled
00:38:34 core.sweep_detector INFO: SweepDetector v2: 0 raw â†’ 0 confirmed (volâ‰Ą2.5Ă— bodyâ‰Ą30%)
00:38:34 core.sweep_detector INFO: OrderBlocks: 3 detected, 1 unmitigated
00:38:34 core.sweep_detector INFO: FVGs: 12 detected, 2 unfilled
00:38:36 core.sweep_detector INFO: SweepDetector v2: 0 raw â†’ 0 confirmed (volâ‰Ą2.5Ă— bodyâ‰Ą30%)
00:38:36 core.sweep_detector INFO: OrderBlocks: 5 detected, 1 unmitigated
00:38:36 core.sweep_detector INFO: FVGs: 9 detected, 1 unfilled
00:38:38 core.sweep_detector INFO: SweepDetector v2: 2 raw â†’ 2 confirmed (volâ‰Ą2.5Ă— bodyâ‰Ą30%)
00:38:38 core.sweep_detector INFO: OrderBlocks: 2 detected, 2 unmitigated
00:38:38 core.sweep_detector INFO: FVGs: 8 detected, 1 unfilled
00:38:41 core.sweep_detector INFO: SweepDetector v2: 0 raw â†’ 0 confirmed (volâ‰Ą2.5Ă— bodyâ‰Ą30%)
00:38:41 core.sweep_detector INFO: OrderBlocks: 7 detected, 3 unmitigated
00:38:41 core.sweep_detector INFO: FVGs: 11 detected, 6 unfilled
00:38:42 core.sweep_detector INFO: SweepDetector v2: 0 raw â†’ 0 confirmed (volâ‰Ą2.5Ă— bodyâ‰Ą30%)
00:38:42 core.sweep_detector INFO: OrderBlocks: 1 detected, 0 unmitigated
00:38:42 core.sweep_detector INFO: FVGs: 10 detected, 2 unfilled
00:38:44 core.sweep_detector INFO: SweepDetector v2: 1 raw â†’ 1 confirmed (volâ‰Ą2.5Ă— bodyâ‰Ą30%)
00:38:44 core.sweep_detector INFO: OrderBlocks: 9 detected, 2 unmitigated
00:38:44 core.sweep_detector INFO: FVGs: 14 detected, 2 unfilled
00:38:47 core.sweep_detector INFO: SweepDetector v2: 9 raw â†’ 6 confirmed (volâ‰Ą2.5Ă— bodyâ‰Ą30%)
00:38:47 core.sweep_detector INFO: OrderBlocks: 7 detected, 2 unmitigated
00:38:47 core.sweep_detector INFO: FVGs: 10 detected, 7 unfilled
00:38:48 core.sweep_detector INFO: SweepDetector v2: 4 raw â†’ 3 confirmed (volâ‰Ą2.5Ă— bodyâ‰Ą30%)
00:38:48 core.sweep_detector INFO: OrderBlocks: 5 detected, 1 unmitigated
00:38:48 core.sweep_detector INFO: FVGs: 7 detected, 3 unfilled
00:38:51 core.sweep_detector INFO: SweepDetector v2: 1 raw â†’ 0 confirmed (volâ‰Ą2.5Ă— bodyâ‰Ą30%)
00:38:51 core.sweep_detector INFO: OrderBlocks: 6 detected, 0 unmitigated
00:38:51 core.sweep_detector INFO: FVGs: 8 detected, 1 unfilled
00:38:53 core.sweep_detector INFO: SweepDetector v2: 1 raw â†’ 0 confirmed (volâ‰Ą2.5Ă— bodyâ‰Ą30%)
00:38:53 core.sweep_detector INFO: OrderBlocks: 7 detected, 1 unmitigated
00:38:53 core.sweep_detector INFO: FVGs: 7 detected, 0 unfilled
00:38:55 core.sweep_detector INFO: SweepDetector v2: 2 raw â†’ 1 confirmed (volâ‰Ą2.5Ă— bodyâ‰Ą30%)
00:38:55 core.sweep_detector INFO: OrderBlocks: 1 detected, 0 unmitigated
00:38:55 core.sweep_detector INFO: FVGs: 7 detected, 0 unfilled
00:38:57 core.sweep_detector INFO: SweepDetector v2: 1 raw â†’ 1 confirmed (volâ‰Ą2.5Ă— bodyâ‰Ą30%)
00:38:57 core.sweep_detector INFO: OrderBlocks: 8 detected, 1 unmitigated
00:38:57 core.sweep_detector INFO: FVGs: 6 detected, 1 unfilled
00:38:59 core.sweep_detector INFO: SweepDetector v2: 1 raw â†’ 1 confirmed (volâ‰Ą2.5Ă— bodyâ‰Ą30%)
00:38:59 core.sweep_detector INFO: OrderBlocks: 4 detected, 2 unmitigated
00:38:59 core.sweep_detector INFO: FVGs: 8 detected, 4 unfilled
00:39:01 core.sweep_detector INFO: SweepDetector v2: 2 raw â†’ 1 confirmed (volâ‰Ą2.5Ă— bodyâ‰Ą30%)
00:39:01 core.sweep_detector INFO: OrderBlocks: 4 detected, 0 unmitigated
00:39:01 core.sweep_detector INFO: FVGs: 5 detected, 1 unfilled
00:39:03 core.sweep_detector INFO: SweepDetector v2: 1 raw â†’ 1 confirmed (volâ‰Ą2.5Ă— bodyâ‰Ą30%)
00:39:03 core.sweep_detector INFO: OrderBlocks: 4 detected, 0 unmitigated
00:39:03 core.sweep_detector INFO: FVGs: 5 detected, 1 unfilled
00:39:05 core.sweep_detector INFO: SweepDetector v2: 0 raw â†’ 0 confirmed (volâ‰Ą2.5Ă— bodyâ‰Ą30%)
00:39:05 core.sweep_detector INFO: OrderBlocks: 6 detected, 2 unmitigated
00:39:05 core.sweep_detector INFO: FVGs: 4 detected, 2 unfilled
00:39:07 core.sweep_detector INFO: SweepDetector v2: 2 raw â†’ 2 confirmed (volâ‰Ą2.5Ă— bodyâ‰Ą30%)
00:39:07 core.sweep_detector INFO: OrderBlocks: 3 detected, 0 unmitigated
00:39:07 core.sweep_detector INFO: FVGs: 7 detected, 1 unfilled
00:39:09 core.sweep_detector INFO: SweepDetector v2: 1 raw â†’ 1 confirmed (volâ‰Ą2.5Ă— bodyâ‰Ą30%)
00:39:09 core.sweep_detector INFO: OrderBlocks: 7 detected, 0 unmitigated
00:39:09 core.sweep_detector INFO: FVGs: 6 detected, 1 unfilled
00:39:11 core.sweep_detector INFO: SweepDetector v2: 1 raw â†’ 1 confirmed (volâ‰Ą2.5Ă— bodyâ‰Ą30%)
00:39:11 core.sweep_detector INFO: OrderBlocks: 7 detected, 2 unmitigated
00:39:11 core.sweep_detector INFO: FVGs: 5 detected, 4 unfilled
00:39:13 core.sweep_detector INFO: SweepDetector v2: 3 raw â†’ 2 confirmed (volâ‰Ą2.5Ă— bodyâ‰Ą30%)
00:39:13 core.sweep_detector INFO: OrderBlocks: 2 detected, 0 unmitigated
00:39:13 core.sweep_detector INFO: FVGs: 4 detected, 0 unfilled
00:39:15 core.sweep_detector INFO: SweepDetector v2: 1 raw â†’ 1 confirmed (volâ‰Ą2.5Ă— bodyâ‰Ą30%)
00:39:15 core.sweep_detector INFO: OrderBlocks: 5 detected, 0 unmitigated
00:39:15 core.sweep_detector INFO: FVGs: 6 detected, 2 unfilled
00:39:17 core.sweep_detector INFO: SweepDetector v2: 0 raw â†’ 0 confirmed (volâ‰Ą2.5Ă— bodyâ‰Ą30%)
00:39:17 core.sweep_detector INFO: OrderBlocks: 3 detected, 1 unmitigated
00:39:17 core.sweep_detector INFO: FVGs: 12 detected, 4 unfilled
00:39:19 core.sweep_detector INFO: SweepDetector v2: 1 raw â†’ 1 confirmed (volâ‰Ą2.5Ă— bodyâ‰Ą30%)
00:39:19 core.sweep_detector INFO: OrderBlocks: 8 detected, 2 unmitigated
00:39:19 core.sweep_detector INFO: FVGs: 11 detected, 4 unfilled
00:39:21 core.sweep_detector INFO: SweepDetector v2: 3 raw â†’ 1 confirmed (volâ‰Ą2.5Ă— bodyâ‰Ą30%)
00:39:21 core.sweep_detector INFO: OrderBlocks: 7 detected, 1 unmitigated
00:39:21 core.sweep_detector INFO: FVGs: 5 detected, 1 unfilled
00:39:22 core.sweep_detector INFO: SweepDetector v2: 3 raw â†’ 2 confirmed (volâ‰Ą2.5Ă— bodyâ‰Ą30%)
00:39:22 core.sweep_detector INFO: OrderBlocks: 10 detected, 2 unmitigated
00:39:22 core.sweep_detector INFO: FVGs: 13 detected, 1 unfilled
00:39:24 core.sweep_detector INFO: SweepDetector v2: 3 raw â†’ 2 confirmed (volâ‰Ą2.5Ă— bodyâ‰Ą30%)
00:39:24 core.sweep_detector INFO: OrderBlocks: 6 detected, 0 unmitigated
00:39:24 core.sweep_detector INFO: FVGs: 10 detected, 2 unfilled
00:39:26 core.sweep_detector INFO: SweepDetector v2: 2 raw â†’ 2 confirmed (volâ‰Ą2.5Ă— bodyâ‰Ą30%)
00:39:26 core.sweep_detector INFO: OrderBlocks: 6 detected, 2 unmitigated
00:39:26 core.sweep_detector INFO: FVGs: 4 detected, 1 unfilled
00:39:27 core.sweep_detector INFO: SweepDetector v2: 2 raw â†’ 2 confirmed (volâ‰Ą2.5Ă— bodyâ‰Ą30%)
00:39:27 core.sweep_detector INFO: OrderBlocks: 13 detected, 1 unmitigated
00:39:27 core.sweep_detector INFO: FVGs: 16 detected, 2 unfilled
00:39:29 core.sweep_detector INFO: SweepDetector v2: 3 raw â†’ 3 confirmed (volâ‰Ą2.5Ă— bodyâ‰Ą30%)
00:39:29 core.sweep_detector INFO: OrderBlocks: 4 detected, 2 unmitigated
00:39:29 core.sweep_detector INFO: FVGs: 5 detected, 2 unfilled
00:39:30 core.sweep_detector INFO: SweepDetector v2: 2 raw â†’ 1 confirmed (volâ‰Ą2.5Ă— bodyâ‰Ą30%)
00:39:30 core.sweep_detector INFO: OrderBlocks: 8 detected, 2 unmitigated
00:39:30 core.sweep_detector INFO: FVGs: 4 detected, 1 unfilled
00:39:32 core.sweep_detector INFO: SweepDetector v2: 6 raw â†’ 3 confirmed (volâ‰Ą2.5Ă— bodyâ‰Ą30%)
00:39:32 core.sweep_detector INFO: OrderBlocks: 6 detected, 4 unmitigated
00:39:32 core.sweep_detector INFO: FVGs: 10 detected, 4 unfilled
00:39:33 core.sweep_detector INFO: SweepDetector v2: 5 raw â†’ 4 confirmed (volâ‰Ą2.5Ă— bodyâ‰Ą30%)
00:39:33 core.sweep_detector INFO: OrderBlocks: 5 detected, 1 unmitigated
00:39:33 core.sweep_detector INFO: FVGs: 8 detected, 3 unfilled
00:39:35 core.sweep_detector INFO: SweepDetector v2: 1 raw â†’ 1 confirmed (volâ‰Ą2.5Ă— bodyâ‰Ą30%)
00:39:35 core.sweep_detector INFO: OrderBlocks: 4 detected, 1 unmitigated
00:39:35 core.sweep_detector INFO: FVGs: 9 detected, 3 unfilled
00:39:37 core.sweep_detector INFO: SweepDetector v2: 1 raw â†’ 1 confirmed (volâ‰Ą2.5Ă— bodyâ‰Ą30%)
00:39:37 core.sweep_detector INFO: OrderBlocks: 4 detected, 2 unmitigated
00:39:37 core.sweep_detector INFO: FVGs: 7 detected, 3 unfilled
00:39:38 core.sweep_detector INFO: SweepDetector v2: 3 raw â†’ 3 confirmed (volâ‰Ą2.5Ă— bodyâ‰Ą30%)
00:39:38 core.sweep_detector INFO: OrderBlocks: 3 detected, 0 unmitigated
00:39:38 core.sweep_detector INFO: FVGs: 7 detected, 0 unfilled
00:39:40 core.sweep_detector INFO: SweepDetector v2: 2 raw â†’ 2 confirmed (volâ‰Ą2.5Ă— bodyâ‰Ą30%)
00:39:40 core.sweep_detector INFO: OrderBlocks: 4 detected, 0 unmitigated
00:39:40 core.sweep_detector INFO: FVGs: 7 detected, 1 unfilled
00:39:42 core.sweep_detector INFO: SweepDetector v2: 1 raw â†’ 1 confirmed (volâ‰Ą2.5Ă— bodyâ‰Ą30%)
00:39:42 core.sweep_detector INFO: OrderBlocks: 5 detected, 2 unmitigated
00:39:42 core.sweep_detector INFO: FVGs: 10 detected, 5 unfilled
00:39:43 core.sweep_detector INFO: SweepDetector v2: 2 raw â†’ 0 confirmed (volâ‰Ą2.5Ă— bodyâ‰Ą30%)
00:39:43 core.sweep_detector INFO: OrderBlocks: 5 detected, 0 unmitigated
00:39:43 core.sweep_detector INFO: FVGs: 10 detected, 0 unfilled
00:39:45 core.sweep_detector INFO: SweepDetector v2: 1 raw â†’ 1 confirmed (volâ‰Ą2.5Ă— bodyâ‰Ą30%)
00:39:45 core.sweep_detector INFO: OrderBlocks: 9 detected, 2 unmitigated
00:39:45 core.sweep_detector INFO: FVGs: 6 detected, 0 unfilled
00:39:47 core.sweep_detector INFO: SweepDetector v2: 3 raw â†’ 2 confirmed (volâ‰Ą2.5Ă— bodyâ‰Ą30%)
00:39:47 core.sweep_detector INFO: OrderBlocks: 5 detected, 1 unmitigated
00:39:47 core.sweep_detector INFO: FVGs: 8 detected, 1 unfilled
00:39:49 core.sweep_detector INFO: SweepDetector v2: 4 raw â†’ 4 confirmed (volâ‰Ą2.5Ă— bodyâ‰Ą30%)
00:39:49 core.sweep_detector INFO: OrderBlocks: 4 detected, 2 unmitigated
00:39:49 core.sweep_detector INFO: FVGs: 5 detected, 2 unfilled
00:39:50 core.sweep_detector INFO: SweepDetector v2: 0 raw â†’ 0 confirmed (volâ‰Ą2.5Ă— bodyâ‰Ą30%)
00:39:50 core.sweep_detector INFO: OrderBlocks: 6 detected, 2 unmitigated
00:39:50 core.sweep_detector INFO: FVGs: 2 detected, 1 unfilled
00:39:52 core.sweep_detector INFO: SweepDetector v2: 0 raw â†’ 0 confirmed (volâ‰Ą2.5Ă— bodyâ‰Ą30%)
00:39:52 core.sweep_detector INFO: OrderBlocks: 6 detected, 3 unmitigated
00:39:52 core.sweep_detector INFO: FVGs: 10 detected, 4 unfilled
00:39:54 core.sweep_detector INFO: SweepDetector v2: 4 raw â†’ 3 confirmed (volâ‰Ą2.5Ă— bodyâ‰Ą30%)
00:39:54 core.sweep_detector INFO: OrderBlocks: 3 detected, 0 unmitigated
00:39:54 core.sweep_detector INFO: FVGs: 6 detected, 1 unfilled
00:39:56 core.sweep_detector INFO: SweepDetector v2: 2 raw â†’ 2 confirmed (volâ‰Ą2.5Ă— bodyâ‰Ą30%)
00:39:56 core.sweep_detector INFO: OrderBlocks: 2 detected, 0 unmitigated
00:39:56 core.sweep_detector INFO: FVGs: 6 detected, 1 unfilled
00:39:58 core.sweep_detector INFO: SweepDetector v2: 1 raw â†’ 1 confirmed (volâ‰Ą2.5Ă— bodyâ‰Ą30%)
00:39:58 core.sweep_detector INFO: OrderBlocks: 3 detected, 1 unmitigated
00:39:58 core.sweep_detector INFO: FVGs: 5 detected, 1 unfilled
00:40:00 core.sweep_detector INFO: SweepDetector v2: 3 raw â†’ 3 confirmed (volâ‰Ą2.5Ă— bodyâ‰Ą30%)
00:40:00 core.sweep_detector INFO: OrderBlocks: 2 detected, 0 unmitigated
00:40:00 core.sweep_detector INFO: FVGs: 4 detected, 0 unfilled
00:40:02 core.sweep_detector INFO: SweepDetector v2: 2 raw â†’ 2 confirmed (volâ‰Ą2.5Ă— bodyâ‰Ą30%)
00:40:02 core.sweep_detector INFO: OrderBlocks: 2 detected, 0 unmitigated
00:40:02 core.sweep_detector INFO: FVGs: 2 detected, 0 unfilled
00:40:04 core.sweep_detector INFO: SweepDetector v2: 2 raw â†’ 2 confirmed (volâ‰Ą2.5Ă— bodyâ‰Ą30%)
00:40:04 core.sweep_detector INFO: OrderBlocks: 8 detected, 3 unmitigated
00:40:04 core.sweep_detector INFO: FVGs: 9 detected, 2 unfilled
00:40:06 core.sweep_detector INFO: SweepDetector v2: 4 raw â†’ 2 confirmed (volâ‰Ą2.5Ă— bodyâ‰Ą30%)
00:40:06 core.sweep_detector INFO: OrderBlocks: 2 detected, 0 unmitigated
00:40:06 core.sweep_detector INFO: FVGs: 9 detected, 0 unfilled
00:40:08 core.sweep_detector INFO: SweepDetector v2: 3 raw â†’ 1 confirmed (volâ‰Ą2.5Ă— bodyâ‰Ą30%)
00:40:08 core.sweep_detector INFO: OrderBlocks: 5 detected, 0 unmitigated
00:40:08 core.sweep_detector INFO: FVGs: 6 detected, 1 unfilled
00:40:08 __main__ INFO: Pending signal #44: binance:POL/USDT long entry=0.08995 current=0.0915 dist=1.69% expires=2h
00:40:08 alerts.telegram INFO: Alert suppressed (binance:POL/USDT long): conf 0.75 < threshold 0.80
00:40:09 core.sweep_detector INFO: SweepDetector v2: 1 raw â†’ 0 confirmed (volâ‰Ą2.5Ă— bodyâ‰Ą30%)
00:40:09 core.sweep_detector INFO: OrderBlocks: 5 detected, 1 unmitigated
00:40:09 core.sweep_detector INFO: FVGs: 5 detected, 2 unfilled
00:40:11 core.sweep_detector INFO: SweepDetector v2: 4 raw â†’ 4 confirmed (volâ‰Ą2.5Ă— bodyâ‰Ą30%)
00:40:11 core.sweep_detector INFO: OrderBlocks: 2 detected, 0 unmitigated
00:40:11 core.sweep_detector INFO: FVGs: 8 detected, 1 unfilled
00:40:13 core.sweep_detector INFO: SweepDetector v2: 1 raw â†’ 1 confirmed (volâ‰Ą2.5Ă— bodyâ‰Ą30%)
00:40:13 core.sweep_detector INFO: OrderBlocks: 3 detected, 1 unmitigated
00:40:13 core.sweep_detector INFO: FVGs: 8 detected, 2 unfilled
00:40:14 core.sweep_detector INFO: SweepDetector v2: 3 raw â†’ 2 confirmed (volâ‰Ą2.5Ă— bodyâ‰Ą30%)
00:40:14 core.sweep_detector INFO: OrderBlocks: 3 detected, 0 unmitigated
00:40:14 core.sweep_detector INFO: FVGs: 5 detected, 0 unfilled
00:40:16 core.sweep_detector INFO: SweepDetector v2: 3 raw â†’ 3 confirmed (volâ‰Ą2.5Ă— bodyâ‰Ą30%)
00:40:16 core.sweep_detector INFO: OrderBlocks: 1 detected, 0 unmitigated
00:40:16 core.sweep_detector INFO: FVGs: 7 detected, 1 unfilled
00:40:18 core.sweep_detector INFO: SweepDetector v2: 2 raw â†’ 2 confirmed (volâ‰Ą2.5Ă— bodyâ‰Ą30%)
00:40:18 core.sweep_detector INFO: OrderBlocks: 2 detected, 0 unmitigated
00:40:18 core.sweep_detector INFO: FVGs: 6 detected, 1 unfilled
00:40:19 core.sweep_detector INFO: SweepDetector v2: 2 raw â†’ 2 confirmed (volâ‰Ą2.5Ă— bodyâ‰Ą30%)
00:40:19 core.sweep_detector INFO: OrderBlocks: 6 detected, 3 unmitigated
00:40:19 core.sweep_detector INFO: FVGs: 9 detected, 2 unfilled
00:40:21 core.sweep_detector INFO: SweepDetector v2: 1 raw â†’ 1 confirmed (volâ‰Ą2.5Ă— bodyâ‰Ą30%)
00:40:21 core.sweep_detector INFO: OrderBlocks: 4 detected, 1 unmitigated
00:40:21 core.sweep_detector INFO: FVGs: 7 detected, 1 unfilled
00:40:23 core.sweep_detector INFO: SweepDetector v2: 1 raw â†’ 1 confirmed (volâ‰Ą2.5Ă— bodyâ‰Ą30%)
00:40:23 core.sweep_detector INFO: OrderBlocks: 6 detected, 1 unmitigated
00:40:23 core.sweep_detector INFO: FVGs: 8 detected, 1 unfilled
00:40:24 core.sweep_detector INFO: SweepDetector v2: 0 raw â†’ 0 confirmed (volâ‰Ą2.5Ă— bodyâ‰Ą30%)
00:40:24 core.sweep_detector INFO: OrderBlocks: 1 detected, 0 unmitigated
00:40:24 core.sweep_detector INFO: FVGs: 0 detected, 0 unfilled
00:40:26 core.sweep_detector INFO: SweepDetector v2: 0 raw â†’ 0 confirmed (volâ‰Ą2.5Ă— bodyâ‰Ą30%)
00:40:26 core.sweep_detector INFO: OrderBlocks: 0 detected, 0 unmitigated
00:40:26 core.sweep_detector INFO: FVGs: 0 detected, 0 unfilled
00:40:28 core.sweep_detector INFO: SweepDetector v2: 0 raw â†’ 0 confirmed (volâ‰Ą2.5Ă— bodyâ‰Ą30%)
00:40:28 core.sweep_detector INFO: OrderBlocks: 0 detected, 0 unmitigated
00:40:28 core.sweep_detector INFO: FVGs: 0 detected, 0 unfilled
00:40:29 core.sweep_detector INFO: SweepDetector v2: 2 raw â†’ 2 confirmed (volâ‰Ą2.5Ă— bodyâ‰Ą30%)
00:40:29 core.sweep_detector INFO: OrderBlocks: 5 detected, 2 unmitigated
00:40:29 core.sweep_detector INFO: FVGs: 7 detected, 2 unfilled
00:40:31 core.sweep_detector INFO: SweepDetector v2: 3 raw â†’ 3 confirmed (volâ‰Ą2.5Ă— bodyâ‰Ą30%)
00:40:31 core.sweep_detector INFO: OrderBlocks: 4 detected, 0 unmitigated
00:40:31 core.sweep_detector INFO: FVGs: 8 detected, 1 unfilled
00:40:32 core.sweep_detector INFO: SweepDetector v2: 1 raw â†’ 1 confirmed (volâ‰Ą2.5Ă— bodyâ‰Ą30%)
00:40:32 core.sweep_detector INFO: OrderBlocks: 8 detected, 3 unmitigated
00:40:32 core.sweep_detector INFO: FVGs: 8 detected, 3 unfilled
00:40:34 core.sweep_detector INFO: SweepDetector v2: 2 raw â†’ 1 confirmed (volâ‰Ą2.5Ă— bodyâ‰Ą30%)
00:40:34 core.sweep_detector INFO: OrderBlocks: 7 detected, 2 unmitigated
00:40:34 core.sweep_detector INFO: FVGs: 12 detected, 1 unfilled
00:40:35 core.sweep_detector INFO: SweepDetector v2: 1 raw â†’ 0 confirmed (volâ‰Ą2.5Ă— bodyâ‰Ą30%)
00:40:36 core.sweep_detector INFO: OrderBlocks: 1 detected, 1 unmitigated
00:40:36 core.sweep_detector INFO: FVGs: 9 detected, 5 unfilled
00:40:37 core.sweep_detector INFO: SweepDetector v2: 1 raw â†’ 0 confirmed (volâ‰Ą2.5Ă— bodyâ‰Ą30%)
00:40:37 core.sweep_detector INFO: OrderBlocks: 7 detected, 3 unmitigated
00:40:37 core.sweep_detector INFO: FVGs: 10 detected, 2 unfilled
00:40:39 core.sweep_detector INFO: SweepDetector v2: 0 raw â†’ 0 confirmed (volâ‰Ą2.5Ă— bodyâ‰Ą30%)
00:40:39 core.sweep_detector INFO: OrderBlocks: 4 detected, 2 unmitigated
00:40:39 core.sweep_detector INFO: FVGs: 11 detected, 8 unfilled
00:40:40 core.sweep_detector INFO: SweepDetector v2: 0 raw â†’ 0 confirmed (volâ‰Ą2.5Ă— bodyâ‰Ą30%)
00:40:40 core.sweep_detector INFO: OrderBlocks: 3 detected, 1 unmitigated
00:40:40 core.sweep_detector INFO: FVGs: 5 detected, 1 unfilled
00:40:42 core.sweep_detector INFO: SweepDetector v2: 2 raw â†’ 2 confirmed (volâ‰Ą2.5Ă— bodyâ‰Ą30%)
00:40:42 core.sweep_detector INFO: OrderBlocks: 4 detected, 1 unmitigated
00:40:42 core.sweep_detector INFO: FVGs: 1 detected, 0 unfilled
00:40:44 core.sweep_detector INFO: SweepDetector v2: 5 raw â†’ 3 confirmed (volâ‰Ą2.5Ă— bodyâ‰Ą30%)
00:40:44 core.sweep_detector INFO: OrderBlocks: 7 detected, 2 unmitigated
00:40:44 core.sweep_detector INFO: FVGs: 9 detected, 2 unfilled
00:40:46 core.sweep_detector INFO: SweepDetector v2: 2 raw â†’ 2 confirmed (volâ‰Ą2.5Ă— bodyâ‰Ą30%)
00:40:46 core.sweep_detector INFO: OrderBlocks: 5 detected, 3 unmitigated
00:40:46 core.sweep_detector INFO: FVGs: 16 detected, 4 unfilled
00:40:47 core.sweep_detector INFO: SweepDetector v2: 1 raw â†’ 1 confirmed (volâ‰Ą2.5Ă— bodyâ‰Ą30%)
00:40:47 core.sweep_detector INFO: OrderBlocks: 3 detected, 1 unmitigated
00:40:47 core.sweep_detector INFO: FVGs: 9 detected, 4 unfilled
00:40:49 core.sweep_detector INFO: SweepDetector v2: 0 raw â†’ 0 confirmed (volâ‰Ą2.5Ă— bodyâ‰Ą30%)
00:40:49 core.sweep_detector INFO: OrderBlocks: 5 detected, 1 unmitigated
00:40:49 core.sweep_detector INFO: FVGs: 8 detected, 3 unfilled
00:40:51 core.sweep_detector INFO: SweepDetector v2: 3 raw â†’ 3 confirmed (volâ‰Ą2.5Ă— bodyâ‰Ą30%)
00:40:51 core.sweep_detector INFO: OrderBlocks: 3 detected, 2 unmitigated
00:40:51 core.sweep_detector INFO: FVGs: 6 detected, 1 unfilled
00:40:52 core.sweep_detector INFO: SweepDetector v2: 1 raw â†’ 1 confirmed (volâ‰Ą2.5Ă— bodyâ‰Ą30%)
00:40:52 core.sweep_detector INFO: OrderBlocks: 2 detected, 0 unmitigated
00:40:52 core.sweep_detector INFO: FVGs: 3 detected, 1 unfilled
00:40:54 core.sweep_detector INFO: SweepDetector v2: 1 raw â†’ 1 confirmed (volâ‰Ą2.5Ă— bodyâ‰Ą30%)
00:40:54 core.sweep_detector INFO: OrderBlocks: 3 detected, 2 unmitigated
00:40:54 core.sweep_detector INFO: FVGs: 12 detected, 9 unfilled
00:40:55 core.sweep_detector INFO: SweepDetector v2: 1 raw â†’ 1 confirmed (volâ‰Ą2.5Ă— bodyâ‰Ą30%)
00:40:55 core.sweep_detector INFO: OrderBlocks: 1 detected, 1 unmitigated
00:40:55 core.sweep_detector INFO: FVGs: 1 detected, 1 unfilled
00:40:57 core.sweep_detector INFO: SweepDetector v2: 3 raw â†’ 3 confirmed (volâ‰Ą2.5Ă— bodyâ‰Ą30%)
00:40:57 core.sweep_detector INFO: OrderBlocks: 9 detected, 2 unmitigated
00:40:57 core.sweep_detector INFO: FVGs: 8 detected, 4 unfilled
00:40:59 core.sweep_detector INFO: SweepDetector v2: 1 raw â†’ 0 confirmed (volâ‰Ą2.5Ă— bodyâ‰Ą30%)
00:40:59 core.sweep_detector INFO: OrderBlocks: 7 detected, 1 unmitigated
00:40:59 core.sweep_detector INFO: FVGs: 8 detected, 3 unfilled
00:41:01 core.sweep_detector INFO: SweepDetector v2: 3 raw â†’ 1 confirmed (volâ‰Ą2.5Ă— bodyâ‰Ą30%)
00:41:01 core.sweep_detector INFO: OrderBlocks: 3 detected, 2 unmitigated
00:41:01 core.sweep_detector INFO: FVGs: 7 detected, 1 unfilled
00:41:02 core.sweep_detector INFO: SweepDetector v2: 1 raw â†’ 1 confirmed (volâ‰Ą2.5Ă— bodyâ‰Ą30%)
00:41:02 core.sweep_detector INFO: OrderBlocks: 6 detected, 0 unmitigated
00:41:02 core.sweep_detector INFO: FVGs: 6 detected, 2 unfilled
00:41:04 core.sweep_detector INFO: SweepDetector v2: 2 raw â†’ 2 confirmed (volâ‰Ą2.5Ă— bodyâ‰Ą30%)
00:41:04 core.sweep_detector INFO: OrderBlocks: 5 detected, 2 unmitigated
00:41:04 core.sweep_detector INFO: FVGs: 12 detected, 2 unfilled
00:41:06 core.sweep_detector INFO: SweepDetector v2: 1 raw â†’ 1 confirmed (volâ‰Ą2.5Ă— bodyâ‰Ą30%)
00:41:06 core.sweep_detector INFO: OrderBlocks: 5 detected, 1 unmitigated
00:41:06 core.sweep_detector INFO: FVGs: 14 detected, 5 unfilled
00:41:07 core.sweep_detector INFO: SweepDetector v2: 0 raw â†’ 0 confirmed (volâ‰Ą2.5Ă— bodyâ‰Ą30%)
00:41:07 core.sweep_detector INFO: OrderBlocks: 4 detected, 1 unmitigated
00:41:07 core.sweep_detector INFO: FVGs: 13 detected, 8 unfilled
00:41:09 core.sweep_detector INFO: SweepDetector v2: 7 raw â†’ 5 confirmed (volâ‰Ą2.5Ă— bodyâ‰Ą30%)
00:41:09 core.sweep_detector INFO: OrderBlocks: 6 detected, 5 unmitigated
00:41:09 core.sweep_detector INFO: FVGs: 13 detected, 8 unfilled
00:41:11 core.sweep_detector INFO: SweepDetector v2: 2 raw â†’ 1 confirmed (volâ‰Ą2.5Ă— bodyâ‰Ą30%)
00:41:11 core.sweep_detector INFO: OrderBlocks: 1 detected, 0 unmitigated
00:41:11 core.sweep_detector INFO: FVGs: 6 detected, 2 unfilled
00:41:13 core.sweep_detector INFO: SweepDetector v2: 3 raw â†’ 3 confirmed (volâ‰Ą2.5Ă— bodyâ‰Ą30%)
00:41:13 core.sweep_detector INFO: OrderBlocks: 3 detected, 1 unmitigated
00:41:13 core.sweep_detector INFO: FVGs: 7 detected, 1 unfilled
00:41:16 core.sweep_detector INFO: SweepDetector v2: 0 raw â†’ 0 confirmed (volâ‰Ą2.5Ă— bodyâ‰Ą30%)
00:41:16 core.sweep_detector INFO: OrderBlocks: 6 detected, 4 unmitigated
00:41:16 core.sweep_detector INFO: FVGs: 13 detected, 4 unfilled
00:41:18 core.sweep_detector INFO: SweepDetector v2: 3 raw â†’ 2 confirmed (volâ‰Ą2.5Ă— bodyâ‰Ą30%)
00:41:18 core.sweep_detector INFO: OrderBlocks: 3 detected, 2 unmitigated
00:41:18 core.sweep_detector INFO: FVGs: 6 detected, 3 unfilled
00:41:20 core.sweep_detector INFO: SweepDetector v2: 2 raw â†’ 1 confirmed (volâ‰Ą2.5Ă— bodyâ‰Ą30%)
00:41:20 core.sweep_detector INFO: OrderBlocks: 8 detected, 0 unmitigated
00:41:20 core.sweep_detector INFO: FVGs: 6 detected, 1 unfilled
00:41:21 core.sweep_detector INFO: SweepDetector v2: 3 raw â†’ 3 confirmed (volâ‰Ą2.5Ă— bodyâ‰Ą30%)
00:41:21 core.sweep_detector INFO: OrderBlocks: 3 detected, 1 unmitigated
00:41:21 core.sweep_detector INFO: FVGs: 4 detected, 1 unfilled
00:41:23 core.sweep_detector INFO: SweepDetector v2: 4 raw â†’ 3 confirmed (volâ‰Ą2.5Ă— bodyâ‰Ą30%)
00:41:23 core.sweep_detector INFO: OrderBlocks: 5 detected, 0 unmitigated
00:41:23 core.sweep_detector INFO: FVGs: 4 detected, 0 unfilled
00:41:24 core.sweep_detector INFO: SweepDetector v2: 1 raw â†’ 1 confirmed (volâ‰Ą2.5Ă— bodyâ‰Ą30%)
00:41:24 core.sweep_detector INFO: OrderBlocks: 6 detected, 1 unmitigated
00:41:24 core.sweep_detector INFO: FVGs: 7 detected, 1 unfilled
00:41:26 core.sweep_detector INFO: SweepDetector v2: 3 raw â†’ 2 confirmed (volâ‰Ą2.5Ă— bodyâ‰Ą30%)
00:41:26 core.sweep_detector INFO: OrderBlocks: 2 detected, 2 unmitigated
00:41:26 core.sweep_detector INFO: FVGs: 13 detected, 9 unfilled
00:41:28 core.sweep_detector INFO: SweepDetector v2: 2 raw â†’ 2 confirmed (volâ‰Ą2.5Ă— bodyâ‰Ą30%)
00:41:28 core.sweep_detector INFO: OrderBlocks: 4 detected, 1 unmitigated
00:41:28 core.sweep_detector INFO: FVGs: 9 detected, 3 unfilled
00:41:29 core.sweep_detector INFO: SweepDetector v2: 2 raw â†’ 1 confirmed (volâ‰Ą2.5Ă— bodyâ‰Ą30%)
00:41:29 core.sweep_detector INFO: OrderBlocks: 4 detected, 1 unmitigated
00:41:29 core.sweep_detector INFO: FVGs: 9 detected, 5 unfilled
00:41:31 core.sweep_detector INFO: SweepDetector v2: 1 raw â†’ 0 confirmed (volâ‰Ą2.5Ă— bodyâ‰Ą30%)
00:41:31 core.sweep_detector INFO: OrderBlocks: 3 detected, 0 unmitigated
00:41:31 core.sweep_detector INFO: FVGs: 12 detected, 5 unfilled
00:41:33 core.sweep_detector INFO: SweepDetector v2: 1 raw â†’ 1 confirmed (volâ‰Ą2.5Ă— bodyâ‰Ą30%)
00:41:33 core.sweep_detector INFO: OrderBlocks: 4 detected, 1 unmitigated
00:41:33 core.sweep_detector INFO: FVGs: 3 detected, 0 unfilled
00:41:34 core.sweep_detector INFO: SweepDetector v2: 2 raw â†’ 2 confirmed (volâ‰Ą2.5Ă— bodyâ‰Ą30%)
00:41:34 core.sweep_detector INFO: OrderBlocks: 1 detected, 0 unmitigated
00:41:34 core.sweep_detector INFO: FVGs: 5 detected, 2 unfilled
00:41:36 core.sweep_detector INFO: SweepDetector v2: 1 raw â†’ 0 confirmed (volâ‰Ą2.5Ă— bodyâ‰Ą30%)
00:41:36 core.sweep_detector INFO: OrderBlocks: 5 detected, 3 unmitigated
00:41:36 core.sweep_detector INFO: FVGs: 10 detected, 6 unfilled
00:41:38 core.sweep_detector INFO: SweepDetector v2: 2 raw â†’ 2 confirmed (volâ‰Ą2.5Ă— bodyâ‰Ą30%)
00:41:38 core.sweep_detector INFO: OrderBlocks: 4 detected, 2 unmitigated
00:41:38 core.sweep_detector INFO: FVGs: 11 detected, 3 unfilled
00:41:40 core.sweep_detector INFO: SweepDetector v2: 3 raw â†’ 2 confirmed (volâ‰Ą2.5Ă— bodyâ‰Ą30%)
00:41:40 core.sweep_detector INFO: OrderBlocks: 4 detected, 0 unmitigated
00:41:40 core.sweep_detector INFO: FVGs: 6 detected, 1 unfilled
00:41:40 __main__ INFO: Pending signal #41: binance:TRUMP/USDT long entry=2.8315 current=2.877 dist=1.58% expires=2h
00:41:50 alerts.telegram INFO: Alert sent: binance:TRUMP/USDT long RR=3.54
00:41:52 core.sweep_detector INFO: SweepDetector v2: 0 raw â†’ 0 confirmed (volâ‰Ą2.5Ă— bodyâ‰Ą30%)
00:41:52 core.sweep_detector INFO: OrderBlocks: 11 detected, 3 unmitigated
00:41:52 core.sweep_detector INFO: FVGs: 12 detected, 3 unfilled
00:41:53 core.sweep_detector INFO: SweepDetector v2: 1 raw â†’ 1 confirmed (volâ‰Ą2.5Ă— bodyâ‰Ą30%)
00:41:53 core.sweep_detector INFO: OrderBlocks: 5 detected, 4 unmitigated
00:41:53 core.sweep_detector INFO: FVGs: 7 detected, 4 unfilled
00:41:55 core.sweep_detector INFO: SweepDetector v2: 0 raw â†’ 0 confirmed (volâ‰Ą2.5Ă— bodyâ‰Ą30%)
00:41:55 core.sweep_detector INFO: OrderBlocks: 4 detected, 2 unmitigated
00:41:55 core.sweep_detector INFO: FVGs: 4 detected, 3 unfilled
00:41:57 core.sweep_detector INFO: SweepDetector v2: 0 raw â†’ 0 confirmed (volâ‰Ą2.5Ă— bodyâ‰Ą30%)
00:41:57 core.sweep_detector INFO: OrderBlocks: 3 detected, 0 unmitigated
00:41:57 core.sweep_detector INFO: FVGs: 0 detected, 0 unfilled
00:41:59 core.sweep_detector INFO: SweepDetector v2: 0 raw â†’ 0 confirmed (volâ‰Ą2.5Ă— bodyâ‰Ą30%)
00:41:59 core.sweep_detector INFO: OrderBlocks: 0 detected, 0 unmitigated
00:41:59 core.sweep_detector INFO: FVGs: 0 detected, 0 unfilled
00:42:01 core.sweep_detector INFO: SweepDetector v2: 0 raw â†’ 0 confirmed (volâ‰Ą2.5Ă— bodyâ‰Ą30%)
00:42:01 core.sweep_detector INFO: OrderBlocks: 0 detected, 0 unmitigated
00:42:01 core.sweep_detector INFO: FVGs: 0 detected, 0 unfilled
00:42:03 core.sweep_detector INFO: SweepDetector v2: 1 raw â†’ 1 confirmed (volâ‰Ą2.5Ă— bodyâ‰Ą30%)
00:42:03 core.sweep_detector INFO: OrderBlocks: 5 detected, 2 unmitigated
00:42:03 core.sweep_detector INFO: FVGs: 8 detected, 4 unfilled
00:42:05 core.sweep_detector INFO: SweepDetector v2: 2 raw â†’ 2 confirmed (volâ‰Ą2.5Ă— bodyâ‰Ą30%)
00:42:05 core.sweep_detector INFO: OrderBlocks: 5 detected, 0 unmitigated
00:42:05 core.sweep_detector INFO: FVGs: 6 detected, 1 unfilled
00:42:06 core.sweep_detector INFO: SweepDetector v2: 2 raw â†’ 2 confirmed (volâ‰Ą2.5Ă— bodyâ‰Ą30%)
00:42:06 core.sweep_detector INFO: OrderBlocks: 6 detected, 0 unmitigated
00:42:06 core.sweep_detector INFO: FVGs: 4 detected, 1 unfilled
00:42:08 core.sweep_detector INFO: SweepDetector v2: 1 raw â†’ 1 confirmed (volâ‰Ą2.5Ă— bodyâ‰Ą30%)
00:42:08 core.sweep_detector INFO: OrderBlocks: 2 detected, 0 unmitigated
00:42:08 core.sweep_detector INFO: FVGs: 0 detected, 0 unfilled
00:42:10 core.sweep_detector INFO: SweepDetector v2: 0 raw â†’ 0 confirmed (volâ‰Ą2.5Ă— bodyâ‰Ą30%)
00:42:10 core.sweep_detector INFO: OrderBlocks: 1 detected, 0 unmitigated
00:42:10 core.sweep_detector INFO: FVGs: 0 detected, 0 unfilled
00:42:11 core.sweep_detector INFO: SweepDetector v2: 0 raw â†’ 0 confirmed (volâ‰Ą2.5Ă— bodyâ‰Ą30%)
00:42:11 core.sweep_detector INFO: OrderBlocks: 0 detected, 0 unmitigated
00:42:11 core.sweep_detector INFO: FVGs: 0 detected, 0 unfilled
00:42:13 core.sweep_detector INFO: SweepDetector v2: 0 raw â†’ 0 confirmed (volâ‰Ą2.5Ă— bodyâ‰Ą30%)
00:42:13 core.sweep_detector INFO: OrderBlocks: 3 detected, 0 unmitigated
00:42:13 core.sweep_detector INFO: FVGs: 0 detected, 0 unfilled
00:42:15 core.sweep_detector INFO: SweepDetector v2: 0 raw â†’ 0 confirmed (volâ‰Ą2.5Ă— bodyâ‰Ą30%)
00:42:15 core.sweep_detector INFO: OrderBlocks: 0 detected, 0 unmitigated
00:42:15 core.sweep_detector INFO: FVGs: 0 detected, 0 unfilled
00:42:16 core.sweep_detector INFO: SweepDetector v2: 0 raw â†’ 0 confirmed (volâ‰Ą2.5Ă— bodyâ‰Ą30%)
00:42:16 core.sweep_detector INFO: OrderBlocks: 0 detected, 0 unmitigated
00:42:16 core.sweep_detector INFO: FVGs: 0 detected, 0 unfilled
00:42:18 core.sweep_detector INFO: SweepDetector v2: 0 raw â†’ 0 confirmed (volâ‰Ą2.5Ă— bodyâ‰Ą30%)
00:42:18 core.sweep_detector INFO: OrderBlocks: 7 detected, 0 unmitigated
00:42:18 core.sweep_detector INFO: FVGs: 6 detected, 2 unfilled
00:42:20 core.sweep_detector INFO: SweepDetector v2: 2 raw â†’ 2 confirmed (volâ‰Ą2.5Ă— bodyâ‰Ą30%)
00:42:20 core.sweep_detector INFO: OrderBlocks: 6 detected, 3 unmitigated
00:42:20 core.sweep_detector INFO: FVGs: 13 detected, 4 unfilled
00:42:22 core.sweep_detector INFO: SweepDetector v2: 2 raw â†’ 2 confirmed (volâ‰Ą2.5Ă— bodyâ‰Ą30%)
00:42:22 core.sweep_detector INFO: OrderBlocks: 5 detected, 2 unmitigated
00:42:22 core.sweep_detector INFO: FVGs: 5 detected, 1 unfilled
00:42:24 core.sweep_detector INFO: SweepDetector v2: 0 raw â†’ 0 confirmed (volâ‰Ą2.5Ă— bodyâ‰Ą30%)
00:42:24 core.sweep_detector INFO: OrderBlocks: 3 detected, 0 unmitigated
00:42:24 core.sweep_detector INFO: FVGs: 9 detected, 4 unfilled
00:42:26 core.sweep_detector INFO: SweepDetector v2: 1 raw â†’ 1 confirmed (volâ‰Ą2.5Ă— bodyâ‰Ą30%)
00:42:26 core.sweep_detector INFO: OrderBlocks: 1 detected, 0 unmitigated
00:42:26 core.sweep_detector INFO: FVGs: 6 detected, 1 unfilled
00:42:28 core.sweep_detector INFO: SweepDetector v2: 1 raw â†’ 1 confirmed (volâ‰Ą2.5Ă— bodyâ‰Ą30%)
00:42:28 core.sweep_detector INFO: OrderBlocks: 5 detected, 0 unmitigated
00:42:28 core.sweep_detector INFO: FVGs: 4 detected, 1 unfilled
00:42:30 core.sweep_detector INFO: SweepDetector v2: 1 raw â†’ 1 confirmed (volâ‰Ą2.5Ă— bodyâ‰Ą30%)
00:42:30 core.sweep_detector INFO: OrderBlocks: 4 detected, 2 unmitigated
00:42:30 core.sweep_detector INFO: FVGs: 8 detected, 2 unfilled
00:42:32 core.sweep_detector INFO: SweepDetector v2: 1 raw â†’ 1 confirmed (volâ‰Ą2.5Ă— bodyâ‰Ą30%)
00:42:32 core.sweep_detector INFO: OrderBlocks: 2 detected, 0 unmitigated
00:42:32 core.sweep_detector INFO: FVGs: 9 detected, 0 unfilled
00:42:34 core.sweep_detector INFO: SweepDetector v2: 2 raw â†’ 1 confirmed (volâ‰Ą2.5Ă— bodyâ‰Ą30%)
00:42:34 core.sweep_detector INFO: OrderBlocks: 7 detected, 0 unmitigated
00:42:34 core.sweep_detector INFO: FVGs: 6 detected, 1 unfilled
00:42:36 core.sweep_detector INFO: SweepDetector v2: 1 raw â†’ 1 confirmed (volâ‰Ą2.5Ă— bodyâ‰Ą30%)
00:42:36 core.sweep_detector INFO: OrderBlocks: 2 detected, 1 unmitigated
00:42:36 core.sweep_detector INFO: FVGs: 7 detected, 4 unfilled
00:42:37 core.sweep_detector INFO: SweepDetector v2: 2 raw â†’ 1 confirmed (volâ‰Ą2.5Ă— bodyâ‰Ą30%)
00:42:37 core.sweep_detector INFO: OrderBlocks: 1 detected, 0 unmitigated
00:42:37 core.sweep_detector INFO: FVGs: 5 detected, 1 unfilled
00:42:39 core.sweep_detector INFO: SweepDetector v2: 1 raw â†’ 0 confirmed (volâ‰Ą2.5Ă— bodyâ‰Ą30%)
00:42:39 core.sweep_detector INFO: OrderBlocks: 1 detected, 0 unmitigated
00:42:39 core.sweep_detector INFO: FVGs: 2 detected, 1 unfilled
00:42:41 core.sweep_detector INFO: SweepDetector v2: 2 raw â†’ 1 confirmed (volâ‰Ą2.5Ă— bodyâ‰Ą30%)
00:42:41 core.sweep_detector INFO: OrderBlocks: 6 detected, 4 unmitigated
00:42:41 core.sweep_detector INFO: FVGs: 12 detected, 6 unfilled
00:42:42 core.sweep_detector INFO: SweepDetector v2: 4 raw â†’ 4 confirmed (volâ‰Ą2.5Ă— bodyâ‰Ą30%)
00:42:42 core.sweep_detector INFO: OrderBlocks: 1 detected, 0 unmitigated
00:42:42 core.sweep_detector INFO: FVGs: 5 detected, 2 unfilled
00:42:44 core.sweep_detector INFO: SweepDetector v2: 0 raw â†’ 0 confirmed (volâ‰Ą2.5Ă— bodyâ‰Ą30%)
00:42:44 core.sweep_detector INFO: OrderBlocks: 6 detected, 1 unmitigated
00:42:44 core.sweep_detector INFO: FVGs: 5 detected, 0 unfilled
00:42:46 core.sweep_detector INFO: SweepDetector v2: 2 raw â†’ 1 confirmed (volâ‰Ą2.5Ă— bodyâ‰Ą30%)
00:42:46 core.sweep_detector INFO: OrderBlocks: 6 detected, 1 unmitigated
00:42:46 core.sweep_detector INFO: FVGs: 5 detected, 1 unfilled
00:42:47 core.sweep_detector INFO: SweepDetector v2: 1 raw â†’ 1 confirmed (volâ‰Ą2.5Ă— bodyâ‰Ą30%)
00:42:47 core.sweep_detector INFO: OrderBlocks: 4 detected, 1 unmitigated
00:42:47 core.sweep_detector INFO: FVGs: 7 detected, 0 unfilled
00:42:49 core.sweep_detector INFO: SweepDetector v2: 4 raw â†’ 3 confirmed (volâ‰Ą2.5Ă— bodyâ‰Ą30%)
00:42:49 core.sweep_detector INFO: OrderBlocks: 2 detected, 0 unmitigated
00:42:49 core.sweep_detector INFO: FVGs: 8 detected, 1 unfilled
00:42:50 core.sweep_detector INFO: SweepDetector v2: 0 raw â†’ 0 confirmed (volâ‰Ą2.5Ă— bodyâ‰Ą30%)
00:42:50 core.sweep_detector INFO: OrderBlocks: 0 detected, 0 unmitigated
00:42:50 core.sweep_detector INFO: FVGs: 4 detected, 1 unfilled
00:42:53 core.sweep_detector INFO: SweepDetector v2: 0 raw â†’ 0 confirmed (volâ‰Ą2.5Ă— bodyâ‰Ą30%)
00:42:53 core.sweep_detector INFO: OrderBlocks: 3 detected, 1 unmitigated
00:42:53 core.sweep_detector INFO: FVGs: 4 detected, 1 unfilled
00:42:55 core.sweep_detector INFO: SweepDetector v2: 0 raw â†’ 0 confirmed (volâ‰Ą2.5Ă— bodyâ‰Ą30%)
00:42:55 core.sweep_detector INFO: OrderBlocks: 7 detected, 1 unmitigated
00:42:55 core.sweep_detector INFO: FVGs: 3 detected, 1 unfilled
00:42:56 core.sweep_detector INFO: SweepDetector v2: 0 raw â†’ 0 confirmed (volâ‰Ą2.5Ă— bodyâ‰Ą30%)
00:42:56 core.sweep_detector INFO: OrderBlocks: 7 detected, 3 unmitigated
00:42:56 core.sweep_detector INFO: FVGs: 10 detected, 4 unfilled
00:42:58 core.sweep_detector INFO: SweepDetector v2: 1 raw â†’ 1 confirmed (volâ‰Ą2.5Ă— bodyâ‰Ą30%)
00:42:58 core.sweep_detector INFO: OrderBlocks: 4 detected, 1 unmitigated
00:42:58 core.sweep_detector INFO: FVGs: 6 detected, 2 unfilled
00:43:00 core.sweep_detector INFO: SweepDetector v2: 1 raw â†’ 1 confirmed (volâ‰Ą2.5Ă— bodyâ‰Ą30%)
00:43:00 core.sweep_detector INFO: OrderBlocks: 5 detected, 1 unmitigated
00:43:00 core.sweep_detector INFO: FVGs: 5 detected, 0 unfilled
00:43:02 core.sweep_detector INFO: SweepDetector v2: 0 raw â†’ 0 confirmed (volâ‰Ą2.5Ă— bodyâ‰Ą30%)
00:43:02 core.sweep_detector INFO: OrderBlocks: 8 detected, 1 unmitigated
00:43:02 core.sweep_detector INFO: FVGs: 9 detected, 3 unfilled
00:43:04 core.sweep_detector INFO: SweepDetector v2: 3 raw â†’ 3 confirmed (volâ‰Ą2.5Ă— bodyâ‰Ą30%)
00:43:04 core.sweep_detector INFO: OrderBlocks: 1 detected, 0 unmitigated
00:43:04 core.sweep_detector INFO: FVGs: 12 detected, 3 unfilled
00:43:06 core.sweep_detector INFO: SweepDetector v2: 2 raw â†’ 2 confirmed (volâ‰Ą2.5Ă— bodyâ‰Ą30%)
00:43:06 core.sweep_detector INFO: OrderBlocks: 6 detected, 1 unmitigated
00:43:06 core.sweep_detector INFO: FVGs: 10 detected, 1 unfilled
00:43:07 core.sweep_detector INFO: SweepDetector v2: 2 raw â†’ 2 confirmed (volâ‰Ą2.5Ă— bodyâ‰Ą30%)
00:43:07 core.sweep_detector INFO: OrderBlocks: 5 detected, 1 unmitigated
00:43:07 core.sweep_detector INFO: FVGs: 8 detected, 2 unfilled
00:43:09 core.sweep_detector INFO: SweepDetector v2: 2 raw â†’ 2 confirmed (volâ‰Ą2.5Ă— bodyâ‰Ą30%)
00:43:09 core.sweep_detector INFO: OrderBlocks: 3 detected, 0 unmitigated
00:43:09 core.sweep_detector INFO: FVGs: 4 detected, 0 unfilled
00:43:09 __main__ INFO: Pending signal #42: binance:XRP/USDT long entry=1.3072 current=1.3298 dist=1.70% expires=8h
00:43:09 alerts.telegram INFO: Alert suppressed (binance:XRP/USDT long): conf 0.70 < threshold 0.80
00:43:11 core.sweep_detector INFO: SweepDetector v2: 0 raw â†’ 0 confirmed (volâ‰Ą2.5Ă— bodyâ‰Ą30%)
00:43:11 core.sweep_detector INFO: OrderBlocks: 5 detected, 1 unmitigated
00:43:11 core.sweep_detector INFO: FVGs: 3 detected, 0 unfilled
00:43:13 core.sweep_detector INFO: SweepDetector v2: 0 raw â†’ 0 confirmed (volâ‰Ą2.5Ă— bodyâ‰Ą30%)
00:43:13 core.sweep_detector INFO: OrderBlocks: 0 detected, 0 unmitigated
00:43:13 core.sweep_detector INFO: FVGs: 0 detected, 0 unfilled
00:43:14 core.sweep_detector INFO: SweepDetector v2: 0 raw â†’ 0 confirmed (volâ‰Ą2.5Ă— bodyâ‰Ą30%)
00:43:14 core.sweep_detector INFO: OrderBlocks: 3 detected, 0 unmitigated
00:43:14 core.sweep_detector INFO: FVGs: 0 detected, 0 unfilled
00:43:16 core.sweep_detector INFO: SweepDetector v2: 0 raw â†’ 0 confirmed (volâ‰Ą2.5Ă— bodyâ‰Ą30%)
00:43:16 core.sweep_detector INFO: OrderBlocks: 0 detected, 0 unmitigated
00:43:16 core.sweep_detector INFO: FVGs: 0 detected, 0 unfilled
00:43:18 core.sweep_detector INFO: SweepDetector v2: 7 raw â†’ 3 confirmed (volâ‰Ą2.5Ă— bodyâ‰Ą30%)
00:43:18 core.sweep_detector INFO: OrderBlocks: 9 detected, 3 unmitigated
00:43:18 core.sweep_detector INFO: FVGs: 10 detected, 2 unfilled
00:43:19 core.sweep_detector INFO: SweepDetector v2: 1 raw â†’ 1 confirmed (volâ‰Ą2.5Ă— bodyâ‰Ą30%)
00:43:19 core.sweep_detector INFO: OrderBlocks: 7 detected, 2 unmitigated
00:43:19 core.sweep_detector INFO: FVGs: 15 detected, 3 unfilled
00:43:21 core.sweep_detector INFO: SweepDetector v2: 4 raw â†’ 3 confirmed (volâ‰Ą2.5Ă— bodyâ‰Ą30%)
00:43:21 core.sweep_detector INFO: OrderBlocks: 6 detected, 1 unmitigated
00:43:21 core.sweep_detector INFO: FVGs: 8 detected, 0 unfilled
00:43:23 core.sweep_detector INFO: SweepDetector v2: 1 raw â†’ 1 confirmed (volâ‰Ą2.5Ă— bodyâ‰Ą30%)
00:43:23 core.sweep_detector INFO: OrderBlocks: 5 detected, 0 unmitigated
00:43:23 core.sweep_detector INFO: FVGs: 6 detected, 1 unfilled
00:43:25 core.sweep_detector INFO: SweepDetector v2: 2 raw â†’ 1 confirmed (volâ‰Ą2.5Ă— bodyâ‰Ą30%)
00:43:25 core.sweep_detector INFO: OrderBlocks: 2 detected, 0 unmitigated
00:43:25 core.sweep_detector INFO: FVGs: 8 detected, 0 unfilled
00:43:26 core.sweep_detector INFO: SweepDetector v2: 0 raw â†’ 0 confirmed (volâ‰Ą2.5Ă— bodyâ‰Ą30%)
00:43:26 core.sweep_detector INFO: OrderBlocks: 4 detected, 0 unmitigated
00:43:26 core.sweep_detector INFO: FVGs: 6 detected, 0 unfilled
00:43:28 core.sweep_detector INFO: SweepDetector v2: 2 raw â†’ 2 confirmed (volâ‰Ą2.5Ă— bodyâ‰Ą30%)
00:43:28 core.sweep_detector INFO: OrderBlocks: 5 detected, 1 unmitigated
00:43:28 core.sweep_detector INFO: FVGs: 7 detected, 3 unfilled
00:43:29 core.sweep_detector INFO: SweepDetector v2: 2 raw â†’ 2 confirmed (volâ‰Ą2.5Ă— bodyâ‰Ą30%)
00:43:29 core.sweep_detector INFO: OrderBlocks: 4 detected, 1 unmitigated
00:43:29 core.sweep_detector INFO: FVGs: 7 detected, 1 unfilled
00:43:31 core.sweep_detector INFO: SweepDetector v2: 3 raw â†’ 3 confirmed (volâ‰Ą2.5Ă— bodyâ‰Ą30%)
00:43:31 core.sweep_detector INFO: OrderBlocks: 1 detected, 0 unmitigated
00:43:31 core.sweep_detector INFO: FVGs: 7 detected, 1 unfilled
00:43:31 __main__ INFO: Checking 1 open trades for exit conditions
/root/.openclaw/workspace/projects/crypto-liquidity-hunter/main.py:555: DeprecationWarning: datetime.datetime.utcnow() is deprecated and scheduled for removal in a future version. Use timezone-aware objects to represent datetimes in UTC: datetime.datetime.now(datetime.UTC).
  scan_end     = datetime.utcnow()

=== SCAN ALL: 92 pairs, 3 timeframes ===
Total signals generated: 6
  binance:ASTER/USDT 1h LONG Entry=0.65 SL=0.65 TP=0.70 R:R=8.31
  binance:ASTER/USDT 15m LONG Entry=0.65 SL=0.65 TP=0.68 R:R=4.15
  binance:BTC/USDT 15m LONG Entry=65430.15 SL=64870.00 TP=67163.99 R:R=3.10
  binance:POL/USDT 15m LONG Entry=0.09 SL=0.09 TP=0.09 R:R=4.41
  binance:TRUMP/USDT 15m LONG Entry=2.83 SL=2.80 TP=2.94 R:R=3.54
  binance:XRP/USDT 1h LONG Entry=1.31 SL=1.29 TP=1.36 R:R=3.33
