16:10:02 __main__ INFO: Volume filter: fetching all tickers in one call...
16:10:04 __main__ INFO: Volume filter: 102/447 pairs pass $2M threshold
/root/.openclaw/workspace/projects/crypto-liquidity-hunter/main.py:292: DeprecationWarning: datetime.datetime.utcnow() is deprecated and scheduled for removal in a future version. Use timezone-aware objects to represent datetimes in UTC: datetime.datetime.now(datetime.UTC).
  scan_start = datetime.utcnow()   # for duration tracking
16:10:05 core.binance_connector INFO: BinanceConnector: connected [LIVE FUTURES MAINNET]
16:10:05 __main__ INFO: Auto-executor: account 'Liquiddbot1' mode=live exec=auto
16:10:07 core.sweep_detector INFO: SweepDetector v2: 0 raw → 0 confirmed (vol≥2.5× body≥30%)
16:10:07 core.sweep_detector INFO: OrderBlocks: 10 detected, 5 unmitigated
16:10:07 core.sweep_detector INFO: FVGs: 11 detected, 6 unfilled
16:10:08 core.sweep_detector INFO: SweepDetector v2: 2 raw → 2 confirmed (vol≥2.5× body≥30%)
16:10:08 core.sweep_detector INFO: OrderBlocks: 2 detected, 1 unmitigated
16:10:08 core.sweep_detector INFO: FVGs: 10 detected, 1 unfilled
16:10:10 core.sweep_detector INFO: SweepDetector v2: 2 raw → 2 confirmed (vol≥2.5× body≥30%)
16:10:10 core.sweep_detector INFO: OrderBlocks: 3 detected, 0 unmitigated
16:10:10 core.sweep_detector INFO: FVGs: 5 detected, 0 unfilled
16:10:12 core.sweep_detector INFO: SweepDetector v2: 1 raw → 1 confirmed (vol≥2.5× body≥30%)
16:10:12 core.sweep_detector INFO: OrderBlocks: 8 detected, 2 unmitigated
16:10:12 core.sweep_detector INFO: FVGs: 10 detected, 4 unfilled
16:10:13 core.sweep_detector INFO: SweepDetector v2: 2 raw → 1 confirmed (vol≥2.5× body≥30%)
16:10:13 core.sweep_detector INFO: OrderBlocks: 3 detected, 1 unmitigated
16:10:13 core.sweep_detector INFO: FVGs: 6 detected, 1 unfilled
16:10:15 core.sweep_detector INFO: SweepDetector v2: 2 raw → 2 confirmed (vol≥2.5× body≥30%)
16:10:15 core.sweep_detector INFO: OrderBlocks: 5 detected, 1 unmitigated
16:10:15 core.sweep_detector INFO: FVGs: 6 detected, 1 unfilled
16:10:17 core.sweep_detector INFO: SweepDetector v2: 5 raw → 5 confirmed (vol≥2.5× body≥30%)
16:10:17 core.sweep_detector INFO: OrderBlocks: 5 detected, 0 unmitigated
16:10:17 core.sweep_detector INFO: FVGs: 10 detected, 1 unfilled
16:10:19 core.sweep_detector INFO: SweepDetector v2: 3 raw → 3 confirmed (vol≥2.5× body≥30%)
16:10:19 core.sweep_detector INFO: OrderBlocks: 4 detected, 1 unmitigated
16:10:19 core.sweep_detector INFO: FVGs: 9 detected, 1 unfilled
16:10:21 core.sweep_detector INFO: SweepDetector v2: 1 raw → 1 confirmed (vol≥2.5× body≥30%)
16:10:21 core.sweep_detector INFO: OrderBlocks: 6 detected, 3 unmitigated
16:10:21 core.sweep_detector INFO: FVGs: 6 detected, 4 unfilled
16:10:23 core.sweep_detector INFO: SweepDetector v2: 3 raw → 2 confirmed (vol≥2.5× body≥30%)
16:10:23 core.sweep_detector INFO: OrderBlocks: 7 detected, 0 unmitigated
16:10:23 core.sweep_detector INFO: FVGs: 10 detected, 0 unfilled
16:10:25 core.sweep_detector INFO: SweepDetector v2: 1 raw → 0 confirmed (vol≥2.5× body≥30%)
16:10:25 core.sweep_detector INFO: OrderBlocks: 3 detected, 1 unmitigated
16:10:25 core.sweep_detector INFO: FVGs: 10 detected, 2 unfilled
16:10:27 core.sweep_detector INFO: SweepDetector v2: 0 raw → 0 confirmed (vol≥2.5× body≥30%)
16:10:27 core.sweep_detector INFO: OrderBlocks: 2 detected, 0 unmitigated
16:10:27 core.sweep_detector INFO: FVGs: 7 detected, 0 unfilled
16:10:28 core.sweep_detector INFO: SweepDetector v2: 2 raw → 1 confirmed (vol≥2.5× body≥30%)
16:10:28 core.sweep_detector INFO: OrderBlocks: 7 detected, 2 unmitigated
16:10:28 core.sweep_detector INFO: FVGs: 8 detected, 3 unfilled
16:10:30 core.sweep_detector INFO: SweepDetector v2: 1 raw → 1 confirmed (vol≥2.5× body≥30%)
16:10:30 core.sweep_detector INFO: OrderBlocks: 3 detected, 0 unmitigated
16:10:30 core.sweep_detector INFO: FVGs: 10 detected, 1 unfilled
16:10:32 core.sweep_detector INFO: SweepDetector v2: 1 raw → 1 confirmed (vol≥2.5× body≥30%)
16:10:32 core.sweep_detector INFO: OrderBlocks: 4 detected, 2 unmitigated
16:10:32 core.sweep_detector INFO: FVGs: 8 detected, 3 unfilled
16:10:34 core.sweep_detector INFO: SweepDetector v2: 2 raw → 1 confirmed (vol≥2.5× body≥30%)
16:10:34 core.sweep_detector INFO: OrderBlocks: 5 detected, 1 unmitigated
16:10:34 core.sweep_detector INFO: FVGs: 10 detected, 3 unfilled
16:10:35 core.sweep_detector INFO: SweepDetector v2: 1 raw → 1 confirmed (vol≥2.5× body≥30%)
16:10:35 core.sweep_detector INFO: OrderBlocks: 6 detected, 2 unmitigated
16:10:35 core.sweep_detector INFO: FVGs: 10 detected, 3 unfilled
16:10:37 core.sweep_detector INFO: SweepDetector v2: 3 raw → 3 confirmed (vol≥2.5× body≥30%)
16:10:37 core.sweep_detector INFO: OrderBlocks: 2 detected, 1 unmitigated
16:10:37 core.sweep_detector INFO: FVGs: 7 detected, 2 unfilled
16:10:39 core.sweep_detector INFO: SweepDetector v2: 5 raw → 5 confirmed (vol≥2.5× body≥30%)
16:10:39 core.sweep_detector INFO: OrderBlocks: 1 detected, 0 unmitigated
16:10:39 core.sweep_detector INFO: FVGs: 4 detected, 2 unfilled
16:10:40 core.sweep_detector INFO: SweepDetector v2: 2 raw → 2 confirmed (vol≥2.5× body≥30%)
16:10:40 core.sweep_detector INFO: OrderBlocks: 4 detected, 2 unmitigated
16:10:40 core.sweep_detector INFO: FVGs: 3 detected, 2 unfilled
16:10:42 core.sweep_detector INFO: SweepDetector v2: 2 raw → 2 confirmed (vol≥2.5× body≥30%)
16:10:42 core.sweep_detector INFO: OrderBlocks: 3 detected, 2 unmitigated
16:10:42 core.sweep_detector INFO: FVGs: 6 detected, 2 unfilled
16:10:44 core.sweep_detector INFO: SweepDetector v2: 2 raw → 1 confirmed (vol≥2.5× body≥30%)
16:10:44 core.sweep_detector INFO: OrderBlocks: 7 detected, 3 unmitigated
16:10:44 core.sweep_detector INFO: FVGs: 9 detected, 4 unfilled
16:10:46 core.sweep_detector INFO: SweepDetector v2: 1 raw → 0 confirmed (vol≥2.5× body≥30%)
16:10:46 core.sweep_detector INFO: OrderBlocks: 2 detected, 1 unmitigated
16:10:46 core.sweep_detector INFO: FVGs: 3 detected, 1 unfilled
16:10:47 core.sweep_detector INFO: SweepDetector v2: 2 raw → 2 confirmed (vol≥2.5× body≥30%)
16:10:47 core.sweep_detector INFO: OrderBlocks: 8 detected, 3 unmitigated
16:10:47 core.sweep_detector INFO: FVGs: 8 detected, 2 unfilled
16:10:49 core.sweep_detector INFO: SweepDetector v2: 2 raw → 2 confirmed (vol≥2.5× body≥30%)
16:10:49 core.sweep_detector INFO: OrderBlocks: 4 detected, 2 unmitigated
16:10:49 core.sweep_detector INFO: FVGs: 12 detected, 6 unfilled
16:10:51 core.sweep_detector INFO: SweepDetector v2: 1 raw → 1 confirmed (vol≥2.5× body≥30%)
16:10:51 core.sweep_detector INFO: OrderBlocks: 4 detected, 2 unmitigated
16:10:51 core.sweep_detector INFO: FVGs: 8 detected, 3 unfilled
16:10:52 core.sweep_detector INFO: SweepDetector v2: 2 raw → 2 confirmed (vol≥2.5× body≥30%)
16:10:52 core.sweep_detector INFO: OrderBlocks: 2 detected, 1 unmitigated
16:10:52 core.sweep_detector INFO: FVGs: 8 detected, 1 unfilled
16:10:54 core.sweep_detector INFO: SweepDetector v2: 2 raw → 2 confirmed (vol≥2.5× body≥30%)
16:10:54 core.sweep_detector INFO: OrderBlocks: 5 detected, 0 unmitigated
16:10:54 core.sweep_detector INFO: FVGs: 4 detected, 0 unfilled
16:10:56 core.sweep_detector INFO: SweepDetector v2: 1 raw → 1 confirmed (vol≥2.5× body≥30%)
16:10:56 core.sweep_detector INFO: OrderBlocks: 4 detected, 0 unmitigated
16:10:56 core.sweep_detector INFO: FVGs: 11 detected, 1 unfilled
16:10:59 core.sweep_detector INFO: SweepDetector v2: 1 raw → 0 confirmed (vol≥2.5× body≥30%)
16:10:59 core.sweep_detector INFO: OrderBlocks: 1 detected, 0 unmitigated
16:10:59 core.sweep_detector INFO: FVGs: 4 detected, 0 unfilled
16:11:00 core.sweep_detector INFO: SweepDetector v2: 1 raw → 1 confirmed (vol≥2.5× body≥30%)
16:11:00 core.sweep_detector INFO: OrderBlocks: 5 detected, 1 unmitigated
16:11:00 core.sweep_detector INFO: FVGs: 8 detected, 1 unfilled
16:11:02 core.sweep_detector INFO: SweepDetector v2: 0 raw → 0 confirmed (vol≥2.5× body≥30%)
16:11:02 core.sweep_detector INFO: OrderBlocks: 4 detected, 2 unmitigated
16:11:02 core.sweep_detector INFO: FVGs: 8 detected, 2 unfilled
16:11:04 core.sweep_detector INFO: SweepDetector v2: 0 raw → 0 confirmed (vol≥2.5× body≥30%)
16:11:04 core.sweep_detector INFO: OrderBlocks: 9 detected, 4 unmitigated
16:11:04 core.sweep_detector INFO: FVGs: 13 detected, 4 unfilled
16:11:06 core.sweep_detector INFO: SweepDetector v2: 4 raw → 4 confirmed (vol≥2.5× body≥30%)
16:11:06 core.sweep_detector INFO: OrderBlocks: 2 detected, 2 unmitigated
16:11:06 core.sweep_detector INFO: FVGs: 12 detected, 3 unfilled
16:11:08 core.sweep_detector INFO: SweepDetector v2: 1 raw → 1 confirmed (vol≥2.5× body≥30%)
16:11:08 core.sweep_detector INFO: OrderBlocks: 6 detected, 1 unmitigated
16:11:08 core.sweep_detector INFO: FVGs: 11 detected, 0 unfilled
16:11:10 core.sweep_detector INFO: SweepDetector v2: 2 raw → 1 confirmed (vol≥2.5× body≥30%)
16:11:10 core.sweep_detector INFO: OrderBlocks: 3 detected, 0 unmitigated
16:11:10 core.sweep_detector INFO: FVGs: 6 detected, 0 unfilled
16:11:12 core.sweep_detector INFO: SweepDetector v2: 0 raw → 0 confirmed (vol≥2.5× body≥30%)
16:11:12 core.sweep_detector INFO: OrderBlocks: 4 detected, 2 unmitigated
16:11:12 core.sweep_detector INFO: FVGs: 7 detected, 2 unfilled
16:11:13 core.sweep_detector INFO: SweepDetector v2: 3 raw → 3 confirmed (vol≥2.5× body≥30%)
16:11:13 core.sweep_detector INFO: OrderBlocks: 2 detected, 2 unmitigated
16:11:13 core.sweep_detector INFO: FVGs: 6 detected, 3 unfilled
16:11:15 core.sweep_detector INFO: SweepDetector v2: 2 raw → 2 confirmed (vol≥2.5× body≥30%)
16:11:15 core.sweep_detector INFO: OrderBlocks: 5 detected, 3 unmitigated
16:11:15 core.sweep_detector INFO: FVGs: 7 detected, 3 unfilled
16:11:16 core.sweep_detector INFO: SweepDetector v2: 0 raw → 0 confirmed (vol≥2.5× body≥30%)
16:11:17 core.sweep_detector INFO: OrderBlocks: 0 detected, 0 unmitigated
16:11:17 core.sweep_detector INFO: FVGs: 0 detected, 0 unfilled
16:11:18 core.sweep_detector INFO: SweepDetector v2: 0 raw → 0 confirmed (vol≥2.5× body≥30%)
16:11:18 core.sweep_detector INFO: OrderBlocks: 0 detected, 0 unmitigated
16:11:18 core.sweep_detector INFO: FVGs: 0 detected, 0 unfilled
16:11:20 core.sweep_detector INFO: SweepDetector v2: 0 raw → 0 confirmed (vol≥2.5× body≥30%)
16:11:20 core.sweep_detector INFO: OrderBlocks: 0 detected, 0 unmitigated
16:11:20 core.sweep_detector INFO: FVGs: 0 detected, 0 unfilled
16:11:22 core.sweep_detector INFO: SweepDetector v2: 1 raw → 1 confirmed (vol≥2.5× body≥30%)
16:11:22 core.sweep_detector INFO: OrderBlocks: 8 detected, 6 unmitigated
16:11:22 core.sweep_detector INFO: FVGs: 10 detected, 5 unfilled
16:11:24 core.sweep_detector INFO: SweepDetector v2: 1 raw → 1 confirmed (vol≥2.5× body≥30%)
16:11:24 core.sweep_detector INFO: OrderBlocks: 4 detected, 1 unmitigated
16:11:24 core.sweep_detector INFO: FVGs: 4 detected, 1 unfilled
16:11:25 core.sweep_detector INFO: SweepDetector v2: 1 raw → 1 confirmed (vol≥2.5× body≥30%)
16:11:25 core.sweep_detector INFO: OrderBlocks: 4 detected, 1 unmitigated
16:11:25 core.sweep_detector INFO: FVGs: 5 detected, 0 unfilled
16:11:27 core.sweep_detector INFO: SweepDetector v2: 1 raw → 1 confirmed (vol≥2.5× body≥30%)
16:11:27 core.sweep_detector INFO: OrderBlocks: 7 detected, 2 unmitigated
16:11:27 core.sweep_detector INFO: FVGs: 7 detected, 3 unfilled
16:11:29 core.sweep_detector INFO: SweepDetector v2: 1 raw → 1 confirmed (vol≥2.5× body≥30%)
16:11:29 core.sweep_detector INFO: OrderBlocks: 1 detected, 1 unmitigated
16:11:29 core.sweep_detector INFO: FVGs: 9 detected, 1 unfilled
16:11:30 core.sweep_detector INFO: SweepDetector v2: 1 raw → 1 confirmed (vol≥2.5× body≥30%)
16:11:30 core.sweep_detector INFO: OrderBlocks: 3 detected, 0 unmitigated
16:11:30 core.sweep_detector INFO: FVGs: 6 detected, 1 unfilled
16:11:32 core.sweep_detector INFO: SweepDetector v2: 0 raw → 0 confirmed (vol≥2.5× body≥30%)
16:11:32 core.sweep_detector INFO: OrderBlocks: 6 detected, 4 unmitigated
16:11:32 core.sweep_detector INFO: FVGs: 7 detected, 3 unfilled
16:11:34 core.sweep_detector INFO: SweepDetector v2: 2 raw → 1 confirmed (vol≥2.5× body≥30%)
16:11:34 core.sweep_detector INFO: OrderBlocks: 4 detected, 1 unmitigated
16:11:34 core.sweep_detector INFO: FVGs: 9 detected, 1 unfilled
16:11:36 core.sweep_detector INFO: SweepDetector v2: 1 raw → 1 confirmed (vol≥2.5× body≥30%)
16:11:36 core.sweep_detector INFO: OrderBlocks: 3 detected, 0 unmitigated
16:11:36 core.sweep_detector INFO: FVGs: 3 detected, 0 unfilled
16:11:37 core.sweep_detector INFO: SweepDetector v2: 7 raw → 5 confirmed (vol≥2.5× body≥30%)
16:11:37 core.sweep_detector INFO: OrderBlocks: 4 detected, 2 unmitigated
16:11:37 core.sweep_detector INFO: FVGs: 10 detected, 5 unfilled
16:11:39 core.sweep_detector INFO: SweepDetector v2: 3 raw → 1 confirmed (vol≥2.5× body≥30%)
16:11:39 core.sweep_detector INFO: OrderBlocks: 5 detected, 2 unmitigated
16:11:39 core.sweep_detector INFO: FVGs: 10 detected, 4 unfilled
16:11:41 core.sweep_detector INFO: SweepDetector v2: 0 raw → 0 confirmed (vol≥2.5× body≥30%)
16:11:41 core.sweep_detector INFO: OrderBlocks: 5 detected, 3 unmitigated
16:11:41 core.sweep_detector INFO: FVGs: 10 detected, 6 unfilled
16:11:43 core.sweep_detector INFO: SweepDetector v2: 1 raw → 1 confirmed (vol≥2.5× body≥30%)
16:11:43 core.sweep_detector INFO: OrderBlocks: 7 detected, 3 unmitigated
16:11:43 core.sweep_detector INFO: FVGs: 12 detected, 3 unfilled
16:11:45 core.sweep_detector INFO: SweepDetector v2: 2 raw → 1 confirmed (vol≥2.5× body≥30%)
16:11:45 core.sweep_detector INFO: OrderBlocks: 8 detected, 0 unmitigated
16:11:45 core.sweep_detector INFO: FVGs: 6 detected, 2 unfilled
16:11:46 core.sweep_detector INFO: SweepDetector v2: 2 raw → 2 confirmed (vol≥2.5× body≥30%)
16:11:46 core.sweep_detector INFO: OrderBlocks: 4 detected, 1 unmitigated
16:11:46 core.sweep_detector INFO: FVGs: 3 detected, 1 unfilled
16:11:49 core.sweep_detector INFO: SweepDetector v2: 5 raw → 4 confirmed (vol≥2.5× body≥30%)
16:11:49 core.sweep_detector INFO: OrderBlocks: 8 detected, 1 unmitigated
16:11:49 core.sweep_detector INFO: FVGs: 12 detected, 4 unfilled
16:11:50 core.sweep_detector INFO: SweepDetector v2: 1 raw → 0 confirmed (vol≥2.5× body≥30%)
16:11:50 core.sweep_detector INFO: OrderBlocks: 6 detected, 1 unmitigated
16:11:50 core.sweep_detector INFO: FVGs: 19 detected, 4 unfilled
16:11:52 core.sweep_detector INFO: SweepDetector v2: 1 raw → 0 confirmed (vol≥2.5× body≥30%)
16:11:52 core.sweep_detector INFO: OrderBlocks: 6 detected, 3 unmitigated
16:11:52 core.sweep_detector INFO: FVGs: 14 detected, 9 unfilled
16:11:54 core.sweep_detector INFO: SweepDetector v2: 0 raw → 0 confirmed (vol≥2.5× body≥30%)
16:11:54 core.sweep_detector INFO: OrderBlocks: 6 detected, 3 unmitigated
16:11:54 core.sweep_detector INFO: FVGs: 4 detected, 3 unfilled
16:11:55 core.sweep_detector INFO: SweepDetector v2: 1 raw → 1 confirmed (vol≥2.5× body≥30%)
16:11:55 core.sweep_detector INFO: OrderBlocks: 6 detected, 2 unmitigated
16:11:55 core.sweep_detector INFO: FVGs: 3 detected, 3 unfilled
16:11:57 core.sweep_detector INFO: SweepDetector v2: 1 raw → 0 confirmed (vol≥2.5× body≥30%)
16:11:57 core.sweep_detector INFO: OrderBlocks: 6 detected, 0 unmitigated
16:11:57 core.sweep_detector INFO: FVGs: 8 detected, 1 unfilled
16:11:59 core.sweep_detector INFO: SweepDetector v2: 1 raw → 0 confirmed (vol≥2.5× body≥30%)
16:11:59 core.sweep_detector INFO: OrderBlocks: 2 detected, 2 unmitigated
16:11:59 core.sweep_detector INFO: FVGs: 7 detected, 6 unfilled
16:12:01 core.sweep_detector INFO: SweepDetector v2: 1 raw → 0 confirmed (vol≥2.5× body≥30%)
16:12:01 core.sweep_detector INFO: OrderBlocks: 4 detected, 3 unmitigated
16:12:01 core.sweep_detector INFO: FVGs: 6 detected, 4 unfilled
16:12:02 core.sweep_detector INFO: SweepDetector v2: 2 raw → 1 confirmed (vol≥2.5× body≥30%)
16:12:02 core.sweep_detector INFO: OrderBlocks: 13 detected, 0 unmitigated
16:12:02 core.sweep_detector INFO: FVGs: 7 detected, 0 unfilled
16:12:04 core.sweep_detector INFO: SweepDetector v2: 0 raw → 0 confirmed (vol≥2.5× body≥30%)
16:12:04 core.sweep_detector INFO: OrderBlocks: 6 detected, 2 unmitigated
16:12:04 core.sweep_detector INFO: FVGs: 11 detected, 7 unfilled
16:12:06 core.sweep_detector INFO: SweepDetector v2: 3 raw → 2 confirmed (vol≥2.5× body≥30%)
16:12:06 core.sweep_detector INFO: OrderBlocks: 6 detected, 1 unmitigated
16:12:06 core.sweep_detector INFO: FVGs: 12 detected, 3 unfilled
16:12:07 core.sweep_detector INFO: SweepDetector v2: 0 raw → 0 confirmed (vol≥2.5× body≥30%)
16:12:07 core.sweep_detector INFO: OrderBlocks: 6 detected, 0 unmitigated
16:12:07 core.sweep_detector INFO: FVGs: 7 detected, 2 unfilled
16:12:10 core.sweep_detector INFO: SweepDetector v2: 0 raw → 0 confirmed (vol≥2.5× body≥30%)
16:12:10 core.sweep_detector INFO: OrderBlocks: 9 detected, 2 unmitigated
16:12:10 core.sweep_detector INFO: FVGs: 14 detected, 3 unfilled
16:12:12 core.sweep_detector INFO: SweepDetector v2: 3 raw → 2 confirmed (vol≥2.5× body≥30%)
16:12:12 core.sweep_detector INFO: OrderBlocks: 3 detected, 2 unmitigated
16:12:12 core.sweep_detector INFO: FVGs: 12 detected, 2 unfilled
16:12:13 core.sweep_detector INFO: SweepDetector v2: 2 raw → 2 confirmed (vol≥2.5× body≥30%)
16:12:13 core.sweep_detector INFO: OrderBlocks: 6 detected, 2 unmitigated
16:12:13 core.sweep_detector INFO: FVGs: 6 detected, 2 unfilled
16:12:15 core.sweep_detector INFO: SweepDetector v2: 4 raw → 2 confirmed (vol≥2.5× body≥30%)
16:12:15 core.sweep_detector INFO: OrderBlocks: 5 detected, 2 unmitigated
16:12:15 core.sweep_detector INFO: FVGs: 9 detected, 2 unfilled
16:12:17 core.sweep_detector INFO: SweepDetector v2: 5 raw → 4 confirmed (vol≥2.5× body≥30%)
16:12:17 core.sweep_detector INFO: OrderBlocks: 6 detected, 2 unmitigated
16:12:17 core.sweep_detector INFO: FVGs: 10 detected, 4 unfilled
16:12:18 core.sweep_detector INFO: SweepDetector v2: 3 raw → 2 confirmed (vol≥2.5× body≥30%)
16:12:18 core.sweep_detector INFO: OrderBlocks: 6 detected, 3 unmitigated
16:12:18 core.sweep_detector INFO: FVGs: 12 detected, 7 unfilled
16:12:20 core.sweep_detector INFO: SweepDetector v2: 3 raw → 2 confirmed (vol≥2.5× body≥30%)
16:12:20 core.sweep_detector INFO: OrderBlocks: 5 detected, 2 unmitigated
16:12:20 core.sweep_detector INFO: FVGs: 5 detected, 2 unfilled
16:12:22 core.sweep_detector INFO: SweepDetector v2: 2 raw → 1 confirmed (vol≥2.5× body≥30%)
16:12:22 core.sweep_detector INFO: OrderBlocks: 3 detected, 0 unmitigated
16:12:22 core.sweep_detector INFO: FVGs: 10 detected, 2 unfilled
16:12:24 core.sweep_detector INFO: SweepDetector v2: 0 raw → 0 confirmed (vol≥2.5× body≥30%)
16:12:24 core.sweep_detector INFO: OrderBlocks: 6 detected, 2 unmitigated
16:12:24 core.sweep_detector INFO: FVGs: 4 detected, 1 unfilled
16:12:25 core.sweep_detector INFO: SweepDetector v2: 1 raw → 1 confirmed (vol≥2.5× body≥30%)
16:12:25 core.sweep_detector INFO: OrderBlocks: 9 detected, 2 unmitigated
16:12:25 core.sweep_detector INFO: FVGs: 7 detected, 1 unfilled
16:12:27 core.sweep_detector INFO: SweepDetector v2: 0 raw → 0 confirmed (vol≥2.5× body≥30%)
16:12:27 core.sweep_detector INFO: OrderBlocks: 8 detected, 2 unmitigated
16:12:27 core.sweep_detector INFO: FVGs: 10 detected, 3 unfilled
16:12:29 core.sweep_detector INFO: SweepDetector v2: 1 raw → 1 confirmed (vol≥2.5× body≥30%)
16:12:29 core.sweep_detector INFO: OrderBlocks: 4 detected, 0 unmitigated
16:12:29 core.sweep_detector INFO: FVGs: 9 detected, 2 unfilled
16:12:31 core.sweep_detector INFO: SweepDetector v2: 0 raw → 0 confirmed (vol≥2.5× body≥30%)
16:12:31 core.sweep_detector INFO: OrderBlocks: 8 detected, 3 unmitigated
16:12:31 core.sweep_detector INFO: FVGs: 11 detected, 2 unfilled
16:12:32 core.sweep_detector INFO: SweepDetector v2: 4 raw → 3 confirmed (vol≥2.5× body≥30%)
16:12:32 core.sweep_detector INFO: OrderBlocks: 2 detected, 1 unmitigated
16:12:32 core.sweep_detector INFO: FVGs: 9 detected, 1 unfilled
16:12:34 core.sweep_detector INFO: SweepDetector v2: 1 raw → 1 confirmed (vol≥2.5× body≥30%)
16:12:34 core.sweep_detector INFO: OrderBlocks: 3 detected, 0 unmitigated
16:12:34 core.sweep_detector INFO: FVGs: 3 detected, 0 unfilled
16:12:36 core.sweep_detector INFO: SweepDetector v2: 1 raw → 0 confirmed (vol≥2.5× body≥30%)
16:12:36 core.sweep_detector INFO: OrderBlocks: 4 detected, 1 unmitigated
16:12:36 core.sweep_detector INFO: FVGs: 8 detected, 2 unfilled
16:12:38 core.sweep_detector INFO: SweepDetector v2: 3 raw → 3 confirmed (vol≥2.5× body≥30%)
16:12:38 core.sweep_detector INFO: OrderBlocks: 4 detected, 0 unmitigated
16:12:38 core.sweep_detector INFO: FVGs: 6 detected, 0 unfilled
16:12:39 core.sweep_detector INFO: SweepDetector v2: 2 raw → 2 confirmed (vol≥2.5× body≥30%)
16:12:39 core.sweep_detector INFO: OrderBlocks: 6 detected, 1 unmitigated
16:12:39 core.sweep_detector INFO: FVGs: 9 detected, 1 unfilled
16:12:41 core.sweep_detector INFO: SweepDetector v2: 2 raw → 2 confirmed (vol≥2.5× body≥30%)
16:12:41 core.sweep_detector INFO: OrderBlocks: 9 detected, 3 unmitigated
16:12:41 core.sweep_detector INFO: FVGs: 15 detected, 5 unfilled
16:12:43 core.sweep_detector INFO: SweepDetector v2: 2 raw → 2 confirmed (vol≥2.5× body≥30%)
16:12:43 core.sweep_detector INFO: OrderBlocks: 8 detected, 2 unmitigated
16:12:43 core.sweep_detector INFO: FVGs: 11 detected, 3 unfilled
16:12:45 core.sweep_detector INFO: SweepDetector v2: 2 raw → 2 confirmed (vol≥2.5× body≥30%)
16:12:45 core.sweep_detector INFO: OrderBlocks: 6 detected, 3 unmitigated
16:12:45 core.sweep_detector INFO: FVGs: 11 detected, 2 unfilled
16:12:46 core.sweep_detector INFO: SweepDetector v2: 1 raw → 1 confirmed (vol≥2.5× body≥30%)
16:12:46 core.sweep_detector INFO: OrderBlocks: 5 detected, 3 unmitigated
16:12:46 core.sweep_detector INFO: FVGs: 11 detected, 3 unfilled
16:12:48 core.sweep_detector INFO: SweepDetector v2: 4 raw → 3 confirmed (vol≥2.5× body≥30%)
16:12:48 core.sweep_detector INFO: OrderBlocks: 3 detected, 0 unmitigated
16:12:48 core.sweep_detector INFO: FVGs: 7 detected, 2 unfilled
16:12:50 core.sweep_detector INFO: SweepDetector v2: 5 raw → 3 confirmed (vol≥2.5× body≥30%)
16:12:50 core.sweep_detector INFO: OrderBlocks: 1 detected, 1 unmitigated
16:12:50 core.sweep_detector INFO: FVGs: 6 detected, 1 unfilled
16:12:52 core.sweep_detector INFO: SweepDetector v2: 2 raw → 1 confirmed (vol≥2.5× body≥30%)
16:12:52 core.sweep_detector INFO: OrderBlocks: 5 detected, 0 unmitigated
16:12:52 core.sweep_detector INFO: FVGs: 7 detected, 1 unfilled
16:12:55 core.sweep_detector INFO: SweepDetector v2: 1 raw → 0 confirmed (vol≥2.5× body≥30%)
16:12:55 core.sweep_detector INFO: OrderBlocks: 4 detected, 2 unmitigated
16:12:55 core.sweep_detector INFO: FVGs: 10 detected, 1 unfilled
16:12:57 core.sweep_detector INFO: SweepDetector v2: 3 raw → 2 confirmed (vol≥2.5× body≥30%)
16:12:57 core.sweep_detector INFO: OrderBlocks: 6 detected, 2 unmitigated
16:12:57 core.sweep_detector INFO: FVGs: 8 detected, 3 unfilled
16:12:59 core.sweep_detector INFO: SweepDetector v2: 2 raw → 1 confirmed (vol≥2.5× body≥30%)
16:12:59 core.sweep_detector INFO: OrderBlocks: 5 detected, 1 unmitigated
16:12:59 core.sweep_detector INFO: FVGs: 8 detected, 4 unfilled
16:13:02 core.sweep_detector INFO: SweepDetector v2: 2 raw → 2 confirmed (vol≥2.5× body≥30%)
16:13:02 core.sweep_detector INFO: OrderBlocks: 2 detected, 1 unmitigated
16:13:02 core.sweep_detector INFO: FVGs: 12 detected, 3 unfilled
16:13:04 core.sweep_detector INFO: SweepDetector v2: 1 raw → 1 confirmed (vol≥2.5× body≥30%)
16:13:04 core.sweep_detector INFO: OrderBlocks: 4 detected, 0 unmitigated
16:13:04 core.sweep_detector INFO: FVGs: 11 detected, 1 unfilled
16:13:06 core.sweep_detector INFO: SweepDetector v2: 2 raw → 1 confirmed (vol≥2.5× body≥30%)
16:13:06 core.sweep_detector INFO: OrderBlocks: 6 detected, 2 unmitigated
16:13:06 core.sweep_detector INFO: FVGs: 10 detected, 5 unfilled
16:13:08 core.sweep_detector INFO: SweepDetector v2: 3 raw → 1 confirmed (vol≥2.5× body≥30%)
16:13:08 core.sweep_detector INFO: OrderBlocks: 4 detected, 1 unmitigated
16:13:08 core.sweep_detector INFO: FVGs: 10 detected, 2 unfilled
16:13:11 core.sweep_detector INFO: SweepDetector v2: 2 raw → 2 confirmed (vol≥2.5× body≥30%)
16:13:11 core.sweep_detector INFO: OrderBlocks: 5 detected, 1 unmitigated
16:13:11 core.sweep_detector INFO: FVGs: 4 detected, 1 unfilled
16:13:13 core.sweep_detector INFO: SweepDetector v2: 0 raw → 0 confirmed (vol≥2.5× body≥30%)
16:13:13 core.sweep_detector INFO: OrderBlocks: 2 detected, 2 unmitigated
16:13:13 core.sweep_detector INFO: FVGs: 10 detected, 5 unfilled
16:13:19 core.sweep_detector INFO: SweepDetector v2: 2 raw → 2 confirmed (vol≥2.5× body≥30%)
16:13:19 core.sweep_detector INFO: OrderBlocks: 3 detected, 0 unmitigated
16:13:19 core.sweep_detector INFO: FVGs: 3 detected, 1 unfilled
16:13:21 core.sweep_detector INFO: SweepDetector v2: 1 raw → 1 confirmed (vol≥2.5× body≥30%)
16:13:21 core.sweep_detector INFO: OrderBlocks: 2 detected, 0 unmitigated
16:13:21 core.sweep_detector INFO: FVGs: 10 detected, 1 unfilled
16:13:23 core.sweep_detector INFO: SweepDetector v2: 0 raw → 0 confirmed (vol≥2.5× body≥30%)
16:13:23 core.sweep_detector INFO: OrderBlocks: 5 detected, 1 unmitigated
16:13:23 core.sweep_detector INFO: FVGs: 1 detected, 1 unfilled
16:13:26 core.sweep_detector INFO: SweepDetector v2: 0 raw → 0 confirmed (vol≥2.5× body≥30%)
16:13:26 core.sweep_detector INFO: OrderBlocks: 4 detected, 1 unmitigated
16:13:26 core.sweep_detector INFO: FVGs: 1 detected, 1 unfilled
16:13:28 core.sweep_detector INFO: SweepDetector v2: 0 raw → 0 confirmed (vol≥2.5× body≥30%)
16:13:28 core.sweep_detector INFO: OrderBlocks: 4 detected, 2 unmitigated
16:13:28 core.sweep_detector INFO: FVGs: 0 detected, 0 unfilled
16:13:31 core.sweep_detector INFO: SweepDetector v2: 0 raw → 0 confirmed (vol≥2.5× body≥30%)
16:13:31 core.sweep_detector INFO: OrderBlocks: 0 detected, 0 unmitigated
16:13:31 core.sweep_detector INFO: FVGs: 0 detected, 0 unfilled
16:13:34 core.sweep_detector INFO: SweepDetector v2: 0 raw → 0 confirmed (vol≥2.5× body≥30%)
16:13:34 core.sweep_detector INFO: OrderBlocks: 0 detected, 0 unmitigated
16:13:34 core.sweep_detector INFO: FVGs: 0 detected, 0 unfilled
16:13:36 core.sweep_detector INFO: SweepDetector v2: 0 raw → 0 confirmed (vol≥2.5× body≥30%)
16:13:36 core.sweep_detector INFO: OrderBlocks: 0 detected, 0 unmitigated
16:13:36 core.sweep_detector INFO: FVGs: 0 detected, 0 unfilled
16:13:38 core.sweep_detector INFO: SweepDetector v2: 0 raw → 0 confirmed (vol≥2.5× body≥30%)
16:13:38 core.sweep_detector INFO: OrderBlocks: 6 detected, 1 unmitigated
16:13:38 core.sweep_detector INFO: FVGs: 13 detected, 3 unfilled
16:13:41 core.sweep_detector INFO: SweepDetector v2: 1 raw → 1 confirmed (vol≥2.5× body≥30%)
16:13:41 core.sweep_detector INFO: OrderBlocks: 4 detected, 1 unmitigated
16:13:41 core.sweep_detector INFO: FVGs: 10 detected, 2 unfilled
16:13:43 core.sweep_detector INFO: SweepDetector v2: 2 raw → 2 confirmed (vol≥2.5× body≥30%)
16:13:43 core.sweep_detector INFO: OrderBlocks: 7 detected, 3 unmitigated
16:13:43 core.sweep_detector INFO: FVGs: 8 detected, 2 unfilled
16:13:45 core.sweep_detector INFO: SweepDetector v2: 0 raw → 0 confirmed (vol≥2.5× body≥30%)
16:13:45 core.sweep_detector INFO: OrderBlocks: 8 detected, 4 unmitigated
16:13:45 core.sweep_detector INFO: FVGs: 11 detected, 5 unfilled
16:13:47 core.sweep_detector INFO: SweepDetector v2: 2 raw → 1 confirmed (vol≥2.5× body≥30%)
16:13:47 core.sweep_detector INFO: OrderBlocks: 4 detected, 0 unmitigated
16:13:47 core.sweep_detector INFO: FVGs: 11 detected, 2 unfilled
16:13:48 core.sweep_detector INFO: SweepDetector v2: 2 raw → 2 confirmed (vol≥2.5× body≥30%)
16:13:48 core.sweep_detector INFO: OrderBlocks: 2 detected, 0 unmitigated
16:13:48 core.sweep_detector INFO: FVGs: 9 detected, 1 unfilled
16:13:50 core.sweep_detector INFO: SweepDetector v2: 0 raw → 0 confirmed (vol≥2.5× body≥30%)
16:13:50 core.sweep_detector INFO: OrderBlocks: 8 detected, 3 unmitigated
16:13:50 core.sweep_detector INFO: FVGs: 12 detected, 3 unfilled
16:13:52 core.sweep_detector INFO: SweepDetector v2: 1 raw → 1 confirmed (vol≥2.5× body≥30%)
16:13:52 core.sweep_detector INFO: OrderBlocks: 6 detected, 0 unmitigated
16:13:52 core.sweep_detector INFO: FVGs: 12 detected, 2 unfilled
16:13:53 core.sweep_detector INFO: SweepDetector v2: 4 raw → 3 confirmed (vol≥2.5× body≥30%)
16:13:53 core.sweep_detector INFO: OrderBlocks: 2 detected, 0 unmitigated
16:13:53 core.sweep_detector INFO: FVGs: 8 detected, 0 unfilled
16:13:55 core.sweep_detector INFO: SweepDetector v2: 2 raw → 2 confirmed (vol≥2.5× body≥30%)
16:13:55 core.sweep_detector INFO: OrderBlocks: 6 detected, 0 unmitigated
16:13:55 core.sweep_detector INFO: FVGs: 4 detected, 0 unfilled
16:13:57 core.sweep_detector INFO: SweepDetector v2: 6 raw → 6 confirmed (vol≥2.5× body≥30%)
16:13:57 core.sweep_detector INFO: OrderBlocks: 2 detected, 0 unmitigated
16:13:57 core.sweep_detector INFO: FVGs: 9 detected, 0 unfilled
16:13:58 core.sweep_detector INFO: SweepDetector v2: 5 raw → 4 confirmed (vol≥2.5× body≥30%)
16:13:58 core.sweep_detector INFO: OrderBlocks: 3 detected, 2 unmitigated
16:13:58 core.sweep_detector INFO: FVGs: 1 detected, 1 unfilled
16:14:00 core.sweep_detector INFO: SweepDetector v2: 1 raw → 1 confirmed (vol≥2.5× body≥30%)
16:14:00 core.sweep_detector INFO: OrderBlocks: 7 detected, 2 unmitigated
16:14:00 core.sweep_detector INFO: FVGs: 9 detected, 2 unfilled
16:14:02 core.sweep_detector INFO: SweepDetector v2: 1 raw → 1 confirmed (vol≥2.5× body≥30%)
16:14:02 core.sweep_detector INFO: OrderBlocks: 3 detected, 0 unmitigated
16:14:02 core.sweep_detector INFO: FVGs: 6 detected, 1 unfilled
16:14:04 core.sweep_detector INFO: SweepDetector v2: 1 raw → 1 confirmed (vol≥2.5× body≥30%)
16:14:04 core.sweep_detector INFO: OrderBlocks: 6 detected, 0 unmitigated
16:14:04 core.sweep_detector INFO: FVGs: 9 detected, 0 unfilled
16:14:05 core.sweep_detector INFO: SweepDetector v2: 3 raw → 2 confirmed (vol≥2.5× body≥30%)
16:14:05 core.sweep_detector INFO: OrderBlocks: 7 detected, 3 unmitigated
16:14:05 core.sweep_detector INFO: FVGs: 13 detected, 2 unfilled
16:14:07 core.sweep_detector INFO: SweepDetector v2: 2 raw → 0 confirmed (vol≥2.5× body≥30%)
16:14:07 core.sweep_detector INFO: OrderBlocks: 7 detected, 3 unmitigated
16:14:07 core.sweep_detector INFO: FVGs: 13 detected, 2 unfilled
16:14:09 core.sweep_detector INFO: SweepDetector v2: 3 raw → 0 confirmed (vol≥2.5× body≥30%)
16:14:09 core.sweep_detector INFO: OrderBlocks: 8 detected, 4 unmitigated
16:14:09 core.sweep_detector INFO: FVGs: 7 detected, 3 unfilled
16:14:10 core.sweep_detector INFO: SweepDetector v2: 2 raw → 2 confirmed (vol≥2.5× body≥30%)
16:14:10 core.sweep_detector INFO: OrderBlocks: 10 detected, 2 unmitigated
16:14:10 core.sweep_detector INFO: FVGs: 8 detected, 2 unfilled
16:14:12 core.sweep_detector INFO: SweepDetector v2: 1 raw → 1 confirmed (vol≥2.5× body≥30%)
16:14:12 core.sweep_detector INFO: OrderBlocks: 1 detected, 0 unmitigated
16:14:12 core.sweep_detector INFO: FVGs: 10 detected, 3 unfilled
16:14:14 core.sweep_detector INFO: SweepDetector v2: 4 raw → 3 confirmed (vol≥2.5× body≥30%)
16:14:14 core.sweep_detector INFO: OrderBlocks: 6 detected, 2 unmitigated
16:14:14 core.sweep_detector INFO: FVGs: 9 detected, 1 unfilled
16:14:16 core.sweep_detector INFO: SweepDetector v2: 1 raw → 1 confirmed (vol≥2.5× body≥30%)
16:14:16 core.sweep_detector INFO: OrderBlocks: 7 detected, 2 unmitigated
16:14:16 core.sweep_detector INFO: FVGs: 8 detected, 4 unfilled
16:14:17 core.sweep_detector INFO: SweepDetector v2: 2 raw → 2 confirmed (vol≥2.5× body≥30%)
16:14:17 core.sweep_detector INFO: OrderBlocks: 3 detected, 1 unmitigated
16:14:17 core.sweep_detector INFO: FVGs: 12 detected, 4 unfilled
16:14:19 core.sweep_detector INFO: SweepDetector v2: 3 raw → 3 confirmed (vol≥2.5× body≥30%)
16:14:19 core.sweep_detector INFO: OrderBlocks: 5 detected, 0 unmitigated
16:14:19 core.sweep_detector INFO: FVGs: 6 detected, 1 unfilled
16:14:21 core.sweep_detector INFO: SweepDetector v2: 2 raw → 1 confirmed (vol≥2.5× body≥30%)
16:14:21 core.sweep_detector INFO: OrderBlocks: 4 detected, 1 unmitigated
16:14:21 core.sweep_detector INFO: FVGs: 8 detected, 1 unfilled
16:14:22 core.sweep_detector INFO: SweepDetector v2: 0 raw → 0 confirmed (vol≥2.5× body≥30%)
16:14:22 core.sweep_detector INFO: OrderBlocks: 7 detected, 1 unmitigated
16:14:22 core.sweep_detector INFO: FVGs: 9 detected, 5 unfilled
16:14:24 core.sweep_detector INFO: SweepDetector v2: 1 raw → 1 confirmed (vol≥2.5× body≥30%)
16:14:24 core.sweep_detector INFO: OrderBlocks: 7 detected, 4 unmitigated
16:14:24 core.sweep_detector INFO: FVGs: 11 detected, 6 unfilled
16:14:26 core.sweep_detector INFO: SweepDetector v2: 0 raw → 0 confirmed (vol≥2.5× body≥30%)
16:14:26 core.sweep_detector INFO: OrderBlocks: 2 detected, 1 unmitigated
16:14:26 core.sweep_detector INFO: FVGs: 11 detected, 3 unfilled
16:14:27 core.sweep_detector INFO: SweepDetector v2: 0 raw → 0 confirmed (vol≥2.5× body≥30%)
16:14:27 core.sweep_detector INFO: OrderBlocks: 3 detected, 1 unmitigated
16:14:27 core.sweep_detector INFO: FVGs: 8 detected, 1 unfilled
16:14:29 core.sweep_detector INFO: SweepDetector v2: 2 raw → 2 confirmed (vol≥2.5× body≥30%)
16:14:29 core.sweep_detector INFO: OrderBlocks: 4 detected, 2 unmitigated
16:14:29 core.sweep_detector INFO: FVGs: 5 detected, 2 unfilled
16:14:31 core.sweep_detector INFO: SweepDetector v2: 0 raw → 0 confirmed (vol≥2.5× body≥30%)
16:14:31 core.sweep_detector INFO: OrderBlocks: 7 detected, 3 unmitigated
16:14:31 core.sweep_detector INFO: FVGs: 12 detected, 7 unfilled
16:14:32 core.sweep_detector INFO: SweepDetector v2: 1 raw → 1 confirmed (vol≥2.5× body≥30%)
16:14:32 core.sweep_detector INFO: OrderBlocks: 5 detected, 3 unmitigated
16:14:32 core.sweep_detector INFO: FVGs: 12 detected, 3 unfilled
16:14:34 core.sweep_detector INFO: SweepDetector v2: 0 raw → 0 confirmed (vol≥2.5× body≥30%)
16:14:34 core.sweep_detector INFO: OrderBlocks: 9 detected, 3 unmitigated
16:14:34 core.sweep_detector INFO: FVGs: 12 detected, 6 unfilled
16:14:36 core.sweep_detector INFO: SweepDetector v2: 1 raw → 0 confirmed (vol≥2.5× body≥30%)
16:14:36 core.sweep_detector INFO: OrderBlocks: 9 detected, 3 unmitigated
16:14:36 core.sweep_detector INFO: FVGs: 8 detected, 2 unfilled
16:14:37 core.sweep_detector INFO: SweepDetector v2: 2 raw → 1 confirmed (vol≥2.5× body≥30%)
16:14:37 core.sweep_detector INFO: OrderBlocks: 1 detected, 0 unmitigated
16:14:37 core.sweep_detector INFO: FVGs: 8 detected, 3 unfilled
16:14:39 core.sweep_detector INFO: SweepDetector v2: 0 raw → 0 confirmed (vol≥2.5× body≥30%)
16:14:39 core.sweep_detector INFO: OrderBlocks: 7 detected, 2 unmitigated
16:14:39 core.sweep_detector INFO: FVGs: 5 detected, 3 unfilled
16:14:41 core.sweep_detector INFO: SweepDetector v2: 1 raw → 1 confirmed (vol≥2.5× body≥30%)
16:14:41 core.sweep_detector INFO: OrderBlocks: 6 detected, 3 unmitigated
16:14:41 core.sweep_detector INFO: FVGs: 10 detected, 6 unfilled
16:14:42 core.sweep_detector INFO: SweepDetector v2: 3 raw → 1 confirmed (vol≥2.5× body≥30%)
16:14:42 core.sweep_detector INFO: OrderBlocks: 4 detected, 2 unmitigated
16:14:42 core.sweep_detector INFO: FVGs: 8 detected, 3 unfilled
16:14:44 core.sweep_detector INFO: SweepDetector v2: 1 raw → 1 confirmed (vol≥2.5× body≥30%)
16:14:44 core.sweep_detector INFO: OrderBlocks: 3 detected, 1 unmitigated
16:14:44 core.sweep_detector INFO: FVGs: 3 detected, 1 unfilled
16:14:46 core.sweep_detector INFO: SweepDetector v2: 0 raw → 0 confirmed (vol≥2.5× body≥30%)
16:14:46 core.sweep_detector INFO: OrderBlocks: 6 detected, 2 unmitigated
16:14:46 core.sweep_detector INFO: FVGs: 3 detected, 2 unfilled
16:14:47 core.sweep_detector INFO: SweepDetector v2: 2 raw → 2 confirmed (vol≥2.5× body≥30%)
16:14:47 core.sweep_detector INFO: OrderBlocks: 6 detected, 0 unmitigated
16:14:47 core.sweep_detector INFO: FVGs: 8 detected, 1 unfilled
16:14:49 core.sweep_detector INFO: SweepDetector v2: 1 raw → 1 confirmed (vol≥2.5× body≥30%)
16:14:49 core.sweep_detector INFO: OrderBlocks: 3 detected, 0 unmitigated
16:14:49 core.sweep_detector INFO: FVGs: 6 detected, 0 unfilled
16:14:51 core.sweep_detector INFO: SweepDetector v2: 1 raw → 1 confirmed (vol≥2.5× body≥30%)
16:14:51 core.sweep_detector INFO: OrderBlocks: 9 detected, 2 unmitigated
16:14:51 core.sweep_detector INFO: FVGs: 6 detected, 4 unfilled
16:14:53 core.sweep_detector INFO: SweepDetector v2: 3 raw → 2 confirmed (vol≥2.5× body≥30%)
16:14:53 core.sweep_detector INFO: OrderBlocks: 4 detected, 2 unmitigated
16:14:53 core.sweep_detector INFO: FVGs: 8 detected, 3 unfilled
16:14:55 core.sweep_detector INFO: SweepDetector v2: 1 raw → 1 confirmed (vol≥2.5× body≥30%)
16:14:55 core.sweep_detector INFO: OrderBlocks: 6 detected, 3 unmitigated
16:14:55 core.sweep_detector INFO: FVGs: 8 detected, 3 unfilled
16:14:58 core.sweep_detector INFO: SweepDetector v2: 0 raw → 0 confirmed (vol≥2.5× body≥30%)
16:14:58 core.sweep_detector INFO: OrderBlocks: 4 detected, 2 unmitigated
16:14:58 core.sweep_detector INFO: FVGs: 14 detected, 4 unfilled
16:15:00 core.sweep_detector INFO: SweepDetector v2: 1 raw → 1 confirmed (vol≥2.5× body≥30%)
16:15:00 core.sweep_detector INFO: OrderBlocks: 7 detected, 2 unmitigated
16:15:00 core.sweep_detector INFO: FVGs: 10 detected, 5 unfilled
16:15:02 core.sweep_detector INFO: SweepDetector v2: 2 raw → 1 confirmed (vol≥2.5× body≥30%)
16:15:02 core.sweep_detector INFO: OrderBlocks: 6 detected, 4 unmitigated
16:15:02 core.sweep_detector INFO: FVGs: 12 detected, 7 unfilled
16:15:05 core.sweep_detector INFO: SweepDetector v2: 2 raw → 1 confirmed (vol≥2.5× body≥30%)
16:15:05 core.sweep_detector INFO: OrderBlocks: 11 detected, 4 unmitigated
16:15:05 core.sweep_detector INFO: FVGs: 13 detected, 1 unfilled
16:15:07 core.sweep_detector INFO: SweepDetector v2: 3 raw → 1 confirmed (vol≥2.5× body≥30%)
16:15:07 core.sweep_detector INFO: OrderBlocks: 3 detected, 0 unmitigated
16:15:07 core.sweep_detector INFO: FVGs: 11 detected, 2 unfilled
16:15:09 core.sweep_detector INFO: SweepDetector v2: 3 raw → 3 confirmed (vol≥2.5× body≥30%)
16:15:09 core.sweep_detector INFO: OrderBlocks: 5 detected, 1 unmitigated
16:15:09 core.sweep_detector INFO: FVGs: 8 detected, 2 unfilled
16:15:11 core.sweep_detector INFO: SweepDetector v2: 2 raw → 2 confirmed (vol≥2.5× body≥30%)
16:15:11 core.sweep_detector INFO: OrderBlocks: 4 detected, 2 unmitigated
16:15:11 core.sweep_detector INFO: FVGs: 7 detected, 2 unfilled
16:15:13 core.sweep_detector INFO: SweepDetector v2: 0 raw → 0 confirmed (vol≥2.5× body≥30%)
16:15:13 core.sweep_detector INFO: OrderBlocks: 2 detected, 1 unmitigated
16:15:13 core.sweep_detector INFO: FVGs: 11 detected, 5 unfilled
16:15:15 core.sweep_detector INFO: SweepDetector v2: 1 raw → 0 confirmed (vol≥2.5× body≥30%)
16:15:15 core.sweep_detector INFO: OrderBlocks: 2 detected, 0 unmitigated
16:15:15 core.sweep_detector INFO: FVGs: 5 detected, 3 unfilled
16:15:17 core.sweep_detector INFO: SweepDetector v2: 2 raw → 2 confirmed (vol≥2.5× body≥30%)
16:15:17 core.sweep_detector INFO: OrderBlocks: 15 detected, 3 unmitigated
16:15:17 core.sweep_detector INFO: FVGs: 15 detected, 2 unfilled
16:15:19 core.sweep_detector INFO: SweepDetector v2: 3 raw → 3 confirmed (vol≥2.5× body≥30%)
16:15:19 core.sweep_detector INFO: OrderBlocks: 5 detected, 3 unmitigated
16:15:19 core.sweep_detector INFO: FVGs: 8 detected, 2 unfilled
16:15:21 core.sweep_detector INFO: SweepDetector v2: 2 raw → 1 confirmed (vol≥2.5× body≥30%)
16:15:21 core.sweep_detector INFO: OrderBlocks: 5 detected, 2 unmitigated
16:15:21 core.sweep_detector INFO: FVGs: 7 detected, 2 unfilled
16:15:24 core.sweep_detector INFO: SweepDetector v2: 6 raw → 3 confirmed (vol≥2.5× body≥30%)
16:15:24 core.sweep_detector INFO: OrderBlocks: 7 detected, 5 unmitigated
16:15:24 core.sweep_detector INFO: FVGs: 11 detected, 6 unfilled
16:15:26 core.sweep_detector INFO: SweepDetector v2: 5 raw → 4 confirmed (vol≥2.5× body≥30%)
16:15:26 core.sweep_detector INFO: OrderBlocks: 5 detected, 2 unmitigated
16:15:26 core.sweep_detector INFO: FVGs: 7 detected, 2 unfilled
16:15:28 core.sweep_detector INFO: SweepDetector v2: 1 raw → 1 confirmed (vol≥2.5× body≥30%)
16:15:28 core.sweep_detector INFO: OrderBlocks: 4 detected, 3 unmitigated
16:15:28 core.sweep_detector INFO: FVGs: 10 detected, 5 unfilled
16:15:30 core.sweep_detector INFO: SweepDetector v2: 1 raw → 1 confirmed (vol≥2.5× body≥30%)
16:15:30 core.sweep_detector INFO: OrderBlocks: 5 detected, 1 unmitigated
16:15:30 core.sweep_detector INFO: FVGs: 7 detected, 3 unfilled
16:15:32 core.sweep_detector INFO: SweepDetector v2: 3 raw → 3 confirmed (vol≥2.5× body≥30%)
16:15:32 core.sweep_detector INFO: OrderBlocks: 8 detected, 2 unmitigated
16:15:32 core.sweep_detector INFO: FVGs: 10 detected, 3 unfilled
16:15:34 core.sweep_detector INFO: SweepDetector v2: 3 raw → 3 confirmed (vol≥2.5× body≥30%)
16:15:34 core.sweep_detector INFO: OrderBlocks: 3 detected, 0 unmitigated
16:15:34 core.sweep_detector INFO: FVGs: 13 detected, 4 unfilled
16:15:37 core.sweep_detector INFO: SweepDetector v2: 1 raw → 1 confirmed (vol≥2.5× body≥30%)
16:15:37 core.sweep_detector INFO: OrderBlocks: 6 detected, 2 unmitigated
16:15:37 core.sweep_detector INFO: FVGs: 12 detected, 6 unfilled
16:15:39 core.sweep_detector INFO: SweepDetector v2: 2 raw → 0 confirmed (vol≥2.5× body≥30%)
16:15:39 core.sweep_detector INFO: OrderBlocks: 5 detected, 1 unmitigated
16:15:39 core.sweep_detector INFO: FVGs: 11 detected, 3 unfilled
16:15:41 core.sweep_detector INFO: SweepDetector v2: 1 raw → 1 confirmed (vol≥2.5× body≥30%)
16:15:41 core.sweep_detector INFO: OrderBlocks: 5 detected, 3 unmitigated
16:15:41 core.sweep_detector INFO: FVGs: 5 detected, 2 unfilled
16:15:42 core.sweep_detector INFO: SweepDetector v2: 3 raw → 2 confirmed (vol≥2.5× body≥30%)
16:15:42 core.sweep_detector INFO: OrderBlocks: 5 detected, 0 unmitigated
16:15:42 core.sweep_detector INFO: FVGs: 6 detected, 0 unfilled
16:15:44 core.sweep_detector INFO: SweepDetector v2: 2 raw → 2 confirmed (vol≥2.5× body≥30%)
16:15:44 core.sweep_detector INFO: OrderBlocks: 6 detected, 1 unmitigated
16:15:44 core.sweep_detector INFO: FVGs: 7 detected, 2 unfilled
16:15:46 core.sweep_detector INFO: SweepDetector v2: 0 raw → 0 confirmed (vol≥2.5× body≥30%)
16:15:46 core.sweep_detector INFO: OrderBlocks: 5 detected, 1 unmitigated
16:15:46 core.sweep_detector INFO: FVGs: 6 detected, 4 unfilled
16:15:47 core.sweep_detector INFO: SweepDetector v2: 0 raw → 0 confirmed (vol≥2.5× body≥30%)
16:15:47 core.sweep_detector INFO: OrderBlocks: 8 detected, 4 unmitigated
16:15:47 core.sweep_detector INFO: FVGs: 10 detected, 4 unfilled
16:15:49 core.sweep_detector INFO: SweepDetector v2: 4 raw → 3 confirmed (vol≥2.5× body≥30%)
16:15:49 core.sweep_detector INFO: OrderBlocks: 5 detected, 1 unmitigated
16:15:49 core.sweep_detector INFO: FVGs: 10 detected, 2 unfilled
16:15:51 core.sweep_detector INFO: SweepDetector v2: 2 raw → 2 confirmed (vol≥2.5× body≥30%)
16:15:51 core.sweep_detector INFO: OrderBlocks: 4 detected, 0 unmitigated
16:15:51 core.sweep_detector INFO: FVGs: 5 detected, 0 unfilled
16:15:54 core.sweep_detector INFO: SweepDetector v2: 1 raw → 1 confirmed (vol≥2.5× body≥30%)
16:15:54 core.sweep_detector INFO: OrderBlocks: 4 detected, 2 unmitigated
16:15:54 core.sweep_detector INFO: FVGs: 5 detected, 2 unfilled
16:15:56 core.sweep_detector INFO: SweepDetector v2: 3 raw → 3 confirmed (vol≥2.5× body≥30%)
16:15:56 core.sweep_detector INFO: OrderBlocks: 3 detected, 0 unmitigated
16:15:56 core.sweep_detector INFO: FVGs: 4 detected, 1 unfilled
16:15:58 core.sweep_detector INFO: SweepDetector v2: 1 raw → 1 confirmed (vol≥2.5× body≥30%)
16:15:58 core.sweep_detector INFO: OrderBlocks: 1 detected, 0 unmitigated
16:15:58 core.sweep_detector INFO: FVGs: 1 detected, 0 unfilled
16:16:01 core.sweep_detector INFO: SweepDetector v2: 2 raw → 2 confirmed (vol≥2.5× body≥30%)
16:16:01 core.sweep_detector INFO: OrderBlocks: 10 detected, 2 unmitigated
16:16:01 core.sweep_detector INFO: FVGs: 11 detected, 3 unfilled
16:16:03 core.sweep_detector INFO: SweepDetector v2: 5 raw → 3 confirmed (vol≥2.5× body≥30%)
16:16:03 core.sweep_detector INFO: OrderBlocks: 4 detected, 3 unmitigated
16:16:03 core.sweep_detector INFO: FVGs: 9 detected, 3 unfilled
16:16:05 core.sweep_detector INFO: SweepDetector v2: 2 raw → 1 confirmed (vol≥2.5× body≥30%)
16:16:05 core.sweep_detector INFO: OrderBlocks: 3 detected, 1 unmitigated
16:16:05 core.sweep_detector INFO: FVGs: 8 detected, 2 unfilled
16:16:08 core.sweep_detector INFO: SweepDetector v2: 1 raw → 0 confirmed (vol≥2.5× body≥30%)
16:16:08 core.sweep_detector INFO: OrderBlocks: 5 detected, 1 unmitigated
16:16:08 core.sweep_detector INFO: FVGs: 4 detected, 2 unfilled
16:16:09 core.sweep_detector INFO: SweepDetector v2: 4 raw → 4 confirmed (vol≥2.5× body≥30%)
16:16:09 core.sweep_detector INFO: OrderBlocks: 2 detected, 1 unmitigated
16:16:09 core.sweep_detector INFO: FVGs: 7 detected, 0 unfilled
16:16:12 core.sweep_detector INFO: SweepDetector v2: 1 raw → 1 confirmed (vol≥2.5× body≥30%)
16:16:12 core.sweep_detector INFO: OrderBlocks: 4 detected, 0 unmitigated
16:16:12 core.sweep_detector INFO: FVGs: 12 detected, 2 unfilled
16:16:15 core.sweep_detector INFO: SweepDetector v2: 2 raw → 2 confirmed (vol≥2.5× body≥30%)
16:16:15 core.sweep_detector INFO: OrderBlocks: 8 detected, 4 unmitigated
16:16:15 core.sweep_detector INFO: FVGs: 9 detected, 2 unfilled
16:16:18 core.sweep_detector INFO: SweepDetector v2: 2 raw → 1 confirmed (vol≥2.5× body≥30%)
16:16:18 core.sweep_detector INFO: OrderBlocks: 4 detected, 2 unmitigated
16:16:18 core.sweep_detector INFO: FVGs: 7 detected, 3 unfilled
16:16:20 core.sweep_detector INFO: SweepDetector v2: 1 raw → 1 confirmed (vol≥2.5× body≥30%)
16:16:20 core.sweep_detector INFO: OrderBlocks: 2 detected, 2 unmitigated
16:16:20 core.sweep_detector INFO: FVGs: 10 detected, 1 unfilled
16:16:22 core.sweep_detector INFO: SweepDetector v2: 0 raw → 0 confirmed (vol≥2.5× body≥30%)
16:16:22 core.sweep_detector INFO: OrderBlocks: 1 detected, 0 unmitigated
16:16:22 core.sweep_detector INFO: FVGs: 0 detected, 0 unfilled
16:16:24 core.sweep_detector INFO: SweepDetector v2: 0 raw → 0 confirmed (vol≥2.5× body≥30%)
16:16:24 core.sweep_detector INFO: OrderBlocks: 0 detected, 0 unmitigated
16:16:24 core.sweep_detector INFO: FVGs: 0 detected, 0 unfilled
16:16:26 core.sweep_detector INFO: SweepDetector v2: 0 raw → 0 confirmed (vol≥2.5× body≥30%)
16:16:26 core.sweep_detector INFO: OrderBlocks: 0 detected, 0 unmitigated
16:16:26 core.sweep_detector INFO: FVGs: 0 detected, 0 unfilled
16:16:28 core.sweep_detector INFO: SweepDetector v2: 2 raw → 2 confirmed (vol≥2.5× body≥30%)
16:16:28 core.sweep_detector INFO: OrderBlocks: 5 detected, 2 unmitigated
16:16:28 core.sweep_detector INFO: FVGs: 7 detected, 2 unfilled
16:16:30 core.sweep_detector INFO: SweepDetector v2: 3 raw → 3 confirmed (vol≥2.5× body≥30%)
16:16:30 core.sweep_detector INFO: OrderBlocks: 3 detected, 0 unmitigated
16:16:30 core.sweep_detector INFO: FVGs: 8 detected, 2 unfilled
16:16:32 core.sweep_detector INFO: SweepDetector v2: 2 raw → 2 confirmed (vol≥2.5× body≥30%)
16:16:32 core.sweep_detector INFO: OrderBlocks: 4 detected, 2 unmitigated
16:16:32 core.sweep_detector INFO: FVGs: 4 detected, 2 unfilled
16:16:34 core.sweep_detector INFO: SweepDetector v2: 0 raw → 0 confirmed (vol≥2.5× body≥30%)
16:16:34 core.sweep_detector INFO: OrderBlocks: 4 detected, 2 unmitigated
16:16:34 core.sweep_detector INFO: FVGs: 11 detected, 7 unfilled
16:16:37 core.sweep_detector INFO: SweepDetector v2: 0 raw → 0 confirmed (vol≥2.5× body≥30%)
16:16:37 core.sweep_detector INFO: OrderBlocks: 1 detected, 0 unmitigated
16:16:37 core.sweep_detector INFO: FVGs: 6 detected, 2 unfilled
16:16:39 core.sweep_detector INFO: SweepDetector v2: 2 raw → 2 confirmed (vol≥2.5× body≥30%)
16:16:39 core.sweep_detector INFO: OrderBlocks: 3 detected, 1 unmitigated
16:16:39 core.sweep_detector INFO: FVGs: 10 detected, 1 unfilled
16:16:41 core.sweep_detector INFO: SweepDetector v2: 5 raw → 3 confirmed (vol≥2.5× body≥30%)
16:16:41 core.sweep_detector INFO: OrderBlocks: 6 detected, 2 unmitigated
16:16:41 core.sweep_detector INFO: FVGs: 9 detected, 2 unfilled
16:16:43 core.sweep_detector INFO: SweepDetector v2: 2 raw → 2 confirmed (vol≥2.5× body≥30%)
16:16:43 core.sweep_detector INFO: OrderBlocks: 3 detected, 2 unmitigated
16:16:43 core.sweep_detector INFO: FVGs: 12 detected, 2 unfilled
16:16:44 core.sweep_detector INFO: SweepDetector v2: 3 raw → 3 confirmed (vol≥2.5× body≥30%)
16:16:44 core.sweep_detector INFO: OrderBlocks: 2 detected, 0 unmitigated
16:16:44 core.sweep_detector INFO: FVGs: 5 detected, 1 unfilled
16:16:46 core.sweep_detector INFO: SweepDetector v2: 0 raw → 0 confirmed (vol≥2.5× body≥30%)
16:16:46 core.sweep_detector INFO: OrderBlocks: 7 detected, 2 unmitigated
16:16:46 core.sweep_detector INFO: FVGs: 9 detected, 2 unfilled
16:16:48 core.sweep_detector INFO: SweepDetector v2: 3 raw → 3 confirmed (vol≥2.5× body≥30%)
16:16:48 core.sweep_detector INFO: OrderBlocks: 3 detected, 1 unmitigated
16:16:48 core.sweep_detector INFO: FVGs: 9 detected, 3 unfilled
16:16:50 core.sweep_detector INFO: SweepDetector v2: 2 raw → 1 confirmed (vol≥2.5× body≥30%)
16:16:50 core.sweep_detector INFO: OrderBlocks: 6 detected, 2 unmitigated
16:16:50 core.sweep_detector INFO: FVGs: 7 detected, 2 unfilled
16:16:53 core.sweep_detector INFO: SweepDetector v2: 1 raw → 1 confirmed (vol≥2.5× body≥30%)
16:16:53 core.sweep_detector INFO: OrderBlocks: 4 detected, 2 unmitigated
16:16:53 core.sweep_detector INFO: FVGs: 11 detected, 9 unfilled
16:16:54 core.sweep_detector INFO: SweepDetector v2: 1 raw → 1 confirmed (vol≥2.5× body≥30%)
16:16:54 core.sweep_detector INFO: OrderBlocks: 3 detected, 2 unmitigated
16:16:54 core.sweep_detector INFO: FVGs: 2 detected, 1 unfilled
16:16:56 core.sweep_detector INFO: SweepDetector v2: 3 raw → 3 confirmed (vol≥2.5× body≥30%)
16:16:56 core.sweep_detector INFO: OrderBlocks: 2 detected, 1 unmitigated
16:16:56 core.sweep_detector INFO: FVGs: 6 detected, 1 unfilled
16:16:58 core.sweep_detector INFO: SweepDetector v2: 2 raw → 2 confirmed (vol≥2.5× body≥30%)
16:16:58 core.sweep_detector INFO: OrderBlocks: 7 detected, 3 unmitigated
16:16:58 core.sweep_detector INFO: FVGs: 9 detected, 3 unfilled
16:16:59 core.sweep_detector INFO: SweepDetector v2: 3 raw → 0 confirmed (vol≥2.5× body≥30%)
16:16:59 core.sweep_detector INFO: OrderBlocks: 5 detected, 2 unmitigated
16:16:59 core.sweep_detector INFO: FVGs: 6 detected, 3 unfilled
16:17:01 core.sweep_detector INFO: SweepDetector v2: 1 raw → 0 confirmed (vol≥2.5× body≥30%)
16:17:01 core.sweep_detector INFO: OrderBlocks: 9 detected, 4 unmitigated
16:17:01 core.sweep_detector INFO: FVGs: 9 detected, 4 unfilled
16:17:03 core.sweep_detector INFO: SweepDetector v2: 1 raw → 0 confirmed (vol≥2.5× body≥30%)
16:17:03 core.sweep_detector INFO: OrderBlocks: 9 detected, 3 unmitigated
16:17:03 core.sweep_detector INFO: FVGs: 8 detected, 4 unfilled
16:17:04 core.sweep_detector INFO: SweepDetector v2: 4 raw → 1 confirmed (vol≥2.5× body≥30%)
16:17:04 core.sweep_detector INFO: OrderBlocks: 4 detected, 1 unmitigated
16:17:04 core.sweep_detector INFO: FVGs: 7 detected, 1 unfilled
16:17:07 core.sweep_detector INFO: SweepDetector v2: 1 raw → 1 confirmed (vol≥2.5× body≥30%)
16:17:07 core.sweep_detector INFO: OrderBlocks: 3 detected, 0 unmitigated
16:17:07 core.sweep_detector INFO: FVGs: 4 detected, 1 unfilled
16:17:08 core.sweep_detector INFO: SweepDetector v2: 2 raw → 2 confirmed (vol≥2.5× body≥30%)
16:17:08 core.sweep_detector INFO: OrderBlocks: 5 detected, 2 unmitigated
16:17:08 core.sweep_detector INFO: FVGs: 11 detected, 1 unfilled
16:17:10 core.sweep_detector INFO: SweepDetector v2: 1 raw → 1 confirmed (vol≥2.5× body≥30%)
16:17:10 core.sweep_detector INFO: OrderBlocks: 2 detected, 1 unmitigated
16:17:10 core.sweep_detector INFO: FVGs: 12 detected, 5 unfilled
16:17:11 core.sweep_detector INFO: SweepDetector v2: 0 raw → 0 confirmed (vol≥2.5× body≥30%)
16:17:11 core.sweep_detector INFO: OrderBlocks: 1 detected, 0 unmitigated
16:17:11 core.sweep_detector INFO: FVGs: 6 detected, 2 unfilled
16:17:14 core.sweep_detector INFO: SweepDetector v2: 7 raw → 5 confirmed (vol≥2.5× body≥30%)
16:17:14 core.sweep_detector INFO: OrderBlocks: 5 detected, 5 unmitigated
16:17:14 core.sweep_detector INFO: FVGs: 13 detected, 8 unfilled
16:17:15 core.sweep_detector INFO: SweepDetector v2: 2 raw → 1 confirmed (vol≥2.5× body≥30%)
16:17:15 core.sweep_detector INFO: OrderBlocks: 1 detected, 0 unmitigated
16:17:15 core.sweep_detector INFO: FVGs: 5 detected, 2 unfilled
16:17:17 core.sweep_detector INFO: SweepDetector v2: 4 raw → 4 confirmed (vol≥2.5× body≥30%)
16:17:17 core.sweep_detector INFO: OrderBlocks: 5 detected, 0 unmitigated
16:17:17 core.sweep_detector INFO: FVGs: 11 detected, 3 unfilled
16:17:19 core.sweep_detector INFO: SweepDetector v2: 0 raw → 0 confirmed (vol≥2.5× body≥30%)
16:17:19 core.sweep_detector INFO: OrderBlocks: 8 detected, 5 unmitigated
16:17:19 core.sweep_detector INFO: FVGs: 13 detected, 4 unfilled
16:17:20 core.sweep_detector INFO: SweepDetector v2: 3 raw → 2 confirmed (vol≥2.5× body≥30%)
16:17:20 core.sweep_detector INFO: OrderBlocks: 4 detected, 1 unmitigated
16:17:20 core.sweep_detector INFO: FVGs: 9 detected, 2 unfilled
16:17:22 core.sweep_detector INFO: SweepDetector v2: 2 raw → 1 confirmed (vol≥2.5× body≥30%)
16:17:22 core.sweep_detector INFO: OrderBlocks: 4 detected, 0 unmitigated
16:17:22 core.sweep_detector INFO: FVGs: 5 detected, 0 unfilled
16:17:24 core.sweep_detector INFO: SweepDetector v2: 3 raw → 3 confirmed (vol≥2.5× body≥30%)
16:17:24 core.sweep_detector INFO: OrderBlocks: 3 detected, 1 unmitigated
16:17:24 core.sweep_detector INFO: FVGs: 5 detected, 2 unfilled
16:17:26 core.sweep_detector INFO: SweepDetector v2: 3 raw → 2 confirmed (vol≥2.5× body≥30%)
16:17:26 core.sweep_detector INFO: OrderBlocks: 7 detected, 2 unmitigated
16:17:26 core.sweep_detector INFO: FVGs: 6 detected, 2 unfilled
16:17:27 core.sweep_detector INFO: SweepDetector v2: 1 raw → 1 confirmed (vol≥2.5× body≥30%)
16:17:27 core.sweep_detector INFO: OrderBlocks: 4 detected, 2 unmitigated
16:17:28 core.sweep_detector INFO: FVGs: 6 detected, 3 unfilled
16:17:29 core.sweep_detector INFO: SweepDetector v2: 3 raw → 2 confirmed (vol≥2.5× body≥30%)
16:17:29 core.sweep_detector INFO: OrderBlocks: 3 detected, 3 unmitigated
16:17:29 core.sweep_detector INFO: FVGs: 13 detected, 8 unfilled
16:17:31 core.sweep_detector INFO: SweepDetector v2: 2 raw → 2 confirmed (vol≥2.5× body≥30%)
16:17:31 core.sweep_detector INFO: OrderBlocks: 4 detected, 1 unmitigated
16:17:31 core.sweep_detector INFO: FVGs: 9 detected, 3 unfilled
16:17:33 core.sweep_detector INFO: SweepDetector v2: 2 raw → 1 confirmed (vol≥2.5× body≥30%)
16:17:33 core.sweep_detector INFO: OrderBlocks: 5 detected, 1 unmitigated
16:17:33 core.sweep_detector INFO: FVGs: 6 detected, 1 unfilled
16:17:35 core.sweep_detector INFO: SweepDetector v2: 1 raw → 0 confirmed (vol≥2.5× body≥30%)
16:17:35 core.sweep_detector INFO: OrderBlocks: 4 detected, 0 unmitigated
16:17:35 core.sweep_detector INFO: FVGs: 14 detected, 5 unfilled
16:17:36 core.sweep_detector INFO: SweepDetector v2: 0 raw → 0 confirmed (vol≥2.5× body≥30%)
16:17:36 core.sweep_detector INFO: OrderBlocks: 8 detected, 1 unmitigated
16:17:36 core.sweep_detector INFO: FVGs: 4 detected, 2 unfilled
16:17:38 core.sweep_detector INFO: SweepDetector v2: 2 raw → 2 confirmed (vol≥2.5× body≥30%)
16:17:38 core.sweep_detector INFO: OrderBlocks: 1 detected, 1 unmitigated
16:17:38 core.sweep_detector INFO: FVGs: 3 detected, 2 unfilled
16:17:40 core.sweep_detector INFO: SweepDetector v2: 1 raw → 0 confirmed (vol≥2.5× body≥30%)
16:17:40 core.sweep_detector INFO: OrderBlocks: 6 detected, 3 unmitigated
16:17:40 core.sweep_detector INFO: FVGs: 9 detected, 5 unfilled
16:17:41 core.sweep_detector INFO: SweepDetector v2: 2 raw → 2 confirmed (vol≥2.5× body≥30%)
16:17:41 core.sweep_detector INFO: OrderBlocks: 3 detected, 1 unmitigated
16:17:41 core.sweep_detector INFO: FVGs: 13 detected, 3 unfilled
16:17:43 core.sweep_detector INFO: SweepDetector v2: 4 raw → 3 confirmed (vol≥2.5× body≥30%)
16:17:43 core.sweep_detector INFO: OrderBlocks: 5 detected, 0 unmitigated
16:17:43 core.sweep_detector INFO: FVGs: 6 detected, 1 unfilled
16:17:46 core.sweep_detector INFO: SweepDetector v2: 0 raw → 0 confirmed (vol≥2.5× body≥30%)
16:17:46 core.sweep_detector INFO: OrderBlocks: 10 detected, 2 unmitigated
16:17:46 core.sweep_detector INFO: FVGs: 12 detected, 3 unfilled
16:17:47 core.sweep_detector INFO: SweepDetector v2: 1 raw → 1 confirmed (vol≥2.5× body≥30%)
16:17:47 core.sweep_detector INFO: OrderBlocks: 6 detected, 2 unmitigated
16:17:47 core.sweep_detector INFO: FVGs: 6 detected, 1 unfilled
16:17:49 core.sweep_detector INFO: SweepDetector v2: 1 raw → 1 confirmed (vol≥2.5× body≥30%)
16:17:49 core.sweep_detector INFO: OrderBlocks: 5 detected, 2 unmitigated
16:17:49 core.sweep_detector INFO: FVGs: 6 detected, 3 unfilled
16:17:50 core.sweep_detector INFO: SweepDetector v2: 0 raw → 0 confirmed (vol≥2.5× body≥30%)
16:17:50 core.sweep_detector INFO: OrderBlocks: 2 detected, 0 unmitigated
16:17:50 core.sweep_detector INFO: FVGs: 0 detected, 0 unfilled
16:17:52 core.sweep_detector INFO: SweepDetector v2: 0 raw → 0 confirmed (vol≥2.5× body≥30%)
16:17:52 core.sweep_detector INFO: OrderBlocks: 0 detected, 0 unmitigated
16:17:52 core.sweep_detector INFO: FVGs: 0 detected, 0 unfilled
16:17:55 core.sweep_detector INFO: SweepDetector v2: 0 raw → 0 confirmed (vol≥2.5× body≥30%)
16:17:55 core.sweep_detector INFO: OrderBlocks: 0 detected, 0 unmitigated
16:17:55 core.sweep_detector INFO: FVGs: 0 detected, 0 unfilled
16:17:57 core.sweep_detector INFO: SweepDetector v2: 1 raw → 1 confirmed (vol≥2.5× body≥30%)
16:17:57 core.sweep_detector INFO: OrderBlocks: 6 detected, 1 unmitigated
16:17:57 core.sweep_detector INFO: FVGs: 9 detected, 5 unfilled
16:17:59 core.sweep_detector INFO: SweepDetector v2: 2 raw → 2 confirmed (vol≥2.5× body≥30%)
16:17:59 core.sweep_detector INFO: OrderBlocks: 6 detected, 2 unmitigated
16:17:59 core.sweep_detector INFO: FVGs: 8 detected, 3 unfilled
16:18:00 core.sweep_detector INFO: SweepDetector v2: 1 raw → 1 confirmed (vol≥2.5× body≥30%)
16:18:00 core.sweep_detector INFO: OrderBlocks: 5 detected, 2 unmitigated
16:18:00 core.sweep_detector INFO: FVGs: 10 detected, 1 unfilled
16:18:02 core.sweep_detector INFO: SweepDetector v2: 1 raw → 1 confirmed (vol≥2.5× body≥30%)
16:18:02 core.sweep_detector INFO: OrderBlocks: 2 detected, 0 unmitigated
16:18:02 core.sweep_detector INFO: FVGs: 0 detected, 0 unfilled
16:18:04 core.sweep_detector INFO: SweepDetector v2: 0 raw → 0 confirmed (vol≥2.5× body≥30%)
16:18:04 core.sweep_detector INFO: OrderBlocks: 1 detected, 0 unmitigated
16:18:04 core.sweep_detector INFO: FVGs: 0 detected, 0 unfilled
16:18:06 core.sweep_detector INFO: SweepDetector v2: 0 raw → 0 confirmed (vol≥2.5× body≥30%)
16:18:06 core.sweep_detector INFO: OrderBlocks: 1 detected, 0 unmitigated
16:18:06 core.sweep_detector INFO: FVGs: 0 detected, 0 unfilled
16:18:07 core.sweep_detector INFO: SweepDetector v2: 0 raw → 0 confirmed (vol≥2.5× body≥30%)
16:18:07 core.sweep_detector INFO: OrderBlocks: 3 detected, 0 unmitigated
16:18:07 core.sweep_detector INFO: FVGs: 0 detected, 0 unfilled
16:18:09 core.sweep_detector INFO: SweepDetector v2: 0 raw → 0 confirmed (vol≥2.5× body≥30%)
16:18:09 core.sweep_detector INFO: OrderBlocks: 1 detected, 0 unmitigated
16:18:09 core.sweep_detector INFO: FVGs: 0 detected, 0 unfilled
16:18:11 core.sweep_detector INFO: SweepDetector v2: 0 raw → 0 confirmed (vol≥2.5× body≥30%)
16:18:11 core.sweep_detector INFO: OrderBlocks: 1 detected, 0 unmitigated
16:18:11 core.sweep_detector INFO: FVGs: 0 detected, 0 unfilled
16:18:13 core.sweep_detector INFO: SweepDetector v2: 0 raw → 0 confirmed (vol≥2.5× body≥30%)
16:18:13 core.sweep_detector INFO: OrderBlocks: 1 detected, 0 unmitigated
16:18:13 core.sweep_detector INFO: FVGs: 0 detected, 0 unfilled
16:18:14 core.sweep_detector INFO: SweepDetector v2: 0 raw → 0 confirmed (vol≥2.5× body≥30%)
16:18:14 core.sweep_detector INFO: OrderBlocks: 0 detected, 0 unmitigated
16:18:14 core.sweep_detector INFO: FVGs: 0 detected, 0 unfilled
16:18:16 core.sweep_detector INFO: SweepDetector v2: 0 raw → 0 confirmed (vol≥2.5× body≥30%)
16:18:17 core.sweep_detector INFO: OrderBlocks: 0 detected, 0 unmitigated
16:18:17 core.sweep_detector INFO: FVGs: 0 detected, 0 unfilled
16:18:18 core.sweep_detector INFO: SweepDetector v2: 3 raw → 3 confirmed (vol≥2.5× body≥30%)
16:18:18 core.sweep_detector INFO: OrderBlocks: 4 detected, 1 unmitigated
16:18:18 core.sweep_detector INFO: FVGs: 9 detected, 3 unfilled
16:18:20 core.sweep_detector INFO: SweepDetector v2: 5 raw → 4 confirmed (vol≥2.5× body≥30%)
16:18:20 core.sweep_detector INFO: OrderBlocks: 9 detected, 3 unmitigated
16:18:20 core.sweep_detector INFO: FVGs: 9 detected, 3 unfilled
16:18:21 core.sweep_detector INFO: SweepDetector v2: 2 raw → 2 confirmed (vol≥2.5× body≥30%)
16:18:21 core.sweep_detector INFO: OrderBlocks: 5 detected, 0 unmitigated
16:18:21 core.sweep_detector INFO: FVGs: 10 detected, 5 unfilled
16:18:23 core.sweep_detector INFO: SweepDetector v2: 0 raw → 0 confirmed (vol≥2.5× body≥30%)
16:18:23 core.sweep_detector INFO: OrderBlocks: 5 detected, 1 unmitigated
16:18:23 core.sweep_detector INFO: FVGs: 10 detected, 4 unfilled
16:18:25 core.sweep_detector INFO: SweepDetector v2: 1 raw → 1 confirmed (vol≥2.5× body≥30%)
16:18:25 core.sweep_detector INFO: OrderBlocks: 1 detected, 0 unmitigated
16:18:25 core.sweep_detector INFO: FVGs: 8 detected, 2 unfilled
16:18:26 core.sweep_detector INFO: SweepDetector v2: 2 raw → 2 confirmed (vol≥2.5× body≥30%)
16:18:26 core.sweep_detector INFO: OrderBlocks: 5 detected, 2 unmitigated
16:18:26 core.sweep_detector INFO: FVGs: 9 detected, 3 unfilled
16:18:28 core.sweep_detector INFO: SweepDetector v2: 1 raw → 1 confirmed (vol≥2.5× body≥30%)
16:18:28 core.sweep_detector INFO: OrderBlocks: 6 detected, 4 unmitigated
16:18:28 core.sweep_detector INFO: FVGs: 8 detected, 3 unfilled
16:18:29 core.sweep_detector INFO: SweepDetector v2: 1 raw → 1 confirmed (vol≥2.5× body≥30%)
16:18:29 core.sweep_detector INFO: OrderBlocks: 2 detected, 1 unmitigated
16:18:29 core.sweep_detector INFO: FVGs: 10 detected, 1 unfilled
16:18:31 core.sweep_detector INFO: SweepDetector v2: 2 raw → 2 confirmed (vol≥2.5× body≥30%)
16:18:31 core.sweep_detector INFO: OrderBlocks: 5 detected, 0 unmitigated
16:18:31 core.sweep_detector INFO: FVGs: 10 detected, 1 unfilled
16:18:33 core.sweep_detector INFO: SweepDetector v2: 1 raw → 1 confirmed (vol≥2.5× body≥30%)
16:18:33 core.sweep_detector INFO: OrderBlocks: 2 detected, 1 unmitigated
16:18:33 core.sweep_detector INFO: FVGs: 8 detected, 4 unfilled
16:18:34 core.sweep_detector INFO: SweepDetector v2: 2 raw → 1 confirmed (vol≥2.5× body≥30%)
16:18:34 core.sweep_detector INFO: OrderBlocks: 1 detected, 0 unmitigated
16:18:34 core.sweep_detector INFO: FVGs: 5 detected, 0 unfilled
16:18:36 core.sweep_detector INFO: SweepDetector v2: 0 raw → 0 confirmed (vol≥2.5× body≥30%)
16:18:36 core.sweep_detector INFO: OrderBlocks: 2 detected, 0 unmitigated
16:18:36 core.sweep_detector INFO: FVGs: 2 detected, 0 unfilled
16:18:38 core.sweep_detector INFO: SweepDetector v2: 2 raw → 1 confirmed (vol≥2.5× body≥30%)
16:18:38 core.sweep_detector INFO: OrderBlocks: 6 detected, 4 unmitigated
16:18:38 core.sweep_detector INFO: FVGs: 14 detected, 6 unfilled
16:18:40 core.sweep_detector INFO: SweepDetector v2: 4 raw → 4 confirmed (vol≥2.5× body≥30%)
16:18:40 core.sweep_detector INFO: OrderBlocks: 2 detected, 1 unmitigated
16:18:40 core.sweep_detector INFO: FVGs: 6 detected, 2 unfilled
16:18:41 core.sweep_detector INFO: SweepDetector v2: 1 raw → 1 confirmed (vol≥2.5× body≥30%)
16:18:41 core.sweep_detector INFO: OrderBlocks: 4 detected, 2 unmitigated
16:18:41 core.sweep_detector INFO: FVGs: 6 detected, 1 unfilled
16:18:43 core.sweep_detector INFO: SweepDetector v2: 2 raw → 1 confirmed (vol≥2.5× body≥30%)
16:18:43 core.sweep_detector INFO: OrderBlocks: 5 detected, 1 unmitigated
16:18:43 core.sweep_detector INFO: FVGs: 5 detected, 1 unfilled
16:18:45 core.sweep_detector INFO: SweepDetector v2: 1 raw → 1 confirmed (vol≥2.5× body≥30%)
16:18:45 core.sweep_detector INFO: OrderBlocks: 4 detected, 0 unmitigated
16:18:45 core.sweep_detector INFO: FVGs: 10 detected, 1 unfilled
16:18:47 core.sweep_detector INFO: SweepDetector v2: 4 raw → 3 confirmed (vol≥2.5× body≥30%)
16:18:47 core.sweep_detector INFO: OrderBlocks: 7 detected, 2 unmitigated
16:18:47 core.sweep_detector INFO: FVGs: 8 detected, 0 unfilled
16:18:48 core.sweep_detector INFO: SweepDetector v2: 0 raw → 0 confirmed (vol≥2.5× body≥30%)
16:18:49 core.sweep_detector INFO: OrderBlocks: 1 detected, 0 unmitigated
16:18:49 core.sweep_detector INFO: FVGs: 4 detected, 0 unfilled
16:18:50 core.sweep_detector INFO: SweepDetector v2: 0 raw → 0 confirmed (vol≥2.5× body≥30%)
16:18:50 core.sweep_detector INFO: OrderBlocks: 5 detected, 1 unmitigated
16:18:50 core.sweep_detector INFO: FVGs: 6 detected, 2 unfilled
16:18:52 core.sweep_detector INFO: SweepDetector v2: 0 raw → 0 confirmed (vol≥2.5× body≥30%)
16:18:52 core.sweep_detector INFO: OrderBlocks: 6 detected, 1 unmitigated
16:18:52 core.sweep_detector INFO: FVGs: 7 detected, 4 unfilled
16:18:54 core.sweep_detector INFO: SweepDetector v2: 0 raw → 0 confirmed (vol≥2.5× body≥30%)
16:18:54 core.sweep_detector INFO: OrderBlocks: 8 detected, 3 unmitigated
16:18:54 core.sweep_detector INFO: FVGs: 11 detected, 3 unfilled
16:18:55 core.sweep_detector INFO: SweepDetector v2: 1 raw → 1 confirmed (vol≥2.5× body≥30%)
16:18:55 core.sweep_detector INFO: OrderBlocks: 4 detected, 1 unmitigated
16:18:55 core.sweep_detector INFO: FVGs: 7 detected, 3 unfilled
16:18:57 core.sweep_detector INFO: SweepDetector v2: 1 raw → 1 confirmed (vol≥2.5× body≥30%)
16:18:57 core.sweep_detector INFO: OrderBlocks: 7 detected, 0 unmitigated
16:18:57 core.sweep_detector INFO: FVGs: 9 detected, 1 unfilled
16:18:59 core.sweep_detector INFO: SweepDetector v2: 0 raw → 0 confirmed (vol≥2.5× body≥30%)
16:18:59 core.sweep_detector INFO: OrderBlocks: 10 detected, 3 unmitigated
16:18:59 core.sweep_detector INFO: FVGs: 10 detected, 3 unfilled
16:19:00 core.sweep_detector INFO: SweepDetector v2: 2 raw → 2 confirmed (vol≥2.5× body≥30%)
16:19:01 core.sweep_detector INFO: OrderBlocks: 3 detected, 2 unmitigated
16:19:01 core.sweep_detector INFO: FVGs: 11 detected, 2 unfilled
16:19:02 core.sweep_detector INFO: SweepDetector v2: 3 raw → 3 confirmed (vol≥2.5× body≥30%)
16:19:02 core.sweep_detector INFO: OrderBlocks: 1 detected, 0 unmitigated
16:19:02 core.sweep_detector INFO: FVGs: 12 detected, 1 unfilled
16:19:04 core.sweep_detector INFO: SweepDetector v2: 2 raw → 2 confirmed (vol≥2.5× body≥30%)
16:19:04 core.sweep_detector INFO: OrderBlocks: 7 detected, 2 unmitigated
16:19:04 core.sweep_detector INFO: FVGs: 8 detected, 3 unfilled
16:19:06 core.sweep_detector INFO: SweepDetector v2: 2 raw → 2 confirmed (vol≥2.5× body≥30%)
16:19:06 core.sweep_detector INFO: OrderBlocks: 4 detected, 1 unmitigated
16:19:06 core.sweep_detector INFO: FVGs: 4 detected, 0 unfilled
16:19:08 core.sweep_detector INFO: SweepDetector v2: 0 raw → 0 confirmed (vol≥2.5× body≥30%)
16:19:08 core.sweep_detector INFO: OrderBlocks: 6 detected, 1 unmitigated
16:19:08 core.sweep_detector INFO: FVGs: 8 detected, 0 unfilled
16:19:09 core.sweep_detector INFO: SweepDetector v2: 0 raw → 0 confirmed (vol≥2.5× body≥30%)
16:19:09 core.sweep_detector INFO: OrderBlocks: 2 detected, 1 unmitigated
16:19:09 core.sweep_detector INFO: FVGs: 0 detected, 0 unfilled
16:19:11 core.sweep_detector INFO: SweepDetector v2: 0 raw → 0 confirmed (vol≥2.5× body≥30%)
16:19:11 core.sweep_detector INFO: OrderBlocks: 5 detected, 0 unmitigated
16:19:11 core.sweep_detector INFO: FVGs: 0 detected, 0 unfilled
16:19:13 core.sweep_detector INFO: SweepDetector v2: 0 raw → 0 confirmed (vol≥2.5× body≥30%)
16:19:13 core.sweep_detector INFO: OrderBlocks: 0 detected, 0 unmitigated
16:19:13 core.sweep_detector INFO: FVGs: 0 detected, 0 unfilled
16:19:14 core.sweep_detector INFO: SweepDetector v2: 2 raw → 0 confirmed (vol≥2.5× body≥30%)
16:19:14 core.sweep_detector INFO: OrderBlocks: 7 detected, 3 unmitigated
16:19:14 core.sweep_detector INFO: FVGs: 6 detected, 1 unfilled
16:19:16 core.sweep_detector INFO: SweepDetector v2: 1 raw → 1 confirmed (vol≥2.5× body≥30%)
16:19:16 core.sweep_detector INFO: OrderBlocks: 10 detected, 4 unmitigated
16:19:16 core.sweep_detector INFO: FVGs: 9 detected, 2 unfilled
16:19:18 core.sweep_detector INFO: SweepDetector v2: 4 raw → 4 confirmed (vol≥2.5× body≥30%)
16:19:18 core.sweep_detector INFO: OrderBlocks: 4 detected, 0 unmitigated
16:19:18 core.sweep_detector INFO: FVGs: 8 detected, 4 unfilled
16:19:20 core.sweep_detector INFO: SweepDetector v2: 6 raw → 3 confirmed (vol≥2.5× body≥30%)
16:19:20 core.sweep_detector INFO: OrderBlocks: 9 detected, 3 unmitigated
16:19:20 core.sweep_detector INFO: FVGs: 11 detected, 4 unfilled
16:19:21 core.sweep_detector INFO: SweepDetector v2: 1 raw → 1 confirmed (vol≥2.5× body≥30%)
16:19:21 core.sweep_detector INFO: OrderBlocks: 5 detected, 1 unmitigated
16:19:21 core.sweep_detector INFO: FVGs: 10 detected, 2 unfilled
16:19:23 core.sweep_detector INFO: SweepDetector v2: 3 raw → 2 confirmed (vol≥2.5× body≥30%)
16:19:23 core.sweep_detector INFO: OrderBlocks: 8 detected, 3 unmitigated
16:19:23 core.sweep_detector INFO: FVGs: 11 detected, 4 unfilled
16:19:25 core.sweep_detector INFO: SweepDetector v2: 1 raw → 1 confirmed (vol≥2.5× body≥30%)
16:19:25 core.sweep_detector INFO: OrderBlocks: 7 detected, 2 unmitigated
16:19:25 core.sweep_detector INFO: FVGs: 7 detected, 1 unfilled
16:19:26 core.sweep_detector INFO: SweepDetector v2: 2 raw → 1 confirmed (vol≥2.5× body≥30%)
16:19:26 core.sweep_detector INFO: OrderBlocks: 1 detected, 0 unmitigated
16:19:26 core.sweep_detector INFO: FVGs: 12 detected, 3 unfilled
16:19:28 core.sweep_detector INFO: SweepDetector v2: 0 raw → 0 confirmed (vol≥2.5× body≥30%)
16:19:28 core.sweep_detector INFO: OrderBlocks: 6 detected, 1 unmitigated
16:19:28 core.sweep_detector INFO: FVGs: 7 detected, 2 unfilled
16:19:30 core.sweep_detector INFO: SweepDetector v2: 0 raw → 0 confirmed (vol≥2.5× body≥30%)
16:19:30 core.sweep_detector INFO: OrderBlocks: 7 detected, 3 unmitigated
16:19:30 core.sweep_detector INFO: FVGs: 10 detected, 3 unfilled
16:19:32 core.sweep_detector INFO: SweepDetector v2: 0 raw → 0 confirmed (vol≥2.5× body≥30%)
16:19:32 core.sweep_detector INFO: OrderBlocks: 11 detected, 2 unmitigated
16:19:32 core.sweep_detector INFO: FVGs: 7 detected, 1 unfilled
16:19:33 core.sweep_detector INFO: SweepDetector v2: 4 raw → 3 confirmed (vol≥2.5× body≥30%)
16:19:33 core.sweep_detector INFO: OrderBlocks: 5 detected, 3 unmitigated
16:19:33 core.sweep_detector INFO: FVGs: 5 detected, 3 unfilled
16:19:35 core.sweep_detector INFO: SweepDetector v2: 2 raw → 2 confirmed (vol≥2.5× body≥30%)
16:19:35 core.sweep_detector INFO: OrderBlocks: 5 detected, 1 unmitigated
16:19:35 core.sweep_detector INFO: FVGs: 6 detected, 4 unfilled
16:19:36 core.sweep_detector INFO: SweepDetector v2: 1 raw → 1 confirmed (vol≥2.5× body≥30%)
16:19:36 core.sweep_detector INFO: OrderBlocks: 5 detected, 3 unmitigated
16:19:36 core.sweep_detector INFO: FVGs: 5 detected, 2 unfilled
16:19:38 core.sweep_detector INFO: SweepDetector v2: 2 raw → 2 confirmed (vol≥2.5× body≥30%)
16:19:38 core.sweep_detector INFO: OrderBlocks: 5 detected, 1 unmitigated
16:19:38 core.sweep_detector INFO: FVGs: 5 detected, 2 unfilled
/root/.openclaw/workspace/projects/crypto-liquidity-hunter/main.py:555: DeprecationWarning: datetime.datetime.utcnow() is deprecated and scheduled for removal in a future version. Use timezone-aware objects to represent datetimes in UTC: datetime.datetime.now(datetime.UTC).
  scan_end     = datetime.utcnow()

=== SCAN ALL: 102 pairs, 3 timeframes ===
Total signals generated: 0
