03:20:02 __main__ INFO: Volume filter: fetching all tickers in one call...
03:20:03 __main__ INFO: Volume filter: 95/447 pairs pass $2M threshold
/root/.openclaw/workspace/projects/crypto-liquidity-hunter/main.py:292: DeprecationWarning: datetime.datetime.utcnow() is deprecated and scheduled for removal in a future version. Use timezone-aware objects to represent datetimes in UTC: datetime.datetime.now(datetime.UTC).
  scan_start = datetime.utcnow()   # for duration tracking
03:20:04 core.binance_connector INFO: BinanceConnector: connected [LIVE FUTURES MAINNET]
03:20:04 __main__ INFO: Auto-executor: account 'Liquiddbot1' mode=live exec=auto
03:20:04 __main__ INFO: Expired 1 pending signals
03:20:06 core.sweep_detector INFO: SweepDetector v2: 2 raw → 1 confirmed (vol≥2.5× body≥30%)
03:20:06 core.sweep_detector INFO: OrderBlocks: 6 detected, 0 unmitigated
03:20:06 core.sweep_detector INFO: FVGs: 12 detected, 0 unfilled
03:20:07 core.sweep_detector INFO: SweepDetector v2: 3 raw → 2 confirmed (vol≥2.5× body≥30%)
03:20:07 core.sweep_detector INFO: OrderBlocks: 4 detected, 1 unmitigated
03:20:07 core.sweep_detector INFO: FVGs: 5 detected, 2 unfilled
03:20:09 core.sweep_detector INFO: SweepDetector v2: 0 raw → 0 confirmed (vol≥2.5× body≥30%)
03:20:09 core.sweep_detector INFO: OrderBlocks: 4 detected, 0 unmitigated
03:20:09 core.sweep_detector INFO: FVGs: 8 detected, 3 unfilled
03:20:11 core.sweep_detector INFO: SweepDetector v2: 0 raw → 0 confirmed (vol≥2.5× body≥30%)
03:20:11 core.sweep_detector INFO: OrderBlocks: 10 detected, 4 unmitigated
03:20:11 core.sweep_detector INFO: FVGs: 11 detected, 6 unfilled
03:20:12 core.sweep_detector INFO: SweepDetector v2: 2 raw → 2 confirmed (vol≥2.5× body≥30%)
03:20:12 core.sweep_detector INFO: OrderBlocks: 4 detected, 3 unmitigated
03:20:12 core.sweep_detector INFO: FVGs: 10 detected, 3 unfilled
03:20:14 core.sweep_detector INFO: SweepDetector v2: 2 raw → 2 confirmed (vol≥2.5× body≥30%)
03:20:14 core.sweep_detector INFO: OrderBlocks: 3 detected, 0 unmitigated
03:20:14 core.sweep_detector INFO: FVGs: 6 detected, 2 unfilled
03:20:16 core.sweep_detector INFO: SweepDetector v2: 1 raw → 1 confirmed (vol≥2.5× body≥30%)
03:20:16 core.sweep_detector INFO: OrderBlocks: 10 detected, 2 unmitigated
03:20:16 core.sweep_detector INFO: FVGs: 10 detected, 4 unfilled
03:20:17 core.sweep_detector INFO: SweepDetector v2: 2 raw → 1 confirmed (vol≥2.5× body≥30%)
03:20:17 core.sweep_detector INFO: OrderBlocks: 4 detected, 3 unmitigated
03:20:17 core.sweep_detector INFO: FVGs: 7 detected, 2 unfilled
03:20:19 core.sweep_detector INFO: SweepDetector v2: 2 raw → 2 confirmed (vol≥2.5× body≥30%)
03:20:19 core.sweep_detector INFO: OrderBlocks: 8 detected, 1 unmitigated
03:20:19 core.sweep_detector INFO: FVGs: 7 detected, 2 unfilled
03:20:21 core.sweep_detector INFO: SweepDetector v2: 5 raw → 5 confirmed (vol≥2.5× body≥30%)
03:20:21 core.sweep_detector INFO: OrderBlocks: 4 detected, 0 unmitigated
03:20:21 core.sweep_detector INFO: FVGs: 10 detected, 1 unfilled
03:20:22 core.sweep_detector INFO: SweepDetector v2: 3 raw → 3 confirmed (vol≥2.5× body≥30%)
03:20:22 core.sweep_detector INFO: OrderBlocks: 4 detected, 2 unmitigated
03:20:22 core.sweep_detector INFO: FVGs: 8 detected, 2 unfilled
03:20:25 core.sweep_detector INFO: SweepDetector v2: 1 raw → 1 confirmed (vol≥2.5× body≥30%)
03:20:25 core.sweep_detector INFO: OrderBlocks: 6 detected, 1 unmitigated
03:20:25 core.sweep_detector INFO: FVGs: 5 detected, 3 unfilled
03:20:27 core.sweep_detector INFO: SweepDetector v2: 3 raw → 2 confirmed (vol≥2.5× body≥30%)
03:20:27 core.sweep_detector INFO: OrderBlocks: 7 detected, 0 unmitigated
03:20:27 core.sweep_detector INFO: FVGs: 9 detected, 0 unfilled
03:20:28 core.sweep_detector INFO: SweepDetector v2: 1 raw → 0 confirmed (vol≥2.5× body≥30%)
03:20:28 core.sweep_detector INFO: OrderBlocks: 4 detected, 1 unmitigated
03:20:28 core.sweep_detector INFO: FVGs: 10 detected, 0 unfilled
03:20:30 core.sweep_detector INFO: SweepDetector v2: 1 raw → 1 confirmed (vol≥2.5× body≥30%)
03:20:30 core.sweep_detector INFO: OrderBlocks: 7 detected, 0 unmitigated
03:20:30 core.sweep_detector INFO: FVGs: 13 detected, 3 unfilled
03:20:32 core.sweep_detector INFO: SweepDetector v2: 2 raw → 1 confirmed (vol≥2.5× body≥30%)
03:20:32 core.sweep_detector INFO: OrderBlocks: 6 detected, 2 unmitigated
03:20:32 core.sweep_detector INFO: FVGs: 9 detected, 4 unfilled
03:20:33 core.sweep_detector INFO: SweepDetector v2: 1 raw → 1 confirmed (vol≥2.5× body≥30%)
03:20:33 core.sweep_detector INFO: OrderBlocks: 2 detected, 0 unmitigated
03:20:33 core.sweep_detector INFO: FVGs: 9 detected, 1 unfilled
03:20:35 core.sweep_detector INFO: SweepDetector v2: 2 raw → 1 confirmed (vol≥2.5× body≥30%)
03:20:35 core.sweep_detector INFO: OrderBlocks: 2 detected, 1 unmitigated
03:20:35 core.sweep_detector INFO: FVGs: 10 detected, 4 unfilled
03:20:36 core.sweep_detector INFO: SweepDetector v2: 2 raw → 1 confirmed (vol≥2.5× body≥30%)
03:20:36 core.sweep_detector INFO: OrderBlocks: 5 detected, 1 unmitigated
03:20:36 core.sweep_detector INFO: FVGs: 10 detected, 3 unfilled
03:20:38 core.sweep_detector INFO: SweepDetector v2: 1 raw → 1 confirmed (vol≥2.5× body≥30%)
03:20:38 core.sweep_detector INFO: OrderBlocks: 6 detected, 2 unmitigated
03:20:38 core.sweep_detector INFO: FVGs: 11 detected, 3 unfilled
03:20:40 core.sweep_detector INFO: SweepDetector v2: 3 raw → 3 confirmed (vol≥2.5× body≥30%)
03:20:40 core.sweep_detector INFO: OrderBlocks: 1 detected, 0 unmitigated
03:20:40 core.sweep_detector INFO: FVGs: 11 detected, 4 unfilled
03:20:41 core.sweep_detector INFO: SweepDetector v2: 5 raw → 5 confirmed (vol≥2.5× body≥30%)
03:20:41 core.sweep_detector INFO: OrderBlocks: 1 detected, 0 unmitigated
03:20:41 core.sweep_detector INFO: FVGs: 3 detected, 1 unfilled
03:20:43 core.sweep_detector INFO: SweepDetector v2: 2 raw → 2 confirmed (vol≥2.5× body≥30%)
03:20:43 core.sweep_detector INFO: OrderBlocks: 3 detected, 2 unmitigated
03:20:43 core.sweep_detector INFO: FVGs: 6 detected, 3 unfilled
03:20:45 core.sweep_detector INFO: SweepDetector v2: 2 raw → 2 confirmed (vol≥2.5× body≥30%)
03:20:45 core.sweep_detector INFO: OrderBlocks: 4 detected, 0 unmitigated
03:20:45 core.sweep_detector INFO: FVGs: 5 detected, 2 unfilled
03:20:47 core.sweep_detector INFO: SweepDetector v2: 2 raw → 2 confirmed (vol≥2.5× body≥30%)
03:20:47 core.sweep_detector INFO: OrderBlocks: 4 detected, 2 unmitigated
03:20:47 core.sweep_detector INFO: FVGs: 12 detected, 5 unfilled
03:20:48 core.sweep_detector INFO: SweepDetector v2: 1 raw → 1 confirmed (vol≥2.5× body≥30%)
03:20:48 core.sweep_detector INFO: OrderBlocks: 5 detected, 3 unmitigated
03:20:48 core.sweep_detector INFO: FVGs: 10 detected, 3 unfilled
03:20:50 core.sweep_detector INFO: SweepDetector v2: 2 raw → 2 confirmed (vol≥2.5× body≥30%)
03:20:50 core.sweep_detector INFO: OrderBlocks: 3 detected, 0 unmitigated
03:20:50 core.sweep_detector INFO: FVGs: 6 detected, 2 unfilled
03:20:52 core.sweep_detector INFO: SweepDetector v2: 1 raw → 1 confirmed (vol≥2.5× body≥30%)
03:20:52 core.sweep_detector INFO: OrderBlocks: 5 detected, 0 unmitigated
03:20:52 core.sweep_detector INFO: FVGs: 7 detected, 0 unfilled
03:20:53 core.sweep_detector INFO: SweepDetector v2: 0 raw → 0 confirmed (vol≥2.5× body≥30%)
03:20:53 core.sweep_detector INFO: OrderBlocks: 5 detected, 2 unmitigated
03:20:53 core.sweep_detector INFO: FVGs: 9 detected, 2 unfilled
03:20:55 core.sweep_detector INFO: SweepDetector v2: 0 raw → 0 confirmed (vol≥2.5× body≥30%)
03:20:55 core.sweep_detector INFO: OrderBlocks: 7 detected, 4 unmitigated
03:20:55 core.sweep_detector INFO: FVGs: 7 detected, 3 unfilled
03:20:57 core.sweep_detector INFO: SweepDetector v2: 4 raw → 4 confirmed (vol≥2.5× body≥30%)
03:20:57 core.sweep_detector INFO: OrderBlocks: 2 detected, 2 unmitigated
03:20:57 core.sweep_detector INFO: FVGs: 11 detected, 3 unfilled
03:20:58 core.sweep_detector INFO: SweepDetector v2: 1 raw → 1 confirmed (vol≥2.5× body≥30%)
03:20:58 core.sweep_detector INFO: OrderBlocks: 6 detected, 2 unmitigated
03:20:58 core.sweep_detector INFO: FVGs: 12 detected, 2 unfilled
03:21:00 core.sweep_detector INFO: SweepDetector v2: 2 raw → 1 confirmed (vol≥2.5× body≥30%)
03:21:00 core.sweep_detector INFO: OrderBlocks: 3 detected, 1 unmitigated
03:21:00 core.sweep_detector INFO: FVGs: 8 detected, 3 unfilled
03:21:02 core.sweep_detector INFO: SweepDetector v2: 0 raw → 0 confirmed (vol≥2.5× body≥30%)
03:21:02 core.sweep_detector INFO: OrderBlocks: 4 detected, 2 unmitigated
03:21:02 core.sweep_detector INFO: FVGs: 6 detected, 1 unfilled
03:21:03 core.sweep_detector INFO: SweepDetector v2: 2 raw → 2 confirmed (vol≥2.5× body≥30%)
03:21:03 core.sweep_detector INFO: OrderBlocks: 5 detected, 3 unmitigated
03:21:03 core.sweep_detector INFO: FVGs: 7 detected, 3 unfilled
03:21:06 core.sweep_detector INFO: SweepDetector v2: 2 raw → 2 confirmed (vol≥2.5× body≥30%)
03:21:06 core.sweep_detector INFO: OrderBlocks: 5 detected, 0 unmitigated
03:21:06 core.sweep_detector INFO: FVGs: 6 detected, 0 unfilled
03:21:08 core.sweep_detector INFO: SweepDetector v2: 1 raw → 1 confirmed (vol≥2.5× body≥30%)
03:21:08 core.sweep_detector INFO: OrderBlocks: 8 detected, 4 unmitigated
03:21:08 core.sweep_detector INFO: FVGs: 10 detected, 4 unfilled
03:21:10 core.sweep_detector INFO: SweepDetector v2: 1 raw → 1 confirmed (vol≥2.5× body≥30%)
03:21:10 core.sweep_detector INFO: OrderBlocks: 7 detected, 1 unmitigated
03:21:10 core.sweep_detector INFO: FVGs: 5 detected, 1 unfilled
03:21:12 core.sweep_detector INFO: SweepDetector v2: 2 raw → 2 confirmed (vol≥2.5× body≥30%)
03:21:12 core.sweep_detector INFO: OrderBlocks: 7 detected, 1 unmitigated
03:21:12 core.sweep_detector INFO: FVGs: 7 detected, 2 unfilled
03:21:13 core.sweep_detector INFO: SweepDetector v2: 1 raw → 1 confirmed (vol≥2.5× body≥30%)
03:21:14 core.sweep_detector INFO: OrderBlocks: 7 detected, 1 unmitigated
03:21:14 core.sweep_detector INFO: FVGs: 7 detected, 2 unfilled
03:21:15 core.sweep_detector INFO: SweepDetector v2: 1 raw → 1 confirmed (vol≥2.5× body≥30%)
03:21:15 core.sweep_detector INFO: OrderBlocks: 2 detected, 1 unmitigated
03:21:15 core.sweep_detector INFO: FVGs: 10 detected, 2 unfilled
03:21:17 core.sweep_detector INFO: SweepDetector v2: 2 raw → 2 confirmed (vol≥2.5× body≥30%)
03:21:17 core.sweep_detector INFO: OrderBlocks: 3 detected, 0 unmitigated
03:21:17 core.sweep_detector INFO: FVGs: 8 detected, 2 unfilled
03:21:19 core.sweep_detector INFO: SweepDetector v2: 0 raw → 0 confirmed (vol≥2.5× body≥30%)
03:21:19 core.sweep_detector INFO: OrderBlocks: 7 detected, 2 unmitigated
03:21:19 core.sweep_detector INFO: FVGs: 8 detected, 1 unfilled
03:21:20 core.sweep_detector INFO: SweepDetector v2: 2 raw → 1 confirmed (vol≥2.5× body≥30%)
03:21:20 core.sweep_detector INFO: OrderBlocks: 5 detected, 1 unmitigated
03:21:20 core.sweep_detector INFO: FVGs: 10 detected, 2 unfilled
03:21:22 core.sweep_detector INFO: SweepDetector v2: 1 raw → 1 confirmed (vol≥2.5× body≥30%)
03:21:22 core.sweep_detector INFO: OrderBlocks: 3 detected, 1 unmitigated
03:21:22 core.sweep_detector INFO: FVGs: 7 detected, 4 unfilled
03:21:24 core.sweep_detector INFO: SweepDetector v2: 7 raw → 5 confirmed (vol≥2.5× body≥30%)
03:21:24 core.sweep_detector INFO: OrderBlocks: 3 detected, 2 unmitigated
03:21:24 core.sweep_detector INFO: FVGs: 9 detected, 4 unfilled
03:21:25 core.sweep_detector INFO: SweepDetector v2: 3 raw → 1 confirmed (vol≥2.5× body≥30%)
03:21:25 core.sweep_detector INFO: OrderBlocks: 4 detected, 3 unmitigated
03:21:25 core.sweep_detector INFO: FVGs: 10 detected, 3 unfilled
03:21:27 core.sweep_detector INFO: SweepDetector v2: 0 raw → 0 confirmed (vol≥2.5× body≥30%)
03:21:27 core.sweep_detector INFO: OrderBlocks: 6 detected, 1 unmitigated
03:21:27 core.sweep_detector INFO: FVGs: 11 detected, 3 unfilled
03:21:29 core.sweep_detector INFO: SweepDetector v2: 1 raw → 1 confirmed (vol≥2.5× body≥30%)
03:21:29 core.sweep_detector INFO: OrderBlocks: 7 detected, 3 unmitigated
03:21:29 core.sweep_detector INFO: FVGs: 12 detected, 2 unfilled
03:21:31 core.sweep_detector INFO: SweepDetector v2: 2 raw → 1 confirmed (vol≥2.5× body≥30%)
03:21:31 core.sweep_detector INFO: OrderBlocks: 8 detected, 2 unmitigated
03:21:31 core.sweep_detector INFO: FVGs: 7 detected, 3 unfilled
03:21:32 core.sweep_detector INFO: SweepDetector v2: 2 raw → 2 confirmed (vol≥2.5× body≥30%)
03:21:32 core.sweep_detector INFO: OrderBlocks: 1 detected, 1 unmitigated
03:21:32 core.sweep_detector INFO: FVGs: 8 detected, 5 unfilled
03:21:35 core.sweep_detector INFO: SweepDetector v2: 5 raw → 4 confirmed (vol≥2.5× body≥30%)
03:21:35 core.sweep_detector INFO: OrderBlocks: 8 detected, 2 unmitigated
03:21:35 core.sweep_detector INFO: FVGs: 11 detected, 1 unfilled
03:21:36 core.sweep_detector INFO: SweepDetector v2: 1 raw → 0 confirmed (vol≥2.5× body≥30%)
03:21:36 core.sweep_detector INFO: OrderBlocks: 7 detected, 1 unmitigated
03:21:36 core.sweep_detector INFO: FVGs: 16 detected, 2 unfilled
03:21:38 core.sweep_detector INFO: SweepDetector v2: 0 raw → 0 confirmed (vol≥2.5× body≥30%)
03:21:38 core.sweep_detector INFO: OrderBlocks: 3 detected, 2 unmitigated
03:21:38 core.sweep_detector INFO: FVGs: 6 detected, 4 unfilled
03:21:40 core.sweep_detector INFO: SweepDetector v2: 0 raw → 0 confirmed (vol≥2.5× body≥30%)
03:21:40 core.sweep_detector INFO: OrderBlocks: 6 detected, 3 unmitigated
03:21:40 core.sweep_detector INFO: FVGs: 4 detected, 3 unfilled
03:21:41 core.sweep_detector INFO: SweepDetector v2: 0 raw → 0 confirmed (vol≥2.5× body≥30%)
03:21:41 core.sweep_detector INFO: OrderBlocks: 8 detected, 4 unmitigated
03:21:41 core.sweep_detector INFO: FVGs: 4 detected, 4 unfilled
03:21:43 core.sweep_detector INFO: SweepDetector v2: 1 raw → 0 confirmed (vol≥2.5× body≥30%)
03:21:43 core.sweep_detector INFO: OrderBlocks: 6 detected, 4 unmitigated
03:21:43 core.sweep_detector INFO: FVGs: 8 detected, 3 unfilled
03:21:44 core.sweep_detector INFO: SweepDetector v2: 0 raw → 0 confirmed (vol≥2.5× body≥30%)
03:21:44 core.sweep_detector INFO: OrderBlocks: 6 detected, 2 unmitigated
03:21:44 core.sweep_detector INFO: FVGs: 11 detected, 7 unfilled
03:21:46 core.sweep_detector INFO: SweepDetector v2: 3 raw → 2 confirmed (vol≥2.5× body≥30%)
03:21:46 core.sweep_detector INFO: OrderBlocks: 6 detected, 3 unmitigated
03:21:46 core.sweep_detector INFO: FVGs: 10 detected, 3 unfilled
03:21:47 core.sweep_detector INFO: SweepDetector v2: 1 raw → 0 confirmed (vol≥2.5× body≥30%)
03:21:47 core.sweep_detector INFO: OrderBlocks: 7 detected, 3 unmitigated
03:21:47 core.sweep_detector INFO: FVGs: 5 detected, 0 unfilled
03:21:49 core.sweep_detector INFO: SweepDetector v2: 0 raw → 0 confirmed (vol≥2.5× body≥30%)
03:21:49 core.sweep_detector INFO: OrderBlocks: 9 detected, 2 unmitigated
03:21:49 core.sweep_detector INFO: FVGs: 13 detected, 2 unfilled
03:21:50 core.sweep_detector INFO: SweepDetector v2: 3 raw → 2 confirmed (vol≥2.5× body≥30%)
03:21:50 core.sweep_detector INFO: OrderBlocks: 6 detected, 3 unmitigated
03:21:50 core.sweep_detector INFO: FVGs: 11 detected, 2 unfilled
03:21:52 core.sweep_detector INFO: SweepDetector v2: 3 raw → 3 confirmed (vol≥2.5× body≥30%)
03:21:52 core.sweep_detector INFO: OrderBlocks: 5 detected, 0 unmitigated
03:21:52 core.sweep_detector INFO: FVGs: 8 detected, 3 unfilled
03:21:54 core.sweep_detector INFO: SweepDetector v2: 4 raw → 2 confirmed (vol≥2.5× body≥30%)
03:21:54 core.sweep_detector INFO: OrderBlocks: 5 detected, 2 unmitigated
03:21:54 core.sweep_detector INFO: FVGs: 9 detected, 2 unfilled
03:21:55 core.sweep_detector INFO: SweepDetector v2: 5 raw → 4 confirmed (vol≥2.5× body≥30%)
03:21:55 core.sweep_detector INFO: OrderBlocks: 4 detected, 1 unmitigated
03:21:55 core.sweep_detector INFO: FVGs: 9 detected, 4 unfilled
03:21:57 core.sweep_detector INFO: SweepDetector v2: 3 raw → 2 confirmed (vol≥2.5× body≥30%)
03:21:57 core.sweep_detector INFO: OrderBlocks: 3 detected, 1 unmitigated
03:21:57 core.sweep_detector INFO: FVGs: 11 detected, 2 unfilled
03:21:59 core.sweep_detector INFO: SweepDetector v2: 3 raw → 2 confirmed (vol≥2.5× body≥30%)
03:21:59 core.sweep_detector INFO: OrderBlocks: 6 detected, 2 unmitigated
03:21:59 core.sweep_detector INFO: FVGs: 4 detected, 1 unfilled
03:22:00 core.sweep_detector INFO: SweepDetector v2: 2 raw → 1 confirmed (vol≥2.5× body≥30%)
03:22:00 core.sweep_detector INFO: OrderBlocks: 5 detected, 2 unmitigated
03:22:00 core.sweep_detector INFO: FVGs: 13 detected, 3 unfilled
03:22:02 core.sweep_detector INFO: SweepDetector v2: 0 raw → 0 confirmed (vol≥2.5× body≥30%)
03:22:02 core.sweep_detector INFO: OrderBlocks: 5 detected, 3 unmitigated
03:22:02 core.sweep_detector INFO: FVGs: 13 detected, 6 unfilled
03:22:04 core.sweep_detector INFO: SweepDetector v2: 1 raw → 1 confirmed (vol≥2.5× body≥30%)
03:22:04 core.sweep_detector INFO: OrderBlocks: 9 detected, 1 unmitigated
03:22:04 core.sweep_detector INFO: FVGs: 6 detected, 0 unfilled
03:22:05 core.sweep_detector INFO: SweepDetector v2: 0 raw → 0 confirmed (vol≥2.5× body≥30%)
03:22:05 core.sweep_detector INFO: OrderBlocks: 8 detected, 2 unmitigated
03:22:05 core.sweep_detector INFO: FVGs: 9 detected, 2 unfilled
03:22:07 core.sweep_detector INFO: SweepDetector v2: 1 raw → 1 confirmed (vol≥2.5× body≥30%)
03:22:07 core.sweep_detector INFO: OrderBlocks: 2 detected, 0 unmitigated
03:22:07 core.sweep_detector INFO: FVGs: 5 detected, 2 unfilled
03:22:09 core.sweep_detector INFO: SweepDetector v2: 0 raw → 0 confirmed (vol≥2.5× body≥30%)
03:22:09 core.sweep_detector INFO: OrderBlocks: 9 detected, 2 unmitigated
03:22:09 core.sweep_detector INFO: FVGs: 11 detected, 1 unfilled
03:22:10 core.sweep_detector INFO: SweepDetector v2: 4 raw → 3 confirmed (vol≥2.5× body≥30%)
03:22:10 core.sweep_detector INFO: OrderBlocks: 3 detected, 2 unmitigated
03:22:10 core.sweep_detector INFO: FVGs: 9 detected, 1 unfilled
03:22:12 core.sweep_detector INFO: SweepDetector v2: 2 raw → 2 confirmed (vol≥2.5× body≥30%)
03:22:12 core.sweep_detector INFO: OrderBlocks: 4 detected, 0 unmitigated
03:22:12 core.sweep_detector INFO: FVGs: 7 detected, 2 unfilled
03:22:14 core.sweep_detector INFO: SweepDetector v2: 1 raw → 0 confirmed (vol≥2.5× body≥30%)
03:22:14 core.sweep_detector INFO: OrderBlocks: 6 detected, 2 unmitigated
03:22:14 core.sweep_detector INFO: FVGs: 8 detected, 2 unfilled
03:22:15 core.sweep_detector INFO: SweepDetector v2: 3 raw → 3 confirmed (vol≥2.5× body≥30%)
03:22:15 core.sweep_detector INFO: OrderBlocks: 3 detected, 0 unmitigated
03:22:15 core.sweep_detector INFO: FVGs: 7 detected, 1 unfilled
03:22:17 core.sweep_detector INFO: SweepDetector v2: 2 raw → 2 confirmed (vol≥2.5× body≥30%)
03:22:17 core.sweep_detector INFO: OrderBlocks: 5 detected, 0 unmitigated
03:22:17 core.sweep_detector INFO: FVGs: 7 detected, 1 unfilled
03:22:19 core.sweep_detector INFO: SweepDetector v2: 2 raw → 2 confirmed (vol≥2.5× body≥30%)
03:22:19 core.sweep_detector INFO: OrderBlocks: 9 detected, 3 unmitigated
03:22:19 core.sweep_detector INFO: FVGs: 14 detected, 4 unfilled
03:22:20 core.sweep_detector INFO: SweepDetector v2: 2 raw → 2 confirmed (vol≥2.5× body≥30%)
03:22:20 core.sweep_detector INFO: OrderBlocks: 8 detected, 2 unmitigated
03:22:20 core.sweep_detector INFO: FVGs: 17 detected, 5 unfilled
03:22:22 core.sweep_detector INFO: SweepDetector v2: 3 raw → 2 confirmed (vol≥2.5× body≥30%)
03:22:22 core.sweep_detector INFO: OrderBlocks: 7 detected, 3 unmitigated
03:22:22 core.sweep_detector INFO: FVGs: 12 detected, 4 unfilled
03:22:24 core.sweep_detector INFO: SweepDetector v2: 1 raw → 1 confirmed (vol≥2.5× body≥30%)
03:22:24 core.sweep_detector INFO: OrderBlocks: 5 detected, 3 unmitigated
03:22:24 core.sweep_detector INFO: FVGs: 10 detected, 3 unfilled
03:22:26 core.sweep_detector INFO: SweepDetector v2: 4 raw → 3 confirmed (vol≥2.5× body≥30%)
03:22:26 core.sweep_detector INFO: OrderBlocks: 8 detected, 1 unmitigated
03:22:26 core.sweep_detector INFO: FVGs: 7 detected, 1 unfilled
03:22:27 core.sweep_detector INFO: SweepDetector v2: 6 raw → 4 confirmed (vol≥2.5× body≥30%)
03:22:27 core.sweep_detector INFO: OrderBlocks: 4 detected, 2 unmitigated
03:22:27 core.sweep_detector INFO: FVGs: 9 detected, 3 unfilled
03:22:29 core.sweep_detector INFO: SweepDetector v2: 2 raw → 1 confirmed (vol≥2.5× body≥30%)
03:22:29 core.sweep_detector INFO: OrderBlocks: 6 detected, 1 unmitigated
03:22:29 core.sweep_detector INFO: FVGs: 9 detected, 4 unfilled
03:22:31 core.sweep_detector INFO: SweepDetector v2: 2 raw → 2 confirmed (vol≥2.5× body≥30%)
03:22:31 core.sweep_detector INFO: OrderBlocks: 4 detected, 2 unmitigated
03:22:31 core.sweep_detector INFO: FVGs: 11 detected, 2 unfilled
03:22:33 core.sweep_detector INFO: SweepDetector v2: 1 raw → 1 confirmed (vol≥2.5× body≥30%)
03:22:33 core.sweep_detector INFO: OrderBlocks: 8 detected, 1 unmitigated
03:22:33 core.sweep_detector INFO: FVGs: 12 detected, 3 unfilled
03:22:34 core.sweep_detector INFO: SweepDetector v2: 2 raw → 1 confirmed (vol≥2.5× body≥30%)
03:22:34 core.sweep_detector INFO: OrderBlocks: 6 detected, 2 unmitigated
03:22:34 core.sweep_detector INFO: FVGs: 10 detected, 4 unfilled
03:22:36 core.sweep_detector INFO: SweepDetector v2: 3 raw → 1 confirmed (vol≥2.5× body≥30%)
03:22:36 core.sweep_detector INFO: OrderBlocks: 6 detected, 3 unmitigated
03:22:36 core.sweep_detector INFO: FVGs: 9 detected, 2 unfilled
03:22:37 core.sweep_detector INFO: SweepDetector v2: 2 raw → 2 confirmed (vol≥2.5× body≥30%)
03:22:37 core.sweep_detector INFO: OrderBlocks: 7 detected, 1 unmitigated
03:22:37 core.sweep_detector INFO: FVGs: 8 detected, 3 unfilled
03:22:39 core.sweep_detector INFO: SweepDetector v2: 0 raw → 0 confirmed (vol≥2.5× body≥30%)
03:22:39 core.sweep_detector INFO: OrderBlocks: 5 detected, 0 unmitigated
03:22:39 core.sweep_detector INFO: FVGs: 1 detected, 0 unfilled
03:22:40 core.sweep_detector INFO: SweepDetector v2: 0 raw → 0 confirmed (vol≥2.5× body≥30%)
03:22:40 core.sweep_detector INFO: OrderBlocks: 6 detected, 3 unmitigated
03:22:40 core.sweep_detector INFO: FVGs: 2 detected, 2 unfilled
03:22:43 core.sweep_detector INFO: SweepDetector v2: 0 raw → 0 confirmed (vol≥2.5× body≥30%)
03:22:43 core.sweep_detector INFO: OrderBlocks: 2 detected, 1 unmitigated
03:22:43 core.sweep_detector INFO: FVGs: 0 detected, 0 unfilled
03:22:44 core.sweep_detector INFO: SweepDetector v2: 0 raw → 0 confirmed (vol≥2.5× body≥30%)
03:22:44 core.sweep_detector INFO: OrderBlocks: 0 detected, 0 unmitigated
03:22:44 core.sweep_detector INFO: FVGs: 0 detected, 0 unfilled
03:22:46 core.sweep_detector INFO: SweepDetector v2: 0 raw → 0 confirmed (vol≥2.5× body≥30%)
03:22:46 core.sweep_detector INFO: OrderBlocks: 0 detected, 0 unmitigated
03:22:46 core.sweep_detector INFO: FVGs: 0 detected, 0 unfilled
03:22:48 core.sweep_detector INFO: SweepDetector v2: 0 raw → 0 confirmed (vol≥2.5× body≥30%)
03:22:48 core.sweep_detector INFO: OrderBlocks: 0 detected, 0 unmitigated
03:22:48 core.sweep_detector INFO: FVGs: 0 detected, 0 unfilled
03:22:49 core.sweep_detector INFO: SweepDetector v2: 0 raw → 0 confirmed (vol≥2.5× body≥30%)
03:22:49 core.sweep_detector INFO: OrderBlocks: 6 detected, 1 unmitigated
03:22:49 core.sweep_detector INFO: FVGs: 14 detected, 3 unfilled
03:22:51 core.sweep_detector INFO: SweepDetector v2: 1 raw → 1 confirmed (vol≥2.5× body≥30%)
03:22:51 core.sweep_detector INFO: OrderBlocks: 4 detected, 1 unmitigated
03:22:51 core.sweep_detector INFO: FVGs: 11 detected, 2 unfilled
03:22:52 core.sweep_detector INFO: SweepDetector v2: 2 raw → 2 confirmed (vol≥2.5× body≥30%)
03:22:52 core.sweep_detector INFO: OrderBlocks: 5 detected, 2 unmitigated
03:22:52 core.sweep_detector INFO: FVGs: 4 detected, 1 unfilled
03:22:54 core.sweep_detector INFO: SweepDetector v2: 0 raw → 0 confirmed (vol≥2.5× body≥30%)
03:22:54 core.sweep_detector INFO: OrderBlocks: 8 detected, 2 unmitigated
03:22:54 core.sweep_detector INFO: FVGs: 11 detected, 4 unfilled
03:22:55 core.sweep_detector INFO: SweepDetector v2: 2 raw → 1 confirmed (vol≥2.5× body≥30%)
03:22:55 core.sweep_detector INFO: OrderBlocks: 2 detected, 0 unmitigated
03:22:55 core.sweep_detector INFO: FVGs: 14 detected, 2 unfilled
03:22:57 core.sweep_detector INFO: SweepDetector v2: 1 raw → 1 confirmed (vol≥2.5× body≥30%)
03:22:57 core.sweep_detector INFO: OrderBlocks: 3 detected, 0 unmitigated
03:22:57 core.sweep_detector INFO: FVGs: 11 detected, 3 unfilled
03:22:59 core.sweep_detector INFO: SweepDetector v2: 3 raw → 2 confirmed (vol≥2.5× body≥30%)
03:22:59 core.sweep_detector INFO: OrderBlocks: 8 detected, 2 unmitigated
03:22:59 core.sweep_detector INFO: FVGs: 8 detected, 0 unfilled
03:23:00 core.sweep_detector INFO: SweepDetector v2: 6 raw → 6 confirmed (vol≥2.5× body≥30%)
03:23:01 core.sweep_detector INFO: OrderBlocks: 9 detected, 3 unmitigated
03:23:01 core.sweep_detector INFO: FVGs: 11 detected, 2 unfilled
03:23:02 core.sweep_detector INFO: SweepDetector v2: 5 raw → 3 confirmed (vol≥2.5× body≥30%)
03:23:02 core.sweep_detector INFO: OrderBlocks: 5 detected, 0 unmitigated
03:23:02 core.sweep_detector INFO: FVGs: 8 detected, 4 unfilled
03:23:04 core.sweep_detector INFO: SweepDetector v2: 1 raw → 1 confirmed (vol≥2.5× body≥30%)
03:23:04 core.sweep_detector INFO: OrderBlocks: 8 detected, 3 unmitigated
03:23:04 core.sweep_detector INFO: FVGs: 9 detected, 2 unfilled
03:23:06 core.sweep_detector INFO: SweepDetector v2: 1 raw → 1 confirmed (vol≥2.5× body≥30%)
03:23:06 core.sweep_detector INFO: OrderBlocks: 4 detected, 1 unmitigated
03:23:06 core.sweep_detector INFO: FVGs: 8 detected, 1 unfilled
03:23:08 core.sweep_detector INFO: SweepDetector v2: 2 raw → 2 confirmed (vol≥2.5× body≥30%)
03:23:08 core.sweep_detector INFO: OrderBlocks: 5 detected, 3 unmitigated
03:23:08 core.sweep_detector INFO: FVGs: 7 detected, 2 unfilled
03:23:09 core.sweep_detector INFO: SweepDetector v2: 2 raw → 1 confirmed (vol≥2.5× body≥30%)
03:23:09 core.sweep_detector INFO: OrderBlocks: 7 detected, 3 unmitigated
03:23:09 core.sweep_detector INFO: FVGs: 13 detected, 2 unfilled
03:23:11 core.sweep_detector INFO: SweepDetector v2: 2 raw → 2 confirmed (vol≥2.5× body≥30%)
03:23:11 core.sweep_detector INFO: OrderBlocks: 4 detected, 2 unmitigated
03:23:11 core.sweep_detector INFO: FVGs: 12 detected, 4 unfilled
03:23:12 core.sweep_detector INFO: SweepDetector v2: 4 raw → 0 confirmed (vol≥2.5× body≥30%)
03:23:12 core.sweep_detector INFO: OrderBlocks: 3 detected, 2 unmitigated
03:23:12 core.sweep_detector INFO: FVGs: 14 detected, 5 unfilled
03:23:14 core.sweep_detector INFO: SweepDetector v2: 3 raw → 2 confirmed (vol≥2.5× body≥30%)
03:23:14 core.sweep_detector INFO: OrderBlocks: 6 detected, 2 unmitigated
03:23:14 core.sweep_detector INFO: FVGs: 13 detected, 2 unfilled
03:23:16 core.sweep_detector INFO: SweepDetector v2: 2 raw → 0 confirmed (vol≥2.5× body≥30%)
03:23:16 core.sweep_detector INFO: OrderBlocks: 7 detected, 2 unmitigated
03:23:16 core.sweep_detector INFO: FVGs: 14 detected, 5 unfilled
03:23:18 core.sweep_detector INFO: SweepDetector v2: 3 raw → 0 confirmed (vol≥2.5× body≥30%)
03:23:18 core.sweep_detector INFO: OrderBlocks: 7 detected, 1 unmitigated
03:23:18 core.sweep_detector INFO: FVGs: 9 detected, 2 unfilled
03:23:20 core.sweep_detector INFO: SweepDetector v2: 2 raw → 2 confirmed (vol≥2.5× body≥30%)
03:23:20 core.sweep_detector INFO: OrderBlocks: 9 detected, 1 unmitigated
03:23:20 core.sweep_detector INFO: FVGs: 7 detected, 2 unfilled
03:23:22 core.sweep_detector INFO: SweepDetector v2: 1 raw → 1 confirmed (vol≥2.5× body≥30%)
03:23:22 core.sweep_detector INFO: OrderBlocks: 2 detected, 0 unmitigated
03:23:22 core.sweep_detector INFO: FVGs: 12 detected, 3 unfilled
03:23:24 core.sweep_detector INFO: SweepDetector v2: 3 raw → 2 confirmed (vol≥2.5× body≥30%)
03:23:24 core.sweep_detector INFO: OrderBlocks: 7 detected, 1 unmitigated
03:23:24 core.sweep_detector INFO: FVGs: 9 detected, 0 unfilled
03:23:26 core.sweep_detector INFO: SweepDetector v2: 1 raw → 1 confirmed (vol≥2.5× body≥30%)
03:23:26 core.sweep_detector INFO: OrderBlocks: 7 detected, 2 unmitigated
03:23:26 core.sweep_detector INFO: FVGs: 9 detected, 3 unfilled
03:23:28 core.sweep_detector INFO: SweepDetector v2: 2 raw → 2 confirmed (vol≥2.5× body≥30%)
03:23:28 core.sweep_detector INFO: OrderBlocks: 4 detected, 2 unmitigated
03:23:28 core.sweep_detector INFO: FVGs: 12 detected, 2 unfilled
03:23:30 core.sweep_detector INFO: SweepDetector v2: 3 raw → 3 confirmed (vol≥2.5× body≥30%)
03:23:30 core.sweep_detector INFO: OrderBlocks: 3 detected, 0 unmitigated
03:23:30 core.sweep_detector INFO: FVGs: 9 detected, 2 unfilled
03:23:32 core.sweep_detector INFO: SweepDetector v2: 2 raw → 1 confirmed (vol≥2.5× body≥30%)
03:23:32 core.sweep_detector INFO: OrderBlocks: 3 detected, 0 unmitigated
03:23:32 core.sweep_detector INFO: FVGs: 8 detected, 0 unfilled
03:23:34 core.sweep_detector INFO: SweepDetector v2: 0 raw → 0 confirmed (vol≥2.5× body≥30%)
03:23:34 core.sweep_detector INFO: OrderBlocks: 10 detected, 4 unmitigated
03:23:34 core.sweep_detector INFO: FVGs: 12 detected, 3 unfilled
03:23:36 core.sweep_detector INFO: SweepDetector v2: 0 raw → 0 confirmed (vol≥2.5× body≥30%)
03:23:36 core.sweep_detector INFO: OrderBlocks: 9 detected, 4 unmitigated
03:23:36 core.sweep_detector INFO: FVGs: 10 detected, 2 unfilled
03:23:38 core.sweep_detector INFO: SweepDetector v2: 0 raw → 0 confirmed (vol≥2.5× body≥30%)
03:23:38 core.sweep_detector INFO: OrderBlocks: 2 detected, 0 unmitigated
03:23:38 core.sweep_detector INFO: FVGs: 10 detected, 2 unfilled
03:23:41 core.sweep_detector INFO: SweepDetector v2: 0 raw → 0 confirmed (vol≥2.5× body≥30%)
03:23:41 core.sweep_detector INFO: OrderBlocks: 1 detected, 1 unmitigated
03:23:41 core.sweep_detector INFO: FVGs: 5 detected, 2 unfilled
03:23:43 core.sweep_detector INFO: SweepDetector v2: 2 raw → 2 confirmed (vol≥2.5× body≥30%)
03:23:43 core.sweep_detector INFO: OrderBlocks: 5 detected, 0 unmitigated
03:23:43 core.sweep_detector INFO: FVGs: 12 detected, 4 unfilled
03:23:45 core.sweep_detector INFO: SweepDetector v2: 0 raw → 0 confirmed (vol≥2.5× body≥30%)
03:23:45 core.sweep_detector INFO: OrderBlocks: 7 detected, 4 unmitigated
03:23:45 core.sweep_detector INFO: FVGs: 12 detected, 6 unfilled
03:23:46 core.sweep_detector INFO: SweepDetector v2: 1 raw → 1 confirmed (vol≥2.5× body≥30%)
03:23:46 core.sweep_detector INFO: OrderBlocks: 4 detected, 0 unmitigated
03:23:46 core.sweep_detector INFO: FVGs: 11 detected, 3 unfilled
03:23:48 core.sweep_detector INFO: SweepDetector v2: 0 raw → 0 confirmed (vol≥2.5× body≥30%)
03:23:48 core.sweep_detector INFO: OrderBlocks: 5 detected, 3 unmitigated
03:23:48 core.sweep_detector INFO: FVGs: 15 detected, 8 unfilled
03:23:50 core.sweep_detector INFO: SweepDetector v2: 1 raw → 0 confirmed (vol≥2.5× body≥30%)
03:23:50 core.sweep_detector INFO: OrderBlocks: 10 detected, 4 unmitigated
03:23:50 core.sweep_detector INFO: FVGs: 8 detected, 1 unfilled
03:23:52 core.sweep_detector INFO: SweepDetector v2: 2 raw → 1 confirmed (vol≥2.5× body≥30%)
03:23:52 core.sweep_detector INFO: OrderBlocks: 3 detected, 2 unmitigated
03:23:52 core.sweep_detector INFO: FVGs: 9 detected, 4 unfilled
03:23:54 core.sweep_detector INFO: SweepDetector v2: 0 raw → 0 confirmed (vol≥2.5× body≥30%)
03:23:54 core.sweep_detector INFO: OrderBlocks: 2 detected, 1 unmitigated
03:23:54 core.sweep_detector INFO: FVGs: 9 detected, 4 unfilled
03:23:56 core.sweep_detector INFO: SweepDetector v2: 1 raw → 1 confirmed (vol≥2.5× body≥30%)
03:23:56 core.sweep_detector INFO: OrderBlocks: 6 detected, 3 unmitigated
03:23:56 core.sweep_detector INFO: FVGs: 11 detected, 4 unfilled
03:23:58 core.sweep_detector INFO: SweepDetector v2: 3 raw → 1 confirmed (vol≥2.5× body≥30%)
03:23:58 core.sweep_detector INFO: OrderBlocks: 7 detected, 3 unmitigated
03:23:58 core.sweep_detector INFO: FVGs: 8 detected, 2 unfilled
03:24:01 core.sweep_detector INFO: SweepDetector v2: 1 raw → 1 confirmed (vol≥2.5× body≥30%)
03:24:01 core.sweep_detector INFO: OrderBlocks: 1 detected, 0 unmitigated
03:24:01 core.sweep_detector INFO: FVGs: 4 detected, 1 unfilled
03:24:03 core.sweep_detector INFO: SweepDetector v2: 0 raw → 0 confirmed (vol≥2.5× body≥30%)
03:24:03 core.sweep_detector INFO: OrderBlocks: 6 detected, 2 unmitigated
03:24:03 core.sweep_detector INFO: FVGs: 3 detected, 2 unfilled
03:24:05 core.sweep_detector INFO: SweepDetector v2: 2 raw → 2 confirmed (vol≥2.5× body≥30%)
03:24:05 core.sweep_detector INFO: OrderBlocks: 8 detected, 2 unmitigated
03:24:05 core.sweep_detector INFO: FVGs: 9 detected, 1 unfilled
03:24:07 core.sweep_detector INFO: SweepDetector v2: 1 raw → 1 confirmed (vol≥2.5× body≥30%)
03:24:07 core.sweep_detector INFO: OrderBlocks: 5 detected, 2 unmitigated
03:24:07 core.sweep_detector INFO: FVGs: 5 detected, 2 unfilled
03:24:09 core.sweep_detector INFO: SweepDetector v2: 1 raw → 1 confirmed (vol≥2.5× body≥30%)
03:24:09 core.sweep_detector INFO: OrderBlocks: 10 detected, 0 unmitigated
03:24:09 core.sweep_detector INFO: FVGs: 7 detected, 2 unfilled
03:24:11 core.sweep_detector INFO: SweepDetector v2: 3 raw → 2 confirmed (vol≥2.5× body≥30%)
03:24:11 core.sweep_detector INFO: OrderBlocks: 6 detected, 2 unmitigated
03:24:11 core.sweep_detector INFO: FVGs: 10 detected, 2 unfilled
03:24:12 core.sweep_detector INFO: SweepDetector v2: 2 raw → 1 confirmed (vol≥2.5× body≥30%)
03:24:12 core.sweep_detector INFO: OrderBlocks: 4 detected, 2 unmitigated
03:24:12 core.sweep_detector INFO: FVGs: 8 detected, 3 unfilled
03:24:14 core.sweep_detector INFO: SweepDetector v2: 0 raw → 0 confirmed (vol≥2.5× body≥30%)
03:24:14 core.sweep_detector INFO: OrderBlocks: 4 detected, 2 unmitigated
03:24:14 core.sweep_detector INFO: FVGs: 15 detected, 3 unfilled
03:24:15 core.sweep_detector INFO: SweepDetector v2: 1 raw → 1 confirmed (vol≥2.5× body≥30%)
03:24:15 core.sweep_detector INFO: OrderBlocks: 7 detected, 3 unmitigated
03:24:15 core.sweep_detector INFO: FVGs: 12 detected, 6 unfilled
03:24:17 core.sweep_detector INFO: SweepDetector v2: 2 raw → 1 confirmed (vol≥2.5× body≥30%)
03:24:17 core.sweep_detector INFO: OrderBlocks: 3 detected, 0 unmitigated
03:24:17 core.sweep_detector INFO: FVGs: 10 detected, 3 unfilled
03:24:19 core.sweep_detector INFO: SweepDetector v2: 2 raw → 1 confirmed (vol≥2.5× body≥30%)
03:24:19 core.sweep_detector INFO: OrderBlocks: 11 detected, 4 unmitigated
03:24:19 core.sweep_detector INFO: FVGs: 12 detected, 1 unfilled
03:24:20 core.sweep_detector INFO: SweepDetector v2: 3 raw → 1 confirmed (vol≥2.5× body≥30%)
03:24:20 core.sweep_detector INFO: OrderBlocks: 0 detected, 0 unmitigated
03:24:20 core.sweep_detector INFO: FVGs: 10 detected, 3 unfilled
03:24:22 core.sweep_detector INFO: SweepDetector v2: 4 raw → 4 confirmed (vol≥2.5× body≥30%)
03:24:22 core.sweep_detector INFO: OrderBlocks: 4 detected, 0 unmitigated
03:24:22 core.sweep_detector INFO: FVGs: 4 detected, 1 unfilled
03:24:23 core.sweep_detector INFO: SweepDetector v2: 2 raw → 2 confirmed (vol≥2.5× body≥30%)
03:24:23 core.sweep_detector INFO: OrderBlocks: 15 detected, 1 unmitigated
03:24:23 core.sweep_detector INFO: FVGs: 15 detected, 1 unfilled
03:24:25 core.sweep_detector INFO: SweepDetector v2: 3 raw → 3 confirmed (vol≥2.5× body≥30%)
03:24:25 core.sweep_detector INFO: OrderBlocks: 6 detected, 1 unmitigated
03:24:25 core.sweep_detector INFO: FVGs: 9 detected, 2 unfilled
03:24:27 core.sweep_detector INFO: SweepDetector v2: 1 raw → 1 confirmed (vol≥2.5× body≥30%)
03:24:27 core.sweep_detector INFO: OrderBlocks: 10 detected, 2 unmitigated
03:24:27 core.sweep_detector INFO: FVGs: 11 detected, 2 unfilled
03:24:28 core.sweep_detector INFO: SweepDetector v2: 6 raw → 3 confirmed (vol≥2.5× body≥30%)
03:24:28 core.sweep_detector INFO: OrderBlocks: 8 detected, 6 unmitigated
03:24:28 core.sweep_detector INFO: FVGs: 12 detected, 6 unfilled
03:24:30 core.sweep_detector INFO: SweepDetector v2: 5 raw → 4 confirmed (vol≥2.5× body≥30%)
03:24:30 core.sweep_detector INFO: OrderBlocks: 6 detected, 3 unmitigated
03:24:30 core.sweep_detector INFO: FVGs: 9 detected, 3 unfilled
03:24:32 core.sweep_detector INFO: SweepDetector v2: 2 raw → 1 confirmed (vol≥2.5× body≥30%)
03:24:32 core.sweep_detector INFO: OrderBlocks: 5 detected, 3 unmitigated
03:24:32 core.sweep_detector INFO: FVGs: 14 detected, 4 unfilled
03:24:33 core.sweep_detector INFO: SweepDetector v2: 1 raw → 1 confirmed (vol≥2.5× body≥30%)
03:24:33 core.sweep_detector INFO: OrderBlocks: 5 detected, 1 unmitigated
03:24:33 core.sweep_detector INFO: FVGs: 7 detected, 2 unfilled
03:24:35 core.sweep_detector INFO: SweepDetector v2: 3 raw → 3 confirmed (vol≥2.5× body≥30%)
03:24:35 core.sweep_detector INFO: OrderBlocks: 9 detected, 3 unmitigated
03:24:35 core.sweep_detector INFO: FVGs: 9 detected, 2 unfilled
03:24:36 core.sweep_detector INFO: SweepDetector v2: 3 raw → 3 confirmed (vol≥2.5× body≥30%)
03:24:36 core.sweep_detector INFO: OrderBlocks: 7 detected, 2 unmitigated
03:24:36 core.sweep_detector INFO: FVGs: 8 detected, 3 unfilled
03:24:38 core.sweep_detector INFO: SweepDetector v2: 1 raw → 1 confirmed (vol≥2.5× body≥30%)
03:24:38 core.sweep_detector INFO: OrderBlocks: 6 detected, 3 unmitigated
03:24:38 core.sweep_detector INFO: FVGs: 13 detected, 6 unfilled
03:24:40 core.sweep_detector INFO: SweepDetector v2: 1 raw → 0 confirmed (vol≥2.5× body≥30%)
03:24:40 core.sweep_detector INFO: OrderBlocks: 6 detected, 2 unmitigated
03:24:40 core.sweep_detector INFO: FVGs: 10 detected, 5 unfilled
03:24:41 core.sweep_detector INFO: SweepDetector v2: 1 raw → 1 confirmed (vol≥2.5× body≥30%)
03:24:41 core.sweep_detector INFO: OrderBlocks: 7 detected, 4 unmitigated
03:24:41 core.sweep_detector INFO: FVGs: 15 detected, 4 unfilled
03:24:44 core.sweep_detector INFO: SweepDetector v2: 3 raw → 2 confirmed (vol≥2.5× body≥30%)
03:24:44 core.sweep_detector INFO: OrderBlocks: 4 detected, 0 unmitigated
03:24:44 core.sweep_detector INFO: FVGs: 6 detected, 0 unfilled
03:24:45 core.sweep_detector INFO: SweepDetector v2: 2 raw → 2 confirmed (vol≥2.5× body≥30%)
03:24:45 core.sweep_detector INFO: OrderBlocks: 8 detected, 2 unmitigated
03:24:45 core.sweep_detector INFO: FVGs: 10 detected, 2 unfilled
03:24:47 core.sweep_detector INFO: SweepDetector v2: 1 raw → 1 confirmed (vol≥2.5× body≥30%)
03:24:47 core.sweep_detector INFO: OrderBlocks: 9 detected, 4 unmitigated
03:24:47 core.sweep_detector INFO: FVGs: 6 detected, 2 unfilled
03:24:47 __main__ INFO: Pending signal #70: binance:PAXG/USDT long entry=4495.01 current=4555.2 dist=1.32% expires=2h
03:24:47 alerts.telegram INFO: Alert suppressed (binance:PAXG/USDT long): this entry level already resolved (TP/SL hit) — waiting for fresh sweep
03:24:48 core.sweep_detector INFO: SweepDetector v2: 0 raw → 0 confirmed (vol≥2.5× body≥30%)
03:24:48 core.sweep_detector INFO: OrderBlocks: 8 detected, 3 unmitigated
03:24:48 core.sweep_detector INFO: FVGs: 10 detected, 3 unfilled
03:24:50 core.sweep_detector INFO: SweepDetector v2: 4 raw → 3 confirmed (vol≥2.5× body≥30%)
03:24:50 core.sweep_detector INFO: OrderBlocks: 6 detected, 2 unmitigated
03:24:50 core.sweep_detector INFO: FVGs: 12 detected, 3 unfilled
03:24:51 core.sweep_detector INFO: SweepDetector v2: 3 raw → 3 confirmed (vol≥2.5× body≥30%)
03:24:51 core.sweep_detector INFO: OrderBlocks: 4 detected, 0 unmitigated
03:24:51 core.sweep_detector INFO: FVGs: 7 detected, 2 unfilled
03:24:53 core.sweep_detector INFO: SweepDetector v2: 1 raw → 1 confirmed (vol≥2.5× body≥30%)
03:24:53 core.sweep_detector INFO: OrderBlocks: 5 detected, 1 unmitigated
03:24:53 core.sweep_detector INFO: FVGs: 5 detected, 1 unfilled
03:24:55 core.sweep_detector INFO: SweepDetector v2: 3 raw → 3 confirmed (vol≥2.5× body≥30%)
03:24:55 core.sweep_detector INFO: OrderBlocks: 4 detected, 0 unmitigated
03:24:55 core.sweep_detector INFO: FVGs: 4 detected, 0 unfilled
03:24:56 core.sweep_detector INFO: SweepDetector v2: 2 raw → 2 confirmed (vol≥2.5× body≥30%)
03:24:56 core.sweep_detector INFO: OrderBlocks: 1 detected, 0 unmitigated
03:24:56 core.sweep_detector INFO: FVGs: 2 detected, 1 unfilled
03:24:58 core.sweep_detector INFO: SweepDetector v2: 2 raw → 2 confirmed (vol≥2.5× body≥30%)
03:24:58 core.sweep_detector INFO: OrderBlocks: 11 detected, 2 unmitigated
03:24:58 core.sweep_detector INFO: FVGs: 12 detected, 3 unfilled
03:25:00 core.sweep_detector INFO: SweepDetector v2: 5 raw → 3 confirmed (vol≥2.5× body≥30%)
03:25:00 core.sweep_detector INFO: OrderBlocks: 6 detected, 4 unmitigated
03:25:00 core.sweep_detector INFO: FVGs: 12 detected, 4 unfilled
03:25:02 core.sweep_detector INFO: SweepDetector v2: 2 raw → 1 confirmed (vol≥2.5× body≥30%)
03:25:02 core.sweep_detector INFO: OrderBlocks: 4 detected, 1 unmitigated
03:25:02 core.sweep_detector INFO: FVGs: 7 detected, 4 unfilled
03:25:04 core.sweep_detector INFO: SweepDetector v2: 1 raw → 0 confirmed (vol≥2.5× body≥30%)
03:25:04 core.sweep_detector INFO: OrderBlocks: 5 detected, 1 unmitigated
03:25:04 core.sweep_detector INFO: FVGs: 5 detected, 2 unfilled
03:25:05 core.sweep_detector INFO: SweepDetector v2: 4 raw → 4 confirmed (vol≥2.5× body≥30%)
03:25:05 core.sweep_detector INFO: OrderBlocks: 5 detected, 2 unmitigated
03:25:05 core.sweep_detector INFO: FVGs: 9 detected, 2 unfilled
03:25:07 core.sweep_detector INFO: SweepDetector v2: 1 raw → 1 confirmed (vol≥2.5× body≥30%)
03:25:07 core.sweep_detector INFO: OrderBlocks: 7 detected, 1 unmitigated
03:25:07 core.sweep_detector INFO: FVGs: 12 detected, 3 unfilled
03:25:09 core.sweep_detector INFO: SweepDetector v2: 2 raw → 2 confirmed (vol≥2.5× body≥30%)
03:25:09 core.sweep_detector INFO: OrderBlocks: 8 detected, 2 unmitigated
03:25:09 core.sweep_detector INFO: FVGs: 9 detected, 1 unfilled
03:25:10 core.sweep_detector INFO: SweepDetector v2: 2 raw → 1 confirmed (vol≥2.5× body≥30%)
03:25:10 core.sweep_detector INFO: OrderBlocks: 4 detected, 2 unmitigated
03:25:10 core.sweep_detector INFO: FVGs: 8 detected, 3 unfilled
03:25:12 core.sweep_detector INFO: SweepDetector v2: 1 raw → 1 confirmed (vol≥2.5× body≥30%)
03:25:12 core.sweep_detector INFO: OrderBlocks: 5 detected, 1 unmitigated
03:25:12 core.sweep_detector INFO: FVGs: 10 detected, 0 unfilled
03:25:14 core.sweep_detector INFO: SweepDetector v2: 0 raw → 0 confirmed (vol≥2.5× body≥30%)
03:25:14 core.sweep_detector INFO: OrderBlocks: 1 detected, 0 unmitigated
03:25:14 core.sweep_detector INFO: FVGs: 0 detected, 0 unfilled
03:25:16 core.sweep_detector INFO: SweepDetector v2: 0 raw → 0 confirmed (vol≥2.5× body≥30%)
03:25:16 core.sweep_detector INFO: OrderBlocks: 0 detected, 0 unmitigated
03:25:16 core.sweep_detector INFO: FVGs: 0 detected, 0 unfilled
03:25:17 core.sweep_detector INFO: SweepDetector v2: 0 raw → 0 confirmed (vol≥2.5× body≥30%)
03:25:17 core.sweep_detector INFO: OrderBlocks: 0 detected, 0 unmitigated
03:25:17 core.sweep_detector INFO: FVGs: 0 detected, 0 unfilled
03:25:19 core.sweep_detector INFO: SweepDetector v2: 2 raw → 2 confirmed (vol≥2.5× body≥30%)
03:25:19 core.sweep_detector INFO: OrderBlocks: 5 detected, 2 unmitigated
03:25:19 core.sweep_detector INFO: FVGs: 5 detected, 1 unfilled
03:25:21 core.sweep_detector INFO: SweepDetector v2: 2 raw → 2 confirmed (vol≥2.5× body≥30%)
03:25:21 core.sweep_detector INFO: OrderBlocks: 4 detected, 0 unmitigated
03:25:21 core.sweep_detector INFO: FVGs: 6 detected, 2 unfilled
03:25:23 core.sweep_detector INFO: SweepDetector v2: 2 raw → 2 confirmed (vol≥2.5× body≥30%)
03:25:23 core.sweep_detector INFO: OrderBlocks: 7 detected, 0 unmitigated
03:25:23 core.sweep_detector INFO: FVGs: 10 detected, 1 unfilled
03:25:24 core.sweep_detector INFO: SweepDetector v2: 0 raw → 0 confirmed (vol≥2.5× body≥30%)
03:25:24 core.sweep_detector INFO: OrderBlocks: 4 detected, 2 unmitigated
03:25:24 core.sweep_detector INFO: FVGs: 12 detected, 7 unfilled
03:25:26 core.sweep_detector INFO: SweepDetector v2: 0 raw → 0 confirmed (vol≥2.5× body≥30%)
03:25:26 core.sweep_detector INFO: OrderBlocks: 2 detected, 0 unmitigated
03:25:26 core.sweep_detector INFO: FVGs: 9 detected, 0 unfilled
03:25:28 core.sweep_detector INFO: SweepDetector v2: 3 raw → 3 confirmed (vol≥2.5× body≥30%)
03:25:28 core.sweep_detector INFO: OrderBlocks: 3 detected, 0 unmitigated
03:25:28 core.sweep_detector INFO: FVGs: 10 detected, 4 unfilled
03:25:29 core.sweep_detector INFO: SweepDetector v2: 5 raw → 3 confirmed (vol≥2.5× body≥30%)
03:25:29 core.sweep_detector INFO: OrderBlocks: 6 detected, 2 unmitigated
03:25:29 core.sweep_detector INFO: FVGs: 8 detected, 2 unfilled
03:25:31 core.sweep_detector INFO: SweepDetector v2: 2 raw → 2 confirmed (vol≥2.5× body≥30%)
03:25:31 core.sweep_detector INFO: OrderBlocks: 3 detected, 2 unmitigated
03:25:31 core.sweep_detector INFO: FVGs: 8 detected, 2 unfilled
03:25:32 core.sweep_detector INFO: SweepDetector v2: 4 raw → 4 confirmed (vol≥2.5× body≥30%)
03:25:32 core.sweep_detector INFO: OrderBlocks: 4 detected, 0 unmitigated
03:25:32 core.sweep_detector INFO: FVGs: 6 detected, 0 unfilled
03:25:35 core.sweep_detector INFO: SweepDetector v2: 0 raw → 0 confirmed (vol≥2.5× body≥30%)
03:25:35 core.sweep_detector INFO: OrderBlocks: 8 detected, 3 unmitigated
03:25:35 core.sweep_detector INFO: FVGs: 8 detected, 1 unfilled
03:25:36 core.sweep_detector INFO: SweepDetector v2: 3 raw → 3 confirmed (vol≥2.5× body≥30%)
03:25:36 core.sweep_detector INFO: OrderBlocks: 3 detected, 3 unmitigated
03:25:36 core.sweep_detector INFO: FVGs: 8 detected, 3 unfilled
03:25:38 core.sweep_detector INFO: SweepDetector v2: 2 raw → 1 confirmed (vol≥2.5× body≥30%)
03:25:38 core.sweep_detector INFO: OrderBlocks: 3 detected, 1 unmitigated
03:25:38 core.sweep_detector INFO: FVGs: 6 detected, 2 unfilled
03:25:40 core.sweep_detector INFO: SweepDetector v2: 1 raw → 1 confirmed (vol≥2.5× body≥30%)
03:25:40 core.sweep_detector INFO: OrderBlocks: 4 detected, 2 unmitigated
03:25:40 core.sweep_detector INFO: FVGs: 11 detected, 8 unfilled
03:25:42 core.sweep_detector INFO: SweepDetector v2: 1 raw → 1 confirmed (vol≥2.5× body≥30%)
03:25:42 core.sweep_detector INFO: OrderBlocks: 3 detected, 2 unmitigated
03:25:42 core.sweep_detector INFO: FVGs: 2 detected, 1 unfilled
03:25:43 core.sweep_detector INFO: SweepDetector v2: 2 raw → 2 confirmed (vol≥2.5× body≥30%)
03:25:43 core.sweep_detector INFO: OrderBlocks: 8 detected, 0 unmitigated
03:25:43 core.sweep_detector INFO: FVGs: 9 detected, 1 unfilled
03:25:45 core.sweep_detector INFO: SweepDetector v2: 2 raw → 2 confirmed (vol≥2.5× body≥30%)
03:25:45 core.sweep_detector INFO: OrderBlocks: 7 detected, 3 unmitigated
03:25:46 core.sweep_detector INFO: FVGs: 9 detected, 1 unfilled
03:25:47 core.sweep_detector INFO: SweepDetector v2: 3 raw → 0 confirmed (vol≥2.5× body≥30%)
03:25:47 core.sweep_detector INFO: OrderBlocks: 7 detected, 2 unmitigated
03:25:47 core.sweep_detector INFO: FVGs: 8 detected, 3 unfilled
03:25:49 core.sweep_detector INFO: SweepDetector v2: 1 raw → 0 confirmed (vol≥2.5× body≥30%)
03:25:49 core.sweep_detector INFO: OrderBlocks: 9 detected, 6 unmitigated
03:25:49 core.sweep_detector INFO: FVGs: 10 detected, 3 unfilled
03:25:51 core.sweep_detector INFO: SweepDetector v2: 1 raw → 0 confirmed (vol≥2.5× body≥30%)
03:25:51 core.sweep_detector INFO: OrderBlocks: 9 detected, 1 unmitigated
03:25:51 core.sweep_detector INFO: FVGs: 8 detected, 3 unfilled
03:25:52 core.sweep_detector INFO: SweepDetector v2: 4 raw → 1 confirmed (vol≥2.5× body≥30%)
03:25:52 core.sweep_detector INFO: OrderBlocks: 5 detected, 1 unmitigated
03:25:52 core.sweep_detector INFO: FVGs: 7 detected, 2 unfilled
03:25:54 core.sweep_detector INFO: SweepDetector v2: 2 raw → 2 confirmed (vol≥2.5× body≥30%)
03:25:54 core.sweep_detector INFO: OrderBlocks: 5 detected, 0 unmitigated
03:25:54 core.sweep_detector INFO: FVGs: 8 detected, 1 unfilled
03:25:56 core.sweep_detector INFO: SweepDetector v2: 2 raw → 0 confirmed (vol≥2.5× body≥30%)
03:25:56 core.sweep_detector INFO: OrderBlocks: 7 detected, 3 unmitigated
03:25:56 core.sweep_detector INFO: FVGs: 12 detected, 5 unfilled
03:25:58 core.sweep_detector INFO: SweepDetector v2: 4 raw → 3 confirmed (vol≥2.5× body≥30%)
03:25:58 core.sweep_detector INFO: OrderBlocks: 2 detected, 2 unmitigated
03:25:58 core.sweep_detector INFO: FVGs: 3 detected, 1 unfilled
03:25:59 core.sweep_detector INFO: SweepDetector v2: 1 raw → 1 confirmed (vol≥2.5× body≥30%)
03:25:59 core.sweep_detector INFO: OrderBlocks: 3 detected, 0 unmitigated
03:25:59 core.sweep_detector INFO: FVGs: 10 detected, 2 unfilled
03:26:01 core.sweep_detector INFO: SweepDetector v2: 7 raw → 5 confirmed (vol≥2.5× body≥30%)
03:26:01 core.sweep_detector INFO: OrderBlocks: 5 detected, 5 unmitigated
03:26:01 core.sweep_detector INFO: FVGs: 12 detected, 8 unfilled
03:26:02 core.sweep_detector INFO: SweepDetector v2: 2 raw → 1 confirmed (vol≥2.5× body≥30%)
03:26:02 core.sweep_detector INFO: OrderBlocks: 3 detected, 2 unmitigated
03:26:02 core.sweep_detector INFO: FVGs: 6 detected, 1 unfilled
03:26:04 core.sweep_detector INFO: SweepDetector v2: 4 raw → 4 confirmed (vol≥2.5× body≥30%)
03:26:04 core.sweep_detector INFO: OrderBlocks: 5 detected, 2 unmitigated
03:26:04 core.sweep_detector INFO: FVGs: 7 detected, 5 unfilled
03:26:06 core.sweep_detector INFO: SweepDetector v2: 0 raw → 0 confirmed (vol≥2.5× body≥30%)
03:26:06 core.sweep_detector INFO: OrderBlocks: 9 detected, 4 unmitigated
03:26:06 core.sweep_detector INFO: FVGs: 13 detected, 4 unfilled
03:26:07 core.sweep_detector INFO: SweepDetector v2: 3 raw → 2 confirmed (vol≥2.5× body≥30%)
03:26:07 core.sweep_detector INFO: OrderBlocks: 5 detected, 3 unmitigated
03:26:07 core.sweep_detector INFO: FVGs: 10 detected, 2 unfilled
03:26:09 core.sweep_detector INFO: SweepDetector v2: 3 raw → 2 confirmed (vol≥2.5× body≥30%)
03:26:09 core.sweep_detector INFO: OrderBlocks: 4 detected, 0 unmitigated
03:26:09 core.sweep_detector INFO: FVGs: 7 detected, 2 unfilled
03:26:10 core.sweep_detector INFO: SweepDetector v2: 3 raw → 3 confirmed (vol≥2.5× body≥30%)
03:26:10 core.sweep_detector INFO: OrderBlocks: 3 detected, 1 unmitigated
03:26:10 core.sweep_detector INFO: FVGs: 5 detected, 1 unfilled
03:26:12 core.sweep_detector INFO: SweepDetector v2: 3 raw → 2 confirmed (vol≥2.5× body≥30%)
03:26:12 core.sweep_detector INFO: OrderBlocks: 5 detected, 2 unmitigated
03:26:12 core.sweep_detector INFO: FVGs: 9 detected, 2 unfilled
03:26:14 core.sweep_detector INFO: SweepDetector v2: 1 raw → 1 confirmed (vol≥2.5× body≥30%)
03:26:14 core.sweep_detector INFO: OrderBlocks: 7 detected, 1 unmitigated
03:26:14 core.sweep_detector INFO: FVGs: 9 detected, 0 unfilled
03:26:15 core.sweep_detector INFO: SweepDetector v2: 3 raw → 2 confirmed (vol≥2.5× body≥30%)
03:26:15 core.sweep_detector INFO: OrderBlocks: 3 detected, 3 unmitigated
03:26:15 core.sweep_detector INFO: FVGs: 13 detected, 8 unfilled
03:26:17 core.sweep_detector INFO: SweepDetector v2: 2 raw → 2 confirmed (vol≥2.5× body≥30%)
03:26:17 core.sweep_detector INFO: OrderBlocks: 4 detected, 1 unmitigated
03:26:17 core.sweep_detector INFO: FVGs: 8 detected, 3 unfilled
03:26:19 core.sweep_detector INFO: SweepDetector v2: 2 raw → 1 confirmed (vol≥2.5× body≥30%)
03:26:19 core.sweep_detector INFO: OrderBlocks: 4 detected, 2 unmitigated
03:26:19 core.sweep_detector INFO: FVGs: 5 detected, 2 unfilled
03:26:21 core.sweep_detector INFO: SweepDetector v2: 1 raw → 0 confirmed (vol≥2.5× body≥30%)
03:26:21 core.sweep_detector INFO: OrderBlocks: 4 detected, 0 unmitigated
03:26:21 core.sweep_detector INFO: FVGs: 15 detected, 5 unfilled
03:26:22 core.sweep_detector INFO: SweepDetector v2: 0 raw → 0 confirmed (vol≥2.5× body≥30%)
03:26:22 core.sweep_detector INFO: OrderBlocks: 7 detected, 1 unmitigated
03:26:22 core.sweep_detector INFO: FVGs: 5 detected, 1 unfilled
03:26:24 core.sweep_detector INFO: SweepDetector v2: 2 raw → 2 confirmed (vol≥2.5× body≥30%)
03:26:24 core.sweep_detector INFO: OrderBlocks: 7 detected, 4 unmitigated
03:26:24 core.sweep_detector INFO: FVGs: 5 detected, 3 unfilled
03:26:26 core.sweep_detector INFO: SweepDetector v2: 1 raw → 0 confirmed (vol≥2.5× body≥30%)
03:26:26 core.sweep_detector INFO: OrderBlocks: 7 detected, 3 unmitigated
03:26:26 core.sweep_detector INFO: FVGs: 9 detected, 5 unfilled
03:26:28 core.sweep_detector INFO: SweepDetector v2: 2 raw → 2 confirmed (vol≥2.5× body≥30%)
03:26:28 core.sweep_detector INFO: OrderBlocks: 5 detected, 3 unmitigated
03:26:28 core.sweep_detector INFO: FVGs: 14 detected, 3 unfilled
03:26:30 core.sweep_detector INFO: SweepDetector v2: 4 raw → 3 confirmed (vol≥2.5× body≥30%)
03:26:30 core.sweep_detector INFO: OrderBlocks: 6 detected, 1 unmitigated
03:26:30 core.sweep_detector INFO: FVGs: 10 detected, 4 unfilled
03:26:31 core.sweep_detector INFO: SweepDetector v2: 0 raw → 0 confirmed (vol≥2.5× body≥30%)
03:26:31 core.sweep_detector INFO: OrderBlocks: 9 detected, 2 unmitigated
03:26:31 core.sweep_detector INFO: FVGs: 10 detected, 2 unfilled
03:26:33 core.sweep_detector INFO: SweepDetector v2: 1 raw → 1 confirmed (vol≥2.5× body≥30%)
03:26:33 core.sweep_detector INFO: OrderBlocks: 5 detected, 2 unmitigated
03:26:33 core.sweep_detector INFO: FVGs: 5 detected, 1 unfilled
03:26:34 core.sweep_detector INFO: SweepDetector v2: 1 raw → 1 confirmed (vol≥2.5× body≥30%)
03:26:34 core.sweep_detector INFO: OrderBlocks: 3 detected, 2 unmitigated
03:26:34 core.sweep_detector INFO: FVGs: 3 detected, 1 unfilled
03:26:36 core.sweep_detector INFO: SweepDetector v2: 0 raw → 0 confirmed (vol≥2.5× body≥30%)
03:26:36 core.sweep_detector INFO: OrderBlocks: 1 detected, 0 unmitigated
03:26:36 core.sweep_detector INFO: FVGs: 0 detected, 0 unfilled
03:26:38 core.sweep_detector INFO: SweepDetector v2: 0 raw → 0 confirmed (vol≥2.5× body≥30%)
03:26:38 core.sweep_detector INFO: OrderBlocks: 1 detected, 0 unmitigated
03:26:38 core.sweep_detector INFO: FVGs: 0 detected, 0 unfilled
03:26:40 core.sweep_detector INFO: SweepDetector v2: 0 raw → 0 confirmed (vol≥2.5× body≥30%)
03:26:40 core.sweep_detector INFO: OrderBlocks: 2 detected, 0 unmitigated
03:26:40 core.sweep_detector INFO: FVGs: 0 detected, 0 unfilled
03:26:42 core.sweep_detector INFO: SweepDetector v2: 1 raw → 1 confirmed (vol≥2.5× body≥30%)
03:26:42 core.sweep_detector INFO: OrderBlocks: 6 detected, 1 unmitigated
03:26:42 core.sweep_detector INFO: FVGs: 9 detected, 4 unfilled
03:26:43 core.sweep_detector INFO: SweepDetector v2: 2 raw → 2 confirmed (vol≥2.5× body≥30%)
03:26:43 core.sweep_detector INFO: OrderBlocks: 6 detected, 2 unmitigated
03:26:43 core.sweep_detector INFO: FVGs: 8 detected, 3 unfilled
03:26:44 core.sweep_detector INFO: SweepDetector v2: 2 raw → 2 confirmed (vol≥2.5× body≥30%)
03:26:44 core.sweep_detector INFO: OrderBlocks: 6 detected, 1 unmitigated
03:26:44 core.sweep_detector INFO: FVGs: 7 detected, 3 unfilled
03:26:47 core.sweep_detector INFO: SweepDetector v2: 1 raw → 1 confirmed (vol≥2.5× body≥30%)
03:26:47 core.sweep_detector INFO: OrderBlocks: 2 detected, 0 unmitigated
03:26:47 core.sweep_detector INFO: FVGs: 0 detected, 0 unfilled
03:26:48 core.sweep_detector INFO: SweepDetector v2: 0 raw → 0 confirmed (vol≥2.5× body≥30%)
03:26:48 core.sweep_detector INFO: OrderBlocks: 2 detected, 0 unmitigated
03:26:48 core.sweep_detector INFO: FVGs: 0 detected, 0 unfilled
03:26:50 core.sweep_detector INFO: SweepDetector v2: 0 raw → 0 confirmed (vol≥2.5× body≥30%)
03:26:50 core.sweep_detector INFO: OrderBlocks: 1 detected, 0 unmitigated
03:26:50 core.sweep_detector INFO: FVGs: 0 detected, 0 unfilled
03:26:51 core.sweep_detector INFO: SweepDetector v2: 0 raw → 0 confirmed (vol≥2.5× body≥30%)
03:26:51 core.sweep_detector INFO: OrderBlocks: 3 detected, 0 unmitigated
03:26:51 core.sweep_detector INFO: FVGs: 0 detected, 0 unfilled
03:26:53 core.sweep_detector INFO: SweepDetector v2: 0 raw → 0 confirmed (vol≥2.5× body≥30%)
03:26:53 core.sweep_detector INFO: OrderBlocks: 1 detected, 0 unmitigated
03:26:53 core.sweep_detector INFO: FVGs: 0 detected, 0 unfilled
03:26:54 core.sweep_detector INFO: SweepDetector v2: 0 raw → 0 confirmed (vol≥2.5× body≥30%)
03:26:54 core.sweep_detector INFO: OrderBlocks: 1 detected, 0 unmitigated
03:26:54 core.sweep_detector INFO: FVGs: 0 detected, 0 unfilled
03:26:56 core.sweep_detector INFO: SweepDetector v2: 0 raw → 0 confirmed (vol≥2.5× body≥30%)
03:26:56 core.sweep_detector INFO: OrderBlocks: 1 detected, 0 unmitigated
03:26:56 core.sweep_detector INFO: FVGs: 0 detected, 0 unfilled
03:26:59 core.sweep_detector INFO: SweepDetector v2: 0 raw → 0 confirmed (vol≥2.5× body≥30%)
03:26:59 core.sweep_detector INFO: OrderBlocks: 0 detected, 0 unmitigated
03:26:59 core.sweep_detector INFO: FVGs: 0 detected, 0 unfilled
03:27:00 core.sweep_detector INFO: SweepDetector v2: 0 raw → 0 confirmed (vol≥2.5× body≥30%)
03:27:00 core.sweep_detector INFO: OrderBlocks: 0 detected, 0 unmitigated
03:27:00 core.sweep_detector INFO: FVGs: 0 detected, 0 unfilled
03:27:02 core.sweep_detector INFO: SweepDetector v2: 3 raw → 3 confirmed (vol≥2.5× body≥30%)
03:27:02 core.sweep_detector INFO: OrderBlocks: 5 detected, 1 unmitigated
03:27:02 core.sweep_detector INFO: FVGs: 10 detected, 3 unfilled
03:27:04 core.sweep_detector INFO: SweepDetector v2: 5 raw → 4 confirmed (vol≥2.5× body≥30%)
03:27:04 core.sweep_detector INFO: OrderBlocks: 7 detected, 3 unmitigated
03:27:04 core.sweep_detector INFO: FVGs: 8 detected, 3 unfilled
03:27:05 core.sweep_detector INFO: SweepDetector v2: 1 raw → 1 confirmed (vol≥2.5× body≥30%)
03:27:05 core.sweep_detector INFO: OrderBlocks: 5 detected, 3 unmitigated
03:27:05 core.sweep_detector INFO: FVGs: 5 detected, 3 unfilled
03:27:07 core.sweep_detector INFO: SweepDetector v2: 0 raw → 0 confirmed (vol≥2.5× body≥30%)
03:27:07 core.sweep_detector INFO: OrderBlocks: 6 detected, 1 unmitigated
03:27:07 core.sweep_detector INFO: FVGs: 11 detected, 4 unfilled
03:27:08 core.sweep_detector INFO: SweepDetector v2: 1 raw → 1 confirmed (vol≥2.5× body≥30%)
03:27:08 core.sweep_detector INFO: OrderBlocks: 3 detected, 2 unmitigated
03:27:08 core.sweep_detector INFO: FVGs: 9 detected, 2 unfilled
03:27:11 core.sweep_detector INFO: SweepDetector v2: 3 raw → 3 confirmed (vol≥2.5× body≥30%)
03:27:11 core.sweep_detector INFO: OrderBlocks: 5 detected, 1 unmitigated
03:27:11 core.sweep_detector INFO: FVGs: 10 detected, 2 unfilled
03:27:13 core.sweep_detector INFO: SweepDetector v2: 1 raw → 1 confirmed (vol≥2.5× body≥30%)
03:27:13 core.sweep_detector INFO: OrderBlocks: 8 detected, 1 unmitigated
03:27:13 core.sweep_detector INFO: FVGs: 9 detected, 1 unfilled
03:27:14 core.sweep_detector INFO: SweepDetector v2: 1 raw → 1 confirmed (vol≥2.5× body≥30%)
03:27:14 core.sweep_detector INFO: OrderBlocks: 3 detected, 1 unmitigated
03:27:14 core.sweep_detector INFO: FVGs: 10 detected, 2 unfilled
03:27:16 core.sweep_detector INFO: SweepDetector v2: 2 raw → 2 confirmed (vol≥2.5× body≥30%)
03:27:16 core.sweep_detector INFO: OrderBlocks: 5 detected, 1 unmitigated
03:27:16 core.sweep_detector INFO: FVGs: 10 detected, 4 unfilled
03:27:18 core.sweep_detector INFO: SweepDetector v2: 1 raw → 1 confirmed (vol≥2.5× body≥30%)
03:27:18 core.sweep_detector INFO: OrderBlocks: 2 detected, 1 unmitigated
03:27:18 core.sweep_detector INFO: FVGs: 8 detected, 3 unfilled
03:27:19 core.sweep_detector INFO: SweepDetector v2: 2 raw → 1 confirmed (vol≥2.5× body≥30%)
03:27:19 core.sweep_detector INFO: OrderBlocks: 2 detected, 0 unmitigated
03:27:19 core.sweep_detector INFO: FVGs: 6 detected, 0 unfilled
03:27:20 core.sweep_detector INFO: SweepDetector v2: 0 raw → 0 confirmed (vol≥2.5× body≥30%)
03:27:20 core.sweep_detector INFO: OrderBlocks: 2 detected, 0 unmitigated
03:27:21 core.sweep_detector INFO: FVGs: 3 detected, 1 unfilled
03:27:23 core.sweep_detector INFO: SweepDetector v2: 2 raw → 1 confirmed (vol≥2.5× body≥30%)
03:27:23 core.sweep_detector INFO: OrderBlocks: 6 detected, 4 unmitigated
03:27:23 core.sweep_detector INFO: FVGs: 13 detected, 6 unfilled
03:27:24 core.sweep_detector INFO: SweepDetector v2: 4 raw → 4 confirmed (vol≥2.5× body≥30%)
03:27:24 core.sweep_detector INFO: OrderBlocks: 3 detected, 0 unmitigated
03:27:24 core.sweep_detector INFO: FVGs: 6 detected, 1 unfilled
03:27:26 core.sweep_detector INFO: SweepDetector v2: 1 raw → 1 confirmed (vol≥2.5× body≥30%)
03:27:26 core.sweep_detector INFO: OrderBlocks: 7 detected, 2 unmitigated
03:27:26 core.sweep_detector INFO: FVGs: 11 detected, 3 unfilled
03:27:28 core.sweep_detector INFO: SweepDetector v2: 2 raw → 1 confirmed (vol≥2.5× body≥30%)
03:27:28 core.sweep_detector INFO: OrderBlocks: 5 detected, 1 unmitigated
03:27:28 core.sweep_detector INFO: FVGs: 5 detected, 1 unfilled
03:27:29 core.sweep_detector INFO: SweepDetector v2: 1 raw → 1 confirmed (vol≥2.5× body≥30%)
03:27:29 core.sweep_detector INFO: OrderBlocks: 5 detected, 1 unmitigated
03:27:29 core.sweep_detector INFO: FVGs: 8 detected, 1 unfilled
03:27:31 core.sweep_detector INFO: SweepDetector v2: 3 raw → 2 confirmed (vol≥2.5× body≥30%)
03:27:31 core.sweep_detector INFO: OrderBlocks: 5 detected, 2 unmitigated
03:27:31 core.sweep_detector INFO: FVGs: 7 detected, 3 unfilled
03:27:33 core.sweep_detector INFO: SweepDetector v2: 0 raw → 0 confirmed (vol≥2.5× body≥30%)
03:27:33 core.sweep_detector INFO: OrderBlocks: 1 detected, 0 unmitigated
03:27:33 core.sweep_detector INFO: FVGs: 4 detected, 0 unfilled
03:27:35 core.sweep_detector INFO: SweepDetector v2: 0 raw → 0 confirmed (vol≥2.5× body≥30%)
03:27:35 core.sweep_detector INFO: OrderBlocks: 7 detected, 2 unmitigated
03:27:35 core.sweep_detector INFO: FVGs: 9 detected, 3 unfilled
03:27:37 core.sweep_detector INFO: SweepDetector v2: 1 raw → 1 confirmed (vol≥2.5× body≥30%)
03:27:37 core.sweep_detector INFO: OrderBlocks: 7 detected, 3 unmitigated
03:27:37 core.sweep_detector INFO: FVGs: 6 detected, 2 unfilled
03:27:37 __main__ INFO: Pending signal #71: binance:XAUT/USDT long entry=4490.12 current=4553.19 dist=1.39% expires=2h
03:27:48 alerts.telegram INFO: Alert sent: binance:XAUT/USDT long RR=3.20
03:27:49 core.sweep_detector INFO: SweepDetector v2: 0 raw → 0 confirmed (vol≥2.5× body≥30%)
03:27:49 core.sweep_detector INFO: OrderBlocks: 9 detected, 2 unmitigated
03:27:49 core.sweep_detector INFO: FVGs: 10 detected, 2 unfilled
03:27:51 core.sweep_detector INFO: SweepDetector v2: 1 raw → 1 confirmed (vol≥2.5× body≥30%)
03:27:51 core.sweep_detector INFO: OrderBlocks: 6 detected, 2 unmitigated
03:27:51 core.sweep_detector INFO: FVGs: 10 detected, 2 unfilled
03:27:52 core.sweep_detector INFO: SweepDetector v2: 2 raw → 1 confirmed (vol≥2.5× body≥30%)
03:27:52 core.sweep_detector INFO: OrderBlocks: 4 detected, 1 unmitigated
03:27:52 core.sweep_detector INFO: FVGs: 6 detected, 1 unfilled
03:27:54 core.sweep_detector INFO: SweepDetector v2: 0 raw → 0 confirmed (vol≥2.5× body≥30%)
03:27:54 core.sweep_detector INFO: OrderBlocks: 10 detected, 1 unmitigated
03:27:54 core.sweep_detector INFO: FVGs: 10 detected, 2 unfilled
03:27:55 core.sweep_detector INFO: SweepDetector v2: 2 raw → 2 confirmed (vol≥2.5× body≥30%)
03:27:55 core.sweep_detector INFO: OrderBlocks: 5 detected, 1 unmitigated
03:27:55 core.sweep_detector INFO: FVGs: 11 detected, 1 unfilled
03:27:58 core.sweep_detector INFO: SweepDetector v2: 4 raw → 4 confirmed (vol≥2.5× body≥30%)
03:27:58 core.sweep_detector INFO: OrderBlocks: 8 detected, 2 unmitigated
03:27:58 core.sweep_detector INFO: FVGs: 13 detected, 5 unfilled
03:28:00 core.sweep_detector INFO: SweepDetector v2: 2 raw → 2 confirmed (vol≥2.5× body≥30%)
03:28:00 core.sweep_detector INFO: OrderBlocks: 8 detected, 1 unmitigated
03:28:00 core.sweep_detector INFO: FVGs: 8 detected, 2 unfilled
03:28:02 core.sweep_detector INFO: SweepDetector v2: 2 raw → 2 confirmed (vol≥2.5× body≥30%)
03:28:02 core.sweep_detector INFO: OrderBlocks: 5 detected, 1 unmitigated
03:28:02 core.sweep_detector INFO: FVGs: 5 detected, 0 unfilled
03:28:04 core.sweep_detector INFO: SweepDetector v2: 1 raw → 1 confirmed (vol≥2.5× body≥30%)
03:28:04 core.sweep_detector INFO: OrderBlocks: 4 detected, 1 unmitigated
03:28:04 core.sweep_detector INFO: FVGs: 6 detected, 1 unfilled
03:28:05 core.sweep_detector INFO: SweepDetector v2: 0 raw → 0 confirmed (vol≥2.5× body≥30%)
03:28:05 core.sweep_detector INFO: OrderBlocks: 1 detected, 0 unmitigated
03:28:05 core.sweep_detector INFO: FVGs: 0 detected, 0 unfilled
03:28:07 core.sweep_detector INFO: SweepDetector v2: 0 raw → 0 confirmed (vol≥2.5× body≥30%)
03:28:07 core.sweep_detector INFO: OrderBlocks: 6 detected, 0 unmitigated
03:28:07 core.sweep_detector INFO: FVGs: 0 detected, 0 unfilled
03:28:09 core.sweep_detector INFO: SweepDetector v2: 0 raw → 0 confirmed (vol≥2.5× body≥30%)
03:28:09 core.sweep_detector INFO: OrderBlocks: 0 detected, 0 unmitigated
03:28:09 core.sweep_detector INFO: FVGs: 0 detected, 0 unfilled
03:28:11 core.sweep_detector INFO: SweepDetector v2: 6 raw → 3 confirmed (vol≥2.5× body≥30%)
03:28:11 core.sweep_detector INFO: OrderBlocks: 8 detected, 3 unmitigated
03:28:11 core.sweep_detector INFO: FVGs: 11 detected, 3 unfilled
03:28:12 core.sweep_detector INFO: SweepDetector v2: 1 raw → 1 confirmed (vol≥2.5× body≥30%)
03:28:12 core.sweep_detector INFO: OrderBlocks: 4 detected, 2 unmitigated
03:28:12 core.sweep_detector INFO: FVGs: 11 detected, 4 unfilled
03:28:14 core.sweep_detector INFO: SweepDetector v2: 2 raw → 1 confirmed (vol≥2.5× body≥30%)
03:28:14 core.sweep_detector INFO: OrderBlocks: 2 detected, 0 unmitigated
03:28:14 core.sweep_detector INFO: FVGs: 10 detected, 4 unfilled
03:28:15 core.sweep_detector INFO: SweepDetector v2: 1 raw → 1 confirmed (vol≥2.5× body≥30%)
03:28:15 core.sweep_detector INFO: OrderBlocks: 7 detected, 2 unmitigated
03:28:15 core.sweep_detector INFO: FVGs: 7 detected, 1 unfilled
03:28:17 core.sweep_detector INFO: SweepDetector v2: 3 raw → 2 confirmed (vol≥2.5× body≥30%)
03:28:17 core.sweep_detector INFO: OrderBlocks: 3 detected, 1 unmitigated
03:28:17 core.sweep_detector INFO: FVGs: 11 detected, 3 unfilled
03:28:19 core.sweep_detector INFO: SweepDetector v2: 1 raw → 1 confirmed (vol≥2.5× body≥30%)
03:28:19 core.sweep_detector INFO: OrderBlocks: 5 detected, 0 unmitigated
03:28:19 core.sweep_detector INFO: FVGs: 8 detected, 1 unfilled
03:28:20 core.sweep_detector INFO: SweepDetector v2: 0 raw → 0 confirmed (vol≥2.5× body≥30%)
03:28:20 core.sweep_detector INFO: OrderBlocks: 7 detected, 4 unmitigated
03:28:20 core.sweep_detector INFO: FVGs: 11 detected, 4 unfilled
03:28:22 core.sweep_detector INFO: SweepDetector v2: 0 raw → 0 confirmed (vol≥2.5× body≥30%)
03:28:22 core.sweep_detector INFO: OrderBlocks: 10 detected, 3 unmitigated
03:28:22 core.sweep_detector INFO: FVGs: 8 detected, 3 unfilled
03:28:24 core.sweep_detector INFO: SweepDetector v2: 4 raw → 3 confirmed (vol≥2.5× body≥30%)
03:28:24 core.sweep_detector INFO: OrderBlocks: 7 detected, 4 unmitigated
03:28:24 core.sweep_detector INFO: FVGs: 13 detected, 7 unfilled
03:28:25 core.sweep_detector INFO: SweepDetector v2: 2 raw → 2 confirmed (vol≥2.5× body≥30%)
03:28:25 core.sweep_detector INFO: OrderBlocks: 5 detected, 1 unmitigated
03:28:25 core.sweep_detector INFO: FVGs: 5 detected, 3 unfilled
03:28:27 core.sweep_detector INFO: SweepDetector v2: 1 raw → 1 confirmed (vol≥2.5× body≥30%)
03:28:27 core.sweep_detector INFO: OrderBlocks: 4 detected, 1 unmitigated
03:28:27 core.sweep_detector INFO: FVGs: 7 detected, 2 unfilled
03:28:29 core.sweep_detector INFO: SweepDetector v2: 2 raw → 2 confirmed (vol≥2.5× body≥30%)
03:28:29 core.sweep_detector INFO: OrderBlocks: 4 detected, 1 unmitigated
03:28:29 core.sweep_detector INFO: FVGs: 10 detected, 2 unfilled
/root/.openclaw/workspace/projects/crypto-liquidity-hunter/main.py:555: DeprecationWarning: datetime.datetime.utcnow() is deprecated and scheduled for removal in a future version. Use timezone-aware objects to represent datetimes in UTC: datetime.datetime.now(datetime.UTC).
  scan_end     = datetime.utcnow()

=== SCAN ALL: 95 pairs, 3 timeframes ===
Total signals generated: 2
  binance:PAXG/USDT 15m LONG Entry=4495.01 SL=4471.06 TP=4566.86 R:R=3.00
  binance:XAUT/USDT 15m LONG Entry=4490.12 SL=4467.15 TP=4563.75 R:R=3.20
