09:45:02 __main__ INFO: Volume filter: fetching all tickers in one call...
09:45:04 __main__ INFO: Volume filter: 136/447 pairs pass $1M threshold
/root/.openclaw/workspace/projects/crypto-liquidity-hunter/main.py:292: DeprecationWarning: datetime.datetime.utcnow() is deprecated and scheduled for removal in a future version. Use timezone-aware objects to represent datetimes in UTC: datetime.datetime.now(datetime.UTC).
  scan_start = datetime.utcnow()   # for duration tracking
09:45:05 core.binance_connector INFO: BinanceConnector: connected [LIVE FUTURES]
09:45:05 __main__ INFO: Auto-executor: account 'Liquiddbot1' mode=live exec=pending
09:45:07 core.sweep_detector INFO: SweepDetector v2: 3 raw → 3 confirmed (vol≥1.5× body≥40%)
09:45:07 core.sweep_detector INFO: OrderBlocks: 8 detected, 0 unmitigated
09:45:07 core.sweep_detector INFO: FVGs: 12 detected, 2 unfilled
09:45:08 core.sweep_detector INFO: SweepDetector v2: 7 raw → 6 confirmed (vol≥1.5× body≥40%)
09:45:08 core.sweep_detector INFO: OrderBlocks: 3 detected, 2 unmitigated
09:45:08 core.sweep_detector INFO: FVGs: 14 detected, 6 unfilled
09:45:10 core.sweep_detector INFO: SweepDetector v2: 3 raw → 2 confirmed (vol≥1.5× body≥40%)
09:45:10 core.sweep_detector INFO: OrderBlocks: 3 detected, 2 unmitigated
09:45:10 core.sweep_detector INFO: FVGs: 6 detected, 2 unfilled
09:45:12 core.sweep_detector INFO: SweepDetector v2: 3 raw → 2 confirmed (vol≥1.5× body≥40%)
09:45:12 core.sweep_detector INFO: OrderBlocks: 3 detected, 2 unmitigated
09:45:12 core.sweep_detector INFO: FVGs: 7 detected, 3 unfilled
09:45:13 core.sweep_detector INFO: SweepDetector v2: 3 raw → 2 confirmed (vol≥1.5× body≥40%)
09:45:13 core.sweep_detector INFO: OrderBlocks: 1 detected, 0 unmitigated
09:45:13 core.sweep_detector INFO: FVGs: 5 detected, 0 unfilled
09:45:15 core.sweep_detector INFO: SweepDetector v2: 4 raw → 4 confirmed (vol≥1.5× body≥40%)
09:45:15 core.sweep_detector INFO: OrderBlocks: 1 detected, 0 unmitigated
09:45:15 core.sweep_detector INFO: FVGs: 3 detected, 1 unfilled
09:45:17 core.sweep_detector INFO: SweepDetector v2: 4 raw → 3 confirmed (vol≥1.5× body≥40%)
09:45:17 core.sweep_detector INFO: OrderBlocks: 10 detected, 4 unmitigated
09:45:17 core.sweep_detector INFO: FVGs: 11 detected, 6 unfilled
09:45:19 core.sweep_detector INFO: SweepDetector v2: 5 raw → 4 confirmed (vol≥1.5× body≥40%)
09:45:19 core.sweep_detector INFO: OrderBlocks: 2 detected, 0 unmitigated
09:45:19 core.sweep_detector INFO: FVGs: 7 detected, 4 unfilled
09:45:21 core.sweep_detector INFO: SweepDetector v2: 4 raw → 2 confirmed (vol≥1.5× body≥40%)
09:45:21 core.sweep_detector INFO: OrderBlocks: 7 detected, 4 unmitigated
09:45:21 core.sweep_detector INFO: FVGs: 7 detected, 3 unfilled
09:45:25 core.sweep_detector INFO: SweepDetector v2: 5 raw → 4 confirmed (vol≥1.5× body≥40%)
09:45:25 core.sweep_detector INFO: OrderBlocks: 7 detected, 0 unmitigated
09:45:25 core.sweep_detector INFO: FVGs: 10 detected, 4 unfilled
09:45:27 core.sweep_detector INFO: SweepDetector v2: 6 raw → 4 confirmed (vol≥1.5× body≥40%)
09:45:27 core.sweep_detector INFO: OrderBlocks: 2 detected, 1 unmitigated
09:45:27 core.sweep_detector INFO: FVGs: 5 detected, 3 unfilled
09:45:28 core.sweep_detector INFO: SweepDetector v2: 3 raw → 3 confirmed (vol≥1.5× body≥40%)
09:45:28 core.sweep_detector INFO: OrderBlocks: 5 detected, 3 unmitigated
09:45:28 core.sweep_detector INFO: FVGs: 3 detected, 2 unfilled
09:45:31 core.sweep_detector INFO: SweepDetector v2: 4 raw → 3 confirmed (vol≥1.5× body≥40%)
09:45:31 core.sweep_detector INFO: OrderBlocks: 2 detected, 1 unmitigated
09:45:31 core.sweep_detector INFO: FVGs: 3 detected, 2 unfilled
09:45:32 core.sweep_detector INFO: SweepDetector v2: 2 raw → 1 confirmed (vol≥1.5× body≥40%)
09:45:32 core.sweep_detector INFO: OrderBlocks: 3 detected, 0 unmitigated
09:45:32 core.sweep_detector INFO: FVGs: 7 detected, 2 unfilled
09:45:34 core.sweep_detector INFO: SweepDetector v2: 7 raw → 3 confirmed (vol≥1.5× body≥40%)
09:45:34 core.sweep_detector INFO: OrderBlocks: 0 detected, 0 unmitigated
09:45:34 core.sweep_detector INFO: FVGs: 3 detected, 1 unfilled
09:45:36 core.sweep_detector INFO: SweepDetector v2: 2 raw → 2 confirmed (vol≥1.5× body≥40%)
09:45:36 core.sweep_detector INFO: OrderBlocks: 5 detected, 0 unmitigated
09:45:36 core.sweep_detector INFO: FVGs: 5 detected, 1 unfilled
09:45:37 core.sweep_detector INFO: SweepDetector v2: 3 raw → 2 confirmed (vol≥1.5× body≥40%)
09:45:37 core.sweep_detector INFO: OrderBlocks: 5 detected, 2 unmitigated
09:45:37 core.sweep_detector INFO: FVGs: 5 detected, 1 unfilled
09:45:39 core.sweep_detector INFO: SweepDetector v2: 4 raw → 4 confirmed (vol≥1.5× body≥40%)
09:45:39 core.sweep_detector INFO: OrderBlocks: 4 detected, 1 unmitigated
09:45:39 core.sweep_detector INFO: FVGs: 6 detected, 3 unfilled
09:45:41 core.sweep_detector INFO: SweepDetector v2: 4 raw → 2 confirmed (vol≥1.5× body≥40%)
09:45:41 core.sweep_detector INFO: OrderBlocks: 6 detected, 2 unmitigated
09:45:41 core.sweep_detector INFO: FVGs: 9 detected, 2 unfilled
09:45:43 core.sweep_detector INFO: SweepDetector v2: 2 raw → 2 confirmed (vol≥1.5× body≥40%)
09:45:43 core.sweep_detector INFO: OrderBlocks: 3 detected, 2 unmitigated
09:45:43 core.sweep_detector INFO: FVGs: 5 detected, 2 unfilled
09:45:44 core.sweep_detector INFO: SweepDetector v2: 2 raw → 2 confirmed (vol≥1.5× body≥40%)
09:45:44 core.sweep_detector INFO: OrderBlocks: 4 detected, 3 unmitigated
09:45:44 core.sweep_detector INFO: FVGs: 10 detected, 6 unfilled
09:45:47 core.sweep_detector INFO: SweepDetector v2: 5 raw → 3 confirmed (vol≥1.5× body≥40%)
09:45:47 core.sweep_detector INFO: OrderBlocks: 7 detected, 2 unmitigated
09:45:47 core.sweep_detector INFO: FVGs: 8 detected, 2 unfilled
09:45:49 core.sweep_detector INFO: SweepDetector v2: 4 raw → 4 confirmed (vol≥1.5× body≥40%)
09:45:49 core.sweep_detector INFO: OrderBlocks: 1 detected, 0 unmitigated
09:45:49 core.sweep_detector INFO: FVGs: 10 detected, 4 unfilled
09:45:50 core.sweep_detector INFO: SweepDetector v2: 3 raw → 3 confirmed (vol≥1.5× body≥40%)
09:45:50 core.sweep_detector INFO: OrderBlocks: 3 detected, 0 unmitigated
09:45:50 core.sweep_detector INFO: FVGs: 8 detected, 3 unfilled
09:45:53 core.sweep_detector INFO: SweepDetector v2: 3 raw → 2 confirmed (vol≥1.5× body≥40%)
09:45:53 core.sweep_detector INFO: OrderBlocks: 4 detected, 2 unmitigated
09:45:53 core.sweep_detector INFO: FVGs: 5 detected, 1 unfilled
09:45:54 core.sweep_detector INFO: SweepDetector v2: 1 raw → 0 confirmed (vol≥1.5× body≥40%)
09:45:55 core.sweep_detector INFO: OrderBlocks: 1 detected, 0 unmitigated
09:45:55 core.sweep_detector INFO: FVGs: 5 detected, 1 unfilled
09:45:59 core.sweep_detector INFO: SweepDetector v2: 2 raw → 1 confirmed (vol≥1.5× body≥40%)
09:45:59 core.sweep_detector INFO: OrderBlocks: 1 detected, 0 unmitigated
09:45:59 core.sweep_detector INFO: FVGs: 5 detected, 1 unfilled
09:46:00 core.sweep_detector INFO: SweepDetector v2: 3 raw → 2 confirmed (vol≥1.5× body≥40%)
09:46:00 core.sweep_detector INFO: OrderBlocks: 5 detected, 3 unmitigated
09:46:01 core.sweep_detector INFO: FVGs: 9 detected, 4 unfilled
09:46:02 core.sweep_detector INFO: SweepDetector v2: 4 raw → 3 confirmed (vol≥1.5× body≥40%)
09:46:02 core.sweep_detector INFO: OrderBlocks: 2 detected, 1 unmitigated
09:46:02 core.sweep_detector INFO: FVGs: 6 detected, 4 unfilled
09:46:04 core.sweep_detector INFO: SweepDetector v2: 0 raw → 0 confirmed (vol≥1.5× body≥40%)
09:46:04 core.sweep_detector INFO: OrderBlocks: 3 detected, 1 unmitigated
09:46:04 core.sweep_detector INFO: FVGs: 6 detected, 1 unfilled
09:46:06 core.sweep_detector INFO: SweepDetector v2: 0 raw → 0 confirmed (vol≥1.5× body≥40%)
09:46:06 core.sweep_detector INFO: OrderBlocks: 2 detected, 0 unmitigated
09:46:06 core.sweep_detector INFO: FVGs: 2 detected, 1 unfilled
09:46:08 core.sweep_detector INFO: SweepDetector v2: 9 raw → 6 confirmed (vol≥1.5× body≥40%)
09:46:08 core.sweep_detector INFO: OrderBlocks: 0 detected, 0 unmitigated
09:46:08 core.sweep_detector INFO: FVGs: 1 detected, 0 unfilled
09:46:09 core.sweep_detector INFO: SweepDetector v2: 5 raw → 4 confirmed (vol≥1.5× body≥40%)
09:46:09 core.sweep_detector INFO: OrderBlocks: 0 detected, 0 unmitigated
09:46:09 core.sweep_detector INFO: FVGs: 0 detected, 0 unfilled
09:46:11 core.sweep_detector INFO: SweepDetector v2: 7 raw → 6 confirmed (vol≥1.5× body≥40%)
09:46:11 core.sweep_detector INFO: OrderBlocks: 7 detected, 1 unmitigated
09:46:11 core.sweep_detector INFO: FVGs: 9 detected, 2 unfilled
09:46:13 core.sweep_detector INFO: SweepDetector v2: 7 raw → 4 confirmed (vol≥1.5× body≥40%)
09:46:13 core.sweep_detector INFO: OrderBlocks: 7 detected, 3 unmitigated
09:46:13 core.sweep_detector INFO: FVGs: 7 detected, 5 unfilled
09:46:15 core.sweep_detector INFO: SweepDetector v2: 6 raw → 5 confirmed (vol≥1.5× body≥40%)
09:46:15 core.sweep_detector INFO: OrderBlocks: 5 detected, 3 unmitigated
09:46:15 core.sweep_detector INFO: FVGs: 9 detected, 3 unfilled
09:46:17 core.sweep_detector INFO: SweepDetector v2: 6 raw → 6 confirmed (vol≥1.5× body≥40%)
09:46:17 core.sweep_detector INFO: OrderBlocks: 1 detected, 0 unmitigated
09:46:17 core.sweep_detector INFO: FVGs: 3 detected, 0 unfilled
09:46:18 core.sweep_detector INFO: SweepDetector v2: 3 raw → 2 confirmed (vol≥1.5× body≥40%)
09:46:18 core.sweep_detector INFO: OrderBlocks: 4 detected, 0 unmitigated
09:46:18 core.sweep_detector INFO: FVGs: 2 detected, 0 unfilled
09:46:20 core.sweep_detector INFO: SweepDetector v2: 3 raw → 2 confirmed (vol≥1.5× body≥40%)
09:46:20 core.sweep_detector INFO: OrderBlocks: 2 detected, 0 unmitigated
09:46:20 core.sweep_detector INFO: FVGs: 4 detected, 1 unfilled
09:46:22 core.sweep_detector INFO: SweepDetector v2: 6 raw → 5 confirmed (vol≥1.5× body≥40%)
09:46:22 core.sweep_detector INFO: OrderBlocks: 7 detected, 2 unmitigated
09:46:22 core.sweep_detector INFO: FVGs: 8 detected, 4 unfilled
09:46:23 core.sweep_detector INFO: SweepDetector v2: 2 raw → 2 confirmed (vol≥1.5× body≥40%)
09:46:23 core.sweep_detector INFO: OrderBlocks: 4 detected, 0 unmitigated
09:46:23 core.sweep_detector INFO: FVGs: 6 detected, 3 unfilled
09:46:26 core.sweep_detector INFO: SweepDetector v2: 5 raw → 4 confirmed (vol≥1.5× body≥40%)
09:46:26 core.sweep_detector INFO: OrderBlocks: 3 detected, 1 unmitigated
09:46:26 core.sweep_detector INFO: FVGs: 7 detected, 2 unfilled
09:46:27 core.sweep_detector INFO: SweepDetector v2: 9 raw → 8 confirmed (vol≥1.5× body≥40%)
09:46:28 core.sweep_detector INFO: OrderBlocks: 3 detected, 1 unmitigated
09:46:28 core.sweep_detector INFO: FVGs: 12 detected, 6 unfilled
09:46:29 core.sweep_detector INFO: SweepDetector v2: 4 raw → 3 confirmed (vol≥1.5× body≥40%)
09:46:29 core.sweep_detector INFO: OrderBlocks: 2 detected, 1 unmitigated
09:46:29 core.sweep_detector INFO: FVGs: 6 detected, 2 unfilled
09:46:31 core.sweep_detector INFO: SweepDetector v2: 2 raw → 2 confirmed (vol≥1.5× body≥40%)
09:46:31 core.sweep_detector INFO: OrderBlocks: 1 detected, 0 unmitigated
09:46:31 core.sweep_detector INFO: FVGs: 2 detected, 2 unfilled
09:46:35 core.sweep_detector INFO: SweepDetector v2: 7 raw → 7 confirmed (vol≥1.5× body≥40%)
09:46:35 core.sweep_detector INFO: OrderBlocks: 6 detected, 1 unmitigated
09:46:35 core.sweep_detector INFO: FVGs: 12 detected, 2 unfilled
09:46:37 core.sweep_detector INFO: SweepDetector v2: 2 raw → 1 confirmed (vol≥1.5× body≥40%)
09:46:37 core.sweep_detector INFO: OrderBlocks: 2 detected, 1 unmitigated
09:46:37 core.sweep_detector INFO: FVGs: 10 detected, 4 unfilled
09:46:38 core.sweep_detector INFO: SweepDetector v2: 1 raw → 1 confirmed (vol≥1.5× body≥40%)
09:46:38 core.sweep_detector INFO: OrderBlocks: 7 detected, 1 unmitigated
09:46:38 core.sweep_detector INFO: FVGs: 8 detected, 3 unfilled
09:46:40 core.sweep_detector INFO: SweepDetector v2: 7 raw → 6 confirmed (vol≥1.5× body≥40%)
09:46:40 core.sweep_detector INFO: OrderBlocks: 6 detected, 3 unmitigated
09:46:40 core.sweep_detector INFO: FVGs: 8 detected, 3 unfilled
09:46:42 core.sweep_detector INFO: SweepDetector v2: 2 raw → 1 confirmed (vol≥1.5× body≥40%)
09:46:42 core.sweep_detector INFO: OrderBlocks: 4 detected, 3 unmitigated
09:46:42 core.sweep_detector INFO: FVGs: 7 detected, 3 unfilled
09:46:44 core.sweep_detector INFO: SweepDetector v2: 2 raw → 2 confirmed (vol≥1.5× body≥40%)
09:46:44 core.sweep_detector INFO: OrderBlocks: 3 detected, 0 unmitigated
09:46:44 core.sweep_detector INFO: FVGs: 5 detected, 0 unfilled
09:46:47 core.sweep_detector INFO: SweepDetector v2: 7 raw → 6 confirmed (vol≥1.5× body≥40%)
09:46:47 core.sweep_detector INFO: OrderBlocks: 2 detected, 2 unmitigated
09:46:47 core.sweep_detector INFO: FVGs: 17 detected, 6 unfilled
09:46:48 core.sweep_detector INFO: SweepDetector v2: 6 raw → 4 confirmed (vol≥1.5× body≥40%)
09:46:48 core.sweep_detector INFO: OrderBlocks: 8 detected, 1 unmitigated
09:46:48 core.sweep_detector INFO: FVGs: 16 detected, 7 unfilled
09:46:50 core.sweep_detector INFO: SweepDetector v2: 2 raw → 1 confirmed (vol≥1.5× body≥40%)
09:46:50 core.sweep_detector INFO: OrderBlocks: 8 detected, 3 unmitigated
09:46:50 core.sweep_detector INFO: FVGs: 12 detected, 5 unfilled
09:46:52 core.sweep_detector INFO: SweepDetector v2: 1 raw → 1 confirmed (vol≥1.5× body≥40%)
09:46:52 core.sweep_detector INFO: OrderBlocks: 2 detected, 1 unmitigated
09:46:52 core.sweep_detector INFO: FVGs: 4 detected, 0 unfilled
09:46:54 core.sweep_detector INFO: SweepDetector v2: 5 raw → 4 confirmed (vol≥1.5× body≥40%)
09:46:54 core.sweep_detector INFO: OrderBlocks: 1 detected, 0 unmitigated
09:46:54 core.sweep_detector INFO: FVGs: 6 detected, 2 unfilled
09:46:55 core.sweep_detector INFO: SweepDetector v2: 3 raw → 1 confirmed (vol≥1.5× body≥40%)
09:46:55 core.sweep_detector INFO: OrderBlocks: 6 detected, 0 unmitigated
09:46:55 core.sweep_detector INFO: FVGs: 1 detected, 0 unfilled
09:46:57 core.sweep_detector INFO: SweepDetector v2: 0 raw → 0 confirmed (vol≥1.5× body≥40%)
09:46:57 core.sweep_detector INFO: OrderBlocks: 0 detected, 0 unmitigated
09:46:57 core.sweep_detector INFO: FVGs: 0 detected, 0 unfilled
09:46:59 core.sweep_detector INFO: SweepDetector v2: 0 raw → 0 confirmed (vol≥1.5× body≥40%)
09:46:59 core.sweep_detector INFO: OrderBlocks: 1 detected, 0 unmitigated
09:46:59 core.sweep_detector INFO: FVGs: 0 detected, 0 unfilled
09:47:01 core.sweep_detector INFO: SweepDetector v2: 0 raw → 0 confirmed (vol≥1.5× body≥40%)
09:47:01 core.sweep_detector INFO: OrderBlocks: 0 detected, 0 unmitigated
09:47:01 core.sweep_detector INFO: FVGs: 0 detected, 0 unfilled
09:47:03 core.sweep_detector INFO: SweepDetector v2: 2 raw → 2 confirmed (vol≥1.5× body≥40%)
09:47:03 core.sweep_detector INFO: OrderBlocks: 7 detected, 3 unmitigated
09:47:03 core.sweep_detector INFO: FVGs: 5 detected, 4 unfilled
09:47:04 core.sweep_detector INFO: SweepDetector v2: 3 raw → 1 confirmed (vol≥1.5× body≥40%)
09:47:04 core.sweep_detector INFO: OrderBlocks: 2 detected, 1 unmitigated
09:47:04 core.sweep_detector INFO: FVGs: 3 detected, 3 unfilled
09:47:07 core.sweep_detector INFO: SweepDetector v2: 3 raw → 3 confirmed (vol≥1.5× body≥40%)
09:47:07 core.sweep_detector INFO: OrderBlocks: 1 detected, 0 unmitigated
09:47:07 core.sweep_detector INFO: FVGs: 4 detected, 2 unfilled
09:47:08 core.sweep_detector INFO: SweepDetector v2: 4 raw → 4 confirmed (vol≥1.5× body≥40%)
09:47:08 core.sweep_detector INFO: OrderBlocks: 7 detected, 4 unmitigated
09:47:08 core.sweep_detector INFO: FVGs: 10 detected, 4 unfilled
09:47:10 core.sweep_detector INFO: SweepDetector v2: 3 raw → 3 confirmed (vol≥1.5× body≥40%)
09:47:10 core.sweep_detector INFO: OrderBlocks: 3 detected, 1 unmitigated
09:47:10 core.sweep_detector INFO: FVGs: 6 detected, 2 unfilled
09:47:12 core.sweep_detector INFO: SweepDetector v2: 2 raw → 2 confirmed (vol≥1.5× body≥40%)
09:47:12 core.sweep_detector INFO: OrderBlocks: 3 detected, 1 unmitigated
09:47:12 core.sweep_detector INFO: FVGs: 1 detected, 1 unfilled
09:47:13 core.sweep_detector INFO: SweepDetector v2: 3 raw → 3 confirmed (vol≥1.5× body≥40%)
09:47:13 core.sweep_detector INFO: OrderBlocks: 6 detected, 0 unmitigated
09:47:13 core.sweep_detector INFO: FVGs: 7 detected, 3 unfilled
09:47:15 core.sweep_detector INFO: SweepDetector v2: 4 raw → 3 confirmed (vol≥1.5× body≥40%)
09:47:15 core.sweep_detector INFO: OrderBlocks: 2 detected, 1 unmitigated
09:47:15 core.sweep_detector INFO: FVGs: 8 detected, 2 unfilled
09:47:17 core.sweep_detector INFO: SweepDetector v2: 1 raw → 1 confirmed (vol≥1.5× body≥40%)
09:47:17 core.sweep_detector INFO: OrderBlocks: 2 detected, 1 unmitigated
09:47:17 core.sweep_detector INFO: FVGs: 3 detected, 1 unfilled
09:47:19 core.sweep_detector INFO: SweepDetector v2: 4 raw → 3 confirmed (vol≥1.5× body≥40%)
09:47:19 core.sweep_detector INFO: OrderBlocks: 4 detected, 2 unmitigated
09:47:19 core.sweep_detector INFO: FVGs: 7 detected, 2 unfilled
09:47:21 core.sweep_detector INFO: SweepDetector v2: 3 raw → 2 confirmed (vol≥1.5× body≥40%)
09:47:21 core.sweep_detector INFO: OrderBlocks: 2 detected, 0 unmitigated
09:47:21 core.sweep_detector INFO: FVGs: 7 detected, 2 unfilled
09:47:23 core.sweep_detector INFO: SweepDetector v2: 3 raw → 2 confirmed (vol≥1.5× body≥40%)
09:47:23 core.sweep_detector INFO: OrderBlocks: 8 detected, 0 unmitigated
09:47:23 core.sweep_detector INFO: FVGs: 4 detected, 0 unfilled
09:47:25 core.sweep_detector INFO: SweepDetector v2: 9 raw → 6 confirmed (vol≥1.5× body≥40%)
09:47:25 core.sweep_detector INFO: OrderBlocks: 4 detected, 2 unmitigated
09:47:25 core.sweep_detector INFO: FVGs: 9 detected, 3 unfilled
09:47:27 core.sweep_detector INFO: SweepDetector v2: 6 raw → 3 confirmed (vol≥1.5× body≥40%)
09:47:27 core.sweep_detector INFO: OrderBlocks: 3 detected, 1 unmitigated
09:47:27 core.sweep_detector INFO: FVGs: 6 detected, 1 unfilled
09:47:29 core.sweep_detector INFO: SweepDetector v2: 5 raw → 3 confirmed (vol≥1.5× body≥40%)
09:47:29 core.sweep_detector INFO: OrderBlocks: 6 detected, 1 unmitigated
09:47:29 core.sweep_detector INFO: FVGs: 15 detected, 4 unfilled
09:47:32 core.sweep_detector INFO: SweepDetector v2: 2 raw → 2 confirmed (vol≥1.5× body≥40%)
09:47:32 core.sweep_detector INFO: OrderBlocks: 7 detected, 2 unmitigated
09:47:32 core.sweep_detector INFO: FVGs: 9 detected, 2 unfilled
09:47:33 core.sweep_detector INFO: SweepDetector v2: 2 raw → 1 confirmed (vol≥1.5× body≥40%)
09:47:33 core.sweep_detector INFO: OrderBlocks: 3 detected, 2 unmitigated
09:47:33 core.sweep_detector INFO: FVGs: 6 detected, 2 unfilled
09:47:35 core.sweep_detector INFO: SweepDetector v2: 3 raw → 3 confirmed (vol≥1.5× body≥40%)
09:47:35 core.sweep_detector INFO: OrderBlocks: 2 detected, 0 unmitigated
09:47:35 core.sweep_detector INFO: FVGs: 4 detected, 0 unfilled
09:47:37 core.sweep_detector INFO: SweepDetector v2: 9 raw → 6 confirmed (vol≥1.5× body≥40%)
09:47:37 core.sweep_detector INFO: OrderBlocks: 8 detected, 0 unmitigated
09:47:37 core.sweep_detector INFO: FVGs: 9 detected, 3 unfilled
09:47:38 core.sweep_detector INFO: SweepDetector v2: 2 raw → 2 confirmed (vol≥1.5× body≥40%)
09:47:38 core.sweep_detector INFO: OrderBlocks: 6 detected, 2 unmitigated
09:47:38 core.sweep_detector INFO: FVGs: 15 detected, 4 unfilled
09:47:40 core.sweep_detector INFO: SweepDetector v2: 6 raw → 3 confirmed (vol≥1.5× body≥40%)
09:47:40 core.sweep_detector INFO: OrderBlocks: 3 detected, 1 unmitigated
09:47:40 core.sweep_detector INFO: FVGs: 13 detected, 5 unfilled
09:47:42 core.sweep_detector INFO: SweepDetector v2: 0 raw → 0 confirmed (vol≥1.5× body≥40%)
09:47:42 core.sweep_detector INFO: OrderBlocks: 4 detected, 1 unmitigated
09:47:42 core.sweep_detector INFO: FVGs: 7 detected, 2 unfilled
09:47:44 core.sweep_detector INFO: SweepDetector v2: 4 raw → 2 confirmed (vol≥1.5× body≥40%)
09:47:44 core.sweep_detector INFO: OrderBlocks: 5 detected, 4 unmitigated
09:47:44 core.sweep_detector INFO: FVGs: 6 detected, 3 unfilled
09:47:45 core.sweep_detector INFO: SweepDetector v2: 1 raw → 1 confirmed (vol≥1.5× body≥40%)
09:47:45 core.sweep_detector INFO: OrderBlocks: 6 detected, 1 unmitigated
09:47:45 core.sweep_detector INFO: FVGs: 6 detected, 2 unfilled
09:47:47 core.sweep_detector INFO: SweepDetector v2: 1 raw → 0 confirmed (vol≥1.5× body≥40%)
09:47:47 core.sweep_detector INFO: OrderBlocks: 1 detected, 1 unmitigated
09:47:47 core.sweep_detector INFO: FVGs: 6 detected, 4 unfilled
09:47:49 core.sweep_detector INFO: SweepDetector v2: 1 raw → 0 confirmed (vol≥1.5× body≥40%)
09:47:49 core.sweep_detector INFO: OrderBlocks: 6 detected, 2 unmitigated
09:47:49 core.sweep_detector INFO: FVGs: 4 detected, 2 unfilled
09:47:51 core.sweep_detector INFO: SweepDetector v2: 0 raw → 0 confirmed (vol≥1.5× body≥40%)
09:47:51 core.sweep_detector INFO: OrderBlocks: 10 detected, 4 unmitigated
09:47:51 core.sweep_detector INFO: FVGs: 8 detected, 3 unfilled
09:47:52 core.sweep_detector INFO: SweepDetector v2: 4 raw → 4 confirmed (vol≥1.5× body≥40%)
09:47:52 core.sweep_detector INFO: OrderBlocks: 6 detected, 1 unmitigated
09:47:52 core.sweep_detector INFO: FVGs: 9 detected, 4 unfilled
09:47:54 core.sweep_detector INFO: SweepDetector v2: 7 raw → 5 confirmed (vol≥1.5× body≥40%)
09:47:54 core.sweep_detector INFO: OrderBlocks: 5 detected, 3 unmitigated
09:47:54 core.sweep_detector INFO: FVGs: 12 detected, 6 unfilled
09:47:55 core.sweep_detector INFO: SweepDetector v2: 2 raw → 0 confirmed (vol≥1.5× body≥40%)
09:47:55 core.sweep_detector INFO: OrderBlocks: 10 detected, 2 unmitigated
09:47:55 core.sweep_detector INFO: FVGs: 7 detected, 1 unfilled
09:47:58 core.sweep_detector INFO: SweepDetector v2: 1 raw → 1 confirmed (vol≥1.5× body≥40%)
09:47:58 core.sweep_detector INFO: OrderBlocks: 9 detected, 2 unmitigated
09:47:58 core.sweep_detector INFO: FVGs: 15 detected, 3 unfilled
09:47:59 core.sweep_detector INFO: SweepDetector v2: 4 raw → 4 confirmed (vol≥1.5× body≥40%)
09:47:59 core.sweep_detector INFO: OrderBlocks: 3 detected, 0 unmitigated
09:47:59 core.sweep_detector INFO: FVGs: 10 detected, 5 unfilled
09:48:01 core.sweep_detector INFO: SweepDetector v2: 0 raw → 0 confirmed (vol≥1.5× body≥40%)
09:48:01 core.sweep_detector INFO: OrderBlocks: 8 detected, 2 unmitigated
09:48:01 core.sweep_detector INFO: FVGs: 5 detected, 1 unfilled
09:48:03 core.sweep_detector INFO: SweepDetector v2: 4 raw → 2 confirmed (vol≥1.5× body≥40%)
09:48:03 core.sweep_detector INFO: OrderBlocks: 8 detected, 1 unmitigated
09:48:03 core.sweep_detector INFO: FVGs: 6 detected, 1 unfilled
09:48:05 core.sweep_detector INFO: SweepDetector v2: 6 raw → 3 confirmed (vol≥1.5× body≥40%)
09:48:05 core.sweep_detector INFO: OrderBlocks: 4 detected, 2 unmitigated
09:48:05 core.sweep_detector INFO: FVGs: 10 detected, 3 unfilled
09:48:06 core.sweep_detector INFO: SweepDetector v2: 4 raw → 2 confirmed (vol≥1.5× body≥40%)
09:48:06 core.sweep_detector INFO: OrderBlocks: 6 detected, 1 unmitigated
09:48:06 core.sweep_detector INFO: FVGs: 8 detected, 2 unfilled
09:48:08 core.sweep_detector INFO: SweepDetector v2: 2 raw → 1 confirmed (vol≥1.5× body≥40%)
09:48:08 core.sweep_detector INFO: OrderBlocks: 1 detected, 0 unmitigated
09:48:08 core.sweep_detector INFO: FVGs: 6 detected, 2 unfilled
09:48:10 core.sweep_detector INFO: SweepDetector v2: 4 raw → 4 confirmed (vol≥1.5× body≥40%)
09:48:10 core.sweep_detector INFO: OrderBlocks: 6 detected, 1 unmitigated
09:48:10 core.sweep_detector INFO: FVGs: 11 detected, 3 unfilled
09:48:12 core.sweep_detector INFO: SweepDetector v2: 1 raw → 0 confirmed (vol≥1.5× body≥40%)
09:48:12 core.sweep_detector INFO: OrderBlocks: 4 detected, 2 unmitigated
09:48:12 core.sweep_detector INFO: FVGs: 8 detected, 3 unfilled
09:48:13 core.sweep_detector INFO: SweepDetector v2: 7 raw → 5 confirmed (vol≥1.5× body≥40%)
09:48:13 core.sweep_detector INFO: OrderBlocks: 8 detected, 3 unmitigated
09:48:13 core.sweep_detector INFO: FVGs: 7 detected, 3 unfilled
09:48:15 core.sweep_detector INFO: SweepDetector v2: 1 raw → 0 confirmed (vol≥1.5× body≥40%)
09:48:15 core.sweep_detector INFO: OrderBlocks: 5 detected, 2 unmitigated
09:48:15 core.sweep_detector INFO: FVGs: 7 detected, 2 unfilled
09:48:17 core.sweep_detector INFO: SweepDetector v2: 4 raw → 3 confirmed (vol≥1.5× body≥40%)
09:48:17 core.sweep_detector INFO: OrderBlocks: 7 detected, 2 unmitigated
09:48:17 core.sweep_detector INFO: FVGs: 6 detected, 1 unfilled
09:48:19 core.sweep_detector INFO: SweepDetector v2: 4 raw → 4 confirmed (vol≥1.5× body≥40%)
09:48:19 core.sweep_detector INFO: OrderBlocks: 7 detected, 1 unmitigated
09:48:19 core.sweep_detector INFO: FVGs: 11 detected, 2 unfilled
09:48:22 core.sweep_detector INFO: SweepDetector v2: 7 raw → 4 confirmed (vol≥1.5× body≥40%)
09:48:22 core.sweep_detector INFO: OrderBlocks: 2 detected, 1 unmitigated
09:48:22 core.sweep_detector INFO: FVGs: 8 detected, 3 unfilled
09:48:24 core.sweep_detector INFO: SweepDetector v2: 1 raw → 1 confirmed (vol≥1.5× body≥40%)
09:48:24 core.sweep_detector INFO: OrderBlocks: 5 detected, 1 unmitigated
09:48:24 core.sweep_detector INFO: FVGs: 2 detected, 0 unfilled
09:48:26 core.sweep_detector INFO: SweepDetector v2: 2 raw → 0 confirmed (vol≥1.5× body≥40%)
09:48:26 core.sweep_detector INFO: OrderBlocks: 4 detected, 1 unmitigated
09:48:26 core.sweep_detector INFO: FVGs: 9 detected, 3 unfilled
09:48:28 core.sweep_detector INFO: SweepDetector v2: 6 raw → 4 confirmed (vol≥1.5× body≥40%)
09:48:28 core.sweep_detector INFO: OrderBlocks: 3 detected, 2 unmitigated
09:48:28 core.sweep_detector INFO: FVGs: 7 detected, 2 unfilled
09:48:29 core.sweep_detector INFO: SweepDetector v2: 0 raw → 0 confirmed (vol≥1.5× body≥40%)
09:48:29 core.sweep_detector INFO: OrderBlocks: 4 detected, 3 unmitigated
09:48:29 core.sweep_detector INFO: FVGs: 3 detected, 3 unfilled
09:48:31 core.sweep_detector INFO: SweepDetector v2: 2 raw → 2 confirmed (vol≥1.5× body≥40%)
09:48:31 core.sweep_detector INFO: OrderBlocks: 9 detected, 5 unmitigated
09:48:31 core.sweep_detector INFO: FVGs: 12 detected, 4 unfilled
09:48:33 core.sweep_detector INFO: SweepDetector v2: 3 raw → 3 confirmed (vol≥1.5× body≥40%)
09:48:33 core.sweep_detector INFO: OrderBlocks: 7 detected, 1 unmitigated
09:48:33 core.sweep_detector INFO: FVGs: 15 detected, 0 unfilled
09:48:34 core.sweep_detector INFO: SweepDetector v2: 2 raw → 0 confirmed (vol≥1.5× body≥40%)
09:48:34 core.sweep_detector INFO: OrderBlocks: 3 detected, 1 unmitigated
09:48:34 core.sweep_detector INFO: FVGs: 7 detected, 2 unfilled
09:48:36 core.sweep_detector INFO: SweepDetector v2: 5 raw → 4 confirmed (vol≥1.5× body≥40%)
09:48:36 core.sweep_detector INFO: OrderBlocks: 8 detected, 2 unmitigated
09:48:36 core.sweep_detector INFO: FVGs: 16 detected, 4 unfilled
09:48:38 core.sweep_detector INFO: SweepDetector v2: 3 raw → 3 confirmed (vol≥1.5× body≥40%)
09:48:38 core.sweep_detector INFO: OrderBlocks: 7 detected, 2 unmitigated
09:48:38 core.sweep_detector INFO: FVGs: 12 detected, 4 unfilled
09:48:39 core.sweep_detector INFO: SweepDetector v2: 1 raw → 1 confirmed (vol≥1.5× body≥40%)
09:48:39 core.sweep_detector INFO: OrderBlocks: 4 detected, 1 unmitigated
09:48:39 core.sweep_detector INFO: FVGs: 11 detected, 5 unfilled
09:48:41 core.sweep_detector INFO: SweepDetector v2: 2 raw → 2 confirmed (vol≥1.5× body≥40%)
09:48:41 core.sweep_detector INFO: OrderBlocks: 5 detected, 2 unmitigated
09:48:41 core.sweep_detector INFO: FVGs: 8 detected, 3 unfilled
09:48:43 core.sweep_detector INFO: SweepDetector v2: 1 raw → 1 confirmed (vol≥1.5× body≥40%)
09:48:43 core.sweep_detector INFO: OrderBlocks: 2 detected, 0 unmitigated
09:48:43 core.sweep_detector INFO: FVGs: 2 detected, 1 unfilled
09:48:45 core.sweep_detector INFO: SweepDetector v2: 5 raw → 5 confirmed (vol≥1.5× body≥40%)
09:48:45 core.sweep_detector INFO: OrderBlocks: 1 detected, 0 unmitigated
09:48:45 core.sweep_detector INFO: FVGs: 3 detected, 0 unfilled
09:48:45 __main__ INFO: Pending signal #16: binance:EIGEN/USDT short entry=0.171 current=0.17 dist=0.59% expires=2h
09:48:55 alerts.telegram INFO: Alert sent: binance:EIGEN/USDT short RR=2.56
09:48:57 core.sweep_detector INFO: SweepDetector v2: 5 raw → 3 confirmed (vol≥1.5× body≥40%)
09:48:57 core.sweep_detector INFO: OrderBlocks: 5 detected, 3 unmitigated
09:48:57 core.sweep_detector INFO: FVGs: 12 detected, 4 unfilled
09:48:59 core.sweep_detector INFO: SweepDetector v2: 6 raw → 4 confirmed (vol≥1.5× body≥40%)
09:48:59 core.sweep_detector INFO: OrderBlocks: 4 detected, 0 unmitigated
09:48:59 core.sweep_detector INFO: FVGs: 9 detected, 5 unfilled
09:49:00 core.sweep_detector INFO: SweepDetector v2: 3 raw → 1 confirmed (vol≥1.5× body≥40%)
09:49:00 core.sweep_detector INFO: OrderBlocks: 3 detected, 2 unmitigated
09:49:00 core.sweep_detector INFO: FVGs: 5 detected, 1 unfilled
09:49:03 core.sweep_detector INFO: SweepDetector v2: 3 raw → 3 confirmed (vol≥1.5× body≥40%)
09:49:03 core.sweep_detector INFO: OrderBlocks: 6 detected, 1 unmitigated
09:49:03 core.sweep_detector INFO: FVGs: 8 detected, 3 unfilled
09:49:04 core.sweep_detector INFO: SweepDetector v2: 4 raw → 3 confirmed (vol≥1.5× body≥40%)
09:49:04 core.sweep_detector INFO: OrderBlocks: 2 detected, 1 unmitigated
09:49:04 core.sweep_detector INFO: FVGs: 4 detected, 2 unfilled
09:49:07 core.sweep_detector INFO: SweepDetector v2: 2 raw → 0 confirmed (vol≥1.5× body≥40%)
09:49:07 core.sweep_detector INFO: OrderBlocks: 7 detected, 1 unmitigated
09:49:07 core.sweep_detector INFO: FVGs: 7 detected, 2 unfilled
09:49:08 core.sweep_detector INFO: SweepDetector v2: 6 raw → 5 confirmed (vol≥1.5× body≥40%)
09:49:08 core.sweep_detector INFO: OrderBlocks: 6 detected, 1 unmitigated
09:49:08 core.sweep_detector INFO: FVGs: 8 detected, 5 unfilled
09:49:10 core.sweep_detector INFO: SweepDetector v2: 2 raw → 1 confirmed (vol≥1.5× body≥40%)
09:49:10 core.sweep_detector INFO: OrderBlocks: 1 detected, 0 unmitigated
09:49:10 core.sweep_detector INFO: FVGs: 9 detected, 1 unfilled
09:49:12 core.sweep_detector INFO: SweepDetector v2: 4 raw → 3 confirmed (vol≥1.5× body≥40%)
09:49:12 core.sweep_detector INFO: OrderBlocks: 1 detected, 0 unmitigated
09:49:12 core.sweep_detector INFO: FVGs: 7 detected, 2 unfilled
09:49:13 core.sweep_detector INFO: SweepDetector v2: 6 raw → 3 confirmed (vol≥1.5× body≥40%)
09:49:13 core.sweep_detector INFO: OrderBlocks: 5 detected, 1 unmitigated
09:49:13 core.sweep_detector INFO: FVGs: 9 detected, 3 unfilled
09:49:15 core.sweep_detector INFO: SweepDetector v2: 7 raw → 3 confirmed (vol≥1.5× body≥40%)
09:49:15 core.sweep_detector INFO: OrderBlocks: 3 detected, 2 unmitigated
09:49:15 core.sweep_detector INFO: FVGs: 8 detected, 2 unfilled
09:49:17 core.sweep_detector INFO: SweepDetector v2: 3 raw → 2 confirmed (vol≥1.5× body≥40%)
09:49:17 core.sweep_detector INFO: OrderBlocks: 3 detected, 0 unmitigated
09:49:17 core.sweep_detector INFO: FVGs: 5 detected, 0 unfilled
09:49:18 core.sweep_detector INFO: SweepDetector v2: 1 raw → 1 confirmed (vol≥1.5× body≥40%)
09:49:18 core.sweep_detector INFO: OrderBlocks: 2 detected, 2 unmitigated
09:49:18 core.sweep_detector INFO: FVGs: 9 detected, 5 unfilled
09:49:20 core.sweep_detector INFO: SweepDetector v2: 3 raw → 3 confirmed (vol≥1.5× body≥40%)
09:49:20 core.sweep_detector INFO: OrderBlocks: 3 detected, 1 unmitigated
09:49:20 core.sweep_detector INFO: FVGs: 6 detected, 2 unfilled
09:49:22 core.sweep_detector INFO: SweepDetector v2: 1 raw → 0 confirmed (vol≥1.5× body≥40%)
09:49:22 core.sweep_detector INFO: OrderBlocks: 7 detected, 1 unmitigated
09:49:22 core.sweep_detector INFO: FVGs: 14 detected, 3 unfilled
09:49:23 core.sweep_detector INFO: SweepDetector v2: 7 raw → 3 confirmed (vol≥1.5× body≥40%)
09:49:23 core.sweep_detector INFO: OrderBlocks: 3 detected, 0 unmitigated
09:49:23 core.sweep_detector INFO: FVGs: 0 detected, 0 unfilled
09:49:25 core.sweep_detector INFO: SweepDetector v2: 3 raw → 2 confirmed (vol≥1.5× body≥40%)
09:49:25 core.sweep_detector INFO: OrderBlocks: 0 detected, 0 unmitigated
09:49:25 core.sweep_detector INFO: FVGs: 0 detected, 0 unfilled
09:49:27 core.sweep_detector INFO: SweepDetector v2: 1 raw → 1 confirmed (vol≥1.5× body≥40%)
09:49:27 core.sweep_detector INFO: OrderBlocks: 1 detected, 1 unmitigated
09:49:27 core.sweep_detector INFO: FVGs: 0 detected, 0 unfilled
09:49:28 core.sweep_detector INFO: SweepDetector v2: 0 raw → 0 confirmed (vol≥1.5× body≥40%)
09:49:28 core.sweep_detector INFO: OrderBlocks: 0 detected, 0 unmitigated
09:49:28 core.sweep_detector INFO: FVGs: 0 detected, 0 unfilled
09:49:31 core.sweep_detector INFO: SweepDetector v2: 0 raw → 0 confirmed (vol≥1.5× body≥40%)
09:49:31 core.sweep_detector INFO: OrderBlocks: 0 detected, 0 unmitigated
09:49:31 core.sweep_detector INFO: FVGs: 0 detected, 0 unfilled
09:49:33 core.sweep_detector INFO: SweepDetector v2: 0 raw → 0 confirmed (vol≥1.5× body≥40%)
09:49:33 core.sweep_detector INFO: OrderBlocks: 0 detected, 0 unmitigated
09:49:33 core.sweep_detector INFO: FVGs: 0 detected, 0 unfilled
09:49:37 core.sweep_detector INFO: SweepDetector v2: 2 raw → 0 confirmed (vol≥1.5× body≥40%)
09:49:37 core.sweep_detector INFO: OrderBlocks: 5 detected, 2 unmitigated
09:49:37 core.sweep_detector INFO: FVGs: 11 detected, 3 unfilled
09:49:39 core.sweep_detector INFO: SweepDetector v2: 5 raw → 4 confirmed (vol≥1.5× body≥40%)
09:49:39 core.sweep_detector INFO: OrderBlocks: 5 detected, 0 unmitigated
09:49:39 core.sweep_detector INFO: FVGs: 9 detected, 1 unfilled
09:49:42 core.sweep_detector INFO: SweepDetector v2: 3 raw → 2 confirmed (vol≥1.5× body≥40%)
09:49:42 core.sweep_detector INFO: OrderBlocks: 3 detected, 1 unmitigated
09:49:42 core.sweep_detector INFO: FVGs: 5 detected, 1 unfilled
09:49:45 core.sweep_detector INFO: SweepDetector v2: 1 raw → 1 confirmed (vol≥1.5× body≥40%)
09:49:45 core.sweep_detector INFO: OrderBlocks: 8 detected, 3 unmitigated
09:49:45 core.sweep_detector INFO: FVGs: 10 detected, 3 unfilled
09:49:46 core.sweep_detector INFO: SweepDetector v2: 2 raw → 1 confirmed (vol≥1.5× body≥40%)
09:49:46 core.sweep_detector INFO: OrderBlocks: 2 detected, 2 unmitigated
09:49:46 core.sweep_detector INFO: FVGs: 9 detected, 4 unfilled
09:49:48 core.sweep_detector INFO: SweepDetector v2: 5 raw → 4 confirmed (vol≥1.5× body≥40%)
09:49:48 core.sweep_detector INFO: OrderBlocks: 7 detected, 1 unmitigated
09:49:48 core.sweep_detector INFO: FVGs: 6 detected, 2 unfilled
09:49:52 core.sweep_detector INFO: SweepDetector v2: 3 raw → 2 confirmed (vol≥1.5× body≥40%)
09:49:52 core.sweep_detector INFO: OrderBlocks: 7 detected, 2 unmitigated
09:49:52 core.sweep_detector INFO: FVGs: 11 detected, 3 unfilled
09:49:53 core.sweep_detector INFO: SweepDetector v2: 4 raw → 4 confirmed (vol≥1.5× body≥40%)
09:49:53 core.sweep_detector INFO: OrderBlocks: 4 detected, 1 unmitigated
09:49:53 core.sweep_detector INFO: FVGs: 11 detected, 5 unfilled
09:49:55 core.sweep_detector INFO: SweepDetector v2: 3 raw → 3 confirmed (vol≥1.5× body≥40%)
09:49:55 core.sweep_detector INFO: OrderBlocks: 5 detected, 2 unmitigated
09:49:55 core.sweep_detector INFO: FVGs: 4 detected, 3 unfilled
09:49:57 core.sweep_detector INFO: SweepDetector v2: 3 raw → 2 confirmed (vol≥1.5× body≥40%)
09:49:57 core.sweep_detector INFO: OrderBlocks: 5 detected, 4 unmitigated
09:49:57 core.sweep_detector INFO: FVGs: 6 detected, 4 unfilled
09:49:59 core.sweep_detector INFO: SweepDetector v2: 3 raw → 3 confirmed (vol≥1.5× body≥40%)
09:49:59 core.sweep_detector INFO: OrderBlocks: 2 detected, 1 unmitigated
09:49:59 core.sweep_detector INFO: FVGs: 3 detected, 2 unfilled
09:50:01 core.sweep_detector INFO: SweepDetector v2: 2 raw → 2 confirmed (vol≥1.5× body≥40%)
09:50:01 core.sweep_detector INFO: OrderBlocks: 2 detected, 0 unmitigated
09:50:01 core.sweep_detector INFO: FVGs: 2 detected, 0 unfilled
09:50:03 core.sweep_detector INFO: SweepDetector v2: 5 raw → 4 confirmed (vol≥1.5× body≥40%)
09:50:03 core.sweep_detector INFO: OrderBlocks: 7 detected, 2 unmitigated
09:50:03 core.sweep_detector INFO: FVGs: 8 detected, 1 unfilled
09:50:05 core.sweep_detector INFO: SweepDetector v2: 7 raw → 7 confirmed (vol≥1.5× body≥40%)
09:50:05 core.sweep_detector INFO: OrderBlocks: 2 detected, 0 unmitigated
09:50:05 core.sweep_detector INFO: FVGs: 8 detected, 3 unfilled
09:50:07 core.sweep_detector INFO: SweepDetector v2: 6 raw → 4 confirmed (vol≥1.5× body≥40%)
09:50:07 core.sweep_detector INFO: OrderBlocks: 6 detected, 1 unmitigated
09:50:07 core.sweep_detector INFO: FVGs: 10 detected, 3 unfilled
09:50:07 __main__ INFO: Pending signal #8: binance:GIGGLE/USDT short entry=23.09 current=22.88 dist=0.92% expires=2h
09:50:18 alerts.telegram INFO: Alert sent: binance:GIGGLE/USDT short RR=3.31
09:50:19 core.sweep_detector INFO: SweepDetector v2: 0 raw → 0 confirmed (vol≥1.5× body≥40%)
09:50:19 core.sweep_detector INFO: OrderBlocks: 6 detected, 4 unmitigated
09:50:19 core.sweep_detector INFO: FVGs: 15 detected, 5 unfilled
09:50:21 core.sweep_detector INFO: SweepDetector v2: 3 raw → 3 confirmed (vol≥1.5× body≥40%)
09:50:22 core.sweep_detector INFO: OrderBlocks: 6 detected, 3 unmitigated
09:50:22 core.sweep_detector INFO: FVGs: 13 detected, 1 unfilled
09:50:25 core.sweep_detector INFO: SweepDetector v2: 4 raw → 1 confirmed (vol≥1.5× body≥40%)
09:50:25 core.sweep_detector INFO: OrderBlocks: 10 detected, 4 unmitigated
09:50:25 core.sweep_detector INFO: FVGs: 16 detected, 7 unfilled
09:50:27 core.sweep_detector INFO: SweepDetector v2: 6 raw → 5 confirmed (vol≥1.5× body≥40%)
09:50:27 core.sweep_detector INFO: OrderBlocks: 6 detected, 2 unmitigated
09:50:27 core.sweep_detector INFO: FVGs: 9 detected, 3 unfilled
09:50:29 core.sweep_detector INFO: SweepDetector v2: 3 raw → 2 confirmed (vol≥1.5× body≥40%)
09:50:29 core.sweep_detector INFO: OrderBlocks: 2 detected, 1 unmitigated
09:50:29 core.sweep_detector INFO: FVGs: 7 detected, 2 unfilled
09:50:31 core.sweep_detector INFO: SweepDetector v2: 1 raw → 0 confirmed (vol≥1.5× body≥40%)
09:50:31 core.sweep_detector INFO: OrderBlocks: 7 detected, 2 unmitigated
09:50:31 core.sweep_detector INFO: FVGs: 4 detected, 1 unfilled
09:50:32 core.sweep_detector INFO: SweepDetector v2: 3 raw → 2 confirmed (vol≥1.5× body≥40%)
09:50:32 core.sweep_detector INFO: OrderBlocks: 9 detected, 4 unmitigated
09:50:32 core.sweep_detector INFO: FVGs: 11 detected, 4 unfilled
09:50:34 core.sweep_detector INFO: SweepDetector v2: 4 raw → 4 confirmed (vol≥1.5× body≥40%)
09:50:34 core.sweep_detector INFO: OrderBlocks: 7 detected, 2 unmitigated
09:50:34 core.sweep_detector INFO: FVGs: 20 detected, 4 unfilled
09:50:36 core.sweep_detector INFO: SweepDetector v2: 4 raw → 2 confirmed (vol≥1.5× body≥40%)
09:50:36 core.sweep_detector INFO: OrderBlocks: 8 detected, 4 unmitigated
09:50:36 core.sweep_detector INFO: FVGs: 8 detected, 2 unfilled
09:50:38 core.sweep_detector INFO: SweepDetector v2: 4 raw → 3 confirmed (vol≥1.5× body≥40%)
09:50:38 core.sweep_detector INFO: OrderBlocks: 6 detected, 2 unmitigated
09:50:38 core.sweep_detector INFO: FVGs: 15 detected, 3 unfilled
09:50:40 core.sweep_detector INFO: SweepDetector v2: 3 raw → 0 confirmed (vol≥1.5× body≥40%)
09:50:40 core.sweep_detector INFO: OrderBlocks: 11 detected, 2 unmitigated
09:50:40 core.sweep_detector INFO: FVGs: 13 detected, 3 unfilled
09:50:41 core.sweep_detector INFO: SweepDetector v2: 4 raw → 2 confirmed (vol≥1.5× body≥40%)
09:50:41 core.sweep_detector INFO: OrderBlocks: 4 detected, 2 unmitigated
09:50:41 core.sweep_detector INFO: FVGs: 10 detected, 5 unfilled
09:50:43 core.sweep_detector INFO: SweepDetector v2: 5 raw → 4 confirmed (vol≥1.5× body≥40%)
09:50:43 core.sweep_detector INFO: OrderBlocks: 9 detected, 3 unmitigated
09:50:43 core.sweep_detector INFO: FVGs: 8 detected, 4 unfilled
09:50:45 core.sweep_detector INFO: SweepDetector v2: 4 raw → 3 confirmed (vol≥1.5× body≥40%)
09:50:45 core.sweep_detector INFO: OrderBlocks: 3 detected, 1 unmitigated
09:50:45 core.sweep_detector INFO: FVGs: 6 detected, 2 unfilled
09:50:47 core.sweep_detector INFO: SweepDetector v2: 4 raw → 4 confirmed (vol≥1.5× body≥40%)
09:50:47 core.sweep_detector INFO: OrderBlocks: 6 detected, 0 unmitigated
09:50:47 core.sweep_detector INFO: FVGs: 7 detected, 2 unfilled
09:50:49 core.sweep_detector INFO: SweepDetector v2: 2 raw → 2 confirmed (vol≥1.5× body≥40%)
09:50:49 core.sweep_detector INFO: OrderBlocks: 6 detected, 3 unmitigated
09:50:49 core.sweep_detector INFO: FVGs: 7 detected, 4 unfilled
09:50:51 core.sweep_detector INFO: SweepDetector v2: 4 raw → 3 confirmed (vol≥1.5× body≥40%)
09:50:51 core.sweep_detector INFO: OrderBlocks: 3 detected, 1 unmitigated
09:50:51 core.sweep_detector INFO: FVGs: 10 detected, 5 unfilled
09:50:53 core.sweep_detector INFO: SweepDetector v2: 1 raw → 1 confirmed (vol≥1.5× body≥40%)
09:50:53 core.sweep_detector INFO: OrderBlocks: 6 detected, 2 unmitigated
09:50:53 core.sweep_detector INFO: FVGs: 7 detected, 4 unfilled
09:50:54 core.sweep_detector INFO: SweepDetector v2: 5 raw → 4 confirmed (vol≥1.5× body≥40%)
09:50:54 core.sweep_detector INFO: OrderBlocks: 4 detected, 0 unmitigated
09:50:54 core.sweep_detector INFO: FVGs: 7 detected, 0 unfilled
09:50:56 core.sweep_detector INFO: SweepDetector v2: 3 raw → 2 confirmed (vol≥1.5× body≥40%)
09:50:56 core.sweep_detector INFO: OrderBlocks: 5 detected, 0 unmitigated
09:50:56 core.sweep_detector INFO: FVGs: 5 detected, 0 unfilled
09:50:58 core.sweep_detector INFO: SweepDetector v2: 2 raw → 1 confirmed (vol≥1.5× body≥40%)
09:50:58 core.sweep_detector INFO: OrderBlocks: 7 detected, 1 unmitigated
09:50:58 core.sweep_detector INFO: FVGs: 3 detected, 1 unfilled
09:51:00 core.sweep_detector INFO: SweepDetector v2: 0 raw → 0 confirmed (vol≥1.5× body≥40%)
09:51:00 core.sweep_detector INFO: OrderBlocks: 3 detected, 1 unmitigated
09:51:00 core.sweep_detector INFO: FVGs: 11 detected, 1 unfilled
09:51:01 core.sweep_detector INFO: SweepDetector v2: 1 raw → 1 confirmed (vol≥1.5× body≥40%)
09:51:01 core.sweep_detector INFO: OrderBlocks: 4 detected, 0 unmitigated
09:51:01 core.sweep_detector INFO: FVGs: 9 detected, 1 unfilled
09:51:03 core.sweep_detector INFO: SweepDetector v2: 5 raw → 4 confirmed (vol≥1.5× body≥40%)
09:51:03 core.sweep_detector INFO: OrderBlocks: 4 detected, 0 unmitigated
09:51:03 core.sweep_detector INFO: FVGs: 5 detected, 0 unfilled
09:51:05 core.sweep_detector INFO: SweepDetector v2: 1 raw → 1 confirmed (vol≥1.5× body≥40%)
09:51:05 core.sweep_detector INFO: OrderBlocks: 7 detected, 3 unmitigated
09:51:05 core.sweep_detector INFO: FVGs: 11 detected, 6 unfilled
09:51:07 core.sweep_detector INFO: SweepDetector v2: 2 raw → 2 confirmed (vol≥1.5× body≥40%)
09:51:07 core.sweep_detector INFO: OrderBlocks: 4 detected, 3 unmitigated
09:51:07 core.sweep_detector INFO: FVGs: 12 detected, 4 unfilled
09:51:09 core.sweep_detector INFO: SweepDetector v2: 4 raw → 3 confirmed (vol≥1.5× body≥40%)
09:51:09 core.sweep_detector INFO: OrderBlocks: 8 detected, 2 unmitigated
09:51:09 core.sweep_detector INFO: FVGs: 10 detected, 1 unfilled
09:51:11 core.sweep_detector INFO: SweepDetector v2: 5 raw → 5 confirmed (vol≥1.5× body≥40%)
09:51:11 core.sweep_detector INFO: OrderBlocks: 9 detected, 3 unmitigated
09:51:11 core.sweep_detector INFO: FVGs: 11 detected, 4 unfilled
09:51:12 core.sweep_detector INFO: SweepDetector v2: 6 raw → 6 confirmed (vol≥1.5× body≥40%)
09:51:12 core.sweep_detector INFO: OrderBlocks: 3 detected, 3 unmitigated
09:51:12 core.sweep_detector INFO: FVGs: 6 detected, 4 unfilled
09:51:14 core.sweep_detector INFO: SweepDetector v2: 3 raw → 1 confirmed (vol≥1.5× body≥40%)
09:51:14 core.sweep_detector INFO: OrderBlocks: 5 detected, 2 unmitigated
09:51:14 core.sweep_detector INFO: FVGs: 14 detected, 6 unfilled
09:51:15 core.sweep_detector INFO: SweepDetector v2: 6 raw → 5 confirmed (vol≥1.5× body≥40%)
09:51:15 core.sweep_detector INFO: OrderBlocks: 8 detected, 2 unmitigated
09:51:15 core.sweep_detector INFO: FVGs: 7 detected, 0 unfilled
09:51:17 core.sweep_detector INFO: SweepDetector v2: 8 raw → 5 confirmed (vol≥1.5× body≥40%)
09:51:17 core.sweep_detector INFO: OrderBlocks: 4 detected, 3 unmitigated
09:51:17 core.sweep_detector INFO: FVGs: 10 detected, 3 unfilled
09:51:19 core.sweep_detector INFO: SweepDetector v2: 2 raw → 1 confirmed (vol≥1.5× body≥40%)
09:51:19 core.sweep_detector INFO: OrderBlocks: 6 detected, 0 unmitigated
09:51:19 core.sweep_detector INFO: FVGs: 5 detected, 1 unfilled
09:51:20 core.sweep_detector INFO: SweepDetector v2: 1 raw → 1 confirmed (vol≥1.5× body≥40%)
09:51:20 core.sweep_detector INFO: OrderBlocks: 8 detected, 3 unmitigated
09:51:20 core.sweep_detector INFO: FVGs: 7 detected, 2 unfilled
09:51:22 core.sweep_detector INFO: SweepDetector v2: 4 raw → 3 confirmed (vol≥1.5× body≥40%)
09:51:22 core.sweep_detector INFO: OrderBlocks: 3 detected, 1 unmitigated
09:51:22 core.sweep_detector INFO: FVGs: 8 detected, 5 unfilled
09:51:25 core.sweep_detector INFO: SweepDetector v2: 5 raw → 4 confirmed (vol≥1.5× body≥40%)
09:51:25 core.sweep_detector INFO: OrderBlocks: 2 detected, 2 unmitigated
09:51:25 core.sweep_detector INFO: FVGs: 7 detected, 3 unfilled
09:51:26 core.sweep_detector INFO: SweepDetector v2: 5 raw → 4 confirmed (vol≥1.5× body≥40%)
09:51:26 core.sweep_detector INFO: OrderBlocks: 4 detected, 2 unmitigated
09:51:26 core.sweep_detector INFO: FVGs: 8 detected, 4 unfilled
09:51:28 core.sweep_detector INFO: SweepDetector v2: 5 raw → 1 confirmed (vol≥1.5× body≥40%)
09:51:28 core.sweep_detector INFO: OrderBlocks: 3 detected, 0 unmitigated
09:51:28 core.sweep_detector INFO: FVGs: 6 detected, 4 unfilled
09:51:30 core.sweep_detector INFO: SweepDetector v2: 1 raw → 1 confirmed (vol≥1.5× body≥40%)
09:51:30 core.sweep_detector INFO: OrderBlocks: 1 detected, 0 unmitigated
09:51:30 core.sweep_detector INFO: FVGs: 2 detected, 0 unfilled
09:51:32 core.sweep_detector INFO: SweepDetector v2: 2 raw → 1 confirmed (vol≥1.5× body≥40%)
09:51:32 core.sweep_detector INFO: OrderBlocks: 7 detected, 2 unmitigated
09:51:32 core.sweep_detector INFO: FVGs: 5 detected, 2 unfilled
09:51:34 core.sweep_detector INFO: SweepDetector v2: 2 raw → 2 confirmed (vol≥1.5× body≥40%)
09:51:34 core.sweep_detector INFO: OrderBlocks: 0 detected, 0 unmitigated
09:51:34 core.sweep_detector INFO: FVGs: 7 detected, 1 unfilled
09:51:36 core.sweep_detector INFO: SweepDetector v2: 1 raw → 1 confirmed (vol≥1.5× body≥40%)
09:51:36 core.sweep_detector INFO: OrderBlocks: 5 detected, 0 unmitigated
09:51:36 core.sweep_detector INFO: FVGs: 1 detected, 0 unfilled
09:51:38 core.sweep_detector INFO: SweepDetector v2: 1 raw → 1 confirmed (vol≥1.5× body≥40%)
09:51:38 core.sweep_detector INFO: OrderBlocks: 8 detected, 1 unmitigated
09:51:38 core.sweep_detector INFO: FVGs: 13 detected, 2 unfilled
09:51:39 core.sweep_detector INFO: SweepDetector v2: 5 raw → 4 confirmed (vol≥1.5× body≥40%)
09:51:39 core.sweep_detector INFO: OrderBlocks: 5 detected, 2 unmitigated
09:51:39 core.sweep_detector INFO: FVGs: 8 detected, 4 unfilled
09:51:41 core.sweep_detector INFO: SweepDetector v2: 4 raw → 3 confirmed (vol≥1.5× body≥40%)
09:51:41 core.sweep_detector INFO: OrderBlocks: 7 detected, 4 unmitigated
09:51:41 core.sweep_detector INFO: FVGs: 15 detected, 7 unfilled
09:51:43 core.sweep_detector INFO: SweepDetector v2: 7 raw → 5 confirmed (vol≥1.5× body≥40%)
09:51:43 core.sweep_detector INFO: OrderBlocks: 5 detected, 2 unmitigated
09:51:43 core.sweep_detector INFO: FVGs: 7 detected, 2 unfilled
09:51:45 core.sweep_detector INFO: SweepDetector v2: 2 raw → 2 confirmed (vol≥1.5× body≥40%)
09:51:45 core.sweep_detector INFO: OrderBlocks: 4 detected, 3 unmitigated
09:51:45 core.sweep_detector INFO: FVGs: 6 detected, 3 unfilled
09:51:47 core.sweep_detector INFO: SweepDetector v2: 1 raw → 1 confirmed (vol≥1.5× body≥40%)
09:51:47 core.sweep_detector INFO: OrderBlocks: 2 detected, 1 unmitigated
09:51:47 core.sweep_detector INFO: FVGs: 5 detected, 1 unfilled
09:51:50 core.sweep_detector INFO: SweepDetector v2: 1 raw → 1 confirmed (vol≥1.5× body≥40%)
09:51:50 core.sweep_detector INFO: OrderBlocks: 6 detected, 0 unmitigated
09:51:50 core.sweep_detector INFO: FVGs: 8 detected, 1 unfilled
09:51:52 core.sweep_detector INFO: SweepDetector v2: 6 raw → 5 confirmed (vol≥1.5× body≥40%)
09:51:52 core.sweep_detector INFO: OrderBlocks: 1 detected, 1 unmitigated
09:51:52 core.sweep_detector INFO: FVGs: 9 detected, 5 unfilled
09:51:53 core.sweep_detector INFO: SweepDetector v2: 4 raw → 3 confirmed (vol≥1.5× body≥40%)
09:51:53 core.sweep_detector INFO: OrderBlocks: 5 detected, 1 unmitigated
09:51:53 core.sweep_detector INFO: FVGs: 7 detected, 2 unfilled
09:51:55 core.sweep_detector INFO: SweepDetector v2: 3 raw → 1 confirmed (vol≥1.5× body≥40%)
09:51:55 core.sweep_detector INFO: OrderBlocks: 8 detected, 2 unmitigated
09:51:55 core.sweep_detector INFO: FVGs: 4 detected, 3 unfilled
09:51:57 core.sweep_detector INFO: SweepDetector v2: 4 raw → 2 confirmed (vol≥1.5× body≥40%)
09:51:57 core.sweep_detector INFO: OrderBlocks: 2 detected, 0 unmitigated
09:51:57 core.sweep_detector INFO: FVGs: 6 detected, 4 unfilled
09:51:59 core.sweep_detector INFO: SweepDetector v2: 0 raw → 0 confirmed (vol≥1.5× body≥40%)
09:51:59 core.sweep_detector INFO: OrderBlocks: 7 detected, 1 unmitigated
09:51:59 core.sweep_detector INFO: FVGs: 5 detected, 3 unfilled
09:52:01 core.sweep_detector INFO: SweepDetector v2: 3 raw → 3 confirmed (vol≥1.5× body≥40%)
09:52:01 core.sweep_detector INFO: OrderBlocks: 8 detected, 3 unmitigated
09:52:01 core.sweep_detector INFO: FVGs: 8 detected, 5 unfilled
09:52:03 core.sweep_detector INFO: SweepDetector v2: 5 raw → 3 confirmed (vol≥1.5× body≥40%)
09:52:03 core.sweep_detector INFO: OrderBlocks: 3 detected, 0 unmitigated
09:52:03 core.sweep_detector INFO: FVGs: 7 detected, 1 unfilled
09:52:05 core.sweep_detector INFO: SweepDetector v2: 4 raw → 1 confirmed (vol≥1.5× body≥40%)
09:52:05 core.sweep_detector INFO: OrderBlocks: 5 detected, 2 unmitigated
09:52:05 core.sweep_detector INFO: FVGs: 6 detected, 2 unfilled
09:52:07 core.sweep_detector INFO: SweepDetector v2: 0 raw → 0 confirmed (vol≥1.5× body≥40%)
09:52:07 core.sweep_detector INFO: OrderBlocks: 2 detected, 0 unmitigated
09:52:07 core.sweep_detector INFO: FVGs: 12 detected, 4 unfilled
09:52:09 core.sweep_detector INFO: SweepDetector v2: 5 raw → 4 confirmed (vol≥1.5× body≥40%)
09:52:09 core.sweep_detector INFO: OrderBlocks: 8 detected, 4 unmitigated
09:52:09 core.sweep_detector INFO: FVGs: 10 detected, 6 unfilled
09:52:10 core.sweep_detector INFO: SweepDetector v2: 2 raw → 0 confirmed (vol≥1.5× body≥40%)
09:52:10 core.sweep_detector INFO: OrderBlocks: 5 detected, 1 unmitigated
09:52:10 core.sweep_detector INFO: FVGs: 10 detected, 4 unfilled
09:52:12 core.sweep_detector INFO: SweepDetector v2: 6 raw → 4 confirmed (vol≥1.5× body≥40%)
09:52:12 core.sweep_detector INFO: OrderBlocks: 10 detected, 2 unmitigated
09:52:12 core.sweep_detector INFO: FVGs: 12 detected, 2 unfilled
09:52:15 core.sweep_detector INFO: SweepDetector v2: 3 raw → 2 confirmed (vol≥1.5× body≥40%)
09:52:15 core.sweep_detector INFO: OrderBlocks: 9 detected, 2 unmitigated
09:52:15 core.sweep_detector INFO: FVGs: 11 detected, 4 unfilled
09:52:16 core.sweep_detector INFO: SweepDetector v2: 2 raw → 1 confirmed (vol≥1.5× body≥40%)
09:52:16 core.sweep_detector INFO: OrderBlocks: 2 detected, 0 unmitigated
09:52:16 core.sweep_detector INFO: FVGs: 7 detected, 2 unfilled
09:52:18 core.sweep_detector INFO: SweepDetector v2: 5 raw → 3 confirmed (vol≥1.5× body≥40%)
09:52:18 core.sweep_detector INFO: OrderBlocks: 6 detected, 1 unmitigated
09:52:18 core.sweep_detector INFO: FVGs: 10 detected, 5 unfilled
09:52:20 core.sweep_detector INFO: SweepDetector v2: 5 raw → 3 confirmed (vol≥1.5× body≥40%)
09:52:20 core.sweep_detector INFO: OrderBlocks: 7 detected, 4 unmitigated
09:52:20 core.sweep_detector INFO: FVGs: 8 detected, 4 unfilled
09:52:22 core.sweep_detector INFO: SweepDetector v2: 5 raw → 3 confirmed (vol≥1.5× body≥40%)
09:52:22 core.sweep_detector INFO: OrderBlocks: 10 detected, 3 unmitigated
09:52:22 core.sweep_detector INFO: FVGs: 10 detected, 4 unfilled
09:52:24 core.sweep_detector INFO: SweepDetector v2: 4 raw → 3 confirmed (vol≥1.5× body≥40%)
09:52:24 core.sweep_detector INFO: OrderBlocks: 14 detected, 2 unmitigated
09:52:24 core.sweep_detector INFO: FVGs: 14 detected, 1 unfilled
09:52:27 core.sweep_detector INFO: SweepDetector v2: 4 raw → 3 confirmed (vol≥1.5× body≥40%)
09:52:27 core.sweep_detector INFO: OrderBlocks: 2 detected, 1 unmitigated
09:52:27 core.sweep_detector INFO: FVGs: 8 detected, 1 unfilled
09:52:29 core.sweep_detector INFO: SweepDetector v2: 6 raw → 4 confirmed (vol≥1.5× body≥40%)
09:52:29 core.sweep_detector INFO: OrderBlocks: 3 detected, 2 unmitigated
09:52:29 core.sweep_detector INFO: FVGs: 4 detected, 2 unfilled
09:52:31 core.sweep_detector INFO: SweepDetector v2: 6 raw → 4 confirmed (vol≥1.5× body≥40%)
09:52:31 core.sweep_detector INFO: OrderBlocks: 6 detected, 4 unmitigated
09:52:31 core.sweep_detector INFO: FVGs: 11 detected, 4 unfilled
09:52:32 core.sweep_detector INFO: SweepDetector v2: 5 raw → 4 confirmed (vol≥1.5× body≥40%)
09:52:32 core.sweep_detector INFO: OrderBlocks: 5 detected, 1 unmitigated
09:52:32 core.sweep_detector INFO: FVGs: 8 detected, 4 unfilled
09:52:34 core.sweep_detector INFO: SweepDetector v2: 3 raw → 1 confirmed (vol≥1.5× body≥40%)
09:52:34 core.sweep_detector INFO: OrderBlocks: 4 detected, 0 unmitigated
09:52:34 core.sweep_detector INFO: FVGs: 10 detected, 3 unfilled
09:52:36 core.sweep_detector INFO: SweepDetector v2: 3 raw → 3 confirmed (vol≥1.5× body≥40%)
09:52:36 core.sweep_detector INFO: OrderBlocks: 5 detected, 4 unmitigated
09:52:36 core.sweep_detector INFO: FVGs: 7 detected, 3 unfilled
09:52:36 __main__ ERROR: Pending trigger error #11: cannot access local variable 'symbol' where it is not associated with a value
09:52:37 core.sweep_detector INFO: SweepDetector v2: 3 raw → 3 confirmed (vol≥1.5× body≥40%)
09:52:37 core.sweep_detector INFO: OrderBlocks: 1 detected, 0 unmitigated
09:52:37 core.sweep_detector INFO: FVGs: 6 detected, 3 unfilled
09:52:38 __main__ ERROR: Pending trigger error #11: cannot access local variable 'symbol' where it is not associated with a value
09:52:39 core.sweep_detector INFO: SweepDetector v2: 4 raw → 4 confirmed (vol≥1.5× body≥40%)
09:52:39 core.sweep_detector INFO: OrderBlocks: 4 detected, 0 unmitigated
09:52:39 core.sweep_detector INFO: FVGs: 4 detected, 0 unfilled
09:52:39 __main__ INFO: Pending signal #11: binance:OP/USDT short entry=0.10275 current=0.1025 dist=0.24% expires=2h
09:52:39 alerts.telegram INFO: Alert suppressed (binance:OP/USDT short): conf 0.65 < threshold 0.70
09:52:39 __main__ ERROR: Pending trigger error #11: cannot access local variable 'symbol' where it is not associated with a value
09:52:41 core.sweep_detector INFO: SweepDetector v2: 3 raw → 3 confirmed (vol≥1.5× body≥40%)
09:52:41 core.sweep_detector INFO: OrderBlocks: 7 detected, 2 unmitigated
09:52:41 core.sweep_detector INFO: FVGs: 10 detected, 3 unfilled
09:52:41 __main__ ERROR: Pending trigger error #12: cannot access local variable 'symbol' where it is not associated with a value
09:52:43 core.sweep_detector INFO: SweepDetector v2: 5 raw → 3 confirmed (vol≥1.5× body≥40%)
09:52:43 core.sweep_detector INFO: OrderBlocks: 5 detected, 1 unmitigated
09:52:43 core.sweep_detector INFO: FVGs: 5 detected, 1 unfilled
09:52:43 __main__ ERROR: Pending trigger error #12: cannot access local variable 'symbol' where it is not associated with a value
09:52:45 core.sweep_detector INFO: SweepDetector v2: 6 raw → 5 confirmed (vol≥1.5× body≥40%)
09:52:45 core.sweep_detector INFO: OrderBlocks: 5 detected, 4 unmitigated
09:52:45 core.sweep_detector INFO: FVGs: 11 detected, 4 unfilled
09:52:45 __main__ INFO: Pending signal #12: binance:OPEN/USDT long entry=0.16355 current=0.1639 dist=0.21% expires=2h
09:52:45 alerts.telegram INFO: Alert suppressed (binance:OPEN/USDT long): conf 0.57 < threshold 0.70
09:52:45 __main__ ERROR: Pending trigger error #12: cannot access local variable 'symbol' where it is not associated with a value
09:52:47 core.sweep_detector INFO: SweepDetector v2: 1 raw → 1 confirmed (vol≥1.5× body≥40%)
09:52:47 core.sweep_detector INFO: OrderBlocks: 5 detected, 2 unmitigated
09:52:47 core.sweep_detector INFO: FVGs: 9 detected, 4 unfilled
09:52:49 core.sweep_detector INFO: SweepDetector v2: 3 raw → 2 confirmed (vol≥1.5× body≥40%)
09:52:49 core.sweep_detector INFO: OrderBlocks: 5 detected, 1 unmitigated
09:52:49 core.sweep_detector INFO: FVGs: 15 detected, 0 unfilled
09:52:51 core.sweep_detector INFO: SweepDetector v2: 5 raw → 3 confirmed (vol≥1.5× body≥40%)
09:52:51 core.sweep_detector INFO: OrderBlocks: 2 detected, 1 unmitigated
09:52:51 core.sweep_detector INFO: FVGs: 8 detected, 3 unfilled
09:52:53 core.sweep_detector INFO: SweepDetector v2: 6 raw → 2 confirmed (vol≥1.5× body≥40%)
09:52:53 core.sweep_detector INFO: OrderBlocks: 8 detected, 1 unmitigated
09:52:53 core.sweep_detector INFO: FVGs: 5 detected, 0 unfilled
09:52:55 core.sweep_detector INFO: SweepDetector v2: 3 raw → 1 confirmed (vol≥1.5× body≥40%)
09:52:55 core.sweep_detector INFO: OrderBlocks: 2 detected, 1 unmitigated
09:52:55 core.sweep_detector INFO: FVGs: 9 detected, 4 unfilled
09:52:56 core.sweep_detector INFO: SweepDetector v2: 7 raw → 4 confirmed (vol≥1.5× body≥40%)
09:52:56 core.sweep_detector INFO: OrderBlocks: 10 detected, 2 unmitigated
09:52:56 core.sweep_detector INFO: FVGs: 10 detected, 2 unfilled
09:52:58 core.sweep_detector INFO: SweepDetector v2: 6 raw → 5 confirmed (vol≥1.5× body≥40%)
09:52:58 core.sweep_detector INFO: OrderBlocks: 4 detected, 0 unmitigated
09:52:58 core.sweep_detector INFO: FVGs: 6 detected, 1 unfilled
09:53:00 core.sweep_detector INFO: SweepDetector v2: 4 raw → 3 confirmed (vol≥1.5× body≥40%)
09:53:00 core.sweep_detector INFO: OrderBlocks: 1 detected, 1 unmitigated
09:53:00 core.sweep_detector INFO: FVGs: 4 detected, 1 unfilled
09:53:02 core.sweep_detector INFO: SweepDetector v2: 2 raw → 2 confirmed (vol≥1.5× body≥40%)
09:53:02 core.sweep_detector INFO: OrderBlocks: 8 detected, 4 unmitigated
09:53:02 core.sweep_detector INFO: FVGs: 0 detected, 0 unfilled
09:53:04 core.sweep_detector INFO: SweepDetector v2: 2 raw → 2 confirmed (vol≥1.5× body≥40%)
09:53:04 core.sweep_detector INFO: OrderBlocks: 3 detected, 0 unmitigated
09:53:04 core.sweep_detector INFO: FVGs: 8 detected, 4 unfilled
09:53:05 core.sweep_detector INFO: SweepDetector v2: 2 raw → 1 confirmed (vol≥1.5× body≥40%)
09:53:05 core.sweep_detector INFO: OrderBlocks: 1 detected, 0 unmitigated
09:53:05 core.sweep_detector INFO: FVGs: 8 detected, 4 unfilled
09:53:07 core.sweep_detector INFO: SweepDetector v2: 3 raw → 1 confirmed (vol≥1.5× body≥40%)
09:53:08 core.sweep_detector INFO: OrderBlocks: 5 detected, 3 unmitigated
09:53:08 core.sweep_detector INFO: FVGs: 7 detected, 4 unfilled
09:53:09 core.sweep_detector INFO: SweepDetector v2: 4 raw → 3 confirmed (vol≥1.5× body≥40%)
09:53:09 core.sweep_detector INFO: OrderBlocks: 7 detected, 3 unmitigated
09:53:09 core.sweep_detector INFO: FVGs: 9 detected, 4 unfilled
09:53:11 core.sweep_detector INFO: SweepDetector v2: 3 raw → 3 confirmed (vol≥1.5× body≥40%)
09:53:11 core.sweep_detector INFO: OrderBlocks: 2 detected, 0 unmitigated
09:53:11 core.sweep_detector INFO: FVGs: 6 detected, 4 unfilled
09:53:13 core.sweep_detector INFO: SweepDetector v2: 1 raw → 1 confirmed (vol≥1.5× body≥40%)
09:53:13 core.sweep_detector INFO: OrderBlocks: 6 detected, 2 unmitigated
09:53:13 core.sweep_detector INFO: FVGs: 5 detected, 3 unfilled
09:53:14 core.sweep_detector INFO: SweepDetector v2: 3 raw → 3 confirmed (vol≥1.5× body≥40%)
09:53:14 core.sweep_detector INFO: OrderBlocks: 4 detected, 1 unmitigated
09:53:14 core.sweep_detector INFO: FVGs: 5 detected, 1 unfilled
09:53:16 core.sweep_detector INFO: SweepDetector v2: 4 raw → 3 confirmed (vol≥1.5× body≥40%)
09:53:16 core.sweep_detector INFO: OrderBlocks: 1 detected, 0 unmitigated
09:53:16 core.sweep_detector INFO: FVGs: 4 detected, 1 unfilled
09:53:18 core.sweep_detector INFO: SweepDetector v2: 2 raw → 2 confirmed (vol≥1.5× body≥40%)
09:53:18 core.sweep_detector INFO: OrderBlocks: 2 detected, 0 unmitigated
09:53:18 core.sweep_detector INFO: FVGs: 2 detected, 0 unfilled
09:53:19 core.sweep_detector INFO: SweepDetector v2: 5 raw → 3 confirmed (vol≥1.5× body≥40%)
09:53:19 core.sweep_detector INFO: OrderBlocks: 3 detected, 3 unmitigated
09:53:19 core.sweep_detector INFO: FVGs: 10 detected, 2 unfilled
09:53:21 core.sweep_detector INFO: SweepDetector v2: 4 raw → 2 confirmed (vol≥1.5× body≥40%)
09:53:21 core.sweep_detector INFO: OrderBlocks: 5 detected, 2 unmitigated
09:53:21 core.sweep_detector INFO: FVGs: 9 detected, 3 unfilled
09:53:23 core.sweep_detector INFO: SweepDetector v2: 5 raw → 5 confirmed (vol≥1.5× body≥40%)
09:53:23 core.sweep_detector INFO: OrderBlocks: 4 detected, 1 unmitigated
09:53:23 core.sweep_detector INFO: FVGs: 10 detected, 2 unfilled
09:53:25 core.sweep_detector INFO: SweepDetector v2: 3 raw → 3 confirmed (vol≥1.5× body≥40%)
09:53:25 core.sweep_detector INFO: OrderBlocks: 8 detected, 3 unmitigated
09:53:25 core.sweep_detector INFO: FVGs: 10 detected, 3 unfilled
09:53:26 core.sweep_detector INFO: SweepDetector v2: 7 raw → 3 confirmed (vol≥1.5× body≥40%)
09:53:26 core.sweep_detector INFO: OrderBlocks: 1 detected, 0 unmitigated
09:53:26 core.sweep_detector INFO: FVGs: 11 detected, 5 unfilled
09:53:28 core.sweep_detector INFO: SweepDetector v2: 3 raw → 2 confirmed (vol≥1.5× body≥40%)
09:53:28 core.sweep_detector INFO: OrderBlocks: 2 detected, 0 unmitigated
09:53:28 core.sweep_detector INFO: FVGs: 4 detected, 1 unfilled
09:53:30 core.sweep_detector INFO: SweepDetector v2: 1 raw → 0 confirmed (vol≥1.5× body≥40%)
09:53:30 core.sweep_detector INFO: OrderBlocks: 5 detected, 1 unmitigated
09:53:30 core.sweep_detector INFO: FVGs: 5 detected, 2 unfilled
09:53:31 core.sweep_detector INFO: SweepDetector v2: 8 raw → 6 confirmed (vol≥1.5× body≥40%)
09:53:31 core.sweep_detector INFO: OrderBlocks: 1 detected, 0 unmitigated
09:53:31 core.sweep_detector INFO: FVGs: 7 detected, 1 unfilled
09:53:33 core.sweep_detector INFO: SweepDetector v2: 0 raw → 0 confirmed (vol≥1.5× body≥40%)
09:53:33 core.sweep_detector INFO: OrderBlocks: 4 detected, 1 unmitigated
09:53:33 core.sweep_detector INFO: FVGs: 3 detected, 1 unfilled
09:53:35 core.sweep_detector INFO: SweepDetector v2: 1 raw → 1 confirmed (vol≥1.5× body≥40%)
09:53:35 core.sweep_detector INFO: OrderBlocks: 3 detected, 0 unmitigated
09:53:35 core.sweep_detector INFO: FVGs: 12 detected, 3 unfilled
09:53:36 core.sweep_detector INFO: SweepDetector v2: 4 raw → 2 confirmed (vol≥1.5× body≥40%)
09:53:36 core.sweep_detector INFO: OrderBlocks: 4 detected, 0 unmitigated
09:53:36 core.sweep_detector INFO: FVGs: 4 detected, 1 unfilled
09:53:38 core.sweep_detector INFO: SweepDetector v2: 5 raw → 3 confirmed (vol≥1.5× body≥40%)
09:53:38 core.sweep_detector INFO: OrderBlocks: 4 detected, 1 unmitigated
09:53:38 core.sweep_detector INFO: FVGs: 6 detected, 1 unfilled
09:53:40 core.sweep_detector INFO: SweepDetector v2: 4 raw → 4 confirmed (vol≥1.5× body≥40%)
09:53:40 core.sweep_detector INFO: OrderBlocks: 7 detected, 3 unmitigated
09:53:40 core.sweep_detector INFO: FVGs: 9 detected, 2 unfilled
09:53:41 core.sweep_detector INFO: SweepDetector v2: 6 raw → 4 confirmed (vol≥1.5× body≥40%)
09:53:41 core.sweep_detector INFO: OrderBlocks: 4 detected, 1 unmitigated
09:53:41 core.sweep_detector INFO: FVGs: 9 detected, 3 unfilled
09:53:43 core.sweep_detector INFO: SweepDetector v2: 5 raw → 4 confirmed (vol≥1.5× body≥40%)
09:53:43 core.sweep_detector INFO: OrderBlocks: 4 detected, 0 unmitigated
09:53:43 core.sweep_detector INFO: FVGs: 7 detected, 3 unfilled
09:53:45 core.sweep_detector INFO: SweepDetector v2: 4 raw → 3 confirmed (vol≥1.5× body≥40%)
09:53:45 core.sweep_detector INFO: OrderBlocks: 2 detected, 1 unmitigated
09:53:45 core.sweep_detector INFO: FVGs: 12 detected, 6 unfilled
09:53:47 core.sweep_detector INFO: SweepDetector v2: 3 raw → 2 confirmed (vol≥1.5× body≥40%)
09:53:47 core.sweep_detector INFO: OrderBlocks: 4 detected, 3 unmitigated
09:53:47 core.sweep_detector INFO: FVGs: 13 detected, 6 unfilled
09:53:49 core.sweep_detector INFO: SweepDetector v2: 1 raw → 0 confirmed (vol≥1.5× body≥40%)
09:53:49 core.sweep_detector INFO: OrderBlocks: 7 detected, 1 unmitigated
09:53:49 core.sweep_detector INFO: FVGs: 14 detected, 4 unfilled
09:53:51 core.sweep_detector INFO: SweepDetector v2: 0 raw → 0 confirmed (vol≥1.5× body≥40%)
09:53:51 core.sweep_detector INFO: OrderBlocks: 1 detected, 0 unmitigated
09:53:51 core.sweep_detector INFO: FVGs: 0 detected, 0 unfilled
09:53:52 core.sweep_detector INFO: SweepDetector v2: 0 raw → 0 confirmed (vol≥1.5× body≥40%)
09:53:52 core.sweep_detector INFO: OrderBlocks: 0 detected, 0 unmitigated
09:53:52 core.sweep_detector INFO: FVGs: 0 detected, 0 unfilled
09:53:54 core.sweep_detector INFO: SweepDetector v2: 0 raw → 0 confirmed (vol≥1.5× body≥40%)
09:53:54 core.sweep_detector INFO: OrderBlocks: 1 detected, 0 unmitigated
09:53:54 core.sweep_detector INFO: FVGs: 0 detected, 0 unfilled
09:53:56 core.sweep_detector INFO: SweepDetector v2: 2 raw → 2 confirmed (vol≥1.5× body≥40%)
09:53:56 core.sweep_detector INFO: OrderBlocks: 5 detected, 2 unmitigated
09:53:56 core.sweep_detector INFO: FVGs: 7 detected, 2 unfilled
09:53:58 core.sweep_detector INFO: SweepDetector v2: 4 raw → 4 confirmed (vol≥1.5× body≥40%)
09:53:58 core.sweep_detector INFO: OrderBlocks: 2 detected, 1 unmitigated
09:53:58 core.sweep_detector INFO: FVGs: 14 detected, 2 unfilled
09:54:00 core.sweep_detector INFO: SweepDetector v2: 2 raw → 1 confirmed (vol≥1.5× body≥40%)
09:54:00 core.sweep_detector INFO: OrderBlocks: 9 detected, 4 unmitigated
09:54:00 core.sweep_detector INFO: FVGs: 6 detected, 2 unfilled
09:54:02 core.sweep_detector INFO: SweepDetector v2: 6 raw → 3 confirmed (vol≥1.5× body≥40%)
09:54:02 core.sweep_detector INFO: OrderBlocks: 9 detected, 2 unmitigated
09:54:02 core.sweep_detector INFO: FVGs: 13 detected, 7 unfilled
09:54:03 core.sweep_detector INFO: SweepDetector v2: 6 raw → 4 confirmed (vol≥1.5× body≥40%)
09:54:03 core.sweep_detector INFO: OrderBlocks: 2 detected, 1 unmitigated
09:54:03 core.sweep_detector INFO: FVGs: 7 detected, 4 unfilled
09:54:05 core.sweep_detector INFO: SweepDetector v2: 3 raw → 3 confirmed (vol≥1.5× body≥40%)
09:54:05 core.sweep_detector INFO: OrderBlocks: 4 detected, 1 unmitigated
09:54:05 core.sweep_detector INFO: FVGs: 3 detected, 1 unfilled
09:54:07 core.sweep_detector INFO: SweepDetector v2: 2 raw → 2 confirmed (vol≥1.5× body≥40%)
09:54:07 core.sweep_detector INFO: OrderBlocks: 7 detected, 0 unmitigated
09:54:07 core.sweep_detector INFO: FVGs: 9 detected, 2 unfilled
09:54:09 core.sweep_detector INFO: SweepDetector v2: 4 raw → 2 confirmed (vol≥1.5× body≥40%)
09:54:09 core.sweep_detector INFO: OrderBlocks: 4 detected, 1 unmitigated
09:54:09 core.sweep_detector INFO: FVGs: 11 detected, 2 unfilled
09:54:11 core.sweep_detector INFO: SweepDetector v2: 1 raw → 1 confirmed (vol≥1.5× body≥40%)
09:54:11 core.sweep_detector INFO: OrderBlocks: 7 detected, 2 unmitigated
09:54:11 core.sweep_detector INFO: FVGs: 6 detected, 1 unfilled
09:54:12 core.sweep_detector INFO: SweepDetector v2: 6 raw → 3 confirmed (vol≥1.5× body≥40%)
09:54:12 core.sweep_detector INFO: OrderBlocks: 6 detected, 1 unmitigated
09:54:12 core.sweep_detector INFO: FVGs: 11 detected, 1 unfilled
09:54:14 core.sweep_detector INFO: SweepDetector v2: 4 raw → 2 confirmed (vol≥1.5× body≥40%)
09:54:14 core.sweep_detector INFO: OrderBlocks: 0 detected, 0 unmitigated
09:54:14 core.sweep_detector INFO: FVGs: 5 detected, 4 unfilled
09:54:16 core.sweep_detector INFO: SweepDetector v2: 5 raw → 1 confirmed (vol≥1.5× body≥40%)
09:54:16 core.sweep_detector INFO: OrderBlocks: 7 detected, 1 unmitigated
09:54:16 core.sweep_detector INFO: FVGs: 7 detected, 2 unfilled
09:54:17 core.sweep_detector INFO: SweepDetector v2: 3 raw → 2 confirmed (vol≥1.5× body≥40%)
09:54:17 core.sweep_detector INFO: OrderBlocks: 4 detected, 2 unmitigated
09:54:17 core.sweep_detector INFO: FVGs: 10 detected, 7 unfilled
09:54:19 core.sweep_detector INFO: SweepDetector v2: 3 raw → 1 confirmed (vol≥1.5× body≥40%)
09:54:19 core.sweep_detector INFO: OrderBlocks: 2 detected, 0 unmitigated
09:54:19 core.sweep_detector INFO: FVGs: 7 detected, 2 unfilled
09:54:21 core.sweep_detector INFO: SweepDetector v2: 2 raw → 1 confirmed (vol≥1.5× body≥40%)
09:54:21 core.sweep_detector INFO: OrderBlocks: 3 detected, 1 unmitigated
09:54:21 core.sweep_detector INFO: FVGs: 5 detected, 1 unfilled
09:54:23 core.sweep_detector INFO: SweepDetector v2: 6 raw → 4 confirmed (vol≥1.5× body≥40%)
09:54:23 core.sweep_detector INFO: OrderBlocks: 7 detected, 2 unmitigated
09:54:23 core.sweep_detector INFO: FVGs: 8 detected, 4 unfilled
09:54:24 core.sweep_detector INFO: SweepDetector v2: 3 raw → 2 confirmed (vol≥1.5× body≥40%)
09:54:24 core.sweep_detector INFO: OrderBlocks: 5 detected, 2 unmitigated
09:54:24 core.sweep_detector INFO: FVGs: 16 detected, 6 unfilled
09:54:26 core.sweep_detector INFO: SweepDetector v2: 1 raw → 1 confirmed (vol≥1.5× body≥40%)
09:54:26 core.sweep_detector INFO: OrderBlocks: 8 detected, 3 unmitigated
09:54:26 core.sweep_detector INFO: FVGs: 10 detected, 6 unfilled
09:54:28 core.sweep_detector INFO: SweepDetector v2: 3 raw → 3 confirmed (vol≥1.5× body≥40%)
09:54:28 core.sweep_detector INFO: OrderBlocks: 5 detected, 1 unmitigated
09:54:28 core.sweep_detector INFO: FVGs: 8 detected, 3 unfilled
09:54:30 core.sweep_detector INFO: SweepDetector v2: 3 raw → 2 confirmed (vol≥1.5× body≥40%)
09:54:30 core.sweep_detector INFO: OrderBlocks: 3 detected, 2 unmitigated
09:54:30 core.sweep_detector INFO: FVGs: 6 detected, 2 unfilled
09:54:31 core.sweep_detector INFO: SweepDetector v2: 1 raw → 1 confirmed (vol≥1.5× body≥40%)
09:54:31 core.sweep_detector INFO: OrderBlocks: 4 detected, 1 unmitigated
09:54:31 core.sweep_detector INFO: FVGs: 2 detected, 1 unfilled
09:54:33 core.sweep_detector INFO: SweepDetector v2: 6 raw → 5 confirmed (vol≥1.5× body≥40%)
09:54:33 core.sweep_detector INFO: OrderBlocks: 3 detected, 2 unmitigated
09:54:33 core.sweep_detector INFO: FVGs: 12 detected, 8 unfilled
09:54:35 core.sweep_detector INFO: SweepDetector v2: 3 raw → 2 confirmed (vol≥1.5× body≥40%)
09:54:35 core.sweep_detector INFO: OrderBlocks: 0 detected, 0 unmitigated
09:54:35 core.sweep_detector INFO: FVGs: 1 detected, 0 unfilled
09:54:37 core.sweep_detector INFO: SweepDetector v2: 6 raw → 6 confirmed (vol≥1.5× body≥40%)
09:54:37 core.sweep_detector INFO: OrderBlocks: 3 detected, 2 unmitigated
09:54:37 core.sweep_detector INFO: FVGs: 5 detected, 0 unfilled
09:54:38 core.sweep_detector INFO: SweepDetector v2: 3 raw → 3 confirmed (vol≥1.5× body≥40%)
09:54:38 core.sweep_detector INFO: OrderBlocks: 7 detected, 2 unmitigated
09:54:38 core.sweep_detector INFO: FVGs: 7 detected, 1 unfilled
09:54:40 core.sweep_detector INFO: SweepDetector v2: 3 raw → 1 confirmed (vol≥1.5× body≥40%)
09:54:40 core.sweep_detector INFO: OrderBlocks: 3 detected, 0 unmitigated
09:54:40 core.sweep_detector INFO: FVGs: 3 detected, 0 unfilled
09:54:42 core.sweep_detector INFO: SweepDetector v2: 6 raw → 4 confirmed (vol≥1.5× body≥40%)
09:54:42 core.sweep_detector INFO: OrderBlocks: 5 detected, 1 unmitigated
09:54:42 core.sweep_detector INFO: FVGs: 5 detected, 0 unfilled
09:54:43 core.sweep_detector INFO: SweepDetector v2: 6 raw → 3 confirmed (vol≥1.5× body≥40%)
09:54:43 core.sweep_detector INFO: OrderBlocks: 7 detected, 1 unmitigated
09:54:43 core.sweep_detector INFO: FVGs: 8 detected, 3 unfilled
09:54:45 core.sweep_detector INFO: SweepDetector v2: 5 raw → 3 confirmed (vol≥1.5× body≥40%)
09:54:45 core.sweep_detector INFO: OrderBlocks: 3 detected, 2 unmitigated
09:54:45 core.sweep_detector INFO: FVGs: 9 detected, 3 unfilled
09:54:47 core.sweep_detector INFO: SweepDetector v2: 1 raw → 1 confirmed (vol≥1.5× body≥40%)
09:54:47 core.sweep_detector INFO: OrderBlocks: 5 detected, 2 unmitigated
09:54:47 core.sweep_detector INFO: FVGs: 3 detected, 1 unfilled
09:54:48 core.sweep_detector INFO: SweepDetector v2: 5 raw → 5 confirmed (vol≥1.5× body≥40%)
09:54:48 core.sweep_detector INFO: OrderBlocks: 8 detected, 3 unmitigated
09:54:48 core.sweep_detector INFO: FVGs: 9 detected, 2 unfilled
09:54:50 core.sweep_detector INFO: SweepDetector v2: 4 raw → 2 confirmed (vol≥1.5× body≥40%)
09:54:50 core.sweep_detector INFO: OrderBlocks: 4 detected, 4 unmitigated
09:54:50 core.sweep_detector INFO: FVGs: 12 detected, 5 unfilled
09:54:52 core.sweep_detector INFO: SweepDetector v2: 8 raw → 5 confirmed (vol≥1.5× body≥40%)
09:54:52 core.sweep_detector INFO: OrderBlocks: 2 detected, 1 unmitigated
09:54:52 core.sweep_detector INFO: FVGs: 8 detected, 4 unfilled
09:54:54 core.sweep_detector INFO: SweepDetector v2: 3 raw → 2 confirmed (vol≥1.5× body≥40%)
09:54:54 core.sweep_detector INFO: OrderBlocks: 7 detected, 3 unmitigated
09:54:54 core.sweep_detector INFO: FVGs: 13 detected, 5 unfilled
09:54:56 core.sweep_detector INFO: SweepDetector v2: 7 raw → 4 confirmed (vol≥1.5× body≥40%)
09:54:56 core.sweep_detector INFO: OrderBlocks: 1 detected, 0 unmitigated
09:54:56 core.sweep_detector INFO: FVGs: 8 detected, 3 unfilled
09:54:58 core.sweep_detector INFO: SweepDetector v2: 1 raw → 1 confirmed (vol≥1.5× body≥40%)
09:54:58 core.sweep_detector INFO: OrderBlocks: 3 detected, 0 unmitigated
09:54:58 core.sweep_detector INFO: FVGs: 7 detected, 0 unfilled
09:55:01 core.sweep_detector INFO: SweepDetector v2: 11 raw → 7 confirmed (vol≥1.5× body≥40%)
09:55:01 core.sweep_detector INFO: OrderBlocks: 6 detected, 5 unmitigated
09:55:01 core.sweep_detector INFO: FVGs: 14 detected, 8 unfilled
09:55:02 core.sweep_detector INFO: SweepDetector v2: 4 raw → 2 confirmed (vol≥1.5× body≥40%)
09:55:02 core.sweep_detector INFO: OrderBlocks: 4 detected, 4 unmitigated
09:55:02 core.sweep_detector INFO: FVGs: 9 detected, 5 unfilled
09:55:04 core.sweep_detector INFO: SweepDetector v2: 4 raw → 4 confirmed (vol≥1.5× body≥40%)
09:55:04 core.sweep_detector INFO: OrderBlocks: 8 detected, 2 unmitigated
09:55:04 core.sweep_detector INFO: FVGs: 17 detected, 10 unfilled
09:55:06 core.sweep_detector INFO: SweepDetector v2: 3 raw → 3 confirmed (vol≥1.5× body≥40%)
09:55:06 core.sweep_detector INFO: OrderBlocks: 5 detected, 1 unmitigated
09:55:06 core.sweep_detector INFO: FVGs: 10 detected, 3 unfilled
09:55:08 core.sweep_detector INFO: SweepDetector v2: 0 raw → 0 confirmed (vol≥1.5× body≥40%)
09:55:08 core.sweep_detector INFO: OrderBlocks: 1 detected, 0 unmitigated
09:55:08 core.sweep_detector INFO: FVGs: 10 detected, 5 unfilled
09:55:09 core.sweep_detector INFO: SweepDetector v2: 5 raw → 4 confirmed (vol≥1.5× body≥40%)
09:55:09 core.sweep_detector INFO: OrderBlocks: 0 detected, 0 unmitigated
09:55:09 core.sweep_detector INFO: FVGs: 8 detected, 1 unfilled
09:55:11 core.sweep_detector INFO: SweepDetector v2: 2 raw → 2 confirmed (vol≥1.5× body≥40%)
09:55:11 core.sweep_detector INFO: OrderBlocks: 7 detected, 4 unmitigated
09:55:11 core.sweep_detector INFO: FVGs: 11 detected, 4 unfilled
09:55:13 core.sweep_detector INFO: SweepDetector v2: 4 raw → 3 confirmed (vol≥1.5× body≥40%)
09:55:13 core.sweep_detector INFO: OrderBlocks: 2 detected, 2 unmitigated
09:55:13 core.sweep_detector INFO: FVGs: 7 detected, 5 unfilled
09:55:15 core.sweep_detector INFO: SweepDetector v2: 3 raw → 2 confirmed (vol≥1.5× body≥40%)
09:55:15 core.sweep_detector INFO: OrderBlocks: 4 detected, 3 unmitigated
09:55:15 core.sweep_detector INFO: FVGs: 3 detected, 1 unfilled
09:55:16 core.sweep_detector INFO: SweepDetector v2: 6 raw → 2 confirmed (vol≥1.5× body≥40%)
09:55:16 core.sweep_detector INFO: OrderBlocks: 3 detected, 3 unmitigated
09:55:16 core.sweep_detector INFO: FVGs: 6 detected, 4 unfilled
09:55:18 core.sweep_detector INFO: SweepDetector v2: 3 raw → 1 confirmed (vol≥1.5× body≥40%)
09:55:18 core.sweep_detector INFO: OrderBlocks: 5 detected, 3 unmitigated
09:55:18 core.sweep_detector INFO: FVGs: 15 detected, 5 unfilled
09:55:20 core.sweep_detector INFO: SweepDetector v2: 1 raw → 1 confirmed (vol≥1.5× body≥40%)
09:55:20 core.sweep_detector INFO: OrderBlocks: 7 detected, 3 unmitigated
09:55:20 core.sweep_detector INFO: FVGs: 6 detected, 3 unfilled
09:55:22 core.sweep_detector INFO: SweepDetector v2: 9 raw → 7 confirmed (vol≥1.5× body≥40%)
09:55:22 core.sweep_detector INFO: OrderBlocks: 3 detected, 1 unmitigated
09:55:22 core.sweep_detector INFO: FVGs: 4 detected, 1 unfilled
09:55:23 core.sweep_detector INFO: SweepDetector v2: 5 raw → 4 confirmed (vol≥1.5× body≥40%)
09:55:23 core.sweep_detector INFO: OrderBlocks: 3 detected, 0 unmitigated
09:55:23 core.sweep_detector INFO: FVGs: 5 detected, 0 unfilled
09:55:25 core.sweep_detector INFO: SweepDetector v2: 4 raw → 3 confirmed (vol≥1.5× body≥40%)
09:55:25 core.sweep_detector INFO: OrderBlocks: 6 detected, 1 unmitigated
09:55:25 core.sweep_detector INFO: FVGs: 7 detected, 0 unfilled
09:55:27 core.sweep_detector INFO: SweepDetector v2: 5 raw → 4 confirmed (vol≥1.5× body≥40%)
09:55:27 core.sweep_detector INFO: OrderBlocks: 0 detected, 0 unmitigated
09:55:27 core.sweep_detector INFO: FVGs: 11 detected, 11 unfilled
09:55:28 core.sweep_detector INFO: SweepDetector v2: 4 raw → 3 confirmed (vol≥1.5× body≥40%)
09:55:28 core.sweep_detector INFO: OrderBlocks: 4 detected, 0 unmitigated
09:55:28 core.sweep_detector INFO: FVGs: 9 detected, 4 unfilled
09:55:31 core.sweep_detector INFO: SweepDetector v2: 5 raw → 5 confirmed (vol≥1.5× body≥40%)
09:55:31 core.sweep_detector INFO: OrderBlocks: 8 detected, 2 unmitigated
09:55:31 core.sweep_detector INFO: FVGs: 7 detected, 1 unfilled
09:55:32 core.sweep_detector INFO: SweepDetector v2: 5 raw → 2 confirmed (vol≥1.5× body≥40%)
09:55:32 core.sweep_detector INFO: OrderBlocks: 6 detected, 3 unmitigated
09:55:32 core.sweep_detector INFO: FVGs: 7 detected, 4 unfilled
09:55:34 core.sweep_detector INFO: SweepDetector v2: 5 raw → 4 confirmed (vol≥1.5× body≥40%)
09:55:34 core.sweep_detector INFO: OrderBlocks: 4 detected, 1 unmitigated
09:55:34 core.sweep_detector INFO: FVGs: 5 detected, 4 unfilled
09:55:36 core.sweep_detector INFO: SweepDetector v2: 3 raw → 2 confirmed (vol≥1.5× body≥40%)
09:55:36 core.sweep_detector INFO: OrderBlocks: 6 detected, 2 unmitigated
09:55:36 core.sweep_detector INFO: FVGs: 5 detected, 3 unfilled
09:55:38 core.sweep_detector INFO: SweepDetector v2: 2 raw → 1 confirmed (vol≥1.5× body≥40%)
09:55:38 core.sweep_detector INFO: OrderBlocks: 3 detected, 0 unmitigated
09:55:38 core.sweep_detector INFO: FVGs: 11 detected, 5 unfilled
09:55:40 core.sweep_detector INFO: SweepDetector v2: 1 raw → 1 confirmed (vol≥1.5× body≥40%)
09:55:40 core.sweep_detector INFO: OrderBlocks: 4 detected, 0 unmitigated
09:55:40 core.sweep_detector INFO: FVGs: 3 detected, 0 unfilled
09:55:42 core.sweep_detector INFO: SweepDetector v2: 3 raw → 1 confirmed (vol≥1.5× body≥40%)
09:55:42 core.sweep_detector INFO: OrderBlocks: 5 detected, 0 unmitigated
09:55:42 core.sweep_detector INFO: FVGs: 5 detected, 2 unfilled
09:55:43 core.sweep_detector INFO: SweepDetector v2: 1 raw → 0 confirmed (vol≥1.5× body≥40%)
09:55:44 core.sweep_detector INFO: OrderBlocks: 6 detected, 2 unmitigated
09:55:44 core.sweep_detector INFO: FVGs: 9 detected, 5 unfilled
09:55:45 core.sweep_detector INFO: SweepDetector v2: 4 raw → 3 confirmed (vol≥1.5× body≥40%)
09:55:45 core.sweep_detector INFO: OrderBlocks: 4 detected, 2 unmitigated
09:55:45 core.sweep_detector INFO: FVGs: 9 detected, 3 unfilled
09:55:47 core.sweep_detector INFO: SweepDetector v2: 2 raw → 1 confirmed (vol≥1.5× body≥40%)
09:55:47 core.sweep_detector INFO: OrderBlocks: 8 detected, 2 unmitigated
09:55:47 core.sweep_detector INFO: FVGs: 7 detected, 4 unfilled
09:55:49 core.sweep_detector INFO: SweepDetector v2: 3 raw → 1 confirmed (vol≥1.5× body≥40%)
09:55:49 core.sweep_detector INFO: OrderBlocks: 9 detected, 2 unmitigated
09:55:49 core.sweep_detector INFO: FVGs: 11 detected, 2 unfilled
09:55:51 core.sweep_detector INFO: SweepDetector v2: 4 raw → 2 confirmed (vol≥1.5× body≥40%)
09:55:51 core.sweep_detector INFO: OrderBlocks: 6 detected, 4 unmitigated
09:55:51 core.sweep_detector INFO: FVGs: 8 detected, 3 unfilled
09:55:53 core.sweep_detector INFO: SweepDetector v2: 3 raw → 2 confirmed (vol≥1.5× body≥40%)
09:55:53 core.sweep_detector INFO: OrderBlocks: 7 detected, 2 unmitigated
09:55:53 core.sweep_detector INFO: FVGs: 3 detected, 2 unfilled
09:55:55 core.sweep_detector INFO: SweepDetector v2: 0 raw → 0 confirmed (vol≥1.5× body≥40%)
09:55:55 core.sweep_detector INFO: OrderBlocks: 6 detected, 3 unmitigated
09:55:55 core.sweep_detector INFO: FVGs: 9 detected, 2 unfilled
09:55:56 core.sweep_detector INFO: SweepDetector v2: 4 raw → 2 confirmed (vol≥1.5× body≥40%)
09:55:56 core.sweep_detector INFO: OrderBlocks: 0 detected, 0 unmitigated
09:55:56 core.sweep_detector INFO: FVGs: 5 detected, 3 unfilled
09:55:58 core.sweep_detector INFO: SweepDetector v2: 2 raw → 0 confirmed (vol≥1.5× body≥40%)
09:55:58 core.sweep_detector INFO: OrderBlocks: 2 detected, 2 unmitigated
09:55:58 core.sweep_detector INFO: FVGs: 4 detected, 2 unfilled
09:56:00 core.sweep_detector INFO: SweepDetector v2: 4 raw → 3 confirmed (vol≥1.5× body≥40%)
09:56:00 core.sweep_detector INFO: OrderBlocks: 7 detected, 3 unmitigated
09:56:00 core.sweep_detector INFO: FVGs: 9 detected, 3 unfilled
09:56:00 __main__ ERROR: Pending trigger error #13: cannot access local variable 'symbol' where it is not associated with a value
09:56:02 core.sweep_detector INFO: SweepDetector v2: 3 raw → 0 confirmed (vol≥1.5× body≥40%)
09:56:02 core.sweep_detector INFO: OrderBlocks: 8 detected, 2 unmitigated
09:56:02 core.sweep_detector INFO: FVGs: 15 detected, 7 unfilled
09:56:02 __main__ ERROR: Pending trigger error #13: cannot access local variable 'symbol' where it is not associated with a value
09:56:03 core.sweep_detector INFO: SweepDetector v2: 1 raw → 1 confirmed (vol≥1.5× body≥40%)
09:56:03 core.sweep_detector INFO: OrderBlocks: 8 detected, 3 unmitigated
09:56:03 core.sweep_detector INFO: FVGs: 7 detected, 1 unfilled
09:56:04 __main__ INFO: Pending signal #13: binance:TWT/USDT short entry=0.44175 current=0.4414 dist=0.08% expires=2h
09:56:14 alerts.telegram INFO: Alert sent: binance:TWT/USDT short RR=3.58
09:56:14 __main__ ERROR: Pending trigger error #13: cannot access local variable 'symbol' where it is not associated with a value
09:56:16 core.sweep_detector INFO: SweepDetector v2: 0 raw → 0 confirmed (vol≥1.5× body≥40%)
09:56:16 core.sweep_detector INFO: OrderBlocks: 3 detected, 0 unmitigated
09:56:16 core.sweep_detector INFO: FVGs: 0 detected, 0 unfilled
09:56:18 core.sweep_detector INFO: SweepDetector v2: 0 raw → 0 confirmed (vol≥1.5× body≥40%)
09:56:18 core.sweep_detector INFO: OrderBlocks: 1 detected, 0 unmitigated
09:56:18 core.sweep_detector INFO: FVGs: 0 detected, 0 unfilled
09:56:20 core.sweep_detector INFO: SweepDetector v2: 0 raw → 0 confirmed (vol≥1.5× body≥40%)
09:56:20 core.sweep_detector INFO: OrderBlocks: 0 detected, 0 unmitigated
09:56:20 core.sweep_detector INFO: FVGs: 0 detected, 0 unfilled
09:56:22 core.sweep_detector INFO: SweepDetector v2: 4 raw → 4 confirmed (vol≥1.5× body≥40%)
09:56:22 core.sweep_detector INFO: OrderBlocks: 6 detected, 3 unmitigated
09:56:22 core.sweep_detector INFO: FVGs: 8 detected, 4 unfilled
09:56:24 core.sweep_detector INFO: SweepDetector v2: 5 raw → 4 confirmed (vol≥1.5× body≥40%)
09:56:24 core.sweep_detector INFO: OrderBlocks: 3 detected, 0 unmitigated
09:56:24 core.sweep_detector INFO: FVGs: 7 detected, 3 unfilled
09:56:26 core.sweep_detector INFO: SweepDetector v2: 1 raw → 1 confirmed (vol≥1.5× body≥40%)
09:56:26 core.sweep_detector INFO: OrderBlocks: 7 detected, 2 unmitigated
09:56:26 core.sweep_detector INFO: FVGs: 6 detected, 2 unfilled
09:56:27 core.sweep_detector INFO: SweepDetector v2: 1 raw → 1 confirmed (vol≥1.5× body≥40%)
09:56:27 core.sweep_detector INFO: OrderBlocks: 2 detected, 0 unmitigated
09:56:27 core.sweep_detector INFO: FVGs: 0 detected, 0 unfilled
09:56:29 core.sweep_detector INFO: SweepDetector v2: 0 raw → 0 confirmed (vol≥1.5× body≥40%)
09:56:29 core.sweep_detector INFO: OrderBlocks: 1 detected, 0 unmitigated
09:56:29 core.sweep_detector INFO: FVGs: 0 detected, 0 unfilled
09:56:31 core.sweep_detector INFO: SweepDetector v2: 0 raw → 0 confirmed (vol≥1.5× body≥40%)
09:56:31 core.sweep_detector INFO: OrderBlocks: 1 detected, 0 unmitigated
09:56:31 core.sweep_detector INFO: FVGs: 0 detected, 0 unfilled
09:56:33 core.sweep_detector INFO: SweepDetector v2: 0 raw → 0 confirmed (vol≥1.5× body≥40%)
09:56:33 core.sweep_detector INFO: OrderBlocks: 3 detected, 0 unmitigated
09:56:33 core.sweep_detector INFO: FVGs: 0 detected, 0 unfilled
09:56:35 core.sweep_detector INFO: SweepDetector v2: 0 raw → 0 confirmed (vol≥1.5× body≥40%)
09:56:35 core.sweep_detector INFO: OrderBlocks: 0 detected, 0 unmitigated
09:56:35 core.sweep_detector INFO: FVGs: 0 detected, 0 unfilled
09:56:37 core.sweep_detector INFO: SweepDetector v2: 0 raw → 0 confirmed (vol≥1.5× body≥40%)
09:56:37 core.sweep_detector INFO: OrderBlocks: 0 detected, 0 unmitigated
09:56:37 core.sweep_detector INFO: FVGs: 0 detected, 0 unfilled
09:56:39 core.sweep_detector INFO: SweepDetector v2: 0 raw → 0 confirmed (vol≥1.5× body≥40%)
09:56:39 core.sweep_detector INFO: OrderBlocks: 9 detected, 3 unmitigated
09:56:39 core.sweep_detector INFO: FVGs: 5 detected, 2 unfilled
09:56:41 core.sweep_detector INFO: SweepDetector v2: 5 raw → 4 confirmed (vol≥1.5× body≥40%)
09:56:41 core.sweep_detector INFO: OrderBlocks: 5 detected, 2 unmitigated
09:56:41 core.sweep_detector INFO: FVGs: 13 detected, 3 unfilled
09:56:43 core.sweep_detector INFO: SweepDetector v2: 1 raw → 1 confirmed (vol≥1.5× body≥40%)
09:56:43 core.sweep_detector INFO: OrderBlocks: 2 detected, 2 unmitigated
09:56:43 core.sweep_detector INFO: FVGs: 6 detected, 5 unfilled
09:56:45 core.sweep_detector INFO: SweepDetector v2: 4 raw → 3 confirmed (vol≥1.5× body≥40%)
09:56:45 core.sweep_detector INFO: OrderBlocks: 4 detected, 0 unmitigated
09:56:45 core.sweep_detector INFO: FVGs: 9 detected, 4 unfilled
09:56:47 core.sweep_detector INFO: SweepDetector v2: 3 raw → 3 confirmed (vol≥1.5× body≥40%)
09:56:47 core.sweep_detector INFO: OrderBlocks: 1 detected, 0 unmitigated
09:56:47 core.sweep_detector INFO: FVGs: 8 detected, 1 unfilled
09:56:48 core.sweep_detector INFO: SweepDetector v2: 3 raw → 1 confirmed (vol≥1.5× body≥40%)
09:56:48 core.sweep_detector INFO: OrderBlocks: 4 detected, 1 unmitigated
09:56:48 core.sweep_detector INFO: FVGs: 4 detected, 1 unfilled
09:56:51 core.sweep_detector INFO: SweepDetector v2: 3 raw → 3 confirmed (vol≥1.5× body≥40%)
09:56:51 core.sweep_detector INFO: OrderBlocks: 4 detected, 2 unmitigated
09:56:51 core.sweep_detector INFO: FVGs: 8 detected, 2 unfilled
09:56:53 core.sweep_detector INFO: SweepDetector v2: 3 raw → 3 confirmed (vol≥1.5× body≥40%)
09:56:53 core.sweep_detector INFO: OrderBlocks: 2 detected, 0 unmitigated
09:56:53 core.sweep_detector INFO: FVGs: 10 detected, 3 unfilled
09:56:54 core.sweep_detector INFO: SweepDetector v2: 2 raw → 1 confirmed (vol≥1.5× body≥40%)
09:56:54 core.sweep_detector INFO: OrderBlocks: 8 detected, 2 unmitigated
09:56:54 core.sweep_detector INFO: FVGs: 5 detected, 1 unfilled
09:56:56 core.sweep_detector INFO: SweepDetector v2: 4 raw → 4 confirmed (vol≥1.5× body≥40%)
09:56:56 core.sweep_detector INFO: OrderBlocks: 3 detected, 1 unmitigated
09:56:56 core.sweep_detector INFO: FVGs: 7 detected, 4 unfilled
09:56:58 core.sweep_detector INFO: SweepDetector v2: 4 raw → 2 confirmed (vol≥1.5× body≥40%)
09:56:58 core.sweep_detector INFO: OrderBlocks: 2 detected, 1 unmitigated
09:56:58 core.sweep_detector INFO: FVGs: 5 detected, 1 unfilled
09:57:00 core.sweep_detector INFO: SweepDetector v2: 2 raw → 1 confirmed (vol≥1.5× body≥40%)
09:57:00 core.sweep_detector INFO: OrderBlocks: 1 detected, 0 unmitigated
09:57:00 core.sweep_detector INFO: FVGs: 1 detected, 0 unfilled
09:57:03 core.sweep_detector INFO: SweepDetector v2: 3 raw → 1 confirmed (vol≥1.5× body≥40%)
09:57:03 core.sweep_detector INFO: OrderBlocks: 6 detected, 5 unmitigated
09:57:03 core.sweep_detector INFO: FVGs: 13 detected, 6 unfilled
09:57:04 core.sweep_detector INFO: SweepDetector v2: 5 raw → 4 confirmed (vol≥1.5× body≥40%)
09:57:04 core.sweep_detector INFO: OrderBlocks: 1 detected, 0 unmitigated
09:57:04 core.sweep_detector INFO: FVGs: 9 detected, 3 unfilled
09:57:06 core.sweep_detector INFO: SweepDetector v2: 5 raw → 3 confirmed (vol≥1.5× body≥40%)
09:57:06 core.sweep_detector INFO: OrderBlocks: 10 detected, 2 unmitigated
09:57:06 core.sweep_detector INFO: FVGs: 11 detected, 2 unfilled
09:57:09 core.sweep_detector INFO: SweepDetector v2: 6 raw → 4 confirmed (vol≥1.5× body≥40%)
09:57:09 core.sweep_detector INFO: OrderBlocks: 6 detected, 1 unmitigated
09:57:09 core.sweep_detector INFO: FVGs: 5 detected, 2 unfilled
09:57:09 __main__ ERROR: Pending trigger error #15: cannot access local variable 'symbol' where it is not associated with a value
09:57:11 core.sweep_detector INFO: SweepDetector v2: 3 raw → 2 confirmed (vol≥1.5× body≥40%)
09:57:11 core.sweep_detector INFO: OrderBlocks: 4 detected, 0 unmitigated
09:57:11 core.sweep_detector INFO: FVGs: 5 detected, 3 unfilled
09:57:11 __main__ ERROR: Pending trigger error #15: cannot access local variable 'symbol' where it is not associated with a value
09:57:12 core.sweep_detector INFO: SweepDetector v2: 4 raw → 3 confirmed (vol≥1.5× body≥40%)
09:57:13 core.sweep_detector INFO: OrderBlocks: 4 detected, 0 unmitigated
09:57:13 core.sweep_detector INFO: FVGs: 3 detected, 0 unfilled
09:57:13 __main__ ERROR: Pending trigger error #15: cannot access local variable 'symbol' where it is not associated with a value
09:57:14 core.sweep_detector INFO: SweepDetector v2: 0 raw → 0 confirmed (vol≥1.5× body≥40%)
09:57:14 core.sweep_detector INFO: OrderBlocks: 0 detected, 0 unmitigated
09:57:14 core.sweep_detector INFO: FVGs: 2 detected, 1 unfilled
09:57:16 core.sweep_detector INFO: SweepDetector v2: 0 raw → 0 confirmed (vol≥1.5× body≥40%)
09:57:16 core.sweep_detector INFO: OrderBlocks: 2 detected, 2 unmitigated
09:57:16 core.sweep_detector INFO: FVGs: 5 detected, 2 unfilled
09:57:18 core.sweep_detector INFO: SweepDetector v2: 0 raw → 0 confirmed (vol≥1.5× body≥40%)
09:57:18 core.sweep_detector INFO: OrderBlocks: 12 detected, 1 unmitigated
09:57:18 core.sweep_detector INFO: FVGs: 0 detected, 0 unfilled
09:57:20 core.sweep_detector INFO: SweepDetector v2: 2 raw → 2 confirmed (vol≥1.5× body≥40%)
09:57:20 core.sweep_detector INFO: OrderBlocks: 7 detected, 3 unmitigated
09:57:20 core.sweep_detector INFO: FVGs: 8 detected, 3 unfilled
09:57:23 core.sweep_detector INFO: SweepDetector v2: 2 raw → 1 confirmed (vol≥1.5× body≥40%)
09:57:23 core.sweep_detector INFO: OrderBlocks: 3 detected, 2 unmitigated
09:57:23 core.sweep_detector INFO: FVGs: 8 detected, 4 unfilled
09:57:25 core.sweep_detector INFO: SweepDetector v2: 0 raw → 0 confirmed (vol≥1.5× body≥40%)
09:57:25 core.sweep_detector INFO: OrderBlocks: 5 detected, 3 unmitigated
09:57:25 core.sweep_detector INFO: FVGs: 5 detected, 2 unfilled
09:57:27 core.sweep_detector INFO: SweepDetector v2: 1 raw → 1 confirmed (vol≥1.5× body≥40%)
09:57:27 core.sweep_detector INFO: OrderBlocks: 8 detected, 1 unmitigated
09:57:27 core.sweep_detector INFO: FVGs: 9 detected, 3 unfilled
09:57:28 core.sweep_detector INFO: SweepDetector v2: 5 raw → 4 confirmed (vol≥1.5× body≥40%)
09:57:28 core.sweep_detector INFO: OrderBlocks: 1 detected, 0 unmitigated
09:57:28 core.sweep_detector INFO: FVGs: 14 detected, 4 unfilled
09:57:30 core.sweep_detector INFO: SweepDetector v2: 0 raw → 0 confirmed (vol≥1.5× body≥40%)
09:57:30 core.sweep_detector INFO: OrderBlocks: 5 detected, 1 unmitigated
09:57:30 core.sweep_detector INFO: FVGs: 6 detected, 2 unfilled
09:57:32 core.sweep_detector INFO: SweepDetector v2: 6 raw → 5 confirmed (vol≥1.5× body≥40%)
09:57:32 core.sweep_detector INFO: OrderBlocks: 4 detected, 1 unmitigated
09:57:32 core.sweep_detector INFO: FVGs: 8 detected, 2 unfilled
09:57:33 core.sweep_detector INFO: SweepDetector v2: 2 raw → 1 confirmed (vol≥1.5× body≥40%)
09:57:33 core.sweep_detector INFO: OrderBlocks: 3 detected, 1 unmitigated
09:57:33 core.sweep_detector INFO: FVGs: 6 detected, 1 unfilled
09:57:35 core.sweep_detector INFO: SweepDetector v2: 2 raw → 2 confirmed (vol≥1.5× body≥40%)
09:57:35 core.sweep_detector INFO: OrderBlocks: 10 detected, 1 unmitigated
09:57:35 core.sweep_detector INFO: FVGs: 7 detected, 2 unfilled
09:57:38 core.sweep_detector INFO: SweepDetector v2: 1 raw → 1 confirmed (vol≥1.5× body≥40%)
09:57:38 core.sweep_detector INFO: OrderBlocks: 0 detected, 0 unmitigated
09:57:38 core.sweep_detector INFO: FVGs: 0 detected, 0 unfilled
09:57:40 core.sweep_detector INFO: SweepDetector v2: 0 raw → 0 confirmed (vol≥1.5× body≥40%)
09:57:40 core.sweep_detector INFO: OrderBlocks: 2 detected, 0 unmitigated
09:57:40 core.sweep_detector INFO: FVGs: 0 detected, 0 unfilled
09:57:42 core.sweep_detector INFO: SweepDetector v2: 0 raw → 0 confirmed (vol≥1.5× body≥40%)
09:57:42 core.sweep_detector INFO: OrderBlocks: 0 detected, 0 unmitigated
09:57:42 core.sweep_detector INFO: FVGs: 0 detected, 0 unfilled
09:57:43 core.sweep_detector INFO: SweepDetector v2: 3 raw → 2 confirmed (vol≥1.5× body≥40%)
09:57:43 core.sweep_detector INFO: OrderBlocks: 5 detected, 2 unmitigated
09:57:43 core.sweep_detector INFO: FVGs: 5 detected, 1 unfilled
09:57:45 core.sweep_detector INFO: SweepDetector v2: 1 raw → 1 confirmed (vol≥1.5× body≥40%)
09:57:45 core.sweep_detector INFO: OrderBlocks: 6 detected, 1 unmitigated
09:57:45 core.sweep_detector INFO: FVGs: 8 detected, 2 unfilled
09:57:47 core.sweep_detector INFO: SweepDetector v2: 2 raw → 1 confirmed (vol≥1.5× body≥40%)
09:57:47 core.sweep_detector INFO: OrderBlocks: 7 detected, 2 unmitigated
09:57:47 core.sweep_detector INFO: FVGs: 11 detected, 4 unfilled
09:57:49 core.sweep_detector INFO: SweepDetector v2: 8 raw → 4 confirmed (vol≥1.5× body≥40%)
09:57:49 core.sweep_detector INFO: OrderBlocks: 9 detected, 1 unmitigated
09:57:49 core.sweep_detector INFO: FVGs: 9 detected, 1 unfilled
09:57:49 __main__ INFO: Pending signal #17: binance:ZBT/USDT short entry=0.07385 current=0.0727 dist=1.58% expires=24h
09:58:00 alerts.telegram INFO: Alert sent: binance:ZBT/USDT short RR=2.98
09:58:01 core.sweep_detector INFO: SweepDetector v2: 2 raw → 2 confirmed (vol≥1.5× body≥40%)
09:58:01 core.sweep_detector INFO: OrderBlocks: 7 detected, 2 unmitigated
09:58:01 core.sweep_detector INFO: FVGs: 15 detected, 3 unfilled
09:58:03 core.sweep_detector INFO: SweepDetector v2: 2 raw → 2 confirmed (vol≥1.5× body≥40%)
09:58:03 core.sweep_detector INFO: OrderBlocks: 5 detected, 2 unmitigated
09:58:03 core.sweep_detector INFO: FVGs: 10 detected, 1 unfilled
09:58:05 core.sweep_detector INFO: SweepDetector v2: 2 raw → 2 confirmed (vol≥1.5× body≥40%)
09:58:05 core.sweep_detector INFO: OrderBlocks: 6 detected, 0 unmitigated
09:58:05 core.sweep_detector INFO: FVGs: 6 detected, 1 unfilled
09:58:06 core.sweep_detector INFO: SweepDetector v2: 3 raw → 2 confirmed (vol≥1.5× body≥40%)
09:58:06 core.sweep_detector INFO: OrderBlocks: 1 detected, 0 unmitigated
09:58:06 core.sweep_detector INFO: FVGs: 7 detected, 1 unfilled
09:58:08 core.sweep_detector INFO: SweepDetector v2: 4 raw → 4 confirmed (vol≥1.5× body≥40%)
09:58:08 core.sweep_detector INFO: OrderBlocks: 8 detected, 2 unmitigated
09:58:08 core.sweep_detector INFO: FVGs: 7 detected, 2 unfilled
09:58:10 core.sweep_detector INFO: SweepDetector v2: 4 raw → 3 confirmed (vol≥1.5× body≥40%)
09:58:10 core.sweep_detector INFO: OrderBlocks: 6 detected, 3 unmitigated
09:58:10 core.sweep_detector INFO: FVGs: 8 detected, 4 unfilled
09:58:12 core.sweep_detector INFO: SweepDetector v2: 4 raw → 2 confirmed (vol≥1.5× body≥40%)
09:58:12 core.sweep_detector INFO: OrderBlocks: 3 detected, 0 unmitigated
09:58:12 core.sweep_detector INFO: FVGs: 11 detected, 5 unfilled
09:58:13 core.sweep_detector INFO: SweepDetector v2: 1 raw → 1 confirmed (vol≥1.5× body≥40%)
09:58:13 core.sweep_detector INFO: OrderBlocks: 8 detected, 1 unmitigated
09:58:13 core.sweep_detector INFO: FVGs: 6 detected, 3 unfilled
09:58:15 core.sweep_detector INFO: SweepDetector v2: 3 raw → 2 confirmed (vol≥1.5× body≥40%)
09:58:15 core.sweep_detector INFO: OrderBlocks: 6 detected, 2 unmitigated
09:58:15 core.sweep_detector INFO: FVGs: 7 detected, 2 unfilled
09:58:17 core.sweep_detector INFO: SweepDetector v2: 5 raw → 5 confirmed (vol≥1.5× body≥40%)
09:58:17 core.sweep_detector INFO: OrderBlocks: 0 detected, 0 unmitigated
09:58:17 core.sweep_detector INFO: FVGs: 13 detected, 3 unfilled
09:58:19 core.sweep_detector INFO: SweepDetector v2: 1 raw → 1 confirmed (vol≥1.5× body≥40%)
09:58:19 core.sweep_detector INFO: OrderBlocks: 5 detected, 1 unmitigated
09:58:19 core.sweep_detector INFO: FVGs: 10 detected, 2 unfilled
09:58:20 core.sweep_detector INFO: SweepDetector v2: 6 raw → 5 confirmed (vol≥1.5× body≥40%)
09:58:20 core.sweep_detector INFO: OrderBlocks: 8 detected, 3 unmitigated
09:58:20 core.sweep_detector INFO: FVGs: 11 detected, 2 unfilled
09:58:22 core.sweep_detector INFO: SweepDetector v2: 4 raw → 2 confirmed (vol≥1.5× body≥40%)
09:58:22 core.sweep_detector INFO: OrderBlocks: 5 detected, 0 unmitigated
09:58:22 core.sweep_detector INFO: FVGs: 6 detected, 2 unfilled
09:58:24 core.sweep_detector INFO: SweepDetector v2: 2 raw → 1 confirmed (vol≥1.5× body≥40%)
09:58:24 core.sweep_detector INFO: OrderBlocks: 5 detected, 3 unmitigated
09:58:24 core.sweep_detector INFO: FVGs: 7 detected, 2 unfilled
09:58:24 __main__ INFO: Pending signal #14: binance:ZRO/USDT short entry=2.015 current=1.997 dist=0.90% expires=2h
09:58:35 alerts.telegram INFO: Alert sent: binance:ZRO/USDT short RR=4.61
09:58:36 core.sweep_detector INFO: SweepDetector v2: 6 raw → 6 confirmed (vol≥1.5× body≥40%)
09:58:36 core.sweep_detector INFO: OrderBlocks: 6 detected, 2 unmitigated
09:58:36 core.sweep_detector INFO: FVGs: 7 detected, 4 unfilled
09:58:38 core.sweep_detector INFO: SweepDetector v2: 6 raw → 4 confirmed (vol≥1.5× body≥40%)
09:58:38 core.sweep_detector INFO: OrderBlocks: 5 detected, 1 unmitigated
09:58:38 core.sweep_detector INFO: FVGs: 9 detected, 4 unfilled
09:58:40 core.sweep_detector INFO: SweepDetector v2: 3 raw → 3 confirmed (vol≥1.5× body≥40%)
09:58:40 core.sweep_detector INFO: OrderBlocks: 10 detected, 2 unmitigated
09:58:40 core.sweep_detector INFO: FVGs: 7 detected, 1 unfilled
/root/.openclaw/workspace/projects/crypto-liquidity-hunter/main.py:555: DeprecationWarning: datetime.datetime.utcnow() is deprecated and scheduled for removal in a future version. Use timezone-aware objects to represent datetimes in UTC: datetime.datetime.now(datetime.UTC).
  scan_end     = datetime.utcnow()

=== SCAN ALL: 136 pairs, 3 timeframes ===
Total signals generated: 7
  binance:EIGEN/USDT 15m SHORT Entry=0.17 SL=0.17 TP=0.17 R:R=2.56
  binance:GIGGLE/USDT 15m SHORT Entry=23.09 SL=23.17 TP=22.82 R:R=3.31
  binance:OP/USDT 15m SHORT Entry=0.10 SL=0.10 TP=0.10 R:R=4.15
  binance:OPEN/USDT 15m LONG Entry=0.16 SL=0.16 TP=0.16 R:R=2.54
  binance:TWT/USDT 15m SHORT Entry=0.44 SL=0.44 TP=0.44 R:R=3.58
  binance:ZBT/USDT 4h SHORT Entry=0.07 SL=0.08 TP=0.07 R:R=2.98
  binance:ZRO/USDT 15m SHORT Entry=2.02 SL=2.02 TP=1.98 R:R=4.61
