15:50:02 __main__ INFO: Volume filter: fetching all tickers in one call...
15:50:05 __main__ INFO: Volume filter: 101/447 pairs pass $2M threshold
/root/.openclaw/workspace/projects/crypto-liquidity-hunter/main.py:292: DeprecationWarning: datetime.datetime.utcnow() is deprecated and scheduled for removal in a future version. Use timezone-aware objects to represent datetimes in UTC: datetime.datetime.now(datetime.UTC).
  scan_start = datetime.utcnow()   # for duration tracking
15:50:06 core.binance_connector INFO: BinanceConnector: connected [LIVE FUTURES MAINNET]
15:50:06 __main__ INFO: Auto-executor: account 'Liquiddbot1' mode=live exec=auto
15:50:08 core.sweep_detector INFO: SweepDetector v2: 0 raw â†’ 0 confirmed (volâ‰Ą2.5Ă— bodyâ‰Ą30%)
15:50:08 core.sweep_detector INFO: OrderBlocks: 10 detected, 5 unmitigated
15:50:08 core.sweep_detector INFO: FVGs: 12 detected, 6 unfilled
15:50:09 core.sweep_detector INFO: SweepDetector v2: 2 raw â†’ 2 confirmed (volâ‰Ą2.5Ă— bodyâ‰Ą30%)
15:50:09 core.sweep_detector INFO: OrderBlocks: 3 detected, 1 unmitigated
15:50:09 core.sweep_detector INFO: FVGs: 10 detected, 1 unfilled
15:50:11 core.sweep_detector INFO: SweepDetector v2: 2 raw â†’ 2 confirmed (volâ‰Ą2.5Ă— bodyâ‰Ą30%)
15:50:11 core.sweep_detector INFO: OrderBlocks: 3 detected, 0 unmitigated
15:50:11 core.sweep_detector INFO: FVGs: 5 detected, 0 unfilled
15:50:14 core.sweep_detector INFO: SweepDetector v2: 1 raw â†’ 1 confirmed (volâ‰Ą2.5Ă— bodyâ‰Ą30%)
15:50:14 core.sweep_detector INFO: OrderBlocks: 8 detected, 2 unmitigated
15:50:14 core.sweep_detector INFO: FVGs: 10 detected, 4 unfilled
15:50:15 core.sweep_detector INFO: SweepDetector v2: 2 raw â†’ 1 confirmed (volâ‰Ą2.5Ă— bodyâ‰Ą30%)
15:50:15 core.sweep_detector INFO: OrderBlocks: 3 detected, 1 unmitigated
15:50:15 core.sweep_detector INFO: FVGs: 6 detected, 1 unfilled
15:50:17 core.sweep_detector INFO: SweepDetector v2: 2 raw â†’ 2 confirmed (volâ‰Ą2.5Ă— bodyâ‰Ą30%)
15:50:17 core.sweep_detector INFO: OrderBlocks: 5 detected, 1 unmitigated
15:50:17 core.sweep_detector INFO: FVGs: 7 detected, 2 unfilled
15:50:19 core.sweep_detector INFO: SweepDetector v2: 5 raw â†’ 5 confirmed (volâ‰Ą2.5Ă— bodyâ‰Ą30%)
15:50:19 core.sweep_detector INFO: OrderBlocks: 5 detected, 0 unmitigated
15:50:19 core.sweep_detector INFO: FVGs: 9 detected, 0 unfilled
15:50:21 core.sweep_detector INFO: SweepDetector v2: 3 raw â†’ 3 confirmed (volâ‰Ą2.5Ă— bodyâ‰Ą30%)
15:50:21 core.sweep_detector INFO: OrderBlocks: 3 detected, 0 unmitigated
15:50:21 core.sweep_detector INFO: FVGs: 8 detected, 0 unfilled
15:50:23 core.sweep_detector INFO: SweepDetector v2: 1 raw â†’ 1 confirmed (volâ‰Ą2.5Ă— bodyâ‰Ą30%)
15:50:23 core.sweep_detector INFO: OrderBlocks: 5 detected, 2 unmitigated
15:50:23 core.sweep_detector INFO: FVGs: 6 detected, 4 unfilled
15:50:25 core.sweep_detector INFO: SweepDetector v2: 3 raw â†’ 2 confirmed (volâ‰Ą2.5Ă— bodyâ‰Ą30%)
15:50:25 core.sweep_detector INFO: OrderBlocks: 7 detected, 0 unmitigated
15:50:25 core.sweep_detector INFO: FVGs: 10 detected, 0 unfilled
15:50:27 core.sweep_detector INFO: SweepDetector v2: 1 raw â†’ 0 confirmed (volâ‰Ą2.5Ă— bodyâ‰Ą30%)
15:50:27 core.sweep_detector INFO: OrderBlocks: 3 detected, 1 unmitigated
15:50:27 core.sweep_detector INFO: FVGs: 9 detected, 1 unfilled
15:50:29 core.sweep_detector INFO: SweepDetector v2: 0 raw â†’ 0 confirmed (volâ‰Ą2.5Ă— bodyâ‰Ą30%)
15:50:29 core.sweep_detector INFO: OrderBlocks: 2 detected, 1 unmitigated
15:50:29 core.sweep_detector INFO: FVGs: 8 detected, 2 unfilled
15:50:31 core.sweep_detector INFO: SweepDetector v2: 2 raw â†’ 1 confirmed (volâ‰Ą2.5Ă— bodyâ‰Ą30%)
15:50:31 core.sweep_detector INFO: OrderBlocks: 7 detected, 2 unmitigated
15:50:31 core.sweep_detector INFO: FVGs: 8 detected, 2 unfilled
15:50:33 core.sweep_detector INFO: SweepDetector v2: 1 raw â†’ 1 confirmed (volâ‰Ą2.5Ă— bodyâ‰Ą30%)
15:50:33 core.sweep_detector INFO: OrderBlocks: 3 detected, 0 unmitigated
15:50:33 core.sweep_detector INFO: FVGs: 9 detected, 0 unfilled
15:50:35 core.sweep_detector INFO: SweepDetector v2: 1 raw â†’ 1 confirmed (volâ‰Ą2.5Ă— bodyâ‰Ą30%)
15:50:35 core.sweep_detector INFO: OrderBlocks: 4 detected, 2 unmitigated
15:50:35 core.sweep_detector INFO: FVGs: 7 detected, 2 unfilled
15:50:37 core.sweep_detector INFO: SweepDetector v2: 2 raw â†’ 1 confirmed (volâ‰Ą2.5Ă— bodyâ‰Ą30%)
15:50:37 core.sweep_detector INFO: OrderBlocks: 5 detected, 1 unmitigated
15:50:37 core.sweep_detector INFO: FVGs: 11 detected, 3 unfilled
15:50:38 core.sweep_detector INFO: SweepDetector v2: 1 raw â†’ 1 confirmed (volâ‰Ą2.5Ă— bodyâ‰Ą30%)
15:50:39 core.sweep_detector INFO: OrderBlocks: 5 detected, 1 unmitigated
15:50:39 core.sweep_detector INFO: FVGs: 10 detected, 3 unfilled
15:50:40 core.sweep_detector INFO: SweepDetector v2: 3 raw â†’ 3 confirmed (volâ‰Ą2.5Ă— bodyâ‰Ą30%)
15:50:40 core.sweep_detector INFO: OrderBlocks: 2 detected, 1 unmitigated
15:50:40 core.sweep_detector INFO: FVGs: 8 detected, 3 unfilled
15:50:42 core.sweep_detector INFO: SweepDetector v2: 5 raw â†’ 5 confirmed (volâ‰Ą2.5Ă— bodyâ‰Ą30%)
15:50:42 core.sweep_detector INFO: OrderBlocks: 1 detected, 0 unmitigated
15:50:42 core.sweep_detector INFO: FVGs: 3 detected, 1 unfilled
15:50:43 core.sweep_detector INFO: SweepDetector v2: 2 raw â†’ 2 confirmed (volâ‰Ą2.5Ă— bodyâ‰Ą30%)
15:50:43 core.sweep_detector INFO: OrderBlocks: 5 detected, 2 unmitigated
15:50:43 core.sweep_detector INFO: FVGs: 3 detected, 2 unfilled
15:50:45 core.sweep_detector INFO: SweepDetector v2: 2 raw â†’ 2 confirmed (volâ‰Ą2.5Ă— bodyâ‰Ą30%)
15:50:45 core.sweep_detector INFO: OrderBlocks: 3 detected, 1 unmitigated
15:50:45 core.sweep_detector INFO: FVGs: 6 detected, 2 unfilled
15:50:47 core.sweep_detector INFO: SweepDetector v2: 2 raw â†’ 1 confirmed (volâ‰Ą2.5Ă— bodyâ‰Ą30%)
15:50:47 core.sweep_detector INFO: OrderBlocks: 7 detected, 3 unmitigated
15:50:47 core.sweep_detector INFO: FVGs: 9 detected, 4 unfilled
15:50:48 core.sweep_detector INFO: SweepDetector v2: 1 raw â†’ 0 confirmed (volâ‰Ą2.5Ă— bodyâ‰Ą30%)
15:50:48 core.sweep_detector INFO: OrderBlocks: 2 detected, 1 unmitigated
15:50:48 core.sweep_detector INFO: FVGs: 2 detected, 0 unfilled
15:50:50 core.sweep_detector INFO: SweepDetector v2: 2 raw â†’ 2 confirmed (volâ‰Ą2.5Ă— bodyâ‰Ą30%)
15:50:50 core.sweep_detector INFO: OrderBlocks: 8 detected, 3 unmitigated
15:50:50 core.sweep_detector INFO: FVGs: 8 detected, 2 unfilled
15:50:51 core.sweep_detector INFO: SweepDetector v2: 2 raw â†’ 2 confirmed (volâ‰Ą2.5Ă— bodyâ‰Ą30%)
15:50:51 core.sweep_detector INFO: OrderBlocks: 4 detected, 2 unmitigated
15:50:51 core.sweep_detector INFO: FVGs: 13 detected, 6 unfilled
15:50:53 core.sweep_detector INFO: SweepDetector v2: 1 raw â†’ 1 confirmed (volâ‰Ą2.5Ă— bodyâ‰Ą30%)
15:50:53 core.sweep_detector INFO: OrderBlocks: 4 detected, 2 unmitigated
15:50:53 core.sweep_detector INFO: FVGs: 8 detected, 3 unfilled
15:50:55 core.sweep_detector INFO: SweepDetector v2: 2 raw â†’ 2 confirmed (volâ‰Ą2.5Ă— bodyâ‰Ą30%)
15:50:55 core.sweep_detector INFO: OrderBlocks: 2 detected, 1 unmitigated
15:50:55 core.sweep_detector INFO: FVGs: 9 detected, 2 unfilled
15:50:56 core.sweep_detector INFO: SweepDetector v2: 2 raw â†’ 2 confirmed (volâ‰Ą2.5Ă— bodyâ‰Ą30%)
15:50:56 core.sweep_detector INFO: OrderBlocks: 6 detected, 0 unmitigated
15:50:56 core.sweep_detector INFO: FVGs: 4 detected, 0 unfilled
15:50:58 core.sweep_detector INFO: SweepDetector v2: 1 raw â†’ 1 confirmed (volâ‰Ą2.5Ă— bodyâ‰Ą30%)
15:50:58 core.sweep_detector INFO: OrderBlocks: 4 detected, 0 unmitigated
15:50:58 core.sweep_detector INFO: FVGs: 11 detected, 1 unfilled
15:51:00 core.sweep_detector INFO: SweepDetector v2: 1 raw â†’ 0 confirmed (volâ‰Ą2.5Ă— bodyâ‰Ą30%)
15:51:00 core.sweep_detector INFO: OrderBlocks: 2 detected, 0 unmitigated
15:51:00 core.sweep_detector INFO: FVGs: 4 detected, 0 unfilled
15:51:01 core.sweep_detector INFO: SweepDetector v2: 1 raw â†’ 1 confirmed (volâ‰Ą2.5Ă— bodyâ‰Ą30%)
15:51:01 core.sweep_detector INFO: OrderBlocks: 4 detected, 0 unmitigated
15:51:01 core.sweep_detector INFO: FVGs: 8 detected, 1 unfilled
15:51:03 core.sweep_detector INFO: SweepDetector v2: 0 raw â†’ 0 confirmed (volâ‰Ą2.5Ă— bodyâ‰Ą30%)
15:51:03 core.sweep_detector INFO: OrderBlocks: 4 detected, 2 unmitigated
15:51:03 core.sweep_detector INFO: FVGs: 8 detected, 2 unfilled
15:51:05 core.sweep_detector INFO: SweepDetector v2: 0 raw â†’ 0 confirmed (volâ‰Ą2.5Ă— bodyâ‰Ą30%)
15:51:05 core.sweep_detector INFO: OrderBlocks: 10 detected, 5 unmitigated
15:51:05 core.sweep_detector INFO: FVGs: 13 detected, 4 unfilled
15:51:06 core.sweep_detector INFO: SweepDetector v2: 4 raw â†’ 4 confirmed (volâ‰Ą2.5Ă— bodyâ‰Ą30%)
15:51:06 core.sweep_detector INFO: OrderBlocks: 2 detected, 2 unmitigated
15:51:06 core.sweep_detector INFO: FVGs: 12 detected, 3 unfilled
15:51:08 core.sweep_detector INFO: SweepDetector v2: 1 raw â†’ 1 confirmed (volâ‰Ą2.5Ă— bodyâ‰Ą30%)
15:51:08 core.sweep_detector INFO: OrderBlocks: 6 detected, 1 unmitigated
15:51:08 core.sweep_detector INFO: FVGs: 11 detected, 0 unfilled
15:51:10 core.sweep_detector INFO: SweepDetector v2: 2 raw â†’ 1 confirmed (volâ‰Ą2.5Ă— bodyâ‰Ą30%)
15:51:10 core.sweep_detector INFO: OrderBlocks: 3 detected, 0 unmitigated
15:51:10 core.sweep_detector INFO: FVGs: 6 detected, 0 unfilled
15:51:11 core.sweep_detector INFO: SweepDetector v2: 0 raw â†’ 0 confirmed (volâ‰Ą2.5Ă— bodyâ‰Ą30%)
15:51:11 core.sweep_detector INFO: OrderBlocks: 3 detected, 1 unmitigated
15:51:11 core.sweep_detector INFO: FVGs: 6 detected, 1 unfilled
15:51:13 core.sweep_detector INFO: SweepDetector v2: 3 raw â†’ 3 confirmed (volâ‰Ą2.5Ă— bodyâ‰Ą30%)
15:51:13 core.sweep_detector INFO: OrderBlocks: 1 detected, 1 unmitigated
15:51:13 core.sweep_detector INFO: FVGs: 5 detected, 2 unfilled
15:51:15 core.sweep_detector INFO: SweepDetector v2: 2 raw â†’ 2 confirmed (volâ‰Ą2.5Ă— bodyâ‰Ą30%)
15:51:15 core.sweep_detector INFO: OrderBlocks: 5 detected, 3 unmitigated
15:51:15 core.sweep_detector INFO: FVGs: 7 detected, 3 unfilled
15:51:16 core.sweep_detector INFO: SweepDetector v2: 0 raw â†’ 0 confirmed (volâ‰Ą2.5Ă— bodyâ‰Ą30%)
15:51:16 core.sweep_detector INFO: OrderBlocks: 0 detected, 0 unmitigated
15:51:16 core.sweep_detector INFO: FVGs: 0 detected, 0 unfilled
15:51:18 core.sweep_detector INFO: SweepDetector v2: 0 raw â†’ 0 confirmed (volâ‰Ą2.5Ă— bodyâ‰Ą30%)
15:51:18 core.sweep_detector INFO: OrderBlocks: 0 detected, 0 unmitigated
15:51:18 core.sweep_detector INFO: FVGs: 0 detected, 0 unfilled
15:51:20 core.sweep_detector INFO: SweepDetector v2: 0 raw â†’ 0 confirmed (volâ‰Ą2.5Ă— bodyâ‰Ą30%)
15:51:20 core.sweep_detector INFO: OrderBlocks: 0 detected, 0 unmitigated
15:51:20 core.sweep_detector INFO: FVGs: 0 detected, 0 unfilled
15:51:21 core.sweep_detector INFO: SweepDetector v2: 1 raw â†’ 1 confirmed (volâ‰Ą2.5Ă— bodyâ‰Ą30%)
15:51:21 core.sweep_detector INFO: OrderBlocks: 8 detected, 6 unmitigated
15:51:21 core.sweep_detector INFO: FVGs: 10 detected, 5 unfilled
15:51:23 core.sweep_detector INFO: SweepDetector v2: 1 raw â†’ 1 confirmed (volâ‰Ą2.5Ă— bodyâ‰Ą30%)
15:51:23 core.sweep_detector INFO: OrderBlocks: 4 detected, 1 unmitigated
15:51:23 core.sweep_detector INFO: FVGs: 4 detected, 1 unfilled
15:51:25 core.sweep_detector INFO: SweepDetector v2: 1 raw â†’ 1 confirmed (volâ‰Ą2.5Ă— bodyâ‰Ą30%)
15:51:25 core.sweep_detector INFO: OrderBlocks: 4 detected, 2 unmitigated
15:51:25 core.sweep_detector INFO: FVGs: 5 detected, 1 unfilled
15:51:26 core.sweep_detector INFO: SweepDetector v2: 1 raw â†’ 1 confirmed (volâ‰Ą2.5Ă— bodyâ‰Ą30%)
15:51:26 core.sweep_detector INFO: OrderBlocks: 7 detected, 2 unmitigated
15:51:26 core.sweep_detector INFO: FVGs: 7 detected, 3 unfilled
15:51:28 core.sweep_detector INFO: SweepDetector v2: 1 raw â†’ 1 confirmed (volâ‰Ą2.5Ă— bodyâ‰Ą30%)
15:51:28 core.sweep_detector INFO: OrderBlocks: 1 detected, 1 unmitigated
15:51:28 core.sweep_detector INFO: FVGs: 9 detected, 1 unfilled
15:51:30 core.sweep_detector INFO: SweepDetector v2: 1 raw â†’ 1 confirmed (volâ‰Ą2.5Ă— bodyâ‰Ą30%)
15:51:30 core.sweep_detector INFO: OrderBlocks: 3 detected, 0 unmitigated
15:51:30 core.sweep_detector INFO: FVGs: 8 detected, 3 unfilled
15:51:31 core.sweep_detector INFO: SweepDetector v2: 0 raw â†’ 0 confirmed (volâ‰Ą2.5Ă— bodyâ‰Ą30%)
15:51:32 core.sweep_detector INFO: OrderBlocks: 6 detected, 4 unmitigated
15:51:32 core.sweep_detector INFO: FVGs: 7 detected, 3 unfilled
15:51:33 core.sweep_detector INFO: SweepDetector v2: 2 raw â†’ 1 confirmed (volâ‰Ą2.5Ă— bodyâ‰Ą30%)
15:51:33 core.sweep_detector INFO: OrderBlocks: 3 detected, 0 unmitigated
15:51:33 core.sweep_detector INFO: FVGs: 9 detected, 1 unfilled
15:51:35 core.sweep_detector INFO: SweepDetector v2: 1 raw â†’ 1 confirmed (volâ‰Ą2.5Ă— bodyâ‰Ą30%)
15:51:35 core.sweep_detector INFO: OrderBlocks: 3 detected, 0 unmitigated
15:51:35 core.sweep_detector INFO: FVGs: 4 detected, 2 unfilled
15:51:37 core.sweep_detector INFO: SweepDetector v2: 7 raw â†’ 5 confirmed (volâ‰Ą2.5Ă— bodyâ‰Ą30%)
15:51:37 core.sweep_detector INFO: OrderBlocks: 4 detected, 2 unmitigated
15:51:37 core.sweep_detector INFO: FVGs: 10 detected, 4 unfilled
15:51:38 core.sweep_detector INFO: SweepDetector v2: 3 raw â†’ 1 confirmed (volâ‰Ą2.5Ă— bodyâ‰Ą30%)
15:51:38 core.sweep_detector INFO: OrderBlocks: 5 detected, 2 unmitigated
15:51:38 core.sweep_detector INFO: FVGs: 11 detected, 4 unfilled
15:51:40 core.sweep_detector INFO: SweepDetector v2: 0 raw â†’ 0 confirmed (volâ‰Ą2.5Ă— bodyâ‰Ą30%)
15:51:40 core.sweep_detector INFO: OrderBlocks: 5 detected, 3 unmitigated
15:51:40 core.sweep_detector INFO: FVGs: 9 detected, 5 unfilled
15:51:42 core.sweep_detector INFO: SweepDetector v2: 1 raw â†’ 1 confirmed (volâ‰Ą2.5Ă— bodyâ‰Ą30%)
15:51:42 core.sweep_detector INFO: OrderBlocks: 8 detected, 3 unmitigated
15:51:42 core.sweep_detector INFO: FVGs: 12 detected, 3 unfilled
15:51:44 core.sweep_detector INFO: SweepDetector v2: 2 raw â†’ 1 confirmed (volâ‰Ą2.5Ă— bodyâ‰Ą30%)
15:51:44 core.sweep_detector INFO: OrderBlocks: 8 detected, 0 unmitigated
15:51:44 core.sweep_detector INFO: FVGs: 6 detected, 2 unfilled
15:51:45 core.sweep_detector INFO: SweepDetector v2: 2 raw â†’ 2 confirmed (volâ‰Ą2.5Ă— bodyâ‰Ą30%)
15:51:45 core.sweep_detector INFO: OrderBlocks: 5 detected, 3 unmitigated
15:51:45 core.sweep_detector INFO: FVGs: 4 detected, 2 unfilled
15:51:47 core.sweep_detector INFO: SweepDetector v2: 5 raw â†’ 4 confirmed (volâ‰Ą2.5Ă— bodyâ‰Ą30%)
15:51:47 core.sweep_detector INFO: OrderBlocks: 7 detected, 0 unmitigated
15:51:47 core.sweep_detector INFO: FVGs: 11 detected, 3 unfilled
15:51:48 core.sweep_detector INFO: SweepDetector v2: 1 raw â†’ 0 confirmed (volâ‰Ą2.5Ă— bodyâ‰Ą30%)
15:51:48 core.sweep_detector INFO: OrderBlocks: 7 detected, 1 unmitigated
15:51:48 core.sweep_detector INFO: FVGs: 19 detected, 4 unfilled
15:51:50 core.sweep_detector INFO: SweepDetector v2: 1 raw â†’ 0 confirmed (volâ‰Ą2.5Ă— bodyâ‰Ą30%)
15:51:50 core.sweep_detector INFO: OrderBlocks: 6 detected, 2 unmitigated
15:51:50 core.sweep_detector INFO: FVGs: 13 detected, 8 unfilled
15:51:52 core.sweep_detector INFO: SweepDetector v2: 0 raw â†’ 0 confirmed (volâ‰Ą2.5Ă— bodyâ‰Ą30%)
15:51:52 core.sweep_detector INFO: OrderBlocks: 6 detected, 3 unmitigated
15:51:52 core.sweep_detector INFO: FVGs: 4 detected, 3 unfilled
15:51:53 core.sweep_detector INFO: SweepDetector v2: 1 raw â†’ 1 confirmed (volâ‰Ą2.5Ă— bodyâ‰Ą30%)
15:51:53 core.sweep_detector INFO: OrderBlocks: 6 detected, 2 unmitigated
15:51:53 core.sweep_detector INFO: FVGs: 3 detected, 3 unfilled
15:51:55 core.sweep_detector INFO: SweepDetector v2: 1 raw â†’ 0 confirmed (volâ‰Ą2.5Ă— bodyâ‰Ą30%)
15:51:55 core.sweep_detector INFO: OrderBlocks: 6 detected, 0 unmitigated
15:51:55 core.sweep_detector INFO: FVGs: 8 detected, 2 unfilled
15:51:57 core.sweep_detector INFO: SweepDetector v2: 1 raw â†’ 0 confirmed (volâ‰Ą2.5Ă— bodyâ‰Ą30%)
15:51:57 core.sweep_detector INFO: OrderBlocks: 2 detected, 2 unmitigated
15:51:57 core.sweep_detector INFO: FVGs: 7 detected, 6 unfilled
15:51:58 core.sweep_detector INFO: SweepDetector v2: 1 raw â†’ 0 confirmed (volâ‰Ą2.5Ă— bodyâ‰Ą30%)
15:51:58 core.sweep_detector INFO: OrderBlocks: 5 detected, 3 unmitigated
15:51:58 core.sweep_detector INFO: FVGs: 6 detected, 4 unfilled
15:52:00 core.sweep_detector INFO: SweepDetector v2: 2 raw â†’ 1 confirmed (volâ‰Ą2.5Ă— bodyâ‰Ą30%)
15:52:00 core.sweep_detector INFO: OrderBlocks: 13 detected, 0 unmitigated
15:52:00 core.sweep_detector INFO: FVGs: 9 detected, 2 unfilled
15:52:02 core.sweep_detector INFO: SweepDetector v2: 0 raw â†’ 0 confirmed (volâ‰Ą2.5Ă— bodyâ‰Ą30%)
15:52:02 core.sweep_detector INFO: OrderBlocks: 6 detected, 2 unmitigated
15:52:02 core.sweep_detector INFO: FVGs: 11 detected, 7 unfilled
15:52:03 core.sweep_detector INFO: SweepDetector v2: 3 raw â†’ 2 confirmed (volâ‰Ą2.5Ă— bodyâ‰Ą30%)
15:52:03 core.sweep_detector INFO: OrderBlocks: 6 detected, 1 unmitigated
15:52:03 core.sweep_detector INFO: FVGs: 12 detected, 3 unfilled
15:52:05 core.sweep_detector INFO: SweepDetector v2: 0 raw â†’ 0 confirmed (volâ‰Ą2.5Ă— bodyâ‰Ą30%)
15:52:05 core.sweep_detector INFO: OrderBlocks: 7 detected, 1 unmitigated
15:52:05 core.sweep_detector INFO: FVGs: 7 detected, 2 unfilled
15:52:07 core.sweep_detector INFO: SweepDetector v2: 0 raw â†’ 0 confirmed (volâ‰Ą2.5Ă— bodyâ‰Ą30%)
15:52:07 core.sweep_detector INFO: OrderBlocks: 9 detected, 2 unmitigated
15:52:07 core.sweep_detector INFO: FVGs: 15 detected, 3 unfilled
15:52:09 core.sweep_detector INFO: SweepDetector v2: 3 raw â†’ 2 confirmed (volâ‰Ą2.5Ă— bodyâ‰Ą30%)
15:52:09 core.sweep_detector INFO: OrderBlocks: 2 detected, 1 unmitigated
15:52:09 core.sweep_detector INFO: FVGs: 12 detected, 2 unfilled
15:52:10 core.sweep_detector INFO: SweepDetector v2: 2 raw â†’ 2 confirmed (volâ‰Ą2.5Ă— bodyâ‰Ą30%)
15:52:10 core.sweep_detector INFO: OrderBlocks: 6 detected, 2 unmitigated
15:52:10 core.sweep_detector INFO: FVGs: 7 detected, 3 unfilled
15:52:12 core.sweep_detector INFO: SweepDetector v2: 4 raw â†’ 2 confirmed (volâ‰Ą2.5Ă— bodyâ‰Ą30%)
15:52:12 core.sweep_detector INFO: OrderBlocks: 5 detected, 2 unmitigated
15:52:12 core.sweep_detector INFO: FVGs: 9 detected, 2 unfilled
15:52:13 core.sweep_detector INFO: SweepDetector v2: 5 raw â†’ 4 confirmed (volâ‰Ą2.5Ă— bodyâ‰Ą30%)
15:52:13 core.sweep_detector INFO: OrderBlocks: 6 detected, 2 unmitigated
15:52:13 core.sweep_detector INFO: FVGs: 10 detected, 4 unfilled
15:52:15 core.sweep_detector INFO: SweepDetector v2: 3 raw â†’ 2 confirmed (volâ‰Ą2.5Ă— bodyâ‰Ą30%)
15:52:15 core.sweep_detector INFO: OrderBlocks: 7 detected, 3 unmitigated
15:52:15 core.sweep_detector INFO: FVGs: 12 detected, 7 unfilled
15:52:17 core.sweep_detector INFO: SweepDetector v2: 3 raw â†’ 2 confirmed (volâ‰Ą2.5Ă— bodyâ‰Ą30%)
15:52:17 core.sweep_detector INFO: OrderBlocks: 5 detected, 2 unmitigated
15:52:17 core.sweep_detector INFO: FVGs: 4 detected, 1 unfilled
15:52:18 core.sweep_detector INFO: SweepDetector v2: 2 raw â†’ 1 confirmed (volâ‰Ą2.5Ă— bodyâ‰Ą30%)
15:52:18 core.sweep_detector INFO: OrderBlocks: 3 detected, 0 unmitigated
15:52:18 core.sweep_detector INFO: FVGs: 10 detected, 2 unfilled
15:52:20 core.sweep_detector INFO: SweepDetector v2: 0 raw â†’ 0 confirmed (volâ‰Ą2.5Ă— bodyâ‰Ą30%)
15:52:20 core.sweep_detector INFO: OrderBlocks: 6 detected, 2 unmitigated
15:52:20 core.sweep_detector INFO: FVGs: 4 detected, 2 unfilled
15:52:22 core.sweep_detector INFO: SweepDetector v2: 1 raw â†’ 1 confirmed (volâ‰Ą2.5Ă— bodyâ‰Ą30%)
15:52:22 core.sweep_detector INFO: OrderBlocks: 8 detected, 1 unmitigated
15:52:22 core.sweep_detector INFO: FVGs: 7 detected, 1 unfilled
15:52:23 core.sweep_detector INFO: SweepDetector v2: 0 raw â†’ 0 confirmed (volâ‰Ą2.5Ă— bodyâ‰Ą30%)
15:52:23 core.sweep_detector INFO: OrderBlocks: 8 detected, 2 unmitigated
15:52:23 core.sweep_detector INFO: FVGs: 9 detected, 2 unfilled
15:52:25 core.sweep_detector INFO: SweepDetector v2: 1 raw â†’ 1 confirmed (volâ‰Ą2.5Ă— bodyâ‰Ą30%)
15:52:25 core.sweep_detector INFO: OrderBlocks: 4 detected, 0 unmitigated
15:52:25 core.sweep_detector INFO: FVGs: 10 detected, 2 unfilled
15:52:27 core.sweep_detector INFO: SweepDetector v2: 0 raw â†’ 0 confirmed (volâ‰Ą2.5Ă— bodyâ‰Ą30%)
15:52:27 core.sweep_detector INFO: OrderBlocks: 8 detected, 3 unmitigated
15:52:27 core.sweep_detector INFO: FVGs: 11 detected, 2 unfilled
15:52:28 core.sweep_detector INFO: SweepDetector v2: 4 raw â†’ 3 confirmed (volâ‰Ą2.5Ă— bodyâ‰Ą30%)
15:52:28 core.sweep_detector INFO: OrderBlocks: 2 detected, 1 unmitigated
15:52:29 core.sweep_detector INFO: FVGs: 10 detected, 1 unfilled
15:52:30 core.sweep_detector INFO: SweepDetector v2: 1 raw â†’ 1 confirmed (volâ‰Ą2.5Ă— bodyâ‰Ą30%)
15:52:30 core.sweep_detector INFO: OrderBlocks: 3 detected, 0 unmitigated
15:52:30 core.sweep_detector INFO: FVGs: 4 detected, 1 unfilled
15:52:32 core.sweep_detector INFO: SweepDetector v2: 1 raw â†’ 0 confirmed (volâ‰Ą2.5Ă— bodyâ‰Ą30%)
15:52:32 core.sweep_detector INFO: OrderBlocks: 4 detected, 1 unmitigated
15:52:32 core.sweep_detector INFO: FVGs: 9 detected, 2 unfilled
15:52:34 core.sweep_detector INFO: SweepDetector v2: 3 raw â†’ 3 confirmed (volâ‰Ą2.5Ă— bodyâ‰Ą30%)
15:52:34 core.sweep_detector INFO: OrderBlocks: 4 detected, 0 unmitigated
15:52:34 core.sweep_detector INFO: FVGs: 6 detected, 0 unfilled
15:52:35 core.sweep_detector INFO: SweepDetector v2: 2 raw â†’ 2 confirmed (volâ‰Ą2.5Ă— bodyâ‰Ą30%)
15:52:35 core.sweep_detector INFO: OrderBlocks: 6 detected, 1 unmitigated
15:52:35 core.sweep_detector INFO: FVGs: 9 detected, 1 unfilled
15:52:37 core.sweep_detector INFO: SweepDetector v2: 2 raw â†’ 2 confirmed (volâ‰Ą2.5Ă— bodyâ‰Ą30%)
15:52:37 core.sweep_detector INFO: OrderBlocks: 9 detected, 3 unmitigated
15:52:37 core.sweep_detector INFO: FVGs: 16 detected, 5 unfilled
15:52:38 core.sweep_detector INFO: SweepDetector v2: 2 raw â†’ 2 confirmed (volâ‰Ą2.5Ă— bodyâ‰Ą30%)
15:52:38 core.sweep_detector INFO: OrderBlocks: 8 detected, 2 unmitigated
15:52:38 core.sweep_detector INFO: FVGs: 11 detected, 3 unfilled
15:52:40 core.sweep_detector INFO: SweepDetector v2: 2 raw â†’ 2 confirmed (volâ‰Ą2.5Ă— bodyâ‰Ą30%)
15:52:40 core.sweep_detector INFO: OrderBlocks: 6 detected, 3 unmitigated
15:52:40 core.sweep_detector INFO: FVGs: 11 detected, 2 unfilled
15:52:42 core.sweep_detector INFO: SweepDetector v2: 1 raw â†’ 1 confirmed (volâ‰Ą2.5Ă— bodyâ‰Ą30%)
15:52:42 core.sweep_detector INFO: OrderBlocks: 5 detected, 3 unmitigated
15:52:42 core.sweep_detector INFO: FVGs: 11 detected, 3 unfilled
15:52:44 core.sweep_detector INFO: SweepDetector v2: 4 raw â†’ 3 confirmed (volâ‰Ą2.5Ă— bodyâ‰Ą30%)
15:52:44 core.sweep_detector INFO: OrderBlocks: 4 detected, 0 unmitigated
15:52:44 core.sweep_detector INFO: FVGs: 7 detected, 2 unfilled
15:52:45 core.sweep_detector INFO: SweepDetector v2: 5 raw â†’ 3 confirmed (volâ‰Ą2.5Ă— bodyâ‰Ą30%)
15:52:45 core.sweep_detector INFO: OrderBlocks: 1 detected, 1 unmitigated
15:52:45 core.sweep_detector INFO: FVGs: 6 detected, 2 unfilled
15:52:48 core.sweep_detector INFO: SweepDetector v2: 2 raw â†’ 1 confirmed (volâ‰Ą2.5Ă— bodyâ‰Ą30%)
15:52:48 core.sweep_detector INFO: OrderBlocks: 5 detected, 0 unmitigated
15:52:48 core.sweep_detector INFO: FVGs: 6 detected, 0 unfilled
15:52:50 core.sweep_detector INFO: SweepDetector v2: 1 raw â†’ 0 confirmed (volâ‰Ą2.5Ă— bodyâ‰Ą30%)
15:52:50 core.sweep_detector INFO: OrderBlocks: 4 detected, 2 unmitigated
15:52:50 core.sweep_detector INFO: FVGs: 10 detected, 1 unfilled
15:52:52 core.sweep_detector INFO: SweepDetector v2: 3 raw â†’ 2 confirmed (volâ‰Ą2.5Ă— bodyâ‰Ą30%)
15:52:52 core.sweep_detector INFO: OrderBlocks: 6 detected, 2 unmitigated
15:52:52 core.sweep_detector INFO: FVGs: 8 detected, 3 unfilled
15:52:54 core.sweep_detector INFO: SweepDetector v2: 2 raw â†’ 1 confirmed (volâ‰Ą2.5Ă— bodyâ‰Ą30%)
15:52:54 core.sweep_detector INFO: OrderBlocks: 5 detected, 1 unmitigated
15:52:54 core.sweep_detector INFO: FVGs: 8 detected, 4 unfilled
15:52:56 core.sweep_detector INFO: SweepDetector v2: 2 raw â†’ 2 confirmed (volâ‰Ą2.5Ă— bodyâ‰Ą30%)
15:52:56 core.sweep_detector INFO: OrderBlocks: 2 detected, 1 unmitigated
15:52:56 core.sweep_detector INFO: FVGs: 12 detected, 3 unfilled
15:52:58 core.sweep_detector INFO: SweepDetector v2: 1 raw â†’ 1 confirmed (volâ‰Ą2.5Ă— bodyâ‰Ą30%)
15:52:58 core.sweep_detector INFO: OrderBlocks: 4 detected, 0 unmitigated
15:52:58 core.sweep_detector INFO: FVGs: 12 detected, 2 unfilled
15:52:59 core.sweep_detector INFO: SweepDetector v2: 2 raw â†’ 1 confirmed (volâ‰Ą2.5Ă— bodyâ‰Ą30%)
15:52:59 core.sweep_detector INFO: OrderBlocks: 6 detected, 2 unmitigated
15:52:59 core.sweep_detector INFO: FVGs: 10 detected, 5 unfilled
15:53:01 core.sweep_detector INFO: SweepDetector v2: 3 raw â†’ 1 confirmed (volâ‰Ą2.5Ă— bodyâ‰Ą30%)
15:53:01 core.sweep_detector INFO: OrderBlocks: 4 detected, 1 unmitigated
15:53:01 core.sweep_detector INFO: FVGs: 10 detected, 2 unfilled
15:53:03 core.sweep_detector INFO: SweepDetector v2: 2 raw â†’ 2 confirmed (volâ‰Ą2.5Ă— bodyâ‰Ą30%)
15:53:03 core.sweep_detector INFO: OrderBlocks: 5 detected, 1 unmitigated
15:53:03 core.sweep_detector INFO: FVGs: 4 detected, 1 unfilled
15:53:04 core.sweep_detector INFO: SweepDetector v2: 0 raw â†’ 0 confirmed (volâ‰Ą2.5Ă— bodyâ‰Ą30%)
15:53:04 core.sweep_detector INFO: OrderBlocks: 2 detected, 2 unmitigated
15:53:04 core.sweep_detector INFO: FVGs: 11 detected, 6 unfilled
15:53:06 core.sweep_detector INFO: SweepDetector v2: 2 raw â†’ 2 confirmed (volâ‰Ą2.5Ă— bodyâ‰Ą30%)
15:53:06 core.sweep_detector INFO: OrderBlocks: 3 detected, 0 unmitigated
15:53:06 core.sweep_detector INFO: FVGs: 3 detected, 1 unfilled
15:53:08 core.sweep_detector INFO: SweepDetector v2: 1 raw â†’ 1 confirmed (volâ‰Ą2.5Ă— bodyâ‰Ą30%)
15:53:08 core.sweep_detector INFO: OrderBlocks: 2 detected, 0 unmitigated
15:53:08 core.sweep_detector INFO: FVGs: 10 detected, 1 unfilled
15:53:09 core.sweep_detector INFO: SweepDetector v2: 0 raw â†’ 0 confirmed (volâ‰Ą2.5Ă— bodyâ‰Ą30%)
15:53:09 core.sweep_detector INFO: OrderBlocks: 5 detected, 1 unmitigated
15:53:09 core.sweep_detector INFO: FVGs: 0 detected, 0 unfilled
15:53:11 core.sweep_detector INFO: SweepDetector v2: 0 raw â†’ 0 confirmed (volâ‰Ą2.5Ă— bodyâ‰Ą30%)
15:53:11 core.sweep_detector INFO: OrderBlocks: 4 detected, 1 unmitigated
15:53:11 core.sweep_detector INFO: FVGs: 1 detected, 1 unfilled
15:53:13 core.sweep_detector INFO: SweepDetector v2: 0 raw â†’ 0 confirmed (volâ‰Ą2.5Ă— bodyâ‰Ą30%)
15:53:13 core.sweep_detector INFO: OrderBlocks: 4 detected, 2 unmitigated
15:53:13 core.sweep_detector INFO: FVGs: 0 detected, 0 unfilled
15:53:15 core.sweep_detector INFO: SweepDetector v2: 0 raw â†’ 0 confirmed (volâ‰Ą2.5Ă— bodyâ‰Ą30%)
15:53:15 core.sweep_detector INFO: OrderBlocks: 0 detected, 0 unmitigated
15:53:15 core.sweep_detector INFO: FVGs: 0 detected, 0 unfilled
15:53:16 core.sweep_detector INFO: SweepDetector v2: 0 raw â†’ 0 confirmed (volâ‰Ą2.5Ă— bodyâ‰Ą30%)
15:53:16 core.sweep_detector INFO: OrderBlocks: 0 detected, 0 unmitigated
15:53:16 core.sweep_detector INFO: FVGs: 0 detected, 0 unfilled
15:53:18 core.sweep_detector INFO: SweepDetector v2: 0 raw â†’ 0 confirmed (volâ‰Ą2.5Ă— bodyâ‰Ą30%)
15:53:18 core.sweep_detector INFO: OrderBlocks: 0 detected, 0 unmitigated
15:53:18 core.sweep_detector INFO: FVGs: 0 detected, 0 unfilled
15:53:20 core.sweep_detector INFO: SweepDetector v2: 0 raw â†’ 0 confirmed (volâ‰Ą2.5Ă— bodyâ‰Ą30%)
15:53:20 core.sweep_detector INFO: OrderBlocks: 6 detected, 1 unmitigated
15:53:20 core.sweep_detector INFO: FVGs: 13 detected, 2 unfilled
15:53:21 core.sweep_detector INFO: SweepDetector v2: 1 raw â†’ 1 confirmed (volâ‰Ą2.5Ă— bodyâ‰Ą30%)
15:53:21 core.sweep_detector INFO: OrderBlocks: 3 detected, 0 unmitigated
15:53:21 core.sweep_detector INFO: FVGs: 10 detected, 2 unfilled
15:53:23 core.sweep_detector INFO: SweepDetector v2: 2 raw â†’ 2 confirmed (volâ‰Ą2.5Ă— bodyâ‰Ą30%)
15:53:23 core.sweep_detector INFO: OrderBlocks: 7 detected, 3 unmitigated
15:53:23 core.sweep_detector INFO: FVGs: 9 detected, 3 unfilled
15:53:25 core.sweep_detector INFO: SweepDetector v2: 0 raw â†’ 0 confirmed (volâ‰Ą2.5Ă— bodyâ‰Ą30%)
15:53:25 core.sweep_detector INFO: OrderBlocks: 8 detected, 4 unmitigated
15:53:25 core.sweep_detector INFO: FVGs: 10 detected, 4 unfilled
15:53:27 core.sweep_detector INFO: SweepDetector v2: 2 raw â†’ 1 confirmed (volâ‰Ą2.5Ă— bodyâ‰Ą30%)
15:53:27 core.sweep_detector INFO: OrderBlocks: 4 detected, 0 unmitigated
15:53:27 core.sweep_detector INFO: FVGs: 11 detected, 2 unfilled
15:53:28 core.sweep_detector INFO: SweepDetector v2: 2 raw â†’ 2 confirmed (volâ‰Ą2.5Ă— bodyâ‰Ą30%)
15:53:28 core.sweep_detector INFO: OrderBlocks: 2 detected, 0 unmitigated
15:53:28 core.sweep_detector INFO: FVGs: 11 detected, 3 unfilled
15:53:31 core.sweep_detector INFO: SweepDetector v2: 0 raw â†’ 0 confirmed (volâ‰Ą2.5Ă— bodyâ‰Ą30%)
15:53:31 core.sweep_detector INFO: OrderBlocks: 8 detected, 3 unmitigated
15:53:31 core.sweep_detector INFO: FVGs: 12 detected, 3 unfilled
15:53:32 core.sweep_detector INFO: SweepDetector v2: 1 raw â†’ 1 confirmed (volâ‰Ą2.5Ă— bodyâ‰Ą30%)
15:53:32 core.sweep_detector INFO: OrderBlocks: 7 detected, 0 unmitigated
15:53:32 core.sweep_detector INFO: FVGs: 12 detected, 2 unfilled
15:53:34 core.sweep_detector INFO: SweepDetector v2: 4 raw â†’ 3 confirmed (volâ‰Ą2.5Ă— bodyâ‰Ą30%)
15:53:34 core.sweep_detector INFO: OrderBlocks: 2 detected, 0 unmitigated
15:53:34 core.sweep_detector INFO: FVGs: 8 detected, 0 unfilled
15:53:36 core.sweep_detector INFO: SweepDetector v2: 2 raw â†’ 2 confirmed (volâ‰Ą2.5Ă— bodyâ‰Ą30%)
15:53:36 core.sweep_detector INFO: OrderBlocks: 6 detected, 0 unmitigated
15:53:36 core.sweep_detector INFO: FVGs: 4 detected, 0 unfilled
15:53:38 core.sweep_detector INFO: SweepDetector v2: 6 raw â†’ 6 confirmed (volâ‰Ą2.5Ă— bodyâ‰Ą30%)
15:53:38 core.sweep_detector INFO: OrderBlocks: 2 detected, 0 unmitigated
15:53:38 core.sweep_detector INFO: FVGs: 9 detected, 0 unfilled
15:53:39 core.sweep_detector INFO: SweepDetector v2: 5 raw â†’ 4 confirmed (volâ‰Ą2.5Ă— bodyâ‰Ą30%)
15:53:39 core.sweep_detector INFO: OrderBlocks: 3 detected, 2 unmitigated
15:53:39 core.sweep_detector INFO: FVGs: 1 detected, 1 unfilled
15:53:41 core.sweep_detector INFO: SweepDetector v2: 1 raw â†’ 1 confirmed (volâ‰Ą2.5Ă— bodyâ‰Ą30%)
15:53:41 core.sweep_detector INFO: OrderBlocks: 7 detected, 2 unmitigated
15:53:41 core.sweep_detector INFO: FVGs: 9 detected, 2 unfilled
15:53:43 core.sweep_detector INFO: SweepDetector v2: 1 raw â†’ 1 confirmed (volâ‰Ą2.5Ă— bodyâ‰Ą30%)
15:53:43 core.sweep_detector INFO: OrderBlocks: 3 detected, 0 unmitigated
15:53:43 core.sweep_detector INFO: FVGs: 6 detected, 1 unfilled
15:53:45 core.sweep_detector INFO: SweepDetector v2: 1 raw â†’ 1 confirmed (volâ‰Ą2.5Ă— bodyâ‰Ą30%)
15:53:45 core.sweep_detector INFO: OrderBlocks: 6 detected, 0 unmitigated
15:53:45 core.sweep_detector INFO: FVGs: 9 detected, 0 unfilled
15:53:46 core.sweep_detector INFO: SweepDetector v2: 3 raw â†’ 2 confirmed (volâ‰Ą2.5Ă— bodyâ‰Ą30%)
15:53:46 core.sweep_detector INFO: OrderBlocks: 7 detected, 3 unmitigated
15:53:46 core.sweep_detector INFO: FVGs: 13 detected, 2 unfilled
15:53:48 core.sweep_detector INFO: SweepDetector v2: 2 raw â†’ 0 confirmed (volâ‰Ą2.5Ă— bodyâ‰Ą30%)
15:53:48 core.sweep_detector INFO: OrderBlocks: 8 detected, 3 unmitigated
15:53:48 core.sweep_detector INFO: FVGs: 13 detected, 2 unfilled
15:53:50 core.sweep_detector INFO: SweepDetector v2: 3 raw â†’ 0 confirmed (volâ‰Ą2.5Ă— bodyâ‰Ą30%)
15:53:50 core.sweep_detector INFO: OrderBlocks: 7 detected, 4 unmitigated
15:53:50 core.sweep_detector INFO: FVGs: 8 detected, 4 unfilled
15:53:51 core.sweep_detector INFO: SweepDetector v2: 2 raw â†’ 2 confirmed (volâ‰Ą2.5Ă— bodyâ‰Ą30%)
15:53:51 core.sweep_detector INFO: OrderBlocks: 10 detected, 2 unmitigated
15:53:51 core.sweep_detector INFO: FVGs: 8 detected, 2 unfilled
15:53:53 core.sweep_detector INFO: SweepDetector v2: 1 raw â†’ 1 confirmed (volâ‰Ą2.5Ă— bodyâ‰Ą30%)
15:53:53 core.sweep_detector INFO: OrderBlocks: 1 detected, 0 unmitigated
15:53:53 core.sweep_detector INFO: FVGs: 9 detected, 2 unfilled
15:53:54 core.sweep_detector INFO: SweepDetector v2: 4 raw â†’ 3 confirmed (volâ‰Ą2.5Ă— bodyâ‰Ą30%)
15:53:54 core.sweep_detector INFO: OrderBlocks: 6 detected, 2 unmitigated
15:53:54 core.sweep_detector INFO: FVGs: 9 detected, 1 unfilled
15:53:56 core.sweep_detector INFO: SweepDetector v2: 1 raw â†’ 1 confirmed (volâ‰Ą2.5Ă— bodyâ‰Ą30%)
15:53:56 core.sweep_detector INFO: OrderBlocks: 7 detected, 2 unmitigated
15:53:56 core.sweep_detector INFO: FVGs: 9 detected, 4 unfilled
15:53:58 core.sweep_detector INFO: SweepDetector v2: 2 raw â†’ 2 confirmed (volâ‰Ą2.5Ă— bodyâ‰Ą30%)
15:53:58 core.sweep_detector INFO: OrderBlocks: 3 detected, 1 unmitigated
15:53:58 core.sweep_detector INFO: FVGs: 12 detected, 4 unfilled
15:53:59 core.sweep_detector INFO: SweepDetector v2: 3 raw â†’ 3 confirmed (volâ‰Ą2.5Ă— bodyâ‰Ą30%)
15:53:59 core.sweep_detector INFO: OrderBlocks: 5 detected, 0 unmitigated
15:53:59 core.sweep_detector INFO: FVGs: 7 detected, 2 unfilled
15:54:01 core.sweep_detector INFO: SweepDetector v2: 2 raw â†’ 1 confirmed (volâ‰Ą2.5Ă— bodyâ‰Ą30%)
15:54:01 core.sweep_detector INFO: OrderBlocks: 4 detected, 1 unmitigated
15:54:01 core.sweep_detector INFO: FVGs: 7 detected, 0 unfilled
15:54:03 core.sweep_detector INFO: SweepDetector v2: 0 raw â†’ 0 confirmed (volâ‰Ą2.5Ă— bodyâ‰Ą30%)
15:54:03 core.sweep_detector INFO: OrderBlocks: 7 detected, 1 unmitigated
15:54:03 core.sweep_detector INFO: FVGs: 9 detected, 4 unfilled
15:54:04 core.sweep_detector INFO: SweepDetector v2: 1 raw â†’ 1 confirmed (volâ‰Ą2.5Ă— bodyâ‰Ą30%)
15:54:04 core.sweep_detector INFO: OrderBlocks: 7 detected, 4 unmitigated
15:54:04 core.sweep_detector INFO: FVGs: 11 detected, 6 unfilled
15:54:06 core.sweep_detector INFO: SweepDetector v2: 0 raw â†’ 0 confirmed (volâ‰Ą2.5Ă— bodyâ‰Ą30%)
15:54:06 core.sweep_detector INFO: OrderBlocks: 2 detected, 1 unmitigated
15:54:06 core.sweep_detector INFO: FVGs: 11 detected, 2 unfilled
15:54:08 core.sweep_detector INFO: SweepDetector v2: 0 raw â†’ 0 confirmed (volâ‰Ą2.5Ă— bodyâ‰Ą30%)
15:54:08 core.sweep_detector INFO: OrderBlocks: 2 detected, 0 unmitigated
15:54:08 core.sweep_detector INFO: FVGs: 7 detected, 0 unfilled
15:54:09 core.sweep_detector INFO: SweepDetector v2: 2 raw â†’ 2 confirmed (volâ‰Ą2.5Ă— bodyâ‰Ą30%)
15:54:09 core.sweep_detector INFO: OrderBlocks: 4 detected, 2 unmitigated
15:54:09 core.sweep_detector INFO: FVGs: 5 detected, 2 unfilled
15:54:11 core.sweep_detector INFO: SweepDetector v2: 0 raw â†’ 0 confirmed (volâ‰Ą2.5Ă— bodyâ‰Ą30%)
15:54:11 core.sweep_detector INFO: OrderBlocks: 7 detected, 3 unmitigated
15:54:11 core.sweep_detector INFO: FVGs: 12 detected, 7 unfilled
15:54:13 core.sweep_detector INFO: SweepDetector v2: 1 raw â†’ 1 confirmed (volâ‰Ą2.5Ă— bodyâ‰Ą30%)
15:54:13 core.sweep_detector INFO: OrderBlocks: 5 detected, 3 unmitigated
15:54:13 core.sweep_detector INFO: FVGs: 12 detected, 3 unfilled
15:54:15 core.sweep_detector INFO: SweepDetector v2: 0 raw â†’ 0 confirmed (volâ‰Ą2.5Ă— bodyâ‰Ą30%)
15:54:15 core.sweep_detector INFO: OrderBlocks: 9 detected, 3 unmitigated
15:54:15 core.sweep_detector INFO: FVGs: 12 detected, 6 unfilled
15:54:17 core.sweep_detector INFO: SweepDetector v2: 1 raw â†’ 0 confirmed (volâ‰Ą2.5Ă— bodyâ‰Ą30%)
15:54:17 core.sweep_detector INFO: OrderBlocks: 9 detected, 3 unmitigated
15:54:17 core.sweep_detector INFO: FVGs: 8 detected, 2 unfilled
15:54:19 core.sweep_detector INFO: SweepDetector v2: 2 raw â†’ 1 confirmed (volâ‰Ą2.5Ă— bodyâ‰Ą30%)
15:54:19 core.sweep_detector INFO: OrderBlocks: 1 detected, 0 unmitigated
15:54:19 core.sweep_detector INFO: FVGs: 8 detected, 3 unfilled
15:54:21 core.sweep_detector INFO: SweepDetector v2: 0 raw â†’ 0 confirmed (volâ‰Ą2.5Ă— bodyâ‰Ą30%)
15:54:21 core.sweep_detector INFO: OrderBlocks: 7 detected, 2 unmitigated
15:54:21 core.sweep_detector INFO: FVGs: 5 detected, 3 unfilled
15:54:23 core.sweep_detector INFO: SweepDetector v2: 1 raw â†’ 1 confirmed (volâ‰Ą2.5Ă— bodyâ‰Ą30%)
15:54:23 core.sweep_detector INFO: OrderBlocks: 6 detected, 3 unmitigated
15:54:23 core.sweep_detector INFO: FVGs: 10 detected, 6 unfilled
15:54:24 core.sweep_detector INFO: SweepDetector v2: 3 raw â†’ 1 confirmed (volâ‰Ą2.5Ă— bodyâ‰Ą30%)
15:54:24 core.sweep_detector INFO: OrderBlocks: 4 detected, 2 unmitigated
15:54:24 core.sweep_detector INFO: FVGs: 8 detected, 3 unfilled
15:54:26 core.sweep_detector INFO: SweepDetector v2: 1 raw â†’ 1 confirmed (volâ‰Ą2.5Ă— bodyâ‰Ą30%)
15:54:26 core.sweep_detector INFO: OrderBlocks: 3 detected, 1 unmitigated
15:54:26 core.sweep_detector INFO: FVGs: 4 detected, 2 unfilled
15:54:28 core.sweep_detector INFO: SweepDetector v2: 0 raw â†’ 0 confirmed (volâ‰Ą2.5Ă— bodyâ‰Ą30%)
15:54:28 core.sweep_detector INFO: OrderBlocks: 6 detected, 2 unmitigated
15:54:28 core.sweep_detector INFO: FVGs: 3 detected, 2 unfilled
15:54:29 core.sweep_detector INFO: SweepDetector v2: 2 raw â†’ 2 confirmed (volâ‰Ą2.5Ă— bodyâ‰Ą30%)
15:54:29 core.sweep_detector INFO: OrderBlocks: 6 detected, 0 unmitigated
15:54:29 core.sweep_detector INFO: FVGs: 8 detected, 1 unfilled
15:54:31 core.sweep_detector INFO: SweepDetector v2: 1 raw â†’ 1 confirmed (volâ‰Ą2.5Ă— bodyâ‰Ą30%)
15:54:31 core.sweep_detector INFO: OrderBlocks: 3 detected, 1 unmitigated
15:54:31 core.sweep_detector INFO: FVGs: 6 detected, 0 unfilled
15:54:33 core.sweep_detector INFO: SweepDetector v2: 1 raw â†’ 1 confirmed (volâ‰Ą2.5Ă— bodyâ‰Ą30%)
15:54:33 core.sweep_detector INFO: OrderBlocks: 9 detected, 2 unmitigated
15:54:33 core.sweep_detector INFO: FVGs: 5 detected, 3 unfilled
15:54:34 core.sweep_detector INFO: SweepDetector v2: 3 raw â†’ 2 confirmed (volâ‰Ą2.5Ă— bodyâ‰Ą30%)
15:54:34 core.sweep_detector INFO: OrderBlocks: 4 detected, 2 unmitigated
15:54:34 core.sweep_detector INFO: FVGs: 8 detected, 3 unfilled
15:54:36 core.sweep_detector INFO: SweepDetector v2: 1 raw â†’ 1 confirmed (volâ‰Ą2.5Ă— bodyâ‰Ą30%)
15:54:36 core.sweep_detector INFO: OrderBlocks: 6 detected, 3 unmitigated
15:54:36 core.sweep_detector INFO: FVGs: 8 detected, 3 unfilled
15:54:38 core.sweep_detector INFO: SweepDetector v2: 0 raw â†’ 0 confirmed (volâ‰Ą2.5Ă— bodyâ‰Ą30%)
15:54:38 core.sweep_detector INFO: OrderBlocks: 4 detected, 2 unmitigated
15:54:38 core.sweep_detector INFO: FVGs: 13 detected, 3 unfilled
15:54:40 core.sweep_detector INFO: SweepDetector v2: 1 raw â†’ 1 confirmed (volâ‰Ą2.5Ă— bodyâ‰Ą30%)
15:54:40 core.sweep_detector INFO: OrderBlocks: 7 detected, 2 unmitigated
15:54:40 core.sweep_detector INFO: FVGs: 10 detected, 5 unfilled
15:54:41 core.sweep_detector INFO: SweepDetector v2: 2 raw â†’ 1 confirmed (volâ‰Ą2.5Ă— bodyâ‰Ą30%)
15:54:41 core.sweep_detector INFO: OrderBlocks: 5 detected, 3 unmitigated
15:54:41 core.sweep_detector INFO: FVGs: 11 detected, 6 unfilled
15:54:43 core.sweep_detector INFO: SweepDetector v2: 3 raw â†’ 2 confirmed (volâ‰Ą2.5Ă— bodyâ‰Ą30%)
15:54:43 core.sweep_detector INFO: OrderBlocks: 11 detected, 4 unmitigated
15:54:43 core.sweep_detector INFO: FVGs: 14 detected, 1 unfilled
15:54:44 core.sweep_detector INFO: SweepDetector v2: 3 raw â†’ 1 confirmed (volâ‰Ą2.5Ă— bodyâ‰Ą30%)
15:54:44 core.sweep_detector INFO: OrderBlocks: 4 detected, 0 unmitigated
15:54:44 core.sweep_detector INFO: FVGs: 11 detected, 2 unfilled
15:54:46 core.sweep_detector INFO: SweepDetector v2: 3 raw â†’ 3 confirmed (volâ‰Ą2.5Ă— bodyâ‰Ą30%)
15:54:46 core.sweep_detector INFO: OrderBlocks: 4 detected, 0 unmitigated
15:54:46 core.sweep_detector INFO: FVGs: 7 detected, 1 unfilled
15:54:48 core.sweep_detector INFO: SweepDetector v2: 2 raw â†’ 2 confirmed (volâ‰Ą2.5Ă— bodyâ‰Ą30%)
15:54:48 core.sweep_detector INFO: OrderBlocks: 3 detected, 1 unmitigated
15:54:48 core.sweep_detector INFO: FVGs: 7 detected, 2 unfilled
15:54:49 core.sweep_detector INFO: SweepDetector v2: 0 raw â†’ 0 confirmed (volâ‰Ą2.5Ă— bodyâ‰Ą30%)
15:54:49 core.sweep_detector INFO: OrderBlocks: 2 detected, 1 unmitigated
15:54:49 core.sweep_detector INFO: FVGs: 11 detected, 5 unfilled
15:54:51 core.sweep_detector INFO: SweepDetector v2: 1 raw â†’ 0 confirmed (volâ‰Ą2.5Ă— bodyâ‰Ą30%)
15:54:51 core.sweep_detector INFO: OrderBlocks: 2 detected, 0 unmitigated
15:54:51 core.sweep_detector INFO: FVGs: 6 detected, 3 unfilled
15:54:53 core.sweep_detector INFO: SweepDetector v2: 2 raw â†’ 2 confirmed (volâ‰Ą2.5Ă— bodyâ‰Ą30%)
15:54:53 core.sweep_detector INFO: OrderBlocks: 15 detected, 3 unmitigated
15:54:53 core.sweep_detector INFO: FVGs: 16 detected, 2 unfilled
15:54:54 core.sweep_detector INFO: SweepDetector v2: 3 raw â†’ 3 confirmed (volâ‰Ą2.5Ă— bodyâ‰Ą30%)
15:54:54 core.sweep_detector INFO: OrderBlocks: 5 detected, 3 unmitigated
15:54:54 core.sweep_detector INFO: FVGs: 7 detected, 1 unfilled
15:54:56 core.sweep_detector INFO: SweepDetector v2: 2 raw â†’ 1 confirmed (volâ‰Ą2.5Ă— bodyâ‰Ą30%)
15:54:56 core.sweep_detector INFO: OrderBlocks: 5 detected, 2 unmitigated
15:54:56 core.sweep_detector INFO: FVGs: 7 detected, 2 unfilled
15:54:58 core.sweep_detector INFO: SweepDetector v2: 6 raw â†’ 3 confirmed (volâ‰Ą2.5Ă— bodyâ‰Ą30%)
15:54:58 core.sweep_detector INFO: OrderBlocks: 6 detected, 4 unmitigated
15:54:58 core.sweep_detector INFO: FVGs: 10 detected, 5 unfilled
15:55:00 core.sweep_detector INFO: SweepDetector v2: 5 raw â†’ 4 confirmed (volâ‰Ą2.5Ă— bodyâ‰Ą30%)
15:55:00 core.sweep_detector INFO: OrderBlocks: 4 detected, 1 unmitigated
15:55:00 core.sweep_detector INFO: FVGs: 6 detected, 1 unfilled
15:55:01 core.sweep_detector INFO: SweepDetector v2: 1 raw â†’ 1 confirmed (volâ‰Ą2.5Ă— bodyâ‰Ą30%)
15:55:01 core.sweep_detector INFO: OrderBlocks: 3 detected, 2 unmitigated
15:55:01 core.sweep_detector INFO: FVGs: 8 detected, 3 unfilled
15:55:03 core.sweep_detector INFO: SweepDetector v2: 1 raw â†’ 1 confirmed (volâ‰Ą2.5Ă— bodyâ‰Ą30%)
15:55:03 core.sweep_detector INFO: OrderBlocks: 5 detected, 1 unmitigated
15:55:03 core.sweep_detector INFO: FVGs: 8 detected, 3 unfilled
15:55:05 core.sweep_detector INFO: SweepDetector v2: 3 raw â†’ 3 confirmed (volâ‰Ą2.5Ă— bodyâ‰Ą30%)
15:55:05 core.sweep_detector INFO: OrderBlocks: 7 detected, 1 unmitigated
15:55:05 core.sweep_detector INFO: FVGs: 10 detected, 3 unfilled
15:55:07 core.sweep_detector INFO: SweepDetector v2: 3 raw â†’ 3 confirmed (volâ‰Ą2.5Ă— bodyâ‰Ą30%)
15:55:07 core.sweep_detector INFO: OrderBlocks: 3 detected, 0 unmitigated
15:55:07 core.sweep_detector INFO: FVGs: 13 detected, 5 unfilled
15:55:08 core.sweep_detector INFO: SweepDetector v2: 1 raw â†’ 1 confirmed (volâ‰Ą2.5Ă— bodyâ‰Ą30%)
15:55:08 core.sweep_detector INFO: OrderBlocks: 6 detected, 2 unmitigated
15:55:08 core.sweep_detector INFO: FVGs: 12 detected, 5 unfilled
15:55:10 core.sweep_detector INFO: SweepDetector v2: 2 raw â†’ 0 confirmed (volâ‰Ą2.5Ă— bodyâ‰Ą30%)
15:55:10 core.sweep_detector INFO: OrderBlocks: 5 detected, 1 unmitigated
15:55:10 core.sweep_detector INFO: FVGs: 11 detected, 3 unfilled
15:55:11 core.sweep_detector INFO: SweepDetector v2: 1 raw â†’ 1 confirmed (volâ‰Ą2.5Ă— bodyâ‰Ą30%)
15:55:11 core.sweep_detector INFO: OrderBlocks: 5 detected, 3 unmitigated
15:55:11 core.sweep_detector INFO: FVGs: 5 detected, 2 unfilled
15:55:13 core.sweep_detector INFO: SweepDetector v2: 3 raw â†’ 2 confirmed (volâ‰Ą2.5Ă— bodyâ‰Ą30%)
15:55:13 core.sweep_detector INFO: OrderBlocks: 5 detected, 0 unmitigated
15:55:13 core.sweep_detector INFO: FVGs: 7 detected, 0 unfilled
15:55:15 core.sweep_detector INFO: SweepDetector v2: 2 raw â†’ 2 confirmed (volâ‰Ą2.5Ă— bodyâ‰Ą30%)
15:55:15 core.sweep_detector INFO: OrderBlocks: 6 detected, 1 unmitigated
15:55:15 core.sweep_detector INFO: FVGs: 7 detected, 2 unfilled
15:55:17 core.sweep_detector INFO: SweepDetector v2: 0 raw â†’ 0 confirmed (volâ‰Ą2.5Ă— bodyâ‰Ą30%)
15:55:17 core.sweep_detector INFO: OrderBlocks: 6 detected, 2 unmitigated
15:55:17 core.sweep_detector INFO: FVGs: 6 detected, 4 unfilled
15:55:19 core.sweep_detector INFO: SweepDetector v2: 0 raw â†’ 0 confirmed (volâ‰Ą2.5Ă— bodyâ‰Ą30%)
15:55:19 core.sweep_detector INFO: OrderBlocks: 8 detected, 4 unmitigated
15:55:19 core.sweep_detector INFO: FVGs: 10 detected, 4 unfilled
15:55:21 core.sweep_detector INFO: SweepDetector v2: 4 raw â†’ 3 confirmed (volâ‰Ą2.5Ă— bodyâ‰Ą30%)
15:55:21 core.sweep_detector INFO: OrderBlocks: 5 detected, 1 unmitigated
15:55:21 core.sweep_detector INFO: FVGs: 10 detected, 2 unfilled
15:55:22 core.sweep_detector INFO: SweepDetector v2: 2 raw â†’ 2 confirmed (volâ‰Ą2.5Ă— bodyâ‰Ą30%)
15:55:22 core.sweep_detector INFO: OrderBlocks: 4 detected, 0 unmitigated
15:55:22 core.sweep_detector INFO: FVGs: 7 detected, 1 unfilled
15:55:24 core.sweep_detector INFO: SweepDetector v2: 1 raw â†’ 1 confirmed (volâ‰Ą2.5Ă— bodyâ‰Ą30%)
15:55:24 core.sweep_detector INFO: OrderBlocks: 4 detected, 2 unmitigated
15:55:24 core.sweep_detector INFO: FVGs: 5 detected, 2 unfilled
15:55:26 core.sweep_detector INFO: SweepDetector v2: 3 raw â†’ 3 confirmed (volâ‰Ą2.5Ă— bodyâ‰Ą30%)
15:55:26 core.sweep_detector INFO: OrderBlocks: 3 detected, 0 unmitigated
15:55:26 core.sweep_detector INFO: FVGs: 4 detected, 1 unfilled
15:55:28 core.sweep_detector INFO: SweepDetector v2: 1 raw â†’ 1 confirmed (volâ‰Ą2.5Ă— bodyâ‰Ą30%)
15:55:28 core.sweep_detector INFO: OrderBlocks: 1 detected, 0 unmitigated
15:55:28 core.sweep_detector INFO: FVGs: 1 detected, 0 unfilled
15:55:29 core.sweep_detector INFO: SweepDetector v2: 2 raw â†’ 2 confirmed (volâ‰Ą2.5Ă— bodyâ‰Ą30%)
15:55:29 core.sweep_detector INFO: OrderBlocks: 10 detected, 2 unmitigated
15:55:29 core.sweep_detector INFO: FVGs: 10 detected, 2 unfilled
15:55:31 core.sweep_detector INFO: SweepDetector v2: 5 raw â†’ 3 confirmed (volâ‰Ą2.5Ă— bodyâ‰Ą30%)
15:55:31 core.sweep_detector INFO: OrderBlocks: 4 detected, 3 unmitigated
15:55:31 core.sweep_detector INFO: FVGs: 9 detected, 3 unfilled
15:55:32 core.sweep_detector INFO: SweepDetector v2: 2 raw â†’ 1 confirmed (volâ‰Ą2.5Ă— bodyâ‰Ą30%)
15:55:32 core.sweep_detector INFO: OrderBlocks: 3 detected, 1 unmitigated
15:55:33 core.sweep_detector INFO: FVGs: 8 detected, 2 unfilled
15:55:34 core.sweep_detector INFO: SweepDetector v2: 1 raw â†’ 0 confirmed (volâ‰Ą2.5Ă— bodyâ‰Ą30%)
15:55:34 core.sweep_detector INFO: OrderBlocks: 5 detected, 1 unmitigated
15:55:34 core.sweep_detector INFO: FVGs: 5 detected, 2 unfilled
15:55:36 core.sweep_detector INFO: SweepDetector v2: 4 raw â†’ 4 confirmed (volâ‰Ą2.5Ă— bodyâ‰Ą30%)
15:55:36 core.sweep_detector INFO: OrderBlocks: 2 detected, 1 unmitigated
15:55:36 core.sweep_detector INFO: FVGs: 7 detected, 1 unfilled
15:55:38 core.sweep_detector INFO: SweepDetector v2: 1 raw â†’ 1 confirmed (volâ‰Ą2.5Ă— bodyâ‰Ą30%)
15:55:38 core.sweep_detector INFO: OrderBlocks: 4 detected, 0 unmitigated
15:55:38 core.sweep_detector INFO: FVGs: 10 detected, 0 unfilled
15:55:39 core.sweep_detector INFO: SweepDetector v2: 2 raw â†’ 2 confirmed (volâ‰Ą2.5Ă— bodyâ‰Ą30%)
15:55:39 core.sweep_detector INFO: OrderBlocks: 8 detected, 4 unmitigated
15:55:39 core.sweep_detector INFO: FVGs: 9 detected, 2 unfilled
15:55:41 core.sweep_detector INFO: SweepDetector v2: 2 raw â†’ 1 confirmed (volâ‰Ą2.5Ă— bodyâ‰Ą30%)
15:55:41 core.sweep_detector INFO: OrderBlocks: 3 detected, 1 unmitigated
15:55:41 core.sweep_detector INFO: FVGs: 7 detected, 3 unfilled
15:55:42 core.sweep_detector INFO: SweepDetector v2: 1 raw â†’ 1 confirmed (volâ‰Ą2.5Ă— bodyâ‰Ą30%)
15:55:43 core.sweep_detector INFO: OrderBlocks: 2 detected, 2 unmitigated
15:55:43 core.sweep_detector INFO: FVGs: 11 detected, 1 unfilled
15:55:44 core.sweep_detector INFO: SweepDetector v2: 0 raw â†’ 0 confirmed (volâ‰Ą2.5Ă— bodyâ‰Ą30%)
15:55:44 core.sweep_detector INFO: OrderBlocks: 1 detected, 0 unmitigated
15:55:44 core.sweep_detector INFO: FVGs: 0 detected, 0 unfilled
15:55:46 core.sweep_detector INFO: SweepDetector v2: 0 raw â†’ 0 confirmed (volâ‰Ą2.5Ă— bodyâ‰Ą30%)
15:55:46 core.sweep_detector INFO: OrderBlocks: 0 detected, 0 unmitigated
15:55:46 core.sweep_detector INFO: FVGs: 0 detected, 0 unfilled
15:55:48 core.sweep_detector INFO: SweepDetector v2: 0 raw â†’ 0 confirmed (volâ‰Ą2.5Ă— bodyâ‰Ą30%)
15:55:48 core.sweep_detector INFO: OrderBlocks: 0 detected, 0 unmitigated
15:55:48 core.sweep_detector INFO: FVGs: 0 detected, 0 unfilled
15:55:50 core.sweep_detector INFO: SweepDetector v2: 2 raw â†’ 2 confirmed (volâ‰Ą2.5Ă— bodyâ‰Ą30%)
15:55:50 core.sweep_detector INFO: OrderBlocks: 5 detected, 2 unmitigated
15:55:50 core.sweep_detector INFO: FVGs: 6 detected, 1 unfilled
15:55:52 core.sweep_detector INFO: SweepDetector v2: 3 raw â†’ 3 confirmed (volâ‰Ą2.5Ă— bodyâ‰Ą30%)
15:55:52 core.sweep_detector INFO: OrderBlocks: 3 detected, 0 unmitigated
15:55:52 core.sweep_detector INFO: FVGs: 9 detected, 2 unfilled
15:55:53 core.sweep_detector INFO: SweepDetector v2: 2 raw â†’ 2 confirmed (volâ‰Ą2.5Ă— bodyâ‰Ą30%)
15:55:53 core.sweep_detector INFO: OrderBlocks: 2 detected, 1 unmitigated
15:55:53 core.sweep_detector INFO: FVGs: 3 detected, 1 unfilled
15:55:55 core.sweep_detector INFO: SweepDetector v2: 0 raw â†’ 0 confirmed (volâ‰Ą2.5Ă— bodyâ‰Ą30%)
15:55:55 core.sweep_detector INFO: OrderBlocks: 4 detected, 2 unmitigated
15:55:55 core.sweep_detector INFO: FVGs: 11 detected, 6 unfilled
15:55:57 core.sweep_detector INFO: SweepDetector v2: 0 raw â†’ 0 confirmed (volâ‰Ą2.5Ă— bodyâ‰Ą30%)
15:55:57 core.sweep_detector INFO: OrderBlocks: 1 detected, 0 unmitigated
15:55:57 core.sweep_detector INFO: FVGs: 6 detected, 2 unfilled
15:55:59 core.sweep_detector INFO: SweepDetector v2: 2 raw â†’ 2 confirmed (volâ‰Ą2.5Ă— bodyâ‰Ą30%)
15:55:59 core.sweep_detector INFO: OrderBlocks: 3 detected, 1 unmitigated
15:55:59 core.sweep_detector INFO: FVGs: 11 detected, 2 unfilled
15:56:01 core.sweep_detector INFO: SweepDetector v2: 5 raw â†’ 3 confirmed (volâ‰Ą2.5Ă— bodyâ‰Ą30%)
15:56:01 core.sweep_detector INFO: OrderBlocks: 6 detected, 2 unmitigated
15:56:01 core.sweep_detector INFO: FVGs: 9 detected, 2 unfilled
15:56:03 core.sweep_detector INFO: SweepDetector v2: 2 raw â†’ 2 confirmed (volâ‰Ą2.5Ă— bodyâ‰Ą30%)
15:56:03 core.sweep_detector INFO: OrderBlocks: 3 detected, 2 unmitigated
15:56:03 core.sweep_detector INFO: FVGs: 13 detected, 2 unfilled
15:56:05 core.sweep_detector INFO: SweepDetector v2: 3 raw â†’ 3 confirmed (volâ‰Ą2.5Ă— bodyâ‰Ą30%)
15:56:05 core.sweep_detector INFO: OrderBlocks: 2 detected, 0 unmitigated
15:56:05 core.sweep_detector INFO: FVGs: 5 detected, 1 unfilled
15:56:06 core.sweep_detector INFO: SweepDetector v2: 0 raw â†’ 0 confirmed (volâ‰Ą2.5Ă— bodyâ‰Ą30%)
15:56:06 core.sweep_detector INFO: OrderBlocks: 7 detected, 2 unmitigated
15:56:06 core.sweep_detector INFO: FVGs: 9 detected, 2 unfilled
15:56:08 core.sweep_detector INFO: SweepDetector v2: 3 raw â†’ 3 confirmed (volâ‰Ą2.5Ă— bodyâ‰Ą30%)
15:56:08 core.sweep_detector INFO: OrderBlocks: 3 detected, 1 unmitigated
15:56:08 core.sweep_detector INFO: FVGs: 8 detected, 2 unfilled
15:56:10 core.sweep_detector INFO: SweepDetector v2: 2 raw â†’ 1 confirmed (volâ‰Ą2.5Ă— bodyâ‰Ą30%)
15:56:10 core.sweep_detector INFO: OrderBlocks: 7 detected, 4 unmitigated
15:56:10 core.sweep_detector INFO: FVGs: 7 detected, 2 unfilled
15:56:11 core.sweep_detector INFO: SweepDetector v2: 1 raw â†’ 1 confirmed (volâ‰Ą2.5Ă— bodyâ‰Ą30%)
15:56:11 core.sweep_detector INFO: OrderBlocks: 4 detected, 2 unmitigated
15:56:11 core.sweep_detector INFO: FVGs: 12 detected, 9 unfilled
15:56:13 core.sweep_detector INFO: SweepDetector v2: 1 raw â†’ 1 confirmed (volâ‰Ą2.5Ă— bodyâ‰Ą30%)
15:56:13 core.sweep_detector INFO: OrderBlocks: 3 detected, 2 unmitigated
15:56:13 core.sweep_detector INFO: FVGs: 2 detected, 1 unfilled
15:56:15 core.sweep_detector INFO: SweepDetector v2: 3 raw â†’ 3 confirmed (volâ‰Ą2.5Ă— bodyâ‰Ą30%)
15:56:15 core.sweep_detector INFO: OrderBlocks: 0 detected, 0 unmitigated
15:56:15 core.sweep_detector INFO: FVGs: 6 detected, 2 unfilled
15:56:16 core.sweep_detector INFO: SweepDetector v2: 1 raw â†’ 0 confirmed (volâ‰Ą2.5Ă— bodyâ‰Ą30%)
15:56:16 core.sweep_detector INFO: OrderBlocks: 9 detected, 3 unmitigated
15:56:16 core.sweep_detector INFO: FVGs: 8 detected, 4 unfilled
15:56:18 core.sweep_detector INFO: SweepDetector v2: 4 raw â†’ 1 confirmed (volâ‰Ą2.5Ă— bodyâ‰Ą30%)
15:56:18 core.sweep_detector INFO: OrderBlocks: 4 detected, 1 unmitigated
15:56:18 core.sweep_detector INFO: FVGs: 7 detected, 1 unfilled
15:56:20 core.sweep_detector INFO: SweepDetector v2: 1 raw â†’ 1 confirmed (volâ‰Ą2.5Ă— bodyâ‰Ą30%)
15:56:20 core.sweep_detector INFO: OrderBlocks: 3 detected, 0 unmitigated
15:56:20 core.sweep_detector INFO: FVGs: 3 detected, 1 unfilled
15:56:22 core.sweep_detector INFO: SweepDetector v2: 2 raw â†’ 2 confirmed (volâ‰Ą2.5Ă— bodyâ‰Ą30%)
15:56:22 core.sweep_detector INFO: OrderBlocks: 5 detected, 2 unmitigated
15:56:22 core.sweep_detector INFO: FVGs: 11 detected, 1 unfilled
15:56:24 core.sweep_detector INFO: SweepDetector v2: 1 raw â†’ 1 confirmed (volâ‰Ą2.5Ă— bodyâ‰Ą30%)
15:56:24 core.sweep_detector INFO: OrderBlocks: 3 detected, 1 unmitigated
15:56:24 core.sweep_detector INFO: FVGs: 12 detected, 5 unfilled
15:56:26 core.sweep_detector INFO: SweepDetector v2: 0 raw â†’ 0 confirmed (volâ‰Ą2.5Ă— bodyâ‰Ą30%)
15:56:26 core.sweep_detector INFO: OrderBlocks: 1 detected, 0 unmitigated
15:56:26 core.sweep_detector INFO: FVGs: 6 detected, 1 unfilled
15:56:27 core.sweep_detector INFO: SweepDetector v2: 7 raw â†’ 5 confirmed (volâ‰Ą2.5Ă— bodyâ‰Ą30%)
15:56:27 core.sweep_detector INFO: OrderBlocks: 5 detected, 5 unmitigated
15:56:27 core.sweep_detector INFO: FVGs: 13 detected, 8 unfilled
15:56:29 core.sweep_detector INFO: SweepDetector v2: 2 raw â†’ 1 confirmed (volâ‰Ą2.5Ă— bodyâ‰Ą30%)
15:56:29 core.sweep_detector INFO: OrderBlocks: 1 detected, 0 unmitigated
15:56:29 core.sweep_detector INFO: FVGs: 5 detected, 2 unfilled
15:56:31 core.sweep_detector INFO: SweepDetector v2: 4 raw â†’ 4 confirmed (volâ‰Ą2.5Ă— bodyâ‰Ą30%)
15:56:31 core.sweep_detector INFO: OrderBlocks: 5 detected, 0 unmitigated
15:56:31 core.sweep_detector INFO: FVGs: 10 detected, 2 unfilled
15:56:32 core.sweep_detector INFO: SweepDetector v2: 0 raw â†’ 0 confirmed (volâ‰Ą2.5Ă— bodyâ‰Ą30%)
15:56:32 core.sweep_detector INFO: OrderBlocks: 8 detected, 5 unmitigated
15:56:32 core.sweep_detector INFO: FVGs: 13 detected, 4 unfilled
15:56:34 core.sweep_detector INFO: SweepDetector v2: 3 raw â†’ 2 confirmed (volâ‰Ą2.5Ă— bodyâ‰Ą30%)
15:56:34 core.sweep_detector INFO: OrderBlocks: 4 detected, 1 unmitigated
15:56:34 core.sweep_detector INFO: FVGs: 9 detected, 2 unfilled
15:56:36 core.sweep_detector INFO: SweepDetector v2: 2 raw â†’ 1 confirmed (volâ‰Ą2.5Ă— bodyâ‰Ą30%)
15:56:36 core.sweep_detector INFO: OrderBlocks: 4 detected, 0 unmitigated
15:56:36 core.sweep_detector INFO: FVGs: 5 detected, 0 unfilled
15:56:37 core.sweep_detector INFO: SweepDetector v2: 3 raw â†’ 3 confirmed (volâ‰Ą2.5Ă— bodyâ‰Ą30%)
15:56:37 core.sweep_detector INFO: OrderBlocks: 3 detected, 1 unmitigated
15:56:37 core.sweep_detector INFO: FVGs: 4 detected, 1 unfilled
15:56:39 core.sweep_detector INFO: SweepDetector v2: 3 raw â†’ 2 confirmed (volâ‰Ą2.5Ă— bodyâ‰Ą30%)
15:56:39 core.sweep_detector INFO: OrderBlocks: 7 detected, 2 unmitigated
15:56:39 core.sweep_detector INFO: FVGs: 6 detected, 2 unfilled
15:56:40 core.sweep_detector INFO: SweepDetector v2: 1 raw â†’ 1 confirmed (volâ‰Ą2.5Ă— bodyâ‰Ą30%)
15:56:40 core.sweep_detector INFO: OrderBlocks: 4 detected, 2 unmitigated
15:56:40 core.sweep_detector INFO: FVGs: 6 detected, 4 unfilled
15:56:42 core.sweep_detector INFO: SweepDetector v2: 3 raw â†’ 2 confirmed (volâ‰Ą2.5Ă— bodyâ‰Ą30%)
15:56:42 core.sweep_detector INFO: OrderBlocks: 3 detected, 3 unmitigated
15:56:42 core.sweep_detector INFO: FVGs: 13 detected, 8 unfilled
15:56:44 core.sweep_detector INFO: SweepDetector v2: 2 raw â†’ 2 confirmed (volâ‰Ą2.5Ă— bodyâ‰Ą30%)
15:56:44 core.sweep_detector INFO: OrderBlocks: 4 detected, 2 unmitigated
15:56:44 core.sweep_detector INFO: FVGs: 9 detected, 3 unfilled
15:56:45 core.sweep_detector INFO: SweepDetector v2: 2 raw â†’ 1 confirmed (volâ‰Ą2.5Ă— bodyâ‰Ą30%)
15:56:46 core.sweep_detector INFO: OrderBlocks: 5 detected, 1 unmitigated
15:56:46 core.sweep_detector INFO: FVGs: 7 detected, 2 unfilled
15:56:47 core.sweep_detector INFO: SweepDetector v2: 1 raw â†’ 0 confirmed (volâ‰Ą2.5Ă— bodyâ‰Ą30%)
15:56:47 core.sweep_detector INFO: OrderBlocks: 4 detected, 0 unmitigated
15:56:47 core.sweep_detector INFO: FVGs: 14 detected, 5 unfilled
15:56:49 core.sweep_detector INFO: SweepDetector v2: 0 raw â†’ 0 confirmed (volâ‰Ą2.5Ă— bodyâ‰Ą30%)
15:56:49 core.sweep_detector INFO: OrderBlocks: 7 detected, 1 unmitigated
15:56:49 core.sweep_detector INFO: FVGs: 4 detected, 2 unfilled
15:56:51 core.sweep_detector INFO: SweepDetector v2: 2 raw â†’ 2 confirmed (volâ‰Ą2.5Ă— bodyâ‰Ą30%)
15:56:51 core.sweep_detector INFO: OrderBlocks: 1 detected, 1 unmitigated
15:56:51 core.sweep_detector INFO: FVGs: 4 detected, 2 unfilled
15:56:52 core.sweep_detector INFO: SweepDetector v2: 1 raw â†’ 0 confirmed (volâ‰Ą2.5Ă— bodyâ‰Ą30%)
15:56:52 core.sweep_detector INFO: OrderBlocks: 6 detected, 3 unmitigated
15:56:52 core.sweep_detector INFO: FVGs: 10 detected, 5 unfilled
15:56:54 core.sweep_detector INFO: SweepDetector v2: 2 raw â†’ 2 confirmed (volâ‰Ą2.5Ă— bodyâ‰Ą30%)
15:56:54 core.sweep_detector INFO: OrderBlocks: 3 detected, 1 unmitigated
15:56:54 core.sweep_detector INFO: FVGs: 13 detected, 3 unfilled
15:56:56 core.sweep_detector INFO: SweepDetector v2: 4 raw â†’ 3 confirmed (volâ‰Ą2.5Ă— bodyâ‰Ą30%)
15:56:56 core.sweep_detector INFO: OrderBlocks: 5 detected, 0 unmitigated
15:56:56 core.sweep_detector INFO: FVGs: 6 detected, 1 unfilled
15:56:57 core.sweep_detector INFO: SweepDetector v2: 0 raw â†’ 0 confirmed (volâ‰Ą2.5Ă— bodyâ‰Ą30%)
15:56:57 core.sweep_detector INFO: OrderBlocks: 10 detected, 2 unmitigated
15:56:57 core.sweep_detector INFO: FVGs: 11 detected, 2 unfilled
15:56:59 core.sweep_detector INFO: SweepDetector v2: 1 raw â†’ 1 confirmed (volâ‰Ą2.5Ă— bodyâ‰Ą30%)
15:56:59 core.sweep_detector INFO: OrderBlocks: 6 detected, 2 unmitigated
15:56:59 core.sweep_detector INFO: FVGs: 6 detected, 1 unfilled
15:57:01 core.sweep_detector INFO: SweepDetector v2: 1 raw â†’ 1 confirmed (volâ‰Ą2.5Ă— bodyâ‰Ą30%)
15:57:01 core.sweep_detector INFO: OrderBlocks: 6 detected, 2 unmitigated
15:57:01 core.sweep_detector INFO: FVGs: 6 detected, 4 unfilled
15:57:03 core.sweep_detector INFO: SweepDetector v2: 0 raw â†’ 0 confirmed (volâ‰Ą2.5Ă— bodyâ‰Ą30%)
15:57:03 core.sweep_detector INFO: OrderBlocks: 2 detected, 0 unmitigated
15:57:03 core.sweep_detector INFO: FVGs: 0 detected, 0 unfilled
15:57:04 core.sweep_detector INFO: SweepDetector v2: 0 raw â†’ 0 confirmed (volâ‰Ą2.5Ă— bodyâ‰Ą30%)
15:57:04 core.sweep_detector INFO: OrderBlocks: 0 detected, 0 unmitigated
15:57:04 core.sweep_detector INFO: FVGs: 0 detected, 0 unfilled
15:57:06 core.sweep_detector INFO: SweepDetector v2: 0 raw â†’ 0 confirmed (volâ‰Ą2.5Ă— bodyâ‰Ą30%)
15:57:06 core.sweep_detector INFO: OrderBlocks: 0 detected, 0 unmitigated
15:57:06 core.sweep_detector INFO: FVGs: 0 detected, 0 unfilled
15:57:08 core.sweep_detector INFO: SweepDetector v2: 1 raw â†’ 1 confirmed (volâ‰Ą2.5Ă— bodyâ‰Ą30%)
15:57:08 core.sweep_detector INFO: OrderBlocks: 6 detected, 1 unmitigated
15:57:08 core.sweep_detector INFO: FVGs: 9 detected, 5 unfilled
15:57:09 core.sweep_detector INFO: SweepDetector v2: 2 raw â†’ 2 confirmed (volâ‰Ą2.5Ă— bodyâ‰Ą30%)
15:57:09 core.sweep_detector INFO: OrderBlocks: 6 detected, 2 unmitigated
15:57:09 core.sweep_detector INFO: FVGs: 8 detected, 3 unfilled
15:57:11 core.sweep_detector INFO: SweepDetector v2: 1 raw â†’ 1 confirmed (volâ‰Ą2.5Ă— bodyâ‰Ą30%)
15:57:11 core.sweep_detector INFO: OrderBlocks: 4 detected, 1 unmitigated
15:57:11 core.sweep_detector INFO: FVGs: 11 detected, 2 unfilled
15:57:13 core.sweep_detector INFO: SweepDetector v2: 1 raw â†’ 1 confirmed (volâ‰Ą2.5Ă— bodyâ‰Ą30%)
15:57:13 core.sweep_detector INFO: OrderBlocks: 2 detected, 0 unmitigated
15:57:13 core.sweep_detector INFO: FVGs: 0 detected, 0 unfilled
15:57:14 core.sweep_detector INFO: SweepDetector v2: 0 raw â†’ 0 confirmed (volâ‰Ą2.5Ă— bodyâ‰Ą30%)
15:57:14 core.sweep_detector INFO: OrderBlocks: 1 detected, 0 unmitigated
15:57:14 core.sweep_detector INFO: FVGs: 0 detected, 0 unfilled
15:57:16 core.sweep_detector INFO: SweepDetector v2: 0 raw â†’ 0 confirmed (volâ‰Ą2.5Ă— bodyâ‰Ą30%)
15:57:16 core.sweep_detector INFO: OrderBlocks: 1 detected, 0 unmitigated
15:57:16 core.sweep_detector INFO: FVGs: 0 detected, 0 unfilled
15:57:18 core.sweep_detector INFO: SweepDetector v2: 0 raw â†’ 0 confirmed (volâ‰Ą2.5Ă— bodyâ‰Ą30%)
15:57:18 core.sweep_detector INFO: OrderBlocks: 3 detected, 0 unmitigated
15:57:18 core.sweep_detector INFO: FVGs: 0 detected, 0 unfilled
15:57:19 core.sweep_detector INFO: SweepDetector v2: 0 raw â†’ 0 confirmed (volâ‰Ą2.5Ă— bodyâ‰Ą30%)
15:57:19 core.sweep_detector INFO: OrderBlocks: 1 detected, 0 unmitigated
15:57:19 core.sweep_detector INFO: FVGs: 0 detected, 0 unfilled
15:57:21 core.sweep_detector INFO: SweepDetector v2: 0 raw â†’ 0 confirmed (volâ‰Ą2.5Ă— bodyâ‰Ą30%)
15:57:21 core.sweep_detector INFO: OrderBlocks: 1 detected, 0 unmitigated
15:57:21 core.sweep_detector INFO: FVGs: 0 detected, 0 unfilled
15:57:23 core.sweep_detector INFO: SweepDetector v2: 0 raw â†’ 0 confirmed (volâ‰Ą2.5Ă— bodyâ‰Ą30%)
15:57:23 core.sweep_detector INFO: OrderBlocks: 2 detected, 0 unmitigated
15:57:23 core.sweep_detector INFO: FVGs: 0 detected, 0 unfilled
15:57:24 core.sweep_detector INFO: SweepDetector v2: 0 raw â†’ 0 confirmed (volâ‰Ą2.5Ă— bodyâ‰Ą30%)
15:57:24 core.sweep_detector INFO: OrderBlocks: 0 detected, 0 unmitigated
15:57:24 core.sweep_detector INFO: FVGs: 0 detected, 0 unfilled
15:57:26 core.sweep_detector INFO: SweepDetector v2: 0 raw â†’ 0 confirmed (volâ‰Ą2.5Ă— bodyâ‰Ą30%)
15:57:26 core.sweep_detector INFO: OrderBlocks: 0 detected, 0 unmitigated
15:57:26 core.sweep_detector INFO: FVGs: 0 detected, 0 unfilled
15:57:27 core.sweep_detector INFO: SweepDetector v2: 3 raw â†’ 3 confirmed (volâ‰Ą2.5Ă— bodyâ‰Ą30%)
15:57:28 core.sweep_detector INFO: OrderBlocks: 4 detected, 1 unmitigated
15:57:28 core.sweep_detector INFO: FVGs: 8 detected, 3 unfilled
15:57:29 core.sweep_detector INFO: SweepDetector v2: 5 raw â†’ 4 confirmed (volâ‰Ą2.5Ă— bodyâ‰Ą30%)
15:57:29 core.sweep_detector INFO: OrderBlocks: 9 detected, 4 unmitigated
15:57:29 core.sweep_detector INFO: FVGs: 8 detected, 2 unfilled
15:57:31 core.sweep_detector INFO: SweepDetector v2: 2 raw â†’ 2 confirmed (volâ‰Ą2.5Ă— bodyâ‰Ą30%)
15:57:31 core.sweep_detector INFO: OrderBlocks: 5 detected, 0 unmitigated
15:57:31 core.sweep_detector INFO: FVGs: 9 detected, 4 unfilled
15:57:33 core.sweep_detector INFO: SweepDetector v2: 0 raw â†’ 0 confirmed (volâ‰Ą2.5Ă— bodyâ‰Ą30%)
15:57:33 core.sweep_detector INFO: OrderBlocks: 5 detected, 1 unmitigated
15:57:33 core.sweep_detector INFO: FVGs: 9 detected, 3 unfilled
15:57:35 core.sweep_detector INFO: SweepDetector v2: 1 raw â†’ 1 confirmed (volâ‰Ą2.5Ă— bodyâ‰Ą30%)
15:57:35 core.sweep_detector INFO: OrderBlocks: 1 detected, 0 unmitigated
15:57:35 core.sweep_detector INFO: FVGs: 8 detected, 2 unfilled
15:57:36 core.sweep_detector INFO: SweepDetector v2: 2 raw â†’ 2 confirmed (volâ‰Ą2.5Ă— bodyâ‰Ą30%)
15:57:36 core.sweep_detector INFO: OrderBlocks: 5 detected, 2 unmitigated
15:57:36 core.sweep_detector INFO: FVGs: 9 detected, 3 unfilled
15:57:39 core.sweep_detector INFO: SweepDetector v2: 1 raw â†’ 1 confirmed (volâ‰Ą2.5Ă— bodyâ‰Ą30%)
15:57:39 core.sweep_detector INFO: OrderBlocks: 6 detected, 4 unmitigated
15:57:39 core.sweep_detector INFO: FVGs: 8 detected, 3 unfilled
15:57:40 core.sweep_detector INFO: SweepDetector v2: 1 raw â†’ 1 confirmed (volâ‰Ą2.5Ă— bodyâ‰Ą30%)
15:57:40 core.sweep_detector INFO: OrderBlocks: 2 detected, 1 unmitigated
15:57:40 core.sweep_detector INFO: FVGs: 10 detected, 1 unfilled
15:57:42 core.sweep_detector INFO: SweepDetector v2: 2 raw â†’ 2 confirmed (volâ‰Ą2.5Ă— bodyâ‰Ą30%)
15:57:42 core.sweep_detector INFO: OrderBlocks: 5 detected, 1 unmitigated
15:57:42 core.sweep_detector INFO: FVGs: 9 detected, 2 unfilled
15:57:44 core.sweep_detector INFO: SweepDetector v2: 1 raw â†’ 1 confirmed (volâ‰Ą2.5Ă— bodyâ‰Ą30%)
15:57:44 core.sweep_detector INFO: OrderBlocks: 2 detected, 1 unmitigated
15:57:44 core.sweep_detector INFO: FVGs: 8 detected, 4 unfilled
15:57:45 core.sweep_detector INFO: SweepDetector v2: 2 raw â†’ 1 confirmed (volâ‰Ą2.5Ă— bodyâ‰Ą30%)
15:57:45 core.sweep_detector INFO: OrderBlocks: 1 detected, 0 unmitigated
15:57:45 core.sweep_detector INFO: FVGs: 5 detected, 0 unfilled
15:57:47 core.sweep_detector INFO: SweepDetector v2: 0 raw â†’ 0 confirmed (volâ‰Ą2.5Ă— bodyâ‰Ą30%)
15:57:47 core.sweep_detector INFO: OrderBlocks: 3 detected, 0 unmitigated
15:57:47 core.sweep_detector INFO: FVGs: 2 detected, 0 unfilled
15:57:49 core.sweep_detector INFO: SweepDetector v2: 2 raw â†’ 1 confirmed (volâ‰Ą2.5Ă— bodyâ‰Ą30%)
15:57:49 core.sweep_detector INFO: OrderBlocks: 6 detected, 4 unmitigated
15:57:49 core.sweep_detector INFO: FVGs: 13 detected, 5 unfilled
15:57:51 core.sweep_detector INFO: SweepDetector v2: 4 raw â†’ 4 confirmed (volâ‰Ą2.5Ă— bodyâ‰Ą30%)
15:57:51 core.sweep_detector INFO: OrderBlocks: 2 detected, 1 unmitigated
15:57:51 core.sweep_detector INFO: FVGs: 6 detected, 2 unfilled
15:57:52 core.sweep_detector INFO: SweepDetector v2: 1 raw â†’ 1 confirmed (volâ‰Ą2.5Ă— bodyâ‰Ą30%)
15:57:52 core.sweep_detector INFO: OrderBlocks: 4 detected, 2 unmitigated
15:57:52 core.sweep_detector INFO: FVGs: 6 detected, 1 unfilled
15:57:54 core.sweep_detector INFO: SweepDetector v2: 2 raw â†’ 1 confirmed (volâ‰Ą2.5Ă— bodyâ‰Ą30%)
15:57:54 core.sweep_detector INFO: OrderBlocks: 5 detected, 1 unmitigated
15:57:54 core.sweep_detector INFO: FVGs: 5 detected, 1 unfilled
15:57:56 core.sweep_detector INFO: SweepDetector v2: 1 raw â†’ 1 confirmed (volâ‰Ą2.5Ă— bodyâ‰Ą30%)
15:57:56 core.sweep_detector INFO: OrderBlocks: 4 detected, 0 unmitigated
15:57:56 core.sweep_detector INFO: FVGs: 10 detected, 1 unfilled
15:57:57 core.sweep_detector INFO: SweepDetector v2: 4 raw â†’ 3 confirmed (volâ‰Ą2.5Ă— bodyâ‰Ą30%)
15:57:57 core.sweep_detector INFO: OrderBlocks: 7 detected, 2 unmitigated
15:57:57 core.sweep_detector INFO: FVGs: 9 detected, 0 unfilled
15:57:59 core.sweep_detector INFO: SweepDetector v2: 0 raw â†’ 0 confirmed (volâ‰Ą2.5Ă— bodyâ‰Ą30%)
15:57:59 core.sweep_detector INFO: OrderBlocks: 1 detected, 0 unmitigated
15:57:59 core.sweep_detector INFO: FVGs: 4 detected, 0 unfilled
15:58:01 core.sweep_detector INFO: SweepDetector v2: 0 raw â†’ 0 confirmed (volâ‰Ą2.5Ă— bodyâ‰Ą30%)
15:58:01 core.sweep_detector INFO: OrderBlocks: 5 detected, 1 unmitigated
15:58:01 core.sweep_detector INFO: FVGs: 6 detected, 2 unfilled
15:58:03 core.sweep_detector INFO: SweepDetector v2: 0 raw â†’ 0 confirmed (volâ‰Ą2.5Ă— bodyâ‰Ą30%)
15:58:03 core.sweep_detector INFO: OrderBlocks: 6 detected, 1 unmitigated
15:58:03 core.sweep_detector INFO: FVGs: 7 detected, 4 unfilled
15:58:04 core.sweep_detector INFO: SweepDetector v2: 0 raw â†’ 0 confirmed (volâ‰Ą2.5Ă— bodyâ‰Ą30%)
15:58:04 core.sweep_detector INFO: OrderBlocks: 8 detected, 3 unmitigated
15:58:04 core.sweep_detector INFO: FVGs: 11 detected, 3 unfilled
15:58:06 core.sweep_detector INFO: SweepDetector v2: 1 raw â†’ 1 confirmed (volâ‰Ą2.5Ă— bodyâ‰Ą30%)
15:58:06 core.sweep_detector INFO: OrderBlocks: 4 detected, 1 unmitigated
15:58:06 core.sweep_detector INFO: FVGs: 8 detected, 3 unfilled
15:58:08 core.sweep_detector INFO: SweepDetector v2: 1 raw â†’ 1 confirmed (volâ‰Ą2.5Ă— bodyâ‰Ą30%)
15:58:08 core.sweep_detector INFO: OrderBlocks: 8 detected, 1 unmitigated
15:58:08 core.sweep_detector INFO: FVGs: 10 detected, 2 unfilled
15:58:10 core.sweep_detector INFO: SweepDetector v2: 0 raw â†’ 0 confirmed (volâ‰Ą2.5Ă— bodyâ‰Ą30%)
15:58:10 core.sweep_detector INFO: OrderBlocks: 10 detected, 3 unmitigated
15:58:10 core.sweep_detector INFO: FVGs: 10 detected, 3 unfilled
15:58:12 core.sweep_detector INFO: SweepDetector v2: 2 raw â†’ 2 confirmed (volâ‰Ą2.5Ă— bodyâ‰Ą30%)
15:58:12 core.sweep_detector INFO: OrderBlocks: 3 detected, 2 unmitigated
15:58:12 core.sweep_detector INFO: FVGs: 11 detected, 2 unfilled
15:58:13 core.sweep_detector INFO: SweepDetector v2: 3 raw â†’ 3 confirmed (volâ‰Ą2.5Ă— bodyâ‰Ą30%)
15:58:13 core.sweep_detector INFO: OrderBlocks: 1 detected, 0 unmitigated
15:58:13 core.sweep_detector INFO: FVGs: 14 detected, 2 unfilled
15:58:15 core.sweep_detector INFO: SweepDetector v2: 2 raw â†’ 2 confirmed (volâ‰Ą2.5Ă— bodyâ‰Ą30%)
15:58:15 core.sweep_detector INFO: OrderBlocks: 7 detected, 2 unmitigated
15:58:15 core.sweep_detector INFO: FVGs: 8 detected, 3 unfilled
15:58:17 core.sweep_detector INFO: SweepDetector v2: 2 raw â†’ 2 confirmed (volâ‰Ą2.5Ă— bodyâ‰Ą30%)
15:58:17 core.sweep_detector INFO: OrderBlocks: 4 detected, 1 unmitigated
15:58:17 core.sweep_detector INFO: FVGs: 4 detected, 0 unfilled
15:58:18 core.sweep_detector INFO: SweepDetector v2: 0 raw â†’ 0 confirmed (volâ‰Ą2.5Ă— bodyâ‰Ą30%)
15:58:18 core.sweep_detector INFO: OrderBlocks: 6 detected, 1 unmitigated
15:58:18 core.sweep_detector INFO: FVGs: 8 detected, 1 unfilled
15:58:20 core.sweep_detector INFO: SweepDetector v2: 0 raw â†’ 0 confirmed (volâ‰Ą2.5Ă— bodyâ‰Ą30%)
15:58:20 core.sweep_detector INFO: OrderBlocks: 1 detected, 1 unmitigated
15:58:20 core.sweep_detector INFO: FVGs: 0 detected, 0 unfilled
15:58:22 core.sweep_detector INFO: SweepDetector v2: 0 raw â†’ 0 confirmed (volâ‰Ą2.5Ă— bodyâ‰Ą30%)
15:58:22 core.sweep_detector INFO: OrderBlocks: 5 detected, 0 unmitigated
15:58:22 core.sweep_detector INFO: FVGs: 0 detected, 0 unfilled
15:58:24 core.sweep_detector INFO: SweepDetector v2: 0 raw â†’ 0 confirmed (volâ‰Ą2.5Ă— bodyâ‰Ą30%)
15:58:24 core.sweep_detector INFO: OrderBlocks: 0 detected, 0 unmitigated
15:58:24 core.sweep_detector INFO: FVGs: 0 detected, 0 unfilled
15:58:26 core.sweep_detector INFO: SweepDetector v2: 2 raw â†’ 0 confirmed (volâ‰Ą2.5Ă— bodyâ‰Ą30%)
15:58:26 core.sweep_detector INFO: OrderBlocks: 7 detected, 3 unmitigated
15:58:26 core.sweep_detector INFO: FVGs: 5 detected, 0 unfilled
15:58:27 core.sweep_detector INFO: SweepDetector v2: 1 raw â†’ 1 confirmed (volâ‰Ą2.5Ă— bodyâ‰Ą30%)
15:58:27 core.sweep_detector INFO: OrderBlocks: 10 detected, 4 unmitigated
15:58:27 core.sweep_detector INFO: FVGs: 9 detected, 2 unfilled
15:58:29 core.sweep_detector INFO: SweepDetector v2: 4 raw â†’ 4 confirmed (volâ‰Ą2.5Ă— bodyâ‰Ą30%)
15:58:29 core.sweep_detector INFO: OrderBlocks: 4 detected, 0 unmitigated
15:58:29 core.sweep_detector INFO: FVGs: 8 detected, 4 unfilled
15:58:31 core.sweep_detector INFO: SweepDetector v2: 6 raw â†’ 3 confirmed (volâ‰Ą2.5Ă— bodyâ‰Ą30%)
15:58:31 core.sweep_detector INFO: OrderBlocks: 9 detected, 3 unmitigated
15:58:31 core.sweep_detector INFO: FVGs: 10 detected, 3 unfilled
15:58:32 core.sweep_detector INFO: SweepDetector v2: 1 raw â†’ 1 confirmed (volâ‰Ą2.5Ă— bodyâ‰Ą30%)
15:58:32 core.sweep_detector INFO: OrderBlocks: 5 detected, 1 unmitigated
15:58:32 core.sweep_detector INFO: FVGs: 11 detected, 2 unfilled
15:58:34 core.sweep_detector INFO: SweepDetector v2: 3 raw â†’ 2 confirmed (volâ‰Ą2.5Ă— bodyâ‰Ą30%)
15:58:34 core.sweep_detector INFO: OrderBlocks: 8 detected, 3 unmitigated
15:58:34 core.sweep_detector INFO: FVGs: 10 detected, 3 unfilled
15:58:36 core.sweep_detector INFO: SweepDetector v2: 1 raw â†’ 1 confirmed (volâ‰Ą2.5Ă— bodyâ‰Ą30%)
15:58:36 core.sweep_detector INFO: OrderBlocks: 7 detected, 2 unmitigated
15:58:36 core.sweep_detector INFO: FVGs: 7 detected, 1 unfilled
15:58:37 core.sweep_detector INFO: SweepDetector v2: 2 raw â†’ 1 confirmed (volâ‰Ą2.5Ă— bodyâ‰Ą30%)
15:58:37 core.sweep_detector INFO: OrderBlocks: 1 detected, 0 unmitigated
15:58:37 core.sweep_detector INFO: FVGs: 12 detected, 3 unfilled
15:58:39 core.sweep_detector INFO: SweepDetector v2: 0 raw â†’ 0 confirmed (volâ‰Ą2.5Ă— bodyâ‰Ą30%)
15:58:39 core.sweep_detector INFO: OrderBlocks: 6 detected, 1 unmitigated
15:58:39 core.sweep_detector INFO: FVGs: 7 detected, 2 unfilled
15:58:41 core.sweep_detector INFO: SweepDetector v2: 0 raw â†’ 0 confirmed (volâ‰Ą2.5Ă— bodyâ‰Ą30%)
15:58:41 core.sweep_detector INFO: OrderBlocks: 7 detected, 3 unmitigated
15:58:41 core.sweep_detector INFO: FVGs: 9 detected, 2 unfilled
15:58:42 core.sweep_detector INFO: SweepDetector v2: 0 raw â†’ 0 confirmed (volâ‰Ą2.5Ă— bodyâ‰Ą30%)
15:58:43 core.sweep_detector INFO: OrderBlocks: 11 detected, 2 unmitigated
15:58:43 core.sweep_detector INFO: FVGs: 6 detected, 0 unfilled
15:58:44 core.sweep_detector INFO: SweepDetector v2: 4 raw â†’ 3 confirmed (volâ‰Ą2.5Ă— bodyâ‰Ą30%)
15:58:45 core.sweep_detector INFO: OrderBlocks: 6 detected, 3 unmitigated
15:58:45 core.sweep_detector INFO: FVGs: 4 detected, 2 unfilled
15:58:46 core.sweep_detector INFO: SweepDetector v2: 2 raw â†’ 2 confirmed (volâ‰Ą2.5Ă— bodyâ‰Ą30%)
15:58:46 core.sweep_detector INFO: OrderBlocks: 5 detected, 1 unmitigated
15:58:46 core.sweep_detector INFO: FVGs: 5 detected, 3 unfilled
15:58:48 core.sweep_detector INFO: SweepDetector v2: 1 raw â†’ 1 confirmed (volâ‰Ą2.5Ă— bodyâ‰Ą30%)
15:58:48 core.sweep_detector INFO: OrderBlocks: 4 detected, 2 unmitigated
15:58:48 core.sweep_detector INFO: FVGs: 4 detected, 1 unfilled
15:58:49 core.sweep_detector INFO: SweepDetector v2: 2 raw â†’ 2 confirmed (volâ‰Ą2.5Ă— bodyâ‰Ą30%)
15:58:49 core.sweep_detector INFO: OrderBlocks: 5 detected, 1 unmitigated
15:58:49 core.sweep_detector INFO: FVGs: 6 detected, 2 unfilled
/root/.openclaw/workspace/projects/crypto-liquidity-hunter/main.py:555: DeprecationWarning: datetime.datetime.utcnow() is deprecated and scheduled for removal in a future version. Use timezone-aware objects to represent datetimes in UTC: datetime.datetime.now(datetime.UTC).
  scan_end     = datetime.utcnow()

=== SCAN ALL: 101 pairs, 3 timeframes ===
Total signals generated: 0
