11:00:03 __main__ INFO: Volume filter: fetching all tickers in one call...
11:00:05 __main__ INFO: Volume filter: 99/447 pairs pass $2M threshold
/root/.openclaw/workspace/projects/crypto-liquidity-hunter/main.py:292: DeprecationWarning: datetime.datetime.utcnow() is deprecated and scheduled for removal in a future version. Use timezone-aware objects to represent datetimes in UTC: datetime.datetime.now(datetime.UTC).
  scan_start = datetime.utcnow()   # for duration tracking
11:00:06 core.binance_connector INFO: BinanceConnector: connected [LIVE FUTURES MAINNET]
11:00:06 __main__ INFO: Auto-executor: account 'Liquiddbot1' mode=live exec=auto
11:00:09 core.sweep_detector INFO: SweepDetector v2: 0 raw â†’ 0 confirmed (volâ‰Ą2.5Ă— bodyâ‰Ą30%)
11:00:09 core.sweep_detector INFO: OrderBlocks: 10 detected, 5 unmitigated
11:00:09 core.sweep_detector INFO: FVGs: 12 detected, 7 unfilled
11:00:10 core.sweep_detector INFO: SweepDetector v2: 2 raw â†’ 2 confirmed (volâ‰Ą2.5Ă— bodyâ‰Ą30%)
11:00:10 core.sweep_detector INFO: OrderBlocks: 4 detected, 1 unmitigated
11:00:10 core.sweep_detector INFO: FVGs: 9 detected, 2 unfilled
11:00:12 core.sweep_detector INFO: SweepDetector v2: 2 raw â†’ 2 confirmed (volâ‰Ą2.5Ă— bodyâ‰Ą30%)
11:00:12 core.sweep_detector INFO: OrderBlocks: 4 detected, 2 unmitigated
11:00:12 core.sweep_detector INFO: FVGs: 8 detected, 5 unfilled
11:00:14 core.sweep_detector INFO: SweepDetector v2: 1 raw â†’ 1 confirmed (volâ‰Ą2.5Ă— bodyâ‰Ą30%)
11:00:14 core.sweep_detector INFO: OrderBlocks: 8 detected, 2 unmitigated
11:00:14 core.sweep_detector INFO: FVGs: 10 detected, 4 unfilled
11:00:16 core.sweep_detector INFO: SweepDetector v2: 2 raw â†’ 1 confirmed (volâ‰Ą2.5Ă— bodyâ‰Ą30%)
11:00:16 core.sweep_detector INFO: OrderBlocks: 4 detected, 1 unmitigated
11:00:16 core.sweep_detector INFO: FVGs: 5 detected, 1 unfilled
11:00:19 core.sweep_detector INFO: SweepDetector v2: 1 raw â†’ 1 confirmed (volâ‰Ą2.5Ă— bodyâ‰Ą30%)
11:00:19 core.sweep_detector INFO: OrderBlocks: 4 detected, 3 unmitigated
11:00:19 core.sweep_detector INFO: FVGs: 7 detected, 5 unfilled
11:00:21 core.sweep_detector INFO: SweepDetector v2: 3 raw â†’ 2 confirmed (volâ‰Ą2.5Ă— bodyâ‰Ą30%)
11:00:21 core.sweep_detector INFO: OrderBlocks: 7 detected, 0 unmitigated
11:00:21 core.sweep_detector INFO: FVGs: 10 detected, 0 unfilled
11:00:23 core.sweep_detector INFO: SweepDetector v2: 1 raw â†’ 0 confirmed (volâ‰Ą2.5Ă— bodyâ‰Ą30%)
11:00:23 core.sweep_detector INFO: OrderBlocks: 3 detected, 1 unmitigated
11:00:23 core.sweep_detector INFO: FVGs: 9 detected, 2 unfilled
11:00:25 core.sweep_detector INFO: SweepDetector v2: 0 raw â†’ 0 confirmed (volâ‰Ą2.5Ă— bodyâ‰Ą30%)
11:00:25 core.sweep_detector INFO: OrderBlocks: 2 detected, 1 unmitigated
11:00:25 core.sweep_detector INFO: FVGs: 14 detected, 5 unfilled
11:00:28 core.sweep_detector INFO: SweepDetector v2: 2 raw â†’ 1 confirmed (volâ‰Ą2.5Ă— bodyâ‰Ą30%)
11:00:28 core.sweep_detector INFO: OrderBlocks: 7 detected, 3 unmitigated
11:00:28 core.sweep_detector INFO: FVGs: 8 detected, 3 unfilled
11:00:29 core.sweep_detector INFO: SweepDetector v2: 1 raw â†’ 1 confirmed (volâ‰Ą2.5Ă— bodyâ‰Ą30%)
11:00:29 core.sweep_detector INFO: OrderBlocks: 3 detected, 1 unmitigated
11:00:29 core.sweep_detector INFO: FVGs: 9 detected, 2 unfilled
11:00:31 core.sweep_detector INFO: SweepDetector v2: 1 raw â†’ 1 confirmed (volâ‰Ą2.5Ă— bodyâ‰Ą30%)
11:00:31 core.sweep_detector INFO: OrderBlocks: 3 detected, 2 unmitigated
11:00:31 core.sweep_detector INFO: FVGs: 6 detected, 1 unfilled
11:00:33 core.sweep_detector INFO: SweepDetector v2: 2 raw â†’ 1 confirmed (volâ‰Ą2.5Ă— bodyâ‰Ą30%)
11:00:33 core.sweep_detector INFO: OrderBlocks: 5 detected, 3 unmitigated
11:00:33 core.sweep_detector INFO: FVGs: 11 detected, 5 unfilled
11:00:34 core.sweep_detector INFO: SweepDetector v2: 1 raw â†’ 1 confirmed (volâ‰Ą2.5Ă— bodyâ‰Ą30%)
11:00:34 core.sweep_detector INFO: OrderBlocks: 5 detected, 1 unmitigated
11:00:34 core.sweep_detector INFO: FVGs: 10 detected, 4 unfilled
11:00:36 core.sweep_detector INFO: SweepDetector v2: 2 raw â†’ 2 confirmed (volâ‰Ą2.5Ă— bodyâ‰Ą30%)
11:00:36 core.sweep_detector INFO: OrderBlocks: 1 detected, 1 unmitigated
11:00:36 core.sweep_detector INFO: FVGs: 11 detected, 7 unfilled
11:00:38 core.sweep_detector INFO: SweepDetector v2: 5 raw â†’ 5 confirmed (volâ‰Ą2.5Ă— bodyâ‰Ą30%)
11:00:38 core.sweep_detector INFO: OrderBlocks: 1 detected, 0 unmitigated
11:00:38 core.sweep_detector INFO: FVGs: 3 detected, 1 unfilled
11:00:39 core.sweep_detector INFO: SweepDetector v2: 2 raw â†’ 2 confirmed (volâ‰Ą2.5Ă— bodyâ‰Ą30%)
11:00:39 core.sweep_detector INFO: OrderBlocks: 5 detected, 1 unmitigated
11:00:39 core.sweep_detector INFO: FVGs: 2 detected, 1 unfilled
11:00:41 core.sweep_detector INFO: SweepDetector v2: 1 raw â†’ 1 confirmed (volâ‰Ą2.5Ă— bodyâ‰Ą30%)
11:00:41 core.sweep_detector INFO: OrderBlocks: 1 detected, 0 unmitigated
11:00:41 core.sweep_detector INFO: FVGs: 4 detected, 1 unfilled
11:00:43 core.sweep_detector INFO: SweepDetector v2: 2 raw â†’ 1 confirmed (volâ‰Ą2.5Ă— bodyâ‰Ą30%)
11:00:43 core.sweep_detector INFO: OrderBlocks: 7 detected, 3 unmitigated
11:00:43 core.sweep_detector INFO: FVGs: 9 detected, 4 unfilled
11:00:44 core.sweep_detector INFO: SweepDetector v2: 1 raw â†’ 0 confirmed (volâ‰Ą2.5Ă— bodyâ‰Ą30%)
11:00:44 core.sweep_detector INFO: OrderBlocks: 4 detected, 1 unmitigated
11:00:44 core.sweep_detector INFO: FVGs: 2 detected, 0 unfilled
11:00:46 core.sweep_detector INFO: SweepDetector v2: 1 raw â†’ 1 confirmed (volâ‰Ą2.5Ă— bodyâ‰Ą30%)
11:00:46 core.sweep_detector INFO: OrderBlocks: 7 detected, 4 unmitigated
11:00:46 core.sweep_detector INFO: FVGs: 10 detected, 4 unfilled
11:00:48 core.sweep_detector INFO: SweepDetector v2: 2 raw â†’ 2 confirmed (volâ‰Ą2.5Ă— bodyâ‰Ą30%)
11:00:48 core.sweep_detector INFO: OrderBlocks: 4 detected, 2 unmitigated
11:00:48 core.sweep_detector INFO: FVGs: 13 detected, 6 unfilled
11:00:49 core.sweep_detector INFO: SweepDetector v2: 1 raw â†’ 1 confirmed (volâ‰Ą2.5Ă— bodyâ‰Ą30%)
11:00:49 core.sweep_detector INFO: OrderBlocks: 5 detected, 2 unmitigated
11:00:49 core.sweep_detector INFO: FVGs: 8 detected, 3 unfilled
11:00:51 core.sweep_detector INFO: SweepDetector v2: 2 raw â†’ 2 confirmed (volâ‰Ą2.5Ă— bodyâ‰Ą30%)
11:00:51 core.sweep_detector INFO: OrderBlocks: 2 detected, 2 unmitigated
11:00:51 core.sweep_detector INFO: FVGs: 8 detected, 6 unfilled
11:00:53 core.sweep_detector INFO: SweepDetector v2: 2 raw â†’ 2 confirmed (volâ‰Ą2.5Ă— bodyâ‰Ą30%)
11:00:53 core.sweep_detector INFO: OrderBlocks: 6 detected, 0 unmitigated
11:00:53 core.sweep_detector INFO: FVGs: 4 detected, 0 unfilled
11:00:54 core.sweep_detector INFO: SweepDetector v2: 1 raw â†’ 1 confirmed (volâ‰Ą2.5Ă— bodyâ‰Ą30%)
11:00:54 core.sweep_detector INFO: OrderBlocks: 4 detected, 0 unmitigated
11:00:54 core.sweep_detector INFO: FVGs: 12 detected, 2 unfilled
11:00:56 core.sweep_detector INFO: SweepDetector v2: 1 raw â†’ 0 confirmed (volâ‰Ą2.5Ă— bodyâ‰Ą30%)
11:00:56 core.sweep_detector INFO: OrderBlocks: 2 detected, 0 unmitigated
11:00:56 core.sweep_detector INFO: FVGs: 7 detected, 0 unfilled
11:01:00 core.sweep_detector INFO: SweepDetector v2: 1 raw â†’ 1 confirmed (volâ‰Ą2.5Ă— bodyâ‰Ą30%)
11:01:00 core.sweep_detector INFO: OrderBlocks: 4 detected, 0 unmitigated
11:01:00 core.sweep_detector INFO: FVGs: 9 detected, 4 unfilled
11:01:02 core.sweep_detector INFO: SweepDetector v2: 0 raw â†’ 0 confirmed (volâ‰Ą2.5Ă— bodyâ‰Ą30%)
11:01:02 core.sweep_detector INFO: OrderBlocks: 3 detected, 2 unmitigated
11:01:02 core.sweep_detector INFO: FVGs: 7 detected, 5 unfilled
11:01:03 core.sweep_detector INFO: SweepDetector v2: 0 raw â†’ 0 confirmed (volâ‰Ą2.5Ă— bodyâ‰Ą30%)
11:01:03 core.sweep_detector INFO: OrderBlocks: 7 detected, 4 unmitigated
11:01:03 core.sweep_detector INFO: FVGs: 7 detected, 3 unfilled
11:01:05 core.sweep_detector INFO: SweepDetector v2: 4 raw â†’ 4 confirmed (volâ‰Ą2.5Ă— bodyâ‰Ą30%)
11:01:05 core.sweep_detector INFO: OrderBlocks: 2 detected, 2 unmitigated
11:01:05 core.sweep_detector INFO: FVGs: 12 detected, 3 unfilled
11:01:06 core.sweep_detector INFO: SweepDetector v2: 1 raw â†’ 1 confirmed (volâ‰Ą2.5Ă— bodyâ‰Ą30%)
11:01:06 core.sweep_detector INFO: OrderBlocks: 8 detected, 1 unmitigated
11:01:06 core.sweep_detector INFO: FVGs: 11 detected, 0 unfilled
11:01:08 core.sweep_detector INFO: SweepDetector v2: 2 raw â†’ 1 confirmed (volâ‰Ą2.5Ă— bodyâ‰Ą30%)
11:01:08 core.sweep_detector INFO: OrderBlocks: 8 detected, 3 unmitigated
11:01:08 core.sweep_detector INFO: FVGs: 10 detected, 3 unfilled
11:01:11 core.sweep_detector INFO: SweepDetector v2: 0 raw â†’ 0 confirmed (volâ‰Ą2.5Ă— bodyâ‰Ą30%)
11:01:11 core.sweep_detector INFO: OrderBlocks: 3 detected, 1 unmitigated
11:01:11 core.sweep_detector INFO: FVGs: 6 detected, 1 unfilled
11:01:13 core.sweep_detector INFO: SweepDetector v2: 3 raw â†’ 3 confirmed (volâ‰Ą2.5Ă— bodyâ‰Ą30%)
11:01:13 core.sweep_detector INFO: OrderBlocks: 1 detected, 1 unmitigated
11:01:13 core.sweep_detector INFO: FVGs: 5 detected, 2 unfilled
11:01:14 core.sweep_detector INFO: SweepDetector v2: 2 raw â†’ 2 confirmed (volâ‰Ą2.5Ă— bodyâ‰Ą30%)
11:01:14 core.sweep_detector INFO: OrderBlocks: 4 detected, 1 unmitigated
11:01:14 core.sweep_detector INFO: FVGs: 4 detected, 2 unfilled
11:01:16 core.sweep_detector INFO: SweepDetector v2: 0 raw â†’ 0 confirmed (volâ‰Ą2.5Ă— bodyâ‰Ą30%)
11:01:16 core.sweep_detector INFO: OrderBlocks: 0 detected, 0 unmitigated
11:01:16 core.sweep_detector INFO: FVGs: 0 detected, 0 unfilled
11:01:18 core.sweep_detector INFO: SweepDetector v2: 0 raw â†’ 0 confirmed (volâ‰Ą2.5Ă— bodyâ‰Ą30%)
11:01:18 core.sweep_detector INFO: OrderBlocks: 0 detected, 0 unmitigated
11:01:18 core.sweep_detector INFO: FVGs: 0 detected, 0 unfilled
11:01:20 core.sweep_detector INFO: SweepDetector v2: 0 raw â†’ 0 confirmed (volâ‰Ą2.5Ă— bodyâ‰Ą30%)
11:01:20 core.sweep_detector INFO: OrderBlocks: 0 detected, 0 unmitigated
11:01:20 core.sweep_detector INFO: FVGs: 0 detected, 0 unfilled
11:01:21 core.sweep_detector INFO: SweepDetector v2: 1 raw â†’ 1 confirmed (volâ‰Ą2.5Ă— bodyâ‰Ą30%)
11:01:21 core.sweep_detector INFO: OrderBlocks: 8 detected, 6 unmitigated
11:01:21 core.sweep_detector INFO: FVGs: 10 detected, 5 unfilled
11:01:23 core.sweep_detector INFO: SweepDetector v2: 1 raw â†’ 1 confirmed (volâ‰Ą2.5Ă— bodyâ‰Ą30%)
11:01:23 core.sweep_detector INFO: OrderBlocks: 6 detected, 1 unmitigated
11:01:23 core.sweep_detector INFO: FVGs: 5 detected, 1 unfilled
11:01:25 core.sweep_detector INFO: SweepDetector v2: 1 raw â†’ 1 confirmed (volâ‰Ą2.5Ă— bodyâ‰Ą30%)
11:01:25 core.sweep_detector INFO: OrderBlocks: 3 detected, 2 unmitigated
11:01:25 core.sweep_detector INFO: FVGs: 5 detected, 4 unfilled
11:01:27 core.sweep_detector INFO: SweepDetector v2: 1 raw â†’ 1 confirmed (volâ‰Ą2.5Ă— bodyâ‰Ą30%)
11:01:27 core.sweep_detector INFO: OrderBlocks: 7 detected, 2 unmitigated
11:01:27 core.sweep_detector INFO: FVGs: 7 detected, 3 unfilled
11:01:28 core.sweep_detector INFO: SweepDetector v2: 1 raw â†’ 1 confirmed (volâ‰Ą2.5Ă— bodyâ‰Ą30%)
11:01:28 core.sweep_detector INFO: OrderBlocks: 2 detected, 1 unmitigated
11:01:28 core.sweep_detector INFO: FVGs: 9 detected, 2 unfilled
11:01:30 core.sweep_detector INFO: SweepDetector v2: 1 raw â†’ 1 confirmed (volâ‰Ą2.5Ă— bodyâ‰Ą30%)
11:01:30 core.sweep_detector INFO: OrderBlocks: 3 detected, 1 unmitigated
11:01:30 core.sweep_detector INFO: FVGs: 8 detected, 6 unfilled
11:01:32 core.sweep_detector INFO: SweepDetector v2: 0 raw â†’ 0 confirmed (volâ‰Ą2.5Ă— bodyâ‰Ą30%)
11:01:32 core.sweep_detector INFO: OrderBlocks: 6 detected, 4 unmitigated
11:01:32 core.sweep_detector INFO: FVGs: 7 detected, 3 unfilled
11:01:34 core.sweep_detector INFO: SweepDetector v2: 2 raw â†’ 1 confirmed (volâ‰Ą2.5Ă— bodyâ‰Ą30%)
11:01:34 core.sweep_detector INFO: OrderBlocks: 3 detected, 0 unmitigated
11:01:34 core.sweep_detector INFO: FVGs: 9 detected, 2 unfilled
11:01:35 core.sweep_detector INFO: SweepDetector v2: 1 raw â†’ 1 confirmed (volâ‰Ą2.5Ă— bodyâ‰Ą30%)
11:01:35 core.sweep_detector INFO: OrderBlocks: 2 detected, 0 unmitigated
11:01:35 core.sweep_detector INFO: FVGs: 4 detected, 2 unfilled
11:01:37 core.sweep_detector INFO: SweepDetector v2: 7 raw â†’ 5 confirmed (volâ‰Ą2.5Ă— bodyâ‰Ą30%)
11:01:37 core.sweep_detector INFO: OrderBlocks: 4 detected, 2 unmitigated
11:01:37 core.sweep_detector INFO: FVGs: 10 detected, 5 unfilled
11:01:38 core.sweep_detector INFO: SweepDetector v2: 4 raw â†’ 2 confirmed (volâ‰Ą2.5Ă— bodyâ‰Ą30%)
11:01:38 core.sweep_detector INFO: OrderBlocks: 5 detected, 3 unmitigated
11:01:38 core.sweep_detector INFO: FVGs: 9 detected, 3 unfilled
11:01:40 core.sweep_detector INFO: SweepDetector v2: 0 raw â†’ 0 confirmed (volâ‰Ą2.5Ă— bodyâ‰Ą30%)
11:01:40 core.sweep_detector INFO: OrderBlocks: 3 detected, 1 unmitigated
11:01:40 core.sweep_detector INFO: FVGs: 8 detected, 4 unfilled
11:01:42 core.sweep_detector INFO: SweepDetector v2: 1 raw â†’ 1 confirmed (volâ‰Ą2.5Ă— bodyâ‰Ą30%)
11:01:42 core.sweep_detector INFO: OrderBlocks: 9 detected, 3 unmitigated
11:01:42 core.sweep_detector INFO: FVGs: 12 detected, 3 unfilled
11:01:43 core.sweep_detector INFO: SweepDetector v2: 2 raw â†’ 1 confirmed (volâ‰Ą2.5Ă— bodyâ‰Ą30%)
11:01:43 core.sweep_detector INFO: OrderBlocks: 7 detected, 0 unmitigated
11:01:43 core.sweep_detector INFO: FVGs: 7 detected, 3 unfilled
11:01:45 core.sweep_detector INFO: SweepDetector v2: 2 raw â†’ 2 confirmed (volâ‰Ą2.5Ă— bodyâ‰Ą30%)
11:01:45 core.sweep_detector INFO: OrderBlocks: 4 detected, 4 unmitigated
11:01:45 core.sweep_detector INFO: FVGs: 5 detected, 4 unfilled
11:01:47 core.sweep_detector INFO: SweepDetector v2: 0 raw â†’ 0 confirmed (volâ‰Ą2.5Ă— bodyâ‰Ą30%)
11:01:47 core.sweep_detector INFO: OrderBlocks: 6 detected, 3 unmitigated
11:01:47 core.sweep_detector INFO: FVGs: 4 detected, 3 unfilled
11:01:48 core.sweep_detector INFO: SweepDetector v2: 1 raw â†’ 1 confirmed (volâ‰Ą2.5Ă— bodyâ‰Ą30%)
11:01:48 core.sweep_detector INFO: OrderBlocks: 6 detected, 2 unmitigated
11:01:48 core.sweep_detector INFO: FVGs: 3 detected, 3 unfilled
11:01:50 core.sweep_detector INFO: SweepDetector v2: 1 raw â†’ 0 confirmed (volâ‰Ą2.5Ă— bodyâ‰Ą30%)
11:01:50 core.sweep_detector INFO: OrderBlocks: 7 detected, 3 unmitigated
11:01:50 core.sweep_detector INFO: FVGs: 7 detected, 4 unfilled
11:01:51 core.sweep_detector INFO: SweepDetector v2: 1 raw â†’ 0 confirmed (volâ‰Ą2.5Ă— bodyâ‰Ą30%)
11:01:52 core.sweep_detector INFO: OrderBlocks: 2 detected, 2 unmitigated
11:01:52 core.sweep_detector INFO: FVGs: 7 detected, 6 unfilled
11:01:53 core.sweep_detector INFO: SweepDetector v2: 1 raw â†’ 0 confirmed (volâ‰Ą2.5Ă— bodyâ‰Ą30%)
11:01:53 core.sweep_detector INFO: OrderBlocks: 7 detected, 3 unmitigated
11:01:53 core.sweep_detector INFO: FVGs: 7 detected, 5 unfilled
11:01:55 core.sweep_detector INFO: SweepDetector v2: 2 raw â†’ 1 confirmed (volâ‰Ą2.5Ă— bodyâ‰Ą30%)
11:01:55 core.sweep_detector INFO: OrderBlocks: 13 detected, 3 unmitigated
11:01:55 core.sweep_detector INFO: FVGs: 7 detected, 2 unfilled
11:01:56 core.sweep_detector INFO: SweepDetector v2: 0 raw â†’ 0 confirmed (volâ‰Ą2.5Ă— bodyâ‰Ą30%)
11:01:56 core.sweep_detector INFO: OrderBlocks: 6 detected, 2 unmitigated
11:01:56 core.sweep_detector INFO: FVGs: 11 detected, 7 unfilled
11:01:58 core.sweep_detector INFO: SweepDetector v2: 3 raw â†’ 2 confirmed (volâ‰Ą2.5Ă— bodyâ‰Ą30%)
11:01:58 core.sweep_detector INFO: OrderBlocks: 6 detected, 1 unmitigated
11:01:58 core.sweep_detector INFO: FVGs: 14 detected, 6 unfilled
11:02:00 core.sweep_detector INFO: SweepDetector v2: 0 raw â†’ 0 confirmed (volâ‰Ą2.5Ă— bodyâ‰Ą30%)
11:02:00 core.sweep_detector INFO: OrderBlocks: 4 detected, 2 unmitigated
11:02:00 core.sweep_detector INFO: FVGs: 6 detected, 2 unfilled
11:02:02 core.sweep_detector INFO: SweepDetector v2: 0 raw â†’ 0 confirmed (volâ‰Ą2.5Ă— bodyâ‰Ą30%)
11:02:02 core.sweep_detector INFO: OrderBlocks: 9 detected, 4 unmitigated
11:02:02 core.sweep_detector INFO: FVGs: 15 detected, 4 unfilled
11:02:04 core.sweep_detector INFO: SweepDetector v2: 3 raw â†’ 2 confirmed (volâ‰Ą2.5Ă— bodyâ‰Ą30%)
11:02:04 core.sweep_detector INFO: OrderBlocks: 3 detected, 1 unmitigated
11:02:04 core.sweep_detector INFO: FVGs: 10 detected, 2 unfilled
11:02:05 core.sweep_detector INFO: SweepDetector v2: 1 raw â†’ 1 confirmed (volâ‰Ą2.5Ă— bodyâ‰Ą30%)
11:02:05 core.sweep_detector INFO: OrderBlocks: 3 detected, 2 unmitigated
11:02:05 core.sweep_detector INFO: FVGs: 5 detected, 4 unfilled
11:02:07 core.sweep_detector INFO: SweepDetector v2: 4 raw â†’ 2 confirmed (volâ‰Ą2.5Ă— bodyâ‰Ą30%)
11:02:07 core.sweep_detector INFO: OrderBlocks: 5 detected, 2 unmitigated
11:02:07 core.sweep_detector INFO: FVGs: 9 detected, 2 unfilled
11:02:09 core.sweep_detector INFO: SweepDetector v2: 5 raw â†’ 4 confirmed (volâ‰Ą2.5Ă— bodyâ‰Ą30%)
11:02:09 core.sweep_detector INFO: OrderBlocks: 6 detected, 2 unmitigated
11:02:09 core.sweep_detector INFO: FVGs: 11 detected, 4 unfilled
11:02:11 core.sweep_detector INFO: SweepDetector v2: 4 raw â†’ 3 confirmed (volâ‰Ą2.5Ă— bodyâ‰Ą30%)
11:02:11 core.sweep_detector INFO: OrderBlocks: 7 detected, 4 unmitigated
11:02:11 core.sweep_detector INFO: FVGs: 12 detected, 10 unfilled
11:02:14 core.sweep_detector INFO: SweepDetector v2: 3 raw â†’ 2 confirmed (volâ‰Ą2.5Ă— bodyâ‰Ą30%)
11:02:14 core.sweep_detector INFO: OrderBlocks: 6 detected, 2 unmitigated
11:02:14 core.sweep_detector INFO: FVGs: 4 detected, 1 unfilled
11:02:15 core.sweep_detector INFO: SweepDetector v2: 2 raw â†’ 1 confirmed (volâ‰Ą2.5Ă— bodyâ‰Ą30%)
11:02:15 core.sweep_detector INFO: OrderBlocks: 5 detected, 0 unmitigated
11:02:15 core.sweep_detector INFO: FVGs: 9 detected, 2 unfilled
11:02:17 core.sweep_detector INFO: SweepDetector v2: 0 raw â†’ 0 confirmed (volâ‰Ą2.5Ă— bodyâ‰Ą30%)
11:02:17 core.sweep_detector INFO: OrderBlocks: 6 detected, 3 unmitigated
11:02:17 core.sweep_detector INFO: FVGs: 5 detected, 3 unfilled
11:02:19 core.sweep_detector INFO: SweepDetector v2: 1 raw â†’ 1 confirmed (volâ‰Ą2.5Ă— bodyâ‰Ą30%)
11:02:19 core.sweep_detector INFO: OrderBlocks: 9 detected, 2 unmitigated
11:02:19 core.sweep_detector INFO: FVGs: 7 detected, 1 unfilled
11:02:20 core.sweep_detector INFO: SweepDetector v2: 0 raw â†’ 0 confirmed (volâ‰Ą2.5Ă— bodyâ‰Ą30%)
11:02:20 core.sweep_detector INFO: OrderBlocks: 7 detected, 4 unmitigated
11:02:20 core.sweep_detector INFO: FVGs: 8 detected, 3 unfilled
11:02:23 core.sweep_detector INFO: SweepDetector v2: 0 raw â†’ 0 confirmed (volâ‰Ą2.5Ă— bodyâ‰Ą30%)
11:02:23 core.sweep_detector INFO: OrderBlocks: 7 detected, 3 unmitigated
11:02:23 core.sweep_detector INFO: FVGs: 10 detected, 4 unfilled
11:02:24 core.sweep_detector INFO: SweepDetector v2: 0 raw â†’ 0 confirmed (volâ‰Ą2.5Ă— bodyâ‰Ą30%)
11:02:24 core.sweep_detector INFO: OrderBlocks: 8 detected, 3 unmitigated
11:02:24 core.sweep_detector INFO: FVGs: 11 detected, 2 unfilled
11:02:26 core.sweep_detector INFO: SweepDetector v2: 4 raw â†’ 3 confirmed (volâ‰Ą2.5Ă— bodyâ‰Ą30%)
11:02:26 core.sweep_detector INFO: OrderBlocks: 3 detected, 1 unmitigated
11:02:26 core.sweep_detector INFO: FVGs: 11 detected, 2 unfilled
11:02:28 core.sweep_detector INFO: SweepDetector v2: 1 raw â†’ 1 confirmed (volâ‰Ą2.5Ă— bodyâ‰Ą30%)
11:02:28 core.sweep_detector INFO: OrderBlocks: 4 detected, 2 unmitigated
11:02:28 core.sweep_detector INFO: FVGs: 4 detected, 3 unfilled
11:02:30 core.sweep_detector INFO: SweepDetector v2: 1 raw â†’ 0 confirmed (volâ‰Ą2.5Ă— bodyâ‰Ą30%)
11:02:30 core.sweep_detector INFO: OrderBlocks: 4 detected, 1 unmitigated
11:02:30 core.sweep_detector INFO: FVGs: 9 detected, 2 unfilled
11:02:32 core.sweep_detector INFO: SweepDetector v2: 3 raw â†’ 3 confirmed (volâ‰Ą2.5Ă— bodyâ‰Ą30%)
11:02:32 core.sweep_detector INFO: OrderBlocks: 3 detected, 0 unmitigated
11:02:32 core.sweep_detector INFO: FVGs: 6 detected, 1 unfilled
11:02:33 core.sweep_detector INFO: SweepDetector v2: 1 raw â†’ 1 confirmed (volâ‰Ą2.5Ă— bodyâ‰Ą30%)
11:02:33 core.sweep_detector INFO: OrderBlocks: 4 detected, 2 unmitigated
11:02:33 core.sweep_detector INFO: FVGs: 7 detected, 4 unfilled
11:02:35 core.sweep_detector INFO: SweepDetector v2: 2 raw â†’ 2 confirmed (volâ‰Ą2.5Ă— bodyâ‰Ą30%)
11:02:35 core.sweep_detector INFO: OrderBlocks: 9 detected, 3 unmitigated
11:02:35 core.sweep_detector INFO: FVGs: 16 detected, 5 unfilled
11:02:37 core.sweep_detector INFO: SweepDetector v2: 1 raw â†’ 1 confirmed (volâ‰Ą2.5Ă— bodyâ‰Ą30%)
11:02:37 core.sweep_detector INFO: OrderBlocks: 8 detected, 2 unmitigated
11:02:37 core.sweep_detector INFO: FVGs: 9 detected, 3 unfilled
11:02:39 core.sweep_detector INFO: SweepDetector v2: 2 raw â†’ 2 confirmed (volâ‰Ą2.5Ă— bodyâ‰Ą30%)
11:02:39 core.sweep_detector INFO: OrderBlocks: 3 detected, 1 unmitigated
11:02:39 core.sweep_detector INFO: FVGs: 14 detected, 2 unfilled
11:02:41 core.sweep_detector INFO: SweepDetector v2: 1 raw â†’ 1 confirmed (volâ‰Ą2.5Ă— bodyâ‰Ą30%)
11:02:41 core.sweep_detector INFO: OrderBlocks: 5 detected, 3 unmitigated
11:02:41 core.sweep_detector INFO: FVGs: 11 detected, 3 unfilled
11:02:43 core.sweep_detector INFO: SweepDetector v2: 4 raw â†’ 3 confirmed (volâ‰Ą2.5Ă— bodyâ‰Ą30%)
11:02:43 core.sweep_detector INFO: OrderBlocks: 5 detected, 0 unmitigated
11:02:43 core.sweep_detector INFO: FVGs: 6 detected, 2 unfilled
11:02:44 core.sweep_detector INFO: SweepDetector v2: 3 raw â†’ 2 confirmed (volâ‰Ą2.5Ă— bodyâ‰Ą30%)
11:02:44 core.sweep_detector INFO: OrderBlocks: 0 detected, 0 unmitigated
11:02:44 core.sweep_detector INFO: FVGs: 6 detected, 2 unfilled
11:02:47 core.sweep_detector INFO: SweepDetector v2: 2 raw â†’ 1 confirmed (volâ‰Ą2.5Ă— bodyâ‰Ą30%)
11:02:47 core.sweep_detector INFO: OrderBlocks: 5 detected, 0 unmitigated
11:02:47 core.sweep_detector INFO: FVGs: 6 detected, 0 unfilled
11:02:49 core.sweep_detector INFO: SweepDetector v2: 1 raw â†’ 0 confirmed (volâ‰Ą2.5Ă— bodyâ‰Ą30%)
11:02:49 core.sweep_detector INFO: OrderBlocks: 4 detected, 2 unmitigated
11:02:49 core.sweep_detector INFO: FVGs: 10 detected, 1 unfilled
11:02:51 core.sweep_detector INFO: SweepDetector v2: 4 raw â†’ 2 confirmed (volâ‰Ą2.5Ă— bodyâ‰Ą30%)
11:02:51 core.sweep_detector INFO: OrderBlocks: 3 detected, 2 unmitigated
11:02:51 core.sweep_detector INFO: FVGs: 5 detected, 2 unfilled
11:02:53 core.sweep_detector INFO: SweepDetector v2: 2 raw â†’ 1 confirmed (volâ‰Ą2.5Ă— bodyâ‰Ą30%)
11:02:53 core.sweep_detector INFO: OrderBlocks: 5 detected, 1 unmitigated
11:02:53 core.sweep_detector INFO: FVGs: 8 detected, 4 unfilled
11:02:55 core.sweep_detector INFO: SweepDetector v2: 2 raw â†’ 2 confirmed (volâ‰Ą2.5Ă— bodyâ‰Ą30%)
11:02:55 core.sweep_detector INFO: OrderBlocks: 3 detected, 1 unmitigated
11:02:55 core.sweep_detector INFO: FVGs: 12 detected, 4 unfilled
11:02:56 core.sweep_detector INFO: SweepDetector v2: 1 raw â†’ 1 confirmed (volâ‰Ą2.5Ă— bodyâ‰Ą30%)
11:02:56 core.sweep_detector INFO: OrderBlocks: 4 detected, 2 unmitigated
11:02:56 core.sweep_detector INFO: FVGs: 12 detected, 7 unfilled
11:02:58 core.sweep_detector INFO: SweepDetector v2: 2 raw â†’ 1 confirmed (volâ‰Ą2.5Ă— bodyâ‰Ą30%)
11:02:58 core.sweep_detector INFO: OrderBlocks: 6 detected, 2 unmitigated
11:02:58 core.sweep_detector INFO: FVGs: 10 detected, 5 unfilled
11:03:00 core.sweep_detector INFO: SweepDetector v2: 3 raw â†’ 1 confirmed (volâ‰Ą2.5Ă— bodyâ‰Ą30%)
11:03:00 core.sweep_detector INFO: OrderBlocks: 5 detected, 1 unmitigated
11:03:00 core.sweep_detector INFO: FVGs: 10 detected, 2 unfilled
11:03:02 core.sweep_detector INFO: SweepDetector v2: 1 raw â†’ 1 confirmed (volâ‰Ą2.5Ă— bodyâ‰Ą30%)
11:03:02 core.sweep_detector INFO: OrderBlocks: 2 detected, 2 unmitigated
11:03:02 core.sweep_detector INFO: FVGs: 5 detected, 4 unfilled
11:03:05 core.sweep_detector INFO: SweepDetector v2: 0 raw â†’ 0 confirmed (volâ‰Ą2.5Ă— bodyâ‰Ą30%)
11:03:05 core.sweep_detector INFO: OrderBlocks: 2 detected, 2 unmitigated
11:03:05 core.sweep_detector INFO: FVGs: 11 detected, 6 unfilled
11:03:06 core.sweep_detector INFO: SweepDetector v2: 2 raw â†’ 2 confirmed (volâ‰Ą2.5Ă— bodyâ‰Ą30%)
11:03:06 core.sweep_detector INFO: OrderBlocks: 3 detected, 0 unmitigated
11:03:06 core.sweep_detector INFO: FVGs: 3 detected, 1 unfilled
11:03:08 core.sweep_detector INFO: SweepDetector v2: 1 raw â†’ 1 confirmed (volâ‰Ą2.5Ă— bodyâ‰Ą30%)
11:03:08 core.sweep_detector INFO: OrderBlocks: 2 detected, 1 unmitigated
11:03:08 core.sweep_detector INFO: FVGs: 11 detected, 6 unfilled
11:03:10 core.sweep_detector INFO: SweepDetector v2: 0 raw â†’ 0 confirmed (volâ‰Ą2.5Ă— bodyâ‰Ą30%)
11:03:10 core.sweep_detector INFO: OrderBlocks: 4 detected, 0 unmitigated
11:03:10 core.sweep_detector INFO: FVGs: 0 detected, 0 unfilled
11:03:12 core.sweep_detector INFO: SweepDetector v2: 0 raw â†’ 0 confirmed (volâ‰Ą2.5Ă— bodyâ‰Ą30%)
11:03:12 core.sweep_detector INFO: OrderBlocks: 4 detected, 1 unmitigated
11:03:12 core.sweep_detector INFO: FVGs: 1 detected, 1 unfilled
11:03:13 core.sweep_detector INFO: SweepDetector v2: 0 raw â†’ 0 confirmed (volâ‰Ą2.5Ă— bodyâ‰Ą30%)
11:03:13 core.sweep_detector INFO: OrderBlocks: 3 detected, 1 unmitigated
11:03:13 core.sweep_detector INFO: FVGs: 0 detected, 0 unfilled
11:03:15 core.sweep_detector INFO: SweepDetector v2: 0 raw â†’ 0 confirmed (volâ‰Ą2.5Ă— bodyâ‰Ą30%)
11:03:15 core.sweep_detector INFO: OrderBlocks: 0 detected, 0 unmitigated
11:03:15 core.sweep_detector INFO: FVGs: 0 detected, 0 unfilled
11:03:17 core.sweep_detector INFO: SweepDetector v2: 0 raw â†’ 0 confirmed (volâ‰Ą2.5Ă— bodyâ‰Ą30%)
11:03:17 core.sweep_detector INFO: OrderBlocks: 0 detected, 0 unmitigated
11:03:17 core.sweep_detector INFO: FVGs: 0 detected, 0 unfilled
11:03:19 core.sweep_detector INFO: SweepDetector v2: 0 raw â†’ 0 confirmed (volâ‰Ą2.5Ă— bodyâ‰Ą30%)
11:03:19 core.sweep_detector INFO: OrderBlocks: 0 detected, 0 unmitigated
11:03:19 core.sweep_detector INFO: FVGs: 0 detected, 0 unfilled
11:03:21 core.sweep_detector INFO: SweepDetector v2: 0 raw â†’ 0 confirmed (volâ‰Ą2.5Ă— bodyâ‰Ą30%)
11:03:21 core.sweep_detector INFO: OrderBlocks: 6 detected, 2 unmitigated
11:03:21 core.sweep_detector INFO: FVGs: 13 detected, 4 unfilled
11:03:22 core.sweep_detector INFO: SweepDetector v2: 1 raw â†’ 1 confirmed (volâ‰Ą2.5Ă— bodyâ‰Ą30%)
11:03:22 core.sweep_detector INFO: OrderBlocks: 4 detected, 1 unmitigated
11:03:23 core.sweep_detector INFO: FVGs: 11 detected, 3 unfilled
11:03:24 core.sweep_detector INFO: SweepDetector v2: 2 raw â†’ 2 confirmed (volâ‰Ą2.5Ă— bodyâ‰Ą30%)
11:03:24 core.sweep_detector INFO: OrderBlocks: 6 detected, 3 unmitigated
11:03:24 core.sweep_detector INFO: FVGs: 8 detected, 5 unfilled
11:03:26 core.sweep_detector INFO: SweepDetector v2: 0 raw â†’ 0 confirmed (volâ‰Ą2.5Ă— bodyâ‰Ą30%)
11:03:26 core.sweep_detector INFO: OrderBlocks: 8 detected, 4 unmitigated
11:03:26 core.sweep_detector INFO: FVGs: 10 detected, 5 unfilled
11:03:28 core.sweep_detector INFO: SweepDetector v2: 2 raw â†’ 1 confirmed (volâ‰Ą2.5Ă— bodyâ‰Ą30%)
11:03:28 core.sweep_detector INFO: OrderBlocks: 4 detected, 0 unmitigated
11:03:28 core.sweep_detector INFO: FVGs: 11 detected, 4 unfilled
11:03:30 core.sweep_detector INFO: SweepDetector v2: 2 raw â†’ 2 confirmed (volâ‰Ą2.5Ă— bodyâ‰Ą30%)
11:03:30 core.sweep_detector INFO: OrderBlocks: 3 detected, 1 unmitigated
11:03:30 core.sweep_detector INFO: FVGs: 13 detected, 10 unfilled
11:03:32 core.sweep_detector INFO: SweepDetector v2: 0 raw â†’ 0 confirmed (volâ‰Ą2.5Ă— bodyâ‰Ą30%)
11:03:32 core.sweep_detector INFO: OrderBlocks: 8 detected, 3 unmitigated
11:03:32 core.sweep_detector INFO: FVGs: 12 detected, 4 unfilled
11:03:33 core.sweep_detector INFO: SweepDetector v2: 1 raw â†’ 1 confirmed (volâ‰Ą2.5Ă— bodyâ‰Ą30%)
11:03:33 core.sweep_detector INFO: OrderBlocks: 9 detected, 1 unmitigated
11:03:33 core.sweep_detector INFO: FVGs: 11 detected, 3 unfilled
11:03:35 core.sweep_detector INFO: SweepDetector v2: 3 raw â†’ 2 confirmed (volâ‰Ą2.5Ă— bodyâ‰Ą30%)
11:03:35 core.sweep_detector INFO: OrderBlocks: 1 detected, 1 unmitigated
11:03:35 core.sweep_detector INFO: FVGs: 9 detected, 6 unfilled
11:03:36 core.sweep_detector INFO: SweepDetector v2: 2 raw â†’ 2 confirmed (volâ‰Ą2.5Ă— bodyâ‰Ą30%)
11:03:36 core.sweep_detector INFO: OrderBlocks: 6 detected, 0 unmitigated
11:03:36 core.sweep_detector INFO: FVGs: 5 detected, 0 unfilled
11:03:38 core.sweep_detector INFO: SweepDetector v2: 6 raw â†’ 6 confirmed (volâ‰Ą2.5Ă— bodyâ‰Ą30%)
11:03:38 core.sweep_detector INFO: OrderBlocks: 2 detected, 0 unmitigated
11:03:38 core.sweep_detector INFO: FVGs: 9 detected, 2 unfilled
11:03:40 core.sweep_detector INFO: SweepDetector v2: 4 raw â†’ 3 confirmed (volâ‰Ą2.5Ă— bodyâ‰Ą30%)
11:03:40 core.sweep_detector INFO: OrderBlocks: 0 detected, 0 unmitigated
11:03:40 core.sweep_detector INFO: FVGs: 3 detected, 2 unfilled
11:03:42 core.sweep_detector INFO: SweepDetector v2: 1 raw â†’ 1 confirmed (volâ‰Ą2.5Ă— bodyâ‰Ą30%)
11:03:42 core.sweep_detector INFO: OrderBlocks: 7 detected, 4 unmitigated
11:03:42 core.sweep_detector INFO: FVGs: 9 detected, 3 unfilled
11:03:44 core.sweep_detector INFO: SweepDetector v2: 1 raw â†’ 1 confirmed (volâ‰Ą2.5Ă— bodyâ‰Ą30%)
11:03:44 core.sweep_detector INFO: OrderBlocks: 3 detected, 1 unmitigated
11:03:44 core.sweep_detector INFO: FVGs: 7 detected, 3 unfilled
11:03:46 core.sweep_detector INFO: SweepDetector v2: 1 raw â†’ 1 confirmed (volâ‰Ą2.5Ă— bodyâ‰Ą30%)
11:03:46 core.sweep_detector INFO: OrderBlocks: 4 detected, 2 unmitigated
11:03:46 core.sweep_detector INFO: FVGs: 9 detected, 5 unfilled
11:03:47 core.sweep_detector INFO: SweepDetector v2: 3 raw â†’ 2 confirmed (volâ‰Ą2.5Ă— bodyâ‰Ą30%)
11:03:47 core.sweep_detector INFO: OrderBlocks: 6 detected, 2 unmitigated
11:03:47 core.sweep_detector INFO: FVGs: 13 detected, 2 unfilled
11:03:49 core.sweep_detector INFO: SweepDetector v2: 2 raw â†’ 0 confirmed (volâ‰Ą2.5Ă— bodyâ‰Ą30%)
11:03:49 core.sweep_detector INFO: OrderBlocks: 8 detected, 3 unmitigated
11:03:49 core.sweep_detector INFO: FVGs: 13 detected, 2 unfilled
11:03:51 core.sweep_detector INFO: SweepDetector v2: 2 raw â†’ 0 confirmed (volâ‰Ą2.5Ă— bodyâ‰Ą30%)
11:03:51 core.sweep_detector INFO: OrderBlocks: 11 detected, 3 unmitigated
11:03:51 core.sweep_detector INFO: FVGs: 10 detected, 2 unfilled
11:03:53 core.sweep_detector INFO: SweepDetector v2: 2 raw â†’ 2 confirmed (volâ‰Ą2.5Ă— bodyâ‰Ą30%)
11:03:53 core.sweep_detector INFO: OrderBlocks: 10 detected, 3 unmitigated
11:03:53 core.sweep_detector INFO: FVGs: 8 detected, 3 unfilled
11:03:54 core.sweep_detector INFO: SweepDetector v2: 1 raw â†’ 1 confirmed (volâ‰Ą2.5Ă— bodyâ‰Ą30%)
11:03:54 core.sweep_detector INFO: OrderBlocks: 2 detected, 0 unmitigated
11:03:54 core.sweep_detector INFO: FVGs: 9 detected, 2 unfilled
11:03:56 core.sweep_detector INFO: SweepDetector v2: 3 raw â†’ 2 confirmed (volâ‰Ą2.5Ă— bodyâ‰Ą30%)
11:03:56 core.sweep_detector INFO: OrderBlocks: 3 detected, 0 unmitigated
11:03:56 core.sweep_detector INFO: FVGs: 8 detected, 5 unfilled
11:03:59 core.sweep_detector INFO: SweepDetector v2: 1 raw â†’ 1 confirmed (volâ‰Ą2.5Ă— bodyâ‰Ą30%)
11:03:59 core.sweep_detector INFO: OrderBlocks: 7 detected, 4 unmitigated
11:03:59 core.sweep_detector INFO: FVGs: 9 detected, 5 unfilled
11:04:01 core.sweep_detector INFO: SweepDetector v2: 2 raw â†’ 2 confirmed (volâ‰Ą2.5Ă— bodyâ‰Ą30%)
11:04:01 core.sweep_detector INFO: OrderBlocks: 5 detected, 1 unmitigated
11:04:01 core.sweep_detector INFO: FVGs: 12 detected, 5 unfilled
11:04:02 core.sweep_detector INFO: SweepDetector v2: 2 raw â†’ 2 confirmed (volâ‰Ą2.5Ă— bodyâ‰Ą30%)
11:04:02 core.sweep_detector INFO: OrderBlocks: 3 detected, 2 unmitigated
11:04:02 core.sweep_detector INFO: FVGs: 10 detected, 9 unfilled
11:04:04 core.sweep_detector INFO: SweepDetector v2: 2 raw â†’ 1 confirmed (volâ‰Ą2.5Ă— bodyâ‰Ą30%)
11:04:04 core.sweep_detector INFO: OrderBlocks: 3 detected, 0 unmitigated
11:04:04 core.sweep_detector INFO: FVGs: 7 detected, 1 unfilled
11:04:06 core.sweep_detector INFO: SweepDetector v2: 0 raw â†’ 0 confirmed (volâ‰Ą2.5Ă— bodyâ‰Ą30%)
11:04:06 core.sweep_detector INFO: OrderBlocks: 8 detected, 3 unmitigated
11:04:06 core.sweep_detector INFO: FVGs: 7 detected, 2 unfilled
11:04:08 core.sweep_detector INFO: SweepDetector v2: 1 raw â†’ 1 confirmed (volâ‰Ą2.5Ă— bodyâ‰Ą30%)
11:04:08 core.sweep_detector INFO: OrderBlocks: 8 detected, 4 unmitigated
11:04:08 core.sweep_detector INFO: FVGs: 11 detected, 4 unfilled
11:04:09 core.sweep_detector INFO: SweepDetector v2: 0 raw â†’ 0 confirmed (volâ‰Ą2.5Ă— bodyâ‰Ą30%)
11:04:09 core.sweep_detector INFO: OrderBlocks: 2 detected, 1 unmitigated
11:04:09 core.sweep_detector INFO: FVGs: 12 detected, 2 unfilled
11:04:11 core.sweep_detector INFO: SweepDetector v2: 0 raw â†’ 0 confirmed (volâ‰Ą2.5Ă— bodyâ‰Ą30%)
11:04:11 core.sweep_detector INFO: OrderBlocks: 2 detected, 0 unmitigated
11:04:11 core.sweep_detector INFO: FVGs: 8 detected, 0 unfilled
11:04:12 core.sweep_detector INFO: SweepDetector v2: 2 raw â†’ 2 confirmed (volâ‰Ą2.5Ă— bodyâ‰Ą30%)
11:04:12 core.sweep_detector INFO: OrderBlocks: 4 detected, 1 unmitigated
11:04:12 core.sweep_detector INFO: FVGs: 7 detected, 1 unfilled
11:04:14 core.sweep_detector INFO: SweepDetector v2: 0 raw â†’ 0 confirmed (volâ‰Ą2.5Ă— bodyâ‰Ą30%)
11:04:14 core.sweep_detector INFO: OrderBlocks: 8 detected, 4 unmitigated
11:04:14 core.sweep_detector INFO: FVGs: 12 detected, 7 unfilled
11:04:16 core.sweep_detector INFO: SweepDetector v2: 1 raw â†’ 1 confirmed (volâ‰Ą2.5Ă— bodyâ‰Ą30%)
11:04:16 core.sweep_detector INFO: OrderBlocks: 3 detected, 2 unmitigated
11:04:16 core.sweep_detector INFO: FVGs: 11 detected, 3 unfilled
11:04:17 core.sweep_detector INFO: SweepDetector v2: 0 raw â†’ 0 confirmed (volâ‰Ą2.5Ă— bodyâ‰Ą30%)
11:04:17 core.sweep_detector INFO: OrderBlocks: 11 detected, 4 unmitigated
11:04:17 core.sweep_detector INFO: FVGs: 12 detected, 4 unfilled
11:04:19 core.sweep_detector INFO: SweepDetector v2: 1 raw â†’ 0 confirmed (volâ‰Ą2.5Ă— bodyâ‰Ą30%)
11:04:19 core.sweep_detector INFO: OrderBlocks: 9 detected, 3 unmitigated
11:04:19 core.sweep_detector INFO: FVGs: 8 detected, 2 unfilled
11:04:21 core.sweep_detector INFO: SweepDetector v2: 2 raw â†’ 1 confirmed (volâ‰Ą2.5Ă— bodyâ‰Ą30%)
11:04:21 core.sweep_detector INFO: OrderBlocks: 2 detected, 1 unmitigated
11:04:21 core.sweep_detector INFO: FVGs: 9 detected, 3 unfilled
11:04:22 core.sweep_detector INFO: SweepDetector v2: 0 raw â†’ 0 confirmed (volâ‰Ą2.5Ă— bodyâ‰Ą30%)
11:04:22 core.sweep_detector INFO: OrderBlocks: 7 detected, 4 unmitigated
11:04:22 core.sweep_detector INFO: FVGs: 9 detected, 7 unfilled
11:04:24 core.sweep_detector INFO: SweepDetector v2: 1 raw â†’ 1 confirmed (volâ‰Ą2.5Ă— bodyâ‰Ą30%)
11:04:24 core.sweep_detector INFO: OrderBlocks: 6 detected, 3 unmitigated
11:04:24 core.sweep_detector INFO: FVGs: 9 detected, 6 unfilled
11:04:26 core.sweep_detector INFO: SweepDetector v2: 3 raw â†’ 1 confirmed (volâ‰Ą2.5Ă— bodyâ‰Ą30%)
11:04:26 core.sweep_detector INFO: OrderBlocks: 6 detected, 2 unmitigated
11:04:26 core.sweep_detector INFO: FVGs: 8 detected, 3 unfilled
11:04:28 core.sweep_detector INFO: SweepDetector v2: 1 raw â†’ 1 confirmed (volâ‰Ą2.5Ă— bodyâ‰Ą30%)
11:04:28 core.sweep_detector INFO: OrderBlocks: 2 detected, 2 unmitigated
11:04:28 core.sweep_detector INFO: FVGs: 4 detected, 2 unfilled
11:04:30 core.sweep_detector INFO: SweepDetector v2: 0 raw â†’ 0 confirmed (volâ‰Ą2.5Ă— bodyâ‰Ą30%)
11:04:30 core.sweep_detector INFO: OrderBlocks: 6 detected, 2 unmitigated
11:04:30 core.sweep_detector INFO: FVGs: 3 detected, 2 unfilled
11:04:32 core.sweep_detector INFO: SweepDetector v2: 2 raw â†’ 2 confirmed (volâ‰Ą2.5Ă— bodyâ‰Ą30%)
11:04:32 core.sweep_detector INFO: OrderBlocks: 6 detected, 0 unmitigated
11:04:32 core.sweep_detector INFO: FVGs: 10 detected, 2 unfilled
11:04:34 core.sweep_detector INFO: SweepDetector v2: 1 raw â†’ 1 confirmed (volâ‰Ą2.5Ă— bodyâ‰Ą30%)
11:04:34 core.sweep_detector INFO: OrderBlocks: 2 detected, 0 unmitigated
11:04:34 core.sweep_detector INFO: FVGs: 7 detected, 2 unfilled
11:04:36 core.sweep_detector INFO: SweepDetector v2: 1 raw â†’ 1 confirmed (volâ‰Ą2.5Ă— bodyâ‰Ą30%)
11:04:36 core.sweep_detector INFO: OrderBlocks: 9 detected, 2 unmitigated
11:04:36 core.sweep_detector INFO: FVGs: 5 detected, 4 unfilled
11:04:38 core.sweep_detector INFO: SweepDetector v2: 3 raw â†’ 2 confirmed (volâ‰Ą2.5Ă— bodyâ‰Ą30%)
11:04:38 core.sweep_detector INFO: OrderBlocks: 4 detected, 2 unmitigated
11:04:38 core.sweep_detector INFO: FVGs: 6 detected, 2 unfilled
11:04:39 core.sweep_detector INFO: SweepDetector v2: 1 raw â†’ 1 confirmed (volâ‰Ą2.5Ă— bodyâ‰Ą30%)
11:04:39 core.sweep_detector INFO: OrderBlocks: 6 detected, 3 unmitigated
11:04:39 core.sweep_detector INFO: FVGs: 8 detected, 4 unfilled
11:04:41 core.sweep_detector INFO: SweepDetector v2: 0 raw â†’ 0 confirmed (volâ‰Ą2.5Ă— bodyâ‰Ą30%)
11:04:41 core.sweep_detector INFO: OrderBlocks: 3 detected, 1 unmitigated
11:04:41 core.sweep_detector INFO: FVGs: 13 detected, 4 unfilled
11:04:43 core.sweep_detector INFO: SweepDetector v2: 1 raw â†’ 1 confirmed (volâ‰Ą2.5Ă— bodyâ‰Ą30%)
11:04:43 core.sweep_detector INFO: OrderBlocks: 5 detected, 0 unmitigated
11:04:43 core.sweep_detector INFO: FVGs: 10 detected, 4 unfilled
11:04:45 core.sweep_detector INFO: SweepDetector v2: 2 raw â†’ 1 confirmed (volâ‰Ą2.5Ă— bodyâ‰Ą30%)
11:04:45 core.sweep_detector INFO: OrderBlocks: 7 detected, 3 unmitigated
11:04:45 core.sweep_detector INFO: FVGs: 8 detected, 4 unfilled
11:04:46 core.sweep_detector INFO: SweepDetector v2: 3 raw â†’ 2 confirmed (volâ‰Ą2.5Ă— bodyâ‰Ą30%)
11:04:46 core.sweep_detector INFO: OrderBlocks: 11 detected, 4 unmitigated
11:04:46 core.sweep_detector INFO: FVGs: 14 detected, 2 unfilled
11:04:48 core.sweep_detector INFO: SweepDetector v2: 3 raw â†’ 1 confirmed (volâ‰Ą2.5Ă— bodyâ‰Ą30%)
11:04:48 core.sweep_detector INFO: OrderBlocks: 5 detected, 0 unmitigated
11:04:48 core.sweep_detector INFO: FVGs: 11 detected, 3 unfilled
11:04:50 core.sweep_detector INFO: SweepDetector v2: 2 raw â†’ 2 confirmed (volâ‰Ą2.5Ă— bodyâ‰Ą30%)
11:04:50 core.sweep_detector INFO: OrderBlocks: 0 detected, 0 unmitigated
11:04:50 core.sweep_detector INFO: FVGs: 9 detected, 3 unfilled
11:04:52 core.sweep_detector INFO: SweepDetector v2: 2 raw â†’ 2 confirmed (volâ‰Ą2.5Ă— bodyâ‰Ą30%)
11:04:52 core.sweep_detector INFO: OrderBlocks: 3 detected, 1 unmitigated
11:04:52 core.sweep_detector INFO: FVGs: 6 detected, 1 unfilled
11:04:53 core.sweep_detector INFO: SweepDetector v2: 0 raw â†’ 0 confirmed (volâ‰Ą2.5Ă— bodyâ‰Ą30%)
11:04:53 core.sweep_detector INFO: OrderBlocks: 2 detected, 1 unmitigated
11:04:53 core.sweep_detector INFO: FVGs: 12 detected, 6 unfilled
11:04:55 core.sweep_detector INFO: SweepDetector v2: 1 raw â†’ 0 confirmed (volâ‰Ą2.5Ă— bodyâ‰Ą30%)
11:04:55 core.sweep_detector INFO: OrderBlocks: 1 detected, 0 unmitigated
11:04:55 core.sweep_detector INFO: FVGs: 8 detected, 5 unfilled
11:04:57 core.sweep_detector INFO: SweepDetector v2: 2 raw â†’ 2 confirmed (volâ‰Ą2.5Ă— bodyâ‰Ą30%)
11:04:57 core.sweep_detector INFO: OrderBlocks: 15 detected, 3 unmitigated
11:04:57 core.sweep_detector INFO: FVGs: 16 detected, 2 unfilled
11:04:59 core.sweep_detector INFO: SweepDetector v2: 3 raw â†’ 3 confirmed (volâ‰Ą2.5Ă— bodyâ‰Ą30%)
11:04:59 core.sweep_detector INFO: OrderBlocks: 5 detected, 2 unmitigated
11:04:59 core.sweep_detector INFO: FVGs: 9 detected, 3 unfilled
11:05:01 core.sweep_detector INFO: SweepDetector v2: 2 raw â†’ 1 confirmed (volâ‰Ą2.5Ă— bodyâ‰Ą30%)
11:05:01 core.sweep_detector INFO: OrderBlocks: 4 detected, 4 unmitigated
11:05:01 core.sweep_detector INFO: FVGs: 10 detected, 6 unfilled
11:05:02 core.sweep_detector INFO: SweepDetector v2: 6 raw â†’ 3 confirmed (volâ‰Ą2.5Ă— bodyâ‰Ą30%)
11:05:02 core.sweep_detector INFO: OrderBlocks: 6 detected, 4 unmitigated
11:05:02 core.sweep_detector INFO: FVGs: 10 detected, 5 unfilled
11:05:04 core.sweep_detector INFO: SweepDetector v2: 5 raw â†’ 4 confirmed (volâ‰Ą2.5Ă— bodyâ‰Ą30%)
11:05:04 core.sweep_detector INFO: OrderBlocks: 5 detected, 1 unmitigated
11:05:04 core.sweep_detector INFO: FVGs: 6 detected, 1 unfilled
11:05:06 core.sweep_detector INFO: SweepDetector v2: 1 raw â†’ 1 confirmed (volâ‰Ą2.5Ă— bodyâ‰Ą30%)
11:05:06 core.sweep_detector INFO: OrderBlocks: 1 detected, 0 unmitigated
11:05:06 core.sweep_detector INFO: FVGs: 7 detected, 3 unfilled
11:05:08 core.sweep_detector INFO: SweepDetector v2: 1 raw â†’ 1 confirmed (volâ‰Ą2.5Ă— bodyâ‰Ą30%)
11:05:08 core.sweep_detector INFO: OrderBlocks: 5 detected, 1 unmitigated
11:05:08 core.sweep_detector INFO: FVGs: 8 detected, 3 unfilled
11:05:09 core.sweep_detector INFO: SweepDetector v2: 3 raw â†’ 3 confirmed (volâ‰Ą2.5Ă— bodyâ‰Ą30%)
11:05:09 core.sweep_detector INFO: OrderBlocks: 6 detected, 2 unmitigated
11:05:09 core.sweep_detector INFO: FVGs: 8 detected, 3 unfilled
11:05:11 core.sweep_detector INFO: SweepDetector v2: 2 raw â†’ 2 confirmed (volâ‰Ą2.5Ă— bodyâ‰Ą30%)
11:05:11 core.sweep_detector INFO: OrderBlocks: 1 detected, 1 unmitigated
11:05:11 core.sweep_detector INFO: FVGs: 13 detected, 8 unfilled
11:05:13 core.sweep_detector INFO: SweepDetector v2: 1 raw â†’ 1 confirmed (volâ‰Ą2.5Ă— bodyâ‰Ą30%)
11:05:13 core.sweep_detector INFO: OrderBlocks: 5 detected, 1 unmitigated
11:05:13 core.sweep_detector INFO: FVGs: 11 detected, 4 unfilled
11:05:15 core.sweep_detector INFO: SweepDetector v2: 2 raw â†’ 0 confirmed (volâ‰Ą2.5Ă— bodyâ‰Ą30%)
11:05:15 core.sweep_detector INFO: OrderBlocks: 6 detected, 1 unmitigated
11:05:15 core.sweep_detector INFO: FVGs: 10 detected, 2 unfilled
11:05:17 core.sweep_detector INFO: SweepDetector v2: 1 raw â†’ 1 confirmed (volâ‰Ą2.5Ă— bodyâ‰Ą30%)
11:05:17 core.sweep_detector INFO: OrderBlocks: 6 detected, 3 unmitigated
11:05:17 core.sweep_detector INFO: FVGs: 5 detected, 2 unfilled
11:05:19 core.sweep_detector INFO: SweepDetector v2: 3 raw â†’ 2 confirmed (volâ‰Ą2.5Ă— bodyâ‰Ą30%)
11:05:19 core.sweep_detector INFO: OrderBlocks: 5 detected, 1 unmitigated
11:05:19 core.sweep_detector INFO: FVGs: 7 detected, 0 unfilled
11:05:21 core.sweep_detector INFO: SweepDetector v2: 2 raw â†’ 2 confirmed (volâ‰Ą2.5Ă— bodyâ‰Ą30%)
11:05:21 core.sweep_detector INFO: OrderBlocks: 5 detected, 1 unmitigated
11:05:21 core.sweep_detector INFO: FVGs: 5 detected, 2 unfilled
11:05:22 core.sweep_detector INFO: SweepDetector v2: 0 raw â†’ 0 confirmed (volâ‰Ą2.5Ă— bodyâ‰Ą30%)
11:05:22 core.sweep_detector INFO: OrderBlocks: 5 detected, 2 unmitigated
11:05:22 core.sweep_detector INFO: FVGs: 6 detected, 4 unfilled
11:05:24 core.sweep_detector INFO: SweepDetector v2: 0 raw â†’ 0 confirmed (volâ‰Ą2.5Ă— bodyâ‰Ą30%)
11:05:24 core.sweep_detector INFO: OrderBlocks: 8 detected, 4 unmitigated
11:05:24 core.sweep_detector INFO: FVGs: 10 detected, 4 unfilled
11:05:26 core.sweep_detector INFO: SweepDetector v2: 4 raw â†’ 3 confirmed (volâ‰Ą2.5Ă— bodyâ‰Ą30%)
11:05:26 core.sweep_detector INFO: OrderBlocks: 6 detected, 3 unmitigated
11:05:26 core.sweep_detector INFO: FVGs: 11 detected, 3 unfilled
11:05:27 core.sweep_detector INFO: SweepDetector v2: 2 raw â†’ 2 confirmed (volâ‰Ą2.5Ă— bodyâ‰Ą30%)
11:05:27 core.sweep_detector INFO: OrderBlocks: 1 detected, 0 unmitigated
11:05:27 core.sweep_detector INFO: FVGs: 9 detected, 5 unfilled
11:05:29 core.sweep_detector INFO: SweepDetector v2: 1 raw â†’ 1 confirmed (volâ‰Ą2.5Ă— bodyâ‰Ą30%)
11:05:29 core.sweep_detector INFO: OrderBlocks: 4 detected, 2 unmitigated
11:05:29 core.sweep_detector INFO: FVGs: 5 detected, 2 unfilled
11:05:31 core.sweep_detector INFO: SweepDetector v2: 3 raw â†’ 3 confirmed (volâ‰Ą2.5Ă— bodyâ‰Ą30%)
11:05:31 core.sweep_detector INFO: OrderBlocks: 4 detected, 0 unmitigated
11:05:31 core.sweep_detector INFO: FVGs: 4 detected, 1 unfilled
11:05:32 core.sweep_detector INFO: SweepDetector v2: 1 raw â†’ 1 confirmed (volâ‰Ą2.5Ă— bodyâ‰Ą30%)
11:05:32 core.sweep_detector INFO: OrderBlocks: 0 detected, 0 unmitigated
11:05:32 core.sweep_detector INFO: FVGs: 1 detected, 0 unfilled
11:05:34 core.sweep_detector INFO: SweepDetector v2: 2 raw â†’ 2 confirmed (volâ‰Ą2.5Ă— bodyâ‰Ą30%)
11:05:34 core.sweep_detector INFO: OrderBlocks: 10 detected, 4 unmitigated
11:05:34 core.sweep_detector INFO: FVGs: 10 detected, 4 unfilled
11:05:35 core.sweep_detector INFO: SweepDetector v2: 5 raw â†’ 3 confirmed (volâ‰Ą2.5Ă— bodyâ‰Ą30%)
11:05:35 core.sweep_detector INFO: OrderBlocks: 3 detected, 1 unmitigated
11:05:35 core.sweep_detector INFO: FVGs: 8 detected, 2 unfilled
11:05:37 core.sweep_detector INFO: SweepDetector v2: 2 raw â†’ 1 confirmed (volâ‰Ą2.5Ă— bodyâ‰Ą30%)
11:05:37 core.sweep_detector INFO: OrderBlocks: 2 detected, 2 unmitigated
11:05:37 core.sweep_detector INFO: FVGs: 9 detected, 4 unfilled
11:05:39 core.sweep_detector INFO: SweepDetector v2: 1 raw â†’ 0 confirmed (volâ‰Ą2.5Ă— bodyâ‰Ą30%)
11:05:39 core.sweep_detector INFO: OrderBlocks: 5 detected, 1 unmitigated
11:05:39 core.sweep_detector INFO: FVGs: 5 detected, 2 unfilled
11:05:41 core.sweep_detector INFO: SweepDetector v2: 4 raw â†’ 4 confirmed (volâ‰Ą2.5Ă— bodyâ‰Ą30%)
11:05:41 core.sweep_detector INFO: OrderBlocks: 2 detected, 0 unmitigated
11:05:41 core.sweep_detector INFO: FVGs: 9 detected, 2 unfilled
11:05:43 core.sweep_detector INFO: SweepDetector v2: 1 raw â†’ 1 confirmed (volâ‰Ą2.5Ă— bodyâ‰Ą30%)
11:05:43 core.sweep_detector INFO: OrderBlocks: 3 detected, 0 unmitigated
11:05:43 core.sweep_detector INFO: FVGs: 8 detected, 5 unfilled
11:05:44 core.sweep_detector INFO: SweepDetector v2: 3 raw â†’ 2 confirmed (volâ‰Ą2.5Ă— bodyâ‰Ą30%)
11:05:44 core.sweep_detector INFO: OrderBlocks: 2 detected, 0 unmitigated
11:05:44 core.sweep_detector INFO: FVGs: 4 detected, 0 unfilled
11:05:46 core.sweep_detector INFO: SweepDetector v2: 3 raw â†’ 3 confirmed (volâ‰Ą2.5Ă— bodyâ‰Ą30%)
11:05:46 core.sweep_detector INFO: OrderBlocks: 2 detected, 1 unmitigated
11:05:46 core.sweep_detector INFO: FVGs: 4 detected, 1 unfilled
11:05:48 core.sweep_detector INFO: SweepDetector v2: 2 raw â†’ 2 confirmed (volâ‰Ą2.5Ă— bodyâ‰Ą30%)
11:05:48 core.sweep_detector INFO: OrderBlocks: 2 detected, 1 unmitigated
11:05:48 core.sweep_detector INFO: FVGs: 9 detected, 1 unfilled
11:05:50 core.sweep_detector INFO: SweepDetector v2: 2 raw â†’ 2 confirmed (volâ‰Ą2.5Ă— bodyâ‰Ą30%)
11:05:50 core.sweep_detector INFO: OrderBlocks: 8 detected, 4 unmitigated
11:05:50 core.sweep_detector INFO: FVGs: 9 detected, 2 unfilled
11:05:52 core.sweep_detector INFO: SweepDetector v2: 2 raw â†’ 2 confirmed (volâ‰Ą2.5Ă— bodyâ‰Ą30%)
11:05:52 core.sweep_detector INFO: OrderBlocks: 5 detected, 1 unmitigated
11:05:52 core.sweep_detector INFO: FVGs: 7 detected, 3 unfilled
11:05:53 core.sweep_detector INFO: SweepDetector v2: 1 raw â†’ 1 confirmed (volâ‰Ą2.5Ă— bodyâ‰Ą30%)
11:05:53 core.sweep_detector INFO: OrderBlocks: 3 detected, 2 unmitigated
11:05:53 core.sweep_detector INFO: FVGs: 11 detected, 5 unfilled
11:05:55 core.sweep_detector INFO: SweepDetector v2: 0 raw â†’ 0 confirmed (volâ‰Ą2.5Ă— bodyâ‰Ą30%)
11:05:55 core.sweep_detector INFO: OrderBlocks: 1 detected, 0 unmitigated
11:05:55 core.sweep_detector INFO: FVGs: 0 detected, 0 unfilled
11:05:57 core.sweep_detector INFO: SweepDetector v2: 0 raw â†’ 0 confirmed (volâ‰Ą2.5Ă— bodyâ‰Ą30%)
11:05:57 core.sweep_detector INFO: OrderBlocks: 0 detected, 0 unmitigated
11:05:57 core.sweep_detector INFO: FVGs: 0 detected, 0 unfilled
11:05:59 core.sweep_detector INFO: SweepDetector v2: 0 raw â†’ 0 confirmed (volâ‰Ą2.5Ă— bodyâ‰Ą30%)
11:05:59 core.sweep_detector INFO: OrderBlocks: 0 detected, 0 unmitigated
11:05:59 core.sweep_detector INFO: FVGs: 0 detected, 0 unfilled
11:06:01 core.sweep_detector INFO: SweepDetector v2: 2 raw â†’ 2 confirmed (volâ‰Ą2.5Ă— bodyâ‰Ą30%)
11:06:01 core.sweep_detector INFO: OrderBlocks: 5 detected, 2 unmitigated
11:06:01 core.sweep_detector INFO: FVGs: 6 detected, 1 unfilled
11:06:03 core.sweep_detector INFO: SweepDetector v2: 3 raw â†’ 3 confirmed (volâ‰Ą2.5Ă— bodyâ‰Ą30%)
11:06:03 core.sweep_detector INFO: OrderBlocks: 4 detected, 0 unmitigated
11:06:03 core.sweep_detector INFO: FVGs: 10 detected, 2 unfilled
11:06:05 core.sweep_detector INFO: SweepDetector v2: 2 raw â†’ 2 confirmed (volâ‰Ą2.5Ă— bodyâ‰Ą30%)
11:06:05 core.sweep_detector INFO: OrderBlocks: 2 detected, 1 unmitigated
11:06:05 core.sweep_detector INFO: FVGs: 5 detected, 1 unfilled
11:06:06 core.sweep_detector INFO: SweepDetector v2: 0 raw â†’ 0 confirmed (volâ‰Ą2.5Ă— bodyâ‰Ą30%)
11:06:06 core.sweep_detector INFO: OrderBlocks: 4 detected, 2 unmitigated
11:06:06 core.sweep_detector INFO: FVGs: 11 detected, 7 unfilled
11:06:08 core.sweep_detector INFO: SweepDetector v2: 0 raw â†’ 0 confirmed (volâ‰Ą2.5Ă— bodyâ‰Ą30%)
11:06:08 core.sweep_detector INFO: OrderBlocks: 2 detected, 0 unmitigated
11:06:08 core.sweep_detector INFO: FVGs: 6 detected, 3 unfilled
11:06:10 core.sweep_detector INFO: SweepDetector v2: 2 raw â†’ 2 confirmed (volâ‰Ą2.5Ă— bodyâ‰Ą30%)
11:06:10 core.sweep_detector INFO: OrderBlocks: 2 detected, 1 unmitigated
11:06:10 core.sweep_detector INFO: FVGs: 10 detected, 3 unfilled
11:06:12 core.sweep_detector INFO: SweepDetector v2: 5 raw â†’ 3 confirmed (volâ‰Ą2.5Ă— bodyâ‰Ą30%)
11:06:12 core.sweep_detector INFO: OrderBlocks: 6 detected, 2 unmitigated
11:06:12 core.sweep_detector INFO: FVGs: 9 detected, 2 unfilled
11:06:13 core.sweep_detector INFO: SweepDetector v2: 2 raw â†’ 2 confirmed (volâ‰Ą2.5Ă— bodyâ‰Ą30%)
11:06:13 core.sweep_detector INFO: OrderBlocks: 3 detected, 2 unmitigated
11:06:13 core.sweep_detector INFO: FVGs: 13 detected, 2 unfilled
11:06:15 core.sweep_detector INFO: SweepDetector v2: 3 raw â†’ 3 confirmed (volâ‰Ą2.5Ă— bodyâ‰Ą30%)
11:06:15 core.sweep_detector INFO: OrderBlocks: 5 detected, 0 unmitigated
11:06:15 core.sweep_detector INFO: FVGs: 7 detected, 1 unfilled
11:06:17 core.sweep_detector INFO: SweepDetector v2: 0 raw â†’ 0 confirmed (volâ‰Ą2.5Ă— bodyâ‰Ą30%)
11:06:17 core.sweep_detector INFO: OrderBlocks: 7 detected, 2 unmitigated
11:06:17 core.sweep_detector INFO: FVGs: 9 detected, 2 unfilled
11:06:18 core.sweep_detector INFO: SweepDetector v2: 3 raw â†’ 3 confirmed (volâ‰Ą2.5Ă— bodyâ‰Ą30%)
11:06:18 core.sweep_detector INFO: OrderBlocks: 4 detected, 1 unmitigated
11:06:18 core.sweep_detector INFO: FVGs: 8 detected, 3 unfilled
11:06:20 core.sweep_detector INFO: SweepDetector v2: 2 raw â†’ 1 confirmed (volâ‰Ą2.5Ă— bodyâ‰Ą30%)
11:06:20 core.sweep_detector INFO: OrderBlocks: 5 detected, 2 unmitigated
11:06:20 core.sweep_detector INFO: FVGs: 8 detected, 4 unfilled
11:06:22 core.sweep_detector INFO: SweepDetector v2: 1 raw â†’ 1 confirmed (volâ‰Ą2.5Ă— bodyâ‰Ą30%)
11:06:22 core.sweep_detector INFO: OrderBlocks: 4 detected, 2 unmitigated
11:06:22 core.sweep_detector INFO: FVGs: 12 detected, 9 unfilled
11:06:23 core.sweep_detector INFO: SweepDetector v2: 1 raw â†’ 1 confirmed (volâ‰Ą2.5Ă— bodyâ‰Ą30%)
11:06:23 core.sweep_detector INFO: OrderBlocks: 3 detected, 2 unmitigated
11:06:23 core.sweep_detector INFO: FVGs: 2 detected, 1 unfilled
11:06:25 core.sweep_detector INFO: SweepDetector v2: 3 raw â†’ 3 confirmed (volâ‰Ą2.5Ă— bodyâ‰Ą30%)
11:06:25 core.sweep_detector INFO: OrderBlocks: 2 detected, 2 unmitigated
11:06:25 core.sweep_detector INFO: FVGs: 8 detected, 4 unfilled
11:06:27 core.sweep_detector INFO: SweepDetector v2: 1 raw â†’ 0 confirmed (volâ‰Ą2.5Ă— bodyâ‰Ą30%)
11:06:27 core.sweep_detector INFO: OrderBlocks: 9 detected, 3 unmitigated
11:06:27 core.sweep_detector INFO: FVGs: 8 detected, 4 unfilled
11:06:29 core.sweep_detector INFO: SweepDetector v2: 4 raw â†’ 1 confirmed (volâ‰Ą2.5Ă— bodyâ‰Ą30%)
11:06:29 core.sweep_detector INFO: OrderBlocks: 5 detected, 1 unmitigated
11:06:29 core.sweep_detector INFO: FVGs: 8 detected, 2 unfilled
11:06:31 core.sweep_detector INFO: SweepDetector v2: 1 raw â†’ 1 confirmed (volâ‰Ą2.5Ă— bodyâ‰Ą30%)
11:06:31 core.sweep_detector INFO: OrderBlocks: 2 detected, 1 unmitigated
11:06:31 core.sweep_detector INFO: FVGs: 3 detected, 2 unfilled
11:06:33 core.sweep_detector INFO: SweepDetector v2: 2 raw â†’ 2 confirmed (volâ‰Ą2.5Ă— bodyâ‰Ą30%)
11:06:33 core.sweep_detector INFO: OrderBlocks: 5 detected, 2 unmitigated
11:06:33 core.sweep_detector INFO: FVGs: 11 detected, 1 unfilled
11:06:35 core.sweep_detector INFO: SweepDetector v2: 1 raw â†’ 1 confirmed (volâ‰Ą2.5Ă— bodyâ‰Ą30%)
11:06:35 core.sweep_detector INFO: OrderBlocks: 4 detected, 1 unmitigated
11:06:35 core.sweep_detector INFO: FVGs: 14 detected, 6 unfilled
11:06:36 core.sweep_detector INFO: SweepDetector v2: 0 raw â†’ 0 confirmed (volâ‰Ą2.5Ă— bodyâ‰Ą30%)
11:06:36 core.sweep_detector INFO: OrderBlocks: 0 detected, 0 unmitigated
11:06:36 core.sweep_detector INFO: FVGs: 9 detected, 3 unfilled
11:06:38 core.sweep_detector INFO: SweepDetector v2: 7 raw â†’ 5 confirmed (volâ‰Ą2.5Ă— bodyâ‰Ą30%)
11:06:38 core.sweep_detector INFO: OrderBlocks: 6 detected, 5 unmitigated
11:06:38 core.sweep_detector INFO: FVGs: 13 detected, 8 unfilled
11:06:40 core.sweep_detector INFO: SweepDetector v2: 2 raw â†’ 1 confirmed (volâ‰Ą2.5Ă— bodyâ‰Ą30%)
11:06:40 core.sweep_detector INFO: OrderBlocks: 1 detected, 0 unmitigated
11:06:40 core.sweep_detector INFO: FVGs: 5 detected, 2 unfilled
11:06:41 core.sweep_detector INFO: SweepDetector v2: 3 raw â†’ 3 confirmed (volâ‰Ą2.5Ă— bodyâ‰Ą30%)
11:06:41 core.sweep_detector INFO: OrderBlocks: 5 detected, 1 unmitigated
11:06:41 core.sweep_detector INFO: FVGs: 11 detected, 4 unfilled
11:06:43 core.sweep_detector INFO: SweepDetector v2: 0 raw â†’ 0 confirmed (volâ‰Ą2.5Ă— bodyâ‰Ą30%)
11:06:43 core.sweep_detector INFO: OrderBlocks: 8 detected, 5 unmitigated
11:06:43 core.sweep_detector INFO: FVGs: 13 detected, 4 unfilled
11:06:45 core.sweep_detector INFO: SweepDetector v2: 3 raw â†’ 2 confirmed (volâ‰Ą2.5Ă— bodyâ‰Ą30%)
11:06:45 core.sweep_detector INFO: OrderBlocks: 4 detected, 1 unmitigated
11:06:45 core.sweep_detector INFO: FVGs: 8 detected, 2 unfilled
11:06:47 core.sweep_detector INFO: SweepDetector v2: 2 raw â†’ 1 confirmed (volâ‰Ą2.5Ă— bodyâ‰Ą30%)
11:06:47 core.sweep_detector INFO: OrderBlocks: 2 detected, 0 unmitigated
11:06:47 core.sweep_detector INFO: FVGs: 4 detected, 2 unfilled
11:06:49 core.sweep_detector INFO: SweepDetector v2: 3 raw â†’ 3 confirmed (volâ‰Ą2.5Ă— bodyâ‰Ą30%)
11:06:49 core.sweep_detector INFO: OrderBlocks: 3 detected, 1 unmitigated
11:06:49 core.sweep_detector INFO: FVGs: 4 detected, 1 unfilled
11:06:50 core.sweep_detector INFO: SweepDetector v2: 3 raw â†’ 2 confirmed (volâ‰Ą2.5Ă— bodyâ‰Ą30%)
11:06:50 core.sweep_detector INFO: OrderBlocks: 7 detected, 2 unmitigated
11:06:50 core.sweep_detector INFO: FVGs: 6 detected, 1 unfilled
11:06:52 core.sweep_detector INFO: SweepDetector v2: 1 raw â†’ 1 confirmed (volâ‰Ą2.5Ă— bodyâ‰Ą30%)
11:06:52 core.sweep_detector INFO: OrderBlocks: 1 detected, 0 unmitigated
11:06:52 core.sweep_detector INFO: FVGs: 8 detected, 2 unfilled
11:06:54 core.sweep_detector INFO: SweepDetector v2: 3 raw â†’ 2 confirmed (volâ‰Ą2.5Ă— bodyâ‰Ą30%)
11:06:54 core.sweep_detector INFO: OrderBlocks: 2 detected, 2 unmitigated
11:06:54 core.sweep_detector INFO: FVGs: 12 detected, 7 unfilled
11:06:55 core.sweep_detector INFO: SweepDetector v2: 2 raw â†’ 2 confirmed (volâ‰Ą2.5Ă— bodyâ‰Ą30%)
11:06:56 core.sweep_detector INFO: OrderBlocks: 2 detected, 1 unmitigated
11:06:56 core.sweep_detector INFO: FVGs: 9 detected, 3 unfilled
11:06:58 core.sweep_detector INFO: SweepDetector v2: 2 raw â†’ 1 confirmed (volâ‰Ą2.5Ă— bodyâ‰Ą30%)
11:06:58 core.sweep_detector INFO: OrderBlocks: 4 detected, 2 unmitigated
11:06:58 core.sweep_detector INFO: FVGs: 5 detected, 1 unfilled
11:06:59 core.sweep_detector INFO: SweepDetector v2: 1 raw â†’ 0 confirmed (volâ‰Ą2.5Ă— bodyâ‰Ą30%)
11:06:59 core.sweep_detector INFO: OrderBlocks: 4 detected, 0 unmitigated
11:06:59 core.sweep_detector INFO: FVGs: 13 detected, 4 unfilled
11:07:01 core.sweep_detector INFO: SweepDetector v2: 0 raw â†’ 0 confirmed (volâ‰Ą2.5Ă— bodyâ‰Ą30%)
11:07:01 core.sweep_detector INFO: OrderBlocks: 7 detected, 1 unmitigated
11:07:01 core.sweep_detector INFO: FVGs: 4 detected, 2 unfilled
11:07:03 core.sweep_detector INFO: SweepDetector v2: 2 raw â†’ 2 confirmed (volâ‰Ą2.5Ă— bodyâ‰Ą30%)
11:07:03 core.sweep_detector INFO: OrderBlocks: 3 detected, 1 unmitigated
11:07:03 core.sweep_detector INFO: FVGs: 6 detected, 3 unfilled
11:07:05 core.sweep_detector INFO: SweepDetector v2: 1 raw â†’ 0 confirmed (volâ‰Ą2.5Ă— bodyâ‰Ą30%)
11:07:05 core.sweep_detector INFO: OrderBlocks: 6 detected, 3 unmitigated
11:07:05 core.sweep_detector INFO: FVGs: 10 detected, 5 unfilled
11:07:06 core.sweep_detector INFO: SweepDetector v2: 2 raw â†’ 2 confirmed (volâ‰Ą2.5Ă— bodyâ‰Ą30%)
11:07:06 core.sweep_detector INFO: OrderBlocks: 4 detected, 1 unmitigated
11:07:06 core.sweep_detector INFO: FVGs: 16 detected, 5 unfilled
11:07:09 core.sweep_detector INFO: SweepDetector v2: 4 raw â†’ 3 confirmed (volâ‰Ą2.5Ă— bodyâ‰Ą30%)
11:07:09 core.sweep_detector INFO: OrderBlocks: 5 detected, 3 unmitigated
11:07:09 core.sweep_detector INFO: FVGs: 8 detected, 6 unfilled
11:07:11 core.sweep_detector INFO: SweepDetector v2: 0 raw â†’ 0 confirmed (volâ‰Ą2.5Ă— bodyâ‰Ą30%)
11:07:11 core.sweep_detector INFO: OrderBlocks: 10 detected, 3 unmitigated
11:07:11 core.sweep_detector INFO: FVGs: 11 detected, 2 unfilled
11:07:12 core.sweep_detector INFO: SweepDetector v2: 1 raw â†’ 1 confirmed (volâ‰Ą2.5Ă— bodyâ‰Ą30%)
11:07:12 core.sweep_detector INFO: OrderBlocks: 6 detected, 3 unmitigated
11:07:12 core.sweep_detector INFO: FVGs: 7 detected, 4 unfilled
11:07:14 core.sweep_detector INFO: SweepDetector v2: 0 raw â†’ 0 confirmed (volâ‰Ą2.5Ă— bodyâ‰Ą30%)
11:07:14 core.sweep_detector INFO: OrderBlocks: 3 detected, 1 unmitigated
11:07:14 core.sweep_detector INFO: FVGs: 2 detected, 0 unfilled
11:07:16 core.sweep_detector INFO: SweepDetector v2: 0 raw â†’ 0 confirmed (volâ‰Ą2.5Ă— bodyâ‰Ą30%)
11:07:16 core.sweep_detector INFO: OrderBlocks: 3 detected, 0 unmitigated
11:07:16 core.sweep_detector INFO: FVGs: 0 detected, 0 unfilled
11:07:18 core.sweep_detector INFO: SweepDetector v2: 0 raw â†’ 0 confirmed (volâ‰Ą2.5Ă— bodyâ‰Ą30%)
11:07:18 core.sweep_detector INFO: OrderBlocks: 0 detected, 0 unmitigated
11:07:18 core.sweep_detector INFO: FVGs: 0 detected, 0 unfilled
11:07:19 core.sweep_detector INFO: SweepDetector v2: 0 raw â†’ 0 confirmed (volâ‰Ą2.5Ă— bodyâ‰Ą30%)
11:07:19 core.sweep_detector INFO: OrderBlocks: 0 detected, 0 unmitigated
11:07:19 core.sweep_detector INFO: FVGs: 0 detected, 0 unfilled
11:07:21 core.sweep_detector INFO: SweepDetector v2: 1 raw â†’ 1 confirmed (volâ‰Ą2.5Ă— bodyâ‰Ą30%)
11:07:21 core.sweep_detector INFO: OrderBlocks: 6 detected, 1 unmitigated
11:07:21 core.sweep_detector INFO: FVGs: 9 detected, 5 unfilled
11:07:23 core.sweep_detector INFO: SweepDetector v2: 2 raw â†’ 2 confirmed (volâ‰Ą2.5Ă— bodyâ‰Ą30%)
11:07:23 core.sweep_detector INFO: OrderBlocks: 8 detected, 2 unmitigated
11:07:23 core.sweep_detector INFO: FVGs: 8 detected, 4 unfilled
11:07:25 core.sweep_detector INFO: SweepDetector v2: 2 raw â†’ 2 confirmed (volâ‰Ą2.5Ă— bodyâ‰Ą30%)
11:07:25 core.sweep_detector INFO: OrderBlocks: 3 detected, 3 unmitigated
11:07:25 core.sweep_detector INFO: FVGs: 12 detected, 6 unfilled
11:07:27 core.sweep_detector INFO: SweepDetector v2: 1 raw â†’ 1 confirmed (volâ‰Ą2.5Ă— bodyâ‰Ą30%)
11:07:27 core.sweep_detector INFO: OrderBlocks: 2 detected, 0 unmitigated
11:07:27 core.sweep_detector INFO: FVGs: 0 detected, 0 unfilled
11:07:28 core.sweep_detector INFO: SweepDetector v2: 0 raw â†’ 0 confirmed (volâ‰Ą2.5Ă— bodyâ‰Ą30%)
11:07:28 core.sweep_detector INFO: OrderBlocks: 1 detected, 0 unmitigated
11:07:28 core.sweep_detector INFO: FVGs: 0 detected, 0 unfilled
11:07:30 core.sweep_detector INFO: SweepDetector v2: 0 raw â†’ 0 confirmed (volâ‰Ą2.5Ă— bodyâ‰Ą30%)
11:07:30 core.sweep_detector INFO: OrderBlocks: 1 detected, 0 unmitigated
11:07:30 core.sweep_detector INFO: FVGs: 0 detected, 0 unfilled
11:07:32 core.sweep_detector INFO: SweepDetector v2: 0 raw â†’ 0 confirmed (volâ‰Ą2.5Ă— bodyâ‰Ą30%)
11:07:32 core.sweep_detector INFO: OrderBlocks: 3 detected, 0 unmitigated
11:07:32 core.sweep_detector INFO: FVGs: 0 detected, 0 unfilled
11:07:33 core.sweep_detector INFO: SweepDetector v2: 0 raw â†’ 0 confirmed (volâ‰Ą2.5Ă— bodyâ‰Ą30%)
11:07:33 core.sweep_detector INFO: OrderBlocks: 1 detected, 0 unmitigated
11:07:33 core.sweep_detector INFO: FVGs: 0 detected, 0 unfilled
11:07:35 core.sweep_detector INFO: SweepDetector v2: 0 raw â†’ 0 confirmed (volâ‰Ą2.5Ă— bodyâ‰Ą30%)
11:07:35 core.sweep_detector INFO: OrderBlocks: 2 detected, 0 unmitigated
11:07:35 core.sweep_detector INFO: FVGs: 0 detected, 0 unfilled
11:07:38 core.sweep_detector INFO: SweepDetector v2: 0 raw â†’ 0 confirmed (volâ‰Ą2.5Ă— bodyâ‰Ą30%)
11:07:38 core.sweep_detector INFO: OrderBlocks: 2 detected, 0 unmitigated
11:07:38 core.sweep_detector INFO: FVGs: 0 detected, 0 unfilled
11:07:39 core.sweep_detector INFO: SweepDetector v2: 0 raw â†’ 0 confirmed (volâ‰Ą2.5Ă— bodyâ‰Ą30%)
11:07:39 core.sweep_detector INFO: OrderBlocks: 0 detected, 0 unmitigated
11:07:39 core.sweep_detector INFO: FVGs: 0 detected, 0 unfilled
11:07:41 core.sweep_detector INFO: SweepDetector v2: 0 raw â†’ 0 confirmed (volâ‰Ą2.5Ă— bodyâ‰Ą30%)
11:07:41 core.sweep_detector INFO: OrderBlocks: 0 detected, 0 unmitigated
11:07:41 core.sweep_detector INFO: FVGs: 0 detected, 0 unfilled
11:07:42 core.sweep_detector INFO: SweepDetector v2: 3 raw â†’ 3 confirmed (volâ‰Ą2.5Ă— bodyâ‰Ą30%)
11:07:42 core.sweep_detector INFO: OrderBlocks: 4 detected, 1 unmitigated
11:07:42 core.sweep_detector INFO: FVGs: 8 detected, 3 unfilled
11:07:44 core.sweep_detector INFO: SweepDetector v2: 5 raw â†’ 4 confirmed (volâ‰Ą2.5Ă— bodyâ‰Ą30%)
11:07:44 core.sweep_detector INFO: OrderBlocks: 7 detected, 2 unmitigated
11:07:44 core.sweep_detector INFO: FVGs: 7 detected, 3 unfilled
11:07:46 core.sweep_detector INFO: SweepDetector v2: 2 raw â†’ 2 confirmed (volâ‰Ą2.5Ă— bodyâ‰Ą30%)
11:07:46 core.sweep_detector INFO: OrderBlocks: 4 detected, 1 unmitigated
11:07:46 core.sweep_detector INFO: FVGs: 8 detected, 4 unfilled
11:07:47 core.sweep_detector INFO: SweepDetector v2: 0 raw â†’ 0 confirmed (volâ‰Ą2.5Ă— bodyâ‰Ą30%)
11:07:47 core.sweep_detector INFO: OrderBlocks: 5 detected, 2 unmitigated
11:07:47 core.sweep_detector INFO: FVGs: 9 detected, 4 unfilled
11:07:49 core.sweep_detector INFO: SweepDetector v2: 1 raw â†’ 1 confirmed (volâ‰Ą2.5Ă— bodyâ‰Ą30%)
11:07:49 core.sweep_detector INFO: OrderBlocks: 2 detected, 1 unmitigated
11:07:49 core.sweep_detector INFO: FVGs: 8 detected, 3 unfilled
11:07:51 core.sweep_detector INFO: SweepDetector v2: 1 raw â†’ 1 confirmed (volâ‰Ą2.5Ă— bodyâ‰Ą30%)
11:07:51 core.sweep_detector INFO: OrderBlocks: 2 detected, 1 unmitigated
11:07:51 core.sweep_detector INFO: FVGs: 8 detected, 5 unfilled
11:07:53 core.sweep_detector INFO: SweepDetector v2: 1 raw â†’ 1 confirmed (volâ‰Ą2.5Ă— bodyâ‰Ą30%)
11:07:53 core.sweep_detector INFO: OrderBlocks: 6 detected, 4 unmitigated
11:07:53 core.sweep_detector INFO: FVGs: 8 detected, 3 unfilled
11:07:54 core.sweep_detector INFO: SweepDetector v2: 1 raw â†’ 1 confirmed (volâ‰Ą2.5Ă— bodyâ‰Ą30%)
11:07:54 core.sweep_detector INFO: OrderBlocks: 2 detected, 0 unmitigated
11:07:54 core.sweep_detector INFO: FVGs: 11 detected, 2 unfilled
11:07:56 core.sweep_detector INFO: SweepDetector v2: 2 raw â†’ 1 confirmed (volâ‰Ą2.5Ă— bodyâ‰Ą30%)
11:07:56 core.sweep_detector INFO: OrderBlocks: 3 detected, 1 unmitigated
11:07:56 core.sweep_detector INFO: FVGs: 7 detected, 5 unfilled
11:07:58 core.sweep_detector INFO: SweepDetector v2: 1 raw â†’ 1 confirmed (volâ‰Ą2.5Ă— bodyâ‰Ą30%)
11:07:58 core.sweep_detector INFO: OrderBlocks: 2 detected, 1 unmitigated
11:07:58 core.sweep_detector INFO: FVGs: 8 detected, 4 unfilled
11:07:59 core.sweep_detector INFO: SweepDetector v2: 2 raw â†’ 1 confirmed (volâ‰Ą2.5Ă— bodyâ‰Ą30%)
11:07:59 core.sweep_detector INFO: OrderBlocks: 1 detected, 0 unmitigated
11:07:59 core.sweep_detector INFO: FVGs: 6 detected, 0 unfilled
11:08:01 core.sweep_detector INFO: SweepDetector v2: 0 raw â†’ 0 confirmed (volâ‰Ą2.5Ă— bodyâ‰Ą30%)
11:08:01 core.sweep_detector INFO: OrderBlocks: 2 detected, 1 unmitigated
11:08:01 core.sweep_detector INFO: FVGs: 2 detected, 0 unfilled
11:08:03 core.sweep_detector INFO: SweepDetector v2: 2 raw â†’ 1 confirmed (volâ‰Ą2.5Ă— bodyâ‰Ą30%)
11:08:03 core.sweep_detector INFO: OrderBlocks: 6 detected, 4 unmitigated
11:08:03 core.sweep_detector INFO: FVGs: 13 detected, 6 unfilled
11:08:04 core.sweep_detector INFO: SweepDetector v2: 4 raw â†’ 4 confirmed (volâ‰Ą2.5Ă— bodyâ‰Ą30%)
11:08:04 core.sweep_detector INFO: OrderBlocks: 2 detected, 1 unmitigated
11:08:04 core.sweep_detector INFO: FVGs: 6 detected, 3 unfilled
11:08:06 core.sweep_detector INFO: SweepDetector v2: 1 raw â†’ 1 confirmed (volâ‰Ą2.5Ă— bodyâ‰Ą30%)
11:08:06 core.sweep_detector INFO: OrderBlocks: 5 detected, 2 unmitigated
11:08:06 core.sweep_detector INFO: FVGs: 6 detected, 3 unfilled
11:08:08 core.sweep_detector INFO: SweepDetector v2: 2 raw â†’ 1 confirmed (volâ‰Ą2.5Ă— bodyâ‰Ą30%)
11:08:08 core.sweep_detector INFO: OrderBlocks: 5 detected, 1 unmitigated
11:08:08 core.sweep_detector INFO: FVGs: 5 detected, 1 unfilled
11:08:10 core.sweep_detector INFO: SweepDetector v2: 1 raw â†’ 1 confirmed (volâ‰Ą2.5Ă— bodyâ‰Ą30%)
11:08:10 core.sweep_detector INFO: OrderBlocks: 5 detected, 0 unmitigated
11:08:10 core.sweep_detector INFO: FVGs: 9 detected, 0 unfilled
11:08:12 core.sweep_detector INFO: SweepDetector v2: 3 raw â†’ 2 confirmed (volâ‰Ą2.5Ă— bodyâ‰Ą30%)
11:08:12 core.sweep_detector INFO: OrderBlocks: 4 detected, 0 unmitigated
11:08:12 core.sweep_detector INFO: FVGs: 9 detected, 2 unfilled
11:08:14 core.sweep_detector INFO: SweepDetector v2: 0 raw â†’ 0 confirmed (volâ‰Ą2.5Ă— bodyâ‰Ą30%)
11:08:14 core.sweep_detector INFO: OrderBlocks: 1 detected, 1 unmitigated
11:08:14 core.sweep_detector INFO: FVGs: 4 detected, 1 unfilled
11:08:16 core.sweep_detector INFO: SweepDetector v2: 0 raw â†’ 0 confirmed (volâ‰Ą2.5Ă— bodyâ‰Ą30%)
11:08:16 core.sweep_detector INFO: OrderBlocks: 4 detected, 1 unmitigated
11:08:16 core.sweep_detector INFO: FVGs: 4 detected, 2 unfilled
11:08:18 core.sweep_detector INFO: SweepDetector v2: 0 raw â†’ 0 confirmed (volâ‰Ą2.5Ă— bodyâ‰Ą30%)
11:08:18 core.sweep_detector INFO: OrderBlocks: 5 detected, 4 unmitigated
11:08:18 core.sweep_detector INFO: FVGs: 7 detected, 5 unfilled
11:08:20 core.sweep_detector INFO: SweepDetector v2: 0 raw â†’ 0 confirmed (volâ‰Ą2.5Ă— bodyâ‰Ą30%)
11:08:20 core.sweep_detector INFO: OrderBlocks: 8 detected, 3 unmitigated
11:08:20 core.sweep_detector INFO: FVGs: 11 detected, 3 unfilled
11:08:21 core.sweep_detector INFO: SweepDetector v2: 1 raw â†’ 1 confirmed (volâ‰Ą2.5Ă— bodyâ‰Ą30%)
11:08:21 core.sweep_detector INFO: OrderBlocks: 5 detected, 1 unmitigated
11:08:21 core.sweep_detector INFO: FVGs: 8 detected, 3 unfilled
11:08:23 core.sweep_detector INFO: SweepDetector v2: 1 raw â†’ 1 confirmed (volâ‰Ą2.5Ă— bodyâ‰Ą30%)
11:08:23 core.sweep_detector INFO: OrderBlocks: 6 detected, 4 unmitigated
11:08:23 core.sweep_detector INFO: FVGs: 9 detected, 5 unfilled
11:08:25 core.sweep_detector INFO: SweepDetector v2: 0 raw â†’ 0 confirmed (volâ‰Ą2.5Ă— bodyâ‰Ą30%)
11:08:25 core.sweep_detector INFO: OrderBlocks: 10 detected, 3 unmitigated
11:08:25 core.sweep_detector INFO: FVGs: 10 detected, 3 unfilled
11:08:26 core.sweep_detector INFO: SweepDetector v2: 2 raw â†’ 2 confirmed (volâ‰Ą2.5Ă— bodyâ‰Ą30%)
11:08:26 core.sweep_detector INFO: OrderBlocks: 2 detected, 1 unmitigated
11:08:26 core.sweep_detector INFO: FVGs: 12 detected, 2 unfilled
11:08:28 core.sweep_detector INFO: SweepDetector v2: 2 raw â†’ 2 confirmed (volâ‰Ą2.5Ă— bodyâ‰Ą30%)
11:08:28 core.sweep_detector INFO: OrderBlocks: 2 detected, 1 unmitigated
11:08:28 core.sweep_detector INFO: FVGs: 15 detected, 4 unfilled
11:08:30 core.sweep_detector INFO: SweepDetector v2: 2 raw â†’ 2 confirmed (volâ‰Ą2.5Ă— bodyâ‰Ą30%)
11:08:30 core.sweep_detector INFO: OrderBlocks: 7 detected, 3 unmitigated
11:08:30 core.sweep_detector INFO: FVGs: 8 detected, 3 unfilled
11:08:31 core.sweep_detector INFO: SweepDetector v2: 2 raw â†’ 2 confirmed (volâ‰Ą2.5Ă— bodyâ‰Ą30%)
11:08:31 core.sweep_detector INFO: OrderBlocks: 6 detected, 2 unmitigated
11:08:31 core.sweep_detector INFO: FVGs: 5 detected, 2 unfilled
11:08:33 core.sweep_detector INFO: SweepDetector v2: 0 raw â†’ 0 confirmed (volâ‰Ą2.5Ă— bodyâ‰Ą30%)
11:08:33 core.sweep_detector INFO: OrderBlocks: 4 detected, 2 unmitigated
11:08:33 core.sweep_detector INFO: FVGs: 8 detected, 5 unfilled
11:08:35 core.sweep_detector INFO: SweepDetector v2: 0 raw â†’ 0 confirmed (volâ‰Ą2.5Ă— bodyâ‰Ą30%)
11:08:35 core.sweep_detector INFO: OrderBlocks: 0 detected, 0 unmitigated
11:08:35 core.sweep_detector INFO: FVGs: 0 detected, 0 unfilled
11:08:37 core.sweep_detector INFO: SweepDetector v2: 0 raw â†’ 0 confirmed (volâ‰Ą2.5Ă— bodyâ‰Ą30%)
11:08:37 core.sweep_detector INFO: OrderBlocks: 4 detected, 0 unmitigated
11:08:37 core.sweep_detector INFO: FVGs: 0 detected, 0 unfilled
11:08:38 core.sweep_detector INFO: SweepDetector v2: 0 raw â†’ 0 confirmed (volâ‰Ą2.5Ă— bodyâ‰Ą30%)
11:08:38 core.sweep_detector INFO: OrderBlocks: 0 detected, 0 unmitigated
11:08:38 core.sweep_detector INFO: FVGs: 0 detected, 0 unfilled
11:08:40 core.sweep_detector INFO: SweepDetector v2: 6 raw â†’ 3 confirmed (volâ‰Ą2.5Ă— bodyâ‰Ą30%)
11:08:40 core.sweep_detector INFO: OrderBlocks: 9 detected, 3 unmitigated
11:08:40 core.sweep_detector INFO: FVGs: 9 detected, 2 unfilled
11:08:42 core.sweep_detector INFO: SweepDetector v2: 1 raw â†’ 1 confirmed (volâ‰Ą2.5Ă— bodyâ‰Ą30%)
11:08:42 core.sweep_detector INFO: OrderBlocks: 5 detected, 0 unmitigated
11:08:42 core.sweep_detector INFO: FVGs: 10 detected, 2 unfilled
11:08:43 core.sweep_detector INFO: SweepDetector v2: 3 raw â†’ 2 confirmed (volâ‰Ą2.5Ă— bodyâ‰Ą30%)
11:08:43 core.sweep_detector INFO: OrderBlocks: 11 detected, 2 unmitigated
11:08:43 core.sweep_detector INFO: FVGs: 11 detected, 1 unfilled
11:08:45 core.sweep_detector INFO: SweepDetector v2: 1 raw â†’ 1 confirmed (volâ‰Ą2.5Ă— bodyâ‰Ą30%)
11:08:45 core.sweep_detector INFO: OrderBlocks: 7 detected, 2 unmitigated
11:08:45 core.sweep_detector INFO: FVGs: 7 detected, 2 unfilled
11:08:46 core.sweep_detector INFO: SweepDetector v2: 2 raw â†’ 1 confirmed (volâ‰Ą2.5Ă— bodyâ‰Ą30%)
11:08:46 core.sweep_detector INFO: OrderBlocks: 1 detected, 0 unmitigated
11:08:46 core.sweep_detector INFO: FVGs: 11 detected, 4 unfilled
11:08:48 core.sweep_detector INFO: SweepDetector v2: 0 raw â†’ 0 confirmed (volâ‰Ą2.5Ă— bodyâ‰Ą30%)
11:08:48 core.sweep_detector INFO: OrderBlocks: 5 detected, 1 unmitigated
11:08:48 core.sweep_detector INFO: FVGs: 5 detected, 3 unfilled
11:08:50 core.sweep_detector INFO: SweepDetector v2: 0 raw â†’ 0 confirmed (volâ‰Ą2.5Ă— bodyâ‰Ą30%)
11:08:50 core.sweep_detector INFO: OrderBlocks: 7 detected, 3 unmitigated
11:08:50 core.sweep_detector INFO: FVGs: 9 detected, 2 unfilled
11:08:51 core.sweep_detector INFO: SweepDetector v2: 0 raw â†’ 0 confirmed (volâ‰Ą2.5Ă— bodyâ‰Ą30%)
11:08:51 core.sweep_detector INFO: OrderBlocks: 11 detected, 0 unmitigated
11:08:51 core.sweep_detector INFO: FVGs: 6 detected, 0 unfilled
11:08:53 core.sweep_detector INFO: SweepDetector v2: 2 raw â†’ 2 confirmed (volâ‰Ą2.5Ă— bodyâ‰Ą30%)
11:08:53 core.sweep_detector INFO: OrderBlocks: 5 detected, 1 unmitigated
11:08:53 core.sweep_detector INFO: FVGs: 6 detected, 3 unfilled
11:08:55 core.sweep_detector INFO: SweepDetector v2: 2 raw â†’ 2 confirmed (volâ‰Ą2.5Ă— bodyâ‰Ą30%)
11:08:55 core.sweep_detector INFO: OrderBlocks: 5 detected, 1 unmitigated
11:08:55 core.sweep_detector INFO: FVGs: 6 detected, 3 unfilled
11:08:56 core.sweep_detector INFO: SweepDetector v2: 1 raw â†’ 1 confirmed (volâ‰Ą2.5Ă— bodyâ‰Ą30%)
11:08:56 core.sweep_detector INFO: OrderBlocks: 3 detected, 1 unmitigated
11:08:56 core.sweep_detector INFO: FVGs: 4 detected, 1 unfilled
11:08:59 core.sweep_detector INFO: SweepDetector v2: 2 raw â†’ 2 confirmed (volâ‰Ą2.5Ă— bodyâ‰Ą30%)
11:08:59 core.sweep_detector INFO: OrderBlocks: 4 detected, 2 unmitigated
11:08:59 core.sweep_detector INFO: FVGs: 7 detected, 1 unfilled
/root/.openclaw/workspace/projects/crypto-liquidity-hunter/main.py:555: DeprecationWarning: datetime.datetime.utcnow() is deprecated and scheduled for removal in a future version. Use timezone-aware objects to represent datetimes in UTC: datetime.datetime.now(datetime.UTC).
  scan_end     = datetime.utcnow()

=== SCAN ALL: 99 pairs, 3 timeframes ===
Total signals generated: 0
