04:15:02 __main__ INFO: Volume filter: fetching all tickers in one call...
04:15:04 __main__ INFO: Volume filter: 97/447 pairs pass $2M threshold
/root/.openclaw/workspace/projects/crypto-liquidity-hunter/main.py:292: DeprecationWarning: datetime.datetime.utcnow() is deprecated and scheduled for removal in a future version. Use timezone-aware objects to represent datetimes in UTC: datetime.datetime.now(datetime.UTC).
  scan_start = datetime.utcnow()   # for duration tracking
04:15:06 core.binance_connector INFO: BinanceConnector: connected [LIVE FUTURES MAINNET]
04:15:06 __main__ INFO: Auto-executor: account 'Liquiddbot1' mode=live exec=auto
04:15:10 core.sweep_detector INFO: SweepDetector v2: 2 raw â†’ 1 confirmed (volâ‰Ą2.5Ă— bodyâ‰Ą30%)
04:15:10 core.sweep_detector INFO: OrderBlocks: 6 detected, 0 unmitigated
04:15:10 core.sweep_detector INFO: FVGs: 11 detected, 0 unfilled
04:15:13 core.sweep_detector INFO: SweepDetector v2: 3 raw â†’ 2 confirmed (volâ‰Ą2.5Ă— bodyâ‰Ą30%)
04:15:13 core.sweep_detector INFO: OrderBlocks: 4 detected, 1 unmitigated
04:15:13 core.sweep_detector INFO: FVGs: 5 detected, 2 unfilled
04:15:15 core.sweep_detector INFO: SweepDetector v2: 0 raw â†’ 0 confirmed (volâ‰Ą2.5Ă— bodyâ‰Ą30%)
04:15:15 core.sweep_detector INFO: OrderBlocks: 4 detected, 0 unmitigated
04:15:15 core.sweep_detector INFO: FVGs: 8 detected, 3 unfilled
04:15:17 core.sweep_detector INFO: SweepDetector v2: 0 raw â†’ 0 confirmed (volâ‰Ą2.5Ă— bodyâ‰Ą30%)
04:15:17 core.sweep_detector INFO: OrderBlocks: 9 detected, 4 unmitigated
04:15:17 core.sweep_detector INFO: FVGs: 11 detected, 6 unfilled
04:15:19 core.sweep_detector INFO: SweepDetector v2: 2 raw â†’ 2 confirmed (volâ‰Ą2.5Ă— bodyâ‰Ą30%)
04:15:19 core.sweep_detector INFO: OrderBlocks: 4 detected, 3 unmitigated
04:15:19 core.sweep_detector INFO: FVGs: 10 detected, 3 unfilled
04:15:21 core.sweep_detector INFO: SweepDetector v2: 2 raw â†’ 2 confirmed (volâ‰Ą2.5Ă— bodyâ‰Ą30%)
04:15:21 core.sweep_detector INFO: OrderBlocks: 3 detected, 0 unmitigated
04:15:21 core.sweep_detector INFO: FVGs: 6 detected, 2 unfilled
04:15:23 core.sweep_detector INFO: SweepDetector v2: 1 raw â†’ 1 confirmed (volâ‰Ą2.5Ă— bodyâ‰Ą30%)
04:15:23 core.sweep_detector INFO: OrderBlocks: 9 detected, 2 unmitigated
04:15:23 core.sweep_detector INFO: FVGs: 10 detected, 4 unfilled
04:15:24 core.sweep_detector INFO: SweepDetector v2: 1 raw â†’ 1 confirmed (volâ‰Ą2.5Ă— bodyâ‰Ą30%)
04:15:25 core.sweep_detector INFO: OrderBlocks: 4 detected, 3 unmitigated
04:15:25 core.sweep_detector INFO: FVGs: 8 detected, 2 unfilled
04:15:26 core.sweep_detector INFO: SweepDetector v2: 2 raw â†’ 2 confirmed (volâ‰Ą2.5Ă— bodyâ‰Ą30%)
04:15:26 core.sweep_detector INFO: OrderBlocks: 8 detected, 1 unmitigated
04:15:26 core.sweep_detector INFO: FVGs: 8 detected, 2 unfilled
04:15:28 core.sweep_detector INFO: SweepDetector v2: 5 raw â†’ 5 confirmed (volâ‰Ą2.5Ă— bodyâ‰Ą30%)
04:15:28 core.sweep_detector INFO: OrderBlocks: 4 detected, 0 unmitigated
04:15:28 core.sweep_detector INFO: FVGs: 9 detected, 1 unfilled
04:15:30 core.sweep_detector INFO: SweepDetector v2: 3 raw â†’ 3 confirmed (volâ‰Ą2.5Ă— bodyâ‰Ą30%)
04:15:30 core.sweep_detector INFO: OrderBlocks: 4 detected, 2 unmitigated
04:15:30 core.sweep_detector INFO: FVGs: 8 detected, 2 unfilled
04:15:32 core.sweep_detector INFO: SweepDetector v2: 1 raw â†’ 1 confirmed (volâ‰Ą2.5Ă— bodyâ‰Ą30%)
04:15:32 core.sweep_detector INFO: OrderBlocks: 6 detected, 1 unmitigated
04:15:32 core.sweep_detector INFO: FVGs: 4 detected, 1 unfilled
04:15:33 core.sweep_detector INFO: SweepDetector v2: 3 raw â†’ 2 confirmed (volâ‰Ą2.5Ă— bodyâ‰Ą30%)
04:15:33 core.sweep_detector INFO: OrderBlocks: 7 detected, 0 unmitigated
04:15:33 core.sweep_detector INFO: FVGs: 9 detected, 1 unfilled
04:15:35 core.sweep_detector INFO: SweepDetector v2: 1 raw â†’ 0 confirmed (volâ‰Ą2.5Ă— bodyâ‰Ą30%)
04:15:35 core.sweep_detector INFO: OrderBlocks: 5 detected, 2 unmitigated
04:15:35 core.sweep_detector INFO: FVGs: 11 detected, 1 unfilled
04:15:36 core.sweep_detector INFO: SweepDetector v2: 1 raw â†’ 1 confirmed (volâ‰Ą2.5Ă— bodyâ‰Ą30%)
04:15:36 core.sweep_detector INFO: OrderBlocks: 6 detected, 0 unmitigated
04:15:36 core.sweep_detector INFO: FVGs: 13 detected, 3 unfilled
04:15:38 core.sweep_detector INFO: SweepDetector v2: 2 raw â†’ 1 confirmed (volâ‰Ą2.5Ă— bodyâ‰Ą30%)
04:15:38 core.sweep_detector INFO: OrderBlocks: 6 detected, 2 unmitigated
04:15:38 core.sweep_detector INFO: FVGs: 9 detected, 4 unfilled
04:15:40 core.sweep_detector INFO: SweepDetector v2: 1 raw â†’ 1 confirmed (volâ‰Ą2.5Ă— bodyâ‰Ą30%)
04:15:40 core.sweep_detector INFO: OrderBlocks: 2 detected, 0 unmitigated
04:15:40 core.sweep_detector INFO: FVGs: 9 detected, 1 unfilled
04:15:41 core.sweep_detector INFO: SweepDetector v2: 2 raw â†’ 1 confirmed (volâ‰Ą2.5Ă— bodyâ‰Ą30%)
04:15:41 core.sweep_detector INFO: OrderBlocks: 2 detected, 1 unmitigated
04:15:41 core.sweep_detector INFO: FVGs: 10 detected, 3 unfilled
04:15:43 core.sweep_detector INFO: SweepDetector v2: 2 raw â†’ 1 confirmed (volâ‰Ą2.5Ă— bodyâ‰Ą30%)
04:15:43 core.sweep_detector INFO: OrderBlocks: 5 detected, 1 unmitigated
04:15:43 core.sweep_detector INFO: FVGs: 11 detected, 4 unfilled
04:15:44 core.sweep_detector INFO: SweepDetector v2: 1 raw â†’ 1 confirmed (volâ‰Ą2.5Ă— bodyâ‰Ą30%)
04:15:44 core.sweep_detector INFO: OrderBlocks: 6 detected, 2 unmitigated
04:15:44 core.sweep_detector INFO: FVGs: 11 detected, 3 unfilled
04:15:46 core.sweep_detector INFO: SweepDetector v2: 3 raw â†’ 3 confirmed (volâ‰Ą2.5Ă— bodyâ‰Ą30%)
04:15:46 core.sweep_detector INFO: OrderBlocks: 1 detected, 0 unmitigated
04:15:46 core.sweep_detector INFO: FVGs: 11 detected, 4 unfilled
04:15:48 core.sweep_detector INFO: SweepDetector v2: 5 raw â†’ 5 confirmed (volâ‰Ą2.5Ă— bodyâ‰Ą30%)
04:15:48 core.sweep_detector INFO: OrderBlocks: 1 detected, 0 unmitigated
04:15:48 core.sweep_detector INFO: FVGs: 3 detected, 1 unfilled
04:15:49 core.sweep_detector INFO: SweepDetector v2: 2 raw â†’ 2 confirmed (volâ‰Ą2.5Ă— bodyâ‰Ą30%)
04:15:49 core.sweep_detector INFO: OrderBlocks: 3 detected, 2 unmitigated
04:15:49 core.sweep_detector INFO: FVGs: 6 detected, 2 unfilled
04:15:51 core.sweep_detector INFO: SweepDetector v2: 2 raw â†’ 2 confirmed (volâ‰Ą2.5Ă— bodyâ‰Ą30%)
04:15:51 core.sweep_detector INFO: OrderBlocks: 4 detected, 1 unmitigated
04:15:51 core.sweep_detector INFO: FVGs: 7 detected, 2 unfilled
04:15:53 core.sweep_detector INFO: SweepDetector v2: 2 raw â†’ 2 confirmed (volâ‰Ą2.5Ă— bodyâ‰Ą30%)
04:15:53 core.sweep_detector INFO: OrderBlocks: 4 detected, 2 unmitigated
04:15:53 core.sweep_detector INFO: FVGs: 13 detected, 6 unfilled
04:15:55 core.sweep_detector INFO: SweepDetector v2: 1 raw â†’ 1 confirmed (volâ‰Ą2.5Ă— bodyâ‰Ą30%)
04:15:55 core.sweep_detector INFO: OrderBlocks: 5 detected, 3 unmitigated
04:15:55 core.sweep_detector INFO: FVGs: 10 detected, 3 unfilled
04:15:56 core.sweep_detector INFO: SweepDetector v2: 2 raw â†’ 2 confirmed (volâ‰Ą2.5Ă— bodyâ‰Ą30%)
04:15:56 core.sweep_detector INFO: OrderBlocks: 3 detected, 0 unmitigated
04:15:56 core.sweep_detector INFO: FVGs: 6 detected, 2 unfilled
04:15:58 core.sweep_detector INFO: SweepDetector v2: 1 raw â†’ 1 confirmed (volâ‰Ą2.5Ă— bodyâ‰Ą30%)
04:15:58 core.sweep_detector INFO: OrderBlocks: 5 detected, 0 unmitigated
04:15:58 core.sweep_detector INFO: FVGs: 7 detected, 0 unfilled
04:16:00 core.sweep_detector INFO: SweepDetector v2: 0 raw â†’ 0 confirmed (volâ‰Ą2.5Ă— bodyâ‰Ą30%)
04:16:00 core.sweep_detector INFO: OrderBlocks: 5 detected, 2 unmitigated
04:16:00 core.sweep_detector INFO: FVGs: 10 detected, 3 unfilled
04:16:02 core.sweep_detector INFO: SweepDetector v2: 0 raw â†’ 0 confirmed (volâ‰Ą2.5Ă— bodyâ‰Ą30%)
04:16:02 core.sweep_detector INFO: OrderBlocks: 7 detected, 4 unmitigated
04:16:02 core.sweep_detector INFO: FVGs: 8 detected, 4 unfilled
04:16:04 core.sweep_detector INFO: SweepDetector v2: 4 raw â†’ 4 confirmed (volâ‰Ą2.5Ă— bodyâ‰Ą30%)
04:16:04 core.sweep_detector INFO: OrderBlocks: 2 detected, 2 unmitigated
04:16:04 core.sweep_detector INFO: FVGs: 12 detected, 4 unfilled
04:16:05 core.sweep_detector INFO: SweepDetector v2: 1 raw â†’ 1 confirmed (volâ‰Ą2.5Ă— bodyâ‰Ą30%)
04:16:05 core.sweep_detector INFO: OrderBlocks: 6 detected, 2 unmitigated
04:16:05 core.sweep_detector INFO: FVGs: 12 detected, 2 unfilled
04:16:07 core.sweep_detector INFO: SweepDetector v2: 2 raw â†’ 1 confirmed (volâ‰Ą2.5Ă— bodyâ‰Ą30%)
04:16:07 core.sweep_detector INFO: OrderBlocks: 3 detected, 0 unmitigated
04:16:07 core.sweep_detector INFO: FVGs: 8 detected, 2 unfilled
04:16:08 core.sweep_detector INFO: SweepDetector v2: 0 raw â†’ 0 confirmed (volâ‰Ą2.5Ă— bodyâ‰Ą30%)
04:16:08 core.sweep_detector INFO: OrderBlocks: 4 detected, 2 unmitigated
04:16:08 core.sweep_detector INFO: FVGs: 7 detected, 2 unfilled
04:16:10 core.sweep_detector INFO: SweepDetector v2: 2 raw â†’ 2 confirmed (volâ‰Ą2.5Ă— bodyâ‰Ą30%)
04:16:10 core.sweep_detector INFO: OrderBlocks: 5 detected, 3 unmitigated
04:16:10 core.sweep_detector INFO: FVGs: 7 detected, 3 unfilled
04:16:11 core.sweep_detector INFO: SweepDetector v2: 2 raw â†’ 2 confirmed (volâ‰Ą2.5Ă— bodyâ‰Ą30%)
04:16:11 core.sweep_detector INFO: OrderBlocks: 5 detected, 0 unmitigated
04:16:11 core.sweep_detector INFO: FVGs: 5 detected, 0 unfilled
04:16:13 core.sweep_detector INFO: SweepDetector v2: 1 raw â†’ 1 confirmed (volâ‰Ą2.5Ă— bodyâ‰Ą30%)
04:16:13 core.sweep_detector INFO: OrderBlocks: 7 detected, 4 unmitigated
04:16:13 core.sweep_detector INFO: FVGs: 10 detected, 4 unfilled
04:16:15 core.sweep_detector INFO: SweepDetector v2: 1 raw â†’ 1 confirmed (volâ‰Ą2.5Ă— bodyâ‰Ą30%)
04:16:15 core.sweep_detector INFO: OrderBlocks: 7 detected, 1 unmitigated
04:16:15 core.sweep_detector INFO: FVGs: 5 detected, 1 unfilled
04:16:16 core.sweep_detector INFO: SweepDetector v2: 2 raw â†’ 2 confirmed (volâ‰Ą2.5Ă— bodyâ‰Ą30%)
04:16:16 core.sweep_detector INFO: OrderBlocks: 6 detected, 1 unmitigated
04:16:16 core.sweep_detector INFO: FVGs: 6 detected, 2 unfilled
04:16:18 core.sweep_detector INFO: SweepDetector v2: 1 raw â†’ 1 confirmed (volâ‰Ą2.5Ă— bodyâ‰Ą30%)
04:16:18 core.sweep_detector INFO: OrderBlocks: 6 detected, 1 unmitigated
04:16:18 core.sweep_detector INFO: FVGs: 7 detected, 2 unfilled
04:16:20 core.sweep_detector INFO: SweepDetector v2: 1 raw â†’ 1 confirmed (volâ‰Ą2.5Ă— bodyâ‰Ą30%)
04:16:20 core.sweep_detector INFO: OrderBlocks: 2 detected, 1 unmitigated
04:16:20 core.sweep_detector INFO: FVGs: 10 detected, 2 unfilled
04:16:21 core.sweep_detector INFO: SweepDetector v2: 2 raw â†’ 2 confirmed (volâ‰Ą2.5Ă— bodyâ‰Ą30%)
04:16:21 core.sweep_detector INFO: OrderBlocks: 3 detected, 0 unmitigated
04:16:21 core.sweep_detector INFO: FVGs: 8 detected, 2 unfilled
04:16:23 core.sweep_detector INFO: SweepDetector v2: 0 raw â†’ 0 confirmed (volâ‰Ą2.5Ă— bodyâ‰Ą30%)
04:16:23 core.sweep_detector INFO: OrderBlocks: 6 detected, 2 unmitigated
04:16:23 core.sweep_detector INFO: FVGs: 9 detected, 2 unfilled
04:16:24 core.sweep_detector INFO: SweepDetector v2: 2 raw â†’ 1 confirmed (volâ‰Ą2.5Ă— bodyâ‰Ą30%)
04:16:24 core.sweep_detector INFO: OrderBlocks: 5 detected, 1 unmitigated
04:16:24 core.sweep_detector INFO: FVGs: 9 detected, 2 unfilled
04:16:27 core.sweep_detector INFO: SweepDetector v2: 1 raw â†’ 1 confirmed (volâ‰Ą2.5Ă— bodyâ‰Ą30%)
04:16:27 core.sweep_detector INFO: OrderBlocks: 3 detected, 1 unmitigated
04:16:27 core.sweep_detector INFO: FVGs: 7 detected, 4 unfilled
04:16:28 core.sweep_detector INFO: SweepDetector v2: 7 raw â†’ 5 confirmed (volâ‰Ą2.5Ă— bodyâ‰Ą30%)
04:16:28 core.sweep_detector INFO: OrderBlocks: 3 detected, 2 unmitigated
04:16:28 core.sweep_detector INFO: FVGs: 10 detected, 5 unfilled
04:16:30 core.sweep_detector INFO: SweepDetector v2: 3 raw â†’ 1 confirmed (volâ‰Ą2.5Ă— bodyâ‰Ą30%)
04:16:30 core.sweep_detector INFO: OrderBlocks: 5 detected, 4 unmitigated
04:16:30 core.sweep_detector INFO: FVGs: 10 detected, 3 unfilled
04:16:32 core.sweep_detector INFO: SweepDetector v2: 0 raw â†’ 0 confirmed (volâ‰Ą2.5Ă— bodyâ‰Ą30%)
04:16:32 core.sweep_detector INFO: OrderBlocks: 5 detected, 1 unmitigated
04:16:32 core.sweep_detector INFO: FVGs: 13 detected, 4 unfilled
04:16:33 core.sweep_detector INFO: SweepDetector v2: 1 raw â†’ 1 confirmed (volâ‰Ą2.5Ă— bodyâ‰Ą30%)
04:16:33 core.sweep_detector INFO: OrderBlocks: 7 detected, 3 unmitigated
04:16:33 core.sweep_detector INFO: FVGs: 12 detected, 2 unfilled
04:16:35 core.sweep_detector INFO: SweepDetector v2: 2 raw â†’ 1 confirmed (volâ‰Ą2.5Ă— bodyâ‰Ą30%)
04:16:35 core.sweep_detector INFO: OrderBlocks: 8 detected, 2 unmitigated
04:16:35 core.sweep_detector INFO: FVGs: 8 detected, 4 unfilled
04:16:36 core.sweep_detector INFO: SweepDetector v2: 2 raw â†’ 2 confirmed (volâ‰Ą2.5Ă— bodyâ‰Ą30%)
04:16:36 core.sweep_detector INFO: OrderBlocks: 1 detected, 1 unmitigated
04:16:36 core.sweep_detector INFO: FVGs: 8 detected, 5 unfilled
04:16:38 core.sweep_detector INFO: SweepDetector v2: 5 raw â†’ 4 confirmed (volâ‰Ą2.5Ă— bodyâ‰Ą30%)
04:16:38 core.sweep_detector INFO: OrderBlocks: 8 detected, 2 unmitigated
04:16:38 core.sweep_detector INFO: FVGs: 11 detected, 1 unfilled
04:16:40 core.sweep_detector INFO: SweepDetector v2: 1 raw â†’ 0 confirmed (volâ‰Ą2.5Ă— bodyâ‰Ą30%)
04:16:40 core.sweep_detector INFO: OrderBlocks: 7 detected, 1 unmitigated
04:16:40 core.sweep_detector INFO: FVGs: 16 detected, 2 unfilled
04:16:41 core.sweep_detector INFO: SweepDetector v2: 0 raw â†’ 0 confirmed (volâ‰Ą2.5Ă— bodyâ‰Ą30%)
04:16:41 core.sweep_detector INFO: OrderBlocks: 3 detected, 2 unmitigated
04:16:41 core.sweep_detector INFO: FVGs: 5 detected, 4 unfilled
04:16:43 core.sweep_detector INFO: SweepDetector v2: 0 raw â†’ 0 confirmed (volâ‰Ą2.5Ă— bodyâ‰Ą30%)
04:16:43 core.sweep_detector INFO: OrderBlocks: 6 detected, 3 unmitigated
04:16:43 core.sweep_detector INFO: FVGs: 5 detected, 4 unfilled
04:16:45 core.sweep_detector INFO: SweepDetector v2: 0 raw â†’ 0 confirmed (volâ‰Ą2.5Ă— bodyâ‰Ą30%)
04:16:45 core.sweep_detector INFO: OrderBlocks: 8 detected, 4 unmitigated
04:16:45 core.sweep_detector INFO: FVGs: 4 detected, 4 unfilled
04:16:47 core.sweep_detector INFO: SweepDetector v2: 1 raw â†’ 0 confirmed (volâ‰Ą2.5Ă— bodyâ‰Ą30%)
04:16:47 core.sweep_detector INFO: OrderBlocks: 6 detected, 2 unmitigated
04:16:47 core.sweep_detector INFO: FVGs: 8 detected, 3 unfilled
04:16:48 core.sweep_detector INFO: SweepDetector v2: 0 raw â†’ 0 confirmed (volâ‰Ą2.5Ă— bodyâ‰Ą30%)
04:16:48 core.sweep_detector INFO: OrderBlocks: 5 detected, 2 unmitigated
04:16:48 core.sweep_detector INFO: FVGs: 11 detected, 7 unfilled
04:16:50 core.sweep_detector INFO: SweepDetector v2: 3 raw â†’ 2 confirmed (volâ‰Ą2.5Ă— bodyâ‰Ą30%)
04:16:50 core.sweep_detector INFO: OrderBlocks: 6 detected, 2 unmitigated
04:16:50 core.sweep_detector INFO: FVGs: 10 detected, 3 unfilled
04:16:52 core.sweep_detector INFO: SweepDetector v2: 1 raw â†’ 0 confirmed (volâ‰Ą2.5Ă— bodyâ‰Ą30%)
04:16:52 core.sweep_detector INFO: OrderBlocks: 8 detected, 3 unmitigated
04:16:52 core.sweep_detector INFO: FVGs: 6 detected, 1 unfilled
04:16:53 core.sweep_detector INFO: SweepDetector v2: 0 raw â†’ 0 confirmed (volâ‰Ą2.5Ă— bodyâ‰Ą30%)
04:16:53 core.sweep_detector INFO: OrderBlocks: 8 detected, 2 unmitigated
04:16:53 core.sweep_detector INFO: FVGs: 13 detected, 2 unfilled
04:16:55 core.sweep_detector INFO: SweepDetector v2: 2 raw â†’ 2 confirmed (volâ‰Ą2.5Ă— bodyâ‰Ą30%)
04:16:55 core.sweep_detector INFO: OrderBlocks: 6 detected, 2 unmitigated
04:16:55 core.sweep_detector INFO: FVGs: 11 detected, 2 unfilled
04:16:57 core.sweep_detector INFO: SweepDetector v2: 3 raw â†’ 3 confirmed (volâ‰Ą2.5Ă— bodyâ‰Ą30%)
04:16:57 core.sweep_detector INFO: OrderBlocks: 5 detected, 0 unmitigated
04:16:57 core.sweep_detector INFO: FVGs: 8 detected, 3 unfilled
04:16:59 core.sweep_detector INFO: SweepDetector v2: 4 raw â†’ 2 confirmed (volâ‰Ą2.5Ă— bodyâ‰Ą30%)
04:16:59 core.sweep_detector INFO: OrderBlocks: 5 detected, 2 unmitigated
04:16:59 core.sweep_detector INFO: FVGs: 9 detected, 2 unfilled
04:17:01 core.sweep_detector INFO: SweepDetector v2: 5 raw â†’ 4 confirmed (volâ‰Ą2.5Ă— bodyâ‰Ą30%)
04:17:01 core.sweep_detector INFO: OrderBlocks: 5 detected, 2 unmitigated
04:17:01 core.sweep_detector INFO: FVGs: 8 detected, 3 unfilled
04:17:02 core.sweep_detector INFO: SweepDetector v2: 3 raw â†’ 2 confirmed (volâ‰Ą2.5Ă— bodyâ‰Ą30%)
04:17:02 core.sweep_detector INFO: OrderBlocks: 5 detected, 3 unmitigated
04:17:02 core.sweep_detector INFO: FVGs: 11 detected, 2 unfilled
04:17:04 core.sweep_detector INFO: SweepDetector v2: 3 raw â†’ 2 confirmed (volâ‰Ą2.5Ă— bodyâ‰Ą30%)
04:17:04 core.sweep_detector INFO: OrderBlocks: 6 detected, 2 unmitigated
04:17:04 core.sweep_detector INFO: FVGs: 5 detected, 2 unfilled
04:17:06 core.sweep_detector INFO: SweepDetector v2: 2 raw â†’ 1 confirmed (volâ‰Ą2.5Ă— bodyâ‰Ą30%)
04:17:06 core.sweep_detector INFO: OrderBlocks: 5 detected, 2 unmitigated
04:17:06 core.sweep_detector INFO: FVGs: 11 detected, 2 unfilled
04:17:07 core.sweep_detector INFO: SweepDetector v2: 0 raw â†’ 0 confirmed (volâ‰Ą2.5Ă— bodyâ‰Ą30%)
04:17:07 core.sweep_detector INFO: OrderBlocks: 7 detected, 4 unmitigated
04:17:07 core.sweep_detector INFO: FVGs: 14 detected, 7 unfilled
04:17:09 core.sweep_detector INFO: SweepDetector v2: 1 raw â†’ 1 confirmed (volâ‰Ą2.5Ă— bodyâ‰Ą30%)
04:17:09 core.sweep_detector INFO: OrderBlocks: 9 detected, 1 unmitigated
04:17:09 core.sweep_detector INFO: FVGs: 7 detected, 1 unfilled
04:17:11 core.sweep_detector INFO: SweepDetector v2: 0 raw â†’ 0 confirmed (volâ‰Ą2.5Ă— bodyâ‰Ą30%)
04:17:11 core.sweep_detector INFO: OrderBlocks: 8 detected, 2 unmitigated
04:17:11 core.sweep_detector INFO: FVGs: 10 detected, 3 unfilled
04:17:13 core.sweep_detector INFO: SweepDetector v2: 1 raw â†’ 1 confirmed (volâ‰Ą2.5Ă— bodyâ‰Ą30%)
04:17:13 core.sweep_detector INFO: OrderBlocks: 3 detected, 1 unmitigated
04:17:13 core.sweep_detector INFO: FVGs: 6 detected, 2 unfilled
04:17:14 core.sweep_detector INFO: SweepDetector v2: 0 raw â†’ 0 confirmed (volâ‰Ą2.5Ă— bodyâ‰Ą30%)
04:17:14 core.sweep_detector INFO: OrderBlocks: 8 detected, 2 unmitigated
04:17:14 core.sweep_detector INFO: FVGs: 11 detected, 1 unfilled
04:17:16 core.sweep_detector INFO: SweepDetector v2: 4 raw â†’ 3 confirmed (volâ‰Ą2.5Ă— bodyâ‰Ą30%)
04:17:16 core.sweep_detector INFO: OrderBlocks: 3 detected, 1 unmitigated
04:17:16 core.sweep_detector INFO: FVGs: 9 detected, 1 unfilled
04:17:18 core.sweep_detector INFO: SweepDetector v2: 2 raw â†’ 2 confirmed (volâ‰Ą2.5Ă— bodyâ‰Ą30%)
04:17:18 core.sweep_detector INFO: OrderBlocks: 4 detected, 0 unmitigated
04:17:18 core.sweep_detector INFO: FVGs: 7 detected, 2 unfilled
04:17:20 core.sweep_detector INFO: SweepDetector v2: 1 raw â†’ 0 confirmed (volâ‰Ą2.5Ă— bodyâ‰Ą30%)
04:17:20 core.sweep_detector INFO: OrderBlocks: 5 detected, 2 unmitigated
04:17:20 core.sweep_detector INFO: FVGs: 8 detected, 2 unfilled
04:17:21 core.sweep_detector INFO: SweepDetector v2: 3 raw â†’ 3 confirmed (volâ‰Ą2.5Ă— bodyâ‰Ą30%)
04:17:21 core.sweep_detector INFO: OrderBlocks: 3 detected, 0 unmitigated
04:17:21 core.sweep_detector INFO: FVGs: 7 detected, 1 unfilled
04:17:23 core.sweep_detector INFO: SweepDetector v2: 2 raw â†’ 2 confirmed (volâ‰Ą2.5Ă— bodyâ‰Ą30%)
04:17:23 core.sweep_detector INFO: OrderBlocks: 5 detected, 0 unmitigated
04:17:23 core.sweep_detector INFO: FVGs: 7 detected, 1 unfilled
04:17:25 core.sweep_detector INFO: SweepDetector v2: 2 raw â†’ 2 confirmed (volâ‰Ą2.5Ă— bodyâ‰Ą30%)
04:17:25 core.sweep_detector INFO: OrderBlocks: 10 detected, 4 unmitigated
04:17:25 core.sweep_detector INFO: FVGs: 15 detected, 5 unfilled
04:17:26 core.sweep_detector INFO: SweepDetector v2: 2 raw â†’ 2 confirmed (volâ‰Ą2.5Ă— bodyâ‰Ą30%)
04:17:26 core.sweep_detector INFO: OrderBlocks: 8 detected, 2 unmitigated
04:17:26 core.sweep_detector INFO: FVGs: 17 detected, 5 unfilled
04:17:28 core.sweep_detector INFO: SweepDetector v2: 3 raw â†’ 2 confirmed (volâ‰Ą2.5Ă— bodyâ‰Ą30%)
04:17:28 core.sweep_detector INFO: OrderBlocks: 7 detected, 3 unmitigated
04:17:28 core.sweep_detector INFO: FVGs: 12 detected, 4 unfilled
04:17:30 core.sweep_detector INFO: SweepDetector v2: 1 raw â†’ 1 confirmed (volâ‰Ą2.5Ă— bodyâ‰Ą30%)
04:17:30 core.sweep_detector INFO: OrderBlocks: 5 detected, 3 unmitigated
04:17:30 core.sweep_detector INFO: FVGs: 10 detected, 3 unfilled
04:17:31 core.sweep_detector INFO: SweepDetector v2: 4 raw â†’ 3 confirmed (volâ‰Ą2.5Ă— bodyâ‰Ą30%)
04:17:31 core.sweep_detector INFO: OrderBlocks: 8 detected, 1 unmitigated
04:17:31 core.sweep_detector INFO: FVGs: 7 detected, 1 unfilled
04:17:33 core.sweep_detector INFO: SweepDetector v2: 6 raw â†’ 4 confirmed (volâ‰Ą2.5Ă— bodyâ‰Ą30%)
04:17:33 core.sweep_detector INFO: OrderBlocks: 4 detected, 2 unmitigated
04:17:33 core.sweep_detector INFO: FVGs: 8 detected, 2 unfilled
04:17:35 core.sweep_detector INFO: SweepDetector v2: 2 raw â†’ 1 confirmed (volâ‰Ą2.5Ă— bodyâ‰Ą30%)
04:17:35 core.sweep_detector INFO: OrderBlocks: 5 detected, 1 unmitigated
04:17:35 core.sweep_detector INFO: FVGs: 9 detected, 4 unfilled
04:17:37 core.sweep_detector INFO: SweepDetector v2: 2 raw â†’ 2 confirmed (volâ‰Ą2.5Ă— bodyâ‰Ą30%)
04:17:37 core.sweep_detector INFO: OrderBlocks: 4 detected, 2 unmitigated
04:17:37 core.sweep_detector INFO: FVGs: 12 detected, 3 unfilled
04:17:38 core.sweep_detector INFO: SweepDetector v2: 1 raw â†’ 1 confirmed (volâ‰Ą2.5Ă— bodyâ‰Ą30%)
04:17:38 core.sweep_detector INFO: OrderBlocks: 7 detected, 1 unmitigated
04:17:38 core.sweep_detector INFO: FVGs: 12 detected, 3 unfilled
04:17:40 core.sweep_detector INFO: SweepDetector v2: 2 raw â†’ 1 confirmed (volâ‰Ą2.5Ă— bodyâ‰Ą30%)
04:17:40 core.sweep_detector INFO: OrderBlocks: 6 detected, 2 unmitigated
04:17:40 core.sweep_detector INFO: FVGs: 11 detected, 5 unfilled
04:17:42 core.sweep_detector INFO: SweepDetector v2: 2 raw â†’ 1 confirmed (volâ‰Ą2.5Ă— bodyâ‰Ą30%)
04:17:42 core.sweep_detector INFO: OrderBlocks: 6 detected, 3 unmitigated
04:17:42 core.sweep_detector INFO: FVGs: 9 detected, 2 unfilled
04:17:43 core.sweep_detector INFO: SweepDetector v2: 2 raw â†’ 2 confirmed (volâ‰Ą2.5Ă— bodyâ‰Ą30%)
04:17:43 core.sweep_detector INFO: OrderBlocks: 7 detected, 1 unmitigated
04:17:43 core.sweep_detector INFO: FVGs: 8 detected, 2 unfilled
04:17:45 core.sweep_detector INFO: SweepDetector v2: 0 raw â†’ 0 confirmed (volâ‰Ą2.5Ă— bodyâ‰Ą30%)
04:17:45 core.sweep_detector INFO: OrderBlocks: 2 detected, 2 unmitigated
04:17:45 core.sweep_detector INFO: FVGs: 11 detected, 5 unfilled
04:17:47 core.sweep_detector INFO: SweepDetector v2: 2 raw â†’ 2 confirmed (volâ‰Ą2.5Ă— bodyâ‰Ą30%)
04:17:47 core.sweep_detector INFO: OrderBlocks: 2 detected, 1 unmitigated
04:17:47 core.sweep_detector INFO: FVGs: 7 detected, 2 unfilled
04:17:49 core.sweep_detector INFO: SweepDetector v2: 1 raw â†’ 1 confirmed (volâ‰Ą2.5Ă— bodyâ‰Ą30%)
04:17:49 core.sweep_detector INFO: OrderBlocks: 5 detected, 2 unmitigated
04:17:49 core.sweep_detector INFO: FVGs: 11 detected, 4 unfilled
04:17:51 core.sweep_detector INFO: SweepDetector v2: 0 raw â†’ 0 confirmed (volâ‰Ą2.5Ă— bodyâ‰Ą30%)
04:17:51 core.sweep_detector INFO: OrderBlocks: 5 detected, 0 unmitigated
04:17:51 core.sweep_detector INFO: FVGs: 1 detected, 0 unfilled
04:17:52 core.sweep_detector INFO: SweepDetector v2: 0 raw â†’ 0 confirmed (volâ‰Ą2.5Ă— bodyâ‰Ą30%)
04:17:52 core.sweep_detector INFO: OrderBlocks: 6 detected, 3 unmitigated
04:17:52 core.sweep_detector INFO: FVGs: 2 detected, 2 unfilled
04:17:54 core.sweep_detector INFO: SweepDetector v2: 0 raw â†’ 0 confirmed (volâ‰Ą2.5Ă— bodyâ‰Ą30%)
04:17:54 core.sweep_detector INFO: OrderBlocks: 2 detected, 1 unmitigated
04:17:54 core.sweep_detector INFO: FVGs: 0 detected, 0 unfilled
04:17:56 core.sweep_detector INFO: SweepDetector v2: 0 raw â†’ 0 confirmed (volâ‰Ą2.5Ă— bodyâ‰Ą30%)
04:17:56 core.sweep_detector INFO: OrderBlocks: 0 detected, 0 unmitigated
04:17:56 core.sweep_detector INFO: FVGs: 0 detected, 0 unfilled
04:17:57 core.sweep_detector INFO: SweepDetector v2: 0 raw â†’ 0 confirmed (volâ‰Ą2.5Ă— bodyâ‰Ą30%)
04:17:57 core.sweep_detector INFO: OrderBlocks: 0 detected, 0 unmitigated
04:17:57 core.sweep_detector INFO: FVGs: 0 detected, 0 unfilled
04:17:59 core.sweep_detector INFO: SweepDetector v2: 0 raw â†’ 0 confirmed (volâ‰Ą2.5Ă— bodyâ‰Ą30%)
04:17:59 core.sweep_detector INFO: OrderBlocks: 0 detected, 0 unmitigated
04:17:59 core.sweep_detector INFO: FVGs: 0 detected, 0 unfilled
04:18:01 core.sweep_detector INFO: SweepDetector v2: 0 raw â†’ 0 confirmed (volâ‰Ą2.5Ă— bodyâ‰Ą30%)
04:18:01 core.sweep_detector INFO: OrderBlocks: 6 detected, 1 unmitigated
04:18:01 core.sweep_detector INFO: FVGs: 14 detected, 3 unfilled
04:18:02 core.sweep_detector INFO: SweepDetector v2: 1 raw â†’ 1 confirmed (volâ‰Ą2.5Ă— bodyâ‰Ą30%)
04:18:02 core.sweep_detector INFO: OrderBlocks: 5 detected, 2 unmitigated
04:18:02 core.sweep_detector INFO: FVGs: 11 detected, 2 unfilled
04:18:04 core.sweep_detector INFO: SweepDetector v2: 2 raw â†’ 2 confirmed (volâ‰Ą2.5Ă— bodyâ‰Ą30%)
04:18:04 core.sweep_detector INFO: OrderBlocks: 5 detected, 2 unmitigated
04:18:04 core.sweep_detector INFO: FVGs: 4 detected, 1 unfilled
04:18:06 core.sweep_detector INFO: SweepDetector v2: 0 raw â†’ 0 confirmed (volâ‰Ą2.5Ă— bodyâ‰Ą30%)
04:18:06 core.sweep_detector INFO: OrderBlocks: 7 detected, 2 unmitigated
04:18:06 core.sweep_detector INFO: FVGs: 12 detected, 5 unfilled
04:18:07 core.sweep_detector INFO: SweepDetector v2: 1 raw â†’ 1 confirmed (volâ‰Ą2.5Ă— bodyâ‰Ą30%)
04:18:07 core.sweep_detector INFO: OrderBlocks: 2 detected, 0 unmitigated
04:18:07 core.sweep_detector INFO: FVGs: 13 detected, 2 unfilled
04:18:09 core.sweep_detector INFO: SweepDetector v2: 0 raw â†’ 0 confirmed (volâ‰Ą2.5Ă— bodyâ‰Ą30%)
04:18:09 core.sweep_detector INFO: OrderBlocks: 3 detected, 0 unmitigated
04:18:09 core.sweep_detector INFO: FVGs: 12 detected, 2 unfilled
04:18:11 core.sweep_detector INFO: SweepDetector v2: 3 raw â†’ 2 confirmed (volâ‰Ą2.5Ă— bodyâ‰Ą30%)
04:18:11 core.sweep_detector INFO: OrderBlocks: 8 detected, 3 unmitigated
04:18:11 core.sweep_detector INFO: FVGs: 9 detected, 1 unfilled
04:18:13 core.sweep_detector INFO: SweepDetector v2: 6 raw â†’ 6 confirmed (volâ‰Ą2.5Ă— bodyâ‰Ą30%)
04:18:13 core.sweep_detector INFO: OrderBlocks: 9 detected, 3 unmitigated
04:18:13 core.sweep_detector INFO: FVGs: 11 detected, 2 unfilled
04:18:14 core.sweep_detector INFO: SweepDetector v2: 5 raw â†’ 3 confirmed (volâ‰Ą2.5Ă— bodyâ‰Ą30%)
04:18:14 core.sweep_detector INFO: OrderBlocks: 6 detected, 1 unmitigated
04:18:14 core.sweep_detector INFO: FVGs: 8 detected, 6 unfilled
04:18:16 core.sweep_detector INFO: SweepDetector v2: 1 raw â†’ 1 confirmed (volâ‰Ą2.5Ă— bodyâ‰Ą30%)
04:18:16 core.sweep_detector INFO: OrderBlocks: 8 detected, 3 unmitigated
04:18:16 core.sweep_detector INFO: FVGs: 9 detected, 2 unfilled
04:18:18 core.sweep_detector INFO: SweepDetector v2: 1 raw â†’ 1 confirmed (volâ‰Ą2.5Ă— bodyâ‰Ą30%)
04:18:18 core.sweep_detector INFO: OrderBlocks: 4 detected, 1 unmitigated
04:18:18 core.sweep_detector INFO: FVGs: 9 detected, 2 unfilled
04:18:20 core.sweep_detector INFO: SweepDetector v2: 2 raw â†’ 2 confirmed (volâ‰Ą2.5Ă— bodyâ‰Ą30%)
04:18:20 core.sweep_detector INFO: OrderBlocks: 5 detected, 2 unmitigated
04:18:20 core.sweep_detector INFO: FVGs: 9 detected, 3 unfilled
04:18:22 core.sweep_detector INFO: SweepDetector v2: 2 raw â†’ 1 confirmed (volâ‰Ą2.5Ă— bodyâ‰Ą30%)
04:18:22 core.sweep_detector INFO: OrderBlocks: 8 detected, 3 unmitigated
04:18:22 core.sweep_detector INFO: FVGs: 14 detected, 3 unfilled
04:18:23 core.sweep_detector INFO: SweepDetector v2: 2 raw â†’ 2 confirmed (volâ‰Ą2.5Ă— bodyâ‰Ą30%)
04:18:23 core.sweep_detector INFO: OrderBlocks: 4 detected, 2 unmitigated
04:18:23 core.sweep_detector INFO: FVGs: 13 detected, 5 unfilled
04:18:25 core.sweep_detector INFO: SweepDetector v2: 4 raw â†’ 0 confirmed (volâ‰Ą2.5Ă— bodyâ‰Ą30%)
04:18:25 core.sweep_detector INFO: OrderBlocks: 3 detected, 2 unmitigated
04:18:25 core.sweep_detector INFO: FVGs: 15 detected, 7 unfilled
04:18:27 core.sweep_detector INFO: SweepDetector v2: 3 raw â†’ 2 confirmed (volâ‰Ą2.5Ă— bodyâ‰Ą30%)
04:18:27 core.sweep_detector INFO: OrderBlocks: 6 detected, 2 unmitigated
04:18:27 core.sweep_detector INFO: FVGs: 13 detected, 2 unfilled
04:18:29 core.sweep_detector INFO: SweepDetector v2: 2 raw â†’ 0 confirmed (volâ‰Ą2.5Ă— bodyâ‰Ą30%)
04:18:29 core.sweep_detector INFO: OrderBlocks: 7 detected, 2 unmitigated
04:18:29 core.sweep_detector INFO: FVGs: 15 detected, 5 unfilled
04:18:30 core.sweep_detector INFO: SweepDetector v2: 3 raw â†’ 0 confirmed (volâ‰Ą2.5Ă— bodyâ‰Ą30%)
04:18:30 core.sweep_detector INFO: OrderBlocks: 5 detected, 1 unmitigated
04:18:31 core.sweep_detector INFO: FVGs: 9 detected, 3 unfilled
04:18:32 core.sweep_detector INFO: SweepDetector v2: 2 raw â†’ 2 confirmed (volâ‰Ą2.5Ă— bodyâ‰Ą30%)
04:18:32 core.sweep_detector INFO: OrderBlocks: 8 detected, 1 unmitigated
04:18:32 core.sweep_detector INFO: FVGs: 8 detected, 3 unfilled
04:18:34 core.sweep_detector INFO: SweepDetector v2: 1 raw â†’ 1 confirmed (volâ‰Ą2.5Ă— bodyâ‰Ą30%)
04:18:34 core.sweep_detector INFO: OrderBlocks: 2 detected, 0 unmitigated
04:18:34 core.sweep_detector INFO: FVGs: 12 detected, 3 unfilled
04:18:36 core.sweep_detector INFO: SweepDetector v2: 3 raw â†’ 2 confirmed (volâ‰Ą2.5Ă— bodyâ‰Ą30%)
04:18:36 core.sweep_detector INFO: OrderBlocks: 6 detected, 1 unmitigated
04:18:36 core.sweep_detector INFO: FVGs: 9 detected, 1 unfilled
04:18:38 core.sweep_detector INFO: SweepDetector v2: 1 raw â†’ 1 confirmed (volâ‰Ą2.5Ă— bodyâ‰Ą30%)
04:18:38 core.sweep_detector INFO: OrderBlocks: 7 detected, 2 unmitigated
04:18:38 core.sweep_detector INFO: FVGs: 9 detected, 3 unfilled
04:18:40 core.sweep_detector INFO: SweepDetector v2: 2 raw â†’ 2 confirmed (volâ‰Ą2.5Ă— bodyâ‰Ą30%)
04:18:40 core.sweep_detector INFO: OrderBlocks: 4 detected, 2 unmitigated
04:18:40 core.sweep_detector INFO: FVGs: 13 detected, 3 unfilled
04:18:42 core.sweep_detector INFO: SweepDetector v2: 3 raw â†’ 3 confirmed (volâ‰Ą2.5Ă— bodyâ‰Ą30%)
04:18:42 core.sweep_detector INFO: OrderBlocks: 3 detected, 0 unmitigated
04:18:42 core.sweep_detector INFO: FVGs: 9 detected, 2 unfilled
04:18:44 core.sweep_detector INFO: SweepDetector v2: 2 raw â†’ 1 confirmed (volâ‰Ą2.5Ă— bodyâ‰Ą30%)
04:18:44 core.sweep_detector INFO: OrderBlocks: 2 detected, 0 unmitigated
04:18:44 core.sweep_detector INFO: FVGs: 8 detected, 0 unfilled
04:18:45 core.sweep_detector INFO: SweepDetector v2: 0 raw â†’ 0 confirmed (volâ‰Ą2.5Ă— bodyâ‰Ą30%)
04:18:45 core.sweep_detector INFO: OrderBlocks: 9 detected, 3 unmitigated
04:18:45 core.sweep_detector INFO: FVGs: 12 detected, 3 unfilled
04:18:47 core.sweep_detector INFO: SweepDetector v2: 0 raw â†’ 0 confirmed (volâ‰Ą2.5Ă— bodyâ‰Ą30%)
04:18:47 core.sweep_detector INFO: OrderBlocks: 9 detected, 4 unmitigated
04:18:47 core.sweep_detector INFO: FVGs: 12 detected, 3 unfilled
04:18:49 core.sweep_detector INFO: SweepDetector v2: 0 raw â†’ 0 confirmed (volâ‰Ą2.5Ă— bodyâ‰Ą30%)
04:18:49 core.sweep_detector INFO: OrderBlocks: 2 detected, 0 unmitigated
04:18:49 core.sweep_detector INFO: FVGs: 11 detected, 3 unfilled
04:18:50 core.sweep_detector INFO: SweepDetector v2: 0 raw â†’ 0 confirmed (volâ‰Ą2.5Ă— bodyâ‰Ą30%)
04:18:50 core.sweep_detector INFO: OrderBlocks: 2 detected, 1 unmitigated
04:18:50 core.sweep_detector INFO: FVGs: 5 detected, 3 unfilled
04:18:52 core.sweep_detector INFO: SweepDetector v2: 2 raw â†’ 2 confirmed (volâ‰Ą2.5Ă— bodyâ‰Ą30%)
04:18:52 core.sweep_detector INFO: OrderBlocks: 5 detected, 0 unmitigated
04:18:52 core.sweep_detector INFO: FVGs: 10 detected, 3 unfilled
04:18:54 core.sweep_detector INFO: SweepDetector v2: 0 raw â†’ 0 confirmed (volâ‰Ą2.5Ă— bodyâ‰Ą30%)
04:18:54 core.sweep_detector INFO: OrderBlocks: 7 detected, 4 unmitigated
04:18:54 core.sweep_detector INFO: FVGs: 13 detected, 7 unfilled
04:18:55 core.sweep_detector INFO: SweepDetector v2: 1 raw â†’ 1 confirmed (volâ‰Ą2.5Ă— bodyâ‰Ą30%)
04:18:55 core.sweep_detector INFO: OrderBlocks: 4 detected, 0 unmitigated
04:18:55 core.sweep_detector INFO: FVGs: 12 detected, 4 unfilled
04:18:57 core.sweep_detector INFO: SweepDetector v2: 0 raw â†’ 0 confirmed (volâ‰Ą2.5Ă— bodyâ‰Ą30%)
04:18:57 core.sweep_detector INFO: OrderBlocks: 5 detected, 3 unmitigated
04:18:57 core.sweep_detector INFO: FVGs: 14 detected, 7 unfilled
04:18:58 core.sweep_detector INFO: SweepDetector v2: 1 raw â†’ 0 confirmed (volâ‰Ą2.5Ă— bodyâ‰Ą30%)
04:18:58 core.sweep_detector INFO: OrderBlocks: 10 detected, 5 unmitigated
04:18:58 core.sweep_detector INFO: FVGs: 9 detected, 2 unfilled
04:19:00 core.sweep_detector INFO: SweepDetector v2: 2 raw â†’ 1 confirmed (volâ‰Ą2.5Ă— bodyâ‰Ą30%)
04:19:00 core.sweep_detector INFO: OrderBlocks: 3 detected, 2 unmitigated
04:19:00 core.sweep_detector INFO: FVGs: 9 detected, 4 unfilled
04:19:02 core.sweep_detector INFO: SweepDetector v2: 0 raw â†’ 0 confirmed (volâ‰Ą2.5Ă— bodyâ‰Ą30%)
04:19:02 core.sweep_detector INFO: OrderBlocks: 2 detected, 1 unmitigated
04:19:02 core.sweep_detector INFO: FVGs: 10 detected, 5 unfilled
04:19:03 core.sweep_detector INFO: SweepDetector v2: 1 raw â†’ 1 confirmed (volâ‰Ą2.5Ă— bodyâ‰Ą30%)
04:19:03 core.sweep_detector INFO: OrderBlocks: 5 detected, 3 unmitigated
04:19:03 core.sweep_detector INFO: FVGs: 11 detected, 4 unfilled
04:19:05 core.sweep_detector INFO: SweepDetector v2: 2 raw â†’ 1 confirmed (volâ‰Ą2.5Ă— bodyâ‰Ą30%)
04:19:05 core.sweep_detector INFO: OrderBlocks: 7 detected, 3 unmitigated
04:19:05 core.sweep_detector INFO: FVGs: 9 detected, 3 unfilled
04:19:07 core.sweep_detector INFO: SweepDetector v2: 1 raw â†’ 1 confirmed (volâ‰Ą2.5Ă— bodyâ‰Ą30%)
04:19:07 core.sweep_detector INFO: OrderBlocks: 1 detected, 0 unmitigated
04:19:07 core.sweep_detector INFO: FVGs: 4 detected, 1 unfilled
04:19:08 core.sweep_detector INFO: SweepDetector v2: 0 raw â†’ 0 confirmed (volâ‰Ą2.5Ă— bodyâ‰Ą30%)
04:19:08 core.sweep_detector INFO: OrderBlocks: 5 detected, 2 unmitigated
04:19:08 core.sweep_detector INFO: FVGs: 3 detected, 2 unfilled
04:19:10 core.sweep_detector INFO: SweepDetector v2: 2 raw â†’ 2 confirmed (volâ‰Ą2.5Ă— bodyâ‰Ą30%)
04:19:10 core.sweep_detector INFO: OrderBlocks: 8 detected, 1 unmitigated
04:19:10 core.sweep_detector INFO: FVGs: 9 detected, 0 unfilled
04:19:12 core.sweep_detector INFO: SweepDetector v2: 1 raw â†’ 1 confirmed (volâ‰Ą2.5Ă— bodyâ‰Ą30%)
04:19:12 core.sweep_detector INFO: OrderBlocks: 5 detected, 1 unmitigated
04:19:12 core.sweep_detector INFO: FVGs: 4 detected, 1 unfilled
04:19:13 core.sweep_detector INFO: SweepDetector v2: 1 raw â†’ 1 confirmed (volâ‰Ą2.5Ă— bodyâ‰Ą30%)
04:19:13 core.sweep_detector INFO: OrderBlocks: 9 detected, 0 unmitigated
04:19:13 core.sweep_detector INFO: FVGs: 8 detected, 3 unfilled
04:19:15 core.sweep_detector INFO: SweepDetector v2: 2 raw â†’ 2 confirmed (volâ‰Ą2.5Ă— bodyâ‰Ą30%)
04:19:15 core.sweep_detector INFO: OrderBlocks: 6 detected, 2 unmitigated
04:19:15 core.sweep_detector INFO: FVGs: 10 detected, 2 unfilled
04:19:17 core.sweep_detector INFO: SweepDetector v2: 2 raw â†’ 1 confirmed (volâ‰Ą2.5Ă— bodyâ‰Ą30%)
04:19:17 core.sweep_detector INFO: OrderBlocks: 4 detected, 2 unmitigated
04:19:17 core.sweep_detector INFO: FVGs: 8 detected, 3 unfilled
04:19:19 core.sweep_detector INFO: SweepDetector v2: 0 raw â†’ 0 confirmed (volâ‰Ą2.5Ă— bodyâ‰Ą30%)
04:19:19 core.sweep_detector INFO: OrderBlocks: 5 detected, 3 unmitigated
04:19:19 core.sweep_detector INFO: FVGs: 16 detected, 3 unfilled
04:19:21 core.sweep_detector INFO: SweepDetector v2: 1 raw â†’ 1 confirmed (volâ‰Ą2.5Ă— bodyâ‰Ą30%)
04:19:21 core.sweep_detector INFO: OrderBlocks: 6 detected, 1 unmitigated
04:19:21 core.sweep_detector INFO: FVGs: 13 detected, 5 unfilled
04:19:22 core.sweep_detector INFO: SweepDetector v2: 1 raw â†’ 1 confirmed (volâ‰Ą2.5Ă— bodyâ‰Ą30%)
04:19:22 core.sweep_detector INFO: OrderBlocks: 2 detected, 0 unmitigated
04:19:22 core.sweep_detector INFO: FVGs: 11 detected, 4 unfilled
04:19:24 core.sweep_detector INFO: SweepDetector v2: 2 raw â†’ 1 confirmed (volâ‰Ą2.5Ă— bodyâ‰Ą30%)
04:19:24 core.sweep_detector INFO: OrderBlocks: 10 detected, 4 unmitigated
04:19:24 core.sweep_detector INFO: FVGs: 12 detected, 1 unfilled
04:19:25 core.sweep_detector INFO: SweepDetector v2: 3 raw â†’ 1 confirmed (volâ‰Ą2.5Ă— bodyâ‰Ą30%)
04:19:25 core.sweep_detector INFO: OrderBlocks: 0 detected, 0 unmitigated
04:19:25 core.sweep_detector INFO: FVGs: 9 detected, 3 unfilled
04:19:27 core.sweep_detector INFO: SweepDetector v2: 4 raw â†’ 4 confirmed (volâ‰Ą2.5Ă— bodyâ‰Ą30%)
04:19:27 core.sweep_detector INFO: OrderBlocks: 3 detected, 0 unmitigated
04:19:27 core.sweep_detector INFO: FVGs: 3 detected, 1 unfilled
04:19:30 core.sweep_detector INFO: SweepDetector v2: 2 raw â†’ 2 confirmed (volâ‰Ą2.5Ă— bodyâ‰Ą30%)
04:19:30 core.sweep_detector INFO: OrderBlocks: 14 detected, 0 unmitigated
04:19:30 core.sweep_detector INFO: FVGs: 15 detected, 1 unfilled
04:19:31 core.sweep_detector INFO: SweepDetector v2: 3 raw â†’ 3 confirmed (volâ‰Ą2.5Ă— bodyâ‰Ą30%)
04:19:31 core.sweep_detector INFO: OrderBlocks: 6 detected, 1 unmitigated
04:19:31 core.sweep_detector INFO: FVGs: 10 detected, 3 unfilled
04:19:33 core.sweep_detector INFO: SweepDetector v2: 1 raw â†’ 1 confirmed (volâ‰Ą2.5Ă— bodyâ‰Ą30%)
04:19:33 core.sweep_detector INFO: OrderBlocks: 9 detected, 2 unmitigated
04:19:33 core.sweep_detector INFO: FVGs: 10 detected, 2 unfilled
04:19:35 core.sweep_detector INFO: SweepDetector v2: 6 raw â†’ 3 confirmed (volâ‰Ą2.5Ă— bodyâ‰Ą30%)
04:19:35 core.sweep_detector INFO: OrderBlocks: 7 detected, 5 unmitigated
04:19:35 core.sweep_detector INFO: FVGs: 13 detected, 7 unfilled
04:19:36 core.sweep_detector INFO: SweepDetector v2: 5 raw â†’ 4 confirmed (volâ‰Ą2.5Ă— bodyâ‰Ą30%)
04:19:36 core.sweep_detector INFO: OrderBlocks: 6 detected, 3 unmitigated
04:19:36 core.sweep_detector INFO: FVGs: 9 detected, 3 unfilled
04:19:38 core.sweep_detector INFO: SweepDetector v2: 2 raw â†’ 1 confirmed (volâ‰Ą2.5Ă— bodyâ‰Ą30%)
04:19:38 core.sweep_detector INFO: OrderBlocks: 4 detected, 2 unmitigated
04:19:38 core.sweep_detector INFO: FVGs: 12 detected, 2 unfilled
04:19:39 core.sweep_detector INFO: SweepDetector v2: 1 raw â†’ 1 confirmed (volâ‰Ą2.5Ă— bodyâ‰Ą30%)
04:19:39 core.sweep_detector INFO: OrderBlocks: 4 detected, 1 unmitigated
04:19:39 core.sweep_detector INFO: FVGs: 8 detected, 3 unfilled
04:19:41 core.sweep_detector INFO: SweepDetector v2: 3 raw â†’ 3 confirmed (volâ‰Ą2.5Ă— bodyâ‰Ą30%)
04:19:41 core.sweep_detector INFO: OrderBlocks: 9 detected, 3 unmitigated
04:19:41 core.sweep_detector INFO: FVGs: 9 detected, 2 unfilled
04:19:46 core.sweep_detector INFO: SweepDetector v2: 3 raw â†’ 3 confirmed (volâ‰Ą2.5Ă— bodyâ‰Ą30%)
04:19:46 core.sweep_detector INFO: OrderBlocks: 7 detected, 1 unmitigated
04:19:46 core.sweep_detector INFO: FVGs: 6 detected, 2 unfilled
04:19:49 core.sweep_detector INFO: SweepDetector v2: 1 raw â†’ 1 confirmed (volâ‰Ą2.5Ă— bodyâ‰Ą30%)
04:19:49 core.sweep_detector INFO: OrderBlocks: 5 detected, 2 unmitigated
04:19:49 core.sweep_detector INFO: FVGs: 13 detected, 6 unfilled
04:19:50 core.sweep_detector INFO: SweepDetector v2: 1 raw â†’ 0 confirmed (volâ‰Ą2.5Ă— bodyâ‰Ą30%)
04:19:50 core.sweep_detector INFO: OrderBlocks: 6 detected, 2 unmitigated
04:19:50 core.sweep_detector INFO: FVGs: 10 detected, 5 unfilled
04:19:52 core.sweep_detector INFO: SweepDetector v2: 1 raw â†’ 1 confirmed (volâ‰Ą2.5Ă— bodyâ‰Ą30%)
04:19:53 core.sweep_detector INFO: OrderBlocks: 6 detected, 3 unmitigated
04:19:53 core.sweep_detector INFO: FVGs: 14 detected, 4 unfilled
04:19:55 core.sweep_detector INFO: SweepDetector v2: 3 raw â†’ 2 confirmed (volâ‰Ą2.5Ă— bodyâ‰Ą30%)
04:19:55 core.sweep_detector INFO: OrderBlocks: 4 detected, 0 unmitigated
04:19:55 core.sweep_detector INFO: FVGs: 7 detected, 1 unfilled
04:19:56 core.sweep_detector INFO: SweepDetector v2: 2 raw â†’ 2 confirmed (volâ‰Ą2.5Ă— bodyâ‰Ą30%)
04:19:57 core.sweep_detector INFO: OrderBlocks: 8 detected, 2 unmitigated
04:19:57 core.sweep_detector INFO: FVGs: 10 detected, 2 unfilled
04:19:59 core.sweep_detector INFO: SweepDetector v2: 1 raw â†’ 1 confirmed (volâ‰Ą2.5Ă— bodyâ‰Ą30%)
04:19:59 core.sweep_detector INFO: OrderBlocks: 9 detected, 4 unmitigated
04:19:59 core.sweep_detector INFO: FVGs: 5 detected, 2 unfilled
04:20:02 core.sweep_detector INFO: SweepDetector v2: 0 raw â†’ 0 confirmed (volâ‰Ą2.5Ă— bodyâ‰Ą30%)
04:20:02 core.sweep_detector INFO: OrderBlocks: 7 detected, 3 unmitigated
04:20:02 core.sweep_detector INFO: FVGs: 10 detected, 3 unfilled
04:20:04 core.sweep_detector INFO: SweepDetector v2: 4 raw â†’ 3 confirmed (volâ‰Ą2.5Ă— bodyâ‰Ą30%)
04:20:04 core.sweep_detector INFO: OrderBlocks: 6 detected, 2 unmitigated
04:20:04 core.sweep_detector INFO: FVGs: 13 detected, 4 unfilled
04:20:06 core.sweep_detector INFO: SweepDetector v2: 3 raw â†’ 3 confirmed (volâ‰Ą2.5Ă— bodyâ‰Ą30%)
04:20:06 core.sweep_detector INFO: OrderBlocks: 4 detected, 0 unmitigated
04:20:06 core.sweep_detector INFO: FVGs: 7 detected, 2 unfilled
04:20:08 core.sweep_detector INFO: SweepDetector v2: 1 raw â†’ 1 confirmed (volâ‰Ą2.5Ă— bodyâ‰Ą30%)
04:20:08 core.sweep_detector INFO: OrderBlocks: 5 detected, 1 unmitigated
04:20:08 core.sweep_detector INFO: FVGs: 5 detected, 1 unfilled
04:20:10 core.sweep_detector INFO: SweepDetector v2: 3 raw â†’ 3 confirmed (volâ‰Ą2.5Ă— bodyâ‰Ą30%)
04:20:10 core.sweep_detector INFO: OrderBlocks: 4 detected, 0 unmitigated
04:20:10 core.sweep_detector INFO: FVGs: 4 detected, 0 unfilled
04:20:12 core.sweep_detector INFO: SweepDetector v2: 2 raw â†’ 2 confirmed (volâ‰Ą2.5Ă— bodyâ‰Ą30%)
04:20:12 core.sweep_detector INFO: OrderBlocks: 1 detected, 0 unmitigated
04:20:12 core.sweep_detector INFO: FVGs: 2 detected, 1 unfilled
04:20:14 core.sweep_detector INFO: SweepDetector v2: 4 raw â†’ 2 confirmed (volâ‰Ą2.5Ă— bodyâ‰Ą30%)
04:20:14 core.sweep_detector INFO: OrderBlocks: 3 detected, 1 unmitigated
04:20:14 core.sweep_detector INFO: FVGs: 9 detected, 2 unfilled
04:20:17 core.sweep_detector INFO: SweepDetector v2: 4 raw â†’ 3 confirmed (volâ‰Ą2.5Ă— bodyâ‰Ą30%)
04:20:17 core.sweep_detector INFO: OrderBlocks: 7 detected, 1 unmitigated
04:20:17 core.sweep_detector INFO: FVGs: 12 detected, 2 unfilled
04:20:19 core.sweep_detector INFO: SweepDetector v2: 2 raw â†’ 2 confirmed (volâ‰Ą2.5Ă— bodyâ‰Ą30%)
04:20:19 core.sweep_detector INFO: OrderBlocks: 6 detected, 1 unmitigated
04:20:19 core.sweep_detector INFO: FVGs: 15 detected, 4 unfilled
04:20:21 core.sweep_detector INFO: SweepDetector v2: 2 raw â†’ 2 confirmed (volâ‰Ą2.5Ă— bodyâ‰Ą30%)
04:20:21 core.sweep_detector INFO: OrderBlocks: 10 detected, 2 unmitigated
04:20:21 core.sweep_detector INFO: FVGs: 12 detected, 3 unfilled
04:20:23 core.sweep_detector INFO: SweepDetector v2: 4 raw â†’ 3 confirmed (volâ‰Ą2.5Ă— bodyâ‰Ą30%)
04:20:23 core.sweep_detector INFO: OrderBlocks: 6 detected, 2 unmitigated
04:20:23 core.sweep_detector INFO: FVGs: 12 detected, 3 unfilled
04:20:25 core.sweep_detector INFO: SweepDetector v2: 2 raw â†’ 1 confirmed (volâ‰Ą2.5Ă— bodyâ‰Ą30%)
04:20:25 core.sweep_detector INFO: OrderBlocks: 3 detected, 1 unmitigated
04:20:25 core.sweep_detector INFO: FVGs: 8 detected, 4 unfilled
04:20:27 core.sweep_detector INFO: SweepDetector v2: 1 raw â†’ 0 confirmed (volâ‰Ą2.5Ă— bodyâ‰Ą30%)
04:20:27 core.sweep_detector INFO: OrderBlocks: 4 detected, 1 unmitigated
04:20:27 core.sweep_detector INFO: FVGs: 5 detected, 2 unfilled
04:20:29 core.sweep_detector INFO: SweepDetector v2: 4 raw â†’ 4 confirmed (volâ‰Ą2.5Ă— bodyâ‰Ą30%)
04:20:29 core.sweep_detector INFO: OrderBlocks: 5 detected, 1 unmitigated
04:20:29 core.sweep_detector INFO: FVGs: 10 detected, 2 unfilled
04:20:31 core.sweep_detector INFO: SweepDetector v2: 1 raw â†’ 1 confirmed (volâ‰Ą2.5Ă— bodyâ‰Ą30%)
04:20:31 core.sweep_detector INFO: OrderBlocks: 6 detected, 1 unmitigated
04:20:31 core.sweep_detector INFO: FVGs: 14 detected, 4 unfilled
04:20:32 core.sweep_detector INFO: SweepDetector v2: 2 raw â†’ 2 confirmed (volâ‰Ą2.5Ă— bodyâ‰Ą30%)
04:20:32 core.sweep_detector INFO: OrderBlocks: 8 detected, 2 unmitigated
04:20:32 core.sweep_detector INFO: FVGs: 9 detected, 1 unfilled
04:20:34 core.sweep_detector INFO: SweepDetector v2: 2 raw â†’ 1 confirmed (volâ‰Ą2.5Ă— bodyâ‰Ą30%)
04:20:34 core.sweep_detector INFO: OrderBlocks: 4 detected, 1 unmitigated
04:20:34 core.sweep_detector INFO: FVGs: 8 detected, 3 unfilled
04:20:35 core.sweep_detector INFO: SweepDetector v2: 1 raw â†’ 1 confirmed (volâ‰Ą2.5Ă— bodyâ‰Ą30%)
04:20:36 core.sweep_detector INFO: OrderBlocks: 5 detected, 1 unmitigated
04:20:36 core.sweep_detector INFO: FVGs: 9 detected, 0 unfilled
04:20:37 core.sweep_detector INFO: SweepDetector v2: 0 raw â†’ 0 confirmed (volâ‰Ą2.5Ă— bodyâ‰Ą30%)
04:20:37 core.sweep_detector INFO: OrderBlocks: 1 detected, 0 unmitigated
04:20:37 core.sweep_detector INFO: FVGs: 0 detected, 0 unfilled
04:20:39 core.sweep_detector INFO: SweepDetector v2: 0 raw â†’ 0 confirmed (volâ‰Ą2.5Ă— bodyâ‰Ą30%)
04:20:39 core.sweep_detector INFO: OrderBlocks: 0 detected, 0 unmitigated
04:20:39 core.sweep_detector INFO: FVGs: 0 detected, 0 unfilled
04:20:41 core.sweep_detector INFO: SweepDetector v2: 0 raw â†’ 0 confirmed (volâ‰Ą2.5Ă— bodyâ‰Ą30%)
04:20:41 core.sweep_detector INFO: OrderBlocks: 0 detected, 0 unmitigated
04:20:41 core.sweep_detector INFO: FVGs: 0 detected, 0 unfilled
04:20:43 core.sweep_detector INFO: SweepDetector v2: 2 raw â†’ 2 confirmed (volâ‰Ą2.5Ă— bodyâ‰Ą30%)
04:20:43 core.sweep_detector INFO: OrderBlocks: 5 detected, 2 unmitigated
04:20:43 core.sweep_detector INFO: FVGs: 5 detected, 1 unfilled
04:20:45 core.sweep_detector INFO: SweepDetector v2: 2 raw â†’ 2 confirmed (volâ‰Ą2.5Ă— bodyâ‰Ą30%)
04:20:45 core.sweep_detector INFO: OrderBlocks: 4 detected, 0 unmitigated
04:20:45 core.sweep_detector INFO: FVGs: 6 detected, 2 unfilled
04:20:48 core.sweep_detector INFO: SweepDetector v2: 2 raw â†’ 2 confirmed (volâ‰Ą2.5Ă— bodyâ‰Ą30%)
04:20:48 core.sweep_detector INFO: OrderBlocks: 5 detected, 0 unmitigated
04:20:48 core.sweep_detector INFO: FVGs: 9 detected, 0 unfilled
04:20:50 core.sweep_detector INFO: SweepDetector v2: 0 raw â†’ 0 confirmed (volâ‰Ą2.5Ă— bodyâ‰Ą30%)
04:20:50 core.sweep_detector INFO: OrderBlocks: 3 detected, 2 unmitigated
04:20:50 core.sweep_detector INFO: FVGs: 12 detected, 7 unfilled
04:20:52 core.sweep_detector INFO: SweepDetector v2: 0 raw â†’ 0 confirmed (volâ‰Ą2.5Ă— bodyâ‰Ą30%)
04:20:52 core.sweep_detector INFO: OrderBlocks: 2 detected, 0 unmitigated
04:20:52 core.sweep_detector INFO: FVGs: 9 detected, 0 unfilled
04:20:54 core.sweep_detector INFO: SweepDetector v2: 3 raw â†’ 3 confirmed (volâ‰Ą2.5Ă— bodyâ‰Ą30%)
04:20:54 core.sweep_detector INFO: OrderBlocks: 3 detected, 0 unmitigated
04:20:54 core.sweep_detector INFO: FVGs: 10 detected, 1 unfilled
04:20:54 __main__ INFO: Pending signal #72: binance:SEI/USDT short entry=0.0524 current=0.0519 dist=0.96% expires=2h
04:20:54 alerts.telegram INFO: Alert suppressed (binance:SEI/USDT short): conf 0.70 < threshold 0.80
04:20:56 core.sweep_detector INFO: SweepDetector v2: 5 raw â†’ 3 confirmed (volâ‰Ą2.5Ă— bodyâ‰Ą30%)
04:20:56 core.sweep_detector INFO: OrderBlocks: 5 detected, 2 unmitigated
04:20:56 core.sweep_detector INFO: FVGs: 9 detected, 3 unfilled
04:20:58 core.sweep_detector INFO: SweepDetector v2: 2 raw â†’ 2 confirmed (volâ‰Ą2.5Ă— bodyâ‰Ą30%)
04:20:58 core.sweep_detector INFO: OrderBlocks: 3 detected, 2 unmitigated
04:20:58 core.sweep_detector INFO: FVGs: 8 detected, 2 unfilled
04:21:00 core.sweep_detector INFO: SweepDetector v2: 4 raw â†’ 4 confirmed (volâ‰Ą2.5Ă— bodyâ‰Ą30%)
04:21:00 core.sweep_detector INFO: OrderBlocks: 4 detected, 1 unmitigated
04:21:00 core.sweep_detector INFO: FVGs: 7 detected, 1 unfilled
04:21:02 core.sweep_detector INFO: SweepDetector v2: 0 raw â†’ 0 confirmed (volâ‰Ą2.5Ă— bodyâ‰Ą30%)
04:21:02 core.sweep_detector INFO: OrderBlocks: 7 detected, 3 unmitigated
04:21:02 core.sweep_detector INFO: FVGs: 8 detected, 1 unfilled
04:21:05 core.sweep_detector INFO: SweepDetector v2: 3 raw â†’ 3 confirmed (volâ‰Ą2.5Ă— bodyâ‰Ą30%)
04:21:05 core.sweep_detector INFO: OrderBlocks: 3 detected, 3 unmitigated
04:21:05 core.sweep_detector INFO: FVGs: 9 detected, 4 unfilled
04:21:07 core.sweep_detector INFO: SweepDetector v2: 2 raw â†’ 1 confirmed (volâ‰Ą2.5Ă— bodyâ‰Ą30%)
04:21:07 core.sweep_detector INFO: OrderBlocks: 3 detected, 2 unmitigated
04:21:07 core.sweep_detector INFO: FVGs: 6 detected, 2 unfilled
04:21:09 core.sweep_detector INFO: SweepDetector v2: 1 raw â†’ 1 confirmed (volâ‰Ą2.5Ă— bodyâ‰Ą30%)
04:21:09 core.sweep_detector INFO: OrderBlocks: 4 detected, 2 unmitigated
04:21:09 core.sweep_detector INFO: FVGs: 11 detected, 8 unfilled
04:21:11 core.sweep_detector INFO: SweepDetector v2: 1 raw â†’ 1 confirmed (volâ‰Ą2.5Ă— bodyâ‰Ą30%)
04:21:11 core.sweep_detector INFO: OrderBlocks: 3 detected, 2 unmitigated
04:21:11 core.sweep_detector INFO: FVGs: 2 detected, 1 unfilled
04:21:13 core.sweep_detector INFO: SweepDetector v2: 2 raw â†’ 2 confirmed (volâ‰Ą2.5Ă— bodyâ‰Ą30%)
04:21:13 core.sweep_detector INFO: OrderBlocks: 7 detected, 0 unmitigated
04:21:13 core.sweep_detector INFO: FVGs: 8 detected, 0 unfilled
04:21:15 core.sweep_detector INFO: SweepDetector v2: 2 raw â†’ 2 confirmed (volâ‰Ą2.5Ă— bodyâ‰Ą30%)
04:21:15 core.sweep_detector INFO: OrderBlocks: 7 detected, 3 unmitigated
04:21:15 core.sweep_detector INFO: FVGs: 9 detected, 2 unfilled
04:21:17 core.sweep_detector INFO: SweepDetector v2: 3 raw â†’ 0 confirmed (volâ‰Ą2.5Ă— bodyâ‰Ą30%)
04:21:17 core.sweep_detector INFO: OrderBlocks: 7 detected, 2 unmitigated
04:21:17 core.sweep_detector INFO: FVGs: 8 detected, 2 unfilled
04:21:19 core.sweep_detector INFO: SweepDetector v2: 1 raw â†’ 0 confirmed (volâ‰Ą2.5Ă— bodyâ‰Ą30%)
04:21:19 core.sweep_detector INFO: OrderBlocks: 8 detected, 7 unmitigated
04:21:19 core.sweep_detector INFO: FVGs: 11 detected, 4 unfilled
04:21:21 core.sweep_detector INFO: SweepDetector v2: 1 raw â†’ 0 confirmed (volâ‰Ą2.5Ă— bodyâ‰Ą30%)
04:21:21 core.sweep_detector INFO: OrderBlocks: 8 detected, 1 unmitigated
04:21:21 core.sweep_detector INFO: FVGs: 8 detected, 3 unfilled
04:21:24 core.sweep_detector INFO: SweepDetector v2: 4 raw â†’ 1 confirmed (volâ‰Ą2.5Ă— bodyâ‰Ą30%)
04:21:24 core.sweep_detector INFO: OrderBlocks: 5 detected, 1 unmitigated
04:21:24 core.sweep_detector INFO: FVGs: 6 detected, 2 unfilled
04:21:26 core.sweep_detector INFO: SweepDetector v2: 2 raw â†’ 2 confirmed (volâ‰Ą2.5Ă— bodyâ‰Ą30%)
04:21:26 core.sweep_detector INFO: OrderBlocks: 5 detected, 0 unmitigated
04:21:26 core.sweep_detector INFO: FVGs: 7 detected, 1 unfilled
04:21:28 core.sweep_detector INFO: SweepDetector v2: 2 raw â†’ 0 confirmed (volâ‰Ą2.5Ă— bodyâ‰Ą30%)
04:21:28 core.sweep_detector INFO: OrderBlocks: 6 detected, 2 unmitigated
04:21:28 core.sweep_detector INFO: FVGs: 12 detected, 5 unfilled
04:21:30 core.sweep_detector INFO: SweepDetector v2: 4 raw â†’ 3 confirmed (volâ‰Ą2.5Ă— bodyâ‰Ą30%)
04:21:30 core.sweep_detector INFO: OrderBlocks: 2 detected, 2 unmitigated
04:21:30 core.sweep_detector INFO: FVGs: 3 detected, 1 unfilled
04:21:32 core.sweep_detector INFO: SweepDetector v2: 1 raw â†’ 1 confirmed (volâ‰Ą2.5Ă— bodyâ‰Ą30%)
04:21:32 core.sweep_detector INFO: OrderBlocks: 3 detected, 0 unmitigated
04:21:32 core.sweep_detector INFO: FVGs: 9 detected, 1 unfilled
04:21:33 core.sweep_detector INFO: SweepDetector v2: 7 raw â†’ 5 confirmed (volâ‰Ą2.5Ă— bodyâ‰Ą30%)
04:21:33 core.sweep_detector INFO: OrderBlocks: 6 detected, 6 unmitigated
04:21:33 core.sweep_detector INFO: FVGs: 13 detected, 9 unfilled
04:21:35 core.sweep_detector INFO: SweepDetector v2: 2 raw â†’ 1 confirmed (volâ‰Ą2.5Ă— bodyâ‰Ą30%)
04:21:35 core.sweep_detector INFO: OrderBlocks: 3 detected, 2 unmitigated
04:21:35 core.sweep_detector INFO: FVGs: 7 detected, 2 unfilled
04:21:36 core.sweep_detector INFO: SweepDetector v2: 4 raw â†’ 4 confirmed (volâ‰Ą2.5Ă— bodyâ‰Ą30%)
04:21:36 core.sweep_detector INFO: OrderBlocks: 5 detected, 2 unmitigated
04:21:36 core.sweep_detector INFO: FVGs: 7 detected, 5 unfilled
04:21:38 core.sweep_detector INFO: SweepDetector v2: 0 raw â†’ 0 confirmed (volâ‰Ą2.5Ă— bodyâ‰Ą30%)
04:21:38 core.sweep_detector INFO: OrderBlocks: 8 detected, 4 unmitigated
04:21:38 core.sweep_detector INFO: FVGs: 14 detected, 5 unfilled
04:21:40 core.sweep_detector INFO: SweepDetector v2: 3 raw â†’ 2 confirmed (volâ‰Ą2.5Ă— bodyâ‰Ą30%)
04:21:40 core.sweep_detector INFO: OrderBlocks: 5 detected, 3 unmitigated
04:21:40 core.sweep_detector INFO: FVGs: 10 detected, 2 unfilled
04:21:42 core.sweep_detector INFO: SweepDetector v2: 3 raw â†’ 2 confirmed (volâ‰Ą2.5Ă— bodyâ‰Ą30%)
04:21:42 core.sweep_detector INFO: OrderBlocks: 4 detected, 0 unmitigated
04:21:42 core.sweep_detector INFO: FVGs: 7 detected, 2 unfilled
04:21:43 core.sweep_detector INFO: SweepDetector v2: 3 raw â†’ 3 confirmed (volâ‰Ą2.5Ă— bodyâ‰Ą30%)
04:21:43 core.sweep_detector INFO: OrderBlocks: 2 detected, 0 unmitigated
04:21:43 core.sweep_detector INFO: FVGs: 5 detected, 1 unfilled
04:21:45 core.sweep_detector INFO: SweepDetector v2: 3 raw â†’ 2 confirmed (volâ‰Ą2.5Ă— bodyâ‰Ą30%)
04:21:45 core.sweep_detector INFO: OrderBlocks: 5 detected, 2 unmitigated
04:21:45 core.sweep_detector INFO: FVGs: 10 detected, 2 unfilled
04:21:47 core.sweep_detector INFO: SweepDetector v2: 1 raw â†’ 1 confirmed (volâ‰Ą2.5Ă— bodyâ‰Ą30%)
04:21:47 core.sweep_detector INFO: OrderBlocks: 8 detected, 2 unmitigated
04:21:47 core.sweep_detector INFO: FVGs: 8 detected, 0 unfilled
04:21:49 core.sweep_detector INFO: SweepDetector v2: 3 raw â†’ 2 confirmed (volâ‰Ą2.5Ă— bodyâ‰Ą30%)
04:21:49 core.sweep_detector INFO: OrderBlocks: 3 detected, 3 unmitigated
04:21:49 core.sweep_detector INFO: FVGs: 13 detected, 8 unfilled
04:21:50 core.sweep_detector INFO: SweepDetector v2: 2 raw â†’ 2 confirmed (volâ‰Ą2.5Ă— bodyâ‰Ą30%)
04:21:50 core.sweep_detector INFO: OrderBlocks: 4 detected, 1 unmitigated
04:21:50 core.sweep_detector INFO: FVGs: 8 detected, 3 unfilled
04:21:52 core.sweep_detector INFO: SweepDetector v2: 2 raw â†’ 1 confirmed (volâ‰Ą2.5Ă— bodyâ‰Ą30%)
04:21:52 core.sweep_detector INFO: OrderBlocks: 4 detected, 2 unmitigated
04:21:52 core.sweep_detector INFO: FVGs: 5 detected, 3 unfilled
04:21:54 core.sweep_detector INFO: SweepDetector v2: 1 raw â†’ 0 confirmed (volâ‰Ą2.5Ă— bodyâ‰Ą30%)
04:21:54 core.sweep_detector INFO: OrderBlocks: 4 detected, 0 unmitigated
04:21:54 core.sweep_detector INFO: FVGs: 15 detected, 5 unfilled
04:21:55 core.sweep_detector INFO: SweepDetector v2: 0 raw â†’ 0 confirmed (volâ‰Ą2.5Ă— bodyâ‰Ą30%)
04:21:55 core.sweep_detector INFO: OrderBlocks: 7 detected, 1 unmitigated
04:21:55 core.sweep_detector INFO: FVGs: 5 detected, 1 unfilled
04:21:57 core.sweep_detector INFO: SweepDetector v2: 2 raw â†’ 2 confirmed (volâ‰Ą2.5Ă— bodyâ‰Ą30%)
04:21:57 core.sweep_detector INFO: OrderBlocks: 7 detected, 4 unmitigated
04:21:57 core.sweep_detector INFO: FVGs: 5 detected, 2 unfilled
04:21:59 core.sweep_detector INFO: SweepDetector v2: 1 raw â†’ 0 confirmed (volâ‰Ą2.5Ă— bodyâ‰Ą30%)
04:21:59 core.sweep_detector INFO: OrderBlocks: 6 detected, 3 unmitigated
04:21:59 core.sweep_detector INFO: FVGs: 10 detected, 6 unfilled
04:22:00 core.sweep_detector INFO: SweepDetector v2: 2 raw â†’ 2 confirmed (volâ‰Ą2.5Ă— bodyâ‰Ą30%)
04:22:00 core.sweep_detector INFO: OrderBlocks: 5 detected, 3 unmitigated
04:22:00 core.sweep_detector INFO: FVGs: 14 detected, 3 unfilled
04:22:02 core.sweep_detector INFO: SweepDetector v2: 4 raw â†’ 3 confirmed (volâ‰Ą2.5Ă— bodyâ‰Ą30%)
04:22:02 core.sweep_detector INFO: OrderBlocks: 6 detected, 1 unmitigated
04:22:02 core.sweep_detector INFO: FVGs: 9 detected, 3 unfilled
04:22:04 core.sweep_detector INFO: SweepDetector v2: 0 raw â†’ 0 confirmed (volâ‰Ą2.5Ă— bodyâ‰Ą30%)
04:22:04 core.sweep_detector INFO: OrderBlocks: 9 detected, 2 unmitigated
04:22:04 core.sweep_detector INFO: FVGs: 9 detected, 2 unfilled
04:22:05 core.sweep_detector INFO: SweepDetector v2: 1 raw â†’ 1 confirmed (volâ‰Ą2.5Ă— bodyâ‰Ą30%)
04:22:05 core.sweep_detector INFO: OrderBlocks: 5 detected, 2 unmitigated
04:22:05 core.sweep_detector INFO: FVGs: 5 detected, 1 unfilled
04:22:07 core.sweep_detector INFO: SweepDetector v2: 1 raw â†’ 1 confirmed (volâ‰Ą2.5Ă— bodyâ‰Ą30%)
04:22:07 core.sweep_detector INFO: OrderBlocks: 3 detected, 2 unmitigated
04:22:07 core.sweep_detector INFO: FVGs: 2 detected, 1 unfilled
04:22:09 core.sweep_detector INFO: SweepDetector v2: 0 raw â†’ 0 confirmed (volâ‰Ą2.5Ă— bodyâ‰Ą30%)
04:22:09 core.sweep_detector INFO: OrderBlocks: 0 detected, 0 unmitigated
04:22:09 core.sweep_detector INFO: FVGs: 0 detected, 0 unfilled
04:22:10 core.sweep_detector INFO: SweepDetector v2: 0 raw â†’ 0 confirmed (volâ‰Ą2.5Ă— bodyâ‰Ą30%)
04:22:10 core.sweep_detector INFO: OrderBlocks: 1 detected, 0 unmitigated
04:22:10 core.sweep_detector INFO: FVGs: 0 detected, 0 unfilled
04:22:12 core.sweep_detector INFO: SweepDetector v2: 0 raw â†’ 0 confirmed (volâ‰Ą2.5Ă— bodyâ‰Ą30%)
04:22:12 core.sweep_detector INFO: OrderBlocks: 2 detected, 0 unmitigated
04:22:12 core.sweep_detector INFO: FVGs: 0 detected, 0 unfilled
04:22:13 core.sweep_detector INFO: SweepDetector v2: 1 raw â†’ 1 confirmed (volâ‰Ą2.5Ă— bodyâ‰Ą30%)
04:22:13 core.sweep_detector INFO: OrderBlocks: 6 detected, 1 unmitigated
04:22:13 core.sweep_detector INFO: FVGs: 10 detected, 5 unfilled
04:22:15 core.sweep_detector INFO: SweepDetector v2: 2 raw â†’ 2 confirmed (volâ‰Ą2.5Ă— bodyâ‰Ą30%)
04:22:15 core.sweep_detector INFO: OrderBlocks: 6 detected, 2 unmitigated
04:22:15 core.sweep_detector INFO: FVGs: 9 detected, 4 unfilled
04:22:17 core.sweep_detector INFO: SweepDetector v2: 2 raw â†’ 2 confirmed (volâ‰Ą2.5Ă— bodyâ‰Ą30%)
04:22:17 core.sweep_detector INFO: OrderBlocks: 5 detected, 2 unmitigated
04:22:17 core.sweep_detector INFO: FVGs: 7 detected, 3 unfilled
04:22:19 core.sweep_detector INFO: SweepDetector v2: 1 raw â†’ 1 confirmed (volâ‰Ą2.5Ă— bodyâ‰Ą30%)
04:22:19 core.sweep_detector INFO: OrderBlocks: 2 detected, 0 unmitigated
04:22:19 core.sweep_detector INFO: FVGs: 0 detected, 0 unfilled
04:22:20 core.sweep_detector INFO: SweepDetector v2: 0 raw â†’ 0 confirmed (volâ‰Ą2.5Ă— bodyâ‰Ą30%)
04:22:20 core.sweep_detector INFO: OrderBlocks: 2 detected, 0 unmitigated
04:22:20 core.sweep_detector INFO: FVGs: 0 detected, 0 unfilled
04:22:23 core.sweep_detector INFO: SweepDetector v2: 0 raw â†’ 0 confirmed (volâ‰Ą2.5Ă— bodyâ‰Ą30%)
04:22:23 core.sweep_detector INFO: OrderBlocks: 1 detected, 0 unmitigated
04:22:23 core.sweep_detector INFO: FVGs: 0 detected, 0 unfilled
04:22:25 core.sweep_detector INFO: SweepDetector v2: 0 raw â†’ 0 confirmed (volâ‰Ą2.5Ă— bodyâ‰Ą30%)
04:22:25 core.sweep_detector INFO: OrderBlocks: 3 detected, 0 unmitigated
04:22:25 core.sweep_detector INFO: FVGs: 0 detected, 0 unfilled
04:22:26 core.sweep_detector INFO: SweepDetector v2: 0 raw â†’ 0 confirmed (volâ‰Ą2.5Ă— bodyâ‰Ą30%)
04:22:26 core.sweep_detector INFO: OrderBlocks: 1 detected, 0 unmitigated
04:22:26 core.sweep_detector INFO: FVGs: 0 detected, 0 unfilled
04:22:28 core.sweep_detector INFO: SweepDetector v2: 0 raw â†’ 0 confirmed (volâ‰Ą2.5Ă— bodyâ‰Ą30%)
04:22:28 core.sweep_detector INFO: OrderBlocks: 1 detected, 0 unmitigated
04:22:28 core.sweep_detector INFO: FVGs: 0 detected, 0 unfilled
04:22:29 core.sweep_detector INFO: SweepDetector v2: 0 raw â†’ 0 confirmed (volâ‰Ą2.5Ă— bodyâ‰Ą30%)
04:22:29 core.sweep_detector INFO: OrderBlocks: 1 detected, 0 unmitigated
04:22:29 core.sweep_detector INFO: FVGs: 0 detected, 0 unfilled
04:22:31 core.sweep_detector INFO: SweepDetector v2: 0 raw â†’ 0 confirmed (volâ‰Ą2.5Ă— bodyâ‰Ą30%)
04:22:31 core.sweep_detector INFO: OrderBlocks: 0 detected, 0 unmitigated
04:22:31 core.sweep_detector INFO: FVGs: 0 detected, 0 unfilled
04:22:33 core.sweep_detector INFO: SweepDetector v2: 0 raw â†’ 0 confirmed (volâ‰Ą2.5Ă— bodyâ‰Ą30%)
04:22:33 core.sweep_detector INFO: OrderBlocks: 1 detected, 1 unmitigated
04:22:33 core.sweep_detector INFO: FVGs: 0 detected, 0 unfilled
04:22:34 core.sweep_detector INFO: SweepDetector v2: 3 raw â†’ 3 confirmed (volâ‰Ą2.5Ă— bodyâ‰Ą30%)
04:22:34 core.sweep_detector INFO: OrderBlocks: 5 detected, 1 unmitigated
04:22:34 core.sweep_detector INFO: FVGs: 10 detected, 3 unfilled
04:22:36 core.sweep_detector INFO: SweepDetector v2: 5 raw â†’ 4 confirmed (volâ‰Ą2.5Ă— bodyâ‰Ą30%)
04:22:36 core.sweep_detector INFO: OrderBlocks: 7 detected, 3 unmitigated
04:22:36 core.sweep_detector INFO: FVGs: 9 detected, 4 unfilled
04:22:37 core.sweep_detector INFO: SweepDetector v2: 1 raw â†’ 1 confirmed (volâ‰Ą2.5Ă— bodyâ‰Ą30%)
04:22:37 core.sweep_detector INFO: OrderBlocks: 5 detected, 3 unmitigated
04:22:37 core.sweep_detector INFO: FVGs: 3 detected, 1 unfilled
04:22:39 core.sweep_detector INFO: SweepDetector v2: 0 raw â†’ 0 confirmed (volâ‰Ą2.5Ă— bodyâ‰Ą30%)
04:22:39 core.sweep_detector INFO: OrderBlocks: 6 detected, 1 unmitigated
04:22:39 core.sweep_detector INFO: FVGs: 11 detected, 4 unfilled
04:22:41 core.sweep_detector INFO: SweepDetector v2: 1 raw â†’ 1 confirmed (volâ‰Ą2.5Ă— bodyâ‰Ą30%)
04:22:41 core.sweep_detector INFO: OrderBlocks: 3 detected, 2 unmitigated
04:22:41 core.sweep_detector INFO: FVGs: 9 detected, 2 unfilled
04:22:42 core.sweep_detector INFO: SweepDetector v2: 3 raw â†’ 3 confirmed (volâ‰Ą2.5Ă— bodyâ‰Ą30%)
04:22:42 core.sweep_detector INFO: OrderBlocks: 5 detected, 1 unmitigated
04:22:42 core.sweep_detector INFO: FVGs: 9 detected, 2 unfilled
04:22:44 core.sweep_detector INFO: SweepDetector v2: 1 raw â†’ 1 confirmed (volâ‰Ą2.5Ă— bodyâ‰Ą30%)
04:22:44 core.sweep_detector INFO: OrderBlocks: 7 detected, 1 unmitigated
04:22:44 core.sweep_detector INFO: FVGs: 10 detected, 2 unfilled
04:22:46 core.sweep_detector INFO: SweepDetector v2: 1 raw â†’ 1 confirmed (volâ‰Ą2.5Ă— bodyâ‰Ą30%)
04:22:46 core.sweep_detector INFO: OrderBlocks: 3 detected, 1 unmitigated
04:22:46 core.sweep_detector INFO: FVGs: 9 detected, 2 unfilled
04:22:47 core.sweep_detector INFO: SweepDetector v2: 2 raw â†’ 2 confirmed (volâ‰Ą2.5Ă— bodyâ‰Ą30%)
04:22:48 core.sweep_detector INFO: OrderBlocks: 6 detected, 1 unmitigated
04:22:48 core.sweep_detector INFO: FVGs: 9 detected, 4 unfilled
04:22:49 core.sweep_detector INFO: SweepDetector v2: 1 raw â†’ 1 confirmed (volâ‰Ą2.5Ă— bodyâ‰Ą30%)
04:22:49 core.sweep_detector INFO: OrderBlocks: 2 detected, 1 unmitigated
04:22:49 core.sweep_detector INFO: FVGs: 8 detected, 3 unfilled
04:22:51 core.sweep_detector INFO: SweepDetector v2: 2 raw â†’ 1 confirmed (volâ‰Ą2.5Ă— bodyâ‰Ą30%)
04:22:51 core.sweep_detector INFO: OrderBlocks: 2 detected, 0 unmitigated
04:22:51 core.sweep_detector INFO: FVGs: 6 detected, 0 unfilled
04:22:54 core.sweep_detector INFO: SweepDetector v2: 0 raw â†’ 0 confirmed (volâ‰Ą2.5Ă— bodyâ‰Ą30%)
04:22:54 core.sweep_detector INFO: OrderBlocks: 2 detected, 0 unmitigated
04:22:54 core.sweep_detector INFO: FVGs: 3 detected, 1 unfilled
04:22:56 core.sweep_detector INFO: SweepDetector v2: 2 raw â†’ 1 confirmed (volâ‰Ą2.5Ă— bodyâ‰Ą30%)
04:22:56 core.sweep_detector INFO: OrderBlocks: 6 detected, 4 unmitigated
04:22:56 core.sweep_detector INFO: FVGs: 13 detected, 6 unfilled
04:22:57 core.sweep_detector INFO: SweepDetector v2: 4 raw â†’ 4 confirmed (volâ‰Ą2.5Ă— bodyâ‰Ą30%)
04:22:57 core.sweep_detector INFO: OrderBlocks: 3 detected, 0 unmitigated
04:22:57 core.sweep_detector INFO: FVGs: 6 detected, 1 unfilled
04:22:59 core.sweep_detector INFO: SweepDetector v2: 1 raw â†’ 1 confirmed (volâ‰Ą2.5Ă— bodyâ‰Ą30%)
04:22:59 core.sweep_detector INFO: OrderBlocks: 7 detected, 2 unmitigated
04:22:59 core.sweep_detector INFO: FVGs: 11 detected, 3 unfilled
04:23:02 core.sweep_detector INFO: SweepDetector v2: 2 raw â†’ 1 confirmed (volâ‰Ą2.5Ă— bodyâ‰Ą30%)
04:23:02 core.sweep_detector INFO: OrderBlocks: 5 detected, 1 unmitigated
04:23:02 core.sweep_detector INFO: FVGs: 6 detected, 2 unfilled
04:23:03 core.sweep_detector INFO: SweepDetector v2: 1 raw â†’ 1 confirmed (volâ‰Ą2.5Ă— bodyâ‰Ą30%)
04:23:03 core.sweep_detector INFO: OrderBlocks: 5 detected, 1 unmitigated
04:23:03 core.sweep_detector INFO: FVGs: 8 detected, 1 unfilled
04:23:05 core.sweep_detector INFO: SweepDetector v2: 3 raw â†’ 2 confirmed (volâ‰Ą2.5Ă— bodyâ‰Ą30%)
04:23:05 core.sweep_detector INFO: OrderBlocks: 5 detected, 1 unmitigated
04:23:05 core.sweep_detector INFO: FVGs: 7 detected, 2 unfilled
04:23:07 core.sweep_detector INFO: SweepDetector v2: 0 raw â†’ 0 confirmed (volâ‰Ą2.5Ă— bodyâ‰Ą30%)
04:23:07 core.sweep_detector INFO: OrderBlocks: 1 detected, 0 unmitigated
04:23:07 core.sweep_detector INFO: FVGs: 5 detected, 1 unfilled
04:23:09 core.sweep_detector INFO: SweepDetector v2: 0 raw â†’ 0 confirmed (volâ‰Ą2.5Ă— bodyâ‰Ą30%)
04:23:09 core.sweep_detector INFO: OrderBlocks: 7 detected, 2 unmitigated
04:23:09 core.sweep_detector INFO: FVGs: 9 detected, 3 unfilled
04:23:10 core.sweep_detector INFO: SweepDetector v2: 1 raw â†’ 1 confirmed (volâ‰Ą2.5Ă— bodyâ‰Ą30%)
04:23:10 core.sweep_detector INFO: OrderBlocks: 7 detected, 2 unmitigated
04:23:10 core.sweep_detector INFO: FVGs: 5 detected, 1 unfilled
04:23:12 core.sweep_detector INFO: SweepDetector v2: 0 raw â†’ 0 confirmed (volâ‰Ą2.5Ă— bodyâ‰Ą30%)
04:23:12 core.sweep_detector INFO: OrderBlocks: 8 detected, 1 unmitigated
04:23:12 core.sweep_detector INFO: FVGs: 10 detected, 2 unfilled
04:23:13 core.sweep_detector INFO: SweepDetector v2: 1 raw â†’ 1 confirmed (volâ‰Ą2.5Ă— bodyâ‰Ą30%)
04:23:13 core.sweep_detector INFO: OrderBlocks: 6 detected, 1 unmitigated
04:23:13 core.sweep_detector INFO: FVGs: 10 detected, 2 unfilled
04:23:15 core.sweep_detector INFO: SweepDetector v2: 2 raw â†’ 1 confirmed (volâ‰Ą2.5Ă— bodyâ‰Ą30%)
04:23:15 core.sweep_detector INFO: OrderBlocks: 4 detected, 1 unmitigated
04:23:15 core.sweep_detector INFO: FVGs: 7 detected, 2 unfilled
04:23:17 core.sweep_detector INFO: SweepDetector v2: 0 raw â†’ 0 confirmed (volâ‰Ą2.5Ă— bodyâ‰Ą30%)
04:23:17 core.sweep_detector INFO: OrderBlocks: 9 detected, 1 unmitigated
04:23:17 core.sweep_detector INFO: FVGs: 10 detected, 2 unfilled
04:23:19 core.sweep_detector INFO: SweepDetector v2: 2 raw â†’ 2 confirmed (volâ‰Ą2.5Ă— bodyâ‰Ą30%)
04:23:19 core.sweep_detector INFO: OrderBlocks: 5 detected, 1 unmitigated
04:23:19 core.sweep_detector INFO: FVGs: 11 detected, 1 unfilled
04:23:20 core.sweep_detector INFO: SweepDetector v2: 4 raw â†’ 4 confirmed (volâ‰Ą2.5Ă— bodyâ‰Ą30%)
04:23:20 core.sweep_detector INFO: OrderBlocks: 7 detected, 2 unmitigated
04:23:20 core.sweep_detector INFO: FVGs: 14 detected, 5 unfilled
04:23:22 core.sweep_detector INFO: SweepDetector v2: 2 raw â†’ 2 confirmed (volâ‰Ą2.5Ă— bodyâ‰Ą30%)
04:23:22 core.sweep_detector INFO: OrderBlocks: 8 detected, 1 unmitigated
04:23:22 core.sweep_detector INFO: FVGs: 8 detected, 2 unfilled
04:23:23 core.sweep_detector INFO: SweepDetector v2: 2 raw â†’ 2 confirmed (volâ‰Ą2.5Ă— bodyâ‰Ą30%)
04:23:23 core.sweep_detector INFO: OrderBlocks: 5 detected, 0 unmitigated
04:23:23 core.sweep_detector INFO: FVGs: 6 detected, 1 unfilled
04:23:25 core.sweep_detector INFO: SweepDetector v2: 1 raw â†’ 1 confirmed (volâ‰Ą2.5Ă— bodyâ‰Ą30%)
04:23:25 core.sweep_detector INFO: OrderBlocks: 4 detected, 0 unmitigated
04:23:25 core.sweep_detector INFO: FVGs: 7 detected, 2 unfilled
04:23:27 core.sweep_detector INFO: SweepDetector v2: 0 raw â†’ 0 confirmed (volâ‰Ą2.5Ă— bodyâ‰Ą30%)
04:23:27 core.sweep_detector INFO: OrderBlocks: 1 detected, 0 unmitigated
04:23:27 core.sweep_detector INFO: FVGs: 0 detected, 0 unfilled
04:23:28 core.sweep_detector INFO: SweepDetector v2: 0 raw â†’ 0 confirmed (volâ‰Ą2.5Ă— bodyâ‰Ą30%)
04:23:28 core.sweep_detector INFO: OrderBlocks: 5 detected, 0 unmitigated
04:23:28 core.sweep_detector INFO: FVGs: 0 detected, 0 unfilled
04:23:30 core.sweep_detector INFO: SweepDetector v2: 0 raw â†’ 0 confirmed (volâ‰Ą2.5Ă— bodyâ‰Ą30%)
04:23:30 core.sweep_detector INFO: OrderBlocks: 0 detected, 0 unmitigated
04:23:30 core.sweep_detector INFO: FVGs: 0 detected, 0 unfilled
04:23:32 core.sweep_detector INFO: SweepDetector v2: 6 raw â†’ 3 confirmed (volâ‰Ą2.5Ă— bodyâ‰Ą30%)
04:23:32 core.sweep_detector INFO: OrderBlocks: 7 detected, 3 unmitigated
04:23:32 core.sweep_detector INFO: FVGs: 12 detected, 4 unfilled
04:23:34 core.sweep_detector INFO: SweepDetector v2: 1 raw â†’ 1 confirmed (volâ‰Ą2.5Ă— bodyâ‰Ą30%)
04:23:34 core.sweep_detector INFO: OrderBlocks: 4 detected, 2 unmitigated
04:23:34 core.sweep_detector INFO: FVGs: 11 detected, 4 unfilled
04:23:36 core.sweep_detector INFO: SweepDetector v2: 2 raw â†’ 1 confirmed (volâ‰Ą2.5Ă— bodyâ‰Ą30%)
04:23:36 core.sweep_detector INFO: OrderBlocks: 2 detected, 0 unmitigated
04:23:36 core.sweep_detector INFO: FVGs: 10 detected, 4 unfilled
04:23:38 core.sweep_detector INFO: SweepDetector v2: 1 raw â†’ 1 confirmed (volâ‰Ą2.5Ă— bodyâ‰Ą30%)
04:23:38 core.sweep_detector INFO: OrderBlocks: 7 detected, 2 unmitigated
04:23:38 core.sweep_detector INFO: FVGs: 7 detected, 1 unfilled
04:23:40 core.sweep_detector INFO: SweepDetector v2: 3 raw â†’ 2 confirmed (volâ‰Ą2.5Ă— bodyâ‰Ą30%)
04:23:40 core.sweep_detector INFO: OrderBlocks: 3 detected, 1 unmitigated
04:23:40 core.sweep_detector INFO: FVGs: 11 detected, 3 unfilled
04:23:43 core.sweep_detector INFO: SweepDetector v2: 1 raw â†’ 1 confirmed (volâ‰Ą2.5Ă— bodyâ‰Ą30%)
04:23:43 core.sweep_detector INFO: OrderBlocks: 5 detected, 0 unmitigated
04:23:43 core.sweep_detector INFO: FVGs: 7 detected, 1 unfilled
04:23:45 core.sweep_detector INFO: SweepDetector v2: 0 raw â†’ 0 confirmed (volâ‰Ą2.5Ă— bodyâ‰Ą30%)
04:23:45 core.sweep_detector INFO: OrderBlocks: 7 detected, 4 unmitigated
04:23:45 core.sweep_detector INFO: FVGs: 11 detected, 4 unfilled
04:23:47 core.sweep_detector INFO: SweepDetector v2: 0 raw â†’ 0 confirmed (volâ‰Ą2.5Ă— bodyâ‰Ą30%)
04:23:47 core.sweep_detector INFO: OrderBlocks: 10 detected, 3 unmitigated
04:23:47 core.sweep_detector INFO: FVGs: 8 detected, 3 unfilled
04:23:49 core.sweep_detector INFO: SweepDetector v2: 4 raw â†’ 3 confirmed (volâ‰Ą2.5Ă— bodyâ‰Ą30%)
04:23:49 core.sweep_detector INFO: OrderBlocks: 7 detected, 4 unmitigated
04:23:49 core.sweep_detector INFO: FVGs: 12 detected, 6 unfilled
04:23:51 core.sweep_detector INFO: SweepDetector v2: 2 raw â†’ 2 confirmed (volâ‰Ą2.5Ă— bodyâ‰Ą30%)
04:23:51 core.sweep_detector INFO: OrderBlocks: 4 detected, 1 unmitigated
04:23:51 core.sweep_detector INFO: FVGs: 5 detected, 3 unfilled
04:23:53 core.sweep_detector INFO: SweepDetector v2: 1 raw â†’ 1 confirmed (volâ‰Ą2.5Ă— bodyâ‰Ą30%)
04:23:53 core.sweep_detector INFO: OrderBlocks: 4 detected, 1 unmitigated
04:23:53 core.sweep_detector INFO: FVGs: 8 detected, 3 unfilled
04:23:55 core.sweep_detector INFO: SweepDetector v2: 2 raw â†’ 2 confirmed (volâ‰Ą2.5Ă— bodyâ‰Ą30%)
04:23:55 core.sweep_detector INFO: OrderBlocks: 5 detected, 3 unmitigated
04:23:55 core.sweep_detector INFO: FVGs: 10 detected, 3 unfilled
/root/.openclaw/workspace/projects/crypto-liquidity-hunter/main.py:555: DeprecationWarning: datetime.datetime.utcnow() is deprecated and scheduled for removal in a future version. Use timezone-aware objects to represent datetimes in UTC: datetime.datetime.now(datetime.UTC).
  scan_end     = datetime.utcnow()

=== SCAN ALL: 97 pairs, 3 timeframes ===
Total signals generated: 1
  binance:SEI/USDT 15m SHORT Entry=0.05 SL=0.05 TP=0.05 R:R=3.70
