05:50:01 __main__ INFO: Volume filter: fetching all tickers in one call...
05:50:04 __main__ INFO: Volume filter: 96/447 pairs pass $2M threshold
/root/.openclaw/workspace/projects/crypto-liquidity-hunter/main.py:292: DeprecationWarning: datetime.datetime.utcnow() is deprecated and scheduled for removal in a future version. Use timezone-aware objects to represent datetimes in UTC: datetime.datetime.now(datetime.UTC).
  scan_start = datetime.utcnow()   # for duration tracking
05:50:05 core.binance_connector INFO: BinanceConnector: connected [LIVE FUTURES MAINNET]
05:50:05 __main__ INFO: Auto-executor: account 'Liquiddbot1' mode=live exec=auto
05:50:06 core.sweep_detector INFO: SweepDetector v2: 2 raw → 1 confirmed (vol≥2.5× body≥30%)
05:50:06 core.sweep_detector INFO: OrderBlocks: 6 detected, 0 unmitigated
05:50:06 core.sweep_detector INFO: FVGs: 11 detected, 0 unfilled
05:50:08 core.sweep_detector INFO: SweepDetector v2: 3 raw → 2 confirmed (vol≥2.5× body≥30%)
05:50:08 core.sweep_detector INFO: OrderBlocks: 4 detected, 1 unmitigated
05:50:08 core.sweep_detector INFO: FVGs: 5 detected, 2 unfilled
05:50:10 core.sweep_detector INFO: SweepDetector v2: 0 raw → 0 confirmed (vol≥2.5× body≥30%)
05:50:10 core.sweep_detector INFO: OrderBlocks: 4 detected, 0 unmitigated
05:50:10 core.sweep_detector INFO: FVGs: 9 detected, 4 unfilled
05:50:12 core.sweep_detector INFO: SweepDetector v2: 0 raw → 0 confirmed (vol≥2.5× body≥30%)
05:50:12 core.sweep_detector INFO: OrderBlocks: 9 detected, 4 unmitigated
05:50:12 core.sweep_detector INFO: FVGs: 11 detected, 6 unfilled
05:50:13 core.sweep_detector INFO: SweepDetector v2: 2 raw → 2 confirmed (vol≥2.5× body≥30%)
05:50:13 core.sweep_detector INFO: OrderBlocks: 4 detected, 2 unmitigated
05:50:13 core.sweep_detector INFO: FVGs: 10 detected, 2 unfilled
05:50:15 core.sweep_detector INFO: SweepDetector v2: 2 raw → 2 confirmed (vol≥2.5× body≥30%)
05:50:15 core.sweep_detector INFO: OrderBlocks: 3 detected, 1 unmitigated
05:50:15 core.sweep_detector INFO: FVGs: 6 detected, 1 unfilled
05:50:16 core.sweep_detector INFO: SweepDetector v2: 1 raw → 1 confirmed (vol≥2.5× body≥30%)
05:50:16 core.sweep_detector INFO: OrderBlocks: 9 detected, 2 unmitigated
05:50:16 core.sweep_detector INFO: FVGs: 10 detected, 4 unfilled
05:50:18 core.sweep_detector INFO: SweepDetector v2: 1 raw → 1 confirmed (vol≥2.5× body≥30%)
05:50:18 core.sweep_detector INFO: OrderBlocks: 4 detected, 1 unmitigated
05:50:18 core.sweep_detector INFO: FVGs: 9 detected, 3 unfilled
05:50:20 core.sweep_detector INFO: SweepDetector v2: 2 raw → 2 confirmed (vol≥2.5× body≥30%)
05:50:20 core.sweep_detector INFO: OrderBlocks: 7 detected, 1 unmitigated
05:50:20 core.sweep_detector INFO: FVGs: 8 detected, 3 unfilled
05:50:21 core.sweep_detector INFO: SweepDetector v2: 5 raw → 5 confirmed (vol≥2.5× body≥30%)
05:50:21 core.sweep_detector INFO: OrderBlocks: 4 detected, 0 unmitigated
05:50:21 core.sweep_detector INFO: FVGs: 9 detected, 0 unfilled
05:50:23 core.sweep_detector INFO: SweepDetector v2: 3 raw → 3 confirmed (vol≥2.5× body≥30%)
05:50:23 core.sweep_detector INFO: OrderBlocks: 4 detected, 1 unmitigated
05:50:23 core.sweep_detector INFO: FVGs: 8 detected, 1 unfilled
05:50:25 core.sweep_detector INFO: SweepDetector v2: 2 raw → 2 confirmed (vol≥2.5× body≥30%)
05:50:25 core.sweep_detector INFO: OrderBlocks: 5 detected, 2 unmitigated
05:50:25 core.sweep_detector INFO: FVGs: 6 detected, 3 unfilled
05:50:27 core.sweep_detector INFO: SweepDetector v2: 3 raw → 2 confirmed (vol≥2.5× body≥30%)
05:50:27 core.sweep_detector INFO: OrderBlocks: 7 detected, 0 unmitigated
05:50:27 core.sweep_detector INFO: FVGs: 8 detected, 0 unfilled
05:50:28 core.sweep_detector INFO: SweepDetector v2: 1 raw → 0 confirmed (vol≥2.5× body≥30%)
05:50:28 core.sweep_detector INFO: OrderBlocks: 5 detected, 1 unmitigated
05:50:28 core.sweep_detector INFO: FVGs: 10 detected, 0 unfilled
05:50:30 core.sweep_detector INFO: SweepDetector v2: 1 raw → 1 confirmed (vol≥2.5× body≥30%)
05:50:30 core.sweep_detector INFO: OrderBlocks: 6 detected, 0 unmitigated
05:50:30 core.sweep_detector INFO: FVGs: 10 detected, 1 unfilled
05:50:32 core.sweep_detector INFO: SweepDetector v2: 2 raw → 1 confirmed (vol≥2.5× body≥30%)
05:50:32 core.sweep_detector INFO: OrderBlocks: 6 detected, 2 unmitigated
05:50:32 core.sweep_detector INFO: FVGs: 9 detected, 4 unfilled
05:50:33 core.sweep_detector INFO: SweepDetector v2: 1 raw → 1 confirmed (vol≥2.5× body≥30%)
05:50:33 core.sweep_detector INFO: OrderBlocks: 2 detected, 0 unmitigated
05:50:33 core.sweep_detector INFO: FVGs: 9 detected, 1 unfilled
05:50:35 core.sweep_detector INFO: SweepDetector v2: 2 raw → 1 confirmed (vol≥2.5× body≥30%)
05:50:35 core.sweep_detector INFO: OrderBlocks: 1 detected, 0 unmitigated
05:50:35 core.sweep_detector INFO: FVGs: 9 detected, 2 unfilled
05:50:37 core.sweep_detector INFO: SweepDetector v2: 2 raw → 1 confirmed (vol≥2.5× body≥30%)
05:50:37 core.sweep_detector INFO: OrderBlocks: 5 detected, 1 unmitigated
05:50:37 core.sweep_detector INFO: FVGs: 11 detected, 4 unfilled
05:50:39 core.sweep_detector INFO: SweepDetector v2: 1 raw → 1 confirmed (vol≥2.5× body≥30%)
05:50:39 core.sweep_detector INFO: OrderBlocks: 6 detected, 2 unmitigated
05:50:39 core.sweep_detector INFO: FVGs: 11 detected, 3 unfilled
05:50:41 core.sweep_detector INFO: SweepDetector v2: 3 raw → 3 confirmed (vol≥2.5× body≥30%)
05:50:41 core.sweep_detector INFO: OrderBlocks: 1 detected, 0 unmitigated
05:50:41 core.sweep_detector INFO: FVGs: 10 detected, 3 unfilled
05:50:42 core.sweep_detector INFO: SweepDetector v2: 5 raw → 5 confirmed (vol≥2.5× body≥30%)
05:50:42 core.sweep_detector INFO: OrderBlocks: 1 detected, 0 unmitigated
05:50:42 core.sweep_detector INFO: FVGs: 3 detected, 1 unfilled
05:50:44 core.sweep_detector INFO: SweepDetector v2: 2 raw → 2 confirmed (vol≥2.5× body≥30%)
05:50:44 core.sweep_detector INFO: OrderBlocks: 3 detected, 2 unmitigated
05:50:44 core.sweep_detector INFO: FVGs: 6 detected, 2 unfilled
05:50:46 core.sweep_detector INFO: SweepDetector v2: 2 raw → 2 confirmed (vol≥2.5× body≥30%)
05:50:46 core.sweep_detector INFO: OrderBlocks: 4 detected, 1 unmitigated
05:50:46 core.sweep_detector INFO: FVGs: 7 detected, 2 unfilled
05:50:48 core.sweep_detector INFO: SweepDetector v2: 2 raw → 2 confirmed (vol≥2.5× body≥30%)
05:50:48 core.sweep_detector INFO: OrderBlocks: 4 detected, 2 unmitigated
05:50:48 core.sweep_detector INFO: FVGs: 13 detected, 6 unfilled
05:50:49 core.sweep_detector INFO: SweepDetector v2: 1 raw → 1 confirmed (vol≥2.5× body≥30%)
05:50:49 core.sweep_detector INFO: OrderBlocks: 5 detected, 3 unmitigated
05:50:49 core.sweep_detector INFO: FVGs: 10 detected, 3 unfilled
05:50:51 core.sweep_detector INFO: SweepDetector v2: 2 raw → 2 confirmed (vol≥2.5× body≥30%)
05:50:51 core.sweep_detector INFO: OrderBlocks: 3 detected, 0 unmitigated
05:50:51 core.sweep_detector INFO: FVGs: 6 detected, 2 unfilled
05:50:53 core.sweep_detector INFO: SweepDetector v2: 1 raw → 1 confirmed (vol≥2.5× body≥30%)
05:50:53 core.sweep_detector INFO: OrderBlocks: 5 detected, 0 unmitigated
05:50:53 core.sweep_detector INFO: FVGs: 7 detected, 0 unfilled
05:50:54 core.sweep_detector INFO: SweepDetector v2: 0 raw → 0 confirmed (vol≥2.5× body≥30%)
05:50:54 core.sweep_detector INFO: OrderBlocks: 5 detected, 1 unmitigated
05:50:54 core.sweep_detector INFO: FVGs: 11 detected, 3 unfilled
05:50:56 core.sweep_detector INFO: SweepDetector v2: 0 raw → 0 confirmed (vol≥2.5× body≥30%)
05:50:56 core.sweep_detector INFO: OrderBlocks: 5 detected, 2 unmitigated
05:50:56 core.sweep_detector INFO: FVGs: 7 detected, 3 unfilled
05:50:59 core.sweep_detector INFO: SweepDetector v2: 4 raw → 4 confirmed (vol≥2.5× body≥30%)
05:50:59 core.sweep_detector INFO: OrderBlocks: 2 detected, 2 unmitigated
05:50:59 core.sweep_detector INFO: FVGs: 12 detected, 4 unfilled
05:51:01 core.sweep_detector INFO: SweepDetector v2: 1 raw → 1 confirmed (vol≥2.5× body≥30%)
05:51:01 core.sweep_detector INFO: OrderBlocks: 6 detected, 2 unmitigated
05:51:01 core.sweep_detector INFO: FVGs: 12 detected, 1 unfilled
05:51:02 core.sweep_detector INFO: SweepDetector v2: 2 raw → 1 confirmed (vol≥2.5× body≥30%)
05:51:02 core.sweep_detector INFO: OrderBlocks: 4 detected, 0 unmitigated
05:51:02 core.sweep_detector INFO: FVGs: 9 detected, 1 unfilled
05:51:04 core.sweep_detector INFO: SweepDetector v2: 0 raw → 0 confirmed (vol≥2.5× body≥30%)
05:51:04 core.sweep_detector INFO: OrderBlocks: 4 detected, 2 unmitigated
05:51:04 core.sweep_detector INFO: FVGs: 7 detected, 2 unfilled
05:51:06 core.sweep_detector INFO: SweepDetector v2: 2 raw → 2 confirmed (vol≥2.5× body≥30%)
05:51:06 core.sweep_detector INFO: OrderBlocks: 5 detected, 3 unmitigated
05:51:06 core.sweep_detector INFO: FVGs: 7 detected, 3 unfilled
05:51:08 core.sweep_detector INFO: SweepDetector v2: 2 raw → 2 confirmed (vol≥2.5× body≥30%)
05:51:08 core.sweep_detector INFO: OrderBlocks: 4 detected, 1 unmitigated
05:51:08 core.sweep_detector INFO: FVGs: 6 detected, 1 unfilled
05:51:09 core.sweep_detector INFO: SweepDetector v2: 1 raw → 1 confirmed (vol≥2.5× body≥30%)
05:51:09 core.sweep_detector INFO: OrderBlocks: 7 detected, 4 unmitigated
05:51:09 core.sweep_detector INFO: FVGs: 10 detected, 4 unfilled
05:51:11 core.sweep_detector INFO: SweepDetector v2: 1 raw → 1 confirmed (vol≥2.5× body≥30%)
05:51:11 core.sweep_detector INFO: OrderBlocks: 7 detected, 1 unmitigated
05:51:11 core.sweep_detector INFO: FVGs: 5 detected, 0 unfilled
05:51:13 core.sweep_detector INFO: SweepDetector v2: 2 raw → 2 confirmed (vol≥2.5× body≥30%)
05:51:13 core.sweep_detector INFO: OrderBlocks: 4 detected, 1 unmitigated
05:51:13 core.sweep_detector INFO: FVGs: 4 detected, 1 unfilled
05:51:14 core.sweep_detector INFO: SweepDetector v2: 1 raw → 1 confirmed (vol≥2.5× body≥30%)
05:51:14 core.sweep_detector INFO: OrderBlocks: 6 detected, 1 unmitigated
05:51:14 core.sweep_detector INFO: FVGs: 7 detected, 2 unfilled
05:51:16 core.sweep_detector INFO: SweepDetector v2: 1 raw → 1 confirmed (vol≥2.5× body≥30%)
05:51:16 core.sweep_detector INFO: OrderBlocks: 2 detected, 1 unmitigated
05:51:16 core.sweep_detector INFO: FVGs: 9 detected, 1 unfilled
05:51:18 core.sweep_detector INFO: SweepDetector v2: 2 raw → 2 confirmed (vol≥2.5× body≥30%)
05:51:18 core.sweep_detector INFO: OrderBlocks: 3 detected, 1 unmitigated
05:51:18 core.sweep_detector INFO: FVGs: 7 detected, 0 unfilled
05:51:20 core.sweep_detector INFO: SweepDetector v2: 0 raw → 0 confirmed (vol≥2.5× body≥30%)
05:51:20 core.sweep_detector INFO: OrderBlocks: 6 detected, 2 unmitigated
05:51:20 core.sweep_detector INFO: FVGs: 9 detected, 2 unfilled
05:51:22 core.sweep_detector INFO: SweepDetector v2: 2 raw → 1 confirmed (vol≥2.5× body≥30%)
05:51:22 core.sweep_detector INFO: OrderBlocks: 5 detected, 1 unmitigated
05:51:22 core.sweep_detector INFO: FVGs: 9 detected, 2 unfilled
05:51:24 core.sweep_detector INFO: SweepDetector v2: 1 raw → 1 confirmed (vol≥2.5× body≥30%)
05:51:24 core.sweep_detector INFO: OrderBlocks: 2 detected, 1 unmitigated
05:51:24 core.sweep_detector INFO: FVGs: 5 detected, 4 unfilled
05:51:26 core.sweep_detector INFO: SweepDetector v2: 7 raw → 5 confirmed (vol≥2.5× body≥30%)
05:51:26 core.sweep_detector INFO: OrderBlocks: 3 detected, 2 unmitigated
05:51:26 core.sweep_detector INFO: FVGs: 10 detected, 5 unfilled
05:51:27 core.sweep_detector INFO: SweepDetector v2: 3 raw → 1 confirmed (vol≥2.5× body≥30%)
05:51:27 core.sweep_detector INFO: OrderBlocks: 5 detected, 4 unmitigated
05:51:27 core.sweep_detector INFO: FVGs: 9 detected, 3 unfilled
05:51:29 core.sweep_detector INFO: SweepDetector v2: 0 raw → 0 confirmed (vol≥2.5× body≥30%)
05:51:29 core.sweep_detector INFO: OrderBlocks: 4 detected, 1 unmitigated
05:51:29 core.sweep_detector INFO: FVGs: 12 detected, 3 unfilled
05:51:31 core.sweep_detector INFO: SweepDetector v2: 5 raw → 4 confirmed (vol≥2.5× body≥30%)
05:51:31 core.sweep_detector INFO: OrderBlocks: 8 detected, 2 unmitigated
05:51:31 core.sweep_detector INFO: FVGs: 11 detected, 1 unfilled
05:51:35 core.sweep_detector INFO: SweepDetector v2: 1 raw → 0 confirmed (vol≥2.5× body≥30%)
05:51:35 core.sweep_detector INFO: OrderBlocks: 7 detected, 1 unmitigated
05:51:35 core.sweep_detector INFO: FVGs: 16 detected, 2 unfilled
05:51:36 core.sweep_detector INFO: SweepDetector v2: 0 raw → 0 confirmed (vol≥2.5× body≥30%)
05:51:36 core.sweep_detector INFO: OrderBlocks: 3 detected, 2 unmitigated
05:51:37 core.sweep_detector INFO: FVGs: 4 detected, 2 unfilled
05:51:38 core.sweep_detector INFO: SweepDetector v2: 0 raw → 0 confirmed (vol≥2.5× body≥30%)
05:51:38 core.sweep_detector INFO: OrderBlocks: 6 detected, 3 unmitigated
05:51:38 core.sweep_detector INFO: FVGs: 5 detected, 4 unfilled
05:51:40 core.sweep_detector INFO: SweepDetector v2: 0 raw → 0 confirmed (vol≥2.5× body≥30%)
05:51:40 core.sweep_detector INFO: OrderBlocks: 8 detected, 4 unmitigated
05:51:40 core.sweep_detector INFO: FVGs: 5 detected, 5 unfilled
05:51:42 core.sweep_detector INFO: SweepDetector v2: 1 raw → 0 confirmed (vol≥2.5× body≥30%)
05:51:42 core.sweep_detector INFO: OrderBlocks: 6 detected, 2 unmitigated
05:51:42 core.sweep_detector INFO: FVGs: 7 detected, 2 unfilled
05:51:44 core.sweep_detector INFO: SweepDetector v2: 0 raw → 0 confirmed (vol≥2.5× body≥30%)
05:51:44 core.sweep_detector INFO: OrderBlocks: 5 detected, 2 unmitigated
05:51:44 core.sweep_detector INFO: FVGs: 11 detected, 7 unfilled
05:51:46 core.sweep_detector INFO: SweepDetector v2: 3 raw → 2 confirmed (vol≥2.5× body≥30%)
05:51:46 core.sweep_detector INFO: OrderBlocks: 6 detected, 2 unmitigated
05:51:46 core.sweep_detector INFO: FVGs: 10 detected, 3 unfilled
05:51:48 core.sweep_detector INFO: SweepDetector v2: 1 raw → 0 confirmed (vol≥2.5× body≥30%)
05:51:48 core.sweep_detector INFO: OrderBlocks: 7 detected, 3 unmitigated
05:51:48 core.sweep_detector INFO: FVGs: 4 detected, 0 unfilled
05:51:49 core.sweep_detector INFO: SweepDetector v2: 0 raw → 0 confirmed (vol≥2.5× body≥30%)
05:51:49 core.sweep_detector INFO: OrderBlocks: 8 detected, 2 unmitigated
05:51:49 core.sweep_detector INFO: FVGs: 13 detected, 2 unfilled
05:51:51 core.sweep_detector INFO: SweepDetector v2: 2 raw → 2 confirmed (vol≥2.5× body≥30%)
05:51:51 core.sweep_detector INFO: OrderBlocks: 6 detected, 2 unmitigated
05:51:51 core.sweep_detector INFO: FVGs: 10 detected, 2 unfilled
05:51:53 core.sweep_detector INFO: SweepDetector v2: 3 raw → 3 confirmed (vol≥2.5× body≥30%)
05:51:53 core.sweep_detector INFO: OrderBlocks: 4 detected, 1 unmitigated
05:51:53 core.sweep_detector INFO: FVGs: 8 detected, 4 unfilled
05:51:55 core.sweep_detector INFO: SweepDetector v2: 4 raw → 2 confirmed (vol≥2.5× body≥30%)
05:51:55 core.sweep_detector INFO: OrderBlocks: 5 detected, 2 unmitigated
05:51:55 core.sweep_detector INFO: FVGs: 9 detected, 2 unfilled
05:51:56 core.sweep_detector INFO: SweepDetector v2: 5 raw → 4 confirmed (vol≥2.5× body≥30%)
05:51:56 core.sweep_detector INFO: OrderBlocks: 5 detected, 2 unmitigated
05:51:56 core.sweep_detector INFO: FVGs: 8 detected, 3 unfilled
05:51:58 core.sweep_detector INFO: SweepDetector v2: 3 raw → 2 confirmed (vol≥2.5× body≥30%)
05:51:58 core.sweep_detector INFO: OrderBlocks: 7 detected, 2 unmitigated
05:51:58 core.sweep_detector INFO: FVGs: 12 detected, 1 unfilled
05:52:00 core.sweep_detector INFO: SweepDetector v2: 3 raw → 2 confirmed (vol≥2.5× body≥30%)
05:52:00 core.sweep_detector INFO: OrderBlocks: 6 detected, 2 unmitigated
05:52:00 core.sweep_detector INFO: FVGs: 4 detected, 1 unfilled
05:52:02 core.sweep_detector INFO: SweepDetector v2: 2 raw → 1 confirmed (vol≥2.5× body≥30%)
05:52:02 core.sweep_detector INFO: OrderBlocks: 6 detected, 2 unmitigated
05:52:02 core.sweep_detector INFO: FVGs: 12 detected, 3 unfilled
05:52:03 core.sweep_detector INFO: SweepDetector v2: 0 raw → 0 confirmed (vol≥2.5× body≥30%)
05:52:03 core.sweep_detector INFO: OrderBlocks: 7 detected, 5 unmitigated
05:52:03 core.sweep_detector INFO: FVGs: 14 detected, 7 unfilled
05:52:05 core.sweep_detector INFO: SweepDetector v2: 1 raw → 1 confirmed (vol≥2.5× body≥30%)
05:52:05 core.sweep_detector INFO: OrderBlocks: 9 detected, 1 unmitigated
05:52:05 core.sweep_detector INFO: FVGs: 6 detected, 0 unfilled
05:52:07 core.sweep_detector INFO: SweepDetector v2: 0 raw → 0 confirmed (vol≥2.5× body≥30%)
05:52:07 core.sweep_detector INFO: OrderBlocks: 8 detected, 2 unmitigated
05:52:07 core.sweep_detector INFO: FVGs: 10 detected, 3 unfilled
05:52:08 core.sweep_detector INFO: SweepDetector v2: 1 raw → 1 confirmed (vol≥2.5× body≥30%)
05:52:08 core.sweep_detector INFO: OrderBlocks: 3 detected, 0 unmitigated
05:52:08 core.sweep_detector INFO: FVGs: 5 detected, 2 unfilled
05:52:10 core.sweep_detector INFO: SweepDetector v2: 0 raw → 0 confirmed (vol≥2.5× body≥30%)
05:52:10 core.sweep_detector INFO: OrderBlocks: 8 detected, 2 unmitigated
05:52:10 core.sweep_detector INFO: FVGs: 11 detected, 1 unfilled
05:52:12 core.sweep_detector INFO: SweepDetector v2: 4 raw → 3 confirmed (vol≥2.5× body≥30%)
05:52:12 core.sweep_detector INFO: OrderBlocks: 3 detected, 1 unmitigated
05:52:12 core.sweep_detector INFO: FVGs: 9 detected, 0 unfilled
05:52:13 core.sweep_detector INFO: SweepDetector v2: 2 raw → 2 confirmed (vol≥2.5× body≥30%)
05:52:13 core.sweep_detector INFO: OrderBlocks: 3 detected, 0 unmitigated
05:52:13 core.sweep_detector INFO: FVGs: 6 detected, 1 unfilled
05:52:15 core.sweep_detector INFO: SweepDetector v2: 1 raw → 0 confirmed (vol≥2.5× body≥30%)
05:52:15 core.sweep_detector INFO: OrderBlocks: 5 detected, 2 unmitigated
05:52:15 core.sweep_detector INFO: FVGs: 8 detected, 2 unfilled
05:52:19 core.sweep_detector INFO: SweepDetector v2: 3 raw → 3 confirmed (vol≥2.5× body≥30%)
05:52:19 core.sweep_detector INFO: OrderBlocks: 3 detected, 0 unmitigated
05:52:19 core.sweep_detector INFO: FVGs: 7 detected, 0 unfilled
05:52:21 core.sweep_detector INFO: SweepDetector v2: 2 raw → 2 confirmed (vol≥2.5× body≥30%)
05:52:21 core.sweep_detector INFO: OrderBlocks: 5 detected, 1 unmitigated
05:52:21 core.sweep_detector INFO: FVGs: 6 detected, 0 unfilled
05:52:22 core.sweep_detector INFO: SweepDetector v2: 2 raw → 2 confirmed (vol≥2.5× body≥30%)
05:52:22 core.sweep_detector INFO: OrderBlocks: 10 detected, 4 unmitigated
05:52:22 core.sweep_detector INFO: FVGs: 15 detected, 5 unfilled
05:52:25 core.sweep_detector INFO: SweepDetector v2: 2 raw → 2 confirmed (vol≥2.5× body≥30%)
05:52:25 core.sweep_detector INFO: OrderBlocks: 8 detected, 2 unmitigated
05:52:25 core.sweep_detector INFO: FVGs: 17 detected, 5 unfilled
05:52:26 core.sweep_detector INFO: SweepDetector v2: 2 raw → 1 confirmed (vol≥2.5× body≥30%)
05:52:26 core.sweep_detector INFO: OrderBlocks: 6 detected, 3 unmitigated
05:52:26 core.sweep_detector INFO: FVGs: 10 detected, 3 unfilled
05:52:29 core.sweep_detector INFO: SweepDetector v2: 1 raw → 1 confirmed (vol≥2.5× body≥30%)
05:52:29 core.sweep_detector INFO: OrderBlocks: 5 detected, 3 unmitigated
05:52:29 core.sweep_detector INFO: FVGs: 10 detected, 3 unfilled
05:52:30 core.sweep_detector INFO: SweepDetector v2: 4 raw → 3 confirmed (vol≥2.5× body≥30%)
05:52:30 core.sweep_detector INFO: OrderBlocks: 9 detected, 1 unmitigated
05:52:30 core.sweep_detector INFO: FVGs: 8 detected, 1 unfilled
05:52:33 core.sweep_detector INFO: SweepDetector v2: 6 raw → 4 confirmed (vol≥2.5× body≥30%)
05:52:33 core.sweep_detector INFO: OrderBlocks: 4 detected, 3 unmitigated
05:52:33 core.sweep_detector INFO: FVGs: 8 detected, 1 unfilled
05:52:35 core.sweep_detector INFO: SweepDetector v2: 2 raw → 1 confirmed (vol≥2.5× body≥30%)
05:52:35 core.sweep_detector INFO: OrderBlocks: 5 detected, 1 unmitigated
05:52:35 core.sweep_detector INFO: FVGs: 9 detected, 4 unfilled
05:52:37 core.sweep_detector INFO: SweepDetector v2: 2 raw → 2 confirmed (vol≥2.5× body≥30%)
05:52:37 core.sweep_detector INFO: OrderBlocks: 4 detected, 2 unmitigated
05:52:37 core.sweep_detector INFO: FVGs: 12 detected, 3 unfilled
05:52:39 core.sweep_detector INFO: SweepDetector v2: 1 raw → 1 confirmed (vol≥2.5× body≥30%)
05:52:39 core.sweep_detector INFO: OrderBlocks: 6 detected, 1 unmitigated
05:52:39 core.sweep_detector INFO: FVGs: 10 detected, 3 unfilled
05:52:41 core.sweep_detector INFO: SweepDetector v2: 2 raw → 1 confirmed (vol≥2.5× body≥30%)
05:52:41 core.sweep_detector INFO: OrderBlocks: 6 detected, 2 unmitigated
05:52:41 core.sweep_detector INFO: FVGs: 11 detected, 5 unfilled
05:52:43 core.sweep_detector INFO: SweepDetector v2: 2 raw → 1 confirmed (vol≥2.5× body≥30%)
05:52:43 core.sweep_detector INFO: OrderBlocks: 6 detected, 3 unmitigated
05:52:43 core.sweep_detector INFO: FVGs: 9 detected, 2 unfilled
05:52:45 core.sweep_detector INFO: SweepDetector v2: 2 raw → 2 confirmed (vol≥2.5× body≥30%)
05:52:45 core.sweep_detector INFO: OrderBlocks: 5 detected, 1 unmitigated
05:52:45 core.sweep_detector INFO: FVGs: 7 detected, 2 unfilled
05:52:47 core.sweep_detector INFO: SweepDetector v2: 0 raw → 0 confirmed (vol≥2.5× body≥30%)
05:52:47 core.sweep_detector INFO: OrderBlocks: 2 detected, 2 unmitigated
05:52:47 core.sweep_detector INFO: FVGs: 11 detected, 5 unfilled
05:52:50 core.sweep_detector INFO: SweepDetector v2: 2 raw → 2 confirmed (vol≥2.5× body≥30%)
05:52:50 core.sweep_detector INFO: OrderBlocks: 3 detected, 2 unmitigated
05:52:50 core.sweep_detector INFO: FVGs: 7 detected, 2 unfilled
05:52:52 core.sweep_detector INFO: SweepDetector v2: 1 raw → 1 confirmed (vol≥2.5× body≥30%)
05:52:52 core.sweep_detector INFO: OrderBlocks: 6 detected, 3 unmitigated
05:52:52 core.sweep_detector INFO: FVGs: 10 detected, 4 unfilled
05:52:54 core.sweep_detector INFO: SweepDetector v2: 0 raw → 0 confirmed (vol≥2.5× body≥30%)
05:52:54 core.sweep_detector INFO: OrderBlocks: 5 detected, 0 unmitigated
05:52:54 core.sweep_detector INFO: FVGs: 1 detected, 0 unfilled
05:52:56 core.sweep_detector INFO: SweepDetector v2: 0 raw → 0 confirmed (vol≥2.5× body≥30%)
05:52:56 core.sweep_detector INFO: OrderBlocks: 6 detected, 2 unmitigated
05:52:56 core.sweep_detector INFO: FVGs: 2 detected, 2 unfilled
05:52:58 core.sweep_detector INFO: SweepDetector v2: 0 raw → 0 confirmed (vol≥2.5× body≥30%)
05:52:58 core.sweep_detector INFO: OrderBlocks: 2 detected, 1 unmitigated
05:52:58 core.sweep_detector INFO: FVGs: 0 detected, 0 unfilled
05:53:00 core.sweep_detector INFO: SweepDetector v2: 0 raw → 0 confirmed (vol≥2.5× body≥30%)
05:53:00 core.sweep_detector INFO: OrderBlocks: 0 detected, 0 unmitigated
05:53:00 core.sweep_detector INFO: FVGs: 0 detected, 0 unfilled
05:53:03 core.sweep_detector INFO: SweepDetector v2: 0 raw → 0 confirmed (vol≥2.5× body≥30%)
05:53:03 core.sweep_detector INFO: OrderBlocks: 0 detected, 0 unmitigated
05:53:03 core.sweep_detector INFO: FVGs: 0 detected, 0 unfilled
05:53:05 core.sweep_detector INFO: SweepDetector v2: 0 raw → 0 confirmed (vol≥2.5× body≥30%)
05:53:05 core.sweep_detector INFO: OrderBlocks: 0 detected, 0 unmitigated
05:53:05 core.sweep_detector INFO: FVGs: 0 detected, 0 unfilled
05:53:08 core.sweep_detector INFO: SweepDetector v2: 0 raw → 0 confirmed (vol≥2.5× body≥30%)
05:53:08 core.sweep_detector INFO: OrderBlocks: 6 detected, 1 unmitigated
05:53:08 core.sweep_detector INFO: FVGs: 14 detected, 3 unfilled
05:53:10 core.sweep_detector INFO: SweepDetector v2: 1 raw → 1 confirmed (vol≥2.5× body≥30%)
05:53:10 core.sweep_detector INFO: OrderBlocks: 5 detected, 1 unmitigated
05:53:10 core.sweep_detector INFO: FVGs: 11 detected, 1 unfilled
05:53:12 core.sweep_detector INFO: SweepDetector v2: 2 raw → 2 confirmed (vol≥2.5× body≥30%)
05:53:12 core.sweep_detector INFO: OrderBlocks: 5 detected, 1 unmitigated
05:53:12 core.sweep_detector INFO: FVGs: 4 detected, 2 unfilled
05:53:14 core.sweep_detector INFO: SweepDetector v2: 0 raw → 0 confirmed (vol≥2.5× body≥30%)
05:53:14 core.sweep_detector INFO: OrderBlocks: 7 detected, 2 unmitigated
05:53:14 core.sweep_detector INFO: FVGs: 12 detected, 5 unfilled
05:53:16 core.sweep_detector INFO: SweepDetector v2: 1 raw → 1 confirmed (vol≥2.5× body≥30%)
05:53:16 core.sweep_detector INFO: OrderBlocks: 2 detected, 0 unmitigated
05:53:16 core.sweep_detector INFO: FVGs: 13 detected, 2 unfilled
05:53:18 core.sweep_detector INFO: SweepDetector v2: 0 raw → 0 confirmed (vol≥2.5× body≥30%)
05:53:18 core.sweep_detector INFO: OrderBlocks: 2 detected, 0 unmitigated
05:53:18 core.sweep_detector INFO: FVGs: 11 detected, 2 unfilled
05:53:20 core.sweep_detector INFO: SweepDetector v2: 3 raw → 2 confirmed (vol≥2.5× body≥30%)
05:53:20 core.sweep_detector INFO: OrderBlocks: 8 detected, 3 unmitigated
05:53:20 core.sweep_detector INFO: FVGs: 9 detected, 1 unfilled
05:53:22 core.sweep_detector INFO: SweepDetector v2: 7 raw → 7 confirmed (vol≥2.5× body≥30%)
05:53:22 core.sweep_detector INFO: OrderBlocks: 10 detected, 4 unmitigated
05:53:22 core.sweep_detector INFO: FVGs: 11 detected, 2 unfilled
05:53:25 core.sweep_detector INFO: SweepDetector v2: 5 raw → 3 confirmed (vol≥2.5× body≥30%)
05:53:25 core.sweep_detector INFO: OrderBlocks: 6 detected, 1 unmitigated
05:53:25 core.sweep_detector INFO: FVGs: 10 detected, 6 unfilled
05:53:27 core.sweep_detector INFO: SweepDetector v2: 1 raw → 1 confirmed (vol≥2.5× body≥30%)
05:53:27 core.sweep_detector INFO: OrderBlocks: 8 detected, 3 unmitigated
05:53:27 core.sweep_detector INFO: FVGs: 9 detected, 2 unfilled
05:53:28 core.sweep_detector INFO: SweepDetector v2: 1 raw → 1 confirmed (vol≥2.5× body≥30%)
05:53:28 core.sweep_detector INFO: OrderBlocks: 4 detected, 1 unmitigated
05:53:28 core.sweep_detector INFO: FVGs: 10 detected, 3 unfilled
05:53:30 core.sweep_detector INFO: SweepDetector v2: 2 raw → 2 confirmed (vol≥2.5× body≥30%)
05:53:30 core.sweep_detector INFO: OrderBlocks: 4 detected, 1 unmitigated
05:53:30 core.sweep_detector INFO: FVGs: 7 detected, 1 unfilled
05:53:32 core.sweep_detector INFO: SweepDetector v2: 2 raw → 1 confirmed (vol≥2.5× body≥30%)
05:53:32 core.sweep_detector INFO: OrderBlocks: 7 detected, 2 unmitigated
05:53:32 core.sweep_detector INFO: FVGs: 14 detected, 3 unfilled
05:53:34 core.sweep_detector INFO: SweepDetector v2: 2 raw → 2 confirmed (vol≥2.5× body≥30%)
05:53:34 core.sweep_detector INFO: OrderBlocks: 5 detected, 3 unmitigated
05:53:34 core.sweep_detector INFO: FVGs: 13 detected, 4 unfilled
05:53:36 core.sweep_detector INFO: SweepDetector v2: 4 raw → 0 confirmed (vol≥2.5× body≥30%)
05:53:36 core.sweep_detector INFO: OrderBlocks: 5 detected, 4 unmitigated
05:53:36 core.sweep_detector INFO: FVGs: 15 detected, 5 unfilled
05:53:37 core.sweep_detector INFO: SweepDetector v2: 3 raw → 2 confirmed (vol≥2.5× body≥30%)
05:53:37 core.sweep_detector INFO: OrderBlocks: 6 detected, 2 unmitigated
05:53:37 core.sweep_detector INFO: FVGs: 13 detected, 2 unfilled
05:53:39 core.sweep_detector INFO: SweepDetector v2: 2 raw → 0 confirmed (vol≥2.5× body≥30%)
05:53:39 core.sweep_detector INFO: OrderBlocks: 7 detected, 2 unmitigated
05:53:39 core.sweep_detector INFO: FVGs: 15 detected, 3 unfilled
05:53:41 core.sweep_detector INFO: SweepDetector v2: 3 raw → 0 confirmed (vol≥2.5× body≥30%)
05:53:41 core.sweep_detector INFO: OrderBlocks: 6 detected, 2 unmitigated
05:53:41 core.sweep_detector INFO: FVGs: 8 detected, 2 unfilled
05:53:43 core.sweep_detector INFO: SweepDetector v2: 2 raw → 2 confirmed (vol≥2.5× body≥30%)
05:53:43 core.sweep_detector INFO: OrderBlocks: 8 detected, 1 unmitigated
05:53:43 core.sweep_detector INFO: FVGs: 8 detected, 3 unfilled
05:53:45 core.sweep_detector INFO: SweepDetector v2: 1 raw → 1 confirmed (vol≥2.5× body≥30%)
05:53:45 core.sweep_detector INFO: OrderBlocks: 2 detected, 0 unmitigated
05:53:45 core.sweep_detector INFO: FVGs: 12 detected, 3 unfilled
05:53:47 core.sweep_detector INFO: SweepDetector v2: 3 raw → 2 confirmed (vol≥2.5× body≥30%)
05:53:47 core.sweep_detector INFO: OrderBlocks: 4 detected, 1 unmitigated
05:53:47 core.sweep_detector INFO: FVGs: 7 detected, 0 unfilled
05:53:48 core.sweep_detector INFO: SweepDetector v2: 1 raw → 1 confirmed (vol≥2.5× body≥30%)
05:53:48 core.sweep_detector INFO: OrderBlocks: 7 detected, 2 unmitigated
05:53:48 core.sweep_detector INFO: FVGs: 9 detected, 3 unfilled
05:53:50 core.sweep_detector INFO: SweepDetector v2: 2 raw → 2 confirmed (vol≥2.5× body≥30%)
05:53:50 core.sweep_detector INFO: OrderBlocks: 4 detected, 2 unmitigated
05:53:50 core.sweep_detector INFO: FVGs: 12 detected, 2 unfilled
05:53:52 core.sweep_detector INFO: SweepDetector v2: 3 raw → 3 confirmed (vol≥2.5× body≥30%)
05:53:52 core.sweep_detector INFO: OrderBlocks: 3 detected, 1 unmitigated
05:53:52 core.sweep_detector INFO: FVGs: 8 detected, 2 unfilled
05:53:53 core.sweep_detector INFO: SweepDetector v2: 2 raw → 1 confirmed (vol≥2.5× body≥30%)
05:53:53 core.sweep_detector INFO: OrderBlocks: 2 detected, 0 unmitigated
05:53:53 core.sweep_detector INFO: FVGs: 8 detected, 0 unfilled
05:53:55 core.sweep_detector INFO: SweepDetector v2: 0 raw → 0 confirmed (vol≥2.5× body≥30%)
05:53:55 core.sweep_detector INFO: OrderBlocks: 9 detected, 3 unmitigated
05:53:55 core.sweep_detector INFO: FVGs: 12 detected, 3 unfilled
05:53:57 core.sweep_detector INFO: SweepDetector v2: 0 raw → 0 confirmed (vol≥2.5× body≥30%)
05:53:57 core.sweep_detector INFO: OrderBlocks: 8 detected, 3 unmitigated
05:53:57 core.sweep_detector INFO: FVGs: 9 detected, 3 unfilled
05:53:59 core.sweep_detector INFO: SweepDetector v2: 0 raw → 0 confirmed (vol≥2.5× body≥30%)
05:53:59 core.sweep_detector INFO: OrderBlocks: 2 detected, 0 unmitigated
05:53:59 core.sweep_detector INFO: FVGs: 11 detected, 3 unfilled
05:54:00 core.sweep_detector INFO: SweepDetector v2: 0 raw → 0 confirmed (vol≥2.5× body≥30%)
05:54:00 core.sweep_detector INFO: OrderBlocks: 2 detected, 1 unmitigated
05:54:00 core.sweep_detector INFO: FVGs: 5 detected, 3 unfilled
05:54:02 core.sweep_detector INFO: SweepDetector v2: 2 raw → 2 confirmed (vol≥2.5× body≥30%)
05:54:02 core.sweep_detector INFO: OrderBlocks: 4 detected, 0 unmitigated
05:54:02 core.sweep_detector INFO: FVGs: 8 detected, 3 unfilled
05:54:04 core.sweep_detector INFO: SweepDetector v2: 0 raw → 0 confirmed (vol≥2.5× body≥30%)
05:54:04 core.sweep_detector INFO: OrderBlocks: 7 detected, 4 unmitigated
05:54:04 core.sweep_detector INFO: FVGs: 13 detected, 7 unfilled
05:54:05 core.sweep_detector INFO: SweepDetector v2: 1 raw → 1 confirmed (vol≥2.5× body≥30%)
05:54:05 core.sweep_detector INFO: OrderBlocks: 4 detected, 0 unmitigated
05:54:05 core.sweep_detector INFO: FVGs: 11 detected, 2 unfilled
05:54:07 core.sweep_detector INFO: SweepDetector v2: 0 raw → 0 confirmed (vol≥2.5× body≥30%)
05:54:07 core.sweep_detector INFO: OrderBlocks: 6 detected, 3 unmitigated
05:54:07 core.sweep_detector INFO: FVGs: 12 detected, 6 unfilled
05:54:09 core.sweep_detector INFO: SweepDetector v2: 1 raw → 0 confirmed (vol≥2.5× body≥30%)
05:54:09 core.sweep_detector INFO: OrderBlocks: 10 detected, 5 unmitigated
05:54:09 core.sweep_detector INFO: FVGs: 9 detected, 2 unfilled
05:54:11 core.sweep_detector INFO: SweepDetector v2: 2 raw → 1 confirmed (vol≥2.5× body≥30%)
05:54:11 core.sweep_detector INFO: OrderBlocks: 3 detected, 2 unmitigated
05:54:11 core.sweep_detector INFO: FVGs: 9 detected, 4 unfilled
05:54:13 core.sweep_detector INFO: SweepDetector v2: 0 raw → 0 confirmed (vol≥2.5× body≥30%)
05:54:13 core.sweep_detector INFO: OrderBlocks: 3 detected, 2 unmitigated
05:54:13 core.sweep_detector INFO: FVGs: 10 detected, 4 unfilled
05:54:15 core.sweep_detector INFO: SweepDetector v2: 1 raw → 1 confirmed (vol≥2.5× body≥30%)
05:54:15 core.sweep_detector INFO: OrderBlocks: 5 detected, 3 unmitigated
05:54:15 core.sweep_detector INFO: FVGs: 11 detected, 4 unfilled
05:54:16 core.sweep_detector INFO: SweepDetector v2: 2 raw → 1 confirmed (vol≥2.5× body≥30%)
05:54:16 core.sweep_detector INFO: OrderBlocks: 7 detected, 2 unmitigated
05:54:16 core.sweep_detector INFO: FVGs: 8 detected, 2 unfilled
05:54:18 core.sweep_detector INFO: SweepDetector v2: 1 raw → 1 confirmed (vol≥2.5× body≥30%)
05:54:18 core.sweep_detector INFO: OrderBlocks: 1 detected, 1 unmitigated
05:54:18 core.sweep_detector INFO: FVGs: 3 detected, 1 unfilled
05:54:20 core.sweep_detector INFO: SweepDetector v2: 0 raw → 0 confirmed (vol≥2.5× body≥30%)
05:54:20 core.sweep_detector INFO: OrderBlocks: 5 detected, 2 unmitigated
05:54:20 core.sweep_detector INFO: FVGs: 3 detected, 2 unfilled
05:54:22 core.sweep_detector INFO: SweepDetector v2: 2 raw → 2 confirmed (vol≥2.5× body≥30%)
05:54:22 core.sweep_detector INFO: OrderBlocks: 8 detected, 1 unmitigated
05:54:22 core.sweep_detector INFO: FVGs: 9 detected, 0 unfilled
05:54:23 core.sweep_detector INFO: SweepDetector v2: 1 raw → 1 confirmed (vol≥2.5× body≥30%)
05:54:23 core.sweep_detector INFO: OrderBlocks: 5 detected, 1 unmitigated
05:54:23 core.sweep_detector INFO: FVGs: 3 detected, 1 unfilled
05:54:25 core.sweep_detector INFO: SweepDetector v2: 1 raw → 1 confirmed (vol≥2.5× body≥30%)
05:54:25 core.sweep_detector INFO: OrderBlocks: 9 detected, 0 unmitigated
05:54:25 core.sweep_detector INFO: FVGs: 7 detected, 2 unfilled
05:54:28 core.sweep_detector INFO: SweepDetector v2: 2 raw → 2 confirmed (vol≥2.5× body≥30%)
05:54:28 core.sweep_detector INFO: OrderBlocks: 6 detected, 2 unmitigated
05:54:28 core.sweep_detector INFO: FVGs: 10 detected, 2 unfilled
05:54:30 core.sweep_detector INFO: SweepDetector v2: 2 raw → 1 confirmed (vol≥2.5× body≥30%)
05:54:30 core.sweep_detector INFO: OrderBlocks: 5 detected, 3 unmitigated
05:54:30 core.sweep_detector INFO: FVGs: 6 detected, 3 unfilled
05:54:32 core.sweep_detector INFO: SweepDetector v2: 0 raw → 0 confirmed (vol≥2.5× body≥30%)
05:54:32 core.sweep_detector INFO: OrderBlocks: 5 detected, 3 unmitigated
05:54:32 core.sweep_detector INFO: FVGs: 16 detected, 3 unfilled
05:54:33 core.sweep_detector INFO: SweepDetector v2: 1 raw → 1 confirmed (vol≥2.5× body≥30%)
05:54:33 core.sweep_detector INFO: OrderBlocks: 6 detected, 1 unmitigated
05:54:33 core.sweep_detector INFO: FVGs: 13 detected, 5 unfilled
05:54:35 core.sweep_detector INFO: SweepDetector v2: 1 raw → 1 confirmed (vol≥2.5× body≥30%)
05:54:35 core.sweep_detector INFO: OrderBlocks: 3 detected, 0 unmitigated
05:54:35 core.sweep_detector INFO: FVGs: 12 detected, 4 unfilled
05:54:37 core.sweep_detector INFO: SweepDetector v2: 2 raw → 1 confirmed (vol≥2.5× body≥30%)
05:54:37 core.sweep_detector INFO: OrderBlocks: 10 detected, 4 unmitigated
05:54:37 core.sweep_detector INFO: FVGs: 12 detected, 1 unfilled
05:54:38 core.sweep_detector INFO: SweepDetector v2: 3 raw → 1 confirmed (vol≥2.5× body≥30%)
05:54:38 core.sweep_detector INFO: OrderBlocks: 0 detected, 0 unmitigated
05:54:38 core.sweep_detector INFO: FVGs: 9 detected, 3 unfilled
05:54:40 core.sweep_detector INFO: SweepDetector v2: 4 raw → 4 confirmed (vol≥2.5× body≥30%)
05:54:40 core.sweep_detector INFO: OrderBlocks: 3 detected, 0 unmitigated
05:54:40 core.sweep_detector INFO: FVGs: 4 detected, 0 unfilled
05:54:42 core.sweep_detector INFO: SweepDetector v2: 2 raw → 2 confirmed (vol≥2.5× body≥30%)
05:54:42 core.sweep_detector INFO: OrderBlocks: 14 detected, 0 unmitigated
05:54:42 core.sweep_detector INFO: FVGs: 15 detected, 1 unfilled
05:54:44 core.sweep_detector INFO: SweepDetector v2: 3 raw → 3 confirmed (vol≥2.5× body≥30%)
05:54:44 core.sweep_detector INFO: OrderBlocks: 7 detected, 2 unmitigated
05:54:44 core.sweep_detector INFO: FVGs: 11 detected, 4 unfilled
05:54:46 core.sweep_detector INFO: SweepDetector v2: 1 raw → 1 confirmed (vol≥2.5× body≥30%)
05:54:46 core.sweep_detector INFO: OrderBlocks: 9 detected, 2 unmitigated
05:54:46 core.sweep_detector INFO: FVGs: 10 detected, 2 unfilled
05:54:48 core.sweep_detector INFO: SweepDetector v2: 6 raw → 3 confirmed (vol≥2.5× body≥30%)
05:54:48 core.sweep_detector INFO: OrderBlocks: 7 detected, 5 unmitigated
05:54:48 core.sweep_detector INFO: FVGs: 12 detected, 6 unfilled
05:54:49 core.sweep_detector INFO: SweepDetector v2: 5 raw → 4 confirmed (vol≥2.5× body≥30%)
05:54:49 core.sweep_detector INFO: OrderBlocks: 6 detected, 3 unmitigated
05:54:49 core.sweep_detector INFO: FVGs: 9 detected, 3 unfilled
05:54:51 core.sweep_detector INFO: SweepDetector v2: 2 raw → 1 confirmed (vol≥2.5× body≥30%)
05:54:51 core.sweep_detector INFO: OrderBlocks: 4 detected, 2 unmitigated
05:54:51 core.sweep_detector INFO: FVGs: 9 detected, 2 unfilled
05:54:53 core.sweep_detector INFO: SweepDetector v2: 1 raw → 1 confirmed (vol≥2.5× body≥30%)
05:54:53 core.sweep_detector INFO: OrderBlocks: 4 detected, 1 unmitigated
05:54:53 core.sweep_detector INFO: FVGs: 8 detected, 3 unfilled
05:54:54 core.sweep_detector INFO: SweepDetector v2: 3 raw → 3 confirmed (vol≥2.5× body≥30%)
05:54:54 core.sweep_detector INFO: OrderBlocks: 9 detected, 3 unmitigated
05:54:54 core.sweep_detector INFO: FVGs: 9 detected, 2 unfilled
05:54:56 core.sweep_detector INFO: SweepDetector v2: 3 raw → 3 confirmed (vol≥2.5× body≥30%)
05:54:56 core.sweep_detector INFO: OrderBlocks: 5 detected, 1 unmitigated
05:54:56 core.sweep_detector INFO: FVGs: 6 detected, 2 unfilled
05:54:58 core.sweep_detector INFO: SweepDetector v2: 1 raw → 1 confirmed (vol≥2.5× body≥30%)
05:54:58 core.sweep_detector INFO: OrderBlocks: 5 detected, 2 unmitigated
05:54:58 core.sweep_detector INFO: FVGs: 13 detected, 6 unfilled
05:55:00 core.sweep_detector INFO: SweepDetector v2: 1 raw → 0 confirmed (vol≥2.5× body≥30%)
05:55:00 core.sweep_detector INFO: OrderBlocks: 6 detected, 1 unmitigated
05:55:00 core.sweep_detector INFO: FVGs: 10 detected, 4 unfilled
05:55:02 core.sweep_detector INFO: SweepDetector v2: 1 raw → 1 confirmed (vol≥2.5× body≥30%)
05:55:02 core.sweep_detector INFO: OrderBlocks: 6 detected, 2 unmitigated
05:55:02 core.sweep_detector INFO: FVGs: 12 detected, 2 unfilled
05:55:04 core.sweep_detector INFO: SweepDetector v2: 3 raw → 2 confirmed (vol≥2.5× body≥30%)
05:55:04 core.sweep_detector INFO: OrderBlocks: 5 detected, 1 unmitigated
05:55:04 core.sweep_detector INFO: FVGs: 7 detected, 1 unfilled
05:55:06 core.sweep_detector INFO: SweepDetector v2: 2 raw → 2 confirmed (vol≥2.5× body≥30%)
05:55:06 core.sweep_detector INFO: OrderBlocks: 8 detected, 2 unmitigated
05:55:06 core.sweep_detector INFO: FVGs: 10 detected, 2 unfilled
05:55:08 core.sweep_detector INFO: SweepDetector v2: 1 raw → 1 confirmed (vol≥2.5× body≥30%)
05:55:08 core.sweep_detector INFO: OrderBlocks: 9 detected, 3 unmitigated
05:55:08 core.sweep_detector INFO: FVGs: 5 detected, 2 unfilled
05:55:10 core.sweep_detector INFO: SweepDetector v2: 0 raw → 0 confirmed (vol≥2.5× body≥30%)
05:55:10 core.sweep_detector INFO: OrderBlocks: 7 detected, 3 unmitigated
05:55:10 core.sweep_detector INFO: FVGs: 10 detected, 3 unfilled
05:55:12 core.sweep_detector INFO: SweepDetector v2: 4 raw → 3 confirmed (vol≥2.5× body≥30%)
05:55:12 core.sweep_detector INFO: OrderBlocks: 6 detected, 1 unmitigated
05:55:12 core.sweep_detector INFO: FVGs: 12 detected, 2 unfilled
05:55:13 core.sweep_detector INFO: SweepDetector v2: 3 raw → 3 confirmed (vol≥2.5× body≥30%)
05:55:13 core.sweep_detector INFO: OrderBlocks: 4 detected, 1 unmitigated
05:55:13 core.sweep_detector INFO: FVGs: 6 detected, 1 unfilled
05:55:15 core.sweep_detector INFO: SweepDetector v2: 1 raw → 1 confirmed (vol≥2.5× body≥30%)
05:55:15 core.sweep_detector INFO: OrderBlocks: 5 detected, 1 unmitigated
05:55:15 core.sweep_detector INFO: FVGs: 5 detected, 1 unfilled
05:55:15 __main__ ERROR: Pending trigger failed #77: entry_price=0 and could not fetch current price for PEPE/USDT
05:55:17 core.sweep_detector INFO: SweepDetector v2: 3 raw → 3 confirmed (vol≥2.5× body≥30%)
05:55:17 core.sweep_detector INFO: OrderBlocks: 4 detected, 0 unmitigated
05:55:17 core.sweep_detector INFO: FVGs: 4 detected, 0 unfilled
05:55:17 __main__ ERROR: Pending trigger failed #77: entry_price=0 and could not fetch current price for PEPE/USDT
05:55:18 core.sweep_detector INFO: SweepDetector v2: 2 raw → 2 confirmed (vol≥2.5× body≥30%)
05:55:18 core.sweep_detector INFO: OrderBlocks: 1 detected, 0 unmitigated
05:55:18 core.sweep_detector INFO: FVGs: 2 detected, 0 unfilled
05:55:18 __main__ ERROR: Pending trigger failed #77: entry_price=0 and could not fetch current price for PEPE/USDT
05:55:20 core.sweep_detector INFO: SweepDetector v2: 4 raw → 2 confirmed (vol≥2.5× body≥30%)
05:55:20 core.sweep_detector INFO: OrderBlocks: 3 detected, 1 unmitigated
05:55:20 core.sweep_detector INFO: FVGs: 9 detected, 2 unfilled
05:55:22 core.sweep_detector INFO: SweepDetector v2: 4 raw → 2 confirmed (vol≥2.5× body≥30%)
05:55:22 core.sweep_detector INFO: OrderBlocks: 7 detected, 1 unmitigated
05:55:22 core.sweep_detector INFO: FVGs: 12 detected, 2 unfilled
05:55:24 core.sweep_detector INFO: SweepDetector v2: 2 raw → 2 confirmed (vol≥2.5× body≥30%)
05:55:24 core.sweep_detector INFO: OrderBlocks: 5 detected, 1 unmitigated
05:55:24 core.sweep_detector INFO: FVGs: 14 detected, 3 unfilled
05:55:26 core.sweep_detector INFO: SweepDetector v2: 2 raw → 2 confirmed (vol≥2.5× body≥30%)
05:55:26 core.sweep_detector INFO: OrderBlocks: 10 detected, 2 unmitigated
05:55:26 core.sweep_detector INFO: FVGs: 12 detected, 3 unfilled
05:55:28 core.sweep_detector INFO: SweepDetector v2: 4 raw → 3 confirmed (vol≥2.5× body≥30%)
05:55:28 core.sweep_detector INFO: OrderBlocks: 7 detected, 3 unmitigated
05:55:28 core.sweep_detector INFO: FVGs: 13 detected, 4 unfilled
05:55:30 core.sweep_detector INFO: SweepDetector v2: 2 raw → 1 confirmed (vol≥2.5× body≥30%)
05:55:30 core.sweep_detector INFO: OrderBlocks: 3 detected, 1 unmitigated
05:55:30 core.sweep_detector INFO: FVGs: 7 detected, 3 unfilled
05:55:32 core.sweep_detector INFO: SweepDetector v2: 1 raw → 0 confirmed (vol≥2.5× body≥30%)
05:55:32 core.sweep_detector INFO: OrderBlocks: 4 detected, 1 unmitigated
05:55:32 core.sweep_detector INFO: FVGs: 5 detected, 2 unfilled
05:55:33 core.sweep_detector INFO: SweepDetector v2: 4 raw → 4 confirmed (vol≥2.5× body≥30%)
05:55:33 core.sweep_detector INFO: OrderBlocks: 5 detected, 1 unmitigated
05:55:33 core.sweep_detector INFO: FVGs: 9 detected, 2 unfilled
05:55:35 core.sweep_detector INFO: SweepDetector v2: 1 raw → 1 confirmed (vol≥2.5× body≥30%)
05:55:35 core.sweep_detector INFO: OrderBlocks: 5 detected, 1 unmitigated
05:55:35 core.sweep_detector INFO: FVGs: 11 detected, 2 unfilled
05:55:37 core.sweep_detector INFO: SweepDetector v2: 2 raw → 2 confirmed (vol≥2.5× body≥30%)
05:55:37 core.sweep_detector INFO: OrderBlocks: 8 detected, 2 unmitigated
05:55:37 core.sweep_detector INFO: FVGs: 9 detected, 1 unfilled
05:55:39 core.sweep_detector INFO: SweepDetector v2: 2 raw → 1 confirmed (vol≥2.5× body≥30%)
05:55:39 core.sweep_detector INFO: OrderBlocks: 4 detected, 1 unmitigated
05:55:39 core.sweep_detector INFO: FVGs: 8 detected, 3 unfilled
05:55:40 core.sweep_detector INFO: SweepDetector v2: 1 raw → 1 confirmed (vol≥2.5× body≥30%)
05:55:40 core.sweep_detector INFO: OrderBlocks: 4 detected, 1 unmitigated
05:55:40 core.sweep_detector INFO: FVGs: 9 detected, 1 unfilled
05:55:42 core.sweep_detector INFO: SweepDetector v2: 0 raw → 0 confirmed (vol≥2.5× body≥30%)
05:55:42 core.sweep_detector INFO: OrderBlocks: 1 detected, 0 unmitigated
05:55:42 core.sweep_detector INFO: FVGs: 0 detected, 0 unfilled
05:55:43 core.sweep_detector INFO: SweepDetector v2: 0 raw → 0 confirmed (vol≥2.5× body≥30%)
05:55:43 core.sweep_detector INFO: OrderBlocks: 0 detected, 0 unmitigated
05:55:43 core.sweep_detector INFO: FVGs: 0 detected, 0 unfilled
05:55:45 core.sweep_detector INFO: SweepDetector v2: 0 raw → 0 confirmed (vol≥2.5× body≥30%)
05:55:45 core.sweep_detector INFO: OrderBlocks: 0 detected, 0 unmitigated
05:55:45 core.sweep_detector INFO: FVGs: 0 detected, 0 unfilled
05:55:47 core.sweep_detector INFO: SweepDetector v2: 2 raw → 2 confirmed (vol≥2.5× body≥30%)
05:55:47 core.sweep_detector INFO: OrderBlocks: 5 detected, 2 unmitigated
05:55:47 core.sweep_detector INFO: FVGs: 5 detected, 1 unfilled
05:55:49 core.sweep_detector INFO: SweepDetector v2: 2 raw → 2 confirmed (vol≥2.5× body≥30%)
05:55:49 core.sweep_detector INFO: OrderBlocks: 3 detected, 0 unmitigated
05:55:49 core.sweep_detector INFO: FVGs: 6 detected, 2 unfilled
05:55:50 core.sweep_detector INFO: SweepDetector v2: 2 raw → 2 confirmed (vol≥2.5× body≥30%)
05:55:50 core.sweep_detector INFO: OrderBlocks: 3 detected, 0 unmitigated
05:55:50 core.sweep_detector INFO: FVGs: 6 detected, 0 unfilled
05:55:52 core.sweep_detector INFO: SweepDetector v2: 0 raw → 0 confirmed (vol≥2.5× body≥30%)
05:55:52 core.sweep_detector INFO: OrderBlocks: 3 detected, 2 unmitigated
05:55:52 core.sweep_detector INFO: FVGs: 12 detected, 7 unfilled
05:55:54 core.sweep_detector INFO: SweepDetector v2: 0 raw → 0 confirmed (vol≥2.5× body≥30%)
05:55:54 core.sweep_detector INFO: OrderBlocks: 2 detected, 0 unmitigated
05:55:54 core.sweep_detector INFO: FVGs: 9 detected, 0 unfilled
05:55:55 core.sweep_detector INFO: SweepDetector v2: 3 raw → 3 confirmed (vol≥2.5× body≥30%)
05:55:55 core.sweep_detector INFO: OrderBlocks: 3 detected, 0 unmitigated
05:55:55 core.sweep_detector INFO: FVGs: 9 detected, 1 unfilled
05:55:58 core.sweep_detector INFO: SweepDetector v2: 5 raw → 3 confirmed (vol≥2.5× body≥30%)
05:55:58 core.sweep_detector INFO: OrderBlocks: 5 detected, 2 unmitigated
05:55:58 core.sweep_detector INFO: FVGs: 9 detected, 3 unfilled
05:56:00 core.sweep_detector INFO: SweepDetector v2: 2 raw → 2 confirmed (vol≥2.5× body≥30%)
05:56:00 core.sweep_detector INFO: OrderBlocks: 3 detected, 2 unmitigated
05:56:00 core.sweep_detector INFO: FVGs: 8 detected, 2 unfilled
05:56:01 core.sweep_detector INFO: SweepDetector v2: 4 raw → 4 confirmed (vol≥2.5× body≥30%)
05:56:01 core.sweep_detector INFO: OrderBlocks: 4 detected, 1 unmitigated
05:56:01 core.sweep_detector INFO: FVGs: 7 detected, 1 unfilled
05:56:03 core.sweep_detector INFO: SweepDetector v2: 0 raw → 0 confirmed (vol≥2.5× body≥30%)
05:56:03 core.sweep_detector INFO: OrderBlocks: 7 detected, 3 unmitigated
05:56:03 core.sweep_detector INFO: FVGs: 8 detected, 1 unfilled
05:56:05 core.sweep_detector INFO: SweepDetector v2: 3 raw → 3 confirmed (vol≥2.5× body≥30%)
05:56:05 core.sweep_detector INFO: OrderBlocks: 3 detected, 3 unmitigated
05:56:05 core.sweep_detector INFO: FVGs: 9 detected, 4 unfilled
05:56:06 core.sweep_detector INFO: SweepDetector v2: 2 raw → 1 confirmed (vol≥2.5× body≥30%)
05:56:06 core.sweep_detector INFO: OrderBlocks: 2 detected, 1 unmitigated
05:56:06 core.sweep_detector INFO: FVGs: 5 detected, 1 unfilled
05:56:08 core.sweep_detector INFO: SweepDetector v2: 1 raw → 1 confirmed (vol≥2.5× body≥30%)
05:56:08 core.sweep_detector INFO: OrderBlocks: 4 detected, 2 unmitigated
05:56:08 core.sweep_detector INFO: FVGs: 11 detected, 8 unfilled
05:56:10 core.sweep_detector INFO: SweepDetector v2: 1 raw → 1 confirmed (vol≥2.5× body≥30%)
05:56:10 core.sweep_detector INFO: OrderBlocks: 3 detected, 2 unmitigated
05:56:10 core.sweep_detector INFO: FVGs: 2 detected, 1 unfilled
05:56:12 core.sweep_detector INFO: SweepDetector v2: 2 raw → 2 confirmed (vol≥2.5× body≥30%)
05:56:12 core.sweep_detector INFO: OrderBlocks: 8 detected, 0 unmitigated
05:56:12 core.sweep_detector INFO: FVGs: 9 detected, 0 unfilled
05:56:13 core.sweep_detector INFO: SweepDetector v2: 2 raw → 2 confirmed (vol≥2.5× body≥30%)
05:56:13 core.sweep_detector INFO: OrderBlocks: 7 detected, 3 unmitigated
05:56:13 core.sweep_detector INFO: FVGs: 9 detected, 2 unfilled
05:56:15 core.sweep_detector INFO: SweepDetector v2: 3 raw → 0 confirmed (vol≥2.5× body≥30%)
05:56:15 core.sweep_detector INFO: OrderBlocks: 8 detected, 3 unmitigated
05:56:15 core.sweep_detector INFO: FVGs: 8 detected, 3 unfilled
05:56:17 core.sweep_detector INFO: SweepDetector v2: 1 raw → 0 confirmed (vol≥2.5× body≥30%)
05:56:17 core.sweep_detector INFO: OrderBlocks: 8 detected, 5 unmitigated
05:56:17 core.sweep_detector INFO: FVGs: 10 detected, 3 unfilled
05:56:19 core.sweep_detector INFO: SweepDetector v2: 1 raw → 0 confirmed (vol≥2.5× body≥30%)
05:56:19 core.sweep_detector INFO: OrderBlocks: 8 detected, 1 unmitigated
05:56:19 core.sweep_detector INFO: FVGs: 8 detected, 3 unfilled
05:56:21 core.sweep_detector INFO: SweepDetector v2: 4 raw → 1 confirmed (vol≥2.5× body≥30%)
05:56:21 core.sweep_detector INFO: OrderBlocks: 5 detected, 1 unmitigated
05:56:21 core.sweep_detector INFO: FVGs: 6 detected, 1 unfilled
05:56:22 core.sweep_detector INFO: SweepDetector v2: 2 raw → 2 confirmed (vol≥2.5× body≥30%)
05:56:22 core.sweep_detector INFO: OrderBlocks: 6 detected, 1 unmitigated
05:56:22 core.sweep_detector INFO: FVGs: 6 detected, 1 unfilled
05:56:24 core.sweep_detector INFO: SweepDetector v2: 2 raw → 0 confirmed (vol≥2.5× body≥30%)
05:56:24 core.sweep_detector INFO: OrderBlocks: 6 detected, 2 unmitigated
05:56:24 core.sweep_detector INFO: FVGs: 12 detected, 5 unfilled
05:56:26 core.sweep_detector INFO: SweepDetector v2: 4 raw → 3 confirmed (vol≥2.5× body≥30%)
05:56:26 core.sweep_detector INFO: OrderBlocks: 2 detected, 2 unmitigated
05:56:26 core.sweep_detector INFO: FVGs: 3 detected, 1 unfilled
05:56:28 core.sweep_detector INFO: SweepDetector v2: 1 raw → 1 confirmed (vol≥2.5× body≥30%)
05:56:28 core.sweep_detector INFO: OrderBlocks: 2 detected, 0 unmitigated
05:56:28 core.sweep_detector INFO: FVGs: 7 detected, 1 unfilled
05:56:29 core.sweep_detector INFO: SweepDetector v2: 7 raw → 5 confirmed (vol≥2.5× body≥30%)
05:56:29 core.sweep_detector INFO: OrderBlocks: 5 detected, 5 unmitigated
05:56:29 core.sweep_detector INFO: FVGs: 13 detected, 9 unfilled
05:56:31 core.sweep_detector INFO: SweepDetector v2: 2 raw → 1 confirmed (vol≥2.5× body≥30%)
05:56:31 core.sweep_detector INFO: OrderBlocks: 3 detected, 2 unmitigated
05:56:31 core.sweep_detector INFO: FVGs: 7 detected, 1 unfilled
05:56:33 core.sweep_detector INFO: SweepDetector v2: 4 raw → 4 confirmed (vol≥2.5× body≥30%)
05:56:33 core.sweep_detector INFO: OrderBlocks: 5 detected, 2 unmitigated
05:56:33 core.sweep_detector INFO: FVGs: 8 detected, 5 unfilled
05:56:34 core.sweep_detector INFO: SweepDetector v2: 0 raw → 0 confirmed (vol≥2.5× body≥30%)
05:56:34 core.sweep_detector INFO: OrderBlocks: 8 detected, 4 unmitigated
05:56:34 core.sweep_detector INFO: FVGs: 13 detected, 4 unfilled
05:56:37 core.sweep_detector INFO: SweepDetector v2: 3 raw → 2 confirmed (vol≥2.5× body≥30%)
05:56:37 core.sweep_detector INFO: OrderBlocks: 5 detected, 2 unmitigated
05:56:37 core.sweep_detector INFO: FVGs: 10 detected, 1 unfilled
05:56:38 core.sweep_detector INFO: SweepDetector v2: 3 raw → 2 confirmed (vol≥2.5× body≥30%)
05:56:38 core.sweep_detector INFO: OrderBlocks: 5 detected, 1 unmitigated
05:56:38 core.sweep_detector INFO: FVGs: 7 detected, 1 unfilled
05:56:40 core.sweep_detector INFO: SweepDetector v2: 3 raw → 3 confirmed (vol≥2.5× body≥30%)
05:56:40 core.sweep_detector INFO: OrderBlocks: 2 detected, 0 unmitigated
05:56:40 core.sweep_detector INFO: FVGs: 5 detected, 1 unfilled
05:56:42 core.sweep_detector INFO: SweepDetector v2: 3 raw → 2 confirmed (vol≥2.5× body≥30%)
05:56:42 core.sweep_detector INFO: OrderBlocks: 5 detected, 2 unmitigated
05:56:42 core.sweep_detector INFO: FVGs: 11 detected, 3 unfilled
05:56:44 core.sweep_detector INFO: SweepDetector v2: 1 raw → 1 confirmed (vol≥2.5× body≥30%)
05:56:44 core.sweep_detector INFO: OrderBlocks: 7 detected, 1 unmitigated
05:56:44 core.sweep_detector INFO: FVGs: 8 detected, 0 unfilled
05:56:45 core.sweep_detector INFO: SweepDetector v2: 3 raw → 2 confirmed (vol≥2.5× body≥30%)
05:56:45 core.sweep_detector INFO: OrderBlocks: 3 detected, 3 unmitigated
05:56:45 core.sweep_detector INFO: FVGs: 13 detected, 8 unfilled
05:56:47 core.sweep_detector INFO: SweepDetector v2: 2 raw → 2 confirmed (vol≥2.5× body≥30%)
05:56:47 core.sweep_detector INFO: OrderBlocks: 4 detected, 1 unmitigated
05:56:47 core.sweep_detector INFO: FVGs: 7 detected, 3 unfilled
05:56:49 core.sweep_detector INFO: SweepDetector v2: 2 raw → 1 confirmed (vol≥2.5× body≥30%)
05:56:49 core.sweep_detector INFO: OrderBlocks: 4 detected, 2 unmitigated
05:56:49 core.sweep_detector INFO: FVGs: 5 detected, 2 unfilled
05:56:51 core.sweep_detector INFO: SweepDetector v2: 1 raw → 0 confirmed (vol≥2.5× body≥30%)
05:56:51 core.sweep_detector INFO: OrderBlocks: 4 detected, 0 unmitigated
05:56:51 core.sweep_detector INFO: FVGs: 15 detected, 5 unfilled
05:56:52 core.sweep_detector INFO: SweepDetector v2: 0 raw → 0 confirmed (vol≥2.5× body≥30%)
05:56:52 core.sweep_detector INFO: OrderBlocks: 7 detected, 1 unmitigated
05:56:52 core.sweep_detector INFO: FVGs: 5 detected, 1 unfilled
05:56:54 core.sweep_detector INFO: SweepDetector v2: 2 raw → 2 confirmed (vol≥2.5× body≥30%)
05:56:54 core.sweep_detector INFO: OrderBlocks: 7 detected, 4 unmitigated
05:56:54 core.sweep_detector INFO: FVGs: 5 detected, 2 unfilled
05:56:56 core.sweep_detector INFO: SweepDetector v2: 2 raw → 1 confirmed (vol≥2.5× body≥30%)
05:56:56 core.sweep_detector INFO: OrderBlocks: 7 detected, 4 unmitigated
05:56:56 core.sweep_detector INFO: FVGs: 10 detected, 6 unfilled
05:56:57 core.sweep_detector INFO: SweepDetector v2: 3 raw → 3 confirmed (vol≥2.5× body≥30%)
05:56:57 core.sweep_detector INFO: OrderBlocks: 5 detected, 3 unmitigated
05:56:57 core.sweep_detector INFO: FVGs: 13 detected, 3 unfilled
05:56:59 core.sweep_detector INFO: SweepDetector v2: 5 raw → 4 confirmed (vol≥2.5× body≥30%)
05:56:59 core.sweep_detector INFO: OrderBlocks: 6 detected, 1 unmitigated
05:56:59 core.sweep_detector INFO: FVGs: 10 detected, 3 unfilled
05:57:01 core.sweep_detector INFO: SweepDetector v2: 0 raw → 0 confirmed (vol≥2.5× body≥30%)
05:57:01 core.sweep_detector INFO: OrderBlocks: 9 detected, 2 unmitigated
05:57:01 core.sweep_detector INFO: FVGs: 9 detected, 2 unfilled
05:57:02 core.sweep_detector INFO: SweepDetector v2: 1 raw → 1 confirmed (vol≥2.5× body≥30%)
05:57:02 core.sweep_detector INFO: OrderBlocks: 5 detected, 2 unmitigated
05:57:02 core.sweep_detector INFO: FVGs: 6 detected, 2 unfilled
05:57:05 core.sweep_detector INFO: SweepDetector v2: 1 raw → 1 confirmed (vol≥2.5× body≥30%)
05:57:05 core.sweep_detector INFO: OrderBlocks: 3 detected, 2 unmitigated
05:57:05 core.sweep_detector INFO: FVGs: 3 detected, 1 unfilled
05:57:06 core.sweep_detector INFO: SweepDetector v2: 0 raw → 0 confirmed (vol≥2.5× body≥30%)
05:57:06 core.sweep_detector INFO: OrderBlocks: 0 detected, 0 unmitigated
05:57:06 core.sweep_detector INFO: FVGs: 0 detected, 0 unfilled
05:57:08 core.sweep_detector INFO: SweepDetector v2: 0 raw → 0 confirmed (vol≥2.5× body≥30%)
05:57:08 core.sweep_detector INFO: OrderBlocks: 1 detected, 0 unmitigated
05:57:08 core.sweep_detector INFO: FVGs: 0 detected, 0 unfilled
05:57:10 core.sweep_detector INFO: SweepDetector v2: 0 raw → 0 confirmed (vol≥2.5× body≥30%)
05:57:10 core.sweep_detector INFO: OrderBlocks: 0 detected, 0 unmitigated
05:57:10 core.sweep_detector INFO: FVGs: 0 detected, 0 unfilled
05:57:13 core.sweep_detector INFO: SweepDetector v2: 1 raw → 1 confirmed (vol≥2.5× body≥30%)
05:57:13 core.sweep_detector INFO: OrderBlocks: 6 detected, 1 unmitigated
05:57:13 core.sweep_detector INFO: FVGs: 9 detected, 4 unfilled
05:57:15 core.sweep_detector INFO: SweepDetector v2: 2 raw → 2 confirmed (vol≥2.5× body≥30%)
05:57:15 core.sweep_detector INFO: OrderBlocks: 6 detected, 2 unmitigated
05:57:15 core.sweep_detector INFO: FVGs: 9 detected, 3 unfilled
05:57:16 core.sweep_detector INFO: SweepDetector v2: 2 raw → 2 confirmed (vol≥2.5× body≥30%)
05:57:16 core.sweep_detector INFO: OrderBlocks: 4 detected, 2 unmitigated
05:57:16 core.sweep_detector INFO: FVGs: 5 detected, 2 unfilled
05:57:18 core.sweep_detector INFO: SweepDetector v2: 1 raw → 1 confirmed (vol≥2.5× body≥30%)
05:57:18 core.sweep_detector INFO: OrderBlocks: 2 detected, 0 unmitigated
05:57:18 core.sweep_detector INFO: FVGs: 0 detected, 0 unfilled
05:57:20 core.sweep_detector INFO: SweepDetector v2: 0 raw → 0 confirmed (vol≥2.5× body≥30%)
05:57:20 core.sweep_detector INFO: OrderBlocks: 2 detected, 0 unmitigated
05:57:20 core.sweep_detector INFO: FVGs: 0 detected, 0 unfilled
05:57:21 core.sweep_detector INFO: SweepDetector v2: 0 raw → 0 confirmed (vol≥2.5× body≥30%)
05:57:21 core.sweep_detector INFO: OrderBlocks: 1 detected, 0 unmitigated
05:57:21 core.sweep_detector INFO: FVGs: 0 detected, 0 unfilled
05:57:23 core.sweep_detector INFO: SweepDetector v2: 0 raw → 0 confirmed (vol≥2.5× body≥30%)
05:57:23 core.sweep_detector INFO: OrderBlocks: 3 detected, 0 unmitigated
05:57:23 core.sweep_detector INFO: FVGs: 0 detected, 0 unfilled
05:57:25 core.sweep_detector INFO: SweepDetector v2: 0 raw → 0 confirmed (vol≥2.5× body≥30%)
05:57:25 core.sweep_detector INFO: OrderBlocks: 1 detected, 0 unmitigated
05:57:25 core.sweep_detector INFO: FVGs: 0 detected, 0 unfilled
05:57:27 core.sweep_detector INFO: SweepDetector v2: 0 raw → 0 confirmed (vol≥2.5× body≥30%)
05:57:27 core.sweep_detector INFO: OrderBlocks: 0 detected, 0 unmitigated
05:57:27 core.sweep_detector INFO: FVGs: 0 detected, 0 unfilled
05:57:29 core.sweep_detector INFO: SweepDetector v2: 0 raw → 0 confirmed (vol≥2.5× body≥30%)
05:57:29 core.sweep_detector INFO: OrderBlocks: 1 detected, 0 unmitigated
05:57:29 core.sweep_detector INFO: FVGs: 0 detected, 0 unfilled
05:57:30 core.sweep_detector INFO: SweepDetector v2: 0 raw → 0 confirmed (vol≥2.5× body≥30%)
05:57:30 core.sweep_detector INFO: OrderBlocks: 1 detected, 1 unmitigated
05:57:30 core.sweep_detector INFO: FVGs: 0 detected, 0 unfilled
05:57:32 core.sweep_detector INFO: SweepDetector v2: 0 raw → 0 confirmed (vol≥2.5× body≥30%)
05:57:32 core.sweep_detector INFO: OrderBlocks: 2 detected, 0 unmitigated
05:57:32 core.sweep_detector INFO: FVGs: 0 detected, 0 unfilled
05:57:34 core.sweep_detector INFO: SweepDetector v2: 3 raw → 3 confirmed (vol≥2.5× body≥30%)
05:57:34 core.sweep_detector INFO: OrderBlocks: 5 detected, 1 unmitigated
05:57:34 core.sweep_detector INFO: FVGs: 10 detected, 3 unfilled
05:57:35 core.sweep_detector INFO: SweepDetector v2: 5 raw → 4 confirmed (vol≥2.5× body≥30%)
05:57:35 core.sweep_detector INFO: OrderBlocks: 7 detected, 3 unmitigated
05:57:35 core.sweep_detector INFO: FVGs: 8 detected, 4 unfilled
05:57:37 core.sweep_detector INFO: SweepDetector v2: 1 raw → 1 confirmed (vol≥2.5× body≥30%)
05:57:37 core.sweep_detector INFO: OrderBlocks: 3 detected, 1 unmitigated
05:57:37 core.sweep_detector INFO: FVGs: 3 detected, 0 unfilled
05:57:38 core.sweep_detector INFO: SweepDetector v2: 0 raw → 0 confirmed (vol≥2.5× body≥30%)
05:57:39 core.sweep_detector INFO: OrderBlocks: 6 detected, 1 unmitigated
05:57:39 core.sweep_detector INFO: FVGs: 11 detected, 4 unfilled
05:57:40 core.sweep_detector INFO: SweepDetector v2: 1 raw → 1 confirmed (vol≥2.5× body≥30%)
05:57:40 core.sweep_detector INFO: OrderBlocks: 3 detected, 1 unmitigated
05:57:40 core.sweep_detector INFO: FVGs: 9 detected, 2 unfilled
05:57:42 core.sweep_detector INFO: SweepDetector v2: 3 raw → 3 confirmed (vol≥2.5× body≥30%)
05:57:42 core.sweep_detector INFO: OrderBlocks: 4 detected, 1 unmitigated
05:57:42 core.sweep_detector INFO: FVGs: 7 detected, 1 unfilled
05:57:44 core.sweep_detector INFO: SweepDetector v2: 1 raw → 1 confirmed (vol≥2.5× body≥30%)
05:57:44 core.sweep_detector INFO: OrderBlocks: 7 detected, 1 unmitigated
05:57:44 core.sweep_detector INFO: FVGs: 10 detected, 2 unfilled
05:57:46 core.sweep_detector INFO: SweepDetector v2: 1 raw → 1 confirmed (vol≥2.5× body≥30%)
05:57:46 core.sweep_detector INFO: OrderBlocks: 3 detected, 1 unmitigated
05:57:46 core.sweep_detector INFO: FVGs: 9 detected, 2 unfilled
05:57:47 core.sweep_detector INFO: SweepDetector v2: 2 raw → 2 confirmed (vol≥2.5× body≥30%)
05:57:47 core.sweep_detector INFO: OrderBlocks: 5 detected, 1 unmitigated
05:57:47 core.sweep_detector INFO: FVGs: 8 detected, 5 unfilled
05:57:49 core.sweep_detector INFO: SweepDetector v2: 1 raw → 1 confirmed (vol≥2.5× body≥30%)
05:57:49 core.sweep_detector INFO: OrderBlocks: 2 detected, 1 unmitigated
05:57:49 core.sweep_detector INFO: FVGs: 8 detected, 3 unfilled
05:57:51 core.sweep_detector INFO: SweepDetector v2: 2 raw → 1 confirmed (vol≥2.5× body≥30%)
05:57:51 core.sweep_detector INFO: OrderBlocks: 2 detected, 0 unmitigated
05:57:51 core.sweep_detector INFO: FVGs: 6 detected, 0 unfilled
05:57:53 core.sweep_detector INFO: SweepDetector v2: 0 raw → 0 confirmed (vol≥2.5× body≥30%)
05:57:53 core.sweep_detector INFO: OrderBlocks: 2 detected, 1 unmitigated
05:57:53 core.sweep_detector INFO: FVGs: 4 detected, 1 unfilled
05:57:55 core.sweep_detector INFO: SweepDetector v2: 2 raw → 1 confirmed (vol≥2.5× body≥30%)
05:57:55 core.sweep_detector INFO: OrderBlocks: 6 detected, 4 unmitigated
05:57:55 core.sweep_detector INFO: FVGs: 13 detected, 6 unfilled
05:57:56 core.sweep_detector INFO: SweepDetector v2: 4 raw → 4 confirmed (vol≥2.5× body≥30%)
05:57:56 core.sweep_detector INFO: OrderBlocks: 3 detected, 0 unmitigated
05:57:56 core.sweep_detector INFO: FVGs: 6 detected, 1 unfilled
05:57:58 core.sweep_detector INFO: SweepDetector v2: 1 raw → 1 confirmed (vol≥2.5× body≥30%)
05:57:58 core.sweep_detector INFO: OrderBlocks: 5 detected, 2 unmitigated
05:57:58 core.sweep_detector INFO: FVGs: 9 detected, 3 unfilled
05:58:00 core.sweep_detector INFO: SweepDetector v2: 2 raw → 1 confirmed (vol≥2.5× body≥30%)
05:58:00 core.sweep_detector INFO: OrderBlocks: 5 detected, 1 unmitigated
05:58:00 core.sweep_detector INFO: FVGs: 6 detected, 2 unfilled
05:58:02 core.sweep_detector INFO: SweepDetector v2: 1 raw → 1 confirmed (vol≥2.5× body≥30%)
05:58:02 core.sweep_detector INFO: OrderBlocks: 5 detected, 1 unmitigated
05:58:02 core.sweep_detector INFO: FVGs: 8 detected, 1 unfilled
05:58:04 core.sweep_detector INFO: SweepDetector v2: 3 raw → 2 confirmed (vol≥2.5× body≥30%)
05:58:04 core.sweep_detector INFO: OrderBlocks: 6 detected, 2 unmitigated
05:58:04 core.sweep_detector INFO: FVGs: 6 detected, 2 unfilled
05:58:06 core.sweep_detector INFO: SweepDetector v2: 0 raw → 0 confirmed (vol≥2.5× body≥30%)
05:58:06 core.sweep_detector INFO: OrderBlocks: 2 detected, 1 unmitigated
05:58:06 core.sweep_detector INFO: FVGs: 5 detected, 1 unfilled
05:58:07 core.sweep_detector INFO: SweepDetector v2: 0 raw → 0 confirmed (vol≥2.5× body≥30%)
05:58:07 core.sweep_detector INFO: OrderBlocks: 7 detected, 2 unmitigated
05:58:07 core.sweep_detector INFO: FVGs: 9 detected, 2 unfilled
05:58:09 core.sweep_detector INFO: SweepDetector v2: 1 raw → 1 confirmed (vol≥2.5× body≥30%)
05:58:09 core.sweep_detector INFO: OrderBlocks: 7 detected, 3 unmitigated
05:58:09 core.sweep_detector INFO: FVGs: 4 detected, 1 unfilled
05:58:11 core.sweep_detector INFO: SweepDetector v2: 0 raw → 0 confirmed (vol≥2.5× body≥30%)
05:58:11 core.sweep_detector INFO: OrderBlocks: 8 detected, 1 unmitigated
05:58:11 core.sweep_detector INFO: FVGs: 10 detected, 2 unfilled
05:58:13 core.sweep_detector INFO: SweepDetector v2: 1 raw → 1 confirmed (vol≥2.5× body≥30%)
05:58:13 core.sweep_detector INFO: OrderBlocks: 6 detected, 1 unmitigated
05:58:13 core.sweep_detector INFO: FVGs: 10 detected, 2 unfilled
05:58:15 core.sweep_detector INFO: SweepDetector v2: 2 raw → 1 confirmed (vol≥2.5× body≥30%)
05:58:15 core.sweep_detector INFO: OrderBlocks: 5 detected, 1 unmitigated
05:58:15 core.sweep_detector INFO: FVGs: 7 detected, 2 unfilled
05:58:17 core.sweep_detector INFO: SweepDetector v2: 0 raw → 0 confirmed (vol≥2.5× body≥30%)
05:58:17 core.sweep_detector INFO: OrderBlocks: 9 detected, 1 unmitigated
05:58:17 core.sweep_detector INFO: FVGs: 10 detected, 2 unfilled
05:58:19 core.sweep_detector INFO: SweepDetector v2: 2 raw → 2 confirmed (vol≥2.5× body≥30%)
05:58:19 core.sweep_detector INFO: OrderBlocks: 5 detected, 1 unmitigated
05:58:19 core.sweep_detector INFO: FVGs: 11 detected, 1 unfilled
05:58:21 core.sweep_detector INFO: SweepDetector v2: 4 raw → 4 confirmed (vol≥2.5× body≥30%)
05:58:21 core.sweep_detector INFO: OrderBlocks: 7 detected, 3 unmitigated
05:58:21 core.sweep_detector INFO: FVGs: 13 detected, 4 unfilled
05:58:22 core.sweep_detector INFO: SweepDetector v2: 2 raw → 2 confirmed (vol≥2.5× body≥30%)
05:58:22 core.sweep_detector INFO: OrderBlocks: 8 detected, 1 unmitigated
05:58:22 core.sweep_detector INFO: FVGs: 8 detected, 2 unfilled
05:58:24 core.sweep_detector INFO: SweepDetector v2: 2 raw → 2 confirmed (vol≥2.5× body≥30%)
05:58:24 core.sweep_detector INFO: OrderBlocks: 5 detected, 0 unmitigated
05:58:24 core.sweep_detector INFO: FVGs: 6 detected, 1 unfilled
05:58:26 core.sweep_detector INFO: SweepDetector v2: 1 raw → 1 confirmed (vol≥2.5× body≥30%)
05:58:26 core.sweep_detector INFO: OrderBlocks: 3 detected, 0 unmitigated
05:58:26 core.sweep_detector INFO: FVGs: 6 detected, 1 unfilled
05:58:28 core.sweep_detector INFO: SweepDetector v2: 0 raw → 0 confirmed (vol≥2.5× body≥30%)
05:58:28 core.sweep_detector INFO: OrderBlocks: 1 detected, 0 unmitigated
05:58:28 core.sweep_detector INFO: FVGs: 0 detected, 0 unfilled
05:58:30 core.sweep_detector INFO: SweepDetector v2: 0 raw → 0 confirmed (vol≥2.5× body≥30%)
05:58:30 core.sweep_detector INFO: OrderBlocks: 4 detected, 0 unmitigated
05:58:30 core.sweep_detector INFO: FVGs: 0 detected, 0 unfilled
05:58:32 core.sweep_detector INFO: SweepDetector v2: 0 raw → 0 confirmed (vol≥2.5× body≥30%)
05:58:32 core.sweep_detector INFO: OrderBlocks: 0 detected, 0 unmitigated
05:58:32 core.sweep_detector INFO: FVGs: 0 detected, 0 unfilled
05:58:33 core.sweep_detector INFO: SweepDetector v2: 6 raw → 3 confirmed (vol≥2.5× body≥30%)
05:58:33 core.sweep_detector INFO: OrderBlocks: 7 detected, 3 unmitigated
05:58:33 core.sweep_detector INFO: FVGs: 11 detected, 3 unfilled
05:58:35 core.sweep_detector INFO: SweepDetector v2: 1 raw → 1 confirmed (vol≥2.5× body≥30%)
05:58:35 core.sweep_detector INFO: OrderBlocks: 6 detected, 2 unmitigated
05:58:35 core.sweep_detector INFO: FVGs: 12 detected, 2 unfilled
05:58:36 core.sweep_detector INFO: SweepDetector v2: 2 raw → 1 confirmed (vol≥2.5× body≥30%)
05:58:36 core.sweep_detector INFO: OrderBlocks: 1 detected, 1 unmitigated
05:58:36 core.sweep_detector INFO: FVGs: 8 detected, 1 unfilled
05:58:38 core.sweep_detector INFO: SweepDetector v2: 1 raw → 1 confirmed (vol≥2.5× body≥30%)
05:58:38 core.sweep_detector INFO: OrderBlocks: 7 detected, 2 unmitigated
05:58:38 core.sweep_detector INFO: FVGs: 7 detected, 1 unfilled
05:58:40 core.sweep_detector INFO: SweepDetector v2: 3 raw → 2 confirmed (vol≥2.5× body≥30%)
05:58:40 core.sweep_detector INFO: OrderBlocks: 3 detected, 1 unmitigated
05:58:40 core.sweep_detector INFO: FVGs: 10 detected, 3 unfilled
05:58:42 core.sweep_detector INFO: SweepDetector v2: 1 raw → 1 confirmed (vol≥2.5× body≥30%)
05:58:42 core.sweep_detector INFO: OrderBlocks: 6 detected, 1 unmitigated
05:58:42 core.sweep_detector INFO: FVGs: 8 detected, 2 unfilled
05:58:43 core.sweep_detector INFO: SweepDetector v2: 0 raw → 0 confirmed (vol≥2.5× body≥30%)
05:58:43 core.sweep_detector INFO: OrderBlocks: 7 detected, 4 unmitigated
05:58:43 core.sweep_detector INFO: FVGs: 11 detected, 4 unfilled
05:58:45 core.sweep_detector INFO: SweepDetector v2: 0 raw → 0 confirmed (vol≥2.5× body≥30%)
05:58:45 core.sweep_detector INFO: OrderBlocks: 10 detected, 3 unmitigated
05:58:45 core.sweep_detector INFO: FVGs: 9 detected, 4 unfilled
05:58:47 core.sweep_detector INFO: SweepDetector v2: 4 raw → 3 confirmed (vol≥2.5× body≥30%)
05:58:47 core.sweep_detector INFO: OrderBlocks: 8 detected, 4 unmitigated
05:58:47 core.sweep_detector INFO: FVGs: 11 detected, 5 unfilled
05:58:49 core.sweep_detector INFO: SweepDetector v2: 2 raw → 2 confirmed (vol≥2.5× body≥30%)
05:58:49 core.sweep_detector INFO: OrderBlocks: 4 detected, 1 unmitigated
05:58:49 core.sweep_detector INFO: FVGs: 5 detected, 3 unfilled
05:58:50 core.sweep_detector INFO: SweepDetector v2: 1 raw → 1 confirmed (vol≥2.5× body≥30%)
05:58:50 core.sweep_detector INFO: OrderBlocks: 4 detected, 1 unmitigated
05:58:50 core.sweep_detector INFO: FVGs: 8 detected, 2 unfilled
05:58:52 core.sweep_detector INFO: SweepDetector v2: 2 raw → 2 confirmed (vol≥2.5× body≥30%)
05:58:52 core.sweep_detector INFO: OrderBlocks: 4 detected, 1 unmitigated
05:58:52 core.sweep_detector INFO: FVGs: 11 detected, 2 unfilled
/root/.openclaw/workspace/projects/crypto-liquidity-hunter/main.py:555: DeprecationWarning: datetime.datetime.utcnow() is deprecated and scheduled for removal in a future version. Use timezone-aware objects to represent datetimes in UTC: datetime.datetime.now(datetime.UTC).
  scan_end     = datetime.utcnow()

=== SCAN ALL: 96 pairs, 3 timeframes ===
Total signals generated: 0
