09:25:02 __main__ INFO: Volume filter: fetching all tickers in one call...
09:25:03 __main__ INFO: Volume filter: 136/447 pairs pass $1M threshold
/root/.openclaw/workspace/projects/crypto-liquidity-hunter/main.py:292: DeprecationWarning: datetime.datetime.utcnow() is deprecated and scheduled for removal in a future version. Use timezone-aware objects to represent datetimes in UTC: datetime.datetime.now(datetime.UTC).
  scan_start = datetime.utcnow()   # for duration tracking
09:25:04 core.binance_connector INFO: BinanceConnector: connected [LIVE FUTURES]
09:25:04 __main__ INFO: Auto-executor: account 'Liquiddbot1' mode=live exec=pending
09:25:06 core.sweep_detector INFO: SweepDetector v2: 3 raw → 3 confirmed (vol≥1.5× body≥40%)
09:25:06 core.sweep_detector INFO: OrderBlocks: 8 detected, 0 unmitigated
09:25:06 core.sweep_detector INFO: FVGs: 12 detected, 2 unfilled
09:25:08 core.sweep_detector INFO: SweepDetector v2: 7 raw → 6 confirmed (vol≥1.5× body≥40%)
09:25:08 core.sweep_detector INFO: OrderBlocks: 3 detected, 2 unmitigated
09:25:08 core.sweep_detector INFO: FVGs: 14 detected, 6 unfilled
09:25:10 core.sweep_detector INFO: SweepDetector v2: 3 raw → 2 confirmed (vol≥1.5× body≥40%)
09:25:10 core.sweep_detector INFO: OrderBlocks: 4 detected, 2 unmitigated
09:25:10 core.sweep_detector INFO: FVGs: 6 detected, 2 unfilled
09:25:12 core.sweep_detector INFO: SweepDetector v2: 3 raw → 2 confirmed (vol≥1.5× body≥40%)
09:25:12 core.sweep_detector INFO: OrderBlocks: 3 detected, 2 unmitigated
09:25:12 core.sweep_detector INFO: FVGs: 7 detected, 3 unfilled
09:25:14 core.sweep_detector INFO: SweepDetector v2: 3 raw → 2 confirmed (vol≥1.5× body≥40%)
09:25:14 core.sweep_detector INFO: OrderBlocks: 1 detected, 0 unmitigated
09:25:14 core.sweep_detector INFO: FVGs: 5 detected, 0 unfilled
09:25:16 core.sweep_detector INFO: SweepDetector v2: 4 raw → 4 confirmed (vol≥1.5× body≥40%)
09:25:16 core.sweep_detector INFO: OrderBlocks: 1 detected, 0 unmitigated
09:25:16 core.sweep_detector INFO: FVGs: 2 detected, 0 unfilled
09:25:17 core.sweep_detector INFO: SweepDetector v2: 4 raw → 3 confirmed (vol≥1.5× body≥40%)
09:25:17 core.sweep_detector INFO: OrderBlocks: 10 detected, 4 unmitigated
09:25:17 core.sweep_detector INFO: FVGs: 11 detected, 6 unfilled
09:25:19 core.sweep_detector INFO: SweepDetector v2: 5 raw → 4 confirmed (vol≥1.5× body≥40%)
09:25:19 core.sweep_detector INFO: OrderBlocks: 2 detected, 0 unmitigated
09:25:19 core.sweep_detector INFO: FVGs: 7 detected, 4 unfilled
09:25:21 core.sweep_detector INFO: SweepDetector v2: 4 raw → 2 confirmed (vol≥1.5× body≥40%)
09:25:21 core.sweep_detector INFO: OrderBlocks: 5 detected, 2 unmitigated
09:25:21 core.sweep_detector INFO: FVGs: 6 detected, 2 unfilled
09:25:23 core.sweep_detector INFO: SweepDetector v2: 5 raw → 4 confirmed (vol≥1.5× body≥40%)
09:25:23 core.sweep_detector INFO: OrderBlocks: 7 detected, 0 unmitigated
09:25:23 core.sweep_detector INFO: FVGs: 10 detected, 4 unfilled
09:25:24 core.sweep_detector INFO: SweepDetector v2: 6 raw → 4 confirmed (vol≥1.5× body≥40%)
09:25:24 core.sweep_detector INFO: OrderBlocks: 2 detected, 1 unmitigated
09:25:24 core.sweep_detector INFO: FVGs: 5 detected, 3 unfilled
09:25:26 core.sweep_detector INFO: SweepDetector v2: 3 raw → 3 confirmed (vol≥1.5× body≥40%)
09:25:26 core.sweep_detector INFO: OrderBlocks: 5 detected, 3 unmitigated
09:25:26 core.sweep_detector INFO: FVGs: 4 detected, 3 unfilled
09:25:28 core.sweep_detector INFO: SweepDetector v2: 4 raw → 3 confirmed (vol≥1.5× body≥40%)
09:25:28 core.sweep_detector INFO: OrderBlocks: 2 detected, 1 unmitigated
09:25:28 core.sweep_detector INFO: FVGs: 3 detected, 2 unfilled
09:25:29 core.sweep_detector INFO: SweepDetector v2: 2 raw → 1 confirmed (vol≥1.5× body≥40%)
09:25:29 core.sweep_detector INFO: OrderBlocks: 3 detected, 0 unmitigated
09:25:29 core.sweep_detector INFO: FVGs: 7 detected, 2 unfilled
09:25:31 core.sweep_detector INFO: SweepDetector v2: 7 raw → 3 confirmed (vol≥1.5× body≥40%)
09:25:31 core.sweep_detector INFO: OrderBlocks: 0 detected, 0 unmitigated
09:25:31 core.sweep_detector INFO: FVGs: 4 detected, 2 unfilled
09:25:33 core.sweep_detector INFO: SweepDetector v2: 2 raw → 2 confirmed (vol≥1.5× body≥40%)
09:25:33 core.sweep_detector INFO: OrderBlocks: 5 detected, 0 unmitigated
09:25:33 core.sweep_detector INFO: FVGs: 5 detected, 1 unfilled
09:25:35 core.sweep_detector INFO: SweepDetector v2: 3 raw → 2 confirmed (vol≥1.5× body≥40%)
09:25:35 core.sweep_detector INFO: OrderBlocks: 5 detected, 2 unmitigated
09:25:35 core.sweep_detector INFO: FVGs: 5 detected, 1 unfilled
09:25:37 core.sweep_detector INFO: SweepDetector v2: 4 raw → 4 confirmed (vol≥1.5× body≥40%)
09:25:37 core.sweep_detector INFO: OrderBlocks: 4 detected, 1 unmitigated
09:25:37 core.sweep_detector INFO: FVGs: 6 detected, 3 unfilled
09:25:38 core.sweep_detector INFO: SweepDetector v2: 4 raw → 2 confirmed (vol≥1.5× body≥40%)
09:25:38 core.sweep_detector INFO: OrderBlocks: 6 detected, 2 unmitigated
09:25:38 core.sweep_detector INFO: FVGs: 9 detected, 2 unfilled
09:25:40 core.sweep_detector INFO: SweepDetector v2: 2 raw → 2 confirmed (vol≥1.5× body≥40%)
09:25:40 core.sweep_detector INFO: OrderBlocks: 3 detected, 2 unmitigated
09:25:40 core.sweep_detector INFO: FVGs: 5 detected, 3 unfilled
09:25:41 core.sweep_detector INFO: SweepDetector v2: 2 raw → 2 confirmed (vol≥1.5× body≥40%)
09:25:41 core.sweep_detector INFO: OrderBlocks: 4 detected, 3 unmitigated
09:25:41 core.sweep_detector INFO: FVGs: 9 detected, 5 unfilled
09:25:43 core.sweep_detector INFO: SweepDetector v2: 5 raw → 3 confirmed (vol≥1.5× body≥40%)
09:25:43 core.sweep_detector INFO: OrderBlocks: 7 detected, 2 unmitigated
09:25:43 core.sweep_detector INFO: FVGs: 8 detected, 2 unfilled
09:25:44 core.sweep_detector INFO: SweepDetector v2: 4 raw → 4 confirmed (vol≥1.5× body≥40%)
09:25:44 core.sweep_detector INFO: OrderBlocks: 1 detected, 0 unmitigated
09:25:44 core.sweep_detector INFO: FVGs: 10 detected, 4 unfilled
09:25:46 core.sweep_detector INFO: SweepDetector v2: 3 raw → 3 confirmed (vol≥1.5× body≥40%)
09:25:46 core.sweep_detector INFO: OrderBlocks: 3 detected, 0 unmitigated
09:25:46 core.sweep_detector INFO: FVGs: 7 detected, 2 unfilled
09:25:48 core.sweep_detector INFO: SweepDetector v2: 3 raw → 2 confirmed (vol≥1.5× body≥40%)
09:25:48 core.sweep_detector INFO: OrderBlocks: 4 detected, 2 unmitigated
09:25:48 core.sweep_detector INFO: FVGs: 5 detected, 1 unfilled
09:25:49 core.sweep_detector INFO: SweepDetector v2: 1 raw → 0 confirmed (vol≥1.5× body≥40%)
09:25:49 core.sweep_detector INFO: OrderBlocks: 1 detected, 0 unmitigated
09:25:49 core.sweep_detector INFO: FVGs: 5 detected, 1 unfilled
09:25:52 core.sweep_detector INFO: SweepDetector v2: 2 raw → 1 confirmed (vol≥1.5× body≥40%)
09:25:52 core.sweep_detector INFO: OrderBlocks: 1 detected, 0 unmitigated
09:25:52 core.sweep_detector INFO: FVGs: 5 detected, 1 unfilled
09:25:53 core.sweep_detector INFO: SweepDetector v2: 3 raw → 2 confirmed (vol≥1.5× body≥40%)
09:25:53 core.sweep_detector INFO: OrderBlocks: 5 detected, 3 unmitigated
09:25:53 core.sweep_detector INFO: FVGs: 9 detected, 4 unfilled
09:25:55 core.sweep_detector INFO: SweepDetector v2: 4 raw → 3 confirmed (vol≥1.5× body≥40%)
09:25:55 core.sweep_detector INFO: OrderBlocks: 2 detected, 1 unmitigated
09:25:55 core.sweep_detector INFO: FVGs: 6 detected, 4 unfilled
09:25:57 core.sweep_detector INFO: SweepDetector v2: 0 raw → 0 confirmed (vol≥1.5× body≥40%)
09:25:57 core.sweep_detector INFO: OrderBlocks: 3 detected, 1 unmitigated
09:25:57 core.sweep_detector INFO: FVGs: 7 detected, 2 unfilled
09:25:58 core.sweep_detector INFO: SweepDetector v2: 0 raw → 0 confirmed (vol≥1.5× body≥40%)
09:25:58 core.sweep_detector INFO: OrderBlocks: 2 detected, 0 unmitigated
09:25:58 core.sweep_detector INFO: FVGs: 2 detected, 1 unfilled
09:26:01 core.sweep_detector INFO: SweepDetector v2: 9 raw → 6 confirmed (vol≥1.5× body≥40%)
09:26:01 core.sweep_detector INFO: OrderBlocks: 0 detected, 0 unmitigated
09:26:01 core.sweep_detector INFO: FVGs: 1 detected, 0 unfilled
09:26:03 core.sweep_detector INFO: SweepDetector v2: 5 raw → 4 confirmed (vol≥1.5× body≥40%)
09:26:03 core.sweep_detector INFO: OrderBlocks: 0 detected, 0 unmitigated
09:26:03 core.sweep_detector INFO: FVGs: 0 detected, 0 unfilled
09:26:05 core.sweep_detector INFO: SweepDetector v2: 7 raw → 6 confirmed (vol≥1.5× body≥40%)
09:26:05 core.sweep_detector INFO: OrderBlocks: 7 detected, 1 unmitigated
09:26:05 core.sweep_detector INFO: FVGs: 9 detected, 2 unfilled
09:26:07 core.sweep_detector INFO: SweepDetector v2: 7 raw → 4 confirmed (vol≥1.5× body≥40%)
09:26:07 core.sweep_detector INFO: OrderBlocks: 7 detected, 3 unmitigated
09:26:07 core.sweep_detector INFO: FVGs: 7 detected, 5 unfilled
09:26:08 core.sweep_detector INFO: SweepDetector v2: 6 raw → 5 confirmed (vol≥1.5× body≥40%)
09:26:08 core.sweep_detector INFO: OrderBlocks: 5 detected, 3 unmitigated
09:26:08 core.sweep_detector INFO: FVGs: 10 detected, 4 unfilled
09:26:10 core.sweep_detector INFO: SweepDetector v2: 6 raw → 6 confirmed (vol≥1.5× body≥40%)
09:26:10 core.sweep_detector INFO: OrderBlocks: 1 detected, 0 unmitigated
09:26:10 core.sweep_detector INFO: FVGs: 3 detected, 0 unfilled
09:26:11 core.sweep_detector INFO: SweepDetector v2: 3 raw → 2 confirmed (vol≥1.5× body≥40%)
09:26:11 core.sweep_detector INFO: OrderBlocks: 4 detected, 0 unmitigated
09:26:11 core.sweep_detector INFO: FVGs: 2 detected, 0 unfilled
09:26:13 core.sweep_detector INFO: SweepDetector v2: 3 raw → 2 confirmed (vol≥1.5× body≥40%)
09:26:13 core.sweep_detector INFO: OrderBlocks: 2 detected, 0 unmitigated
09:26:13 core.sweep_detector INFO: FVGs: 4 detected, 1 unfilled
09:26:15 core.sweep_detector INFO: SweepDetector v2: 6 raw → 5 confirmed (vol≥1.5× body≥40%)
09:26:15 core.sweep_detector INFO: OrderBlocks: 7 detected, 2 unmitigated
09:26:15 core.sweep_detector INFO: FVGs: 8 detected, 4 unfilled
09:26:16 core.sweep_detector INFO: SweepDetector v2: 2 raw → 2 confirmed (vol≥1.5× body≥40%)
09:26:16 core.sweep_detector INFO: OrderBlocks: 4 detected, 0 unmitigated
09:26:16 core.sweep_detector INFO: FVGs: 6 detected, 3 unfilled
09:26:19 core.sweep_detector INFO: SweepDetector v2: 5 raw → 4 confirmed (vol≥1.5× body≥40%)
09:26:19 core.sweep_detector INFO: OrderBlocks: 5 detected, 3 unmitigated
09:26:19 core.sweep_detector INFO: FVGs: 8 detected, 2 unfilled
09:26:20 core.sweep_detector INFO: SweepDetector v2: 9 raw → 8 confirmed (vol≥1.5× body≥40%)
09:26:20 core.sweep_detector INFO: OrderBlocks: 3 detected, 1 unmitigated
09:26:20 core.sweep_detector INFO: FVGs: 12 detected, 6 unfilled
09:26:22 core.sweep_detector INFO: SweepDetector v2: 4 raw → 3 confirmed (vol≥1.5× body≥40%)
09:26:22 core.sweep_detector INFO: OrderBlocks: 2 detected, 1 unmitigated
09:26:22 core.sweep_detector INFO: FVGs: 6 detected, 2 unfilled
09:26:24 core.sweep_detector INFO: SweepDetector v2: 2 raw → 2 confirmed (vol≥1.5× body≥40%)
09:26:24 core.sweep_detector INFO: OrderBlocks: 1 detected, 0 unmitigated
09:26:24 core.sweep_detector INFO: FVGs: 2 detected, 2 unfilled
09:26:25 core.sweep_detector INFO: SweepDetector v2: 7 raw → 7 confirmed (vol≥1.5× body≥40%)
09:26:25 core.sweep_detector INFO: OrderBlocks: 6 detected, 1 unmitigated
09:26:25 core.sweep_detector INFO: FVGs: 12 detected, 2 unfilled
09:26:27 core.sweep_detector INFO: SweepDetector v2: 2 raw → 1 confirmed (vol≥1.5× body≥40%)
09:26:27 core.sweep_detector INFO: OrderBlocks: 2 detected, 1 unmitigated
09:26:27 core.sweep_detector INFO: FVGs: 10 detected, 4 unfilled
09:26:29 core.sweep_detector INFO: SweepDetector v2: 1 raw → 1 confirmed (vol≥1.5× body≥40%)
09:26:29 core.sweep_detector INFO: OrderBlocks: 8 detected, 1 unmitigated
09:26:29 core.sweep_detector INFO: FVGs: 8 detected, 2 unfilled
09:26:30 core.sweep_detector INFO: SweepDetector v2: 7 raw → 6 confirmed (vol≥1.5× body≥40%)
09:26:30 core.sweep_detector INFO: OrderBlocks: 6 detected, 3 unmitigated
09:26:30 core.sweep_detector INFO: FVGs: 8 detected, 3 unfilled
09:26:32 core.sweep_detector INFO: SweepDetector v2: 2 raw → 1 confirmed (vol≥1.5× body≥40%)
09:26:32 core.sweep_detector INFO: OrderBlocks: 4 detected, 3 unmitigated
09:26:32 core.sweep_detector INFO: FVGs: 7 detected, 3 unfilled
09:26:34 core.sweep_detector INFO: SweepDetector v2: 2 raw → 2 confirmed (vol≥1.5× body≥40%)
09:26:34 core.sweep_detector INFO: OrderBlocks: 3 detected, 0 unmitigated
09:26:34 core.sweep_detector INFO: FVGs: 5 detected, 0 unfilled
09:26:36 core.sweep_detector INFO: SweepDetector v2: 7 raw → 6 confirmed (vol≥1.5× body≥40%)
09:26:36 core.sweep_detector INFO: OrderBlocks: 2 detected, 2 unmitigated
09:26:36 core.sweep_detector INFO: FVGs: 17 detected, 6 unfilled
09:26:37 core.sweep_detector INFO: SweepDetector v2: 6 raw → 4 confirmed (vol≥1.5× body≥40%)
09:26:37 core.sweep_detector INFO: OrderBlocks: 8 detected, 1 unmitigated
09:26:37 core.sweep_detector INFO: FVGs: 16 detected, 7 unfilled
09:26:39 core.sweep_detector INFO: SweepDetector v2: 2 raw → 1 confirmed (vol≥1.5× body≥40%)
09:26:39 core.sweep_detector INFO: OrderBlocks: 8 detected, 3 unmitigated
09:26:39 core.sweep_detector INFO: FVGs: 12 detected, 5 unfilled
09:26:41 core.sweep_detector INFO: SweepDetector v2: 1 raw → 1 confirmed (vol≥1.5× body≥40%)
09:26:41 core.sweep_detector INFO: OrderBlocks: 2 detected, 1 unmitigated
09:26:41 core.sweep_detector INFO: FVGs: 4 detected, 0 unfilled
09:26:42 core.sweep_detector INFO: SweepDetector v2: 5 raw → 4 confirmed (vol≥1.5× body≥40%)
09:26:42 core.sweep_detector INFO: OrderBlocks: 1 detected, 0 unmitigated
09:26:42 core.sweep_detector INFO: FVGs: 6 detected, 2 unfilled
09:26:44 core.sweep_detector INFO: SweepDetector v2: 3 raw → 1 confirmed (vol≥1.5× body≥40%)
09:26:44 core.sweep_detector INFO: OrderBlocks: 6 detected, 0 unmitigated
09:26:44 core.sweep_detector INFO: FVGs: 1 detected, 0 unfilled
09:26:47 core.sweep_detector INFO: SweepDetector v2: 0 raw → 0 confirmed (vol≥1.5× body≥40%)
09:26:47 core.sweep_detector INFO: OrderBlocks: 0 detected, 0 unmitigated
09:26:47 core.sweep_detector INFO: FVGs: 0 detected, 0 unfilled
09:26:49 core.sweep_detector INFO: SweepDetector v2: 0 raw → 0 confirmed (vol≥1.5× body≥40%)
09:26:49 core.sweep_detector INFO: OrderBlocks: 1 detected, 0 unmitigated
09:26:49 core.sweep_detector INFO: FVGs: 0 detected, 0 unfilled
09:26:51 core.sweep_detector INFO: SweepDetector v2: 0 raw → 0 confirmed (vol≥1.5× body≥40%)
09:26:51 core.sweep_detector INFO: OrderBlocks: 0 detected, 0 unmitigated
09:26:51 core.sweep_detector INFO: FVGs: 0 detected, 0 unfilled
09:26:53 core.sweep_detector INFO: SweepDetector v2: 2 raw → 2 confirmed (vol≥1.5× body≥40%)
09:26:53 core.sweep_detector INFO: OrderBlocks: 7 detected, 3 unmitigated
09:26:53 core.sweep_detector INFO: FVGs: 5 detected, 4 unfilled
09:26:54 core.sweep_detector INFO: SweepDetector v2: 3 raw → 1 confirmed (vol≥1.5× body≥40%)
09:26:54 core.sweep_detector INFO: OrderBlocks: 2 detected, 1 unmitigated
09:26:54 core.sweep_detector INFO: FVGs: 3 detected, 3 unfilled
09:26:56 core.sweep_detector INFO: SweepDetector v2: 3 raw → 3 confirmed (vol≥1.5× body≥40%)
09:26:56 core.sweep_detector INFO: OrderBlocks: 1 detected, 0 unmitigated
09:26:56 core.sweep_detector INFO: FVGs: 4 detected, 2 unfilled
09:26:58 core.sweep_detector INFO: SweepDetector v2: 4 raw → 4 confirmed (vol≥1.5× body≥40%)
09:26:58 core.sweep_detector INFO: OrderBlocks: 7 detected, 4 unmitigated
09:26:58 core.sweep_detector INFO: FVGs: 10 detected, 4 unfilled
09:27:00 core.sweep_detector INFO: SweepDetector v2: 3 raw → 3 confirmed (vol≥1.5× body≥40%)
09:27:00 core.sweep_detector INFO: OrderBlocks: 3 detected, 1 unmitigated
09:27:00 core.sweep_detector INFO: FVGs: 6 detected, 2 unfilled
09:27:01 core.sweep_detector INFO: SweepDetector v2: 2 raw → 2 confirmed (vol≥1.5× body≥40%)
09:27:01 core.sweep_detector INFO: OrderBlocks: 3 detected, 1 unmitigated
09:27:01 core.sweep_detector INFO: FVGs: 1 detected, 1 unfilled
09:27:03 core.sweep_detector INFO: SweepDetector v2: 3 raw → 3 confirmed (vol≥1.5× body≥40%)
09:27:03 core.sweep_detector INFO: OrderBlocks: 6 detected, 0 unmitigated
09:27:03 core.sweep_detector INFO: FVGs: 7 detected, 3 unfilled
09:27:05 core.sweep_detector INFO: SweepDetector v2: 4 raw → 3 confirmed (vol≥1.5× body≥40%)
09:27:05 core.sweep_detector INFO: OrderBlocks: 2 detected, 1 unmitigated
09:27:05 core.sweep_detector INFO: FVGs: 8 detected, 2 unfilled
09:27:08 core.sweep_detector INFO: SweepDetector v2: 1 raw → 1 confirmed (vol≥1.5× body≥40%)
09:27:08 core.sweep_detector INFO: OrderBlocks: 2 detected, 1 unmitigated
09:27:08 core.sweep_detector INFO: FVGs: 3 detected, 1 unfilled
09:27:10 core.sweep_detector INFO: SweepDetector v2: 4 raw → 3 confirmed (vol≥1.5× body≥40%)
09:27:10 core.sweep_detector INFO: OrderBlocks: 4 detected, 2 unmitigated
09:27:10 core.sweep_detector INFO: FVGs: 7 detected, 2 unfilled
09:27:12 core.sweep_detector INFO: SweepDetector v2: 3 raw → 2 confirmed (vol≥1.5× body≥40%)
09:27:12 core.sweep_detector INFO: OrderBlocks: 2 detected, 0 unmitigated
09:27:12 core.sweep_detector INFO: FVGs: 7 detected, 2 unfilled
09:27:14 core.sweep_detector INFO: SweepDetector v2: 3 raw → 2 confirmed (vol≥1.5× body≥40%)
09:27:14 core.sweep_detector INFO: OrderBlocks: 9 detected, 0 unmitigated
09:27:14 core.sweep_detector INFO: FVGs: 4 detected, 0 unfilled
09:27:16 core.sweep_detector INFO: SweepDetector v2: 9 raw → 6 confirmed (vol≥1.5× body≥40%)
09:27:16 core.sweep_detector INFO: OrderBlocks: 4 detected, 2 unmitigated
09:27:16 core.sweep_detector INFO: FVGs: 9 detected, 3 unfilled
09:27:18 core.sweep_detector INFO: SweepDetector v2: 6 raw → 3 confirmed (vol≥1.5× body≥40%)
09:27:18 core.sweep_detector INFO: OrderBlocks: 3 detected, 1 unmitigated
09:27:18 core.sweep_detector INFO: FVGs: 6 detected, 1 unfilled
09:27:20 core.sweep_detector INFO: SweepDetector v2: 5 raw → 3 confirmed (vol≥1.5× body≥40%)
09:27:20 core.sweep_detector INFO: OrderBlocks: 6 detected, 1 unmitigated
09:27:20 core.sweep_detector INFO: FVGs: 15 detected, 4 unfilled
09:27:22 core.sweep_detector INFO: SweepDetector v2: 2 raw → 2 confirmed (vol≥1.5× body≥40%)
09:27:22 core.sweep_detector INFO: OrderBlocks: 7 detected, 2 unmitigated
09:27:22 core.sweep_detector INFO: FVGs: 9 detected, 2 unfilled
09:27:24 core.sweep_detector INFO: SweepDetector v2: 2 raw → 1 confirmed (vol≥1.5× body≥40%)
09:27:24 core.sweep_detector INFO: OrderBlocks: 3 detected, 2 unmitigated
09:27:24 core.sweep_detector INFO: FVGs: 6 detected, 2 unfilled
09:27:27 core.sweep_detector INFO: SweepDetector v2: 3 raw → 3 confirmed (vol≥1.5× body≥40%)
09:27:27 core.sweep_detector INFO: OrderBlocks: 3 detected, 1 unmitigated
09:27:27 core.sweep_detector INFO: FVGs: 4 detected, 0 unfilled
09:27:29 core.sweep_detector INFO: SweepDetector v2: 9 raw → 6 confirmed (vol≥1.5× body≥40%)
09:27:29 core.sweep_detector INFO: OrderBlocks: 8 detected, 0 unmitigated
09:27:29 core.sweep_detector INFO: FVGs: 9 detected, 3 unfilled
09:27:31 core.sweep_detector INFO: SweepDetector v2: 2 raw → 2 confirmed (vol≥1.5× body≥40%)
09:27:31 core.sweep_detector INFO: OrderBlocks: 6 detected, 2 unmitigated
09:27:31 core.sweep_detector INFO: FVGs: 15 detected, 4 unfilled
09:27:34 core.sweep_detector INFO: SweepDetector v2: 6 raw → 3 confirmed (vol≥1.5× body≥40%)
09:27:34 core.sweep_detector INFO: OrderBlocks: 3 detected, 1 unmitigated
09:27:34 core.sweep_detector INFO: FVGs: 12 detected, 4 unfilled
09:27:36 core.sweep_detector INFO: SweepDetector v2: 0 raw → 0 confirmed (vol≥1.5× body≥40%)
09:27:36 core.sweep_detector INFO: OrderBlocks: 5 detected, 2 unmitigated
09:27:36 core.sweep_detector INFO: FVGs: 7 detected, 2 unfilled
09:27:38 core.sweep_detector INFO: SweepDetector v2: 4 raw → 2 confirmed (vol≥1.5× body≥40%)
09:27:38 core.sweep_detector INFO: OrderBlocks: 5 detected, 4 unmitigated
09:27:38 core.sweep_detector INFO: FVGs: 6 detected, 3 unfilled
09:27:40 core.sweep_detector INFO: SweepDetector v2: 1 raw → 1 confirmed (vol≥1.5× body≥40%)
09:27:40 core.sweep_detector INFO: OrderBlocks: 6 detected, 1 unmitigated
09:27:40 core.sweep_detector INFO: FVGs: 6 detected, 2 unfilled
09:27:42 core.sweep_detector INFO: SweepDetector v2: 1 raw → 0 confirmed (vol≥1.5× body≥40%)
09:27:42 core.sweep_detector INFO: OrderBlocks: 1 detected, 1 unmitigated
09:27:42 core.sweep_detector INFO: FVGs: 6 detected, 4 unfilled
09:27:44 core.sweep_detector INFO: SweepDetector v2: 1 raw → 0 confirmed (vol≥1.5× body≥40%)
09:27:44 core.sweep_detector INFO: OrderBlocks: 6 detected, 2 unmitigated
09:27:44 core.sweep_detector INFO: FVGs: 4 detected, 2 unfilled
09:27:46 core.sweep_detector INFO: SweepDetector v2: 0 raw → 0 confirmed (vol≥1.5× body≥40%)
09:27:46 core.sweep_detector INFO: OrderBlocks: 11 detected, 4 unmitigated
09:27:46 core.sweep_detector INFO: FVGs: 8 detected, 3 unfilled
09:27:48 core.sweep_detector INFO: SweepDetector v2: 4 raw → 4 confirmed (vol≥1.5× body≥40%)
09:27:48 core.sweep_detector INFO: OrderBlocks: 6 detected, 1 unmitigated
09:27:48 core.sweep_detector INFO: FVGs: 9 detected, 4 unfilled
09:27:50 core.sweep_detector INFO: SweepDetector v2: 7 raw → 5 confirmed (vol≥1.5× body≥40%)
09:27:50 core.sweep_detector INFO: OrderBlocks: 5 detected, 3 unmitigated
09:27:50 core.sweep_detector INFO: FVGs: 12 detected, 6 unfilled
09:27:52 core.sweep_detector INFO: SweepDetector v2: 2 raw → 0 confirmed (vol≥1.5× body≥40%)
09:27:52 core.sweep_detector INFO: OrderBlocks: 11 detected, 4 unmitigated
09:27:52 core.sweep_detector INFO: FVGs: 7 detected, 1 unfilled
09:27:54 core.sweep_detector INFO: SweepDetector v2: 1 raw → 1 confirmed (vol≥1.5× body≥40%)
09:27:54 core.sweep_detector INFO: OrderBlocks: 9 detected, 2 unmitigated
09:27:54 core.sweep_detector INFO: FVGs: 15 detected, 3 unfilled
09:27:56 core.sweep_detector INFO: SweepDetector v2: 4 raw → 4 confirmed (vol≥1.5× body≥40%)
09:27:56 core.sweep_detector INFO: OrderBlocks: 3 detected, 0 unmitigated
09:27:56 core.sweep_detector INFO: FVGs: 10 detected, 5 unfilled
09:27:57 core.sweep_detector INFO: SweepDetector v2: 0 raw → 0 confirmed (vol≥1.5× body≥40%)
09:27:57 core.sweep_detector INFO: OrderBlocks: 9 detected, 2 unmitigated
09:27:57 core.sweep_detector INFO: FVGs: 6 detected, 2 unfilled
09:27:59 core.sweep_detector INFO: SweepDetector v2: 4 raw → 2 confirmed (vol≥1.5× body≥40%)
09:27:59 core.sweep_detector INFO: OrderBlocks: 8 detected, 1 unmitigated
09:27:59 core.sweep_detector INFO: FVGs: 6 detected, 1 unfilled
09:28:01 core.sweep_detector INFO: SweepDetector v2: 6 raw → 3 confirmed (vol≥1.5× body≥40%)
09:28:01 core.sweep_detector INFO: OrderBlocks: 4 detected, 2 unmitigated
09:28:01 core.sweep_detector INFO: FVGs: 10 detected, 3 unfilled
09:28:03 core.sweep_detector INFO: SweepDetector v2: 4 raw → 2 confirmed (vol≥1.5× body≥40%)
09:28:03 core.sweep_detector INFO: OrderBlocks: 6 detected, 1 unmitigated
09:28:03 core.sweep_detector INFO: FVGs: 8 detected, 2 unfilled
09:28:05 core.sweep_detector INFO: SweepDetector v2: 2 raw → 1 confirmed (vol≥1.5× body≥40%)
09:28:05 core.sweep_detector INFO: OrderBlocks: 1 detected, 0 unmitigated
09:28:05 core.sweep_detector INFO: FVGs: 6 detected, 2 unfilled
09:28:06 core.sweep_detector INFO: SweepDetector v2: 4 raw → 4 confirmed (vol≥1.5× body≥40%)
09:28:06 core.sweep_detector INFO: OrderBlocks: 6 detected, 1 unmitigated
09:28:06 core.sweep_detector INFO: FVGs: 11 detected, 3 unfilled
09:28:08 core.sweep_detector INFO: SweepDetector v2: 1 raw → 0 confirmed (vol≥1.5× body≥40%)
09:28:08 core.sweep_detector INFO: OrderBlocks: 4 detected, 2 unmitigated
09:28:08 core.sweep_detector INFO: FVGs: 9 detected, 3 unfilled
09:28:10 core.sweep_detector INFO: SweepDetector v2: 7 raw → 5 confirmed (vol≥1.5× body≥40%)
09:28:10 core.sweep_detector INFO: OrderBlocks: 8 detected, 3 unmitigated
09:28:10 core.sweep_detector INFO: FVGs: 7 detected, 3 unfilled
09:28:12 core.sweep_detector INFO: SweepDetector v2: 1 raw → 0 confirmed (vol≥1.5× body≥40%)
09:28:12 core.sweep_detector INFO: OrderBlocks: 5 detected, 2 unmitigated
09:28:12 core.sweep_detector INFO: FVGs: 7 detected, 2 unfilled
09:28:14 core.sweep_detector INFO: SweepDetector v2: 4 raw → 3 confirmed (vol≥1.5× body≥40%)
09:28:14 core.sweep_detector INFO: OrderBlocks: 7 detected, 2 unmitigated
09:28:14 core.sweep_detector INFO: FVGs: 7 detected, 1 unfilled
09:28:15 core.sweep_detector INFO: SweepDetector v2: 4 raw → 4 confirmed (vol≥1.5× body≥40%)
09:28:15 core.sweep_detector INFO: OrderBlocks: 7 detected, 1 unmitigated
09:28:15 core.sweep_detector INFO: FVGs: 11 detected, 2 unfilled
09:28:17 core.sweep_detector INFO: SweepDetector v2: 7 raw → 4 confirmed (vol≥1.5× body≥40%)
09:28:17 core.sweep_detector INFO: OrderBlocks: 2 detected, 1 unmitigated
09:28:17 core.sweep_detector INFO: FVGs: 8 detected, 3 unfilled
09:28:19 core.sweep_detector INFO: SweepDetector v2: 1 raw → 1 confirmed (vol≥1.5× body≥40%)
09:28:19 core.sweep_detector INFO: OrderBlocks: 5 detected, 1 unmitigated
09:28:19 core.sweep_detector INFO: FVGs: 2 detected, 0 unfilled
09:28:21 core.sweep_detector INFO: SweepDetector v2: 2 raw → 0 confirmed (vol≥1.5× body≥40%)
09:28:21 core.sweep_detector INFO: OrderBlocks: 4 detected, 1 unmitigated
09:28:21 core.sweep_detector INFO: FVGs: 9 detected, 3 unfilled
09:28:23 core.sweep_detector INFO: SweepDetector v2: 6 raw → 4 confirmed (vol≥1.5× body≥40%)
09:28:23 core.sweep_detector INFO: OrderBlocks: 3 detected, 2 unmitigated
09:28:23 core.sweep_detector INFO: FVGs: 7 detected, 2 unfilled
09:28:24 core.sweep_detector INFO: SweepDetector v2: 0 raw → 0 confirmed (vol≥1.5× body≥40%)
09:28:24 core.sweep_detector INFO: OrderBlocks: 5 detected, 4 unmitigated
09:28:24 core.sweep_detector INFO: FVGs: 4 detected, 4 unfilled
09:28:26 core.sweep_detector INFO: SweepDetector v2: 2 raw → 2 confirmed (vol≥1.5× body≥40%)
09:28:26 core.sweep_detector INFO: OrderBlocks: 9 detected, 5 unmitigated
09:28:26 core.sweep_detector INFO: FVGs: 12 detected, 4 unfilled
09:28:28 core.sweep_detector INFO: SweepDetector v2: 3 raw → 3 confirmed (vol≥1.5× body≥40%)
09:28:28 core.sweep_detector INFO: OrderBlocks: 6 detected, 0 unmitigated
09:28:28 core.sweep_detector INFO: FVGs: 15 detected, 1 unfilled
09:28:30 core.sweep_detector INFO: SweepDetector v2: 2 raw → 0 confirmed (vol≥1.5× body≥40%)
09:28:30 core.sweep_detector INFO: OrderBlocks: 2 detected, 0 unmitigated
09:28:30 core.sweep_detector INFO: FVGs: 6 detected, 2 unfilled
09:28:32 core.sweep_detector INFO: SweepDetector v2: 5 raw → 4 confirmed (vol≥1.5× body≥40%)
09:28:32 core.sweep_detector INFO: OrderBlocks: 8 detected, 2 unmitigated
09:28:32 core.sweep_detector INFO: FVGs: 16 detected, 4 unfilled
09:28:34 core.sweep_detector INFO: SweepDetector v2: 3 raw → 3 confirmed (vol≥1.5× body≥40%)
09:28:34 core.sweep_detector INFO: OrderBlocks: 7 detected, 2 unmitigated
09:28:34 core.sweep_detector INFO: FVGs: 12 detected, 4 unfilled
09:28:36 core.sweep_detector INFO: SweepDetector v2: 1 raw → 1 confirmed (vol≥1.5× body≥40%)
09:28:36 core.sweep_detector INFO: OrderBlocks: 4 detected, 1 unmitigated
09:28:36 core.sweep_detector INFO: FVGs: 11 detected, 4 unfilled
09:28:37 core.sweep_detector INFO: SweepDetector v2: 2 raw → 2 confirmed (vol≥1.5× body≥40%)
09:28:37 core.sweep_detector INFO: OrderBlocks: 5 detected, 2 unmitigated
09:28:37 core.sweep_detector INFO: FVGs: 8 detected, 3 unfilled
09:28:39 core.sweep_detector INFO: SweepDetector v2: 1 raw → 1 confirmed (vol≥1.5× body≥40%)
09:28:39 core.sweep_detector INFO: OrderBlocks: 2 detected, 0 unmitigated
09:28:39 core.sweep_detector INFO: FVGs: 2 detected, 1 unfilled
09:28:41 core.sweep_detector INFO: SweepDetector v2: 4 raw → 4 confirmed (vol≥1.5× body≥40%)
09:28:41 core.sweep_detector INFO: OrderBlocks: 1 detected, 0 unmitigated
09:28:41 core.sweep_detector INFO: FVGs: 3 detected, 0 unfilled
09:28:43 core.sweep_detector INFO: SweepDetector v2: 5 raw → 3 confirmed (vol≥1.5× body≥40%)
09:28:43 core.sweep_detector INFO: OrderBlocks: 5 detected, 3 unmitigated
09:28:43 core.sweep_detector INFO: FVGs: 12 detected, 4 unfilled
09:28:44 core.sweep_detector INFO: SweepDetector v2: 6 raw → 4 confirmed (vol≥1.5× body≥40%)
09:28:44 core.sweep_detector INFO: OrderBlocks: 4 detected, 0 unmitigated
09:28:44 core.sweep_detector INFO: FVGs: 9 detected, 5 unfilled
09:28:46 core.sweep_detector INFO: SweepDetector v2: 3 raw → 1 confirmed (vol≥1.5× body≥40%)
09:28:46 core.sweep_detector INFO: OrderBlocks: 3 detected, 2 unmitigated
09:28:46 core.sweep_detector INFO: FVGs: 5 detected, 1 unfilled
09:28:48 core.sweep_detector INFO: SweepDetector v2: 3 raw → 3 confirmed (vol≥1.5× body≥40%)
09:28:48 core.sweep_detector INFO: OrderBlocks: 6 detected, 1 unmitigated
09:28:48 core.sweep_detector INFO: FVGs: 8 detected, 3 unfilled
09:28:49 core.sweep_detector INFO: SweepDetector v2: 4 raw → 3 confirmed (vol≥1.5× body≥40%)
09:28:49 core.sweep_detector INFO: OrderBlocks: 2 detected, 1 unmitigated
09:28:49 core.sweep_detector INFO: FVGs: 4 detected, 2 unfilled
09:28:51 core.sweep_detector INFO: SweepDetector v2: 2 raw → 0 confirmed (vol≥1.5× body≥40%)
09:28:51 core.sweep_detector INFO: OrderBlocks: 7 detected, 1 unmitigated
09:28:51 core.sweep_detector INFO: FVGs: 7 detected, 3 unfilled
09:28:53 core.sweep_detector INFO: SweepDetector v2: 6 raw → 5 confirmed (vol≥1.5× body≥40%)
09:28:53 core.sweep_detector INFO: OrderBlocks: 6 detected, 1 unmitigated
09:28:53 core.sweep_detector INFO: FVGs: 8 detected, 5 unfilled
09:28:54 core.sweep_detector INFO: SweepDetector v2: 2 raw → 1 confirmed (vol≥1.5× body≥40%)
09:28:54 core.sweep_detector INFO: OrderBlocks: 1 detected, 0 unmitigated
09:28:54 core.sweep_detector INFO: FVGs: 9 detected, 1 unfilled
09:28:56 core.sweep_detector INFO: SweepDetector v2: 4 raw → 3 confirmed (vol≥1.5× body≥40%)
09:28:56 core.sweep_detector INFO: OrderBlocks: 1 detected, 0 unmitigated
09:28:56 core.sweep_detector INFO: FVGs: 8 detected, 3 unfilled
09:28:58 core.sweep_detector INFO: SweepDetector v2: 6 raw → 3 confirmed (vol≥1.5× body≥40%)
09:28:58 core.sweep_detector INFO: OrderBlocks: 5 detected, 1 unmitigated
09:28:58 core.sweep_detector INFO: FVGs: 9 detected, 3 unfilled
09:29:00 core.sweep_detector INFO: SweepDetector v2: 7 raw → 3 confirmed (vol≥1.5× body≥40%)
09:29:00 core.sweep_detector INFO: OrderBlocks: 3 detected, 2 unmitigated
09:29:00 core.sweep_detector INFO: FVGs: 8 detected, 2 unfilled
09:29:02 core.sweep_detector INFO: SweepDetector v2: 3 raw → 2 confirmed (vol≥1.5× body≥40%)
09:29:02 core.sweep_detector INFO: OrderBlocks: 3 detected, 0 unmitigated
09:29:02 core.sweep_detector INFO: FVGs: 5 detected, 0 unfilled
09:29:04 core.sweep_detector INFO: SweepDetector v2: 1 raw → 1 confirmed (vol≥1.5× body≥40%)
09:29:04 core.sweep_detector INFO: OrderBlocks: 2 detected, 2 unmitigated
09:29:04 core.sweep_detector INFO: FVGs: 9 detected, 5 unfilled
09:29:05 core.sweep_detector INFO: SweepDetector v2: 3 raw → 3 confirmed (vol≥1.5× body≥40%)
09:29:05 core.sweep_detector INFO: OrderBlocks: 3 detected, 1 unmitigated
09:29:06 core.sweep_detector INFO: FVGs: 6 detected, 2 unfilled
09:29:07 core.sweep_detector INFO: SweepDetector v2: 1 raw → 0 confirmed (vol≥1.5× body≥40%)
09:29:07 core.sweep_detector INFO: OrderBlocks: 7 detected, 1 unmitigated
09:29:07 core.sweep_detector INFO: FVGs: 14 detected, 4 unfilled
09:29:09 core.sweep_detector INFO: SweepDetector v2: 7 raw → 3 confirmed (vol≥1.5× body≥40%)
09:29:09 core.sweep_detector INFO: OrderBlocks: 3 detected, 0 unmitigated
09:29:09 core.sweep_detector INFO: FVGs: 0 detected, 0 unfilled
09:29:11 core.sweep_detector INFO: SweepDetector v2: 3 raw → 2 confirmed (vol≥1.5× body≥40%)
09:29:11 core.sweep_detector INFO: OrderBlocks: 0 detected, 0 unmitigated
09:29:11 core.sweep_detector INFO: FVGs: 0 detected, 0 unfilled
09:29:12 core.sweep_detector INFO: SweepDetector v2: 1 raw → 1 confirmed (vol≥1.5× body≥40%)
09:29:12 core.sweep_detector INFO: OrderBlocks: 1 detected, 1 unmitigated
09:29:12 core.sweep_detector INFO: FVGs: 0 detected, 0 unfilled
09:29:14 core.sweep_detector INFO: SweepDetector v2: 0 raw → 0 confirmed (vol≥1.5× body≥40%)
09:29:14 core.sweep_detector INFO: OrderBlocks: 0 detected, 0 unmitigated
09:29:14 core.sweep_detector INFO: FVGs: 0 detected, 0 unfilled
09:29:16 core.sweep_detector INFO: SweepDetector v2: 0 raw → 0 confirmed (vol≥1.5× body≥40%)
09:29:16 core.sweep_detector INFO: OrderBlocks: 0 detected, 0 unmitigated
09:29:16 core.sweep_detector INFO: FVGs: 0 detected, 0 unfilled
09:29:18 core.sweep_detector INFO: SweepDetector v2: 0 raw → 0 confirmed (vol≥1.5× body≥40%)
09:29:18 core.sweep_detector INFO: OrderBlocks: 0 detected, 0 unmitigated
09:29:18 core.sweep_detector INFO: FVGs: 0 detected, 0 unfilled
09:29:20 core.sweep_detector INFO: SweepDetector v2: 2 raw → 0 confirmed (vol≥1.5× body≥40%)
09:29:20 core.sweep_detector INFO: OrderBlocks: 5 detected, 2 unmitigated
09:29:20 core.sweep_detector INFO: FVGs: 11 detected, 3 unfilled
09:29:21 core.sweep_detector INFO: SweepDetector v2: 5 raw → 4 confirmed (vol≥1.5× body≥40%)
09:29:21 core.sweep_detector INFO: OrderBlocks: 5 detected, 0 unmitigated
09:29:21 core.sweep_detector INFO: FVGs: 9 detected, 1 unfilled
09:29:23 core.sweep_detector INFO: SweepDetector v2: 3 raw → 2 confirmed (vol≥1.5× body≥40%)
09:29:23 core.sweep_detector INFO: OrderBlocks: 3 detected, 1 unmitigated
09:29:23 core.sweep_detector INFO: FVGs: 6 detected, 0 unfilled
09:29:25 core.sweep_detector INFO: SweepDetector v2: 1 raw → 1 confirmed (vol≥1.5× body≥40%)
09:29:25 core.sweep_detector INFO: OrderBlocks: 8 detected, 3 unmitigated
09:29:25 core.sweep_detector INFO: FVGs: 10 detected, 3 unfilled
09:29:26 core.sweep_detector INFO: SweepDetector v2: 2 raw → 1 confirmed (vol≥1.5× body≥40%)
09:29:26 core.sweep_detector INFO: OrderBlocks: 2 detected, 2 unmitigated
09:29:26 core.sweep_detector INFO: FVGs: 9 detected, 4 unfilled
09:29:28 core.sweep_detector INFO: SweepDetector v2: 5 raw → 4 confirmed (vol≥1.5× body≥40%)
09:29:28 core.sweep_detector INFO: OrderBlocks: 7 detected, 2 unmitigated
09:29:28 core.sweep_detector INFO: FVGs: 7 detected, 4 unfilled
09:29:30 core.sweep_detector INFO: SweepDetector v2: 3 raw → 2 confirmed (vol≥1.5× body≥40%)
09:29:30 core.sweep_detector INFO: OrderBlocks: 7 detected, 2 unmitigated
09:29:30 core.sweep_detector INFO: FVGs: 11 detected, 3 unfilled
09:29:31 core.sweep_detector INFO: SweepDetector v2: 4 raw → 4 confirmed (vol≥1.5× body≥40%)
09:29:31 core.sweep_detector INFO: OrderBlocks: 4 detected, 1 unmitigated
09:29:31 core.sweep_detector INFO: FVGs: 11 detected, 5 unfilled
09:29:33 core.sweep_detector INFO: SweepDetector v2: 3 raw → 3 confirmed (vol≥1.5× body≥40%)
09:29:33 core.sweep_detector INFO: OrderBlocks: 5 detected, 2 unmitigated
09:29:33 core.sweep_detector INFO: FVGs: 4 detected, 3 unfilled
09:29:35 core.sweep_detector INFO: SweepDetector v2: 3 raw → 2 confirmed (vol≥1.5× body≥40%)
09:29:35 core.sweep_detector INFO: OrderBlocks: 5 detected, 4 unmitigated
09:29:35 core.sweep_detector INFO: FVGs: 6 detected, 4 unfilled
09:29:36 core.sweep_detector INFO: SweepDetector v2: 3 raw → 3 confirmed (vol≥1.5× body≥40%)
09:29:37 core.sweep_detector INFO: OrderBlocks: 3 detected, 2 unmitigated
09:29:37 core.sweep_detector INFO: FVGs: 3 detected, 2 unfilled
09:29:38 core.sweep_detector INFO: SweepDetector v2: 2 raw → 2 confirmed (vol≥1.5× body≥40%)
09:29:38 core.sweep_detector INFO: OrderBlocks: 3 detected, 0 unmitigated
09:29:38 core.sweep_detector INFO: FVGs: 2 detected, 0 unfilled
09:29:40 core.sweep_detector INFO: SweepDetector v2: 5 raw → 4 confirmed (vol≥1.5× body≥40%)
09:29:40 core.sweep_detector INFO: OrderBlocks: 7 detected, 2 unmitigated
09:29:40 core.sweep_detector INFO: FVGs: 8 detected, 1 unfilled
09:29:42 core.sweep_detector INFO: SweepDetector v2: 7 raw → 7 confirmed (vol≥1.5× body≥40%)
09:29:42 core.sweep_detector INFO: OrderBlocks: 2 detected, 0 unmitigated
09:29:42 core.sweep_detector INFO: FVGs: 8 detected, 3 unfilled
09:29:43 core.sweep_detector INFO: SweepDetector v2: 6 raw → 4 confirmed (vol≥1.5× body≥40%)
09:29:43 core.sweep_detector INFO: OrderBlocks: 6 detected, 1 unmitigated
09:29:43 core.sweep_detector INFO: FVGs: 10 detected, 4 unfilled
09:29:43 __main__ INFO: Pending signal #8: binance:GIGGLE/USDT short entry=23.09 current=22.8 dist=1.27% expires=2h
09:29:44 alerts.telegram INFO: Alert sent: binance:GIGGLE/USDT short RR=2.33
09:29:46 core.sweep_detector INFO: SweepDetector v2: 0 raw → 0 confirmed (vol≥1.5× body≥40%)
09:29:46 core.sweep_detector INFO: OrderBlocks: 6 detected, 4 unmitigated
09:29:46 core.sweep_detector INFO: FVGs: 15 detected, 5 unfilled
09:29:48 core.sweep_detector INFO: SweepDetector v2: 3 raw → 3 confirmed (vol≥1.5× body≥40%)
09:29:48 core.sweep_detector INFO: OrderBlocks: 6 detected, 3 unmitigated
09:29:48 core.sweep_detector INFO: FVGs: 13 detected, 1 unfilled
09:29:49 core.sweep_detector INFO: SweepDetector v2: 4 raw → 1 confirmed (vol≥1.5× body≥40%)
09:29:49 core.sweep_detector INFO: OrderBlocks: 11 detected, 4 unmitigated
09:29:49 core.sweep_detector INFO: FVGs: 15 detected, 6 unfilled
09:29:51 core.sweep_detector INFO: SweepDetector v2: 6 raw → 5 confirmed (vol≥1.5× body≥40%)
09:29:51 core.sweep_detector INFO: OrderBlocks: 6 detected, 2 unmitigated
09:29:51 core.sweep_detector INFO: FVGs: 9 detected, 3 unfilled
09:29:53 core.sweep_detector INFO: SweepDetector v2: 3 raw → 2 confirmed (vol≥1.5× body≥40%)
09:29:53 core.sweep_detector INFO: OrderBlocks: 2 detected, 1 unmitigated
09:29:53 core.sweep_detector INFO: FVGs: 7 detected, 2 unfilled
09:29:54 core.sweep_detector INFO: SweepDetector v2: 1 raw → 0 confirmed (vol≥1.5× body≥40%)
09:29:54 core.sweep_detector INFO: OrderBlocks: 7 detected, 2 unmitigated
09:29:54 core.sweep_detector INFO: FVGs: 4 detected, 1 unfilled
09:29:58 core.sweep_detector INFO: SweepDetector v2: 3 raw → 2 confirmed (vol≥1.5× body≥40%)
09:29:58 core.sweep_detector INFO: OrderBlocks: 9 detected, 4 unmitigated
09:29:58 core.sweep_detector INFO: FVGs: 11 detected, 4 unfilled
09:30:00 core.sweep_detector INFO: SweepDetector v2: 4 raw → 4 confirmed (vol≥1.5× body≥40%)
09:30:00 core.sweep_detector INFO: OrderBlocks: 7 detected, 2 unmitigated
09:30:00 core.sweep_detector INFO: FVGs: 20 detected, 4 unfilled
09:30:02 core.sweep_detector INFO: SweepDetector v2: 4 raw → 2 confirmed (vol≥1.5× body≥40%)
09:30:02 core.sweep_detector INFO: OrderBlocks: 6 detected, 2 unmitigated
09:30:02 core.sweep_detector INFO: FVGs: 7 detected, 2 unfilled
09:30:04 core.sweep_detector INFO: SweepDetector v2: 4 raw → 3 confirmed (vol≥1.5× body≥40%)
09:30:04 core.sweep_detector INFO: OrderBlocks: 6 detected, 2 unmitigated
09:30:04 core.sweep_detector INFO: FVGs: 15 detected, 3 unfilled
09:30:06 core.sweep_detector INFO: SweepDetector v2: 3 raw → 0 confirmed (vol≥1.5× body≥40%)
09:30:06 core.sweep_detector INFO: OrderBlocks: 11 detected, 2 unmitigated
09:30:06 core.sweep_detector INFO: FVGs: 13 detected, 3 unfilled
09:30:08 core.sweep_detector INFO: SweepDetector v2: 5 raw → 2 confirmed (vol≥1.5× body≥40%)
09:30:08 core.sweep_detector INFO: OrderBlocks: 4 detected, 2 unmitigated
09:30:08 core.sweep_detector INFO: FVGs: 11 detected, 6 unfilled
09:30:10 core.sweep_detector INFO: SweepDetector v2: 5 raw → 4 confirmed (vol≥1.5× body≥40%)
09:30:10 core.sweep_detector INFO: OrderBlocks: 9 detected, 3 unmitigated
09:30:10 core.sweep_detector INFO: FVGs: 8 detected, 4 unfilled
09:30:12 core.sweep_detector INFO: SweepDetector v2: 4 raw → 3 confirmed (vol≥1.5× body≥40%)
09:30:12 core.sweep_detector INFO: OrderBlocks: 3 detected, 1 unmitigated
09:30:12 core.sweep_detector INFO: FVGs: 6 detected, 2 unfilled
09:30:13 core.sweep_detector INFO: SweepDetector v2: 4 raw → 4 confirmed (vol≥1.5× body≥40%)
09:30:13 core.sweep_detector INFO: OrderBlocks: 6 detected, 0 unmitigated
09:30:14 core.sweep_detector INFO: FVGs: 7 detected, 2 unfilled
09:30:15 core.sweep_detector INFO: SweepDetector v2: 2 raw → 2 confirmed (vol≥1.5× body≥40%)
09:30:15 core.sweep_detector INFO: OrderBlocks: 6 detected, 3 unmitigated
09:30:15 core.sweep_detector INFO: FVGs: 7 detected, 4 unfilled
09:30:17 core.sweep_detector INFO: SweepDetector v2: 4 raw → 3 confirmed (vol≥1.5× body≥40%)
09:30:17 core.sweep_detector INFO: OrderBlocks: 3 detected, 1 unmitigated
09:30:17 core.sweep_detector INFO: FVGs: 10 detected, 5 unfilled
09:30:19 core.sweep_detector INFO: SweepDetector v2: 1 raw → 1 confirmed (vol≥1.5× body≥40%)
09:30:19 core.sweep_detector INFO: OrderBlocks: 6 detected, 2 unmitigated
09:30:19 core.sweep_detector INFO: FVGs: 7 detected, 4 unfilled
09:30:21 core.sweep_detector INFO: SweepDetector v2: 5 raw → 4 confirmed (vol≥1.5× body≥40%)
09:30:21 core.sweep_detector INFO: OrderBlocks: 4 detected, 0 unmitigated
09:30:21 core.sweep_detector INFO: FVGs: 7 detected, 0 unfilled
09:30:23 core.sweep_detector INFO: SweepDetector v2: 3 raw → 2 confirmed (vol≥1.5× body≥40%)
09:30:23 core.sweep_detector INFO: OrderBlocks: 5 detected, 0 unmitigated
09:30:23 core.sweep_detector INFO: FVGs: 5 detected, 0 unfilled
09:30:25 core.sweep_detector INFO: SweepDetector v2: 2 raw → 1 confirmed (vol≥1.5× body≥40%)
09:30:25 core.sweep_detector INFO: OrderBlocks: 7 detected, 1 unmitigated
09:30:25 core.sweep_detector INFO: FVGs: 3 detected, 1 unfilled
09:30:27 core.sweep_detector INFO: SweepDetector v2: 0 raw → 0 confirmed (vol≥1.5× body≥40%)
09:30:27 core.sweep_detector INFO: OrderBlocks: 3 detected, 1 unmitigated
09:30:27 core.sweep_detector INFO: FVGs: 11 detected, 1 unfilled
09:30:28 core.sweep_detector INFO: SweepDetector v2: 1 raw → 1 confirmed (vol≥1.5× body≥40%)
09:30:28 core.sweep_detector INFO: OrderBlocks: 4 detected, 0 unmitigated
09:30:28 core.sweep_detector INFO: FVGs: 9 detected, 1 unfilled
09:30:30 core.sweep_detector INFO: SweepDetector v2: 5 raw → 4 confirmed (vol≥1.5× body≥40%)
09:30:30 core.sweep_detector INFO: OrderBlocks: 5 detected, 0 unmitigated
09:30:30 core.sweep_detector INFO: FVGs: 5 detected, 0 unfilled
09:30:32 core.sweep_detector INFO: SweepDetector v2: 1 raw → 1 confirmed (vol≥1.5× body≥40%)
09:30:32 core.sweep_detector INFO: OrderBlocks: 7 detected, 3 unmitigated
09:30:32 core.sweep_detector INFO: FVGs: 11 detected, 6 unfilled
09:30:34 core.sweep_detector INFO: SweepDetector v2: 2 raw → 2 confirmed (vol≥1.5× body≥40%)
09:30:34 core.sweep_detector INFO: OrderBlocks: 4 detected, 3 unmitigated
09:30:34 core.sweep_detector INFO: FVGs: 12 detected, 4 unfilled
09:30:36 core.sweep_detector INFO: SweepDetector v2: 4 raw → 3 confirmed (vol≥1.5× body≥40%)
09:30:36 core.sweep_detector INFO: OrderBlocks: 9 detected, 2 unmitigated
09:30:36 core.sweep_detector INFO: FVGs: 10 detected, 1 unfilled
09:30:38 core.sweep_detector INFO: SweepDetector v2: 5 raw → 5 confirmed (vol≥1.5× body≥40%)
09:30:38 core.sweep_detector INFO: OrderBlocks: 9 detected, 3 unmitigated
09:30:38 core.sweep_detector INFO: FVGs: 11 detected, 4 unfilled
09:30:40 core.sweep_detector INFO: SweepDetector v2: 6 raw → 6 confirmed (vol≥1.5× body≥40%)
09:30:40 core.sweep_detector INFO: OrderBlocks: 3 detected, 3 unmitigated
09:30:40 core.sweep_detector INFO: FVGs: 6 detected, 4 unfilled
09:30:42 core.sweep_detector INFO: SweepDetector v2: 3 raw → 1 confirmed (vol≥1.5× body≥40%)
09:30:42 core.sweep_detector INFO: OrderBlocks: 6 detected, 2 unmitigated
09:30:42 core.sweep_detector INFO: FVGs: 14 detected, 6 unfilled
09:30:44 core.sweep_detector INFO: SweepDetector v2: 6 raw → 5 confirmed (vol≥1.5× body≥40%)
09:30:44 core.sweep_detector INFO: OrderBlocks: 8 detected, 2 unmitigated
09:30:44 core.sweep_detector INFO: FVGs: 7 detected, 0 unfilled
09:30:45 core.sweep_detector INFO: SweepDetector v2: 8 raw → 5 confirmed (vol≥1.5× body≥40%)
09:30:45 core.sweep_detector INFO: OrderBlocks: 4 detected, 3 unmitigated
09:30:45 core.sweep_detector INFO: FVGs: 10 detected, 3 unfilled
09:30:48 core.sweep_detector INFO: SweepDetector v2: 2 raw → 1 confirmed (vol≥1.5× body≥40%)
09:30:48 core.sweep_detector INFO: OrderBlocks: 7 detected, 0 unmitigated
09:30:48 core.sweep_detector INFO: FVGs: 5 detected, 1 unfilled
09:30:50 core.sweep_detector INFO: SweepDetector v2: 1 raw → 1 confirmed (vol≥1.5× body≥40%)
09:30:50 core.sweep_detector INFO: OrderBlocks: 8 detected, 3 unmitigated
09:30:50 core.sweep_detector INFO: FVGs: 7 detected, 2 unfilled
09:30:51 core.sweep_detector INFO: SweepDetector v2: 4 raw → 3 confirmed (vol≥1.5× body≥40%)
09:30:51 core.sweep_detector INFO: OrderBlocks: 3 detected, 1 unmitigated
09:30:51 core.sweep_detector INFO: FVGs: 8 detected, 5 unfilled
09:30:53 core.sweep_detector INFO: SweepDetector v2: 5 raw → 4 confirmed (vol≥1.5× body≥40%)
09:30:53 core.sweep_detector INFO: OrderBlocks: 2 detected, 2 unmitigated
09:30:53 core.sweep_detector INFO: FVGs: 7 detected, 3 unfilled
09:30:56 core.sweep_detector INFO: SweepDetector v2: 5 raw → 4 confirmed (vol≥1.5× body≥40%)
09:30:56 core.sweep_detector INFO: OrderBlocks: 4 detected, 2 unmitigated
09:30:56 core.sweep_detector INFO: FVGs: 8 detected, 4 unfilled
09:30:57 core.sweep_detector INFO: SweepDetector v2: 5 raw → 1 confirmed (vol≥1.5× body≥40%)
09:30:57 core.sweep_detector INFO: OrderBlocks: 3 detected, 0 unmitigated
09:30:57 core.sweep_detector INFO: FVGs: 6 detected, 4 unfilled
09:31:00 core.sweep_detector INFO: SweepDetector v2: 1 raw → 1 confirmed (vol≥1.5× body≥40%)
09:31:00 core.sweep_detector INFO: OrderBlocks: 1 detected, 0 unmitigated
09:31:00 core.sweep_detector INFO: FVGs: 2 detected, 0 unfilled
09:31:02 core.sweep_detector INFO: SweepDetector v2: 2 raw → 1 confirmed (vol≥1.5× body≥40%)
09:31:02 core.sweep_detector INFO: OrderBlocks: 7 detected, 2 unmitigated
09:31:02 core.sweep_detector INFO: FVGs: 5 detected, 2 unfilled
09:31:04 core.sweep_detector INFO: SweepDetector v2: 2 raw → 2 confirmed (vol≥1.5× body≥40%)
09:31:04 core.sweep_detector INFO: OrderBlocks: 0 detected, 0 unmitigated
09:31:04 core.sweep_detector INFO: FVGs: 7 detected, 1 unfilled
09:31:06 core.sweep_detector INFO: SweepDetector v2: 1 raw → 1 confirmed (vol≥1.5× body≥40%)
09:31:06 core.sweep_detector INFO: OrderBlocks: 5 detected, 0 unmitigated
09:31:06 core.sweep_detector INFO: FVGs: 1 detected, 0 unfilled
09:31:08 core.sweep_detector INFO: SweepDetector v2: 1 raw → 1 confirmed (vol≥1.5× body≥40%)
09:31:08 core.sweep_detector INFO: OrderBlocks: 8 detected, 1 unmitigated
09:31:08 core.sweep_detector INFO: FVGs: 13 detected, 2 unfilled
09:31:10 core.sweep_detector INFO: SweepDetector v2: 5 raw → 4 confirmed (vol≥1.5× body≥40%)
09:31:10 core.sweep_detector INFO: OrderBlocks: 5 detected, 2 unmitigated
09:31:10 core.sweep_detector INFO: FVGs: 8 detected, 4 unfilled
09:31:12 core.sweep_detector INFO: SweepDetector v2: 4 raw → 3 confirmed (vol≥1.5× body≥40%)
09:31:12 core.sweep_detector INFO: OrderBlocks: 8 detected, 5 unmitigated
09:31:12 core.sweep_detector INFO: FVGs: 14 detected, 6 unfilled
09:31:14 core.sweep_detector INFO: SweepDetector v2: 7 raw → 5 confirmed (vol≥1.5× body≥40%)
09:31:15 core.sweep_detector INFO: OrderBlocks: 5 detected, 2 unmitigated
09:31:15 core.sweep_detector INFO: FVGs: 7 detected, 2 unfilled
09:31:16 core.sweep_detector INFO: SweepDetector v2: 2 raw → 2 confirmed (vol≥1.5× body≥40%)
09:31:16 core.sweep_detector INFO: OrderBlocks: 3 detected, 2 unmitigated
09:31:16 core.sweep_detector INFO: FVGs: 6 detected, 3 unfilled
09:31:19 core.sweep_detector INFO: SweepDetector v2: 1 raw → 1 confirmed (vol≥1.5× body≥40%)
09:31:19 core.sweep_detector INFO: OrderBlocks: 3 detected, 1 unmitigated
09:31:19 core.sweep_detector INFO: FVGs: 4 detected, 0 unfilled
09:31:21 core.sweep_detector INFO: SweepDetector v2: 1 raw → 1 confirmed (vol≥1.5× body≥40%)
09:31:21 core.sweep_detector INFO: OrderBlocks: 6 detected, 0 unmitigated
09:31:21 core.sweep_detector INFO: FVGs: 8 detected, 1 unfilled
09:31:21 __main__ ERROR: Pending trigger error #9: cannot access local variable 'symbol' where it is not associated with a value
09:31:24 core.sweep_detector INFO: SweepDetector v2: 6 raw → 5 confirmed (vol≥1.5× body≥40%)
09:31:24 core.sweep_detector INFO: OrderBlocks: 1 detected, 1 unmitigated
09:31:24 core.sweep_detector INFO: FVGs: 9 detected, 5 unfilled
09:31:24 __main__ ERROR: Pending trigger error #9: cannot access local variable 'symbol' where it is not associated with a value
09:31:26 core.sweep_detector INFO: SweepDetector v2: 4 raw → 3 confirmed (vol≥1.5× body≥40%)
09:31:26 core.sweep_detector INFO: OrderBlocks: 5 detected, 1 unmitigated
09:31:26 core.sweep_detector INFO: FVGs: 6 detected, 1 unfilled
09:31:26 __main__ INFO: Pending signal #9: binance:MANTRA/USDT short entry=0.011585 current=0.01158 dist=0.04% expires=2h
09:31:27 alerts.telegram INFO: Alert sent: binance:MANTRA/USDT short RR=2.22
09:31:27 __main__ ERROR: Pending trigger error #9: cannot access local variable 'symbol' where it is not associated with a value
09:31:28 core.sweep_detector INFO: SweepDetector v2: 3 raw → 1 confirmed (vol≥1.5× body≥40%)
09:31:28 core.sweep_detector INFO: OrderBlocks: 8 detected, 2 unmitigated
09:31:28 core.sweep_detector INFO: FVGs: 4 detected, 3 unfilled
09:31:31 core.sweep_detector INFO: SweepDetector v2: 4 raw → 2 confirmed (vol≥1.5× body≥40%)
09:31:31 core.sweep_detector INFO: OrderBlocks: 2 detected, 0 unmitigated
09:31:31 core.sweep_detector INFO: FVGs: 6 detected, 4 unfilled
09:31:34 core.sweep_detector INFO: SweepDetector v2: 0 raw → 0 confirmed (vol≥1.5× body≥40%)
09:31:34 core.sweep_detector INFO: OrderBlocks: 8 detected, 2 unmitigated
09:31:34 core.sweep_detector INFO: FVGs: 5 detected, 3 unfilled
09:31:36 core.sweep_detector INFO: SweepDetector v2: 3 raw → 3 confirmed (vol≥1.5× body≥40%)
09:31:36 core.sweep_detector INFO: OrderBlocks: 8 detected, 3 unmitigated
09:31:36 core.sweep_detector INFO: FVGs: 8 detected, 5 unfilled
09:31:38 core.sweep_detector INFO: SweepDetector v2: 5 raw → 3 confirmed (vol≥1.5× body≥40%)
09:31:38 core.sweep_detector INFO: OrderBlocks: 3 detected, 0 unmitigated
09:31:38 core.sweep_detector INFO: FVGs: 7 detected, 1 unfilled
09:31:40 core.sweep_detector INFO: SweepDetector v2: 4 raw → 1 confirmed (vol≥1.5× body≥40%)
09:31:40 core.sweep_detector INFO: OrderBlocks: 6 detected, 3 unmitigated
09:31:40 core.sweep_detector INFO: FVGs: 6 detected, 2 unfilled
09:31:42 core.sweep_detector INFO: SweepDetector v2: 0 raw → 0 confirmed (vol≥1.5× body≥40%)
09:31:42 core.sweep_detector INFO: OrderBlocks: 2 detected, 0 unmitigated
09:31:42 core.sweep_detector INFO: FVGs: 12 detected, 4 unfilled
09:31:44 core.sweep_detector INFO: SweepDetector v2: 5 raw → 4 confirmed (vol≥1.5× body≥40%)
09:31:44 core.sweep_detector INFO: OrderBlocks: 8 detected, 4 unmitigated
09:31:44 core.sweep_detector INFO: FVGs: 10 detected, 6 unfilled
09:31:46 core.sweep_detector INFO: SweepDetector v2: 2 raw → 0 confirmed (vol≥1.5× body≥40%)
09:31:46 core.sweep_detector INFO: OrderBlocks: 5 detected, 1 unmitigated
09:31:46 core.sweep_detector INFO: FVGs: 10 detected, 4 unfilled
09:31:48 core.sweep_detector INFO: SweepDetector v2: 6 raw → 4 confirmed (vol≥1.5× body≥40%)
09:31:48 core.sweep_detector INFO: OrderBlocks: 10 detected, 2 unmitigated
09:31:48 core.sweep_detector INFO: FVGs: 12 detected, 2 unfilled
09:31:49 core.sweep_detector INFO: SweepDetector v2: 3 raw → 2 confirmed (vol≥1.5× body≥40%)
09:31:49 core.sweep_detector INFO: OrderBlocks: 9 detected, 2 unmitigated
09:31:49 core.sweep_detector INFO: FVGs: 11 detected, 4 unfilled
09:31:51 core.sweep_detector INFO: SweepDetector v2: 2 raw → 1 confirmed (vol≥1.5× body≥40%)
09:31:51 core.sweep_detector INFO: OrderBlocks: 3 detected, 0 unmitigated
09:31:51 core.sweep_detector INFO: FVGs: 7 detected, 2 unfilled
09:31:53 core.sweep_detector INFO: SweepDetector v2: 5 raw → 3 confirmed (vol≥1.5× body≥40%)
09:31:53 core.sweep_detector INFO: OrderBlocks: 6 detected, 1 unmitigated
09:31:53 core.sweep_detector INFO: FVGs: 10 detected, 6 unfilled
09:31:55 core.sweep_detector INFO: SweepDetector v2: 5 raw → 3 confirmed (vol≥1.5× body≥40%)
09:31:55 core.sweep_detector INFO: OrderBlocks: 7 detected, 4 unmitigated
09:31:55 core.sweep_detector INFO: FVGs: 8 detected, 4 unfilled
09:31:57 core.sweep_detector INFO: SweepDetector v2: 4 raw → 3 confirmed (vol≥1.5× body≥40%)
09:31:57 core.sweep_detector INFO: OrderBlocks: 10 detected, 3 unmitigated
09:31:57 core.sweep_detector INFO: FVGs: 11 detected, 5 unfilled
09:31:59 core.sweep_detector INFO: SweepDetector v2: 4 raw → 3 confirmed (vol≥1.5× body≥40%)
09:31:59 core.sweep_detector INFO: OrderBlocks: 14 detected, 2 unmitigated
09:31:59 core.sweep_detector INFO: FVGs: 14 detected, 1 unfilled
09:32:00 core.sweep_detector INFO: SweepDetector v2: 4 raw → 3 confirmed (vol≥1.5× body≥40%)
09:32:00 core.sweep_detector INFO: OrderBlocks: 2 detected, 1 unmitigated
09:32:00 core.sweep_detector INFO: FVGs: 8 detected, 1 unfilled
09:32:02 core.sweep_detector INFO: SweepDetector v2: 6 raw → 4 confirmed (vol≥1.5× body≥40%)
09:32:02 core.sweep_detector INFO: OrderBlocks: 4 detected, 3 unmitigated
09:32:02 core.sweep_detector INFO: FVGs: 4 detected, 2 unfilled
09:32:04 core.sweep_detector INFO: SweepDetector v2: 6 raw → 4 confirmed (vol≥1.5× body≥40%)
09:32:04 core.sweep_detector INFO: OrderBlocks: 6 detected, 4 unmitigated
09:32:04 core.sweep_detector INFO: FVGs: 11 detected, 4 unfilled
09:32:06 core.sweep_detector INFO: SweepDetector v2: 5 raw → 4 confirmed (vol≥1.5× body≥40%)
09:32:06 core.sweep_detector INFO: OrderBlocks: 5 detected, 1 unmitigated
09:32:06 core.sweep_detector INFO: FVGs: 8 detected, 5 unfilled
09:32:09 core.sweep_detector INFO: SweepDetector v2: 3 raw → 1 confirmed (vol≥1.5× body≥40%)
09:32:09 core.sweep_detector INFO: OrderBlocks: 4 detected, 0 unmitigated
09:32:09 core.sweep_detector INFO: FVGs: 9 detected, 2 unfilled
09:32:10 core.sweep_detector INFO: SweepDetector v2: 3 raw → 3 confirmed (vol≥1.5× body≥40%)
09:32:10 core.sweep_detector INFO: OrderBlocks: 5 detected, 4 unmitigated
09:32:10 core.sweep_detector INFO: FVGs: 7 detected, 3 unfilled
09:32:10 __main__ ERROR: Pending trigger error #11: cannot access local variable 'symbol' where it is not associated with a value
09:32:12 core.sweep_detector INFO: SweepDetector v2: 3 raw → 3 confirmed (vol≥1.5× body≥40%)
09:32:12 core.sweep_detector INFO: OrderBlocks: 1 detected, 0 unmitigated
09:32:12 core.sweep_detector INFO: FVGs: 6 detected, 3 unfilled
09:32:12 __main__ ERROR: Pending trigger error #11: cannot access local variable 'symbol' where it is not associated with a value
09:32:14 core.sweep_detector INFO: SweepDetector v2: 4 raw → 4 confirmed (vol≥1.5× body≥40%)
09:32:14 core.sweep_detector INFO: OrderBlocks: 4 detected, 0 unmitigated
09:32:14 core.sweep_detector INFO: FVGs: 4 detected, 0 unfilled
09:32:14 __main__ INFO: Pending signal #11: binance:OP/USDT short entry=0.10275 current=0.1027 dist=0.05% expires=2h
09:32:14 alerts.telegram INFO: Alert suppressed (binance:OP/USDT short): conf 0.65 < threshold 0.70
09:32:14 __main__ ERROR: Pending trigger error #11: cannot access local variable 'symbol' where it is not associated with a value
09:32:16 core.sweep_detector INFO: SweepDetector v2: 3 raw → 3 confirmed (vol≥1.5× body≥40%)
09:32:16 core.sweep_detector INFO: OrderBlocks: 7 detected, 2 unmitigated
09:32:16 core.sweep_detector INFO: FVGs: 10 detected, 3 unfilled
09:32:16 __main__ ERROR: Pending trigger error #12: cannot access local variable 'symbol' where it is not associated with a value
09:32:18 core.sweep_detector INFO: SweepDetector v2: 5 raw → 3 confirmed (vol≥1.5× body≥40%)
09:32:18 core.sweep_detector INFO: OrderBlocks: 5 detected, 1 unmitigated
09:32:18 core.sweep_detector INFO: FVGs: 5 detected, 1 unfilled
09:32:18 __main__ ERROR: Pending trigger error #12: cannot access local variable 'symbol' where it is not associated with a value
09:32:19 core.sweep_detector INFO: SweepDetector v2: 6 raw → 5 confirmed (vol≥1.5× body≥40%)
09:32:19 core.sweep_detector INFO: OrderBlocks: 5 detected, 4 unmitigated
09:32:19 core.sweep_detector INFO: FVGs: 11 detected, 4 unfilled
09:32:20 __main__ INFO: Pending signal #12: binance:OPEN/USDT long entry=0.16355 current=0.1637 dist=0.09% expires=2h
09:32:20 alerts.telegram INFO: Alert suppressed (binance:OPEN/USDT long): conf 0.57 < threshold 0.70
09:32:20 __main__ ERROR: Pending trigger error #12: cannot access local variable 'symbol' where it is not associated with a value
09:32:22 core.sweep_detector INFO: SweepDetector v2: 1 raw → 1 confirmed (vol≥1.5× body≥40%)
09:32:22 core.sweep_detector INFO: OrderBlocks: 5 detected, 2 unmitigated
09:32:22 core.sweep_detector INFO: FVGs: 9 detected, 4 unfilled
09:32:22 __main__ ERROR: Pending trigger error #10: cannot access local variable 'symbol' where it is not associated with a value
09:32:23 core.sweep_detector INFO: SweepDetector v2: 3 raw → 2 confirmed (vol≥1.5× body≥40%)
09:32:23 core.sweep_detector INFO: OrderBlocks: 5 detected, 1 unmitigated
09:32:23 core.sweep_detector INFO: FVGs: 15 detected, 0 unfilled
09:32:24 __main__ ERROR: Pending trigger error #10: cannot access local variable 'symbol' where it is not associated with a value
09:32:25 core.sweep_detector INFO: SweepDetector v2: 5 raw → 3 confirmed (vol≥1.5× body≥40%)
09:32:25 core.sweep_detector INFO: OrderBlocks: 2 detected, 1 unmitigated
09:32:25 core.sweep_detector INFO: FVGs: 7 detected, 2 unfilled
09:32:25 __main__ INFO: Pending signal #10: binance:OPN/USDT short entry=0.1925 current=0.1921 dist=0.21% expires=2h
09:32:29 alerts.telegram INFO: Alert sent: binance:OPN/USDT short RR=2.07
09:32:29 __main__ ERROR: Pending trigger error #10: cannot access local variable 'symbol' where it is not associated with a value
09:32:31 core.sweep_detector INFO: SweepDetector v2: 6 raw → 2 confirmed (vol≥1.5× body≥40%)
09:32:31 core.sweep_detector INFO: OrderBlocks: 8 detected, 1 unmitigated
09:32:31 core.sweep_detector INFO: FVGs: 5 detected, 0 unfilled
09:32:33 core.sweep_detector INFO: SweepDetector v2: 3 raw → 1 confirmed (vol≥1.5× body≥40%)
09:32:33 core.sweep_detector INFO: OrderBlocks: 2 detected, 1 unmitigated
09:32:33 core.sweep_detector INFO: FVGs: 9 detected, 4 unfilled
09:32:35 core.sweep_detector INFO: SweepDetector v2: 7 raw → 4 confirmed (vol≥1.5× body≥40%)
09:32:35 core.sweep_detector INFO: OrderBlocks: 9 detected, 1 unmitigated
09:32:35 core.sweep_detector INFO: FVGs: 9 detected, 1 unfilled
09:32:37 core.sweep_detector INFO: SweepDetector v2: 6 raw → 5 confirmed (vol≥1.5× body≥40%)
09:32:37 core.sweep_detector INFO: OrderBlocks: 4 detected, 0 unmitigated
09:32:37 core.sweep_detector INFO: FVGs: 6 detected, 1 unfilled
09:32:38 core.sweep_detector INFO: SweepDetector v2: 4 raw → 3 confirmed (vol≥1.5× body≥40%)
09:32:38 core.sweep_detector INFO: OrderBlocks: 1 detected, 1 unmitigated
09:32:38 core.sweep_detector INFO: FVGs: 4 detected, 1 unfilled
09:32:40 core.sweep_detector INFO: SweepDetector v2: 2 raw → 2 confirmed (vol≥1.5× body≥40%)
09:32:40 core.sweep_detector INFO: OrderBlocks: 7 detected, 3 unmitigated
09:32:40 core.sweep_detector INFO: FVGs: 0 detected, 0 unfilled
09:32:43 core.sweep_detector INFO: SweepDetector v2: 2 raw → 2 confirmed (vol≥1.5× body≥40%)
09:32:43 core.sweep_detector INFO: OrderBlocks: 3 detected, 0 unmitigated
09:32:43 core.sweep_detector INFO: FVGs: 8 detected, 4 unfilled
09:32:44 core.sweep_detector INFO: SweepDetector v2: 2 raw → 1 confirmed (vol≥1.5× body≥40%)
09:32:44 core.sweep_detector INFO: OrderBlocks: 1 detected, 0 unmitigated
09:32:44 core.sweep_detector INFO: FVGs: 8 detected, 4 unfilled
09:32:46 core.sweep_detector INFO: SweepDetector v2: 3 raw → 1 confirmed (vol≥1.5× body≥40%)
09:32:46 core.sweep_detector INFO: OrderBlocks: 5 detected, 3 unmitigated
09:32:46 core.sweep_detector INFO: FVGs: 7 detected, 4 unfilled
09:32:48 core.sweep_detector INFO: SweepDetector v2: 4 raw → 3 confirmed (vol≥1.5× body≥40%)
09:32:48 core.sweep_detector INFO: OrderBlocks: 7 detected, 3 unmitigated
09:32:48 core.sweep_detector INFO: FVGs: 9 detected, 4 unfilled
09:32:49 core.sweep_detector INFO: SweepDetector v2: 3 raw → 3 confirmed (vol≥1.5× body≥40%)
09:32:49 core.sweep_detector INFO: OrderBlocks: 2 detected, 0 unmitigated
09:32:49 core.sweep_detector INFO: FVGs: 6 detected, 4 unfilled
09:32:51 core.sweep_detector INFO: SweepDetector v2: 1 raw → 1 confirmed (vol≥1.5× body≥40%)
09:32:51 core.sweep_detector INFO: OrderBlocks: 6 detected, 3 unmitigated
09:32:51 core.sweep_detector INFO: FVGs: 5 detected, 4 unfilled
09:32:53 core.sweep_detector INFO: SweepDetector v2: 3 raw → 3 confirmed (vol≥1.5× body≥40%)
09:32:53 core.sweep_detector INFO: OrderBlocks: 4 detected, 1 unmitigated
09:32:53 core.sweep_detector INFO: FVGs: 5 detected, 1 unfilled
09:32:54 core.sweep_detector INFO: SweepDetector v2: 4 raw → 3 confirmed (vol≥1.5× body≥40%)
09:32:54 core.sweep_detector INFO: OrderBlocks: 1 detected, 0 unmitigated
09:32:54 core.sweep_detector INFO: FVGs: 4 detected, 1 unfilled
09:32:56 core.sweep_detector INFO: SweepDetector v2: 2 raw → 2 confirmed (vol≥1.5× body≥40%)
09:32:56 core.sweep_detector INFO: OrderBlocks: 2 detected, 0 unmitigated
09:32:56 core.sweep_detector INFO: FVGs: 2 detected, 0 unfilled
09:32:58 core.sweep_detector INFO: SweepDetector v2: 5 raw → 3 confirmed (vol≥1.5× body≥40%)
09:32:58 core.sweep_detector INFO: OrderBlocks: 3 detected, 3 unmitigated
09:32:58 core.sweep_detector INFO: FVGs: 10 detected, 2 unfilled
09:32:59 core.sweep_detector INFO: SweepDetector v2: 4 raw → 2 confirmed (vol≥1.5× body≥40%)
09:32:59 core.sweep_detector INFO: OrderBlocks: 5 detected, 2 unmitigated
09:32:59 core.sweep_detector INFO: FVGs: 9 detected, 3 unfilled
09:33:01 core.sweep_detector INFO: SweepDetector v2: 5 raw → 5 confirmed (vol≥1.5× body≥40%)
09:33:01 core.sweep_detector INFO: OrderBlocks: 4 detected, 1 unmitigated
09:33:01 core.sweep_detector INFO: FVGs: 9 detected, 1 unfilled
09:33:03 core.sweep_detector INFO: SweepDetector v2: 3 raw → 3 confirmed (vol≥1.5× body≥40%)
09:33:03 core.sweep_detector INFO: OrderBlocks: 8 detected, 3 unmitigated
09:33:03 core.sweep_detector INFO: FVGs: 11 detected, 4 unfilled
09:33:05 core.sweep_detector INFO: SweepDetector v2: 7 raw → 3 confirmed (vol≥1.5× body≥40%)
09:33:05 core.sweep_detector INFO: OrderBlocks: 1 detected, 0 unmitigated
09:33:05 core.sweep_detector INFO: FVGs: 11 detected, 5 unfilled
09:33:06 core.sweep_detector INFO: SweepDetector v2: 3 raw → 2 confirmed (vol≥1.5× body≥40%)
09:33:06 core.sweep_detector INFO: OrderBlocks: 2 detected, 0 unmitigated
09:33:06 core.sweep_detector INFO: FVGs: 4 detected, 1 unfilled
09:33:08 core.sweep_detector INFO: SweepDetector v2: 1 raw → 0 confirmed (vol≥1.5× body≥40%)
09:33:08 core.sweep_detector INFO: OrderBlocks: 5 detected, 1 unmitigated
09:33:08 core.sweep_detector INFO: FVGs: 5 detected, 2 unfilled
09:33:10 core.sweep_detector INFO: SweepDetector v2: 8 raw → 6 confirmed (vol≥1.5× body≥40%)
09:33:10 core.sweep_detector INFO: OrderBlocks: 1 detected, 0 unmitigated
09:33:10 core.sweep_detector INFO: FVGs: 7 detected, 1 unfilled
09:33:12 core.sweep_detector INFO: SweepDetector v2: 0 raw → 0 confirmed (vol≥1.5× body≥40%)
09:33:12 core.sweep_detector INFO: OrderBlocks: 4 detected, 1 unmitigated
09:33:12 core.sweep_detector INFO: FVGs: 3 detected, 1 unfilled
09:33:14 core.sweep_detector INFO: SweepDetector v2: 4 raw → 4 confirmed (vol≥1.5× body≥40%)
09:33:14 core.sweep_detector INFO: OrderBlocks: 7 detected, 3 unmitigated
09:33:14 core.sweep_detector INFO: FVGs: 9 detected, 2 unfilled
09:33:16 core.sweep_detector INFO: SweepDetector v2: 6 raw → 4 confirmed (vol≥1.5× body≥40%)
09:33:16 core.sweep_detector INFO: OrderBlocks: 4 detected, 1 unmitigated
09:33:16 core.sweep_detector INFO: FVGs: 9 detected, 3 unfilled
09:33:17 core.sweep_detector INFO: SweepDetector v2: 5 raw → 4 confirmed (vol≥1.5× body≥40%)
09:33:17 core.sweep_detector INFO: OrderBlocks: 4 detected, 0 unmitigated
09:33:17 core.sweep_detector INFO: FVGs: 8 detected, 3 unfilled
09:33:19 core.sweep_detector INFO: SweepDetector v2: 4 raw → 3 confirmed (vol≥1.5× body≥40%)
09:33:19 core.sweep_detector INFO: OrderBlocks: 2 detected, 1 unmitigated
09:33:19 core.sweep_detector INFO: FVGs: 12 detected, 6 unfilled
09:33:21 core.sweep_detector INFO: SweepDetector v2: 3 raw → 2 confirmed (vol≥1.5× body≥40%)
09:33:21 core.sweep_detector INFO: OrderBlocks: 4 detected, 3 unmitigated
09:33:21 core.sweep_detector INFO: FVGs: 13 detected, 6 unfilled
09:33:23 core.sweep_detector INFO: SweepDetector v2: 1 raw → 0 confirmed (vol≥1.5× body≥40%)
09:33:23 core.sweep_detector INFO: OrderBlocks: 7 detected, 1 unmitigated
09:33:23 core.sweep_detector INFO: FVGs: 14 detected, 4 unfilled
09:33:24 core.sweep_detector INFO: SweepDetector v2: 0 raw → 0 confirmed (vol≥1.5× body≥40%)
09:33:24 core.sweep_detector INFO: OrderBlocks: 1 detected, 0 unmitigated
09:33:24 core.sweep_detector INFO: FVGs: 0 detected, 0 unfilled
09:33:26 core.sweep_detector INFO: SweepDetector v2: 0 raw → 0 confirmed (vol≥1.5× body≥40%)
09:33:26 core.sweep_detector INFO: OrderBlocks: 0 detected, 0 unmitigated
09:33:26 core.sweep_detector INFO: FVGs: 0 detected, 0 unfilled
09:33:28 core.sweep_detector INFO: SweepDetector v2: 0 raw → 0 confirmed (vol≥1.5× body≥40%)
09:33:28 core.sweep_detector INFO: OrderBlocks: 1 detected, 0 unmitigated
09:33:28 core.sweep_detector INFO: FVGs: 0 detected, 0 unfilled
09:33:29 core.sweep_detector INFO: SweepDetector v2: 2 raw → 2 confirmed (vol≥1.5× body≥40%)
09:33:30 core.sweep_detector INFO: OrderBlocks: 5 detected, 2 unmitigated
09:33:30 core.sweep_detector INFO: FVGs: 7 detected, 2 unfilled
09:33:31 core.sweep_detector INFO: SweepDetector v2: 4 raw → 4 confirmed (vol≥1.5× body≥40%)
09:33:31 core.sweep_detector INFO: OrderBlocks: 2 detected, 1 unmitigated
09:33:31 core.sweep_detector INFO: FVGs: 14 detected, 2 unfilled
09:33:33 core.sweep_detector INFO: SweepDetector v2: 2 raw → 1 confirmed (vol≥1.5× body≥40%)
09:33:33 core.sweep_detector INFO: OrderBlocks: 9 detected, 4 unmitigated
09:33:33 core.sweep_detector INFO: FVGs: 6 detected, 2 unfilled
09:33:35 core.sweep_detector INFO: SweepDetector v2: 6 raw → 3 confirmed (vol≥1.5× body≥40%)
09:33:35 core.sweep_detector INFO: OrderBlocks: 9 detected, 2 unmitigated
09:33:35 core.sweep_detector INFO: FVGs: 13 detected, 7 unfilled
09:33:37 core.sweep_detector INFO: SweepDetector v2: 6 raw → 4 confirmed (vol≥1.5× body≥40%)
09:33:37 core.sweep_detector INFO: OrderBlocks: 2 detected, 1 unmitigated
09:33:37 core.sweep_detector INFO: FVGs: 7 detected, 4 unfilled
09:33:39 core.sweep_detector INFO: SweepDetector v2: 3 raw → 3 confirmed (vol≥1.5× body≥40%)
09:33:39 core.sweep_detector INFO: OrderBlocks: 5 detected, 1 unmitigated
09:33:39 core.sweep_detector INFO: FVGs: 3 detected, 1 unfilled
09:33:40 core.sweep_detector INFO: SweepDetector v2: 2 raw → 2 confirmed (vol≥1.5× body≥40%)
09:33:40 core.sweep_detector INFO: OrderBlocks: 7 detected, 0 unmitigated
09:33:40 core.sweep_detector INFO: FVGs: 9 detected, 2 unfilled
09:33:42 core.sweep_detector INFO: SweepDetector v2: 4 raw → 2 confirmed (vol≥1.5× body≥40%)
09:33:42 core.sweep_detector INFO: OrderBlocks: 4 detected, 1 unmitigated
09:33:42 core.sweep_detector INFO: FVGs: 11 detected, 2 unfilled
09:33:44 core.sweep_detector INFO: SweepDetector v2: 1 raw → 1 confirmed (vol≥1.5× body≥40%)
09:33:44 core.sweep_detector INFO: OrderBlocks: 7 detected, 2 unmitigated
09:33:44 core.sweep_detector INFO: FVGs: 6 detected, 3 unfilled
09:33:45 core.sweep_detector INFO: SweepDetector v2: 6 raw → 3 confirmed (vol≥1.5× body≥40%)
09:33:45 core.sweep_detector INFO: OrderBlocks: 6 detected, 1 unmitigated
09:33:45 core.sweep_detector INFO: FVGs: 11 detected, 1 unfilled
09:33:47 core.sweep_detector INFO: SweepDetector v2: 4 raw → 2 confirmed (vol≥1.5× body≥40%)
09:33:47 core.sweep_detector INFO: OrderBlocks: 0 detected, 0 unmitigated
09:33:47 core.sweep_detector INFO: FVGs: 5 detected, 4 unfilled
09:33:49 core.sweep_detector INFO: SweepDetector v2: 5 raw → 1 confirmed (vol≥1.5× body≥40%)
09:33:49 core.sweep_detector INFO: OrderBlocks: 7 detected, 1 unmitigated
09:33:49 core.sweep_detector INFO: FVGs: 7 detected, 2 unfilled
09:33:51 core.sweep_detector INFO: SweepDetector v2: 3 raw → 2 confirmed (vol≥1.5× body≥40%)
09:33:51 core.sweep_detector INFO: OrderBlocks: 4 detected, 2 unmitigated
09:33:51 core.sweep_detector INFO: FVGs: 10 detected, 7 unfilled
09:33:52 core.sweep_detector INFO: SweepDetector v2: 3 raw → 1 confirmed (vol≥1.5× body≥40%)
09:33:52 core.sweep_detector INFO: OrderBlocks: 2 detected, 0 unmitigated
09:33:52 core.sweep_detector INFO: FVGs: 7 detected, 2 unfilled
09:33:54 core.sweep_detector INFO: SweepDetector v2: 2 raw → 1 confirmed (vol≥1.5× body≥40%)
09:33:54 core.sweep_detector INFO: OrderBlocks: 3 detected, 1 unmitigated
09:33:54 core.sweep_detector INFO: FVGs: 5 detected, 1 unfilled
09:33:57 core.sweep_detector INFO: SweepDetector v2: 6 raw → 4 confirmed (vol≥1.5× body≥40%)
09:33:57 core.sweep_detector INFO: OrderBlocks: 7 detected, 2 unmitigated
09:33:57 core.sweep_detector INFO: FVGs: 8 detected, 4 unfilled
09:33:59 core.sweep_detector INFO: SweepDetector v2: 3 raw → 2 confirmed (vol≥1.5× body≥40%)
09:33:59 core.sweep_detector INFO: OrderBlocks: 5 detected, 2 unmitigated
09:33:59 core.sweep_detector INFO: FVGs: 16 detected, 6 unfilled
09:34:01 core.sweep_detector INFO: SweepDetector v2: 1 raw → 1 confirmed (vol≥1.5× body≥40%)
09:34:01 core.sweep_detector INFO: OrderBlocks: 8 detected, 3 unmitigated
09:34:01 core.sweep_detector INFO: FVGs: 9 detected, 5 unfilled
09:34:02 core.sweep_detector INFO: SweepDetector v2: 3 raw → 3 confirmed (vol≥1.5× body≥40%)
09:34:02 core.sweep_detector INFO: OrderBlocks: 5 detected, 1 unmitigated
09:34:02 core.sweep_detector INFO: FVGs: 8 detected, 3 unfilled
09:34:04 core.sweep_detector INFO: SweepDetector v2: 3 raw → 2 confirmed (vol≥1.5× body≥40%)
09:34:04 core.sweep_detector INFO: OrderBlocks: 3 detected, 2 unmitigated
09:34:04 core.sweep_detector INFO: FVGs: 6 detected, 2 unfilled
09:34:06 core.sweep_detector INFO: SweepDetector v2: 1 raw → 1 confirmed (vol≥1.5× body≥40%)
09:34:06 core.sweep_detector INFO: OrderBlocks: 5 detected, 2 unmitigated
09:34:06 core.sweep_detector INFO: FVGs: 2 detected, 1 unfilled
09:34:08 core.sweep_detector INFO: SweepDetector v2: 6 raw → 5 confirmed (vol≥1.5× body≥40%)
09:34:08 core.sweep_detector INFO: OrderBlocks: 3 detected, 2 unmitigated
09:34:08 core.sweep_detector INFO: FVGs: 12 detected, 8 unfilled
09:34:10 core.sweep_detector INFO: SweepDetector v2: 3 raw → 2 confirmed (vol≥1.5× body≥40%)
09:34:10 core.sweep_detector INFO: OrderBlocks: 0 detected, 0 unmitigated
09:34:10 core.sweep_detector INFO: FVGs: 1 detected, 0 unfilled
09:34:12 core.sweep_detector INFO: SweepDetector v2: 6 raw → 6 confirmed (vol≥1.5× body≥40%)
09:34:12 core.sweep_detector INFO: OrderBlocks: 3 detected, 2 unmitigated
09:34:12 core.sweep_detector INFO: FVGs: 5 detected, 0 unfilled
09:34:14 core.sweep_detector INFO: SweepDetector v2: 3 raw → 3 confirmed (vol≥1.5× body≥40%)
09:34:14 core.sweep_detector INFO: OrderBlocks: 7 detected, 2 unmitigated
09:34:14 core.sweep_detector INFO: FVGs: 7 detected, 1 unfilled
09:34:16 core.sweep_detector INFO: SweepDetector v2: 3 raw → 1 confirmed (vol≥1.5× body≥40%)
09:34:16 core.sweep_detector INFO: OrderBlocks: 3 detected, 0 unmitigated
09:34:16 core.sweep_detector INFO: FVGs: 3 detected, 0 unfilled
09:34:18 core.sweep_detector INFO: SweepDetector v2: 6 raw → 4 confirmed (vol≥1.5× body≥40%)
09:34:18 core.sweep_detector INFO: OrderBlocks: 5 detected, 1 unmitigated
09:34:18 core.sweep_detector INFO: FVGs: 5 detected, 0 unfilled
09:34:19 core.sweep_detector INFO: SweepDetector v2: 6 raw → 3 confirmed (vol≥1.5× body≥40%)
09:34:19 core.sweep_detector INFO: OrderBlocks: 7 detected, 1 unmitigated
09:34:19 core.sweep_detector INFO: FVGs: 8 detected, 3 unfilled
09:34:21 core.sweep_detector INFO: SweepDetector v2: 5 raw → 3 confirmed (vol≥1.5× body≥40%)
09:34:21 core.sweep_detector INFO: OrderBlocks: 3 detected, 2 unmitigated
09:34:21 core.sweep_detector INFO: FVGs: 9 detected, 3 unfilled
09:34:23 core.sweep_detector INFO: SweepDetector v2: 1 raw → 1 confirmed (vol≥1.5× body≥40%)
09:34:23 core.sweep_detector INFO: OrderBlocks: 5 detected, 2 unmitigated
09:34:23 core.sweep_detector INFO: FVGs: 3 detected, 1 unfilled
09:34:25 core.sweep_detector INFO: SweepDetector v2: 5 raw → 5 confirmed (vol≥1.5× body≥40%)
09:34:25 core.sweep_detector INFO: OrderBlocks: 8 detected, 3 unmitigated
09:34:25 core.sweep_detector INFO: FVGs: 9 detected, 2 unfilled
09:34:26 core.sweep_detector INFO: SweepDetector v2: 4 raw → 2 confirmed (vol≥1.5× body≥40%)
09:34:26 core.sweep_detector INFO: OrderBlocks: 4 detected, 4 unmitigated
09:34:26 core.sweep_detector INFO: FVGs: 12 detected, 5 unfilled
09:34:28 core.sweep_detector INFO: SweepDetector v2: 8 raw → 5 confirmed (vol≥1.5× body≥40%)
09:34:28 core.sweep_detector INFO: OrderBlocks: 3 detected, 1 unmitigated
09:34:28 core.sweep_detector INFO: FVGs: 8 detected, 4 unfilled
09:34:30 core.sweep_detector INFO: SweepDetector v2: 3 raw → 2 confirmed (vol≥1.5× body≥40%)
09:34:30 core.sweep_detector INFO: OrderBlocks: 7 detected, 3 unmitigated
09:34:30 core.sweep_detector INFO: FVGs: 13 detected, 5 unfilled
09:34:32 core.sweep_detector INFO: SweepDetector v2: 7 raw → 4 confirmed (vol≥1.5× body≥40%)
09:34:32 core.sweep_detector INFO: OrderBlocks: 1 detected, 0 unmitigated
09:34:32 core.sweep_detector INFO: FVGs: 8 detected, 3 unfilled
09:34:33 core.sweep_detector INFO: SweepDetector v2: 1 raw → 1 confirmed (vol≥1.5× body≥40%)
09:34:33 core.sweep_detector INFO: OrderBlocks: 4 detected, 0 unmitigated
09:34:33 core.sweep_detector INFO: FVGs: 7 detected, 0 unfilled
09:34:35 core.sweep_detector INFO: SweepDetector v2: 11 raw → 7 confirmed (vol≥1.5× body≥40%)
09:34:35 core.sweep_detector INFO: OrderBlocks: 6 detected, 5 unmitigated
09:34:35 core.sweep_detector INFO: FVGs: 14 detected, 8 unfilled
09:34:36 core.sweep_detector INFO: SweepDetector v2: 4 raw → 2 confirmed (vol≥1.5× body≥40%)
09:34:36 core.sweep_detector INFO: OrderBlocks: 4 detected, 4 unmitigated
09:34:36 core.sweep_detector INFO: FVGs: 9 detected, 5 unfilled
09:34:38 core.sweep_detector INFO: SweepDetector v2: 4 raw → 4 confirmed (vol≥1.5× body≥40%)
09:34:38 core.sweep_detector INFO: OrderBlocks: 8 detected, 2 unmitigated
09:34:38 core.sweep_detector INFO: FVGs: 16 detected, 9 unfilled
09:34:40 core.sweep_detector INFO: SweepDetector v2: 3 raw → 3 confirmed (vol≥1.5× body≥40%)
09:34:40 core.sweep_detector INFO: OrderBlocks: 5 detected, 1 unmitigated
09:34:40 core.sweep_detector INFO: FVGs: 10 detected, 3 unfilled
09:34:41 core.sweep_detector INFO: SweepDetector v2: 0 raw → 0 confirmed (vol≥1.5× body≥40%)
09:34:41 core.sweep_detector INFO: OrderBlocks: 1 detected, 0 unmitigated
09:34:41 core.sweep_detector INFO: FVGs: 10 detected, 5 unfilled
09:34:43 core.sweep_detector INFO: SweepDetector v2: 5 raw → 4 confirmed (vol≥1.5× body≥40%)
09:34:43 core.sweep_detector INFO: OrderBlocks: 0 detected, 0 unmitigated
09:34:43 core.sweep_detector INFO: FVGs: 8 detected, 1 unfilled
09:34:45 core.sweep_detector INFO: SweepDetector v2: 2 raw → 2 confirmed (vol≥1.5× body≥40%)
09:34:45 core.sweep_detector INFO: OrderBlocks: 7 detected, 4 unmitigated
09:34:45 core.sweep_detector INFO: FVGs: 11 detected, 4 unfilled
09:34:47 core.sweep_detector INFO: SweepDetector v2: 4 raw → 3 confirmed (vol≥1.5× body≥40%)
09:34:47 core.sweep_detector INFO: OrderBlocks: 2 detected, 2 unmitigated
09:34:47 core.sweep_detector INFO: FVGs: 7 detected, 5 unfilled
09:34:48 core.sweep_detector INFO: SweepDetector v2: 3 raw → 2 confirmed (vol≥1.5× body≥40%)
09:34:48 core.sweep_detector INFO: OrderBlocks: 3 detected, 2 unmitigated
09:34:48 core.sweep_detector INFO: FVGs: 3 detected, 2 unfilled
09:34:50 core.sweep_detector INFO: SweepDetector v2: 2 raw → 2 confirmed (vol≥1.5× body≥40%)
09:34:50 core.sweep_detector INFO: OrderBlocks: 8 detected, 3 unmitigated
09:34:50 core.sweep_detector INFO: FVGs: 18 detected, 5 unfilled
09:34:51 core.sweep_detector INFO: SweepDetector v2: 3 raw → 2 confirmed (vol≥1.5× body≥40%)
09:34:51 core.sweep_detector INFO: OrderBlocks: 7 detected, 2 unmitigated
09:34:51 core.sweep_detector INFO: FVGs: 12 detected, 5 unfilled
09:34:53 core.sweep_detector INFO: SweepDetector v2: 1 raw → 0 confirmed (vol≥1.5× body≥40%)
09:34:53 core.sweep_detector INFO: OrderBlocks: 5 detected, 4 unmitigated
09:34:53 core.sweep_detector INFO: FVGs: 9 detected, 6 unfilled
09:34:55 core.sweep_detector INFO: SweepDetector v2: 6 raw → 2 confirmed (vol≥1.5× body≥40%)
09:34:55 core.sweep_detector INFO: OrderBlocks: 3 detected, 3 unmitigated
09:34:55 core.sweep_detector INFO: FVGs: 6 detected, 4 unfilled
09:34:56 core.sweep_detector INFO: SweepDetector v2: 3 raw → 1 confirmed (vol≥1.5× body≥40%)
09:34:56 core.sweep_detector INFO: OrderBlocks: 5 detected, 3 unmitigated
09:34:56 core.sweep_detector INFO: FVGs: 15 detected, 5 unfilled
09:34:58 core.sweep_detector INFO: SweepDetector v2: 2 raw → 2 confirmed (vol≥1.5× body≥40%)
09:34:58 core.sweep_detector INFO: OrderBlocks: 7 detected, 3 unmitigated
09:34:58 core.sweep_detector INFO: FVGs: 6 detected, 3 unfilled
09:35:01 core.sweep_detector INFO: SweepDetector v2: 9 raw → 7 confirmed (vol≥1.5× body≥40%)
09:35:01 core.sweep_detector INFO: OrderBlocks: 3 detected, 1 unmitigated
09:35:01 core.sweep_detector INFO: FVGs: 4 detected, 1 unfilled
09:35:02 core.sweep_detector INFO: SweepDetector v2: 5 raw → 4 confirmed (vol≥1.5× body≥40%)
09:35:02 core.sweep_detector INFO: OrderBlocks: 3 detected, 0 unmitigated
09:35:02 core.sweep_detector INFO: FVGs: 5 detected, 0 unfilled
09:35:04 core.sweep_detector INFO: SweepDetector v2: 4 raw → 3 confirmed (vol≥1.5× body≥40%)
09:35:04 core.sweep_detector INFO: OrderBlocks: 6 detected, 1 unmitigated
09:35:04 core.sweep_detector INFO: FVGs: 7 detected, 0 unfilled
09:35:08 core.sweep_detector INFO: SweepDetector v2: 5 raw → 4 confirmed (vol≥1.5× body≥40%)
09:35:08 core.sweep_detector INFO: OrderBlocks: 0 detected, 0 unmitigated
09:35:08 core.sweep_detector INFO: FVGs: 11 detected, 11 unfilled
09:35:09 core.sweep_detector INFO: SweepDetector v2: 4 raw → 3 confirmed (vol≥1.5× body≥40%)
09:35:09 core.sweep_detector INFO: OrderBlocks: 4 detected, 0 unmitigated
09:35:09 core.sweep_detector INFO: FVGs: 9 detected, 4 unfilled
09:35:11 core.sweep_detector INFO: SweepDetector v2: 5 raw → 5 confirmed (vol≥1.5× body≥40%)
09:35:11 core.sweep_detector INFO: OrderBlocks: 8 detected, 2 unmitigated
09:35:11 core.sweep_detector INFO: FVGs: 7 detected, 1 unfilled
09:35:13 core.sweep_detector INFO: SweepDetector v2: 5 raw → 2 confirmed (vol≥1.5× body≥40%)
09:35:13 core.sweep_detector INFO: OrderBlocks: 6 detected, 3 unmitigated
09:35:13 core.sweep_detector INFO: FVGs: 7 detected, 4 unfilled
09:35:14 core.sweep_detector INFO: SweepDetector v2: 5 raw → 4 confirmed (vol≥1.5× body≥40%)
09:35:14 core.sweep_detector INFO: OrderBlocks: 4 detected, 1 unmitigated
09:35:14 core.sweep_detector INFO: FVGs: 5 detected, 4 unfilled
09:35:17 core.sweep_detector INFO: SweepDetector v2: 3 raw → 2 confirmed (vol≥1.5× body≥40%)
09:35:17 core.sweep_detector INFO: OrderBlocks: 6 detected, 2 unmitigated
09:35:17 core.sweep_detector INFO: FVGs: 5 detected, 3 unfilled
09:35:19 core.sweep_detector INFO: SweepDetector v2: 2 raw → 1 confirmed (vol≥1.5× body≥40%)
09:35:19 core.sweep_detector INFO: OrderBlocks: 3 detected, 0 unmitigated
09:35:19 core.sweep_detector INFO: FVGs: 11 detected, 5 unfilled
09:35:21 core.sweep_detector INFO: SweepDetector v2: 1 raw → 1 confirmed (vol≥1.5× body≥40%)
09:35:21 core.sweep_detector INFO: OrderBlocks: 4 detected, 0 unmitigated
09:35:21 core.sweep_detector INFO: FVGs: 3 detected, 0 unfilled
09:35:23 core.sweep_detector INFO: SweepDetector v2: 3 raw → 1 confirmed (vol≥1.5× body≥40%)
09:35:23 core.sweep_detector INFO: OrderBlocks: 5 detected, 0 unmitigated
09:35:23 core.sweep_detector INFO: FVGs: 5 detected, 2 unfilled
09:35:25 core.sweep_detector INFO: SweepDetector v2: 1 raw → 0 confirmed (vol≥1.5× body≥40%)
09:35:25 core.sweep_detector INFO: OrderBlocks: 6 detected, 2 unmitigated
09:35:25 core.sweep_detector INFO: FVGs: 9 detected, 5 unfilled
09:35:27 core.sweep_detector INFO: SweepDetector v2: 4 raw → 3 confirmed (vol≥1.5× body≥40%)
09:35:27 core.sweep_detector INFO: OrderBlocks: 4 detected, 2 unmitigated
09:35:27 core.sweep_detector INFO: FVGs: 9 detected, 3 unfilled
09:35:28 core.sweep_detector INFO: SweepDetector v2: 2 raw → 1 confirmed (vol≥1.5× body≥40%)
09:35:28 core.sweep_detector INFO: OrderBlocks: 8 detected, 2 unmitigated
09:35:28 core.sweep_detector INFO: FVGs: 7 detected, 4 unfilled
09:35:30 core.sweep_detector INFO: SweepDetector v2: 3 raw → 1 confirmed (vol≥1.5× body≥40%)
09:35:30 core.sweep_detector INFO: OrderBlocks: 9 detected, 2 unmitigated
09:35:30 core.sweep_detector INFO: FVGs: 11 detected, 2 unfilled
09:35:32 core.sweep_detector INFO: SweepDetector v2: 4 raw → 2 confirmed (vol≥1.5× body≥40%)
09:35:32 core.sweep_detector INFO: OrderBlocks: 6 detected, 4 unmitigated
09:35:32 core.sweep_detector INFO: FVGs: 8 detected, 3 unfilled
09:35:33 core.sweep_detector INFO: SweepDetector v2: 3 raw → 2 confirmed (vol≥1.5× body≥40%)
09:35:33 core.sweep_detector INFO: OrderBlocks: 7 detected, 2 unmitigated
09:35:33 core.sweep_detector INFO: FVGs: 3 detected, 2 unfilled
09:35:35 core.sweep_detector INFO: SweepDetector v2: 0 raw → 0 confirmed (vol≥1.5× body≥40%)
09:35:35 core.sweep_detector INFO: OrderBlocks: 6 detected, 3 unmitigated
09:35:35 core.sweep_detector INFO: FVGs: 9 detected, 2 unfilled
09:35:37 core.sweep_detector INFO: SweepDetector v2: 4 raw → 2 confirmed (vol≥1.5× body≥40%)
09:35:37 core.sweep_detector INFO: OrderBlocks: 0 detected, 0 unmitigated
09:35:37 core.sweep_detector INFO: FVGs: 5 detected, 3 unfilled
09:35:38 core.sweep_detector INFO: SweepDetector v2: 2 raw → 0 confirmed (vol≥1.5× body≥40%)
09:35:38 core.sweep_detector INFO: OrderBlocks: 1 detected, 1 unmitigated
09:35:38 core.sweep_detector INFO: FVGs: 4 detected, 2 unfilled
09:35:40 core.sweep_detector INFO: SweepDetector v2: 4 raw → 3 confirmed (vol≥1.5× body≥40%)
09:35:40 core.sweep_detector INFO: OrderBlocks: 7 detected, 3 unmitigated
09:35:40 core.sweep_detector INFO: FVGs: 9 detected, 3 unfilled
09:35:40 __main__ ERROR: Pending trigger error #13: cannot access local variable 'symbol' where it is not associated with a value
09:35:42 core.sweep_detector INFO: SweepDetector v2: 3 raw → 0 confirmed (vol≥1.5× body≥40%)
09:35:42 core.sweep_detector INFO: OrderBlocks: 8 detected, 2 unmitigated
09:35:42 core.sweep_detector INFO: FVGs: 15 detected, 7 unfilled
09:35:42 __main__ ERROR: Pending trigger error #13: cannot access local variable 'symbol' where it is not associated with a value
09:35:44 core.sweep_detector INFO: SweepDetector v2: 1 raw → 1 confirmed (vol≥1.5× body≥40%)
09:35:44 core.sweep_detector INFO: OrderBlocks: 7 detected, 4 unmitigated
09:35:44 core.sweep_detector INFO: FVGs: 7 detected, 1 unfilled
09:35:44 __main__ INFO: Pending signal #13: binance:TWT/USDT short entry=0.44175 current=0.4427 dist=0.21% expires=2h
09:35:44 alerts.telegram INFO: Alert suppressed (binance:TWT/USDT short): conf 0.65 < threshold 0.70
09:35:44 __main__ ERROR: Pending trigger error #13: cannot access local variable 'symbol' where it is not associated with a value
09:35:45 core.sweep_detector INFO: SweepDetector v2: 0 raw → 0 confirmed (vol≥1.5× body≥40%)
09:35:45 core.sweep_detector INFO: OrderBlocks: 3 detected, 0 unmitigated
09:35:45 core.sweep_detector INFO: FVGs: 0 detected, 0 unfilled
09:35:47 core.sweep_detector INFO: SweepDetector v2: 0 raw → 0 confirmed (vol≥1.5× body≥40%)
09:35:47 core.sweep_detector INFO: OrderBlocks: 1 detected, 0 unmitigated
09:35:47 core.sweep_detector INFO: FVGs: 0 detected, 0 unfilled
09:35:50 core.sweep_detector INFO: SweepDetector v2: 0 raw → 0 confirmed (vol≥1.5× body≥40%)
09:35:50 core.sweep_detector INFO: OrderBlocks: 0 detected, 0 unmitigated
09:35:50 core.sweep_detector INFO: FVGs: 0 detected, 0 unfilled
09:35:51 core.sweep_detector INFO: SweepDetector v2: 4 raw → 4 confirmed (vol≥1.5× body≥40%)
09:35:51 core.sweep_detector INFO: OrderBlocks: 6 detected, 3 unmitigated
09:35:51 core.sweep_detector INFO: FVGs: 8 detected, 4 unfilled
09:35:53 core.sweep_detector INFO: SweepDetector v2: 5 raw → 4 confirmed (vol≥1.5× body≥40%)
09:35:53 core.sweep_detector INFO: OrderBlocks: 3 detected, 0 unmitigated
09:35:53 core.sweep_detector INFO: FVGs: 7 detected, 3 unfilled
09:35:55 core.sweep_detector INFO: SweepDetector v2: 1 raw → 1 confirmed (vol≥1.5× body≥40%)
09:35:55 core.sweep_detector INFO: OrderBlocks: 6 detected, 1 unmitigated
09:35:55 core.sweep_detector INFO: FVGs: 5 detected, 1 unfilled
09:35:56 core.sweep_detector INFO: SweepDetector v2: 1 raw → 1 confirmed (vol≥1.5× body≥40%)
09:35:56 core.sweep_detector INFO: OrderBlocks: 2 detected, 0 unmitigated
09:35:56 core.sweep_detector INFO: FVGs: 0 detected, 0 unfilled
09:35:59 core.sweep_detector INFO: SweepDetector v2: 0 raw → 0 confirmed (vol≥1.5× body≥40%)
09:35:59 core.sweep_detector INFO: OrderBlocks: 1 detected, 0 unmitigated
09:35:59 core.sweep_detector INFO: FVGs: 0 detected, 0 unfilled
09:36:00 core.sweep_detector INFO: SweepDetector v2: 0 raw → 0 confirmed (vol≥1.5× body≥40%)
09:36:00 core.sweep_detector INFO: OrderBlocks: 1 detected, 0 unmitigated
09:36:00 core.sweep_detector INFO: FVGs: 0 detected, 0 unfilled
09:36:02 core.sweep_detector INFO: SweepDetector v2: 0 raw → 0 confirmed (vol≥1.5× body≥40%)
09:36:02 core.sweep_detector INFO: OrderBlocks: 3 detected, 0 unmitigated
09:36:02 core.sweep_detector INFO: FVGs: 0 detected, 0 unfilled
09:36:04 core.sweep_detector INFO: SweepDetector v2: 0 raw → 0 confirmed (vol≥1.5× body≥40%)
09:36:04 core.sweep_detector INFO: OrderBlocks: 0 detected, 0 unmitigated
09:36:04 core.sweep_detector INFO: FVGs: 0 detected, 0 unfilled
09:36:06 core.sweep_detector INFO: SweepDetector v2: 0 raw → 0 confirmed (vol≥1.5× body≥40%)
09:36:06 core.sweep_detector INFO: OrderBlocks: 0 detected, 0 unmitigated
09:36:06 core.sweep_detector INFO: FVGs: 0 detected, 0 unfilled
09:36:08 core.sweep_detector INFO: SweepDetector v2: 0 raw → 0 confirmed (vol≥1.5× body≥40%)
09:36:08 core.sweep_detector INFO: OrderBlocks: 9 detected, 3 unmitigated
09:36:08 core.sweep_detector INFO: FVGs: 5 detected, 2 unfilled
09:36:10 core.sweep_detector INFO: SweepDetector v2: 5 raw → 4 confirmed (vol≥1.5× body≥40%)
09:36:10 core.sweep_detector INFO: OrderBlocks: 5 detected, 2 unmitigated
09:36:10 core.sweep_detector INFO: FVGs: 13 detected, 3 unfilled
09:36:11 core.sweep_detector INFO: SweepDetector v2: 1 raw → 1 confirmed (vol≥1.5× body≥40%)
09:36:11 core.sweep_detector INFO: OrderBlocks: 2 detected, 2 unmitigated
09:36:11 core.sweep_detector INFO: FVGs: 6 detected, 5 unfilled
09:36:13 core.sweep_detector INFO: SweepDetector v2: 4 raw → 3 confirmed (vol≥1.5× body≥40%)
09:36:13 core.sweep_detector INFO: OrderBlocks: 4 detected, 0 unmitigated
09:36:13 core.sweep_detector INFO: FVGs: 9 detected, 4 unfilled
09:36:15 core.sweep_detector INFO: SweepDetector v2: 3 raw → 3 confirmed (vol≥1.5× body≥40%)
09:36:15 core.sweep_detector INFO: OrderBlocks: 1 detected, 0 unmitigated
09:36:15 core.sweep_detector INFO: FVGs: 8 detected, 1 unfilled
09:36:17 core.sweep_detector INFO: SweepDetector v2: 3 raw → 1 confirmed (vol≥1.5× body≥40%)
09:36:17 core.sweep_detector INFO: OrderBlocks: 4 detected, 1 unmitigated
09:36:17 core.sweep_detector INFO: FVGs: 4 detected, 1 unfilled
09:36:19 core.sweep_detector INFO: SweepDetector v2: 3 raw → 3 confirmed (vol≥1.5× body≥40%)
09:36:19 core.sweep_detector INFO: OrderBlocks: 4 detected, 2 unmitigated
09:36:19 core.sweep_detector INFO: FVGs: 8 detected, 2 unfilled
09:36:21 core.sweep_detector INFO: SweepDetector v2: 3 raw → 3 confirmed (vol≥1.5× body≥40%)
09:36:21 core.sweep_detector INFO: OrderBlocks: 2 detected, 0 unmitigated
09:36:21 core.sweep_detector INFO: FVGs: 10 detected, 3 unfilled
09:36:22 core.sweep_detector INFO: SweepDetector v2: 2 raw → 1 confirmed (vol≥1.5× body≥40%)
09:36:22 core.sweep_detector INFO: OrderBlocks: 8 detected, 2 unmitigated
09:36:22 core.sweep_detector INFO: FVGs: 5 detected, 1 unfilled
09:36:24 core.sweep_detector INFO: SweepDetector v2: 4 raw → 4 confirmed (vol≥1.5× body≥40%)
09:36:24 core.sweep_detector INFO: OrderBlocks: 3 detected, 1 unmitigated
09:36:24 core.sweep_detector INFO: FVGs: 7 detected, 4 unfilled
09:36:26 core.sweep_detector INFO: SweepDetector v2: 4 raw → 2 confirmed (vol≥1.5× body≥40%)
09:36:26 core.sweep_detector INFO: OrderBlocks: 2 detected, 1 unmitigated
09:36:26 core.sweep_detector INFO: FVGs: 5 detected, 1 unfilled
09:36:28 core.sweep_detector INFO: SweepDetector v2: 2 raw → 1 confirmed (vol≥1.5× body≥40%)
09:36:28 core.sweep_detector INFO: OrderBlocks: 1 detected, 0 unmitigated
09:36:28 core.sweep_detector INFO: FVGs: 1 detected, 0 unfilled
09:36:29 core.sweep_detector INFO: SweepDetector v2: 3 raw → 1 confirmed (vol≥1.5× body≥40%)
09:36:29 core.sweep_detector INFO: OrderBlocks: 6 detected, 5 unmitigated
09:36:29 core.sweep_detector INFO: FVGs: 13 detected, 6 unfilled
09:36:31 core.sweep_detector INFO: SweepDetector v2: 5 raw → 4 confirmed (vol≥1.5× body≥40%)
09:36:31 core.sweep_detector INFO: OrderBlocks: 1 detected, 0 unmitigated
09:36:31 core.sweep_detector INFO: FVGs: 9 detected, 3 unfilled
09:36:33 core.sweep_detector INFO: SweepDetector v2: 5 raw → 3 confirmed (vol≥1.5× body≥40%)
09:36:33 core.sweep_detector INFO: OrderBlocks: 10 detected, 2 unmitigated
09:36:33 core.sweep_detector INFO: FVGs: 11 detected, 3 unfilled
09:36:34 core.sweep_detector INFO: SweepDetector v2: 6 raw → 4 confirmed (vol≥1.5× body≥40%)
09:36:35 core.sweep_detector INFO: OrderBlocks: 6 detected, 1 unmitigated
09:36:35 core.sweep_detector INFO: FVGs: 5 detected, 2 unfilled
09:36:36 core.sweep_detector INFO: SweepDetector v2: 3 raw → 2 confirmed (vol≥1.5× body≥40%)
09:36:36 core.sweep_detector INFO: OrderBlocks: 4 detected, 0 unmitigated
09:36:36 core.sweep_detector INFO: FVGs: 5 detected, 3 unfilled
09:36:38 core.sweep_detector INFO: SweepDetector v2: 5 raw → 4 confirmed (vol≥1.5× body≥40%)
09:36:38 core.sweep_detector INFO: OrderBlocks: 4 detected, 0 unmitigated
09:36:38 core.sweep_detector INFO: FVGs: 3 detected, 0 unfilled
09:36:38 __main__ INFO: Pending signal #15: binance:WLFI/USDT short entry=0.0984 current=0.0982 dist=0.20% expires=2h
09:36:38 alerts.telegram INFO: Alert suppressed (binance:WLFI/USDT short): conf 0.60 < threshold 0.70
09:36:38 __main__ ERROR: Pending trigger error #15: cannot access local variable 'symbol' where it is not associated with a value
09:36:40 core.sweep_detector INFO: SweepDetector v2: 0 raw → 0 confirmed (vol≥1.5× body≥40%)
09:36:40 core.sweep_detector INFO: OrderBlocks: 0 detected, 0 unmitigated
09:36:40 core.sweep_detector INFO: FVGs: 2 detected, 1 unfilled
09:36:42 core.sweep_detector INFO: SweepDetector v2: 0 raw → 0 confirmed (vol≥1.5× body≥40%)
09:36:42 core.sweep_detector INFO: OrderBlocks: 1 detected, 1 unmitigated
09:36:42 core.sweep_detector INFO: FVGs: 5 detected, 2 unfilled
09:36:43 core.sweep_detector INFO: SweepDetector v2: 0 raw → 0 confirmed (vol≥1.5× body≥40%)
09:36:43 core.sweep_detector INFO: OrderBlocks: 11 detected, 4 unmitigated
09:36:43 core.sweep_detector INFO: FVGs: 0 detected, 0 unfilled
09:36:45 core.sweep_detector INFO: SweepDetector v2: 2 raw → 2 confirmed (vol≥1.5× body≥40%)
09:36:45 core.sweep_detector INFO: OrderBlocks: 7 detected, 3 unmitigated
09:36:45 core.sweep_detector INFO: FVGs: 8 detected, 3 unfilled
09:36:47 core.sweep_detector INFO: SweepDetector v2: 2 raw → 1 confirmed (vol≥1.5× body≥40%)
09:36:47 core.sweep_detector INFO: OrderBlocks: 3 detected, 2 unmitigated
09:36:47 core.sweep_detector INFO: FVGs: 8 detected, 4 unfilled
09:36:48 core.sweep_detector INFO: SweepDetector v2: 0 raw → 0 confirmed (vol≥1.5× body≥40%)
09:36:48 core.sweep_detector INFO: OrderBlocks: 5 detected, 3 unmitigated
09:36:48 core.sweep_detector INFO: FVGs: 5 detected, 2 unfilled
09:36:50 core.sweep_detector INFO: SweepDetector v2: 1 raw → 1 confirmed (vol≥1.5× body≥40%)
09:36:50 core.sweep_detector INFO: OrderBlocks: 8 detected, 1 unmitigated
09:36:50 core.sweep_detector INFO: FVGs: 9 detected, 3 unfilled
09:36:52 core.sweep_detector INFO: SweepDetector v2: 5 raw → 4 confirmed (vol≥1.5× body≥40%)
09:36:52 core.sweep_detector INFO: OrderBlocks: 1 detected, 0 unmitigated
09:36:52 core.sweep_detector INFO: FVGs: 14 detected, 4 unfilled
09:36:54 core.sweep_detector INFO: SweepDetector v2: 0 raw → 0 confirmed (vol≥1.5× body≥40%)
09:36:54 core.sweep_detector INFO: OrderBlocks: 5 detected, 1 unmitigated
09:36:54 core.sweep_detector INFO: FVGs: 6 detected, 2 unfilled
09:36:56 core.sweep_detector INFO: SweepDetector v2: 6 raw → 5 confirmed (vol≥1.5× body≥40%)
09:36:56 core.sweep_detector INFO: OrderBlocks: 4 detected, 1 unmitigated
09:36:56 core.sweep_detector INFO: FVGs: 8 detected, 2 unfilled
09:36:57 core.sweep_detector INFO: SweepDetector v2: 2 raw → 1 confirmed (vol≥1.5× body≥40%)
09:36:57 core.sweep_detector INFO: OrderBlocks: 3 detected, 1 unmitigated
09:36:57 core.sweep_detector INFO: FVGs: 6 detected, 1 unfilled
09:36:59 core.sweep_detector INFO: SweepDetector v2: 2 raw → 2 confirmed (vol≥1.5× body≥40%)
09:36:59 core.sweep_detector INFO: OrderBlocks: 11 detected, 2 unmitigated
09:36:59 core.sweep_detector INFO: FVGs: 7 detected, 2 unfilled
09:37:01 core.sweep_detector INFO: SweepDetector v2: 1 raw → 1 confirmed (vol≥1.5× body≥40%)
09:37:01 core.sweep_detector INFO: OrderBlocks: 0 detected, 0 unmitigated
09:37:01 core.sweep_detector INFO: FVGs: 0 detected, 0 unfilled
09:37:02 core.sweep_detector INFO: SweepDetector v2: 0 raw → 0 confirmed (vol≥1.5× body≥40%)
09:37:02 core.sweep_detector INFO: OrderBlocks: 2 detected, 0 unmitigated
09:37:02 core.sweep_detector INFO: FVGs: 0 detected, 0 unfilled
09:37:04 core.sweep_detector INFO: SweepDetector v2: 0 raw → 0 confirmed (vol≥1.5× body≥40%)
09:37:04 core.sweep_detector INFO: OrderBlocks: 0 detected, 0 unmitigated
09:37:04 core.sweep_detector INFO: FVGs: 0 detected, 0 unfilled
09:37:06 core.sweep_detector INFO: SweepDetector v2: 3 raw → 2 confirmed (vol≥1.5× body≥40%)
09:37:06 core.sweep_detector INFO: OrderBlocks: 5 detected, 2 unmitigated
09:37:06 core.sweep_detector INFO: FVGs: 5 detected, 1 unfilled
09:37:08 core.sweep_detector INFO: SweepDetector v2: 1 raw → 1 confirmed (vol≥1.5× body≥40%)
09:37:08 core.sweep_detector INFO: OrderBlocks: 6 detected, 1 unmitigated
09:37:08 core.sweep_detector INFO: FVGs: 8 detected, 2 unfilled
09:37:10 core.sweep_detector INFO: SweepDetector v2: 2 raw → 1 confirmed (vol≥1.5× body≥40%)
09:37:10 core.sweep_detector INFO: OrderBlocks: 7 detected, 2 unmitigated
09:37:10 core.sweep_detector INFO: FVGs: 11 detected, 4 unfilled
09:37:11 core.sweep_detector INFO: SweepDetector v2: 7 raw → 3 confirmed (vol≥1.5× body≥40%)
09:37:11 core.sweep_detector INFO: OrderBlocks: 9 detected, 1 unmitigated
09:37:11 core.sweep_detector INFO: FVGs: 9 detected, 1 unfilled
09:37:13 core.sweep_detector INFO: SweepDetector v2: 2 raw → 2 confirmed (vol≥1.5× body≥40%)
09:37:13 core.sweep_detector INFO: OrderBlocks: 7 detected, 2 unmitigated
09:37:13 core.sweep_detector INFO: FVGs: 15 detected, 3 unfilled
09:37:15 core.sweep_detector INFO: SweepDetector v2: 2 raw → 2 confirmed (vol≥1.5× body≥40%)
09:37:15 core.sweep_detector INFO: OrderBlocks: 5 detected, 2 unmitigated
09:37:15 core.sweep_detector INFO: FVGs: 10 detected, 1 unfilled
09:37:17 core.sweep_detector INFO: SweepDetector v2: 2 raw → 2 confirmed (vol≥1.5× body≥40%)
09:37:17 core.sweep_detector INFO: OrderBlocks: 6 detected, 0 unmitigated
09:37:17 core.sweep_detector INFO: FVGs: 6 detected, 1 unfilled
09:37:19 core.sweep_detector INFO: SweepDetector v2: 3 raw → 2 confirmed (vol≥1.5× body≥40%)
09:37:19 core.sweep_detector INFO: OrderBlocks: 1 detected, 0 unmitigated
09:37:19 core.sweep_detector INFO: FVGs: 7 detected, 1 unfilled
09:37:21 core.sweep_detector INFO: SweepDetector v2: 4 raw → 4 confirmed (vol≥1.5× body≥40%)
09:37:21 core.sweep_detector INFO: OrderBlocks: 8 detected, 2 unmitigated
09:37:21 core.sweep_detector INFO: FVGs: 7 detected, 2 unfilled
09:37:23 core.sweep_detector INFO: SweepDetector v2: 4 raw → 3 confirmed (vol≥1.5× body≥40%)
09:37:23 core.sweep_detector INFO: OrderBlocks: 6 detected, 3 unmitigated
09:37:23 core.sweep_detector INFO: FVGs: 8 detected, 4 unfilled
09:37:25 core.sweep_detector INFO: SweepDetector v2: 4 raw → 2 confirmed (vol≥1.5× body≥40%)
09:37:25 core.sweep_detector INFO: OrderBlocks: 3 detected, 0 unmitigated
09:37:25 core.sweep_detector INFO: FVGs: 11 detected, 5 unfilled
09:37:26 core.sweep_detector INFO: SweepDetector v2: 1 raw → 1 confirmed (vol≥1.5× body≥40%)
09:37:26 core.sweep_detector INFO: OrderBlocks: 9 detected, 1 unmitigated
09:37:26 core.sweep_detector INFO: FVGs: 5 detected, 2 unfilled
09:37:28 core.sweep_detector INFO: SweepDetector v2: 3 raw → 2 confirmed (vol≥1.5× body≥40%)
09:37:28 core.sweep_detector INFO: OrderBlocks: 6 detected, 2 unmitigated
09:37:28 core.sweep_detector INFO: FVGs: 7 detected, 2 unfilled
09:37:30 core.sweep_detector INFO: SweepDetector v2: 5 raw → 5 confirmed (vol≥1.5× body≥40%)
09:37:30 core.sweep_detector INFO: OrderBlocks: 0 detected, 0 unmitigated
09:37:30 core.sweep_detector INFO: FVGs: 13 detected, 3 unfilled
09:37:32 core.sweep_detector INFO: SweepDetector v2: 1 raw → 1 confirmed (vol≥1.5× body≥40%)
09:37:32 core.sweep_detector INFO: OrderBlocks: 5 detected, 1 unmitigated
09:37:32 core.sweep_detector INFO: FVGs: 10 detected, 2 unfilled
09:37:33 core.sweep_detector INFO: SweepDetector v2: 6 raw → 5 confirmed (vol≥1.5× body≥40%)
09:37:33 core.sweep_detector INFO: OrderBlocks: 8 detected, 3 unmitigated
09:37:33 core.sweep_detector INFO: FVGs: 11 detected, 2 unfilled
09:37:35 core.sweep_detector INFO: SweepDetector v2: 4 raw → 2 confirmed (vol≥1.5× body≥40%)
09:37:35 core.sweep_detector INFO: OrderBlocks: 5 detected, 0 unmitigated
09:37:35 core.sweep_detector INFO: FVGs: 6 detected, 2 unfilled
09:37:37 core.sweep_detector INFO: SweepDetector v2: 2 raw → 1 confirmed (vol≥1.5× body≥40%)
09:37:37 core.sweep_detector INFO: OrderBlocks: 5 detected, 3 unmitigated
09:37:37 core.sweep_detector INFO: FVGs: 7 detected, 2 unfilled
09:37:37 __main__ INFO: Pending signal #14: binance:ZRO/USDT short entry=2.015 current=1.999 dist=0.80% expires=2h
09:37:38 alerts.telegram INFO: Alert sent: binance:ZRO/USDT short RR=4.61
09:37:40 core.sweep_detector INFO: SweepDetector v2: 6 raw → 6 confirmed (vol≥1.5× body≥40%)
09:37:40 core.sweep_detector INFO: OrderBlocks: 6 detected, 2 unmitigated
09:37:40 core.sweep_detector INFO: FVGs: 7 detected, 4 unfilled
09:37:42 core.sweep_detector INFO: SweepDetector v2: 6 raw → 4 confirmed (vol≥1.5× body≥40%)
09:37:42 core.sweep_detector INFO: OrderBlocks: 5 detected, 1 unmitigated
09:37:42 core.sweep_detector INFO: FVGs: 9 detected, 4 unfilled
09:37:44 core.sweep_detector INFO: SweepDetector v2: 3 raw → 3 confirmed (vol≥1.5× body≥40%)
09:37:44 core.sweep_detector INFO: OrderBlocks: 10 detected, 2 unmitigated
09:37:44 core.sweep_detector INFO: FVGs: 7 detected, 1 unfilled
/root/.openclaw/workspace/projects/crypto-liquidity-hunter/main.py:555: DeprecationWarning: datetime.datetime.utcnow() is deprecated and scheduled for removal in a future version. Use timezone-aware objects to represent datetimes in UTC: datetime.datetime.now(datetime.UTC).
  scan_end     = datetime.utcnow()

=== SCAN ALL: 136 pairs, 3 timeframes ===
Total signals generated: 8
  binance:GIGGLE/USDT 15m SHORT Entry=23.09 SL=23.17 TP=22.90 R:R=2.33
  binance:MANTRA/USDT 15m SHORT Entry=0.01 SL=0.01 TP=0.01 R:R=2.22
  binance:OP/USDT 15m SHORT Entry=0.10 SL=0.10 TP=0.10 R:R=4.15
  binance:OPEN/USDT 15m LONG Entry=0.16 SL=0.16 TP=0.16 R:R=2.54
  binance:OPN/USDT 15m SHORT Entry=0.19 SL=0.19 TP=0.19 R:R=2.07
  binance:TWT/USDT 15m SHORT Entry=0.44 SL=0.44 TP=0.44 R:R=3.58
  binance:WLFI/USDT 15m SHORT Entry=0.10 SL=0.10 TP=0.10 R:R=3.00
  binance:ZRO/USDT 15m SHORT Entry=2.02 SL=2.02 TP=1.98 R:R=4.61
