20:00:02 __main__ INFO: Volume filter: fetching all tickers in one call...
20:00:04 __main__ INFO: Volume filter: 81/447 pairs pass $2M threshold
/root/.openclaw/workspace/projects/crypto-liquidity-hunter/main.py:292: DeprecationWarning: datetime.datetime.utcnow() is deprecated and scheduled for removal in a future version. Use timezone-aware objects to represent datetimes in UTC: datetime.datetime.now(datetime.UTC).
  scan_start = datetime.utcnow()   # for duration tracking
20:00:05 core.binance_connector INFO: BinanceConnector: connected [LIVE FUTURES MAINNET]
20:00:05 __main__ INFO: Auto-executor: account 'Liquiddbot1' mode=live exec=auto
20:00:07 core.sweep_detector INFO: SweepDetector v2: 0 raw â†’ 0 confirmed (volâ‰Ą2.5Ă— bodyâ‰Ą30%)
20:00:07 core.sweep_detector INFO: OrderBlocks: 8 detected, 4 unmitigated
20:00:07 core.sweep_detector INFO: FVGs: 12 detected, 7 unfilled
20:00:09 core.sweep_detector INFO: SweepDetector v2: 1 raw â†’ 1 confirmed (volâ‰Ą2.5Ă— bodyâ‰Ą30%)
20:00:09 core.sweep_detector INFO: OrderBlocks: 2 detected, 0 unmitigated
20:00:09 core.sweep_detector INFO: FVGs: 4 detected, 1 unfilled
20:00:10 core.sweep_detector INFO: SweepDetector v2: 1 raw â†’ 1 confirmed (volâ‰Ą2.5Ă— bodyâ‰Ą30%)
20:00:10 core.sweep_detector INFO: OrderBlocks: 7 detected, 1 unmitigated
20:00:10 core.sweep_detector INFO: FVGs: 6 detected, 1 unfilled
20:00:12 core.sweep_detector INFO: SweepDetector v2: 1 raw â†’ 1 confirmed (volâ‰Ą2.5Ă— bodyâ‰Ą30%)
20:00:12 core.sweep_detector INFO: OrderBlocks: 6 detected, 0 unmitigated
20:00:12 core.sweep_detector INFO: FVGs: 10 detected, 4 unfilled
20:00:14 core.sweep_detector INFO: SweepDetector v2: 2 raw â†’ 1 confirmed (volâ‰Ą2.5Ă— bodyâ‰Ą30%)
20:00:14 core.sweep_detector INFO: OrderBlocks: 3 detected, 2 unmitigated
20:00:14 core.sweep_detector INFO: FVGs: 5 detected, 3 unfilled
20:00:15 core.sweep_detector INFO: SweepDetector v2: 0 raw â†’ 0 confirmed (volâ‰Ą2.5Ă— bodyâ‰Ą30%)
20:00:15 core.sweep_detector INFO: OrderBlocks: 6 detected, 1 unmitigated
20:00:15 core.sweep_detector INFO: FVGs: 4 detected, 1 unfilled
20:00:17 core.sweep_detector INFO: SweepDetector v2: 3 raw â†’ 2 confirmed (volâ‰Ą2.5Ă— bodyâ‰Ą30%)
20:00:17 core.sweep_detector INFO: OrderBlocks: 7 detected, 3 unmitigated
20:00:17 core.sweep_detector INFO: FVGs: 9 detected, 2 unfilled
20:00:19 core.sweep_detector INFO: SweepDetector v2: 1 raw â†’ 0 confirmed (volâ‰Ą2.5Ă— bodyâ‰Ą30%)
20:00:19 core.sweep_detector INFO: OrderBlocks: 4 detected, 2 unmitigated
20:00:19 core.sweep_detector INFO: FVGs: 7 detected, 4 unfilled
20:00:20 core.sweep_detector INFO: SweepDetector v2: 2 raw â†’ 2 confirmed (volâ‰Ą2.5Ă— bodyâ‰Ą30%)
20:00:20 core.sweep_detector INFO: OrderBlocks: 2 detected, 1 unmitigated
20:00:20 core.sweep_detector INFO: FVGs: 7 detected, 5 unfilled
20:00:22 core.sweep_detector INFO: SweepDetector v2: 2 raw â†’ 1 confirmed (volâ‰Ą2.5Ă— bodyâ‰Ą30%)
20:00:22 core.sweep_detector INFO: OrderBlocks: 7 detected, 2 unmitigated
20:00:22 core.sweep_detector INFO: FVGs: 8 detected, 2 unfilled
20:00:23 core.sweep_detector INFO: SweepDetector v2: 0 raw â†’ 0 confirmed (volâ‰Ą2.5Ă— bodyâ‰Ą30%)
20:00:23 core.sweep_detector INFO: OrderBlocks: 1 detected, 0 unmitigated
20:00:23 core.sweep_detector INFO: FVGs: 7 detected, 3 unfilled
20:00:25 core.sweep_detector INFO: SweepDetector v2: 2 raw â†’ 1 confirmed (volâ‰Ą2.5Ă— bodyâ‰Ą30%)
20:00:25 core.sweep_detector INFO: OrderBlocks: 1 detected, 0 unmitigated
20:00:25 core.sweep_detector INFO: FVGs: 4 detected, 1 unfilled
20:00:27 core.sweep_detector INFO: SweepDetector v2: 2 raw â†’ 1 confirmed (volâ‰Ą2.5Ă— bodyâ‰Ą30%)
20:00:27 core.sweep_detector INFO: OrderBlocks: 4 detected, 3 unmitigated
20:00:27 core.sweep_detector INFO: FVGs: 10 detected, 5 unfilled
20:00:28 core.sweep_detector INFO: SweepDetector v2: 1 raw â†’ 1 confirmed (volâ‰Ą2.5Ă— bodyâ‰Ą30%)
20:00:28 core.sweep_detector INFO: OrderBlocks: 3 detected, 1 unmitigated
20:00:28 core.sweep_detector INFO: FVGs: 4 detected, 1 unfilled
20:00:30 core.sweep_detector INFO: SweepDetector v2: 1 raw â†’ 1 confirmed (volâ‰Ą2.5Ă— bodyâ‰Ą30%)
20:00:30 core.sweep_detector INFO: OrderBlocks: 3 detected, 1 unmitigated
20:00:30 core.sweep_detector INFO: FVGs: 7 detected, 1 unfilled
20:00:32 core.sweep_detector INFO: SweepDetector v2: 5 raw â†’ 5 confirmed (volâ‰Ą2.5Ă— bodyâ‰Ą30%)
20:00:32 core.sweep_detector INFO: OrderBlocks: 1 detected, 0 unmitigated
20:00:32 core.sweep_detector INFO: FVGs: 3 detected, 0 unfilled
20:00:34 core.sweep_detector INFO: SweepDetector v2: 1 raw â†’ 1 confirmed (volâ‰Ą2.5Ă— bodyâ‰Ą30%)
20:00:34 core.sweep_detector INFO: OrderBlocks: 4 detected, 0 unmitigated
20:00:34 core.sweep_detector INFO: FVGs: 1 detected, 0 unfilled
20:00:35 core.sweep_detector INFO: SweepDetector v2: 0 raw â†’ 0 confirmed (volâ‰Ą2.5Ă— bodyâ‰Ą30%)
20:00:35 core.sweep_detector INFO: OrderBlocks: 1 detected, 0 unmitigated
20:00:35 core.sweep_detector INFO: FVGs: 1 detected, 0 unfilled
20:00:37 core.sweep_detector INFO: SweepDetector v2: 2 raw â†’ 2 confirmed (volâ‰Ą2.5Ă— bodyâ‰Ą30%)
20:00:37 core.sweep_detector INFO: OrderBlocks: 2 detected, 1 unmitigated
20:00:37 core.sweep_detector INFO: FVGs: 13 detected, 7 unfilled
20:00:39 core.sweep_detector INFO: SweepDetector v2: 1 raw â†’ 1 confirmed (volâ‰Ą2.5Ă— bodyâ‰Ą30%)
20:00:39 core.sweep_detector INFO: OrderBlocks: 2 detected, 1 unmitigated
20:00:39 core.sweep_detector INFO: FVGs: 4 detected, 1 unfilled
20:00:40 core.sweep_detector INFO: SweepDetector v2: 1 raw â†’ 1 confirmed (volâ‰Ą2.5Ă— bodyâ‰Ą30%)
20:00:40 core.sweep_detector INFO: OrderBlocks: 5 detected, 1 unmitigated
20:00:40 core.sweep_detector INFO: FVGs: 3 detected, 0 unfilled
20:00:42 core.sweep_detector INFO: SweepDetector v2: 4 raw â†’ 4 confirmed (volâ‰Ą2.5Ă— bodyâ‰Ą30%)
20:00:42 core.sweep_detector INFO: OrderBlocks: 2 detected, 2 unmitigated
20:00:42 core.sweep_detector INFO: FVGs: 15 detected, 4 unfilled
20:00:44 core.sweep_detector INFO: SweepDetector v2: 2 raw â†’ 1 confirmed (volâ‰Ą2.5Ă— bodyâ‰Ą30%)
20:00:44 core.sweep_detector INFO: OrderBlocks: 8 detected, 1 unmitigated
20:00:44 core.sweep_detector INFO: FVGs: 12 detected, 2 unfilled
20:00:45 core.sweep_detector INFO: SweepDetector v2: 1 raw â†’ 0 confirmed (volâ‰Ą2.5Ă— bodyâ‰Ą30%)
20:00:45 core.sweep_detector INFO: OrderBlocks: 2 detected, 2 unmitigated
20:00:45 core.sweep_detector INFO: FVGs: 7 detected, 4 unfilled
20:00:47 core.sweep_detector INFO: SweepDetector v2: 0 raw â†’ 0 confirmed (volâ‰Ą2.5Ă— bodyâ‰Ą30%)
20:00:47 core.sweep_detector INFO: OrderBlocks: 3 detected, 1 unmitigated
20:00:47 core.sweep_detector INFO: FVGs: 6 detected, 2 unfilled
20:00:49 core.sweep_detector INFO: SweepDetector v2: 3 raw â†’ 3 confirmed (volâ‰Ą2.5Ă— bodyâ‰Ą30%)
20:00:49 core.sweep_detector INFO: OrderBlocks: 1 detected, 1 unmitigated
20:00:49 core.sweep_detector INFO: FVGs: 7 detected, 3 unfilled
20:00:51 core.sweep_detector INFO: SweepDetector v2: 1 raw â†’ 1 confirmed (volâ‰Ą2.5Ă— bodyâ‰Ą30%)
20:00:51 core.sweep_detector INFO: OrderBlocks: 3 detected, 3 unmitigated
20:00:51 core.sweep_detector INFO: FVGs: 8 detected, 6 unfilled
20:00:52 core.sweep_detector INFO: SweepDetector v2: 0 raw â†’ 0 confirmed (volâ‰Ą2.5Ă— bodyâ‰Ą30%)
20:00:52 core.sweep_detector INFO: OrderBlocks: 0 detected, 0 unmitigated
20:00:52 core.sweep_detector INFO: FVGs: 0 detected, 0 unfilled
20:00:55 core.sweep_detector INFO: SweepDetector v2: 0 raw â†’ 0 confirmed (volâ‰Ą2.5Ă— bodyâ‰Ą30%)
20:00:55 core.sweep_detector INFO: OrderBlocks: 1 detected, 0 unmitigated
20:00:55 core.sweep_detector INFO: FVGs: 0 detected, 0 unfilled
20:00:57 core.sweep_detector INFO: SweepDetector v2: 0 raw â†’ 0 confirmed (volâ‰Ą2.5Ă— bodyâ‰Ą30%)
20:00:57 core.sweep_detector INFO: OrderBlocks: 0 detected, 0 unmitigated
20:00:57 core.sweep_detector INFO: FVGs: 0 detected, 0 unfilled
20:00:58 core.sweep_detector INFO: SweepDetector v2: 1 raw â†’ 1 confirmed (volâ‰Ą2.5Ă— bodyâ‰Ą30%)
20:00:58 core.sweep_detector INFO: OrderBlocks: 6 detected, 4 unmitigated
20:00:59 core.sweep_detector INFO: FVGs: 10 detected, 4 unfilled
20:01:00 core.sweep_detector INFO: SweepDetector v2: 1 raw â†’ 1 confirmed (volâ‰Ą2.5Ă— bodyâ‰Ą30%)
20:01:00 core.sweep_detector INFO: OrderBlocks: 4 detected, 2 unmitigated
20:01:00 core.sweep_detector INFO: FVGs: 4 detected, 0 unfilled
20:01:02 core.sweep_detector INFO: SweepDetector v2: 0 raw â†’ 0 confirmed (volâ‰Ą2.5Ă— bodyâ‰Ą30%)
20:01:02 core.sweep_detector INFO: OrderBlocks: 9 detected, 1 unmitigated
20:01:02 core.sweep_detector INFO: FVGs: 1 detected, 1 unfilled
20:01:04 core.sweep_detector INFO: SweepDetector v2: 1 raw â†’ 1 confirmed (volâ‰Ą2.5Ă— bodyâ‰Ą30%)
20:01:04 core.sweep_detector INFO: OrderBlocks: 5 detected, 0 unmitigated
20:01:04 core.sweep_detector INFO: FVGs: 7 detected, 3 unfilled
20:01:06 core.sweep_detector INFO: SweepDetector v2: 1 raw â†’ 1 confirmed (volâ‰Ą2.5Ă— bodyâ‰Ą30%)
20:01:06 core.sweep_detector INFO: OrderBlocks: 2 detected, 0 unmitigated
20:01:06 core.sweep_detector INFO: FVGs: 6 detected, 1 unfilled
20:01:08 core.sweep_detector INFO: SweepDetector v2: 0 raw â†’ 0 confirmed (volâ‰Ą2.5Ă— bodyâ‰Ą30%)
20:01:08 core.sweep_detector INFO: OrderBlocks: 7 detected, 0 unmitigated
20:01:08 core.sweep_detector INFO: FVGs: 3 detected, 0 unfilled
20:01:10 core.sweep_detector INFO: SweepDetector v2: 0 raw â†’ 0 confirmed (volâ‰Ą2.5Ă— bodyâ‰Ą30%)
20:01:10 core.sweep_detector INFO: OrderBlocks: 4 detected, 2 unmitigated
20:01:10 core.sweep_detector INFO: FVGs: 7 detected, 2 unfilled
20:01:11 core.sweep_detector INFO: SweepDetector v2: 1 raw â†’ 1 confirmed (volâ‰Ą2.5Ă— bodyâ‰Ą30%)
20:01:11 core.sweep_detector INFO: OrderBlocks: 3 detected, 0 unmitigated
20:01:11 core.sweep_detector INFO: FVGs: 6 detected, 0 unfilled
20:01:13 core.sweep_detector INFO: SweepDetector v2: 0 raw â†’ 0 confirmed (volâ‰Ą2.5Ă— bodyâ‰Ą30%)
20:01:13 core.sweep_detector INFO: OrderBlocks: 5 detected, 0 unmitigated
20:01:13 core.sweep_detector INFO: FVGs: 1 detected, 0 unfilled
20:01:15 core.sweep_detector INFO: SweepDetector v2: 7 raw â†’ 5 confirmed (volâ‰Ą2.5Ă— bodyâ‰Ą30%)
20:01:15 core.sweep_detector INFO: OrderBlocks: 4 detected, 2 unmitigated
20:01:15 core.sweep_detector INFO: FVGs: 10 detected, 4 unfilled
20:01:16 core.sweep_detector INFO: SweepDetector v2: 5 raw â†’ 2 confirmed (volâ‰Ą2.5Ă— bodyâ‰Ą30%)
20:01:16 core.sweep_detector INFO: OrderBlocks: 3 detected, 1 unmitigated
20:01:16 core.sweep_detector INFO: FVGs: 10 detected, 3 unfilled
20:01:18 core.sweep_detector INFO: SweepDetector v2: 2 raw â†’ 1 confirmed (volâ‰Ą2.5Ă— bodyâ‰Ą30%)
20:01:18 core.sweep_detector INFO: OrderBlocks: 2 detected, 0 unmitigated
20:01:18 core.sweep_detector INFO: FVGs: 8 detected, 3 unfilled
20:01:20 core.sweep_detector INFO: SweepDetector v2: 0 raw â†’ 0 confirmed (volâ‰Ą2.5Ă— bodyâ‰Ą30%)
20:01:20 core.sweep_detector INFO: OrderBlocks: 6 detected, 3 unmitigated
20:01:20 core.sweep_detector INFO: FVGs: 6 detected, 3 unfilled
20:01:21 core.sweep_detector INFO: SweepDetector v2: 1 raw â†’ 1 confirmed (volâ‰Ą2.5Ă— bodyâ‰Ą30%)
20:01:21 core.sweep_detector INFO: OrderBlocks: 7 detected, 4 unmitigated
20:01:21 core.sweep_detector INFO: FVGs: 6 detected, 3 unfilled
20:01:23 core.sweep_detector INFO: SweepDetector v2: 0 raw â†’ 0 confirmed (volâ‰Ą2.5Ă— bodyâ‰Ą30%)
20:01:23 core.sweep_detector INFO: OrderBlocks: 8 detected, 3 unmitigated
20:01:23 core.sweep_detector INFO: FVGs: 10 detected, 4 unfilled
20:01:25 core.sweep_detector INFO: SweepDetector v2: 1 raw â†’ 0 confirmed (volâ‰Ą2.5Ă— bodyâ‰Ą30%)
20:01:25 core.sweep_detector INFO: OrderBlocks: 2 detected, 2 unmitigated
20:01:25 core.sweep_detector INFO: FVGs: 9 detected, 7 unfilled
20:01:26 core.sweep_detector INFO: SweepDetector v2: 1 raw â†’ 0 confirmed (volâ‰Ą2.5Ă— bodyâ‰Ą30%)
20:01:26 core.sweep_detector INFO: OrderBlocks: 5 detected, 2 unmitigated
20:01:26 core.sweep_detector INFO: FVGs: 5 detected, 4 unfilled
20:01:28 core.sweep_detector INFO: SweepDetector v2: 1 raw â†’ 0 confirmed (volâ‰Ą2.5Ă— bodyâ‰Ą30%)
20:01:28 core.sweep_detector INFO: OrderBlocks: 4 detected, 3 unmitigated
20:01:28 core.sweep_detector INFO: FVGs: 6 detected, 5 unfilled
20:01:30 core.sweep_detector INFO: SweepDetector v2: 0 raw â†’ 0 confirmed (volâ‰Ą2.5Ă— bodyâ‰Ą30%)
20:01:30 core.sweep_detector INFO: OrderBlocks: 5 detected, 1 unmitigated
20:01:30 core.sweep_detector INFO: FVGs: 9 detected, 4 unfilled
20:01:31 core.sweep_detector INFO: SweepDetector v2: 3 raw â†’ 2 confirmed (volâ‰Ą2.5Ă— bodyâ‰Ą30%)
20:01:31 core.sweep_detector INFO: OrderBlocks: 6 detected, 4 unmitigated
20:01:31 core.sweep_detector INFO: FVGs: 14 detected, 7 unfilled
20:01:33 core.sweep_detector INFO: SweepDetector v2: 0 raw â†’ 0 confirmed (volâ‰Ą2.5Ă— bodyâ‰Ą30%)
20:01:33 core.sweep_detector INFO: OrderBlocks: 6 detected, 2 unmitigated
20:01:33 core.sweep_detector INFO: FVGs: 8 detected, 3 unfilled
20:01:35 core.sweep_detector INFO: SweepDetector v2: 0 raw â†’ 0 confirmed (volâ‰Ą2.5Ă— bodyâ‰Ą30%)
20:01:35 core.sweep_detector INFO: OrderBlocks: 8 detected, 2 unmitigated
20:01:35 core.sweep_detector INFO: FVGs: 14 detected, 3 unfilled
20:01:36 core.sweep_detector INFO: SweepDetector v2: 2 raw â†’ 1 confirmed (volâ‰Ą2.5Ă— bodyâ‰Ą30%)
20:01:36 core.sweep_detector INFO: OrderBlocks: 4 detected, 0 unmitigated
20:01:36 core.sweep_detector INFO: FVGs: 8 detected, 2 unfilled
20:01:38 core.sweep_detector INFO: SweepDetector v2: 0 raw â†’ 0 confirmed (volâ‰Ą2.5Ă— bodyâ‰Ą30%)
20:01:38 core.sweep_detector INFO: OrderBlocks: 5 detected, 1 unmitigated
20:01:38 core.sweep_detector INFO: FVGs: 6 detected, 4 unfilled
20:01:40 core.sweep_detector INFO: SweepDetector v2: 0 raw â†’ 0 confirmed (volâ‰Ą2.5Ă— bodyâ‰Ą30%)
20:01:40 core.sweep_detector INFO: OrderBlocks: 6 detected, 1 unmitigated
20:01:40 core.sweep_detector INFO: FVGs: 11 detected, 2 unfilled
20:01:41 core.sweep_detector INFO: SweepDetector v2: 3 raw â†’ 2 confirmed (volâ‰Ą2.5Ă— bodyâ‰Ą30%)
20:01:41 core.sweep_detector INFO: OrderBlocks: 2 detected, 1 unmitigated
20:01:41 core.sweep_detector INFO: FVGs: 8 detected, 2 unfilled
20:01:43 core.sweep_detector INFO: SweepDetector v2: 0 raw â†’ 0 confirmed (volâ‰Ą2.5Ă— bodyâ‰Ą30%)
20:01:43 core.sweep_detector INFO: OrderBlocks: 7 detected, 0 unmitigated
20:01:43 core.sweep_detector INFO: FVGs: 2 detected, 0 unfilled
20:01:45 core.sweep_detector INFO: SweepDetector v2: 1 raw â†’ 0 confirmed (volâ‰Ą2.5Ă— bodyâ‰Ą30%)
20:01:45 core.sweep_detector INFO: OrderBlocks: 4 detected, 1 unmitigated
20:01:45 core.sweep_detector INFO: FVGs: 10 detected, 3 unfilled
20:01:46 core.sweep_detector INFO: SweepDetector v2: 2 raw â†’ 2 confirmed (volâ‰Ą2.5Ă— bodyâ‰Ą30%)
20:01:46 core.sweep_detector INFO: OrderBlocks: 3 detected, 2 unmitigated
20:01:46 core.sweep_detector INFO: FVGs: 4 detected, 1 unfilled
20:01:48 core.sweep_detector INFO: SweepDetector v2: 0 raw â†’ 0 confirmed (volâ‰Ą2.5Ă— bodyâ‰Ą30%)
20:01:48 core.sweep_detector INFO: OrderBlocks: 2 detected, 0 unmitigated
20:01:48 core.sweep_detector INFO: FVGs: 4 detected, 1 unfilled
20:01:50 core.sweep_detector INFO: SweepDetector v2: 1 raw â†’ 1 confirmed (volâ‰Ą2.5Ă— bodyâ‰Ą30%)
20:01:50 core.sweep_detector INFO: OrderBlocks: 5 detected, 3 unmitigated
20:01:50 core.sweep_detector INFO: FVGs: 12 detected, 4 unfilled
20:01:51 core.sweep_detector INFO: SweepDetector v2: 4 raw â†’ 3 confirmed (volâ‰Ą2.5Ă— bodyâ‰Ą30%)
20:01:51 core.sweep_detector INFO: OrderBlocks: 3 detected, 0 unmitigated
20:01:51 core.sweep_detector INFO: FVGs: 5 detected, 1 unfilled
20:01:54 core.sweep_detector INFO: SweepDetector v2: 2 raw â†’ 1 confirmed (volâ‰Ą2.5Ă— bodyâ‰Ą30%)
20:01:54 core.sweep_detector INFO: OrderBlocks: 5 detected, 2 unmitigated
20:01:54 core.sweep_detector INFO: FVGs: 9 detected, 2 unfilled
20:01:56 core.sweep_detector INFO: SweepDetector v2: 2 raw â†’ 1 confirmed (volâ‰Ą2.5Ă— bodyâ‰Ą30%)
20:01:56 core.sweep_detector INFO: OrderBlocks: 5 detected, 1 unmitigated
20:01:56 core.sweep_detector INFO: FVGs: 7 detected, 0 unfilled
20:01:58 core.sweep_detector INFO: SweepDetector v2: 1 raw â†’ 0 confirmed (volâ‰Ą2.5Ă— bodyâ‰Ą30%)
20:01:58 core.sweep_detector INFO: OrderBlocks: 8 detected, 2 unmitigated
20:01:58 core.sweep_detector INFO: FVGs: 13 detected, 0 unfilled
20:02:00 core.sweep_detector INFO: SweepDetector v2: 4 raw â†’ 2 confirmed (volâ‰Ą2.5Ă— bodyâ‰Ą30%)
20:02:00 core.sweep_detector INFO: OrderBlocks: 9 detected, 4 unmitigated
20:02:00 core.sweep_detector INFO: FVGs: 8 detected, 2 unfilled
20:02:01 core.sweep_detector INFO: SweepDetector v2: 2 raw â†’ 1 confirmed (volâ‰Ą2.5Ă— bodyâ‰Ą30%)
20:02:01 core.sweep_detector INFO: OrderBlocks: 4 detected, 1 unmitigated
20:02:01 core.sweep_detector INFO: FVGs: 9 detected, 3 unfilled
20:02:03 core.sweep_detector INFO: SweepDetector v2: 3 raw â†’ 1 confirmed (volâ‰Ą2.5Ă— bodyâ‰Ą30%)
20:02:03 core.sweep_detector INFO: OrderBlocks: 4 detected, 2 unmitigated
20:02:03 core.sweep_detector INFO: FVGs: 7 detected, 1 unfilled
20:02:05 core.sweep_detector INFO: SweepDetector v2: 0 raw â†’ 0 confirmed (volâ‰Ą2.5Ă— bodyâ‰Ą30%)
20:02:05 core.sweep_detector INFO: OrderBlocks: 4 detected, 0 unmitigated
20:02:05 core.sweep_detector INFO: FVGs: 5 detected, 0 unfilled
20:02:06 core.sweep_detector INFO: SweepDetector v2: 0 raw â†’ 0 confirmed (volâ‰Ą2.5Ă— bodyâ‰Ą30%)
20:02:06 core.sweep_detector INFO: OrderBlocks: 3 detected, 0 unmitigated
20:02:06 core.sweep_detector INFO: FVGs: 0 detected, 0 unfilled
20:02:08 core.sweep_detector INFO: SweepDetector v2: 0 raw â†’ 0 confirmed (volâ‰Ą2.5Ă— bodyâ‰Ą30%)
20:02:08 core.sweep_detector INFO: OrderBlocks: 0 detected, 0 unmitigated
20:02:08 core.sweep_detector INFO: FVGs: 0 detected, 0 unfilled
20:02:09 core.sweep_detector INFO: SweepDetector v2: 0 raw â†’ 0 confirmed (volâ‰Ą2.5Ă— bodyâ‰Ą30%)
20:02:09 core.sweep_detector INFO: OrderBlocks: 3 detected, 0 unmitigated
20:02:09 core.sweep_detector INFO: FVGs: 0 detected, 0 unfilled
20:02:11 core.sweep_detector INFO: SweepDetector v2: 0 raw â†’ 0 confirmed (volâ‰Ą2.5Ă— bodyâ‰Ą30%)
20:02:11 core.sweep_detector INFO: OrderBlocks: 0 detected, 0 unmitigated
20:02:11 core.sweep_detector INFO: FVGs: 0 detected, 0 unfilled
20:02:12 core.sweep_detector INFO: SweepDetector v2: 0 raw â†’ 0 confirmed (volâ‰Ą2.5Ă— bodyâ‰Ą30%)
20:02:12 core.sweep_detector INFO: OrderBlocks: 0 detected, 0 unmitigated
20:02:12 core.sweep_detector INFO: FVGs: 0 detected, 0 unfilled
20:02:14 core.sweep_detector INFO: SweepDetector v2: 0 raw â†’ 0 confirmed (volâ‰Ą2.5Ă— bodyâ‰Ą30%)
20:02:14 core.sweep_detector INFO: OrderBlocks: 1 detected, 0 unmitigated
20:02:14 core.sweep_detector INFO: FVGs: 0 detected, 0 unfilled
20:02:16 core.sweep_detector INFO: SweepDetector v2: 0 raw â†’ 0 confirmed (volâ‰Ą2.5Ă— bodyâ‰Ą30%)
20:02:16 core.sweep_detector INFO: OrderBlocks: 6 detected, 2 unmitigated
20:02:16 core.sweep_detector INFO: FVGs: 13 detected, 4 unfilled
20:02:17 core.sweep_detector INFO: SweepDetector v2: 1 raw â†’ 1 confirmed (volâ‰Ą2.5Ă— bodyâ‰Ą30%)
20:02:17 core.sweep_detector INFO: OrderBlocks: 3 detected, 1 unmitigated
20:02:17 core.sweep_detector INFO: FVGs: 8 detected, 3 unfilled
20:02:19 core.sweep_detector INFO: SweepDetector v2: 0 raw â†’ 0 confirmed (volâ‰Ą2.5Ă— bodyâ‰Ą30%)
20:02:19 core.sweep_detector INFO: OrderBlocks: 6 detected, 2 unmitigated
20:02:19 core.sweep_detector INFO: FVGs: 9 detected, 5 unfilled
20:02:21 core.sweep_detector INFO: SweepDetector v2: 0 raw â†’ 0 confirmed (volâ‰Ą2.5Ă— bodyâ‰Ą30%)
20:02:21 core.sweep_detector INFO: OrderBlocks: 6 detected, 3 unmitigated
20:02:21 core.sweep_detector INFO: FVGs: 9 detected, 3 unfilled
20:02:22 core.sweep_detector INFO: SweepDetector v2: 1 raw â†’ 0 confirmed (volâ‰Ą2.5Ă— bodyâ‰Ą30%)
20:02:22 core.sweep_detector INFO: OrderBlocks: 3 detected, 3 unmitigated
20:02:22 core.sweep_detector INFO: FVGs: 8 detected, 2 unfilled
20:02:24 core.sweep_detector INFO: SweepDetector v2: 2 raw â†’ 2 confirmed (volâ‰Ą2.5Ă— bodyâ‰Ą30%)
20:02:24 core.sweep_detector INFO: OrderBlocks: 2 detected, 0 unmitigated
20:02:24 core.sweep_detector INFO: FVGs: 9 detected, 1 unfilled
20:02:26 core.sweep_detector INFO: SweepDetector v2: 2 raw â†’ 2 confirmed (volâ‰Ą2.5Ă— bodyâ‰Ą30%)
20:02:26 core.sweep_detector INFO: OrderBlocks: 6 detected, 0 unmitigated
20:02:26 core.sweep_detector INFO: FVGs: 7 detected, 0 unfilled
20:02:27 core.sweep_detector INFO: SweepDetector v2: 6 raw â†’ 6 confirmed (volâ‰Ą2.5Ă— bodyâ‰Ą30%)
20:02:27 core.sweep_detector INFO: OrderBlocks: 2 detected, 1 unmitigated
20:02:27 core.sweep_detector INFO: FVGs: 8 detected, 1 unfilled
20:02:29 core.sweep_detector INFO: SweepDetector v2: 5 raw â†’ 4 confirmed (volâ‰Ą2.5Ă— bodyâ‰Ą30%)
20:02:29 core.sweep_detector INFO: OrderBlocks: 5 detected, 2 unmitigated
20:02:29 core.sweep_detector INFO: FVGs: 6 detected, 2 unfilled
20:02:31 core.sweep_detector INFO: SweepDetector v2: 1 raw â†’ 1 confirmed (volâ‰Ą2.5Ă— bodyâ‰Ą30%)
20:02:31 core.sweep_detector INFO: OrderBlocks: 6 detected, 2 unmitigated
20:02:31 core.sweep_detector INFO: FVGs: 10 detected, 4 unfilled
20:02:32 core.sweep_detector INFO: SweepDetector v2: 1 raw â†’ 1 confirmed (volâ‰Ą2.5Ă— bodyâ‰Ą30%)
20:02:32 core.sweep_detector INFO: OrderBlocks: 2 detected, 1 unmitigated
20:02:32 core.sweep_detector INFO: FVGs: 6 detected, 1 unfilled
20:02:34 core.sweep_detector INFO: SweepDetector v2: 0 raw â†’ 0 confirmed (volâ‰Ą2.5Ă— bodyâ‰Ą30%)
20:02:34 core.sweep_detector INFO: OrderBlocks: 7 detected, 3 unmitigated
20:02:34 core.sweep_detector INFO: FVGs: 2 detected, 0 unfilled
20:02:36 core.sweep_detector INFO: SweepDetector v2: 2 raw â†’ 1 confirmed (volâ‰Ą2.5Ă— bodyâ‰Ą30%)
20:02:36 core.sweep_detector INFO: OrderBlocks: 8 detected, 2 unmitigated
20:02:36 core.sweep_detector INFO: FVGs: 13 detected, 6 unfilled
20:02:37 core.sweep_detector INFO: SweepDetector v2: 3 raw â†’ 3 confirmed (volâ‰Ą2.5Ă— bodyâ‰Ą30%)
20:02:37 core.sweep_detector INFO: OrderBlocks: 5 detected, 2 unmitigated
20:02:37 core.sweep_detector INFO: FVGs: 19 detected, 5 unfilled
20:02:39 core.sweep_detector INFO: SweepDetector v2: 2 raw â†’ 0 confirmed (volâ‰Ą2.5Ă— bodyâ‰Ą30%)
20:02:39 core.sweep_detector INFO: OrderBlocks: 8 detected, 3 unmitigated
20:02:39 core.sweep_detector INFO: FVGs: 11 detected, 3 unfilled
20:02:41 core.sweep_detector INFO: SweepDetector v2: 3 raw â†’ 2 confirmed (volâ‰Ą2.5Ă— bodyâ‰Ą30%)
20:02:41 core.sweep_detector INFO: OrderBlocks: 6 detected, 3 unmitigated
20:02:41 core.sweep_detector INFO: FVGs: 14 detected, 4 unfilled
20:02:43 core.sweep_detector INFO: SweepDetector v2: 2 raw â†’ 0 confirmed (volâ‰Ą2.5Ă— bodyâ‰Ą30%)
20:02:43 core.sweep_detector INFO: OrderBlocks: 10 detected, 4 unmitigated
20:02:43 core.sweep_detector INFO: FVGs: 15 detected, 4 unfilled
20:02:45 core.sweep_detector INFO: SweepDetector v2: 2 raw â†’ 1 confirmed (volâ‰Ą2.5Ă— bodyâ‰Ą30%)
20:02:45 core.sweep_detector INFO: OrderBlocks: 2 detected, 1 unmitigated
20:02:45 core.sweep_detector INFO: FVGs: 11 detected, 5 unfilled
20:02:47 core.sweep_detector INFO: SweepDetector v2: 2 raw â†’ 2 confirmed (volâ‰Ą2.5Ă— bodyâ‰Ą30%)
20:02:47 core.sweep_detector INFO: OrderBlocks: 8 detected, 2 unmitigated
20:02:47 core.sweep_detector INFO: FVGs: 8 detected, 4 unfilled
20:02:49 core.sweep_detector INFO: SweepDetector v2: 1 raw â†’ 1 confirmed (volâ‰Ą2.5Ă— bodyâ‰Ą30%)
20:02:49 core.sweep_detector INFO: OrderBlocks: 3 detected, 1 unmitigated
20:02:49 core.sweep_detector INFO: FVGs: 5 detected, 2 unfilled
20:02:51 core.sweep_detector INFO: SweepDetector v2: 2 raw â†’ 1 confirmed (volâ‰Ą2.5Ă— bodyâ‰Ą30%)
20:02:51 core.sweep_detector INFO: OrderBlocks: 7 detected, 0 unmitigated
20:02:51 core.sweep_detector INFO: FVGs: 5 detected, 0 unfilled
20:02:53 core.sweep_detector INFO: SweepDetector v2: 0 raw â†’ 0 confirmed (volâ‰Ą2.5Ă— bodyâ‰Ą30%)
20:02:53 core.sweep_detector INFO: OrderBlocks: 3 detected, 1 unmitigated
20:02:53 core.sweep_detector INFO: FVGs: 12 detected, 2 unfilled
20:02:55 core.sweep_detector INFO: SweepDetector v2: 0 raw â†’ 0 confirmed (volâ‰Ą2.5Ă— bodyâ‰Ą30%)
20:02:55 core.sweep_detector INFO: OrderBlocks: 4 detected, 0 unmitigated
20:02:55 core.sweep_detector INFO: FVGs: 9 detected, 2 unfilled
20:02:57 core.sweep_detector INFO: SweepDetector v2: 1 raw â†’ 1 confirmed (volâ‰Ą2.5Ă— bodyâ‰Ą30%)
20:02:57 core.sweep_detector INFO: OrderBlocks: 4 detected, 2 unmitigated
20:02:57 core.sweep_detector INFO: FVGs: 8 detected, 2 unfilled
20:03:00 core.sweep_detector INFO: SweepDetector v2: 0 raw â†’ 0 confirmed (volâ‰Ą2.5Ă— bodyâ‰Ą30%)
20:03:00 core.sweep_detector INFO: OrderBlocks: 7 detected, 3 unmitigated
20:03:00 core.sweep_detector INFO: FVGs: 11 detected, 6 unfilled
20:03:02 core.sweep_detector INFO: SweepDetector v2: 0 raw â†’ 0 confirmed (volâ‰Ą2.5Ă— bodyâ‰Ą30%)
20:03:02 core.sweep_detector INFO: OrderBlocks: 2 detected, 1 unmitigated
20:03:02 core.sweep_detector INFO: FVGs: 11 detected, 2 unfilled
20:03:04 core.sweep_detector INFO: SweepDetector v2: 2 raw â†’ 1 confirmed (volâ‰Ą2.5Ă— bodyâ‰Ą30%)
20:03:04 core.sweep_detector INFO: OrderBlocks: 7 detected, 2 unmitigated
20:03:04 core.sweep_detector INFO: FVGs: 9 detected, 3 unfilled
20:03:06 core.sweep_detector INFO: SweepDetector v2: 9 raw â†’ 6 confirmed (volâ‰Ą2.5Ă— bodyâ‰Ą30%)
20:03:06 core.sweep_detector INFO: OrderBlocks: 7 detected, 2 unmitigated
20:03:06 core.sweep_detector INFO: FVGs: 10 detected, 7 unfilled
20:03:08 core.sweep_detector INFO: SweepDetector v2: 4 raw â†’ 3 confirmed (volâ‰Ą2.5Ă— bodyâ‰Ą30%)
20:03:08 core.sweep_detector INFO: OrderBlocks: 6 detected, 1 unmitigated
20:03:08 core.sweep_detector INFO: FVGs: 8 detected, 3 unfilled
20:03:10 core.sweep_detector INFO: SweepDetector v2: 1 raw â†’ 0 confirmed (volâ‰Ą2.5Ă— bodyâ‰Ą30%)
20:03:10 core.sweep_detector INFO: OrderBlocks: 7 detected, 2 unmitigated
20:03:10 core.sweep_detector INFO: FVGs: 6 detected, 2 unfilled
20:03:12 core.sweep_detector INFO: SweepDetector v2: 1 raw â†’ 1 confirmed (volâ‰Ą2.5Ă— bodyâ‰Ą30%)
20:03:12 core.sweep_detector INFO: OrderBlocks: 4 detected, 2 unmitigated
20:03:12 core.sweep_detector INFO: FVGs: 8 detected, 4 unfilled
20:03:14 core.sweep_detector INFO: SweepDetector v2: 2 raw â†’ 1 confirmed (volâ‰Ą2.5Ă— bodyâ‰Ą30%)
20:03:14 core.sweep_detector INFO: OrderBlocks: 4 detected, 0 unmitigated
20:03:14 core.sweep_detector INFO: FVGs: 5 detected, 1 unfilled
20:03:16 core.sweep_detector INFO: SweepDetector v2: 0 raw â†’ 0 confirmed (volâ‰Ą2.5Ă— bodyâ‰Ą30%)
20:03:16 core.sweep_detector INFO: OrderBlocks: 4 detected, 0 unmitigated
20:03:16 core.sweep_detector INFO: FVGs: 3 detected, 0 unfilled
20:03:18 core.sweep_detector INFO: SweepDetector v2: 0 raw â†’ 0 confirmed (volâ‰Ą2.5Ă— bodyâ‰Ą30%)
20:03:18 core.sweep_detector INFO: OrderBlocks: 7 detected, 2 unmitigated
20:03:18 core.sweep_detector INFO: FVGs: 4 detected, 2 unfilled
20:03:21 core.sweep_detector INFO: SweepDetector v2: 1 raw â†’ 1 confirmed (volâ‰Ą2.5Ă— bodyâ‰Ą30%)
20:03:21 core.sweep_detector INFO: OrderBlocks: 2 detected, 2 unmitigated
20:03:21 core.sweep_detector INFO: FVGs: 5 detected, 1 unfilled
20:03:23 core.sweep_detector INFO: SweepDetector v2: 0 raw â†’ 0 confirmed (volâ‰Ą2.5Ă— bodyâ‰Ą30%)
20:03:23 core.sweep_detector INFO: OrderBlocks: 7 detected, 0 unmitigated
20:03:23 core.sweep_detector INFO: FVGs: 3 detected, 0 unfilled
20:03:25 core.sweep_detector INFO: SweepDetector v2: 1 raw â†’ 1 confirmed (volâ‰Ą2.5Ă— bodyâ‰Ą30%)
20:03:25 core.sweep_detector INFO: OrderBlocks: 7 detected, 2 unmitigated
20:03:25 core.sweep_detector INFO: FVGs: 4 detected, 3 unfilled
20:03:27 core.sweep_detector INFO: SweepDetector v2: 2 raw â†’ 1 confirmed (volâ‰Ą2.5Ă— bodyâ‰Ą30%)
20:03:27 core.sweep_detector INFO: OrderBlocks: 2 detected, 0 unmitigated
20:03:27 core.sweep_detector INFO: FVGs: 3 detected, 2 unfilled
20:03:29 core.sweep_detector INFO: SweepDetector v2: 0 raw â†’ 0 confirmed (volâ‰Ą2.5Ă— bodyâ‰Ą30%)
20:03:29 core.sweep_detector INFO: OrderBlocks: 5 detected, 0 unmitigated
20:03:29 core.sweep_detector INFO: FVGs: 2 detected, 0 unfilled
20:03:31 core.sweep_detector INFO: SweepDetector v2: 0 raw â†’ 0 confirmed (volâ‰Ą2.5Ă— bodyâ‰Ą30%)
20:03:31 core.sweep_detector INFO: OrderBlocks: 3 detected, 1 unmitigated
20:03:31 core.sweep_detector INFO: FVGs: 12 detected, 4 unfilled
20:03:33 core.sweep_detector INFO: SweepDetector v2: 1 raw â†’ 1 confirmed (volâ‰Ą2.5Ă— bodyâ‰Ą30%)
20:03:33 core.sweep_detector INFO: OrderBlocks: 8 detected, 2 unmitigated
20:03:33 core.sweep_detector INFO: FVGs: 11 detected, 5 unfilled
20:03:35 core.sweep_detector INFO: SweepDetector v2: 2 raw â†’ 0 confirmed (volâ‰Ą2.5Ă— bodyâ‰Ą30%)
20:03:35 core.sweep_detector INFO: OrderBlocks: 3 detected, 0 unmitigated
20:03:35 core.sweep_detector INFO: FVGs: 6 detected, 1 unfilled
20:03:36 core.sweep_detector INFO: SweepDetector v2: 3 raw â†’ 2 confirmed (volâ‰Ą2.5Ă— bodyâ‰Ą30%)
20:03:36 core.sweep_detector INFO: OrderBlocks: 10 detected, 2 unmitigated
20:03:36 core.sweep_detector INFO: FVGs: 13 detected, 2 unfilled
20:03:38 core.sweep_detector INFO: SweepDetector v2: 2 raw â†’ 1 confirmed (volâ‰Ą2.5Ă— bodyâ‰Ą30%)
20:03:38 core.sweep_detector INFO: OrderBlocks: 6 detected, 0 unmitigated
20:03:38 core.sweep_detector INFO: FVGs: 11 detected, 3 unfilled
20:03:40 core.sweep_detector INFO: SweepDetector v2: 1 raw â†’ 1 confirmed (volâ‰Ą2.5Ă— bodyâ‰Ą30%)
20:03:40 core.sweep_detector INFO: OrderBlocks: 3 detected, 1 unmitigated
20:03:40 core.sweep_detector INFO: FVGs: 8 detected, 3 unfilled
20:03:42 core.sweep_detector INFO: SweepDetector v2: 2 raw â†’ 2 confirmed (volâ‰Ą2.5Ă— bodyâ‰Ą30%)
20:03:42 core.sweep_detector INFO: OrderBlocks: 13 detected, 2 unmitigated
20:03:42 core.sweep_detector INFO: FVGs: 16 detected, 3 unfilled
20:03:43 core.sweep_detector INFO: SweepDetector v2: 3 raw â†’ 3 confirmed (volâ‰Ą2.5Ă— bodyâ‰Ą30%)
20:03:43 core.sweep_detector INFO: OrderBlocks: 4 detected, 2 unmitigated
20:03:43 core.sweep_detector INFO: FVGs: 6 detected, 2 unfilled
20:03:45 core.sweep_detector INFO: SweepDetector v2: 2 raw â†’ 1 confirmed (volâ‰Ą2.5Ă— bodyâ‰Ą30%)
20:03:45 core.sweep_detector INFO: OrderBlocks: 3 detected, 1 unmitigated
20:03:45 core.sweep_detector INFO: FVGs: 4 detected, 2 unfilled
20:03:46 core.sweep_detector INFO: SweepDetector v2: 6 raw â†’ 3 confirmed (volâ‰Ą2.5Ă— bodyâ‰Ą30%)
20:03:46 core.sweep_detector INFO: OrderBlocks: 6 detected, 4 unmitigated
20:03:46 core.sweep_detector INFO: FVGs: 10 detected, 4 unfilled
20:03:48 core.sweep_detector INFO: SweepDetector v2: 5 raw â†’ 4 confirmed (volâ‰Ą2.5Ă— bodyâ‰Ą30%)
20:03:48 core.sweep_detector INFO: OrderBlocks: 5 detected, 1 unmitigated
20:03:48 core.sweep_detector INFO: FVGs: 8 detected, 4 unfilled
20:03:49 core.sweep_detector INFO: SweepDetector v2: 1 raw â†’ 1 confirmed (volâ‰Ą2.5Ă— bodyâ‰Ą30%)
20:03:49 core.sweep_detector INFO: OrderBlocks: 7 detected, 1 unmitigated
20:03:49 core.sweep_detector INFO: FVGs: 8 detected, 3 unfilled
20:03:51 core.sweep_detector INFO: SweepDetector v2: 1 raw â†’ 1 confirmed (volâ‰Ą2.5Ă— bodyâ‰Ą30%)
20:03:51 core.sweep_detector INFO: OrderBlocks: 5 detected, 2 unmitigated
20:03:51 core.sweep_detector INFO: FVGs: 11 detected, 6 unfilled
20:03:53 core.sweep_detector INFO: SweepDetector v2: 2 raw â†’ 0 confirmed (volâ‰Ą2.5Ă— bodyâ‰Ą30%)
20:03:53 core.sweep_detector INFO: OrderBlocks: 5 detected, 1 unmitigated
20:03:53 core.sweep_detector INFO: FVGs: 13 detected, 2 unfilled
20:03:55 core.sweep_detector INFO: SweepDetector v2: 1 raw â†’ 1 confirmed (volâ‰Ą2.5Ă— bodyâ‰Ą30%)
20:03:55 core.sweep_detector INFO: OrderBlocks: 9 detected, 3 unmitigated
20:03:55 core.sweep_detector INFO: FVGs: 5 detected, 1 unfilled
20:03:57 core.sweep_detector INFO: SweepDetector v2: 3 raw â†’ 2 confirmed (volâ‰Ą2.5Ă— bodyâ‰Ą30%)
20:03:57 core.sweep_detector INFO: OrderBlocks: 4 detected, 0 unmitigated
20:03:57 core.sweep_detector INFO: FVGs: 7 detected, 2 unfilled
20:03:58 core.sweep_detector INFO: SweepDetector v2: 3 raw â†’ 3 confirmed (volâ‰Ą2.5Ă— bodyâ‰Ą30%)
20:03:58 core.sweep_detector INFO: OrderBlocks: 2 detected, 2 unmitigated
20:03:58 core.sweep_detector INFO: FVGs: 3 detected, 1 unfilled
20:04:00 core.sweep_detector INFO: SweepDetector v2: 0 raw â†’ 0 confirmed (volâ‰Ą2.5Ă— bodyâ‰Ą30%)
20:04:00 core.sweep_detector INFO: OrderBlocks: 8 detected, 3 unmitigated
20:04:00 core.sweep_detector INFO: FVGs: 1 detected, 1 unfilled
20:04:02 core.sweep_detector INFO: SweepDetector v2: 0 raw â†’ 0 confirmed (volâ‰Ą2.5Ă— bodyâ‰Ą30%)
20:04:02 core.sweep_detector INFO: OrderBlocks: 6 detected, 3 unmitigated
20:04:02 core.sweep_detector INFO: FVGs: 10 detected, 5 unfilled
20:04:03 core.sweep_detector INFO: SweepDetector v2: 3 raw â†’ 2 confirmed (volâ‰Ą2.5Ă— bodyâ‰Ą30%)
20:04:03 core.sweep_detector INFO: OrderBlocks: 3 detected, 1 unmitigated
20:04:03 core.sweep_detector INFO: FVGs: 4 detected, 2 unfilled
20:04:05 core.sweep_detector INFO: SweepDetector v2: 1 raw â†’ 1 confirmed (volâ‰Ą2.5Ă— bodyâ‰Ą30%)
20:04:05 core.sweep_detector INFO: OrderBlocks: 3 detected, 0 unmitigated
20:04:05 core.sweep_detector INFO: FVGs: 5 detected, 2 unfilled
20:04:07 core.sweep_detector INFO: SweepDetector v2: 1 raw â†’ 1 confirmed (volâ‰Ą2.5Ă— bodyâ‰Ą30%)
20:04:07 core.sweep_detector INFO: OrderBlocks: 3 detected, 1 unmitigated
20:04:07 core.sweep_detector INFO: FVGs: 5 detected, 1 unfilled
20:04:08 core.sweep_detector INFO: SweepDetector v2: 2 raw â†’ 2 confirmed (volâ‰Ą2.5Ă— bodyâ‰Ą30%)
20:04:08 core.sweep_detector INFO: OrderBlocks: 2 detected, 0 unmitigated
20:04:08 core.sweep_detector INFO: FVGs: 3 detected, 1 unfilled
20:04:10 core.sweep_detector INFO: SweepDetector v2: 1 raw â†’ 1 confirmed (volâ‰Ą2.5Ă— bodyâ‰Ą30%)
20:04:10 core.sweep_detector INFO: OrderBlocks: 0 detected, 0 unmitigated
20:04:10 core.sweep_detector INFO: FVGs: 0 detected, 0 unfilled
20:04:12 core.sweep_detector INFO: SweepDetector v2: 2 raw â†’ 2 confirmed (volâ‰Ą2.5Ă— bodyâ‰Ą30%)
20:04:12 core.sweep_detector INFO: OrderBlocks: 8 detected, 3 unmitigated
20:04:12 core.sweep_detector INFO: FVGs: 9 detected, 3 unfilled
20:04:14 core.sweep_detector INFO: SweepDetector v2: 4 raw â†’ 2 confirmed (volâ‰Ą2.5Ă— bodyâ‰Ą30%)
20:04:14 core.sweep_detector INFO: OrderBlocks: 1 detected, 0 unmitigated
20:04:14 core.sweep_detector INFO: FVGs: 7 detected, 2 unfilled
20:04:16 core.sweep_detector INFO: SweepDetector v2: 2 raw â†’ 0 confirmed (volâ‰Ą2.5Ă— bodyâ‰Ą30%)
20:04:16 core.sweep_detector INFO: OrderBlocks: 8 detected, 2 unmitigated
20:04:16 core.sweep_detector INFO: FVGs: 4 detected, 1 unfilled
20:04:17 core.sweep_detector INFO: SweepDetector v2: 1 raw â†’ 0 confirmed (volâ‰Ą2.5Ă— bodyâ‰Ą30%)
20:04:17 core.sweep_detector INFO: OrderBlocks: 5 detected, 1 unmitigated
20:04:17 core.sweep_detector INFO: FVGs: 5 detected, 2 unfilled
20:04:19 core.sweep_detector INFO: SweepDetector v2: 4 raw â†’ 4 confirmed (volâ‰Ą2.5Ă— bodyâ‰Ą30%)
20:04:19 core.sweep_detector INFO: OrderBlocks: 1 detected, 0 unmitigated
20:04:19 core.sweep_detector INFO: FVGs: 6 detected, 1 unfilled
20:04:21 core.sweep_detector INFO: SweepDetector v2: 0 raw â†’ 0 confirmed (volâ‰Ą2.5Ă— bodyâ‰Ą30%)
20:04:21 core.sweep_detector INFO: OrderBlocks: 3 detected, 0 unmitigated
20:04:21 core.sweep_detector INFO: FVGs: 5 detected, 0 unfilled
20:04:23 core.sweep_detector INFO: SweepDetector v2: 3 raw â†’ 2 confirmed (volâ‰Ą2.5Ă— bodyâ‰Ą30%)
20:04:23 core.sweep_detector INFO: OrderBlocks: 3 detected, 0 unmitigated
20:04:23 core.sweep_detector INFO: FVGs: 5 detected, 0 unfilled
20:04:24 core.sweep_detector INFO: SweepDetector v2: 3 raw â†’ 3 confirmed (volâ‰Ą2.5Ă— bodyâ‰Ą30%)
20:04:24 core.sweep_detector INFO: OrderBlocks: 1 detected, 0 unmitigated
20:04:24 core.sweep_detector INFO: FVGs: 7 detected, 1 unfilled
20:04:26 core.sweep_detector INFO: SweepDetector v2: 2 raw â†’ 2 confirmed (volâ‰Ą2.5Ă— bodyâ‰Ą30%)
20:04:26 core.sweep_detector INFO: OrderBlocks: 3 detected, 0 unmitigated
20:04:26 core.sweep_detector INFO: FVGs: 9 detected, 2 unfilled
20:04:28 core.sweep_detector INFO: SweepDetector v2: 2 raw â†’ 2 confirmed (volâ‰Ą2.5Ă— bodyâ‰Ą30%)
20:04:28 core.sweep_detector INFO: OrderBlocks: 6 detected, 3 unmitigated
20:04:28 core.sweep_detector INFO: FVGs: 9 detected, 2 unfilled
20:04:30 core.sweep_detector INFO: SweepDetector v2: 1 raw â†’ 1 confirmed (volâ‰Ą2.5Ă— bodyâ‰Ą30%)
20:04:30 core.sweep_detector INFO: OrderBlocks: 4 detected, 1 unmitigated
20:04:30 core.sweep_detector INFO: FVGs: 6 detected, 1 unfilled
20:04:32 core.sweep_detector INFO: SweepDetector v2: 1 raw â†’ 1 confirmed (volâ‰Ą2.5Ă— bodyâ‰Ą30%)
20:04:32 core.sweep_detector INFO: OrderBlocks: 7 detected, 2 unmitigated
20:04:32 core.sweep_detector INFO: FVGs: 8 detected, 2 unfilled
20:04:33 core.sweep_detector INFO: SweepDetector v2: 0 raw â†’ 0 confirmed (volâ‰Ą2.5Ă— bodyâ‰Ą30%)
20:04:33 core.sweep_detector INFO: OrderBlocks: 1 detected, 0 unmitigated
20:04:33 core.sweep_detector INFO: FVGs: 0 detected, 0 unfilled
20:04:35 core.sweep_detector INFO: SweepDetector v2: 0 raw â†’ 0 confirmed (volâ‰Ą2.5Ă— bodyâ‰Ą30%)
20:04:35 core.sweep_detector INFO: OrderBlocks: 0 detected, 0 unmitigated
20:04:35 core.sweep_detector INFO: FVGs: 0 detected, 0 unfilled
20:04:37 core.sweep_detector INFO: SweepDetector v2: 0 raw â†’ 0 confirmed (volâ‰Ą2.5Ă— bodyâ‰Ą30%)
20:04:37 core.sweep_detector INFO: OrderBlocks: 0 detected, 0 unmitigated
20:04:37 core.sweep_detector INFO: FVGs: 0 detected, 0 unfilled
20:04:38 core.sweep_detector INFO: SweepDetector v2: 2 raw â†’ 2 confirmed (volâ‰Ą2.5Ă— bodyâ‰Ą30%)
20:04:38 core.sweep_detector INFO: OrderBlocks: 5 detected, 2 unmitigated
20:04:38 core.sweep_detector INFO: FVGs: 6 detected, 1 unfilled
20:04:40 core.sweep_detector INFO: SweepDetector v2: 3 raw â†’ 3 confirmed (volâ‰Ą2.5Ă— bodyâ‰Ą30%)
20:04:40 core.sweep_detector INFO: OrderBlocks: 4 detected, 0 unmitigated
20:04:40 core.sweep_detector INFO: FVGs: 9 detected, 0 unfilled
20:04:41 core.sweep_detector INFO: SweepDetector v2: 1 raw â†’ 1 confirmed (volâ‰Ą2.5Ă— bodyâ‰Ą30%)
20:04:41 core.sweep_detector INFO: OrderBlocks: 6 detected, 1 unmitigated
20:04:41 core.sweep_detector INFO: FVGs: 7 detected, 1 unfilled
20:04:43 core.sweep_detector INFO: SweepDetector v2: 2 raw â†’ 1 confirmed (volâ‰Ą2.5Ă— bodyâ‰Ą30%)
20:04:43 core.sweep_detector INFO: OrderBlocks: 6 detected, 1 unmitigated
20:04:43 core.sweep_detector INFO: FVGs: 12 detected, 2 unfilled
20:04:45 core.sweep_detector INFO: SweepDetector v2: 1 raw â†’ 0 confirmed (volâ‰Ą2.5Ă— bodyâ‰Ą30%)
20:04:45 core.sweep_detector INFO: OrderBlocks: 0 detected, 0 unmitigated
20:04:45 core.sweep_detector INFO: FVGs: 6 detected, 4 unfilled
20:04:46 core.sweep_detector INFO: SweepDetector v2: 1 raw â†’ 0 confirmed (volâ‰Ą2.5Ă— bodyâ‰Ą30%)
20:04:46 core.sweep_detector INFO: OrderBlocks: 5 detected, 1 unmitigated
20:04:46 core.sweep_detector INFO: FVGs: 6 detected, 1 unfilled
20:04:48 core.sweep_detector INFO: SweepDetector v2: 0 raw â†’ 0 confirmed (volâ‰Ą2.5Ă— bodyâ‰Ą30%)
20:04:48 core.sweep_detector INFO: OrderBlocks: 4 detected, 2 unmitigated
20:04:48 core.sweep_detector INFO: FVGs: 11 detected, 8 unfilled
20:04:49 core.sweep_detector INFO: SweepDetector v2: 0 raw â†’ 0 confirmed (volâ‰Ą2.5Ă— bodyâ‰Ą30%)
20:04:49 core.sweep_detector INFO: OrderBlocks: 2 detected, 0 unmitigated
20:04:49 core.sweep_detector INFO: FVGs: 6 detected, 2 unfilled
20:04:51 core.sweep_detector INFO: SweepDetector v2: 1 raw â†’ 1 confirmed (volâ‰Ą2.5Ă— bodyâ‰Ą30%)
20:04:51 core.sweep_detector INFO: OrderBlocks: 5 detected, 1 unmitigated
20:04:51 core.sweep_detector INFO: FVGs: 2 detected, 0 unfilled
20:04:53 core.sweep_detector INFO: SweepDetector v2: 5 raw â†’ 3 confirmed (volâ‰Ą2.5Ă— bodyâ‰Ą30%)
20:04:53 core.sweep_detector INFO: OrderBlocks: 8 detected, 2 unmitigated
20:04:53 core.sweep_detector INFO: FVGs: 9 detected, 2 unfilled
20:04:57 core.sweep_detector INFO: SweepDetector v2: 2 raw â†’ 2 confirmed (volâ‰Ą2.5Ă— bodyâ‰Ą30%)
20:04:57 core.sweep_detector INFO: OrderBlocks: 6 detected, 3 unmitigated
20:04:57 core.sweep_detector INFO: FVGs: 16 detected, 4 unfilled
20:05:00 core.sweep_detector INFO: SweepDetector v2: 1 raw â†’ 1 confirmed (volâ‰Ą2.5Ă— bodyâ‰Ą30%)
20:05:00 core.sweep_detector INFO: OrderBlocks: 4 detected, 2 unmitigated
20:05:00 core.sweep_detector INFO: FVGs: 12 detected, 9 unfilled
20:05:02 core.sweep_detector INFO: SweepDetector v2: 0 raw â†’ 0 confirmed (volâ‰Ą2.5Ă— bodyâ‰Ą30%)
20:05:02 core.sweep_detector INFO: OrderBlocks: 5 detected, 1 unmitigated
20:05:02 core.sweep_detector INFO: FVGs: 8 detected, 3 unfilled
20:05:04 core.sweep_detector INFO: SweepDetector v2: 2 raw â†’ 2 confirmed (volâ‰Ą2.5Ă— bodyâ‰Ą30%)
20:05:04 core.sweep_detector INFO: OrderBlocks: 3 detected, 2 unmitigated
20:05:04 core.sweep_detector INFO: FVGs: 4 detected, 1 unfilled
20:05:06 core.sweep_detector INFO: SweepDetector v2: 0 raw â†’ 0 confirmed (volâ‰Ą2.5Ă— bodyâ‰Ą30%)
20:05:06 core.sweep_detector INFO: OrderBlocks: 0 detected, 0 unmitigated
20:05:06 core.sweep_detector INFO: FVGs: 0 detected, 0 unfilled
20:05:07 core.sweep_detector INFO: SweepDetector v2: 1 raw â†’ 1 confirmed (volâ‰Ą2.5Ă— bodyâ‰Ą30%)
20:05:07 core.sweep_detector INFO: OrderBlocks: 3 detected, 2 unmitigated
20:05:07 core.sweep_detector INFO: FVGs: 13 detected, 9 unfilled
20:05:09 core.sweep_detector INFO: SweepDetector v2: 1 raw â†’ 1 confirmed (volâ‰Ą2.5Ă— bodyâ‰Ą30%)
20:05:09 core.sweep_detector INFO: OrderBlocks: 0 detected, 0 unmitigated
20:05:09 core.sweep_detector INFO: FVGs: 1 detected, 1 unfilled
20:05:11 core.sweep_detector INFO: SweepDetector v2: 3 raw â†’ 3 confirmed (volâ‰Ą2.5Ă— bodyâ‰Ą30%)
20:05:11 core.sweep_detector INFO: OrderBlocks: 6 detected, 1 unmitigated
20:05:11 core.sweep_detector INFO: FVGs: 5 detected, 3 unfilled
20:05:13 core.sweep_detector INFO: SweepDetector v2: 1 raw â†’ 0 confirmed (volâ‰Ą2.5Ă— bodyâ‰Ą30%)
20:05:13 core.sweep_detector INFO: OrderBlocks: 7 detected, 1 unmitigated
20:05:13 core.sweep_detector INFO: FVGs: 8 detected, 3 unfilled
20:05:15 core.sweep_detector INFO: SweepDetector v2: 3 raw â†’ 1 confirmed (volâ‰Ą2.5Ă— bodyâ‰Ą30%)
20:05:15 core.sweep_detector INFO: OrderBlocks: 3 detected, 2 unmitigated
20:05:15 core.sweep_detector INFO: FVGs: 6 detected, 1 unfilled
20:05:16 core.sweep_detector INFO: SweepDetector v2: 0 raw â†’ 0 confirmed (volâ‰Ą2.5Ă— bodyâ‰Ą30%)
20:05:16 core.sweep_detector INFO: OrderBlocks: 7 detected, 0 unmitigated
20:05:16 core.sweep_detector INFO: FVGs: 4 detected, 1 unfilled
20:05:18 core.sweep_detector INFO: SweepDetector v2: 4 raw â†’ 3 confirmed (volâ‰Ą2.5Ă— bodyâ‰Ą30%)
20:05:18 core.sweep_detector INFO: OrderBlocks: 7 detected, 2 unmitigated
20:05:18 core.sweep_detector INFO: FVGs: 9 detected, 2 unfilled
20:05:20 core.sweep_detector INFO: SweepDetector v2: 2 raw â†’ 1 confirmed (volâ‰Ą2.5Ă— bodyâ‰Ą30%)
20:05:20 core.sweep_detector INFO: OrderBlocks: 4 detected, 2 unmitigated
20:05:20 core.sweep_detector INFO: FVGs: 15 detected, 7 unfilled
20:05:21 core.sweep_detector INFO: SweepDetector v2: 2 raw â†’ 1 confirmed (volâ‰Ą2.5Ă— bodyâ‰Ą30%)
20:05:21 core.sweep_detector INFO: OrderBlocks: 5 detected, 2 unmitigated
20:05:21 core.sweep_detector INFO: FVGs: 9 detected, 3 unfilled
20:05:23 core.sweep_detector INFO: SweepDetector v2: 7 raw â†’ 5 confirmed (volâ‰Ą2.5Ă— bodyâ‰Ą30%)
20:05:23 core.sweep_detector INFO: OrderBlocks: 6 detected, 5 unmitigated
20:05:23 core.sweep_detector INFO: FVGs: 13 detected, 8 unfilled
20:05:25 core.sweep_detector INFO: SweepDetector v2: 2 raw â†’ 1 confirmed (volâ‰Ą2.5Ă— bodyâ‰Ą30%)
20:05:25 core.sweep_detector INFO: OrderBlocks: 3 detected, 2 unmitigated
20:05:25 core.sweep_detector INFO: FVGs: 6 detected, 2 unfilled
20:05:26 core.sweep_detector INFO: SweepDetector v2: 3 raw â†’ 3 confirmed (volâ‰Ą2.5Ă— bodyâ‰Ą30%)
20:05:27 core.sweep_detector INFO: OrderBlocks: 2 detected, 1 unmitigated
20:05:27 core.sweep_detector INFO: FVGs: 7 detected, 2 unfilled
20:05:28 core.sweep_detector INFO: SweepDetector v2: 0 raw â†’ 0 confirmed (volâ‰Ą2.5Ă— bodyâ‰Ą30%)
20:05:28 core.sweep_detector INFO: OrderBlocks: 6 detected, 4 unmitigated
20:05:28 core.sweep_detector INFO: FVGs: 13 detected, 6 unfilled
20:05:30 core.sweep_detector INFO: SweepDetector v2: 2 raw â†’ 1 confirmed (volâ‰Ą2.5Ă— bodyâ‰Ą30%)
20:05:30 core.sweep_detector INFO: OrderBlocks: 3 detected, 3 unmitigated
20:05:30 core.sweep_detector INFO: FVGs: 7 detected, 5 unfilled
20:05:32 core.sweep_detector INFO: SweepDetector v2: 1 raw â†’ 0 confirmed (volâ‰Ą2.5Ă— bodyâ‰Ą30%)
20:05:32 core.sweep_detector INFO: OrderBlocks: 9 detected, 3 unmitigated
20:05:32 core.sweep_detector INFO: FVGs: 4 detected, 2 unfilled
20:05:34 core.sweep_detector INFO: SweepDetector v2: 3 raw â†’ 3 confirmed (volâ‰Ą2.5Ă— bodyâ‰Ą30%)
20:05:34 core.sweep_detector INFO: OrderBlocks: 3 detected, 1 unmitigated
20:05:34 core.sweep_detector INFO: FVGs: 4 detected, 1 unfilled
20:05:36 core.sweep_detector INFO: SweepDetector v2: 2 raw â†’ 1 confirmed (volâ‰Ą2.5Ă— bodyâ‰Ą30%)
20:05:36 core.sweep_detector INFO: OrderBlocks: 5 detected, 0 unmitigated
20:05:36 core.sweep_detector INFO: FVGs: 6 detected, 0 unfilled
20:05:37 core.sweep_detector INFO: SweepDetector v2: 1 raw â†’ 1 confirmed (volâ‰Ą2.5Ă— bodyâ‰Ą30%)
20:05:37 core.sweep_detector INFO: OrderBlocks: 6 detected, 2 unmitigated
20:05:37 core.sweep_detector INFO: FVGs: 6 detected, 1 unfilled
20:05:39 core.sweep_detector INFO: SweepDetector v2: 1 raw â†’ 0 confirmed (volâ‰Ą2.5Ă— bodyâ‰Ą30%)
20:05:39 core.sweep_detector INFO: OrderBlocks: 3 detected, 0 unmitigated
20:05:39 core.sweep_detector INFO: FVGs: 12 detected, 5 unfilled
20:05:41 core.sweep_detector INFO: SweepDetector v2: 1 raw â†’ 1 confirmed (volâ‰Ą2.5Ă— bodyâ‰Ą30%)
20:05:41 core.sweep_detector INFO: OrderBlocks: 2 detected, 0 unmitigated
20:05:41 core.sweep_detector INFO: FVGs: 3 detected, 1 unfilled
20:05:43 core.sweep_detector INFO: SweepDetector v2: 1 raw â†’ 1 confirmed (volâ‰Ą2.5Ă— bodyâ‰Ą30%)
20:05:43 core.sweep_detector INFO: OrderBlocks: 1 detected, 0 unmitigated
20:05:43 core.sweep_detector INFO: FVGs: 5 detected, 1 unfilled
20:05:44 core.sweep_detector INFO: SweepDetector v2: 1 raw â†’ 0 confirmed (volâ‰Ą2.5Ă— bodyâ‰Ą30%)
20:05:44 core.sweep_detector INFO: OrderBlocks: 5 detected, 3 unmitigated
20:05:44 core.sweep_detector INFO: FVGs: 10 detected, 6 unfilled
20:05:46 core.sweep_detector INFO: SweepDetector v2: 1 raw â†’ 1 confirmed (volâ‰Ą2.5Ă— bodyâ‰Ą30%)
20:05:46 core.sweep_detector INFO: OrderBlocks: 4 detected, 2 unmitigated
20:05:46 core.sweep_detector INFO: FVGs: 9 detected, 3 unfilled
20:05:48 core.sweep_detector INFO: SweepDetector v2: 2 raw â†’ 1 confirmed (volâ‰Ą2.5Ă— bodyâ‰Ą30%)
20:05:48 core.sweep_detector INFO: OrderBlocks: 5 detected, 0 unmitigated
20:05:48 core.sweep_detector INFO: FVGs: 3 detected, 0 unfilled
20:05:49 core.sweep_detector INFO: SweepDetector v2: 0 raw â†’ 0 confirmed (volâ‰Ą2.5Ă— bodyâ‰Ą30%)
20:05:49 core.sweep_detector INFO: OrderBlocks: 10 detected, 2 unmitigated
20:05:49 core.sweep_detector INFO: FVGs: 11 detected, 2 unfilled
20:05:51 core.sweep_detector INFO: SweepDetector v2: 1 raw â†’ 1 confirmed (volâ‰Ą2.5Ă— bodyâ‰Ą30%)
20:05:51 core.sweep_detector INFO: OrderBlocks: 5 detected, 4 unmitigated
20:05:51 core.sweep_detector INFO: FVGs: 6 detected, 3 unfilled
20:05:53 core.sweep_detector INFO: SweepDetector v2: 0 raw â†’ 0 confirmed (volâ‰Ą2.5Ă— bodyâ‰Ą30%)
20:05:53 core.sweep_detector INFO: OrderBlocks: 3 detected, 1 unmitigated
20:05:53 core.sweep_detector INFO: FVGs: 5 detected, 1 unfilled
20:05:54 core.sweep_detector INFO: SweepDetector v2: 0 raw â†’ 0 confirmed (volâ‰Ą2.5Ă— bodyâ‰Ą30%)
20:05:54 core.sweep_detector INFO: OrderBlocks: 3 detected, 0 unmitigated
20:05:54 core.sweep_detector INFO: FVGs: 0 detected, 0 unfilled
20:05:56 core.sweep_detector INFO: SweepDetector v2: 0 raw â†’ 0 confirmed (volâ‰Ą2.5Ă— bodyâ‰Ą30%)
20:05:56 core.sweep_detector INFO: OrderBlocks: 0 detected, 0 unmitigated
20:05:56 core.sweep_detector INFO: FVGs: 0 detected, 0 unfilled
20:05:58 core.sweep_detector INFO: SweepDetector v2: 0 raw â†’ 0 confirmed (volâ‰Ą2.5Ă— bodyâ‰Ą30%)
20:05:58 core.sweep_detector INFO: OrderBlocks: 0 detected, 0 unmitigated
20:05:58 core.sweep_detector INFO: FVGs: 0 detected, 0 unfilled
20:06:00 core.sweep_detector INFO: SweepDetector v2: 1 raw â†’ 1 confirmed (volâ‰Ą2.5Ă— bodyâ‰Ą30%)
20:06:00 core.sweep_detector INFO: OrderBlocks: 5 detected, 3 unmitigated
20:06:00 core.sweep_detector INFO: FVGs: 8 detected, 4 unfilled
20:06:01 core.sweep_detector INFO: SweepDetector v2: 1 raw â†’ 1 confirmed (volâ‰Ą2.5Ă— bodyâ‰Ą30%)
20:06:01 core.sweep_detector INFO: OrderBlocks: 4 detected, 0 unmitigated
20:06:01 core.sweep_detector INFO: FVGs: 6 detected, 1 unfilled
20:06:03 core.sweep_detector INFO: SweepDetector v2: 1 raw â†’ 1 confirmed (volâ‰Ą2.5Ă— bodyâ‰Ą30%)
20:06:03 core.sweep_detector INFO: OrderBlocks: 3 detected, 1 unmitigated
20:06:03 core.sweep_detector INFO: FVGs: 4 detected, 1 unfilled
20:06:05 core.sweep_detector INFO: SweepDetector v2: 1 raw â†’ 1 confirmed (volâ‰Ą2.5Ă— bodyâ‰Ą30%)
20:06:05 core.sweep_detector INFO: OrderBlocks: 2 detected, 0 unmitigated
20:06:05 core.sweep_detector INFO: FVGs: 0 detected, 0 unfilled
20:06:07 core.sweep_detector INFO: SweepDetector v2: 0 raw â†’ 0 confirmed (volâ‰Ą2.5Ă— bodyâ‰Ą30%)
20:06:07 core.sweep_detector INFO: OrderBlocks: 0 detected, 0 unmitigated
20:06:07 core.sweep_detector INFO: FVGs: 0 detected, 0 unfilled
20:06:10 core.sweep_detector INFO: SweepDetector v2: 0 raw â†’ 0 confirmed (volâ‰Ą2.5Ă— bodyâ‰Ą30%)
20:06:10 core.sweep_detector INFO: OrderBlocks: 0 detected, 0 unmitigated
20:06:10 core.sweep_detector INFO: FVGs: 0 detected, 0 unfilled
20:06:11 core.sweep_detector INFO: SweepDetector v2: 0 raw â†’ 0 confirmed (volâ‰Ą2.5Ă— bodyâ‰Ą30%)
20:06:11 core.sweep_detector INFO: OrderBlocks: 3 detected, 0 unmitigated
20:06:11 core.sweep_detector INFO: FVGs: 0 detected, 0 unfilled
20:06:13 core.sweep_detector INFO: SweepDetector v2: 0 raw â†’ 0 confirmed (volâ‰Ą2.5Ă— bodyâ‰Ą30%)
20:06:13 core.sweep_detector INFO: OrderBlocks: 0 detected, 0 unmitigated
20:06:13 core.sweep_detector INFO: FVGs: 0 detected, 0 unfilled
20:06:15 core.sweep_detector INFO: SweepDetector v2: 0 raw â†’ 0 confirmed (volâ‰Ą2.5Ă— bodyâ‰Ą30%)
20:06:15 core.sweep_detector INFO: OrderBlocks: 0 detected, 0 unmitigated
20:06:15 core.sweep_detector INFO: FVGs: 0 detected, 0 unfilled
20:06:16 core.sweep_detector INFO: SweepDetector v2: 0 raw â†’ 0 confirmed (volâ‰Ą2.5Ă— bodyâ‰Ą30%)
20:06:16 core.sweep_detector INFO: OrderBlocks: 8 detected, 1 unmitigated
20:06:16 core.sweep_detector INFO: FVGs: 6 detected, 3 unfilled
20:06:18 core.sweep_detector INFO: SweepDetector v2: 2 raw â†’ 2 confirmed (volâ‰Ą2.5Ă— bodyâ‰Ą30%)
20:06:18 core.sweep_detector INFO: OrderBlocks: 5 detected, 2 unmitigated
20:06:18 core.sweep_detector INFO: FVGs: 14 detected, 4 unfilled
20:06:20 core.sweep_detector INFO: SweepDetector v2: 2 raw â†’ 2 confirmed (volâ‰Ą2.5Ă— bodyâ‰Ą30%)
20:06:20 core.sweep_detector INFO: OrderBlocks: 4 detected, 2 unmitigated
20:06:20 core.sweep_detector INFO: FVGs: 6 detected, 2 unfilled
20:06:22 core.sweep_detector INFO: SweepDetector v2: 0 raw â†’ 0 confirmed (volâ‰Ą2.5Ă— bodyâ‰Ą30%)
20:06:22 core.sweep_detector INFO: OrderBlocks: 3 detected, 0 unmitigated
20:06:22 core.sweep_detector INFO: FVGs: 9 detected, 4 unfilled
20:06:24 core.sweep_detector INFO: SweepDetector v2: 1 raw â†’ 1 confirmed (volâ‰Ą2.5Ă— bodyâ‰Ą30%)
20:06:24 core.sweep_detector INFO: OrderBlocks: 1 detected, 0 unmitigated
20:06:24 core.sweep_detector INFO: FVGs: 5 detected, 1 unfilled
20:06:26 core.sweep_detector INFO: SweepDetector v2: 0 raw â†’ 0 confirmed (volâ‰Ą2.5Ă— bodyâ‰Ą30%)
20:06:26 core.sweep_detector INFO: OrderBlocks: 4 detected, 1 unmitigated
20:06:26 core.sweep_detector INFO: FVGs: 2 detected, 0 unfilled
20:06:28 core.sweep_detector INFO: SweepDetector v2: 2 raw â†’ 1 confirmed (volâ‰Ą2.5Ă— bodyâ‰Ą30%)
20:06:28 core.sweep_detector INFO: OrderBlocks: 6 detected, 5 unmitigated
20:06:28 core.sweep_detector INFO: FVGs: 12 detected, 6 unfilled
20:06:29 core.sweep_detector INFO: SweepDetector v2: 3 raw â†’ 3 confirmed (volâ‰Ą2.5Ă— bodyâ‰Ą30%)
20:06:29 core.sweep_detector INFO: OrderBlocks: 1 detected, 0 unmitigated
20:06:29 core.sweep_detector INFO: FVGs: 6 detected, 2 unfilled
20:06:31 core.sweep_detector INFO: SweepDetector v2: 0 raw â†’ 0 confirmed (volâ‰Ą2.5Ă— bodyâ‰Ą30%)
20:06:31 core.sweep_detector INFO: OrderBlocks: 9 detected, 0 unmitigated
20:06:31 core.sweep_detector INFO: FVGs: 8 detected, 0 unfilled
20:06:33 core.sweep_detector INFO: SweepDetector v2: 2 raw â†’ 1 confirmed (volâ‰Ą2.5Ă— bodyâ‰Ą30%)
20:06:33 core.sweep_detector INFO: OrderBlocks: 6 detected, 1 unmitigated
20:06:33 core.sweep_detector INFO: FVGs: 5 detected, 2 unfilled
20:06:34 core.sweep_detector INFO: SweepDetector v2: 1 raw â†’ 1 confirmed (volâ‰Ą2.5Ă— bodyâ‰Ą30%)
20:06:34 core.sweep_detector INFO: OrderBlocks: 2 detected, 0 unmitigated
20:06:34 core.sweep_detector INFO: FVGs: 6 detected, 3 unfilled
20:06:36 core.sweep_detector INFO: SweepDetector v2: 3 raw â†’ 2 confirmed (volâ‰Ą2.5Ă— bodyâ‰Ą30%)
20:06:36 core.sweep_detector INFO: OrderBlocks: 2 detected, 0 unmitigated
20:06:36 core.sweep_detector INFO: FVGs: 5 detected, 0 unfilled
20:06:38 core.sweep_detector INFO: SweepDetector v2: 0 raw â†’ 0 confirmed (volâ‰Ą2.5Ă— bodyâ‰Ą30%)
20:06:38 core.sweep_detector INFO: OrderBlocks: 0 detected, 0 unmitigated
20:06:38 core.sweep_detector INFO: FVGs: 3 detected, 2 unfilled
20:06:39 core.sweep_detector INFO: SweepDetector v2: 0 raw â†’ 0 confirmed (volâ‰Ą2.5Ă— bodyâ‰Ą30%)
20:06:39 core.sweep_detector INFO: OrderBlocks: 2 detected, 2 unmitigated
20:06:39 core.sweep_detector INFO: FVGs: 4 detected, 2 unfilled
20:06:41 core.sweep_detector INFO: SweepDetector v2: 0 raw â†’ 0 confirmed (volâ‰Ą2.5Ă— bodyâ‰Ą30%)
20:06:41 core.sweep_detector INFO: OrderBlocks: 7 detected, 3 unmitigated
20:06:41 core.sweep_detector INFO: FVGs: 1 detected, 1 unfilled
20:06:42 core.sweep_detector INFO: SweepDetector v2: 0 raw â†’ 0 confirmed (volâ‰Ą2.5Ă— bodyâ‰Ą30%)
20:06:42 core.sweep_detector INFO: OrderBlocks: 7 detected, 3 unmitigated
20:06:42 core.sweep_detector INFO: FVGs: 11 detected, 6 unfilled
20:06:44 core.sweep_detector INFO: SweepDetector v2: 1 raw â†’ 1 confirmed (volâ‰Ą2.5Ă— bodyâ‰Ą30%)
20:06:44 core.sweep_detector INFO: OrderBlocks: 4 detected, 2 unmitigated
20:06:44 core.sweep_detector INFO: FVGs: 6 detected, 2 unfilled
20:06:47 core.sweep_detector INFO: SweepDetector v2: 0 raw â†’ 0 confirmed (volâ‰Ą2.5Ă— bodyâ‰Ą30%)
20:06:47 core.sweep_detector INFO: OrderBlocks: 10 detected, 2 unmitigated
20:06:47 core.sweep_detector INFO: FVGs: 7 detected, 2 unfilled
20:06:49 core.sweep_detector INFO: SweepDetector v2: 0 raw â†’ 0 confirmed (volâ‰Ą2.5Ă— bodyâ‰Ą30%)
20:06:49 core.sweep_detector INFO: OrderBlocks: 8 detected, 1 unmitigated
20:06:49 core.sweep_detector INFO: FVGs: 9 detected, 4 unfilled
20:06:50 core.sweep_detector INFO: SweepDetector v2: 2 raw â†’ 2 confirmed (volâ‰Ą2.5Ă— bodyâ‰Ą30%)
20:06:50 core.sweep_detector INFO: OrderBlocks: 1 detected, 0 unmitigated
20:06:50 core.sweep_detector INFO: FVGs: 10 detected, 3 unfilled
20:06:52 core.sweep_detector INFO: SweepDetector v2: 1 raw â†’ 1 confirmed (volâ‰Ą2.5Ă— bodyâ‰Ą30%)
20:06:52 core.sweep_detector INFO: OrderBlocks: 2 detected, 0 unmitigated
20:06:52 core.sweep_detector INFO: FVGs: 9 detected, 3 unfilled
20:06:54 core.sweep_detector INFO: SweepDetector v2: 2 raw â†’ 2 confirmed (volâ‰Ą2.5Ă— bodyâ‰Ą30%)
20:06:54 core.sweep_detector INFO: OrderBlocks: 4 detected, 1 unmitigated
20:06:54 core.sweep_detector INFO: FVGs: 8 detected, 2 unfilled
20:06:55 core.sweep_detector INFO: SweepDetector v2: 1 raw â†’ 1 confirmed (volâ‰Ą2.5Ă— bodyâ‰Ą30%)
20:06:55 core.sweep_detector INFO: OrderBlocks: 3 detected, 2 unmitigated
20:06:55 core.sweep_detector INFO: FVGs: 4 detected, 1 unfilled
20:06:57 core.sweep_detector INFO: SweepDetector v2: 0 raw â†’ 0 confirmed (volâ‰Ą2.5Ă— bodyâ‰Ą30%)
20:06:57 core.sweep_detector INFO: OrderBlocks: 6 detected, 3 unmitigated
20:06:57 core.sweep_detector INFO: FVGs: 4 detected, 2 unfilled
20:06:59 core.sweep_detector INFO: SweepDetector v2: 0 raw â†’ 0 confirmed (volâ‰Ą2.5Ă— bodyâ‰Ą30%)
20:06:59 core.sweep_detector INFO: OrderBlocks: 0 detected, 0 unmitigated
20:06:59 core.sweep_detector INFO: FVGs: 0 detected, 0 unfilled
20:07:01 core.sweep_detector INFO: SweepDetector v2: 0 raw â†’ 0 confirmed (volâ‰Ą2.5Ă— bodyâ‰Ą30%)
20:07:01 core.sweep_detector INFO: OrderBlocks: 3 detected, 0 unmitigated
20:07:01 core.sweep_detector INFO: FVGs: 0 detected, 0 unfilled
20:07:02 core.sweep_detector INFO: SweepDetector v2: 0 raw â†’ 0 confirmed (volâ‰Ą2.5Ă— bodyâ‰Ą30%)
20:07:02 core.sweep_detector INFO: OrderBlocks: 0 detected, 0 unmitigated
20:07:02 core.sweep_detector INFO: FVGs: 0 detected, 0 unfilled
20:07:04 core.sweep_detector INFO: SweepDetector v2: 7 raw â†’ 3 confirmed (volâ‰Ą2.5Ă— bodyâ‰Ą30%)
20:07:04 core.sweep_detector INFO: OrderBlocks: 10 detected, 3 unmitigated
20:07:04 core.sweep_detector INFO: FVGs: 10 detected, 2 unfilled
20:07:06 core.sweep_detector INFO: SweepDetector v2: 1 raw â†’ 1 confirmed (volâ‰Ą2.5Ă— bodyâ‰Ą30%)
20:07:06 core.sweep_detector INFO: OrderBlocks: 7 detected, 2 unmitigated
20:07:06 core.sweep_detector INFO: FVGs: 16 detected, 4 unfilled
20:07:08 core.sweep_detector INFO: SweepDetector v2: 3 raw â†’ 2 confirmed (volâ‰Ą2.5Ă— bodyâ‰Ą30%)
20:07:08 core.sweep_detector INFO: OrderBlocks: 9 detected, 2 unmitigated
20:07:08 core.sweep_detector INFO: FVGs: 9 detected, 2 unfilled
20:07:10 core.sweep_detector INFO: SweepDetector v2: 1 raw â†’ 1 confirmed (volâ‰Ą2.5Ă— bodyâ‰Ą30%)
20:07:10 core.sweep_detector INFO: OrderBlocks: 5 detected, 0 unmitigated
20:07:10 core.sweep_detector INFO: FVGs: 7 detected, 2 unfilled
20:07:12 core.sweep_detector INFO: SweepDetector v2: 2 raw â†’ 1 confirmed (volâ‰Ą2.5Ă— bodyâ‰Ą30%)
20:07:12 core.sweep_detector INFO: OrderBlocks: 2 detected, 0 unmitigated
20:07:12 core.sweep_detector INFO: FVGs: 6 detected, 1 unfilled
20:07:13 core.sweep_detector INFO: SweepDetector v2: 0 raw â†’ 0 confirmed (volâ‰Ą2.5Ă— bodyâ‰Ą30%)
20:07:13 core.sweep_detector INFO: OrderBlocks: 7 detected, 1 unmitigated
20:07:13 core.sweep_detector INFO: FVGs: 5 detected, 1 unfilled
20:07:15 core.sweep_detector INFO: SweepDetector v2: 2 raw â†’ 2 confirmed (volâ‰Ą2.5Ă— bodyâ‰Ą30%)
20:07:15 core.sweep_detector INFO: OrderBlocks: 6 detected, 1 unmitigated
20:07:15 core.sweep_detector INFO: FVGs: 7 detected, 3 unfilled
20:07:17 core.sweep_detector INFO: SweepDetector v2: 2 raw â†’ 2 confirmed (volâ‰Ą2.5Ă— bodyâ‰Ą30%)
20:07:17 core.sweep_detector INFO: OrderBlocks: 4 detected, 1 unmitigated
20:07:17 core.sweep_detector INFO: FVGs: 7 detected, 1 unfilled
20:07:18 core.sweep_detector INFO: SweepDetector v2: 2 raw â†’ 2 confirmed (volâ‰Ą2.5Ă— bodyâ‰Ą30%)
20:07:18 core.sweep_detector INFO: OrderBlocks: 1 detected, 0 unmitigated
20:07:18 core.sweep_detector INFO: FVGs: 7 detected, 2 unfilled
20:07:18 __main__ INFO: Checking 1 open trades for exit conditions
/root/.openclaw/workspace/projects/crypto-liquidity-hunter/main.py:555: DeprecationWarning: datetime.datetime.utcnow() is deprecated and scheduled for removal in a future version. Use timezone-aware objects to represent datetimes in UTC: datetime.datetime.now(datetime.UTC).
  scan_end     = datetime.utcnow()

=== SCAN ALL: 81 pairs, 3 timeframes ===
Total signals generated: 0
