23:20:01 __main__ INFO: Volume filter: fetching all tickers in one call...
23:20:03 __main__ INFO: Volume filter: 97/447 pairs pass $2M threshold
/root/.openclaw/workspace/projects/crypto-liquidity-hunter/main.py:292: DeprecationWarning: datetime.datetime.utcnow() is deprecated and scheduled for removal in a future version. Use timezone-aware objects to represent datetimes in UTC: datetime.datetime.now(datetime.UTC).
  scan_start = datetime.utcnow()   # for duration tracking
23:20:04 core.binance_connector INFO: BinanceConnector: connected [LIVE FUTURES MAINNET]
23:20:04 __main__ INFO: Auto-executor: account 'Liquiddbot1' mode=live exec=auto
23:20:06 core.sweep_detector INFO: SweepDetector v2: 2 raw → 1 confirmed (vol≥2.5× body≥30%)
23:20:06 core.sweep_detector INFO: OrderBlocks: 6 detected, 0 unmitigated
23:20:06 core.sweep_detector INFO: FVGs: 12 detected, 0 unfilled
23:20:07 core.sweep_detector INFO: SweepDetector v2: 3 raw → 2 confirmed (vol≥2.5× body≥30%)
23:20:07 core.sweep_detector INFO: OrderBlocks: 5 detected, 2 unmitigated
23:20:07 core.sweep_detector INFO: FVGs: 7 detected, 2 unfilled
23:20:09 core.sweep_detector INFO: SweepDetector v2: 0 raw → 0 confirmed (vol≥2.5× body≥30%)
23:20:09 core.sweep_detector INFO: OrderBlocks: 4 detected, 0 unmitigated
23:20:09 core.sweep_detector INFO: FVGs: 4 detected, 2 unfilled
23:20:11 core.sweep_detector INFO: SweepDetector v2: 0 raw → 0 confirmed (vol≥2.5× body≥30%)
23:20:11 core.sweep_detector INFO: OrderBlocks: 10 detected, 4 unmitigated
23:20:11 core.sweep_detector INFO: FVGs: 11 detected, 6 unfilled
23:20:12 core.sweep_detector INFO: SweepDetector v2: 2 raw → 2 confirmed (vol≥2.5× body≥30%)
23:20:12 core.sweep_detector INFO: OrderBlocks: 2 detected, 1 unmitigated
23:20:12 core.sweep_detector INFO: FVGs: 9 detected, 2 unfilled
23:20:14 core.sweep_detector INFO: SweepDetector v2: 1 raw → 1 confirmed (vol≥2.5× body≥30%)
23:20:14 core.sweep_detector INFO: OrderBlocks: 4 detected, 1 unmitigated
23:20:14 core.sweep_detector INFO: FVGs: 5 detected, 1 unfilled
23:20:16 core.sweep_detector INFO: SweepDetector v2: 1 raw → 1 confirmed (vol≥2.5× body≥30%)
23:20:16 core.sweep_detector INFO: OrderBlocks: 10 detected, 3 unmitigated
23:20:16 core.sweep_detector INFO: FVGs: 11 detected, 5 unfilled
23:20:17 core.sweep_detector INFO: SweepDetector v2: 2 raw → 1 confirmed (vol≥2.5× body≥30%)
23:20:17 core.sweep_detector INFO: OrderBlocks: 2 detected, 1 unmitigated
23:20:17 core.sweep_detector INFO: FVGs: 7 detected, 2 unfilled
23:20:19 core.sweep_detector INFO: SweepDetector v2: 2 raw → 2 confirmed (vol≥2.5× body≥30%)
23:20:19 core.sweep_detector INFO: OrderBlocks: 7 detected, 3 unmitigated
23:20:19 core.sweep_detector INFO: FVGs: 6 detected, 3 unfilled
23:20:21 core.sweep_detector INFO: SweepDetector v2: 5 raw → 5 confirmed (vol≥2.5× body≥30%)
23:20:21 core.sweep_detector INFO: OrderBlocks: 4 detected, 0 unmitigated
23:20:21 core.sweep_detector INFO: FVGs: 10 detected, 1 unfilled
23:20:24 core.sweep_detector INFO: SweepDetector v2: 3 raw → 3 confirmed (vol≥2.5× body≥30%)
23:20:24 core.sweep_detector INFO: OrderBlocks: 4 detected, 2 unmitigated
23:20:24 core.sweep_detector INFO: FVGs: 9 detected, 2 unfilled
23:20:26 core.sweep_detector INFO: SweepDetector v2: 1 raw → 1 confirmed (vol≥2.5× body≥30%)
23:20:26 core.sweep_detector INFO: OrderBlocks: 6 detected, 1 unmitigated
23:20:26 core.sweep_detector INFO: FVGs: 4 detected, 2 unfilled
23:20:27 core.sweep_detector INFO: SweepDetector v2: 3 raw → 2 confirmed (vol≥2.5× body≥30%)
23:20:27 core.sweep_detector INFO: OrderBlocks: 7 detected, 0 unmitigated
23:20:27 core.sweep_detector INFO: FVGs: 10 detected, 0 unfilled
23:20:29 core.sweep_detector INFO: SweepDetector v2: 1 raw → 0 confirmed (vol≥2.5× body≥30%)
23:20:29 core.sweep_detector INFO: OrderBlocks: 3 detected, 1 unmitigated
23:20:29 core.sweep_detector INFO: FVGs: 11 detected, 1 unfilled
23:20:30 core.sweep_detector INFO: SweepDetector v2: 0 raw → 0 confirmed (vol≥2.5× body≥30%)
23:20:30 core.sweep_detector INFO: OrderBlocks: 5 detected, 0 unmitigated
23:20:30 core.sweep_detector INFO: FVGs: 9 detected, 1 unfilled
23:20:32 core.sweep_detector INFO: SweepDetector v2: 2 raw → 1 confirmed (vol≥2.5× body≥30%)
23:20:32 core.sweep_detector INFO: OrderBlocks: 6 detected, 2 unmitigated
23:20:32 core.sweep_detector INFO: FVGs: 9 detected, 4 unfilled
23:20:34 core.sweep_detector INFO: SweepDetector v2: 1 raw → 1 confirmed (vol≥2.5× body≥30%)
23:20:34 core.sweep_detector INFO: OrderBlocks: 2 detected, 0 unmitigated
23:20:34 core.sweep_detector INFO: FVGs: 9 detected, 1 unfilled
23:20:35 core.sweep_detector INFO: SweepDetector v2: 2 raw → 1 confirmed (vol≥2.5× body≥30%)
23:20:35 core.sweep_detector INFO: OrderBlocks: 4 detected, 3 unmitigated
23:20:35 core.sweep_detector INFO: FVGs: 9 detected, 5 unfilled
23:20:37 core.sweep_detector INFO: SweepDetector v2: 2 raw → 1 confirmed (vol≥2.5× body≥30%)
23:20:37 core.sweep_detector INFO: OrderBlocks: 5 detected, 1 unmitigated
23:20:37 core.sweep_detector INFO: FVGs: 10 detected, 3 unfilled
23:20:38 core.sweep_detector INFO: SweepDetector v2: 1 raw → 1 confirmed (vol≥2.5× body≥30%)
23:20:38 core.sweep_detector INFO: OrderBlocks: 6 detected, 3 unmitigated
23:20:38 core.sweep_detector INFO: FVGs: 10 detected, 1 unfilled
23:20:40 core.sweep_detector INFO: SweepDetector v2: 3 raw → 3 confirmed (vol≥2.5× body≥30%)
23:20:40 core.sweep_detector INFO: OrderBlocks: 2 detected, 1 unmitigated
23:20:40 core.sweep_detector INFO: FVGs: 6 detected, 1 unfilled
23:20:42 core.sweep_detector INFO: SweepDetector v2: 5 raw → 5 confirmed (vol≥2.5× body≥30%)
23:20:42 core.sweep_detector INFO: OrderBlocks: 1 detected, 0 unmitigated
23:20:42 core.sweep_detector INFO: FVGs: 3 detected, 1 unfilled
23:20:43 core.sweep_detector INFO: SweepDetector v2: 2 raw → 2 confirmed (vol≥2.5× body≥30%)
23:20:43 core.sweep_detector INFO: OrderBlocks: 4 detected, 2 unmitigated
23:20:43 core.sweep_detector INFO: FVGs: 4 detected, 3 unfilled
23:20:45 core.sweep_detector INFO: SweepDetector v2: 2 raw → 2 confirmed (vol≥2.5× body≥30%)
23:20:45 core.sweep_detector INFO: OrderBlocks: 3 detected, 1 unmitigated
23:20:45 core.sweep_detector INFO: FVGs: 5 detected, 2 unfilled
23:20:47 core.sweep_detector INFO: SweepDetector v2: 2 raw → 1 confirmed (vol≥2.5× body≥30%)
23:20:47 core.sweep_detector INFO: OrderBlocks: 7 detected, 3 unmitigated
23:20:47 core.sweep_detector INFO: FVGs: 9 detected, 4 unfilled
23:20:48 core.sweep_detector INFO: SweepDetector v2: 1 raw → 0 confirmed (vol≥2.5× body≥30%)
23:20:48 core.sweep_detector INFO: OrderBlocks: 4 detected, 1 unmitigated
23:20:48 core.sweep_detector INFO: FVGs: 5 detected, 1 unfilled
23:20:50 core.sweep_detector INFO: SweepDetector v2: 2 raw → 2 confirmed (vol≥2.5× body≥30%)
23:20:50 core.sweep_detector INFO: OrderBlocks: 5 detected, 2 unmitigated
23:20:50 core.sweep_detector INFO: FVGs: 6 detected, 3 unfilled
23:20:52 core.sweep_detector INFO: SweepDetector v2: 2 raw → 2 confirmed (vol≥2.5× body≥30%)
23:20:52 core.sweep_detector INFO: OrderBlocks: 4 detected, 2 unmitigated
23:20:52 core.sweep_detector INFO: FVGs: 12 detected, 5 unfilled
23:20:53 core.sweep_detector INFO: SweepDetector v2: 1 raw → 1 confirmed (vol≥2.5× body≥30%)
23:20:53 core.sweep_detector INFO: OrderBlocks: 3 detected, 1 unmitigated
23:20:53 core.sweep_detector INFO: FVGs: 9 detected, 1 unfilled
23:20:55 core.sweep_detector INFO: SweepDetector v2: 2 raw → 2 confirmed (vol≥2.5× body≥30%)
23:20:55 core.sweep_detector INFO: OrderBlocks: 3 detected, 2 unmitigated
23:20:55 core.sweep_detector INFO: FVGs: 5 detected, 2 unfilled
23:20:57 core.sweep_detector INFO: SweepDetector v2: 1 raw → 1 confirmed (vol≥2.5× body≥30%)
23:20:57 core.sweep_detector INFO: OrderBlocks: 5 detected, 1 unmitigated
23:20:57 core.sweep_detector INFO: FVGs: 7 detected, 0 unfilled
23:20:59 core.sweep_detector INFO: SweepDetector v2: 0 raw → 0 confirmed (vol≥2.5× body≥30%)
23:20:59 core.sweep_detector INFO: OrderBlocks: 5 detected, 2 unmitigated
23:20:59 core.sweep_detector INFO: FVGs: 10 detected, 2 unfilled
23:21:00 core.sweep_detector INFO: SweepDetector v2: 0 raw → 0 confirmed (vol≥2.5× body≥30%)
23:21:01 core.sweep_detector INFO: OrderBlocks: 5 detected, 2 unmitigated
23:21:01 core.sweep_detector INFO: FVGs: 12 detected, 5 unfilled
23:21:02 core.sweep_detector INFO: SweepDetector v2: 4 raw → 4 confirmed (vol≥2.5× body≥30%)
23:21:02 core.sweep_detector INFO: OrderBlocks: 2 detected, 2 unmitigated
23:21:02 core.sweep_detector INFO: FVGs: 12 detected, 3 unfilled
23:21:04 core.sweep_detector INFO: SweepDetector v2: 1 raw → 1 confirmed (vol≥2.5× body≥30%)
23:21:04 core.sweep_detector INFO: OrderBlocks: 5 detected, 1 unmitigated
23:21:04 core.sweep_detector INFO: FVGs: 10 detected, 1 unfilled
23:21:05 core.sweep_detector INFO: SweepDetector v2: 2 raw → 1 confirmed (vol≥2.5× body≥30%)
23:21:05 core.sweep_detector INFO: OrderBlocks: 3 detected, 2 unmitigated
23:21:05 core.sweep_detector INFO: FVGs: 5 detected, 2 unfilled
23:21:07 core.sweep_detector INFO: SweepDetector v2: 0 raw → 0 confirmed (vol≥2.5× body≥30%)
23:21:07 core.sweep_detector INFO: OrderBlocks: 4 detected, 2 unmitigated
23:21:07 core.sweep_detector INFO: FVGs: 6 detected, 1 unfilled
23:21:09 core.sweep_detector INFO: SweepDetector v2: 2 raw → 2 confirmed (vol≥2.5× body≥30%)
23:21:09 core.sweep_detector INFO: OrderBlocks: 3 detected, 2 unmitigated
23:21:09 core.sweep_detector INFO: FVGs: 7 detected, 2 unfilled
23:21:10 core.sweep_detector INFO: SweepDetector v2: 2 raw → 2 confirmed (vol≥2.5× body≥30%)
23:21:10 core.sweep_detector INFO: OrderBlocks: 6 detected, 2 unmitigated
23:21:10 core.sweep_detector INFO: FVGs: 7 detected, 1 unfilled
23:21:12 core.sweep_detector INFO: SweepDetector v2: 0 raw → 0 confirmed (vol≥2.5× body≥30%)
23:21:12 core.sweep_detector INFO: OrderBlocks: 0 detected, 0 unmitigated
23:21:12 core.sweep_detector INFO: FVGs: 0 detected, 0 unfilled
23:21:13 core.sweep_detector INFO: SweepDetector v2: 0 raw → 0 confirmed (vol≥2.5× body≥30%)
23:21:13 core.sweep_detector INFO: OrderBlocks: 0 detected, 0 unmitigated
23:21:13 core.sweep_detector INFO: FVGs: 0 detected, 0 unfilled
23:21:15 core.sweep_detector INFO: SweepDetector v2: 0 raw → 0 confirmed (vol≥2.5× body≥30%)
23:21:15 core.sweep_detector INFO: OrderBlocks: 0 detected, 0 unmitigated
23:21:15 core.sweep_detector INFO: FVGs: 0 detected, 0 unfilled
23:21:18 core.sweep_detector INFO: SweepDetector v2: 1 raw → 1 confirmed (vol≥2.5× body≥30%)
23:21:18 core.sweep_detector INFO: OrderBlocks: 8 detected, 4 unmitigated
23:21:18 core.sweep_detector INFO: FVGs: 10 detected, 4 unfilled
23:21:21 core.sweep_detector INFO: SweepDetector v2: 1 raw → 1 confirmed (vol≥2.5× body≥30%)
23:21:21 core.sweep_detector INFO: OrderBlocks: 5 detected, 1 unmitigated
23:21:21 core.sweep_detector INFO: FVGs: 6 detected, 1 unfilled
23:21:23 core.sweep_detector INFO: SweepDetector v2: 1 raw → 1 confirmed (vol≥2.5× body≥30%)
23:21:23 core.sweep_detector INFO: OrderBlocks: 7 detected, 3 unmitigated
23:21:23 core.sweep_detector INFO: FVGs: 6 detected, 3 unfilled
23:21:24 core.sweep_detector INFO: SweepDetector v2: 1 raw → 1 confirmed (vol≥2.5× body≥30%)
23:21:24 core.sweep_detector INFO: OrderBlocks: 7 detected, 1 unmitigated
23:21:24 core.sweep_detector INFO: FVGs: 7 detected, 2 unfilled
23:21:26 core.sweep_detector INFO: SweepDetector v2: 1 raw → 1 confirmed (vol≥2.5× body≥30%)
23:21:26 core.sweep_detector INFO: OrderBlocks: 1 detected, 1 unmitigated
23:21:26 core.sweep_detector INFO: FVGs: 10 detected, 1 unfilled
23:21:29 core.sweep_detector INFO: SweepDetector v2: 1 raw → 1 confirmed (vol≥2.5× body≥30%)
23:21:29 core.sweep_detector INFO: OrderBlocks: 4 detected, 1 unmitigated
23:21:29 core.sweep_detector INFO: FVGs: 5 detected, 1 unfilled
23:21:30 core.sweep_detector INFO: SweepDetector v2: 0 raw → 0 confirmed (vol≥2.5× body≥30%)
23:21:30 core.sweep_detector INFO: OrderBlocks: 6 detected, 2 unmitigated
23:21:30 core.sweep_detector INFO: FVGs: 8 detected, 3 unfilled
23:21:32 core.sweep_detector INFO: SweepDetector v2: 2 raw → 1 confirmed (vol≥2.5× body≥30%)
23:21:32 core.sweep_detector INFO: OrderBlocks: 5 detected, 2 unmitigated
23:21:32 core.sweep_detector INFO: FVGs: 9 detected, 1 unfilled
23:21:34 core.sweep_detector INFO: SweepDetector v2: 1 raw → 1 confirmed (vol≥2.5× body≥30%)
23:21:34 core.sweep_detector INFO: OrderBlocks: 3 detected, 2 unmitigated
23:21:34 core.sweep_detector INFO: FVGs: 5 detected, 3 unfilled
23:21:35 core.sweep_detector INFO: SweepDetector v2: 7 raw → 5 confirmed (vol≥2.5× body≥30%)
23:21:35 core.sweep_detector INFO: OrderBlocks: 3 detected, 2 unmitigated
23:21:35 core.sweep_detector INFO: FVGs: 9 detected, 4 unfilled
23:21:37 core.sweep_detector INFO: SweepDetector v2: 3 raw → 1 confirmed (vol≥2.5× body≥30%)
23:21:37 core.sweep_detector INFO: OrderBlocks: 5 detected, 2 unmitigated
23:21:37 core.sweep_detector INFO: FVGs: 11 detected, 3 unfilled
23:21:38 core.sweep_detector INFO: SweepDetector v2: 0 raw → 0 confirmed (vol≥2.5× body≥30%)
23:21:38 core.sweep_detector INFO: OrderBlocks: 6 detected, 3 unmitigated
23:21:38 core.sweep_detector INFO: FVGs: 9 detected, 1 unfilled
23:21:40 core.sweep_detector INFO: SweepDetector v2: 1 raw → 1 confirmed (vol≥2.5× body≥30%)
23:21:40 core.sweep_detector INFO: OrderBlocks: 7 detected, 3 unmitigated
23:21:40 core.sweep_detector INFO: FVGs: 13 detected, 3 unfilled
23:21:42 core.sweep_detector INFO: SweepDetector v2: 2 raw → 1 confirmed (vol≥2.5× body≥30%)
23:21:42 core.sweep_detector INFO: OrderBlocks: 6 detected, 0 unmitigated
23:21:42 core.sweep_detector INFO: FVGs: 6 detected, 2 unfilled
23:21:44 core.sweep_detector INFO: SweepDetector v2: 2 raw → 2 confirmed (vol≥2.5× body≥30%)
23:21:44 core.sweep_detector INFO: OrderBlocks: 1 detected, 0 unmitigated
23:21:44 core.sweep_detector INFO: FVGs: 3 detected, 2 unfilled
23:21:46 core.sweep_detector INFO: SweepDetector v2: 5 raw → 4 confirmed (vol≥2.5× body≥30%)
23:21:46 core.sweep_detector INFO: OrderBlocks: 8 detected, 1 unmitigated
23:21:46 core.sweep_detector INFO: FVGs: 11 detected, 1 unfilled
23:21:47 core.sweep_detector INFO: SweepDetector v2: 1 raw → 0 confirmed (vol≥2.5× body≥30%)
23:21:47 core.sweep_detector INFO: OrderBlocks: 7 detected, 1 unmitigated
23:21:47 core.sweep_detector INFO: FVGs: 18 detected, 2 unfilled
23:21:49 core.sweep_detector INFO: SweepDetector v2: 1 raw → 0 confirmed (vol≥2.5× body≥30%)
23:21:49 core.sweep_detector INFO: OrderBlocks: 4 detected, 1 unmitigated
23:21:49 core.sweep_detector INFO: FVGs: 7 detected, 2 unfilled
23:21:50 core.sweep_detector INFO: SweepDetector v2: 0 raw → 0 confirmed (vol≥2.5× body≥30%)
23:21:50 core.sweep_detector INFO: OrderBlocks: 6 detected, 3 unmitigated
23:21:50 core.sweep_detector INFO: FVGs: 4 detected, 3 unfilled
23:21:52 core.sweep_detector INFO: SweepDetector v2: 1 raw → 1 confirmed (vol≥2.5× body≥30%)
23:21:52 core.sweep_detector INFO: OrderBlocks: 6 detected, 2 unmitigated
23:21:52 core.sweep_detector INFO: FVGs: 3 detected, 3 unfilled
23:21:53 core.sweep_detector INFO: SweepDetector v2: 1 raw → 0 confirmed (vol≥2.5× body≥30%)
23:21:53 core.sweep_detector INFO: OrderBlocks: 2 detected, 0 unmitigated
23:21:53 core.sweep_detector INFO: FVGs: 7 detected, 3 unfilled
23:21:56 core.sweep_detector INFO: SweepDetector v2: 0 raw → 0 confirmed (vol≥2.5× body≥30%)
23:21:56 core.sweep_detector INFO: OrderBlocks: 6 detected, 2 unmitigated
23:21:56 core.sweep_detector INFO: FVGs: 11 detected, 7 unfilled
23:21:58 core.sweep_detector INFO: SweepDetector v2: 3 raw → 2 confirmed (vol≥2.5× body≥30%)
23:21:58 core.sweep_detector INFO: OrderBlocks: 4 detected, 1 unmitigated
23:21:58 core.sweep_detector INFO: FVGs: 10 detected, 2 unfilled
23:21:59 core.sweep_detector INFO: SweepDetector v2: 0 raw → 0 confirmed (vol≥2.5× body≥30%)
23:21:59 core.sweep_detector INFO: OrderBlocks: 6 detected, 2 unmitigated
23:21:59 core.sweep_detector INFO: FVGs: 8 detected, 3 unfilled
23:22:01 core.sweep_detector INFO: SweepDetector v2: 0 raw → 0 confirmed (vol≥2.5× body≥30%)
23:22:01 core.sweep_detector INFO: OrderBlocks: 9 detected, 2 unmitigated
23:22:01 core.sweep_detector INFO: FVGs: 13 detected, 2 unfilled
23:22:03 core.sweep_detector INFO: SweepDetector v2: 3 raw → 2 confirmed (vol≥2.5× body≥30%)
23:22:03 core.sweep_detector INFO: OrderBlocks: 4 detected, 2 unmitigated
23:22:03 core.sweep_detector INFO: FVGs: 12 detected, 2 unfilled
23:22:04 core.sweep_detector INFO: SweepDetector v2: 3 raw → 3 confirmed (vol≥2.5× body≥30%)
23:22:04 core.sweep_detector INFO: OrderBlocks: 8 detected, 2 unmitigated
23:22:04 core.sweep_detector INFO: FVGs: 10 detected, 6 unfilled
23:22:06 core.sweep_detector INFO: SweepDetector v2: 4 raw → 2 confirmed (vol≥2.5× body≥30%)
23:22:06 core.sweep_detector INFO: OrderBlocks: 5 detected, 2 unmitigated
23:22:06 core.sweep_detector INFO: FVGs: 9 detected, 3 unfilled
23:22:07 core.sweep_detector INFO: SweepDetector v2: 5 raw → 4 confirmed (vol≥2.5× body≥30%)
23:22:07 core.sweep_detector INFO: OrderBlocks: 4 detected, 1 unmitigated
23:22:07 core.sweep_detector INFO: FVGs: 9 detected, 5 unfilled
23:22:09 core.sweep_detector INFO: SweepDetector v2: 3 raw → 2 confirmed (vol≥2.5× body≥30%)
23:22:09 core.sweep_detector INFO: OrderBlocks: 2 detected, 1 unmitigated
23:22:09 core.sweep_detector INFO: FVGs: 9 detected, 6 unfilled
23:22:11 core.sweep_detector INFO: SweepDetector v2: 3 raw → 2 confirmed (vol≥2.5× body≥30%)
23:22:11 core.sweep_detector INFO: OrderBlocks: 6 detected, 2 unmitigated
23:22:11 core.sweep_detector INFO: FVGs: 4 detected, 1 unfilled
23:22:12 core.sweep_detector INFO: SweepDetector v2: 2 raw → 1 confirmed (vol≥2.5× body≥30%)
23:22:12 core.sweep_detector INFO: OrderBlocks: 3 detected, 0 unmitigated
23:22:12 core.sweep_detector INFO: FVGs: 12 detected, 1 unfilled
23:22:14 core.sweep_detector INFO: SweepDetector v2: 0 raw → 0 confirmed (vol≥2.5× body≥30%)
23:22:14 core.sweep_detector INFO: OrderBlocks: 6 detected, 5 unmitigated
23:22:14 core.sweep_detector INFO: FVGs: 9 detected, 4 unfilled
23:22:16 core.sweep_detector INFO: SweepDetector v2: 1 raw → 1 confirmed (vol≥2.5× body≥30%)
23:22:16 core.sweep_detector INFO: OrderBlocks: 9 detected, 2 unmitigated
23:22:16 core.sweep_detector INFO: FVGs: 6 detected, 0 unfilled
23:22:17 core.sweep_detector INFO: SweepDetector v2: 0 raw → 0 confirmed (vol≥2.5× body≥30%)
23:22:17 core.sweep_detector INFO: OrderBlocks: 8 detected, 2 unmitigated
23:22:17 core.sweep_detector INFO: FVGs: 9 detected, 2 unfilled
23:22:19 core.sweep_detector INFO: SweepDetector v2: 1 raw → 1 confirmed (vol≥2.5× body≥30%)
23:22:19 core.sweep_detector INFO: OrderBlocks: 1 detected, 0 unmitigated
23:22:19 core.sweep_detector INFO: FVGs: 8 detected, 1 unfilled
23:22:21 core.sweep_detector INFO: SweepDetector v2: 0 raw → 0 confirmed (vol≥2.5× body≥30%)
23:22:21 core.sweep_detector INFO: OrderBlocks: 8 detected, 1 unmitigated
23:22:21 core.sweep_detector INFO: FVGs: 12 detected, 2 unfilled
23:22:22 core.sweep_detector INFO: SweepDetector v2: 4 raw → 3 confirmed (vol≥2.5× body≥30%)
23:22:22 core.sweep_detector INFO: OrderBlocks: 1 detected, 0 unmitigated
23:22:22 core.sweep_detector INFO: FVGs: 9 detected, 1 unfilled
23:22:24 core.sweep_detector INFO: SweepDetector v2: 2 raw → 2 confirmed (vol≥2.5× body≥30%)
23:22:24 core.sweep_detector INFO: OrderBlocks: 4 detected, 3 unmitigated
23:22:24 core.sweep_detector INFO: FVGs: 5 detected, 3 unfilled
23:22:26 core.sweep_detector INFO: SweepDetector v2: 1 raw → 0 confirmed (vol≥2.5× body≥30%)
23:22:26 core.sweep_detector INFO: OrderBlocks: 6 detected, 3 unmitigated
23:22:26 core.sweep_detector INFO: FVGs: 9 detected, 3 unfilled
23:22:27 core.sweep_detector INFO: SweepDetector v2: 3 raw → 3 confirmed (vol≥2.5× body≥30%)
23:22:27 core.sweep_detector INFO: OrderBlocks: 3 detected, 1 unmitigated
23:22:27 core.sweep_detector INFO: FVGs: 6 detected, 1 unfilled
23:22:29 core.sweep_detector INFO: SweepDetector v2: 2 raw → 2 confirmed (vol≥2.5× body≥30%)
23:22:29 core.sweep_detector INFO: OrderBlocks: 5 detected, 2 unmitigated
23:22:29 core.sweep_detector INFO: FVGs: 11 detected, 3 unfilled
23:22:31 core.sweep_detector INFO: SweepDetector v2: 2 raw → 2 confirmed (vol≥2.5× body≥30%)
23:22:31 core.sweep_detector INFO: OrderBlocks: 9 detected, 3 unmitigated
23:22:31 core.sweep_detector INFO: FVGs: 15 detected, 4 unfilled
23:22:32 core.sweep_detector INFO: SweepDetector v2: 2 raw → 2 confirmed (vol≥2.5× body≥30%)
23:22:32 core.sweep_detector INFO: OrderBlocks: 8 detected, 2 unmitigated
23:22:32 core.sweep_detector INFO: FVGs: 14 detected, 3 unfilled
23:22:34 core.sweep_detector INFO: SweepDetector v2: 2 raw → 2 confirmed (vol≥2.5× body≥30%)
23:22:34 core.sweep_detector INFO: OrderBlocks: 8 detected, 5 unmitigated
23:22:34 core.sweep_detector INFO: FVGs: 10 detected, 4 unfilled
23:22:35 core.sweep_detector INFO: SweepDetector v2: 1 raw → 1 confirmed (vol≥2.5× body≥30%)
23:22:35 core.sweep_detector INFO: OrderBlocks: 5 detected, 3 unmitigated
23:22:35 core.sweep_detector INFO: FVGs: 11 detected, 3 unfilled
23:22:37 core.sweep_detector INFO: SweepDetector v2: 4 raw → 3 confirmed (vol≥2.5× body≥30%)
23:22:37 core.sweep_detector INFO: OrderBlocks: 7 detected, 1 unmitigated
23:22:37 core.sweep_detector INFO: FVGs: 7 detected, 0 unfilled
23:22:39 core.sweep_detector INFO: SweepDetector v2: 5 raw → 3 confirmed (vol≥2.5× body≥30%)
23:22:39 core.sweep_detector INFO: OrderBlocks: 5 detected, 2 unmitigated
23:22:39 core.sweep_detector INFO: FVGs: 8 detected, 3 unfilled
23:22:41 core.sweep_detector INFO: SweepDetector v2: 2 raw → 1 confirmed (vol≥2.5× body≥30%)
23:22:41 core.sweep_detector INFO: OrderBlocks: 6 detected, 2 unmitigated
23:22:41 core.sweep_detector INFO: FVGs: 9 detected, 5 unfilled
23:22:43 core.sweep_detector INFO: SweepDetector v2: 2 raw → 2 confirmed (vol≥2.5× body≥30%)
23:22:43 core.sweep_detector INFO: OrderBlocks: 3 detected, 2 unmitigated
23:22:43 core.sweep_detector INFO: FVGs: 12 detected, 2 unfilled
23:22:45 core.sweep_detector INFO: SweepDetector v2: 1 raw → 1 confirmed (vol≥2.5× body≥30%)
23:22:45 core.sweep_detector INFO: OrderBlocks: 8 detected, 4 unmitigated
23:22:45 core.sweep_detector INFO: FVGs: 11 detected, 3 unfilled
23:22:46 core.sweep_detector INFO: SweepDetector v2: 2 raw → 1 confirmed (vol≥2.5× body≥30%)
23:22:46 core.sweep_detector INFO: OrderBlocks: 7 detected, 3 unmitigated
23:22:46 core.sweep_detector INFO: FVGs: 10 detected, 4 unfilled
23:22:48 core.sweep_detector INFO: SweepDetector v2: 3 raw → 1 confirmed (vol≥2.5× body≥30%)
23:22:48 core.sweep_detector INFO: OrderBlocks: 4 detected, 2 unmitigated
23:22:48 core.sweep_detector INFO: FVGs: 10 detected, 2 unfilled
23:22:49 core.sweep_detector INFO: SweepDetector v2: 2 raw → 2 confirmed (vol≥2.5× body≥30%)
23:22:49 core.sweep_detector INFO: OrderBlocks: 8 detected, 3 unmitigated
23:22:49 core.sweep_detector INFO: FVGs: 7 detected, 2 unfilled
23:22:51 core.sweep_detector INFO: SweepDetector v2: 0 raw → 0 confirmed (vol≥2.5× body≥30%)
23:22:51 core.sweep_detector INFO: OrderBlocks: 5 detected, 1 unmitigated
23:22:51 core.sweep_detector INFO: FVGs: 1 detected, 1 unfilled
23:22:52 core.sweep_detector INFO: SweepDetector v2: 0 raw → 0 confirmed (vol≥2.5× body≥30%)
23:22:53 core.sweep_detector INFO: OrderBlocks: 4 detected, 1 unmitigated
23:22:53 core.sweep_detector INFO: FVGs: 1 detected, 1 unfilled
23:22:54 core.sweep_detector INFO: SweepDetector v2: 0 raw → 0 confirmed (vol≥2.5× body≥30%)
23:22:54 core.sweep_detector INFO: OrderBlocks: 4 detected, 2 unmitigated
23:22:54 core.sweep_detector INFO: FVGs: 0 detected, 0 unfilled
23:22:57 core.sweep_detector INFO: SweepDetector v2: 0 raw → 0 confirmed (vol≥2.5× body≥30%)
23:22:57 core.sweep_detector INFO: OrderBlocks: 0 detected, 0 unmitigated
23:22:57 core.sweep_detector INFO: FVGs: 0 detected, 0 unfilled
23:23:01 core.sweep_detector INFO: SweepDetector v2: 0 raw → 0 confirmed (vol≥2.5× body≥30%)
23:23:01 core.sweep_detector INFO: OrderBlocks: 0 detected, 0 unmitigated
23:23:01 core.sweep_detector INFO: FVGs: 0 detected, 0 unfilled
23:23:03 core.sweep_detector INFO: SweepDetector v2: 0 raw → 0 confirmed (vol≥2.5× body≥30%)
23:23:03 core.sweep_detector INFO: OrderBlocks: 0 detected, 0 unmitigated
23:23:03 core.sweep_detector INFO: FVGs: 0 detected, 0 unfilled
23:23:04 core.sweep_detector INFO: SweepDetector v2: 0 raw → 0 confirmed (vol≥2.5× body≥30%)
23:23:04 core.sweep_detector INFO: OrderBlocks: 6 detected, 1 unmitigated
23:23:04 core.sweep_detector INFO: FVGs: 14 detected, 4 unfilled
23:23:06 core.sweep_detector INFO: SweepDetector v2: 1 raw → 1 confirmed (vol≥2.5× body≥30%)
23:23:06 core.sweep_detector INFO: OrderBlocks: 4 detected, 2 unmitigated
23:23:06 core.sweep_detector INFO: FVGs: 11 detected, 2 unfilled
23:23:07 core.sweep_detector INFO: SweepDetector v2: 2 raw → 2 confirmed (vol≥2.5× body≥30%)
23:23:07 core.sweep_detector INFO: OrderBlocks: 4 detected, 3 unmitigated
23:23:07 core.sweep_detector INFO: FVGs: 6 detected, 4 unfilled
23:23:09 core.sweep_detector INFO: SweepDetector v2: 0 raw → 0 confirmed (vol≥2.5× body≥30%)
23:23:09 core.sweep_detector INFO: OrderBlocks: 8 detected, 2 unmitigated
23:23:09 core.sweep_detector INFO: FVGs: 12 detected, 5 unfilled
23:23:11 core.sweep_detector INFO: SweepDetector v2: 2 raw → 1 confirmed (vol≥2.5× body≥30%)
23:23:11 core.sweep_detector INFO: OrderBlocks: 2 detected, 0 unmitigated
23:23:11 core.sweep_detector INFO: FVGs: 13 detected, 2 unfilled
23:23:13 core.sweep_detector INFO: SweepDetector v2: 1 raw → 1 confirmed (vol≥2.5× body≥30%)
23:23:13 core.sweep_detector INFO: OrderBlocks: 3 detected, 2 unmitigated
23:23:13 core.sweep_detector INFO: FVGs: 8 detected, 2 unfilled
23:23:15 core.sweep_detector INFO: SweepDetector v2: 0 raw → 0 confirmed (vol≥2.5× body≥30%)
23:23:15 core.sweep_detector INFO: OrderBlocks: 9 detected, 2 unmitigated
23:23:15 core.sweep_detector INFO: FVGs: 13 detected, 3 unfilled
23:23:16 core.sweep_detector INFO: SweepDetector v2: 1 raw → 1 confirmed (vol≥2.5× body≥30%)
23:23:16 core.sweep_detector INFO: OrderBlocks: 6 detected, 1 unmitigated
23:23:16 core.sweep_detector INFO: FVGs: 12 detected, 4 unfilled
23:23:18 core.sweep_detector INFO: SweepDetector v2: 3 raw → 2 confirmed (vol≥2.5× body≥30%)
23:23:18 core.sweep_detector INFO: OrderBlocks: 3 detected, 1 unmitigated
23:23:18 core.sweep_detector INFO: FVGs: 6 detected, 2 unfilled
23:23:19 core.sweep_detector INFO: SweepDetector v2: 1 raw → 1 confirmed (vol≥2.5× body≥30%)
23:23:19 core.sweep_detector INFO: OrderBlocks: 8 detected, 3 unmitigated
23:23:19 core.sweep_detector INFO: FVGs: 9 detected, 2 unfilled
23:23:21 core.sweep_detector INFO: SweepDetector v2: 1 raw → 1 confirmed (vol≥2.5× body≥30%)
23:23:21 core.sweep_detector INFO: OrderBlocks: 4 detected, 1 unmitigated
23:23:21 core.sweep_detector INFO: FVGs: 7 detected, 1 unfilled
23:23:23 core.sweep_detector INFO: SweepDetector v2: 1 raw → 1 confirmed (vol≥2.5× body≥30%)
23:23:23 core.sweep_detector INFO: OrderBlocks: 6 detected, 3 unmitigated
23:23:23 core.sweep_detector INFO: FVGs: 7 detected, 3 unfilled
23:23:24 core.sweep_detector INFO: SweepDetector v2: 2 raw → 1 confirmed (vol≥2.5× body≥30%)
23:23:24 core.sweep_detector INFO: OrderBlocks: 7 detected, 3 unmitigated
23:23:24 core.sweep_detector INFO: FVGs: 14 detected, 3 unfilled
23:23:26 core.sweep_detector INFO: SweepDetector v2: 2 raw → 2 confirmed (vol≥2.5× body≥30%)
23:23:26 core.sweep_detector INFO: OrderBlocks: 5 detected, 3 unmitigated
23:23:26 core.sweep_detector INFO: FVGs: 13 detected, 4 unfilled
23:23:28 core.sweep_detector INFO: SweepDetector v2: 4 raw → 0 confirmed (vol≥2.5× body≥30%)
23:23:28 core.sweep_detector INFO: OrderBlocks: 7 detected, 2 unmitigated
23:23:28 core.sweep_detector INFO: FVGs: 11 detected, 4 unfilled
23:23:30 core.sweep_detector INFO: SweepDetector v2: 3 raw → 2 confirmed (vol≥2.5× body≥30%)
23:23:30 core.sweep_detector INFO: OrderBlocks: 7 detected, 2 unmitigated
23:23:30 core.sweep_detector INFO: FVGs: 13 detected, 2 unfilled
23:23:31 core.sweep_detector INFO: SweepDetector v2: 2 raw → 0 confirmed (vol≥2.5× body≥30%)
23:23:31 core.sweep_detector INFO: OrderBlocks: 7 detected, 2 unmitigated
23:23:31 core.sweep_detector INFO: FVGs: 13 detected, 4 unfilled
23:23:33 core.sweep_detector INFO: SweepDetector v2: 3 raw → 0 confirmed (vol≥2.5× body≥30%)
23:23:33 core.sweep_detector INFO: OrderBlocks: 4 detected, 0 unmitigated
23:23:33 core.sweep_detector INFO: FVGs: 10 detected, 4 unfilled
23:23:35 core.sweep_detector INFO: SweepDetector v2: 2 raw → 2 confirmed (vol≥2.5× body≥30%)
23:23:35 core.sweep_detector INFO: OrderBlocks: 9 detected, 1 unmitigated
23:23:35 core.sweep_detector INFO: FVGs: 8 detected, 2 unfilled
23:23:36 core.sweep_detector INFO: SweepDetector v2: 1 raw → 1 confirmed (vol≥2.5× body≥30%)
23:23:36 core.sweep_detector INFO: OrderBlocks: 2 detected, 1 unmitigated
23:23:36 core.sweep_detector INFO: FVGs: 11 detected, 2 unfilled
23:23:38 core.sweep_detector INFO: SweepDetector v2: 3 raw → 2 confirmed (vol≥2.5× body≥30%)
23:23:38 core.sweep_detector INFO: OrderBlocks: 8 detected, 1 unmitigated
23:23:38 core.sweep_detector INFO: FVGs: 10 detected, 2 unfilled
23:23:39 core.sweep_detector INFO: SweepDetector v2: 1 raw → 1 confirmed (vol≥2.5× body≥30%)
23:23:39 core.sweep_detector INFO: OrderBlocks: 7 detected, 2 unmitigated
23:23:39 core.sweep_detector INFO: FVGs: 9 detected, 4 unfilled
23:23:41 core.sweep_detector INFO: SweepDetector v2: 2 raw → 2 confirmed (vol≥2.5× body≥30%)
23:23:41 core.sweep_detector INFO: OrderBlocks: 2 detected, 1 unmitigated
23:23:41 core.sweep_detector INFO: FVGs: 12 detected, 2 unfilled
23:23:42 core.sweep_detector INFO: SweepDetector v2: 3 raw → 3 confirmed (vol≥2.5× body≥30%)
23:23:42 core.sweep_detector INFO: OrderBlocks: 4 detected, 1 unmitigated
23:23:42 core.sweep_detector INFO: FVGs: 8 detected, 3 unfilled
23:23:44 core.sweep_detector INFO: SweepDetector v2: 2 raw → 1 confirmed (vol≥2.5× body≥30%)
23:23:44 core.sweep_detector INFO: OrderBlocks: 4 detected, 1 unmitigated
23:23:44 core.sweep_detector INFO: FVGs: 8 detected, 1 unfilled
23:23:46 core.sweep_detector INFO: SweepDetector v2: 0 raw → 0 confirmed (vol≥2.5× body≥30%)
23:23:46 core.sweep_detector INFO: OrderBlocks: 9 detected, 3 unmitigated
23:23:46 core.sweep_detector INFO: FVGs: 12 detected, 4 unfilled
23:23:48 core.sweep_detector INFO: SweepDetector v2: 0 raw → 0 confirmed (vol≥2.5× body≥30%)
23:23:48 core.sweep_detector INFO: OrderBlocks: 5 detected, 5 unmitigated
23:23:48 core.sweep_detector INFO: FVGs: 12 detected, 5 unfilled
23:23:50 core.sweep_detector INFO: SweepDetector v2: 0 raw → 0 confirmed (vol≥2.5× body≥30%)
23:23:50 core.sweep_detector INFO: OrderBlocks: 2 detected, 1 unmitigated
23:23:50 core.sweep_detector INFO: FVGs: 10 detected, 2 unfilled
23:23:51 core.sweep_detector INFO: SweepDetector v2: 0 raw → 0 confirmed (vol≥2.5× body≥30%)
23:23:51 core.sweep_detector INFO: OrderBlocks: 2 detected, 0 unmitigated
23:23:51 core.sweep_detector INFO: FVGs: 4 detected, 1 unfilled
23:23:53 core.sweep_detector INFO: SweepDetector v2: 2 raw → 2 confirmed (vol≥2.5× body≥30%)
23:23:53 core.sweep_detector INFO: OrderBlocks: 4 detected, 2 unmitigated
23:23:53 core.sweep_detector INFO: FVGs: 7 detected, 1 unfilled
23:23:54 core.sweep_detector INFO: SweepDetector v2: 0 raw → 0 confirmed (vol≥2.5× body≥30%)
23:23:54 core.sweep_detector INFO: OrderBlocks: 7 detected, 3 unmitigated
23:23:54 core.sweep_detector INFO: FVGs: 12 detected, 7 unfilled
23:23:56 core.sweep_detector INFO: SweepDetector v2: 1 raw → 1 confirmed (vol≥2.5× body≥30%)
23:23:56 core.sweep_detector INFO: OrderBlocks: 5 detected, 2 unmitigated
23:23:56 core.sweep_detector INFO: FVGs: 11 detected, 3 unfilled
23:23:58 core.sweep_detector INFO: SweepDetector v2: 0 raw → 0 confirmed (vol≥2.5× body≥30%)
23:23:58 core.sweep_detector INFO: OrderBlocks: 2 detected, 1 unmitigated
23:23:58 core.sweep_detector INFO: FVGs: 15 detected, 5 unfilled
23:23:59 core.sweep_detector INFO: SweepDetector v2: 1 raw → 0 confirmed (vol≥2.5× body≥30%)
23:23:59 core.sweep_detector INFO: OrderBlocks: 9 detected, 3 unmitigated
23:23:59 core.sweep_detector INFO: FVGs: 8 detected, 1 unfilled
23:24:01 core.sweep_detector INFO: SweepDetector v2: 2 raw → 1 confirmed (vol≥2.5× body≥30%)
23:24:01 core.sweep_detector INFO: OrderBlocks: 1 detected, 0 unmitigated
23:24:01 core.sweep_detector INFO: FVGs: 7 detected, 2 unfilled
23:24:03 core.sweep_detector INFO: SweepDetector v2: 0 raw → 0 confirmed (vol≥2.5× body≥30%)
23:24:03 core.sweep_detector INFO: OrderBlocks: 4 detected, 2 unmitigated
23:24:03 core.sweep_detector INFO: FVGs: 6 detected, 2 unfilled
23:24:05 core.sweep_detector INFO: SweepDetector v2: 1 raw → 1 confirmed (vol≥2.5× body≥30%)
23:24:05 core.sweep_detector INFO: OrderBlocks: 6 detected, 3 unmitigated
23:24:05 core.sweep_detector INFO: FVGs: 11 detected, 5 unfilled
23:24:07 core.sweep_detector INFO: SweepDetector v2: 3 raw → 1 confirmed (vol≥2.5× body≥30%)
23:24:07 core.sweep_detector INFO: OrderBlocks: 5 detected, 2 unmitigated
23:24:07 core.sweep_detector INFO: FVGs: 9 detected, 2 unfilled
23:24:09 core.sweep_detector INFO: SweepDetector v2: 1 raw → 1 confirmed (vol≥2.5× body≥30%)
23:24:09 core.sweep_detector INFO: OrderBlocks: 2 detected, 1 unmitigated
23:24:09 core.sweep_detector INFO: FVGs: 5 detected, 2 unfilled
23:24:11 core.sweep_detector INFO: SweepDetector v2: 0 raw → 0 confirmed (vol≥2.5× body≥30%)
23:24:11 core.sweep_detector INFO: OrderBlocks: 6 detected, 2 unmitigated
23:24:11 core.sweep_detector INFO: FVGs: 3 detected, 2 unfilled
23:24:13 core.sweep_detector INFO: SweepDetector v2: 2 raw → 2 confirmed (vol≥2.5× body≥30%)
23:24:13 core.sweep_detector INFO: OrderBlocks: 6 detected, 0 unmitigated
23:24:13 core.sweep_detector INFO: FVGs: 9 detected, 1 unfilled
23:24:15 core.sweep_detector INFO: SweepDetector v2: 1 raw → 1 confirmed (vol≥2.5× body≥30%)
23:24:15 core.sweep_detector INFO: OrderBlocks: 4 detected, 2 unmitigated
23:24:15 core.sweep_detector INFO: FVGs: 2 detected, 1 unfilled
23:24:17 core.sweep_detector INFO: SweepDetector v2: 1 raw → 1 confirmed (vol≥2.5× body≥30%)
23:24:17 core.sweep_detector INFO: OrderBlocks: 10 detected, 1 unmitigated
23:24:17 core.sweep_detector INFO: FVGs: 7 detected, 4 unfilled
23:24:19 core.sweep_detector INFO: SweepDetector v2: 3 raw → 2 confirmed (vol≥2.5× body≥30%)
23:24:19 core.sweep_detector INFO: OrderBlocks: 4 detected, 1 unmitigated
23:24:19 core.sweep_detector INFO: FVGs: 8 detected, 2 unfilled
23:24:21 core.sweep_detector INFO: SweepDetector v2: 2 raw → 1 confirmed (vol≥2.5× body≥30%)
23:24:21 core.sweep_detector INFO: OrderBlocks: 4 detected, 3 unmitigated
23:24:21 core.sweep_detector INFO: FVGs: 7 detected, 5 unfilled
23:24:23 core.sweep_detector INFO: SweepDetector v2: 0 raw → 0 confirmed (vol≥2.5× body≥30%)
23:24:23 core.sweep_detector INFO: OrderBlocks: 4 detected, 2 unmitigated
23:24:23 core.sweep_detector INFO: FVGs: 15 detected, 4 unfilled
23:24:25 core.sweep_detector INFO: SweepDetector v2: 1 raw → 1 confirmed (vol≥2.5× body≥30%)
23:24:25 core.sweep_detector INFO: OrderBlocks: 7 detected, 2 unmitigated
23:24:25 core.sweep_detector INFO: FVGs: 11 detected, 5 unfilled
23:24:27 core.sweep_detector INFO: SweepDetector v2: 2 raw → 1 confirmed (vol≥2.5× body≥30%)
23:24:27 core.sweep_detector INFO: OrderBlocks: 4 detected, 2 unmitigated
23:24:27 core.sweep_detector INFO: FVGs: 10 detected, 6 unfilled
23:24:29 core.sweep_detector INFO: SweepDetector v2: 2 raw → 1 confirmed (vol≥2.5× body≥30%)
23:24:29 core.sweep_detector INFO: OrderBlocks: 11 detected, 4 unmitigated
23:24:29 core.sweep_detector INFO: FVGs: 13 detected, 1 unfilled
23:24:31 core.sweep_detector INFO: SweepDetector v2: 3 raw → 1 confirmed (vol≥2.5× body≥30%)
23:24:31 core.sweep_detector INFO: OrderBlocks: 1 detected, 0 unmitigated
23:24:31 core.sweep_detector INFO: FVGs: 10 detected, 2 unfilled
23:24:33 core.sweep_detector INFO: SweepDetector v2: 3 raw → 3 confirmed (vol≥2.5× body≥30%)
23:24:33 core.sweep_detector INFO: OrderBlocks: 7 detected, 1 unmitigated
23:24:33 core.sweep_detector INFO: FVGs: 5 detected, 1 unfilled
23:24:37 core.sweep_detector INFO: SweepDetector v2: 2 raw → 2 confirmed (vol≥2.5× body≥30%)
23:24:37 core.sweep_detector INFO: OrderBlocks: 15 detected, 1 unmitigated
23:24:37 core.sweep_detector INFO: FVGs: 15 detected, 1 unfilled
23:24:39 core.sweep_detector INFO: SweepDetector v2: 3 raw → 3 confirmed (vol≥2.5× body≥30%)
23:24:39 core.sweep_detector INFO: OrderBlocks: 6 detected, 1 unmitigated
23:24:39 core.sweep_detector INFO: FVGs: 9 detected, 2 unfilled
23:24:41 core.sweep_detector INFO: SweepDetector v2: 1 raw → 1 confirmed (vol≥2.5× body≥30%)
23:24:41 core.sweep_detector INFO: OrderBlocks: 10 detected, 4 unmitigated
23:24:41 core.sweep_detector INFO: FVGs: 10 detected, 3 unfilled
23:24:43 core.sweep_detector INFO: SweepDetector v2: 4 raw → 4 confirmed (vol≥2.5× body≥30%)
23:24:43 core.sweep_detector INFO: OrderBlocks: 9 detected, 3 unmitigated
23:24:43 core.sweep_detector INFO: FVGs: 12 detected, 2 unfilled
23:24:45 core.sweep_detector INFO: SweepDetector v2: 5 raw → 5 confirmed (vol≥2.5× body≥30%)
23:24:45 core.sweep_detector INFO: OrderBlocks: 3 detected, 2 unmitigated
23:24:45 core.sweep_detector INFO: FVGs: 6 detected, 2 unfilled
23:24:47 core.sweep_detector INFO: SweepDetector v2: 4 raw → 2 confirmed (vol≥2.5× body≥30%)
23:24:47 core.sweep_detector INFO: OrderBlocks: 3 detected, 0 unmitigated
23:24:47 core.sweep_detector INFO: FVGs: 4 detected, 2 unfilled
23:24:49 core.sweep_detector INFO: SweepDetector v2: 6 raw → 3 confirmed (vol≥2.5× body≥30%)
23:24:49 core.sweep_detector INFO: OrderBlocks: 8 detected, 6 unmitigated
23:24:49 core.sweep_detector INFO: FVGs: 12 detected, 7 unfilled
23:24:51 core.sweep_detector INFO: SweepDetector v2: 5 raw → 4 confirmed (vol≥2.5× body≥30%)
23:24:51 core.sweep_detector INFO: OrderBlocks: 5 detected, 2 unmitigated
23:24:51 core.sweep_detector INFO: FVGs: 8 detected, 3 unfilled
23:24:53 core.sweep_detector INFO: SweepDetector v2: 1 raw → 1 confirmed (vol≥2.5× body≥30%)
23:24:53 core.sweep_detector INFO: OrderBlocks: 4 detected, 4 unmitigated
23:24:53 core.sweep_detector INFO: FVGs: 14 detected, 6 unfilled
23:24:54 core.sweep_detector INFO: SweepDetector v2: 1 raw → 1 confirmed (vol≥2.5× body≥30%)
23:24:54 core.sweep_detector INFO: OrderBlocks: 5 detected, 1 unmitigated
23:24:54 core.sweep_detector INFO: FVGs: 7 detected, 2 unfilled
23:24:56 core.sweep_detector INFO: SweepDetector v2: 3 raw → 3 confirmed (vol≥2.5× body≥30%)
23:24:56 core.sweep_detector INFO: OrderBlocks: 8 detected, 2 unmitigated
23:24:56 core.sweep_detector INFO: FVGs: 9 detected, 2 unfilled
23:24:58 core.sweep_detector INFO: SweepDetector v2: 3 raw → 3 confirmed (vol≥2.5× body≥30%)
23:24:58 core.sweep_detector INFO: OrderBlocks: 7 detected, 2 unmitigated
23:24:58 core.sweep_detector INFO: FVGs: 7 detected, 3 unfilled
23:25:00 core.sweep_detector INFO: SweepDetector v2: 1 raw → 1 confirmed (vol≥2.5× body≥30%)
23:25:00 core.sweep_detector INFO: OrderBlocks: 7 detected, 3 unmitigated
23:25:00 core.sweep_detector INFO: FVGs: 13 detected, 6 unfilled
23:25:02 core.sweep_detector INFO: SweepDetector v2: 2 raw → 0 confirmed (vol≥2.5× body≥30%)
23:25:02 core.sweep_detector INFO: OrderBlocks: 3 detected, 1 unmitigated
23:25:02 core.sweep_detector INFO: FVGs: 11 detected, 5 unfilled
23:25:03 core.sweep_detector INFO: SweepDetector v2: 1 raw → 1 confirmed (vol≥2.5× body≥30%)
23:25:03 core.sweep_detector INFO: OrderBlocks: 5 detected, 5 unmitigated
23:25:03 core.sweep_detector INFO: FVGs: 9 detected, 4 unfilled
23:25:05 core.sweep_detector INFO: SweepDetector v2: 3 raw → 2 confirmed (vol≥2.5× body≥30%)
23:25:05 core.sweep_detector INFO: OrderBlocks: 6 detected, 1 unmitigated
23:25:05 core.sweep_detector INFO: FVGs: 6 detected, 0 unfilled
23:25:06 core.sweep_detector INFO: SweepDetector v2: 2 raw → 2 confirmed (vol≥2.5× body≥30%)
23:25:06 core.sweep_detector INFO: OrderBlocks: 7 detected, 1 unmitigated
23:25:06 core.sweep_detector INFO: FVGs: 8 detected, 2 unfilled
23:25:08 core.sweep_detector INFO: SweepDetector v2: 0 raw → 0 confirmed (vol≥2.5× body≥30%)
23:25:08 core.sweep_detector INFO: OrderBlocks: 6 detected, 3 unmitigated
23:25:08 core.sweep_detector INFO: FVGs: 6 detected, 2 unfilled
23:25:10 core.sweep_detector INFO: SweepDetector v2: 0 raw → 0 confirmed (vol≥2.5× body≥30%)
23:25:10 core.sweep_detector INFO: OrderBlocks: 8 detected, 3 unmitigated
23:25:10 core.sweep_detector INFO: FVGs: 10 detected, 3 unfilled
23:25:12 core.sweep_detector INFO: SweepDetector v2: 4 raw → 3 confirmed (vol≥2.5× body≥30%)
23:25:12 core.sweep_detector INFO: OrderBlocks: 5 detected, 0 unmitigated
23:25:12 core.sweep_detector INFO: FVGs: 11 detected, 2 unfilled
23:25:14 core.sweep_detector INFO: SweepDetector v2: 2 raw → 2 confirmed (vol≥2.5× body≥30%)
23:25:14 core.sweep_detector INFO: OrderBlocks: 6 detected, 2 unmitigated
23:25:14 core.sweep_detector INFO: FVGs: 5 detected, 2 unfilled
23:25:16 core.sweep_detector INFO: SweepDetector v2: 1 raw → 1 confirmed (vol≥2.5× body≥30%)
23:25:16 core.sweep_detector INFO: OrderBlocks: 5 detected, 1 unmitigated
23:25:16 core.sweep_detector INFO: FVGs: 5 detected, 1 unfilled
23:25:18 core.sweep_detector INFO: SweepDetector v2: 3 raw → 3 confirmed (vol≥2.5× body≥30%)
23:25:18 core.sweep_detector INFO: OrderBlocks: 3 detected, 0 unmitigated
23:25:18 core.sweep_detector INFO: FVGs: 4 detected, 0 unfilled
23:25:19 core.sweep_detector INFO: SweepDetector v2: 1 raw → 1 confirmed (vol≥2.5× body≥30%)
23:25:19 core.sweep_detector INFO: OrderBlocks: 2 detected, 0 unmitigated
23:25:19 core.sweep_detector INFO: FVGs: 1 detected, 0 unfilled
23:25:21 core.sweep_detector INFO: SweepDetector v2: 2 raw → 2 confirmed (vol≥2.5× body≥30%)
23:25:21 core.sweep_detector INFO: OrderBlocks: 11 detected, 3 unmitigated
23:25:21 core.sweep_detector INFO: FVGs: 12 detected, 4 unfilled
23:25:23 core.sweep_detector INFO: SweepDetector v2: 5 raw → 3 confirmed (vol≥2.5× body≥30%)
23:25:23 core.sweep_detector INFO: OrderBlocks: 4 detected, 2 unmitigated
23:25:23 core.sweep_detector INFO: FVGs: 13 detected, 4 unfilled
23:25:24 core.sweep_detector INFO: SweepDetector v2: 2 raw → 1 confirmed (vol≥2.5× body≥30%)
23:25:24 core.sweep_detector INFO: OrderBlocks: 3 detected, 3 unmitigated
23:25:24 core.sweep_detector INFO: FVGs: 6 detected, 4 unfilled
23:25:26 core.sweep_detector INFO: SweepDetector v2: 1 raw → 0 confirmed (vol≥2.5× body≥30%)
23:25:26 core.sweep_detector INFO: OrderBlocks: 5 detected, 1 unmitigated
23:25:26 core.sweep_detector INFO: FVGs: 5 detected, 3 unfilled
23:25:28 core.sweep_detector INFO: SweepDetector v2: 4 raw → 4 confirmed (vol≥2.5× body≥30%)
23:25:28 core.sweep_detector INFO: OrderBlocks: 3 detected, 2 unmitigated
23:25:28 core.sweep_detector INFO: FVGs: 8 detected, 1 unfilled
23:25:30 core.sweep_detector INFO: SweepDetector v2: 1 raw → 1 confirmed (vol≥2.5× body≥30%)
23:25:30 core.sweep_detector INFO: OrderBlocks: 7 detected, 2 unmitigated
23:25:30 core.sweep_detector INFO: FVGs: 11 detected, 4 unfilled
23:25:32 core.sweep_detector INFO: SweepDetector v2: 2 raw → 2 confirmed (vol≥2.5× body≥30%)
23:25:32 core.sweep_detector INFO: OrderBlocks: 8 detected, 2 unmitigated
23:25:32 core.sweep_detector INFO: FVGs: 9 detected, 1 unfilled
23:25:34 core.sweep_detector INFO: SweepDetector v2: 2 raw → 1 confirmed (vol≥2.5× body≥30%)
23:25:34 core.sweep_detector INFO: OrderBlocks: 3 detected, 1 unmitigated
23:25:34 core.sweep_detector INFO: FVGs: 8 detected, 2 unfilled
23:25:36 core.sweep_detector INFO: SweepDetector v2: 1 raw → 1 confirmed (vol≥2.5× body≥30%)
23:25:36 core.sweep_detector INFO: OrderBlocks: 6 detected, 2 unmitigated
23:25:36 core.sweep_detector INFO: FVGs: 12 detected, 3 unfilled
23:25:37 core.sweep_detector INFO: SweepDetector v2: 0 raw → 0 confirmed (vol≥2.5× body≥30%)
23:25:37 core.sweep_detector INFO: OrderBlocks: 1 detected, 0 unmitigated
23:25:37 core.sweep_detector INFO: FVGs: 0 detected, 0 unfilled
23:25:39 core.sweep_detector INFO: SweepDetector v2: 0 raw → 0 confirmed (vol≥2.5× body≥30%)
23:25:39 core.sweep_detector INFO: OrderBlocks: 0 detected, 0 unmitigated
23:25:39 core.sweep_detector INFO: FVGs: 0 detected, 0 unfilled
23:25:40 core.sweep_detector INFO: SweepDetector v2: 0 raw → 0 confirmed (vol≥2.5× body≥30%)
23:25:40 core.sweep_detector INFO: OrderBlocks: 0 detected, 0 unmitigated
23:25:40 core.sweep_detector INFO: FVGs: 0 detected, 0 unfilled
23:25:42 core.sweep_detector INFO: SweepDetector v2: 2 raw → 2 confirmed (vol≥2.5× body≥30%)
23:25:42 core.sweep_detector INFO: OrderBlocks: 5 detected, 2 unmitigated
23:25:42 core.sweep_detector INFO: FVGs: 6 detected, 1 unfilled
23:25:44 core.sweep_detector INFO: SweepDetector v2: 2 raw → 2 confirmed (vol≥2.5× body≥30%)
23:25:44 core.sweep_detector INFO: OrderBlocks: 4 detected, 0 unmitigated
23:25:44 core.sweep_detector INFO: FVGs: 8 detected, 2 unfilled
23:25:46 core.sweep_detector INFO: SweepDetector v2: 2 raw → 2 confirmed (vol≥2.5× body≥30%)
23:25:46 core.sweep_detector INFO: OrderBlocks: 7 detected, 1 unmitigated
23:25:46 core.sweep_detector INFO: FVGs: 9 detected, 3 unfilled
23:25:48 core.sweep_detector INFO: SweepDetector v2: 0 raw → 0 confirmed (vol≥2.5× body≥30%)
23:25:48 core.sweep_detector INFO: OrderBlocks: 4 detected, 2 unmitigated
23:25:48 core.sweep_detector INFO: FVGs: 12 detected, 8 unfilled
23:25:49 core.sweep_detector INFO: SweepDetector v2: 0 raw → 0 confirmed (vol≥2.5× body≥30%)
23:25:49 core.sweep_detector INFO: OrderBlocks: 1 detected, 0 unmitigated
23:25:49 core.sweep_detector INFO: FVGs: 9 detected, 1 unfilled
23:25:51 core.sweep_detector INFO: SweepDetector v2: 2 raw → 2 confirmed (vol≥2.5× body≥30%)
23:25:51 core.sweep_detector INFO: OrderBlocks: 5 detected, 2 unmitigated
23:25:51 core.sweep_detector INFO: FVGs: 7 detected, 3 unfilled
23:25:54 core.sweep_detector INFO: SweepDetector v2: 5 raw → 3 confirmed (vol≥2.5× body≥30%)
23:25:54 core.sweep_detector INFO: OrderBlocks: 6 detected, 2 unmitigated
23:25:54 core.sweep_detector INFO: FVGs: 10 detected, 3 unfilled
23:25:56 core.sweep_detector INFO: SweepDetector v2: 2 raw → 2 confirmed (vol≥2.5× body≥30%)
23:25:56 core.sweep_detector INFO: OrderBlocks: 3 detected, 2 unmitigated
23:25:56 core.sweep_detector INFO: FVGs: 9 detected, 3 unfilled
23:25:58 core.sweep_detector INFO: SweepDetector v2: 3 raw → 3 confirmed (vol≥2.5× body≥30%)
23:25:58 core.sweep_detector INFO: OrderBlocks: 1 detected, 0 unmitigated
23:25:58 core.sweep_detector INFO: FVGs: 6 detected, 1 unfilled
23:26:01 core.sweep_detector INFO: SweepDetector v2: 0 raw → 0 confirmed (vol≥2.5× body≥30%)
23:26:01 core.sweep_detector INFO: OrderBlocks: 7 detected, 2 unmitigated
23:26:01 core.sweep_detector INFO: FVGs: 9 detected, 1 unfilled
23:26:02 core.sweep_detector INFO: SweepDetector v2: 3 raw → 3 confirmed (vol≥2.5× body≥30%)
23:26:02 core.sweep_detector INFO: OrderBlocks: 3 detected, 3 unmitigated
23:26:02 core.sweep_detector INFO: FVGs: 9 detected, 3 unfilled
23:26:04 core.sweep_detector INFO: SweepDetector v2: 2 raw → 1 confirmed (vol≥2.5× body≥30%)
23:26:04 core.sweep_detector INFO: OrderBlocks: 3 detected, 1 unmitigated
23:26:04 core.sweep_detector INFO: FVGs: 5 detected, 3 unfilled
23:26:06 core.sweep_detector INFO: SweepDetector v2: 1 raw → 1 confirmed (vol≥2.5× body≥30%)
23:26:06 core.sweep_detector INFO: OrderBlocks: 4 detected, 2 unmitigated
23:26:06 core.sweep_detector INFO: FVGs: 11 detected, 8 unfilled
23:26:07 core.sweep_detector INFO: SweepDetector v2: 1 raw → 1 confirmed (vol≥2.5× body≥30%)
23:26:07 core.sweep_detector INFO: OrderBlocks: 3 detected, 2 unmitigated
23:26:07 core.sweep_detector INFO: FVGs: 2 detected, 1 unfilled
23:26:09 core.sweep_detector INFO: SweepDetector v2: 2 raw → 2 confirmed (vol≥2.5× body≥30%)
23:26:09 core.sweep_detector INFO: OrderBlocks: 7 detected, 2 unmitigated
23:26:09 core.sweep_detector INFO: FVGs: 7 detected, 1 unfilled
23:26:10 core.sweep_detector INFO: SweepDetector v2: 2 raw → 2 confirmed (vol≥2.5× body≥30%)
23:26:10 core.sweep_detector INFO: OrderBlocks: 7 detected, 3 unmitigated
23:26:10 core.sweep_detector INFO: FVGs: 9 detected, 2 unfilled
23:26:12 core.sweep_detector INFO: SweepDetector v2: 3 raw → 0 confirmed (vol≥2.5× body≥30%)
23:26:12 core.sweep_detector INFO: OrderBlocks: 6 detected, 3 unmitigated
23:26:12 core.sweep_detector INFO: FVGs: 8 detected, 4 unfilled
23:26:14 core.sweep_detector INFO: SweepDetector v2: 1 raw → 0 confirmed (vol≥2.5× body≥30%)
23:26:14 core.sweep_detector INFO: OrderBlocks: 6 detected, 2 unmitigated
23:26:14 core.sweep_detector INFO: FVGs: 9 detected, 3 unfilled
23:26:15 core.sweep_detector INFO: SweepDetector v2: 1 raw → 0 confirmed (vol≥2.5× body≥30%)
23:26:15 core.sweep_detector INFO: OrderBlocks: 9 detected, 1 unmitigated
23:26:15 core.sweep_detector INFO: FVGs: 8 detected, 3 unfilled
23:26:18 core.sweep_detector INFO: SweepDetector v2: 4 raw → 1 confirmed (vol≥2.5× body≥30%)
23:26:18 core.sweep_detector INFO: OrderBlocks: 3 detected, 1 unmitigated
23:26:18 core.sweep_detector INFO: FVGs: 8 detected, 2 unfilled
23:26:20 core.sweep_detector INFO: SweepDetector v2: 1 raw → 1 confirmed (vol≥2.5× body≥30%)
23:26:20 core.sweep_detector INFO: OrderBlocks: 7 detected, 3 unmitigated
23:26:20 core.sweep_detector INFO: FVGs: 8 detected, 4 unfilled
23:26:22 core.sweep_detector INFO: SweepDetector v2: 7 raw → 5 confirmed (vol≥2.5× body≥30%)
23:26:22 core.sweep_detector INFO: OrderBlocks: 5 detected, 5 unmitigated
23:26:22 core.sweep_detector INFO: FVGs: 13 detected, 8 unfilled
23:26:24 core.sweep_detector INFO: SweepDetector v2: 2 raw → 1 confirmed (vol≥2.5× body≥30%)
23:26:24 core.sweep_detector INFO: OrderBlocks: 1 detected, 0 unmitigated
23:26:24 core.sweep_detector INFO: FVGs: 6 detected, 2 unfilled
23:26:25 core.sweep_detector INFO: SweepDetector v2: 4 raw → 4 confirmed (vol≥2.5× body≥30%)
23:26:25 core.sweep_detector INFO: OrderBlocks: 2 detected, 1 unmitigated
23:26:25 core.sweep_detector INFO: FVGs: 5 detected, 2 unfilled
23:26:28 core.sweep_detector INFO: SweepDetector v2: 0 raw → 0 confirmed (vol≥2.5× body≥30%)
23:26:28 core.sweep_detector INFO: OrderBlocks: 9 detected, 4 unmitigated
23:26:28 core.sweep_detector INFO: FVGs: 14 detected, 5 unfilled
23:26:29 core.sweep_detector INFO: SweepDetector v2: 3 raw → 2 confirmed (vol≥2.5× body≥30%)
23:26:29 core.sweep_detector INFO: OrderBlocks: 3 detected, 2 unmitigated
23:26:29 core.sweep_detector INFO: FVGs: 10 detected, 2 unfilled
23:26:31 core.sweep_detector INFO: SweepDetector v2: 2 raw → 1 confirmed (vol≥2.5× body≥30%)
23:26:31 core.sweep_detector INFO: OrderBlocks: 5 detected, 2 unmitigated
23:26:31 core.sweep_detector INFO: FVGs: 7 detected, 2 unfilled
23:26:33 core.sweep_detector INFO: SweepDetector v2: 3 raw → 3 confirmed (vol≥2.5× body≥30%)
23:26:33 core.sweep_detector INFO: OrderBlocks: 3 detected, 1 unmitigated
23:26:33 core.sweep_detector INFO: FVGs: 5 detected, 1 unfilled
23:26:34 core.sweep_detector INFO: SweepDetector v2: 3 raw → 2 confirmed (vol≥2.5× body≥30%)
23:26:34 core.sweep_detector INFO: OrderBlocks: 5 detected, 2 unmitigated
23:26:34 core.sweep_detector INFO: FVGs: 8 detected, 3 unfilled
23:26:37 core.sweep_detector INFO: SweepDetector v2: 1 raw → 1 confirmed (vol≥2.5× body≥30%)
23:26:37 core.sweep_detector INFO: OrderBlocks: 6 detected, 1 unmitigated
23:26:37 core.sweep_detector INFO: FVGs: 7 detected, 3 unfilled
23:26:39 core.sweep_detector INFO: SweepDetector v2: 3 raw → 2 confirmed (vol≥2.5× body≥30%)
23:26:39 core.sweep_detector INFO: OrderBlocks: 3 detected, 3 unmitigated
23:26:39 core.sweep_detector INFO: FVGs: 13 detected, 8 unfilled
23:26:40 core.sweep_detector INFO: SweepDetector v2: 2 raw → 2 confirmed (vol≥2.5× body≥30%)
23:26:40 core.sweep_detector INFO: OrderBlocks: 4 detected, 1 unmitigated
23:26:40 core.sweep_detector INFO: FVGs: 8 detected, 3 unfilled
23:26:42 core.sweep_detector INFO: SweepDetector v2: 2 raw → 1 confirmed (vol≥2.5× body≥30%)
23:26:42 core.sweep_detector INFO: OrderBlocks: 0 detected, 0 unmitigated
23:26:42 core.sweep_detector INFO: FVGs: 3 detected, 0 unfilled
23:26:45 core.sweep_detector INFO: SweepDetector v2: 1 raw → 0 confirmed (vol≥2.5× body≥30%)
23:26:45 core.sweep_detector INFO: OrderBlocks: 4 detected, 0 unmitigated
23:26:45 core.sweep_detector INFO: FVGs: 14 detected, 5 unfilled
23:26:46 core.sweep_detector INFO: SweepDetector v2: 0 raw → 0 confirmed (vol≥2.5× body≥30%)
23:26:46 core.sweep_detector INFO: OrderBlocks: 7 detected, 2 unmitigated
23:26:46 core.sweep_detector INFO: FVGs: 4 detected, 2 unfilled
23:26:48 core.sweep_detector INFO: SweepDetector v2: 2 raw → 2 confirmed (vol≥2.5× body≥30%)
23:26:48 core.sweep_detector INFO: OrderBlocks: 3 detected, 1 unmitigated
23:26:48 core.sweep_detector INFO: FVGs: 4 detected, 2 unfilled
23:26:49 core.sweep_detector INFO: SweepDetector v2: 1 raw → 0 confirmed (vol≥2.5× body≥30%)
23:26:49 core.sweep_detector INFO: OrderBlocks: 7 detected, 3 unmitigated
23:26:49 core.sweep_detector INFO: FVGs: 9 detected, 5 unfilled
23:26:51 core.sweep_detector INFO: SweepDetector v2: 2 raw → 2 confirmed (vol≥2.5× body≥30%)
23:26:51 core.sweep_detector INFO: OrderBlocks: 3 detected, 2 unmitigated
23:26:51 core.sweep_detector INFO: FVGs: 13 detected, 2 unfilled
23:26:53 core.sweep_detector INFO: SweepDetector v2: 3 raw → 2 confirmed (vol≥2.5× body≥30%)
23:26:53 core.sweep_detector INFO: OrderBlocks: 8 detected, 4 unmitigated
23:26:53 core.sweep_detector INFO: FVGs: 7 detected, 3 unfilled
23:26:54 core.sweep_detector INFO: SweepDetector v2: 0 raw → 0 confirmed (vol≥2.5× body≥30%)
23:26:54 core.sweep_detector INFO: OrderBlocks: 10 detected, 2 unmitigated
23:26:54 core.sweep_detector INFO: FVGs: 10 detected, 2 unfilled
23:26:56 core.sweep_detector INFO: SweepDetector v2: 1 raw → 1 confirmed (vol≥2.5× body≥30%)
23:26:56 core.sweep_detector INFO: OrderBlocks: 5 detected, 2 unmitigated
23:26:56 core.sweep_detector INFO: FVGs: 5 detected, 1 unfilled
23:26:58 core.sweep_detector INFO: SweepDetector v2: 1 raw → 1 confirmed (vol≥2.5× body≥30%)
23:26:58 core.sweep_detector INFO: OrderBlocks: 5 detected, 2 unmitigated
23:26:58 core.sweep_detector INFO: FVGs: 5 detected, 3 unfilled
23:27:00 core.sweep_detector INFO: SweepDetector v2: 0 raw → 0 confirmed (vol≥2.5× body≥30%)
23:27:00 core.sweep_detector INFO: OrderBlocks: 2 detected, 0 unmitigated
23:27:00 core.sweep_detector INFO: FVGs: 0 detected, 0 unfilled
23:27:02 core.sweep_detector INFO: SweepDetector v2: 0 raw → 0 confirmed (vol≥2.5× body≥30%)
23:27:02 core.sweep_detector INFO: OrderBlocks: 1 detected, 1 unmitigated
23:27:02 core.sweep_detector INFO: FVGs: 0 detected, 0 unfilled
23:27:03 core.sweep_detector INFO: SweepDetector v2: 0 raw → 0 confirmed (vol≥2.5× body≥30%)
23:27:03 core.sweep_detector INFO: OrderBlocks: 2 detected, 0 unmitigated
23:27:03 core.sweep_detector INFO: FVGs: 0 detected, 0 unfilled
23:27:05 core.sweep_detector INFO: SweepDetector v2: 1 raw → 1 confirmed (vol≥2.5× body≥30%)
23:27:05 core.sweep_detector INFO: OrderBlocks: 6 detected, 1 unmitigated
23:27:05 core.sweep_detector INFO: FVGs: 9 detected, 4 unfilled
23:27:06 core.sweep_detector INFO: SweepDetector v2: 2 raw → 2 confirmed (vol≥2.5× body≥30%)
23:27:06 core.sweep_detector INFO: OrderBlocks: 6 detected, 1 unmitigated
23:27:07 core.sweep_detector INFO: FVGs: 8 detected, 2 unfilled
23:27:08 core.sweep_detector INFO: SweepDetector v2: 1 raw → 1 confirmed (vol≥2.5× body≥30%)
23:27:08 core.sweep_detector INFO: OrderBlocks: 6 detected, 0 unmitigated
23:27:08 core.sweep_detector INFO: FVGs: 5 detected, 1 unfilled
23:27:10 core.sweep_detector INFO: SweepDetector v2: 1 raw → 1 confirmed (vol≥2.5× body≥30%)
23:27:10 core.sweep_detector INFO: OrderBlocks: 2 detected, 0 unmitigated
23:27:10 core.sweep_detector INFO: FVGs: 0 detected, 0 unfilled
23:27:12 core.sweep_detector INFO: SweepDetector v2: 0 raw → 0 confirmed (vol≥2.5× body≥30%)
23:27:12 core.sweep_detector INFO: OrderBlocks: 1 detected, 0 unmitigated
23:27:12 core.sweep_detector INFO: FVGs: 0 detected, 0 unfilled
23:27:13 core.sweep_detector INFO: SweepDetector v2: 0 raw → 0 confirmed (vol≥2.5× body≥30%)
23:27:13 core.sweep_detector INFO: OrderBlocks: 0 detected, 0 unmitigated
23:27:13 core.sweep_detector INFO: FVGs: 0 detected, 0 unfilled
23:27:15 core.sweep_detector INFO: SweepDetector v2: 0 raw → 0 confirmed (vol≥2.5× body≥30%)
23:27:15 core.sweep_detector INFO: OrderBlocks: 3 detected, 1 unmitigated
23:27:15 core.sweep_detector INFO: FVGs: 0 detected, 0 unfilled
23:27:17 core.sweep_detector INFO: SweepDetector v2: 0 raw → 0 confirmed (vol≥2.5× body≥30%)
23:27:17 core.sweep_detector INFO: OrderBlocks: 1 detected, 0 unmitigated
23:27:17 core.sweep_detector INFO: FVGs: 0 detected, 0 unfilled
23:27:18 core.sweep_detector INFO: SweepDetector v2: 0 raw → 0 confirmed (vol≥2.5× body≥30%)
23:27:18 core.sweep_detector INFO: OrderBlocks: 1 detected, 0 unmitigated
23:27:18 core.sweep_detector INFO: FVGs: 0 detected, 0 unfilled
23:27:20 core.sweep_detector INFO: SweepDetector v2: 0 raw → 0 confirmed (vol≥2.5× body≥30%)
23:27:20 core.sweep_detector INFO: OrderBlocks: 1 detected, 0 unmitigated
23:27:20 core.sweep_detector INFO: FVGs: 0 detected, 0 unfilled
23:27:22 core.sweep_detector INFO: SweepDetector v2: 0 raw → 0 confirmed (vol≥2.5× body≥30%)
23:27:22 core.sweep_detector INFO: OrderBlocks: 0 detected, 0 unmitigated
23:27:22 core.sweep_detector INFO: FVGs: 0 detected, 0 unfilled
23:27:23 core.sweep_detector INFO: SweepDetector v2: 0 raw → 0 confirmed (vol≥2.5× body≥30%)
23:27:23 core.sweep_detector INFO: OrderBlocks: 0 detected, 0 unmitigated
23:27:23 core.sweep_detector INFO: FVGs: 0 detected, 0 unfilled
23:27:25 core.sweep_detector INFO: SweepDetector v2: 3 raw → 3 confirmed (vol≥2.5× body≥30%)
23:27:25 core.sweep_detector INFO: OrderBlocks: 5 detected, 2 unmitigated
23:27:25 core.sweep_detector INFO: FVGs: 10 detected, 4 unfilled
23:27:27 core.sweep_detector INFO: SweepDetector v2: 5 raw → 4 confirmed (vol≥2.5× body≥30%)
23:27:27 core.sweep_detector INFO: OrderBlocks: 8 detected, 3 unmitigated
23:27:27 core.sweep_detector INFO: FVGs: 9 detected, 4 unfilled
23:27:29 core.sweep_detector INFO: SweepDetector v2: 1 raw → 1 confirmed (vol≥2.5× body≥30%)
23:27:29 core.sweep_detector INFO: OrderBlocks: 3 detected, 2 unmitigated
23:27:29 core.sweep_detector INFO: FVGs: 5 detected, 4 unfilled
23:27:30 core.sweep_detector INFO: SweepDetector v2: 0 raw → 0 confirmed (vol≥2.5× body≥30%)
23:27:30 core.sweep_detector INFO: OrderBlocks: 6 detected, 1 unmitigated
23:27:30 core.sweep_detector INFO: FVGs: 11 detected, 5 unfilled
23:27:32 core.sweep_detector INFO: SweepDetector v2: 1 raw → 1 confirmed (vol≥2.5× body≥30%)
23:27:32 core.sweep_detector INFO: OrderBlocks: 1 detected, 0 unmitigated
23:27:32 core.sweep_detector INFO: FVGs: 9 detected, 2 unfilled
23:27:34 core.sweep_detector INFO: SweepDetector v2: 2 raw → 2 confirmed (vol≥2.5× body≥30%)
23:27:34 core.sweep_detector INFO: OrderBlocks: 7 detected, 4 unmitigated
23:27:34 core.sweep_detector INFO: FVGs: 11 detected, 6 unfilled
23:27:36 core.sweep_detector INFO: SweepDetector v2: 1 raw → 1 confirmed (vol≥2.5× body≥30%)
23:27:36 core.sweep_detector INFO: OrderBlocks: 8 detected, 4 unmitigated
23:27:36 core.sweep_detector INFO: FVGs: 9 detected, 3 unfilled
23:27:38 core.sweep_detector INFO: SweepDetector v2: 1 raw → 1 confirmed (vol≥2.5× body≥30%)
23:27:38 core.sweep_detector INFO: OrderBlocks: 2 detected, 2 unmitigated
23:27:38 core.sweep_detector INFO: FVGs: 10 detected, 1 unfilled
23:27:40 core.sweep_detector INFO: SweepDetector v2: 2 raw → 2 confirmed (vol≥2.5× body≥30%)
23:27:40 core.sweep_detector INFO: OrderBlocks: 6 detected, 3 unmitigated
23:27:40 core.sweep_detector INFO: FVGs: 9 detected, 3 unfilled
23:27:41 core.sweep_detector INFO: SweepDetector v2: 1 raw → 1 confirmed (vol≥2.5× body≥30%)
23:27:41 core.sweep_detector INFO: OrderBlocks: 2 detected, 1 unmitigated
23:27:41 core.sweep_detector INFO: FVGs: 8 detected, 3 unfilled
23:27:43 core.sweep_detector INFO: SweepDetector v2: 2 raw → 1 confirmed (vol≥2.5× body≥30%)
23:27:43 core.sweep_detector INFO: OrderBlocks: 1 detected, 0 unmitigated
23:27:43 core.sweep_detector INFO: FVGs: 6 detected, 0 unfilled
23:27:45 core.sweep_detector INFO: SweepDetector v2: 0 raw → 0 confirmed (vol≥2.5× body≥30%)
23:27:45 core.sweep_detector INFO: OrderBlocks: 4 detected, 0 unmitigated
23:27:45 core.sweep_detector INFO: FVGs: 2 detected, 1 unfilled
23:27:47 core.sweep_detector INFO: SweepDetector v2: 2 raw → 1 confirmed (vol≥2.5× body≥30%)
23:27:47 core.sweep_detector INFO: OrderBlocks: 6 detected, 4 unmitigated
23:27:47 core.sweep_detector INFO: FVGs: 14 detected, 6 unfilled
23:27:48 core.sweep_detector INFO: SweepDetector v2: 4 raw → 4 confirmed (vol≥2.5× body≥30%)
23:27:48 core.sweep_detector INFO: OrderBlocks: 3 detected, 1 unmitigated
23:27:48 core.sweep_detector INFO: FVGs: 6 detected, 2 unfilled
23:27:50 core.sweep_detector INFO: SweepDetector v2: 1 raw → 1 confirmed (vol≥2.5× body≥30%)
23:27:50 core.sweep_detector INFO: OrderBlocks: 5 detected, 4 unmitigated
23:27:50 core.sweep_detector INFO: FVGs: 7 detected, 4 unfilled
23:27:51 core.sweep_detector INFO: SweepDetector v2: 2 raw → 1 confirmed (vol≥2.5× body≥30%)
23:27:51 core.sweep_detector INFO: OrderBlocks: 5 detected, 1 unmitigated
23:27:51 core.sweep_detector INFO: FVGs: 5 detected, 1 unfilled
23:27:53 core.sweep_detector INFO: SweepDetector v2: 1 raw → 1 confirmed (vol≥2.5× body≥30%)
23:27:53 core.sweep_detector INFO: OrderBlocks: 4 detected, 0 unmitigated
23:27:53 core.sweep_detector INFO: FVGs: 8 detected, 1 unfilled
23:27:55 core.sweep_detector INFO: SweepDetector v2: 3 raw → 2 confirmed (vol≥2.5× body≥30%)
23:27:55 core.sweep_detector INFO: OrderBlocks: 6 detected, 2 unmitigated
23:27:55 core.sweep_detector INFO: FVGs: 9 detected, 1 unfilled
23:27:56 core.sweep_detector INFO: SweepDetector v2: 0 raw → 0 confirmed (vol≥2.5× body≥30%)
23:27:56 core.sweep_detector INFO: OrderBlocks: 2 detected, 1 unmitigated
23:27:56 core.sweep_detector INFO: FVGs: 4 detected, 0 unfilled
23:27:58 core.sweep_detector INFO: SweepDetector v2: 0 raw → 0 confirmed (vol≥2.5× body≥30%)
23:27:58 core.sweep_detector INFO: OrderBlocks: 6 detected, 2 unmitigated
23:27:58 core.sweep_detector INFO: FVGs: 7 detected, 2 unfilled
23:28:00 core.sweep_detector INFO: SweepDetector v2: 0 raw → 0 confirmed (vol≥2.5× body≥30%)
23:28:00 core.sweep_detector INFO: OrderBlocks: 5 detected, 2 unmitigated
23:28:00 core.sweep_detector INFO: FVGs: 6 detected, 2 unfilled
23:28:01 core.sweep_detector INFO: SweepDetector v2: 0 raw → 0 confirmed (vol≥2.5× body≥30%)
23:28:01 core.sweep_detector INFO: OrderBlocks: 8 detected, 2 unmitigated
23:28:01 core.sweep_detector INFO: FVGs: 11 detected, 2 unfilled
23:28:03 core.sweep_detector INFO: SweepDetector v2: 1 raw → 1 confirmed (vol≥2.5× body≥30%)
23:28:03 core.sweep_detector INFO: OrderBlocks: 4 detected, 1 unmitigated
23:28:03 core.sweep_detector INFO: FVGs: 9 detected, 1 unfilled
23:28:05 core.sweep_detector INFO: SweepDetector v2: 1 raw → 1 confirmed (vol≥2.5× body≥30%)
23:28:05 core.sweep_detector INFO: OrderBlocks: 5 detected, 1 unmitigated
23:28:05 core.sweep_detector INFO: FVGs: 7 detected, 1 unfilled
23:28:06 core.sweep_detector INFO: SweepDetector v2: 0 raw → 0 confirmed (vol≥2.5× body≥30%)
23:28:06 core.sweep_detector INFO: OrderBlocks: 10 detected, 1 unmitigated
23:28:06 core.sweep_detector INFO: FVGs: 10 detected, 2 unfilled
23:28:08 core.sweep_detector INFO: SweepDetector v2: 2 raw → 2 confirmed (vol≥2.5× body≥30%)
23:28:08 core.sweep_detector INFO: OrderBlocks: 4 detected, 1 unmitigated
23:28:08 core.sweep_detector INFO: FVGs: 12 detected, 1 unfilled
23:28:09 core.sweep_detector INFO: SweepDetector v2: 3 raw → 3 confirmed (vol≥2.5× body≥30%)
23:28:09 core.sweep_detector INFO: OrderBlocks: 6 detected, 3 unmitigated
23:28:09 core.sweep_detector INFO: FVGs: 10 detected, 5 unfilled
23:28:11 core.sweep_detector INFO: SweepDetector v2: 2 raw → 2 confirmed (vol≥2.5× body≥30%)
23:28:11 core.sweep_detector INFO: OrderBlocks: 8 detected, 2 unmitigated
23:28:11 core.sweep_detector INFO: FVGs: 8 detected, 2 unfilled
23:28:14 core.sweep_detector INFO: SweepDetector v2: 2 raw → 2 confirmed (vol≥2.5× body≥30%)
23:28:14 core.sweep_detector INFO: OrderBlocks: 3 detected, 0 unmitigated
23:28:14 core.sweep_detector INFO: FVGs: 5 detected, 1 unfilled
23:28:15 core.sweep_detector INFO: SweepDetector v2: 0 raw → 0 confirmed (vol≥2.5× body≥30%)
23:28:15 core.sweep_detector INFO: OrderBlocks: 6 detected, 2 unmitigated
23:28:15 core.sweep_detector INFO: FVGs: 6 detected, 2 unfilled
23:28:17 core.sweep_detector INFO: SweepDetector v2: 0 raw → 0 confirmed (vol≥2.5× body≥30%)
23:28:17 core.sweep_detector INFO: OrderBlocks: 1 detected, 0 unmitigated
23:28:17 core.sweep_detector INFO: FVGs: 0 detected, 0 unfilled
23:28:19 core.sweep_detector INFO: SweepDetector v2: 0 raw → 0 confirmed (vol≥2.5× body≥30%)
23:28:19 core.sweep_detector INFO: OrderBlocks: 6 detected, 0 unmitigated
23:28:19 core.sweep_detector INFO: FVGs: 0 detected, 0 unfilled
23:28:21 core.sweep_detector INFO: SweepDetector v2: 0 raw → 0 confirmed (vol≥2.5× body≥30%)
23:28:21 core.sweep_detector INFO: OrderBlocks: 0 detected, 0 unmitigated
23:28:21 core.sweep_detector INFO: FVGs: 0 detected, 0 unfilled
23:28:23 core.sweep_detector INFO: SweepDetector v2: 6 raw → 3 confirmed (vol≥2.5× body≥30%)
23:28:23 core.sweep_detector INFO: OrderBlocks: 8 detected, 3 unmitigated
23:28:23 core.sweep_detector INFO: FVGs: 11 detected, 4 unfilled
23:28:25 core.sweep_detector INFO: SweepDetector v2: 1 raw → 1 confirmed (vol≥2.5× body≥30%)
23:28:25 core.sweep_detector INFO: OrderBlocks: 5 detected, 2 unmitigated
23:28:25 core.sweep_detector INFO: FVGs: 11 detected, 2 unfilled
23:28:27 core.sweep_detector INFO: SweepDetector v2: 2 raw → 1 confirmed (vol≥2.5× body≥30%)
23:28:27 core.sweep_detector INFO: OrderBlocks: 4 detected, 1 unmitigated
23:28:27 core.sweep_detector INFO: FVGs: 9 detected, 4 unfilled
23:28:33 core.sweep_detector INFO: SweepDetector v2: 1 raw → 1 confirmed (vol≥2.5× body≥30%)
23:28:33 core.sweep_detector INFO: OrderBlocks: 7 detected, 2 unmitigated
23:28:33 core.sweep_detector INFO: FVGs: 7 detected, 1 unfilled
23:28:35 core.sweep_detector INFO: SweepDetector v2: 2 raw → 1 confirmed (vol≥2.5× body≥30%)
23:28:35 core.sweep_detector INFO: OrderBlocks: 2 detected, 0 unmitigated
23:28:35 core.sweep_detector INFO: FVGs: 11 detected, 2 unfilled
23:28:39 core.sweep_detector INFO: SweepDetector v2: 0 raw → 0 confirmed (vol≥2.5× body≥30%)
23:28:39 core.sweep_detector INFO: OrderBlocks: 5 detected, 1 unmitigated
23:28:39 core.sweep_detector INFO: FVGs: 8 detected, 3 unfilled
23:28:41 core.sweep_detector INFO: SweepDetector v2: 0 raw → 0 confirmed (vol≥2.5× body≥30%)
23:28:41 core.sweep_detector INFO: OrderBlocks: 8 detected, 4 unmitigated
23:28:41 core.sweep_detector INFO: FVGs: 11 detected, 4 unfilled
23:28:43 core.sweep_detector INFO: SweepDetector v2: 0 raw → 0 confirmed (vol≥2.5× body≥30%)
23:28:43 core.sweep_detector INFO: OrderBlocks: 10 detected, 3 unmitigated
23:28:43 core.sweep_detector INFO: FVGs: 8 detected, 3 unfilled
23:28:45 core.sweep_detector INFO: SweepDetector v2: 4 raw → 3 confirmed (vol≥2.5× body≥30%)
23:28:45 core.sweep_detector INFO: OrderBlocks: 6 detected, 6 unmitigated
23:28:45 core.sweep_detector INFO: FVGs: 9 detected, 7 unfilled
23:28:46 core.sweep_detector INFO: SweepDetector v2: 2 raw → 2 confirmed (vol≥2.5× body≥30%)
23:28:46 core.sweep_detector INFO: OrderBlocks: 5 detected, 1 unmitigated
23:28:46 core.sweep_detector INFO: FVGs: 5 detected, 3 unfilled
23:28:48 core.sweep_detector INFO: SweepDetector v2: 1 raw → 1 confirmed (vol≥2.5× body≥30%)
23:28:48 core.sweep_detector INFO: OrderBlocks: 5 detected, 1 unmitigated
23:28:48 core.sweep_detector INFO: FVGs: 7 detected, 2 unfilled
23:28:49 core.sweep_detector INFO: SweepDetector v2: 2 raw → 2 confirmed (vol≥2.5× body≥30%)
23:28:49 core.sweep_detector INFO: OrderBlocks: 5 detected, 3 unmitigated
23:28:49 core.sweep_detector INFO: FVGs: 8 detected, 3 unfilled
/root/.openclaw/workspace/projects/crypto-liquidity-hunter/main.py:555: DeprecationWarning: datetime.datetime.utcnow() is deprecated and scheduled for removal in a future version. Use timezone-aware objects to represent datetimes in UTC: datetime.datetime.now(datetime.UTC).
  scan_end     = datetime.utcnow()

=== SCAN ALL: 97 pairs, 3 timeframes ===
Total signals generated: 0
