12:35:01 __main__ INFO: Volume filter: fetching all tickers in one call...
12:35:03 __main__ INFO: Volume filter: 99/447 pairs pass $2M threshold
/root/.openclaw/workspace/projects/crypto-liquidity-hunter/main.py:292: DeprecationWarning: datetime.datetime.utcnow() is deprecated and scheduled for removal in a future version. Use timezone-aware objects to represent datetimes in UTC: datetime.datetime.now(datetime.UTC).
  scan_start = datetime.utcnow()   # for duration tracking
12:35:04 core.binance_connector INFO: BinanceConnector: connected [LIVE FUTURES MAINNET]
12:35:04 __main__ INFO: Auto-executor: account 'Liquiddbot1' mode=live exec=auto
12:35:05 core.sweep_detector INFO: SweepDetector v2: 0 raw â†’ 0 confirmed (volâ‰Ą2.5Ă— bodyâ‰Ą30%)
12:35:05 core.sweep_detector INFO: OrderBlocks: 10 detected, 5 unmitigated
12:35:05 core.sweep_detector INFO: FVGs: 12 detected, 7 unfilled
12:35:07 core.sweep_detector INFO: SweepDetector v2: 2 raw â†’ 2 confirmed (volâ‰Ą2.5Ă— bodyâ‰Ą30%)
12:35:07 core.sweep_detector INFO: OrderBlocks: 4 detected, 1 unmitigated
12:35:07 core.sweep_detector INFO: FVGs: 10 detected, 2 unfilled
12:35:09 core.sweep_detector INFO: SweepDetector v2: 2 raw â†’ 2 confirmed (volâ‰Ą2.5Ă— bodyâ‰Ą30%)
12:35:09 core.sweep_detector INFO: OrderBlocks: 3 detected, 1 unmitigated
12:35:09 core.sweep_detector INFO: FVGs: 7 detected, 3 unfilled
12:35:10 core.sweep_detector INFO: SweepDetector v2: 1 raw â†’ 1 confirmed (volâ‰Ą2.5Ă— bodyâ‰Ą30%)
12:35:10 core.sweep_detector INFO: OrderBlocks: 8 detected, 2 unmitigated
12:35:11 core.sweep_detector INFO: FVGs: 11 detected, 5 unfilled
12:35:12 core.sweep_detector INFO: SweepDetector v2: 2 raw â†’ 1 confirmed (volâ‰Ą2.5Ă— bodyâ‰Ą30%)
12:35:12 core.sweep_detector INFO: OrderBlocks: 4 detected, 1 unmitigated
12:35:12 core.sweep_detector INFO: FVGs: 6 detected, 2 unfilled
12:35:14 core.sweep_detector INFO: SweepDetector v2: 2 raw â†’ 2 confirmed (volâ‰Ą2.5Ă— bodyâ‰Ą30%)
12:35:14 core.sweep_detector INFO: OrderBlocks: 5 detected, 3 unmitigated
12:35:14 core.sweep_detector INFO: FVGs: 8 detected, 5 unfilled
12:35:16 core.sweep_detector INFO: SweepDetector v2: 3 raw â†’ 2 confirmed (volâ‰Ą2.5Ă— bodyâ‰Ą30%)
12:35:16 core.sweep_detector INFO: OrderBlocks: 7 detected, 0 unmitigated
12:35:16 core.sweep_detector INFO: FVGs: 10 detected, 0 unfilled
12:35:18 core.sweep_detector INFO: SweepDetector v2: 1 raw â†’ 0 confirmed (volâ‰Ą2.5Ă— bodyâ‰Ą30%)
12:35:18 core.sweep_detector INFO: OrderBlocks: 3 detected, 1 unmitigated
12:35:18 core.sweep_detector INFO: FVGs: 10 detected, 2 unfilled
12:35:19 core.sweep_detector INFO: SweepDetector v2: 0 raw â†’ 0 confirmed (volâ‰Ą2.5Ă— bodyâ‰Ą30%)
12:35:19 core.sweep_detector INFO: OrderBlocks: 2 detected, 1 unmitigated
12:35:19 core.sweep_detector INFO: FVGs: 13 detected, 3 unfilled
12:35:21 core.sweep_detector INFO: SweepDetector v2: 2 raw â†’ 1 confirmed (volâ‰Ą2.5Ă— bodyâ‰Ą30%)
12:35:21 core.sweep_detector INFO: OrderBlocks: 7 detected, 3 unmitigated
12:35:21 core.sweep_detector INFO: FVGs: 8 detected, 3 unfilled
12:35:22 core.sweep_detector INFO: SweepDetector v2: 1 raw â†’ 1 confirmed (volâ‰Ą2.5Ă— bodyâ‰Ą30%)
12:35:22 core.sweep_detector INFO: OrderBlocks: 3 detected, 1 unmitigated
12:35:22 core.sweep_detector INFO: FVGs: 9 detected, 1 unfilled
12:35:24 core.sweep_detector INFO: SweepDetector v2: 1 raw â†’ 1 confirmed (volâ‰Ą2.5Ă— bodyâ‰Ą30%)
12:35:24 core.sweep_detector INFO: OrderBlocks: 2 detected, 1 unmitigated
12:35:24 core.sweep_detector INFO: FVGs: 6 detected, 1 unfilled
12:35:26 core.sweep_detector INFO: SweepDetector v2: 2 raw â†’ 1 confirmed (volâ‰Ą2.5Ă— bodyâ‰Ą30%)
12:35:26 core.sweep_detector INFO: OrderBlocks: 5 detected, 3 unmitigated
12:35:26 core.sweep_detector INFO: FVGs: 11 detected, 5 unfilled
12:35:27 core.sweep_detector INFO: SweepDetector v2: 1 raw â†’ 1 confirmed (volâ‰Ą2.5Ă— bodyâ‰Ą30%)
12:35:27 core.sweep_detector INFO: OrderBlocks: 5 detected, 1 unmitigated
12:35:27 core.sweep_detector INFO: FVGs: 11 detected, 4 unfilled
12:35:29 core.sweep_detector INFO: SweepDetector v2: 3 raw â†’ 3 confirmed (volâ‰Ą2.5Ă— bodyâ‰Ą30%)
12:35:29 core.sweep_detector INFO: OrderBlocks: 1 detected, 0 unmitigated
12:35:29 core.sweep_detector INFO: FVGs: 11 detected, 6 unfilled
12:35:31 core.sweep_detector INFO: SweepDetector v2: 5 raw â†’ 5 confirmed (volâ‰Ą2.5Ă— bodyâ‰Ą30%)
12:35:31 core.sweep_detector INFO: OrderBlocks: 1 detected, 0 unmitigated
12:35:31 core.sweep_detector INFO: FVGs: 3 detected, 1 unfilled
12:35:33 core.sweep_detector INFO: SweepDetector v2: 2 raw â†’ 2 confirmed (volâ‰Ą2.5Ă— bodyâ‰Ą30%)
12:35:33 core.sweep_detector INFO: OrderBlocks: 5 detected, 1 unmitigated
12:35:33 core.sweep_detector INFO: FVGs: 2 detected, 1 unfilled
12:35:34 core.sweep_detector INFO: SweepDetector v2: 1 raw â†’ 1 confirmed (volâ‰Ą2.5Ă— bodyâ‰Ą30%)
12:35:34 core.sweep_detector INFO: OrderBlocks: 2 detected, 0 unmitigated
12:35:34 core.sweep_detector INFO: FVGs: 4 detected, 1 unfilled
12:35:36 core.sweep_detector INFO: SweepDetector v2: 2 raw â†’ 1 confirmed (volâ‰Ą2.5Ă— bodyâ‰Ą30%)
12:35:36 core.sweep_detector INFO: OrderBlocks: 7 detected, 3 unmitigated
12:35:36 core.sweep_detector INFO: FVGs: 9 detected, 4 unfilled
12:35:37 core.sweep_detector INFO: SweepDetector v2: 1 raw â†’ 0 confirmed (volâ‰Ą2.5Ă— bodyâ‰Ą30%)
12:35:37 core.sweep_detector INFO: OrderBlocks: 4 detected, 1 unmitigated
12:35:37 core.sweep_detector INFO: FVGs: 2 detected, 0 unfilled
12:35:39 core.sweep_detector INFO: SweepDetector v2: 2 raw â†’ 2 confirmed (volâ‰Ą2.5Ă— bodyâ‰Ą30%)
12:35:39 core.sweep_detector INFO: OrderBlocks: 6 detected, 2 unmitigated
12:35:39 core.sweep_detector INFO: FVGs: 10 detected, 3 unfilled
12:35:41 core.sweep_detector INFO: SweepDetector v2: 2 raw â†’ 2 confirmed (volâ‰Ą2.5Ă— bodyâ‰Ą30%)
12:35:41 core.sweep_detector INFO: OrderBlocks: 4 detected, 2 unmitigated
12:35:41 core.sweep_detector INFO: FVGs: 14 detected, 7 unfilled
12:35:43 core.sweep_detector INFO: SweepDetector v2: 1 raw â†’ 1 confirmed (volâ‰Ą2.5Ă— bodyâ‰Ą30%)
12:35:43 core.sweep_detector INFO: OrderBlocks: 5 detected, 2 unmitigated
12:35:43 core.sweep_detector INFO: FVGs: 9 detected, 4 unfilled
12:35:45 core.sweep_detector INFO: SweepDetector v2: 2 raw â†’ 2 confirmed (volâ‰Ą2.5Ă— bodyâ‰Ą30%)
12:35:45 core.sweep_detector INFO: OrderBlocks: 2 detected, 2 unmitigated
12:35:45 core.sweep_detector INFO: FVGs: 9 detected, 4 unfilled
12:35:47 core.sweep_detector INFO: SweepDetector v2: 2 raw â†’ 2 confirmed (volâ‰Ą2.5Ă— bodyâ‰Ą30%)
12:35:47 core.sweep_detector INFO: OrderBlocks: 6 detected, 0 unmitigated
12:35:47 core.sweep_detector INFO: FVGs: 4 detected, 0 unfilled
12:35:48 core.sweep_detector INFO: SweepDetector v2: 1 raw â†’ 1 confirmed (volâ‰Ą2.5Ă— bodyâ‰Ą30%)
12:35:48 core.sweep_detector INFO: OrderBlocks: 4 detected, 0 unmitigated
12:35:48 core.sweep_detector INFO: FVGs: 11 detected, 1 unfilled
12:35:50 core.sweep_detector INFO: SweepDetector v2: 1 raw â†’ 0 confirmed (volâ‰Ą2.5Ă— bodyâ‰Ą30%)
12:35:50 core.sweep_detector INFO: OrderBlocks: 2 detected, 0 unmitigated
12:35:50 core.sweep_detector INFO: FVGs: 7 detected, 1 unfilled
12:35:52 core.sweep_detector INFO: SweepDetector v2: 1 raw â†’ 1 confirmed (volâ‰Ą2.5Ă— bodyâ‰Ą30%)
12:35:52 core.sweep_detector INFO: OrderBlocks: 4 detected, 0 unmitigated
12:35:52 core.sweep_detector INFO: FVGs: 8 detected, 3 unfilled
12:35:54 core.sweep_detector INFO: SweepDetector v2: 0 raw â†’ 0 confirmed (volâ‰Ą2.5Ă— bodyâ‰Ą30%)
12:35:54 core.sweep_detector INFO: OrderBlocks: 3 detected, 3 unmitigated
12:35:54 core.sweep_detector INFO: FVGs: 7 detected, 4 unfilled
12:35:56 core.sweep_detector INFO: SweepDetector v2: 0 raw â†’ 0 confirmed (volâ‰Ą2.5Ă— bodyâ‰Ą30%)
12:35:56 core.sweep_detector INFO: OrderBlocks: 9 detected, 6 unmitigated
12:35:56 core.sweep_detector INFO: FVGs: 10 detected, 4 unfilled
12:35:58 core.sweep_detector INFO: SweepDetector v2: 4 raw â†’ 4 confirmed (volâ‰Ą2.5Ă— bodyâ‰Ą30%)
12:35:58 core.sweep_detector INFO: OrderBlocks: 2 detected, 2 unmitigated
12:35:58 core.sweep_detector INFO: FVGs: 12 detected, 3 unfilled
12:35:59 core.sweep_detector INFO: SweepDetector v2: 1 raw â†’ 1 confirmed (volâ‰Ą2.5Ă— bodyâ‰Ą30%)
12:35:59 core.sweep_detector INFO: OrderBlocks: 7 detected, 1 unmitigated
12:35:59 core.sweep_detector INFO: FVGs: 11 detected, 0 unfilled
12:36:01 core.sweep_detector INFO: SweepDetector v2: 2 raw â†’ 1 confirmed (volâ‰Ą2.5Ă— bodyâ‰Ą30%)
12:36:01 core.sweep_detector INFO: OrderBlocks: 8 detected, 4 unmitigated
12:36:01 core.sweep_detector INFO: FVGs: 10 detected, 4 unfilled
12:36:03 core.sweep_detector INFO: SweepDetector v2: 0 raw â†’ 0 confirmed (volâ‰Ą2.5Ă— bodyâ‰Ą30%)
12:36:03 core.sweep_detector INFO: OrderBlocks: 3 detected, 1 unmitigated
12:36:03 core.sweep_detector INFO: FVGs: 6 detected, 1 unfilled
12:36:04 core.sweep_detector INFO: SweepDetector v2: 3 raw â†’ 3 confirmed (volâ‰Ą2.5Ă— bodyâ‰Ą30%)
12:36:04 core.sweep_detector INFO: OrderBlocks: 1 detected, 1 unmitigated
12:36:04 core.sweep_detector INFO: FVGs: 5 detected, 2 unfilled
12:36:06 core.sweep_detector INFO: SweepDetector v2: 2 raw â†’ 2 confirmed (volâ‰Ą2.5Ă— bodyâ‰Ą30%)
12:36:06 core.sweep_detector INFO: OrderBlocks: 3 detected, 1 unmitigated
12:36:06 core.sweep_detector INFO: FVGs: 5 detected, 2 unfilled
12:36:08 core.sweep_detector INFO: SweepDetector v2: 0 raw â†’ 0 confirmed (volâ‰Ą2.5Ă— bodyâ‰Ą30%)
12:36:08 core.sweep_detector INFO: OrderBlocks: 0 detected, 0 unmitigated
12:36:08 core.sweep_detector INFO: FVGs: 0 detected, 0 unfilled
12:36:10 core.sweep_detector INFO: SweepDetector v2: 0 raw â†’ 0 confirmed (volâ‰Ą2.5Ă— bodyâ‰Ą30%)
12:36:10 core.sweep_detector INFO: OrderBlocks: 0 detected, 0 unmitigated
12:36:10 core.sweep_detector INFO: FVGs: 0 detected, 0 unfilled
12:36:12 core.sweep_detector INFO: SweepDetector v2: 0 raw â†’ 0 confirmed (volâ‰Ą2.5Ă— bodyâ‰Ą30%)
12:36:12 core.sweep_detector INFO: OrderBlocks: 0 detected, 0 unmitigated
12:36:12 core.sweep_detector INFO: FVGs: 0 detected, 0 unfilled
12:36:13 core.sweep_detector INFO: SweepDetector v2: 1 raw â†’ 1 confirmed (volâ‰Ą2.5Ă— bodyâ‰Ą30%)
12:36:13 core.sweep_detector INFO: OrderBlocks: 8 detected, 6 unmitigated
12:36:13 core.sweep_detector INFO: FVGs: 10 detected, 5 unfilled
12:36:15 core.sweep_detector INFO: SweepDetector v2: 1 raw â†’ 1 confirmed (volâ‰Ą2.5Ă— bodyâ‰Ą30%)
12:36:15 core.sweep_detector INFO: OrderBlocks: 5 detected, 1 unmitigated
12:36:15 core.sweep_detector INFO: FVGs: 5 detected, 1 unfilled
12:36:17 core.sweep_detector INFO: SweepDetector v2: 1 raw â†’ 1 confirmed (volâ‰Ą2.5Ă— bodyâ‰Ą30%)
12:36:17 core.sweep_detector INFO: OrderBlocks: 2 detected, 0 unmitigated
12:36:17 core.sweep_detector INFO: FVGs: 5 detected, 3 unfilled
12:36:19 core.sweep_detector INFO: SweepDetector v2: 1 raw â†’ 1 confirmed (volâ‰Ą2.5Ă— bodyâ‰Ą30%)
12:36:19 core.sweep_detector INFO: OrderBlocks: 7 detected, 2 unmitigated
12:36:19 core.sweep_detector INFO: FVGs: 7 detected, 3 unfilled
12:36:20 core.sweep_detector INFO: SweepDetector v2: 1 raw â†’ 1 confirmed (volâ‰Ą2.5Ă— bodyâ‰Ą30%)
12:36:20 core.sweep_detector INFO: OrderBlocks: 2 detected, 1 unmitigated
12:36:20 core.sweep_detector INFO: FVGs: 10 detected, 2 unfilled
12:36:22 core.sweep_detector INFO: SweepDetector v2: 1 raw â†’ 1 confirmed (volâ‰Ą2.5Ă— bodyâ‰Ą30%)
12:36:22 core.sweep_detector INFO: OrderBlocks: 3 detected, 0 unmitigated
12:36:22 core.sweep_detector INFO: FVGs: 8 detected, 4 unfilled
12:36:25 core.sweep_detector INFO: SweepDetector v2: 0 raw â†’ 0 confirmed (volâ‰Ą2.5Ă— bodyâ‰Ą30%)
12:36:25 core.sweep_detector INFO: OrderBlocks: 6 detected, 4 unmitigated
12:36:25 core.sweep_detector INFO: FVGs: 7 detected, 3 unfilled
12:36:27 core.sweep_detector INFO: SweepDetector v2: 2 raw â†’ 1 confirmed (volâ‰Ą2.5Ă— bodyâ‰Ą30%)
12:36:27 core.sweep_detector INFO: OrderBlocks: 2 detected, 0 unmitigated
12:36:27 core.sweep_detector INFO: FVGs: 10 detected, 2 unfilled
12:36:28 core.sweep_detector INFO: SweepDetector v2: 1 raw â†’ 1 confirmed (volâ‰Ą2.5Ă— bodyâ‰Ą30%)
12:36:28 core.sweep_detector INFO: OrderBlocks: 2 detected, 0 unmitigated
12:36:28 core.sweep_detector INFO: FVGs: 4 detected, 2 unfilled
12:36:30 core.sweep_detector INFO: SweepDetector v2: 7 raw â†’ 5 confirmed (volâ‰Ą2.5Ă— bodyâ‰Ą30%)
12:36:30 core.sweep_detector INFO: OrderBlocks: 4 detected, 2 unmitigated
12:36:30 core.sweep_detector INFO: FVGs: 10 detected, 4 unfilled
12:36:32 core.sweep_detector INFO: SweepDetector v2: 4 raw â†’ 2 confirmed (volâ‰Ą2.5Ă— bodyâ‰Ą30%)
12:36:32 core.sweep_detector INFO: OrderBlocks: 5 detected, 2 unmitigated
12:36:32 core.sweep_detector INFO: FVGs: 9 detected, 2 unfilled
12:36:34 core.sweep_detector INFO: SweepDetector v2: 0 raw â†’ 0 confirmed (volâ‰Ą2.5Ă— bodyâ‰Ą30%)
12:36:34 core.sweep_detector INFO: OrderBlocks: 4 detected, 2 unmitigated
12:36:34 core.sweep_detector INFO: FVGs: 9 detected, 4 unfilled
12:36:35 core.sweep_detector INFO: SweepDetector v2: 1 raw â†’ 1 confirmed (volâ‰Ą2.5Ă— bodyâ‰Ą30%)
12:36:35 core.sweep_detector INFO: OrderBlocks: 8 detected, 3 unmitigated
12:36:35 core.sweep_detector INFO: FVGs: 12 detected, 3 unfilled
12:36:37 core.sweep_detector INFO: SweepDetector v2: 2 raw â†’ 1 confirmed (volâ‰Ą2.5Ă— bodyâ‰Ą30%)
12:36:37 core.sweep_detector INFO: OrderBlocks: 7 detected, 0 unmitigated
12:36:37 core.sweep_detector INFO: FVGs: 7 detected, 3 unfilled
12:36:39 core.sweep_detector INFO: SweepDetector v2: 2 raw â†’ 2 confirmed (volâ‰Ą2.5Ă— bodyâ‰Ą30%)
12:36:39 core.sweep_detector INFO: OrderBlocks: 4 detected, 3 unmitigated
12:36:39 core.sweep_detector INFO: FVGs: 4 detected, 3 unfilled
12:36:40 core.sweep_detector INFO: SweepDetector v2: 0 raw â†’ 0 confirmed (volâ‰Ą2.5Ă— bodyâ‰Ą30%)
12:36:40 core.sweep_detector INFO: OrderBlocks: 6 detected, 3 unmitigated
12:36:40 core.sweep_detector INFO: FVGs: 5 detected, 4 unfilled
12:36:42 core.sweep_detector INFO: SweepDetector v2: 1 raw â†’ 1 confirmed (volâ‰Ą2.5Ă— bodyâ‰Ą30%)
12:36:42 core.sweep_detector INFO: OrderBlocks: 6 detected, 2 unmitigated
12:36:42 core.sweep_detector INFO: FVGs: 3 detected, 3 unfilled
12:36:44 core.sweep_detector INFO: SweepDetector v2: 1 raw â†’ 0 confirmed (volâ‰Ą2.5Ă— bodyâ‰Ą30%)
12:36:44 core.sweep_detector INFO: OrderBlocks: 7 detected, 1 unmitigated
12:36:44 core.sweep_detector INFO: FVGs: 8 detected, 4 unfilled
12:36:45 core.sweep_detector INFO: SweepDetector v2: 1 raw â†’ 0 confirmed (volâ‰Ą2.5Ă— bodyâ‰Ą30%)
12:36:45 core.sweep_detector INFO: OrderBlocks: 2 detected, 2 unmitigated
12:36:45 core.sweep_detector INFO: FVGs: 7 detected, 6 unfilled
12:36:47 core.sweep_detector INFO: SweepDetector v2: 1 raw â†’ 0 confirmed (volâ‰Ą2.5Ă— bodyâ‰Ą30%)
12:36:47 core.sweep_detector INFO: OrderBlocks: 6 detected, 3 unmitigated
12:36:47 core.sweep_detector INFO: FVGs: 6 detected, 4 unfilled
12:36:49 core.sweep_detector INFO: SweepDetector v2: 2 raw â†’ 1 confirmed (volâ‰Ą2.5Ă— bodyâ‰Ą30%)
12:36:49 core.sweep_detector INFO: OrderBlocks: 11 detected, 1 unmitigated
12:36:49 core.sweep_detector INFO: FVGs: 8 detected, 1 unfilled
12:36:50 core.sweep_detector INFO: SweepDetector v2: 0 raw â†’ 0 confirmed (volâ‰Ą2.5Ă— bodyâ‰Ą30%)
12:36:50 core.sweep_detector INFO: OrderBlocks: 6 detected, 2 unmitigated
12:36:50 core.sweep_detector INFO: FVGs: 11 detected, 7 unfilled
12:36:52 core.sweep_detector INFO: SweepDetector v2: 3 raw â†’ 2 confirmed (volâ‰Ą2.5Ă— bodyâ‰Ą30%)
12:36:52 core.sweep_detector INFO: OrderBlocks: 6 detected, 1 unmitigated
12:36:52 core.sweep_detector INFO: FVGs: 14 detected, 5 unfilled
12:36:53 core.sweep_detector INFO: SweepDetector v2: 0 raw â†’ 0 confirmed (volâ‰Ą2.5Ă— bodyâ‰Ą30%)
12:36:54 core.sweep_detector INFO: OrderBlocks: 5 detected, 1 unmitigated
12:36:54 core.sweep_detector INFO: FVGs: 7 detected, 3 unfilled
12:36:55 core.sweep_detector INFO: SweepDetector v2: 0 raw â†’ 0 confirmed (volâ‰Ą2.5Ă— bodyâ‰Ą30%)
12:36:55 core.sweep_detector INFO: OrderBlocks: 9 detected, 2 unmitigated
12:36:55 core.sweep_detector INFO: FVGs: 16 detected, 4 unfilled
12:36:57 core.sweep_detector INFO: SweepDetector v2: 3 raw â†’ 2 confirmed (volâ‰Ą2.5Ă— bodyâ‰Ą30%)
12:36:57 core.sweep_detector INFO: OrderBlocks: 3 detected, 1 unmitigated
12:36:57 core.sweep_detector INFO: FVGs: 11 detected, 3 unfilled
12:36:58 core.sweep_detector INFO: SweepDetector v2: 2 raw â†’ 2 confirmed (volâ‰Ą2.5Ă— bodyâ‰Ą30%)
12:36:59 core.sweep_detector INFO: OrderBlocks: 3 detected, 2 unmitigated
12:36:59 core.sweep_detector INFO: FVGs: 6 detected, 5 unfilled
12:37:00 core.sweep_detector INFO: SweepDetector v2: 4 raw â†’ 2 confirmed (volâ‰Ą2.5Ă— bodyâ‰Ą30%)
12:37:00 core.sweep_detector INFO: OrderBlocks: 5 detected, 2 unmitigated
12:37:00 core.sweep_detector INFO: FVGs: 10 detected, 3 unfilled
12:37:02 core.sweep_detector INFO: SweepDetector v2: 5 raw â†’ 4 confirmed (volâ‰Ą2.5Ă— bodyâ‰Ą30%)
12:37:02 core.sweep_detector INFO: OrderBlocks: 6 detected, 2 unmitigated
12:37:02 core.sweep_detector INFO: FVGs: 12 detected, 5 unfilled
12:37:03 core.sweep_detector INFO: SweepDetector v2: 3 raw â†’ 2 confirmed (volâ‰Ą2.5Ă— bodyâ‰Ą30%)
12:37:04 core.sweep_detector INFO: OrderBlocks: 9 detected, 6 unmitigated
12:37:04 core.sweep_detector INFO: FVGs: 12 detected, 9 unfilled
12:37:05 core.sweep_detector INFO: SweepDetector v2: 3 raw â†’ 2 confirmed (volâ‰Ą2.5Ă— bodyâ‰Ą30%)
12:37:05 core.sweep_detector INFO: OrderBlocks: 5 detected, 2 unmitigated
12:37:05 core.sweep_detector INFO: FVGs: 4 detected, 1 unfilled
12:37:07 core.sweep_detector INFO: SweepDetector v2: 2 raw â†’ 1 confirmed (volâ‰Ą2.5Ă— bodyâ‰Ą30%)
12:37:07 core.sweep_detector INFO: OrderBlocks: 4 detected, 0 unmitigated
12:37:07 core.sweep_detector INFO: FVGs: 9 detected, 2 unfilled
12:37:08 core.sweep_detector INFO: SweepDetector v2: 0 raw â†’ 0 confirmed (volâ‰Ą2.5Ă— bodyâ‰Ą30%)
12:37:08 core.sweep_detector INFO: OrderBlocks: 5 detected, 2 unmitigated
12:37:08 core.sweep_detector INFO: FVGs: 4 detected, 2 unfilled
12:37:10 core.sweep_detector INFO: SweepDetector v2: 1 raw â†’ 1 confirmed (volâ‰Ą2.5Ă— bodyâ‰Ą30%)
12:37:10 core.sweep_detector INFO: OrderBlocks: 8 detected, 1 unmitigated
12:37:10 core.sweep_detector INFO: FVGs: 8 detected, 2 unfilled
12:37:12 core.sweep_detector INFO: SweepDetector v2: 0 raw â†’ 0 confirmed (volâ‰Ą2.5Ă— bodyâ‰Ą30%)
12:37:12 core.sweep_detector INFO: OrderBlocks: 8 detected, 5 unmitigated
12:37:12 core.sweep_detector INFO: FVGs: 9 detected, 3 unfilled
12:37:14 core.sweep_detector INFO: SweepDetector v2: 0 raw â†’ 0 confirmed (volâ‰Ą2.5Ă— bodyâ‰Ą30%)
12:37:14 core.sweep_detector INFO: OrderBlocks: 6 detected, 2 unmitigated
12:37:14 core.sweep_detector INFO: FVGs: 12 detected, 5 unfilled
12:37:15 core.sweep_detector INFO: SweepDetector v2: 0 raw â†’ 0 confirmed (volâ‰Ą2.5Ă— bodyâ‰Ą30%)
12:37:15 core.sweep_detector INFO: OrderBlocks: 8 detected, 3 unmitigated
12:37:15 core.sweep_detector INFO: FVGs: 11 detected, 2 unfilled
12:37:17 core.sweep_detector INFO: SweepDetector v2: 4 raw â†’ 3 confirmed (volâ‰Ą2.5Ă— bodyâ‰Ą30%)
12:37:17 core.sweep_detector INFO: OrderBlocks: 3 detected, 1 unmitigated
12:37:17 core.sweep_detector INFO: FVGs: 11 detected, 1 unfilled
12:37:19 core.sweep_detector INFO: SweepDetector v2: 1 raw â†’ 1 confirmed (volâ‰Ą2.5Ă— bodyâ‰Ą30%)
12:37:19 core.sweep_detector INFO: OrderBlocks: 4 detected, 1 unmitigated
12:37:19 core.sweep_detector INFO: FVGs: 4 detected, 1 unfilled
12:37:21 core.sweep_detector INFO: SweepDetector v2: 1 raw â†’ 0 confirmed (volâ‰Ą2.5Ă— bodyâ‰Ą30%)
12:37:21 core.sweep_detector INFO: OrderBlocks: 4 detected, 1 unmitigated
12:37:21 core.sweep_detector INFO: FVGs: 9 detected, 2 unfilled
12:37:23 core.sweep_detector INFO: SweepDetector v2: 3 raw â†’ 3 confirmed (volâ‰Ą2.5Ă— bodyâ‰Ą30%)
12:37:23 core.sweep_detector INFO: OrderBlocks: 3 detected, 0 unmitigated
12:37:23 core.sweep_detector INFO: FVGs: 7 detected, 1 unfilled
12:37:25 core.sweep_detector INFO: SweepDetector v2: 2 raw â†’ 2 confirmed (volâ‰Ą2.5Ă— bodyâ‰Ą30%)
12:37:25 core.sweep_detector INFO: OrderBlocks: 5 detected, 1 unmitigated
12:37:25 core.sweep_detector INFO: FVGs: 9 detected, 4 unfilled
12:37:26 core.sweep_detector INFO: SweepDetector v2: 2 raw â†’ 2 confirmed (volâ‰Ą2.5Ă— bodyâ‰Ą30%)
12:37:26 core.sweep_detector INFO: OrderBlocks: 9 detected, 3 unmitigated
12:37:26 core.sweep_detector INFO: FVGs: 16 detected, 5 unfilled
12:37:28 core.sweep_detector INFO: SweepDetector v2: 1 raw â†’ 1 confirmed (volâ‰Ą2.5Ă— bodyâ‰Ą30%)
12:37:28 core.sweep_detector INFO: OrderBlocks: 9 detected, 3 unmitigated
12:37:28 core.sweep_detector INFO: FVGs: 10 detected, 4 unfilled
12:37:30 core.sweep_detector INFO: SweepDetector v2: 2 raw â†’ 2 confirmed (volâ‰Ą2.5Ă— bodyâ‰Ą30%)
12:37:30 core.sweep_detector INFO: OrderBlocks: 3 detected, 1 unmitigated
12:37:30 core.sweep_detector INFO: FVGs: 14 detected, 2 unfilled
12:37:32 core.sweep_detector INFO: SweepDetector v2: 1 raw â†’ 1 confirmed (volâ‰Ą2.5Ă— bodyâ‰Ą30%)
12:37:32 core.sweep_detector INFO: OrderBlocks: 5 detected, 3 unmitigated
12:37:32 core.sweep_detector INFO: FVGs: 11 detected, 3 unfilled
12:37:33 core.sweep_detector INFO: SweepDetector v2: 4 raw â†’ 3 confirmed (volâ‰Ą2.5Ă— bodyâ‰Ą30%)
12:37:33 core.sweep_detector INFO: OrderBlocks: 5 detected, 0 unmitigated
12:37:33 core.sweep_detector INFO: FVGs: 7 detected, 3 unfilled
12:37:35 core.sweep_detector INFO: SweepDetector v2: 5 raw â†’ 3 confirmed (volâ‰Ą2.5Ă— bodyâ‰Ą30%)
12:37:35 core.sweep_detector INFO: OrderBlocks: 0 detected, 0 unmitigated
12:37:35 core.sweep_detector INFO: FVGs: 6 detected, 2 unfilled
12:37:37 core.sweep_detector INFO: SweepDetector v2: 2 raw â†’ 1 confirmed (volâ‰Ą2.5Ă— bodyâ‰Ą30%)
12:37:37 core.sweep_detector INFO: OrderBlocks: 5 detected, 0 unmitigated
12:37:37 core.sweep_detector INFO: FVGs: 6 detected, 0 unfilled
12:37:38 core.sweep_detector INFO: SweepDetector v2: 1 raw â†’ 0 confirmed (volâ‰Ą2.5Ă— bodyâ‰Ą30%)
12:37:39 core.sweep_detector INFO: OrderBlocks: 4 detected, 2 unmitigated
12:37:39 core.sweep_detector INFO: FVGs: 9 detected, 0 unfilled
12:37:40 core.sweep_detector INFO: SweepDetector v2: 4 raw â†’ 2 confirmed (volâ‰Ą2.5Ă— bodyâ‰Ą30%)
12:37:40 core.sweep_detector INFO: OrderBlocks: 3 detected, 0 unmitigated
12:37:40 core.sweep_detector INFO: FVGs: 7 detected, 0 unfilled
12:37:42 core.sweep_detector INFO: SweepDetector v2: 2 raw â†’ 1 confirmed (volâ‰Ą2.5Ă— bodyâ‰Ą30%)
12:37:42 core.sweep_detector INFO: OrderBlocks: 5 detected, 1 unmitigated
12:37:42 core.sweep_detector INFO: FVGs: 8 detected, 4 unfilled
12:37:44 core.sweep_detector INFO: SweepDetector v2: 2 raw â†’ 2 confirmed (volâ‰Ą2.5Ă— bodyâ‰Ą30%)
12:37:44 core.sweep_detector INFO: OrderBlocks: 3 detected, 1 unmitigated
12:37:44 core.sweep_detector INFO: FVGs: 13 detected, 4 unfilled
12:37:45 core.sweep_detector INFO: SweepDetector v2: 1 raw â†’ 1 confirmed (volâ‰Ą2.5Ă— bodyâ‰Ą30%)
12:37:45 core.sweep_detector INFO: OrderBlocks: 3 detected, 0 unmitigated
12:37:45 core.sweep_detector INFO: FVGs: 14 detected, 7 unfilled
12:37:47 core.sweep_detector INFO: SweepDetector v2: 2 raw â†’ 1 confirmed (volâ‰Ą2.5Ă— bodyâ‰Ą30%)
12:37:47 core.sweep_detector INFO: OrderBlocks: 6 detected, 2 unmitigated
12:37:47 core.sweep_detector INFO: FVGs: 10 detected, 5 unfilled
12:37:49 core.sweep_detector INFO: SweepDetector v2: 3 raw â†’ 1 confirmed (volâ‰Ą2.5Ă— bodyâ‰Ą30%)
12:37:49 core.sweep_detector INFO: OrderBlocks: 4 detected, 1 unmitigated
12:37:49 core.sweep_detector INFO: FVGs: 11 detected, 3 unfilled
12:37:50 core.sweep_detector INFO: SweepDetector v2: 2 raw â†’ 2 confirmed (volâ‰Ą2.5Ă— bodyâ‰Ą30%)
12:37:50 core.sweep_detector INFO: OrderBlocks: 3 detected, 3 unmitigated
12:37:50 core.sweep_detector INFO: FVGs: 5 detected, 5 unfilled
12:37:53 core.sweep_detector INFO: SweepDetector v2: 0 raw â†’ 0 confirmed (volâ‰Ą2.5Ă— bodyâ‰Ą30%)
12:37:53 core.sweep_detector INFO: OrderBlocks: 2 detected, 2 unmitigated
12:37:53 core.sweep_detector INFO: FVGs: 11 detected, 6 unfilled
12:37:58 core.sweep_detector INFO: SweepDetector v2: 2 raw â†’ 2 confirmed (volâ‰Ą2.5Ă— bodyâ‰Ą30%)
12:37:58 core.sweep_detector INFO: OrderBlocks: 3 detected, 0 unmitigated
12:37:58 core.sweep_detector INFO: FVGs: 3 detected, 1 unfilled
12:38:02 core.sweep_detector INFO: SweepDetector v2: 1 raw â†’ 1 confirmed (volâ‰Ą2.5Ă— bodyâ‰Ą30%)
12:38:02 core.sweep_detector INFO: OrderBlocks: 2 detected, 0 unmitigated
12:38:02 core.sweep_detector INFO: FVGs: 11 detected, 4 unfilled
12:38:03 core.sweep_detector INFO: SweepDetector v2: 0 raw â†’ 0 confirmed (volâ‰Ą2.5Ă— bodyâ‰Ą30%)
12:38:03 core.sweep_detector INFO: OrderBlocks: 5 detected, 1 unmitigated
12:38:03 core.sweep_detector INFO: FVGs: 0 detected, 0 unfilled
12:38:05 core.sweep_detector INFO: SweepDetector v2: 0 raw â†’ 0 confirmed (volâ‰Ą2.5Ă— bodyâ‰Ą30%)
12:38:05 core.sweep_detector INFO: OrderBlocks: 4 detected, 1 unmitigated
12:38:05 core.sweep_detector INFO: FVGs: 1 detected, 1 unfilled
12:38:06 core.sweep_detector INFO: SweepDetector v2: 0 raw â†’ 0 confirmed (volâ‰Ą2.5Ă— bodyâ‰Ą30%)
12:38:06 core.sweep_detector INFO: OrderBlocks: 3 detected, 1 unmitigated
12:38:06 core.sweep_detector INFO: FVGs: 0 detected, 0 unfilled
12:38:08 core.sweep_detector INFO: SweepDetector v2: 0 raw â†’ 0 confirmed (volâ‰Ą2.5Ă— bodyâ‰Ą30%)
12:38:08 core.sweep_detector INFO: OrderBlocks: 0 detected, 0 unmitigated
12:38:08 core.sweep_detector INFO: FVGs: 0 detected, 0 unfilled
12:38:10 core.sweep_detector INFO: SweepDetector v2: 0 raw â†’ 0 confirmed (volâ‰Ą2.5Ă— bodyâ‰Ą30%)
12:38:10 core.sweep_detector INFO: OrderBlocks: 1 detected, 1 unmitigated
12:38:10 core.sweep_detector INFO: FVGs: 0 detected, 0 unfilled
12:38:11 core.sweep_detector INFO: SweepDetector v2: 0 raw â†’ 0 confirmed (volâ‰Ą2.5Ă— bodyâ‰Ą30%)
12:38:11 core.sweep_detector INFO: OrderBlocks: 0 detected, 0 unmitigated
12:38:11 core.sweep_detector INFO: FVGs: 0 detected, 0 unfilled
12:38:13 core.sweep_detector INFO: SweepDetector v2: 0 raw â†’ 0 confirmed (volâ‰Ą2.5Ă— bodyâ‰Ą30%)
12:38:13 core.sweep_detector INFO: OrderBlocks: 6 detected, 2 unmitigated
12:38:13 core.sweep_detector INFO: FVGs: 13 detected, 4 unfilled
12:38:15 core.sweep_detector INFO: SweepDetector v2: 1 raw â†’ 1 confirmed (volâ‰Ą2.5Ă— bodyâ‰Ą30%)
12:38:15 core.sweep_detector INFO: OrderBlocks: 3 detected, 1 unmitigated
12:38:15 core.sweep_detector INFO: FVGs: 11 detected, 3 unfilled
12:38:17 core.sweep_detector INFO: SweepDetector v2: 2 raw â†’ 2 confirmed (volâ‰Ą2.5Ă— bodyâ‰Ą30%)
12:38:17 core.sweep_detector INFO: OrderBlocks: 5 detected, 2 unmitigated
12:38:17 core.sweep_detector INFO: FVGs: 7 detected, 3 unfilled
12:38:18 core.sweep_detector INFO: SweepDetector v2: 0 raw â†’ 0 confirmed (volâ‰Ą2.5Ă— bodyâ‰Ą30%)
12:38:18 core.sweep_detector INFO: OrderBlocks: 8 detected, 4 unmitigated
12:38:18 core.sweep_detector INFO: FVGs: 10 detected, 5 unfilled
12:38:20 core.sweep_detector INFO: SweepDetector v2: 2 raw â†’ 1 confirmed (volâ‰Ą2.5Ă— bodyâ‰Ą30%)
12:38:20 core.sweep_detector INFO: OrderBlocks: 4 detected, 0 unmitigated
12:38:20 core.sweep_detector INFO: FVGs: 11 detected, 3 unfilled
12:38:22 core.sweep_detector INFO: SweepDetector v2: 2 raw â†’ 2 confirmed (volâ‰Ą2.5Ă— bodyâ‰Ą30%)
12:38:22 core.sweep_detector INFO: OrderBlocks: 2 detected, 0 unmitigated
12:38:22 core.sweep_detector INFO: FVGs: 11 detected, 6 unfilled
12:38:24 core.sweep_detector INFO: SweepDetector v2: 0 raw â†’ 0 confirmed (volâ‰Ą2.5Ă— bodyâ‰Ą30%)
12:38:24 core.sweep_detector INFO: OrderBlocks: 8 detected, 3 unmitigated
12:38:24 core.sweep_detector INFO: FVGs: 12 detected, 4 unfilled
12:38:25 core.sweep_detector INFO: SweepDetector v2: 1 raw â†’ 1 confirmed (volâ‰Ą2.5Ă— bodyâ‰Ą30%)
12:38:25 core.sweep_detector INFO: OrderBlocks: 8 detected, 1 unmitigated
12:38:25 core.sweep_detector INFO: FVGs: 12 detected, 3 unfilled
12:38:27 core.sweep_detector INFO: SweepDetector v2: 4 raw â†’ 3 confirmed (volâ‰Ą2.5Ă— bodyâ‰Ą30%)
12:38:27 core.sweep_detector INFO: OrderBlocks: 2 detected, 1 unmitigated
12:38:27 core.sweep_detector INFO: FVGs: 8 detected, 3 unfilled
12:38:29 core.sweep_detector INFO: SweepDetector v2: 2 raw â†’ 2 confirmed (volâ‰Ą2.5Ă— bodyâ‰Ą30%)
12:38:29 core.sweep_detector INFO: OrderBlocks: 6 detected, 0 unmitigated
12:38:29 core.sweep_detector INFO: FVGs: 4 detected, 0 unfilled
12:38:30 core.sweep_detector INFO: SweepDetector v2: 6 raw â†’ 6 confirmed (volâ‰Ą2.5Ă— bodyâ‰Ą30%)
12:38:30 core.sweep_detector INFO: OrderBlocks: 2 detected, 0 unmitigated
12:38:30 core.sweep_detector INFO: FVGs: 9 detected, 0 unfilled
12:38:32 core.sweep_detector INFO: SweepDetector v2: 5 raw â†’ 4 confirmed (volâ‰Ą2.5Ă— bodyâ‰Ą30%)
12:38:32 core.sweep_detector INFO: OrderBlocks: 0 detected, 0 unmitigated
12:38:32 core.sweep_detector INFO: FVGs: 1 detected, 0 unfilled
12:38:34 core.sweep_detector INFO: SweepDetector v2: 1 raw â†’ 1 confirmed (volâ‰Ą2.5Ă— bodyâ‰Ą30%)
12:38:34 core.sweep_detector INFO: OrderBlocks: 7 detected, 4 unmitigated
12:38:34 core.sweep_detector INFO: FVGs: 9 detected, 3 unfilled
12:38:36 core.sweep_detector INFO: SweepDetector v2: 1 raw â†’ 1 confirmed (volâ‰Ą2.5Ă— bodyâ‰Ą30%)
12:38:36 core.sweep_detector INFO: OrderBlocks: 3 detected, 1 unmitigated
12:38:36 core.sweep_detector INFO: FVGs: 6 detected, 2 unfilled
12:38:40 core.sweep_detector INFO: SweepDetector v2: 1 raw â†’ 1 confirmed (volâ‰Ą2.5Ă— bodyâ‰Ą30%)
12:38:40 core.sweep_detector INFO: OrderBlocks: 4 detected, 1 unmitigated
12:38:40 core.sweep_detector INFO: FVGs: 9 detected, 2 unfilled
12:38:42 core.sweep_detector INFO: SweepDetector v2: 3 raw â†’ 2 confirmed (volâ‰Ą2.5Ă— bodyâ‰Ą30%)
12:38:42 core.sweep_detector INFO: OrderBlocks: 7 detected, 3 unmitigated
12:38:42 core.sweep_detector INFO: FVGs: 14 detected, 3 unfilled
12:38:43 core.sweep_detector INFO: SweepDetector v2: 2 raw â†’ 0 confirmed (volâ‰Ą2.5Ă— bodyâ‰Ą30%)
12:38:43 core.sweep_detector INFO: OrderBlocks: 8 detected, 3 unmitigated
12:38:43 core.sweep_detector INFO: FVGs: 14 detected, 3 unfilled
12:38:45 core.sweep_detector INFO: SweepDetector v2: 3 raw â†’ 0 confirmed (volâ‰Ą2.5Ă— bodyâ‰Ą30%)
12:38:45 core.sweep_detector INFO: OrderBlocks: 10 detected, 3 unmitigated
12:38:45 core.sweep_detector INFO: FVGs: 11 detected, 3 unfilled
12:38:47 core.sweep_detector INFO: SweepDetector v2: 2 raw â†’ 2 confirmed (volâ‰Ą2.5Ă— bodyâ‰Ą30%)
12:38:47 core.sweep_detector INFO: OrderBlocks: 10 detected, 3 unmitigated
12:38:47 core.sweep_detector INFO: FVGs: 8 detected, 3 unfilled
12:38:48 core.sweep_detector INFO: SweepDetector v2: 1 raw â†’ 1 confirmed (volâ‰Ą2.5Ă— bodyâ‰Ą30%)
12:38:48 core.sweep_detector INFO: OrderBlocks: 2 detected, 0 unmitigated
12:38:48 core.sweep_detector INFO: FVGs: 10 detected, 3 unfilled
12:38:50 core.sweep_detector INFO: SweepDetector v2: 4 raw â†’ 3 confirmed (volâ‰Ą2.5Ă— bodyâ‰Ą30%)
12:38:50 core.sweep_detector INFO: OrderBlocks: 3 detected, 0 unmitigated
12:38:50 core.sweep_detector INFO: FVGs: 8 detected, 3 unfilled
12:38:52 core.sweep_detector INFO: SweepDetector v2: 1 raw â†’ 1 confirmed (volâ‰Ą2.5Ă— bodyâ‰Ą30%)
12:38:52 core.sweep_detector INFO: OrderBlocks: 7 detected, 2 unmitigated
12:38:52 core.sweep_detector INFO: FVGs: 9 detected, 4 unfilled
12:38:54 core.sweep_detector INFO: SweepDetector v2: 2 raw â†’ 2 confirmed (volâ‰Ą2.5Ă— bodyâ‰Ą30%)
12:38:54 core.sweep_detector INFO: OrderBlocks: 5 detected, 1 unmitigated
12:38:54 core.sweep_detector INFO: FVGs: 13 detected, 5 unfilled
12:38:56 core.sweep_detector INFO: SweepDetector v2: 3 raw â†’ 3 confirmed (volâ‰Ą2.5Ă— bodyâ‰Ą30%)
12:38:56 core.sweep_detector INFO: OrderBlocks: 4 detected, 1 unmitigated
12:38:56 core.sweep_detector INFO: FVGs: 10 detected, 7 unfilled
12:38:58 core.sweep_detector INFO: SweepDetector v2: 2 raw â†’ 1 confirmed (volâ‰Ą2.5Ă— bodyâ‰Ą30%)
12:38:58 core.sweep_detector INFO: OrderBlocks: 3 detected, 0 unmitigated
12:38:58 core.sweep_detector INFO: FVGs: 7 detected, 1 unfilled
12:39:00 core.sweep_detector INFO: SweepDetector v2: 0 raw â†’ 0 confirmed (volâ‰Ą2.5Ă— bodyâ‰Ą30%)
12:39:00 core.sweep_detector INFO: OrderBlocks: 9 detected, 3 unmitigated
12:39:00 core.sweep_detector INFO: FVGs: 8 detected, 3 unfilled
12:39:01 core.sweep_detector INFO: SweepDetector v2: 1 raw â†’ 1 confirmed (volâ‰Ą2.5Ă— bodyâ‰Ą30%)
12:39:01 core.sweep_detector INFO: OrderBlocks: 7 detected, 3 unmitigated
12:39:01 core.sweep_detector INFO: FVGs: 14 detected, 6 unfilled
12:39:03 core.sweep_detector INFO: SweepDetector v2: 0 raw â†’ 0 confirmed (volâ‰Ą2.5Ă— bodyâ‰Ą30%)
12:39:03 core.sweep_detector INFO: OrderBlocks: 2 detected, 1 unmitigated
12:39:03 core.sweep_detector INFO: FVGs: 11 detected, 2 unfilled
12:39:05 core.sweep_detector INFO: SweepDetector v2: 0 raw â†’ 0 confirmed (volâ‰Ą2.5Ă— bodyâ‰Ą30%)
12:39:05 core.sweep_detector INFO: OrderBlocks: 2 detected, 0 unmitigated
12:39:05 core.sweep_detector INFO: FVGs: 8 detected, 0 unfilled
12:39:07 core.sweep_detector INFO: SweepDetector v2: 2 raw â†’ 2 confirmed (volâ‰Ą2.5Ă— bodyâ‰Ą30%)
12:39:07 core.sweep_detector INFO: OrderBlocks: 3 detected, 0 unmitigated
12:39:07 core.sweep_detector INFO: FVGs: 6 detected, 0 unfilled
12:39:08 core.sweep_detector INFO: SweepDetector v2: 0 raw â†’ 0 confirmed (volâ‰Ą2.5Ă— bodyâ‰Ą30%)
12:39:08 core.sweep_detector INFO: OrderBlocks: 7 detected, 3 unmitigated
12:39:08 core.sweep_detector INFO: FVGs: 12 detected, 7 unfilled
12:39:10 core.sweep_detector INFO: SweepDetector v2: 1 raw â†’ 1 confirmed (volâ‰Ą2.5Ă— bodyâ‰Ą30%)
12:39:10 core.sweep_detector INFO: OrderBlocks: 3 detected, 2 unmitigated
12:39:10 core.sweep_detector INFO: FVGs: 11 detected, 2 unfilled
12:39:12 core.sweep_detector INFO: SweepDetector v2: 0 raw â†’ 0 confirmed (volâ‰Ą2.5Ă— bodyâ‰Ą30%)
12:39:12 core.sweep_detector INFO: OrderBlocks: 11 detected, 4 unmitigated
12:39:12 core.sweep_detector INFO: FVGs: 12 detected, 7 unfilled
12:39:14 core.sweep_detector INFO: SweepDetector v2: 1 raw â†’ 0 confirmed (volâ‰Ą2.5Ă— bodyâ‰Ą30%)
12:39:14 core.sweep_detector INFO: OrderBlocks: 9 detected, 3 unmitigated
12:39:14 core.sweep_detector INFO: FVGs: 8 detected, 2 unfilled
12:39:15 core.sweep_detector INFO: SweepDetector v2: 2 raw â†’ 1 confirmed (volâ‰Ą2.5Ă— bodyâ‰Ą30%)
12:39:15 core.sweep_detector INFO: OrderBlocks: 2 detected, 1 unmitigated
12:39:15 core.sweep_detector INFO: FVGs: 9 detected, 3 unfilled
12:39:17 core.sweep_detector INFO: SweepDetector v2: 0 raw â†’ 0 confirmed (volâ‰Ą2.5Ă— bodyâ‰Ą30%)
12:39:17 core.sweep_detector INFO: OrderBlocks: 6 detected, 2 unmitigated
12:39:17 core.sweep_detector INFO: FVGs: 8 detected, 5 unfilled
12:39:19 core.sweep_detector INFO: SweepDetector v2: 1 raw â†’ 1 confirmed (volâ‰Ą2.5Ă— bodyâ‰Ą30%)
12:39:19 core.sweep_detector INFO: OrderBlocks: 6 detected, 3 unmitigated
12:39:19 core.sweep_detector INFO: FVGs: 10 detected, 6 unfilled
12:39:20 core.sweep_detector INFO: SweepDetector v2: 3 raw â†’ 1 confirmed (volâ‰Ą2.5Ă— bodyâ‰Ą30%)
12:39:20 core.sweep_detector INFO: OrderBlocks: 5 detected, 2 unmitigated
12:39:20 core.sweep_detector INFO: FVGs: 9 detected, 4 unfilled
12:39:22 core.sweep_detector INFO: SweepDetector v2: 1 raw â†’ 1 confirmed (volâ‰Ą2.5Ă— bodyâ‰Ą30%)
12:39:22 core.sweep_detector INFO: OrderBlocks: 2 detected, 2 unmitigated
12:39:22 core.sweep_detector INFO: FVGs: 5 detected, 3 unfilled
12:39:24 core.sweep_detector INFO: SweepDetector v2: 0 raw â†’ 0 confirmed (volâ‰Ą2.5Ă— bodyâ‰Ą30%)
12:39:24 core.sweep_detector INFO: OrderBlocks: 6 detected, 2 unmitigated
12:39:24 core.sweep_detector INFO: FVGs: 3 detected, 2 unfilled
12:39:26 core.sweep_detector INFO: SweepDetector v2: 2 raw â†’ 2 confirmed (volâ‰Ą2.5Ă— bodyâ‰Ą30%)
12:39:26 core.sweep_detector INFO: OrderBlocks: 6 detected, 0 unmitigated
12:39:26 core.sweep_detector INFO: FVGs: 9 detected, 1 unfilled
12:39:27 core.sweep_detector INFO: SweepDetector v2: 1 raw â†’ 1 confirmed (volâ‰Ą2.5Ă— bodyâ‰Ą30%)
12:39:27 core.sweep_detector INFO: OrderBlocks: 1 detected, 0 unmitigated
12:39:27 core.sweep_detector INFO: FVGs: 7 detected, 0 unfilled
12:39:29 core.sweep_detector INFO: SweepDetector v2: 1 raw â†’ 1 confirmed (volâ‰Ą2.5Ă— bodyâ‰Ą30%)
12:39:29 core.sweep_detector INFO: OrderBlocks: 9 detected, 2 unmitigated
12:39:29 core.sweep_detector INFO: FVGs: 5 detected, 4 unfilled
12:39:31 core.sweep_detector INFO: SweepDetector v2: 3 raw â†’ 2 confirmed (volâ‰Ą2.5Ă— bodyâ‰Ą30%)
12:39:31 core.sweep_detector INFO: OrderBlocks: 4 detected, 1 unmitigated
12:39:31 core.sweep_detector INFO: FVGs: 6 detected, 2 unfilled
12:39:32 core.sweep_detector INFO: SweepDetector v2: 1 raw â†’ 1 confirmed (volâ‰Ą2.5Ă— bodyâ‰Ą30%)
12:39:32 core.sweep_detector INFO: OrderBlocks: 6 detected, 3 unmitigated
12:39:32 core.sweep_detector INFO: FVGs: 7 detected, 2 unfilled
12:39:34 core.sweep_detector INFO: SweepDetector v2: 0 raw â†’ 0 confirmed (volâ‰Ą2.5Ă— bodyâ‰Ą30%)
12:39:34 core.sweep_detector INFO: OrderBlocks: 4 detected, 2 unmitigated
12:39:34 core.sweep_detector INFO: FVGs: 14 detected, 5 unfilled
12:39:36 core.sweep_detector INFO: SweepDetector v2: 1 raw â†’ 1 confirmed (volâ‰Ą2.5Ă— bodyâ‰Ą30%)
12:39:36 core.sweep_detector INFO: OrderBlocks: 5 detected, 0 unmitigated
12:39:36 core.sweep_detector INFO: FVGs: 10 detected, 3 unfilled
12:39:37 core.sweep_detector INFO: SweepDetector v2: 2 raw â†’ 1 confirmed (volâ‰Ą2.5Ă— bodyâ‰Ą30%)
12:39:37 core.sweep_detector INFO: OrderBlocks: 5 detected, 3 unmitigated
12:39:37 core.sweep_detector INFO: FVGs: 8 detected, 3 unfilled
12:39:39 core.sweep_detector INFO: SweepDetector v2: 3 raw â†’ 2 confirmed (volâ‰Ą2.5Ă— bodyâ‰Ą30%)
12:39:39 core.sweep_detector INFO: OrderBlocks: 11 detected, 4 unmitigated
12:39:39 core.sweep_detector INFO: FVGs: 14 detected, 1 unfilled
12:39:41 core.sweep_detector INFO: SweepDetector v2: 3 raw â†’ 1 confirmed (volâ‰Ą2.5Ă— bodyâ‰Ą30%)
12:39:41 core.sweep_detector INFO: OrderBlocks: 5 detected, 0 unmitigated
12:39:41 core.sweep_detector INFO: FVGs: 12 detected, 4 unfilled
12:39:43 core.sweep_detector INFO: SweepDetector v2: 2 raw â†’ 2 confirmed (volâ‰Ą2.5Ă— bodyâ‰Ą30%)
12:39:43 core.sweep_detector INFO: OrderBlocks: 0 detected, 0 unmitigated
12:39:43 core.sweep_detector INFO: FVGs: 9 detected, 3 unfilled
12:39:44 core.sweep_detector INFO: SweepDetector v2: 2 raw â†’ 2 confirmed (volâ‰Ą2.5Ă— bodyâ‰Ą30%)
12:39:44 core.sweep_detector INFO: OrderBlocks: 3 detected, 1 unmitigated
12:39:44 core.sweep_detector INFO: FVGs: 7 detected, 2 unfilled
12:39:46 core.sweep_detector INFO: SweepDetector v2: 0 raw â†’ 0 confirmed (volâ‰Ą2.5Ă— bodyâ‰Ą30%)
12:39:46 core.sweep_detector INFO: OrderBlocks: 2 detected, 1 unmitigated
12:39:46 core.sweep_detector INFO: FVGs: 11 detected, 5 unfilled
12:39:48 core.sweep_detector INFO: SweepDetector v2: 1 raw â†’ 0 confirmed (volâ‰Ą2.5Ă— bodyâ‰Ą30%)
12:39:48 core.sweep_detector INFO: OrderBlocks: 1 detected, 0 unmitigated
12:39:48 core.sweep_detector INFO: FVGs: 7 detected, 3 unfilled
12:39:50 core.sweep_detector INFO: SweepDetector v2: 2 raw â†’ 2 confirmed (volâ‰Ą2.5Ă— bodyâ‰Ą30%)
12:39:50 core.sweep_detector INFO: OrderBlocks: 15 detected, 3 unmitigated
12:39:50 core.sweep_detector INFO: FVGs: 16 detected, 2 unfilled
12:39:51 core.sweep_detector INFO: SweepDetector v2: 3 raw â†’ 3 confirmed (volâ‰Ą2.5Ă— bodyâ‰Ą30%)
12:39:51 core.sweep_detector INFO: OrderBlocks: 5 detected, 2 unmitigated
12:39:51 core.sweep_detector INFO: FVGs: 8 detected, 1 unfilled
12:39:53 core.sweep_detector INFO: SweepDetector v2: 2 raw â†’ 1 confirmed (volâ‰Ą2.5Ă— bodyâ‰Ą30%)
12:39:53 core.sweep_detector INFO: OrderBlocks: 2 detected, 1 unmitigated
12:39:53 core.sweep_detector INFO: FVGs: 10 detected, 4 unfilled
12:39:55 core.sweep_detector INFO: SweepDetector v2: 6 raw â†’ 3 confirmed (volâ‰Ą2.5Ă— bodyâ‰Ą30%)
12:39:55 core.sweep_detector INFO: OrderBlocks: 6 detected, 4 unmitigated
12:39:55 core.sweep_detector INFO: FVGs: 10 detected, 5 unfilled
12:39:56 core.sweep_detector INFO: SweepDetector v2: 5 raw â†’ 4 confirmed (volâ‰Ą2.5Ă— bodyâ‰Ą30%)
12:39:56 core.sweep_detector INFO: OrderBlocks: 4 detected, 1 unmitigated
12:39:56 core.sweep_detector INFO: FVGs: 6 detected, 1 unfilled
12:39:58 core.sweep_detector INFO: SweepDetector v2: 1 raw â†’ 1 confirmed (volâ‰Ą2.5Ă— bodyâ‰Ą30%)
12:39:59 core.sweep_detector INFO: OrderBlocks: 1 detected, 0 unmitigated
12:39:59 core.sweep_detector INFO: FVGs: 6 detected, 2 unfilled
12:40:01 core.sweep_detector INFO: SweepDetector v2: 1 raw â†’ 1 confirmed (volâ‰Ą2.5Ă— bodyâ‰Ą30%)
12:40:01 core.sweep_detector INFO: OrderBlocks: 5 detected, 1 unmitigated
12:40:01 core.sweep_detector INFO: FVGs: 8 detected, 3 unfilled
12:40:03 core.sweep_detector INFO: SweepDetector v2: 4 raw â†’ 4 confirmed (volâ‰Ą2.5Ă— bodyâ‰Ą30%)
12:40:03 core.sweep_detector INFO: OrderBlocks: 6 detected, 1 unmitigated
12:40:03 core.sweep_detector INFO: FVGs: 9 detected, 3 unfilled
12:40:04 core.sweep_detector INFO: SweepDetector v2: 3 raw â†’ 3 confirmed (volâ‰Ą2.5Ă— bodyâ‰Ą30%)
12:40:04 core.sweep_detector INFO: OrderBlocks: 2 detected, 1 unmitigated
12:40:04 core.sweep_detector INFO: FVGs: 13 detected, 6 unfilled
12:40:06 core.sweep_detector INFO: SweepDetector v2: 1 raw â†’ 1 confirmed (volâ‰Ą2.5Ă— bodyâ‰Ą30%)
12:40:06 core.sweep_detector INFO: OrderBlocks: 5 detected, 1 unmitigated
12:40:06 core.sweep_detector INFO: FVGs: 12 detected, 5 unfilled
12:40:09 core.sweep_detector INFO: SweepDetector v2: 2 raw â†’ 0 confirmed (volâ‰Ą2.5Ă— bodyâ‰Ą30%)
12:40:09 core.sweep_detector INFO: OrderBlocks: 6 detected, 1 unmitigated
12:40:09 core.sweep_detector INFO: FVGs: 9 detected, 1 unfilled
12:40:11 core.sweep_detector INFO: SweepDetector v2: 1 raw â†’ 1 confirmed (volâ‰Ą2.5Ă— bodyâ‰Ą30%)
12:40:11 core.sweep_detector INFO: OrderBlocks: 4 detected, 2 unmitigated
12:40:11 core.sweep_detector INFO: FVGs: 4 detected, 2 unfilled
12:40:13 core.sweep_detector INFO: SweepDetector v2: 3 raw â†’ 2 confirmed (volâ‰Ą2.5Ă— bodyâ‰Ą30%)
12:40:13 core.sweep_detector INFO: OrderBlocks: 5 detected, 1 unmitigated
12:40:13 core.sweep_detector INFO: FVGs: 7 detected, 0 unfilled
12:40:15 core.sweep_detector INFO: SweepDetector v2: 2 raw â†’ 2 confirmed (volâ‰Ą2.5Ă— bodyâ‰Ą30%)
12:40:15 core.sweep_detector INFO: OrderBlocks: 6 detected, 2 unmitigated
12:40:15 core.sweep_detector INFO: FVGs: 6 detected, 3 unfilled
12:40:17 core.sweep_detector INFO: SweepDetector v2: 0 raw â†’ 0 confirmed (volâ‰Ą2.5Ă— bodyâ‰Ą30%)
12:40:17 core.sweep_detector INFO: OrderBlocks: 6 detected, 3 unmitigated
12:40:17 core.sweep_detector INFO: FVGs: 6 detected, 4 unfilled
12:40:18 core.sweep_detector INFO: SweepDetector v2: 0 raw â†’ 0 confirmed (volâ‰Ą2.5Ă— bodyâ‰Ą30%)
12:40:18 core.sweep_detector INFO: OrderBlocks: 8 detected, 4 unmitigated
12:40:18 core.sweep_detector INFO: FVGs: 10 detected, 4 unfilled
12:40:20 core.sweep_detector INFO: SweepDetector v2: 4 raw â†’ 3 confirmed (volâ‰Ą2.5Ă— bodyâ‰Ą30%)
12:40:21 core.sweep_detector INFO: OrderBlocks: 5 detected, 1 unmitigated
12:40:21 core.sweep_detector INFO: FVGs: 11 detected, 2 unfilled
12:40:23 core.sweep_detector INFO: SweepDetector v2: 2 raw â†’ 2 confirmed (volâ‰Ą2.5Ă— bodyâ‰Ą30%)
12:40:23 core.sweep_detector INFO: OrderBlocks: 2 detected, 1 unmitigated
12:40:23 core.sweep_detector INFO: FVGs: 9 detected, 4 unfilled
12:40:25 core.sweep_detector INFO: SweepDetector v2: 1 raw â†’ 1 confirmed (volâ‰Ą2.5Ă— bodyâ‰Ą30%)
12:40:25 core.sweep_detector INFO: OrderBlocks: 4 detected, 2 unmitigated
12:40:25 core.sweep_detector INFO: FVGs: 5 detected, 2 unfilled
12:40:27 core.sweep_detector INFO: SweepDetector v2: 3 raw â†’ 3 confirmed (volâ‰Ą2.5Ă— bodyâ‰Ą30%)
12:40:27 core.sweep_detector INFO: OrderBlocks: 4 detected, 0 unmitigated
12:40:27 core.sweep_detector INFO: FVGs: 4 detected, 1 unfilled
12:40:29 core.sweep_detector INFO: SweepDetector v2: 1 raw â†’ 1 confirmed (volâ‰Ą2.5Ă— bodyâ‰Ą30%)
12:40:29 core.sweep_detector INFO: OrderBlocks: 0 detected, 0 unmitigated
12:40:29 core.sweep_detector INFO: FVGs: 1 detected, 0 unfilled
12:40:31 core.sweep_detector INFO: SweepDetector v2: 2 raw â†’ 2 confirmed (volâ‰Ą2.5Ă— bodyâ‰Ą30%)
12:40:31 core.sweep_detector INFO: OrderBlocks: 10 detected, 4 unmitigated
12:40:31 core.sweep_detector INFO: FVGs: 10 detected, 4 unfilled
12:40:34 core.sweep_detector INFO: SweepDetector v2: 5 raw â†’ 3 confirmed (volâ‰Ą2.5Ă— bodyâ‰Ą30%)
12:40:34 core.sweep_detector INFO: OrderBlocks: 2 detected, 1 unmitigated
12:40:34 core.sweep_detector INFO: FVGs: 8 detected, 2 unfilled
12:40:36 core.sweep_detector INFO: SweepDetector v2: 2 raw â†’ 1 confirmed (volâ‰Ą2.5Ă— bodyâ‰Ą30%)
12:40:36 core.sweep_detector INFO: OrderBlocks: 2 detected, 0 unmitigated
12:40:36 core.sweep_detector INFO: FVGs: 10 detected, 3 unfilled
12:40:38 core.sweep_detector INFO: SweepDetector v2: 1 raw â†’ 0 confirmed (volâ‰Ą2.5Ă— bodyâ‰Ą30%)
12:40:38 core.sweep_detector INFO: OrderBlocks: 5 detected, 1 unmitigated
12:40:38 core.sweep_detector INFO: FVGs: 5 detected, 2 unfilled
12:40:41 core.sweep_detector INFO: SweepDetector v2: 4 raw â†’ 4 confirmed (volâ‰Ą2.5Ă— bodyâ‰Ą30%)
12:40:41 core.sweep_detector INFO: OrderBlocks: 2 detected, 0 unmitigated
12:40:41 core.sweep_detector INFO: FVGs: 8 detected, 1 unfilled
12:40:43 core.sweep_detector INFO: SweepDetector v2: 1 raw â†’ 1 confirmed (volâ‰Ą2.5Ă— bodyâ‰Ą30%)
12:40:43 core.sweep_detector INFO: OrderBlocks: 4 detected, 1 unmitigated
12:40:43 core.sweep_detector INFO: FVGs: 9 detected, 1 unfilled
12:40:45 core.sweep_detector INFO: SweepDetector v2: 2 raw â†’ 2 confirmed (volâ‰Ą2.5Ă— bodyâ‰Ą30%)
12:40:45 core.sweep_detector INFO: OrderBlocks: 8 detected, 4 unmitigated
12:40:45 core.sweep_detector INFO: FVGs: 9 detected, 2 unfilled
12:40:47 core.sweep_detector INFO: SweepDetector v2: 2 raw â†’ 1 confirmed (volâ‰Ą2.5Ă— bodyâ‰Ą30%)
12:40:47 core.sweep_detector INFO: OrderBlocks: 4 detected, 1 unmitigated
12:40:47 core.sweep_detector INFO: FVGs: 7 detected, 3 unfilled
12:40:49 core.sweep_detector INFO: SweepDetector v2: 1 raw â†’ 1 confirmed (volâ‰Ą2.5Ă— bodyâ‰Ą30%)
12:40:49 core.sweep_detector INFO: OrderBlocks: 1 detected, 0 unmitigated
12:40:49 core.sweep_detector INFO: FVGs: 11 detected, 5 unfilled
12:40:51 core.sweep_detector INFO: SweepDetector v2: 0 raw â†’ 0 confirmed (volâ‰Ą2.5Ă— bodyâ‰Ą30%)
12:40:51 core.sweep_detector INFO: OrderBlocks: 1 detected, 0 unmitigated
12:40:51 core.sweep_detector INFO: FVGs: 0 detected, 0 unfilled
12:40:53 core.sweep_detector INFO: SweepDetector v2: 0 raw â†’ 0 confirmed (volâ‰Ą2.5Ă— bodyâ‰Ą30%)
12:40:53 core.sweep_detector INFO: OrderBlocks: 0 detected, 0 unmitigated
12:40:53 core.sweep_detector INFO: FVGs: 0 detected, 0 unfilled
12:40:55 core.sweep_detector INFO: SweepDetector v2: 0 raw â†’ 0 confirmed (volâ‰Ą2.5Ă— bodyâ‰Ą30%)
12:40:55 core.sweep_detector INFO: OrderBlocks: 0 detected, 0 unmitigated
12:40:55 core.sweep_detector INFO: FVGs: 0 detected, 0 unfilled
12:40:58 core.sweep_detector INFO: SweepDetector v2: 2 raw â†’ 2 confirmed (volâ‰Ą2.5Ă— bodyâ‰Ą30%)
12:40:58 core.sweep_detector INFO: OrderBlocks: 5 detected, 2 unmitigated
12:40:58 core.sweep_detector INFO: FVGs: 6 detected, 1 unfilled
12:41:00 core.sweep_detector INFO: SweepDetector v2: 3 raw â†’ 3 confirmed (volâ‰Ą2.5Ă— bodyâ‰Ą30%)
12:41:00 core.sweep_detector INFO: OrderBlocks: 4 detected, 0 unmitigated
12:41:00 core.sweep_detector INFO: FVGs: 10 detected, 2 unfilled
12:41:02 core.sweep_detector INFO: SweepDetector v2: 2 raw â†’ 2 confirmed (volâ‰Ą2.5Ă— bodyâ‰Ą30%)
12:41:02 core.sweep_detector INFO: OrderBlocks: 2 detected, 1 unmitigated
12:41:02 core.sweep_detector INFO: FVGs: 4 detected, 1 unfilled
12:41:04 core.sweep_detector INFO: SweepDetector v2: 0 raw â†’ 0 confirmed (volâ‰Ą2.5Ă— bodyâ‰Ą30%)
12:41:04 core.sweep_detector INFO: OrderBlocks: 4 detected, 2 unmitigated
12:41:04 core.sweep_detector INFO: FVGs: 11 detected, 7 unfilled
12:41:06 core.sweep_detector INFO: SweepDetector v2: 0 raw â†’ 0 confirmed (volâ‰Ą2.5Ă— bodyâ‰Ą30%)
12:41:06 core.sweep_detector INFO: OrderBlocks: 1 detected, 0 unmitigated
12:41:06 core.sweep_detector INFO: FVGs: 6 detected, 2 unfilled
12:41:09 core.sweep_detector INFO: SweepDetector v2: 2 raw â†’ 2 confirmed (volâ‰Ą2.5Ă— bodyâ‰Ą30%)
12:41:09 core.sweep_detector INFO: OrderBlocks: 1 detected, 0 unmitigated
12:41:09 core.sweep_detector INFO: FVGs: 10 detected, 1 unfilled
12:41:11 core.sweep_detector INFO: SweepDetector v2: 5 raw â†’ 3 confirmed (volâ‰Ą2.5Ă— bodyâ‰Ą30%)
12:41:11 core.sweep_detector INFO: OrderBlocks: 6 detected, 2 unmitigated
12:41:11 core.sweep_detector INFO: FVGs: 9 detected, 2 unfilled
12:41:13 core.sweep_detector INFO: SweepDetector v2: 2 raw â†’ 2 confirmed (volâ‰Ą2.5Ă— bodyâ‰Ą30%)
12:41:13 core.sweep_detector INFO: OrderBlocks: 3 detected, 2 unmitigated
12:41:13 core.sweep_detector INFO: FVGs: 13 detected, 2 unfilled
12:41:15 core.sweep_detector INFO: SweepDetector v2: 3 raw â†’ 3 confirmed (volâ‰Ą2.5Ă— bodyâ‰Ą30%)
12:41:15 core.sweep_detector INFO: OrderBlocks: 3 detected, 0 unmitigated
12:41:15 core.sweep_detector INFO: FVGs: 6 detected, 1 unfilled
12:41:16 core.sweep_detector INFO: SweepDetector v2: 0 raw â†’ 0 confirmed (volâ‰Ą2.5Ă— bodyâ‰Ą30%)
12:41:16 core.sweep_detector INFO: OrderBlocks: 7 detected, 2 unmitigated
12:41:16 core.sweep_detector INFO: FVGs: 9 detected, 2 unfilled
12:41:18 core.sweep_detector INFO: SweepDetector v2: 3 raw â†’ 3 confirmed (volâ‰Ą2.5Ă— bodyâ‰Ą30%)
12:41:18 core.sweep_detector INFO: OrderBlocks: 4 detected, 1 unmitigated
12:41:18 core.sweep_detector INFO: FVGs: 8 detected, 3 unfilled
12:41:20 core.sweep_detector INFO: SweepDetector v2: 2 raw â†’ 1 confirmed (volâ‰Ą2.5Ă— bodyâ‰Ą30%)
12:41:20 core.sweep_detector INFO: OrderBlocks: 5 detected, 2 unmitigated
12:41:20 core.sweep_detector INFO: FVGs: 8 detected, 4 unfilled
12:41:21 core.sweep_detector INFO: SweepDetector v2: 1 raw â†’ 1 confirmed (volâ‰Ą2.5Ă— bodyâ‰Ą30%)
12:41:21 core.sweep_detector INFO: OrderBlocks: 4 detected, 2 unmitigated
12:41:21 core.sweep_detector INFO: FVGs: 12 detected, 9 unfilled
12:41:23 core.sweep_detector INFO: SweepDetector v2: 1 raw â†’ 1 confirmed (volâ‰Ą2.5Ă— bodyâ‰Ą30%)
12:41:23 core.sweep_detector INFO: OrderBlocks: 3 detected, 2 unmitigated
12:41:23 core.sweep_detector INFO: FVGs: 2 detected, 1 unfilled
12:41:25 core.sweep_detector INFO: SweepDetector v2: 3 raw â†’ 3 confirmed (volâ‰Ą2.5Ă— bodyâ‰Ą30%)
12:41:25 core.sweep_detector INFO: OrderBlocks: 2 detected, 2 unmitigated
12:41:25 core.sweep_detector INFO: FVGs: 7 detected, 3 unfilled
12:41:26 core.sweep_detector INFO: SweepDetector v2: 1 raw â†’ 0 confirmed (volâ‰Ą2.5Ă— bodyâ‰Ą30%)
12:41:26 core.sweep_detector INFO: OrderBlocks: 9 detected, 3 unmitigated
12:41:26 core.sweep_detector INFO: FVGs: 8 detected, 4 unfilled
12:41:28 core.sweep_detector INFO: SweepDetector v2: 4 raw â†’ 1 confirmed (volâ‰Ą2.5Ă— bodyâ‰Ą30%)
12:41:28 core.sweep_detector INFO: OrderBlocks: 5 detected, 1 unmitigated
12:41:28 core.sweep_detector INFO: FVGs: 7 detected, 1 unfilled
12:41:30 core.sweep_detector INFO: SweepDetector v2: 1 raw â†’ 1 confirmed (volâ‰Ą2.5Ă— bodyâ‰Ą30%)
12:41:30 core.sweep_detector INFO: OrderBlocks: 1 detected, 0 unmitigated
12:41:30 core.sweep_detector INFO: FVGs: 2 detected, 1 unfilled
12:41:32 core.sweep_detector INFO: SweepDetector v2: 2 raw â†’ 2 confirmed (volâ‰Ą2.5Ă— bodyâ‰Ą30%)
12:41:32 core.sweep_detector INFO: OrderBlocks: 5 detected, 2 unmitigated
12:41:32 core.sweep_detector INFO: FVGs: 11 detected, 1 unfilled
12:41:34 core.sweep_detector INFO: SweepDetector v2: 1 raw â†’ 1 confirmed (volâ‰Ą2.5Ă— bodyâ‰Ą30%)
12:41:34 core.sweep_detector INFO: OrderBlocks: 4 detected, 1 unmitigated
12:41:34 core.sweep_detector INFO: FVGs: 14 detected, 5 unfilled
12:41:36 core.sweep_detector INFO: SweepDetector v2: 0 raw â†’ 0 confirmed (volâ‰Ą2.5Ă— bodyâ‰Ą30%)
12:41:36 core.sweep_detector INFO: OrderBlocks: 0 detected, 0 unmitigated
12:41:36 core.sweep_detector INFO: FVGs: 8 detected, 2 unfilled
12:41:38 core.sweep_detector INFO: SweepDetector v2: 7 raw â†’ 5 confirmed (volâ‰Ą2.5Ă— bodyâ‰Ą30%)
12:41:38 core.sweep_detector INFO: OrderBlocks: 5 detected, 5 unmitigated
12:41:38 core.sweep_detector INFO: FVGs: 13 detected, 8 unfilled
12:41:39 core.sweep_detector INFO: SweepDetector v2: 2 raw â†’ 1 confirmed (volâ‰Ą2.5Ă— bodyâ‰Ą30%)
12:41:39 core.sweep_detector INFO: OrderBlocks: 1 detected, 0 unmitigated
12:41:39 core.sweep_detector INFO: FVGs: 5 detected, 2 unfilled
12:41:41 core.sweep_detector INFO: SweepDetector v2: 3 raw â†’ 3 confirmed (volâ‰Ą2.5Ă— bodyâ‰Ą30%)
12:41:41 core.sweep_detector INFO: OrderBlocks: 5 detected, 1 unmitigated
12:41:41 core.sweep_detector INFO: FVGs: 11 detected, 2 unfilled
12:41:42 core.sweep_detector INFO: SweepDetector v2: 0 raw â†’ 0 confirmed (volâ‰Ą2.5Ă— bodyâ‰Ą30%)
12:41:42 core.sweep_detector INFO: OrderBlocks: 8 detected, 5 unmitigated
12:41:42 core.sweep_detector INFO: FVGs: 14 detected, 5 unfilled
12:41:44 core.sweep_detector INFO: SweepDetector v2: 3 raw â†’ 2 confirmed (volâ‰Ą2.5Ă— bodyâ‰Ą30%)
12:41:44 core.sweep_detector INFO: OrderBlocks: 4 detected, 1 unmitigated
12:41:44 core.sweep_detector INFO: FVGs: 9 detected, 3 unfilled
12:41:46 core.sweep_detector INFO: SweepDetector v2: 2 raw â†’ 1 confirmed (volâ‰Ą2.5Ă— bodyâ‰Ą30%)
12:41:46 core.sweep_detector INFO: OrderBlocks: 3 detected, 1 unmitigated
12:41:46 core.sweep_detector INFO: FVGs: 6 detected, 4 unfilled
12:41:49 core.sweep_detector INFO: SweepDetector v2: 3 raw â†’ 3 confirmed (volâ‰Ą2.5Ă— bodyâ‰Ą30%)
12:41:49 core.sweep_detector INFO: OrderBlocks: 3 detected, 1 unmitigated
12:41:49 core.sweep_detector INFO: FVGs: 4 detected, 1 unfilled
12:41:50 core.sweep_detector INFO: SweepDetector v2: 3 raw â†’ 2 confirmed (volâ‰Ą2.5Ă— bodyâ‰Ą30%)
12:41:50 core.sweep_detector INFO: OrderBlocks: 7 detected, 2 unmitigated
12:41:50 core.sweep_detector INFO: FVGs: 6 detected, 1 unfilled
12:41:52 core.sweep_detector INFO: SweepDetector v2: 1 raw â†’ 1 confirmed (volâ‰Ą2.5Ă— bodyâ‰Ą30%)
12:41:52 core.sweep_detector INFO: OrderBlocks: 1 detected, 1 unmitigated
12:41:52 core.sweep_detector INFO: FVGs: 8 detected, 3 unfilled
12:41:54 core.sweep_detector INFO: SweepDetector v2: 3 raw â†’ 2 confirmed (volâ‰Ą2.5Ă— bodyâ‰Ą30%)
12:41:54 core.sweep_detector INFO: OrderBlocks: 3 detected, 3 unmitigated
12:41:54 core.sweep_detector INFO: FVGs: 13 detected, 8 unfilled
12:41:55 core.sweep_detector INFO: SweepDetector v2: 2 raw â†’ 2 confirmed (volâ‰Ą2.5Ă— bodyâ‰Ą30%)
12:41:55 core.sweep_detector INFO: OrderBlocks: 3 detected, 2 unmitigated
12:41:55 core.sweep_detector INFO: FVGs: 9 detected, 3 unfilled
12:41:57 core.sweep_detector INFO: SweepDetector v2: 2 raw â†’ 1 confirmed (volâ‰Ą2.5Ă— bodyâ‰Ą30%)
12:41:57 core.sweep_detector INFO: OrderBlocks: 5 detected, 1 unmitigated
12:41:57 core.sweep_detector INFO: FVGs: 5 detected, 2 unfilled
12:41:59 core.sweep_detector INFO: SweepDetector v2: 0 raw â†’ 0 confirmed (volâ‰Ą2.5Ă— bodyâ‰Ą30%)
12:41:59 core.sweep_detector INFO: OrderBlocks: 7 detected, 4 unmitigated
12:41:59 core.sweep_detector INFO: FVGs: 7 detected, 4 unfilled
12:42:01 core.sweep_detector INFO: SweepDetector v2: 3 raw â†’ 3 confirmed (volâ‰Ą2.5Ă— bodyâ‰Ą30%)
12:42:01 core.sweep_detector INFO: OrderBlocks: 5 detected, 1 unmitigated
12:42:01 core.sweep_detector INFO: FVGs: 8 detected, 2 unfilled
12:42:02 core.sweep_detector INFO: SweepDetector v2: 2 raw â†’ 2 confirmed (volâ‰Ą2.5Ă— bodyâ‰Ą30%)
12:42:02 core.sweep_detector INFO: OrderBlocks: 2 detected, 1 unmitigated
12:42:02 core.sweep_detector INFO: FVGs: 6 detected, 3 unfilled
12:42:05 core.sweep_detector INFO: SweepDetector v2: 1 raw â†’ 0 confirmed (volâ‰Ą2.5Ă— bodyâ‰Ą30%)
12:42:05 core.sweep_detector INFO: OrderBlocks: 4 detected, 0 unmitigated
12:42:05 core.sweep_detector INFO: FVGs: 14 detected, 5 unfilled
12:42:06 core.sweep_detector INFO: SweepDetector v2: 0 raw â†’ 0 confirmed (volâ‰Ą2.5Ă— bodyâ‰Ą30%)
12:42:06 core.sweep_detector INFO: OrderBlocks: 7 detected, 1 unmitigated
12:42:06 core.sweep_detector INFO: FVGs: 4 detected, 2 unfilled
12:42:08 core.sweep_detector INFO: SweepDetector v2: 2 raw â†’ 2 confirmed (volâ‰Ą2.5Ă— bodyâ‰Ą30%)
12:42:08 core.sweep_detector INFO: OrderBlocks: 2 detected, 1 unmitigated
12:42:08 core.sweep_detector INFO: FVGs: 6 detected, 2 unfilled
12:42:10 core.sweep_detector INFO: SweepDetector v2: 1 raw â†’ 0 confirmed (volâ‰Ą2.5Ă— bodyâ‰Ą30%)
12:42:10 core.sweep_detector INFO: OrderBlocks: 6 detected, 3 unmitigated
12:42:10 core.sweep_detector INFO: FVGs: 10 detected, 5 unfilled
12:42:12 core.sweep_detector INFO: SweepDetector v2: 2 raw â†’ 2 confirmed (volâ‰Ą2.5Ă— bodyâ‰Ą30%)
12:42:12 core.sweep_detector INFO: OrderBlocks: 3 detected, 1 unmitigated
12:42:12 core.sweep_detector INFO: FVGs: 15 detected, 4 unfilled
12:42:13 core.sweep_detector INFO: SweepDetector v2: 4 raw â†’ 3 confirmed (volâ‰Ą2.5Ă— bodyâ‰Ą30%)
12:42:13 core.sweep_detector INFO: OrderBlocks: 4 detected, 1 unmitigated
12:42:13 core.sweep_detector INFO: FVGs: 8 detected, 5 unfilled
12:42:15 core.sweep_detector INFO: SweepDetector v2: 0 raw â†’ 0 confirmed (volâ‰Ą2.5Ă— bodyâ‰Ą30%)
12:42:15 core.sweep_detector INFO: OrderBlocks: 9 detected, 3 unmitigated
12:42:15 core.sweep_detector INFO: FVGs: 11 detected, 2 unfilled
12:42:17 core.sweep_detector INFO: SweepDetector v2: 1 raw â†’ 1 confirmed (volâ‰Ą2.5Ă— bodyâ‰Ą30%)
12:42:17 core.sweep_detector INFO: OrderBlocks: 5 detected, 2 unmitigated
12:42:17 core.sweep_detector INFO: FVGs: 6 detected, 3 unfilled
12:42:18 core.sweep_detector INFO: SweepDetector v2: 0 raw â†’ 0 confirmed (volâ‰Ą2.5Ă— bodyâ‰Ą30%)
12:42:18 core.sweep_detector INFO: OrderBlocks: 4 detected, 1 unmitigated
12:42:18 core.sweep_detector INFO: FVGs: 3 detected, 1 unfilled
12:42:20 core.sweep_detector INFO: SweepDetector v2: 0 raw â†’ 0 confirmed (volâ‰Ą2.5Ă— bodyâ‰Ą30%)
12:42:20 core.sweep_detector INFO: OrderBlocks: 2 detected, 0 unmitigated
12:42:20 core.sweep_detector INFO: FVGs: 0 detected, 0 unfilled
12:42:22 core.sweep_detector INFO: SweepDetector v2: 0 raw â†’ 0 confirmed (volâ‰Ą2.5Ă— bodyâ‰Ą30%)
12:42:22 core.sweep_detector INFO: OrderBlocks: 0 detected, 0 unmitigated
12:42:22 core.sweep_detector INFO: FVGs: 0 detected, 0 unfilled
12:42:23 core.sweep_detector INFO: SweepDetector v2: 0 raw â†’ 0 confirmed (volâ‰Ą2.5Ă— bodyâ‰Ą30%)
12:42:23 core.sweep_detector INFO: OrderBlocks: 0 detected, 0 unmitigated
12:42:23 core.sweep_detector INFO: FVGs: 0 detected, 0 unfilled
12:42:25 core.sweep_detector INFO: SweepDetector v2: 1 raw â†’ 1 confirmed (volâ‰Ą2.5Ă— bodyâ‰Ą30%)
12:42:25 core.sweep_detector INFO: OrderBlocks: 6 detected, 1 unmitigated
12:42:25 core.sweep_detector INFO: FVGs: 9 detected, 5 unfilled
12:42:27 core.sweep_detector INFO: SweepDetector v2: 2 raw â†’ 2 confirmed (volâ‰Ą2.5Ă— bodyâ‰Ą30%)
12:42:27 core.sweep_detector INFO: OrderBlocks: 7 detected, 2 unmitigated
12:42:27 core.sweep_detector INFO: FVGs: 8 detected, 3 unfilled
12:42:28 core.sweep_detector INFO: SweepDetector v2: 2 raw â†’ 2 confirmed (volâ‰Ą2.5Ă— bodyâ‰Ą30%)
12:42:28 core.sweep_detector INFO: OrderBlocks: 3 detected, 2 unmitigated
12:42:28 core.sweep_detector INFO: FVGs: 12 detected, 5 unfilled
12:42:30 core.sweep_detector INFO: SweepDetector v2: 1 raw â†’ 1 confirmed (volâ‰Ą2.5Ă— bodyâ‰Ą30%)
12:42:30 core.sweep_detector INFO: OrderBlocks: 2 detected, 0 unmitigated
12:42:30 core.sweep_detector INFO: FVGs: 0 detected, 0 unfilled
12:42:32 core.sweep_detector INFO: SweepDetector v2: 0 raw â†’ 0 confirmed (volâ‰Ą2.5Ă— bodyâ‰Ą30%)
12:42:32 core.sweep_detector INFO: OrderBlocks: 1 detected, 0 unmitigated
12:42:32 core.sweep_detector INFO: FVGs: 0 detected, 0 unfilled
12:42:33 core.sweep_detector INFO: SweepDetector v2: 0 raw â†’ 0 confirmed (volâ‰Ą2.5Ă— bodyâ‰Ą30%)
12:42:33 core.sweep_detector INFO: OrderBlocks: 1 detected, 0 unmitigated
12:42:33 core.sweep_detector INFO: FVGs: 0 detected, 0 unfilled
12:42:35 core.sweep_detector INFO: SweepDetector v2: 0 raw â†’ 0 confirmed (volâ‰Ą2.5Ă— bodyâ‰Ą30%)
12:42:35 core.sweep_detector INFO: OrderBlocks: 3 detected, 0 unmitigated
12:42:35 core.sweep_detector INFO: FVGs: 0 detected, 0 unfilled
12:42:36 core.sweep_detector INFO: SweepDetector v2: 0 raw â†’ 0 confirmed (volâ‰Ą2.5Ă— bodyâ‰Ą30%)
12:42:36 core.sweep_detector INFO: OrderBlocks: 1 detected, 0 unmitigated
12:42:36 core.sweep_detector INFO: FVGs: 0 detected, 0 unfilled
12:42:38 core.sweep_detector INFO: SweepDetector v2: 0 raw â†’ 0 confirmed (volâ‰Ą2.5Ă— bodyâ‰Ą30%)
12:42:38 core.sweep_detector INFO: OrderBlocks: 2 detected, 0 unmitigated
12:42:38 core.sweep_detector INFO: FVGs: 0 detected, 0 unfilled
12:42:40 core.sweep_detector INFO: SweepDetector v2: 0 raw â†’ 0 confirmed (volâ‰Ą2.5Ă— bodyâ‰Ą30%)
12:42:40 core.sweep_detector INFO: OrderBlocks: 2 detected, 0 unmitigated
12:42:40 core.sweep_detector INFO: FVGs: 0 detected, 0 unfilled
12:42:41 core.sweep_detector INFO: SweepDetector v2: 0 raw â†’ 0 confirmed (volâ‰Ą2.5Ă— bodyâ‰Ą30%)
12:42:41 core.sweep_detector INFO: OrderBlocks: 0 detected, 0 unmitigated
12:42:41 core.sweep_detector INFO: FVGs: 0 detected, 0 unfilled
12:42:44 core.sweep_detector INFO: SweepDetector v2: 0 raw â†’ 0 confirmed (volâ‰Ą2.5Ă— bodyâ‰Ą30%)
12:42:44 core.sweep_detector INFO: OrderBlocks: 0 detected, 0 unmitigated
12:42:44 core.sweep_detector INFO: FVGs: 0 detected, 0 unfilled
12:42:45 core.sweep_detector INFO: SweepDetector v2: 3 raw â†’ 3 confirmed (volâ‰Ą2.5Ă— bodyâ‰Ą30%)
12:42:45 core.sweep_detector INFO: OrderBlocks: 4 detected, 1 unmitigated
12:42:45 core.sweep_detector INFO: FVGs: 8 detected, 3 unfilled
12:42:47 core.sweep_detector INFO: SweepDetector v2: 5 raw â†’ 4 confirmed (volâ‰Ą2.5Ă— bodyâ‰Ą30%)
12:42:47 core.sweep_detector INFO: OrderBlocks: 7 detected, 2 unmitigated
12:42:47 core.sweep_detector INFO: FVGs: 7 detected, 3 unfilled
12:42:49 core.sweep_detector INFO: SweepDetector v2: 2 raw â†’ 2 confirmed (volâ‰Ą2.5Ă— bodyâ‰Ą30%)
12:42:49 core.sweep_detector INFO: OrderBlocks: 5 detected, 2 unmitigated
12:42:49 core.sweep_detector INFO: FVGs: 8 detected, 4 unfilled
12:42:50 core.sweep_detector INFO: SweepDetector v2: 0 raw â†’ 0 confirmed (volâ‰Ą2.5Ă— bodyâ‰Ą30%)
12:42:51 core.sweep_detector INFO: OrderBlocks: 5 detected, 2 unmitigated
12:42:51 core.sweep_detector INFO: FVGs: 9 detected, 4 unfilled
12:42:52 core.sweep_detector INFO: SweepDetector v2: 1 raw â†’ 1 confirmed (volâ‰Ą2.5Ă— bodyâ‰Ą30%)
12:42:52 core.sweep_detector INFO: OrderBlocks: 1 detected, 1 unmitigated
12:42:52 core.sweep_detector INFO: FVGs: 8 detected, 2 unfilled
12:42:54 core.sweep_detector INFO: SweepDetector v2: 2 raw â†’ 2 confirmed (volâ‰Ą2.5Ă— bodyâ‰Ą30%)
12:42:54 core.sweep_detector INFO: OrderBlocks: 2 detected, 0 unmitigated
12:42:54 core.sweep_detector INFO: FVGs: 8 detected, 3 unfilled
12:42:55 core.sweep_detector INFO: SweepDetector v2: 1 raw â†’ 1 confirmed (volâ‰Ą2.5Ă— bodyâ‰Ą30%)
12:42:55 core.sweep_detector INFO: OrderBlocks: 6 detected, 4 unmitigated
12:42:55 core.sweep_detector INFO: FVGs: 8 detected, 3 unfilled
12:42:57 core.sweep_detector INFO: SweepDetector v2: 1 raw â†’ 1 confirmed (volâ‰Ą2.5Ă— bodyâ‰Ą30%)
12:42:57 core.sweep_detector INFO: OrderBlocks: 1 detected, 0 unmitigated
12:42:57 core.sweep_detector INFO: FVGs: 12 detected, 2 unfilled
12:42:59 core.sweep_detector INFO: SweepDetector v2: 2 raw â†’ 2 confirmed (volâ‰Ą2.5Ă— bodyâ‰Ą30%)
12:42:59 core.sweep_detector INFO: OrderBlocks: 4 detected, 2 unmitigated
12:42:59 core.sweep_detector INFO: FVGs: 7 detected, 4 unfilled
12:43:01 core.sweep_detector INFO: SweepDetector v2: 1 raw â†’ 1 confirmed (volâ‰Ą2.5Ă— bodyâ‰Ą30%)
12:43:01 core.sweep_detector INFO: OrderBlocks: 2 detected, 1 unmitigated
12:43:01 core.sweep_detector INFO: FVGs: 8 detected, 4 unfilled
12:43:02 core.sweep_detector INFO: SweepDetector v2: 2 raw â†’ 1 confirmed (volâ‰Ą2.5Ă— bodyâ‰Ą30%)
12:43:02 core.sweep_detector INFO: OrderBlocks: 1 detected, 0 unmitigated
12:43:02 core.sweep_detector INFO: FVGs: 6 detected, 0 unfilled
12:43:04 core.sweep_detector INFO: SweepDetector v2: 0 raw â†’ 0 confirmed (volâ‰Ą2.5Ă— bodyâ‰Ą30%)
12:43:04 core.sweep_detector INFO: OrderBlocks: 1 detected, 0 unmitigated
12:43:04 core.sweep_detector INFO: FVGs: 2 detected, 0 unfilled
12:43:05 core.sweep_detector INFO: SweepDetector v2: 2 raw â†’ 1 confirmed (volâ‰Ą2.5Ă— bodyâ‰Ą30%)
12:43:05 core.sweep_detector INFO: OrderBlocks: 6 detected, 4 unmitigated
12:43:05 core.sweep_detector INFO: FVGs: 13 detected, 6 unfilled
12:43:07 core.sweep_detector INFO: SweepDetector v2: 4 raw â†’ 4 confirmed (volâ‰Ą2.5Ă— bodyâ‰Ą30%)
12:43:07 core.sweep_detector INFO: OrderBlocks: 2 detected, 1 unmitigated
12:43:07 core.sweep_detector INFO: FVGs: 5 detected, 2 unfilled
12:43:09 core.sweep_detector INFO: SweepDetector v2: 1 raw â†’ 1 confirmed (volâ‰Ą2.5Ă— bodyâ‰Ą30%)
12:43:09 core.sweep_detector INFO: OrderBlocks: 4 detected, 1 unmitigated
12:43:09 core.sweep_detector INFO: FVGs: 6 detected, 1 unfilled
12:43:11 core.sweep_detector INFO: SweepDetector v2: 2 raw â†’ 1 confirmed (volâ‰Ą2.5Ă— bodyâ‰Ą30%)
12:43:11 core.sweep_detector INFO: OrderBlocks: 5 detected, 1 unmitigated
12:43:11 core.sweep_detector INFO: FVGs: 5 detected, 1 unfilled
12:43:12 core.sweep_detector INFO: SweepDetector v2: 1 raw â†’ 1 confirmed (volâ‰Ą2.5Ă— bodyâ‰Ą30%)
12:43:12 core.sweep_detector INFO: OrderBlocks: 5 detected, 0 unmitigated
12:43:12 core.sweep_detector INFO: FVGs: 9 detected, 1 unfilled
12:43:14 core.sweep_detector INFO: SweepDetector v2: 4 raw â†’ 3 confirmed (volâ‰Ą2.5Ă— bodyâ‰Ą30%)
12:43:14 core.sweep_detector INFO: OrderBlocks: 5 detected, 1 unmitigated
12:43:14 core.sweep_detector INFO: FVGs: 11 detected, 3 unfilled
12:43:16 core.sweep_detector INFO: SweepDetector v2: 0 raw â†’ 0 confirmed (volâ‰Ą2.5Ă— bodyâ‰Ą30%)
12:43:16 core.sweep_detector INFO: OrderBlocks: 1 detected, 1 unmitigated
12:43:16 core.sweep_detector INFO: FVGs: 4 detected, 1 unfilled
12:43:18 core.sweep_detector INFO: SweepDetector v2: 0 raw â†’ 0 confirmed (volâ‰Ą2.5Ă— bodyâ‰Ą30%)
12:43:18 core.sweep_detector INFO: OrderBlocks: 5 detected, 2 unmitigated
12:43:18 core.sweep_detector INFO: FVGs: 5 detected, 3 unfilled
12:43:20 core.sweep_detector INFO: SweepDetector v2: 0 raw â†’ 0 confirmed (volâ‰Ą2.5Ă— bodyâ‰Ą30%)
12:43:20 core.sweep_detector INFO: OrderBlocks: 6 detected, 5 unmitigated
12:43:20 core.sweep_detector INFO: FVGs: 7 detected, 5 unfilled
12:43:24 core.sweep_detector INFO: SweepDetector v2: 0 raw â†’ 0 confirmed (volâ‰Ą2.5Ă— bodyâ‰Ą30%)
12:43:24 core.sweep_detector INFO: OrderBlocks: 8 detected, 3 unmitigated
12:43:24 core.sweep_detector INFO: FVGs: 12 detected, 4 unfilled
12:43:25 core.sweep_detector INFO: SweepDetector v2: 1 raw â†’ 1 confirmed (volâ‰Ą2.5Ă— bodyâ‰Ą30%)
12:43:25 core.sweep_detector INFO: OrderBlocks: 5 detected, 2 unmitigated
12:43:25 core.sweep_detector INFO: FVGs: 9 detected, 4 unfilled
12:43:27 core.sweep_detector INFO: SweepDetector v2: 1 raw â†’ 1 confirmed (volâ‰Ą2.5Ă— bodyâ‰Ą30%)
12:43:27 core.sweep_detector INFO: OrderBlocks: 7 detected, 4 unmitigated
12:43:27 core.sweep_detector INFO: FVGs: 10 detected, 6 unfilled
12:43:29 core.sweep_detector INFO: SweepDetector v2: 0 raw â†’ 0 confirmed (volâ‰Ą2.5Ă— bodyâ‰Ą30%)
12:43:29 core.sweep_detector INFO: OrderBlocks: 10 detected, 3 unmitigated
12:43:29 core.sweep_detector INFO: FVGs: 10 detected, 3 unfilled
12:43:31 core.sweep_detector INFO: SweepDetector v2: 2 raw â†’ 2 confirmed (volâ‰Ą2.5Ă— bodyâ‰Ą30%)
12:43:31 core.sweep_detector INFO: OrderBlocks: 2 detected, 1 unmitigated
12:43:31 core.sweep_detector INFO: FVGs: 12 detected, 2 unfilled
12:43:32 core.sweep_detector INFO: SweepDetector v2: 3 raw â†’ 3 confirmed (volâ‰Ą2.5Ă— bodyâ‰Ą30%)
12:43:33 core.sweep_detector INFO: OrderBlocks: 1 detected, 0 unmitigated
12:43:33 core.sweep_detector INFO: FVGs: 15 detected, 4 unfilled
12:43:34 core.sweep_detector INFO: SweepDetector v2: 2 raw â†’ 2 confirmed (volâ‰Ą2.5Ă— bodyâ‰Ą30%)
12:43:34 core.sweep_detector INFO: OrderBlocks: 7 detected, 3 unmitigated
12:43:34 core.sweep_detector INFO: FVGs: 8 detected, 3 unfilled
12:43:36 core.sweep_detector INFO: SweepDetector v2: 2 raw â†’ 2 confirmed (volâ‰Ą2.5Ă— bodyâ‰Ą30%)
12:43:36 core.sweep_detector INFO: OrderBlocks: 5 detected, 1 unmitigated
12:43:36 core.sweep_detector INFO: FVGs: 5 detected, 1 unfilled
12:43:37 core.sweep_detector INFO: SweepDetector v2: 0 raw â†’ 0 confirmed (volâ‰Ą2.5Ă— bodyâ‰Ą30%)
12:43:37 core.sweep_detector INFO: OrderBlocks: 4 detected, 1 unmitigated
12:43:37 core.sweep_detector INFO: FVGs: 8 detected, 1 unfilled
12:43:39 core.sweep_detector INFO: SweepDetector v2: 0 raw â†’ 0 confirmed (volâ‰Ą2.5Ă— bodyâ‰Ą30%)
12:43:39 core.sweep_detector INFO: OrderBlocks: 0 detected, 0 unmitigated
12:43:39 core.sweep_detector INFO: FVGs: 0 detected, 0 unfilled
12:43:42 core.sweep_detector INFO: SweepDetector v2: 0 raw â†’ 0 confirmed (volâ‰Ą2.5Ă— bodyâ‰Ą30%)
12:43:42 core.sweep_detector INFO: OrderBlocks: 5 detected, 1 unmitigated
12:43:42 core.sweep_detector INFO: FVGs: 0 detected, 0 unfilled
12:43:43 core.sweep_detector INFO: SweepDetector v2: 0 raw â†’ 0 confirmed (volâ‰Ą2.5Ă— bodyâ‰Ą30%)
12:43:43 core.sweep_detector INFO: OrderBlocks: 0 detected, 0 unmitigated
12:43:43 core.sweep_detector INFO: FVGs: 0 detected, 0 unfilled
12:43:45 core.sweep_detector INFO: SweepDetector v2: 6 raw â†’ 3 confirmed (volâ‰Ą2.5Ă— bodyâ‰Ą30%)
12:43:45 core.sweep_detector INFO: OrderBlocks: 9 detected, 3 unmitigated
12:43:45 core.sweep_detector INFO: FVGs: 10 detected, 3 unfilled
12:43:46 core.sweep_detector INFO: SweepDetector v2: 1 raw â†’ 1 confirmed (volâ‰Ą2.5Ă— bodyâ‰Ą30%)
12:43:46 core.sweep_detector INFO: OrderBlocks: 6 detected, 1 unmitigated
12:43:46 core.sweep_detector INFO: FVGs: 10 detected, 2 unfilled
12:43:48 core.sweep_detector INFO: SweepDetector v2: 3 raw â†’ 2 confirmed (volâ‰Ą2.5Ă— bodyâ‰Ą30%)
12:43:48 core.sweep_detector INFO: OrderBlocks: 10 detected, 3 unmitigated
12:43:48 core.sweep_detector INFO: FVGs: 11 detected, 2 unfilled
12:43:50 core.sweep_detector INFO: SweepDetector v2: 1 raw â†’ 1 confirmed (volâ‰Ą2.5Ă— bodyâ‰Ą30%)
12:43:50 core.sweep_detector INFO: OrderBlocks: 7 detected, 2 unmitigated
12:43:50 core.sweep_detector INFO: FVGs: 7 detected, 2 unfilled
12:43:52 core.sweep_detector INFO: SweepDetector v2: 2 raw â†’ 1 confirmed (volâ‰Ą2.5Ă— bodyâ‰Ą30%)
12:43:52 core.sweep_detector INFO: OrderBlocks: 1 detected, 0 unmitigated
12:43:52 core.sweep_detector INFO: FVGs: 11 detected, 3 unfilled
12:43:53 core.sweep_detector INFO: SweepDetector v2: 0 raw â†’ 0 confirmed (volâ‰Ą2.5Ă— bodyâ‰Ą30%)
12:43:53 core.sweep_detector INFO: OrderBlocks: 5 detected, 0 unmitigated
12:43:53 core.sweep_detector INFO: FVGs: 5 detected, 2 unfilled
12:43:55 core.sweep_detector INFO: SweepDetector v2: 0 raw â†’ 0 confirmed (volâ‰Ą2.5Ă— bodyâ‰Ą30%)
12:43:55 core.sweep_detector INFO: OrderBlocks: 7 detected, 3 unmitigated
12:43:55 core.sweep_detector INFO: FVGs: 9 detected, 2 unfilled
12:43:56 core.sweep_detector INFO: SweepDetector v2: 0 raw â†’ 0 confirmed (volâ‰Ą2.5Ă— bodyâ‰Ą30%)
12:43:56 core.sweep_detector INFO: OrderBlocks: 11 detected, 0 unmitigated
12:43:57 core.sweep_detector INFO: FVGs: 6 detected, 0 unfilled
12:43:59 core.sweep_detector INFO: SweepDetector v2: 3 raw â†’ 2 confirmed (volâ‰Ą2.5Ă— bodyâ‰Ą30%)
12:43:59 core.sweep_detector INFO: OrderBlocks: 4 detected, 0 unmitigated
12:43:59 core.sweep_detector INFO: FVGs: 5 detected, 3 unfilled
12:44:00 core.sweep_detector INFO: SweepDetector v2: 2 raw â†’ 2 confirmed (volâ‰Ą2.5Ă— bodyâ‰Ą30%)
12:44:00 core.sweep_detector INFO: OrderBlocks: 5 detected, 1 unmitigated
12:44:00 core.sweep_detector INFO: FVGs: 5 detected, 3 unfilled
12:44:02 core.sweep_detector INFO: SweepDetector v2: 1 raw â†’ 1 confirmed (volâ‰Ą2.5Ă— bodyâ‰Ą30%)
12:44:02 core.sweep_detector INFO: OrderBlocks: 3 detected, 1 unmitigated
12:44:02 core.sweep_detector INFO: FVGs: 4 detected, 1 unfilled
12:44:04 core.sweep_detector INFO: SweepDetector v2: 2 raw â†’ 2 confirmed (volâ‰Ą2.5Ă— bodyâ‰Ą30%)
12:44:04 core.sweep_detector INFO: OrderBlocks: 4 detected, 0 unmitigated
12:44:04 core.sweep_detector INFO: FVGs: 5 detected, 0 unfilled
/root/.openclaw/workspace/projects/crypto-liquidity-hunter/main.py:555: DeprecationWarning: datetime.datetime.utcnow() is deprecated and scheduled for removal in a future version. Use timezone-aware objects to represent datetimes in UTC: datetime.datetime.now(datetime.UTC).
  scan_end     = datetime.utcnow()

=== SCAN ALL: 99 pairs, 3 timeframes ===
Total signals generated: 0
