20:29:34 core.signal_engine INFO: Signal rejected: R:R too low 0.25 < 1.8
20:29:46 core.signal_engine INFO: Signal rejected: R:R too low 0.35 < 1.8
20:30:29 core.signal_engine INFO: Signal rejected: R:R too low 0.54 < 1.8
20:30:49 core.signal_engine INFO: Signal rejected: R:R too low 0.01 < 1.8
20:31:01 core.signal_engine INFO: Signal rejected: R:R too low 0.78 < 1.8
20:31:49 core.signal_engine INFO: Signal rejected: R:R too low 0.13 < 1.8

=== SCAN ALL: 20 pairs, 3 timeframes ===
Total signals generated: 12
  binance:APT/USDT 1h SHORT Entry=0.95 SL=0.96 TP=0.90 R:R=2.82
  binance:APT/USDT 1h SHORT Entry=0.93 SL=0.94 TP=0.90 R:R=4.61
  binance:SUI/USDT 15m LONG Entry=0.96 SL=0.96 TP=0.97 R:R=4.70
  binance:SEI/USDT 1h LONG Entry=0.07 SL=0.07 TP=0.08 R:R=8.67
  binance:WIF/USDT 4h SHORT Entry=0.22 SL=0.23 TP=0.20 R:R=2.99
  binance:WIF/USDT 15m SHORT Entry=0.18 SL=0.18 TP=0.18 R:R=2.00
  binance:WIF/USDT 15m LONG Entry=0.18 SL=0.18 TP=0.19 R:R=27.89
  binance:WIF/USDT 15m LONG Entry=0.18 SL=0.18 TP=0.19 R:R=26.06
  binance:WIF/USDT 15m SHORT Entry=0.18 SL=0.18 TP=0.18 R:R=2.00
  binance:WIF/USDT 15m LONG Entry=0.18 SL=0.18 TP=0.19 R:R=26.06
20:55:25 core.signal_engine INFO: Signal rejected: R:R too low 0.25 < 1.8
20:55:39 core.signal_engine INFO: Signal rejected: R:R too low 0.35 < 1.8
20:56:20 core.signal_engine INFO: Signal rejected: R:R too low 0.54 < 1.8
20:56:39 core.signal_engine INFO: Signal rejected: R:R too low 0.01 < 1.8
20:56:49 core.signal_engine INFO: Signal rejected: R:R too low 0.78 < 1.8
20:57:36 core.signal_engine INFO: Signal rejected: R:R too low 0.13 < 1.8

=== SCAN ALL: 20 pairs, 3 timeframes ===
Total signals generated: 12
  binance:APT/USDT 1h SHORT Entry=0.95 SL=0.96 TP=0.90 R:R=2.82
  binance:APT/USDT 1h SHORT Entry=0.93 SL=0.94 TP=0.90 R:R=4.61
  binance:SUI/USDT 15m LONG Entry=0.96 SL=0.96 TP=0.97 R:R=4.70
  binance:SEI/USDT 1h LONG Entry=0.07 SL=0.07 TP=0.08 R:R=8.67
  binance:WIF/USDT 4h SHORT Entry=0.22 SL=0.23 TP=0.20 R:R=2.99
  binance:WIF/USDT 15m SHORT Entry=0.18 SL=0.18 TP=0.18 R:R=2.00
  binance:WIF/USDT 15m LONG Entry=0.18 SL=0.18 TP=0.19 R:R=27.89
  binance:WIF/USDT 15m LONG Entry=0.18 SL=0.18 TP=0.19 R:R=26.06
  binance:WIF/USDT 15m SHORT Entry=0.18 SL=0.18 TP=0.18 R:R=2.00
  binance:WIF/USDT 15m LONG Entry=0.18 SL=0.18 TP=0.19 R:R=26.06
21:21:41 core.signal_engine INFO: Signal rejected: R:R too low 0.25 < 1.8
21:21:53 core.signal_engine INFO: Signal rejected: R:R too low 0.35 < 1.8
21:22:35 core.signal_engine INFO: Signal rejected: R:R too low 0.54 < 1.8
21:22:57 core.signal_engine INFO: Signal rejected: R:R too low 0.01 < 1.8
21:23:06 core.signal_engine INFO: Signal rejected: R:R too low 0.78 < 1.8
21:23:54 core.signal_engine INFO: Signal rejected: R:R too low 0.13 < 1.8

=== SCAN ALL: 20 pairs, 3 timeframes ===
Total signals generated: 12
  binance:APT/USDT 1h SHORT Entry=0.95 SL=0.96 TP=0.90 R:R=2.82
  binance:APT/USDT 1h SHORT Entry=0.93 SL=0.94 TP=0.90 R:R=4.61
  binance:SUI/USDT 15m LONG Entry=0.96 SL=0.96 TP=0.97 R:R=4.70
  binance:SEI/USDT 1h LONG Entry=0.07 SL=0.07 TP=0.08 R:R=8.67
  binance:WIF/USDT 4h SHORT Entry=0.22 SL=0.23 TP=0.20 R:R=2.99
  binance:WIF/USDT 15m LONG Entry=0.18 SL=0.18 TP=0.19 R:R=27.89
  binance:WIF/USDT 15m LONG Entry=0.18 SL=0.18 TP=0.19 R:R=26.06
  binance:WIF/USDT 15m SHORT Entry=0.18 SL=0.18 TP=0.18 R:R=2.00
  binance:WIF/USDT 15m LONG Entry=0.18 SL=0.18 TP=0.19 R:R=26.06
  binance:WIF/USDT 15m SHORT Entry=0.18 SL=0.18 TP=0.18 R:R=2.00
03:06:53 core.signal_engine INFO: Signal rejected: R:R too low 0.25 < 5.0
03:07:08 core.signal_engine INFO: Signal rejected: R:R too low 0.35 < 5.0
03:07:47 core.signal_engine INFO: Signal rejected: R:R too low 0.54 < 5.0
03:07:52 core.signal_engine INFO: Signal rejected: R:R too low 3.47 < 5.0
03:07:52 core.signal_engine INFO: Signal rejected: R:R too low 4.64 < 5.0
03:07:55 core.signal_engine INFO: Signal rejected: R:R too low 0.01 < 5.0
03:08:05 core.signal_engine INFO: Signal rejected: R:R too low 0.78 < 5.0
03:08:06 core.signal_engine INFO: Signal rejected: R:R too low 2.82 < 5.0
03:08:06 core.signal_engine INFO: Signal rejected: R:R too low 4.61 < 5.0
03:08:13 core.signal_engine INFO: Signal rejected: R:R too low 4.14 < 5.0
03:08:30 core.signal_engine INFO: Signal rejected: R:R too low 0.13 < 5.0
03:08:30 core.signal_engine INFO: Signal rejected: R:R too low 2.99 < 5.0
03:08:54 core.signal_engine INFO: Signal rejected: R:R too low 2.00 < 5.0
03:09:05 core.signal_engine INFO: Signal rejected: R:R too low 2.00 < 5.0

=== SCAN ALL: 20 pairs, 3 timeframes ===
Total signals generated: 4
  binance:SEI/USDT 1h LONG Entry=0.07 SL=0.07 TP=0.08 R:R=8.67
  binance:WIF/USDT 15m LONG Entry=0.18 SL=0.18 TP=0.19 R:R=22.86
  binance:WIF/USDT 15m LONG Entry=0.18 SL=0.18 TP=0.19 R:R=21.35
  binance:WIF/USDT 15m LONG Entry=0.18 SL=0.18 TP=0.19 R:R=21.35
04:48:31 core.signal_engine INFO: Signal rejected: R:R too low 0.25 < 5.0
04:48:44 core.signal_engine INFO: Signal rejected: R:R too low 0.35 < 5.0
04:49:24 core.signal_engine INFO: Signal rejected: R:R too low 0.54 < 5.0
04:49:29 core.signal_engine INFO: Signal rejected: R:R too low 3.47 < 5.0
04:49:29 core.signal_engine INFO: Signal rejected: R:R too low 4.64 < 5.0
04:49:32 core.signal_engine INFO: Signal rejected: R:R too low 0.01 < 5.0
04:49:41 core.signal_engine INFO: Signal rejected: R:R too low 0.78 < 5.0
04:49:43 core.signal_engine INFO: Signal rejected: R:R too low 2.82 < 5.0
04:49:43 core.signal_engine INFO: Signal rejected: R:R too low 4.61 < 5.0
04:49:50 core.signal_engine INFO: Signal rejected: R:R too low 4.14 < 5.0
04:50:07 core.signal_engine INFO: Signal rejected: R:R too low 0.13 < 5.0
04:50:07 core.signal_engine INFO: Signal rejected: R:R too low 2.99 < 5.0
04:50:33 core.signal_engine INFO: Signal rejected: R:R too low 2.00 < 5.0
04:50:44 core.signal_engine INFO: Signal rejected: R:R too low 2.00 < 5.0

=== SCAN ALL: 20 pairs, 3 timeframes ===
Total signals generated: 4
  binance:SEI/USDT 1h LONG Entry=0.07 SL=0.07 TP=0.08 R:R=8.67
  binance:WIF/USDT 15m LONG Entry=0.18 SL=0.18 TP=0.19 R:R=22.86
  binance:WIF/USDT 15m LONG Entry=0.18 SL=0.18 TP=0.19 R:R=21.35
  binance:WIF/USDT 15m LONG Entry=0.18 SL=0.18 TP=0.19 R:R=21.35
Traceback (most recent call last):
  File "/root/.openclaw/workspace/projects/crypto-liquidity-hunter/main.py", line 25, in <module>
    from data.store import DataStore
  File "/root/.openclaw/workspace/projects/crypto-liquidity-hunter/data/store.py", line 15, in <module>
    class DataStore:
    ...<179 lines>...
                return {'last_updated': None, 'signals': []}
  File "/root/.openclaw/workspace/projects/crypto-liquidity-hunter/data/store.py", line 139, in DataStore
    def save_trade(self, pair: str, timeframe: str, trade: Dict, signal_id: Optional[int] = None):
                                                           ^^^^
NameError: name 'Dict' is not defined. Did you mean: 'dict'?
Traceback (most recent call last):
  File "/root/.openclaw/workspace/projects/crypto-liquidity-hunter/main.py", line 25, in <module>
    from data.store import DataStore
  File "/root/.openclaw/workspace/projects/crypto-liquidity-hunter/data/store.py", line 15, in <module>
    class DataStore:
    ...<179 lines>...
                return {'last_updated': None, 'signals': []}
  File "/root/.openclaw/workspace/projects/crypto-liquidity-hunter/data/store.py", line 139, in DataStore
    def save_trade(self, pair: str, timeframe: str, trade: Dict, signal_id: Optional[int] = None):
                                                           ^^^^
NameError: name 'Dict' is not defined. Did you mean: 'dict'?
Traceback (most recent call last):
  File "/root/.openclaw/workspace/projects/crypto-liquidity-hunter/main.py", line 25, in <module>
    from data.store import DataStore
  File "/root/.openclaw/workspace/projects/crypto-liquidity-hunter/data/store.py", line 15, in <module>
    class DataStore:
    ...<179 lines>...
                return {'last_updated': None, 'signals': []}
  File "/root/.openclaw/workspace/projects/crypto-liquidity-hunter/data/store.py", line 139, in DataStore
    def save_trade(self, pair: str, timeframe: str, trade: Dict, signal_id: Optional[int] = None):
                                                           ^^^^
NameError: name 'Dict' is not defined. Did you mean: 'dict'?
Traceback (most recent call last):
  File "/root/.openclaw/workspace/projects/crypto-liquidity-hunter/main.py", line 25, in <module>
    from data.store import DataStore
  File "/root/.openclaw/workspace/projects/crypto-liquidity-hunter/data/store.py", line 15, in <module>
    class DataStore:
    ...<179 lines>...
                return {'last_updated': None, 'signals': []}
  File "/root/.openclaw/workspace/projects/crypto-liquidity-hunter/data/store.py", line 139, in DataStore
    def save_trade(self, pair: str, timeframe: str, trade: Dict, signal_id: Optional[int] = None):
                                                           ^^^^
NameError: name 'Dict' is not defined. Did you mean: 'dict'?
Traceback (most recent call last):
  File "/root/.openclaw/workspace/projects/crypto-liquidity-hunter/main.py", line 478, in <module>
    main()
    ~~~~^^
  File "/root/.openclaw/workspace/projects/crypto-liquidity-hunter/main.py", line 473, in main
    cmd_scan_all(args)
    ~~~~~~~~~~~~^^^^^^
  File "/root/.openclaw/workspace/projects/crypto-liquidity-hunter/main.py", line 259, in cmd_scan_all
    logger.info(f"Volume filter enabled: min_24h_volume_usd = ${min_vol:,.0f}")
    ^^^^^^
NameError: name 'logger' is not defined
Traceback (most recent call last):
  File "/root/.openclaw/workspace/projects/crypto-liquidity-hunter/main.py", line 478, in <module>
    main()
    ~~~~^^
  File "/root/.openclaw/workspace/projects/crypto-liquidity-hunter/main.py", line 473, in main
    cmd_scan_all(args)
    ~~~~~~~~~~~~^^^^^^
  File "/root/.openclaw/workspace/projects/crypto-liquidity-hunter/main.py", line 259, in cmd_scan_all
    logger.info(f"Volume filter enabled: min_24h_volume_usd = ${min_vol:,.0f}")
    ^^^^^^
NameError: name 'logger' is not defined
Traceback (most recent call last):
  File "/root/.openclaw/workspace/projects/crypto-liquidity-hunter/main.py", line 478, in <module>
    main()
    ~~~~^^
  File "/root/.openclaw/workspace/projects/crypto-liquidity-hunter/main.py", line 473, in main
    cmd_scan_all(args)
    ~~~~~~~~~~~~^^^^^^
  File "/root/.openclaw/workspace/projects/crypto-liquidity-hunter/main.py", line 259, in cmd_scan_all
    logger.info(f"Volume filter enabled: min_24h_volume_usd = ${min_vol:,.0f}")
    ^^^^^^
NameError: name 'logger' is not defined
Traceback (most recent call last):
  File "/root/.openclaw/workspace/projects/crypto-liquidity-hunter/main.py", line 478, in <module>
    main()
    ~~~~^^
  File "/root/.openclaw/workspace/projects/crypto-liquidity-hunter/main.py", line 473, in main
    cmd_scan_all(args)
    ~~~~~~~~~~~~^^^^^^
  File "/root/.openclaw/workspace/projects/crypto-liquidity-hunter/main.py", line 259, in cmd_scan_all
    logger.info(f"Volume filter enabled: min_24h_volume_usd = ${min_vol:,.0f}")
    ^^^^^^
NameError: name 'logger' is not defined
Traceback (most recent call last):
  File "/root/.openclaw/workspace/projects/crypto-liquidity-hunter/main.py", line 478, in <module>
    main()
    ~~~~^^
  File "/root/.openclaw/workspace/projects/crypto-liquidity-hunter/main.py", line 473, in main
    cmd_scan_all(args)
    ~~~~~~~~~~~~^^^^^^
  File "/root/.openclaw/workspace/projects/crypto-liquidity-hunter/main.py", line 259, in cmd_scan_all
    logger.info(f"Volume filter enabled: min_24h_volume_usd = ${min_vol:,.0f}")
    ^^^^^^
NameError: name 'logger' is not defined
