--- 2026-04-10 00:00:02 UTC ---

==================================================
Reminder check — 2026-04-10 05:30 IST
==================================================
  No Reminder 1 needed right now.
  No Reminder 2 needed right now.
Done. Ticked today: 0/16
Exit: 0
--- 2026-04-10 00:15:01 UTC ---

==================================================
Reminder check — 2026-04-10 05:45 IST
==================================================
  No Reminder 1 needed right now.
  No Reminder 2 needed right now.
Done. Ticked today: 0/16
Exit: 0
--- 2026-04-10 00:30:01 UTC ---

==================================================
Reminder check — 2026-04-10 06:00 IST
==================================================
  No Reminder 1 needed right now.
  No Reminder 2 needed right now.
Done. Ticked today: 0/16
Exit: 0
--- 2026-04-10 00:45:01 UTC ---

==================================================
Reminder check — 2026-04-10 06:15 IST
==================================================
  No Reminder 1 needed right now.
  No Reminder 2 needed right now.
Done. Ticked today: 0/16
Exit: 0
--- 2026-04-10 01:00:01 UTC ---

==================================================
Reminder check — 2026-04-10 06:30 IST
==================================================
  No Reminder 1 needed right now.
  No Reminder 2 needed right now.
Done. Ticked today: 0/16
Exit: 0
--- 2026-04-10 01:15:01 UTC ---

==================================================
Reminder check — 2026-04-10 06:45 IST
==================================================
  [R1 needed] wake_up — 15m late
✅ Reminder 1 sent (1 tasks) to child [686482312]
  No Reminder 2 needed right now.
Done. Ticked today: 0/16
Exit: 0
--- 2026-04-10 01:30:01 UTC ---

==================================================
Reminder check — 2026-04-10 07:00 IST
==================================================
  [R2 needed] wake_up — 30m late
  [R1 needed] brush_teeth — 25m late
  [R1 needed] toilet — 20m late
✅ Reminder 1 sent (2 tasks) to child [686482312]
✅ Reminder 2 sent (1 tasks) to parent [686482312]
Done. Ticked today: 0/16
Exit: 0
--- 2026-04-10 01:45:01 UTC ---

==================================================
Reminder check — 2026-04-10 07:15 IST
==================================================
  [R2 needed] brush_teeth — 40m late
  [R2 needed] toilet — 35m late
  [R1 needed] bath — 15m late
✅ Reminder 1 sent (1 tasks) to child [686482312]
✅ Reminder 2 sent (2 tasks) to parent [686482312]
Done. Ticked today: 0/16
Exit: 0
--- 2026-04-10 02:00:01 UTC ---

==================================================
Reminder check — 2026-04-10 07:30 IST
==================================================
  [R2 needed] bath — 30m late
  No Reminder 1 needed right now.
✅ Reminder 2 sent (1 tasks) to parent [686482312]
Done. Ticked today: 0/16
Exit: 0
--- 2026-04-10 02:15:01 UTC ---

==================================================
Reminder check — 2026-04-10 07:45 IST
==================================================
  [R1 needed] get_dressed — 25m late
  [R1 needed] breakfast — 15m late
✅ Reminder 1 sent (2 tasks) to child [686482312]
  No Reminder 2 needed right now.
Done. Ticked today: 0/16
Exit: 0
--- 2026-04-10 02:30:01 UTC ---

==================================================
Reminder check — 2026-04-10 08:00 IST
==================================================
  [R2 needed] get_dressed — 40m late
  [R2 needed] breakfast — 30m late
  No Reminder 1 needed right now.
✅ Reminder 2 sent (2 tasks) to parent [686482312]
Done. Ticked today: 0/16
Exit: 0
--- 2026-04-10 02:45:01 UTC ---

==================================================
Reminder check — 2026-04-10 08:15 IST
==================================================
  [R1 needed] school — 15m late
✅ Reminder 1 sent (1 tasks) to child [686482312]
  No Reminder 2 needed right now.
Done. Ticked today: 0/16
Exit: 0
--- 2026-04-10 03:00:01 UTC ---

==================================================
Reminder check — 2026-04-10 08:30 IST
==================================================
  [R2 needed] school — 30m late
  No Reminder 1 needed right now.
✅ Reminder 2 sent (1 tasks) to parent [686482312]
Done. Ticked today: 0/16
Exit: 0
--- 2026-04-10 03:15:01 UTC ---

==================================================
Reminder check — 2026-04-10 08:45 IST
==================================================
  No Reminder 1 needed right now.
  No Reminder 2 needed right now.
Done. Ticked today: 0/16
Exit: 0
--- 2026-04-10 03:30:01 UTC ---

==================================================
Reminder check — 2026-04-10 09:00 IST
==================================================
  No Reminder 1 needed right now.
  No Reminder 2 needed right now.
Done. Ticked today: 0/16
Exit: 0
--- 2026-04-10 03:45:01 UTC ---

==================================================
Reminder check — 2026-04-10 09:15 IST
==================================================
  No Reminder 1 needed right now.
  No Reminder 2 needed right now.
Done. Ticked today: 0/16
Exit: 0
--- 2026-04-10 04:00:01 UTC ---

==================================================
Reminder check — 2026-04-10 09:30 IST
==================================================
  No Reminder 1 needed right now.
  No Reminder 2 needed right now.
Done. Ticked today: 0/16
Exit: 0
--- 2026-04-10 04:15:01 UTC ---

==================================================
Reminder check — 2026-04-10 09:45 IST
==================================================
  No Reminder 1 needed right now.
  No Reminder 2 needed right now.
Done. Ticked today: 0/16
Exit: 0
--- 2026-04-10 04:30:01 UTC ---

==================================================
Reminder check — 2026-04-10 10:00 IST
==================================================
  No Reminder 1 needed right now.
  No Reminder 2 needed right now.
Done. Ticked today: 0/16
Exit: 0
--- 2026-04-10 04:45:01 UTC ---

==================================================
Reminder check — 2026-04-10 10:15 IST
==================================================
  No Reminder 1 needed right now.
  No Reminder 2 needed right now.
Done. Ticked today: 0/16
Exit: 0
--- 2026-04-10 05:00:01 UTC ---

==================================================
Reminder check — 2026-04-10 10:30 IST
==================================================
  No Reminder 1 needed right now.
  No Reminder 2 needed right now.
Done. Ticked today: 0/16
Exit: 0
--- 2026-04-10 05:15:01 UTC ---

==================================================
Reminder check — 2026-04-10 10:45 IST
==================================================
  No Reminder 1 needed right now.
  No Reminder 2 needed right now.
Done. Ticked today: 0/16
Exit: 0
--- 2026-04-10 05:30:01 UTC ---

==================================================
Reminder check — 2026-04-10 11:00 IST
==================================================
  No Reminder 1 needed right now.
  No Reminder 2 needed right now.
Done. Ticked today: 0/16
Exit: 0
--- 2026-04-10 05:45:01 UTC ---

==================================================
Reminder check — 2026-04-10 11:15 IST
==================================================
  No Reminder 1 needed right now.
  No Reminder 2 needed right now.
Done. Ticked today: 0/16
Exit: 0
--- 2026-04-10 06:00:01 UTC ---

==================================================
Reminder check — 2026-04-10 11:30 IST
==================================================
  No Reminder 1 needed right now.
  No Reminder 2 needed right now.
Done. Ticked today: 0/16
Exit: 0
--- 2026-04-10 06:15:01 UTC ---

==================================================
Reminder check — 2026-04-10 11:45 IST
==================================================
  No Reminder 1 needed right now.
  No Reminder 2 needed right now.
Done. Ticked today: 0/16
Exit: 0
--- 2026-04-10 06:30:01 UTC ---

==================================================
Reminder check — 2026-04-10 12:00 IST
==================================================
  No Reminder 1 needed right now.
  No Reminder 2 needed right now.
Done. Ticked today: 0/16
Exit: 0
--- 2026-04-10 06:45:01 UTC ---

==================================================
Reminder check — 2026-04-10 12:15 IST
==================================================
  No Reminder 1 needed right now.
  No Reminder 2 needed right now.
Done. Ticked today: 0/16
Exit: 0
--- 2026-04-10 07:00:01 UTC ---

==================================================
Reminder check — 2026-04-10 12:30 IST
==================================================
  No Reminder 1 needed right now.
  No Reminder 2 needed right now.
Done. Ticked today: 0/16
Exit: 0
--- 2026-04-10 07:15:01 UTC ---

==================================================
Reminder check — 2026-04-10 12:45 IST
==================================================
  No Reminder 1 needed right now.
  No Reminder 2 needed right now.
Done. Ticked today: 0/16
Exit: 0
--- 2026-04-10 07:30:01 UTC ---

==================================================
Reminder check — 2026-04-10 13:00 IST
==================================================
  No Reminder 1 needed right now.
  No Reminder 2 needed right now.
Done. Ticked today: 0/16
Exit: 0
--- 2026-04-10 07:45:01 UTC ---

==================================================
Reminder check — 2026-04-10 13:15 IST
==================================================
  [R1 needed] lunch — 15m late
✅ Reminder 1 sent (1 tasks) to child [686482312]
  No Reminder 2 needed right now.
Done. Ticked today: 0/16
Exit: 0
--- 2026-04-10 08:00:01 UTC ---

==================================================
Reminder check — 2026-04-10 13:30 IST
==================================================
  [R2 needed] lunch — 30m late
  No Reminder 1 needed right now.
✅ Reminder 2 sent (1 tasks) to parent [686482312]
Done. Ticked today: 0/16
Exit: 0
--- 2026-04-10 08:15:01 UTC ---

==================================================
Reminder check — 2026-04-10 13:45 IST
==================================================
  [R1 needed] rest — 15m late
✅ Reminder 1 sent (1 tasks) to child [686482312]
  No Reminder 2 needed right now.
Done. Ticked today: 0/16
Exit: 0
--- 2026-04-10 08:30:01 UTC ---

==================================================
Reminder check — 2026-04-10 14:00 IST
==================================================
  [R2 needed] rest — 30m late
  No Reminder 1 needed right now.
✅ Reminder 2 sent (1 tasks) to parent [686482312]
Done. Ticked today: 0/16
Exit: 0
--- 2026-04-10 08:45:01 UTC ---

==================================================
Reminder check — 2026-04-10 14:15 IST
==================================================
  No Reminder 1 needed right now.
  No Reminder 2 needed right now.
Done. Ticked today: 0/16
Exit: 0
--- 2026-04-10 09:00:01 UTC ---

==================================================
Reminder check — 2026-04-10 14:30 IST
==================================================
  No Reminder 1 needed right now.
  No Reminder 2 needed right now.
Done. Ticked today: 0/16
Exit: 0
--- 2026-04-10 09:15:01 UTC ---

==================================================
Reminder check — 2026-04-10 14:45 IST
==================================================
  No Reminder 1 needed right now.
  No Reminder 2 needed right now.
Done. Ticked today: 0/16
Exit: 0
--- 2026-04-10 09:30:01 UTC ---

==================================================
Reminder check — 2026-04-10 15:00 IST
==================================================
  No Reminder 1 needed right now.
  No Reminder 2 needed right now.
Done. Ticked today: 0/16
Exit: 0
--- 2026-04-10 09:45:01 UTC ---

==================================================
Reminder check — 2026-04-10 15:15 IST
==================================================
  [R1 needed] homework — 15m late
✅ Reminder 1 sent (1 tasks) to child [686482312]
  No Reminder 2 needed right now.
Done. Ticked today: 0/16
Exit: 0
--- 2026-04-10 10:00:01 UTC ---

==================================================
Reminder check — 2026-04-10 15:30 IST
==================================================
  [R2 needed] homework — 30m late
  No Reminder 1 needed right now.
✅ Reminder 2 sent (1 tasks) to parent [686482312]
Done. Ticked today: 0/16
Exit: 0
--- 2026-04-10 10:15:01 UTC ---

==================================================
Reminder check — 2026-04-10 15:45 IST
==================================================
  No Reminder 1 needed right now.
  No Reminder 2 needed right now.
Done. Ticked today: 0/16
Exit: 0
--- 2026-04-10 10:30:01 UTC ---

==================================================
Reminder check — 2026-04-10 16:00 IST
==================================================
  No Reminder 1 needed right now.
  No Reminder 2 needed right now.
Done. Ticked today: 0/16
Exit: 0
--- 2026-04-10 10:45:01 UTC ---

==================================================
Reminder check — 2026-04-10 16:15 IST
==================================================
  No Reminder 1 needed right now.
  No Reminder 2 needed right now.
Done. Ticked today: 0/16
Exit: 0
--- 2026-04-10 11:00:01 UTC ---

==================================================
Reminder check — 2026-04-10 16:30 IST
==================================================
  No Reminder 1 needed right now.
  No Reminder 2 needed right now.
Done. Ticked today: 0/16
Exit: 0
--- 2026-04-10 11:15:01 UTC ---

==================================================
Reminder check — 2026-04-10 16:45 IST
==================================================
  No Reminder 1 needed right now.
  No Reminder 2 needed right now.
Done. Ticked today: 0/16
Exit: 0
--- 2026-04-10 11:30:01 UTC ---

==================================================
Reminder check — 2026-04-10 17:00 IST
==================================================
  No Reminder 1 needed right now.
  No Reminder 2 needed right now.
Done. Ticked today: 0/16
Exit: 0
--- 2026-04-10 11:45:01 UTC ---

==================================================
Reminder check — 2026-04-10 17:15 IST
==================================================
  [R1 needed] playtime — 15m late
✅ Reminder 1 sent (1 tasks) to child [686482312]
  No Reminder 2 needed right now.
Done. Ticked today: 0/16
Exit: 0
--- 2026-04-10 12:00:01 UTC ---

==================================================
Reminder check — 2026-04-10 17:30 IST
==================================================
  [R2 needed] playtime — 30m late
  No Reminder 1 needed right now.
✅ Reminder 2 sent (1 tasks) to parent [686482312]
Done. Ticked today: 0/16
Exit: 0
--- 2026-04-10 12:15:01 UTC ---

==================================================
Reminder check — 2026-04-10 17:45 IST
==================================================
  [R1 needed] snack — 15m late
✅ Reminder 1 sent (1 tasks) to child [686482312]
  No Reminder 2 needed right now.
Done. Ticked today: 0/16
Exit: 0
--- 2026-04-10 12:30:01 UTC ---

==================================================
Reminder check — 2026-04-10 18:00 IST
==================================================
  [R2 needed] snack — 30m late
  No Reminder 1 needed right now.
✅ Reminder 2 sent (1 tasks) to parent [686482312]
Done. Ticked today: 0/16
Exit: 0
--- 2026-04-10 12:45:01 UTC ---

==================================================
Reminder check — 2026-04-10 18:15 IST
==================================================
  [R1 needed] reading — 15m late
✅ Reminder 1 sent (1 tasks) to child [686482312]
  No Reminder 2 needed right now.
Done. Ticked today: 0/16
Exit: 0
--- 2026-04-10 13:00:01 UTC ---

==================================================
Reminder check — 2026-04-10 18:30 IST
==================================================
  [R2 needed] reading — 30m late
  No Reminder 1 needed right now.
✅ Reminder 2 sent (1 tasks) to parent [686482312]
Done. Ticked today: 0/16
Exit: 0
--- 2026-04-10 13:15:01 UTC ---

==================================================
Reminder check — 2026-04-10 18:45 IST
==================================================
  No Reminder 1 needed right now.
  No Reminder 2 needed right now.
Done. Ticked today: 0/16
Exit: 0
--- 2026-04-10 13:30:01 UTC ---

==================================================
Reminder check — 2026-04-10 19:00 IST
==================================================
  No Reminder 1 needed right now.
  No Reminder 2 needed right now.
Done. Ticked today: 0/16
Exit: 0
--- 2026-04-10 13:45:01 UTC ---

==================================================
Reminder check — 2026-04-10 19:15 IST
==================================================
  No Reminder 1 needed right now.
  No Reminder 2 needed right now.
Done. Ticked today: 0/16
Exit: 0
--- 2026-04-10 14:00:01 UTC ---

==================================================
Reminder check — 2026-04-10 19:30 IST
==================================================
  No Reminder 1 needed right now.
  No Reminder 2 needed right now.
Done. Ticked today: 0/16
Exit: 0
--- 2026-04-10 14:15:02 UTC ---

==================================================
Reminder check — 2026-04-10 19:45 IST
==================================================
  [R1 needed] dinner — 15m late
✅ Reminder 1 sent (1 tasks) to child [686482312]
  No Reminder 2 needed right now.
Done. Ticked today: 0/16
Exit: 0
--- 2026-04-10 14:30:01 UTC ---

==================================================
Reminder check — 2026-04-10 20:00 IST
==================================================
  [R2 needed] dinner — 30m late
  No Reminder 1 needed right now.
✅ Reminder 2 sent (1 tasks) to parent [686482312]
Done. Ticked today: 0/16
Exit: 0
--- 2026-04-10 14:45:01 UTC ---

==================================================
Reminder check — 2026-04-10 20:15 IST
==================================================
  No Reminder 1 needed right now.
  No Reminder 2 needed right now.
Done. Ticked today: 0/16
Exit: 0
--- 2026-04-10 15:00:01 UTC ---

==================================================
Reminder check — 2026-04-10 20:30 IST
==================================================
  No Reminder 1 needed right now.
  No Reminder 2 needed right now.
Done. Ticked today: 0/16
Exit: 0
--- 2026-04-10 15:15:01 UTC ---

==================================================
Reminder check — 2026-04-10 20:45 IST
==================================================
  [R1 needed] night_brush — 15m late
✅ Reminder 1 sent (1 tasks) to child [686482312]
  No Reminder 2 needed right now.
Done. Ticked today: 0/16
Exit: 0
--- 2026-04-10 15:30:01 UTC ---

==================================================
Reminder check — 2026-04-10 21:00 IST
==================================================
  [R2 needed] night_brush — 30m late
  No Reminder 1 needed right now.
✅ Reminder 2 sent (1 tasks) to parent [686482312]
Done. Ticked today: 0/16
Exit: 0
--- 2026-04-10 15:45:01 UTC ---

==================================================
Reminder check — 2026-04-10 21:15 IST
==================================================
  [R1 needed] bedtime — 15m late
✅ Reminder 1 sent (1 tasks) to child [686482312]
  No Reminder 2 needed right now.
Done. Ticked today: 0/16
Exit: 0
