--- 2026-03-31 00:00:01 UTC ---

==================================================
Reminder check — 2026-03-31 05:30 IST
==================================================
  No Reminder 1 needed right now.
  No Reminder 2 needed right now.
Done. Ticked today: 0/16
Exit: 0
--- 2026-03-31 00:15:01 UTC ---

==================================================
Reminder check — 2026-03-31 05:45 IST
==================================================
  No Reminder 1 needed right now.
  No Reminder 2 needed right now.
Done. Ticked today: 0/16
Exit: 0
--- 2026-03-31 00:30:01 UTC ---

==================================================
Reminder check — 2026-03-31 06:00 IST
==================================================
  No Reminder 1 needed right now.
  No Reminder 2 needed right now.
Done. Ticked today: 0/16
Exit: 0
--- 2026-03-31 00:45:01 UTC ---

==================================================
Reminder check — 2026-03-31 06:15 IST
==================================================
  No Reminder 1 needed right now.
  No Reminder 2 needed right now.
Done. Ticked today: 0/16
Exit: 0
--- 2026-03-31 01:00:01 UTC ---

==================================================
Reminder check — 2026-03-31 06:30 IST
==================================================
  No Reminder 1 needed right now.
  No Reminder 2 needed right now.
Done. Ticked today: 0/16
Exit: 0
--- 2026-03-31 01:15:01 UTC ---

==================================================
Reminder check — 2026-03-31 06:45 IST
==================================================
  [R1 needed] wake_up — 15m late
✅ Reminder 1 sent (1 tasks) to child [686482312]
  No Reminder 2 needed right now.
Done. Ticked today: 0/16
Exit: 0
--- 2026-03-31 01:30:01 UTC ---

==================================================
Reminder check — 2026-03-31 07:00 IST
==================================================
  [R2 needed] wake_up — 30m late
  [R1 needed] brush_teeth — 25m late
  [R1 needed] toilet — 20m late
✅ Reminder 1 sent (2 tasks) to child [686482312]
✅ Reminder 2 sent (1 tasks) to parent [686482312]
Done. Ticked today: 0/16
Exit: 0
--- 2026-03-31 01:45:01 UTC ---

==================================================
Reminder check — 2026-03-31 07:15 IST
==================================================
  [R2 needed] brush_teeth — 40m late
  [R2 needed] toilet — 35m late
  [R1 needed] bath — 15m late
✅ Reminder 1 sent (1 tasks) to child [686482312]
✅ Reminder 2 sent (2 tasks) to parent [686482312]
Done. Ticked today: 0/16
Exit: 0
--- 2026-03-31 02:00:01 UTC ---

==================================================
Reminder check — 2026-03-31 07:30 IST
==================================================
  [R2 needed] bath — 30m late
  No Reminder 1 needed right now.
✅ Reminder 2 sent (1 tasks) to parent [686482312]
Done. Ticked today: 0/16
Exit: 0
--- 2026-03-31 02:15:01 UTC ---

==================================================
Reminder check — 2026-03-31 07:45 IST
==================================================
  [R1 needed] get_dressed — 25m late
  [R1 needed] breakfast — 15m late
✅ Reminder 1 sent (2 tasks) to child [686482312]
  No Reminder 2 needed right now.
Done. Ticked today: 0/16
Exit: 0
--- 2026-03-31 02:30:01 UTC ---

==================================================
Reminder check — 2026-03-31 08:00 IST
==================================================
  [R2 needed] get_dressed — 40m late
  [R2 needed] breakfast — 30m late
  No Reminder 1 needed right now.
✅ Reminder 2 sent (2 tasks) to parent [686482312]
Done. Ticked today: 0/16
Exit: 0
--- 2026-03-31 02:45:01 UTC ---

==================================================
Reminder check — 2026-03-31 08:15 IST
==================================================
  [R1 needed] school — 15m late
✅ Reminder 1 sent (1 tasks) to child [686482312]
  No Reminder 2 needed right now.
Done. Ticked today: 0/16
Exit: 0
--- 2026-03-31 03:00:02 UTC ---

==================================================
Reminder check — 2026-03-31 08:30 IST
==================================================
  [R2 needed] school — 30m late
  No Reminder 1 needed right now.
✅ Reminder 2 sent (1 tasks) to parent [686482312]
Done. Ticked today: 0/16
Exit: 0
--- 2026-03-31 03:15:01 UTC ---

==================================================
Reminder check — 2026-03-31 08:45 IST
==================================================
  No Reminder 1 needed right now.
  No Reminder 2 needed right now.
Done. Ticked today: 0/16
Exit: 0
--- 2026-03-31 03:30:01 UTC ---

==================================================
Reminder check — 2026-03-31 09:00 IST
==================================================
  No Reminder 1 needed right now.
  No Reminder 2 needed right now.
Done. Ticked today: 0/16
Exit: 0
--- 2026-03-31 03:45:01 UTC ---

==================================================
Reminder check — 2026-03-31 09:15 IST
==================================================
  No Reminder 1 needed right now.
  No Reminder 2 needed right now.
Done. Ticked today: 0/16
Exit: 0
--- 2026-03-31 04:00:01 UTC ---

==================================================
Reminder check — 2026-03-31 09:30 IST
==================================================
  No Reminder 1 needed right now.
  No Reminder 2 needed right now.
Done. Ticked today: 0/16
Exit: 0
--- 2026-03-31 04:15:01 UTC ---

==================================================
Reminder check — 2026-03-31 09:45 IST
==================================================
  No Reminder 1 needed right now.
  No Reminder 2 needed right now.
Done. Ticked today: 0/16
Exit: 0
--- 2026-03-31 04:30:01 UTC ---

==================================================
Reminder check — 2026-03-31 10:00 IST
==================================================
  No Reminder 1 needed right now.
  No Reminder 2 needed right now.
Done. Ticked today: 0/16
Exit: 0
--- 2026-03-31 04:45:01 UTC ---

==================================================
Reminder check — 2026-03-31 10:15 IST
==================================================
  No Reminder 1 needed right now.
  No Reminder 2 needed right now.
Done. Ticked today: 0/16
Exit: 0
--- 2026-03-31 05:00:01 UTC ---

==================================================
Reminder check — 2026-03-31 10:30 IST
==================================================
  No Reminder 1 needed right now.
  No Reminder 2 needed right now.
Done. Ticked today: 0/16
Exit: 0
--- 2026-03-31 05:15:01 UTC ---

==================================================
Reminder check — 2026-03-31 10:45 IST
==================================================
  No Reminder 1 needed right now.
  No Reminder 2 needed right now.
Done. Ticked today: 0/16
Exit: 0
--- 2026-03-31 05:30:01 UTC ---

==================================================
Reminder check — 2026-03-31 11:00 IST
==================================================
  No Reminder 1 needed right now.
  No Reminder 2 needed right now.
Done. Ticked today: 0/16
Exit: 0
--- 2026-03-31 05:45:01 UTC ---

==================================================
Reminder check — 2026-03-31 11:15 IST
==================================================
  No Reminder 1 needed right now.
  No Reminder 2 needed right now.
Done. Ticked today: 0/16
Exit: 0
--- 2026-03-31 06:00:01 UTC ---

==================================================
Reminder check — 2026-03-31 11:30 IST
==================================================
  No Reminder 1 needed right now.
  No Reminder 2 needed right now.
Done. Ticked today: 0/16
Exit: 0
